<?xml version="1.0" encoding="UTF-8"?>
<testsuite xmlns:xsi="http://www.w3.org/2001/XMLSchema-instance" xsi:noNamespaceSchemaLocation="https://maven.apache.org/surefire/maven-surefire-plugin/xsd/surefire-test-report-3.0.xsd" version="3.0" name="ru.gb.lesson4.TestTriangleArea" time="16.78" tests="2" errors="0" skipped="0" failures="0">
  <properties>
    <property name="java.specification.version" value="18"/>
    <property name="sun.cpu.isalist" value="amd64"/>
    <property name="sun.jnu.encoding" value="Cp1251"/>
    <property name="java.class.path" value="C:\Users\admin\WebUI\HomeWork2\target\test-classes;C:\Users\admin\WebUI\HomeWork2\target\classes;C:\Users\admin\.m2\repository\io\github\bonigarcia\webdrivermanager\5.3.0\webdrivermanager-5.3.0.jar;C:\Users\admin\.m2\repository\org\slf4j\slf4j-api\1.7.36\slf4j-api-1.7.36.jar;C:\Users\admin\.m2\repository\com\google\code\gson\gson\2.9.1\gson-2.9.1.jar;C:\Users\admin\.m2\repository\com\github\docker-java\docker-java\3.2.13\docker-java-3.2.13.jar;C:\Users\admin\.m2\repository\com\github\docker-java\docker-java-core\3.2.13\docker-java-core-3.2.13.jar;C:\Users\admin\.m2\repository\com\github\docker-java\docker-java-api\3.2.13\docker-java-api-3.2.13.jar;C:\Users\admin\.m2\repository\com\fasterxml\jackson\core\jackson-annotations\2.10.3\jackson-annotations-2.10.3.jar;C:\Users\admin\.m2\repository\commons-io\commons-io\2.6\commons-io-2.6.jar;C:\Users\admin\.m2\repository\org\apache\commons\commons-compress\1.21\commons-compress-1.21.jar;C:\Users\admin\.m2\repository\com\fasterxml\jackson\core\jackson-databind\2.10.3\jackson-databind-2.10.3.jar;C:\Users\admin\.m2\repository\com\fasterxml\jackson\core\jackson-core\2.10.3\jackson-core-2.10.3.jar;C:\Users\admin\.m2\repository\org\bouncycastle\bcpkix-jdk15on\1.64\bcpkix-jdk15on-1.64.jar;C:\Users\admin\.m2\repository\org\bouncycastle\bcprov-jdk15on\1.64\bcprov-jdk15on-1.64.jar;C:\Users\admin\.m2\repository\org\slf4j\jcl-over-slf4j\1.7.30\jcl-over-slf4j-1.7.30.jar;C:\Users\admin\.m2\repository\com\github\docker-java\docker-java-transport-httpclient5\3.2.13\docker-java-transport-httpclient5-3.2.13.jar;C:\Users\admin\.m2\repository\com\github\docker-java\docker-java-transport\3.2.13\docker-java-transport-3.2.13.jar;C:\Users\admin\.m2\repository\net\java\dev\jna\jna\5.8.0\jna-5.8.0.jar;C:\Users\admin\.m2\repository\org\brotli\dec\0.1.2\dec-0.1.2.jar;C:\Users\admin\.m2\repository\org\apache\commons\commons-lang3\3.12.0\commons-lang3-3.12.0.jar;C:\Users\admin\.m2\repository\org\apache\httpcomponents\client5\httpclient5\5.1.3\httpclient5-5.1.3.jar;C:\Users\admin\.m2\repository\org\apache\httpcomponents\core5\httpcore5\5.1.3\httpcore5-5.1.3.jar;C:\Users\admin\.m2\repository\org\apache\httpcomponents\core5\httpcore5-h2\5.1.3\httpcore5-h2-5.1.3.jar;C:\Users\admin\.m2\repository\commons-codec\commons-codec\1.15\commons-codec-1.15.jar;C:\Users\admin\.m2\repository\org\junit\jupiter\junit-jupiter-api\5.9.0\junit-jupiter-api-5.9.0.jar;C:\Users\admin\.m2\repository\org\opentest4j\opentest4j\1.2.0\opentest4j-1.2.0.jar;C:\Users\admin\.m2\repository\org\junit\platform\junit-platform-commons\1.9.0\junit-platform-commons-1.9.0.jar;C:\Users\admin\.m2\repository\org\apiguardian\apiguardian-api\1.1.2\apiguardian-api-1.1.2.jar;C:\Users\admin\.m2\repository\org\junit\jupiter\junit-jupiter-params\5.9.0\junit-jupiter-params-5.9.0.jar;C:\Users\admin\.m2\repository\org\assertj\assertj-core\3.23.1\assertj-core-3.23.1.jar;C:\Users\admin\.m2\repository\net\bytebuddy\byte-buddy\1.12.10\byte-buddy-1.12.10.jar;C:\Users\admin\.m2\repository\ch\qos\logback\logback-classic\1.2.11\logback-classic-1.2.11.jar;C:\Users\admin\.m2\repository\ch\qos\logback\logback-core\1.2.11\logback-core-1.2.11.jar;C:\Users\admin\.m2\repository\org\seleniumhq\selenium\selenium-java\4.4.0\selenium-java-4.4.0.jar;C:\Users\admin\.m2\repository\org\seleniumhq\selenium\selenium-api\4.4.0\selenium-api-4.4.0.jar;C:\Users\admin\.m2\repository\org\seleniumhq\selenium\selenium-chrome-driver\4.4.0\selenium-chrome-driver-4.4.0.jar;C:\Users\admin\.m2\repository\com\google\auto\service\auto-service-annotations\1.0.1\auto-service-annotations-1.0.1.jar;C:\Users\admin\.m2\repository\com\google\auto\service\auto-service\1.0.1\auto-service-1.0.1.jar;C:\Users\admin\.m2\repository\com\google\auto\auto-common\1.2\auto-common-1.2.jar;C:\Users\admin\.m2\repository\com\google\guava\guava\31.1-jre\guava-31.1-jre.jar;C:\Users\admin\.m2\repository\com\google\guava\failureaccess\1.0.1\failureaccess-1.0.1.jar;C:\Users\admin\.m2\repository\com\google\guava\listenablefuture\9999.0-empty-to-avoid-conflict-with-guava\listenablefuture-9999.0-empty-to-avoid-conflict-with-guava.jar;C:\Users\admin\.m2\repository\com\google\code\findbugs\jsr305\3.0.2\jsr305-3.0.2.jar;C:\Users\admin\.m2\repository\org\checkerframework\checker-qual\3.12.0\checker-qual-3.12.0.jar;C:\Users\admin\.m2\repository\com\google\errorprone\error_prone_annotations\2.11.0\error_prone_annotations-2.11.0.jar;C:\Users\admin\.m2\repository\com\google\j2objc\j2objc-annotations\1.3\j2objc-annotations-1.3.jar;C:\Users\admin\.m2\repository\org\seleniumhq\selenium\selenium-chromium-driver\4.4.0\selenium-chromium-driver-4.4.0.jar;C:\Users\admin\.m2\repository\org\seleniumhq\selenium\selenium-json\4.4.0\selenium-json-4.4.0.jar;C:\Users\admin\.m2\repository\org\seleniumhq\selenium\selenium-devtools-v102\4.4.0\selenium-devtools-v102-4.4.0.jar;C:\Users\admin\.m2\repository\org\seleniumhq\selenium\selenium-devtools-v103\4.4.0\selenium-devtools-v103-4.4.0.jar;C:\Users\admin\.m2\repository\org\seleniumhq\selenium\selenium-devtools-v104\4.4.0\selenium-devtools-v104-4.4.0.jar;C:\Users\admin\.m2\repository\org\seleniumhq\selenium\selenium-devtools-v85\4.4.0\selenium-devtools-v85-4.4.0.jar;C:\Users\admin\.m2\repository\org\seleniumhq\selenium\selenium-edge-driver\4.4.0\selenium-edge-driver-4.4.0.jar;C:\Users\admin\.m2\repository\org\seleniumhq\selenium\selenium-firefox-driver\4.4.0\selenium-firefox-driver-4.4.0.jar;C:\Users\admin\.m2\repository\org\seleniumhq\selenium\selenium-ie-driver\4.4.0\selenium-ie-driver-4.4.0.jar;C:\Users\admin\.m2\repository\org\seleniumhq\selenium\selenium-opera-driver\4.4.0\selenium-opera-driver-4.4.0.jar;C:\Users\admin\.m2\repository\org\seleniumhq\selenium\selenium-remote-driver\4.4.0\selenium-remote-driver-4.4.0.jar;C:\Users\admin\.m2\repository\com\beust\jcommander\1.82\jcommander-1.82.jar;C:\Users\admin\.m2\repository\io\netty\netty-buffer\4.1.78.Final\netty-buffer-4.1.78.Final.jar;C:\Users\admin\.m2\repository\io\netty\netty-codec-http\4.1.78.Final\netty-codec-http-4.1.78.Final.jar;C:\Users\admin\.m2\repository\io\netty\netty-codec\4.1.78.Final\netty-codec-4.1.78.Final.jar;C:\Users\admin\.m2\repository\io\netty\netty-handler\4.1.78.Final\netty-handler-4.1.78.Final.jar;C:\Users\admin\.m2\repository\io\netty\netty-common\4.1.78.Final\netty-common-4.1.78.Final.jar;C:\Users\admin\.m2\repository\io\netty\netty-transport-classes-epoll\4.1.78.Final\netty-transport-classes-epoll-4.1.78.Final.jar;C:\Users\admin\.m2\repository\io\netty\netty-transport-classes-kqueue\4.1.78.Final\netty-transport-classes-kqueue-4.1.78.Final.jar;C:\Users\admin\.m2\repository\io\netty\netty-transport-native-epoll\4.1.78.Final\netty-transport-native-epoll-4.1.78.Final.jar;C:\Users\admin\.m2\repository\io\netty\netty-transport-native-kqueue\4.1.78.Final\netty-transport-native-kqueue-4.1.78.Final.jar;C:\Users\admin\.m2\repository\io\netty\netty-transport-native-unix-common\4.1.78.Final\netty-transport-native-unix-common-4.1.78.Final.jar;C:\Users\admin\.m2\repository\io\netty\netty-transport\4.1.78.Final\netty-transport-4.1.78.Final.jar;C:\Users\admin\.m2\repository\io\netty\netty-resolver\4.1.78.Final\netty-resolver-4.1.78.Final.jar;C:\Users\admin\.m2\repository\io\opentelemetry\opentelemetry-api\1.16.0\opentelemetry-api-1.16.0.jar;C:\Users\admin\.m2\repository\io\opentelemetry\opentelemetry-context\1.16.0\opentelemetry-context-1.16.0.jar;C:\Users\admin\.m2\repository\io\opentelemetry\opentelemetry-exporter-logging\1.16.0\opentelemetry-exporter-logging-1.16.0.jar;C:\Users\admin\.m2\repository\io\opentelemetry\opentelemetry-sdk-metrics\1.16.0\opentelemetry-sdk-metrics-1.16.0.jar;C:\Users\admin\.m2\repository\io\opentelemetry\opentelemetry-sdk-logs\1.16.0-alpha\opentelemetry-sdk-logs-1.16.0-alpha.jar;C:\Users\admin\.m2\repository\io\opentelemetry\opentelemetry-sdk-common\1.16.0\opentelemetry-sdk-common-1.16.0.jar;C:\Users\admin\.m2\repository\io\opentelemetry\opentelemetry-sdk-extension-autoconfigure-spi\1.16.0\opentelemetry-sdk-extension-autoconfigure-spi-1.16.0.jar;C:\Users\admin\.m2\repository\io\opentelemetry\opentelemetry-sdk-extension-autoconfigure\1.16.0-alpha\opentelemetry-sdk-extension-autoconfigure-1.16.0-alpha.jar;C:\Users\admin\.m2\repository\io\opentelemetry\opentelemetry-sdk-trace\1.16.0\opentelemetry-sdk-trace-1.16.0.jar;C:\Users\admin\.m2\repository\io\opentelemetry\opentelemetry-sdk\1.16.0\opentelemetry-sdk-1.16.0.jar;C:\Users\admin\.m2\repository\io\opentelemetry\opentelemetry-semconv\1.16.0-alpha\opentelemetry-semconv-1.16.0-alpha.jar;C:\Users\admin\.m2\repository\io\ous\jtoml\2.0.0\jtoml-2.0.0.jar;C:\Users\admin\.m2\repository\org\apache\commons\commons-exec\1.3\commons-exec-1.3.jar;C:\Users\admin\.m2\repository\org\asynchttpclient\async-http-client\2.12.3\async-http-client-2.12.3.jar;C:\Users\admin\.m2\repository\org\asynchttpclient\async-http-client-netty-utils\2.12.3\async-http-client-netty-utils-2.12.3.jar;C:\Users\admin\.m2\repository\io\netty\netty-codec-socks\4.1.60.Final\netty-codec-socks-4.1.60.Final.jar;C:\Users\admin\.m2\repository\io\netty\netty-handler-proxy\4.1.60.Final\netty-handler-proxy-4.1.60.Final.jar;C:\Users\admin\.m2\repository\io\netty\netty-transport-native-epoll\4.1.60.Final\netty-transport-native-epoll-4.1.60.Final-linux-x86_64.jar;C:\Users\admin\.m2\repository\io\netty\netty-transport-native-kqueue\4.1.60.Final\netty-transport-native-kqueue-4.1.60.Final-osx-x86_64.jar;C:\Users\admin\.m2\repository\org\reactivestreams\reactive-streams\1.0.3\reactive-streams-1.0.3.jar;C:\Users\admin\.m2\repository\com\typesafe\netty\netty-reactive-streams\2.0.4\netty-reactive-streams-2.0.4.jar;C:\Users\admin\.m2\repository\com\sun\activation\jakarta.activation\1.2.2\jakarta.activation-1.2.2.jar;C:\Users\admin\.m2\repository\org\seleniumhq\selenium\selenium-http\4.4.0\selenium-http-4.4.0.jar;C:\Users\admin\.m2\repository\dev\failsafe\failsafe\3.2.4\failsafe-3.2.4.jar;C:\Users\admin\.m2\repository\org\seleniumhq\selenium\selenium-safari-driver\4.4.0\selenium-safari-driver-4.4.0.jar;C:\Users\admin\.m2\repository\org\seleniumhq\selenium\selenium-support\4.4.0\selenium-support-4.4.0.jar;C:\Users\admin\.m2\repository\io\qameta\allure\allure-junit5\2.19.0\allure-junit5-2.19.0.jar;C:\Users\admin\.m2\repository\io\qameta\allure\allure-junit-platform\2.19.0\allure-junit-platform-2.19.0.jar;C:\Users\admin\.m2\repository\io\qameta\allure\allure-java-commons\2.19.0\allure-java-commons-2.19.0.jar;C:\Users\admin\.m2\repository\io\qameta\allure\allure-model\2.19.0\allure-model-2.19.0.jar;C:\Users\admin\.m2\repository\io\qameta\allure\allure-test-filter\2.19.0\allure-test-filter-2.19.0.jar;C:\Users\admin\.m2\repository\org\junit\platform\junit-platform-launcher\1.8.2\junit-platform-launcher-1.8.2.jar;C:\Users\admin\.m2\repository\org\junit\platform\junit-platform-engine\1.8.2\junit-platform-engine-1.8.2.jar;"/>
    <property name="java.vm.vendor" value="Oracle Corporation"/>
    <property name="sun.arch.data.model" value="64"/>
    <property name="user.variant" value=""/>
    <property name="java.vendor.url" value="https://java.oracle.com/"/>
    <property name="user.timezone" value="Europe/Moscow"/>
    <property name="os.name" value="Windows 10"/>
    <property name="java.vm.specification.version" value="18"/>
    <property name="sun.java.launcher" value="SUN_STANDARD"/>
    <property name="user.country" value="RU"/>
    <property name="sun.boot.library.path" value="C:\Program Files\Java\jdk-18\bin"/>
    <property name="sun.java.command" value="C:\Users\admin\AppData\Local\Temp\surefire10747121340958579243\surefirebooter-20220924141019594_3.jar C:\Users\admin\AppData\Local\Temp\surefire10747121340958579243 2022-09-24T14-10-13_376-jvmRun1 surefire-20220924141019594_1tmp surefire_0-20220924141019594_2tmp"/>
    <property name="jdk.debug" value="release"/>
    <property name="surefire.test.class.path" value="C:\Users\admin\WebUI\HomeWork2\target\test-classes;C:\Users\admin\WebUI\HomeWork2\target\classes;C:\Users\admin\.m2\repository\io\github\bonigarcia\webdrivermanager\5.3.0\webdrivermanager-5.3.0.jar;C:\Users\admin\.m2\repository\org\slf4j\slf4j-api\1.7.36\slf4j-api-1.7.36.jar;C:\Users\admin\.m2\repository\com\google\code\gson\gson\2.9.1\gson-2.9.1.jar;C:\Users\admin\.m2\repository\com\github\docker-java\docker-java\3.2.13\docker-java-3.2.13.jar;C:\Users\admin\.m2\repository\com\github\docker-java\docker-java-core\3.2.13\docker-java-core-3.2.13.jar;C:\Users\admin\.m2\repository\com\github\docker-java\docker-java-api\3.2.13\docker-java-api-3.2.13.jar;C:\Users\admin\.m2\repository\com\fasterxml\jackson\core\jackson-annotations\2.10.3\jackson-annotations-2.10.3.jar;C:\Users\admin\.m2\repository\commons-io\commons-io\2.6\commons-io-2.6.jar;C:\Users\admin\.m2\repository\org\apache\commons\commons-compress\1.21\commons-compress-1.21.jar;C:\Users\admin\.m2\repository\com\fasterxml\jackson\core\jackson-databind\2.10.3\jackson-databind-2.10.3.jar;C:\Users\admin\.m2\repository\com\fasterxml\jackson\core\jackson-core\2.10.3\jackson-core-2.10.3.jar;C:\Users\admin\.m2\repository\org\bouncycastle\bcpkix-jdk15on\1.64\bcpkix-jdk15on-1.64.jar;C:\Users\admin\.m2\repository\org\bouncycastle\bcprov-jdk15on\1.64\bcprov-jdk15on-1.64.jar;C:\Users\admin\.m2\repository\org\slf4j\jcl-over-slf4j\1.7.30\jcl-over-slf4j-1.7.30.jar;C:\Users\admin\.m2\repository\com\github\docker-java\docker-java-transport-httpclient5\3.2.13\docker-java-transport-httpclient5-3.2.13.jar;C:\Users\admin\.m2\repository\com\github\docker-java\docker-java-transport\3.2.13\docker-java-transport-3.2.13.jar;C:\Users\admin\.m2\repository\net\java\dev\jna\jna\5.8.0\jna-5.8.0.jar;C:\Users\admin\.m2\repository\org\brotli\dec\0.1.2\dec-0.1.2.jar;C:\Users\admin\.m2\repository\org\apache\commons\commons-lang3\3.12.0\commons-lang3-3.12.0.jar;C:\Users\admin\.m2\repository\org\apache\httpcomponents\client5\httpclient5\5.1.3\httpclient5-5.1.3.jar;C:\Users\admin\.m2\repository\org\apache\httpcomponents\core5\httpcore5\5.1.3\httpcore5-5.1.3.jar;C:\Users\admin\.m2\repository\org\apache\httpcomponents\core5\httpcore5-h2\5.1.3\httpcore5-h2-5.1.3.jar;C:\Users\admin\.m2\repository\commons-codec\commons-codec\1.15\commons-codec-1.15.jar;C:\Users\admin\.m2\repository\org\junit\jupiter\junit-jupiter-api\5.9.0\junit-jupiter-api-5.9.0.jar;C:\Users\admin\.m2\repository\org\opentest4j\opentest4j\1.2.0\opentest4j-1.2.0.jar;C:\Users\admin\.m2\repository\org\junit\platform\junit-platform-commons\1.9.0\junit-platform-commons-1.9.0.jar;C:\Users\admin\.m2\repository\org\apiguardian\apiguardian-api\1.1.2\apiguardian-api-1.1.2.jar;C:\Users\admin\.m2\repository\org\junit\jupiter\junit-jupiter-params\5.9.0\junit-jupiter-params-5.9.0.jar;C:\Users\admin\.m2\repository\org\assertj\assertj-core\3.23.1\assertj-core-3.23.1.jar;C:\Users\admin\.m2\repository\net\bytebuddy\byte-buddy\1.12.10\byte-buddy-1.12.10.jar;C:\Users\admin\.m2\repository\ch\qos\logback\logback-classic\1.2.11\logback-classic-1.2.11.jar;C:\Users\admin\.m2\repository\ch\qos\logback\logback-core\1.2.11\logback-core-1.2.11.jar;C:\Users\admin\.m2\repository\org\seleniumhq\selenium\selenium-java\4.4.0\selenium-java-4.4.0.jar;C:\Users\admin\.m2\repository\org\seleniumhq\selenium\selenium-api\4.4.0\selenium-api-4.4.0.jar;C:\Users\admin\.m2\repository\org\seleniumhq\selenium\selenium-chrome-driver\4.4.0\selenium-chrome-driver-4.4.0.jar;C:\Users\admin\.m2\repository\com\google\auto\service\auto-service-annotations\1.0.1\auto-service-annotations-1.0.1.jar;C:\Users\admin\.m2\repository\com\google\auto\service\auto-service\1.0.1\auto-service-1.0.1.jar;C:\Users\admin\.m2\repository\com\google\auto\auto-common\1.2\auto-common-1.2.jar;C:\Users\admin\.m2\repository\com\google\guava\guava\31.1-jre\guava-31.1-jre.jar;C:\Users\admin\.m2\repository\com\google\guava\failureaccess\1.0.1\failureaccess-1.0.1.jar;C:\Users\admin\.m2\repository\com\google\guava\listenablefuture\9999.0-empty-to-avoid-conflict-with-guava\listenablefuture-9999.0-empty-to-avoid-conflict-with-guava.jar;C:\Users\admin\.m2\repository\com\google\code\findbugs\jsr305\3.0.2\jsr305-3.0.2.jar;C:\Users\admin\.m2\repository\org\checkerframework\checker-qual\3.12.0\checker-qual-3.12.0.jar;C:\Users\admin\.m2\repository\com\google\errorprone\error_prone_annotations\2.11.0\error_prone_annotations-2.11.0.jar;C:\Users\admin\.m2\repository\com\google\j2objc\j2objc-annotations\1.3\j2objc-annotations-1.3.jar;C:\Users\admin\.m2\repository\org\seleniumhq\selenium\selenium-chromium-driver\4.4.0\selenium-chromium-driver-4.4.0.jar;C:\Users\admin\.m2\repository\org\seleniumhq\selenium\selenium-json\4.4.0\selenium-json-4.4.0.jar;C:\Users\admin\.m2\repository\org\seleniumhq\selenium\selenium-devtools-v102\4.4.0\selenium-devtools-v102-4.4.0.jar;C:\Users\admin\.m2\repository\org\seleniumhq\selenium\selenium-devtools-v103\4.4.0\selenium-devtools-v103-4.4.0.jar;C:\Users\admin\.m2\repository\org\seleniumhq\selenium\selenium-devtools-v104\4.4.0\selenium-devtools-v104-4.4.0.jar;C:\Users\admin\.m2\repository\org\seleniumhq\selenium\selenium-devtools-v85\4.4.0\selenium-devtools-v85-4.4.0.jar;C:\Users\admin\.m2\repository\org\seleniumhq\selenium\selenium-edge-driver\4.4.0\selenium-edge-driver-4.4.0.jar;C:\Users\admin\.m2\repository\org\seleniumhq\selenium\selenium-firefox-driver\4.4.0\selenium-firefox-driver-4.4.0.jar;C:\Users\admin\.m2\repository\org\seleniumhq\selenium\selenium-ie-driver\4.4.0\selenium-ie-driver-4.4.0.jar;C:\Users\admin\.m2\repository\org\seleniumhq\selenium\selenium-opera-driver\4.4.0\selenium-opera-driver-4.4.0.jar;C:\Users\admin\.m2\repository\org\seleniumhq\selenium\selenium-remote-driver\4.4.0\selenium-remote-driver-4.4.0.jar;C:\Users\admin\.m2\repository\com\beust\jcommander\1.82\jcommander-1.82.jar;C:\Users\admin\.m2\repository\io\netty\netty-buffer\4.1.78.Final\netty-buffer-4.1.78.Final.jar;C:\Users\admin\.m2\repository\io\netty\netty-codec-http\4.1.78.Final\netty-codec-http-4.1.78.Final.jar;C:\Users\admin\.m2\repository\io\netty\netty-codec\4.1.78.Final\netty-codec-4.1.78.Final.jar;C:\Users\admin\.m2\repository\io\netty\netty-handler\4.1.78.Final\netty-handler-4.1.78.Final.jar;C:\Users\admin\.m2\repository\io\netty\netty-common\4.1.78.Final\netty-common-4.1.78.Final.jar;C:\Users\admin\.m2\repository\io\netty\netty-transport-classes-epoll\4.1.78.Final\netty-transport-classes-epoll-4.1.78.Final.jar;C:\Users\admin\.m2\repository\io\netty\netty-transport-classes-kqueue\4.1.78.Final\netty-transport-classes-kqueue-4.1.78.Final.jar;C:\Users\admin\.m2\repository\io\netty\netty-transport-native-epoll\4.1.78.Final\netty-transport-native-epoll-4.1.78.Final.jar;C:\Users\admin\.m2\repository\io\netty\netty-transport-native-kqueue\4.1.78.Final\netty-transport-native-kqueue-4.1.78.Final.jar;C:\Users\admin\.m2\repository\io\netty\netty-transport-native-unix-common\4.1.78.Final\netty-transport-native-unix-common-4.1.78.Final.jar;C:\Users\admin\.m2\repository\io\netty\netty-transport\4.1.78.Final\netty-transport-4.1.78.Final.jar;C:\Users\admin\.m2\repository\io\netty\netty-resolver\4.1.78.Final\netty-resolver-4.1.78.Final.jar;C:\Users\admin\.m2\repository\io\opentelemetry\opentelemetry-api\1.16.0\opentelemetry-api-1.16.0.jar;C:\Users\admin\.m2\repository\io\opentelemetry\opentelemetry-context\1.16.0\opentelemetry-context-1.16.0.jar;C:\Users\admin\.m2\repository\io\opentelemetry\opentelemetry-exporter-logging\1.16.0\opentelemetry-exporter-logging-1.16.0.jar;C:\Users\admin\.m2\repository\io\opentelemetry\opentelemetry-sdk-metrics\1.16.0\opentelemetry-sdk-metrics-1.16.0.jar;C:\Users\admin\.m2\repository\io\opentelemetry\opentelemetry-sdk-logs\1.16.0-alpha\opentelemetry-sdk-logs-1.16.0-alpha.jar;C:\Users\admin\.m2\repository\io\opentelemetry\opentelemetry-sdk-common\1.16.0\opentelemetry-sdk-common-1.16.0.jar;C:\Users\admin\.m2\repository\io\opentelemetry\opentelemetry-sdk-extension-autoconfigure-spi\1.16.0\opentelemetry-sdk-extension-autoconfigure-spi-1.16.0.jar;C:\Users\admin\.m2\repository\io\opentelemetry\opentelemetry-sdk-extension-autoconfigure\1.16.0-alpha\opentelemetry-sdk-extension-autoconfigure-1.16.0-alpha.jar;C:\Users\admin\.m2\repository\io\opentelemetry\opentelemetry-sdk-trace\1.16.0\opentelemetry-sdk-trace-1.16.0.jar;C:\Users\admin\.m2\repository\io\opentelemetry\opentelemetry-sdk\1.16.0\opentelemetry-sdk-1.16.0.jar;C:\Users\admin\.m2\repository\io\opentelemetry\opentelemetry-semconv\1.16.0-alpha\opentelemetry-semconv-1.16.0-alpha.jar;C:\Users\admin\.m2\repository\io\ous\jtoml\2.0.0\jtoml-2.0.0.jar;C:\Users\admin\.m2\repository\org\apache\commons\commons-exec\1.3\commons-exec-1.3.jar;C:\Users\admin\.m2\repository\org\asynchttpclient\async-http-client\2.12.3\async-http-client-2.12.3.jar;C:\Users\admin\.m2\repository\org\asynchttpclient\async-http-client-netty-utils\2.12.3\async-http-client-netty-utils-2.12.3.jar;C:\Users\admin\.m2\repository\io\netty\netty-codec-socks\4.1.60.Final\netty-codec-socks-4.1.60.Final.jar;C:\Users\admin\.m2\repository\io\netty\netty-handler-proxy\4.1.60.Final\netty-handler-proxy-4.1.60.Final.jar;C:\Users\admin\.m2\repository\io\netty\netty-transport-native-epoll\4.1.60.Final\netty-transport-native-epoll-4.1.60.Final-linux-x86_64.jar;C:\Users\admin\.m2\repository\io\netty\netty-transport-native-kqueue\4.1.60.Final\netty-transport-native-kqueue-4.1.60.Final-osx-x86_64.jar;C:\Users\admin\.m2\repository\org\reactivestreams\reactive-streams\1.0.3\reactive-streams-1.0.3.jar;C:\Users\admin\.m2\repository\com\typesafe\netty\netty-reactive-streams\2.0.4\netty-reactive-streams-2.0.4.jar;C:\Users\admin\.m2\repository\com\sun\activation\jakarta.activation\1.2.2\jakarta.activation-1.2.2.jar;C:\Users\admin\.m2\repository\org\seleniumhq\selenium\selenium-http\4.4.0\selenium-http-4.4.0.jar;C:\Users\admin\.m2\repository\dev\failsafe\failsafe\3.2.4\failsafe-3.2.4.jar;C:\Users\admin\.m2\repository\org\seleniumhq\selenium\selenium-safari-driver\4.4.0\selenium-safari-driver-4.4.0.jar;C:\Users\admin\.m2\repository\org\seleniumhq\selenium\selenium-support\4.4.0\selenium-support-4.4.0.jar;C:\Users\admin\.m2\repository\io\qameta\allure\allure-junit5\2.19.0\allure-junit5-2.19.0.jar;C:\Users\admin\.m2\repository\io\qameta\allure\allure-junit-platform\2.19.0\allure-junit-platform-2.19.0.jar;C:\Users\admin\.m2\repository\io\qameta\allure\allure-java-commons\2.19.0\allure-java-commons-2.19.0.jar;C:\Users\admin\.m2\repository\io\qameta\allure\allure-model\2.19.0\allure-model-2.19.0.jar;C:\Users\admin\.m2\repository\io\qameta\allure\allure-test-filter\2.19.0\allure-test-filter-2.19.0.jar;C:\Users\admin\.m2\repository\org\junit\platform\junit-platform-launcher\1.8.2\junit-platform-launcher-1.8.2.jar;C:\Users\admin\.m2\repository\org\junit\platform\junit-platform-engine\1.8.2\junit-platform-engine-1.8.2.jar;"/>
    <property name="sun.cpu.endian" value="little"/>
    <property name="user.home" value="C:\Users\admin"/>
    <property name="user.language" value="ru"/>
    <property name="java.specification.vendor" value="Oracle Corporation"/>
    <property name="java.version.date" value="2022-03-22"/>
    <property name="java.home" value="C:\Program Files\Java\jdk-18"/>
    <property name="file.separator" value="\"/>
    <property name="basedir" value="C:\Users\admin\WebUI\HomeWork2"/>
    <property name="java.vm.compressedOopsMode" value="32-bit"/>
    <property name="line.separator" value="&#10;"/>
    <property name="java.vm.specification.vendor" value="Oracle Corporation"/>
    <property name="java.specification.name" value="Java Platform API Specification"/>
    <property name="surefire.real.class.path" value="C:\Users\admin\AppData\Local\Temp\surefire10747121340958579243\surefirebooter-20220924141019594_3.jar"/>
    <property name="user.script" value=""/>
    <property name="sun.management.compiler" value="HotSpot 64-Bit Tiered Compilers"/>
    <property name="java.runtime.version" value="18+36-2087"/>
    <property name="user.name" value="admin"/>
    <property name="path.separator" value=";"/>
    <property name="os.version" value="10.0"/>
    <property name="java.runtime.name" value="Java(TM) SE Runtime Environment"/>
    <property name="file.encoding" value="UTF-8"/>
    <property name="java.vm.name" value="Java HotSpot(TM) 64-Bit Server VM"/>
    <property name="localRepository" value="C:\Users\admin\.m2\repository"/>
    <property name="java.vendor.url.bug" value="https://bugreport.java.com/bugreport/"/>
    <property name="java.io.tmpdir" value="C:\Users\admin\AppData\Local\Temp\"/>
    <property name="idea.version" value="2022.2.1"/>
    <property name="java.version" value="18"/>
    <property name="user.dir" value="C:\Users\admin\WebUI\HomeWork2"/>
    <property name="os.arch" value="amd64"/>
    <property name="java.vm.specification.name" value="Java Virtual Machine Specification"/>
    <property name="sun.os.patch.level" value=""/>
    <property name="native.encoding" value="Cp1251"/>
    <property name="java.library.path" value="C:\Program Files\Java\jdk-18\bin;C:\WINDOWS\Sun\Java\bin;C:\WINDOWS\system32;C:\WINDOWS;C:\Program Files (x86)\Common Files\Oracle\Java\javapath;C:\sqlite\;C:\Program Files\JetBrains\IntelliJ IDEA Community Edition 2021.3.3;C:\sqlite\;C:\Users\admin\AppData\Local\Programs\Microsoft VS Code\bin;C:\Program Files\JetBrains\IntelliJ IDEA 2022.1.3\bin;;C:\Users\admin\AppData\Local\GitHubDesktop\bin;."/>
    <property name="junit.jupiter.extensions.autodetection.enabled" value="true"/>
    <property name="java.vm.info" value="mixed mode, sharing"/>
    <property name="java.vendor" value="Oracle Corporation"/>
    <property name="java.vm.version" value="18+36-2087"/>
    <property name="sun.io.unicode.encoding" value="UnicodeLittle"/>
    <property name="java.class.version" value="62.0"/>
  </properties>
  <testcase name="ZeroTriangleArea" classname="ru.gb.lesson4.TestTriangleArea" time="15.947">
    <system-out><![CDATA[14:10:26.986 [main] DEBUG org.aspectj.weaver.loadtime.Aj - 14:10:26.986 main > o.a.w.l.Aj.preProcess o.a.w.l.Aj@b9afc07 org/apache/maven/surefire/junitplatform/TestPlanScannerFilter, byte[2241], j.i.l.ClassLoaders$AppClassLoader@3cd1a2f1
14:10:26.991 [main] DEBUG org.aspectj.weaver.loadtime.Aj - 14:10:26.990 main - o.a.w.l.Aj.preProcess o.a.w.l.Aj@b9afc07 j.i.l.ClassLoaders$PlatformClassLoader@1ad282e0, j.i.l.ClassLoaders$AppClassLoader@3cd1a2f1
14:10:26.991 [main] DEBUG o.a.weaver.tools.WeavingAdaptor - 14:10:26.991 main > o.a.w.t.WeavingAdaptor.weaveClass o.a.w.l.ClassLoaderWeavingAdaptor@140e5a13 org/apache/maven/surefire/junitplatform/TestPlanScannerFilter, byte[2241]
14:10:26.992 [main] DEBUG org.aspectj.weaver.bcel.BcelWeaver - 14:10:26.992 main > o.a.w.b.BcelWeaver.weave o.a.w.b.BcelWeaver@48524010 o.a.w.t.WeavingAdaptor$WeavingClassFileProvider@41e68d87
14:10:26.992 [main] DEBUG org.aspectj.weaver.bcel.BcelWeaver - 14:10:26.992 main > o.a.w.b.BcelWeaver.weaveAndNotify o.a.w.b.BcelWeaver@48524010 o.a.w.b.UnwovenClassFile@49ff7d8c, o.a.w.b.BcelObjectType@29526c05, o.a.w.t.WeavingAdaptor$WeavingClassFileProvider$1@2ef14fe
14:10:26.993 [main] DEBUG org.aspectj.weaver.bcel.BcelWeaver - 14:10:26.993 main < o.a.w.b.BcelWeaver.weaveAndNotify
14:10:26.993 [main] DEBUG org.aspectj.weaver.bcel.BcelWeaver - 14:10:26.993 main < o.a.w.b.BcelWeaver.weave java.util.ArrayList(1)
14:10:26.993 [main] DEBUG o.a.weaver.tools.WeavingAdaptor - 14:10:26.993 main < o.a.w.t.WeavingAdaptor.weaveClass byte[2241]
14:10:26.994 [main] DEBUG org.aspectj.weaver.Dump - 14:10:26.994 main > o.a.w.Dump.dumpOnExit o.a.w.t.WeavingAdaptor$WeavingAdaptorMessageHolder@6a6afff2
14:10:26.994 [main] DEBUG org.aspectj.weaver.Dump - 14:10:26.994 main > o.a.w.Dump.shouldDumpOnExit o.a.w.t.WeavingAdaptor$WeavingAdaptorMessageHolder@6a6afff2
14:10:26.995 [main] DEBUG org.aspectj.weaver.Dump - 14:10:26.995 main - o.a.w.Dump.shouldDumpOnExit abort
14:10:26.995 [main] DEBUG org.aspectj.weaver.Dump - 14:10:26.995 main < o.a.w.Dump.shouldDumpOnExit false
14:10:26.995 [main] DEBUG org.aspectj.weaver.Dump - 14:10:26.995 main < o.a.w.Dump.dumpOnExit Excluded
14:10:26.995 [main] DEBUG org.aspectj.weaver.loadtime.Aj - 14:10:26.995 main < o.a.w.l.Aj.preProcess byte[2241]
14:10:26.996 [main] DEBUG org.aspectj.weaver.loadtime.Aj - 14:10:26.996 main > o.a.w.l.Aj.preProcess o.a.w.l.Aj@b9afc07 org/apache/maven/surefire/api/util/DefaultScanResult, byte[5098], j.i.l.ClassLoaders$AppClassLoader@3cd1a2f1
14:10:26.997 [main] DEBUG org.aspectj.weaver.loadtime.Aj - 14:10:26.996 main - o.a.w.l.Aj.preProcess o.a.w.l.Aj@b9afc07 j.i.l.ClassLoaders$PlatformClassLoader@1ad282e0, j.i.l.ClassLoaders$AppClassLoader@3cd1a2f1
14:10:26.997 [main] DEBUG o.a.weaver.tools.WeavingAdaptor - 14:10:26.997 main > o.a.w.t.WeavingAdaptor.weaveClass o.a.w.l.ClassLoaderWeavingAdaptor@140e5a13 org/apache/maven/surefire/api/util/DefaultScanResult, byte[5098]
14:10:26.997 [main] DEBUG org.aspectj.weaver.bcel.BcelWeaver - 14:10:26.997 main > o.a.w.b.BcelWeaver.weave o.a.w.b.BcelWeaver@48524010 o.a.w.t.WeavingAdaptor$WeavingClassFileProvider@ab7395e
14:10:26.998 [main] DEBUG org.aspectj.weaver.bcel.BcelWeaver - 14:10:26.998 main > o.a.w.b.BcelWeaver.weaveAndNotify o.a.w.b.BcelWeaver@48524010 o.a.w.b.UnwovenClassFile@50d13246, o.a.w.b.BcelObjectType@2bd08376, o.a.w.t.WeavingAdaptor$WeavingClassFileProvider$1@e70f13a
14:10:26.999 [main] DEBUG org.aspectj.weaver.bcel.BcelWeaver - 14:10:26.999 main < o.a.w.b.BcelWeaver.weaveAndNotify
14:10:26.999 [main] DEBUG org.aspectj.weaver.bcel.BcelWeaver - 14:10:26.999 main < o.a.w.b.BcelWeaver.weave java.util.ArrayList(1)
14:10:26.999 [main] DEBUG o.a.weaver.tools.WeavingAdaptor - 14:10:26.999 main < o.a.w.t.WeavingAdaptor.weaveClass byte[5098]
14:10:26.999 [main] DEBUG org.aspectj.weaver.Dump - 14:10:26.999 main > o.a.w.Dump.dumpOnExit o.a.w.t.WeavingAdaptor$WeavingAdaptorMessageHolder@6a6afff2
14:10:26.999 [main] DEBUG org.aspectj.weaver.Dump - 14:10:26.999 main > o.a.w.Dump.shouldDumpOnExit o.a.w.t.WeavingAdaptor$WeavingAdaptorMessageHolder@6a6afff2
14:10:26.999 [main] DEBUG org.aspectj.weaver.Dump - 14:10:26.999 main - o.a.w.Dump.shouldDumpOnExit abort
14:10:27.000 [main] DEBUG org.aspectj.weaver.Dump - 14:10:26.999 main < o.a.w.Dump.shouldDumpOnExit false
14:10:27.000 [main] DEBUG org.aspectj.weaver.Dump - 14:10:27.000 main < o.a.w.Dump.dumpOnExit Excluded
14:10:27.000 [main] DEBUG org.aspectj.weaver.loadtime.Aj - 14:10:27.000 main < o.a.w.l.Aj.preProcess byte[5098]
14:10:27.003 [main] DEBUG org.aspectj.weaver.loadtime.Aj - 14:10:27.003 main > o.a.w.l.Aj.preProcess o.a.w.l.Aj@b9afc07 ru/gb/lesson4/TestTriangleArea, byte[2191], j.i.l.ClassLoaders$AppClassLoader@3cd1a2f1
14:10:27.004 [main] DEBUG org.aspectj.weaver.loadtime.Aj - 14:10:27.004 main - o.a.w.l.Aj.preProcess o.a.w.l.Aj@b9afc07 j.i.l.ClassLoaders$PlatformClassLoader@1ad282e0, j.i.l.ClassLoaders$AppClassLoader@3cd1a2f1
14:10:27.004 [main] DEBUG o.a.weaver.tools.WeavingAdaptor - 14:10:27.004 main > o.a.w.t.WeavingAdaptor.weaveClass o.a.w.l.ClassLoaderWeavingAdaptor@140e5a13 ru/gb/lesson4/TestTriangleArea, byte[2191]
14:10:27.005 [main] DEBUG org.aspectj.weaver.bcel.BcelWeaver - 14:10:27.004 main > o.a.w.b.BcelWeaver.weave o.a.w.b.BcelWeaver@48524010 o.a.w.t.WeavingAdaptor$WeavingClassFileProvider@d62fe5b
14:10:27.005 [main] DEBUG org.aspectj.weaver.bcel.BcelWeaver - 14:10:27.005 main > o.a.w.b.BcelWeaver.weaveAndNotify o.a.w.b.BcelWeaver@48524010 o.a.w.b.UnwovenClassFile@49964d75, o.a.w.b.BcelObjectType@528c868, o.a.w.t.WeavingAdaptor$WeavingClassFileProvider$1@466276d8
14:10:27.007 [main] DEBUG org.aspectj.weaver.bcel.BcelWorld - 14:10:27.007 main - o.a.w.b.BcelWorld.lookupJavaClass o.a.w.l.LTWWorld@2b4a2ec7 org.junit.jupiter.api.Test, o.a.a.b.c.JavaClass@2f62ea70
14:10:27.009 [main] DEBUG org.aspectj.weaver.bcel.BcelWorld - 14:10:27.009 main - o.a.w.b.BcelWorld.lookupJavaClass o.a.w.l.LTWWorld@2b4a2ec7 org.junit.jupiter.api.DisplayName, o.a.a.b.c.JavaClass@53f6fd09
14:10:27.010 [main] DEBUG org.aspectj.weaver.bcel.BcelWeaver - 14:10:27.010 main < o.a.w.b.BcelWeaver.weaveAndNotify
14:10:27.010 [main] DEBUG org.aspectj.weaver.bcel.BcelWeaver - 14:10:27.010 main < o.a.w.b.BcelWeaver.weave java.util.ArrayList(1)
14:10:27.010 [main] DEBUG o.a.weaver.tools.WeavingAdaptor - 14:10:27.010 main < o.a.w.t.WeavingAdaptor.weaveClass byte[2191]
14:10:27.010 [main] DEBUG org.aspectj.weaver.Dump - 14:10:27.010 main > o.a.w.Dump.dumpOnExit o.a.w.t.WeavingAdaptor$WeavingAdaptorMessageHolder@6a6afff2
14:10:27.011 [main] DEBUG org.aspectj.weaver.Dump - 14:10:27.010 main > o.a.w.Dump.shouldDumpOnExit o.a.w.t.WeavingAdaptor$WeavingAdaptorMessageHolder@6a6afff2
14:10:27.011 [main] DEBUG org.aspectj.weaver.Dump - 14:10:27.011 main - o.a.w.Dump.shouldDumpOnExit abort
14:10:27.011 [main] DEBUG org.aspectj.weaver.Dump - 14:10:27.011 main < o.a.w.Dump.shouldDumpOnExit false
14:10:27.011 [main] DEBUG org.aspectj.weaver.Dump - 14:10:27.011 main < o.a.w.Dump.dumpOnExit Excluded
14:10:27.011 [main] DEBUG org.aspectj.weaver.loadtime.Aj - 14:10:27.011 main < o.a.w.l.Aj.preProcess byte[2191]
14:10:27.014 [main] DEBUG org.aspectj.weaver.loadtime.Aj - 14:10:27.014 main > o.a.w.l.Aj.preProcess o.a.w.l.Aj@b9afc07 org/junit/platform/launcher/core/LauncherDiscoveryRequestBuilder, byte[10623], j.i.l.ClassLoaders$AppClassLoader@3cd1a2f1
14:10:27.014 [main] DEBUG org.aspectj.weaver.loadtime.Aj - 14:10:27.014 main - o.a.w.l.Aj.preProcess o.a.w.l.Aj@b9afc07 j.i.l.ClassLoaders$PlatformClassLoader@1ad282e0, j.i.l.ClassLoaders$AppClassLoader@3cd1a2f1
14:10:27.014 [main] DEBUG o.a.weaver.tools.WeavingAdaptor - 14:10:27.014 main > o.a.w.t.WeavingAdaptor.weaveClass o.a.w.l.ClassLoaderWeavingAdaptor@140e5a13 org/junit/platform/launcher/core/LauncherDiscoveryRequestBuilder, byte[10623]
14:10:27.015 [main] DEBUG org.aspectj.weaver.bcel.BcelWeaver - 14:10:27.015 main > o.a.w.b.BcelWeaver.weave o.a.w.b.BcelWeaver@48524010 o.a.w.t.WeavingAdaptor$WeavingClassFileProvider@13330ac6
14:10:27.016 [main] DEBUG org.aspectj.weaver.bcel.BcelWeaver - 14:10:27.015 main > o.a.w.b.BcelWeaver.weaveAndNotify o.a.w.b.BcelWeaver@48524010 o.a.w.b.UnwovenClassFile@539d019, o.a.w.b.BcelObjectType@39a2bb97, o.a.w.t.WeavingAdaptor$WeavingClassFileProvider$1@3ad2e17
14:10:27.018 [main] DEBUG org.aspectj.weaver.bcel.BcelWorld - 14:10:27.018 main - o.a.w.b.BcelWorld.lookupJavaClass o.a.w.l.LTWWorld@2b4a2ec7 org.junit.platform.engine.DiscoverySelector, o.a.a.b.c.JavaClass@554e218
14:10:27.020 [main] DEBUG org.aspectj.weaver.bcel.BcelWorld - 14:10:27.020 main - o.a.w.b.BcelWorld.lookupJavaClass o.a.w.l.LTWWorld@2b4a2ec7 org.junit.platform.engine.ConfigurationParameters, o.a.a.b.c.JavaClass@29ca3d04
14:10:27.022 [main] DEBUG org.aspectj.weaver.bcel.BcelWorld - 14:10:27.022 main - o.a.w.b.BcelWorld.lookupJavaClass o.a.w.l.LTWWorld@2b4a2ec7 org.apiguardian.api.API, o.a.a.b.c.JavaClass@1a20270e
14:10:27.024 [main] DEBUG org.aspectj.weaver.bcel.BcelWorld - 14:10:27.024 main - o.a.w.b.BcelWorld.lookupJavaClass o.a.w.l.LTWWorld@2b4a2ec7 org.junit.platform.launcher.LauncherDiscoveryListener, o.a.a.b.c.JavaClass@2f16c6b3
14:10:27.027 [main] DEBUG org.aspectj.weaver.bcel.BcelWorld - 14:10:27.027 main - o.a.w.b.BcelWorld.lookupJavaClass o.a.w.l.LTWWorld@2b4a2ec7 org.junit.platform.launcher.core.LauncherConfigurationParameters, o.a.a.b.c.JavaClass@52c3cb31
14:10:27.028 [main] DEBUG org.aspectj.weaver.bcel.BcelWeaver - 14:10:27.028 main < o.a.w.b.BcelWeaver.weaveAndNotify
14:10:27.028 [main] DEBUG org.aspectj.weaver.bcel.BcelWeaver - 14:10:27.028 main < o.a.w.b.BcelWeaver.weave java.util.ArrayList(1)
14:10:27.028 [main] DEBUG o.a.weaver.tools.WeavingAdaptor - 14:10:27.028 main < o.a.w.t.WeavingAdaptor.weaveClass byte[10623]
14:10:27.028 [main] DEBUG org.aspectj.weaver.Dump - 14:10:27.028 main > o.a.w.Dump.dumpOnExit o.a.w.t.WeavingAdaptor$WeavingAdaptorMessageHolder@6a6afff2
14:10:27.029 [main] DEBUG org.aspectj.weaver.Dump - 14:10:27.029 main > o.a.w.Dump.shouldDumpOnExit o.a.w.t.WeavingAdaptor$WeavingAdaptorMessageHolder@6a6afff2
14:10:27.029 [main] DEBUG org.aspectj.weaver.Dump - 14:10:27.029 main - o.a.w.Dump.shouldDumpOnExit abort
14:10:27.029 [main] DEBUG org.aspectj.weaver.Dump - 14:10:27.029 main < o.a.w.Dump.shouldDumpOnExit false
14:10:27.029 [main] DEBUG org.aspectj.weaver.Dump - 14:10:27.029 main < o.a.w.Dump.dumpOnExit Excluded
14:10:27.029 [main] DEBUG org.aspectj.weaver.loadtime.Aj - 14:10:27.029 main < o.a.w.l.Aj.preProcess byte[10623]
14:10:27.031 [main] DEBUG org.aspectj.weaver.loadtime.Aj - 14:10:27.031 main > o.a.w.l.Aj.preProcess o.a.w.l.Aj@b9afc07 org/junit/platform/engine/ConfigurationParameters, byte[2932], j.i.l.ClassLoaders$AppClassLoader@3cd1a2f1
14:10:27.032 [main] DEBUG org.aspectj.weaver.loadtime.Aj - 14:10:27.032 main - o.a.w.l.Aj.preProcess o.a.w.l.Aj@b9afc07 j.i.l.ClassLoaders$PlatformClassLoader@1ad282e0, j.i.l.ClassLoaders$AppClassLoader@3cd1a2f1
14:10:27.032 [main] DEBUG o.a.weaver.tools.WeavingAdaptor - 14:10:27.032 main > o.a.w.t.WeavingAdaptor.weaveClass o.a.w.l.ClassLoaderWeavingAdaptor@140e5a13 org/junit/platform/engine/ConfigurationParameters, byte[2932]
14:10:27.033 [main] DEBUG org.aspectj.weaver.bcel.BcelWeaver - 14:10:27.032 main > o.a.w.b.BcelWeaver.weave o.a.w.b.BcelWeaver@48524010 o.a.w.t.WeavingAdaptor$WeavingClassFileProvider@2766ca9d
14:10:27.033 [main] DEBUG org.aspectj.weaver.bcel.BcelWeaver - 14:10:27.033 main > o.a.w.b.BcelWeaver.weaveAndNotify o.a.w.b.BcelWeaver@48524010 o.a.w.b.UnwovenClassFile@5460cf3a, o.a.w.b.BcelObjectType@65a15628, o.a.w.t.WeavingAdaptor$WeavingClassFileProvider$1@2e6a5539
14:10:27.034 [main] DEBUG org.aspectj.weaver.bcel.BcelWeaver - 14:10:27.033 main < o.a.w.b.BcelWeaver.weaveAndNotify
14:10:27.034 [main] DEBUG org.aspectj.weaver.bcel.BcelWeaver - 14:10:27.034 main < o.a.w.b.BcelWeaver.weave java.util.ArrayList(1)
14:10:27.034 [main] DEBUG o.a.weaver.tools.WeavingAdaptor - 14:10:27.034 main < o.a.w.t.WeavingAdaptor.weaveClass byte[2932]
14:10:27.034 [main] DEBUG org.aspectj.weaver.Dump - 14:10:27.034 main > o.a.w.Dump.dumpOnExit o.a.w.t.WeavingAdaptor$WeavingAdaptorMessageHolder@6a6afff2
14:10:27.034 [main] DEBUG org.aspectj.weaver.Dump - 14:10:27.034 main > o.a.w.Dump.shouldDumpOnExit o.a.w.t.WeavingAdaptor$WeavingAdaptorMessageHolder@6a6afff2
14:10:27.034 [main] DEBUG org.aspectj.weaver.Dump - 14:10:27.034 main - o.a.w.Dump.shouldDumpOnExit abort
14:10:27.034 [main] DEBUG org.aspectj.weaver.Dump - 14:10:27.034 main < o.a.w.Dump.shouldDumpOnExit false
14:10:27.034 [main] DEBUG org.aspectj.weaver.Dump - 14:10:27.034 main < o.a.w.Dump.dumpOnExit Excluded
14:10:27.035 [main] DEBUG org.aspectj.weaver.loadtime.Aj - 14:10:27.035 main < o.a.w.l.Aj.preProcess byte[2932]
14:10:27.036 [main] DEBUG org.aspectj.weaver.loadtime.Aj - 14:10:27.036 main > o.a.w.l.Aj.preProcess o.a.w.l.Aj@b9afc07 org/junit/platform/launcher/LauncherDiscoveryRequest, byte[1297], j.i.l.ClassLoaders$AppClassLoader@3cd1a2f1
14:10:27.037 [main] DEBUG org.aspectj.weaver.loadtime.Aj - 14:10:27.037 main - o.a.w.l.Aj.preProcess o.a.w.l.Aj@b9afc07 j.i.l.ClassLoaders$PlatformClassLoader@1ad282e0, j.i.l.ClassLoaders$AppClassLoader@3cd1a2f1
14:10:27.037 [main] DEBUG o.a.weaver.tools.WeavingAdaptor - 14:10:27.037 main > o.a.w.t.WeavingAdaptor.weaveClass o.a.w.l.ClassLoaderWeavingAdaptor@140e5a13 org/junit/platform/launcher/LauncherDiscoveryRequest, byte[1297]
14:10:27.037 [main] DEBUG org.aspectj.weaver.bcel.BcelWeaver - 14:10:27.037 main > o.a.w.b.BcelWeaver.weave o.a.w.b.BcelWeaver@48524010 o.a.w.t.WeavingAdaptor$WeavingClassFileProvider@7e4204e2
14:10:27.039 [main] DEBUG org.aspectj.weaver.bcel.BcelWorld - 14:10:27.039 main - o.a.w.b.BcelWorld.lookupJavaClass o.a.w.l.LTWWorld@2b4a2ec7 org.junit.platform.engine.EngineDiscoveryRequest, o.a.a.b.c.JavaClass@1c481ff2
14:10:27.039 [main] DEBUG org.aspectj.weaver.bcel.BcelWeaver - 14:10:27.039 main > o.a.w.b.BcelWeaver.weaveAndNotify o.a.w.b.BcelWeaver@48524010 o.a.w.b.UnwovenClassFile@72437d8d, o.a.w.b.BcelObjectType@1b955cac, o.a.w.t.WeavingAdaptor$WeavingClassFileProvider$1@676cf48
14:10:27.040 [main] DEBUG org.aspectj.weaver.bcel.BcelWeaver - 14:10:27.040 main < o.a.w.b.BcelWeaver.weaveAndNotify
14:10:27.040 [main] DEBUG org.aspectj.weaver.bcel.BcelWeaver - 14:10:27.040 main < o.a.w.b.BcelWeaver.weave java.util.ArrayList(1)
14:10:27.040 [main] DEBUG o.a.weaver.tools.WeavingAdaptor - 14:10:27.040 main < o.a.w.t.WeavingAdaptor.weaveClass byte[1297]
14:10:27.040 [main] DEBUG org.aspectj.weaver.Dump - 14:10:27.040 main > o.a.w.Dump.dumpOnExit o.a.w.t.WeavingAdaptor$WeavingAdaptorMessageHolder@6a6afff2
14:10:27.041 [main] DEBUG org.aspectj.weaver.Dump - 14:10:27.040 main > o.a.w.Dump.shouldDumpOnExit o.a.w.t.WeavingAdaptor$WeavingAdaptorMessageHolder@6a6afff2
14:10:27.041 [main] DEBUG org.aspectj.weaver.Dump - 14:10:27.041 main - o.a.w.Dump.shouldDumpOnExit abort
14:10:27.041 [main] DEBUG org.aspectj.weaver.Dump - 14:10:27.041 main < o.a.w.Dump.shouldDumpOnExit false
14:10:27.041 [main] DEBUG org.aspectj.weaver.Dump - 14:10:27.041 main < o.a.w.Dump.dumpOnExit Excluded
14:10:27.041 [main] DEBUG org.aspectj.weaver.loadtime.Aj - 14:10:27.041 main < o.a.w.l.Aj.preProcess byte[1297]
14:10:27.042 [main] DEBUG org.aspectj.weaver.loadtime.Aj - 14:10:27.042 main > o.a.w.l.Aj.preProcess o.a.w.l.Aj@b9afc07 org/junit/platform/engine/EngineDiscoveryRequest, byte[1231], j.i.l.ClassLoaders$AppClassLoader@3cd1a2f1
14:10:27.042 [main] DEBUG org.aspectj.weaver.loadtime.Aj - 14:10:27.042 main - o.a.w.l.Aj.preProcess o.a.w.l.Aj@b9afc07 j.i.l.ClassLoaders$PlatformClassLoader@1ad282e0, j.i.l.ClassLoaders$AppClassLoader@3cd1a2f1
14:10:27.043 [main] DEBUG o.a.weaver.tools.WeavingAdaptor - 14:10:27.043 main > o.a.w.t.WeavingAdaptor.weaveClass o.a.w.l.ClassLoaderWeavingAdaptor@140e5a13 org/junit/platform/engine/EngineDiscoveryRequest, byte[1231]
14:10:27.043 [main] DEBUG org.aspectj.weaver.bcel.BcelWeaver - 14:10:27.043 main > o.a.w.b.BcelWeaver.weave o.a.w.b.BcelWeaver@48524010 o.a.w.t.WeavingAdaptor$WeavingClassFileProvider@32a68f4f
14:10:27.043 [main] DEBUG org.aspectj.weaver.bcel.BcelWeaver - 14:10:27.043 main > o.a.w.b.BcelWeaver.weaveAndNotify o.a.w.b.BcelWeaver@48524010 o.a.w.b.UnwovenClassFile@73194df, o.a.w.b.BcelObjectType@6eb2384f, o.a.w.t.WeavingAdaptor$WeavingClassFileProvider$1@3c9c0d96
14:10:27.045 [main] DEBUG org.aspectj.weaver.bcel.BcelWorld - 14:10:27.045 main - o.a.w.b.BcelWorld.lookupJavaClass o.a.w.l.LTWWorld@2b4a2ec7 org.junit.platform.engine.EngineDiscoveryListener, o.a.a.b.c.JavaClass@4ed5eb72
14:10:27.046 [main] DEBUG org.aspectj.weaver.bcel.BcelWeaver - 14:10:27.046 main < o.a.w.b.BcelWeaver.weaveAndNotify
14:10:27.046 [main] DEBUG org.aspectj.weaver.bcel.BcelWeaver - 14:10:27.046 main < o.a.w.b.BcelWeaver.weave java.util.ArrayList(1)
14:10:27.046 [main] DEBUG o.a.weaver.tools.WeavingAdaptor - 14:10:27.046 main < o.a.w.t.WeavingAdaptor.weaveClass byte[1231]
14:10:27.046 [main] DEBUG org.aspectj.weaver.Dump - 14:10:27.046 main > o.a.w.Dump.dumpOnExit o.a.w.t.WeavingAdaptor$WeavingAdaptorMessageHolder@6a6afff2
14:10:27.046 [main] DEBUG org.aspectj.weaver.Dump - 14:10:27.046 main > o.a.w.Dump.shouldDumpOnExit o.a.w.t.WeavingAdaptor$WeavingAdaptorMessageHolder@6a6afff2
14:10:27.046 [main] DEBUG org.aspectj.weaver.Dump - 14:10:27.046 main - o.a.w.Dump.shouldDumpOnExit abort
14:10:27.046 [main] DEBUG org.aspectj.weaver.Dump - 14:10:27.046 main < o.a.w.Dump.shouldDumpOnExit false
14:10:27.046 [main] DEBUG org.aspectj.weaver.Dump - 14:10:27.046 main < o.a.w.Dump.dumpOnExit Excluded
14:10:27.047 [main] DEBUG org.aspectj.weaver.loadtime.Aj - 14:10:27.047 main < o.a.w.l.Aj.preProcess byte[1231]
14:10:27.048 [main] DEBUG org.aspectj.weaver.loadtime.Aj - 14:10:27.048 main > o.a.w.l.Aj.preProcess o.a.w.l.Aj@b9afc07 org/junit/platform/engine/DiscoverySelector, byte[393], j.i.l.ClassLoaders$AppClassLoader@3cd1a2f1
14:10:27.049 [main] DEBUG org.aspectj.weaver.loadtime.Aj - 14:10:27.049 main - o.a.w.l.Aj.preProcess o.a.w.l.Aj@b9afc07 j.i.l.ClassLoaders$PlatformClassLoader@1ad282e0, j.i.l.ClassLoaders$AppClassLoader@3cd1a2f1
14:10:27.049 [main] DEBUG o.a.weaver.tools.WeavingAdaptor - 14:10:27.049 main > o.a.w.t.WeavingAdaptor.weaveClass o.a.w.l.ClassLoaderWeavingAdaptor@140e5a13 org/junit/platform/engine/DiscoverySelector, byte[393]
14:10:27.049 [main] DEBUG org.aspectj.weaver.bcel.BcelWeaver - 14:10:27.049 main > o.a.w.b.BcelWeaver.weave o.a.w.b.BcelWeaver@48524010 o.a.w.t.WeavingAdaptor$WeavingClassFileProvider@1f010bf0
14:10:27.050 [main] DEBUG org.aspectj.weaver.bcel.BcelWeaver - 14:10:27.050 main > o.a.w.b.BcelWeaver.weaveAndNotify o.a.w.b.BcelWeaver@48524010 o.a.w.b.UnwovenClassFile@40db2a24, o.a.w.b.BcelObjectType@10cf09e8, o.a.w.t.WeavingAdaptor$WeavingClassFileProvider$1@1921ad94
14:10:27.050 [main] DEBUG org.aspectj.weaver.bcel.BcelWeaver - 14:10:27.050 main < o.a.w.b.BcelWeaver.weaveAndNotify
14:10:27.050 [main] DEBUG org.aspectj.weaver.bcel.BcelWeaver - 14:10:27.050 main < o.a.w.b.BcelWeaver.weave java.util.ArrayList(1)
14:10:27.051 [main] DEBUG o.a.weaver.tools.WeavingAdaptor - 14:10:27.051 main < o.a.w.t.WeavingAdaptor.weaveClass byte[393]
14:10:27.051 [main] DEBUG org.aspectj.weaver.Dump - 14:10:27.051 main > o.a.w.Dump.dumpOnExit o.a.w.t.WeavingAdaptor$WeavingAdaptorMessageHolder@6a6afff2
14:10:27.051 [main] DEBUG org.aspectj.weaver.Dump - 14:10:27.051 main > o.a.w.Dump.shouldDumpOnExit o.a.w.t.WeavingAdaptor$WeavingAdaptorMessageHolder@6a6afff2
14:10:27.051 [main] DEBUG org.aspectj.weaver.Dump - 14:10:27.051 main - o.a.w.Dump.shouldDumpOnExit abort
14:10:27.051 [main] DEBUG org.aspectj.weaver.Dump - 14:10:27.051 main < o.a.w.Dump.shouldDumpOnExit false
14:10:27.051 [main] DEBUG org.aspectj.weaver.Dump - 14:10:27.051 main < o.a.w.Dump.dumpOnExit Excluded
14:10:27.051 [main] DEBUG org.aspectj.weaver.loadtime.Aj - 14:10:27.051 main < o.a.w.l.Aj.preProcess byte[393]
14:10:27.053 [main] DEBUG org.aspectj.weaver.loadtime.Aj - 14:10:27.053 main > o.a.w.l.Aj.preProcess o.a.w.l.Aj@b9afc07 org/junit/platform/engine/discovery/DiscoverySelectors, byte[16252], j.i.l.ClassLoaders$AppClassLoader@3cd1a2f1
14:10:27.053 [main] DEBUG org.aspectj.weaver.loadtime.Aj - 14:10:27.053 main - o.a.w.l.Aj.preProcess o.a.w.l.Aj@b9afc07 j.i.l.ClassLoaders$PlatformClassLoader@1ad282e0, j.i.l.ClassLoaders$AppClassLoader@3cd1a2f1
14:10:27.054 [main] DEBUG o.a.weaver.tools.WeavingAdaptor - 14:10:27.054 main > o.a.w.t.WeavingAdaptor.weaveClass o.a.w.l.ClassLoaderWeavingAdaptor@140e5a13 org/junit/platform/engine/discovery/DiscoverySelectors, byte[16252]
14:10:27.054 [main] DEBUG org.aspectj.weaver.bcel.BcelWeaver - 14:10:27.054 main > o.a.w.b.BcelWeaver.weave o.a.w.b.BcelWeaver@48524010 o.a.w.t.WeavingAdaptor$WeavingClassFileProvider@6bca7e0d
14:10:27.055 [main] DEBUG org.aspectj.weaver.bcel.BcelWeaver - 14:10:27.055 main > o.a.w.b.BcelWeaver.weaveAndNotify o.a.w.b.BcelWeaver@48524010 o.a.w.b.UnwovenClassFile@2631f68c, o.a.w.b.BcelObjectType@6ed3f258, o.a.w.t.WeavingAdaptor$WeavingClassFileProvider$1@8ad6665
14:10:27.058 [main] DEBUG org.aspectj.weaver.bcel.BcelWorld - 14:10:27.058 main - o.a.w.b.BcelWorld.lookupJavaClass o.a.w.l.LTWWorld@2b4a2ec7 org.junit.platform.engine.discovery.UriSelector, o.a.a.b.c.JavaClass@bcef303
14:10:27.058 [main] DEBUG org.aspectj.weaver.bcel.BcelWorld - 14:10:27.058 main - o.a.w.b.BcelWorld.lookupJavaClass o.a.w.l.LTWWorld@2b4a2ec7 java.net.URI, o.a.a.b.c.JavaClass@723ca036
14:10:27.065 [main] DEBUG org.aspectj.weaver.bcel.BcelWorld - 14:10:27.065 main - o.a.w.b.BcelWorld.lookupJavaClass o.a.w.l.LTWWorld@2b4a2ec7 org.junit.platform.engine.discovery.FileSelector, o.a.a.b.c.JavaClass@33308786
14:10:27.070 [main] DEBUG org.aspectj.weaver.bcel.BcelWorld - 14:10:27.070 main - o.a.w.b.BcelWorld.lookupJavaClass o.a.w.l.LTWWorld@2b4a2ec7 org.junit.platform.engine.discovery.FilePosition, o.a.a.b.c.JavaClass@5443d039
14:10:27.072 [main] DEBUG org.aspectj.weaver.bcel.BcelWorld - 14:10:27.071 main - o.a.w.b.BcelWorld.lookupJavaClass o.a.w.l.LTWWorld@2b4a2ec7 org.junit.platform.engine.discovery.DirectorySelector, o.a.a.b.c.JavaClass@48e92c5c
14:10:27.074 [main] DEBUG org.aspectj.weaver.bcel.BcelWorld - 14:10:27.074 main - o.a.w.b.BcelWorld.lookupJavaClass o.a.w.l.LTWWorld@2b4a2ec7 org.junit.platform.engine.discovery.ClasspathResourceSelector, o.a.a.b.c.JavaClass@386f0da3
14:10:27.076 [main] DEBUG org.aspectj.weaver.bcel.BcelWorld - 14:10:27.076 main - o.a.w.b.BcelWorld.lookupJavaClass o.a.w.l.LTWWorld@2b4a2ec7 org.junit.platform.engine.discovery.ModuleSelector, o.a.a.b.c.JavaClass@3d1848cc
14:10:27.078 [main] DEBUG org.aspectj.weaver.bcel.BcelWorld - 14:10:27.078 main - o.a.w.b.BcelWorld.lookupJavaClass o.a.w.l.LTWWorld@2b4a2ec7 org.junit.platform.engine.discovery.PackageSelector, o.a.a.b.c.JavaClass@4b6e2263
14:10:27.079 [main] DEBUG org.aspectj.weaver.bcel.BcelWorld - 14:10:27.079 main - o.a.w.b.BcelWorld.lookupJavaClass o.a.w.l.LTWWorld@2b4a2ec7 org.junit.platform.engine.discovery.ClassSelector, o.a.a.b.c.JavaClass@5e4bd84a
14:10:27.082 [main] DEBUG org.aspectj.weaver.bcel.BcelWorld - 14:10:27.081 main - o.a.w.b.BcelWorld.lookupJavaClass o.a.w.l.LTWWorld@2b4a2ec7 org.junit.platform.engine.discovery.MethodSelector, o.a.a.b.c.JavaClass@53de625d
14:10:27.084 [main] DEBUG org.aspectj.weaver.bcel.BcelWorld - 14:10:27.084 main - o.a.w.b.BcelWorld.lookupJavaClass o.a.w.l.LTWWorld@2b4a2ec7 org.junit.platform.engine.discovery.NestedClassSelector, o.a.a.b.c.JavaClass@6c0d9d86
14:10:27.086 [main] DEBUG org.aspectj.weaver.bcel.BcelWorld - 14:10:27.086 main - o.a.w.b.BcelWorld.lookupJavaClass o.a.w.l.LTWWorld@2b4a2ec7 org.junit.platform.engine.discovery.NestedMethodSelector, o.a.a.b.c.JavaClass@1f3f02ee
14:10:27.089 [main] DEBUG org.aspectj.weaver.bcel.BcelWorld - 14:10:27.089 main - o.a.w.b.BcelWorld.lookupJavaClass o.a.w.l.LTWWorld@2b4a2ec7 org.junit.platform.engine.UniqueId, o.a.a.b.c.JavaClass@71812481
14:10:27.091 [main] DEBUG org.aspectj.weaver.bcel.BcelWorld - 14:10:27.091 main - o.a.w.b.BcelWorld.lookupJavaClass o.a.w.l.LTWWorld@2b4a2ec7 org.junit.platform.engine.discovery.UniqueIdSelector, o.a.a.b.c.JavaClass@7ca20101
14:10:27.093 [main] DEBUG org.aspectj.weaver.bcel.BcelWorld - 14:10:27.093 main - o.a.w.b.BcelWorld.lookupJavaClass o.a.w.l.LTWWorld@2b4a2ec7 java.nio.file.Path, o.a.a.b.c.JavaClass@47f9738
14:10:27.093 [main] DEBUG org.aspectj.weaver.bcel.BcelWeaver - 14:10:27.093 main < o.a.w.b.BcelWeaver.weaveAndNotify
14:10:27.093 [main] DEBUG org.aspectj.weaver.bcel.BcelWeaver - 14:10:27.093 main < o.a.w.b.BcelWeaver.weave java.util.ArrayList(1)
14:10:27.094 [main] DEBUG o.a.weaver.tools.WeavingAdaptor - 14:10:27.094 main < o.a.w.t.WeavingAdaptor.weaveClass byte[16252]
14:10:27.094 [main] DEBUG org.aspectj.weaver.Dump - 14:10:27.094 main > o.a.w.Dump.dumpOnExit o.a.w.t.WeavingAdaptor$WeavingAdaptorMessageHolder@6a6afff2
14:10:27.094 [main] DEBUG org.aspectj.weaver.Dump - 14:10:27.094 main > o.a.w.Dump.shouldDumpOnExit o.a.w.t.WeavingAdaptor$WeavingAdaptorMessageHolder@6a6afff2
14:10:27.094 [main] DEBUG org.aspectj.weaver.Dump - 14:10:27.094 main - o.a.w.Dump.shouldDumpOnExit abort
14:10:27.094 [main] DEBUG org.aspectj.weaver.Dump - 14:10:27.094 main < o.a.w.Dump.shouldDumpOnExit false
14:10:27.094 [main] DEBUG org.aspectj.weaver.Dump - 14:10:27.094 main < o.a.w.Dump.dumpOnExit Excluded
14:10:27.094 [main] DEBUG org.aspectj.weaver.loadtime.Aj - 14:10:27.094 main < o.a.w.l.Aj.preProcess byte[16252]
14:10:27.097 [main] DEBUG org.aspectj.weaver.loadtime.Aj - 14:10:27.097 main > o.a.w.l.Aj.preProcess o.a.w.l.Aj@b9afc07 org/junit/platform/commons/util/Preconditions, byte[5971], j.i.l.ClassLoaders$AppClassLoader@3cd1a2f1
14:10:27.097 [main] DEBUG org.aspectj.weaver.loadtime.Aj - 14:10:27.097 main - o.a.w.l.Aj.preProcess o.a.w.l.Aj@b9afc07 j.i.l.ClassLoaders$PlatformClassLoader@1ad282e0, j.i.l.ClassLoaders$AppClassLoader@3cd1a2f1
14:10:27.098 [main] DEBUG o.a.weaver.tools.WeavingAdaptor - 14:10:27.098 main > o.a.w.t.WeavingAdaptor.weaveClass o.a.w.l.ClassLoaderWeavingAdaptor@140e5a13 org/junit/platform/commons/util/Preconditions, byte[5971]
14:10:27.098 [main] DEBUG org.aspectj.weaver.bcel.BcelWeaver - 14:10:27.098 main > o.a.w.b.BcelWeaver.weave o.a.w.b.BcelWeaver@48524010 o.a.w.t.WeavingAdaptor$WeavingClassFileProvider@6138e79a
14:10:27.099 [main] DEBUG org.aspectj.weaver.bcel.BcelWeaver - 14:10:27.099 main > o.a.w.b.BcelWeaver.weaveAndNotify o.a.w.b.BcelWeaver@48524010 o.a.w.b.UnwovenClassFile@2dcd168a, o.a.w.b.BcelObjectType@388526fb, o.a.w.t.WeavingAdaptor$WeavingClassFileProvider$1@21a21c64
14:10:27.100 [main] DEBUG org.aspectj.weaver.bcel.BcelWeaver - 14:10:27.100 main < o.a.w.b.BcelWeaver.weaveAndNotify
14:10:27.101 [main] DEBUG org.aspectj.weaver.bcel.BcelWeaver - 14:10:27.101 main < o.a.w.b.BcelWeaver.weave java.util.ArrayList(1)
14:10:27.101 [main] DEBUG o.a.weaver.tools.WeavingAdaptor - 14:10:27.101 main < o.a.w.t.WeavingAdaptor.weaveClass byte[5971]
14:10:27.101 [main] DEBUG org.aspectj.weaver.Dump - 14:10:27.101 main > o.a.w.Dump.dumpOnExit o.a.w.t.WeavingAdaptor$WeavingAdaptorMessageHolder@6a6afff2
14:10:27.101 [main] DEBUG org.aspectj.weaver.Dump - 14:10:27.101 main > o.a.w.Dump.shouldDumpOnExit o.a.w.t.WeavingAdaptor$WeavingAdaptorMessageHolder@6a6afff2
14:10:27.101 [main] DEBUG org.aspectj.weaver.Dump - 14:10:27.101 main - o.a.w.Dump.shouldDumpOnExit abort
14:10:27.101 [main] DEBUG org.aspectj.weaver.Dump - 14:10:27.101 main < o.a.w.Dump.shouldDumpOnExit false
14:10:27.101 [main] DEBUG org.aspectj.weaver.Dump - 14:10:27.101 main < o.a.w.Dump.dumpOnExit Excluded
14:10:27.101 [main] DEBUG org.aspectj.weaver.loadtime.Aj - 14:10:27.101 main < o.a.w.l.Aj.preProcess byte[5971]
14:10:27.103 [main] DEBUG org.aspectj.weaver.loadtime.Aj - 14:10:27.103 main > o.a.w.l.Aj.preProcess o.a.w.l.Aj@b9afc07 org/junit/platform/commons/util/StringUtils, byte[5289], j.i.l.ClassLoaders$AppClassLoader@3cd1a2f1
14:10:27.103 [main] DEBUG org.aspectj.weaver.loadtime.Aj - 14:10:27.103 main - o.a.w.l.Aj.preProcess o.a.w.l.Aj@b9afc07 j.i.l.ClassLoaders$PlatformClassLoader@1ad282e0, j.i.l.ClassLoaders$AppClassLoader@3cd1a2f1
14:10:27.103 [main] DEBUG o.a.weaver.tools.WeavingAdaptor - 14:10:27.103 main > o.a.w.t.WeavingAdaptor.weaveClass o.a.w.l.ClassLoaderWeavingAdaptor@140e5a13 org/junit/platform/commons/util/StringUtils, byte[5289]
14:10:27.104 [main] DEBUG org.aspectj.weaver.bcel.BcelWeaver - 14:10:27.104 main > o.a.w.b.BcelWeaver.weave o.a.w.b.BcelWeaver@48524010 o.a.w.t.WeavingAdaptor$WeavingClassFileProvider@460ebd80
14:10:27.104 [main] DEBUG org.aspectj.weaver.bcel.BcelWeaver - 14:10:27.104 main > o.a.w.b.BcelWeaver.weaveAndNotify o.a.w.b.BcelWeaver@48524010 o.a.w.b.UnwovenClassFile@6f3c660a, o.a.w.b.BcelObjectType@74f5ce22, o.a.w.t.WeavingAdaptor$WeavingClassFileProvider$1@25aca718
14:10:27.109 [main] DEBUG org.aspectj.weaver.bcel.BcelWorld - 14:10:27.109 main - o.a.w.b.BcelWorld.lookupJavaClass o.a.w.l.LTWWorld@2b4a2ec7 java.util.regex.Pattern, o.a.a.b.c.JavaClass@16fdec90
14:10:27.110 [main] DEBUG org.aspectj.weaver.bcel.BcelWeaver - 14:10:27.110 main < o.a.w.b.BcelWeaver.weaveAndNotify
14:10:27.110 [main] DEBUG org.aspectj.weaver.bcel.BcelWeaver - 14:10:27.110 main < o.a.w.b.BcelWeaver.weave java.util.ArrayList(1)
14:10:27.110 [main] DEBUG o.a.weaver.tools.WeavingAdaptor - 14:10:27.110 main < o.a.w.t.WeavingAdaptor.weaveClass byte[5289]
14:10:27.110 [main] DEBUG org.aspectj.weaver.Dump - 14:10:27.110 main > o.a.w.Dump.dumpOnExit o.a.w.t.WeavingAdaptor$WeavingAdaptorMessageHolder@6a6afff2
14:10:27.110 [main] DEBUG org.aspectj.weaver.Dump - 14:10:27.110 main > o.a.w.Dump.shouldDumpOnExit o.a.w.t.WeavingAdaptor$WeavingAdaptorMessageHolder@6a6afff2
14:10:27.110 [main] DEBUG org.aspectj.weaver.Dump - 14:10:27.110 main - o.a.w.Dump.shouldDumpOnExit abort
14:10:27.111 [main] DEBUG org.aspectj.weaver.Dump - 14:10:27.111 main < o.a.w.Dump.shouldDumpOnExit false
14:10:27.111 [main] DEBUG org.aspectj.weaver.Dump - 14:10:27.111 main < o.a.w.Dump.dumpOnExit Excluded
14:10:27.111 [main] DEBUG org.aspectj.weaver.loadtime.Aj - 14:10:27.111 main < o.a.w.l.Aj.preProcess byte[5289]
14:10:27.115 [main] DEBUG org.aspectj.weaver.loadtime.Aj - 14:10:27.115 main > o.a.w.l.Aj.preProcess o.a.w.l.Aj@b9afc07 org/junit/platform/engine/discovery/ClassSelector, byte[3460], j.i.l.ClassLoaders$AppClassLoader@3cd1a2f1
14:10:27.116 [main] DEBUG org.aspectj.weaver.loadtime.Aj - 14:10:27.115 main - o.a.w.l.Aj.preProcess o.a.w.l.Aj@b9afc07 j.i.l.ClassLoaders$PlatformClassLoader@1ad282e0, j.i.l.ClassLoaders$AppClassLoader@3cd1a2f1
14:10:27.116 [main] DEBUG o.a.weaver.tools.WeavingAdaptor - 14:10:27.116 main > o.a.w.t.WeavingAdaptor.weaveClass o.a.w.l.ClassLoaderWeavingAdaptor@140e5a13 org/junit/platform/engine/discovery/ClassSelector, byte[3460]
14:10:27.117 [main] DEBUG org.aspectj.weaver.bcel.BcelWeaver - 14:10:27.117 main > o.a.w.b.BcelWeaver.weave o.a.w.b.BcelWeaver@48524010 o.a.w.t.WeavingAdaptor$WeavingClassFileProvider@6a55299e
14:10:27.117 [main] DEBUG org.aspectj.weaver.bcel.BcelWeaver - 14:10:27.117 main > o.a.w.b.BcelWeaver.weaveAndNotify o.a.w.b.BcelWeaver@48524010 o.a.w.b.UnwovenClassFile@2f1de2d6, o.a.w.b.BcelObjectType@4eb386df, o.a.w.t.WeavingAdaptor$WeavingClassFileProvider$1@79517588
14:10:27.119 [main] DEBUG org.aspectj.weaver.bcel.BcelWeaver - 14:10:27.119 main < o.a.w.b.BcelWeaver.weaveAndNotify
14:10:27.119 [main] DEBUG org.aspectj.weaver.bcel.BcelWeaver - 14:10:27.119 main < o.a.w.b.BcelWeaver.weave java.util.ArrayList(1)
14:10:27.119 [main] DEBUG o.a.weaver.tools.WeavingAdaptor - 14:10:27.119 main < o.a.w.t.WeavingAdaptor.weaveClass byte[3460]
14:10:27.119 [main] DEBUG org.aspectj.weaver.Dump - 14:10:27.119 main > o.a.w.Dump.dumpOnExit o.a.w.t.WeavingAdaptor$WeavingAdaptorMessageHolder@6a6afff2
14:10:27.119 [main] DEBUG org.aspectj.weaver.Dump - 14:10:27.119 main > o.a.w.Dump.shouldDumpOnExit o.a.w.t.WeavingAdaptor$WeavingAdaptorMessageHolder@6a6afff2
14:10:27.119 [main] DEBUG org.aspectj.weaver.Dump - 14:10:27.119 main - o.a.w.Dump.shouldDumpOnExit abort
14:10:27.120 [main] DEBUG org.aspectj.weaver.Dump - 14:10:27.120 main < o.a.w.Dump.shouldDumpOnExit false
14:10:27.120 [main] DEBUG org.aspectj.weaver.Dump - 14:10:27.120 main < o.a.w.Dump.dumpOnExit Excluded
14:10:27.120 [main] DEBUG org.aspectj.weaver.loadtime.Aj - 14:10:27.120 main < o.a.w.l.Aj.preProcess byte[3460]
14:10:27.128 [main] DEBUG org.aspectj.weaver.loadtime.Aj - 14:10:27.128 main > o.a.w.l.Aj.preProcess o.a.w.l.Aj@b9afc07 org/junit/platform/launcher/core/LauncherConfigurationParameters, byte[8481], j.i.l.ClassLoaders$AppClassLoader@3cd1a2f1
14:10:27.129 [main] DEBUG org.aspectj.weaver.loadtime.Aj - 14:10:27.129 main - o.a.w.l.Aj.preProcess o.a.w.l.Aj@b9afc07 j.i.l.ClassLoaders$PlatformClassLoader@1ad282e0, j.i.l.ClassLoaders$AppClassLoader@3cd1a2f1
14:10:27.129 [main] DEBUG o.a.weaver.tools.WeavingAdaptor - 14:10:27.129 main > o.a.w.t.WeavingAdaptor.weaveClass o.a.w.l.ClassLoaderWeavingAdaptor@140e5a13 org/junit/platform/launcher/core/LauncherConfigurationParameters, byte[8481]
14:10:27.130 [main] DEBUG org.aspectj.weaver.bcel.BcelWeaver - 14:10:27.130 main > o.a.w.b.BcelWeaver.weave o.a.w.b.BcelWeaver@48524010 o.a.w.t.WeavingAdaptor$WeavingClassFileProvider@71c27ee8
14:10:27.130 [main] DEBUG org.aspectj.weaver.bcel.BcelWeaver - 14:10:27.130 main > o.a.w.b.BcelWeaver.weaveAndNotify o.a.w.b.BcelWeaver@48524010 o.a.w.b.UnwovenClassFile@3e7dd664, o.a.w.b.BcelObjectType@5b1ebf56, o.a.w.t.WeavingAdaptor$WeavingClassFileProvider$1@294a6b8e
14:10:27.133 [main] DEBUG org.aspectj.weaver.bcel.BcelWorld - 14:10:27.133 main - o.a.w.b.BcelWorld.lookupJavaClass o.a.w.l.LTWWorld@2b4a2ec7 org.junit.platform.launcher.core.LauncherConfigurationParameters$Builder, o.a.a.b.c.JavaClass@3549bca9
14:10:27.134 [main] DEBUG org.aspectj.weaver.bcel.BcelWorld - 14:10:27.134 main - o.a.w.b.BcelWorld.lookupJavaClass o.a.w.l.LTWWorld@2b4a2ec7 java.net.URL, o.a.a.b.c.JavaClass@548d708a
14:10:27.136 [main] DEBUG org.aspectj.weaver.bcel.BcelWorld - 14:10:27.136 main - o.a.w.b.BcelWorld.lookupJavaClass o.a.w.l.LTWWorld@2b4a2ec7 org.junit.platform.launcher.core.LauncherConfigurationParameters$ParameterProvider, o.a.a.b.c.JavaClass@16414e40
14:10:27.137 [main] DEBUG org.aspectj.weaver.bcel.BcelWeaver - 14:10:27.137 main < o.a.w.b.BcelWeaver.weaveAndNotify
14:10:27.137 [main] DEBUG org.aspectj.weaver.bcel.BcelWeaver - 14:10:27.137 main < o.a.w.b.BcelWeaver.weave java.util.ArrayList(1)
14:10:27.137 [main] DEBUG o.a.weaver.tools.WeavingAdaptor - 14:10:27.137 main < o.a.w.t.WeavingAdaptor.weaveClass byte[8481]
14:10:27.137 [main] DEBUG org.aspectj.weaver.Dump - 14:10:27.137 main > o.a.w.Dump.dumpOnExit o.a.w.t.WeavingAdaptor$WeavingAdaptorMessageHolder@6a6afff2
14:10:27.138 [main] DEBUG org.aspectj.weaver.Dump - 14:10:27.137 main > o.a.w.Dump.shouldDumpOnExit o.a.w.t.WeavingAdaptor$WeavingAdaptorMessageHolder@6a6afff2
14:10:27.138 [main] DEBUG org.aspectj.weaver.Dump - 14:10:27.138 main - o.a.w.Dump.shouldDumpOnExit abort
14:10:27.138 [main] DEBUG org.aspectj.weaver.Dump - 14:10:27.138 main < o.a.w.Dump.shouldDumpOnExit false
14:10:27.138 [main] DEBUG org.aspectj.weaver.Dump - 14:10:27.138 main < o.a.w.Dump.dumpOnExit Excluded
14:10:27.138 [main] DEBUG org.aspectj.weaver.loadtime.Aj - 14:10:27.138 main < o.a.w.l.Aj.preProcess byte[8481]
14:10:27.140 [main] DEBUG org.aspectj.weaver.loadtime.Aj - 14:10:27.140 main > o.a.w.l.Aj.preProcess o.a.w.l.Aj@b9afc07 org/junit/platform/commons/logging/LoggerFactory, byte[2080], j.i.l.ClassLoaders$AppClassLoader@3cd1a2f1
14:10:27.140 [main] DEBUG org.aspectj.weaver.loadtime.Aj - 14:10:27.140 main - o.a.w.l.Aj.preProcess o.a.w.l.Aj@b9afc07 j.i.l.ClassLoaders$PlatformClassLoader@1ad282e0, j.i.l.ClassLoaders$AppClassLoader@3cd1a2f1
14:10:27.140 [main] DEBUG o.a.weaver.tools.WeavingAdaptor - 14:10:27.140 main > o.a.w.t.WeavingAdaptor.weaveClass o.a.w.l.ClassLoaderWeavingAdaptor@140e5a13 org/junit/platform/commons/logging/LoggerFactory, byte[2080]
14:10:27.141 [main] DEBUG org.aspectj.weaver.bcel.BcelWeaver - 14:10:27.141 main > o.a.w.b.BcelWeaver.weave o.a.w.b.BcelWeaver@48524010 o.a.w.t.WeavingAdaptor$WeavingClassFileProvider@53dbe163
14:10:27.142 [main] DEBUG org.aspectj.weaver.bcel.BcelWeaver - 14:10:27.141 main > o.a.w.b.BcelWeaver.weaveAndNotify o.a.w.b.BcelWeaver@48524010 o.a.w.b.UnwovenClassFile@db57326, o.a.w.b.BcelObjectType@34a875b3, o.a.w.t.WeavingAdaptor$WeavingClassFileProvider$1@4748a0f9
14:10:27.144 [main] DEBUG org.aspectj.weaver.bcel.BcelWorld - 14:10:27.143 main - o.a.w.b.BcelWorld.lookupJavaClass o.a.w.l.LTWWorld@2b4a2ec7 org.junit.platform.commons.logging.Logger, o.a.a.b.c.JavaClass@18a136ac
14:10:27.145 [main] DEBUG org.aspectj.weaver.bcel.BcelWorld - 14:10:27.145 main - o.a.w.b.BcelWorld.lookupJavaClass o.a.w.l.LTWWorld@2b4a2ec7 org.junit.platform.commons.logging.LogRecordListener, o.a.a.b.c.JavaClass@176b3f44
14:10:27.146 [main] DEBUG org.aspectj.weaver.bcel.BcelWeaver - 14:10:27.146 main < o.a.w.b.BcelWeaver.weaveAndNotify
14:10:27.146 [main] DEBUG org.aspectj.weaver.bcel.BcelWeaver - 14:10:27.146 main < o.a.w.b.BcelWeaver.weave java.util.ArrayList(1)
14:10:27.147 [main] DEBUG o.a.weaver.tools.WeavingAdaptor - 14:10:27.146 main < o.a.w.t.WeavingAdaptor.weaveClass byte[2080]
14:10:27.147 [main] DEBUG org.aspectj.weaver.Dump - 14:10:27.147 main > o.a.w.Dump.dumpOnExit o.a.w.t.WeavingAdaptor$WeavingAdaptorMessageHolder@6a6afff2
14:10:27.147 [main] DEBUG org.aspectj.weaver.Dump - 14:10:27.147 main > o.a.w.Dump.shouldDumpOnExit o.a.w.t.WeavingAdaptor$WeavingAdaptorMessageHolder@6a6afff2
14:10:27.147 [main] DEBUG org.aspectj.weaver.Dump - 14:10:27.147 main - o.a.w.Dump.shouldDumpOnExit abort
14:10:27.147 [main] DEBUG org.aspectj.weaver.Dump - 14:10:27.147 main < o.a.w.Dump.shouldDumpOnExit false
14:10:27.147 [main] DEBUG org.aspectj.weaver.Dump - 14:10:27.147 main < o.a.w.Dump.dumpOnExit Excluded
14:10:27.147 [main] DEBUG org.aspectj.weaver.loadtime.Aj - 14:10:27.147 main < o.a.w.l.Aj.preProcess byte[2080]
14:10:27.149 [main] DEBUG org.aspectj.weaver.loadtime.Aj - 14:10:27.149 main > o.a.w.l.Aj.preProcess o.a.w.l.Aj@b9afc07 org/junit/platform/commons/logging/Logger, byte[855], j.i.l.ClassLoaders$AppClassLoader@3cd1a2f1
14:10:27.149 [main] DEBUG org.aspectj.weaver.loadtime.Aj - 14:10:27.149 main - o.a.w.l.Aj.preProcess o.a.w.l.Aj@b9afc07 j.i.l.ClassLoaders$PlatformClassLoader@1ad282e0, j.i.l.ClassLoaders$AppClassLoader@3cd1a2f1
14:10:27.149 [main] DEBUG o.a.weaver.tools.WeavingAdaptor - 14:10:27.149 main > o.a.w.t.WeavingAdaptor.weaveClass o.a.w.l.ClassLoaderWeavingAdaptor@140e5a13 org/junit/platform/commons/logging/Logger, byte[855]
14:10:27.150 [main] DEBUG org.aspectj.weaver.bcel.BcelWeaver - 14:10:27.150 main > o.a.w.b.BcelWeaver.weave o.a.w.b.BcelWeaver@48524010 o.a.w.t.WeavingAdaptor$WeavingClassFileProvider@66ac5762
14:10:27.150 [main] DEBUG org.aspectj.weaver.bcel.BcelWeaver - 14:10:27.150 main > o.a.w.b.BcelWeaver.weaveAndNotify o.a.w.b.BcelWeaver@48524010 o.a.w.b.UnwovenClassFile@797cf65c, o.a.w.b.BcelObjectType@31bcf236, o.a.w.t.WeavingAdaptor$WeavingClassFileProvider$1@4b3ed2f0
14:10:27.150 [main] DEBUG org.aspectj.weaver.bcel.BcelWeaver - 14:10:27.150 main < o.a.w.b.BcelWeaver.weaveAndNotify
14:10:27.150 [main] DEBUG org.aspectj.weaver.bcel.BcelWeaver - 14:10:27.150 main < o.a.w.b.BcelWeaver.weave java.util.ArrayList(1)
14:10:27.151 [main] DEBUG o.a.weaver.tools.WeavingAdaptor - 14:10:27.151 main < o.a.w.t.WeavingAdaptor.weaveClass byte[855]
14:10:27.151 [main] DEBUG org.aspectj.weaver.Dump - 14:10:27.151 main > o.a.w.Dump.dumpOnExit o.a.w.t.WeavingAdaptor$WeavingAdaptorMessageHolder@6a6afff2
14:10:27.151 [main] DEBUG org.aspectj.weaver.Dump - 14:10:27.151 main > o.a.w.Dump.shouldDumpOnExit o.a.w.t.WeavingAdaptor$WeavingAdaptorMessageHolder@6a6afff2
14:10:27.151 [main] DEBUG org.aspectj.weaver.Dump - 14:10:27.151 main - o.a.w.Dump.shouldDumpOnExit abort
14:10:27.151 [main] DEBUG org.aspectj.weaver.Dump - 14:10:27.151 main < o.a.w.Dump.shouldDumpOnExit false
14:10:27.151 [main] DEBUG org.aspectj.weaver.Dump - 14:10:27.151 main < o.a.w.Dump.dumpOnExit Excluded
14:10:27.151 [main] DEBUG org.aspectj.weaver.loadtime.Aj - 14:10:27.151 main < o.a.w.l.Aj.preProcess byte[855]
14:10:27.153 [main] DEBUG org.aspectj.weaver.loadtime.Aj - 14:10:27.152 main > o.a.w.l.Aj.preProcess o.a.w.l.Aj@b9afc07 org/junit/platform/commons/logging/LoggerFactory$DelegatingLogger, byte[6274], j.i.l.ClassLoaders$AppClassLoader@3cd1a2f1
14:10:27.153 [main] DEBUG org.aspectj.weaver.loadtime.Aj - 14:10:27.153 main - o.a.w.l.Aj.preProcess o.a.w.l.Aj@b9afc07 j.i.l.ClassLoaders$PlatformClassLoader@1ad282e0, j.i.l.ClassLoaders$AppClassLoader@3cd1a2f1
14:10:27.153 [main] DEBUG o.a.weaver.tools.WeavingAdaptor - 14:10:27.153 main > o.a.w.t.WeavingAdaptor.weaveClass o.a.w.l.ClassLoaderWeavingAdaptor@140e5a13 org/junit/platform/commons/logging/LoggerFactory$DelegatingLogger, byte[6274]
14:10:27.154 [main] DEBUG org.aspectj.weaver.bcel.BcelWeaver - 14:10:27.154 main > o.a.w.b.BcelWeaver.weave o.a.w.b.BcelWeaver@48524010 o.a.w.t.WeavingAdaptor$WeavingClassFileProvider@3a12c404
14:10:27.154 [main] DEBUG org.aspectj.weaver.bcel.BcelWeaver - 14:10:27.154 main > o.a.w.b.BcelWeaver.weaveAndNotify o.a.w.b.BcelWeaver@48524010 o.a.w.b.UnwovenClassFile@1941a8ff, o.a.w.b.BcelObjectType@22d7b4f8, o.a.w.t.WeavingAdaptor$WeavingClassFileProvider$1@149dd36b
14:10:27.156 [main] DEBUG org.aspectj.weaver.bcel.BcelWorld - 14:10:27.156 main - o.a.w.b.BcelWorld.lookupJavaClass o.a.w.l.LTWWorld@2b4a2ec7 java.util.logging.Level, o.a.a.b.c.JavaClass@2c1156a7
14:10:27.158 [main] DEBUG org.aspectj.weaver.bcel.BcelWorld - 14:10:27.157 main - o.a.w.b.BcelWorld.lookupJavaClass o.a.w.l.LTWWorld@2b4a2ec7 java.util.logging.LogRecord, o.a.a.b.c.JavaClass@33fe57a9
14:10:27.158 [main] DEBUG org.aspectj.weaver.bcel.BcelWeaver - 14:10:27.158 main < o.a.w.b.BcelWeaver.weaveAndNotify
14:10:27.158 [main] DEBUG org.aspectj.weaver.bcel.BcelWeaver - 14:10:27.158 main < o.a.w.b.BcelWeaver.weave java.util.ArrayList(1)
14:10:27.158 [main] DEBUG o.a.weaver.tools.WeavingAdaptor - 14:10:27.158 main < o.a.w.t.WeavingAdaptor.weaveClass byte[6274]
14:10:27.158 [main] DEBUG org.aspectj.weaver.Dump - 14:10:27.158 main > o.a.w.Dump.dumpOnExit o.a.w.t.WeavingAdaptor$WeavingAdaptorMessageHolder@6a6afff2
14:10:27.159 [main] DEBUG org.aspectj.weaver.Dump - 14:10:27.159 main > o.a.w.Dump.shouldDumpOnExit o.a.w.t.WeavingAdaptor$WeavingAdaptorMessageHolder@6a6afff2
14:10:27.159 [main] DEBUG org.aspectj.weaver.Dump - 14:10:27.159 main - o.a.w.Dump.shouldDumpOnExit abort
14:10:27.159 [main] DEBUG org.aspectj.weaver.Dump - 14:10:27.159 main < o.a.w.Dump.shouldDumpOnExit false
14:10:27.159 [main] DEBUG org.aspectj.weaver.Dump - 14:10:27.159 main < o.a.w.Dump.dumpOnExit Excluded
14:10:27.159 [main] DEBUG org.aspectj.weaver.loadtime.Aj - 14:10:27.159 main < o.a.w.l.Aj.preProcess byte[6274]
14:10:27.161 [main] DEBUG org.aspectj.weaver.loadtime.Aj - 14:10:27.161 main > o.a.w.l.Aj.preProcess o.a.w.l.Aj@b9afc07 org/junit/platform/launcher/core/LauncherConfigurationParameters$Builder, byte[4045], j.i.l.ClassLoaders$AppClassLoader@3cd1a2f1
14:10:27.161 [main] DEBUG org.aspectj.weaver.loadtime.Aj - 14:10:27.161 main - o.a.w.l.Aj.preProcess o.a.w.l.Aj@b9afc07 j.i.l.ClassLoaders$PlatformClassLoader@1ad282e0, j.i.l.ClassLoaders$AppClassLoader@3cd1a2f1
14:10:27.161 [main] DEBUG o.a.weaver.tools.WeavingAdaptor - 14:10:27.161 main > o.a.w.t.WeavingAdaptor.weaveClass o.a.w.l.ClassLoaderWeavingAdaptor@140e5a13 org/junit/platform/launcher/core/LauncherConfigurationParameters$Builder, byte[4045]
14:10:27.166 [main] DEBUG org.aspectj.weaver.bcel.BcelWeaver - 14:10:27.166 main > o.a.w.b.BcelWeaver.weave o.a.w.b.BcelWeaver@48524010 o.a.w.t.WeavingAdaptor$WeavingClassFileProvider@71529963
14:10:27.167 [main] DEBUG org.aspectj.weaver.bcel.BcelWeaver - 14:10:27.167 main > o.a.w.b.BcelWeaver.weaveAndNotify o.a.w.b.BcelWeaver@48524010 o.a.w.b.UnwovenClassFile@61a88b8c, o.a.w.b.BcelObjectType@22295ec4, o.a.w.t.WeavingAdaptor$WeavingClassFileProvider$1@5adb0db3
14:10:27.168 [main] DEBUG org.aspectj.weaver.bcel.BcelWeaver - 14:10:27.168 main < o.a.w.b.BcelWeaver.weaveAndNotify
14:10:27.168 [main] DEBUG org.aspectj.weaver.bcel.BcelWeaver - 14:10:27.168 main < o.a.w.b.BcelWeaver.weave java.util.ArrayList(1)
14:10:27.168 [main] DEBUG o.a.weaver.tools.WeavingAdaptor - 14:10:27.168 main < o.a.w.t.WeavingAdaptor.weaveClass byte[4045]
14:10:27.168 [main] DEBUG org.aspectj.weaver.Dump - 14:10:27.168 main > o.a.w.Dump.dumpOnExit o.a.w.t.WeavingAdaptor$WeavingAdaptorMessageHolder@6a6afff2
14:10:27.169 [main] DEBUG org.aspectj.weaver.Dump - 14:10:27.168 main > o.a.w.Dump.shouldDumpOnExit o.a.w.t.WeavingAdaptor$WeavingAdaptorMessageHolder@6a6afff2
14:10:27.169 [main] DEBUG org.aspectj.weaver.Dump - 14:10:27.169 main - o.a.w.Dump.shouldDumpOnExit abort
14:10:27.169 [main] DEBUG org.aspectj.weaver.Dump - 14:10:27.169 main < o.a.w.Dump.shouldDumpOnExit false
14:10:27.169 [main] DEBUG org.aspectj.weaver.Dump - 14:10:27.169 main < o.a.w.Dump.dumpOnExit Excluded
14:10:27.169 [main] DEBUG org.aspectj.weaver.loadtime.Aj - 14:10:27.169 main < o.a.w.l.Aj.preProcess byte[4045]
14:10:27.171 [main] DEBUG org.aspectj.weaver.loadtime.Aj - 14:10:27.170 main > o.a.w.l.Aj.preProcess o.a.w.l.Aj@b9afc07 org/junit/platform/launcher/core/LauncherConfigurationParameters$ParameterProvider, byte[2643], j.i.l.ClassLoaders$AppClassLoader@3cd1a2f1
14:10:27.171 [main] DEBUG org.aspectj.weaver.loadtime.Aj - 14:10:27.171 main - o.a.w.l.Aj.preProcess o.a.w.l.Aj@b9afc07 j.i.l.ClassLoaders$PlatformClassLoader@1ad282e0, j.i.l.ClassLoaders$AppClassLoader@3cd1a2f1
14:10:27.171 [main] DEBUG o.a.weaver.tools.WeavingAdaptor - 14:10:27.171 main > o.a.w.t.WeavingAdaptor.weaveClass o.a.w.l.ClassLoaderWeavingAdaptor@140e5a13 org/junit/platform/launcher/core/LauncherConfigurationParameters$ParameterProvider, byte[2643]
14:10:27.171 [main] DEBUG org.aspectj.weaver.bcel.BcelWeaver - 14:10:27.171 main > o.a.w.b.BcelWeaver.weave o.a.w.b.BcelWeaver@48524010 o.a.w.t.WeavingAdaptor$WeavingClassFileProvider@2250b9f2
14:10:27.172 [main] DEBUG org.aspectj.weaver.bcel.BcelWeaver - 14:10:27.171 main > o.a.w.b.BcelWeaver.weaveAndNotify o.a.w.b.BcelWeaver@48524010 o.a.w.b.UnwovenClassFile@7e3181aa, o.a.w.b.BcelObjectType@253d9f73, o.a.w.t.WeavingAdaptor$WeavingClassFileProvider$1@142269f2
14:10:27.172 [main] DEBUG org.aspectj.weaver.bcel.BcelWeaver - 14:10:27.172 main < o.a.w.b.BcelWeaver.weaveAndNotify
14:10:27.172 [main] DEBUG org.aspectj.weaver.bcel.BcelWeaver - 14:10:27.172 main < o.a.w.b.BcelWeaver.weave java.util.ArrayList(1)
14:10:27.172 [main] DEBUG o.a.weaver.tools.WeavingAdaptor - 14:10:27.172 main < o.a.w.t.WeavingAdaptor.weaveClass byte[2643]
14:10:27.173 [main] DEBUG org.aspectj.weaver.Dump - 14:10:27.172 main > o.a.w.Dump.dumpOnExit o.a.w.t.WeavingAdaptor$WeavingAdaptorMessageHolder@6a6afff2
14:10:27.173 [main] DEBUG org.aspectj.weaver.Dump - 14:10:27.173 main > o.a.w.Dump.shouldDumpOnExit o.a.w.t.WeavingAdaptor$WeavingAdaptorMessageHolder@6a6afff2
14:10:27.173 [main] DEBUG org.aspectj.weaver.Dump - 14:10:27.173 main - o.a.w.Dump.shouldDumpOnExit abort
14:10:27.173 [main] DEBUG org.aspectj.weaver.Dump - 14:10:27.173 main < o.a.w.Dump.shouldDumpOnExit false
14:10:27.173 [main] DEBUG org.aspectj.weaver.Dump - 14:10:27.173 main < o.a.w.Dump.dumpOnExit Excluded
14:10:27.173 [main] DEBUG org.aspectj.weaver.loadtime.Aj - 14:10:27.173 main < o.a.w.l.Aj.preProcess byte[2643]
14:10:27.175 [main] DEBUG org.aspectj.weaver.loadtime.Aj - 14:10:27.175 main > o.a.w.l.Aj.preProcess o.a.w.l.Aj@b9afc07 org/junit/platform/launcher/core/LauncherConfigurationParameters$ParameterProvider$2, byte[1216], j.i.l.ClassLoaders$AppClassLoader@3cd1a2f1
14:10:27.175 [main] DEBUG org.aspectj.weaver.loadtime.Aj - 14:10:27.175 main - o.a.w.l.Aj.preProcess o.a.w.l.Aj@b9afc07 j.i.l.ClassLoaders$PlatformClassLoader@1ad282e0, j.i.l.ClassLoaders$AppClassLoader@3cd1a2f1
14:10:27.175 [main] DEBUG o.a.weaver.tools.WeavingAdaptor - 14:10:27.175 main > o.a.w.t.WeavingAdaptor.weaveClass o.a.w.l.ClassLoaderWeavingAdaptor@140e5a13 org/junit/platform/launcher/core/LauncherConfigurationParameters$ParameterProvider$2, byte[1216]
14:10:27.175 [main] DEBUG org.aspectj.weaver.bcel.BcelWeaver - 14:10:27.175 main > o.a.w.b.BcelWeaver.weave o.a.w.b.BcelWeaver@48524010 o.a.w.t.WeavingAdaptor$WeavingClassFileProvider@6aa3a905
14:10:27.176 [main] DEBUG org.aspectj.weaver.bcel.BcelWeaver - 14:10:27.176 main > o.a.w.b.BcelWeaver.weaveAndNotify o.a.w.b.BcelWeaver@48524010 o.a.w.b.UnwovenClassFile@a22cb6a, o.a.w.b.BcelObjectType@5dd1c9f2, o.a.w.t.WeavingAdaptor$WeavingClassFileProvider$1@59b38691
14:10:27.177 [main] DEBUG org.aspectj.weaver.bcel.BcelWeaver - 14:10:27.177 main < o.a.w.b.BcelWeaver.weaveAndNotify
14:10:27.177 [main] DEBUG org.aspectj.weaver.bcel.BcelWeaver - 14:10:27.177 main < o.a.w.b.BcelWeaver.weave java.util.ArrayList(1)
14:10:27.177 [main] DEBUG o.a.weaver.tools.WeavingAdaptor - 14:10:27.177 main < o.a.w.t.WeavingAdaptor.weaveClass byte[1216]
14:10:27.177 [main] DEBUG org.aspectj.weaver.Dump - 14:10:27.177 main > o.a.w.Dump.dumpOnExit o.a.w.t.WeavingAdaptor$WeavingAdaptorMessageHolder@6a6afff2
14:10:27.177 [main] DEBUG org.aspectj.weaver.Dump - 14:10:27.177 main > o.a.w.Dump.shouldDumpOnExit o.a.w.t.WeavingAdaptor$WeavingAdaptorMessageHolder@6a6afff2
14:10:27.177 [main] DEBUG org.aspectj.weaver.Dump - 14:10:27.177 main - o.a.w.Dump.shouldDumpOnExit abort
14:10:27.177 [main] DEBUG org.aspectj.weaver.Dump - 14:10:27.177 main < o.a.w.Dump.shouldDumpOnExit false
14:10:27.177 [main] DEBUG org.aspectj.weaver.Dump - 14:10:27.177 main < o.a.w.Dump.dumpOnExit Excluded
14:10:27.177 [main] DEBUG org.aspectj.weaver.loadtime.Aj - 14:10:27.177 main < o.a.w.l.Aj.preProcess byte[1216]
14:10:27.179 [main] DEBUG org.aspectj.weaver.loadtime.Aj - 14:10:27.179 main > o.a.w.l.Aj.preProcess o.a.w.l.Aj@b9afc07 org/junit/platform/commons/util/ClassLoaderUtils, byte[2763], j.i.l.ClassLoaders$AppClassLoader@3cd1a2f1
14:10:27.179 [main] DEBUG org.aspectj.weaver.loadtime.Aj - 14:10:27.179 main - o.a.w.l.Aj.preProcess o.a.w.l.Aj@b9afc07 j.i.l.ClassLoaders$PlatformClassLoader@1ad282e0, j.i.l.ClassLoaders$AppClassLoader@3cd1a2f1
14:10:27.179 [main] DEBUG o.a.weaver.tools.WeavingAdaptor - 14:10:27.179 main > o.a.w.t.WeavingAdaptor.weaveClass o.a.w.l.ClassLoaderWeavingAdaptor@140e5a13 org/junit/platform/commons/util/ClassLoaderUtils, byte[2763]
14:10:27.180 [main] DEBUG org.aspectj.weaver.bcel.BcelWeaver - 14:10:27.180 main > o.a.w.b.BcelWeaver.weave o.a.w.b.BcelWeaver@48524010 o.a.w.t.WeavingAdaptor$WeavingClassFileProvider@17aad511
14:10:27.180 [main] DEBUG org.aspectj.weaver.bcel.BcelWeaver - 14:10:27.180 main > o.a.w.b.BcelWeaver.weaveAndNotify o.a.w.b.BcelWeaver@48524010 o.a.w.b.UnwovenClassFile@487db668, o.a.w.b.BcelObjectType@46944ca9, o.a.w.t.WeavingAdaptor$WeavingClassFileProvider$1@22bac7bc
14:10:27.181 [main] DEBUG org.aspectj.weaver.bcel.BcelWeaver - 14:10:27.181 main < o.a.w.b.BcelWeaver.weaveAndNotify
14:10:27.181 [main] DEBUG org.aspectj.weaver.bcel.BcelWeaver - 14:10:27.181 main < o.a.w.b.BcelWeaver.weave java.util.ArrayList(1)
14:10:27.181 [main] DEBUG o.a.weaver.tools.WeavingAdaptor - 14:10:27.181 main < o.a.w.t.WeavingAdaptor.weaveClass byte[2763]
14:10:27.181 [main] DEBUG org.aspectj.weaver.Dump - 14:10:27.181 main > o.a.w.Dump.dumpOnExit o.a.w.t.WeavingAdaptor$WeavingAdaptorMessageHolder@6a6afff2
14:10:27.181 [main] DEBUG org.aspectj.weaver.Dump - 14:10:27.181 main > o.a.w.Dump.shouldDumpOnExit o.a.w.t.WeavingAdaptor$WeavingAdaptorMessageHolder@6a6afff2
14:10:27.181 [main] DEBUG org.aspectj.weaver.Dump - 14:10:27.181 main - o.a.w.Dump.shouldDumpOnExit abort
14:10:27.181 [main] DEBUG org.aspectj.weaver.Dump - 14:10:27.181 main < o.a.w.Dump.shouldDumpOnExit false
14:10:27.181 [main] DEBUG org.aspectj.weaver.Dump - 14:10:27.181 main < o.a.w.Dump.dumpOnExit Excluded
14:10:27.181 [main] DEBUG org.aspectj.weaver.loadtime.Aj - 14:10:27.181 main < o.a.w.l.Aj.preProcess byte[2763]
14:10:27.183 [main] DEBUG org.aspectj.weaver.loadtime.Aj - 14:10:27.183 main > o.a.w.l.Aj.preProcess o.a.w.l.Aj@b9afc07 org/junit/platform/launcher/core/LauncherConfigurationParameters$ParameterProvider$3, byte[2487], j.i.l.ClassLoaders$AppClassLoader@3cd1a2f1
14:10:27.184 [main] DEBUG org.aspectj.weaver.loadtime.Aj - 14:10:27.184 main - o.a.w.l.Aj.preProcess o.a.w.l.Aj@b9afc07 j.i.l.ClassLoaders$PlatformClassLoader@1ad282e0, j.i.l.ClassLoaders$AppClassLoader@3cd1a2f1
14:10:27.184 [main] DEBUG o.a.weaver.tools.WeavingAdaptor - 14:10:27.184 main > o.a.w.t.WeavingAdaptor.weaveClass o.a.w.l.ClassLoaderWeavingAdaptor@140e5a13 org/junit/platform/launcher/core/LauncherConfigurationParameters$ParameterProvider$3, byte[2487]
14:10:27.184 [main] DEBUG org.aspectj.weaver.bcel.BcelWeaver - 14:10:27.184 main > o.a.w.b.BcelWeaver.weave o.a.w.b.BcelWeaver@48524010 o.a.w.t.WeavingAdaptor$WeavingClassFileProvider@2a448449
14:10:27.184 [main] DEBUG org.aspectj.weaver.bcel.BcelWeaver - 14:10:27.184 main > o.a.w.b.BcelWeaver.weaveAndNotify o.a.w.b.BcelWeaver@48524010 o.a.w.b.UnwovenClassFile@32f232a5, o.a.w.b.BcelObjectType@43f82e78, o.a.w.t.WeavingAdaptor$WeavingClassFileProvider$1@e54303
14:10:27.187 [main] DEBUG org.aspectj.weaver.bcel.BcelWorld - 14:10:27.187 main - o.a.w.b.BcelWorld.lookupJavaClass o.a.w.l.LTWWorld@2b4a2ec7 org.junit.platform.commons.util.ToStringBuilder, o.a.a.b.c.JavaClass@517566b
14:10:27.187 [main] DEBUG org.aspectj.weaver.bcel.BcelWeaver - 14:10:27.187 main < o.a.w.b.BcelWeaver.weaveAndNotify
14:10:27.187 [main] DEBUG org.aspectj.weaver.bcel.BcelWeaver - 14:10:27.187 main < o.a.w.b.BcelWeaver.weave java.util.ArrayList(1)
14:10:27.188 [main] DEBUG o.a.weaver.tools.WeavingAdaptor - 14:10:27.188 main < o.a.w.t.WeavingAdaptor.weaveClass byte[2487]
14:10:27.188 [main] DEBUG org.aspectj.weaver.Dump - 14:10:27.188 main > o.a.w.Dump.dumpOnExit o.a.w.t.WeavingAdaptor$WeavingAdaptorMessageHolder@6a6afff2
14:10:27.188 [main] DEBUG org.aspectj.weaver.Dump - 14:10:27.188 main > o.a.w.Dump.shouldDumpOnExit o.a.w.t.WeavingAdaptor$WeavingAdaptorMessageHolder@6a6afff2
14:10:27.188 [main] DEBUG org.aspectj.weaver.Dump - 14:10:27.188 main - o.a.w.Dump.shouldDumpOnExit abort
14:10:27.188 [main] DEBUG org.aspectj.weaver.Dump - 14:10:27.188 main < o.a.w.Dump.shouldDumpOnExit false
14:10:27.188 [main] DEBUG org.aspectj.weaver.Dump - 14:10:27.188 main < o.a.w.Dump.dumpOnExit Excluded
14:10:27.188 [main] DEBUG org.aspectj.weaver.loadtime.Aj - 14:10:27.188 main < o.a.w.l.Aj.preProcess byte[2487]
14:10:27.192 [main] DEBUG org.aspectj.weaver.loadtime.Aj - 14:10:27.192 main > o.a.w.l.Aj.preProcess o.a.w.l.Aj@b9afc07 org/junit/platform/launcher/listeners/discovery/LauncherDiscoveryListeners, byte[6515], j.i.l.ClassLoaders$AppClassLoader@3cd1a2f1
14:10:27.192 [main] DEBUG org.aspectj.weaver.loadtime.Aj - 14:10:27.192 main - o.a.w.l.Aj.preProcess o.a.w.l.Aj@b9afc07 j.i.l.ClassLoaders$PlatformClassLoader@1ad282e0, j.i.l.ClassLoaders$AppClassLoader@3cd1a2f1
14:10:27.192 [main] DEBUG o.a.weaver.tools.WeavingAdaptor - 14:10:27.192 main > o.a.w.t.WeavingAdaptor.weaveClass o.a.w.l.ClassLoaderWeavingAdaptor@140e5a13 org/junit/platform/launcher/listeners/discovery/LauncherDiscoveryListeners, byte[6515]
14:10:27.193 [main] DEBUG org.aspectj.weaver.bcel.BcelWeaver - 14:10:27.192 main > o.a.w.b.BcelWeaver.weave o.a.w.b.BcelWeaver@48524010 o.a.w.t.WeavingAdaptor$WeavingClassFileProvider@2b4c1d96
14:10:27.193 [main] DEBUG org.aspectj.weaver.bcel.BcelWeaver - 14:10:27.193 main > o.a.w.b.BcelWeaver.weaveAndNotify o.a.w.b.BcelWeaver@48524010 o.a.w.b.UnwovenClassFile@45fd9a4d, o.a.w.b.BcelObjectType@50468873, o.a.w.t.WeavingAdaptor$WeavingClassFileProvider$1@146587a2
14:10:27.195 [main] DEBUG org.aspectj.weaver.bcel.BcelWorld - 14:10:27.195 main - o.a.w.b.BcelWorld.lookupJavaClass o.a.w.l.LTWWorld@2b4a2ec7 org.junit.platform.launcher.listeners.discovery.LauncherDiscoveryListeners$LauncherDiscoveryListenerType, o.a.a.b.c.JavaClass@2a898881
14:10:27.196 [main] DEBUG org.aspectj.weaver.bcel.BcelWeaver - 14:10:27.196 main < o.a.w.b.BcelWeaver.weaveAndNotify
14:10:27.196 [main] DEBUG org.aspectj.weaver.bcel.BcelWeaver - 14:10:27.196 main < o.a.w.b.BcelWeaver.weave java.util.ArrayList(1)
14:10:27.196 [main] DEBUG o.a.weaver.tools.WeavingAdaptor - 14:10:27.196 main < o.a.w.t.WeavingAdaptor.weaveClass byte[6515]
14:10:27.196 [main] DEBUG org.aspectj.weaver.Dump - 14:10:27.196 main > o.a.w.Dump.dumpOnExit o.a.w.t.WeavingAdaptor$WeavingAdaptorMessageHolder@6a6afff2
14:10:27.197 [main] DEBUG org.aspectj.weaver.Dump - 14:10:27.197 main > o.a.w.Dump.shouldDumpOnExit o.a.w.t.WeavingAdaptor$WeavingAdaptorMessageHolder@6a6afff2
14:10:27.197 [main] DEBUG org.aspectj.weaver.Dump - 14:10:27.197 main - o.a.w.Dump.shouldDumpOnExit abort
14:10:27.197 [main] DEBUG org.aspectj.weaver.Dump - 14:10:27.197 main < o.a.w.Dump.shouldDumpOnExit false
14:10:27.197 [main] DEBUG org.aspectj.weaver.Dump - 14:10:27.197 main < o.a.w.Dump.dumpOnExit Excluded
14:10:27.197 [main] DEBUG org.aspectj.weaver.loadtime.Aj - 14:10:27.197 main < o.a.w.l.Aj.preProcess byte[6515]
14:10:27.199 [main] DEBUG org.aspectj.weaver.loadtime.Aj - 14:10:27.199 main > o.a.w.l.Aj.preProcess o.a.w.l.Aj@b9afc07 org/junit/platform/launcher/LauncherDiscoveryListener, byte[1577], j.i.l.ClassLoaders$AppClassLoader@3cd1a2f1
14:10:27.199 [main] DEBUG org.aspectj.weaver.loadtime.Aj - 14:10:27.199 main - o.a.w.l.Aj.preProcess o.a.w.l.Aj@b9afc07 j.i.l.ClassLoaders$PlatformClassLoader@1ad282e0, j.i.l.ClassLoaders$AppClassLoader@3cd1a2f1
14:10:27.199 [main] DEBUG o.a.weaver.tools.WeavingAdaptor - 14:10:27.199 main > o.a.w.t.WeavingAdaptor.weaveClass o.a.w.l.ClassLoaderWeavingAdaptor@140e5a13 org/junit/platform/launcher/LauncherDiscoveryListener, byte[1577]
14:10:27.200 [main] DEBUG org.aspectj.weaver.bcel.BcelWeaver - 14:10:27.200 main > o.a.w.b.BcelWeaver.weave o.a.w.b.BcelWeaver@48524010 o.a.w.t.WeavingAdaptor$WeavingClassFileProvider@6986bbaf
14:10:27.201 [main] DEBUG org.aspectj.weaver.bcel.BcelWeaver - 14:10:27.200 main > o.a.w.b.BcelWeaver.weaveAndNotify o.a.w.b.BcelWeaver@48524010 o.a.w.b.UnwovenClassFile@4879dfad, o.a.w.b.BcelObjectType@4758820d, o.a.w.t.WeavingAdaptor$WeavingClassFileProvider$1@74eb909f
14:10:27.204 [main] DEBUG org.aspectj.weaver.bcel.BcelWorld - 14:10:27.204 main - o.a.w.b.BcelWorld.lookupJavaClass o.a.w.l.LTWWorld@2b4a2ec7 org.junit.platform.launcher.EngineDiscoveryResult, o.a.a.b.c.JavaClass@2da59753
14:10:27.205 [main] DEBUG org.aspectj.weaver.bcel.BcelWeaver - 14:10:27.205 main < o.a.w.b.BcelWeaver.weaveAndNotify
14:10:27.205 [main] DEBUG org.aspectj.weaver.bcel.BcelWeaver - 14:10:27.205 main < o.a.w.b.BcelWeaver.weave java.util.ArrayList(1)
14:10:27.205 [main] DEBUG o.a.weaver.tools.WeavingAdaptor - 14:10:27.205 main < o.a.w.t.WeavingAdaptor.weaveClass byte[1577]
14:10:27.205 [main] DEBUG org.aspectj.weaver.Dump - 14:10:27.205 main > o.a.w.Dump.dumpOnExit o.a.w.t.WeavingAdaptor$WeavingAdaptorMessageHolder@6a6afff2
14:10:27.206 [main] DEBUG org.aspectj.weaver.Dump - 14:10:27.206 main > o.a.w.Dump.shouldDumpOnExit o.a.w.t.WeavingAdaptor$WeavingAdaptorMessageHolder@6a6afff2
14:10:27.206 [main] DEBUG org.aspectj.weaver.Dump - 14:10:27.206 main - o.a.w.Dump.shouldDumpOnExit abort
14:10:27.206 [main] DEBUG org.aspectj.weaver.Dump - 14:10:27.206 main < o.a.w.Dump.shouldDumpOnExit false
14:10:27.206 [main] DEBUG org.aspectj.weaver.Dump - 14:10:27.206 main < o.a.w.Dump.dumpOnExit Excluded
14:10:27.206 [main] DEBUG org.aspectj.weaver.loadtime.Aj - 14:10:27.206 main < o.a.w.l.Aj.preProcess byte[1577]
14:10:27.208 [main] DEBUG org.aspectj.weaver.loadtime.Aj - 14:10:27.207 main > o.a.w.l.Aj.preProcess o.a.w.l.Aj@b9afc07 org/junit/platform/engine/EngineDiscoveryListener, byte[1112], j.i.l.ClassLoaders$AppClassLoader@3cd1a2f1
14:10:27.208 [main] DEBUG org.aspectj.weaver.loadtime.Aj - 14:10:27.208 main - o.a.w.l.Aj.preProcess o.a.w.l.Aj@b9afc07 j.i.l.ClassLoaders$PlatformClassLoader@1ad282e0, j.i.l.ClassLoaders$AppClassLoader@3cd1a2f1
14:10:27.209 [main] DEBUG o.a.weaver.tools.WeavingAdaptor - 14:10:27.208 main > o.a.w.t.WeavingAdaptor.weaveClass o.a.w.l.ClassLoaderWeavingAdaptor@140e5a13 org/junit/platform/engine/EngineDiscoveryListener, byte[1112]
14:10:27.209 [main] DEBUG org.aspectj.weaver.bcel.BcelWeaver - 14:10:27.209 main > o.a.w.b.BcelWeaver.weave o.a.w.b.BcelWeaver@48524010 o.a.w.t.WeavingAdaptor$WeavingClassFileProvider@13d9b21f
14:10:27.209 [main] DEBUG org.aspectj.weaver.bcel.BcelWeaver - 14:10:27.209 main > o.a.w.b.BcelWeaver.weaveAndNotify o.a.w.b.BcelWeaver@48524010 o.a.w.b.UnwovenClassFile@2826f61, o.a.w.b.BcelObjectType@62727399, o.a.w.t.WeavingAdaptor$WeavingClassFileProvider$1@4d9ac0b4
14:10:27.211 [main] DEBUG org.aspectj.weaver.bcel.BcelWorld - 14:10:27.211 main - o.a.w.b.BcelWorld.lookupJavaClass o.a.w.l.LTWWorld@2b4a2ec7 org.junit.platform.engine.SelectorResolutionResult, o.a.a.b.c.JavaClass@737a135b
14:10:27.212 [main] DEBUG org.aspectj.weaver.bcel.BcelWeaver - 14:10:27.212 main < o.a.w.b.BcelWeaver.weaveAndNotify
14:10:27.212 [main] DEBUG org.aspectj.weaver.bcel.BcelWeaver - 14:10:27.212 main < o.a.w.b.BcelWeaver.weave java.util.ArrayList(1)
14:10:27.213 [main] DEBUG o.a.weaver.tools.WeavingAdaptor - 14:10:27.213 main < o.a.w.t.WeavingAdaptor.weaveClass byte[1112]
14:10:27.213 [main] DEBUG org.aspectj.weaver.Dump - 14:10:27.213 main > o.a.w.Dump.dumpOnExit o.a.w.t.WeavingAdaptor$WeavingAdaptorMessageHolder@6a6afff2
14:10:27.213 [main] DEBUG org.aspectj.weaver.Dump - 14:10:27.213 main > o.a.w.Dump.shouldDumpOnExit o.a.w.t.WeavingAdaptor$WeavingAdaptorMessageHolder@6a6afff2
14:10:27.213 [main] DEBUG org.aspectj.weaver.Dump - 14:10:27.213 main - o.a.w.Dump.shouldDumpOnExit abort
14:10:27.213 [main] DEBUG org.aspectj.weaver.Dump - 14:10:27.213 main < o.a.w.Dump.shouldDumpOnExit false
14:10:27.213 [main] DEBUG org.aspectj.weaver.Dump - 14:10:27.213 main < o.a.w.Dump.dumpOnExit Excluded
14:10:27.213 [main] DEBUG org.aspectj.weaver.loadtime.Aj - 14:10:27.213 main < o.a.w.l.Aj.preProcess byte[1112]
14:10:27.215 [main] DEBUG org.aspectj.weaver.loadtime.Aj - 14:10:27.215 main > o.a.w.l.Aj.preProcess o.a.w.l.Aj@b9afc07 org/junit/platform/launcher/listeners/discovery/LauncherDiscoveryListeners$LauncherDiscoveryListenerType, byte[3174], j.i.l.ClassLoaders$AppClassLoader@3cd1a2f1
14:10:27.215 [main] DEBUG org.aspectj.weaver.loadtime.Aj - 14:10:27.215 main - o.a.w.l.Aj.preProcess o.a.w.l.Aj@b9afc07 j.i.l.ClassLoaders$PlatformClassLoader@1ad282e0, j.i.l.ClassLoaders$AppClassLoader@3cd1a2f1
14:10:27.216 [main] DEBUG o.a.weaver.tools.WeavingAdaptor - 14:10:27.216 main > o.a.w.t.WeavingAdaptor.weaveClass o.a.w.l.ClassLoaderWeavingAdaptor@140e5a13 org/junit/platform/launcher/listeners/discovery/LauncherDiscoveryListeners$LauncherDiscoveryListenerType, byte[3174]
14:10:27.216 [main] DEBUG org.aspectj.weaver.bcel.BcelWeaver - 14:10:27.216 main > o.a.w.b.BcelWeaver.weave o.a.w.b.BcelWeaver@48524010 o.a.w.t.WeavingAdaptor$WeavingClassFileProvider@1e636ea3
14:10:27.216 [main] DEBUG org.aspectj.weaver.bcel.BcelWeaver - 14:10:27.216 main > o.a.w.b.BcelWeaver.weaveAndNotify o.a.w.b.BcelWeaver@48524010 o.a.w.b.UnwovenClassFile@115667d, o.a.w.b.BcelObjectType@736caf7a, o.a.w.t.WeavingAdaptor$WeavingClassFileProvider$1@4ce7fffa
14:10:27.219 [main] DEBUG org.aspectj.weaver.bcel.BcelWeaver - 14:10:27.219 main < o.a.w.b.BcelWeaver.weaveAndNotify
14:10:27.220 [main] DEBUG org.aspectj.weaver.bcel.BcelWeaver - 14:10:27.220 main < o.a.w.b.BcelWeaver.weave java.util.ArrayList(1)
14:10:27.220 [main] DEBUG o.a.weaver.tools.WeavingAdaptor - 14:10:27.220 main < o.a.w.t.WeavingAdaptor.weaveClass byte[3174]
14:10:27.220 [main] DEBUG org.aspectj.weaver.Dump - 14:10:27.220 main > o.a.w.Dump.dumpOnExit o.a.w.t.WeavingAdaptor$WeavingAdaptorMessageHolder@6a6afff2
14:10:27.221 [main] DEBUG org.aspectj.weaver.Dump - 14:10:27.220 main > o.a.w.Dump.shouldDumpOnExit o.a.w.t.WeavingAdaptor$WeavingAdaptorMessageHolder@6a6afff2
14:10:27.221 [main] DEBUG org.aspectj.weaver.Dump - 14:10:27.221 main - o.a.w.Dump.shouldDumpOnExit abort
14:10:27.221 [main] DEBUG org.aspectj.weaver.Dump - 14:10:27.221 main < o.a.w.Dump.shouldDumpOnExit false
14:10:27.221 [main] DEBUG org.aspectj.weaver.Dump - 14:10:27.221 main < o.a.w.Dump.dumpOnExit Excluded
14:10:27.221 [main] DEBUG org.aspectj.weaver.loadtime.Aj - 14:10:27.221 main < o.a.w.l.Aj.preProcess byte[3174]
14:10:27.226 [main] DEBUG org.aspectj.weaver.loadtime.Aj - 14:10:27.226 main > o.a.w.l.Aj.preProcess o.a.w.l.Aj@b9afc07 org/junit/platform/launcher/listeners/discovery/AbortOnFailureLauncherDiscoveryListener, byte[3577], j.i.l.ClassLoaders$AppClassLoader@3cd1a2f1
14:10:27.227 [main] DEBUG org.aspectj.weaver.loadtime.Aj - 14:10:27.227 main - o.a.w.l.Aj.preProcess o.a.w.l.Aj@b9afc07 j.i.l.ClassLoaders$PlatformClassLoader@1ad282e0, j.i.l.ClassLoaders$AppClassLoader@3cd1a2f1
14:10:27.227 [main] DEBUG o.a.weaver.tools.WeavingAdaptor - 14:10:27.227 main > o.a.w.t.WeavingAdaptor.weaveClass o.a.w.l.ClassLoaderWeavingAdaptor@140e5a13 org/junit/platform/launcher/listeners/discovery/AbortOnFailureLauncherDiscoveryListener, byte[3577]
14:10:27.227 [main] DEBUG org.aspectj.weaver.bcel.BcelWeaver - 14:10:27.227 main > o.a.w.b.BcelWeaver.weave o.a.w.b.BcelWeaver@48524010 o.a.w.t.WeavingAdaptor$WeavingClassFileProvider@7a1a3478
14:10:27.228 [main] DEBUG org.aspectj.weaver.bcel.BcelWeaver - 14:10:27.228 main > o.a.w.b.BcelWeaver.weaveAndNotify o.a.w.b.BcelWeaver@48524010 o.a.w.b.UnwovenClassFile@495b0487, o.a.w.b.BcelObjectType@55dfcc6, o.a.w.t.WeavingAdaptor$WeavingClassFileProvider$1@222eb8aa
14:10:27.229 [main] DEBUG org.aspectj.weaver.bcel.BcelWeaver - 14:10:27.229 main < o.a.w.b.BcelWeaver.weaveAndNotify
14:10:27.229 [main] DEBUG org.aspectj.weaver.bcel.BcelWeaver - 14:10:27.229 main < o.a.w.b.BcelWeaver.weave java.util.ArrayList(1)
14:10:27.229 [main] DEBUG o.a.weaver.tools.WeavingAdaptor - 14:10:27.229 main < o.a.w.t.WeavingAdaptor.weaveClass byte[3577]
14:10:27.229 [main] DEBUG org.aspectj.weaver.Dump - 14:10:27.229 main > o.a.w.Dump.dumpOnExit o.a.w.t.WeavingAdaptor$WeavingAdaptorMessageHolder@6a6afff2
14:10:27.230 [main] DEBUG org.aspectj.weaver.Dump - 14:10:27.230 main > o.a.w.Dump.shouldDumpOnExit o.a.w.t.WeavingAdaptor$WeavingAdaptorMessageHolder@6a6afff2
14:10:27.230 [main] DEBUG org.aspectj.weaver.Dump - 14:10:27.230 main - o.a.w.Dump.shouldDumpOnExit abort
14:10:27.230 [main] DEBUG org.aspectj.weaver.Dump - 14:10:27.230 main < o.a.w.Dump.shouldDumpOnExit false
14:10:27.230 [main] DEBUG org.aspectj.weaver.Dump - 14:10:27.230 main < o.a.w.Dump.dumpOnExit Excluded
14:10:27.230 [main] DEBUG org.aspectj.weaver.loadtime.Aj - 14:10:27.230 main < o.a.w.l.Aj.preProcess byte[3577]
14:10:27.232 [main] DEBUG org.aspectj.weaver.loadtime.Aj - 14:10:27.232 main > o.a.w.l.Aj.preProcess o.a.w.l.Aj@b9afc07 org/junit/platform/engine/EngineDiscoveryListener$1, byte[466], j.i.l.ClassLoaders$AppClassLoader@3cd1a2f1
14:10:27.232 [main] DEBUG org.aspectj.weaver.loadtime.Aj - 14:10:27.232 main - o.a.w.l.Aj.preProcess o.a.w.l.Aj@b9afc07 j.i.l.ClassLoaders$PlatformClassLoader@1ad282e0, j.i.l.ClassLoaders$AppClassLoader@3cd1a2f1
14:10:27.232 [main] DEBUG o.a.weaver.tools.WeavingAdaptor - 14:10:27.232 main > o.a.w.t.WeavingAdaptor.weaveClass o.a.w.l.ClassLoaderWeavingAdaptor@140e5a13 org/junit/platform/engine/EngineDiscoveryListener$1, byte[466]
14:10:27.233 [main] DEBUG org.aspectj.weaver.bcel.BcelWeaver - 14:10:27.233 main > o.a.w.b.BcelWeaver.weave o.a.w.b.BcelWeaver@48524010 o.a.w.t.WeavingAdaptor$WeavingClassFileProvider@2a76840c
14:10:27.233 [main] DEBUG org.aspectj.weaver.bcel.BcelWeaver - 14:10:27.233 main > o.a.w.b.BcelWeaver.weaveAndNotify o.a.w.b.BcelWeaver@48524010 o.a.w.b.UnwovenClassFile@71454b9d, o.a.w.b.BcelObjectType@eda25e5, o.a.w.t.WeavingAdaptor$WeavingClassFileProvider$1@7cf6a5f9
14:10:27.234 [main] DEBUG org.aspectj.weaver.bcel.BcelWeaver - 14:10:27.234 main < o.a.w.b.BcelWeaver.weaveAndNotify
14:10:27.234 [main] DEBUG org.aspectj.weaver.bcel.BcelWeaver - 14:10:27.234 main < o.a.w.b.BcelWeaver.weave java.util.ArrayList(1)
14:10:27.234 [main] DEBUG o.a.weaver.tools.WeavingAdaptor - 14:10:27.234 main < o.a.w.t.WeavingAdaptor.weaveClass byte[466]
14:10:27.234 [main] DEBUG org.aspectj.weaver.Dump - 14:10:27.234 main > o.a.w.Dump.dumpOnExit o.a.w.t.WeavingAdaptor$WeavingAdaptorMessageHolder@6a6afff2
14:10:27.235 [main] DEBUG org.aspectj.weaver.Dump - 14:10:27.235 main > o.a.w.Dump.shouldDumpOnExit o.a.w.t.WeavingAdaptor$WeavingAdaptorMessageHolder@6a6afff2
14:10:27.235 [main] DEBUG org.aspectj.weaver.Dump - 14:10:27.235 main - o.a.w.Dump.shouldDumpOnExit abort
14:10:27.235 [main] DEBUG org.aspectj.weaver.Dump - 14:10:27.235 main < o.a.w.Dump.shouldDumpOnExit false
14:10:27.235 [main] DEBUG org.aspectj.weaver.Dump - 14:10:27.235 main < o.a.w.Dump.dumpOnExit Excluded
14:10:27.235 [main] DEBUG org.aspectj.weaver.loadtime.Aj - 14:10:27.235 main < o.a.w.l.Aj.preProcess byte[466]
14:10:27.237 [main] DEBUG org.aspectj.weaver.loadtime.Aj - 14:10:27.237 main > o.a.w.l.Aj.preProcess o.a.w.l.Aj@b9afc07 org/junit/platform/launcher/LauncherDiscoveryListener$1, byte[480], j.i.l.ClassLoaders$AppClassLoader@3cd1a2f1
14:10:27.237 [main] DEBUG org.aspectj.weaver.loadtime.Aj - 14:10:27.237 main - o.a.w.l.Aj.preProcess o.a.w.l.Aj@b9afc07 j.i.l.ClassLoaders$PlatformClassLoader@1ad282e0, j.i.l.ClassLoaders$AppClassLoader@3cd1a2f1
14:10:27.237 [main] DEBUG o.a.weaver.tools.WeavingAdaptor - 14:10:27.237 main > o.a.w.t.WeavingAdaptor.weaveClass o.a.w.l.ClassLoaderWeavingAdaptor@140e5a13 org/junit/platform/launcher/LauncherDiscoveryListener$1, byte[480]
14:10:27.238 [main] DEBUG org.aspectj.weaver.bcel.BcelWeaver - 14:10:27.238 main > o.a.w.b.BcelWeaver.weave o.a.w.b.BcelWeaver@48524010 o.a.w.t.WeavingAdaptor$WeavingClassFileProvider@6179e425
14:10:27.239 [main] DEBUG org.aspectj.weaver.bcel.BcelWeaver - 14:10:27.238 main > o.a.w.b.BcelWeaver.weaveAndNotify o.a.w.b.BcelWeaver@48524010 o.a.w.b.UnwovenClassFile@35f26e72, o.a.w.b.BcelObjectType@2d6764b2, o.a.w.t.WeavingAdaptor$WeavingClassFileProvider$1@67304a40
14:10:27.239 [main] DEBUG org.aspectj.weaver.bcel.BcelWeaver - 14:10:27.239 main < o.a.w.b.BcelWeaver.weaveAndNotify
14:10:27.240 [main] DEBUG org.aspectj.weaver.bcel.BcelWeaver - 14:10:27.240 main < o.a.w.b.BcelWeaver.weave java.util.ArrayList(1)
14:10:27.240 [main] DEBUG o.a.weaver.tools.WeavingAdaptor - 14:10:27.240 main < o.a.w.t.WeavingAdaptor.weaveClass byte[480]
14:10:27.240 [main] DEBUG org.aspectj.weaver.Dump - 14:10:27.240 main > o.a.w.Dump.dumpOnExit o.a.w.t.WeavingAdaptor$WeavingAdaptorMessageHolder@6a6afff2
14:10:27.240 [main] DEBUG org.aspectj.weaver.Dump - 14:10:27.240 main > o.a.w.Dump.shouldDumpOnExit o.a.w.t.WeavingAdaptor$WeavingAdaptorMessageHolder@6a6afff2
14:10:27.240 [main] DEBUG org.aspectj.weaver.Dump - 14:10:27.240 main - o.a.w.Dump.shouldDumpOnExit abort
14:10:27.241 [main] DEBUG org.aspectj.weaver.Dump - 14:10:27.240 main < o.a.w.Dump.shouldDumpOnExit false
14:10:27.241 [main] DEBUG org.aspectj.weaver.Dump - 14:10:27.241 main < o.a.w.Dump.dumpOnExit Excluded
14:10:27.241 [main] DEBUG org.aspectj.weaver.loadtime.Aj - 14:10:27.241 main < o.a.w.l.Aj.preProcess byte[480]
14:10:27.246 [main] DEBUG org.aspectj.weaver.loadtime.Aj - 14:10:27.245 main > o.a.w.l.Aj.preProcess o.a.w.l.Aj@b9afc07 org/junit/platform/launcher/core/DefaultDiscoveryRequest, byte[5094], j.i.l.ClassLoaders$AppClassLoader@3cd1a2f1
14:10:27.246 [main] DEBUG org.aspectj.weaver.loadtime.Aj - 14:10:27.246 main - o.a.w.l.Aj.preProcess o.a.w.l.Aj@b9afc07 j.i.l.ClassLoaders$PlatformClassLoader@1ad282e0, j.i.l.ClassLoaders$AppClassLoader@3cd1a2f1
14:10:27.246 [main] DEBUG o.a.weaver.tools.WeavingAdaptor - 14:10:27.246 main > o.a.w.t.WeavingAdaptor.weaveClass o.a.w.l.ClassLoaderWeavingAdaptor@140e5a13 org/junit/platform/launcher/core/DefaultDiscoveryRequest, byte[5094]
14:10:27.247 [main] DEBUG org.aspectj.weaver.bcel.BcelWeaver - 14:10:27.246 main > o.a.w.b.BcelWeaver.weave o.a.w.b.BcelWeaver@48524010 o.a.w.t.WeavingAdaptor$WeavingClassFileProvider@5d5f10b2
14:10:27.247 [main] DEBUG org.aspectj.weaver.bcel.BcelWeaver - 14:10:27.247 main > o.a.w.b.BcelWeaver.weaveAndNotify o.a.w.b.BcelWeaver@48524010 o.a.w.b.UnwovenClassFile@74c79fa2, o.a.w.b.BcelObjectType@1e0f9063, o.a.w.t.WeavingAdaptor$WeavingClassFileProvider$1@53bd8fca
14:10:27.248 [main] DEBUG org.aspectj.weaver.bcel.BcelWeaver - 14:10:27.248 main < o.a.w.b.BcelWeaver.weaveAndNotify
14:10:27.248 [main] DEBUG org.aspectj.weaver.bcel.BcelWeaver - 14:10:27.248 main < o.a.w.b.BcelWeaver.weave java.util.ArrayList(1)
14:10:27.249 [main] DEBUG o.a.weaver.tools.WeavingAdaptor - 14:10:27.249 main < o.a.w.t.WeavingAdaptor.weaveClass byte[5094]
14:10:27.249 [main] DEBUG org.aspectj.weaver.Dump - 14:10:27.249 main > o.a.w.Dump.dumpOnExit o.a.w.t.WeavingAdaptor$WeavingAdaptorMessageHolder@6a6afff2
14:10:27.249 [main] DEBUG org.aspectj.weaver.Dump - 14:10:27.249 main > o.a.w.Dump.shouldDumpOnExit o.a.w.t.WeavingAdaptor$WeavingAdaptorMessageHolder@6a6afff2
14:10:27.249 [main] DEBUG org.aspectj.weaver.Dump - 14:10:27.249 main - o.a.w.Dump.shouldDumpOnExit abort
14:10:27.249 [main] DEBUG org.aspectj.weaver.Dump - 14:10:27.249 main < o.a.w.Dump.shouldDumpOnExit false
14:10:27.249 [main] DEBUG org.aspectj.weaver.Dump - 14:10:27.249 main < o.a.w.Dump.dumpOnExit Excluded
14:10:27.249 [main] DEBUG org.aspectj.weaver.loadtime.Aj - 14:10:27.249 main < o.a.w.l.Aj.preProcess byte[5094]
14:10:27.252 [main] DEBUG org.aspectj.weaver.loadtime.Aj - 14:10:27.252 main > o.a.w.l.Aj.preProcess o.a.w.l.Aj@b9afc07 org/junit/platform/launcher/LauncherSession, byte[515], j.i.l.ClassLoaders$AppClassLoader@3cd1a2f1
14:10:27.252 [main] DEBUG org.aspectj.weaver.loadtime.Aj - 14:10:27.252 main - o.a.w.l.Aj.preProcess o.a.w.l.Aj@b9afc07 j.i.l.ClassLoaders$PlatformClassLoader@1ad282e0, j.i.l.ClassLoaders$AppClassLoader@3cd1a2f1
14:10:27.252 [main] DEBUG o.a.weaver.tools.WeavingAdaptor - 14:10:27.252 main > o.a.w.t.WeavingAdaptor.weaveClass o.a.w.l.ClassLoaderWeavingAdaptor@140e5a13 org/junit/platform/launcher/LauncherSession, byte[515]
14:10:27.252 [main] DEBUG org.aspectj.weaver.bcel.BcelWeaver - 14:10:27.252 main > o.a.w.b.BcelWeaver.weave o.a.w.b.BcelWeaver@48524010 o.a.w.t.WeavingAdaptor$WeavingClassFileProvider@614df0a4
14:10:27.253 [main] DEBUG org.aspectj.weaver.bcel.BcelWeaver - 14:10:27.253 main > o.a.w.b.BcelWeaver.weaveAndNotify o.a.w.b.BcelWeaver@48524010 o.a.w.b.UnwovenClassFile@1fdf1c5, o.a.w.b.BcelObjectType@2d96543c, o.a.w.t.WeavingAdaptor$WeavingClassFileProvider$1@73a2e526
14:10:27.253 [main] DEBUG org.aspectj.weaver.bcel.BcelWeaver - 14:10:27.253 main < o.a.w.b.BcelWeaver.weaveAndNotify
14:10:27.253 [main] DEBUG org.aspectj.weaver.bcel.BcelWeaver - 14:10:27.253 main < o.a.w.b.BcelWeaver.weave java.util.ArrayList(1)
14:10:27.253 [main] DEBUG o.a.weaver.tools.WeavingAdaptor - 14:10:27.253 main < o.a.w.t.WeavingAdaptor.weaveClass byte[515]
14:10:27.253 [main] DEBUG org.aspectj.weaver.Dump - 14:10:27.253 main > o.a.w.Dump.dumpOnExit o.a.w.t.WeavingAdaptor$WeavingAdaptorMessageHolder@6a6afff2
14:10:27.253 [main] DEBUG org.aspectj.weaver.Dump - 14:10:27.253 main > o.a.w.Dump.shouldDumpOnExit o.a.w.t.WeavingAdaptor$WeavingAdaptorMessageHolder@6a6afff2
14:10:27.254 [main] DEBUG org.aspectj.weaver.Dump - 14:10:27.254 main - o.a.w.Dump.shouldDumpOnExit abort
14:10:27.254 [main] DEBUG org.aspectj.weaver.Dump - 14:10:27.254 main < o.a.w.Dump.shouldDumpOnExit false
14:10:27.254 [main] DEBUG org.aspectj.weaver.Dump - 14:10:27.254 main < o.a.w.Dump.dumpOnExit Excluded
14:10:27.254 [main] DEBUG org.aspectj.weaver.loadtime.Aj - 14:10:27.254 main < o.a.w.l.Aj.preProcess byte[515]
14:10:27.255 [main] DEBUG org.aspectj.weaver.loadtime.Aj - 14:10:27.255 main > o.a.w.l.Aj.preProcess o.a.w.l.Aj@b9afc07 org/junit/platform/launcher/core/LauncherFactory, byte[10278], j.i.l.ClassLoaders$AppClassLoader@3cd1a2f1
14:10:27.256 [main] DEBUG org.aspectj.weaver.loadtime.Aj - 14:10:27.256 main - o.a.w.l.Aj.preProcess o.a.w.l.Aj@b9afc07 j.i.l.ClassLoaders$PlatformClassLoader@1ad282e0, j.i.l.ClassLoaders$AppClassLoader@3cd1a2f1
14:10:27.256 [main] DEBUG o.a.weaver.tools.WeavingAdaptor - 14:10:27.256 main > o.a.w.t.WeavingAdaptor.weaveClass o.a.w.l.ClassLoaderWeavingAdaptor@140e5a13 org/junit/platform/launcher/core/LauncherFactory, byte[10278]
14:10:27.257 [main] DEBUG org.aspectj.weaver.bcel.BcelWeaver - 14:10:27.256 main > o.a.w.b.BcelWeaver.weave o.a.w.b.BcelWeaver@48524010 o.a.w.t.WeavingAdaptor$WeavingClassFileProvider@32193bea
14:10:27.257 [main] DEBUG org.aspectj.weaver.bcel.BcelWeaver - 14:10:27.257 main > o.a.w.b.BcelWeaver.weaveAndNotify o.a.w.b.BcelWeaver@48524010 o.a.w.b.UnwovenClassFile@6b8d96d9, o.a.w.b.BcelObjectType@69653e16, o.a.w.t.WeavingAdaptor$WeavingClassFileProvider$1@758705fa
14:10:27.260 [main] DEBUG org.aspectj.weaver.bcel.BcelWorld - 14:10:27.260 main - o.a.w.b.BcelWorld.lookupJavaClass o.a.w.l.LTWWorld@2b4a2ec7 org.junit.platform.launcher.core.LauncherConfig, o.a.a.b.c.JavaClass@436bc36
14:10:27.263 [main] DEBUG org.aspectj.weaver.bcel.BcelWorld - 14:10:27.263 main - o.a.w.b.BcelWorld.lookupJavaClass o.a.w.l.LTWWorld@2b4a2ec7 org.junit.platform.launcher.core.DefaultLauncher, o.a.a.b.c.JavaClass@37091312
14:10:27.264 [main] DEBUG org.aspectj.weaver.bcel.BcelWorld - 14:10:27.264 main - o.a.w.b.BcelWorld.lookupJavaClass o.a.w.l.LTWWorld@2b4a2ec7 org.junit.platform.launcher.LauncherSessionListener, o.a.a.b.c.JavaClass@550a1967
14:10:27.265 [main] DEBUG org.aspectj.weaver.bcel.BcelWeaver - 14:10:27.265 main < o.a.w.b.BcelWeaver.weaveAndNotify
14:10:27.265 [main] DEBUG org.aspectj.weaver.bcel.BcelWeaver - 14:10:27.265 main < o.a.w.b.BcelWeaver.weave java.util.ArrayList(1)
14:10:27.265 [main] DEBUG o.a.weaver.tools.WeavingAdaptor - 14:10:27.265 main < o.a.w.t.WeavingAdaptor.weaveClass byte[10278]
14:10:27.265 [main] DEBUG org.aspectj.weaver.Dump - 14:10:27.265 main > o.a.w.Dump.dumpOnExit o.a.w.t.WeavingAdaptor$WeavingAdaptorMessageHolder@6a6afff2
14:10:27.265 [main] DEBUG org.aspectj.weaver.Dump - 14:10:27.265 main > o.a.w.Dump.shouldDumpOnExit o.a.w.t.WeavingAdaptor$WeavingAdaptorMessageHolder@6a6afff2
14:10:27.265 [main] DEBUG org.aspectj.weaver.Dump - 14:10:27.265 main - o.a.w.Dump.shouldDumpOnExit abort
14:10:27.265 [main] DEBUG org.aspectj.weaver.Dump - 14:10:27.265 main < o.a.w.Dump.shouldDumpOnExit false
14:10:27.265 [main] DEBUG org.aspectj.weaver.Dump - 14:10:27.265 main < o.a.w.Dump.dumpOnExit Excluded
14:10:27.265 [main] DEBUG org.aspectj.weaver.loadtime.Aj - 14:10:27.265 main < o.a.w.l.Aj.preProcess byte[10278]
14:10:27.267 [main] DEBUG org.aspectj.weaver.loadtime.Aj - 14:10:27.267 main > o.a.w.l.Aj.preProcess o.a.w.l.Aj@b9afc07 org/junit/platform/launcher/core/InternalLauncher, byte[586], j.i.l.ClassLoaders$AppClassLoader@3cd1a2f1
14:10:27.267 [main] DEBUG org.aspectj.weaver.loadtime.Aj - 14:10:27.267 main - o.a.w.l.Aj.preProcess o.a.w.l.Aj@b9afc07 j.i.l.ClassLoaders$PlatformClassLoader@1ad282e0, j.i.l.ClassLoaders$AppClassLoader@3cd1a2f1
14:10:27.268 [main] DEBUG o.a.weaver.tools.WeavingAdaptor - 14:10:27.268 main > o.a.w.t.WeavingAdaptor.weaveClass o.a.w.l.ClassLoaderWeavingAdaptor@140e5a13 org/junit/platform/launcher/core/InternalLauncher, byte[586]
14:10:27.268 [main] DEBUG org.aspectj.weaver.bcel.BcelWeaver - 14:10:27.268 main > o.a.w.b.BcelWeaver.weave o.a.w.b.BcelWeaver@48524010 o.a.w.t.WeavingAdaptor$WeavingClassFileProvider@576f63f6
14:10:27.268 [main] DEBUG org.aspectj.weaver.bcel.BcelWeaver - 14:10:27.268 main > o.a.w.b.BcelWeaver.weaveAndNotify o.a.w.b.BcelWeaver@48524010 o.a.w.b.UnwovenClassFile@2dca0d64, o.a.w.b.BcelObjectType@f80945f, o.a.w.t.WeavingAdaptor$WeavingClassFileProvider$1@ff684e1
14:10:27.269 [main] DEBUG org.aspectj.weaver.bcel.BcelWeaver - 14:10:27.269 main < o.a.w.b.BcelWeaver.weaveAndNotify
14:10:27.269 [main] DEBUG org.aspectj.weaver.bcel.BcelWeaver - 14:10:27.269 main < o.a.w.b.BcelWeaver.weave java.util.ArrayList(1)
14:10:27.269 [main] DEBUG o.a.weaver.tools.WeavingAdaptor - 14:10:27.269 main < o.a.w.t.WeavingAdaptor.weaveClass byte[586]
14:10:27.269 [main] DEBUG org.aspectj.weaver.Dump - 14:10:27.269 main > o.a.w.Dump.dumpOnExit o.a.w.t.WeavingAdaptor$WeavingAdaptorMessageHolder@6a6afff2
14:10:27.269 [main] DEBUG org.aspectj.weaver.Dump - 14:10:27.269 main > o.a.w.Dump.shouldDumpOnExit o.a.w.t.WeavingAdaptor$WeavingAdaptorMessageHolder@6a6afff2
14:10:27.269 [main] DEBUG org.aspectj.weaver.Dump - 14:10:27.269 main - o.a.w.Dump.shouldDumpOnExit abort
14:10:27.269 [main] DEBUG org.aspectj.weaver.Dump - 14:10:27.269 main < o.a.w.Dump.shouldDumpOnExit false
14:10:27.270 [main] DEBUG org.aspectj.weaver.Dump - 14:10:27.270 main < o.a.w.Dump.dumpOnExit Excluded
14:10:27.270 [main] DEBUG org.aspectj.weaver.loadtime.Aj - 14:10:27.270 main < o.a.w.l.Aj.preProcess byte[586]
14:10:27.271 [main] DEBUG org.aspectj.weaver.loadtime.Aj - 14:10:27.271 main > o.a.w.l.Aj.preProcess o.a.w.l.Aj@b9afc07 org/junit/platform/launcher/core/LauncherConfig, byte[2125], j.i.l.ClassLoaders$AppClassLoader@3cd1a2f1
14:10:27.276 [main] DEBUG org.aspectj.weaver.loadtime.Aj - 14:10:27.275 main - o.a.w.l.Aj.preProcess o.a.w.l.Aj@b9afc07 j.i.l.ClassLoaders$PlatformClassLoader@1ad282e0, j.i.l.ClassLoaders$AppClassLoader@3cd1a2f1
14:10:27.276 [main] DEBUG o.a.weaver.tools.WeavingAdaptor - 14:10:27.276 main > o.a.w.t.WeavingAdaptor.weaveClass o.a.w.l.ClassLoaderWeavingAdaptor@140e5a13 org/junit/platform/launcher/core/LauncherConfig, byte[2125]
14:10:27.276 [main] DEBUG org.aspectj.weaver.bcel.BcelWeaver - 14:10:27.276 main > o.a.w.b.BcelWeaver.weave o.a.w.b.BcelWeaver@48524010 o.a.w.t.WeavingAdaptor$WeavingClassFileProvider@6e35bc3d
14:10:27.277 [main] DEBUG org.aspectj.weaver.bcel.BcelWeaver - 14:10:27.277 main > o.a.w.b.BcelWeaver.weaveAndNotify o.a.w.b.BcelWeaver@48524010 o.a.w.b.UnwovenClassFile@1cdc4c27, o.a.w.b.BcelObjectType@77b14724, o.a.w.t.WeavingAdaptor$WeavingClassFileProvider$1@5d9b7a8a
14:10:27.303 [main] DEBUG org.aspectj.weaver.bcel.BcelWorld - 14:10:27.302 main - o.a.w.b.BcelWorld.lookupJavaClass o.a.w.l.LTWWorld@2b4a2ec7 org.junit.platform.launcher.core.LauncherConfig$Builder, o.a.a.b.c.JavaClass@1d3ac898
14:10:27.303 [main] DEBUG org.aspectj.weaver.bcel.BcelWeaver - 14:10:27.303 main < o.a.w.b.BcelWeaver.weaveAndNotify
14:10:27.303 [main] DEBUG org.aspectj.weaver.bcel.BcelWeaver - 14:10:27.303 main < o.a.w.b.BcelWeaver.weave java.util.ArrayList(1)
14:10:27.303 [main] DEBUG o.a.weaver.tools.WeavingAdaptor - 14:10:27.303 main < o.a.w.t.WeavingAdaptor.weaveClass byte[2125]
14:10:27.304 [main] DEBUG org.aspectj.weaver.Dump - 14:10:27.303 main > o.a.w.Dump.dumpOnExit o.a.w.t.WeavingAdaptor$WeavingAdaptorMessageHolder@6a6afff2
14:10:27.304 [main] DEBUG org.aspectj.weaver.Dump - 14:10:27.304 main > o.a.w.Dump.shouldDumpOnExit o.a.w.t.WeavingAdaptor$WeavingAdaptorMessageHolder@6a6afff2
14:10:27.304 [main] DEBUG org.aspectj.weaver.Dump - 14:10:27.304 main - o.a.w.Dump.shouldDumpOnExit abort
14:10:27.304 [main] DEBUG org.aspectj.weaver.Dump - 14:10:27.304 main < o.a.w.Dump.shouldDumpOnExit false
14:10:27.305 [main] DEBUG org.aspectj.weaver.Dump - 14:10:27.304 main < o.a.w.Dump.dumpOnExit Excluded
14:10:27.305 [main] DEBUG org.aspectj.weaver.loadtime.Aj - 14:10:27.305 main < o.a.w.l.Aj.preProcess byte[2125]
14:10:27.317 [main] DEBUG org.aspectj.weaver.loadtime.Aj - 14:10:27.316 main > o.a.w.l.Aj.preProcess o.a.w.l.Aj@b9afc07 org/junit/platform/launcher/core/ServiceLoaderRegistry, byte[3043], j.i.l.ClassLoaders$AppClassLoader@3cd1a2f1
14:10:27.318 [main] DEBUG org.aspectj.weaver.loadtime.Aj - 14:10:27.318 main - o.a.w.l.Aj.preProcess o.a.w.l.Aj@b9afc07 j.i.l.ClassLoaders$PlatformClassLoader@1ad282e0, j.i.l.ClassLoaders$AppClassLoader@3cd1a2f1
14:10:27.319 [main] DEBUG o.a.weaver.tools.WeavingAdaptor - 14:10:27.319 main > o.a.w.t.WeavingAdaptor.weaveClass o.a.w.l.ClassLoaderWeavingAdaptor@140e5a13 org/junit/platform/launcher/core/ServiceLoaderRegistry, byte[3043]
14:10:27.325 [main] DEBUG org.aspectj.weaver.bcel.BcelWeaver - 14:10:27.320 main > o.a.w.b.BcelWeaver.weave o.a.w.b.BcelWeaver@48524010 o.a.w.t.WeavingAdaptor$WeavingClassFileProvider@30b19518
14:10:27.325 [main] DEBUG org.aspectj.weaver.bcel.BcelWeaver - 14:10:27.325 main > o.a.w.b.BcelWeaver.weaveAndNotify o.a.w.b.BcelWeaver@48524010 o.a.w.b.UnwovenClassFile@363042d7, o.a.w.b.BcelObjectType@366ac49b, o.a.w.t.WeavingAdaptor$WeavingClassFileProvider$1@6ad59d92
14:10:27.326 [main] DEBUG org.aspectj.weaver.bcel.BcelWeaver - 14:10:27.326 main < o.a.w.b.BcelWeaver.weaveAndNotify
14:10:27.326 [main] DEBUG org.aspectj.weaver.bcel.BcelWeaver - 14:10:27.326 main < o.a.w.b.BcelWeaver.weave java.util.ArrayList(1)
14:10:27.326 [main] DEBUG o.a.weaver.tools.WeavingAdaptor - 14:10:27.326 main < o.a.w.t.WeavingAdaptor.weaveClass byte[3043]
14:10:27.326 [main] DEBUG org.aspectj.weaver.Dump - 14:10:27.326 main > o.a.w.Dump.dumpOnExit o.a.w.t.WeavingAdaptor$WeavingAdaptorMessageHolder@6a6afff2
14:10:27.326 [main] DEBUG org.aspectj.weaver.Dump - 14:10:27.326 main > o.a.w.Dump.shouldDumpOnExit o.a.w.t.WeavingAdaptor$WeavingAdaptorMessageHolder@6a6afff2
14:10:27.389 [main] DEBUG org.aspectj.weaver.Dump - 14:10:27.389 main - o.a.w.Dump.shouldDumpOnExit abort
14:10:27.389 [main] DEBUG org.aspectj.weaver.Dump - 14:10:27.389 main < o.a.w.Dump.shouldDumpOnExit false
14:10:27.390 [main] DEBUG org.aspectj.weaver.Dump - 14:10:27.390 main < o.a.w.Dump.dumpOnExit Excluded
14:10:27.390 [main] DEBUG org.aspectj.weaver.loadtime.Aj - 14:10:27.390 main < o.a.w.l.Aj.preProcess byte[3043]
14:10:27.393 [main] DEBUG org.aspectj.weaver.loadtime.Aj - 14:10:27.393 main > o.a.w.l.Aj.preProcess o.a.w.l.Aj@b9afc07 org/junit/platform/launcher/core/LauncherConfig$Builder, byte[5539], j.i.l.ClassLoaders$AppClassLoader@3cd1a2f1
14:10:27.393 [main] DEBUG org.aspectj.weaver.loadtime.Aj - 14:10:27.393 main - o.a.w.l.Aj.preProcess o.a.w.l.Aj@b9afc07 j.i.l.ClassLoaders$PlatformClassLoader@1ad282e0, j.i.l.ClassLoaders$AppClassLoader@3cd1a2f1
14:10:27.393 [main] DEBUG o.a.weaver.tools.WeavingAdaptor - 14:10:27.393 main > o.a.w.t.WeavingAdaptor.weaveClass o.a.w.l.ClassLoaderWeavingAdaptor@140e5a13 org/junit/platform/launcher/core/LauncherConfig$Builder, byte[5539]
14:10:27.394 [main] DEBUG org.aspectj.weaver.bcel.BcelWeaver - 14:10:27.394 main > o.a.w.b.BcelWeaver.weave o.a.w.b.BcelWeaver@48524010 o.a.w.t.WeavingAdaptor$WeavingClassFileProvider@63dd899
14:10:27.394 [main] DEBUG org.aspectj.weaver.bcel.BcelWeaver - 14:10:27.394 main > o.a.w.b.BcelWeaver.weaveAndNotify o.a.w.b.BcelWeaver@48524010 o.a.w.b.UnwovenClassFile@59d2400d, o.a.w.b.BcelObjectType@75cd8043, o.a.w.t.WeavingAdaptor$WeavingClassFileProvider$1@33b1c5c5
14:10:27.396 [main] DEBUG org.aspectj.weaver.bcel.BcelWeaver - 14:10:27.396 main < o.a.w.b.BcelWeaver.weaveAndNotify
14:10:27.397 [main] DEBUG org.aspectj.weaver.bcel.BcelWeaver - 14:10:27.397 main < o.a.w.b.BcelWeaver.weave java.util.ArrayList(1)
14:10:27.397 [main] DEBUG o.a.weaver.tools.WeavingAdaptor - 14:10:27.397 main < o.a.w.t.WeavingAdaptor.weaveClass byte[5539]
14:10:27.397 [main] DEBUG org.aspectj.weaver.Dump - 14:10:27.397 main > o.a.w.Dump.dumpOnExit o.a.w.t.WeavingAdaptor$WeavingAdaptorMessageHolder@6a6afff2
14:10:27.397 [main] DEBUG org.aspectj.weaver.Dump - 14:10:27.397 main > o.a.w.Dump.shouldDumpOnExit o.a.w.t.WeavingAdaptor$WeavingAdaptorMessageHolder@6a6afff2
14:10:27.397 [main] DEBUG org.aspectj.weaver.Dump - 14:10:27.397 main - o.a.w.Dump.shouldDumpOnExit abort
14:10:27.397 [main] DEBUG org.aspectj.weaver.Dump - 14:10:27.397 main < o.a.w.Dump.shouldDumpOnExit false
14:10:27.397 [main] DEBUG org.aspectj.weaver.Dump - 14:10:27.397 main < o.a.w.Dump.dumpOnExit Excluded
14:10:27.397 [main] DEBUG org.aspectj.weaver.loadtime.Aj - 14:10:27.397 main < o.a.w.l.Aj.preProcess byte[5539]
14:10:27.402 [main] DEBUG org.aspectj.weaver.loadtime.Aj - 14:10:27.401 main > o.a.w.l.Aj.preProcess o.a.w.l.Aj@b9afc07 org/junit/platform/launcher/core/DefaultLauncherConfig, byte[3858], j.i.l.ClassLoaders$AppClassLoader@3cd1a2f1
14:10:27.402 [main] DEBUG org.aspectj.weaver.loadtime.Aj - 14:10:27.402 main - o.a.w.l.Aj.preProcess o.a.w.l.Aj@b9afc07 j.i.l.ClassLoaders$PlatformClassLoader@1ad282e0, j.i.l.ClassLoaders$AppClassLoader@3cd1a2f1
14:10:27.403 [main] DEBUG o.a.weaver.tools.WeavingAdaptor - 14:10:27.403 main > o.a.w.t.WeavingAdaptor.weaveClass o.a.w.l.ClassLoaderWeavingAdaptor@140e5a13 org/junit/platform/launcher/core/DefaultLauncherConfig, byte[3858]
14:10:27.404 [main] DEBUG org.aspectj.weaver.bcel.BcelWeaver - 14:10:27.404 main > o.a.w.b.BcelWeaver.weave o.a.w.b.BcelWeaver@48524010 o.a.w.t.WeavingAdaptor$WeavingClassFileProvider@4535b6d5
14:10:27.404 [main] DEBUG org.aspectj.weaver.bcel.BcelWeaver - 14:10:27.404 main > o.a.w.b.BcelWeaver.weaveAndNotify o.a.w.b.BcelWeaver@48524010 o.a.w.b.UnwovenClassFile@1ecee32c, o.a.w.b.BcelObjectType@4372b9b6, o.a.w.t.WeavingAdaptor$WeavingClassFileProvider$1@232a7d73
14:10:27.413 [main] DEBUG org.aspectj.weaver.bcel.BcelWeaver - 14:10:27.413 main < o.a.w.b.BcelWeaver.weaveAndNotify
14:10:27.413 [main] DEBUG org.aspectj.weaver.bcel.BcelWeaver - 14:10:27.413 main < o.a.w.b.BcelWeaver.weave java.util.ArrayList(1)
14:10:27.414 [main] DEBUG o.a.weaver.tools.WeavingAdaptor - 14:10:27.414 main < o.a.w.t.WeavingAdaptor.weaveClass byte[3858]
14:10:27.414 [main] DEBUG org.aspectj.weaver.Dump - 14:10:27.414 main > o.a.w.Dump.dumpOnExit o.a.w.t.WeavingAdaptor$WeavingAdaptorMessageHolder@6a6afff2
14:10:27.414 [main] DEBUG org.aspectj.weaver.Dump - 14:10:27.414 main > o.a.w.Dump.shouldDumpOnExit o.a.w.t.WeavingAdaptor$WeavingAdaptorMessageHolder@6a6afff2
14:10:27.414 [main] DEBUG org.aspectj.weaver.Dump - 14:10:27.414 main - o.a.w.Dump.shouldDumpOnExit abort
14:10:27.414 [main] DEBUG org.aspectj.weaver.Dump - 14:10:27.414 main < o.a.w.Dump.shouldDumpOnExit false
14:10:27.414 [main] DEBUG org.aspectj.weaver.Dump - 14:10:27.414 main < o.a.w.Dump.dumpOnExit Excluded
14:10:27.414 [main] DEBUG org.aspectj.weaver.loadtime.Aj - 14:10:27.414 main < o.a.w.l.Aj.preProcess byte[3858]
14:10:27.416 [main] DEBUG org.aspectj.weaver.loadtime.Aj - 14:10:27.416 main > o.a.w.l.Aj.preProcess o.a.w.l.Aj@b9afc07 org/junit/platform/launcher/core/DefaultLauncherSession, byte[1792], j.i.l.ClassLoaders$AppClassLoader@3cd1a2f1
14:10:27.416 [main] DEBUG org.aspectj.weaver.loadtime.Aj - 14:10:27.416 main - o.a.w.l.Aj.preProcess o.a.w.l.Aj@b9afc07 j.i.l.ClassLoaders$PlatformClassLoader@1ad282e0, j.i.l.ClassLoaders$AppClassLoader@3cd1a2f1
14:10:27.416 [main] DEBUG o.a.weaver.tools.WeavingAdaptor - 14:10:27.416 main > o.a.w.t.WeavingAdaptor.weaveClass o.a.w.l.ClassLoaderWeavingAdaptor@140e5a13 org/junit/platform/launcher/core/DefaultLauncherSession, byte[1792]
14:10:27.416 [main] DEBUG org.aspectj.weaver.bcel.BcelWeaver - 14:10:27.416 main > o.a.w.b.BcelWeaver.weave o.a.w.b.BcelWeaver@48524010 o.a.w.t.WeavingAdaptor$WeavingClassFileProvider@1f6c9cd8
14:10:27.417 [main] DEBUG org.aspectj.weaver.bcel.BcelWeaver - 14:10:27.417 main > o.a.w.b.BcelWeaver.weaveAndNotify o.a.w.b.BcelWeaver@48524010 o.a.w.b.UnwovenClassFile@5b619d14, o.a.w.b.BcelObjectType@66746f57, o.a.w.t.WeavingAdaptor$WeavingClassFileProvider$1@447a020
14:10:27.433 [main] DEBUG org.aspectj.weaver.bcel.BcelWeaver - 14:10:27.433 main < o.a.w.b.BcelWeaver.weaveAndNotify
14:10:27.433 [main] DEBUG org.aspectj.weaver.bcel.BcelWeaver - 14:10:27.433 main < o.a.w.b.BcelWeaver.weave java.util.ArrayList(1)
14:10:27.433 [main] DEBUG o.a.weaver.tools.WeavingAdaptor - 14:10:27.433 main < o.a.w.t.WeavingAdaptor.weaveClass byte[1792]
14:10:27.433 [main] DEBUG org.aspectj.weaver.Dump - 14:10:27.433 main > o.a.w.Dump.dumpOnExit o.a.w.t.WeavingAdaptor$WeavingAdaptorMessageHolder@6a6afff2
14:10:27.433 [main] DEBUG org.aspectj.weaver.Dump - 14:10:27.433 main > o.a.w.Dump.shouldDumpOnExit o.a.w.t.WeavingAdaptor$WeavingAdaptorMessageHolder@6a6afff2
14:10:27.433 [main] DEBUG org.aspectj.weaver.Dump - 14:10:27.433 main - o.a.w.Dump.shouldDumpOnExit abort
14:10:27.433 [main] DEBUG org.aspectj.weaver.Dump - 14:10:27.433 main < o.a.w.Dump.shouldDumpOnExit false
14:10:27.433 [main] DEBUG org.aspectj.weaver.Dump - 14:10:27.433 main < o.a.w.Dump.dumpOnExit Excluded
14:10:27.433 [main] DEBUG org.aspectj.weaver.loadtime.Aj - 14:10:27.433 main < o.a.w.l.Aj.preProcess byte[1792]
14:10:27.438 [main] DEBUG org.aspectj.weaver.loadtime.Aj - 14:10:27.437 main > o.a.w.l.Aj.preProcess o.a.w.l.Aj@b9afc07 org/junit/platform/launcher/core/ServiceLoaderTestEngineRegistry, byte[5950], j.i.l.ClassLoaders$AppClassLoader@3cd1a2f1
14:10:27.438 [main] DEBUG org.aspectj.weaver.loadtime.Aj - 14:10:27.438 main - o.a.w.l.Aj.preProcess o.a.w.l.Aj@b9afc07 j.i.l.ClassLoaders$PlatformClassLoader@1ad282e0, j.i.l.ClassLoaders$AppClassLoader@3cd1a2f1
14:10:27.438 [main] DEBUG o.a.weaver.tools.WeavingAdaptor - 14:10:27.438 main > o.a.w.t.WeavingAdaptor.weaveClass o.a.w.l.ClassLoaderWeavingAdaptor@140e5a13 org/junit/platform/launcher/core/ServiceLoaderTestEngineRegistry, byte[5950]
14:10:27.438 [main] DEBUG org.aspectj.weaver.bcel.BcelWeaver - 14:10:27.438 main > o.a.w.b.BcelWeaver.weave o.a.w.b.BcelWeaver@48524010 o.a.w.t.WeavingAdaptor$WeavingClassFileProvider@767e20cf
14:10:27.440 [main] DEBUG org.aspectj.weaver.bcel.BcelWeaver - 14:10:27.439 main > o.a.w.b.BcelWeaver.weaveAndNotify o.a.w.b.BcelWeaver@48524010 o.a.w.b.UnwovenClassFile@3a3e78f, o.a.w.b.BcelObjectType@301ec38b, o.a.w.t.WeavingAdaptor$WeavingClassFileProvider$1@17a1e4ca
14:10:27.441 [main] DEBUG org.aspectj.weaver.bcel.BcelWeaver - 14:10:27.441 main < o.a.w.b.BcelWeaver.weaveAndNotify
14:10:27.441 [main] DEBUG org.aspectj.weaver.bcel.BcelWeaver - 14:10:27.441 main < o.a.w.b.BcelWeaver.weave java.util.ArrayList(1)
14:10:27.441 [main] DEBUG o.a.weaver.tools.WeavingAdaptor - 14:10:27.441 main < o.a.w.t.WeavingAdaptor.weaveClass byte[5950]
14:10:27.446 [main] DEBUG org.aspectj.weaver.Dump - 14:10:27.443 main > o.a.w.Dump.dumpOnExit o.a.w.t.WeavingAdaptor$WeavingAdaptorMessageHolder@6a6afff2
14:10:27.446 [main] DEBUG org.aspectj.weaver.Dump - 14:10:27.446 main > o.a.w.Dump.shouldDumpOnExit o.a.w.t.WeavingAdaptor$WeavingAdaptorMessageHolder@6a6afff2
14:10:27.446 [main] DEBUG org.aspectj.weaver.Dump - 14:10:27.446 main - o.a.w.Dump.shouldDumpOnExit abort
14:10:27.446 [main] DEBUG org.aspectj.weaver.Dump - 14:10:27.446 main < o.a.w.Dump.shouldDumpOnExit false
14:10:27.446 [main] DEBUG org.aspectj.weaver.Dump - 14:10:27.446 main < o.a.w.Dump.dumpOnExit Excluded
14:10:27.446 [main] DEBUG org.aspectj.weaver.loadtime.Aj - 14:10:27.446 main < o.a.w.l.Aj.preProcess byte[5950]
14:10:27.452 [main] DEBUG org.aspectj.weaver.loadtime.Aj - 14:10:27.451 main > o.a.w.l.Aj.preProcess o.a.w.l.Aj@b9afc07 org/junit/platform/engine/TestEngine, byte[2941], j.i.l.ClassLoaders$AppClassLoader@3cd1a2f1
14:10:27.453 [main] DEBUG org.aspectj.weaver.loadtime.Aj - 14:10:27.452 main - o.a.w.l.Aj.preProcess o.a.w.l.Aj@b9afc07 j.i.l.ClassLoaders$PlatformClassLoader@1ad282e0, j.i.l.ClassLoaders$AppClassLoader@3cd1a2f1
14:10:27.453 [main] DEBUG o.a.weaver.tools.WeavingAdaptor - 14:10:27.453 main > o.a.w.t.WeavingAdaptor.weaveClass o.a.w.l.ClassLoaderWeavingAdaptor@140e5a13 org/junit/platform/engine/TestEngine, byte[2941]
14:10:27.453 [main] DEBUG org.aspectj.weaver.bcel.BcelWeaver - 14:10:27.453 main > o.a.w.b.BcelWeaver.weave o.a.w.b.BcelWeaver@48524010 o.a.w.t.WeavingAdaptor$WeavingClassFileProvider@56113384
14:10:27.453 [main] DEBUG org.aspectj.weaver.bcel.BcelWeaver - 14:10:27.453 main > o.a.w.b.BcelWeaver.weaveAndNotify o.a.w.b.BcelWeaver@48524010 o.a.w.b.UnwovenClassFile@5669c5fb, o.a.w.b.BcelObjectType@373ebf74, o.a.w.t.WeavingAdaptor$WeavingClassFileProvider$1@5f9678e1
14:10:27.454 [main] DEBUG org.aspectj.weaver.bcel.BcelWeaver - 14:10:27.454 main < o.a.w.b.BcelWeaver.weaveAndNotify
14:10:27.454 [main] DEBUG org.aspectj.weaver.bcel.BcelWeaver - 14:10:27.454 main < o.a.w.b.BcelWeaver.weave java.util.ArrayList(1)
14:10:27.454 [main] DEBUG o.a.weaver.tools.WeavingAdaptor - 14:10:27.454 main < o.a.w.t.WeavingAdaptor.weaveClass byte[2941]
14:10:27.455 [main] DEBUG org.aspectj.weaver.Dump - 14:10:27.455 main > o.a.w.Dump.dumpOnExit o.a.w.t.WeavingAdaptor$WeavingAdaptorMessageHolder@6a6afff2
14:10:27.455 [main] DEBUG org.aspectj.weaver.Dump - 14:10:27.455 main > o.a.w.Dump.shouldDumpOnExit o.a.w.t.WeavingAdaptor$WeavingAdaptorMessageHolder@6a6afff2
14:10:27.455 [main] DEBUG org.aspectj.weaver.Dump - 14:10:27.455 main - o.a.w.Dump.shouldDumpOnExit abort
14:10:27.455 [main] DEBUG org.aspectj.weaver.Dump - 14:10:27.455 main < o.a.w.Dump.shouldDumpOnExit false
14:10:27.455 [main] DEBUG org.aspectj.weaver.Dump - 14:10:27.455 main < o.a.w.Dump.dumpOnExit Excluded
14:10:27.455 [main] DEBUG org.aspectj.weaver.loadtime.Aj - 14:10:27.455 main < o.a.w.l.Aj.preProcess byte[2941]
14:10:27.473 [main] DEBUG org.aspectj.weaver.loadtime.Aj - 14:10:27.473 main > o.a.w.l.Aj.preProcess o.a.w.l.Aj@b9afc07 org/junit/jupiter/engine/JupiterTestEngine, byte[5756], j.i.l.ClassLoaders$AppClassLoader@3cd1a2f1
14:10:27.473 [main] DEBUG org.aspectj.weaver.loadtime.Aj - 14:10:27.473 main - o.a.w.l.Aj.preProcess o.a.w.l.Aj@b9afc07 j.i.l.ClassLoaders$PlatformClassLoader@1ad282e0, j.i.l.ClassLoaders$AppClassLoader@3cd1a2f1
14:10:27.473 [main] DEBUG o.a.weaver.tools.WeavingAdaptor - 14:10:27.473 main > o.a.w.t.WeavingAdaptor.weaveClass o.a.w.l.ClassLoaderWeavingAdaptor@140e5a13 org/junit/jupiter/engine/JupiterTestEngine, byte[5756]
14:10:27.474 [main] DEBUG org.aspectj.weaver.bcel.BcelWeaver - 14:10:27.474 main > o.a.w.b.BcelWeaver.weave o.a.w.b.BcelWeaver@48524010 o.a.w.t.WeavingAdaptor$WeavingClassFileProvider@1d730606
14:10:27.478 [main] DEBUG org.aspectj.weaver.bcel.BcelWorld - 14:10:27.478 main - o.a.w.b.BcelWorld.lookupJavaClass o.a.w.l.LTWWorld@2b4a2ec7 org.junit.platform.engine.support.hierarchical.HierarchicalTestEngine, o.a.a.b.c.JavaClass@3016fd5e
14:10:27.478 [main] DEBUG org.aspectj.weaver.bcel.BcelWeaver - 14:10:27.478 main > o.a.w.b.BcelWeaver.weaveAndNotify o.a.w.b.BcelWeaver@48524010 o.a.w.b.UnwovenClassFile@35d08e6c, o.a.w.b.BcelObjectType@53d102a2, o.a.w.t.WeavingAdaptor$WeavingClassFileProvider$1@6c45ee6e
14:10:27.482 [main] DEBUG org.aspectj.weaver.bcel.BcelWorld - 14:10:27.482 main - o.a.w.b.BcelWorld.lookupJavaClass o.a.w.l.LTWWorld@2b4a2ec7 org.junit.platform.engine.ExecutionRequest, o.a.a.b.c.JavaClass@42463763
14:10:27.483 [main] DEBUG org.aspectj.weaver.bcel.BcelWorld - 14:10:27.483 main - o.a.w.b.BcelWorld.lookupJavaClass o.a.w.l.LTWWorld@2b4a2ec7 org.junit.platform.engine.support.hierarchical.HierarchicalTestExecutorService, o.a.a.b.c.JavaClass@7ca33c24
14:10:27.495 [main] DEBUG org.aspectj.weaver.bcel.BcelWorld - 14:10:27.495 main - o.a.w.b.BcelWorld.lookupJavaClass o.a.w.l.LTWWorld@2b4a2ec7 org.junit.jupiter.engine.execution.JupiterEngineExecutionContext, o.a.a.b.c.JavaClass@7103cb56
14:10:27.496 [main] DEBUG org.aspectj.weaver.bcel.BcelWorld - 14:10:27.496 main - o.a.w.b.BcelWorld.lookupJavaClass o.a.w.l.LTWWorld@2b4a2ec7 org.junit.platform.engine.support.hierarchical.ThrowableCollector$Factory, o.a.a.b.c.JavaClass@6ebf0f36
14:10:27.499 [main] DEBUG org.aspectj.weaver.bcel.BcelWorld - 14:10:27.499 main - o.a.w.b.BcelWorld.lookupJavaClass o.a.w.l.LTWWorld@2b4a2ec7 org.junit.jupiter.engine.config.JupiterConfiguration, o.a.a.b.c.JavaClass@72c28d64
14:10:27.503 [main] DEBUG org.aspectj.weaver.bcel.BcelWeaver - 14:10:27.503 main < o.a.w.b.BcelWeaver.weaveAndNotify
14:10:27.503 [main] DEBUG org.aspectj.weaver.bcel.BcelWeaver - 14:10:27.503 main < o.a.w.b.BcelWeaver.weave java.util.ArrayList(1)
14:10:27.503 [main] DEBUG o.a.weaver.tools.WeavingAdaptor - 14:10:27.503 main < o.a.w.t.WeavingAdaptor.weaveClass byte[5756]
14:10:27.503 [main] DEBUG org.aspectj.weaver.Dump - 14:10:27.503 main > o.a.w.Dump.dumpOnExit o.a.w.t.WeavingAdaptor$WeavingAdaptorMessageHolder@6a6afff2
14:10:27.504 [main] DEBUG org.aspectj.weaver.Dump - 14:10:27.504 main > o.a.w.Dump.shouldDumpOnExit o.a.w.t.WeavingAdaptor$WeavingAdaptorMessageHolder@6a6afff2
14:10:27.504 [main] DEBUG org.aspectj.weaver.Dump - 14:10:27.504 main - o.a.w.Dump.shouldDumpOnExit abort
14:10:27.504 [main] DEBUG org.aspectj.weaver.Dump - 14:10:27.504 main < o.a.w.Dump.shouldDumpOnExit false
14:10:27.504 [main] DEBUG org.aspectj.weaver.Dump - 14:10:27.504 main < o.a.w.Dump.dumpOnExit Excluded
14:10:27.504 [main] DEBUG org.aspectj.weaver.loadtime.Aj - 14:10:27.504 main < o.a.w.l.Aj.preProcess byte[5756]
14:10:27.514 [main] DEBUG org.aspectj.weaver.loadtime.Aj - 14:10:27.514 main > o.a.w.l.Aj.preProcess o.a.w.l.Aj@b9afc07 org/junit/platform/engine/support/hierarchical/HierarchicalTestEngine, byte[4595], j.i.l.ClassLoaders$AppClassLoader@3cd1a2f1
14:10:27.514 [main] DEBUG org.aspectj.weaver.loadtime.Aj - 14:10:27.514 main - o.a.w.l.Aj.preProcess o.a.w.l.Aj@b9afc07 j.i.l.ClassLoaders$PlatformClassLoader@1ad282e0, j.i.l.ClassLoaders$AppClassLoader@3cd1a2f1
14:10:27.518 [main] DEBUG o.a.weaver.tools.WeavingAdaptor - 14:10:27.517 main > o.a.w.t.WeavingAdaptor.weaveClass o.a.w.l.ClassLoaderWeavingAdaptor@140e5a13 org/junit/platform/engine/support/hierarchical/HierarchicalTestEngine, byte[4595]
14:10:27.519 [main] DEBUG org.aspectj.weaver.bcel.BcelWeaver - 14:10:27.519 main > o.a.w.b.BcelWeaver.weave o.a.w.b.BcelWeaver@48524010 o.a.w.t.WeavingAdaptor$WeavingClassFileProvider@5f6722d3
14:10:27.519 [main] DEBUG org.aspectj.weaver.bcel.BcelWeaver - 14:10:27.519 main > o.a.w.b.BcelWeaver.weaveAndNotify o.a.w.b.BcelWeaver@48524010 o.a.w.b.UnwovenClassFile@2c532cd8, o.a.w.b.BcelObjectType@294e5088, o.a.w.t.WeavingAdaptor$WeavingClassFileProvider$1@51972dc7
14:10:27.524 [main] DEBUG org.aspectj.weaver.bcel.BcelWeaver - 14:10:27.524 main < o.a.w.b.BcelWeaver.weaveAndNotify
14:10:27.525 [main] DEBUG org.aspectj.weaver.bcel.BcelWeaver - 14:10:27.525 main < o.a.w.b.BcelWeaver.weave java.util.ArrayList(1)
14:10:27.525 [main] DEBUG o.a.weaver.tools.WeavingAdaptor - 14:10:27.525 main < o.a.w.t.WeavingAdaptor.weaveClass byte[4595]
14:10:27.525 [main] DEBUG org.aspectj.weaver.Dump - 14:10:27.525 main > o.a.w.Dump.dumpOnExit o.a.w.t.WeavingAdaptor$WeavingAdaptorMessageHolder@6a6afff2
14:10:27.525 [main] DEBUG org.aspectj.weaver.Dump - 14:10:27.525 main > o.a.w.Dump.shouldDumpOnExit o.a.w.t.WeavingAdaptor$WeavingAdaptorMessageHolder@6a6afff2
14:10:27.525 [main] DEBUG org.aspectj.weaver.Dump - 14:10:27.525 main - o.a.w.Dump.shouldDumpOnExit abort
14:10:27.525 [main] DEBUG org.aspectj.weaver.Dump - 14:10:27.525 main < o.a.w.Dump.shouldDumpOnExit false
14:10:27.525 [main] DEBUG org.aspectj.weaver.Dump - 14:10:27.525 main < o.a.w.Dump.dumpOnExit Excluded
14:10:27.525 [main] DEBUG org.aspectj.weaver.loadtime.Aj - 14:10:27.525 main < o.a.w.l.Aj.preProcess byte[4595]
14:10:27.528 [main] DEBUG org.aspectj.weaver.loadtime.Aj - 14:10:27.527 main > o.a.w.l.Aj.preProcess o.a.w.l.Aj@b9afc07 org/junit/platform/engine/support/hierarchical/HierarchicalTestExecutorService, byte[1078], j.i.l.ClassLoaders$AppClassLoader@3cd1a2f1
14:10:27.528 [main] DEBUG org.aspectj.weaver.loadtime.Aj - 14:10:27.528 main - o.a.w.l.Aj.preProcess o.a.w.l.Aj@b9afc07 j.i.l.ClassLoaders$PlatformClassLoader@1ad282e0, j.i.l.ClassLoaders$AppClassLoader@3cd1a2f1
14:10:27.528 [main] DEBUG o.a.weaver.tools.WeavingAdaptor - 14:10:27.528 main > o.a.w.t.WeavingAdaptor.weaveClass o.a.w.l.ClassLoaderWeavingAdaptor@140e5a13 org/junit/platform/engine/support/hierarchical/HierarchicalTestExecutorService, byte[1078]
14:10:27.529 [main] DEBUG org.aspectj.weaver.bcel.BcelWeaver - 14:10:27.529 main > o.a.w.b.BcelWeaver.weave o.a.w.b.BcelWeaver@48524010 o.a.w.t.WeavingAdaptor$WeavingClassFileProvider@24d09c1
14:10:27.533 [main] DEBUG org.aspectj.weaver.bcel.BcelWeaver - 14:10:27.532 main > o.a.w.b.BcelWeaver.weaveAndNotify o.a.w.b.BcelWeaver@48524010 o.a.w.b.UnwovenClassFile@54c62d71, o.a.w.b.BcelObjectType@65045a87, o.a.w.t.WeavingAdaptor$WeavingClassFileProvider$1@47f4e407
14:10:27.534 [main] DEBUG org.aspectj.weaver.bcel.BcelWeaver - 14:10:27.534 main < o.a.w.b.BcelWeaver.weaveAndNotify
14:10:27.534 [main] DEBUG org.aspectj.weaver.bcel.BcelWeaver - 14:10:27.534 main < o.a.w.b.BcelWeaver.weave java.util.ArrayList(1)
14:10:27.534 [main] DEBUG o.a.weaver.tools.WeavingAdaptor - 14:10:27.534 main < o.a.w.t.WeavingAdaptor.weaveClass byte[1078]
14:10:27.534 [main] DEBUG org.aspectj.weaver.Dump - 14:10:27.534 main > o.a.w.Dump.dumpOnExit o.a.w.t.WeavingAdaptor$WeavingAdaptorMessageHolder@6a6afff2
14:10:27.536 [main] DEBUG org.aspectj.weaver.Dump - 14:10:27.536 main > o.a.w.Dump.shouldDumpOnExit o.a.w.t.WeavingAdaptor$WeavingAdaptorMessageHolder@6a6afff2
14:10:27.537 [main] DEBUG org.aspectj.weaver.Dump - 14:10:27.537 main - o.a.w.Dump.shouldDumpOnExit abort
14:10:27.537 [main] DEBUG org.aspectj.weaver.Dump - 14:10:27.537 main < o.a.w.Dump.shouldDumpOnExit false
14:10:27.537 [main] DEBUG org.aspectj.weaver.Dump - 14:10:27.537 main < o.a.w.Dump.dumpOnExit Excluded
14:10:27.537 [main] DEBUG org.aspectj.weaver.loadtime.Aj - 14:10:27.537 main < o.a.w.l.Aj.preProcess byte[1078]
14:10:27.540 [main] DEBUG org.aspectj.weaver.loadtime.Aj - 14:10:27.540 main > o.a.w.l.Aj.preProcess o.a.w.l.Aj@b9afc07 org/junit/jupiter/engine/config/JupiterConfiguration, byte[2974], j.i.l.ClassLoaders$AppClassLoader@3cd1a2f1
14:10:27.540 [main] DEBUG org.aspectj.weaver.loadtime.Aj - 14:10:27.540 main - o.a.w.l.Aj.preProcess o.a.w.l.Aj@b9afc07 j.i.l.ClassLoaders$PlatformClassLoader@1ad282e0, j.i.l.ClassLoaders$AppClassLoader@3cd1a2f1
14:10:27.540 [main] DEBUG o.a.weaver.tools.WeavingAdaptor - 14:10:27.540 main > o.a.w.t.WeavingAdaptor.weaveClass o.a.w.l.ClassLoaderWeavingAdaptor@140e5a13 org/junit/jupiter/engine/config/JupiterConfiguration, byte[2974]
14:10:27.540 [main] DEBUG org.aspectj.weaver.bcel.BcelWeaver - 14:10:27.540 main > o.a.w.b.BcelWeaver.weave o.a.w.b.BcelWeaver@48524010 o.a.w.t.WeavingAdaptor$WeavingClassFileProvider@2dd80673
14:10:27.541 [main] DEBUG org.aspectj.weaver.bcel.BcelWeaver - 14:10:27.541 main > o.a.w.b.BcelWeaver.weaveAndNotify o.a.w.b.BcelWeaver@48524010 o.a.w.b.UnwovenClassFile@4af0df05, o.a.w.b.BcelObjectType@57ea113a, o.a.w.t.WeavingAdaptor$WeavingClassFileProvider$1@acdb094
14:10:27.557 [main] DEBUG org.aspectj.weaver.bcel.BcelWeaver - 14:10:27.557 main < o.a.w.b.BcelWeaver.weaveAndNotify
14:10:27.557 [main] DEBUG org.aspectj.weaver.bcel.BcelWeaver - 14:10:27.557 main < o.a.w.b.BcelWeaver.weave java.util.ArrayList(1)
14:10:27.557 [main] DEBUG o.a.weaver.tools.WeavingAdaptor - 14:10:27.557 main < o.a.w.t.WeavingAdaptor.weaveClass byte[2974]
14:10:27.557 [main] DEBUG org.aspectj.weaver.Dump - 14:10:27.557 main > o.a.w.Dump.dumpOnExit o.a.w.t.WeavingAdaptor$WeavingAdaptorMessageHolder@6a6afff2
14:10:27.557 [main] DEBUG org.aspectj.weaver.Dump - 14:10:27.557 main > o.a.w.Dump.shouldDumpOnExit o.a.w.t.WeavingAdaptor$WeavingAdaptorMessageHolder@6a6afff2
14:10:27.557 [main] DEBUG org.aspectj.weaver.Dump - 14:10:27.557 main - o.a.w.Dump.shouldDumpOnExit abort
14:10:27.557 [main] DEBUG org.aspectj.weaver.Dump - 14:10:27.557 main < o.a.w.Dump.shouldDumpOnExit false
14:10:27.557 [main] DEBUG org.aspectj.weaver.Dump - 14:10:27.557 main < o.a.w.Dump.dumpOnExit Excluded
14:10:27.557 [main] DEBUG org.aspectj.weaver.loadtime.Aj - 14:10:27.557 main < o.a.w.l.Aj.preProcess byte[2974]
14:10:27.562 [main] DEBUG org.aspectj.weaver.loadtime.Aj - 14:10:27.562 main > o.a.w.l.Aj.preProcess o.a.w.l.Aj@b9afc07 org/junit/platform/engine/TestDescriptor, byte[4712], j.i.l.ClassLoaders$AppClassLoader@3cd1a2f1
14:10:27.562 [main] DEBUG org.aspectj.weaver.loadtime.Aj - 14:10:27.562 main - o.a.w.l.Aj.preProcess o.a.w.l.Aj@b9afc07 j.i.l.ClassLoaders$PlatformClassLoader@1ad282e0, j.i.l.ClassLoaders$AppClassLoader@3cd1a2f1
14:10:27.563 [main] DEBUG o.a.weaver.tools.WeavingAdaptor - 14:10:27.563 main > o.a.w.t.WeavingAdaptor.weaveClass o.a.w.l.ClassLoaderWeavingAdaptor@140e5a13 org/junit/platform/engine/TestDescriptor, byte[4712]
14:10:27.563 [main] DEBUG org.aspectj.weaver.bcel.BcelWeaver - 14:10:27.563 main > o.a.w.b.BcelWeaver.weave o.a.w.b.BcelWeaver@48524010 o.a.w.t.WeavingAdaptor$WeavingClassFileProvider@4b45dcb8
14:10:27.564 [main] DEBUG org.aspectj.weaver.bcel.BcelWeaver - 14:10:27.564 main > o.a.w.b.BcelWeaver.weaveAndNotify o.a.w.b.BcelWeaver@48524010 o.a.w.b.UnwovenClassFile@7216fb24, o.a.w.b.BcelObjectType@2072acb2, o.a.w.t.WeavingAdaptor$WeavingClassFileProvider$1@50ecde95
14:10:27.566 [main] DEBUG org.aspectj.weaver.bcel.BcelWorld - 14:10:27.566 main - o.a.w.b.BcelWorld.lookupJavaClass o.a.w.l.LTWWorld@2b4a2ec7 org.junit.platform.engine.TestDescriptor$Visitor, o.a.a.b.c.JavaClass@45815ffc
14:10:27.567 [main] DEBUG org.aspectj.weaver.bcel.BcelWeaver - 14:10:27.567 main < o.a.w.b.BcelWeaver.weaveAndNotify
14:10:27.567 [main] DEBUG org.aspectj.weaver.bcel.BcelWeaver - 14:10:27.567 main < o.a.w.b.BcelWeaver.weave java.util.ArrayList(1)
14:10:27.567 [main] DEBUG o.a.weaver.tools.WeavingAdaptor - 14:10:27.567 main < o.a.w.t.WeavingAdaptor.weaveClass byte[4712]
14:10:27.567 [main] DEBUG org.aspectj.weaver.Dump - 14:10:27.567 main > o.a.w.Dump.dumpOnExit o.a.w.t.WeavingAdaptor$WeavingAdaptorMessageHolder@6a6afff2
14:10:27.567 [main] DEBUG org.aspectj.weaver.Dump - 14:10:27.567 main > o.a.w.Dump.shouldDumpOnExit o.a.w.t.WeavingAdaptor$WeavingAdaptorMessageHolder@6a6afff2
14:10:27.567 [main] DEBUG org.aspectj.weaver.Dump - 14:10:27.567 main - o.a.w.Dump.shouldDumpOnExit abort
14:10:27.567 [main] DEBUG org.aspectj.weaver.Dump - 14:10:27.567 main < o.a.w.Dump.shouldDumpOnExit false
14:10:27.567 [main] DEBUG org.aspectj.weaver.Dump - 14:10:27.567 main < o.a.w.Dump.dumpOnExit Excluded
14:10:27.567 [main] DEBUG org.aspectj.weaver.loadtime.Aj - 14:10:27.567 main < o.a.w.l.Aj.preProcess byte[4712]
14:10:27.574 [main] DEBUG org.aspectj.weaver.loadtime.Aj - 14:10:27.574 main > o.a.w.l.Aj.preProcess o.a.w.l.Aj@b9afc07 org/junit/platform/engine/support/hierarchical/EngineExecutionContext, byte[428], j.i.l.ClassLoaders$AppClassLoader@3cd1a2f1
14:10:27.576 [main] DEBUG org.aspectj.weaver.loadtime.Aj - 14:10:27.576 main - o.a.w.l.Aj.preProcess o.a.w.l.Aj@b9afc07 j.i.l.ClassLoaders$PlatformClassLoader@1ad282e0, j.i.l.ClassLoaders$AppClassLoader@3cd1a2f1
14:10:27.576 [main] DEBUG o.a.weaver.tools.WeavingAdaptor - 14:10:27.576 main > o.a.w.t.WeavingAdaptor.weaveClass o.a.w.l.ClassLoaderWeavingAdaptor@140e5a13 org/junit/platform/engine/support/hierarchical/EngineExecutionContext, byte[428]
14:10:27.577 [main] DEBUG org.aspectj.weaver.bcel.BcelWeaver - 14:10:27.576 main > o.a.w.b.BcelWeaver.weave o.a.w.b.BcelWeaver@48524010 o.a.w.t.WeavingAdaptor$WeavingClassFileProvider@299321e2
14:10:27.577 [main] DEBUG org.aspectj.weaver.bcel.BcelWeaver - 14:10:27.577 main > o.a.w.b.BcelWeaver.weaveAndNotify o.a.w.b.BcelWeaver@48524010 o.a.w.b.UnwovenClassFile@23fb172e, o.a.w.b.BcelObjectType@64ba3208, o.a.w.t.WeavingAdaptor$WeavingClassFileProvider$1@158a3b2e
14:10:27.578 [main] DEBUG org.aspectj.weaver.bcel.BcelWeaver - 14:10:27.578 main < o.a.w.b.BcelWeaver.weaveAndNotify
14:10:27.580 [main] DEBUG org.aspectj.weaver.bcel.BcelWeaver - 14:10:27.579 main < o.a.w.b.BcelWeaver.weave java.util.ArrayList(1)
14:10:27.580 [main] DEBUG o.a.weaver.tools.WeavingAdaptor - 14:10:27.580 main < o.a.w.t.WeavingAdaptor.weaveClass byte[428]
14:10:27.580 [main] DEBUG org.aspectj.weaver.Dump - 14:10:27.580 main > o.a.w.Dump.dumpOnExit o.a.w.t.WeavingAdaptor$WeavingAdaptorMessageHolder@6a6afff2
14:10:27.582 [main] DEBUG org.aspectj.weaver.Dump - 14:10:27.581 main > o.a.w.Dump.shouldDumpOnExit o.a.w.t.WeavingAdaptor$WeavingAdaptorMessageHolder@6a6afff2
14:10:27.582 [main] DEBUG org.aspectj.weaver.Dump - 14:10:27.582 main - o.a.w.Dump.shouldDumpOnExit abort
14:10:27.582 [main] DEBUG org.aspectj.weaver.Dump - 14:10:27.582 main < o.a.w.Dump.shouldDumpOnExit false
14:10:27.582 [main] DEBUG org.aspectj.weaver.Dump - 14:10:27.582 main < o.a.w.Dump.dumpOnExit Excluded
14:10:27.582 [main] DEBUG org.aspectj.weaver.loadtime.Aj - 14:10:27.582 main < o.a.w.l.Aj.preProcess byte[428]
14:10:27.605 [main] DEBUG org.aspectj.weaver.loadtime.Aj - 14:10:27.605 main > o.a.w.l.Aj.preProcess o.a.w.l.Aj@b9afc07 io/qameta/allure/junitplatform/AllurePostDiscoveryFilter, byte[7908], j.i.l.ClassLoaders$AppClassLoader@3cd1a2f1
14:10:27.605 [main] DEBUG org.aspectj.weaver.loadtime.Aj - 14:10:27.605 main - o.a.w.l.Aj.preProcess o.a.w.l.Aj@b9afc07 j.i.l.ClassLoaders$PlatformClassLoader@1ad282e0, j.i.l.ClassLoaders$AppClassLoader@3cd1a2f1
14:10:27.605 [main] DEBUG o.a.weaver.tools.WeavingAdaptor - 14:10:27.605 main > o.a.w.t.WeavingAdaptor.weaveClass o.a.w.l.ClassLoaderWeavingAdaptor@140e5a13 io/qameta/allure/junitplatform/AllurePostDiscoveryFilter, byte[7908]
14:10:27.606 [main] DEBUG org.aspectj.weaver.bcel.BcelWeaver - 14:10:27.606 main > o.a.w.b.BcelWeaver.weave o.a.w.b.BcelWeaver@48524010 o.a.w.t.WeavingAdaptor$WeavingClassFileProvider@12bd8a64
14:10:27.606 [main] DEBUG org.aspectj.weaver.bcel.BcelWeaver - 14:10:27.606 main > o.a.w.b.BcelWeaver.weaveAndNotify o.a.w.b.BcelWeaver@48524010 o.a.w.b.UnwovenClassFile@61e94def, o.a.w.b.BcelObjectType@3300f4fd, o.a.w.t.WeavingAdaptor$WeavingClassFileProvider$1@ebb6851
14:10:27.609 [main] DEBUG org.aspectj.weaver.bcel.BcelWorld - 14:10:27.609 main - o.a.w.b.BcelWorld.lookupJavaClass o.a.w.l.LTWWorld@2b4a2ec7 io.qameta.allure.testfilter.TestPlan, o.a.a.b.c.JavaClass@49872d67
14:10:27.611 [main] DEBUG org.aspectj.weaver.bcel.BcelWorld - 14:10:27.611 main - o.a.w.b.BcelWorld.lookupJavaClass o.a.w.l.LTWWorld@2b4a2ec7 io.qameta.allure.testfilter.TestPlanV1_0$TestCase, o.a.a.b.c.JavaClass@8692d67
14:10:27.614 [main] DEBUG org.aspectj.weaver.bcel.BcelWorld - 14:10:27.614 main - o.a.w.b.BcelWorld.lookupJavaClass o.a.w.l.LTWWorld@2b4a2ec7 io.qameta.allure.model.Label, o.a.a.b.c.JavaClass@4983159f
14:10:27.614 [main] DEBUG org.aspectj.weaver.bcel.BcelWeaver - 14:10:27.614 main < o.a.w.b.BcelWeaver.weaveAndNotify
14:10:27.615 [main] DEBUG org.aspectj.weaver.bcel.BcelWeaver - 14:10:27.614 main < o.a.w.b.BcelWeaver.weave java.util.ArrayList(1)
14:10:27.615 [main] DEBUG o.a.weaver.tools.WeavingAdaptor - 14:10:27.615 main < o.a.w.t.WeavingAdaptor.weaveClass byte[7908]
14:10:27.615 [main] DEBUG org.aspectj.weaver.Dump - 14:10:27.615 main > o.a.w.Dump.dumpOnExit o.a.w.t.WeavingAdaptor$WeavingAdaptorMessageHolder@6a6afff2
14:10:27.615 [main] DEBUG org.aspectj.weaver.Dump - 14:10:27.615 main > o.a.w.Dump.shouldDumpOnExit o.a.w.t.WeavingAdaptor$WeavingAdaptorMessageHolder@6a6afff2
14:10:27.615 [main] DEBUG org.aspectj.weaver.Dump - 14:10:27.615 main - o.a.w.Dump.shouldDumpOnExit abort
14:10:27.615 [main] DEBUG org.aspectj.weaver.Dump - 14:10:27.615 main < o.a.w.Dump.shouldDumpOnExit false
14:10:27.615 [main] DEBUG org.aspectj.weaver.Dump - 14:10:27.615 main < o.a.w.Dump.dumpOnExit Excluded
14:10:27.615 [main] DEBUG org.aspectj.weaver.loadtime.Aj - 14:10:27.615 main < o.a.w.l.Aj.preProcess byte[7908]
14:10:27.617 [main] DEBUG org.aspectj.weaver.loadtime.Aj - 14:10:27.617 main > o.a.w.l.Aj.preProcess o.a.w.l.Aj@b9afc07 io/qameta/allure/testfilter/TestPlan, byte[989], j.i.l.ClassLoaders$AppClassLoader@3cd1a2f1
14:10:27.618 [main] DEBUG org.aspectj.weaver.loadtime.Aj - 14:10:27.618 main - o.a.w.l.Aj.preProcess o.a.w.l.Aj@b9afc07 j.i.l.ClassLoaders$PlatformClassLoader@1ad282e0, j.i.l.ClassLoaders$AppClassLoader@3cd1a2f1
14:10:27.619 [main] DEBUG o.a.weaver.tools.WeavingAdaptor - 14:10:27.618 main > o.a.w.t.WeavingAdaptor.weaveClass o.a.w.l.ClassLoaderWeavingAdaptor@140e5a13 io/qameta/allure/testfilter/TestPlan, byte[989]
14:10:27.619 [main] DEBUG org.aspectj.weaver.bcel.BcelWeaver - 14:10:27.619 main > o.a.w.b.BcelWeaver.weave o.a.w.b.BcelWeaver@48524010 o.a.w.t.WeavingAdaptor$WeavingClassFileProvider@18bc345
14:10:27.619 [main] DEBUG org.aspectj.weaver.bcel.BcelWeaver - 14:10:27.619 main > o.a.w.b.BcelWeaver.weaveAndNotify o.a.w.b.BcelWeaver@48524010 o.a.w.b.UnwovenClassFile@42f8285e, o.a.w.b.BcelObjectType@26bab2f1, o.a.w.t.WeavingAdaptor$WeavingClassFileProvider$1@3724af13
14:10:27.621 [main] DEBUG org.aspectj.weaver.bcel.BcelWeaver - 14:10:27.621 main < o.a.w.b.BcelWeaver.weaveAndNotify
14:10:27.621 [main] DEBUG org.aspectj.weaver.bcel.BcelWeaver - 14:10:27.621 main < o.a.w.b.BcelWeaver.weave java.util.ArrayList(1)
14:10:27.621 [main] DEBUG o.a.weaver.tools.WeavingAdaptor - 14:10:27.621 main < o.a.w.t.WeavingAdaptor.weaveClass byte[989]
14:10:27.621 [main] DEBUG org.aspectj.weaver.Dump - 14:10:27.621 main > o.a.w.Dump.dumpOnExit o.a.w.t.WeavingAdaptor$WeavingAdaptorMessageHolder@6a6afff2
14:10:27.621 [main] DEBUG org.aspectj.weaver.Dump - 14:10:27.621 main > o.a.w.Dump.shouldDumpOnExit o.a.w.t.WeavingAdaptor$WeavingAdaptorMessageHolder@6a6afff2
14:10:27.621 [main] DEBUG org.aspectj.weaver.Dump - 14:10:27.621 main - o.a.w.Dump.shouldDumpOnExit abort
14:10:27.621 [main] DEBUG org.aspectj.weaver.Dump - 14:10:27.621 main < o.a.w.Dump.shouldDumpOnExit false
14:10:27.621 [main] DEBUG org.aspectj.weaver.Dump - 14:10:27.621 main < o.a.w.Dump.dumpOnExit Excluded
14:10:27.621 [main] DEBUG org.aspectj.weaver.loadtime.Aj - 14:10:27.621 main < o.a.w.l.Aj.preProcess byte[989]
14:10:27.626 [main] DEBUG org.aspectj.weaver.loadtime.Aj - 14:10:27.626 main > o.a.w.l.Aj.preProcess o.a.w.l.Aj@b9afc07 io/qameta/allure/testfilter/FileTestPlanSupplier, byte[5523], j.i.l.ClassLoaders$AppClassLoader@3cd1a2f1
14:10:27.627 [main] DEBUG org.aspectj.weaver.loadtime.Aj - 14:10:27.626 main - o.a.w.l.Aj.preProcess o.a.w.l.Aj@b9afc07 j.i.l.ClassLoaders$PlatformClassLoader@1ad282e0, j.i.l.ClassLoaders$AppClassLoader@3cd1a2f1
14:10:27.627 [main] DEBUG o.a.weaver.tools.WeavingAdaptor - 14:10:27.627 main > o.a.w.t.WeavingAdaptor.weaveClass o.a.w.l.ClassLoaderWeavingAdaptor@140e5a13 io/qameta/allure/testfilter/FileTestPlanSupplier, byte[5523]
14:10:27.627 [main] DEBUG org.aspectj.weaver.bcel.BcelWeaver - 14:10:27.627 main > o.a.w.b.BcelWeaver.weave o.a.w.b.BcelWeaver@48524010 o.a.w.t.WeavingAdaptor$WeavingClassFileProvider@37052337
14:10:27.629 [main] DEBUG org.aspectj.weaver.bcel.BcelWorld - 14:10:27.629 main - o.a.w.b.BcelWorld.lookupJavaClass o.a.w.l.LTWWorld@2b4a2ec7 io.qameta.allure.testfilter.TestPlanSupplier, o.a.a.b.c.JavaClass@4d722ac9
14:10:27.630 [main] DEBUG org.aspectj.weaver.bcel.BcelWeaver - 14:10:27.630 main > o.a.w.b.BcelWeaver.weaveAndNotify o.a.w.b.BcelWeaver@48524010 o.a.w.b.UnwovenClassFile@53f0a4cb, o.a.w.b.BcelObjectType@77a7cf58, o.a.w.t.WeavingAdaptor$WeavingClassFileProvider$1@3d97a632
14:10:27.631 [main] DEBUG org.aspectj.weaver.bcel.BcelWeaver - 14:10:27.631 main < o.a.w.b.BcelWeaver.weaveAndNotify
14:10:27.631 [main] DEBUG org.aspectj.weaver.bcel.BcelWeaver - 14:10:27.631 main < o.a.w.b.BcelWeaver.weave java.util.ArrayList(1)
14:10:27.631 [main] DEBUG o.a.weaver.tools.WeavingAdaptor - 14:10:27.631 main < o.a.w.t.WeavingAdaptor.weaveClass byte[5523]
14:10:27.631 [main] DEBUG org.aspectj.weaver.Dump - 14:10:27.631 main > o.a.w.Dump.dumpOnExit o.a.w.t.WeavingAdaptor$WeavingAdaptorMessageHolder@6a6afff2
14:10:27.631 [main] DEBUG org.aspectj.weaver.Dump - 14:10:27.631 main > o.a.w.Dump.shouldDumpOnExit o.a.w.t.WeavingAdaptor$WeavingAdaptorMessageHolder@6a6afff2
14:10:27.631 [main] DEBUG org.aspectj.weaver.Dump - 14:10:27.631 main - o.a.w.Dump.shouldDumpOnExit abort
14:10:27.631 [main] DEBUG org.aspectj.weaver.Dump - 14:10:27.631 main < o.a.w.Dump.shouldDumpOnExit false
14:10:27.631 [main] DEBUG org.aspectj.weaver.Dump - 14:10:27.631 main < o.a.w.Dump.dumpOnExit Excluded
14:10:27.631 [main] DEBUG org.aspectj.weaver.loadtime.Aj - 14:10:27.631 main < o.a.w.l.Aj.preProcess byte[5523]
14:10:27.633 [main] DEBUG org.aspectj.weaver.loadtime.Aj - 14:10:27.633 main > o.a.w.l.Aj.preProcess o.a.w.l.Aj@b9afc07 io/qameta/allure/testfilter/TestPlanSupplier, byte[342], j.i.l.ClassLoaders$AppClassLoader@3cd1a2f1
14:10:27.633 [main] DEBUG org.aspectj.weaver.loadtime.Aj - 14:10:27.633 main - o.a.w.l.Aj.preProcess o.a.w.l.Aj@b9afc07 j.i.l.ClassLoaders$PlatformClassLoader@1ad282e0, j.i.l.ClassLoaders$AppClassLoader@3cd1a2f1
14:10:27.633 [main] DEBUG o.a.weaver.tools.WeavingAdaptor - 14:10:27.633 main > o.a.w.t.WeavingAdaptor.weaveClass o.a.w.l.ClassLoaderWeavingAdaptor@140e5a13 io/qameta/allure/testfilter/TestPlanSupplier, byte[342]
14:10:27.633 [main] DEBUG org.aspectj.weaver.bcel.BcelWeaver - 14:10:27.633 main > o.a.w.b.BcelWeaver.weave o.a.w.b.BcelWeaver@48524010 o.a.w.t.WeavingAdaptor$WeavingClassFileProvider@60957c0f
14:10:27.634 [main] DEBUG org.aspectj.weaver.bcel.BcelWeaver - 14:10:27.633 main > o.a.w.b.BcelWeaver.weaveAndNotify o.a.w.b.BcelWeaver@48524010 o.a.w.b.UnwovenClassFile@293a5f75, o.a.w.b.BcelObjectType@fcb4004, o.a.w.t.WeavingAdaptor$WeavingClassFileProvider$1@1dd6d4b7
14:10:27.634 [main] DEBUG org.aspectj.weaver.bcel.BcelWeaver - 14:10:27.634 main < o.a.w.b.BcelWeaver.weaveAndNotify
14:10:27.635 [main] DEBUG org.aspectj.weaver.bcel.BcelWeaver - 14:10:27.634 main < o.a.w.b.BcelWeaver.weave java.util.ArrayList(1)
14:10:27.635 [main] DEBUG o.a.weaver.tools.WeavingAdaptor - 14:10:27.635 main < o.a.w.t.WeavingAdaptor.weaveClass byte[342]
14:10:27.635 [main] DEBUG org.aspectj.weaver.Dump - 14:10:27.635 main > o.a.w.Dump.dumpOnExit o.a.w.t.WeavingAdaptor$WeavingAdaptorMessageHolder@6a6afff2
14:10:27.635 [main] DEBUG org.aspectj.weaver.Dump - 14:10:27.635 main > o.a.w.Dump.shouldDumpOnExit o.a.w.t.WeavingAdaptor$WeavingAdaptorMessageHolder@6a6afff2
14:10:27.635 [main] DEBUG org.aspectj.weaver.Dump - 14:10:27.635 main - o.a.w.Dump.shouldDumpOnExit abort
14:10:27.635 [main] DEBUG org.aspectj.weaver.Dump - 14:10:27.635 main < o.a.w.Dump.shouldDumpOnExit false
14:10:27.635 [main] DEBUG org.aspectj.weaver.Dump - 14:10:27.635 main < o.a.w.Dump.dumpOnExit Excluded
14:10:27.636 [main] DEBUG org.aspectj.weaver.loadtime.Aj - 14:10:27.636 main < o.a.w.l.Aj.preProcess byte[342]
14:10:27.642 [main] DEBUG org.aspectj.weaver.loadtime.Aj - 14:10:27.641 main > o.a.w.l.Aj.preProcess o.a.w.l.Aj@b9afc07 io/qameta/allure/internal/shadowed/jackson/databind/ObjectMapper, byte[111624], j.i.l.ClassLoaders$AppClassLoader@3cd1a2f1
14:10:27.642 [main] DEBUG org.aspectj.weaver.loadtime.Aj - 14:10:27.642 main - o.a.w.l.Aj.preProcess o.a.w.l.Aj@b9afc07 j.i.l.ClassLoaders$PlatformClassLoader@1ad282e0, j.i.l.ClassLoaders$AppClassLoader@3cd1a2f1
14:10:27.642 [main] DEBUG o.a.weaver.tools.WeavingAdaptor - 14:10:27.642 main > o.a.w.t.WeavingAdaptor.weaveClass o.a.w.l.ClassLoaderWeavingAdaptor@140e5a13 io/qameta/allure/internal/shadowed/jackson/databind/ObjectMapper, byte[111624]
14:10:27.645 [main] DEBUG org.aspectj.weaver.bcel.BcelWeaver - 14:10:27.644 main > o.a.w.b.BcelWeaver.weave o.a.w.b.BcelWeaver@48524010 o.a.w.t.WeavingAdaptor$WeavingClassFileProvider@1253e7cb
14:10:27.647 [main] DEBUG org.aspectj.weaver.bcel.BcelWorld - 14:10:27.647 main - o.a.w.b.BcelWorld.lookupJavaClass o.a.w.l.LTWWorld@2b4a2ec7 io.qameta.allure.internal.shadowed.jackson.core.ObjectCodec, o.a.a.b.c.JavaClass@3b0c9195
14:10:27.649 [main] DEBUG org.aspectj.weaver.bcel.BcelWorld - 14:10:27.649 main - o.a.w.b.BcelWorld.lookupJavaClass o.a.w.l.LTWWorld@2b4a2ec7 io.qameta.allure.internal.shadowed.jackson.core.Versioned, o.a.a.b.c.JavaClass@302a07d
14:10:27.672 [main] DEBUG org.aspectj.weaver.bcel.BcelWeaver - 14:10:27.672 main > o.a.w.b.BcelWeaver.weaveAndNotify o.a.w.b.BcelWeaver@48524010 o.a.w.b.UnwovenClassFile@5cdd09b1, o.a.w.b.BcelObjectType@8c11eee, o.a.w.t.WeavingAdaptor$WeavingClassFileProvider$1@7e8dcdaa
14:10:27.673 [main] DEBUG org.aspectj.weaver.bcel.BcelWorld - 14:10:27.673 main - o.a.w.b.BcelWorld.lookupJavaClass o.a.w.l.LTWWorld@2b4a2ec7 io.qameta.allure.internal.shadowed.jackson.core.Versioned, o.a.a.b.c.JavaClass@302a07d
14:10:27.673 [main] DEBUG org.aspectj.weaver.bcel.BcelWorld - 14:10:27.673 main - o.a.w.b.BcelWorld.lookupJavaClass o.a.w.l.LTWWorld@2b4a2ec7 java.io.Serializable, o.a.a.b.c.JavaClass@3e11f9e9
14:10:27.673 [main] DEBUG org.aspectj.weaver.bcel.BcelWorld - 14:10:27.673 main - o.a.w.b.BcelWorld.lookupJavaClass o.a.w.l.LTWWorld@2b4a2ec7 io.qameta.allure.internal.shadowed.jackson.core.ObjectCodec, o.a.a.b.c.JavaClass@3b0c9195
14:10:27.674 [main] DEBUG org.aspectj.weaver.bcel.BcelWorld - 14:10:27.674 main - o.a.w.b.BcelWorld.lookupJavaClass o.a.w.l.LTWWorld@2b4a2ec7 io.qameta.allure.internal.shadowed.jackson.core.TreeCodec, o.a.a.b.c.JavaClass@5c08c46a
14:10:27.682 [main] DEBUG org.aspectj.weaver.bcel.BcelWorld - 14:10:27.682 main - o.a.w.b.BcelWorld.lookupJavaClass o.a.w.l.LTWWorld@2b4a2ec7 io.qameta.allure.internal.shadowed.jackson.databind.introspect.ClassIntrospector, o.a.a.b.c.JavaClass@c35172e
14:10:27.682 [main] DEBUG org.aspectj.weaver.bcel.BcelWorld - 14:10:27.682 main - o.a.w.b.BcelWorld.lookupJavaClass o.a.w.l.LTWWorld@2b4a2ec7 java.lang.Class, o.a.a.b.c.JavaClass@611889f4
14:10:27.685 [main] DEBUG org.aspectj.weaver.bcel.BcelWorld - 14:10:27.685 main - o.a.w.b.BcelWorld.lookupJavaClass o.a.w.l.LTWWorld@2b4a2ec7 io.qameta.allure.internal.shadowed.jackson.databind.DeserializationConfig, o.a.a.b.c.JavaClass@4566d049
14:10:27.692 [main] DEBUG org.aspectj.weaver.bcel.BcelWorld - 14:10:27.692 main - o.a.w.b.BcelWorld.lookupJavaClass o.a.w.l.LTWWorld@2b4a2ec7 io.qameta.allure.internal.shadowed.jackson.databind.ObjectReader, o.a.a.b.c.JavaClass@ccb4b1b
14:10:27.695 [main] DEBUG org.aspectj.weaver.bcel.BcelWorld - 14:10:27.695 main - o.a.w.b.BcelWorld.lookupJavaClass o.a.w.l.LTWWorld@2b4a2ec7 io.qameta.allure.internal.shadowed.jackson.databind.JavaType, o.a.a.b.c.JavaClass@2a5b3fee
14:10:27.698 [main] DEBUG org.aspectj.weaver.bcel.BcelWorld - 14:10:27.698 main - o.a.w.b.BcelWorld.lookupJavaClass o.a.w.l.LTWWorld@2b4a2ec7 io.qameta.allure.internal.shadowed.jackson.core.FormatSchema, o.a.a.b.c.JavaClass@52d645b1
14:10:27.699 [main] DEBUG org.aspectj.weaver.bcel.BcelWorld - 14:10:27.699 main - o.a.w.b.BcelWorld.lookupJavaClass o.a.w.l.LTWWorld@2b4a2ec7 io.qameta.allure.internal.shadowed.jackson.databind.InjectableValues, o.a.a.b.c.JavaClass@710b18a6
14:10:27.701 [main] DEBUG org.aspectj.weaver.bcel.BcelWorld - 14:10:27.701 main - o.a.w.b.BcelWorld.lookupJavaClass o.a.w.l.LTWWorld@2b4a2ec7 io.qameta.allure.internal.shadowed.jackson.databind.SerializationConfig, o.a.a.b.c.JavaClass@c055c54
14:10:27.707 [main] DEBUG org.aspectj.weaver.bcel.BcelWorld - 14:10:27.707 main - o.a.w.b.BcelWorld.lookupJavaClass o.a.w.l.LTWWorld@2b4a2ec7 io.qameta.allure.internal.shadowed.jackson.databind.ObjectWriter, o.a.a.b.c.JavaClass@73173f63
14:10:27.709 [main] DEBUG org.aspectj.weaver.bcel.BcelWorld - 14:10:27.709 main - o.a.w.b.BcelWorld.lookupJavaClass o.a.w.l.LTWWorld@2b4a2ec7 io.qameta.allure.internal.shadowed.jackson.core.PrettyPrinter, o.a.a.b.c.JavaClass@7e276594
14:10:27.710 [main] DEBUG org.aspectj.weaver.bcel.BcelWorld - 14:10:27.710 main - o.a.w.b.BcelWorld.lookupJavaClass o.a.w.l.LTWWorld@2b4a2ec7 io.qameta.allure.internal.shadowed.jackson.core.Version, o.a.a.b.c.JavaClass@4233e892
14:10:27.770 [main] DEBUG org.aspectj.weaver.bcel.BcelWorld - 14:10:27.770 main - o.a.w.b.BcelWorld.lookupJavaClass o.a.w.l.LTWWorld@2b4a2ec7 io.qameta.allure.internal.shadowed.jackson.databind.Module, o.a.a.b.c.JavaClass@58ffcbd7
14:10:27.770 [main] DEBUG org.aspectj.weaver.bcel.BcelWorld - 14:10:27.770 main - o.a.w.b.BcelWorld.lookupJavaClass o.a.w.l.LTWWorld@2b4a2ec7 java.lang.Iterable, o.a.a.b.c.JavaClass@3e27ba32
14:10:27.771 [main] DEBUG org.aspectj.weaver.bcel.BcelWorld - 14:10:27.771 main - o.a.w.b.BcelWorld.lookupJavaClass o.a.w.l.LTWWorld@2b4a2ec7 java.util.Set, o.a.a.b.c.JavaClass@3f6b0be5
14:10:27.771 [main] DEBUG org.aspectj.weaver.bcel.BcelWorld - 14:10:27.771 main - o.a.w.b.BcelWorld.lookupJavaClass o.a.w.l.LTWWorld@2b4a2ec7 java.util.List, o.a.a.b.c.JavaClass@6c130c45
14:10:27.771 [main] DEBUG org.aspectj.weaver.bcel.BcelWorld - 14:10:27.771 main - o.a.w.b.BcelWorld.lookupJavaClass o.a.w.l.LTWWorld@2b4a2ec7 java.lang.ClassLoader, o.a.a.b.c.JavaClass@6497b078
14:10:27.774 [main] DEBUG org.aspectj.weaver.bcel.BcelWorld - 14:10:27.773 main - o.a.w.b.BcelWorld.lookupJavaClass o.a.w.l.LTWWorld@2b4a2ec7 java.util.ServiceLoader, o.a.a.b.c.JavaClass@555cf22
14:10:27.774 [main] DEBUG org.aspectj.weaver.bcel.BcelWorld - 14:10:27.774 main - o.a.w.b.BcelWorld.lookupJavaClass o.a.w.l.LTWWorld@2b4a2ec7 java.io.OutputStream, o.a.a.b.c.JavaClass@7a5ceedd
14:10:27.777 [main] DEBUG org.aspectj.weaver.bcel.BcelWorld - 14:10:27.777 main - o.a.w.b.BcelWorld.lookupJavaClass o.a.w.l.LTWWorld@2b4a2ec7 io.qameta.allure.internal.shadowed.jackson.core.JsonGenerator, o.a.a.b.c.JavaClass@1a9c38eb
14:10:27.779 [main] DEBUG org.aspectj.weaver.bcel.BcelWorld - 14:10:27.779 main - o.a.w.b.BcelWorld.lookupJavaClass o.a.w.l.LTWWorld@2b4a2ec7 io.qameta.allure.internal.shadowed.jackson.core.JsonEncoding, o.a.a.b.c.JavaClass@2f4205be
14:10:27.780 [main] DEBUG org.aspectj.weaver.bcel.BcelWorld - 14:10:27.780 main - o.a.w.b.BcelWorld.lookupJavaClass o.a.w.l.LTWWorld@2b4a2ec7 java.io.Writer, o.a.a.b.c.JavaClass@6221a451
14:10:27.780 [main] DEBUG org.aspectj.weaver.bcel.BcelWorld - 14:10:27.780 main - o.a.w.b.BcelWorld.lookupJavaClass o.a.w.l.LTWWorld@2b4a2ec7 java.io.File, o.a.a.b.c.JavaClass@6631f5ca
14:10:27.780 [main] DEBUG org.aspectj.weaver.bcel.BcelWorld - 14:10:27.780 main - o.a.w.b.BcelWorld.lookupJavaClass o.a.w.l.LTWWorld@2b4a2ec7 java.io.DataOutput, o.a.a.b.c.JavaClass@54e22bdd
14:10:27.783 [main] DEBUG org.aspectj.weaver.bcel.BcelWorld - 14:10:27.783 main - o.a.w.b.BcelWorld.lookupJavaClass o.a.w.l.LTWWorld@2b4a2ec7 io.qameta.allure.internal.shadowed.jackson.core.JsonParser, o.a.a.b.c.JavaClass@6b98a075
14:10:27.784 [main] DEBUG org.aspectj.weaver.bcel.BcelWorld - 14:10:27.784 main - o.a.w.b.BcelWorld.lookupJavaClass o.a.w.l.LTWWorld@2b4a2ec7 java.net.URL, o.a.a.b.c.JavaClass@548d708a
14:10:27.784 [main] DEBUG org.aspectj.weaver.bcel.BcelWorld - 14:10:27.784 main - o.a.w.b.BcelWorld.lookupJavaClass o.a.w.l.LTWWorld@2b4a2ec7 java.io.InputStream, o.a.a.b.c.JavaClass@52102734
14:10:27.787 [main] DEBUG org.aspectj.weaver.bcel.BcelWorld - 14:10:27.787 main - o.a.w.b.BcelWorld.lookupJavaClass o.a.w.l.LTWWorld@2b4a2ec7 java.io.Reader, o.a.a.b.c.JavaClass@2e61d218
14:10:27.807 [main] DEBUG org.aspectj.weaver.bcel.BcelWorld - 14:10:27.807 main - o.a.w.b.BcelWorld.lookupJavaClass o.a.w.l.LTWWorld@2b4a2ec7 java.lang.String, o.a.a.b.c.JavaClass@343570b7
14:10:27.822 [main] DEBUG org.aspectj.weaver.bcel.BcelWorld - 14:10:27.822 main - o.a.w.b.BcelWorld.lookupJavaClass o.a.w.l.LTWWorld@2b4a2ec7 java.io.DataInput, o.a.a.b.c.JavaClass@3569fc08
14:10:27.829 [main] DEBUG org.aspectj.weaver.bcel.BcelWorld - 14:10:27.829 main - o.a.w.b.BcelWorld.lookupJavaClass o.a.w.l.LTWWorld@2b4a2ec7 io.qameta.allure.internal.shadowed.jackson.databind.DeserializationContext, o.a.a.b.c.JavaClass@2e554a3b
14:10:27.831 [main] DEBUG org.aspectj.weaver.bcel.BcelWorld - 14:10:27.831 main - o.a.w.b.BcelWorld.lookupJavaClass o.a.w.l.LTWWorld@2b4a2ec7 io.qameta.allure.internal.shadowed.jackson.databind.ser.SerializerFactory, o.a.a.b.c.JavaClass@56aaaecd
14:10:27.834 [main] DEBUG org.aspectj.weaver.bcel.BcelWorld - 14:10:27.834 main - o.a.w.b.BcelWorld.lookupJavaClass o.a.w.l.LTWWorld@2b4a2ec7 io.qameta.allure.internal.shadowed.jackson.databind.ser.DefaultSerializerProvider, o.a.a.b.c.JavaClass@5e01a982
14:10:27.839 [main] DEBUG org.aspectj.weaver.bcel.BcelWorld - 14:10:27.839 main - o.a.w.b.BcelWorld.lookupJavaClass o.a.w.l.LTWWorld@2b4a2ec7 io.qameta.allure.internal.shadowed.jackson.databind.SerializerProvider, o.a.a.b.c.JavaClass@23d1e5d0
14:10:27.839 [main] DEBUG org.aspectj.weaver.bcel.BcelWorld - 14:10:27.839 main - o.a.w.b.BcelWorld.lookupJavaClass o.a.w.l.LTWWorld@2b4a2ec7 java.util.Map, o.a.a.b.c.JavaClass@48974e45
14:10:27.841 [main] DEBUG org.aspectj.weaver.bcel.BcelWorld - 14:10:27.840 main - o.a.w.b.BcelWorld.lookupJavaClass o.a.w.l.LTWWorld@2b4a2ec7 io.qameta.allure.internal.shadowed.jackson.databind.introspect.ClassIntrospector$MixInResolver, o.a.a.b.c.JavaClass@13e547a9
14:10:27.841 [main] DEBUG org.aspectj.weaver.bcel.BcelWorld - 14:10:27.841 main - o.a.w.b.BcelWorld.lookupJavaClass o.a.w.l.LTWWorld@2b4a2ec7 java.lang.Deprecated, o.a.a.b.c.JavaClass@2b48a640
14:10:27.843 [main] DEBUG org.aspectj.weaver.bcel.BcelWorld - 14:10:27.843 main - o.a.w.b.BcelWorld.lookupJavaClass o.a.w.l.LTWWorld@2b4a2ec7 io.qameta.allure.internal.shadowed.jackson.databind.introspect.VisibilityChecker, o.a.a.b.c.JavaClass@349c1daf
14:10:27.846 [main] DEBUG org.aspectj.weaver.bcel.BcelWorld - 14:10:27.846 main - o.a.w.b.BcelWorld.lookupJavaClass o.a.w.l.LTWWorld@2b4a2ec7 io.qameta.allure.internal.shadowed.jackson.annotation.PropertyAccessor, o.a.a.b.c.JavaClass@5e8ac0e1
14:10:27.848 [main] DEBUG org.aspectj.weaver.bcel.BcelWorld - 14:10:27.848 main - o.a.w.b.BcelWorld.lookupJavaClass o.a.w.l.LTWWorld@2b4a2ec7 io.qameta.allure.internal.shadowed.jackson.annotation.JsonAutoDetect$Visibility, o.a.a.b.c.JavaClass@235a0c16
14:10:27.853 [main] DEBUG org.aspectj.weaver.bcel.BcelWorld - 14:10:27.853 main - o.a.w.b.BcelWorld.lookupJavaClass o.a.w.l.LTWWorld@2b4a2ec7 io.qameta.allure.internal.shadowed.jackson.databind.jsontype.SubtypeResolver, o.a.a.b.c.JavaClass@18b0930f
14:10:27.856 [main] DEBUG org.aspectj.weaver.bcel.BcelWorld - 14:10:27.856 main - o.a.w.b.BcelWorld.lookupJavaClass o.a.w.l.LTWWorld@2b4a2ec7 io.qameta.allure.internal.shadowed.jackson.databind.AnnotationIntrospector, o.a.a.b.c.JavaClass@395b56bb
14:10:27.858 [main] DEBUG org.aspectj.weaver.bcel.BcelWorld - 14:10:27.858 main - o.a.w.b.BcelWorld.lookupJavaClass o.a.w.l.LTWWorld@2b4a2ec7 io.qameta.allure.internal.shadowed.jackson.databind.PropertyNamingStrategy, o.a.a.b.c.JavaClass@52d239ba
14:10:27.860 [main] DEBUG org.aspectj.weaver.bcel.BcelWorld - 14:10:27.860 main - o.a.w.b.BcelWorld.lookupJavaClass o.a.w.l.LTWWorld@2b4a2ec7 io.qameta.allure.internal.shadowed.jackson.databind.introspect.AccessorNamingStrategy$Provider, o.a.a.b.c.JavaClass@6c5945a7
14:10:27.862 [main] DEBUG org.aspectj.weaver.bcel.BcelWorld - 14:10:27.862 main - o.a.w.b.BcelWorld.lookupJavaClass o.a.w.l.LTWWorld@2b4a2ec7 io.qameta.allure.internal.shadowed.jackson.databind.jsontype.PolymorphicTypeValidator, o.a.a.b.c.JavaClass@5c10f1c3
14:10:27.864 [main] DEBUG org.aspectj.weaver.bcel.BcelWorld - 14:10:27.864 main - o.a.w.b.BcelWorld.lookupJavaClass o.a.w.l.LTWWorld@2b4a2ec7 io.qameta.allure.internal.shadowed.jackson.annotation.JsonInclude$Include, o.a.a.b.c.JavaClass@64a8c844
14:10:27.868 [main] DEBUG org.aspectj.weaver.bcel.BcelWorld - 14:10:27.867 main - o.a.w.b.BcelWorld.lookupJavaClass o.a.w.l.LTWWorld@2b4a2ec7 io.qameta.allure.internal.shadowed.jackson.annotation.JsonInclude$Value, o.a.a.b.c.JavaClass@18c5069b
14:10:27.870 [main] DEBUG org.aspectj.weaver.bcel.BcelWorld - 14:10:27.870 main - o.a.w.b.BcelWorld.lookupJavaClass o.a.w.l.LTWWorld@2b4a2ec7 io.qameta.allure.internal.shadowed.jackson.annotation.JsonSetter$Value, o.a.a.b.c.JavaClass@485e36bc
14:10:27.872 [main] DEBUG org.aspectj.weaver.bcel.BcelWorld - 14:10:27.872 main - o.a.w.b.BcelWorld.lookupJavaClass o.a.w.l.LTWWorld@2b4a2ec7 io.qameta.allure.internal.shadowed.jackson.annotation.JsonAutoDetect$Value, o.a.a.b.c.JavaClass@2e9fda69
14:10:27.873 [main] DEBUG org.aspectj.weaver.bcel.BcelWorld - 14:10:27.873 main - o.a.w.b.BcelWorld.lookupJavaClass o.a.w.l.LTWWorld@2b4a2ec7 java.lang.Boolean, o.a.a.b.c.JavaClass@17cdf2d0
14:10:27.874 [main] DEBUG org.aspectj.weaver.bcel.BcelWorld - 14:10:27.874 main - o.a.w.b.BcelWorld.lookupJavaClass o.a.w.l.LTWWorld@2b4a2ec7 io.qameta.allure.internal.shadowed.jackson.databind.jsontype.NamedType, o.a.a.b.c.JavaClass@2371aaca
14:10:27.875 [main] DEBUG org.aspectj.weaver.bcel.BcelWorld - 14:10:27.875 main - o.a.w.b.BcelWorld.lookupJavaClass o.a.w.l.LTWWorld@2b4a2ec7 java.util.Collection, o.a.a.b.c.JavaClass@7e7be63f
14:10:27.877 [main] DEBUG org.aspectj.weaver.bcel.BcelWorld - 14:10:27.877 main - o.a.w.b.BcelWorld.lookupJavaClass o.a.w.l.LTWWorld@2b4a2ec7 io.qameta.allure.internal.shadowed.jackson.databind.ObjectMapper$DefaultTyping, o.a.a.b.c.JavaClass@7b5a12ae
14:10:27.878 [main] DEBUG org.aspectj.weaver.bcel.BcelWorld - 14:10:27.878 main - o.a.w.b.BcelWorld.lookupJavaClass o.a.w.l.LTWWorld@2b4a2ec7 io.qameta.allure.internal.shadowed.jackson.annotation.JsonTypeInfo$As, o.a.a.b.c.JavaClass@14dda234
14:10:27.880 [main] DEBUG org.aspectj.weaver.bcel.BcelWorld - 14:10:27.880 main - o.a.w.b.BcelWorld.lookupJavaClass o.a.w.l.LTWWorld@2b4a2ec7 io.qameta.allure.internal.shadowed.jackson.databind.jsontype.TypeResolverBuilder, o.a.a.b.c.JavaClass@5a411614
14:10:27.883 [main] DEBUG org.aspectj.weaver.bcel.BcelWorld - 14:10:27.883 main - o.a.w.b.BcelWorld.lookupJavaClass o.a.w.l.LTWWorld@2b4a2ec7 io.qameta.allure.internal.shadowed.jackson.databind.cfg.MutableConfigOverride, o.a.a.b.c.JavaClass@1506f20f
14:10:27.884 [main] DEBUG org.aspectj.weaver.bcel.BcelWorld - 14:10:27.884 main - o.a.w.b.BcelWorld.lookupJavaClass o.a.w.l.LTWWorld@2b4a2ec7 io.qameta.allure.internal.shadowed.jackson.databind.cfg.MutableCoercionConfig, o.a.a.b.c.JavaClass@1a45193b
14:10:27.892 [main] DEBUG org.aspectj.weaver.bcel.BcelWorld - 14:10:27.892 main - o.a.w.b.BcelWorld.lookupJavaClass o.a.w.l.LTWWorld@2b4a2ec7 io.qameta.allure.internal.shadowed.jackson.databind.type.LogicalType, o.a.a.b.c.JavaClass@6e6d5d29
14:10:27.895 [main] DEBUG org.aspectj.weaver.bcel.BcelWorld - 14:10:27.895 main - o.a.w.b.BcelWorld.lookupJavaClass o.a.w.l.LTWWorld@2b4a2ec7 io.qameta.allure.internal.shadowed.jackson.databind.type.TypeFactory, o.a.a.b.c.JavaClass@85e6769
14:10:27.896 [main] DEBUG org.aspectj.weaver.bcel.BcelWorld - 14:10:27.896 main - o.a.w.b.BcelWorld.lookupJavaClass o.a.w.l.LTWWorld@2b4a2ec7 java.lang.reflect.Type, o.a.a.b.c.JavaClass@c5ee75e
14:10:27.898 [main] DEBUG org.aspectj.weaver.bcel.BcelWorld - 14:10:27.898 main - o.a.w.b.BcelWorld.lookupJavaClass o.a.w.l.LTWWorld@2b4a2ec7 io.qameta.allure.internal.shadowed.jackson.core.type.TypeReference, o.a.a.b.c.JavaClass@70efb718
14:10:27.900 [main] DEBUG org.aspectj.weaver.bcel.BcelWorld - 14:10:27.900 main - o.a.w.b.BcelWorld.lookupJavaClass o.a.w.l.LTWWorld@2b4a2ec7 io.qameta.allure.internal.shadowed.jackson.databind.node.JsonNodeFactory, o.a.a.b.c.JavaClass@4e858e0a
14:10:27.902 [main] DEBUG org.aspectj.weaver.bcel.BcelWorld - 14:10:27.902 main - o.a.w.b.BcelWorld.lookupJavaClass o.a.w.l.LTWWorld@2b4a2ec7 io.qameta.allure.internal.shadowed.jackson.databind.cfg.ConstructorDetector, o.a.a.b.c.JavaClass@b7838a9
14:10:27.904 [main] DEBUG org.aspectj.weaver.bcel.BcelWorld - 14:10:27.904 main - o.a.w.b.BcelWorld.lookupJavaClass o.a.w.l.LTWWorld@2b4a2ec7 io.qameta.allure.internal.shadowed.jackson.databind.deser.DeserializationProblemHandler, o.a.a.b.c.JavaClass@1c3146bc
14:10:27.906 [main] DEBUG org.aspectj.weaver.bcel.BcelWorld - 14:10:27.906 main - o.a.w.b.BcelWorld.lookupJavaClass o.a.w.l.LTWWorld@2b4a2ec7 io.qameta.allure.internal.shadowed.jackson.databind.ser.FilterProvider, o.a.a.b.c.JavaClass@f478a81
14:10:27.909 [main] DEBUG org.aspectj.weaver.bcel.BcelWorld - 14:10:27.908 main - o.a.w.b.BcelWorld.lookupJavaClass o.a.w.l.LTWWorld@2b4a2ec7 io.qameta.allure.internal.shadowed.jackson.core.Base64Variant, o.a.a.b.c.JavaClass@7fe7c640
14:10:27.923 [main] DEBUG org.aspectj.weaver.bcel.BcelWorld - 14:10:27.923 main - o.a.w.b.BcelWorld.lookupJavaClass o.a.w.l.LTWWorld@2b4a2ec7 io.qameta.allure.internal.shadowed.jackson.core.JsonFactory, o.a.a.b.c.JavaClass@32c8e539
14:10:27.926 [main] DEBUG org.aspectj.weaver.bcel.BcelWorld - 14:10:27.926 main - o.a.w.b.BcelWorld.lookupJavaClass o.a.w.l.LTWWorld@2b4a2ec7 java.text.DateFormat, o.a.a.b.c.JavaClass@73dce0e6
14:10:27.928 [main] DEBUG org.aspectj.weaver.bcel.BcelWorld - 14:10:27.928 main - o.a.w.b.BcelWorld.lookupJavaClass o.a.w.l.LTWWorld@2b4a2ec7 io.qameta.allure.internal.shadowed.jackson.databind.cfg.HandlerInstantiator, o.a.a.b.c.JavaClass@4795ded0
14:10:27.935 [main] DEBUG org.aspectj.weaver.bcel.BcelWorld - 14:10:27.935 main - o.a.w.b.BcelWorld.lookupJavaClass o.a.w.l.LTWWorld@2b4a2ec7 java.util.Locale, o.a.a.b.c.JavaClass@53dacd14
14:10:27.937 [main] DEBUG org.aspectj.weaver.bcel.BcelWorld - 14:10:27.937 main - o.a.w.b.BcelWorld.lookupJavaClass o.a.w.l.LTWWorld@2b4a2ec7 java.util.TimeZone, o.a.a.b.c.JavaClass@14d14731
14:10:27.938 [main] DEBUG org.aspectj.weaver.bcel.BcelWorld - 14:10:27.938 main - o.a.w.b.BcelWorld.lookupJavaClass o.a.w.l.LTWWorld@2b4a2ec7 io.qameta.allure.internal.shadowed.jackson.databind.cfg.ContextAttributes, o.a.a.b.c.JavaClass@42f33b5d
14:10:27.949 [main] DEBUG org.aspectj.weaver.bcel.BcelWorld - 14:10:27.949 main - o.a.w.b.BcelWorld.lookupJavaClass o.a.w.l.LTWWorld@2b4a2ec7 io.qameta.allure.internal.shadowed.jackson.databind.MapperFeature, o.a.a.b.c.JavaClass@6475472c
14:10:27.950 [main] DEBUG org.aspectj.weaver.bcel.BcelWorld - 14:10:27.950 main - o.a.w.b.BcelWorld.lookupJavaClass o.a.w.l.LTWWorld@2b4a2ec7 io.qameta.allure.internal.shadowed.jackson.databind.SerializationFeature, o.a.a.b.c.JavaClass@7096b474
14:10:27.954 [main] DEBUG org.aspectj.weaver.bcel.BcelWorld - 14:10:27.954 main - o.a.w.b.BcelWorld.lookupJavaClass o.a.w.l.LTWWorld@2b4a2ec7 io.qameta.allure.internal.shadowed.jackson.databind.DeserializationFeature, o.a.a.b.c.JavaClass@784b990c
14:10:28.012 [main] DEBUG org.aspectj.weaver.bcel.BcelWorld - 14:10:28.012 main - o.a.w.b.BcelWorld.lookupJavaClass o.a.w.l.LTWWorld@2b4a2ec7 io.qameta.allure.internal.shadowed.jackson.core.JsonParser$Feature, o.a.a.b.c.JavaClass@5d1659ea
14:10:28.014 [main] DEBUG org.aspectj.weaver.bcel.BcelWorld - 14:10:28.014 main - o.a.w.b.BcelWorld.lookupJavaClass o.a.w.l.LTWWorld@2b4a2ec7 io.qameta.allure.internal.shadowed.jackson.core.JsonGenerator$Feature, o.a.a.b.c.JavaClass@5c18016b
14:10:28.015 [main] DEBUG org.aspectj.weaver.bcel.BcelWorld - 14:10:28.015 main - o.a.w.b.BcelWorld.lookupJavaClass o.a.w.l.LTWWorld@2b4a2ec7 io.qameta.allure.internal.shadowed.jackson.core.JsonFactory$Feature, o.a.a.b.c.JavaClass@57ac5227
14:10:28.017 [main] DEBUG org.aspectj.weaver.bcel.BcelWorld - 14:10:28.017 main - o.a.w.b.BcelWorld.lookupJavaClass o.a.w.l.LTWWorld@2b4a2ec7 io.qameta.allure.internal.shadowed.jackson.core.StreamReadFeature, o.a.a.b.c.JavaClass@1ae67cad
14:10:28.023 [main] DEBUG org.aspectj.weaver.bcel.BcelWorld - 14:10:28.023 main - o.a.w.b.BcelWorld.lookupJavaClass o.a.w.l.LTWWorld@2b4a2ec7 io.qameta.allure.internal.shadowed.jackson.core.StreamWriteFeature, o.a.a.b.c.JavaClass@31e4bb20
14:10:28.026 [main] DEBUG org.aspectj.weaver.bcel.BcelWorld - 14:10:28.026 main - o.a.w.b.BcelWorld.lookupJavaClass o.a.w.l.LTWWorld@2b4a2ec7 io.qameta.allure.internal.shadowed.jackson.core.type.ResolvedType, o.a.a.b.c.JavaClass@765f05af
14:10:28.028 [main] DEBUG org.aspectj.weaver.bcel.BcelWorld - 14:10:28.028 main - o.a.w.b.BcelWorld.lookupJavaClass o.a.w.l.LTWWorld@2b4a2ec7 io.qameta.allure.internal.shadowed.jackson.core.TreeNode, o.a.a.b.c.JavaClass@13f17eb4
14:10:28.030 [main] DEBUG org.aspectj.weaver.bcel.BcelWorld - 14:10:28.029 main - o.a.w.b.BcelWorld.lookupJavaClass o.a.w.l.LTWWorld@2b4a2ec7 io.qameta.allure.internal.shadowed.jackson.databind.MappingIterator, o.a.a.b.c.JavaClass@4409e975
14:10:28.033 [main] DEBUG org.aspectj.weaver.bcel.BcelWorld - 14:10:28.033 main - o.a.w.b.BcelWorld.lookupJavaClass o.a.w.l.LTWWorld@2b4a2ec7 io.qameta.allure.internal.shadowed.jackson.databind.JsonNode, o.a.a.b.c.JavaClass@758a34ce
14:10:28.038 [main] DEBUG org.aspectj.weaver.bcel.BcelWorld - 14:10:28.038 main - o.a.w.b.BcelWorld.lookupJavaClass o.a.w.l.LTWWorld@2b4a2ec7 io.qameta.allure.internal.shadowed.jackson.databind.node.ObjectNode, o.a.a.b.c.JavaClass@1522d8a0
14:10:28.041 [main] DEBUG org.aspectj.weaver.bcel.BcelWorld - 14:10:28.041 main - o.a.w.b.BcelWorld.lookupJavaClass o.a.w.l.LTWWorld@2b4a2ec7 io.qameta.allure.internal.shadowed.jackson.databind.node.ArrayNode, o.a.a.b.c.JavaClass@246f8b8b
14:10:28.042 [main] DEBUG org.aspectj.weaver.bcel.BcelWorld - 14:10:28.042 main - o.a.w.b.BcelWorld.lookupJavaClass o.a.w.l.LTWWorld@2b4a2ec7 java.util.concurrent.atomic.AtomicReference, o.a.a.b.c.JavaClass@cd1e646
14:10:28.044 [main] DEBUG org.aspectj.weaver.bcel.BcelWorld - 14:10:28.044 main - o.a.w.b.BcelWorld.lookupJavaClass o.a.w.l.LTWWorld@2b4a2ec7 io.qameta.allure.internal.shadowed.jackson.core.io.CharacterEscapes, o.a.a.b.c.JavaClass@3381b4fc
14:10:28.046 [main] DEBUG org.aspectj.weaver.bcel.BcelWorld - 14:10:28.046 main - o.a.w.b.BcelWorld.lookupJavaClass o.a.w.l.LTWWorld@2b4a2ec7 io.qameta.allure.internal.shadowed.jackson.databind.jsonschema.JsonSchema, o.a.a.b.c.JavaClass@5c42d2b7
14:10:28.048 [main] DEBUG org.aspectj.weaver.bcel.BcelWorld - 14:10:28.048 main - o.a.w.b.BcelWorld.lookupJavaClass o.a.w.l.LTWWorld@2b4a2ec7 io.qameta.allure.internal.shadowed.jackson.databind.jsonFormatVisitors.JsonFormatVisitorWrapper, o.a.a.b.c.JavaClass@aeab9a1
14:10:28.050 [main] DEBUG org.aspectj.weaver.bcel.BcelWorld - 14:10:28.050 main - o.a.w.b.BcelWorld.lookupJavaClass o.a.w.l.LTWWorld@2b4a2ec7 io.qameta.allure.internal.shadowed.jackson.databind.deser.DefaultDeserializationContext, o.a.a.b.c.JavaClass@55342f40
14:10:28.054 [main] DEBUG org.aspectj.weaver.bcel.BcelWorld - 14:10:28.054 main - o.a.w.b.BcelWorld.lookupJavaClass o.a.w.l.LTWWorld@2b4a2ec7 io.qameta.allure.internal.shadowed.jackson.core.JsonToken, o.a.a.b.c.JavaClass@31aa3ca5
14:10:28.058 [main] DEBUG org.aspectj.weaver.bcel.BcelWorld - 14:10:28.058 main - o.a.w.b.BcelWorld.lookupJavaClass o.a.w.l.LTWWorld@2b4a2ec7 io.qameta.allure.internal.shadowed.jackson.databind.JsonDeserializer, o.a.a.b.c.JavaClass@b6b1987
14:10:28.058 [main] DEBUG org.aspectj.weaver.bcel.BcelWeaver - 14:10:28.058 main < o.a.w.b.BcelWeaver.weaveAndNotify
14:10:28.058 [main] DEBUG org.aspectj.weaver.bcel.BcelWeaver - 14:10:28.058 main < o.a.w.b.BcelWeaver.weave java.util.ArrayList(1)
14:10:28.058 [main] DEBUG o.a.weaver.tools.WeavingAdaptor - 14:10:28.058 main < o.a.w.t.WeavingAdaptor.weaveClass byte[111624]
14:10:28.058 [main] DEBUG org.aspectj.weaver.Dump - 14:10:28.058 main > o.a.w.Dump.dumpOnExit o.a.w.t.WeavingAdaptor$WeavingAdaptorMessageHolder@6a6afff2
14:10:28.059 [main] DEBUG org.aspectj.weaver.Dump - 14:10:28.058 main > o.a.w.Dump.shouldDumpOnExit o.a.w.t.WeavingAdaptor$WeavingAdaptorMessageHolder@6a6afff2
14:10:28.061 [main] DEBUG org.aspectj.weaver.Dump - 14:10:28.061 main - o.a.w.Dump.shouldDumpOnExit abort
14:10:28.061 [main] DEBUG org.aspectj.weaver.Dump - 14:10:28.061 main < o.a.w.Dump.shouldDumpOnExit false
14:10:28.061 [main] DEBUG org.aspectj.weaver.Dump - 14:10:28.061 main < o.a.w.Dump.dumpOnExit Excluded
14:10:28.061 [main] DEBUG org.aspectj.weaver.loadtime.Aj - 14:10:28.061 main < o.a.w.l.Aj.preProcess byte[111624]
14:10:28.064 [main] DEBUG org.aspectj.weaver.loadtime.Aj - 14:10:28.064 main > o.a.w.l.Aj.preProcess o.a.w.l.Aj@b9afc07 io/qameta/allure/internal/shadowed/jackson/core/Versioned, byte[227], j.i.l.ClassLoaders$AppClassLoader@3cd1a2f1
14:10:28.065 [main] DEBUG org.aspectj.weaver.loadtime.Aj - 14:10:28.065 main - o.a.w.l.Aj.preProcess o.a.w.l.Aj@b9afc07 j.i.l.ClassLoaders$PlatformClassLoader@1ad282e0, j.i.l.ClassLoaders$AppClassLoader@3cd1a2f1
14:10:28.065 [main] DEBUG o.a.weaver.tools.WeavingAdaptor - 14:10:28.065 main > o.a.w.t.WeavingAdaptor.weaveClass o.a.w.l.ClassLoaderWeavingAdaptor@140e5a13 io/qameta/allure/internal/shadowed/jackson/core/Versioned, byte[227]
14:10:28.065 [main] DEBUG org.aspectj.weaver.bcel.BcelWeaver - 14:10:28.065 main > o.a.w.b.BcelWeaver.weave o.a.w.b.BcelWeaver@48524010 o.a.w.t.WeavingAdaptor$WeavingClassFileProvider@3543df7d
14:10:28.065 [main] DEBUG org.aspectj.weaver.bcel.BcelWeaver - 14:10:28.065 main > o.a.w.b.BcelWeaver.weaveAndNotify o.a.w.b.BcelWeaver@48524010 o.a.w.b.UnwovenClassFile@7c541c15, o.a.w.b.BcelObjectType@3542162a, o.a.w.t.WeavingAdaptor$WeavingClassFileProvider$1@698122b2
14:10:28.065 [main] DEBUG org.aspectj.weaver.bcel.BcelWeaver - 14:10:28.065 main < o.a.w.b.BcelWeaver.weaveAndNotify
14:10:28.066 [main] DEBUG org.aspectj.weaver.bcel.BcelWeaver - 14:10:28.066 main < o.a.w.b.BcelWeaver.weave java.util.ArrayList(1)
14:10:28.066 [main] DEBUG o.a.weaver.tools.WeavingAdaptor - 14:10:28.066 main < o.a.w.t.WeavingAdaptor.weaveClass byte[227]
14:10:28.066 [main] DEBUG org.aspectj.weaver.Dump - 14:10:28.066 main > o.a.w.Dump.dumpOnExit o.a.w.t.WeavingAdaptor$WeavingAdaptorMessageHolder@6a6afff2
14:10:28.066 [main] DEBUG org.aspectj.weaver.Dump - 14:10:28.066 main > o.a.w.Dump.shouldDumpOnExit o.a.w.t.WeavingAdaptor$WeavingAdaptorMessageHolder@6a6afff2
14:10:28.066 [main] DEBUG org.aspectj.weaver.Dump - 14:10:28.066 main - o.a.w.Dump.shouldDumpOnExit abort
14:10:28.066 [main] DEBUG org.aspectj.weaver.Dump - 14:10:28.066 main < o.a.w.Dump.shouldDumpOnExit false
14:10:28.066 [main] DEBUG org.aspectj.weaver.Dump - 14:10:28.066 main < o.a.w.Dump.dumpOnExit Excluded
14:10:28.066 [main] DEBUG org.aspectj.weaver.loadtime.Aj - 14:10:28.066 main < o.a.w.l.Aj.preProcess byte[227]
14:10:28.069 [main] DEBUG org.aspectj.weaver.loadtime.Aj - 14:10:28.069 main > o.a.w.l.Aj.preProcess o.a.w.l.Aj@b9afc07 io/qameta/allure/internal/shadowed/jackson/core/ObjectCodec, byte[3984], j.i.l.ClassLoaders$AppClassLoader@3cd1a2f1
14:10:28.070 [main] DEBUG org.aspectj.weaver.loadtime.Aj - 14:10:28.069 main - o.a.w.l.Aj.preProcess o.a.w.l.Aj@b9afc07 j.i.l.ClassLoaders$PlatformClassLoader@1ad282e0, j.i.l.ClassLoaders$AppClassLoader@3cd1a2f1
14:10:28.070 [main] DEBUG o.a.weaver.tools.WeavingAdaptor - 14:10:28.070 main > o.a.w.t.WeavingAdaptor.weaveClass o.a.w.l.ClassLoaderWeavingAdaptor@140e5a13 io/qameta/allure/internal/shadowed/jackson/core/ObjectCodec, byte[3984]
14:10:28.071 [main] DEBUG org.aspectj.weaver.bcel.BcelWeaver - 14:10:28.071 main > o.a.w.b.BcelWeaver.weave o.a.w.b.BcelWeaver@48524010 o.a.w.t.WeavingAdaptor$WeavingClassFileProvider@5bd82fed
14:10:28.071 [main] DEBUG org.aspectj.weaver.bcel.BcelWeaver - 14:10:28.071 main > o.a.w.b.BcelWeaver.weaveAndNotify o.a.w.b.BcelWeaver@48524010 o.a.w.b.UnwovenClassFile@c1bd0be, o.a.w.b.BcelObjectType@476b0ae6, o.a.w.t.WeavingAdaptor$WeavingClassFileProvider$1@1c6804cd
14:10:28.072 [main] DEBUG org.aspectj.weaver.bcel.BcelWeaver - 14:10:28.072 main < o.a.w.b.BcelWeaver.weaveAndNotify
14:10:28.072 [main] DEBUG org.aspectj.weaver.bcel.BcelWeaver - 14:10:28.072 main < o.a.w.b.BcelWeaver.weave java.util.ArrayList(1)
14:10:28.072 [main] DEBUG o.a.weaver.tools.WeavingAdaptor - 14:10:28.072 main < o.a.w.t.WeavingAdaptor.weaveClass byte[3984]
14:10:28.072 [main] DEBUG org.aspectj.weaver.Dump - 14:10:28.072 main > o.a.w.Dump.dumpOnExit o.a.w.t.WeavingAdaptor$WeavingAdaptorMessageHolder@6a6afff2
14:10:28.072 [main] DEBUG org.aspectj.weaver.Dump - 14:10:28.072 main > o.a.w.Dump.shouldDumpOnExit o.a.w.t.WeavingAdaptor$WeavingAdaptorMessageHolder@6a6afff2
14:10:28.072 [main] DEBUG org.aspectj.weaver.Dump - 14:10:28.072 main - o.a.w.Dump.shouldDumpOnExit abort
14:10:28.072 [main] DEBUG org.aspectj.weaver.Dump - 14:10:28.072 main < o.a.w.Dump.shouldDumpOnExit false
14:10:28.072 [main] DEBUG org.aspectj.weaver.Dump - 14:10:28.072 main < o.a.w.Dump.dumpOnExit Excluded
14:10:28.072 [main] DEBUG org.aspectj.weaver.loadtime.Aj - 14:10:28.072 main < o.a.w.l.Aj.preProcess byte[3984]
14:10:28.074 [main] DEBUG org.aspectj.weaver.loadtime.Aj - 14:10:28.074 main > o.a.w.l.Aj.preProcess o.a.w.l.Aj@b9afc07 io/qameta/allure/internal/shadowed/jackson/core/TreeCodec, byte[1330], j.i.l.ClassLoaders$AppClassLoader@3cd1a2f1
14:10:28.074 [main] DEBUG org.aspectj.weaver.loadtime.Aj - 14:10:28.074 main - o.a.w.l.Aj.preProcess o.a.w.l.Aj@b9afc07 j.i.l.ClassLoaders$PlatformClassLoader@1ad282e0, j.i.l.ClassLoaders$AppClassLoader@3cd1a2f1
14:10:28.074 [main] DEBUG o.a.weaver.tools.WeavingAdaptor - 14:10:28.074 main > o.a.w.t.WeavingAdaptor.weaveClass o.a.w.l.ClassLoaderWeavingAdaptor@140e5a13 io/qameta/allure/internal/shadowed/jackson/core/TreeCodec, byte[1330]
14:10:28.074 [main] DEBUG org.aspectj.weaver.bcel.BcelWeaver - 14:10:28.074 main > o.a.w.b.BcelWeaver.weave o.a.w.b.BcelWeaver@48524010 o.a.w.t.WeavingAdaptor$WeavingClassFileProvider@3eeb318f
14:10:28.075 [main] DEBUG org.aspectj.weaver.bcel.BcelWeaver - 14:10:28.074 main > o.a.w.b.BcelWeaver.weaveAndNotify o.a.w.b.BcelWeaver@48524010 o.a.w.b.UnwovenClassFile@20a14b55, o.a.w.b.BcelObjectType@39ad977d, o.a.w.t.WeavingAdaptor$WeavingClassFileProvider$1@6da00fb9
14:10:28.076 [main] DEBUG org.aspectj.weaver.bcel.BcelWeaver - 14:10:28.076 main < o.a.w.b.BcelWeaver.weaveAndNotify
14:10:28.076 [main] DEBUG org.aspectj.weaver.bcel.BcelWeaver - 14:10:28.076 main < o.a.w.b.BcelWeaver.weave java.util.ArrayList(1)
14:10:28.076 [main] DEBUG o.a.weaver.tools.WeavingAdaptor - 14:10:28.076 main < o.a.w.t.WeavingAdaptor.weaveClass byte[1330]
14:10:28.076 [main] DEBUG org.aspectj.weaver.Dump - 14:10:28.076 main > o.a.w.Dump.dumpOnExit o.a.w.t.WeavingAdaptor$WeavingAdaptorMessageHolder@6a6afff2
14:10:28.078 [main] DEBUG org.aspectj.weaver.Dump - 14:10:28.076 main > o.a.w.Dump.shouldDumpOnExit o.a.w.t.WeavingAdaptor$WeavingAdaptorMessageHolder@6a6afff2
14:10:28.078 [main] DEBUG org.aspectj.weaver.Dump - 14:10:28.078 main - o.a.w.Dump.shouldDumpOnExit abort
14:10:28.078 [main] DEBUG org.aspectj.weaver.Dump - 14:10:28.078 main < o.a.w.Dump.shouldDumpOnExit false
14:10:28.078 [main] DEBUG org.aspectj.weaver.Dump - 14:10:28.078 main < o.a.w.Dump.dumpOnExit Excluded
14:10:28.078 [main] DEBUG org.aspectj.weaver.loadtime.Aj - 14:10:28.078 main < o.a.w.l.Aj.preProcess byte[1330]
14:10:28.081 [main] DEBUG org.aspectj.weaver.loadtime.Aj - 14:10:28.081 main > o.a.w.l.Aj.preProcess o.a.w.l.Aj@b9afc07 io/qameta/allure/internal/shadowed/jackson/core/JsonFactory, byte[31662], j.i.l.ClassLoaders$AppClassLoader@3cd1a2f1
14:10:28.081 [main] DEBUG org.aspectj.weaver.loadtime.Aj - 14:10:28.081 main - o.a.w.l.Aj.preProcess o.a.w.l.Aj@b9afc07 j.i.l.ClassLoaders$PlatformClassLoader@1ad282e0, j.i.l.ClassLoaders$AppClassLoader@3cd1a2f1
14:10:28.081 [main] DEBUG o.a.weaver.tools.WeavingAdaptor - 14:10:28.081 main > o.a.w.t.WeavingAdaptor.weaveClass o.a.w.l.ClassLoaderWeavingAdaptor@140e5a13 io/qameta/allure/internal/shadowed/jackson/core/JsonFactory, byte[31662]
14:10:28.082 [main] DEBUG org.aspectj.weaver.bcel.BcelWeaver - 14:10:28.082 main > o.a.w.b.BcelWeaver.weave o.a.w.b.BcelWeaver@48524010 o.a.w.t.WeavingAdaptor$WeavingClassFileProvider@3f0846c6
14:10:28.084 [main] DEBUG org.aspectj.weaver.bcel.BcelWorld - 14:10:28.084 main - o.a.w.b.BcelWorld.lookupJavaClass o.a.w.l.LTWWorld@2b4a2ec7 io.qameta.allure.internal.shadowed.jackson.core.TokenStreamFactory, o.a.a.b.c.JavaClass@3e10dc6
14:10:28.085 [main] DEBUG org.aspectj.weaver.bcel.BcelWeaver - 14:10:28.085 main > o.a.w.b.BcelWeaver.weaveAndNotify o.a.w.b.BcelWeaver@48524010 o.a.w.b.UnwovenClassFile@7e22550a, o.a.w.b.BcelObjectType@45e37a7e, o.a.w.t.WeavingAdaptor$WeavingClassFileProvider$1@62452cc9
14:10:28.090 [main] DEBUG org.aspectj.weaver.bcel.BcelWorld - 14:10:28.090 main - o.a.w.b.BcelWorld.lookupJavaClass o.a.w.l.LTWWorld@2b4a2ec7 io.qameta.allure.internal.shadowed.jackson.core.TSFBuilder, o.a.a.b.c.JavaClass@4189d70b
14:10:28.093 [main] DEBUG org.aspectj.weaver.bcel.BcelWorld - 14:10:28.092 main - o.a.w.b.BcelWorld.lookupJavaClass o.a.w.l.LTWWorld@2b4a2ec7 io.qameta.allure.internal.shadowed.jackson.core.format.InputAccessor, o.a.a.b.c.JavaClass@6f0b0a5e
14:10:28.094 [main] DEBUG org.aspectj.weaver.bcel.BcelWorld - 14:10:28.094 main - o.a.w.b.BcelWorld.lookupJavaClass o.a.w.l.LTWWorld@2b4a2ec7 io.qameta.allure.internal.shadowed.jackson.core.format.MatchStrength, o.a.a.b.c.JavaClass@3dd1dc90
14:10:28.096 [main] DEBUG org.aspectj.weaver.bcel.BcelWorld - 14:10:28.096 main - o.a.w.b.BcelWorld.lookupJavaClass o.a.w.l.LTWWorld@2b4a2ec7 io.qameta.allure.internal.shadowed.jackson.core.io.InputDecorator, o.a.a.b.c.JavaClass@1a7288a3
14:10:28.098 [main] DEBUG org.aspectj.weaver.bcel.BcelWorld - 14:10:28.098 main - o.a.w.b.BcelWorld.lookupJavaClass o.a.w.l.LTWWorld@2b4a2ec7 io.qameta.allure.internal.shadowed.jackson.core.io.OutputDecorator, o.a.a.b.c.JavaClass@686449f9
14:10:28.100 [main] DEBUG org.aspectj.weaver.bcel.BcelWorld - 14:10:28.100 main - o.a.w.b.BcelWorld.lookupJavaClass o.a.w.l.LTWWorld@2b4a2ec7 io.qameta.allure.internal.shadowed.jackson.core.io.IOContext, o.a.a.b.c.JavaClass@4044fb95
14:10:28.103 [main] DEBUG org.aspectj.weaver.bcel.BcelWorld - 14:10:28.103 main - o.a.w.b.BcelWorld.lookupJavaClass o.a.w.l.LTWWorld@2b4a2ec7 io.qameta.allure.internal.shadowed.jackson.core.util.BufferRecycler, o.a.a.b.c.JavaClass@5c00384f
14:10:28.105 [main] DEBUG org.aspectj.weaver.bcel.BcelWorld - 14:10:28.104 main - o.a.w.b.BcelWorld.lookupJavaClass o.a.w.l.LTWWorld@2b4a2ec7 io.qameta.allure.internal.shadowed.jackson.core.io.ContentReference, o.a.a.b.c.JavaClass@62e6b5c8
14:10:28.105 [main] DEBUG org.aspectj.weaver.bcel.BcelWeaver - 14:10:28.105 main < o.a.w.b.BcelWeaver.weaveAndNotify
14:10:28.105 [main] DEBUG org.aspectj.weaver.bcel.BcelWeaver - 14:10:28.105 main < o.a.w.b.BcelWeaver.weave java.util.ArrayList(1)
14:10:28.105 [main] DEBUG o.a.weaver.tools.WeavingAdaptor - 14:10:28.105 main < o.a.w.t.WeavingAdaptor.weaveClass byte[31662]
14:10:28.105 [main] DEBUG org.aspectj.weaver.Dump - 14:10:28.105 main > o.a.w.Dump.dumpOnExit o.a.w.t.WeavingAdaptor$WeavingAdaptorMessageHolder@6a6afff2
14:10:28.105 [main] DEBUG org.aspectj.weaver.Dump - 14:10:28.105 main > o.a.w.Dump.shouldDumpOnExit o.a.w.t.WeavingAdaptor$WeavingAdaptorMessageHolder@6a6afff2
14:10:28.106 [main] DEBUG org.aspectj.weaver.Dump - 14:10:28.106 main - o.a.w.Dump.shouldDumpOnExit abort
14:10:28.106 [main] DEBUG org.aspectj.weaver.Dump - 14:10:28.106 main < o.a.w.Dump.shouldDumpOnExit false
14:10:28.106 [main] DEBUG org.aspectj.weaver.Dump - 14:10:28.106 main < o.a.w.Dump.dumpOnExit Excluded
14:10:28.106 [main] DEBUG org.aspectj.weaver.loadtime.Aj - 14:10:28.106 main < o.a.w.l.Aj.preProcess byte[31662]
14:10:28.109 [main] DEBUG org.aspectj.weaver.loadtime.Aj - 14:10:28.108 main > o.a.w.l.Aj.preProcess o.a.w.l.Aj@b9afc07 io/qameta/allure/internal/shadowed/jackson/core/TokenStreamFactory, byte[4509], j.i.l.ClassLoaders$AppClassLoader@3cd1a2f1
14:10:28.109 [main] DEBUG org.aspectj.weaver.loadtime.Aj - 14:10:28.109 main - o.a.w.l.Aj.preProcess o.a.w.l.Aj@b9afc07 j.i.l.ClassLoaders$PlatformClassLoader@1ad282e0, j.i.l.ClassLoaders$AppClassLoader@3cd1a2f1
14:10:28.109 [main] DEBUG o.a.weaver.tools.WeavingAdaptor - 14:10:28.109 main > o.a.w.t.WeavingAdaptor.weaveClass o.a.w.l.ClassLoaderWeavingAdaptor@140e5a13 io/qameta/allure/internal/shadowed/jackson/core/TokenStreamFactory, byte[4509]
14:10:28.109 [main] DEBUG org.aspectj.weaver.bcel.BcelWeaver - 14:10:28.109 main > o.a.w.b.BcelWeaver.weave o.a.w.b.BcelWeaver@48524010 o.a.w.t.WeavingAdaptor$WeavingClassFileProvider@1cbf6e72
14:10:28.109 [main] DEBUG org.aspectj.weaver.bcel.BcelWeaver - 14:10:28.109 main > o.a.w.b.BcelWeaver.weaveAndNotify o.a.w.b.BcelWeaver@48524010 o.a.w.b.UnwovenClassFile@6aecbb8d, o.a.w.b.BcelObjectType@1af146, o.a.w.t.WeavingAdaptor$WeavingClassFileProvider$1@4da602fc
14:10:28.110 [main] DEBUG org.aspectj.weaver.bcel.BcelWeaver - 14:10:28.110 main < o.a.w.b.BcelWeaver.weaveAndNotify
14:10:28.111 [main] DEBUG org.aspectj.weaver.bcel.BcelWeaver - 14:10:28.111 main < o.a.w.b.BcelWeaver.weave java.util.ArrayList(1)
14:10:28.111 [main] DEBUG o.a.weaver.tools.WeavingAdaptor - 14:10:28.111 main < o.a.w.t.WeavingAdaptor.weaveClass byte[4509]
14:10:28.111 [main] DEBUG org.aspectj.weaver.Dump - 14:10:28.111 main > o.a.w.Dump.dumpOnExit o.a.w.t.WeavingAdaptor$WeavingAdaptorMessageHolder@6a6afff2
14:10:28.111 [main] DEBUG org.aspectj.weaver.Dump - 14:10:28.111 main > o.a.w.Dump.shouldDumpOnExit o.a.w.t.WeavingAdaptor$WeavingAdaptorMessageHolder@6a6afff2
14:10:28.111 [main] DEBUG org.aspectj.weaver.Dump - 14:10:28.111 main - o.a.w.Dump.shouldDumpOnExit abort
14:10:28.111 [main] DEBUG org.aspectj.weaver.Dump - 14:10:28.111 main < o.a.w.Dump.shouldDumpOnExit false
14:10:28.111 [main] DEBUG org.aspectj.weaver.Dump - 14:10:28.111 main < o.a.w.Dump.dumpOnExit Excluded
14:10:28.111 [main] DEBUG org.aspectj.weaver.loadtime.Aj - 14:10:28.111 main < o.a.w.l.Aj.preProcess byte[4509]
14:10:28.113 [main] DEBUG org.aspectj.weaver.loadtime.Aj - 14:10:28.113 main > o.a.w.l.Aj.preProcess o.a.w.l.Aj@b9afc07 io/qameta/allure/internal/shadowed/jackson/databind/MappingJsonFactory, byte[2799], j.i.l.ClassLoaders$AppClassLoader@3cd1a2f1
14:10:28.113 [main] DEBUG org.aspectj.weaver.loadtime.Aj - 14:10:28.113 main - o.a.w.l.Aj.preProcess o.a.w.l.Aj@b9afc07 j.i.l.ClassLoaders$PlatformClassLoader@1ad282e0, j.i.l.ClassLoaders$AppClassLoader@3cd1a2f1
14:10:28.113 [main] DEBUG o.a.weaver.tools.WeavingAdaptor - 14:10:28.113 main > o.a.w.t.WeavingAdaptor.weaveClass o.a.w.l.ClassLoaderWeavingAdaptor@140e5a13 io/qameta/allure/internal/shadowed/jackson/databind/MappingJsonFactory, byte[2799]
14:10:28.114 [main] DEBUG org.aspectj.weaver.bcel.BcelWeaver - 14:10:28.114 main > o.a.w.b.BcelWeaver.weave o.a.w.b.BcelWeaver@48524010 o.a.w.t.WeavingAdaptor$WeavingClassFileProvider@4c398c80
14:10:28.114 [main] DEBUG org.aspectj.weaver.bcel.BcelWeaver - 14:10:28.114 main > o.a.w.b.BcelWeaver.weaveAndNotify o.a.w.b.BcelWeaver@48524010 o.a.w.b.UnwovenClassFile@7fc6de5b, o.a.w.b.BcelObjectType@21baa903, o.a.w.t.WeavingAdaptor$WeavingClassFileProvider$1@607fbe09
14:10:28.115 [main] DEBUG org.aspectj.weaver.bcel.BcelWeaver - 14:10:28.115 main < o.a.w.b.BcelWeaver.weaveAndNotify
14:10:28.116 [main] DEBUG org.aspectj.weaver.bcel.BcelWeaver - 14:10:28.116 main < o.a.w.b.BcelWeaver.weave java.util.ArrayList(1)
14:10:28.116 [main] DEBUG o.a.weaver.tools.WeavingAdaptor - 14:10:28.116 main < o.a.w.t.WeavingAdaptor.weaveClass byte[2799]
14:10:28.116 [main] DEBUG org.aspectj.weaver.Dump - 14:10:28.116 main > o.a.w.Dump.dumpOnExit o.a.w.t.WeavingAdaptor$WeavingAdaptorMessageHolder@6a6afff2
14:10:28.116 [main] DEBUG org.aspectj.weaver.Dump - 14:10:28.116 main > o.a.w.Dump.shouldDumpOnExit o.a.w.t.WeavingAdaptor$WeavingAdaptorMessageHolder@6a6afff2
14:10:28.116 [main] DEBUG org.aspectj.weaver.Dump - 14:10:28.116 main - o.a.w.Dump.shouldDumpOnExit abort
14:10:28.116 [main] DEBUG org.aspectj.weaver.Dump - 14:10:28.116 main < o.a.w.Dump.shouldDumpOnExit false
14:10:28.116 [main] DEBUG org.aspectj.weaver.Dump - 14:10:28.116 main < o.a.w.Dump.dumpOnExit Excluded
14:10:28.116 [main] DEBUG org.aspectj.weaver.loadtime.Aj - 14:10:28.116 main < o.a.w.l.Aj.preProcess byte[2799]
14:10:28.118 [main] DEBUG org.aspectj.weaver.loadtime.Aj - 14:10:28.118 main > o.a.w.l.Aj.preProcess o.a.w.l.Aj@b9afc07 io/qameta/allure/internal/shadowed/jackson/databind/jsontype/SubtypeResolver, byte[4784], j.i.l.ClassLoaders$AppClassLoader@3cd1a2f1
14:10:28.118 [main] DEBUG org.aspectj.weaver.loadtime.Aj - 14:10:28.118 main - o.a.w.l.Aj.preProcess o.a.w.l.Aj@b9afc07 j.i.l.ClassLoaders$PlatformClassLoader@1ad282e0, j.i.l.ClassLoaders$AppClassLoader@3cd1a2f1
14:10:28.118 [main] DEBUG o.a.weaver.tools.WeavingAdaptor - 14:10:28.118 main > o.a.w.t.WeavingAdaptor.weaveClass o.a.w.l.ClassLoaderWeavingAdaptor@140e5a13 io/qameta/allure/internal/shadowed/jackson/databind/jsontype/SubtypeResolver, byte[4784]
14:10:28.118 [main] DEBUG org.aspectj.weaver.bcel.BcelWeaver - 14:10:28.118 main > o.a.w.b.BcelWeaver.weave o.a.w.b.BcelWeaver@48524010 o.a.w.t.WeavingAdaptor$WeavingClassFileProvider@75f65e45
14:10:28.119 [main] DEBUG org.aspectj.weaver.bcel.BcelWeaver - 14:10:28.119 main > o.a.w.b.BcelWeaver.weaveAndNotify o.a.w.b.BcelWeaver@48524010 o.a.w.b.UnwovenClassFile@6eeade6c, o.a.w.b.BcelObjectType@4a891c97, o.a.w.t.WeavingAdaptor$WeavingClassFileProvider$1@a5bd950
14:10:28.121 [main] DEBUG org.aspectj.weaver.bcel.BcelWorld - 14:10:28.121 main - o.a.w.b.BcelWorld.lookupJavaClass o.a.w.l.LTWWorld@2b4a2ec7 io.qameta.allure.internal.shadowed.jackson.databind.cfg.MapperConfig, o.a.a.b.c.JavaClass@2313052e
14:10:28.123 [main] DEBUG org.aspectj.weaver.bcel.BcelWorld - 14:10:28.123 main - o.a.w.b.BcelWorld.lookupJavaClass o.a.w.l.LTWWorld@2b4a2ec7 io.qameta.allure.internal.shadowed.jackson.databind.introspect.AnnotatedMember, o.a.a.b.c.JavaClass@57fd91c9
14:10:28.126 [main] DEBUG org.aspectj.weaver.bcel.BcelWorld - 14:10:28.126 main - o.a.w.b.BcelWorld.lookupJavaClass o.a.w.l.LTWWorld@2b4a2ec7 io.qameta.allure.internal.shadowed.jackson.databind.introspect.AnnotatedClass, o.a.a.b.c.JavaClass@674658f7
14:10:28.127 [main] DEBUG org.aspectj.weaver.bcel.BcelWeaver - 14:10:28.127 main < o.a.w.b.BcelWeaver.weaveAndNotify
14:10:28.127 [main] DEBUG org.aspectj.weaver.bcel.BcelWeaver - 14:10:28.127 main < o.a.w.b.BcelWeaver.weave java.util.ArrayList(1)
14:10:28.127 [main] DEBUG o.a.weaver.tools.WeavingAdaptor - 14:10:28.127 main < o.a.w.t.WeavingAdaptor.weaveClass byte[4784]
14:10:28.127 [main] DEBUG org.aspectj.weaver.Dump - 14:10:28.127 main > o.a.w.Dump.dumpOnExit o.a.w.t.WeavingAdaptor$WeavingAdaptorMessageHolder@6a6afff2
14:10:28.127 [main] DEBUG org.aspectj.weaver.Dump - 14:10:28.127 main > o.a.w.Dump.shouldDumpOnExit o.a.w.t.WeavingAdaptor$WeavingAdaptorMessageHolder@6a6afff2
14:10:28.127 [main] DEBUG org.aspectj.weaver.Dump - 14:10:28.127 main - o.a.w.Dump.shouldDumpOnExit abort
14:10:28.127 [main] DEBUG org.aspectj.weaver.Dump - 14:10:28.127 main < o.a.w.Dump.shouldDumpOnExit false
14:10:28.127 [main] DEBUG org.aspectj.weaver.Dump - 14:10:28.127 main < o.a.w.Dump.dumpOnExit Excluded
14:10:28.127 [main] DEBUG org.aspectj.weaver.loadtime.Aj - 14:10:28.127 main < o.a.w.l.Aj.preProcess byte[4784]
14:10:28.130 [main] DEBUG org.aspectj.weaver.loadtime.Aj - 14:10:28.130 main > o.a.w.l.Aj.preProcess o.a.w.l.Aj@b9afc07 io/qameta/allure/internal/shadowed/jackson/databind/jsontype/impl/StdSubtypeResolver, byte[12580], j.i.l.ClassLoaders$AppClassLoader@3cd1a2f1
14:10:28.131 [main] DEBUG org.aspectj.weaver.loadtime.Aj - 14:10:28.130 main - o.a.w.l.Aj.preProcess o.a.w.l.Aj@b9afc07 j.i.l.ClassLoaders$PlatformClassLoader@1ad282e0, j.i.l.ClassLoaders$AppClassLoader@3cd1a2f1
14:10:28.131 [main] DEBUG o.a.weaver.tools.WeavingAdaptor - 14:10:28.131 main > o.a.w.t.WeavingAdaptor.weaveClass o.a.w.l.ClassLoaderWeavingAdaptor@140e5a13 io/qameta/allure/internal/shadowed/jackson/databind/jsontype/impl/StdSubtypeResolver, byte[12580]
14:10:28.131 [main] DEBUG org.aspectj.weaver.bcel.BcelWeaver - 14:10:28.131 main > o.a.w.b.BcelWeaver.weave o.a.w.b.BcelWeaver@48524010 o.a.w.t.WeavingAdaptor$WeavingClassFileProvider@73163d48
14:10:28.132 [main] DEBUG org.aspectj.weaver.bcel.BcelWeaver - 14:10:28.131 main > o.a.w.b.BcelWeaver.weaveAndNotify o.a.w.b.BcelWeaver@48524010 o.a.w.b.UnwovenClassFile@58c34bb3, o.a.w.b.BcelObjectType@56a4479a, o.a.w.t.WeavingAdaptor$WeavingClassFileProvider$1@62163b39
14:10:28.139 [main] DEBUG org.aspectj.weaver.bcel.BcelWorld - 14:10:28.135 main - o.a.w.b.BcelWorld.lookupJavaClass o.a.w.l.LTWWorld@2b4a2ec7 java.util.HashMap, o.a.a.b.c.JavaClass@1698fc68
14:10:28.141 [main] DEBUG org.aspectj.weaver.bcel.BcelWeaver - 14:10:28.139 main < o.a.w.b.BcelWeaver.weaveAndNotify
14:10:28.142 [main] DEBUG org.aspectj.weaver.bcel.BcelWeaver - 14:10:28.142 main < o.a.w.b.BcelWeaver.weave java.util.ArrayList(1)
14:10:28.142 [main] DEBUG o.a.weaver.tools.WeavingAdaptor - 14:10:28.142 main < o.a.w.t.WeavingAdaptor.weaveClass byte[12580]
14:10:28.142 [main] DEBUG org.aspectj.weaver.Dump - 14:10:28.142 main > o.a.w.Dump.dumpOnExit o.a.w.t.WeavingAdaptor$WeavingAdaptorMessageHolder@6a6afff2
14:10:28.142 [main] DEBUG org.aspectj.weaver.Dump - 14:10:28.142 main > o.a.w.Dump.shouldDumpOnExit o.a.w.t.WeavingAdaptor$WeavingAdaptorMessageHolder@6a6afff2
14:10:28.142 [main] DEBUG org.aspectj.weaver.Dump - 14:10:28.142 main - o.a.w.Dump.shouldDumpOnExit abort
14:10:28.142 [main] DEBUG org.aspectj.weaver.Dump - 14:10:28.142 main < o.a.w.Dump.shouldDumpOnExit false
14:10:28.142 [main] DEBUG org.aspectj.weaver.Dump - 14:10:28.142 main < o.a.w.Dump.dumpOnExit Excluded
14:10:28.143 [main] DEBUG org.aspectj.weaver.loadtime.Aj - 14:10:28.142 main < o.a.w.l.Aj.preProcess byte[12580]
14:10:28.146 [main] DEBUG org.aspectj.weaver.loadtime.Aj - 14:10:28.146 main > o.a.w.l.Aj.preProcess o.a.w.l.Aj@b9afc07 io/qameta/allure/internal/shadowed/jackson/databind/ser/DefaultSerializerProvider, byte[21717], j.i.l.ClassLoaders$AppClassLoader@3cd1a2f1
14:10:28.146 [main] DEBUG org.aspectj.weaver.loadtime.Aj - 14:10:28.146 main - o.a.w.l.Aj.preProcess o.a.w.l.Aj@b9afc07 j.i.l.ClassLoaders$PlatformClassLoader@1ad282e0, j.i.l.ClassLoaders$AppClassLoader@3cd1a2f1
14:10:28.146 [main] DEBUG o.a.weaver.tools.WeavingAdaptor - 14:10:28.146 main > o.a.w.t.WeavingAdaptor.weaveClass o.a.w.l.ClassLoaderWeavingAdaptor@140e5a13 io/qameta/allure/internal/shadowed/jackson/databind/ser/DefaultSerializerProvider, byte[21717]
14:10:28.147 [main] DEBUG org.aspectj.weaver.bcel.BcelWeaver - 14:10:28.147 main > o.a.w.b.BcelWeaver.weave o.a.w.b.BcelWeaver@48524010 o.a.w.t.WeavingAdaptor$WeavingClassFileProvider@34997338
14:10:28.147 [main] DEBUG org.aspectj.weaver.bcel.BcelWeaver - 14:10:28.147 main > o.a.w.b.BcelWeaver.weaveAndNotify o.a.w.b.BcelWeaver@48524010 o.a.w.b.UnwovenClassFile@57eda880, o.a.w.b.BcelObjectType@2b5825fa, o.a.w.t.WeavingAdaptor$WeavingClassFileProvider$1@53d1b9b3
14:10:28.155 [main] DEBUG org.aspectj.weaver.bcel.BcelWorld - 14:10:28.155 main - o.a.w.b.BcelWorld.lookupJavaClass o.a.w.l.LTWWorld@2b4a2ec7 io.qameta.allure.internal.shadowed.jackson.databind.DatabindContext, o.a.a.b.c.JavaClass@7c209437
14:10:28.160 [main] DEBUG org.aspectj.weaver.bcel.BcelWorld - 14:10:28.160 main - o.a.w.b.BcelWorld.lookupJavaClass o.a.w.l.LTWWorld@2b4a2ec7 io.qameta.allure.internal.shadowed.jackson.databind.introspect.Annotated, o.a.a.b.c.JavaClass@25e2a451
14:10:28.162 [main] DEBUG org.aspectj.weaver.bcel.BcelWorld - 14:10:28.161 main - o.a.w.b.BcelWorld.lookupJavaClass o.a.w.l.LTWWorld@2b4a2ec7 io.qameta.allure.internal.shadowed.jackson.databind.JsonSerializer, o.a.a.b.c.JavaClass@2fc0cc3
14:10:28.164 [main] DEBUG org.aspectj.weaver.bcel.BcelWorld - 14:10:28.164 main - o.a.w.b.BcelWorld.lookupJavaClass o.a.w.l.LTWWorld@2b4a2ec7 io.qameta.allure.internal.shadowed.jackson.databind.introspect.BeanPropertyDefinition, o.a.a.b.c.JavaClass@42e3ede4
14:10:28.166 [main] DEBUG org.aspectj.weaver.bcel.BcelWorld - 14:10:28.166 main - o.a.w.b.BcelWorld.lookupJavaClass o.a.w.l.LTWWorld@2b4a2ec7 io.qameta.allure.internal.shadowed.jackson.annotation.ObjectIdGenerator, o.a.a.b.c.JavaClass@183e8023
14:10:28.192 [main] DEBUG org.aspectj.weaver.bcel.BcelWorld - 14:10:28.192 main - o.a.w.b.BcelWorld.lookupJavaClass o.a.w.l.LTWWorld@2b4a2ec7 io.qameta.allure.internal.shadowed.jackson.databind.ser.impl.WritableObjectId, o.a.a.b.c.JavaClass@67ab1c47
14:10:28.194 [main] DEBUG org.aspectj.weaver.bcel.BcelWorld - 14:10:28.194 main - o.a.w.b.BcelWorld.lookupJavaClass o.a.w.l.LTWWorld@2b4a2ec7 io.qameta.allure.internal.shadowed.jackson.databind.jsontype.TypeSerializer, o.a.a.b.c.JavaClass@2a3c96e3
14:10:28.195 [main] DEBUG org.aspectj.weaver.bcel.BcelWorld - 14:10:28.195 main - o.a.w.b.BcelWorld.lookupJavaClass o.a.w.l.LTWWorld@2b4a2ec7 io.qameta.allure.internal.shadowed.jackson.databind.PropertyName, o.a.a.b.c.JavaClass@cb191ca
14:10:28.196 [main] DEBUG org.aspectj.weaver.bcel.BcelWorld - 14:10:28.196 main - o.a.w.b.BcelWorld.lookupJavaClass o.a.w.l.LTWWorld@2b4a2ec7 java.lang.Exception, o.a.a.b.c.JavaClass@712625fd
14:10:28.199 [main] DEBUG org.aspectj.weaver.bcel.BcelWorld - 14:10:28.199 main - o.a.w.b.BcelWorld.lookupJavaClass o.a.w.l.LTWWorld@2b4a2ec7 java.io.IOException, o.a.a.b.c.JavaClass@42f48531
14:10:28.242 [main] DEBUG org.aspectj.weaver.bcel.BcelWeaver - 14:10:28.242 main < o.a.w.b.BcelWeaver.weaveAndNotify
14:10:28.242 [main] DEBUG org.aspectj.weaver.bcel.BcelWeaver - 14:10:28.242 main < o.a.w.b.BcelWeaver.weave java.util.ArrayList(1)
14:10:28.242 [main] DEBUG o.a.weaver.tools.WeavingAdaptor - 14:10:28.242 main < o.a.w.t.WeavingAdaptor.weaveClass byte[21717]
14:10:28.243 [main] DEBUG org.aspectj.weaver.Dump - 14:10:28.242 main > o.a.w.Dump.dumpOnExit o.a.w.t.WeavingAdaptor$WeavingAdaptorMessageHolder@6a6afff2
14:10:28.243 [main] DEBUG org.aspectj.weaver.Dump - 14:10:28.243 main > o.a.w.Dump.shouldDumpOnExit o.a.w.t.WeavingAdaptor$WeavingAdaptorMessageHolder@6a6afff2
14:10:28.243 [main] DEBUG org.aspectj.weaver.Dump - 14:10:28.243 main - o.a.w.Dump.shouldDumpOnExit abort
14:10:28.243 [main] DEBUG org.aspectj.weaver.Dump - 14:10:28.243 main < o.a.w.Dump.shouldDumpOnExit false
14:10:28.243 [main] DEBUG org.aspectj.weaver.Dump - 14:10:28.243 main < o.a.w.Dump.dumpOnExit Excluded
14:10:28.244 [main] DEBUG org.aspectj.weaver.loadtime.Aj - 14:10:28.244 main < o.a.w.l.Aj.preProcess byte[21717]
14:10:28.248 [main] DEBUG org.aspectj.weaver.loadtime.Aj - 14:10:28.248 main > o.a.w.l.Aj.preProcess o.a.w.l.Aj@b9afc07 io/qameta/allure/internal/shadowed/jackson/databind/SerializerProvider, byte[33789], j.i.l.ClassLoaders$AppClassLoader@3cd1a2f1
14:10:28.248 [main] DEBUG org.aspectj.weaver.loadtime.Aj - 14:10:28.248 main - o.a.w.l.Aj.preProcess o.a.w.l.Aj@b9afc07 j.i.l.ClassLoaders$PlatformClassLoader@1ad282e0, j.i.l.ClassLoaders$AppClassLoader@3cd1a2f1
14:10:28.248 [main] DEBUG o.a.weaver.tools.WeavingAdaptor - 14:10:28.248 main > o.a.w.t.WeavingAdaptor.weaveClass o.a.w.l.ClassLoaderWeavingAdaptor@140e5a13 io/qameta/allure/internal/shadowed/jackson/databind/SerializerProvider, byte[33789]
14:10:28.249 [main] DEBUG org.aspectj.weaver.bcel.BcelWeaver - 14:10:28.249 main > o.a.w.b.BcelWeaver.weave o.a.w.b.BcelWeaver@48524010 o.a.w.t.WeavingAdaptor$WeavingClassFileProvider@1f2f9244
14:10:28.252 [main] DEBUG org.aspectj.weaver.bcel.BcelWeaver - 14:10:28.251 main > o.a.w.b.BcelWeaver.weaveAndNotify o.a.w.b.BcelWeaver@48524010 o.a.w.b.UnwovenClassFile@4c4d27c8, o.a.w.b.BcelObjectType@6821ea29, o.a.w.t.WeavingAdaptor$WeavingClassFileProvider$1@338494fa
14:10:28.268 [main] DEBUG org.aspectj.weaver.bcel.BcelWorld - 14:10:28.267 main - o.a.w.b.BcelWorld.lookupJavaClass o.a.w.l.LTWWorld@2b4a2ec7 io.qameta.allure.internal.shadowed.jackson.annotation.JsonFormat$Value, o.a.a.b.c.JavaClass@10993713
14:10:28.277 [main] DEBUG org.aspectj.weaver.bcel.BcelWorld - 14:10:28.277 main - o.a.w.b.BcelWorld.lookupJavaClass o.a.w.l.LTWWorld@2b4a2ec7 io.qameta.allure.internal.shadowed.jackson.databind.util.TokenBuffer, o.a.a.b.c.JavaClass@72cf2de5
14:10:28.279 [main] DEBUG org.aspectj.weaver.bcel.BcelWorld - 14:10:28.279 main - o.a.w.b.BcelWorld.lookupJavaClass o.a.w.l.LTWWorld@2b4a2ec7 io.qameta.allure.internal.shadowed.jackson.databind.BeanProperty, o.a.a.b.c.JavaClass@4ee37ca3
14:10:28.282 [main] DEBUG org.aspectj.weaver.bcel.BcelWorld - 14:10:28.282 main - o.a.w.b.BcelWorld.lookupJavaClass o.a.w.l.LTWWorld@2b4a2ec7 java.util.Date, o.a.a.b.c.JavaClass@45c8d09f
14:10:28.284 [main] DEBUG org.aspectj.weaver.bcel.BcelWorld - 14:10:28.284 main - o.a.w.b.BcelWorld.lookupJavaClass o.a.w.l.LTWWorld@2b4a2ec7 io.qameta.allure.internal.shadowed.jackson.databind.BeanDescription, o.a.a.b.c.JavaClass@41e350f1
14:10:28.294 [main] DEBUG org.aspectj.weaver.bcel.BcelWorld - 14:10:28.288 main - o.a.w.b.BcelWorld.lookupJavaClass o.a.w.l.LTWWorld@2b4a2ec7 java.lang.Throwable, o.a.a.b.c.JavaClass@5e600dd5
14:10:28.297 [main] DEBUG org.aspectj.weaver.bcel.BcelWorld - 14:10:28.297 main - o.a.w.b.BcelWorld.lookupJavaClass o.a.w.l.LTWWorld@2b4a2ec7 io.qameta.allure.internal.shadowed.jackson.databind.JsonMappingException, o.a.a.b.c.JavaClass@d8305c2
14:10:28.298 [main] DEBUG org.aspectj.weaver.bcel.BcelWeaver - 14:10:28.298 main < o.a.w.b.BcelWeaver.weaveAndNotify
14:10:28.298 [main] DEBUG org.aspectj.weaver.bcel.BcelWeaver - 14:10:28.298 main < o.a.w.b.BcelWeaver.weave java.util.ArrayList(1)
14:10:28.298 [main] DEBUG o.a.weaver.tools.WeavingAdaptor - 14:10:28.298 main < o.a.w.t.WeavingAdaptor.weaveClass byte[33789]
14:10:28.298 [main] DEBUG org.aspectj.weaver.Dump - 14:10:28.298 main > o.a.w.Dump.dumpOnExit o.a.w.t.WeavingAdaptor$WeavingAdaptorMessageHolder@6a6afff2
14:10:28.299 [main] DEBUG org.aspectj.weaver.Dump - 14:10:28.299 main > o.a.w.Dump.shouldDumpOnExit o.a.w.t.WeavingAdaptor$WeavingAdaptorMessageHolder@6a6afff2
14:10:28.299 [main] DEBUG org.aspectj.weaver.Dump - 14:10:28.299 main - o.a.w.Dump.shouldDumpOnExit abort
14:10:28.299 [main] DEBUG org.aspectj.weaver.Dump - 14:10:28.299 main < o.a.w.Dump.shouldDumpOnExit false
14:10:28.299 [main] DEBUG org.aspectj.weaver.Dump - 14:10:28.299 main < o.a.w.Dump.dumpOnExit Excluded
14:10:28.299 [main] DEBUG org.aspectj.weaver.loadtime.Aj - 14:10:28.299 main < o.a.w.l.Aj.preProcess byte[33789]
14:10:28.301 [main] DEBUG org.aspectj.weaver.loadtime.Aj - 14:10:28.301 main > o.a.w.l.Aj.preProcess o.a.w.l.Aj@b9afc07 io/qameta/allure/internal/shadowed/jackson/databind/DatabindContext, byte[14795], j.i.l.ClassLoaders$AppClassLoader@3cd1a2f1
14:10:28.302 [main] DEBUG org.aspectj.weaver.loadtime.Aj - 14:10:28.302 main - o.a.w.l.Aj.preProcess o.a.w.l.Aj@b9afc07 j.i.l.ClassLoaders$PlatformClassLoader@1ad282e0, j.i.l.ClassLoaders$AppClassLoader@3cd1a2f1
14:10:28.302 [main] DEBUG o.a.weaver.tools.WeavingAdaptor - 14:10:28.302 main > o.a.w.t.WeavingAdaptor.weaveClass o.a.w.l.ClassLoaderWeavingAdaptor@140e5a13 io/qameta/allure/internal/shadowed/jackson/databind/DatabindContext, byte[14795]
14:10:28.303 [main] DEBUG org.aspectj.weaver.bcel.BcelWeaver - 14:10:28.303 main > o.a.w.b.BcelWeaver.weave o.a.w.b.BcelWeaver@48524010 o.a.w.t.WeavingAdaptor$WeavingClassFileProvider@60d1a32f
14:10:28.305 [main] DEBUG org.aspectj.weaver.bcel.BcelWeaver - 14:10:28.304 main > o.a.w.b.BcelWeaver.weaveAndNotify o.a.w.b.BcelWeaver@48524010 o.a.w.b.UnwovenClassFile@531c311e, o.a.w.b.BcelObjectType@22b53226, o.a.w.t.WeavingAdaptor$WeavingClassFileProvider$1@1fcb4808
14:10:28.308 [main] DEBUG org.aspectj.weaver.bcel.BcelWorld - 14:10:28.308 main - o.a.w.b.BcelWorld.lookupJavaClass o.a.w.l.LTWWorld@2b4a2ec7 io.qameta.allure.internal.shadowed.jackson.databind.introspect.ObjectIdInfo, o.a.a.b.c.JavaClass@ea9b7c6
14:10:28.311 [main] DEBUG org.aspectj.weaver.bcel.BcelWorld - 14:10:28.311 main - o.a.w.b.BcelWorld.lookupJavaClass o.a.w.l.LTWWorld@2b4a2ec7 io.qameta.allure.internal.shadowed.jackson.annotation.ObjectIdResolver, o.a.a.b.c.JavaClass@7c2b6087
14:10:28.313 [main] DEBUG org.aspectj.weaver.bcel.BcelWorld - 14:10:28.313 main - o.a.w.b.BcelWorld.lookupJavaClass o.a.w.l.LTWWorld@2b4a2ec7 io.qameta.allure.internal.shadowed.jackson.databind.util.Converter, o.a.a.b.c.JavaClass@1c7fd41f
14:10:28.313 [main] DEBUG org.aspectj.weaver.bcel.BcelWeaver - 14:10:28.313 main < o.a.w.b.BcelWeaver.weaveAndNotify
14:10:28.313 [main] DEBUG org.aspectj.weaver.bcel.BcelWeaver - 14:10:28.313 main < o.a.w.b.BcelWeaver.weave java.util.ArrayList(1)
14:10:28.313 [main] DEBUG o.a.weaver.tools.WeavingAdaptor - 14:10:28.313 main < o.a.w.t.WeavingAdaptor.weaveClass byte[14795]
14:10:28.313 [main] DEBUG org.aspectj.weaver.Dump - 14:10:28.313 main > o.a.w.Dump.dumpOnExit o.a.w.t.WeavingAdaptor$WeavingAdaptorMessageHolder@6a6afff2
14:10:28.314 [main] DEBUG org.aspectj.weaver.Dump - 14:10:28.313 main > o.a.w.Dump.shouldDumpOnExit o.a.w.t.WeavingAdaptor$WeavingAdaptorMessageHolder@6a6afff2
14:10:28.314 [main] DEBUG org.aspectj.weaver.Dump - 14:10:28.314 main - o.a.w.Dump.shouldDumpOnExit abort
14:10:28.314 [main] DEBUG org.aspectj.weaver.Dump - 14:10:28.314 main < o.a.w.Dump.shouldDumpOnExit false
14:10:28.314 [main] DEBUG org.aspectj.weaver.Dump - 14:10:28.314 main < o.a.w.Dump.dumpOnExit Excluded
14:10:28.314 [main] DEBUG org.aspectj.weaver.loadtime.Aj - 14:10:28.314 main < o.a.w.l.Aj.preProcess byte[14795]
14:10:28.317 [main] DEBUG org.aspectj.weaver.loadtime.Aj - 14:10:28.317 main > o.a.w.l.Aj.preProcess o.a.w.l.Aj@b9afc07 io/qameta/allure/internal/shadowed/jackson/databind/ser/DefaultSerializerProvider$Impl, byte[2393], j.i.l.ClassLoaders$AppClassLoader@3cd1a2f1
14:10:28.317 [main] DEBUG org.aspectj.weaver.loadtime.Aj - 14:10:28.317 main - o.a.w.l.Aj.preProcess o.a.w.l.Aj@b9afc07 j.i.l.ClassLoaders$PlatformClassLoader@1ad282e0, j.i.l.ClassLoaders$AppClassLoader@3cd1a2f1
14:10:28.317 [main] DEBUG o.a.weaver.tools.WeavingAdaptor - 14:10:28.317 main > o.a.w.t.WeavingAdaptor.weaveClass o.a.w.l.ClassLoaderWeavingAdaptor@140e5a13 io/qameta/allure/internal/shadowed/jackson/databind/ser/DefaultSerializerProvider$Impl, byte[2393]
14:10:28.317 [main] DEBUG org.aspectj.weaver.bcel.BcelWeaver - 14:10:28.317 main > o.a.w.b.BcelWeaver.weave o.a.w.b.BcelWeaver@48524010 o.a.w.t.WeavingAdaptor$WeavingClassFileProvider@60dce7ea
14:10:28.318 [main] DEBUG org.aspectj.weaver.bcel.BcelWeaver - 14:10:28.318 main > o.a.w.b.BcelWeaver.weaveAndNotify o.a.w.b.BcelWeaver@48524010 o.a.w.b.UnwovenClassFile@662f5666, o.a.w.b.BcelObjectType@fd8294b, o.a.w.t.WeavingAdaptor$WeavingClassFileProvider$1@5974109
14:10:28.319 [main] DEBUG org.aspectj.weaver.bcel.BcelWeaver - 14:10:28.319 main < o.a.w.b.BcelWeaver.weaveAndNotify
14:10:28.319 [main] DEBUG org.aspectj.weaver.bcel.BcelWeaver - 14:10:28.319 main < o.a.w.b.BcelWeaver.weave java.util.ArrayList(1)
14:10:28.319 [main] DEBUG o.a.weaver.tools.WeavingAdaptor - 14:10:28.319 main < o.a.w.t.WeavingAdaptor.weaveClass byte[2393]
14:10:28.319 [main] DEBUG org.aspectj.weaver.Dump - 14:10:28.319 main > o.a.w.Dump.dumpOnExit o.a.w.t.WeavingAdaptor$WeavingAdaptorMessageHolder@6a6afff2
14:10:28.319 [main] DEBUG org.aspectj.weaver.Dump - 14:10:28.319 main > o.a.w.Dump.shouldDumpOnExit o.a.w.t.WeavingAdaptor$WeavingAdaptorMessageHolder@6a6afff2
14:10:28.319 [main] DEBUG org.aspectj.weaver.Dump - 14:10:28.319 main - o.a.w.Dump.shouldDumpOnExit abort
14:10:28.319 [main] DEBUG org.aspectj.weaver.Dump - 14:10:28.319 main < o.a.w.Dump.shouldDumpOnExit false
14:10:28.319 [main] DEBUG org.aspectj.weaver.Dump - 14:10:28.319 main < o.a.w.Dump.dumpOnExit Excluded
14:10:28.320 [main] DEBUG org.aspectj.weaver.loadtime.Aj - 14:10:28.319 main < o.a.w.l.Aj.preProcess byte[2393]
14:10:28.322 [main] DEBUG org.aspectj.weaver.loadtime.Aj - 14:10:28.322 main > o.a.w.l.Aj.preProcess o.a.w.l.Aj@b9afc07 io/qameta/allure/internal/shadowed/jackson/databind/deser/DeserializerFactory, byte[9112], j.i.l.ClassLoaders$AppClassLoader@3cd1a2f1
14:10:28.322 [main] DEBUG org.aspectj.weaver.loadtime.Aj - 14:10:28.322 main - o.a.w.l.Aj.preProcess o.a.w.l.Aj@b9afc07 j.i.l.ClassLoaders$PlatformClassLoader@1ad282e0, j.i.l.ClassLoaders$AppClassLoader@3cd1a2f1
14:10:28.323 [main] DEBUG o.a.weaver.tools.WeavingAdaptor - 14:10:28.322 main > o.a.w.t.WeavingAdaptor.weaveClass o.a.w.l.ClassLoaderWeavingAdaptor@140e5a13 io/qameta/allure/internal/shadowed/jackson/databind/deser/DeserializerFactory, byte[9112]
14:10:28.323 [main] DEBUG org.aspectj.weaver.bcel.BcelWeaver - 14:10:28.323 main > o.a.w.b.BcelWeaver.weave o.a.w.b.BcelWeaver@48524010 o.a.w.t.WeavingAdaptor$WeavingClassFileProvider@5c3b6c6e
14:10:28.323 [main] DEBUG org.aspectj.weaver.bcel.BcelWeaver - 14:10:28.323 main > o.a.w.b.BcelWeaver.weaveAndNotify o.a.w.b.BcelWeaver@48524010 o.a.w.b.UnwovenClassFile@4fbda97b, o.a.w.b.BcelObjectType@75f5fd58, o.a.w.t.WeavingAdaptor$WeavingClassFileProvider$1@37b70343
14:10:28.325 [main] DEBUG org.aspectj.weaver.bcel.BcelWeaver - 14:10:28.324 main < o.a.w.b.BcelWeaver.weaveAndNotify
14:10:28.325 [main] DEBUG org.aspectj.weaver.bcel.BcelWeaver - 14:10:28.325 main < o.a.w.b.BcelWeaver.weave java.util.ArrayList(1)
14:10:28.325 [main] DEBUG o.a.weaver.tools.WeavingAdaptor - 14:10:28.325 main < o.a.w.t.WeavingAdaptor.weaveClass byte[9112]
14:10:28.325 [main] DEBUG org.aspectj.weaver.Dump - 14:10:28.325 main > o.a.w.Dump.dumpOnExit o.a.w.t.WeavingAdaptor$WeavingAdaptorMessageHolder@6a6afff2
14:10:28.325 [main] DEBUG org.aspectj.weaver.Dump - 14:10:28.325 main > o.a.w.Dump.shouldDumpOnExit o.a.w.t.WeavingAdaptor$WeavingAdaptorMessageHolder@6a6afff2
14:10:28.325 [main] DEBUG org.aspectj.weaver.Dump - 14:10:28.325 main - o.a.w.Dump.shouldDumpOnExit abort
14:10:28.325 [main] DEBUG org.aspectj.weaver.Dump - 14:10:28.325 main < o.a.w.Dump.shouldDumpOnExit false
14:10:28.325 [main] DEBUG org.aspectj.weaver.Dump - 14:10:28.325 main < o.a.w.Dump.dumpOnExit Excluded
14:10:28.325 [main] DEBUG org.aspectj.weaver.loadtime.Aj - 14:10:28.325 main < o.a.w.l.Aj.preProcess byte[9112]
14:10:28.333 [main] DEBUG org.aspectj.weaver.loadtime.Aj - 14:10:28.332 main > o.a.w.l.Aj.preProcess o.a.w.l.Aj@b9afc07 io/qameta/allure/internal/shadowed/jackson/databind/deser/BeanDeserializerFactory, byte[45873], j.i.l.ClassLoaders$AppClassLoader@3cd1a2f1
14:10:28.333 [main] DEBUG org.aspectj.weaver.loadtime.Aj - 14:10:28.333 main - o.a.w.l.Aj.preProcess o.a.w.l.Aj@b9afc07 j.i.l.ClassLoaders$PlatformClassLoader@1ad282e0, j.i.l.ClassLoaders$AppClassLoader@3cd1a2f1
14:10:28.333 [main] DEBUG o.a.weaver.tools.WeavingAdaptor - 14:10:28.333 main > o.a.w.t.WeavingAdaptor.weaveClass o.a.w.l.ClassLoaderWeavingAdaptor@140e5a13 io/qameta/allure/internal/shadowed/jackson/databind/deser/BeanDeserializerFactory, byte[45873]
14:10:28.334 [main] DEBUG org.aspectj.weaver.bcel.BcelWeaver - 14:10:28.334 main > o.a.w.b.BcelWeaver.weave o.a.w.b.BcelWeaver@48524010 o.a.w.t.WeavingAdaptor$WeavingClassFileProvider@354fc8f0
14:10:28.338 [main] DEBUG org.aspectj.weaver.bcel.BcelWorld - 14:10:28.338 main - o.a.w.b.BcelWorld.lookupJavaClass o.a.w.l.LTWWorld@2b4a2ec7 io.qameta.allure.internal.shadowed.jackson.databind.deser.BasicDeserializerFactory, o.a.a.b.c.JavaClass@5b43fbf6
14:10:28.338 [main] DEBUG org.aspectj.weaver.bcel.BcelWeaver - 14:10:28.338 main > o.a.w.b.BcelWeaver.weaveAndNotify o.a.w.b.BcelWeaver@48524010 o.a.w.b.UnwovenClassFile@1080b026, o.a.w.b.BcelObjectType@58ebfd03, o.a.w.t.WeavingAdaptor$WeavingClassFileProvider$1@5b07730f
14:10:28.341 [main] DEBUG org.aspectj.weaver.bcel.BcelWorld - 14:10:28.341 main - o.a.w.b.BcelWorld.lookupJavaClass o.a.w.l.LTWWorld@2b4a2ec7 io.qameta.allure.internal.shadowed.jackson.databind.cfg.DeserializerFactoryConfig, o.a.a.b.c.JavaClass@6d304f9d
14:10:28.344 [main] DEBUG org.aspectj.weaver.bcel.BcelWorld - 14:10:28.343 main - o.a.w.b.BcelWorld.lookupJavaClass o.a.w.l.LTWWorld@2b4a2ec7 io.qameta.allure.internal.shadowed.jackson.databind.deser.BeanDeserializerBuilder, o.a.a.b.c.JavaClass@2fea7088
14:10:28.345 [main] DEBUG org.aspectj.weaver.bcel.BcelWorld - 14:10:28.345 main - o.a.w.b.BcelWorld.lookupJavaClass o.a.w.l.LTWWorld@2b4a2ec7 io.qameta.allure.internal.shadowed.jackson.databind.deser.SettableAnyProperty, o.a.a.b.c.JavaClass@30d4b288
14:10:28.349 [main] DEBUG org.aspectj.weaver.bcel.BcelWorld - 14:10:28.349 main - o.a.w.b.BcelWorld.lookupJavaClass o.a.w.l.LTWWorld@2b4a2ec7 io.qameta.allure.internal.shadowed.jackson.databind.deser.SettableBeanProperty, o.a.a.b.c.JavaClass@7a791b66
14:10:28.350 [main] DEBUG org.aspectj.weaver.bcel.BcelWeaver - 14:10:28.350 main < o.a.w.b.BcelWeaver.weaveAndNotify
14:10:28.350 [main] DEBUG org.aspectj.weaver.bcel.BcelWeaver - 14:10:28.350 main < o.a.w.b.BcelWeaver.weave java.util.ArrayList(1)
14:10:28.350 [main] DEBUG o.a.weaver.tools.WeavingAdaptor - 14:10:28.350 main < o.a.w.t.WeavingAdaptor.weaveClass byte[45873]
14:10:28.350 [main] DEBUG org.aspectj.weaver.Dump - 14:10:28.350 main > o.a.w.Dump.dumpOnExit o.a.w.t.WeavingAdaptor$WeavingAdaptorMessageHolder@6a6afff2
14:10:28.351 [main] DEBUG org.aspectj.weaver.Dump - 14:10:28.351 main > o.a.w.Dump.shouldDumpOnExit o.a.w.t.WeavingAdaptor$WeavingAdaptorMessageHolder@6a6afff2
14:10:28.351 [main] DEBUG org.aspectj.weaver.Dump - 14:10:28.351 main - o.a.w.Dump.shouldDumpOnExit abort
14:10:28.351 [main] DEBUG org.aspectj.weaver.Dump - 14:10:28.351 main < o.a.w.Dump.shouldDumpOnExit false
14:10:28.351 [main] DEBUG org.aspectj.weaver.Dump - 14:10:28.351 main < o.a.w.Dump.dumpOnExit Excluded
14:10:28.351 [main] DEBUG org.aspectj.weaver.loadtime.Aj - 14:10:28.351 main < o.a.w.l.Aj.preProcess byte[45873]
14:10:28.356 [main] DEBUG org.aspectj.weaver.loadtime.Aj - 14:10:28.355 main > o.a.w.l.Aj.preProcess o.a.w.l.Aj@b9afc07 io/qameta/allure/internal/shadowed/jackson/databind/deser/BasicDeserializerFactory, byte[102055], j.i.l.ClassLoaders$AppClassLoader@3cd1a2f1
14:10:28.356 [main] DEBUG org.aspectj.weaver.loadtime.Aj - 14:10:28.356 main - o.a.w.l.Aj.preProcess o.a.w.l.Aj@b9afc07 j.i.l.ClassLoaders$PlatformClassLoader@1ad282e0, j.i.l.ClassLoaders$AppClassLoader@3cd1a2f1
14:10:28.356 [main] DEBUG o.a.weaver.tools.WeavingAdaptor - 14:10:28.356 main > o.a.w.t.WeavingAdaptor.weaveClass o.a.w.l.ClassLoaderWeavingAdaptor@140e5a13 io/qameta/allure/internal/shadowed/jackson/databind/deser/BasicDeserializerFactory, byte[102055]
14:10:28.357 [main] DEBUG org.aspectj.weaver.bcel.BcelWeaver - 14:10:28.357 main > o.a.w.b.BcelWeaver.weave o.a.w.b.BcelWeaver@48524010 o.a.w.t.WeavingAdaptor$WeavingClassFileProvider@6b9ce1bf
14:10:28.357 [main] DEBUG org.aspectj.weaver.bcel.BcelWeaver - 14:10:28.357 main > o.a.w.b.BcelWeaver.weaveAndNotify o.a.w.b.BcelWeaver@48524010 o.a.w.b.UnwovenClassFile@61884cb1, o.a.w.b.BcelObjectType@75ed9710, o.a.w.t.WeavingAdaptor$WeavingClassFileProvider$1@4fc5e095
14:10:28.361 [main] DEBUG org.aspectj.weaver.bcel.BcelWorld - 14:10:28.361 main - o.a.w.b.BcelWorld.lookupJavaClass o.a.w.l.LTWWorld@2b4a2ec7 io.qameta.allure.internal.shadowed.jackson.databind.deser.Deserializers, o.a.a.b.c.JavaClass@19fb8826
14:10:28.363 [main] DEBUG org.aspectj.weaver.bcel.BcelWorld - 14:10:28.362 main - o.a.w.b.BcelWorld.lookupJavaClass o.a.w.l.LTWWorld@2b4a2ec7 io.qameta.allure.internal.shadowed.jackson.databind.deser.KeyDeserializers, o.a.a.b.c.JavaClass@62ea3440
14:10:28.379 [main] DEBUG org.aspectj.weaver.bcel.BcelWorld - 14:10:28.379 main - o.a.w.b.BcelWorld.lookupJavaClass o.a.w.l.LTWWorld@2b4a2ec7 io.qameta.allure.internal.shadowed.jackson.databind.deser.BeanDeserializerModifier, o.a.a.b.c.JavaClass@66ce957f
14:10:28.381 [main] DEBUG org.aspectj.weaver.bcel.BcelWorld - 14:10:28.381 main - o.a.w.b.BcelWorld.lookupJavaClass o.a.w.l.LTWWorld@2b4a2ec7 io.qameta.allure.internal.shadowed.jackson.databind.AbstractTypeResolver, o.a.a.b.c.JavaClass@666b83a4
14:10:28.382 [main] DEBUG org.aspectj.weaver.bcel.BcelWorld - 14:10:28.382 main - o.a.w.b.BcelWorld.lookupJavaClass o.a.w.l.LTWWorld@2b4a2ec7 io.qameta.allure.internal.shadowed.jackson.databind.deser.ValueInstantiators, o.a.a.b.c.JavaClass@16ecee1
14:10:28.384 [main] DEBUG org.aspectj.weaver.bcel.BcelWorld - 14:10:28.384 main - o.a.w.b.BcelWorld.lookupJavaClass o.a.w.l.LTWWorld@2b4a2ec7 io.qameta.allure.internal.shadowed.jackson.databind.deser.ValueInstantiator, o.a.a.b.c.JavaClass@4a3329b9
14:10:28.388 [main] DEBUG org.aspectj.weaver.bcel.BcelWorld - 14:10:28.388 main - o.a.w.b.BcelWorld.lookupJavaClass o.a.w.l.LTWWorld@2b4a2ec7 io.qameta.allure.internal.shadowed.jackson.databind.deser.BasicDeserializerFactory$CreatorCollectionState, o.a.a.b.c.JavaClass@12bfd80d
14:10:28.391 [main] DEBUG org.aspectj.weaver.bcel.BcelWorld - 14:10:28.391 main - o.a.w.b.BcelWorld.lookupJavaClass o.a.w.l.LTWWorld@2b4a2ec7 io.qameta.allure.internal.shadowed.jackson.databind.introspect.AnnotatedConstructor, o.a.a.b.c.JavaClass@5316e95f
14:10:28.394 [main] DEBUG org.aspectj.weaver.bcel.BcelWorld - 14:10:28.394 main - o.a.w.b.BcelWorld.lookupJavaClass o.a.w.l.LTWWorld@2b4a2ec7 io.qameta.allure.internal.shadowed.jackson.databind.deser.impl.CreatorCollector, o.a.a.b.c.JavaClass@618c5d94
14:10:28.395 [main] DEBUG org.aspectj.weaver.bcel.BcelWorld - 14:10:28.395 main - o.a.w.b.BcelWorld.lookupJavaClass o.a.w.l.LTWWorld@2b4a2ec7 io.qameta.allure.internal.shadowed.jackson.databind.deser.impl.CreatorCandidate, o.a.a.b.c.JavaClass@1d8062d2
14:10:28.398 [main] DEBUG org.aspectj.weaver.bcel.BcelWorld - 14:10:28.397 main - o.a.w.b.BcelWorld.lookupJavaClass o.a.w.l.LTWWorld@2b4a2ec7 io.qameta.allure.internal.shadowed.jackson.databind.introspect.AnnotatedWithParams, o.a.a.b.c.JavaClass@36546a22
14:10:28.408 [main] DEBUG org.aspectj.weaver.bcel.BcelWorld - 14:10:28.408 main - o.a.w.b.BcelWorld.lookupJavaClass o.a.w.l.LTWWorld@2b4a2ec7 io.qameta.allure.internal.shadowed.jackson.annotation.JacksonInject$Value, o.a.a.b.c.JavaClass@3918c187
14:10:28.411 [main] DEBUG org.aspectj.weaver.bcel.BcelWorld - 14:10:28.411 main - o.a.w.b.BcelWorld.lookupJavaClass o.a.w.l.LTWWorld@2b4a2ec7 io.qameta.allure.internal.shadowed.jackson.databind.introspect.AnnotatedParameter, o.a.a.b.c.JavaClass@388ba540
14:10:28.413 [main] DEBUG org.aspectj.weaver.bcel.BcelWorld - 14:10:28.413 main - o.a.w.b.BcelWorld.lookupJavaClass o.a.w.l.LTWWorld@2b4a2ec7 io.qameta.allure.internal.shadowed.jackson.databind.PropertyMetadata, o.a.a.b.c.JavaClass@1dd0e7c4
14:10:28.418 [main] DEBUG org.aspectj.weaver.bcel.BcelWorld - 14:10:28.417 main - o.a.w.b.BcelWorld.lookupJavaClass o.a.w.l.LTWWorld@2b4a2ec7 io.qameta.allure.internal.shadowed.jackson.databind.type.ArrayType, o.a.a.b.c.JavaClass@6111ba37
14:10:28.422 [main] DEBUG org.aspectj.weaver.bcel.BcelWorld - 14:10:28.422 main - o.a.w.b.BcelWorld.lookupJavaClass o.a.w.l.LTWWorld@2b4a2ec7 io.qameta.allure.internal.shadowed.jackson.databind.type.CollectionType, o.a.a.b.c.JavaClass@5b11a194
14:10:28.424 [main] DEBUG org.aspectj.weaver.bcel.BcelWorld - 14:10:28.424 main - o.a.w.b.BcelWorld.lookupJavaClass o.a.w.l.LTWWorld@2b4a2ec7 io.qameta.allure.internal.shadowed.jackson.databind.type.CollectionLikeType, o.a.a.b.c.JavaClass@11eadcba
14:10:28.426 [main] DEBUG org.aspectj.weaver.bcel.BcelWorld - 14:10:28.426 main - o.a.w.b.BcelWorld.lookupJavaClass o.a.w.l.LTWWorld@2b4a2ec7 io.qameta.allure.internal.shadowed.jackson.databind.type.MapType, o.a.a.b.c.JavaClass@45cff11c
14:10:28.429 [main] DEBUG org.aspectj.weaver.bcel.BcelWorld - 14:10:28.429 main - o.a.w.b.BcelWorld.lookupJavaClass o.a.w.l.LTWWorld@2b4a2ec7 io.qameta.allure.internal.shadowed.jackson.databind.type.MapLikeType, o.a.a.b.c.JavaClass@62dae540
14:10:28.452 [main] DEBUG org.aspectj.weaver.bcel.BcelWorld - 14:10:28.452 main - o.a.w.b.BcelWorld.lookupJavaClass o.a.w.l.LTWWorld@2b4a2ec7 io.qameta.allure.internal.shadowed.jackson.databind.type.ReferenceType, o.a.a.b.c.JavaClass@56c9bbd8
14:10:28.455 [main] DEBUG org.aspectj.weaver.bcel.BcelWorld - 14:10:28.455 main - o.a.w.b.BcelWorld.lookupJavaClass o.a.w.l.LTWWorld@2b4a2ec7 io.qameta.allure.internal.shadowed.jackson.databind.jsontype.TypeDeserializer, o.a.a.b.c.JavaClass@f79a760
14:10:28.458 [main] DEBUG org.aspectj.weaver.bcel.BcelWorld - 14:10:28.458 main - o.a.w.b.BcelWorld.lookupJavaClass o.a.w.l.LTWWorld@2b4a2ec7 io.qameta.allure.internal.shadowed.jackson.databind.KeyDeserializer, o.a.a.b.c.JavaClass@239b0f9d
14:10:28.460 [main] DEBUG org.aspectj.weaver.bcel.BcelWorld - 14:10:28.460 main - o.a.w.b.BcelWorld.lookupJavaClass o.a.w.l.LTWWorld@2b4a2ec7 io.qameta.allure.internal.shadowed.jackson.databind.util.EnumResolver, o.a.a.b.c.JavaClass@1eb6749b
14:10:28.463 [main] DEBUG org.aspectj.weaver.bcel.BcelWorld - 14:10:28.462 main - o.a.w.b.BcelWorld.lookupJavaClass o.a.w.l.LTWWorld@2b4a2ec7 io.qameta.allure.internal.shadowed.jackson.databind.introspect.AnnotatedMethod, o.a.a.b.c.JavaClass@2bef51f2
14:10:28.463 [main] DEBUG org.aspectj.weaver.bcel.BcelWeaver - 14:10:28.463 main < o.a.w.b.BcelWeaver.weaveAndNotify
14:10:28.463 [main] DEBUG org.aspectj.weaver.bcel.BcelWeaver - 14:10:28.463 main < o.a.w.b.BcelWeaver.weave java.util.ArrayList(1)
14:10:28.463 [main] DEBUG o.a.weaver.tools.WeavingAdaptor - 14:10:28.463 main < o.a.w.t.WeavingAdaptor.weaveClass byte[102055]
14:10:28.463 [main] DEBUG org.aspectj.weaver.Dump - 14:10:28.463 main > o.a.w.Dump.dumpOnExit o.a.w.t.WeavingAdaptor$WeavingAdaptorMessageHolder@6a6afff2
14:10:28.463 [main] DEBUG org.aspectj.weaver.Dump - 14:10:28.463 main > o.a.w.Dump.shouldDumpOnExit o.a.w.t.WeavingAdaptor$WeavingAdaptorMessageHolder@6a6afff2
14:10:28.463 [main] DEBUG org.aspectj.weaver.Dump - 14:10:28.463 main - o.a.w.Dump.shouldDumpOnExit abort
14:10:28.463 [main] DEBUG org.aspectj.weaver.Dump - 14:10:28.463 main < o.a.w.Dump.shouldDumpOnExit false
14:10:28.463 [main] DEBUG org.aspectj.weaver.Dump - 14:10:28.463 main < o.a.w.Dump.dumpOnExit Excluded
14:10:28.463 [main] DEBUG org.aspectj.weaver.loadtime.Aj - 14:10:28.463 main < o.a.w.l.Aj.preProcess byte[102055]
14:10:28.468 [main] DEBUG org.aspectj.weaver.loadtime.Aj - 14:10:28.468 main > o.a.w.l.Aj.preProcess o.a.w.l.Aj@b9afc07 io/qameta/allure/internal/shadowed/jackson/databind/deser/DefaultDeserializationContext, byte[18369], j.i.l.ClassLoaders$AppClassLoader@3cd1a2f1
14:10:28.468 [main] DEBUG org.aspectj.weaver.loadtime.Aj - 14:10:28.468 main - o.a.w.l.Aj.preProcess o.a.w.l.Aj@b9afc07 j.i.l.ClassLoaders$PlatformClassLoader@1ad282e0, j.i.l.ClassLoaders$AppClassLoader@3cd1a2f1
14:10:28.468 [main] DEBUG o.a.weaver.tools.WeavingAdaptor - 14:10:28.468 main > o.a.w.t.WeavingAdaptor.weaveClass o.a.w.l.ClassLoaderWeavingAdaptor@140e5a13 io/qameta/allure/internal/shadowed/jackson/databind/deser/DefaultDeserializationContext, byte[18369]
14:10:28.468 [main] DEBUG org.aspectj.weaver.bcel.BcelWeaver - 14:10:28.468 main > o.a.w.b.BcelWeaver.weave o.a.w.b.BcelWeaver@48524010 o.a.w.t.WeavingAdaptor$WeavingClassFileProvider@4f2c9ba6
14:10:28.469 [main] DEBUG org.aspectj.weaver.bcel.BcelWeaver - 14:10:28.469 main > o.a.w.b.BcelWeaver.weaveAndNotify o.a.w.b.BcelWeaver@48524010 o.a.w.b.UnwovenClassFile@4e28bdd1, o.a.w.b.BcelObjectType@53f48368, o.a.w.t.WeavingAdaptor$WeavingClassFileProvider$1@24d4d7c9
14:10:28.474 [main] DEBUG org.aspectj.weaver.bcel.BcelWorld - 14:10:28.474 main - o.a.w.b.BcelWorld.lookupJavaClass o.a.w.l.LTWWorld@2b4a2ec7 io.qameta.allure.internal.shadowed.jackson.databind.deser.impl.ReadableObjectId, o.a.a.b.c.JavaClass@50fe837a
14:10:28.475 [main] DEBUG org.aspectj.weaver.bcel.BcelWorld - 14:10:28.475 main - o.a.w.b.BcelWorld.lookupJavaClass o.a.w.l.LTWWorld@2b4a2ec7 io.qameta.allure.internal.shadowed.jackson.annotation.ObjectIdGenerator$IdKey, o.a.a.b.c.JavaClass@5ce33a58
14:10:28.476 [main] DEBUG org.aspectj.weaver.bcel.BcelWeaver - 14:10:28.476 main < o.a.w.b.BcelWeaver.weaveAndNotify
14:10:28.476 [main] DEBUG org.aspectj.weaver.bcel.BcelWeaver - 14:10:28.476 main < o.a.w.b.BcelWeaver.weave java.util.ArrayList(1)
14:10:28.477 [main] DEBUG o.a.weaver.tools.WeavingAdaptor - 14:10:28.477 main < o.a.w.t.WeavingAdaptor.weaveClass byte[18369]
14:10:28.477 [main] DEBUG org.aspectj.weaver.Dump - 14:10:28.477 main > o.a.w.Dump.dumpOnExit o.a.w.t.WeavingAdaptor$WeavingAdaptorMessageHolder@6a6afff2
14:10:28.477 [main] DEBUG org.aspectj.weaver.Dump - 14:10:28.477 main > o.a.w.Dump.shouldDumpOnExit o.a.w.t.WeavingAdaptor$WeavingAdaptorMessageHolder@6a6afff2
14:10:28.477 [main] DEBUG org.aspectj.weaver.Dump - 14:10:28.477 main - o.a.w.Dump.shouldDumpOnExit abort
14:10:28.477 [main] DEBUG org.aspectj.weaver.Dump - 14:10:28.477 main < o.a.w.Dump.shouldDumpOnExit false
14:10:28.477 [main] DEBUG org.aspectj.weaver.Dump - 14:10:28.477 main < o.a.w.Dump.dumpOnExit Excluded
14:10:28.477 [main] DEBUG org.aspectj.weaver.loadtime.Aj - 14:10:28.477 main < o.a.w.l.Aj.preProcess byte[18369]
14:10:28.480 [main] DEBUG org.aspectj.weaver.loadtime.Aj - 14:10:28.480 main > o.a.w.l.Aj.preProcess o.a.w.l.Aj@b9afc07 io/qameta/allure/internal/shadowed/jackson/databind/DeserializationContext, byte[65614], j.i.l.ClassLoaders$AppClassLoader@3cd1a2f1
14:10:28.480 [main] DEBUG org.aspectj.weaver.loadtime.Aj - 14:10:28.480 main - o.a.w.l.Aj.preProcess o.a.w.l.Aj@b9afc07 j.i.l.ClassLoaders$PlatformClassLoader@1ad282e0, j.i.l.ClassLoaders$AppClassLoader@3cd1a2f1
14:10:28.480 [main] DEBUG o.a.weaver.tools.WeavingAdaptor - 14:10:28.480 main > o.a.w.t.WeavingAdaptor.weaveClass o.a.w.l.ClassLoaderWeavingAdaptor@140e5a13 io/qameta/allure/internal/shadowed/jackson/databind/DeserializationContext, byte[65614]
14:10:28.482 [main] DEBUG org.aspectj.weaver.bcel.BcelWeaver - 14:10:28.481 main > o.a.w.b.BcelWeaver.weave o.a.w.b.BcelWeaver@48524010 o.a.w.t.WeavingAdaptor$WeavingClassFileProvider@1623134f
14:10:28.482 [main] DEBUG org.aspectj.weaver.bcel.BcelWeaver - 14:10:28.482 main > o.a.w.b.BcelWeaver.weaveAndNotify o.a.w.b.BcelWeaver@48524010 o.a.w.b.UnwovenClassFile@7a527389, o.a.w.b.BcelObjectType@485a3466, o.a.w.t.WeavingAdaptor$WeavingClassFileProvider$1@25748410
14:10:28.486 [main] DEBUG org.aspectj.weaver.bcel.BcelWorld - 14:10:28.486 main - o.a.w.b.BcelWorld.lookupJavaClass o.a.w.l.LTWWorld@2b4a2ec7 io.qameta.allure.internal.shadowed.jackson.core.StreamReadCapability, o.a.a.b.c.JavaClass@76f7d241
14:10:28.488 [main] DEBUG org.aspectj.weaver.bcel.BcelWorld - 14:10:28.488 main - o.a.w.b.BcelWorld.lookupJavaClass o.a.w.l.LTWWorld@2b4a2ec7 io.qameta.allure.internal.shadowed.jackson.databind.cfg.CoercionInputShape, o.a.a.b.c.JavaClass@3829ac1
14:10:28.491 [main] DEBUG org.aspectj.weaver.bcel.BcelWorld - 14:10:28.490 main - o.a.w.b.BcelWorld.lookupJavaClass o.a.w.l.LTWWorld@2b4a2ec7 io.qameta.allure.internal.shadowed.jackson.databind.cfg.CoercionAction, o.a.a.b.c.JavaClass@15eebbff
14:10:28.493 [main] DEBUG org.aspectj.weaver.bcel.BcelWorld - 14:10:28.493 main - o.a.w.b.BcelWorld.lookupJavaClass o.a.w.l.LTWWorld@2b4a2ec7 io.qameta.allure.internal.shadowed.jackson.databind.util.ObjectBuffer, o.a.a.b.c.JavaClass@2453f95d
14:10:28.495 [main] DEBUG org.aspectj.weaver.bcel.BcelWorld - 14:10:28.495 main - o.a.w.b.BcelWorld.lookupJavaClass o.a.w.l.LTWWorld@2b4a2ec7 io.qameta.allure.internal.shadowed.jackson.databind.util.ArrayBuilders, o.a.a.b.c.JavaClass@553f1d75
14:10:28.497 [main] DEBUG org.aspectj.weaver.bcel.BcelWorld - 14:10:28.497 main - o.a.w.b.BcelWorld.lookupJavaClass o.a.w.l.LTWWorld@2b4a2ec7 java.util.Calendar, o.a.a.b.c.JavaClass@6e1d8f9e
14:10:28.500 [main] DEBUG org.aspectj.weaver.bcel.BcelWorld - 14:10:28.500 main - o.a.w.b.BcelWorld.lookupJavaClass o.a.w.l.LTWWorld@2b4a2ec7 io.qameta.allure.internal.shadowed.jackson.databind.node.TreeTraversingParser, o.a.a.b.c.JavaClass@4f071df8
14:10:28.500 [main] DEBUG org.aspectj.weaver.bcel.BcelWorld - 14:10:28.500 main - o.a.w.b.BcelWorld.lookupJavaClass o.a.w.l.LTWWorld@2b4a2ec7 java.lang.Number, o.a.a.b.c.JavaClass@266374ef
14:10:28.502 [main] DEBUG org.aspectj.weaver.bcel.BcelWorld - 14:10:28.502 main - o.a.w.b.BcelWorld.lookupJavaClass o.a.w.l.LTWWorld@2b4a2ec7 io.qameta.allure.internal.shadowed.jackson.databind.jsontype.TypeIdResolver, o.a.a.b.c.JavaClass@47404bea
14:10:28.504 [main] DEBUG org.aspectj.weaver.bcel.BcelWorld - 14:10:28.504 main - o.a.w.b.BcelWorld.lookupJavaClass o.a.w.l.LTWWorld@2b4a2ec7 io.qameta.allure.internal.shadowed.jackson.databind.deser.impl.ObjectIdReader, o.a.a.b.c.JavaClass@6cbcf243
14:10:28.506 [main] DEBUG org.aspectj.weaver.bcel.BcelWeaver - 14:10:28.505 main < o.a.w.b.BcelWeaver.weaveAndNotify
14:10:28.506 [main] DEBUG org.aspectj.weaver.bcel.BcelWeaver - 14:10:28.506 main < o.a.w.b.BcelWeaver.weave java.util.ArrayList(1)
14:10:28.506 [main] DEBUG o.a.weaver.tools.WeavingAdaptor - 14:10:28.506 main < o.a.w.t.WeavingAdaptor.weaveClass byte[65614]
14:10:28.506 [main] DEBUG org.aspectj.weaver.Dump - 14:10:28.506 main > o.a.w.Dump.dumpOnExit o.a.w.t.WeavingAdaptor$WeavingAdaptorMessageHolder@6a6afff2
14:10:28.506 [main] DEBUG org.aspectj.weaver.Dump - 14:10:28.506 main > o.a.w.Dump.shouldDumpOnExit o.a.w.t.WeavingAdaptor$WeavingAdaptorMessageHolder@6a6afff2
14:10:28.506 [main] DEBUG org.aspectj.weaver.Dump - 14:10:28.506 main - o.a.w.Dump.shouldDumpOnExit abort
14:10:28.506 [main] DEBUG org.aspectj.weaver.Dump - 14:10:28.506 main < o.a.w.Dump.shouldDumpOnExit false
14:10:28.506 [main] DEBUG org.aspectj.weaver.Dump - 14:10:28.506 main < o.a.w.Dump.dumpOnExit Excluded
14:10:28.506 [main] DEBUG org.aspectj.weaver.loadtime.Aj - 14:10:28.506 main < o.a.w.l.Aj.preProcess byte[65614]
14:10:28.509 [main] DEBUG org.aspectj.weaver.loadtime.Aj - 14:10:28.509 main > o.a.w.l.Aj.preProcess o.a.w.l.Aj@b9afc07 io/qameta/allure/internal/shadowed/jackson/databind/deser/DefaultDeserializationContext$Impl, byte[4421], j.i.l.ClassLoaders$AppClassLoader@3cd1a2f1
14:10:28.510 [main] DEBUG org.aspectj.weaver.loadtime.Aj - 14:10:28.510 main - o.a.w.l.Aj.preProcess o.a.w.l.Aj@b9afc07 j.i.l.ClassLoaders$PlatformClassLoader@1ad282e0, j.i.l.ClassLoaders$AppClassLoader@3cd1a2f1
14:10:28.510 [main] DEBUG o.a.weaver.tools.WeavingAdaptor - 14:10:28.510 main > o.a.w.t.WeavingAdaptor.weaveClass o.a.w.l.ClassLoaderWeavingAdaptor@140e5a13 io/qameta/allure/internal/shadowed/jackson/databind/deser/DefaultDeserializationContext$Impl, byte[4421]
14:10:28.510 [main] DEBUG org.aspectj.weaver.bcel.BcelWeaver - 14:10:28.510 main > o.a.w.b.BcelWeaver.weave o.a.w.b.BcelWeaver@48524010 o.a.w.t.WeavingAdaptor$WeavingClassFileProvider@38be305c
14:10:28.510 [main] DEBUG org.aspectj.weaver.bcel.BcelWeaver - 14:10:28.510 main > o.a.w.b.BcelWeaver.weaveAndNotify o.a.w.b.BcelWeaver@48524010 o.a.w.b.UnwovenClassFile@269f4bad, o.a.w.b.BcelObjectType@5ed731d0, o.a.w.t.WeavingAdaptor$WeavingClassFileProvider$1@3234f74e
14:10:28.512 [main] DEBUG org.aspectj.weaver.bcel.BcelWeaver - 14:10:28.512 main < o.a.w.b.BcelWeaver.weaveAndNotify
14:10:28.512 [main] DEBUG org.aspectj.weaver.bcel.BcelWeaver - 14:10:28.512 main < o.a.w.b.BcelWeaver.weave java.util.ArrayList(1)
14:10:28.512 [main] DEBUG o.a.weaver.tools.WeavingAdaptor - 14:10:28.512 main < o.a.w.t.WeavingAdaptor.weaveClass byte[4421]
14:10:28.512 [main] DEBUG org.aspectj.weaver.Dump - 14:10:28.512 main > o.a.w.Dump.dumpOnExit o.a.w.t.WeavingAdaptor$WeavingAdaptorMessageHolder@6a6afff2
14:10:28.512 [main] DEBUG org.aspectj.weaver.Dump - 14:10:28.512 main > o.a.w.Dump.shouldDumpOnExit o.a.w.t.WeavingAdaptor$WeavingAdaptorMessageHolder@6a6afff2
14:10:28.512 [main] DEBUG org.aspectj.weaver.Dump - 14:10:28.512 main - o.a.w.Dump.shouldDumpOnExit abort
14:10:28.512 [main] DEBUG org.aspectj.weaver.Dump - 14:10:28.512 main < o.a.w.Dump.shouldDumpOnExit false
14:10:28.512 [main] DEBUG org.aspectj.weaver.Dump - 14:10:28.512 main < o.a.w.Dump.dumpOnExit Excluded
14:10:28.512 [main] DEBUG org.aspectj.weaver.loadtime.Aj - 14:10:28.512 main < o.a.w.l.Aj.preProcess byte[4421]
14:10:28.514 [main] DEBUG org.aspectj.weaver.loadtime.Aj - 14:10:28.514 main > o.a.w.l.Aj.preProcess o.a.w.l.Aj@b9afc07 io/qameta/allure/internal/shadowed/jackson/databind/ser/SerializerFactory, byte[3633], j.i.l.ClassLoaders$AppClassLoader@3cd1a2f1
14:10:28.514 [main] DEBUG org.aspectj.weaver.loadtime.Aj - 14:10:28.514 main - o.a.w.l.Aj.preProcess o.a.w.l.Aj@b9afc07 j.i.l.ClassLoaders$PlatformClassLoader@1ad282e0, j.i.l.ClassLoaders$AppClassLoader@3cd1a2f1
14:10:28.514 [main] DEBUG o.a.weaver.tools.WeavingAdaptor - 14:10:28.514 main > o.a.w.t.WeavingAdaptor.weaveClass o.a.w.l.ClassLoaderWeavingAdaptor@140e5a13 io/qameta/allure/internal/shadowed/jackson/databind/ser/SerializerFactory, byte[3633]
14:10:28.514 [main] DEBUG org.aspectj.weaver.bcel.BcelWeaver - 14:10:28.514 main > o.a.w.b.BcelWeaver.weave o.a.w.b.BcelWeaver@48524010 o.a.w.t.WeavingAdaptor$WeavingClassFileProvider@31e75d13
14:10:28.514 [main] DEBUG org.aspectj.weaver.bcel.BcelWeaver - 14:10:28.514 main > o.a.w.b.BcelWeaver.weaveAndNotify o.a.w.b.BcelWeaver@48524010 o.a.w.b.UnwovenClassFile@a5b0b86, o.a.w.b.BcelObjectType@4b3c354a, o.a.w.t.WeavingAdaptor$WeavingClassFileProvider$1@78fb9a67
14:10:28.515 [main] DEBUG org.aspectj.weaver.bcel.BcelWeaver - 14:10:28.515 main < o.a.w.b.BcelWeaver.weaveAndNotify
14:10:28.515 [main] DEBUG org.aspectj.weaver.bcel.BcelWeaver - 14:10:28.515 main < o.a.w.b.BcelWeaver.weave java.util.ArrayList(1)
14:10:28.515 [main] DEBUG o.a.weaver.tools.WeavingAdaptor - 14:10:28.515 main < o.a.w.t.WeavingAdaptor.weaveClass byte[3633]
14:10:28.515 [main] DEBUG org.aspectj.weaver.Dump - 14:10:28.515 main > o.a.w.Dump.dumpOnExit o.a.w.t.WeavingAdaptor$WeavingAdaptorMessageHolder@6a6afff2
14:10:28.515 [main] DEBUG org.aspectj.weaver.Dump - 14:10:28.515 main > o.a.w.Dump.shouldDumpOnExit o.a.w.t.WeavingAdaptor$WeavingAdaptorMessageHolder@6a6afff2
14:10:28.515 [main] DEBUG org.aspectj.weaver.Dump - 14:10:28.515 main - o.a.w.Dump.shouldDumpOnExit abort
14:10:28.515 [main] DEBUG org.aspectj.weaver.Dump - 14:10:28.515 main < o.a.w.Dump.shouldDumpOnExit false
14:10:28.515 [main] DEBUG org.aspectj.weaver.Dump - 14:10:28.515 main < o.a.w.Dump.dumpOnExit Excluded
14:10:28.515 [main] DEBUG org.aspectj.weaver.loadtime.Aj - 14:10:28.515 main < o.a.w.l.Aj.preProcess byte[3633]
14:10:28.519 [main] DEBUG org.aspectj.weaver.loadtime.Aj - 14:10:28.518 main > o.a.w.l.Aj.preProcess o.a.w.l.Aj@b9afc07 io/qameta/allure/internal/shadowed/jackson/databind/ser/BeanSerializerFactory, byte[42567], j.i.l.ClassLoaders$AppClassLoader@3cd1a2f1
14:10:28.519 [main] DEBUG org.aspectj.weaver.loadtime.Aj - 14:10:28.519 main - o.a.w.l.Aj.preProcess o.a.w.l.Aj@b9afc07 j.i.l.ClassLoaders$PlatformClassLoader@1ad282e0, j.i.l.ClassLoaders$AppClassLoader@3cd1a2f1
14:10:28.519 [main] DEBUG o.a.weaver.tools.WeavingAdaptor - 14:10:28.519 main > o.a.w.t.WeavingAdaptor.weaveClass o.a.w.l.ClassLoaderWeavingAdaptor@140e5a13 io/qameta/allure/internal/shadowed/jackson/databind/ser/BeanSerializerFactory, byte[42567]
14:10:28.520 [main] DEBUG org.aspectj.weaver.bcel.BcelWeaver - 14:10:28.520 main > o.a.w.b.BcelWeaver.weave o.a.w.b.BcelWeaver@48524010 o.a.w.t.WeavingAdaptor$WeavingClassFileProvider@2611b9a3
14:10:28.523 [main] DEBUG org.aspectj.weaver.bcel.BcelWorld - 14:10:28.523 main - o.a.w.b.BcelWorld.lookupJavaClass o.a.w.l.LTWWorld@2b4a2ec7 io.qameta.allure.internal.shadowed.jackson.databind.ser.BasicSerializerFactory, o.a.a.b.c.JavaClass@1433046b
14:10:28.523 [main] DEBUG org.aspectj.weaver.bcel.BcelWeaver - 14:10:28.523 main > o.a.w.b.BcelWeaver.weaveAndNotify o.a.w.b.BcelWeaver@48524010 o.a.w.b.UnwovenClassFile@3f446bef, o.a.w.b.BcelObjectType@7829b776, o.a.w.t.WeavingAdaptor$WeavingClassFileProvider$1@5778826f
14:10:28.527 [main] DEBUG org.aspectj.weaver.bcel.BcelWorld - 14:10:28.527 main - o.a.w.b.BcelWorld.lookupJavaClass o.a.w.l.LTWWorld@2b4a2ec7 io.qameta.allure.internal.shadowed.jackson.databind.cfg.SerializerFactoryConfig, o.a.a.b.c.JavaClass@61bcd567
14:10:28.534 [main] DEBUG org.aspectj.weaver.bcel.BcelWorld - 14:10:28.533 main - o.a.w.b.BcelWorld.lookupJavaClass o.a.w.l.LTWWorld@2b4a2ec7 io.qameta.allure.internal.shadowed.jackson.databind.ser.impl.ObjectIdWriter, o.a.a.b.c.JavaClass@15c25153
14:10:28.537 [main] DEBUG org.aspectj.weaver.bcel.BcelWorld - 14:10:28.537 main - o.a.w.b.BcelWorld.lookupJavaClass o.a.w.l.LTWWorld@2b4a2ec7 io.qameta.allure.internal.shadowed.jackson.databind.ser.BeanPropertyWriter, o.a.a.b.c.JavaClass@56276db8
14:10:28.540 [main] DEBUG org.aspectj.weaver.bcel.BcelWorld - 14:10:28.540 main - o.a.w.b.BcelWorld.lookupJavaClass o.a.w.l.LTWWorld@2b4a2ec7 io.qameta.allure.internal.shadowed.jackson.databind.ser.PropertyBuilder, o.a.a.b.c.JavaClass@36676c1a
14:10:28.542 [main] DEBUG org.aspectj.weaver.bcel.BcelWorld - 14:10:28.542 main - o.a.w.b.BcelWorld.lookupJavaClass o.a.w.l.LTWWorld@2b4a2ec7 io.qameta.allure.internal.shadowed.jackson.databind.ser.BeanSerializerBuilder, o.a.a.b.c.JavaClass@2dbf4cbd
14:10:28.543 [main] DEBUG org.aspectj.weaver.bcel.BcelWeaver - 14:10:28.543 main < o.a.w.b.BcelWeaver.weaveAndNotify
14:10:28.543 [main] DEBUG org.aspectj.weaver.bcel.BcelWeaver - 14:10:28.543 main < o.a.w.b.BcelWeaver.weave java.util.ArrayList(1)
14:10:28.543 [main] DEBUG o.a.weaver.tools.WeavingAdaptor - 14:10:28.543 main < o.a.w.t.WeavingAdaptor.weaveClass byte[42567]
14:10:28.543 [main] DEBUG org.aspectj.weaver.Dump - 14:10:28.543 main > o.a.w.Dump.dumpOnExit o.a.w.t.WeavingAdaptor$WeavingAdaptorMessageHolder@6a6afff2
14:10:28.543 [main] DEBUG org.aspectj.weaver.Dump - 14:10:28.543 main > o.a.w.Dump.shouldDumpOnExit o.a.w.t.WeavingAdaptor$WeavingAdaptorMessageHolder@6a6afff2
14:10:28.543 [main] DEBUG org.aspectj.weaver.Dump - 14:10:28.543 main - o.a.w.Dump.shouldDumpOnExit abort
14:10:28.543 [main] DEBUG org.aspectj.weaver.Dump - 14:10:28.543 main < o.a.w.Dump.shouldDumpOnExit false
14:10:28.543 [main] DEBUG org.aspectj.weaver.Dump - 14:10:28.543 main < o.a.w.Dump.dumpOnExit Excluded
14:10:28.543 [main] DEBUG org.aspectj.weaver.loadtime.Aj - 14:10:28.543 main < o.a.w.l.Aj.preProcess byte[42567]
14:10:28.554 [main] DEBUG org.aspectj.weaver.loadtime.Aj - 14:10:28.554 main > o.a.w.l.Aj.preProcess o.a.w.l.Aj@b9afc07 io/qameta/allure/internal/shadowed/jackson/databind/ser/BasicSerializerFactory, byte[59322], j.i.l.ClassLoaders$AppClassLoader@3cd1a2f1
14:10:28.555 [main] DEBUG org.aspectj.weaver.loadtime.Aj - 14:10:28.555 main - o.a.w.l.Aj.preProcess o.a.w.l.Aj@b9afc07 j.i.l.ClassLoaders$PlatformClassLoader@1ad282e0, j.i.l.ClassLoaders$AppClassLoader@3cd1a2f1
14:10:28.555 [main] DEBUG o.a.weaver.tools.WeavingAdaptor - 14:10:28.555 main > o.a.w.t.WeavingAdaptor.weaveClass o.a.w.l.ClassLoaderWeavingAdaptor@140e5a13 io/qameta/allure/internal/shadowed/jackson/databind/ser/BasicSerializerFactory, byte[59322]
14:10:28.556 [main] DEBUG org.aspectj.weaver.bcel.BcelWeaver - 14:10:28.556 main > o.a.w.b.BcelWeaver.weave o.a.w.b.BcelWeaver@48524010 o.a.w.t.WeavingAdaptor$WeavingClassFileProvider@293d0107
14:10:28.556 [main] DEBUG org.aspectj.weaver.bcel.BcelWeaver - 14:10:28.556 main > o.a.w.b.BcelWeaver.weaveAndNotify o.a.w.b.BcelWeaver@48524010 o.a.w.b.UnwovenClassFile@2692b61e, o.a.w.b.BcelObjectType@7b64240d, o.a.w.t.WeavingAdaptor$WeavingClassFileProvider$1@62fad19
14:10:28.560 [main] DEBUG org.aspectj.weaver.bcel.BcelWorld - 14:10:28.560 main - o.a.w.b.BcelWorld.lookupJavaClass o.a.w.l.LTWWorld@2b4a2ec7 io.qameta.allure.internal.shadowed.jackson.databind.ser.Serializers, o.a.a.b.c.JavaClass@55e8ec2f
14:10:28.562 [main] DEBUG org.aspectj.weaver.bcel.BcelWorld - 14:10:28.562 main - o.a.w.b.BcelWorld.lookupJavaClass o.a.w.l.LTWWorld@2b4a2ec7 io.qameta.allure.internal.shadowed.jackson.databind.ser.BeanSerializerModifier, o.a.a.b.c.JavaClass@65a4798f
14:10:28.564 [main] DEBUG org.aspectj.weaver.bcel.BcelWorld - 14:10:28.563 main - o.a.w.b.BcelWorld.lookupJavaClass o.a.w.l.LTWWorld@2b4a2ec7 io.qameta.allure.internal.shadowed.jackson.databind.ser.ContainerSerializer, o.a.a.b.c.JavaClass@426b6a74
14:10:28.569 [main] DEBUG org.aspectj.weaver.bcel.BcelWorld - 14:10:28.569 main - o.a.w.b.BcelWorld.lookupJavaClass o.a.w.l.LTWWorld@2b4a2ec7 io.qameta.allure.internal.shadowed.jackson.databind.ser.std.MapSerializer, o.a.a.b.c.JavaClass@42a9e5d1
14:10:28.570 [main] DEBUG org.aspectj.weaver.bcel.BcelWeaver - 14:10:28.570 main < o.a.w.b.BcelWeaver.weaveAndNotify
14:10:28.570 [main] DEBUG org.aspectj.weaver.bcel.BcelWeaver - 14:10:28.570 main < o.a.w.b.BcelWeaver.weave java.util.ArrayList(1)
14:10:28.570 [main] DEBUG o.a.weaver.tools.WeavingAdaptor - 14:10:28.570 main < o.a.w.t.WeavingAdaptor.weaveClass byte[59322]
14:10:28.571 [main] DEBUG org.aspectj.weaver.Dump - 14:10:28.571 main > o.a.w.Dump.dumpOnExit o.a.w.t.WeavingAdaptor$WeavingAdaptorMessageHolder@6a6afff2
14:10:28.571 [main] DEBUG org.aspectj.weaver.Dump - 14:10:28.571 main > o.a.w.Dump.shouldDumpOnExit o.a.w.t.WeavingAdaptor$WeavingAdaptorMessageHolder@6a6afff2
14:10:28.571 [main] DEBUG org.aspectj.weaver.Dump - 14:10:28.571 main - o.a.w.Dump.shouldDumpOnExit abort
14:10:28.571 [main] DEBUG org.aspectj.weaver.Dump - 14:10:28.571 main < o.a.w.Dump.shouldDumpOnExit false
14:10:28.571 [main] DEBUG org.aspectj.weaver.Dump - 14:10:28.571 main < o.a.w.Dump.dumpOnExit Excluded
14:10:28.571 [main] DEBUG org.aspectj.weaver.loadtime.Aj - 14:10:28.571 main < o.a.w.l.Aj.preProcess byte[59322]
14:10:28.574 [main] DEBUG org.aspectj.weaver.loadtime.Aj - 14:10:28.574 main > o.a.w.l.Aj.preProcess o.a.w.l.Aj@b9afc07 io/qameta/allure/internal/shadowed/jackson/databind/AnnotationIntrospector, byte[29542], j.i.l.ClassLoaders$AppClassLoader@3cd1a2f1
14:10:28.575 [main] DEBUG org.aspectj.weaver.loadtime.Aj - 14:10:28.575 main - o.a.w.l.Aj.preProcess o.a.w.l.Aj@b9afc07 j.i.l.ClassLoaders$PlatformClassLoader@1ad282e0, j.i.l.ClassLoaders$AppClassLoader@3cd1a2f1
14:10:28.575 [main] DEBUG o.a.weaver.tools.WeavingAdaptor - 14:10:28.575 main > o.a.w.t.WeavingAdaptor.weaveClass o.a.w.l.ClassLoaderWeavingAdaptor@140e5a13 io/qameta/allure/internal/shadowed/jackson/databind/AnnotationIntrospector, byte[29542]
14:10:28.575 [main] DEBUG org.aspectj.weaver.bcel.BcelWeaver - 14:10:28.575 main > o.a.w.b.BcelWeaver.weave o.a.w.b.BcelWeaver@48524010 o.a.w.t.WeavingAdaptor$WeavingClassFileProvider@665e9289
14:10:28.576 [main] DEBUG org.aspectj.weaver.bcel.BcelWeaver - 14:10:28.576 main > o.a.w.b.BcelWeaver.weaveAndNotify o.a.w.b.BcelWeaver@48524010 o.a.w.b.UnwovenClassFile@7d3430a7, o.a.w.b.BcelObjectType@6f603e89, o.a.w.t.WeavingAdaptor$WeavingClassFileProvider$1@2756c0a7
14:10:28.602 [main] DEBUG org.aspectj.weaver.bcel.BcelWorld - 14:10:28.601 main - o.a.w.b.BcelWorld.lookupJavaClass o.a.w.l.LTWWorld@2b4a2ec7 java.lang.annotation.Annotation, o.a.a.b.c.JavaClass@69637b10
14:10:28.605 [main] DEBUG org.aspectj.weaver.bcel.BcelWorld - 14:10:28.605 main - o.a.w.b.BcelWorld.lookupJavaClass o.a.w.l.LTWWorld@2b4a2ec7 io.qameta.allure.internal.shadowed.jackson.annotation.JsonIgnoreProperties$Value, o.a.a.b.c.JavaClass@5536379e
14:10:28.607 [main] DEBUG org.aspectj.weaver.bcel.BcelWorld - 14:10:28.607 main - o.a.w.b.BcelWorld.lookupJavaClass o.a.w.l.LTWWorld@2b4a2ec7 io.qameta.allure.internal.shadowed.jackson.annotation.JsonIncludeProperties$Value, o.a.a.b.c.JavaClass@2364305a
14:10:28.609 [main] DEBUG org.aspectj.weaver.bcel.BcelWorld - 14:10:28.609 main - o.a.w.b.BcelWorld.lookupJavaClass o.a.w.l.LTWWorld@2b4a2ec7 io.qameta.allure.internal.shadowed.jackson.databind.AnnotationIntrospector$ReferenceProperty, o.a.a.b.c.JavaClass@292d1c71
14:10:28.611 [main] DEBUG org.aspectj.weaver.bcel.BcelWorld - 14:10:28.611 main - o.a.w.b.BcelWorld.lookupJavaClass o.a.w.l.LTWWorld@2b4a2ec7 io.qameta.allure.internal.shadowed.jackson.databind.util.NameTransformer, o.a.a.b.c.JavaClass@1c55f277
14:10:28.611 [main] DEBUG org.aspectj.weaver.bcel.BcelWorld - 14:10:28.611 main - o.a.w.b.BcelWorld.lookupJavaClass o.a.w.l.LTWWorld@2b4a2ec7 java.lang.Integer, o.a.a.b.c.JavaClass@54e1c68b
14:10:28.613 [main] DEBUG org.aspectj.weaver.bcel.BcelWorld - 14:10:28.613 main - o.a.w.b.BcelWorld.lookupJavaClass o.a.w.l.LTWWorld@2b4a2ec7 io.qameta.allure.internal.shadowed.jackson.annotation.JsonProperty$Access, o.a.a.b.c.JavaClass@63192798
14:10:28.616 [main] DEBUG org.aspectj.weaver.bcel.BcelWorld - 14:10:28.616 main - o.a.w.b.BcelWorld.lookupJavaClass o.a.w.l.LTWWorld@2b4a2ec7 io.qameta.allure.internal.shadowed.jackson.databind.introspect.AnnotatedField, o.a.a.b.c.JavaClass@1de5f0ef
14:10:28.618 [main] DEBUG org.aspectj.weaver.bcel.BcelWorld - 14:10:28.618 main - o.a.w.b.BcelWorld.lookupJavaClass o.a.w.l.LTWWorld@2b4a2ec7 io.qameta.allure.internal.shadowed.jackson.databind.annotation.JsonSerialize$Typing, o.a.a.b.c.JavaClass@6ca0256d
14:10:28.618 [main] DEBUG org.aspectj.weaver.bcel.BcelWorld - 14:10:28.618 main - o.a.w.b.BcelWorld.lookupJavaClass o.a.w.l.LTWWorld@2b4a2ec7 java.lang.Enum, o.a.a.b.c.JavaClass@f0da945
14:10:28.622 [main] DEBUG org.aspectj.weaver.bcel.BcelWorld - 14:10:28.622 main - o.a.w.b.BcelWorld.lookupJavaClass o.a.w.l.LTWWorld@2b4a2ec7 io.qameta.allure.internal.shadowed.jackson.databind.annotation.JsonPOJOBuilder$Value, o.a.a.b.c.JavaClass@51850751
14:10:28.625 [main] DEBUG org.aspectj.weaver.bcel.BcelWorld - 14:10:28.625 main - o.a.w.b.BcelWorld.lookupJavaClass o.a.w.l.LTWWorld@2b4a2ec7 io.qameta.allure.internal.shadowed.jackson.annotation.JsonCreator$Mode, o.a.a.b.c.JavaClass@77602954
14:10:28.626 [main] DEBUG org.aspectj.weaver.bcel.BcelWeaver - 14:10:28.626 main < o.a.w.b.BcelWeaver.weaveAndNotify
14:10:28.626 [main] DEBUG org.aspectj.weaver.bcel.BcelWeaver - 14:10:28.626 main < o.a.w.b.BcelWeaver.weave java.util.ArrayList(1)
14:10:28.626 [main] DEBUG o.a.weaver.tools.WeavingAdaptor - 14:10:28.626 main < o.a.w.t.WeavingAdaptor.weaveClass byte[29542]
14:10:28.626 [main] DEBUG org.aspectj.weaver.Dump - 14:10:28.626 main > o.a.w.Dump.dumpOnExit o.a.w.t.WeavingAdaptor$WeavingAdaptorMessageHolder@6a6afff2
14:10:28.626 [main] DEBUG org.aspectj.weaver.Dump - 14:10:28.626 main > o.a.w.Dump.shouldDumpOnExit o.a.w.t.WeavingAdaptor$WeavingAdaptorMessageHolder@6a6afff2
14:10:28.626 [main] DEBUG org.aspectj.weaver.Dump - 14:10:28.626 main - o.a.w.Dump.shouldDumpOnExit abort
14:10:28.627 [main] DEBUG org.aspectj.weaver.Dump - 14:10:28.627 main < o.a.w.Dump.shouldDumpOnExit false
14:10:28.627 [main] DEBUG org.aspectj.weaver.Dump - 14:10:28.627 main < o.a.w.Dump.dumpOnExit Excluded
14:10:28.627 [main] DEBUG org.aspectj.weaver.loadtime.Aj - 14:10:28.627 main < o.a.w.l.Aj.preProcess byte[29542]
14:10:28.639 [main] DEBUG org.aspectj.weaver.loadtime.Aj - 14:10:28.639 main > o.a.w.l.Aj.preProcess o.a.w.l.Aj@b9afc07 io/qameta/allure/internal/shadowed/jackson/databind/introspect/JacksonAnnotationIntrospector, byte[67678], j.i.l.ClassLoaders$AppClassLoader@3cd1a2f1
14:10:28.640 [main] DEBUG org.aspectj.weaver.loadtime.Aj - 14:10:28.639 main - o.a.w.l.Aj.preProcess o.a.w.l.Aj@b9afc07 j.i.l.ClassLoaders$PlatformClassLoader@1ad282e0, j.i.l.ClassLoaders$AppClassLoader@3cd1a2f1
14:10:28.640 [main] DEBUG o.a.weaver.tools.WeavingAdaptor - 14:10:28.640 main > o.a.w.t.WeavingAdaptor.weaveClass o.a.w.l.ClassLoaderWeavingAdaptor@140e5a13 io/qameta/allure/internal/shadowed/jackson/databind/introspect/JacksonAnnotationIntrospector, byte[67678]
14:10:28.641 [main] DEBUG org.aspectj.weaver.bcel.BcelWeaver - 14:10:28.641 main > o.a.w.b.BcelWeaver.weave o.a.w.b.BcelWeaver@48524010 o.a.w.t.WeavingAdaptor$WeavingClassFileProvider@4275c20c
14:10:28.642 [main] DEBUG org.aspectj.weaver.bcel.BcelWeaver - 14:10:28.641 main > o.a.w.b.BcelWeaver.weaveAndNotify o.a.w.b.BcelWeaver@48524010 o.a.w.b.UnwovenClassFile@7c56e013, o.a.w.b.BcelObjectType@3fc9dfc5, o.a.w.t.WeavingAdaptor$WeavingClassFileProvider$1@40258c2f
14:10:28.677 [main] DEBUG org.aspectj.weaver.bcel.BcelWorld - 14:10:28.677 main - o.a.w.b.BcelWorld.lookupJavaClass o.a.w.l.LTWWorld@2b4a2ec7 io.qameta.allure.internal.shadowed.jackson.databind.annotation.JsonAppend$Attr, o.a.a.b.c.JavaClass@71ae31b0
14:10:28.678 [main] DEBUG org.aspectj.weaver.bcel.BcelWorld - 14:10:28.678 main - o.a.w.b.BcelWorld.lookupJavaClass o.a.w.l.LTWWorld@2b4a2ec7 io.qameta.allure.internal.shadowed.jackson.databind.ser.BeanPropertyWriter, o.a.a.b.c.JavaClass@56276db8
14:10:28.678 [main] DEBUG org.aspectj.weaver.bcel.BcelWorld - 14:10:28.678 main - o.a.w.b.BcelWorld.lookupJavaClass o.a.w.l.LTWWorld@2b4a2ec7 io.qameta.allure.internal.shadowed.jackson.databind.AnnotationIntrospector, o.a.a.b.c.JavaClass@395b56bb
14:10:28.679 [main] DEBUG org.aspectj.weaver.bcel.BcelWorld - 14:10:28.679 main - o.a.w.b.BcelWorld.lookupJavaClass o.a.w.l.LTWWorld@2b4a2ec7 io.qameta.allure.internal.shadowed.jackson.databind.annotation.JsonAppend$Prop, o.a.a.b.c.JavaClass@2c104774
14:10:28.680 [main] DEBUG org.aspectj.weaver.bcel.BcelWorld - 14:10:28.679 main - o.a.w.b.BcelWorld.lookupJavaClass o.a.w.l.LTWWorld@2b4a2ec7 io.qameta.allure.internal.shadowed.jackson.databind.annotation.JsonPOJOBuilder$Value, o.a.a.b.c.JavaClass@51850751
14:10:28.680 [main] DEBUG org.aspectj.weaver.bcel.BcelWorld - 14:10:28.680 main - o.a.w.b.BcelWorld.lookupJavaClass o.a.w.l.LTWWorld@2b4a2ec7 io.qameta.allure.internal.shadowed.jackson.annotation.JsonSetter$Value, o.a.a.b.c.JavaClass@485e36bc
14:10:28.680 [main] DEBUG org.aspectj.weaver.bcel.BcelWorld - 14:10:28.680 main - o.a.w.b.BcelWorld.lookupJavaClass o.a.w.l.LTWWorld@2b4a2ec7 io.qameta.allure.internal.shadowed.jackson.annotation.JsonCreator$Mode, o.a.a.b.c.JavaClass@77602954
14:10:28.682 [main] DEBUG org.aspectj.weaver.bcel.BcelWorld - 14:10:28.681 main - o.a.w.b.BcelWorld.lookupJavaClass o.a.w.l.LTWWorld@2b4a2ec7 io.qameta.allure.internal.shadowed.jackson.databind.jsontype.impl.StdTypeResolverBuilder, o.a.a.b.c.JavaClass@44e3760b
14:10:28.682 [main] DEBUG org.aspectj.weaver.bcel.BcelWorld - 14:10:28.682 main - o.a.w.b.BcelWorld.lookupJavaClass o.a.w.l.LTWWorld@2b4a2ec7 io.qameta.allure.internal.shadowed.jackson.databind.JsonMappingException, o.a.a.b.c.JavaClass@d8305c2
14:10:28.682 [main] DEBUG org.aspectj.weaver.bcel.BcelWorld - 14:10:28.682 main - o.a.w.b.BcelWorld.lookupJavaClass o.a.w.l.LTWWorld@2b4a2ec7 java.lang.Throwable, o.a.a.b.c.JavaClass@5e600dd5
14:10:28.682 [main] DEBUG org.aspectj.weaver.bcel.BcelWeaver - 14:10:28.682 main < o.a.w.b.BcelWeaver.weaveAndNotify
14:10:28.683 [main] DEBUG org.aspectj.weaver.bcel.BcelWeaver - 14:10:28.683 main < o.a.w.b.BcelWeaver.weave java.util.ArrayList(1)
14:10:28.683 [main] DEBUG o.a.weaver.tools.WeavingAdaptor - 14:10:28.683 main < o.a.w.t.WeavingAdaptor.weaveClass byte[67678]
14:10:28.683 [main] DEBUG org.aspectj.weaver.Dump - 14:10:28.683 main > o.a.w.Dump.dumpOnExit o.a.w.t.WeavingAdaptor$WeavingAdaptorMessageHolder@6a6afff2
14:10:28.683 [main] DEBUG org.aspectj.weaver.Dump - 14:10:28.683 main > o.a.w.Dump.shouldDumpOnExit o.a.w.t.WeavingAdaptor$WeavingAdaptorMessageHolder@6a6afff2
14:10:28.683 [main] DEBUG org.aspectj.weaver.Dump - 14:10:28.683 main - o.a.w.Dump.shouldDumpOnExit abort
14:10:28.683 [main] DEBUG org.aspectj.weaver.Dump - 14:10:28.683 main < o.a.w.Dump.shouldDumpOnExit false
14:10:28.683 [main] DEBUG org.aspectj.weaver.Dump - 14:10:28.683 main < o.a.w.Dump.dumpOnExit Excluded
14:10:28.683 [main] DEBUG org.aspectj.weaver.loadtime.Aj - 14:10:28.683 main < o.a.w.l.Aj.preProcess byte[67678]
14:10:28.686 [main] DEBUG org.aspectj.weaver.loadtime.Aj - 14:10:28.686 main > o.a.w.l.Aj.preProcess o.a.w.l.Aj@b9afc07 io/qameta/allure/internal/shadowed/jackson/databind/introspect/AccessorNamingStrategy$Provider, byte[1863], j.i.l.ClassLoaders$AppClassLoader@3cd1a2f1
14:10:28.687 [main] DEBUG org.aspectj.weaver.loadtime.Aj - 14:10:28.687 main - o.a.w.l.Aj.preProcess o.a.w.l.Aj@b9afc07 j.i.l.ClassLoaders$PlatformClassLoader@1ad282e0, j.i.l.ClassLoaders$AppClassLoader@3cd1a2f1
14:10:28.687 [main] DEBUG o.a.weaver.tools.WeavingAdaptor - 14:10:28.687 main > o.a.w.t.WeavingAdaptor.weaveClass o.a.w.l.ClassLoaderWeavingAdaptor@140e5a13 io/qameta/allure/internal/shadowed/jackson/databind/introspect/AccessorNamingStrategy$Provider, byte[1863]
14:10:28.688 [main] DEBUG org.aspectj.weaver.bcel.BcelWeaver - 14:10:28.687 main > o.a.w.b.BcelWeaver.weave o.a.w.b.BcelWeaver@48524010 o.a.w.t.WeavingAdaptor$WeavingClassFileProvider@42f3156d
14:10:28.688 [main] DEBUG org.aspectj.weaver.bcel.BcelWorld - 14:10:28.688 main - o.a.w.b.BcelWorld.lookupJavaClass o.a.w.l.LTWWorld@2b4a2ec7 java.io.Serializable, o.a.a.b.c.JavaClass@3e11f9e9
14:10:28.688 [main] DEBUG org.aspectj.weaver.bcel.BcelWeaver - 14:10:28.688 main > o.a.w.b.BcelWeaver.weaveAndNotify o.a.w.b.BcelWeaver@48524010 o.a.w.b.UnwovenClassFile@1ddae9b5, o.a.w.b.BcelObjectType@427b5f92, o.a.w.t.WeavingAdaptor$WeavingClassFileProvider$1@24bdb479
14:10:28.689 [main] DEBUG org.aspectj.weaver.bcel.BcelWeaver - 14:10:28.689 main < o.a.w.b.BcelWeaver.weaveAndNotify
14:10:28.689 [main] DEBUG org.aspectj.weaver.bcel.BcelWeaver - 14:10:28.689 main < o.a.w.b.BcelWeaver.weave java.util.ArrayList(1)
14:10:28.689 [main] DEBUG o.a.weaver.tools.WeavingAdaptor - 14:10:28.689 main < o.a.w.t.WeavingAdaptor.weaveClass byte[1863]
14:10:28.689 [main] DEBUG org.aspectj.weaver.Dump - 14:10:28.689 main > o.a.w.Dump.dumpOnExit o.a.w.t.WeavingAdaptor$WeavingAdaptorMessageHolder@6a6afff2
14:10:28.689 [main] DEBUG org.aspectj.weaver.Dump - 14:10:28.689 main > o.a.w.Dump.shouldDumpOnExit o.a.w.t.WeavingAdaptor$WeavingAdaptorMessageHolder@6a6afff2
14:10:28.689 [main] DEBUG org.aspectj.weaver.Dump - 14:10:28.689 main - o.a.w.Dump.shouldDumpOnExit abort
14:10:28.689 [main] DEBUG org.aspectj.weaver.Dump - 14:10:28.689 main < o.a.w.Dump.shouldDumpOnExit false
14:10:28.689 [main] DEBUG org.aspectj.weaver.Dump - 14:10:28.689 main < o.a.w.Dump.dumpOnExit Excluded
14:10:28.689 [main] DEBUG org.aspectj.weaver.loadtime.Aj - 14:10:28.689 main < o.a.w.l.Aj.preProcess byte[1863]
14:10:28.692 [main] DEBUG org.aspectj.weaver.loadtime.Aj - 14:10:28.692 main > o.a.w.l.Aj.preProcess o.a.w.l.Aj@b9afc07 io/qameta/allure/internal/shadowed/jackson/databind/introspect/DefaultAccessorNamingStrategy$Provider, byte[7589], j.i.l.ClassLoaders$AppClassLoader@3cd1a2f1
14:10:28.692 [main] DEBUG org.aspectj.weaver.loadtime.Aj - 14:10:28.692 main - o.a.w.l.Aj.preProcess o.a.w.l.Aj@b9afc07 j.i.l.ClassLoaders$PlatformClassLoader@1ad282e0, j.i.l.ClassLoaders$AppClassLoader@3cd1a2f1
14:10:28.692 [main] DEBUG o.a.weaver.tools.WeavingAdaptor - 14:10:28.692 main > o.a.w.t.WeavingAdaptor.weaveClass o.a.w.l.ClassLoaderWeavingAdaptor@140e5a13 io/qameta/allure/internal/shadowed/jackson/databind/introspect/DefaultAccessorNamingStrategy$Provider, byte[7589]
14:10:28.692 [main] DEBUG org.aspectj.weaver.bcel.BcelWeaver - 14:10:28.692 main > o.a.w.b.BcelWeaver.weave o.a.w.b.BcelWeaver@48524010 o.a.w.t.WeavingAdaptor$WeavingClassFileProvider@67389cb8
14:10:28.693 [main] DEBUG org.aspectj.weaver.bcel.BcelWeaver - 14:10:28.693 main > o.a.w.b.BcelWeaver.weaveAndNotify o.a.w.b.BcelWeaver@48524010 o.a.w.b.UnwovenClassFile@419a20a6, o.a.w.b.BcelObjectType@533377b, o.a.w.t.WeavingAdaptor$WeavingClassFileProvider$1@3383649e
14:10:28.695 [main] DEBUG org.aspectj.weaver.bcel.BcelWorld - 14:10:28.695 main - o.a.w.b.BcelWorld.lookupJavaClass o.a.w.l.LTWWorld@2b4a2ec7 io.qameta.allure.internal.shadowed.jackson.databind.introspect.DefaultAccessorNamingStrategy$BaseNameValidator, o.a.a.b.c.JavaClass@74e47444
14:10:28.696 [main] DEBUG org.aspectj.weaver.bcel.BcelWorld - 14:10:28.696 main - o.a.w.b.BcelWorld.lookupJavaClass o.a.w.l.LTWWorld@2b4a2ec7 io.qameta.allure.internal.shadowed.jackson.databind.introspect.AccessorNamingStrategy, o.a.a.b.c.JavaClass@39dcf4b0
14:10:28.697 [main] DEBUG org.aspectj.weaver.bcel.BcelWorld - 14:10:28.697 main - o.a.w.b.BcelWorld.lookupJavaClass o.a.w.l.LTWWorld@2b4a2ec7 io.qameta.allure.internal.shadowed.jackson.databind.BeanDescription, o.a.a.b.c.JavaClass@41e350f1
14:10:28.697 [main] DEBUG org.aspectj.weaver.bcel.BcelWeaver - 14:10:28.697 main < o.a.w.b.BcelWeaver.weaveAndNotify
14:10:28.697 [main] DEBUG org.aspectj.weaver.bcel.BcelWeaver - 14:10:28.697 main < o.a.w.b.BcelWeaver.weave java.util.ArrayList(1)
14:10:28.697 [main] DEBUG o.a.weaver.tools.WeavingAdaptor - 14:10:28.697 main < o.a.w.t.WeavingAdaptor.weaveClass byte[7589]
14:10:28.697 [main] DEBUG org.aspectj.weaver.Dump - 14:10:28.697 main > o.a.w.Dump.dumpOnExit o.a.w.t.WeavingAdaptor$WeavingAdaptorMessageHolder@6a6afff2
14:10:28.697 [main] DEBUG org.aspectj.weaver.Dump - 14:10:28.697 main > o.a.w.Dump.shouldDumpOnExit o.a.w.t.WeavingAdaptor$WeavingAdaptorMessageHolder@6a6afff2
14:10:28.697 [main] DEBUG org.aspectj.weaver.Dump - 14:10:28.697 main - o.a.w.Dump.shouldDumpOnExit abort
14:10:28.697 [main] DEBUG org.aspectj.weaver.Dump - 14:10:28.697 main < o.a.w.Dump.shouldDumpOnExit false
14:10:28.697 [main] DEBUG org.aspectj.weaver.Dump - 14:10:28.697 main < o.a.w.Dump.dumpOnExit Excluded
14:10:28.697 [main] DEBUG org.aspectj.weaver.loadtime.Aj - 14:10:28.697 main < o.a.w.l.Aj.preProcess byte[7589]
14:10:28.699 [main] DEBUG org.aspectj.weaver.loadtime.Aj - 14:10:28.699 main > o.a.w.l.Aj.preProcess o.a.w.l.Aj@b9afc07 io/qameta/allure/internal/shadowed/jackson/databind/jsontype/PolymorphicTypeValidator, byte[2562], j.i.l.ClassLoaders$AppClassLoader@3cd1a2f1
14:10:28.699 [main] DEBUG org.aspectj.weaver.loadtime.Aj - 14:10:28.699 main - o.a.w.l.Aj.preProcess o.a.w.l.Aj@b9afc07 j.i.l.ClassLoaders$PlatformClassLoader@1ad282e0, j.i.l.ClassLoaders$AppClassLoader@3cd1a2f1
14:10:28.699 [main] DEBUG o.a.weaver.tools.WeavingAdaptor - 14:10:28.699 main > o.a.w.t.WeavingAdaptor.weaveClass o.a.w.l.ClassLoaderWeavingAdaptor@140e5a13 io/qameta/allure/internal/shadowed/jackson/databind/jsontype/PolymorphicTypeValidator, byte[2562]
14:10:28.699 [main] DEBUG org.aspectj.weaver.bcel.BcelWeaver - 14:10:28.699 main > o.a.w.b.BcelWeaver.weave o.a.w.b.BcelWeaver@48524010 o.a.w.t.WeavingAdaptor$WeavingClassFileProvider@18518ccf
14:10:28.700 [main] DEBUG org.aspectj.weaver.bcel.BcelWeaver - 14:10:28.699 main > o.a.w.b.BcelWeaver.weaveAndNotify o.a.w.b.BcelWeaver@48524010 o.a.w.b.UnwovenClassFile@1991f767, o.a.w.b.BcelObjectType@768ccdc5, o.a.w.t.WeavingAdaptor$WeavingClassFileProvider$1@4c6daf0
14:10:28.700 [main] DEBUG org.aspectj.weaver.bcel.BcelWeaver - 14:10:28.700 main < o.a.w.b.BcelWeaver.weaveAndNotify
14:10:28.700 [main] DEBUG org.aspectj.weaver.bcel.BcelWeaver - 14:10:28.700 main < o.a.w.b.BcelWeaver.weave java.util.ArrayList(1)
14:10:28.700 [main] DEBUG o.a.weaver.tools.WeavingAdaptor - 14:10:28.700 main < o.a.w.t.WeavingAdaptor.weaveClass byte[2562]
14:10:28.700 [main] DEBUG org.aspectj.weaver.Dump - 14:10:28.700 main > o.a.w.Dump.dumpOnExit o.a.w.t.WeavingAdaptor$WeavingAdaptorMessageHolder@6a6afff2
14:10:28.700 [main] DEBUG org.aspectj.weaver.Dump - 14:10:28.700 main > o.a.w.Dump.shouldDumpOnExit o.a.w.t.WeavingAdaptor$WeavingAdaptorMessageHolder@6a6afff2
14:10:28.700 [main] DEBUG org.aspectj.weaver.Dump - 14:10:28.700 main - o.a.w.Dump.shouldDumpOnExit abort
14:10:28.700 [main] DEBUG org.aspectj.weaver.Dump - 14:10:28.700 main < o.a.w.Dump.shouldDumpOnExit false
14:10:28.700 [main] DEBUG org.aspectj.weaver.Dump - 14:10:28.700 main < o.a.w.Dump.dumpOnExit Excluded
14:10:28.700 [main] DEBUG org.aspectj.weaver.loadtime.Aj - 14:10:28.700 main < o.a.w.l.Aj.preProcess byte[2562]
14:10:28.702 [main] DEBUG org.aspectj.weaver.loadtime.Aj - 14:10:28.702 main > o.a.w.l.Aj.preProcess o.a.w.l.Aj@b9afc07 io/qameta/allure/internal/shadowed/jackson/databind/jsontype/impl/LaissezFaireSubTypeValidator, byte[3346], j.i.l.ClassLoaders$AppClassLoader@3cd1a2f1
14:10:28.702 [main] DEBUG org.aspectj.weaver.loadtime.Aj - 14:10:28.702 main - o.a.w.l.Aj.preProcess o.a.w.l.Aj@b9afc07 j.i.l.ClassLoaders$PlatformClassLoader@1ad282e0, j.i.l.ClassLoaders$AppClassLoader@3cd1a2f1
14:10:28.703 [main] DEBUG o.a.weaver.tools.WeavingAdaptor - 14:10:28.702 main > o.a.w.t.WeavingAdaptor.weaveClass o.a.w.l.ClassLoaderWeavingAdaptor@140e5a13 io/qameta/allure/internal/shadowed/jackson/databind/jsontype/impl/LaissezFaireSubTypeValidator, byte[3346]
14:10:28.703 [main] DEBUG org.aspectj.weaver.bcel.BcelWeaver - 14:10:28.703 main > o.a.w.b.BcelWeaver.weave o.a.w.b.BcelWeaver@48524010 o.a.w.t.WeavingAdaptor$WeavingClassFileProvider@1c9f0a20
14:10:28.705 [main] DEBUG org.aspectj.weaver.bcel.BcelWorld - 14:10:28.705 main - o.a.w.b.BcelWorld.lookupJavaClass o.a.w.l.LTWWorld@2b4a2ec7 io.qameta.allure.internal.shadowed.jackson.databind.jsontype.PolymorphicTypeValidator$Base, o.a.a.b.c.JavaClass@7db82169
14:10:28.705 [main] DEBUG org.aspectj.weaver.bcel.BcelWeaver - 14:10:28.705 main > o.a.w.b.BcelWeaver.weaveAndNotify o.a.w.b.BcelWeaver@48524010 o.a.w.b.UnwovenClassFile@1992eaf4, o.a.w.b.BcelObjectType@f74e835, o.a.w.t.WeavingAdaptor$WeavingClassFileProvider$1@3276732
14:10:28.707 [main] DEBUG org.aspectj.weaver.bcel.BcelWorld - 14:10:28.707 main - o.a.w.b.BcelWorld.lookupJavaClass o.a.w.l.LTWWorld@2b4a2ec7 io.qameta.allure.internal.shadowed.jackson.databind.jsontype.PolymorphicTypeValidator$Validity, o.a.a.b.c.JavaClass@21d8bcbe
14:10:28.708 [main] DEBUG org.aspectj.weaver.bcel.BcelWeaver - 14:10:28.708 main < o.a.w.b.BcelWeaver.weaveAndNotify
14:10:28.708 [main] DEBUG org.aspectj.weaver.bcel.BcelWeaver - 14:10:28.708 main < o.a.w.b.BcelWeaver.weave java.util.ArrayList(1)
14:10:28.708 [main] DEBUG o.a.weaver.tools.WeavingAdaptor - 14:10:28.708 main < o.a.w.t.WeavingAdaptor.weaveClass byte[3346]
14:10:28.708 [main] DEBUG org.aspectj.weaver.Dump - 14:10:28.708 main > o.a.w.Dump.dumpOnExit o.a.w.t.WeavingAdaptor$WeavingAdaptorMessageHolder@6a6afff2
14:10:28.708 [main] DEBUG org.aspectj.weaver.Dump - 14:10:28.708 main > o.a.w.Dump.shouldDumpOnExit o.a.w.t.WeavingAdaptor$WeavingAdaptorMessageHolder@6a6afff2
14:10:28.708 [main] DEBUG org.aspectj.weaver.Dump - 14:10:28.708 main - o.a.w.Dump.shouldDumpOnExit abort
14:10:28.708 [main] DEBUG org.aspectj.weaver.Dump - 14:10:28.708 main < o.a.w.Dump.shouldDumpOnExit false
14:10:28.708 [main] DEBUG org.aspectj.weaver.Dump - 14:10:28.708 main < o.a.w.Dump.dumpOnExit Excluded
14:10:28.708 [main] DEBUG org.aspectj.weaver.loadtime.Aj - 14:10:28.708 main < o.a.w.l.Aj.preProcess byte[3346]
14:10:28.710 [main] DEBUG org.aspectj.weaver.loadtime.Aj - 14:10:28.709 main > o.a.w.l.Aj.preProcess o.a.w.l.Aj@b9afc07 io/qameta/allure/internal/shadowed/jackson/databind/jsontype/PolymorphicTypeValidator$Base, byte[3265], j.i.l.ClassLoaders$AppClassLoader@3cd1a2f1
14:10:28.710 [main] DEBUG org.aspectj.weaver.loadtime.Aj - 14:10:28.710 main - o.a.w.l.Aj.preProcess o.a.w.l.Aj@b9afc07 j.i.l.ClassLoaders$PlatformClassLoader@1ad282e0, j.i.l.ClassLoaders$AppClassLoader@3cd1a2f1
14:10:28.710 [main] DEBUG o.a.weaver.tools.WeavingAdaptor - 14:10:28.710 main > o.a.w.t.WeavingAdaptor.weaveClass o.a.w.l.ClassLoaderWeavingAdaptor@140e5a13 io/qameta/allure/internal/shadowed/jackson/databind/jsontype/PolymorphicTypeValidator$Base, byte[3265]
14:10:28.710 [main] DEBUG org.aspectj.weaver.bcel.BcelWeaver - 14:10:28.710 main > o.a.w.b.BcelWeaver.weave o.a.w.b.BcelWeaver@48524010 o.a.w.t.WeavingAdaptor$WeavingClassFileProvider@7c7d3c46
14:10:28.710 [main] DEBUG org.aspectj.weaver.bcel.BcelWeaver - 14:10:28.710 main > o.a.w.b.BcelWeaver.weaveAndNotify o.a.w.b.BcelWeaver@48524010 o.a.w.b.UnwovenClassFile@24fb6a80, o.a.w.b.BcelObjectType@48c35007, o.a.w.t.WeavingAdaptor$WeavingClassFileProvider$1@72a85671
14:10:28.711 [main] DEBUG org.aspectj.weaver.bcel.BcelWeaver - 14:10:28.711 main < o.a.w.b.BcelWeaver.weaveAndNotify
14:10:28.711 [main] DEBUG org.aspectj.weaver.bcel.BcelWeaver - 14:10:28.711 main < o.a.w.b.BcelWeaver.weave java.util.ArrayList(1)
14:10:28.711 [main] DEBUG o.a.weaver.tools.WeavingAdaptor - 14:10:28.711 main < o.a.w.t.WeavingAdaptor.weaveClass byte[3265]
14:10:28.711 [main] DEBUG org.aspectj.weaver.Dump - 14:10:28.711 main > o.a.w.Dump.dumpOnExit o.a.w.t.WeavingAdaptor$WeavingAdaptorMessageHolder@6a6afff2
14:10:28.711 [main] DEBUG org.aspectj.weaver.Dump - 14:10:28.711 main > o.a.w.Dump.shouldDumpOnExit o.a.w.t.WeavingAdaptor$WeavingAdaptorMessageHolder@6a6afff2
14:10:28.711 [main] DEBUG org.aspectj.weaver.Dump - 14:10:28.711 main - o.a.w.Dump.shouldDumpOnExit abort
14:10:28.711 [main] DEBUG org.aspectj.weaver.Dump - 14:10:28.711 main < o.a.w.Dump.shouldDumpOnExit false
14:10:28.711 [main] DEBUG org.aspectj.weaver.Dump - 14:10:28.711 main < o.a.w.Dump.dumpOnExit Excluded
14:10:28.712 [main] DEBUG org.aspectj.weaver.loadtime.Aj - 14:10:28.712 main < o.a.w.l.Aj.preProcess byte[3265]
14:10:28.716 [main] DEBUG org.aspectj.weaver.loadtime.Aj - 14:10:28.716 main > o.a.w.l.Aj.preProcess o.a.w.l.Aj@b9afc07 io/qameta/allure/internal/shadowed/jackson/databind/util/StdDateFormat, byte[14841], j.i.l.ClassLoaders$AppClassLoader@3cd1a2f1
14:10:28.716 [main] DEBUG org.aspectj.weaver.loadtime.Aj - 14:10:28.716 main - o.a.w.l.Aj.preProcess o.a.w.l.Aj@b9afc07 j.i.l.ClassLoaders$PlatformClassLoader@1ad282e0, j.i.l.ClassLoaders$AppClassLoader@3cd1a2f1
14:10:28.716 [main] DEBUG o.a.weaver.tools.WeavingAdaptor - 14:10:28.716 main > o.a.w.t.WeavingAdaptor.weaveClass o.a.w.l.ClassLoaderWeavingAdaptor@140e5a13 io/qameta/allure/internal/shadowed/jackson/databind/util/StdDateFormat, byte[14841]
14:10:28.717 [main] DEBUG org.aspectj.weaver.bcel.BcelWeaver - 14:10:28.717 main > o.a.w.b.BcelWeaver.weave o.a.w.b.BcelWeaver@48524010 o.a.w.t.WeavingAdaptor$WeavingClassFileProvider@b40bb6e
14:10:28.717 [main] DEBUG org.aspectj.weaver.bcel.BcelWorld - 14:10:28.717 main - o.a.w.b.BcelWorld.lookupJavaClass o.a.w.l.LTWWorld@2b4a2ec7 java.text.DateFormat, o.a.a.b.c.JavaClass@73dce0e6
14:10:28.717 [main] DEBUG org.aspectj.weaver.bcel.BcelWeaver - 14:10:28.717 main > o.a.w.b.BcelWeaver.weaveAndNotify o.a.w.b.BcelWeaver@48524010 o.a.w.b.UnwovenClassFile@3a94964, o.a.w.b.BcelObjectType@5049d8b2, o.a.w.t.WeavingAdaptor$WeavingClassFileProvider$1@6d0b5baf
14:10:28.719 [main] DEBUG org.aspectj.weaver.bcel.BcelWorld - 14:10:28.719 main - o.a.w.b.BcelWorld.lookupJavaClass o.a.w.l.LTWWorld@2b4a2ec7 java.text.Format, o.a.a.b.c.JavaClass@631e06ab
14:10:28.719 [main] DEBUG org.aspectj.weaver.bcel.BcelWorld - 14:10:28.719 main - o.a.w.b.BcelWorld.lookupJavaClass o.a.w.l.LTWWorld@2b4a2ec7 java.lang.Cloneable, o.a.a.b.c.JavaClass@7ef82753
14:10:28.722 [main] DEBUG org.aspectj.weaver.bcel.BcelWorld - 14:10:28.722 main - o.a.w.b.BcelWorld.lookupJavaClass o.a.w.l.LTWWorld@2b4a2ec7 java.util.TimeZone, o.a.a.b.c.JavaClass@14d14731
14:10:28.722 [main] DEBUG org.aspectj.weaver.bcel.BcelWorld - 14:10:28.722 main - o.a.w.b.BcelWorld.lookupJavaClass o.a.w.l.LTWWorld@2b4a2ec7 java.util.Locale, o.a.a.b.c.JavaClass@53dacd14
14:10:28.722 [main] DEBUG org.aspectj.weaver.bcel.BcelWorld - 14:10:28.722 main - o.a.w.b.BcelWorld.lookupJavaClass o.a.w.l.LTWWorld@2b4a2ec7 java.util.Date, o.a.a.b.c.JavaClass@45c8d09f
14:10:28.723 [main] DEBUG org.aspectj.weaver.bcel.BcelWorld - 14:10:28.723 main - o.a.w.b.BcelWorld.lookupJavaClass o.a.w.l.LTWWorld@2b4a2ec7 java.text.ParsePosition, o.a.a.b.c.JavaClass@4052274f
14:10:28.725 [main] DEBUG org.aspectj.weaver.bcel.BcelWorld - 14:10:28.725 main - o.a.w.b.BcelWorld.lookupJavaClass o.a.w.l.LTWWorld@2b4a2ec7 java.lang.StringBuffer, o.a.a.b.c.JavaClass@132ddbab
14:10:28.726 [main] DEBUG org.aspectj.weaver.bcel.BcelWorld - 14:10:28.725 main - o.a.w.b.BcelWorld.lookupJavaClass o.a.w.l.LTWWorld@2b4a2ec7 java.text.FieldPosition, o.a.a.b.c.JavaClass@297ea53a
14:10:28.726 [main] DEBUG org.aspectj.weaver.bcel.BcelWorld - 14:10:28.726 main - o.a.w.b.BcelWorld.lookupJavaClass o.a.w.l.LTWWorld@2b4a2ec7 java.util.Calendar, o.a.a.b.c.JavaClass@6e1d8f9e
14:10:28.726 [main] DEBUG org.aspectj.weaver.bcel.BcelWeaver - 14:10:28.726 main < o.a.w.b.BcelWeaver.weaveAndNotify
14:10:28.726 [main] DEBUG org.aspectj.weaver.bcel.BcelWeaver - 14:10:28.726 main < o.a.w.b.BcelWeaver.weave java.util.ArrayList(1)
14:10:28.726 [main] DEBUG o.a.weaver.tools.WeavingAdaptor - 14:10:28.726 main < o.a.w.t.WeavingAdaptor.weaveClass byte[14841]
14:10:28.726 [main] DEBUG org.aspectj.weaver.Dump - 14:10:28.726 main > o.a.w.Dump.dumpOnExit o.a.w.t.WeavingAdaptor$WeavingAdaptorMessageHolder@6a6afff2
14:10:28.726 [main] DEBUG org.aspectj.weaver.Dump - 14:10:28.726 main > o.a.w.Dump.shouldDumpOnExit o.a.w.t.WeavingAdaptor$WeavingAdaptorMessageHolder@6a6afff2
14:10:28.726 [main] DEBUG org.aspectj.weaver.Dump - 14:10:28.726 main - o.a.w.Dump.shouldDumpOnExit abort
14:10:28.726 [main] DEBUG org.aspectj.weaver.Dump - 14:10:28.726 main < o.a.w.Dump.shouldDumpOnExit false
14:10:28.726 [main] DEBUG org.aspectj.weaver.Dump - 14:10:28.726 main < o.a.w.Dump.dumpOnExit Excluded
14:10:28.726 [main] DEBUG org.aspectj.weaver.loadtime.Aj - 14:10:28.726 main < o.a.w.l.Aj.preProcess byte[14841]
14:10:28.729 [main] DEBUG org.aspectj.weaver.loadtime.Aj - 14:10:28.729 main > o.a.w.l.Aj.preProcess o.a.w.l.Aj@b9afc07 io/qameta/allure/internal/shadowed/jackson/core/JsonProcessingException, byte[2740], j.i.l.ClassLoaders$AppClassLoader@3cd1a2f1
14:10:28.729 [main] DEBUG org.aspectj.weaver.loadtime.Aj - 14:10:28.729 main - o.a.w.l.Aj.preProcess o.a.w.l.Aj@b9afc07 j.i.l.ClassLoaders$PlatformClassLoader@1ad282e0, j.i.l.ClassLoaders$AppClassLoader@3cd1a2f1
14:10:28.729 [main] DEBUG o.a.weaver.tools.WeavingAdaptor - 14:10:28.729 main > o.a.w.t.WeavingAdaptor.weaveClass o.a.w.l.ClassLoaderWeavingAdaptor@140e5a13 io/qameta/allure/internal/shadowed/jackson/core/JsonProcessingException, byte[2740]
14:10:28.730 [main] DEBUG org.aspectj.weaver.bcel.BcelWeaver - 14:10:28.729 main > o.a.w.b.BcelWeaver.weave o.a.w.b.BcelWeaver@48524010 o.a.w.t.WeavingAdaptor$WeavingClassFileProvider@7a7471ce
14:10:28.731 [main] DEBUG org.aspectj.weaver.bcel.BcelWorld - 14:10:28.731 main - o.a.w.b.BcelWorld.lookupJavaClass o.a.w.l.LTWWorld@2b4a2ec7 io.qameta.allure.internal.shadowed.jackson.core.JacksonException, o.a.a.b.c.JavaClass@3efe7086
14:10:28.732 [main] DEBUG org.aspectj.weaver.bcel.BcelWeaver - 14:10:28.731 main > o.a.w.b.BcelWeaver.weaveAndNotify o.a.w.b.BcelWeaver@48524010 o.a.w.b.UnwovenClassFile@675d8c96, o.a.w.b.BcelObjectType@741b3bc3, o.a.w.t.WeavingAdaptor$WeavingClassFileProvider$1@2ed3b1f5
14:10:28.732 [main] DEBUG org.aspectj.weaver.bcel.BcelWorld - 14:10:28.732 main - o.a.w.b.BcelWorld.lookupJavaClass o.a.w.l.LTWWorld@2b4a2ec7 java.io.IOException, o.a.a.b.c.JavaClass@42f48531
14:10:28.735 [main] DEBUG org.aspectj.weaver.bcel.BcelWorld - 14:10:28.734 main - o.a.w.b.BcelWorld.lookupJavaClass o.a.w.l.LTWWorld@2b4a2ec7 java.lang.Exception, o.a.a.b.c.JavaClass@712625fd
14:10:28.739 [main] DEBUG org.aspectj.weaver.bcel.BcelWorld - 14:10:28.739 main - o.a.w.b.BcelWorld.lookupJavaClass o.a.w.l.LTWWorld@2b4a2ec7 io.qameta.allure.internal.shadowed.jackson.core.JsonLocation, o.a.a.b.c.JavaClass@24faea88
14:10:28.741 [main] DEBUG org.aspectj.weaver.bcel.BcelWeaver - 14:10:28.741 main < o.a.w.b.BcelWeaver.weaveAndNotify
14:10:28.741 [main] DEBUG org.aspectj.weaver.bcel.BcelWeaver - 14:10:28.741 main < o.a.w.b.BcelWeaver.weave java.util.ArrayList(1)
14:10:28.741 [main] DEBUG o.a.weaver.tools.WeavingAdaptor - 14:10:28.741 main < o.a.w.t.WeavingAdaptor.weaveClass byte[2740]
14:10:28.741 [main] DEBUG org.aspectj.weaver.Dump - 14:10:28.741 main > o.a.w.Dump.dumpOnExit o.a.w.t.WeavingAdaptor$WeavingAdaptorMessageHolder@6a6afff2
14:10:28.741 [main] DEBUG org.aspectj.weaver.Dump - 14:10:28.741 main > o.a.w.Dump.shouldDumpOnExit o.a.w.t.WeavingAdaptor$WeavingAdaptorMessageHolder@6a6afff2
14:10:28.742 [main] DEBUG org.aspectj.weaver.Dump - 14:10:28.741 main - o.a.w.Dump.shouldDumpOnExit abort
14:10:28.742 [main] DEBUG org.aspectj.weaver.Dump - 14:10:28.742 main < o.a.w.Dump.shouldDumpOnExit false
14:10:28.742 [main] DEBUG org.aspectj.weaver.Dump - 14:10:28.742 main < o.a.w.Dump.dumpOnExit Excluded
14:10:28.742 [main] DEBUG org.aspectj.weaver.loadtime.Aj - 14:10:28.742 main < o.a.w.l.Aj.preProcess byte[2740]
14:10:28.743 [main] DEBUG org.aspectj.weaver.loadtime.Aj - 14:10:28.743 main > o.a.w.l.Aj.preProcess o.a.w.l.Aj@b9afc07 io/qameta/allure/internal/shadowed/jackson/core/JacksonException, byte[978], j.i.l.ClassLoaders$AppClassLoader@3cd1a2f1
14:10:28.744 [main] DEBUG org.aspectj.weaver.loadtime.Aj - 14:10:28.744 main - o.a.w.l.Aj.preProcess o.a.w.l.Aj@b9afc07 j.i.l.ClassLoaders$PlatformClassLoader@1ad282e0, j.i.l.ClassLoaders$AppClassLoader@3cd1a2f1
14:10:28.744 [main] DEBUG o.a.weaver.tools.WeavingAdaptor - 14:10:28.744 main > o.a.w.t.WeavingAdaptor.weaveClass o.a.w.l.ClassLoaderWeavingAdaptor@140e5a13 io/qameta/allure/internal/shadowed/jackson/core/JacksonException, byte[978]
14:10:28.744 [main] DEBUG org.aspectj.weaver.bcel.BcelWeaver - 14:10:28.744 main > o.a.w.b.BcelWeaver.weave o.a.w.b.BcelWeaver@48524010 o.a.w.t.WeavingAdaptor$WeavingClassFileProvider@bcec031
14:10:28.744 [main] DEBUG org.aspectj.weaver.bcel.BcelWeaver - 14:10:28.744 main > o.a.w.b.BcelWeaver.weaveAndNotify o.a.w.b.BcelWeaver@48524010 o.a.w.b.UnwovenClassFile@21005f6c, o.a.w.b.BcelObjectType@32f0fba8, o.a.w.t.WeavingAdaptor$WeavingClassFileProvider$1@545de5a4
14:10:28.745 [main] DEBUG org.aspectj.weaver.bcel.BcelWeaver - 14:10:28.745 main < o.a.w.b.BcelWeaver.weaveAndNotify
14:10:28.745 [main] DEBUG org.aspectj.weaver.bcel.BcelWeaver - 14:10:28.745 main < o.a.w.b.BcelWeaver.weave java.util.ArrayList(1)
14:10:28.745 [main] DEBUG o.a.weaver.tools.WeavingAdaptor - 14:10:28.745 main < o.a.w.t.WeavingAdaptor.weaveClass byte[978]
14:10:28.745 [main] DEBUG org.aspectj.weaver.Dump - 14:10:28.745 main > o.a.w.Dump.dumpOnExit o.a.w.t.WeavingAdaptor$WeavingAdaptorMessageHolder@6a6afff2
14:10:28.745 [main] DEBUG org.aspectj.weaver.Dump - 14:10:28.745 main > o.a.w.Dump.shouldDumpOnExit o.a.w.t.WeavingAdaptor$WeavingAdaptorMessageHolder@6a6afff2
14:10:28.746 [main] DEBUG org.aspectj.weaver.Dump - 14:10:28.746 main - o.a.w.Dump.shouldDumpOnExit abort
14:10:28.746 [main] DEBUG org.aspectj.weaver.Dump - 14:10:28.746 main < o.a.w.Dump.shouldDumpOnExit false
14:10:28.746 [main] DEBUG org.aspectj.weaver.Dump - 14:10:28.746 main < o.a.w.Dump.dumpOnExit Excluded
14:10:28.746 [main] DEBUG org.aspectj.weaver.loadtime.Aj - 14:10:28.746 main < o.a.w.l.Aj.preProcess byte[978]
14:10:28.747 [main] DEBUG org.aspectj.weaver.loadtime.Aj - 14:10:28.747 main > o.a.w.l.Aj.preProcess o.a.w.l.Aj@b9afc07 io/qameta/allure/internal/shadowed/jackson/databind/JsonMappingException, byte[10301], j.i.l.ClassLoaders$AppClassLoader@3cd1a2f1
14:10:28.748 [main] DEBUG org.aspectj.weaver.loadtime.Aj - 14:10:28.748 main - o.a.w.l.Aj.preProcess o.a.w.l.Aj@b9afc07 j.i.l.ClassLoaders$PlatformClassLoader@1ad282e0, j.i.l.ClassLoaders$AppClassLoader@3cd1a2f1
14:10:28.748 [main] DEBUG o.a.weaver.tools.WeavingAdaptor - 14:10:28.748 main > o.a.w.t.WeavingAdaptor.weaveClass o.a.w.l.ClassLoaderWeavingAdaptor@140e5a13 io/qameta/allure/internal/shadowed/jackson/databind/JsonMappingException, byte[10301]
14:10:28.749 [main] DEBUG org.aspectj.weaver.bcel.BcelWeaver - 14:10:28.749 main > o.a.w.b.BcelWeaver.weave o.a.w.b.BcelWeaver@48524010 o.a.w.t.WeavingAdaptor$WeavingClassFileProvider@274872f8
14:10:28.750 [main] DEBUG org.aspectj.weaver.bcel.BcelWorld - 14:10:28.750 main - o.a.w.b.BcelWorld.lookupJavaClass o.a.w.l.LTWWorld@2b4a2ec7 io.qameta.allure.internal.shadowed.jackson.databind.DatabindException, o.a.a.b.c.JavaClass@7c351808
14:10:28.751 [main] DEBUG org.aspectj.weaver.bcel.BcelWeaver - 14:10:28.750 main > o.a.w.b.BcelWeaver.weaveAndNotify o.a.w.b.BcelWeaver@48524010 o.a.w.b.UnwovenClassFile@180e6ac4, o.a.w.b.BcelObjectType@42b64ab8, o.a.w.t.WeavingAdaptor$WeavingClassFileProvider$1@7e985ce9
14:10:28.762 [main] DEBUG org.aspectj.weaver.bcel.BcelWorld - 14:10:28.762 main - o.a.w.b.BcelWorld.lookupJavaClass o.a.w.l.LTWWorld@2b4a2ec7 io.qameta.allure.internal.shadowed.jackson.core.JsonParser, o.a.a.b.c.JavaClass@6b98a075
14:10:28.762 [main] DEBUG org.aspectj.weaver.bcel.BcelWorld - 14:10:28.762 main - o.a.w.b.BcelWorld.lookupJavaClass o.a.w.l.LTWWorld@2b4a2ec7 io.qameta.allure.internal.shadowed.jackson.core.JsonGenerator, o.a.a.b.c.JavaClass@1a9c38eb
14:10:28.763 [main] DEBUG org.aspectj.weaver.bcel.BcelWorld - 14:10:28.763 main - o.a.w.b.BcelWorld.lookupJavaClass o.a.w.l.LTWWorld@2b4a2ec7 io.qameta.allure.internal.shadowed.jackson.databind.DeserializationContext, o.a.a.b.c.JavaClass@2e554a3b
14:10:28.763 [main] DEBUG org.aspectj.weaver.bcel.BcelWorld - 14:10:28.763 main - o.a.w.b.BcelWorld.lookupJavaClass o.a.w.l.LTWWorld@2b4a2ec7 io.qameta.allure.internal.shadowed.jackson.databind.SerializerProvider, o.a.a.b.c.JavaClass@23d1e5d0
14:10:28.764 [main] DEBUG org.aspectj.weaver.bcel.BcelWorld - 14:10:28.764 main - o.a.w.b.BcelWorld.lookupJavaClass o.a.w.l.LTWWorld@2b4a2ec7 io.qameta.allure.internal.shadowed.jackson.databind.JsonMappingException$Reference, o.a.a.b.c.JavaClass@423e4cbb
14:10:28.767 [main] DEBUG org.aspectj.weaver.bcel.BcelWorld - 14:10:28.767 main - o.a.w.b.BcelWorld.lookupJavaClass o.a.w.l.LTWWorld@2b4a2ec7 java.lang.StringBuilder, o.a.a.b.c.JavaClass@6e16b8b5
14:10:28.772 [main] DEBUG org.aspectj.weaver.bcel.BcelWorld - 14:10:28.772 main - o.a.w.b.BcelWorld.lookupJavaClass o.a.w.l.LTWWorld@2b4a2ec7 io.qameta.allure.internal.shadowed.jackson.annotation.JsonIgnore, o.a.a.b.c.JavaClass@1536602f
14:10:28.772 [main] DEBUG org.aspectj.weaver.bcel.BcelWeaver - 14:10:28.772 main < o.a.w.b.BcelWeaver.weaveAndNotify
14:10:28.772 [main] DEBUG org.aspectj.weaver.bcel.BcelWeaver - 14:10:28.772 main < o.a.w.b.BcelWeaver.weave java.util.ArrayList(1)
14:10:28.773 [main] DEBUG o.a.weaver.tools.WeavingAdaptor - 14:10:28.773 main < o.a.w.t.WeavingAdaptor.weaveClass byte[10301]
14:10:28.773 [main] DEBUG org.aspectj.weaver.Dump - 14:10:28.773 main > o.a.w.Dump.dumpOnExit o.a.w.t.WeavingAdaptor$WeavingAdaptorMessageHolder@6a6afff2
14:10:28.773 [main] DEBUG org.aspectj.weaver.Dump - 14:10:28.773 main > o.a.w.Dump.shouldDumpOnExit o.a.w.t.WeavingAdaptor$WeavingAdaptorMessageHolder@6a6afff2
14:10:28.773 [main] DEBUG org.aspectj.weaver.Dump - 14:10:28.773 main - o.a.w.Dump.shouldDumpOnExit abort
14:10:28.773 [main] DEBUG org.aspectj.weaver.Dump - 14:10:28.773 main < o.a.w.Dump.shouldDumpOnExit false
14:10:28.773 [main] DEBUG org.aspectj.weaver.Dump - 14:10:28.773 main < o.a.w.Dump.dumpOnExit Excluded
14:10:28.773 [main] DEBUG org.aspectj.weaver.loadtime.Aj - 14:10:28.773 main < o.a.w.l.Aj.preProcess byte[10301]
14:10:28.776 [main] DEBUG org.aspectj.weaver.loadtime.Aj - 14:10:28.776 main > o.a.w.l.Aj.preProcess o.a.w.l.Aj@b9afc07 io/qameta/allure/internal/shadowed/jackson/databind/DatabindException, byte[1290], j.i.l.ClassLoaders$AppClassLoader@3cd1a2f1
14:10:28.777 [main] DEBUG org.aspectj.weaver.loadtime.Aj - 14:10:28.777 main - o.a.w.l.Aj.preProcess o.a.w.l.Aj@b9afc07 j.i.l.ClassLoaders$PlatformClassLoader@1ad282e0, j.i.l.ClassLoaders$AppClassLoader@3cd1a2f1
14:10:28.777 [main] DEBUG o.a.weaver.tools.WeavingAdaptor - 14:10:28.777 main > o.a.w.t.WeavingAdaptor.weaveClass o.a.w.l.ClassLoaderWeavingAdaptor@140e5a13 io/qameta/allure/internal/shadowed/jackson/databind/DatabindException, byte[1290]
14:10:28.777 [main] DEBUG org.aspectj.weaver.bcel.BcelWeaver - 14:10:28.777 main > o.a.w.b.BcelWeaver.weave o.a.w.b.BcelWeaver@48524010 o.a.w.t.WeavingAdaptor$WeavingClassFileProvider@44c79f32
14:10:28.777 [main] DEBUG org.aspectj.weaver.bcel.BcelWeaver - 14:10:28.777 main > o.a.w.b.BcelWeaver.weaveAndNotify o.a.w.b.BcelWeaver@48524010 o.a.w.b.UnwovenClassFile@7fcbe147, o.a.w.b.BcelObjectType@235f4c10, o.a.w.t.WeavingAdaptor$WeavingClassFileProvider$1@743cb8e0
14:10:28.781 [main] DEBUG org.aspectj.weaver.bcel.BcelWeaver - 14:10:28.781 main < o.a.w.b.BcelWeaver.weaveAndNotify
14:10:28.781 [main] DEBUG org.aspectj.weaver.bcel.BcelWeaver - 14:10:28.781 main < o.a.w.b.BcelWeaver.weave java.util.ArrayList(1)
14:10:28.781 [main] DEBUG o.a.weaver.tools.WeavingAdaptor - 14:10:28.781 main < o.a.w.t.WeavingAdaptor.weaveClass byte[1290]
14:10:28.781 [main] DEBUG org.aspectj.weaver.Dump - 14:10:28.781 main > o.a.w.Dump.dumpOnExit o.a.w.t.WeavingAdaptor$WeavingAdaptorMessageHolder@6a6afff2
14:10:28.781 [main] DEBUG org.aspectj.weaver.Dump - 14:10:28.781 main > o.a.w.Dump.shouldDumpOnExit o.a.w.t.WeavingAdaptor$WeavingAdaptorMessageHolder@6a6afff2
14:10:28.781 [main] DEBUG org.aspectj.weaver.Dump - 14:10:28.781 main - o.a.w.Dump.shouldDumpOnExit abort
14:10:28.781 [main] DEBUG org.aspectj.weaver.Dump - 14:10:28.781 main < o.a.w.Dump.shouldDumpOnExit false
14:10:28.781 [main] DEBUG org.aspectj.weaver.Dump - 14:10:28.781 main < o.a.w.Dump.dumpOnExit Excluded
14:10:28.781 [main] DEBUG org.aspectj.weaver.loadtime.Aj - 14:10:28.781 main < o.a.w.l.Aj.preProcess byte[1290]
14:10:28.788 [main] DEBUG org.aspectj.weaver.loadtime.Aj - 14:10:28.786 main > o.a.w.l.Aj.preProcess o.a.w.l.Aj@b9afc07 io/qameta/allure/internal/shadowed/jackson/databind/JsonNode, byte[13162], j.i.l.ClassLoaders$AppClassLoader@3cd1a2f1
14:10:28.789 [main] DEBUG org.aspectj.weaver.loadtime.Aj - 14:10:28.788 main - o.a.w.l.Aj.preProcess o.a.w.l.Aj@b9afc07 j.i.l.ClassLoaders$PlatformClassLoader@1ad282e0, j.i.l.ClassLoaders$AppClassLoader@3cd1a2f1
14:10:28.789 [main] DEBUG o.a.weaver.tools.WeavingAdaptor - 14:10:28.789 main > o.a.w.t.WeavingAdaptor.weaveClass o.a.w.l.ClassLoaderWeavingAdaptor@140e5a13 io/qameta/allure/internal/shadowed/jackson/databind/JsonNode, byte[13162]
14:10:28.789 [main] DEBUG org.aspectj.weaver.bcel.BcelWeaver - 14:10:28.789 main > o.a.w.b.BcelWeaver.weave o.a.w.b.BcelWeaver@48524010 o.a.w.t.WeavingAdaptor$WeavingClassFileProvider@fd0e5b6
14:10:28.796 [main] DEBUG org.aspectj.weaver.bcel.BcelWorld - 14:10:28.796 main - o.a.w.b.BcelWorld.lookupJavaClass o.a.w.l.LTWWorld@2b4a2ec7 io.qameta.allure.internal.shadowed.jackson.databind.JsonSerializable$Base, o.a.a.b.c.JavaClass@4fad94a7
14:10:28.796 [main] DEBUG org.aspectj.weaver.bcel.BcelWorld - 14:10:28.796 main - o.a.w.b.BcelWorld.lookupJavaClass o.a.w.l.LTWWorld@2b4a2ec7 io.qameta.allure.internal.shadowed.jackson.core.TreeNode, o.a.a.b.c.JavaClass@13f17eb4
14:10:28.796 [main] DEBUG org.aspectj.weaver.bcel.BcelWorld - 14:10:28.796 main - o.a.w.b.BcelWorld.lookupJavaClass o.a.w.l.LTWWorld@2b4a2ec7 java.lang.Iterable, o.a.a.b.c.JavaClass@3e27ba32
14:10:28.796 [main] DEBUG org.aspectj.weaver.bcel.BcelWeaver - 14:10:28.796 main > o.a.w.b.BcelWeaver.weaveAndNotify o.a.w.b.BcelWeaver@48524010 o.a.w.b.UnwovenClassFile@475835b1, o.a.w.b.BcelObjectType@6326d182, o.a.w.t.WeavingAdaptor$WeavingClassFileProvider$1@5241cf67
14:10:28.798 [main] DEBUG org.aspectj.weaver.bcel.BcelWorld - 14:10:28.798 main - o.a.w.b.BcelWorld.lookupJavaClass o.a.w.l.LTWWorld@2b4a2ec7 io.qameta.allure.internal.shadowed.jackson.databind.JsonSerializable, o.a.a.b.c.JavaClass@226642a5
14:10:28.799 [main] DEBUG org.aspectj.weaver.bcel.BcelWorld - 14:10:28.799 main - o.a.w.b.BcelWorld.lookupJavaClass o.a.w.l.LTWWorld@2b4a2ec7 java.util.Iterator, o.a.a.b.c.JavaClass@1de76cc7
14:10:28.801 [main] DEBUG org.aspectj.weaver.bcel.BcelWorld - 14:10:28.801 main - o.a.w.b.BcelWorld.lookupJavaClass o.a.w.l.LTWWorld@2b4a2ec7 io.qameta.allure.internal.shadowed.jackson.core.JsonPointer, o.a.a.b.c.JavaClass@72bd06ca
14:10:28.805 [main] DEBUG org.aspectj.weaver.bcel.BcelWorld - 14:10:28.805 main - o.a.w.b.BcelWorld.lookupJavaClass o.a.w.l.LTWWorld@2b4a2ec7 java.lang.Number, o.a.a.b.c.JavaClass@266374ef
14:10:28.805 [main] DEBUG org.aspectj.weaver.bcel.BcelWorld - 14:10:28.805 main - o.a.w.b.BcelWorld.lookupJavaClass o.a.w.l.LTWWorld@2b4a2ec7 java.math.BigDecimal, o.a.a.b.c.JavaClass@62833051
14:10:28.805 [main] DEBUG org.aspectj.weaver.bcel.BcelWorld - 14:10:28.805 main - o.a.w.b.BcelWorld.lookupJavaClass o.a.w.l.LTWWorld@2b4a2ec7 java.math.BigInteger, o.a.a.b.c.JavaClass@13b3d178
14:10:28.807 [main] DEBUG org.aspectj.weaver.bcel.BcelWorld - 14:10:28.807 main - o.a.w.b.BcelWorld.lookupJavaClass o.a.w.l.LTWWorld@2b4a2ec7 java.util.Comparator, o.a.a.b.c.JavaClass@89c10b7
14:10:28.808 [main] DEBUG org.aspectj.weaver.bcel.BcelWeaver - 14:10:28.808 main < o.a.w.b.BcelWeaver.weaveAndNotify
14:10:28.808 [main] DEBUG org.aspectj.weaver.bcel.BcelWeaver - 14:10:28.808 main < o.a.w.b.BcelWeaver.weave java.util.ArrayList(1)
14:10:28.808 [main] DEBUG o.a.weaver.tools.WeavingAdaptor - 14:10:28.808 main < o.a.w.t.WeavingAdaptor.weaveClass byte[13162]
14:10:28.808 [main] DEBUG org.aspectj.weaver.Dump - 14:10:28.808 main > o.a.w.Dump.dumpOnExit o.a.w.t.WeavingAdaptor$WeavingAdaptorMessageHolder@6a6afff2
14:10:28.808 [main] DEBUG org.aspectj.weaver.Dump - 14:10:28.808 main > o.a.w.Dump.shouldDumpOnExit o.a.w.t.WeavingAdaptor$WeavingAdaptorMessageHolder@6a6afff2
14:10:28.808 [main] DEBUG org.aspectj.weaver.Dump - 14:10:28.808 main - o.a.w.Dump.shouldDumpOnExit abort
14:10:28.808 [main] DEBUG org.aspectj.weaver.Dump - 14:10:28.808 main < o.a.w.Dump.shouldDumpOnExit false
14:10:28.808 [main] DEBUG org.aspectj.weaver.Dump - 14:10:28.808 main < o.a.w.Dump.dumpOnExit Excluded
14:10:28.808 [main] DEBUG org.aspectj.weaver.loadtime.Aj - 14:10:28.808 main < o.a.w.l.Aj.preProcess byte[13162]
14:10:28.810 [main] DEBUG org.aspectj.weaver.loadtime.Aj - 14:10:28.810 main > o.a.w.l.Aj.preProcess o.a.w.l.Aj@b9afc07 io/qameta/allure/internal/shadowed/jackson/core/TreeNode, byte[1370], j.i.l.ClassLoaders$AppClassLoader@3cd1a2f1
14:10:28.811 [main] DEBUG org.aspectj.weaver.loadtime.Aj - 14:10:28.811 main - o.a.w.l.Aj.preProcess o.a.w.l.Aj@b9afc07 j.i.l.ClassLoaders$PlatformClassLoader@1ad282e0, j.i.l.ClassLoaders$AppClassLoader@3cd1a2f1
14:10:28.811 [main] DEBUG o.a.weaver.tools.WeavingAdaptor - 14:10:28.811 main > o.a.w.t.WeavingAdaptor.weaveClass o.a.w.l.ClassLoaderWeavingAdaptor@140e5a13 io/qameta/allure/internal/shadowed/jackson/core/TreeNode, byte[1370]
14:10:28.811 [main] DEBUG org.aspectj.weaver.bcel.BcelWeaver - 14:10:28.811 main > o.a.w.b.BcelWeaver.weave o.a.w.b.BcelWeaver@48524010 o.a.w.t.WeavingAdaptor$WeavingClassFileProvider@3d08f3f5
14:10:28.812 [main] DEBUG org.aspectj.weaver.bcel.BcelWeaver - 14:10:28.811 main > o.a.w.b.BcelWeaver.weaveAndNotify o.a.w.b.BcelWeaver@48524010 o.a.w.b.UnwovenClassFile@119f1f2a, o.a.w.b.BcelObjectType@1a1da881, o.a.w.t.WeavingAdaptor$WeavingClassFileProvider$1@5b970f7
14:10:28.812 [main] DEBUG org.aspectj.weaver.bcel.BcelWeaver - 14:10:28.812 main < o.a.w.b.BcelWeaver.weaveAndNotify
14:10:28.812 [main] DEBUG org.aspectj.weaver.bcel.BcelWeaver - 14:10:28.812 main < o.a.w.b.BcelWeaver.weave java.util.ArrayList(1)
14:10:28.812 [main] DEBUG o.a.weaver.tools.WeavingAdaptor - 14:10:28.812 main < o.a.w.t.WeavingAdaptor.weaveClass byte[1370]
14:10:28.812 [main] DEBUG org.aspectj.weaver.Dump - 14:10:28.812 main > o.a.w.Dump.dumpOnExit o.a.w.t.WeavingAdaptor$WeavingAdaptorMessageHolder@6a6afff2
14:10:28.812 [main] DEBUG org.aspectj.weaver.Dump - 14:10:28.812 main > o.a.w.Dump.shouldDumpOnExit o.a.w.t.WeavingAdaptor$WeavingAdaptorMessageHolder@6a6afff2
14:10:28.812 [main] DEBUG org.aspectj.weaver.Dump - 14:10:28.812 main - o.a.w.Dump.shouldDumpOnExit abort
14:10:28.812 [main] DEBUG org.aspectj.weaver.Dump - 14:10:28.812 main < o.a.w.Dump.shouldDumpOnExit false
14:10:28.812 [main] DEBUG org.aspectj.weaver.Dump - 14:10:28.812 main < o.a.w.Dump.dumpOnExit Excluded
14:10:28.812 [main] DEBUG org.aspectj.weaver.loadtime.Aj - 14:10:28.812 main < o.a.w.l.Aj.preProcess byte[1370]
14:10:28.814 [main] DEBUG org.aspectj.weaver.loadtime.Aj - 14:10:28.814 main > o.a.w.l.Aj.preProcess o.a.w.l.Aj@b9afc07 io/qameta/allure/internal/shadowed/jackson/databind/JsonSerializable$Base, byte[746], j.i.l.ClassLoaders$AppClassLoader@3cd1a2f1
14:10:28.814 [main] DEBUG org.aspectj.weaver.loadtime.Aj - 14:10:28.814 main - o.a.w.l.Aj.preProcess o.a.w.l.Aj@b9afc07 j.i.l.ClassLoaders$PlatformClassLoader@1ad282e0, j.i.l.ClassLoaders$AppClassLoader@3cd1a2f1
14:10:28.815 [main] DEBUG o.a.weaver.tools.WeavingAdaptor - 14:10:28.815 main > o.a.w.t.WeavingAdaptor.weaveClass o.a.w.l.ClassLoaderWeavingAdaptor@140e5a13 io/qameta/allure/internal/shadowed/jackson/databind/JsonSerializable$Base, byte[746]
14:10:28.815 [main] DEBUG org.aspectj.weaver.bcel.BcelWeaver - 14:10:28.815 main > o.a.w.b.BcelWeaver.weave o.a.w.b.BcelWeaver@48524010 o.a.w.t.WeavingAdaptor$WeavingClassFileProvider@2f058b8a
14:10:28.815 [main] DEBUG org.aspectj.weaver.bcel.BcelWeaver - 14:10:28.815 main > o.a.w.b.BcelWeaver.weaveAndNotify o.a.w.b.BcelWeaver@48524010 o.a.w.b.UnwovenClassFile@756cf158, o.a.w.b.BcelObjectType@3f2ef586, o.a.w.t.WeavingAdaptor$WeavingClassFileProvider$1@751d3241
14:10:28.816 [main] DEBUG org.aspectj.weaver.bcel.BcelWeaver - 14:10:28.816 main < o.a.w.b.BcelWeaver.weaveAndNotify
14:10:28.816 [main] DEBUG org.aspectj.weaver.bcel.BcelWeaver - 14:10:28.816 main < o.a.w.b.BcelWeaver.weave java.util.ArrayList(1)
14:10:28.816 [main] DEBUG o.a.weaver.tools.WeavingAdaptor - 14:10:28.816 main < o.a.w.t.WeavingAdaptor.weaveClass byte[746]
14:10:28.816 [main] DEBUG org.aspectj.weaver.Dump - 14:10:28.816 main > o.a.w.Dump.dumpOnExit o.a.w.t.WeavingAdaptor$WeavingAdaptorMessageHolder@6a6afff2
14:10:28.816 [main] DEBUG org.aspectj.weaver.Dump - 14:10:28.816 main > o.a.w.Dump.shouldDumpOnExit o.a.w.t.WeavingAdaptor$WeavingAdaptorMessageHolder@6a6afff2
14:10:28.817 [main] DEBUG org.aspectj.weaver.Dump - 14:10:28.817 main - o.a.w.Dump.shouldDumpOnExit abort
14:10:28.817 [main] DEBUG org.aspectj.weaver.Dump - 14:10:28.817 main < o.a.w.Dump.shouldDumpOnExit false
14:10:28.817 [main] DEBUG org.aspectj.weaver.Dump - 14:10:28.817 main < o.a.w.Dump.dumpOnExit Excluded
14:10:28.817 [main] DEBUG org.aspectj.weaver.loadtime.Aj - 14:10:28.817 main < o.a.w.l.Aj.preProcess byte[746]
14:10:28.818 [main] DEBUG org.aspectj.weaver.loadtime.Aj - 14:10:28.818 main > o.a.w.l.Aj.preProcess o.a.w.l.Aj@b9afc07 io/qameta/allure/internal/shadowed/jackson/databind/JsonSerializable, byte[747], j.i.l.ClassLoaders$AppClassLoader@3cd1a2f1
14:10:28.818 [main] DEBUG org.aspectj.weaver.loadtime.Aj - 14:10:28.818 main - o.a.w.l.Aj.preProcess o.a.w.l.Aj@b9afc07 j.i.l.ClassLoaders$PlatformClassLoader@1ad282e0, j.i.l.ClassLoaders$AppClassLoader@3cd1a2f1
14:10:28.823 [main] DEBUG o.a.weaver.tools.WeavingAdaptor - 14:10:28.822 main > o.a.w.t.WeavingAdaptor.weaveClass o.a.w.l.ClassLoaderWeavingAdaptor@140e5a13 io/qameta/allure/internal/shadowed/jackson/databind/JsonSerializable, byte[747]
14:10:28.823 [main] DEBUG org.aspectj.weaver.bcel.BcelWeaver - 14:10:28.823 main > o.a.w.b.BcelWeaver.weave o.a.w.b.BcelWeaver@48524010 o.a.w.t.WeavingAdaptor$WeavingClassFileProvider@7b139eab
14:10:28.824 [main] DEBUG org.aspectj.weaver.bcel.BcelWeaver - 14:10:28.824 main > o.a.w.b.BcelWeaver.weaveAndNotify o.a.w.b.BcelWeaver@48524010 o.a.w.b.UnwovenClassFile@4e76dac, o.a.w.b.BcelObjectType@611df6e3, o.a.w.t.WeavingAdaptor$WeavingClassFileProvider$1@5f2f577
14:10:28.825 [main] DEBUG org.aspectj.weaver.bcel.BcelWeaver - 14:10:28.825 main < o.a.w.b.BcelWeaver.weaveAndNotify
14:10:28.825 [main] DEBUG org.aspectj.weaver.bcel.BcelWeaver - 14:10:28.825 main < o.a.w.b.BcelWeaver.weave java.util.ArrayList(1)
14:10:28.826 [main] DEBUG o.a.weaver.tools.WeavingAdaptor - 14:10:28.826 main < o.a.w.t.WeavingAdaptor.weaveClass byte[747]
14:10:28.826 [main] DEBUG org.aspectj.weaver.Dump - 14:10:28.826 main > o.a.w.Dump.dumpOnExit o.a.w.t.WeavingAdaptor$WeavingAdaptorMessageHolder@6a6afff2
14:10:28.826 [main] DEBUG org.aspectj.weaver.Dump - 14:10:28.826 main > o.a.w.Dump.shouldDumpOnExit o.a.w.t.WeavingAdaptor$WeavingAdaptorMessageHolder@6a6afff2
14:10:28.827 [main] DEBUG org.aspectj.weaver.Dump - 14:10:28.827 main - o.a.w.Dump.shouldDumpOnExit abort
14:10:28.827 [main] DEBUG org.aspectj.weaver.Dump - 14:10:28.827 main < o.a.w.Dump.shouldDumpOnExit false
14:10:28.827 [main] DEBUG org.aspectj.weaver.Dump - 14:10:28.827 main < o.a.w.Dump.dumpOnExit Excluded
14:10:28.827 [main] DEBUG org.aspectj.weaver.loadtime.Aj - 14:10:28.827 main < o.a.w.l.Aj.preProcess byte[747]
14:10:28.828 [main] DEBUG org.aspectj.weaver.loadtime.Aj - 14:10:28.828 main > o.a.w.l.Aj.preProcess o.a.w.l.Aj@b9afc07 io/qameta/allure/internal/shadowed/jackson/databind/node/NullNode, byte[2913], j.i.l.ClassLoaders$AppClassLoader@3cd1a2f1
14:10:28.828 [main] DEBUG org.aspectj.weaver.loadtime.Aj - 14:10:28.828 main - o.a.w.l.Aj.preProcess o.a.w.l.Aj@b9afc07 j.i.l.ClassLoaders$PlatformClassLoader@1ad282e0, j.i.l.ClassLoaders$AppClassLoader@3cd1a2f1
14:10:28.829 [main] DEBUG o.a.weaver.tools.WeavingAdaptor - 14:10:28.828 main > o.a.w.t.WeavingAdaptor.weaveClass o.a.w.l.ClassLoaderWeavingAdaptor@140e5a13 io/qameta/allure/internal/shadowed/jackson/databind/node/NullNode, byte[2913]
14:10:28.829 [main] DEBUG org.aspectj.weaver.bcel.BcelWeaver - 14:10:28.829 main > o.a.w.b.BcelWeaver.weave o.a.w.b.BcelWeaver@48524010 o.a.w.t.WeavingAdaptor$WeavingClassFileProvider@41a90fa8
14:10:28.830 [main] DEBUG org.aspectj.weaver.bcel.BcelWorld - 14:10:28.830 main - o.a.w.b.BcelWorld.lookupJavaClass o.a.w.l.LTWWorld@2b4a2ec7 io.qameta.allure.internal.shadowed.jackson.databind.node.ValueNode, o.a.a.b.c.JavaClass@117e0fe5
14:10:28.830 [main] DEBUG org.aspectj.weaver.bcel.BcelWeaver - 14:10:28.830 main > o.a.w.b.BcelWeaver.weaveAndNotify o.a.w.b.BcelWeaver@48524010 o.a.w.b.UnwovenClassFile@18a3962d, o.a.w.b.BcelObjectType@78aea4b9, o.a.w.t.WeavingAdaptor$WeavingClassFileProvider$1@2a65bb85
14:10:28.834 [main] DEBUG org.aspectj.weaver.bcel.BcelWorld - 14:10:28.834 main - o.a.w.b.BcelWorld.lookupJavaClass o.a.w.l.LTWWorld@2b4a2ec7 io.qameta.allure.internal.shadowed.jackson.databind.node.BaseJsonNode, o.a.a.b.c.JavaClass@4215838f
14:10:28.839 [main] DEBUG org.aspectj.weaver.bcel.BcelWorld - 14:10:28.839 main - o.a.w.b.BcelWorld.lookupJavaClass o.a.w.l.LTWWorld@2b4a2ec7 io.qameta.allure.internal.shadowed.jackson.databind.node.JsonNodeType, o.a.a.b.c.JavaClass@184497d1
14:10:28.839 [main] DEBUG org.aspectj.weaver.bcel.BcelWorld - 14:10:28.839 main - o.a.w.b.BcelWorld.lookupJavaClass o.a.w.l.LTWWorld@2b4a2ec7 io.qameta.allure.internal.shadowed.jackson.core.JsonToken, o.a.a.b.c.JavaClass@31aa3ca5
14:10:28.840 [main] DEBUG org.aspectj.weaver.bcel.BcelWeaver - 14:10:28.840 main < o.a.w.b.BcelWeaver.weaveAndNotify
14:10:28.840 [main] DEBUG org.aspectj.weaver.bcel.BcelWeaver - 14:10:28.840 main < o.a.w.b.BcelWeaver.weave java.util.ArrayList(1)
14:10:28.840 [main] DEBUG o.a.weaver.tools.WeavingAdaptor - 14:10:28.840 main < o.a.w.t.WeavingAdaptor.weaveClass byte[2913]
14:10:28.840 [main] DEBUG org.aspectj.weaver.Dump - 14:10:28.840 main > o.a.w.Dump.dumpOnExit o.a.w.t.WeavingAdaptor$WeavingAdaptorMessageHolder@6a6afff2
14:10:28.840 [main] DEBUG org.aspectj.weaver.Dump - 14:10:28.840 main > o.a.w.Dump.shouldDumpOnExit o.a.w.t.WeavingAdaptor$WeavingAdaptorMessageHolder@6a6afff2
14:10:28.840 [main] DEBUG org.aspectj.weaver.Dump - 14:10:28.840 main - o.a.w.Dump.shouldDumpOnExit abort
14:10:28.840 [main] DEBUG org.aspectj.weaver.Dump - 14:10:28.840 main < o.a.w.Dump.shouldDumpOnExit false
14:10:28.840 [main] DEBUG org.aspectj.weaver.Dump - 14:10:28.840 main < o.a.w.Dump.dumpOnExit Excluded
14:10:28.840 [main] DEBUG org.aspectj.weaver.loadtime.Aj - 14:10:28.840 main < o.a.w.l.Aj.preProcess byte[2913]
14:10:28.845 [main] DEBUG org.aspectj.weaver.loadtime.Aj - 14:10:28.844 main > o.a.w.l.Aj.preProcess o.a.w.l.Aj@b9afc07 io/qameta/allure/internal/shadowed/jackson/databind/node/ValueNode, byte[5200], j.i.l.ClassLoaders$AppClassLoader@3cd1a2f1
14:10:28.845 [main] DEBUG org.aspectj.weaver.loadtime.Aj - 14:10:28.845 main - o.a.w.l.Aj.preProcess o.a.w.l.Aj@b9afc07 j.i.l.ClassLoaders$PlatformClassLoader@1ad282e0, j.i.l.ClassLoaders$AppClassLoader@3cd1a2f1
14:10:28.846 [main] DEBUG o.a.weaver.tools.WeavingAdaptor - 14:10:28.846 main > o.a.w.t.WeavingAdaptor.weaveClass o.a.w.l.ClassLoaderWeavingAdaptor@140e5a13 io/qameta/allure/internal/shadowed/jackson/databind/node/ValueNode, byte[5200]
14:10:28.847 [main] DEBUG org.aspectj.weaver.bcel.BcelWeaver - 14:10:28.847 main > o.a.w.b.BcelWeaver.weave o.a.w.b.BcelWeaver@48524010 o.a.w.t.WeavingAdaptor$WeavingClassFileProvider@3e2943ab
14:10:28.847 [main] DEBUG org.aspectj.weaver.bcel.BcelWeaver - 14:10:28.847 main > o.a.w.b.BcelWeaver.weaveAndNotify o.a.w.b.BcelWeaver@48524010 o.a.w.b.UnwovenClassFile@70dd7e15, o.a.w.b.BcelObjectType@4a9f80d3, o.a.w.t.WeavingAdaptor$WeavingClassFileProvider$1@35beb15e
14:10:28.850 [main] DEBUG org.aspectj.weaver.bcel.BcelWorld - 14:10:28.850 main - o.a.w.b.BcelWorld.lookupJavaClass o.a.w.l.LTWWorld@2b4a2ec7 io.qameta.allure.internal.shadowed.jackson.databind.jsontype.TypeSerializer, o.a.a.b.c.JavaClass@2a3c96e3
14:10:28.850 [main] DEBUG org.aspectj.weaver.bcel.BcelWorld - 14:10:28.850 main - o.a.w.b.BcelWorld.lookupJavaClass o.a.w.l.LTWWorld@2b4a2ec7 io.qameta.allure.internal.shadowed.jackson.databind.node.ObjectNode, o.a.a.b.c.JavaClass@1522d8a0
14:10:28.851 [main] DEBUG org.aspectj.weaver.bcel.BcelWeaver - 14:10:28.851 main < o.a.w.b.BcelWeaver.weaveAndNotify
14:10:28.851 [main] DEBUG org.aspectj.weaver.bcel.BcelWeaver - 14:10:28.851 main < o.a.w.b.BcelWeaver.weave java.util.ArrayList(1)
14:10:28.851 [main] DEBUG o.a.weaver.tools.WeavingAdaptor - 14:10:28.851 main < o.a.w.t.WeavingAdaptor.weaveClass byte[5200]
14:10:28.851 [main] DEBUG org.aspectj.weaver.Dump - 14:10:28.851 main > o.a.w.Dump.dumpOnExit o.a.w.t.WeavingAdaptor$WeavingAdaptorMessageHolder@6a6afff2
14:10:28.851 [main] DEBUG org.aspectj.weaver.Dump - 14:10:28.851 main > o.a.w.Dump.shouldDumpOnExit o.a.w.t.WeavingAdaptor$WeavingAdaptorMessageHolder@6a6afff2
14:10:28.851 [main] DEBUG org.aspectj.weaver.Dump - 14:10:28.851 main - o.a.w.Dump.shouldDumpOnExit abort
14:10:28.851 [main] DEBUG org.aspectj.weaver.Dump - 14:10:28.851 main < o.a.w.Dump.shouldDumpOnExit false
14:10:28.851 [main] DEBUG org.aspectj.weaver.Dump - 14:10:28.851 main < o.a.w.Dump.dumpOnExit Excluded
14:10:28.851 [main] DEBUG org.aspectj.weaver.loadtime.Aj - 14:10:28.851 main < o.a.w.l.Aj.preProcess byte[5200]
14:10:28.856 [main] DEBUG org.aspectj.weaver.loadtime.Aj - 14:10:28.855 main > o.a.w.l.Aj.preProcess o.a.w.l.Aj@b9afc07 io/qameta/allure/internal/shadowed/jackson/databind/node/BaseJsonNode, byte[3927], j.i.l.ClassLoaders$AppClassLoader@3cd1a2f1
14:10:28.856 [main] DEBUG org.aspectj.weaver.loadtime.Aj - 14:10:28.856 main - o.a.w.l.Aj.preProcess o.a.w.l.Aj@b9afc07 j.i.l.ClassLoaders$PlatformClassLoader@1ad282e0, j.i.l.ClassLoaders$AppClassLoader@3cd1a2f1
14:10:28.856 [main] DEBUG o.a.weaver.tools.WeavingAdaptor - 14:10:28.856 main > o.a.w.t.WeavingAdaptor.weaveClass o.a.w.l.ClassLoaderWeavingAdaptor@140e5a13 io/qameta/allure/internal/shadowed/jackson/databind/node/BaseJsonNode, byte[3927]
14:10:28.856 [main] DEBUG org.aspectj.weaver.bcel.BcelWeaver - 14:10:28.856 main > o.a.w.b.BcelWeaver.weave o.a.w.b.BcelWeaver@48524010 o.a.w.t.WeavingAdaptor$WeavingClassFileProvider@191ae03f
14:10:28.857 [main] DEBUG org.aspectj.weaver.bcel.BcelWeaver - 14:10:28.857 main > o.a.w.b.BcelWeaver.weaveAndNotify o.a.w.b.BcelWeaver@48524010 o.a.w.b.UnwovenClassFile@9635fa, o.a.w.b.BcelObjectType@53ab0286, o.a.w.t.WeavingAdaptor$WeavingClassFileProvider$1@63c5efee
14:10:28.858 [main] DEBUG org.aspectj.weaver.bcel.BcelWorld - 14:10:28.858 main - o.a.w.b.BcelWorld.lookupJavaClass o.a.w.l.LTWWorld@2b4a2ec7 io.qameta.allure.internal.shadowed.jackson.core.ObjectCodec, o.a.a.b.c.JavaClass@3b0c9195
14:10:28.860 [main] DEBUG org.aspectj.weaver.bcel.BcelWorld - 14:10:28.860 main - o.a.w.b.BcelWorld.lookupJavaClass o.a.w.l.LTWWorld@2b4a2ec7 io.qameta.allure.internal.shadowed.jackson.core.JsonParser$NumberType, o.a.a.b.c.JavaClass@5bda80bf
14:10:28.861 [main] DEBUG org.aspectj.weaver.bcel.BcelWeaver - 14:10:28.861 main < o.a.w.b.BcelWeaver.weaveAndNotify
14:10:28.861 [main] DEBUG org.aspectj.weaver.bcel.BcelWeaver - 14:10:28.861 main < o.a.w.b.BcelWeaver.weave java.util.ArrayList(1)
14:10:28.861 [main] DEBUG o.a.weaver.tools.WeavingAdaptor - 14:10:28.861 main < o.a.w.t.WeavingAdaptor.weaveClass byte[3927]
14:10:28.861 [main] DEBUG org.aspectj.weaver.Dump - 14:10:28.861 main > o.a.w.Dump.dumpOnExit o.a.w.t.WeavingAdaptor$WeavingAdaptorMessageHolder@6a6afff2
14:10:28.861 [main] DEBUG org.aspectj.weaver.Dump - 14:10:28.861 main > o.a.w.Dump.shouldDumpOnExit o.a.w.t.WeavingAdaptor$WeavingAdaptorMessageHolder@6a6afff2
14:10:28.861 [main] DEBUG org.aspectj.weaver.Dump - 14:10:28.861 main - o.a.w.Dump.shouldDumpOnExit abort
14:10:28.861 [main] DEBUG org.aspectj.weaver.Dump - 14:10:28.861 main < o.a.w.Dump.shouldDumpOnExit false
14:10:28.861 [main] DEBUG org.aspectj.weaver.Dump - 14:10:28.861 main < o.a.w.Dump.dumpOnExit Excluded
14:10:28.861 [main] DEBUG org.aspectj.weaver.loadtime.Aj - 14:10:28.861 main < o.a.w.l.Aj.preProcess byte[3927]
14:10:28.864 [main] DEBUG org.aspectj.weaver.loadtime.Aj - 14:10:28.864 main > o.a.w.l.Aj.preProcess o.a.w.l.Aj@b9afc07 io/qameta/allure/internal/shadowed/jackson/core/JsonParser, byte[19618], j.i.l.ClassLoaders$AppClassLoader@3cd1a2f1
14:10:28.864 [main] DEBUG org.aspectj.weaver.loadtime.Aj - 14:10:28.864 main - o.a.w.l.Aj.preProcess o.a.w.l.Aj@b9afc07 j.i.l.ClassLoaders$PlatformClassLoader@1ad282e0, j.i.l.ClassLoaders$AppClassLoader@3cd1a2f1
14:10:28.864 [main] DEBUG o.a.weaver.tools.WeavingAdaptor - 14:10:28.864 main > o.a.w.t.WeavingAdaptor.weaveClass o.a.w.l.ClassLoaderWeavingAdaptor@140e5a13 io/qameta/allure/internal/shadowed/jackson/core/JsonParser, byte[19618]
14:10:28.865 [main] DEBUG org.aspectj.weaver.bcel.BcelWeaver - 14:10:28.865 main > o.a.w.b.BcelWeaver.weave o.a.w.b.BcelWeaver@48524010 o.a.w.t.WeavingAdaptor$WeavingClassFileProvider@51df223b
14:10:28.865 [main] DEBUG org.aspectj.weaver.bcel.BcelWorld - 14:10:28.865 main - o.a.w.b.BcelWorld.lookupJavaClass o.a.w.l.LTWWorld@2b4a2ec7 java.io.Closeable, o.a.a.b.c.JavaClass@5149d738
14:10:28.866 [main] DEBUG org.aspectj.weaver.bcel.BcelWorld - 14:10:28.866 main - o.a.w.b.BcelWorld.lookupJavaClass o.a.w.l.LTWWorld@2b4a2ec7 io.qameta.allure.internal.shadowed.jackson.core.Versioned, o.a.a.b.c.JavaClass@302a07d
14:10:28.866 [main] DEBUG org.aspectj.weaver.bcel.BcelWeaver - 14:10:28.866 main > o.a.w.b.BcelWeaver.weaveAndNotify o.a.w.b.BcelWeaver@48524010 o.a.w.b.UnwovenClassFile@fd46303, o.a.w.b.BcelObjectType@60d8c0dc, o.a.w.t.WeavingAdaptor$WeavingClassFileProvider$1@4204541c
14:10:28.866 [main] DEBUG org.aspectj.weaver.bcel.BcelWorld - 14:10:28.866 main - o.a.w.b.BcelWorld.lookupJavaClass o.a.w.l.LTWWorld@2b4a2ec7 java.lang.AutoCloseable, o.a.a.b.c.JavaClass@3a7442c7
14:10:28.873 [main] DEBUG org.aspectj.weaver.bcel.BcelWorld - 14:10:28.873 main - o.a.w.b.BcelWorld.lookupJavaClass o.a.w.l.LTWWorld@2b4a2ec7 io.qameta.allure.internal.shadowed.jackson.core.util.RequestPayload, o.a.a.b.c.JavaClass@79e18e38
14:10:28.873 [main] DEBUG org.aspectj.weaver.bcel.BcelWorld - 14:10:28.873 main - o.a.w.b.BcelWorld.lookupJavaClass o.a.w.l.LTWWorld@2b4a2ec7 io.qameta.allure.internal.shadowed.jackson.core.FormatSchema, o.a.a.b.c.JavaClass@52d645b1
14:10:28.875 [main] DEBUG org.aspectj.weaver.bcel.BcelWorld - 14:10:28.874 main - o.a.w.b.BcelWorld.lookupJavaClass o.a.w.l.LTWWorld@2b4a2ec7 io.qameta.allure.internal.shadowed.jackson.core.async.NonBlockingInputFeeder, o.a.a.b.c.JavaClass@69c79f09
14:10:28.877 [main] DEBUG org.aspectj.weaver.bcel.BcelWorld - 14:10:28.877 main - o.a.w.b.BcelWorld.lookupJavaClass o.a.w.l.LTWWorld@2b4a2ec7 io.qameta.allure.internal.shadowed.jackson.core.util.JacksonFeatureSet, o.a.a.b.c.JavaClass@533b266e
14:10:28.877 [main] DEBUG org.aspectj.weaver.bcel.BcelWorld - 14:10:28.877 main - o.a.w.b.BcelWorld.lookupJavaClass o.a.w.l.LTWWorld@2b4a2ec7 java.io.OutputStream, o.a.a.b.c.JavaClass@7a5ceedd
14:10:28.877 [main] DEBUG org.aspectj.weaver.bcel.BcelWorld - 14:10:28.877 main - o.a.w.b.BcelWorld.lookupJavaClass o.a.w.l.LTWWorld@2b4a2ec7 java.io.Writer, o.a.a.b.c.JavaClass@6221a451
14:10:28.878 [main] DEBUG org.aspectj.weaver.bcel.BcelWorld - 14:10:28.877 main - o.a.w.b.BcelWorld.lookupJavaClass o.a.w.l.LTWWorld@2b4a2ec7 io.qameta.allure.internal.shadowed.jackson.core.JsonParser$Feature, o.a.a.b.c.JavaClass@5d1659ea
14:10:28.878 [main] DEBUG org.aspectj.weaver.bcel.BcelWorld - 14:10:28.878 main - o.a.w.b.BcelWorld.lookupJavaClass o.a.w.l.LTWWorld@2b4a2ec7 io.qameta.allure.internal.shadowed.jackson.core.StreamReadFeature, o.a.a.b.c.JavaClass@1ae67cad
14:10:28.879 [main] DEBUG org.aspectj.weaver.bcel.BcelWorld - 14:10:28.879 main - o.a.w.b.BcelWorld.lookupJavaClass o.a.w.l.LTWWorld@2b4a2ec7 io.qameta.allure.internal.shadowed.jackson.core.SerializableString, o.a.a.b.c.JavaClass@6865c751
14:10:28.879 [main] DEBUG org.aspectj.weaver.bcel.BcelWorld - 14:10:28.879 main - o.a.w.b.BcelWorld.lookupJavaClass o.a.w.l.LTWWorld@2b4a2ec7 io.qameta.allure.internal.shadowed.jackson.core.Base64Variant, o.a.a.b.c.JavaClass@7fe7c640
14:10:28.880 [main] DEBUG org.aspectj.weaver.bcel.BcelWorld - 14:10:28.880 main - o.a.w.b.BcelWorld.lookupJavaClass o.a.w.l.LTWWorld@2b4a2ec7 io.qameta.allure.internal.shadowed.jackson.core.type.TypeReference, o.a.a.b.c.JavaClass@70efb718
14:10:28.881 [main] DEBUG org.aspectj.weaver.bcel.BcelWorld - 14:10:28.881 main - o.a.w.b.BcelWorld.lookupJavaClass o.a.w.l.LTWWorld@2b4a2ec7 io.qameta.allure.internal.shadowed.jackson.core.JsonParseException, o.a.a.b.c.JavaClass@1d71006f
14:10:28.881 [main] DEBUG org.aspectj.weaver.bcel.BcelWeaver - 14:10:28.881 main < o.a.w.b.BcelWeaver.weaveAndNotify
14:10:28.881 [main] DEBUG org.aspectj.weaver.bcel.BcelWeaver - 14:10:28.881 main < o.a.w.b.BcelWeaver.weave java.util.ArrayList(1)
14:10:28.881 [main] DEBUG o.a.weaver.tools.WeavingAdaptor - 14:10:28.881 main < o.a.w.t.WeavingAdaptor.weaveClass byte[19618]
14:10:28.882 [main] DEBUG org.aspectj.weaver.Dump - 14:10:28.881 main > o.a.w.Dump.dumpOnExit o.a.w.t.WeavingAdaptor$WeavingAdaptorMessageHolder@6a6afff2
14:10:28.882 [main] DEBUG org.aspectj.weaver.Dump - 14:10:28.882 main > o.a.w.Dump.shouldDumpOnExit o.a.w.t.WeavingAdaptor$WeavingAdaptorMessageHolder@6a6afff2
14:10:28.882 [main] DEBUG org.aspectj.weaver.Dump - 14:10:28.882 main - o.a.w.Dump.shouldDumpOnExit abort
14:10:28.882 [main] DEBUG org.aspectj.weaver.Dump - 14:10:28.882 main < o.a.w.Dump.shouldDumpOnExit false
14:10:28.882 [main] DEBUG org.aspectj.weaver.Dump - 14:10:28.882 main < o.a.w.Dump.dumpOnExit Excluded
14:10:28.882 [main] DEBUG org.aspectj.weaver.loadtime.Aj - 14:10:28.882 main < o.a.w.l.Aj.preProcess byte[19618]
14:10:28.884 [main] DEBUG org.aspectj.weaver.loadtime.Aj - 14:10:28.884 main > o.a.w.l.Aj.preProcess o.a.w.l.Aj@b9afc07 io/qameta/allure/internal/shadowed/jackson/databind/node/TreeTraversingParser, byte[9665], j.i.l.ClassLoaders$AppClassLoader@3cd1a2f1
14:10:28.885 [main] DEBUG org.aspectj.weaver.loadtime.Aj - 14:10:28.884 main - o.a.w.l.Aj.preProcess o.a.w.l.Aj@b9afc07 j.i.l.ClassLoaders$PlatformClassLoader@1ad282e0, j.i.l.ClassLoaders$AppClassLoader@3cd1a2f1
14:10:28.885 [main] DEBUG o.a.weaver.tools.WeavingAdaptor - 14:10:28.885 main > o.a.w.t.WeavingAdaptor.weaveClass o.a.w.l.ClassLoaderWeavingAdaptor@140e5a13 io/qameta/allure/internal/shadowed/jackson/databind/node/TreeTraversingParser, byte[9665]
14:10:28.885 [main] DEBUG org.aspectj.weaver.bcel.BcelWeaver - 14:10:28.885 main > o.a.w.b.BcelWeaver.weave o.a.w.b.BcelWeaver@48524010 o.a.w.t.WeavingAdaptor$WeavingClassFileProvider@3ebff828
14:10:28.887 [main] DEBUG org.aspectj.weaver.bcel.BcelWorld - 14:10:28.887 main - o.a.w.b.BcelWorld.lookupJavaClass o.a.w.l.LTWWorld@2b4a2ec7 io.qameta.allure.internal.shadowed.jackson.core.base.ParserMinimalBase, o.a.a.b.c.JavaClass@5f3b9c57
14:10:28.887 [main] DEBUG org.aspectj.weaver.bcel.BcelWeaver - 14:10:28.887 main > o.a.w.b.BcelWeaver.weaveAndNotify o.a.w.b.BcelWeaver@48524010 o.a.w.b.UnwovenClassFile@1e044120, o.a.w.b.BcelObjectType@2cf23c81, o.a.w.t.WeavingAdaptor$WeavingClassFileProvider$1@3624da92
14:10:28.890 [main] DEBUG org.aspectj.weaver.bcel.BcelWorld - 14:10:28.890 main - o.a.w.b.BcelWorld.lookupJavaClass o.a.w.l.LTWWorld@2b4a2ec7 io.qameta.allure.internal.shadowed.jackson.core.JsonStreamContext, o.a.a.b.c.JavaClass@60b71e8f
14:10:28.891 [main] DEBUG org.aspectj.weaver.bcel.BcelWeaver - 14:10:28.890 main < o.a.w.b.BcelWeaver.weaveAndNotify
14:10:28.891 [main] DEBUG org.aspectj.weaver.bcel.BcelWeaver - 14:10:28.891 main < o.a.w.b.BcelWeaver.weave java.util.ArrayList(1)
14:10:28.891 [main] DEBUG o.a.weaver.tools.WeavingAdaptor - 14:10:28.891 main < o.a.w.t.WeavingAdaptor.weaveClass byte[9665]
14:10:28.891 [main] DEBUG org.aspectj.weaver.Dump - 14:10:28.891 main > o.a.w.Dump.dumpOnExit o.a.w.t.WeavingAdaptor$WeavingAdaptorMessageHolder@6a6afff2
14:10:28.891 [main] DEBUG org.aspectj.weaver.Dump - 14:10:28.891 main > o.a.w.Dump.shouldDumpOnExit o.a.w.t.WeavingAdaptor$WeavingAdaptorMessageHolder@6a6afff2
14:10:28.891 [main] DEBUG org.aspectj.weaver.Dump - 14:10:28.891 main - o.a.w.Dump.shouldDumpOnExit abort
14:10:28.891 [main] DEBUG org.aspectj.weaver.Dump - 14:10:28.891 main < o.a.w.Dump.shouldDumpOnExit false
14:10:28.891 [main] DEBUG org.aspectj.weaver.Dump - 14:10:28.891 main < o.a.w.Dump.dumpOnExit Excluded
14:10:28.891 [main] DEBUG org.aspectj.weaver.loadtime.Aj - 14:10:28.891 main < o.a.w.l.Aj.preProcess byte[9665]
14:10:28.893 [main] DEBUG org.aspectj.weaver.loadtime.Aj - 14:10:28.893 main > o.a.w.l.Aj.preProcess o.a.w.l.Aj@b9afc07 io/qameta/allure/internal/shadowed/jackson/core/base/ParserMinimalBase, byte[16698], j.i.l.ClassLoaders$AppClassLoader@3cd1a2f1
14:10:28.893 [main] DEBUG org.aspectj.weaver.loadtime.Aj - 14:10:28.893 main - o.a.w.l.Aj.preProcess o.a.w.l.Aj@b9afc07 j.i.l.ClassLoaders$PlatformClassLoader@1ad282e0, j.i.l.ClassLoaders$AppClassLoader@3cd1a2f1
14:10:28.893 [main] DEBUG o.a.weaver.tools.WeavingAdaptor - 14:10:28.893 main > o.a.w.t.WeavingAdaptor.weaveClass o.a.w.l.ClassLoaderWeavingAdaptor@140e5a13 io/qameta/allure/internal/shadowed/jackson/core/base/ParserMinimalBase, byte[16698]
14:10:28.894 [main] DEBUG org.aspectj.weaver.bcel.BcelWeaver - 14:10:28.894 main > o.a.w.b.BcelWeaver.weave o.a.w.b.BcelWeaver@48524010 o.a.w.t.WeavingAdaptor$WeavingClassFileProvider@5f59185e
14:10:28.894 [main] DEBUG org.aspectj.weaver.bcel.BcelWeaver - 14:10:28.894 main > o.a.w.b.BcelWeaver.weaveAndNotify o.a.w.b.BcelWeaver@48524010 o.a.w.b.UnwovenClassFile@60bdf15d, o.a.w.b.BcelObjectType@47da3952, o.a.w.t.WeavingAdaptor$WeavingClassFileProvider$1@51e4ccb3
14:10:28.898 [main] DEBUG org.aspectj.weaver.bcel.BcelWorld - 14:10:28.897 main - o.a.w.b.BcelWorld.lookupJavaClass o.a.w.l.LTWWorld@2b4a2ec7 io.qameta.allure.internal.shadowed.jackson.core.util.ByteArrayBuilder, o.a.a.b.c.JavaClass@2b62442c
14:10:28.898 [main] DEBUG org.aspectj.weaver.bcel.BcelWeaver - 14:10:28.898 main < o.a.w.b.BcelWeaver.weaveAndNotify
14:10:28.898 [main] DEBUG org.aspectj.weaver.bcel.BcelWeaver - 14:10:28.898 main < o.a.w.b.BcelWeaver.weave java.util.ArrayList(1)
14:10:28.898 [main] DEBUG o.a.weaver.tools.WeavingAdaptor - 14:10:28.898 main < o.a.w.t.WeavingAdaptor.weaveClass byte[16698]
14:10:28.898 [main] DEBUG org.aspectj.weaver.Dump - 14:10:28.898 main > o.a.w.Dump.dumpOnExit o.a.w.t.WeavingAdaptor$WeavingAdaptorMessageHolder@6a6afff2
14:10:28.898 [main] DEBUG org.aspectj.weaver.Dump - 14:10:28.898 main > o.a.w.Dump.shouldDumpOnExit o.a.w.t.WeavingAdaptor$WeavingAdaptorMessageHolder@6a6afff2
14:10:28.898 [main] DEBUG org.aspectj.weaver.Dump - 14:10:28.898 main - o.a.w.Dump.shouldDumpOnExit abort
14:10:28.898 [main] DEBUG org.aspectj.weaver.Dump - 14:10:28.898 main < o.a.w.Dump.shouldDumpOnExit false
14:10:28.898 [main] DEBUG org.aspectj.weaver.Dump - 14:10:28.898 main < o.a.w.Dump.dumpOnExit Excluded
14:10:28.898 [main] DEBUG org.aspectj.weaver.loadtime.Aj - 14:10:28.898 main < o.a.w.l.Aj.preProcess byte[16698]
14:10:28.901 [main] DEBUG org.aspectj.weaver.loadtime.Aj - 14:10:28.901 main > o.a.w.l.Aj.preProcess o.a.w.l.Aj@b9afc07 io/qameta/allure/internal/shadowed/jackson/core/JsonGenerator, byte[23212], j.i.l.ClassLoaders$AppClassLoader@3cd1a2f1
14:10:28.901 [main] DEBUG org.aspectj.weaver.loadtime.Aj - 14:10:28.901 main - o.a.w.l.Aj.preProcess o.a.w.l.Aj@b9afc07 j.i.l.ClassLoaders$PlatformClassLoader@1ad282e0, j.i.l.ClassLoaders$AppClassLoader@3cd1a2f1
14:10:28.901 [main] DEBUG o.a.weaver.tools.WeavingAdaptor - 14:10:28.901 main > o.a.w.t.WeavingAdaptor.weaveClass o.a.w.l.ClassLoaderWeavingAdaptor@140e5a13 io/qameta/allure/internal/shadowed/jackson/core/JsonGenerator, byte[23212]
14:10:28.902 [main] DEBUG org.aspectj.weaver.bcel.BcelWeaver - 14:10:28.902 main > o.a.w.b.BcelWeaver.weave o.a.w.b.BcelWeaver@48524010 o.a.w.t.WeavingAdaptor$WeavingClassFileProvider@1e5f4170
14:10:28.902 [main] DEBUG org.aspectj.weaver.bcel.BcelWorld - 14:10:28.902 main - o.a.w.b.BcelWorld.lookupJavaClass o.a.w.l.LTWWorld@2b4a2ec7 java.io.Flushable, o.a.a.b.c.JavaClass@6e535154
14:10:28.903 [main] DEBUG org.aspectj.weaver.bcel.BcelWeaver - 14:10:28.903 main > o.a.w.b.BcelWeaver.weaveAndNotify o.a.w.b.BcelWeaver@48524010 o.a.w.b.UnwovenClassFile@6c345c5f, o.a.w.b.BcelObjectType@6b5966e1, o.a.w.t.WeavingAdaptor$WeavingClassFileProvider$1@65e61854
14:10:28.905 [main] DEBUG org.aspectj.weaver.bcel.BcelWorld - 14:10:28.905 main - o.a.w.b.BcelWorld.lookupJavaClass o.a.w.l.LTWWorld@2b4a2ec7 io.qameta.allure.internal.shadowed.jackson.core.JsonGenerator$Feature, o.a.a.b.c.JavaClass@5c18016b
14:10:28.905 [main] DEBUG org.aspectj.weaver.bcel.BcelWorld - 14:10:28.905 main - o.a.w.b.BcelWorld.lookupJavaClass o.a.w.l.LTWWorld@2b4a2ec7 io.qameta.allure.internal.shadowed.jackson.core.StreamWriteFeature, o.a.a.b.c.JavaClass@31e4bb20
14:10:28.905 [main] DEBUG org.aspectj.weaver.bcel.BcelWorld - 14:10:28.905 main - o.a.w.b.BcelWorld.lookupJavaClass o.a.w.l.LTWWorld@2b4a2ec7 io.qameta.allure.internal.shadowed.jackson.core.PrettyPrinter, o.a.a.b.c.JavaClass@7e276594
14:10:28.905 [main] DEBUG org.aspectj.weaver.bcel.BcelWorld - 14:10:28.905 main - o.a.w.b.BcelWorld.lookupJavaClass o.a.w.l.LTWWorld@2b4a2ec7 io.qameta.allure.internal.shadowed.jackson.core.io.CharacterEscapes, o.a.a.b.c.JavaClass@3381b4fc
14:10:28.906 [main] DEBUG org.aspectj.weaver.bcel.BcelWorld - 14:10:28.906 main - o.a.w.b.BcelWorld.lookupJavaClass o.a.w.l.LTWWorld@2b4a2ec7 java.io.Reader, o.a.a.b.c.JavaClass@2e61d218
14:10:28.906 [main] DEBUG org.aspectj.weaver.bcel.BcelWorld - 14:10:28.906 main - o.a.w.b.BcelWorld.lookupJavaClass o.a.w.l.LTWWorld@2b4a2ec7 java.io.InputStream, o.a.a.b.c.JavaClass@52102734
14:10:28.907 [main] DEBUG org.aspectj.weaver.bcel.BcelWorld - 14:10:28.907 main - o.a.w.b.BcelWorld.lookupJavaClass o.a.w.l.LTWWorld@2b4a2ec7 io.qameta.allure.internal.shadowed.jackson.core.type.WritableTypeId, o.a.a.b.c.JavaClass@3af17be2
14:10:28.908 [main] DEBUG org.aspectj.weaver.bcel.BcelWeaver - 14:10:28.908 main < o.a.w.b.BcelWeaver.weaveAndNotify
14:10:28.908 [main] DEBUG org.aspectj.weaver.bcel.BcelWeaver - 14:10:28.908 main < o.a.w.b.BcelWeaver.weave java.util.ArrayList(1)
14:10:28.908 [main] DEBUG o.a.weaver.tools.WeavingAdaptor - 14:10:28.908 main < o.a.w.t.WeavingAdaptor.weaveClass byte[23212]
14:10:28.908 [main] DEBUG org.aspectj.weaver.Dump - 14:10:28.908 main > o.a.w.Dump.dumpOnExit o.a.w.t.WeavingAdaptor$WeavingAdaptorMessageHolder@6a6afff2
14:10:28.908 [main] DEBUG org.aspectj.weaver.Dump - 14:10:28.908 main > o.a.w.Dump.shouldDumpOnExit o.a.w.t.WeavingAdaptor$WeavingAdaptorMessageHolder@6a6afff2
14:10:28.908 [main] DEBUG org.aspectj.weaver.Dump - 14:10:28.908 main - o.a.w.Dump.shouldDumpOnExit abort
14:10:28.908 [main] DEBUG org.aspectj.weaver.Dump - 14:10:28.908 main < o.a.w.Dump.shouldDumpOnExit false
14:10:28.908 [main] DEBUG org.aspectj.weaver.Dump - 14:10:28.908 main < o.a.w.Dump.dumpOnExit Excluded
14:10:28.908 [main] DEBUG org.aspectj.weaver.loadtime.Aj - 14:10:28.908 main < o.a.w.l.Aj.preProcess byte[23212]
14:10:28.912 [main] DEBUG org.aspectj.weaver.loadtime.Aj - 14:10:28.912 main > o.a.w.l.Aj.preProcess o.a.w.l.Aj@b9afc07 io/qameta/allure/internal/shadowed/jackson/databind/util/TokenBuffer, byte[27436], j.i.l.ClassLoaders$AppClassLoader@3cd1a2f1
14:10:28.912 [main] DEBUG org.aspectj.weaver.loadtime.Aj - 14:10:28.912 main - o.a.w.l.Aj.preProcess o.a.w.l.Aj@b9afc07 j.i.l.ClassLoaders$PlatformClassLoader@1ad282e0, j.i.l.ClassLoaders$AppClassLoader@3cd1a2f1
14:10:28.913 [main] DEBUG o.a.weaver.tools.WeavingAdaptor - 14:10:28.912 main > o.a.w.t.WeavingAdaptor.weaveClass o.a.w.l.ClassLoaderWeavingAdaptor@140e5a13 io/qameta/allure/internal/shadowed/jackson/databind/util/TokenBuffer, byte[27436]
14:10:28.913 [main] DEBUG org.aspectj.weaver.bcel.BcelWeaver - 14:10:28.913 main > o.a.w.b.BcelWeaver.weave o.a.w.b.BcelWeaver@48524010 o.a.w.t.WeavingAdaptor$WeavingClassFileProvider@6e521c1e
14:10:28.913 [main] DEBUG org.aspectj.weaver.bcel.BcelWeaver - 14:10:28.913 main > o.a.w.b.BcelWeaver.weaveAndNotify o.a.w.b.BcelWeaver@48524010 o.a.w.b.UnwovenClassFile@224b4d61, o.a.w.b.BcelObjectType@5d5d9e5, o.a.w.t.WeavingAdaptor$WeavingClassFileProvider$1@303e3593
14:10:28.917 [main] DEBUG org.aspectj.weaver.bcel.BcelWorld - 14:10:28.917 main - o.a.w.b.BcelWorld.lookupJavaClass o.a.w.l.LTWWorld@2b4a2ec7 io.qameta.allure.internal.shadowed.jackson.core.json.JsonWriteContext, o.a.a.b.c.JavaClass@674c583e
14:10:28.918 [main] DEBUG org.aspectj.weaver.bcel.BcelWeaver - 14:10:28.918 main < o.a.w.b.BcelWeaver.weaveAndNotify
14:10:28.918 [main] DEBUG org.aspectj.weaver.bcel.BcelWeaver - 14:10:28.918 main < o.a.w.b.BcelWeaver.weave java.util.ArrayList(1)
14:10:28.918 [main] DEBUG o.a.weaver.tools.WeavingAdaptor - 14:10:28.918 main < o.a.w.t.WeavingAdaptor.weaveClass byte[27436]
14:10:28.918 [main] DEBUG org.aspectj.weaver.Dump - 14:10:28.918 main > o.a.w.Dump.dumpOnExit o.a.w.t.WeavingAdaptor$WeavingAdaptorMessageHolder@6a6afff2
14:10:28.918 [main] DEBUG org.aspectj.weaver.Dump - 14:10:28.918 main > o.a.w.Dump.shouldDumpOnExit o.a.w.t.WeavingAdaptor$WeavingAdaptorMessageHolder@6a6afff2
14:10:28.918 [main] DEBUG org.aspectj.weaver.Dump - 14:10:28.918 main - o.a.w.Dump.shouldDumpOnExit abort
14:10:28.918 [main] DEBUG org.aspectj.weaver.Dump - 14:10:28.918 main < o.a.w.Dump.shouldDumpOnExit false
14:10:28.919 [main] DEBUG org.aspectj.weaver.Dump - 14:10:28.918 main < o.a.w.Dump.dumpOnExit Excluded
14:10:28.919 [main] DEBUG org.aspectj.weaver.loadtime.Aj - 14:10:28.919 main < o.a.w.l.Aj.preProcess byte[27436]
14:10:28.922 [main] DEBUG org.aspectj.weaver.loadtime.Aj - 14:10:28.921 main > o.a.w.l.Aj.preProcess o.a.w.l.Aj@b9afc07 io/qameta/allure/internal/shadowed/jackson/core/util/ByteArrayBuilder, byte[5895], j.i.l.ClassLoaders$AppClassLoader@3cd1a2f1
14:10:28.922 [main] DEBUG org.aspectj.weaver.loadtime.Aj - 14:10:28.922 main - o.a.w.l.Aj.preProcess o.a.w.l.Aj@b9afc07 j.i.l.ClassLoaders$PlatformClassLoader@1ad282e0, j.i.l.ClassLoaders$AppClassLoader@3cd1a2f1
14:10:28.922 [main] DEBUG o.a.weaver.tools.WeavingAdaptor - 14:10:28.922 main > o.a.w.t.WeavingAdaptor.weaveClass o.a.w.l.ClassLoaderWeavingAdaptor@140e5a13 io/qameta/allure/internal/shadowed/jackson/core/util/ByteArrayBuilder, byte[5895]
14:10:28.922 [main] DEBUG org.aspectj.weaver.bcel.BcelWeaver - 14:10:28.922 main > o.a.w.b.BcelWeaver.weave o.a.w.b.BcelWeaver@48524010 o.a.w.t.WeavingAdaptor$WeavingClassFileProvider@5fb97279
14:10:28.922 [main] DEBUG org.aspectj.weaver.bcel.BcelWeaver - 14:10:28.922 main > o.a.w.b.BcelWeaver.weaveAndNotify o.a.w.b.BcelWeaver@48524010 o.a.w.b.UnwovenClassFile@439a8f59, o.a.w.b.BcelObjectType@61861a29, o.a.w.t.WeavingAdaptor$WeavingClassFileProvider$1@31024624
14:10:28.924 [main] DEBUG org.aspectj.weaver.bcel.BcelWeaver - 14:10:28.924 main < o.a.w.b.BcelWeaver.weaveAndNotify
14:10:28.924 [main] DEBUG org.aspectj.weaver.bcel.BcelWeaver - 14:10:28.924 main < o.a.w.b.BcelWeaver.weave java.util.ArrayList(1)
14:10:28.924 [main] DEBUG o.a.weaver.tools.WeavingAdaptor - 14:10:28.924 main < o.a.w.t.WeavingAdaptor.weaveClass byte[5895]
14:10:28.924 [main] DEBUG org.aspectj.weaver.Dump - 14:10:28.924 main > o.a.w.Dump.dumpOnExit o.a.w.t.WeavingAdaptor$WeavingAdaptorMessageHolder@6a6afff2
14:10:28.924 [main] DEBUG org.aspectj.weaver.Dump - 14:10:28.924 main > o.a.w.Dump.shouldDumpOnExit o.a.w.t.WeavingAdaptor$WeavingAdaptorMessageHolder@6a6afff2
14:10:28.924 [main] DEBUG org.aspectj.weaver.Dump - 14:10:28.924 main - o.a.w.Dump.shouldDumpOnExit abort
14:10:28.924 [main] DEBUG org.aspectj.weaver.Dump - 14:10:28.924 main < o.a.w.Dump.shouldDumpOnExit false
14:10:28.924 [main] DEBUG org.aspectj.weaver.Dump - 14:10:28.924 main < o.a.w.Dump.dumpOnExit Excluded
14:10:28.924 [main] DEBUG org.aspectj.weaver.loadtime.Aj - 14:10:28.924 main < o.a.w.l.Aj.preProcess byte[5895]
14:10:28.926 [main] DEBUG org.aspectj.weaver.loadtime.Aj - 14:10:28.926 main > o.a.w.l.Aj.preProcess o.a.w.l.Aj@b9afc07 io/qameta/allure/internal/shadowed/jackson/core/io/SegmentedStringWriter, byte[2747], j.i.l.ClassLoaders$AppClassLoader@3cd1a2f1
14:10:28.926 [main] DEBUG org.aspectj.weaver.loadtime.Aj - 14:10:28.926 main - o.a.w.l.Aj.preProcess o.a.w.l.Aj@b9afc07 j.i.l.ClassLoaders$PlatformClassLoader@1ad282e0, j.i.l.ClassLoaders$AppClassLoader@3cd1a2f1
14:10:28.927 [main] DEBUG o.a.weaver.tools.WeavingAdaptor - 14:10:28.926 main > o.a.w.t.WeavingAdaptor.weaveClass o.a.w.l.ClassLoaderWeavingAdaptor@140e5a13 io/qameta/allure/internal/shadowed/jackson/core/io/SegmentedStringWriter, byte[2747]
14:10:28.927 [main] DEBUG org.aspectj.weaver.bcel.BcelWeaver - 14:10:28.927 main > o.a.w.b.BcelWeaver.weave o.a.w.b.BcelWeaver@48524010 o.a.w.t.WeavingAdaptor$WeavingClassFileProvider@6fff253c
14:10:28.927 [main] DEBUG org.aspectj.weaver.bcel.BcelWeaver - 14:10:28.927 main > o.a.w.b.BcelWeaver.weaveAndNotify o.a.w.b.BcelWeaver@48524010 o.a.w.b.UnwovenClassFile@6c6357f9, o.a.w.b.BcelObjectType@591e58fa, o.a.w.t.WeavingAdaptor$WeavingClassFileProvider$1@3954d008
14:10:28.927 [main] DEBUG org.aspectj.weaver.bcel.BcelWorld - 14:10:28.927 main - o.a.w.b.BcelWorld.lookupJavaClass o.a.w.l.LTWWorld@2b4a2ec7 java.lang.Appendable, o.a.a.b.c.JavaClass@632ceb35
14:10:28.928 [main] DEBUG org.aspectj.weaver.bcel.BcelWorld - 14:10:28.928 main - o.a.w.b.BcelWorld.lookupJavaClass o.a.w.l.LTWWorld@2b4a2ec7 java.lang.CharSequence, o.a.a.b.c.JavaClass@1458ed9c
14:10:28.928 [main] DEBUG org.aspectj.weaver.bcel.BcelWeaver - 14:10:28.928 main < o.a.w.b.BcelWeaver.weaveAndNotify
14:10:28.928 [main] DEBUG org.aspectj.weaver.bcel.BcelWeaver - 14:10:28.928 main < o.a.w.b.BcelWeaver.weave java.util.ArrayList(1)
14:10:28.928 [main] DEBUG o.a.weaver.tools.WeavingAdaptor - 14:10:28.928 main < o.a.w.t.WeavingAdaptor.weaveClass byte[2747]
14:10:28.928 [main] DEBUG org.aspectj.weaver.Dump - 14:10:28.928 main > o.a.w.Dump.dumpOnExit o.a.w.t.WeavingAdaptor$WeavingAdaptorMessageHolder@6a6afff2
14:10:28.928 [main] DEBUG org.aspectj.weaver.Dump - 14:10:28.928 main > o.a.w.Dump.shouldDumpOnExit o.a.w.t.WeavingAdaptor$WeavingAdaptorMessageHolder@6a6afff2
14:10:28.928 [main] DEBUG org.aspectj.weaver.Dump - 14:10:28.928 main - o.a.w.Dump.shouldDumpOnExit abort
14:10:28.928 [main] DEBUG org.aspectj.weaver.Dump - 14:10:28.928 main < o.a.w.Dump.shouldDumpOnExit false
14:10:28.928 [main] DEBUG org.aspectj.weaver.Dump - 14:10:28.928 main < o.a.w.Dump.dumpOnExit Excluded
14:10:28.928 [main] DEBUG org.aspectj.weaver.loadtime.Aj - 14:10:28.928 main < o.a.w.l.Aj.preProcess byte[2747]
14:10:28.930 [main] DEBUG org.aspectj.weaver.loadtime.Aj - 14:10:28.930 main > o.a.w.l.Aj.preProcess o.a.w.l.Aj@b9afc07 io/qameta/allure/internal/shadowed/jackson/databind/JavaType, byte[8356], j.i.l.ClassLoaders$AppClassLoader@3cd1a2f1
14:10:28.930 [main] DEBUG org.aspectj.weaver.loadtime.Aj - 14:10:28.930 main - o.a.w.l.Aj.preProcess o.a.w.l.Aj@b9afc07 j.i.l.ClassLoaders$PlatformClassLoader@1ad282e0, j.i.l.ClassLoaders$AppClassLoader@3cd1a2f1
14:10:28.931 [main] DEBUG o.a.weaver.tools.WeavingAdaptor - 14:10:28.931 main > o.a.w.t.WeavingAdaptor.weaveClass o.a.w.l.ClassLoaderWeavingAdaptor@140e5a13 io/qameta/allure/internal/shadowed/jackson/databind/JavaType, byte[8356]
14:10:28.931 [main] DEBUG org.aspectj.weaver.bcel.BcelWeaver - 14:10:28.931 main > o.a.w.b.BcelWeaver.weave o.a.w.b.BcelWeaver@48524010 o.a.w.t.WeavingAdaptor$WeavingClassFileProvider@64bc21ac
14:10:28.931 [main] DEBUG org.aspectj.weaver.bcel.BcelWorld - 14:10:28.931 main - o.a.w.b.BcelWorld.lookupJavaClass o.a.w.l.LTWWorld@2b4a2ec7 io.qameta.allure.internal.shadowed.jackson.core.type.ResolvedType, o.a.a.b.c.JavaClass@765f05af
14:10:28.931 [main] DEBUG org.aspectj.weaver.bcel.BcelWorld - 14:10:28.931 main - o.a.w.b.BcelWorld.lookupJavaClass o.a.w.l.LTWWorld@2b4a2ec7 java.lang.reflect.Type, o.a.a.b.c.JavaClass@c5ee75e
14:10:28.931 [main] DEBUG org.aspectj.weaver.bcel.BcelWeaver - 14:10:28.931 main > o.a.w.b.BcelWeaver.weaveAndNotify o.a.w.b.BcelWeaver@48524010 o.a.w.b.UnwovenClassFile@493dfb8e, o.a.w.b.BcelObjectType@5d25e6bb, o.a.w.t.WeavingAdaptor$WeavingClassFileProvider$1@ce5a68e
14:10:28.933 [main] DEBUG org.aspectj.weaver.bcel.BcelWeaver - 14:10:28.933 main < o.a.w.b.BcelWeaver.weaveAndNotify
14:10:28.933 [main] DEBUG org.aspectj.weaver.bcel.BcelWeaver - 14:10:28.933 main < o.a.w.b.BcelWeaver.weave java.util.ArrayList(1)
14:10:28.933 [main] DEBUG o.a.weaver.tools.WeavingAdaptor - 14:10:28.933 main < o.a.w.t.WeavingAdaptor.weaveClass byte[8356]
14:10:28.933 [main] DEBUG org.aspectj.weaver.Dump - 14:10:28.933 main > o.a.w.Dump.dumpOnExit o.a.w.t.WeavingAdaptor$WeavingAdaptorMessageHolder@6a6afff2
14:10:28.933 [main] DEBUG org.aspectj.weaver.Dump - 14:10:28.933 main > o.a.w.Dump.shouldDumpOnExit o.a.w.t.WeavingAdaptor$WeavingAdaptorMessageHolder@6a6afff2
14:10:28.933 [main] DEBUG org.aspectj.weaver.Dump - 14:10:28.933 main - o.a.w.Dump.shouldDumpOnExit abort
14:10:28.933 [main] DEBUG org.aspectj.weaver.Dump - 14:10:28.933 main < o.a.w.Dump.shouldDumpOnExit false
14:10:28.933 [main] DEBUG org.aspectj.weaver.Dump - 14:10:28.933 main < o.a.w.Dump.dumpOnExit Excluded
14:10:28.933 [main] DEBUG org.aspectj.weaver.loadtime.Aj - 14:10:28.933 main < o.a.w.l.Aj.preProcess byte[8356]
14:10:28.935 [main] DEBUG org.aspectj.weaver.loadtime.Aj - 14:10:28.935 main > o.a.w.l.Aj.preProcess o.a.w.l.Aj@b9afc07 io/qameta/allure/internal/shadowed/jackson/core/type/ResolvedType, byte[1487], j.i.l.ClassLoaders$AppClassLoader@3cd1a2f1
14:10:28.935 [main] DEBUG org.aspectj.weaver.loadtime.Aj - 14:10:28.935 main - o.a.w.l.Aj.preProcess o.a.w.l.Aj@b9afc07 j.i.l.ClassLoaders$PlatformClassLoader@1ad282e0, j.i.l.ClassLoaders$AppClassLoader@3cd1a2f1
14:10:28.935 [main] DEBUG o.a.weaver.tools.WeavingAdaptor - 14:10:28.935 main > o.a.w.t.WeavingAdaptor.weaveClass o.a.w.l.ClassLoaderWeavingAdaptor@140e5a13 io/qameta/allure/internal/shadowed/jackson/core/type/ResolvedType, byte[1487]
14:10:28.936 [main] DEBUG org.aspectj.weaver.bcel.BcelWeaver - 14:10:28.936 main > o.a.w.b.BcelWeaver.weave o.a.w.b.BcelWeaver@48524010 o.a.w.t.WeavingAdaptor$WeavingClassFileProvider@61078690
14:10:28.936 [main] DEBUG org.aspectj.weaver.bcel.BcelWeaver - 14:10:28.936 main > o.a.w.b.BcelWeaver.weaveAndNotify o.a.w.b.BcelWeaver@48524010 o.a.w.b.UnwovenClassFile@1cb3ec38, o.a.w.b.BcelObjectType@403132fc, o.a.w.t.WeavingAdaptor$WeavingClassFileProvider$1@71c5b236
14:10:28.937 [main] DEBUG org.aspectj.weaver.bcel.BcelWeaver - 14:10:28.937 main < o.a.w.b.BcelWeaver.weaveAndNotify
14:10:28.937 [main] DEBUG org.aspectj.weaver.bcel.BcelWeaver - 14:10:28.937 main < o.a.w.b.BcelWeaver.weave java.util.ArrayList(1)
14:10:28.937 [main] DEBUG o.a.weaver.tools.WeavingAdaptor - 14:10:28.937 main < o.a.w.t.WeavingAdaptor.weaveClass byte[1487]
14:10:28.937 [main] DEBUG org.aspectj.weaver.Dump - 14:10:28.937 main > o.a.w.Dump.dumpOnExit o.a.w.t.WeavingAdaptor$WeavingAdaptorMessageHolder@6a6afff2
14:10:28.937 [main] DEBUG org.aspectj.weaver.Dump - 14:10:28.937 main > o.a.w.Dump.shouldDumpOnExit o.a.w.t.WeavingAdaptor$WeavingAdaptorMessageHolder@6a6afff2
14:10:28.937 [main] DEBUG org.aspectj.weaver.Dump - 14:10:28.937 main - o.a.w.Dump.shouldDumpOnExit abort
14:10:28.937 [main] DEBUG org.aspectj.weaver.Dump - 14:10:28.937 main < o.a.w.Dump.shouldDumpOnExit false
14:10:28.937 [main] DEBUG org.aspectj.weaver.Dump - 14:10:28.937 main < o.a.w.Dump.dumpOnExit Excluded
14:10:28.937 [main] DEBUG org.aspectj.weaver.loadtime.Aj - 14:10:28.937 main < o.a.w.l.Aj.preProcess byte[1487]
14:10:28.939 [main] DEBUG org.aspectj.weaver.loadtime.Aj - 14:10:28.939 main > o.a.w.l.Aj.preProcess o.a.w.l.Aj@b9afc07 io/qameta/allure/internal/shadowed/jackson/databind/type/CollectionType, byte[7940], j.i.l.ClassLoaders$AppClassLoader@3cd1a2f1
14:10:28.939 [main] DEBUG org.aspectj.weaver.loadtime.Aj - 14:10:28.939 main - o.a.w.l.Aj.preProcess o.a.w.l.Aj@b9afc07 j.i.l.ClassLoaders$PlatformClassLoader@1ad282e0, j.i.l.ClassLoaders$AppClassLoader@3cd1a2f1
14:10:28.939 [main] DEBUG o.a.weaver.tools.WeavingAdaptor - 14:10:28.939 main > o.a.w.t.WeavingAdaptor.weaveClass o.a.w.l.ClassLoaderWeavingAdaptor@140e5a13 io/qameta/allure/internal/shadowed/jackson/databind/type/CollectionType, byte[7940]
14:10:28.939 [main] DEBUG org.aspectj.weaver.bcel.BcelWeaver - 14:10:28.939 main > o.a.w.b.BcelWeaver.weave o.a.w.b.BcelWeaver@48524010 o.a.w.t.WeavingAdaptor$WeavingClassFileProvider@4a8a60bc
14:10:28.940 [main] DEBUG org.aspectj.weaver.bcel.BcelWorld - 14:10:28.939 main - o.a.w.b.BcelWorld.lookupJavaClass o.a.w.l.LTWWorld@2b4a2ec7 io.qameta.allure.internal.shadowed.jackson.databind.type.CollectionLikeType, o.a.a.b.c.JavaClass@11eadcba
14:10:28.940 [main] DEBUG org.aspectj.weaver.bcel.BcelWeaver - 14:10:28.940 main > o.a.w.b.BcelWeaver.weaveAndNotify o.a.w.b.BcelWeaver@48524010 o.a.w.b.UnwovenClassFile@361c294e, o.a.w.b.BcelObjectType@7859e786, o.a.w.t.WeavingAdaptor$WeavingClassFileProvider$1@285d851a
14:10:28.942 [main] DEBUG org.aspectj.weaver.bcel.BcelWorld - 14:10:28.942 main - o.a.w.b.BcelWorld.lookupJavaClass o.a.w.l.LTWWorld@2b4a2ec7 io.qameta.allure.internal.shadowed.jackson.databind.type.TypeBase, o.a.a.b.c.JavaClass@5118388b
14:10:28.951 [main] DEBUG org.aspectj.weaver.bcel.BcelWorld - 14:10:28.951 main - o.a.w.b.BcelWorld.lookupJavaClass o.a.w.l.LTWWorld@2b4a2ec7 io.qameta.allure.internal.shadowed.jackson.databind.type.TypeBindings, o.a.a.b.c.JavaClass@71104a4
14:10:28.952 [main] DEBUG org.aspectj.weaver.bcel.BcelWeaver - 14:10:28.952 main < o.a.w.b.BcelWeaver.weaveAndNotify
14:10:28.952 [main] DEBUG org.aspectj.weaver.bcel.BcelWeaver - 14:10:28.952 main < o.a.w.b.BcelWeaver.weave java.util.ArrayList(1)
14:10:28.952 [main] DEBUG o.a.weaver.tools.WeavingAdaptor - 14:10:28.952 main < o.a.w.t.WeavingAdaptor.weaveClass byte[7940]
14:10:28.952 [main] DEBUG org.aspectj.weaver.Dump - 14:10:28.952 main > o.a.w.Dump.dumpOnExit o.a.w.t.WeavingAdaptor$WeavingAdaptorMessageHolder@6a6afff2
14:10:28.952 [main] DEBUG org.aspectj.weaver.Dump - 14:10:28.952 main > o.a.w.Dump.shouldDumpOnExit o.a.w.t.WeavingAdaptor$WeavingAdaptorMessageHolder@6a6afff2
14:10:28.952 [main] DEBUG org.aspectj.weaver.Dump - 14:10:28.952 main - o.a.w.Dump.shouldDumpOnExit abort
14:10:28.952 [main] DEBUG org.aspectj.weaver.Dump - 14:10:28.952 main < o.a.w.Dump.shouldDumpOnExit false
14:10:28.952 [main] DEBUG org.aspectj.weaver.Dump - 14:10:28.952 main < o.a.w.Dump.dumpOnExit Excluded
14:10:28.952 [main] DEBUG org.aspectj.weaver.loadtime.Aj - 14:10:28.952 main < o.a.w.l.Aj.preProcess byte[7940]
14:10:28.954 [main] DEBUG org.aspectj.weaver.loadtime.Aj - 14:10:28.954 main > o.a.w.l.Aj.preProcess o.a.w.l.Aj@b9afc07 io/qameta/allure/internal/shadowed/jackson/databind/type/CollectionLikeType, byte[10618], j.i.l.ClassLoaders$AppClassLoader@3cd1a2f1
14:10:28.954 [main] DEBUG org.aspectj.weaver.loadtime.Aj - 14:10:28.954 main - o.a.w.l.Aj.preProcess o.a.w.l.Aj@b9afc07 j.i.l.ClassLoaders$PlatformClassLoader@1ad282e0, j.i.l.ClassLoaders$AppClassLoader@3cd1a2f1
14:10:28.955 [main] DEBUG o.a.weaver.tools.WeavingAdaptor - 14:10:28.954 main > o.a.w.t.WeavingAdaptor.weaveClass o.a.w.l.ClassLoaderWeavingAdaptor@140e5a13 io/qameta/allure/internal/shadowed/jackson/databind/type/CollectionLikeType, byte[10618]
14:10:28.955 [main] DEBUG org.aspectj.weaver.bcel.BcelWeaver - 14:10:28.955 main > o.a.w.b.BcelWeaver.weave o.a.w.b.BcelWeaver@48524010 o.a.w.t.WeavingAdaptor$WeavingClassFileProvider@332a7fce
14:10:28.955 [main] DEBUG org.aspectj.weaver.bcel.BcelWeaver - 14:10:28.955 main > o.a.w.b.BcelWeaver.weaveAndNotify o.a.w.b.BcelWeaver@48524010 o.a.w.b.UnwovenClassFile@549621f3, o.a.w.b.BcelObjectType@54361a9, o.a.w.t.WeavingAdaptor$WeavingClassFileProvider$1@32232e55
14:10:28.956 [main] DEBUG org.aspectj.weaver.bcel.BcelWeaver - 14:10:28.956 main < o.a.w.b.BcelWeaver.weaveAndNotify
14:10:28.956 [main] DEBUG org.aspectj.weaver.bcel.BcelWeaver - 14:10:28.956 main < o.a.w.b.BcelWeaver.weave java.util.ArrayList(1)
14:10:28.956 [main] DEBUG o.a.weaver.tools.WeavingAdaptor - 14:10:28.956 main < o.a.w.t.WeavingAdaptor.weaveClass byte[10618]
14:10:28.956 [main] DEBUG org.aspectj.weaver.Dump - 14:10:28.956 main > o.a.w.Dump.dumpOnExit o.a.w.t.WeavingAdaptor$WeavingAdaptorMessageHolder@6a6afff2
14:10:28.956 [main] DEBUG org.aspectj.weaver.Dump - 14:10:28.956 main > o.a.w.Dump.shouldDumpOnExit o.a.w.t.WeavingAdaptor$WeavingAdaptorMessageHolder@6a6afff2
14:10:28.957 [main] DEBUG org.aspectj.weaver.Dump - 14:10:28.956 main - o.a.w.Dump.shouldDumpOnExit abort
14:10:28.957 [main] DEBUG org.aspectj.weaver.Dump - 14:10:28.957 main < o.a.w.Dump.shouldDumpOnExit false
14:10:28.957 [main] DEBUG org.aspectj.weaver.Dump - 14:10:28.957 main < o.a.w.Dump.dumpOnExit Excluded
14:10:28.957 [main] DEBUG org.aspectj.weaver.loadtime.Aj - 14:10:28.957 main < o.a.w.l.Aj.preProcess byte[10618]
14:10:28.958 [main] DEBUG org.aspectj.weaver.loadtime.Aj - 14:10:28.958 main > o.a.w.l.Aj.preProcess o.a.w.l.Aj@b9afc07 io/qameta/allure/internal/shadowed/jackson/databind/type/TypeBase, byte[9192], j.i.l.ClassLoaders$AppClassLoader@3cd1a2f1
14:10:28.958 [main] DEBUG org.aspectj.weaver.loadtime.Aj - 14:10:28.958 main - o.a.w.l.Aj.preProcess o.a.w.l.Aj@b9afc07 j.i.l.ClassLoaders$PlatformClassLoader@1ad282e0, j.i.l.ClassLoaders$AppClassLoader@3cd1a2f1
14:10:28.959 [main] DEBUG o.a.weaver.tools.WeavingAdaptor - 14:10:28.959 main > o.a.w.t.WeavingAdaptor.weaveClass o.a.w.l.ClassLoaderWeavingAdaptor@140e5a13 io/qameta/allure/internal/shadowed/jackson/databind/type/TypeBase, byte[9192]
14:10:28.959 [main] DEBUG org.aspectj.weaver.bcel.BcelWeaver - 14:10:28.959 main > o.a.w.b.BcelWeaver.weave o.a.w.b.BcelWeaver@48524010 o.a.w.t.WeavingAdaptor$WeavingClassFileProvider@6e9319f
14:10:28.959 [main] DEBUG org.aspectj.weaver.bcel.BcelWeaver - 14:10:28.959 main > o.a.w.b.BcelWeaver.weaveAndNotify o.a.w.b.BcelWeaver@48524010 o.a.w.b.UnwovenClassFile@72e34f77, o.a.w.b.BcelObjectType@7bf9b098, o.a.w.t.WeavingAdaptor$WeavingClassFileProvider$1@389adf1d
14:10:28.961 [main] DEBUG org.aspectj.weaver.bcel.BcelWeaver - 14:10:28.961 main < o.a.w.b.BcelWeaver.weaveAndNotify
14:10:28.961 [main] DEBUG org.aspectj.weaver.bcel.BcelWeaver - 14:10:28.961 main < o.a.w.b.BcelWeaver.weave java.util.ArrayList(1)
14:10:28.961 [main] DEBUG o.a.weaver.tools.WeavingAdaptor - 14:10:28.961 main < o.a.w.t.WeavingAdaptor.weaveClass byte[9192]
14:10:28.961 [main] DEBUG org.aspectj.weaver.Dump - 14:10:28.961 main > o.a.w.Dump.dumpOnExit o.a.w.t.WeavingAdaptor$WeavingAdaptorMessageHolder@6a6afff2
14:10:28.961 [main] DEBUG org.aspectj.weaver.Dump - 14:10:28.961 main > o.a.w.Dump.shouldDumpOnExit o.a.w.t.WeavingAdaptor$WeavingAdaptorMessageHolder@6a6afff2
14:10:28.961 [main] DEBUG org.aspectj.weaver.Dump - 14:10:28.961 main - o.a.w.Dump.shouldDumpOnExit abort
14:10:28.961 [main] DEBUG org.aspectj.weaver.Dump - 14:10:28.961 main < o.a.w.Dump.shouldDumpOnExit false
14:10:28.961 [main] DEBUG org.aspectj.weaver.Dump - 14:10:28.961 main < o.a.w.Dump.dumpOnExit Excluded
14:10:28.961 [main] DEBUG org.aspectj.weaver.loadtime.Aj - 14:10:28.961 main < o.a.w.l.Aj.preProcess byte[9192]
14:10:28.964 [main] DEBUG org.aspectj.weaver.loadtime.Aj - 14:10:28.964 main > o.a.w.l.Aj.preProcess o.a.w.l.Aj@b9afc07 io/qameta/allure/internal/shadowed/jackson/databind/exc/MismatchedInputException, byte[3755], j.i.l.ClassLoaders$AppClassLoader@3cd1a2f1
14:10:28.964 [main] DEBUG org.aspectj.weaver.loadtime.Aj - 14:10:28.964 main - o.a.w.l.Aj.preProcess o.a.w.l.Aj@b9afc07 j.i.l.ClassLoaders$PlatformClassLoader@1ad282e0, j.i.l.ClassLoaders$AppClassLoader@3cd1a2f1
14:10:28.964 [main] DEBUG o.a.weaver.tools.WeavingAdaptor - 14:10:28.964 main > o.a.w.t.WeavingAdaptor.weaveClass o.a.w.l.ClassLoaderWeavingAdaptor@140e5a13 io/qameta/allure/internal/shadowed/jackson/databind/exc/MismatchedInputException, byte[3755]
14:10:28.964 [main] DEBUG org.aspectj.weaver.bcel.BcelWeaver - 14:10:28.964 main > o.a.w.b.BcelWeaver.weave o.a.w.b.BcelWeaver@48524010 o.a.w.t.WeavingAdaptor$WeavingClassFileProvider@2c177f9e
14:10:28.965 [main] DEBUG org.aspectj.weaver.bcel.BcelWeaver - 14:10:28.964 main > o.a.w.b.BcelWeaver.weaveAndNotify o.a.w.b.BcelWeaver@48524010 o.a.w.b.UnwovenClassFile@5db4c359, o.a.w.b.BcelObjectType@209775a9, o.a.w.t.WeavingAdaptor$WeavingClassFileProvider$1@18e7143f
14:10:28.968 [main] DEBUG org.aspectj.weaver.bcel.BcelWeaver - 14:10:28.967 main < o.a.w.b.BcelWeaver.weaveAndNotify
14:10:28.968 [main] DEBUG org.aspectj.weaver.bcel.BcelWeaver - 14:10:28.968 main < o.a.w.b.BcelWeaver.weave java.util.ArrayList(1)
14:10:28.968 [main] DEBUG o.a.weaver.tools.WeavingAdaptor - 14:10:28.968 main < o.a.w.t.WeavingAdaptor.weaveClass byte[3755]
14:10:28.968 [main] DEBUG org.aspectj.weaver.Dump - 14:10:28.968 main > o.a.w.Dump.dumpOnExit o.a.w.t.WeavingAdaptor$WeavingAdaptorMessageHolder@6a6afff2
14:10:28.968 [main] DEBUG org.aspectj.weaver.Dump - 14:10:28.968 main > o.a.w.Dump.shouldDumpOnExit o.a.w.t.WeavingAdaptor$WeavingAdaptorMessageHolder@6a6afff2
14:10:28.968 [main] DEBUG org.aspectj.weaver.Dump - 14:10:28.968 main - o.a.w.Dump.shouldDumpOnExit abort
14:10:28.968 [main] DEBUG org.aspectj.weaver.Dump - 14:10:28.968 main < o.a.w.Dump.shouldDumpOnExit false
14:10:28.968 [main] DEBUG org.aspectj.weaver.Dump - 14:10:28.968 main < o.a.w.Dump.dumpOnExit Excluded
14:10:28.968 [main] DEBUG org.aspectj.weaver.loadtime.Aj - 14:10:28.968 main < o.a.w.l.Aj.preProcess byte[3755]
14:10:28.969 [main] DEBUG org.aspectj.weaver.loadtime.Aj - 14:10:28.969 main > o.a.w.l.Aj.preProcess o.a.w.l.Aj@b9afc07 io/qameta/allure/internal/shadowed/jackson/databind/type/ArrayType, byte[7623], j.i.l.ClassLoaders$AppClassLoader@3cd1a2f1
14:10:28.970 [main] DEBUG org.aspectj.weaver.loadtime.Aj - 14:10:28.970 main - o.a.w.l.Aj.preProcess o.a.w.l.Aj@b9afc07 j.i.l.ClassLoaders$PlatformClassLoader@1ad282e0, j.i.l.ClassLoaders$AppClassLoader@3cd1a2f1
14:10:28.970 [main] DEBUG o.a.weaver.tools.WeavingAdaptor - 14:10:28.970 main > o.a.w.t.WeavingAdaptor.weaveClass o.a.w.l.ClassLoaderWeavingAdaptor@140e5a13 io/qameta/allure/internal/shadowed/jackson/databind/type/ArrayType, byte[7623]
14:10:28.970 [main] DEBUG org.aspectj.weaver.bcel.BcelWeaver - 14:10:28.970 main > o.a.w.b.BcelWeaver.weave o.a.w.b.BcelWeaver@48524010 o.a.w.t.WeavingAdaptor$WeavingClassFileProvider@c65a5ef
14:10:28.970 [main] DEBUG org.aspectj.weaver.bcel.BcelWeaver - 14:10:28.970 main > o.a.w.b.BcelWeaver.weaveAndNotify o.a.w.b.BcelWeaver@48524010 o.a.w.b.UnwovenClassFile@6b5176f2, o.a.w.b.BcelObjectType@b672aa8, o.a.w.t.WeavingAdaptor$WeavingClassFileProvider$1@2fab4aff
14:10:28.975 [main] DEBUG org.aspectj.weaver.bcel.BcelWeaver - 14:10:28.975 main < o.a.w.b.BcelWeaver.weaveAndNotify
14:10:28.976 [main] DEBUG org.aspectj.weaver.bcel.BcelWeaver - 14:10:28.975 main < o.a.w.b.BcelWeaver.weave java.util.ArrayList(1)
14:10:28.976 [main] DEBUG o.a.weaver.tools.WeavingAdaptor - 14:10:28.976 main < o.a.w.t.WeavingAdaptor.weaveClass byte[7623]
14:10:28.976 [main] DEBUG org.aspectj.weaver.Dump - 14:10:28.976 main > o.a.w.Dump.dumpOnExit o.a.w.t.WeavingAdaptor$WeavingAdaptorMessageHolder@6a6afff2
14:10:28.976 [main] DEBUG org.aspectj.weaver.Dump - 14:10:28.976 main > o.a.w.Dump.shouldDumpOnExit o.a.w.t.WeavingAdaptor$WeavingAdaptorMessageHolder@6a6afff2
14:10:28.976 [main] DEBUG org.aspectj.weaver.Dump - 14:10:28.976 main - o.a.w.Dump.shouldDumpOnExit abort
14:10:28.976 [main] DEBUG org.aspectj.weaver.Dump - 14:10:28.976 main < o.a.w.Dump.shouldDumpOnExit false
14:10:28.976 [main] DEBUG org.aspectj.weaver.Dump - 14:10:28.976 main < o.a.w.Dump.dumpOnExit Excluded
14:10:28.976 [main] DEBUG org.aspectj.weaver.loadtime.Aj - 14:10:28.976 main < o.a.w.l.Aj.preProcess byte[7623]
14:10:28.978 [main] DEBUG org.aspectj.weaver.loadtime.Aj - 14:10:28.978 main > o.a.w.l.Aj.preProcess o.a.w.l.Aj@b9afc07 io/qameta/allure/internal/shadowed/jackson/databind/type/MapType, byte[9401], j.i.l.ClassLoaders$AppClassLoader@3cd1a2f1
14:10:28.978 [main] DEBUG org.aspectj.weaver.loadtime.Aj - 14:10:28.978 main - o.a.w.l.Aj.preProcess o.a.w.l.Aj@b9afc07 j.i.l.ClassLoaders$PlatformClassLoader@1ad282e0, j.i.l.ClassLoaders$AppClassLoader@3cd1a2f1
14:10:28.978 [main] DEBUG o.a.weaver.tools.WeavingAdaptor - 14:10:28.978 main > o.a.w.t.WeavingAdaptor.weaveClass o.a.w.l.ClassLoaderWeavingAdaptor@140e5a13 io/qameta/allure/internal/shadowed/jackson/databind/type/MapType, byte[9401]
14:10:28.979 [main] DEBUG org.aspectj.weaver.bcel.BcelWeaver - 14:10:28.979 main > o.a.w.b.BcelWeaver.weave o.a.w.b.BcelWeaver@48524010 o.a.w.t.WeavingAdaptor$WeavingClassFileProvider@21c64522
14:10:28.979 [main] DEBUG org.aspectj.weaver.bcel.BcelWorld - 14:10:28.979 main - o.a.w.b.BcelWorld.lookupJavaClass o.a.w.l.LTWWorld@2b4a2ec7 io.qameta.allure.internal.shadowed.jackson.databind.type.MapLikeType, o.a.a.b.c.JavaClass@62dae540
14:10:28.979 [main] DEBUG org.aspectj.weaver.bcel.BcelWeaver - 14:10:28.979 main > o.a.w.b.BcelWeaver.weaveAndNotify o.a.w.b.BcelWeaver@48524010 o.a.w.b.UnwovenClassFile@7997b197, o.a.w.b.BcelObjectType@11dee337, o.a.w.t.WeavingAdaptor$WeavingClassFileProvider$1@460f76a6
14:10:29.027 [main] DEBUG org.aspectj.weaver.bcel.BcelWeaver - 14:10:29.026 main < o.a.w.b.BcelWeaver.weaveAndNotify
14:10:29.027 [main] DEBUG org.aspectj.weaver.bcel.BcelWeaver - 14:10:29.027 main < o.a.w.b.BcelWeaver.weave java.util.ArrayList(1)
14:10:29.027 [main] DEBUG o.a.weaver.tools.WeavingAdaptor - 14:10:29.027 main < o.a.w.t.WeavingAdaptor.weaveClass byte[9401]
14:10:29.027 [main] DEBUG org.aspectj.weaver.Dump - 14:10:29.027 main > o.a.w.Dump.dumpOnExit o.a.w.t.WeavingAdaptor$WeavingAdaptorMessageHolder@6a6afff2
14:10:29.027 [main] DEBUG org.aspectj.weaver.Dump - 14:10:29.027 main > o.a.w.Dump.shouldDumpOnExit o.a.w.t.WeavingAdaptor$WeavingAdaptorMessageHolder@6a6afff2
14:10:29.027 [main] DEBUG org.aspectj.weaver.Dump - 14:10:29.027 main - o.a.w.Dump.shouldDumpOnExit abort
14:10:29.027 [main] DEBUG org.aspectj.weaver.Dump - 14:10:29.027 main < o.a.w.Dump.shouldDumpOnExit false
14:10:29.027 [main] DEBUG org.aspectj.weaver.Dump - 14:10:29.027 main < o.a.w.Dump.dumpOnExit Excluded
14:10:29.027 [main] DEBUG org.aspectj.weaver.loadtime.Aj - 14:10:29.027 main < o.a.w.l.Aj.preProcess byte[9401]
14:10:29.029 [main] DEBUG org.aspectj.weaver.loadtime.Aj - 14:10:29.029 main > o.a.w.l.Aj.preProcess o.a.w.l.Aj@b9afc07 io/qameta/allure/internal/shadowed/jackson/databind/type/MapLikeType, byte[11256], j.i.l.ClassLoaders$AppClassLoader@3cd1a2f1
14:10:29.030 [main] DEBUG org.aspectj.weaver.loadtime.Aj - 14:10:29.030 main - o.a.w.l.Aj.preProcess o.a.w.l.Aj@b9afc07 j.i.l.ClassLoaders$PlatformClassLoader@1ad282e0, j.i.l.ClassLoaders$AppClassLoader@3cd1a2f1
14:10:29.030 [main] DEBUG o.a.weaver.tools.WeavingAdaptor - 14:10:29.030 main > o.a.w.t.WeavingAdaptor.weaveClass o.a.w.l.ClassLoaderWeavingAdaptor@140e5a13 io/qameta/allure/internal/shadowed/jackson/databind/type/MapLikeType, byte[11256]
14:10:29.031 [main] DEBUG org.aspectj.weaver.bcel.BcelWeaver - 14:10:29.030 main > o.a.w.b.BcelWeaver.weave o.a.w.b.BcelWeaver@48524010 o.a.w.t.WeavingAdaptor$WeavingClassFileProvider@76a82f33
14:10:29.031 [main] DEBUG org.aspectj.weaver.bcel.BcelWeaver - 14:10:29.031 main > o.a.w.b.BcelWeaver.weaveAndNotify o.a.w.b.BcelWeaver@48524010 o.a.w.b.UnwovenClassFile@6bab2585, o.a.w.b.BcelObjectType@74bdc168, o.a.w.t.WeavingAdaptor$WeavingClassFileProvider$1@644c78d4
14:10:29.043 [main] DEBUG org.aspectj.weaver.bcel.BcelWeaver - 14:10:29.042 main < o.a.w.b.BcelWeaver.weaveAndNotify
14:10:29.043 [main] DEBUG org.aspectj.weaver.bcel.BcelWeaver - 14:10:29.043 main < o.a.w.b.BcelWeaver.weave java.util.ArrayList(1)
14:10:29.043 [main] DEBUG o.a.weaver.tools.WeavingAdaptor - 14:10:29.043 main < o.a.w.t.WeavingAdaptor.weaveClass byte[11256]
14:10:29.043 [main] DEBUG org.aspectj.weaver.Dump - 14:10:29.043 main > o.a.w.Dump.dumpOnExit o.a.w.t.WeavingAdaptor$WeavingAdaptorMessageHolder@6a6afff2
14:10:29.043 [main] DEBUG org.aspectj.weaver.Dump - 14:10:29.043 main > o.a.w.Dump.shouldDumpOnExit o.a.w.t.WeavingAdaptor$WeavingAdaptorMessageHolder@6a6afff2
14:10:29.043 [main] DEBUG org.aspectj.weaver.Dump - 14:10:29.043 main - o.a.w.Dump.shouldDumpOnExit abort
14:10:29.043 [main] DEBUG org.aspectj.weaver.Dump - 14:10:29.043 main < o.a.w.Dump.shouldDumpOnExit false
14:10:29.043 [main] DEBUG org.aspectj.weaver.Dump - 14:10:29.043 main < o.a.w.Dump.dumpOnExit Excluded
14:10:29.043 [main] DEBUG org.aspectj.weaver.loadtime.Aj - 14:10:29.043 main < o.a.w.l.Aj.preProcess byte[11256]
14:10:29.049 [main] DEBUG org.aspectj.weaver.loadtime.Aj - 14:10:29.049 main > o.a.w.l.Aj.preProcess o.a.w.l.Aj@b9afc07 io/qameta/allure/internal/shadowed/jackson/databind/Module$SetupContext, byte[3691], j.i.l.ClassLoaders$AppClassLoader@3cd1a2f1
14:10:29.049 [main] DEBUG org.aspectj.weaver.loadtime.Aj - 14:10:29.049 main - o.a.w.l.Aj.preProcess o.a.w.l.Aj@b9afc07 j.i.l.ClassLoaders$PlatformClassLoader@1ad282e0, j.i.l.ClassLoaders$AppClassLoader@3cd1a2f1
14:10:29.049 [main] DEBUG o.a.weaver.tools.WeavingAdaptor - 14:10:29.049 main > o.a.w.t.WeavingAdaptor.weaveClass o.a.w.l.ClassLoaderWeavingAdaptor@140e5a13 io/qameta/allure/internal/shadowed/jackson/databind/Module$SetupContext, byte[3691]
14:10:29.049 [main] DEBUG org.aspectj.weaver.bcel.BcelWeaver - 14:10:29.049 main > o.a.w.b.BcelWeaver.weave o.a.w.b.BcelWeaver@48524010 o.a.w.t.WeavingAdaptor$WeavingClassFileProvider@62923ee6
14:10:29.050 [main] DEBUG org.aspectj.weaver.bcel.BcelWeaver - 14:10:29.050 main > o.a.w.b.BcelWeaver.weaveAndNotify o.a.w.b.BcelWeaver@48524010 o.a.w.b.UnwovenClassFile@4089713, o.a.w.b.BcelObjectType@f19c9d2, o.a.w.t.WeavingAdaptor$WeavingClassFileProvider$1@7807ac2c
14:10:29.050 [main] DEBUG org.aspectj.weaver.bcel.BcelWeaver - 14:10:29.050 main < o.a.w.b.BcelWeaver.weaveAndNotify
14:10:29.051 [main] DEBUG org.aspectj.weaver.bcel.BcelWeaver - 14:10:29.050 main < o.a.w.b.BcelWeaver.weave java.util.ArrayList(1)
14:10:29.051 [main] DEBUG o.a.weaver.tools.WeavingAdaptor - 14:10:29.051 main < o.a.w.t.WeavingAdaptor.weaveClass byte[3691]
14:10:29.051 [main] DEBUG org.aspectj.weaver.Dump - 14:10:29.051 main > o.a.w.Dump.dumpOnExit o.a.w.t.WeavingAdaptor$WeavingAdaptorMessageHolder@6a6afff2
14:10:29.051 [main] DEBUG org.aspectj.weaver.Dump - 14:10:29.051 main > o.a.w.Dump.shouldDumpOnExit o.a.w.t.WeavingAdaptor$WeavingAdaptorMessageHolder@6a6afff2
14:10:29.051 [main] DEBUG org.aspectj.weaver.Dump - 14:10:29.051 main - o.a.w.Dump.shouldDumpOnExit abort
14:10:29.051 [main] DEBUG org.aspectj.weaver.Dump - 14:10:29.051 main < o.a.w.Dump.shouldDumpOnExit false
14:10:29.051 [main] DEBUG org.aspectj.weaver.Dump - 14:10:29.051 main < o.a.w.Dump.dumpOnExit Excluded
14:10:29.051 [main] DEBUG org.aspectj.weaver.loadtime.Aj - 14:10:29.051 main < o.a.w.l.Aj.preProcess byte[3691]
14:10:29.053 [main] DEBUG org.aspectj.weaver.loadtime.Aj - 14:10:29.053 main > o.a.w.l.Aj.preProcess o.a.w.l.Aj@b9afc07 io/qameta/allure/internal/shadowed/jackson/databind/introspect/VisibilityChecker, byte[2775], j.i.l.ClassLoaders$AppClassLoader@3cd1a2f1
14:10:29.053 [main] DEBUG org.aspectj.weaver.loadtime.Aj - 14:10:29.053 main - o.a.w.l.Aj.preProcess o.a.w.l.Aj@b9afc07 j.i.l.ClassLoaders$PlatformClassLoader@1ad282e0, j.i.l.ClassLoaders$AppClassLoader@3cd1a2f1
14:10:29.053 [main] DEBUG o.a.weaver.tools.WeavingAdaptor - 14:10:29.053 main > o.a.w.t.WeavingAdaptor.weaveClass o.a.w.l.ClassLoaderWeavingAdaptor@140e5a13 io/qameta/allure/internal/shadowed/jackson/databind/introspect/VisibilityChecker, byte[2775]
14:10:29.053 [main] DEBUG org.aspectj.weaver.bcel.BcelWeaver - 14:10:29.053 main > o.a.w.b.BcelWeaver.weave o.a.w.b.BcelWeaver@48524010 o.a.w.t.WeavingAdaptor$WeavingClassFileProvider@4fd4cae3
14:10:29.054 [main] DEBUG org.aspectj.weaver.bcel.BcelWeaver - 14:10:29.054 main > o.a.w.b.BcelWeaver.weaveAndNotify o.a.w.b.BcelWeaver@48524010 o.a.w.b.UnwovenClassFile@4a067c25, o.a.w.b.BcelObjectType@a1217f9, o.a.w.t.WeavingAdaptor$WeavingClassFileProvider$1@3bde62ff
14:10:29.056 [main] DEBUG org.aspectj.weaver.bcel.BcelWeaver - 14:10:29.055 main < o.a.w.b.BcelWeaver.weaveAndNotify
14:10:29.056 [main] DEBUG org.aspectj.weaver.bcel.BcelWeaver - 14:10:29.056 main < o.a.w.b.BcelWeaver.weave java.util.ArrayList(1)
14:10:29.056 [main] DEBUG o.a.weaver.tools.WeavingAdaptor - 14:10:29.056 main < o.a.w.t.WeavingAdaptor.weaveClass byte[2775]
14:10:29.056 [main] DEBUG org.aspectj.weaver.Dump - 14:10:29.056 main > o.a.w.Dump.dumpOnExit o.a.w.t.WeavingAdaptor$WeavingAdaptorMessageHolder@6a6afff2
14:10:29.057 [main] DEBUG org.aspectj.weaver.Dump - 14:10:29.056 main > o.a.w.Dump.shouldDumpOnExit o.a.w.t.WeavingAdaptor$WeavingAdaptorMessageHolder@6a6afff2
14:10:29.057 [main] DEBUG org.aspectj.weaver.Dump - 14:10:29.057 main - o.a.w.Dump.shouldDumpOnExit abort
14:10:29.057 [main] DEBUG org.aspectj.weaver.Dump - 14:10:29.057 main < o.a.w.Dump.shouldDumpOnExit false
14:10:29.057 [main] DEBUG org.aspectj.weaver.Dump - 14:10:29.057 main < o.a.w.Dump.dumpOnExit Excluded
14:10:29.057 [main] DEBUG org.aspectj.weaver.loadtime.Aj - 14:10:29.057 main < o.a.w.l.Aj.preProcess byte[2775]
14:10:29.058 [main] DEBUG org.aspectj.weaver.loadtime.Aj - 14:10:29.058 main > o.a.w.l.Aj.preProcess o.a.w.l.Aj@b9afc07 io/qameta/allure/internal/shadowed/jackson/databind/introspect/ClassIntrospector, byte[2550], j.i.l.ClassLoaders$AppClassLoader@3cd1a2f1
14:10:29.058 [main] DEBUG org.aspectj.weaver.loadtime.Aj - 14:10:29.058 main - o.a.w.l.Aj.preProcess o.a.w.l.Aj@b9afc07 j.i.l.ClassLoaders$PlatformClassLoader@1ad282e0, j.i.l.ClassLoaders$AppClassLoader@3cd1a2f1
14:10:29.059 [main] DEBUG o.a.weaver.tools.WeavingAdaptor - 14:10:29.058 main > o.a.w.t.WeavingAdaptor.weaveClass o.a.w.l.ClassLoaderWeavingAdaptor@140e5a13 io/qameta/allure/internal/shadowed/jackson/databind/introspect/ClassIntrospector, byte[2550]
14:10:29.059 [main] DEBUG org.aspectj.weaver.bcel.BcelWeaver - 14:10:29.059 main > o.a.w.b.BcelWeaver.weave o.a.w.b.BcelWeaver@48524010 o.a.w.t.WeavingAdaptor$WeavingClassFileProvider@791cbf87
14:10:29.059 [main] DEBUG org.aspectj.weaver.bcel.BcelWeaver - 14:10:29.059 main > o.a.w.b.BcelWeaver.weaveAndNotify o.a.w.b.BcelWeaver@48524010 o.a.w.b.UnwovenClassFile@a7e2d9d, o.a.w.b.BcelObjectType@754777cd, o.a.w.t.WeavingAdaptor$WeavingClassFileProvider$1@2b52c0d6
14:10:29.060 [main] DEBUG org.aspectj.weaver.bcel.BcelWeaver - 14:10:29.060 main < o.a.w.b.BcelWeaver.weaveAndNotify
14:10:29.060 [main] DEBUG org.aspectj.weaver.bcel.BcelWeaver - 14:10:29.060 main < o.a.w.b.BcelWeaver.weave java.util.ArrayList(1)
14:10:29.060 [main] DEBUG o.a.weaver.tools.WeavingAdaptor - 14:10:29.060 main < o.a.w.t.WeavingAdaptor.weaveClass byte[2550]
14:10:29.060 [main] DEBUG org.aspectj.weaver.Dump - 14:10:29.060 main > o.a.w.Dump.dumpOnExit o.a.w.t.WeavingAdaptor$WeavingAdaptorMessageHolder@6a6afff2
14:10:29.060 [main] DEBUG org.aspectj.weaver.Dump - 14:10:29.060 main > o.a.w.Dump.shouldDumpOnExit o.a.w.t.WeavingAdaptor$WeavingAdaptorMessageHolder@6a6afff2
14:10:29.060 [main] DEBUG org.aspectj.weaver.Dump - 14:10:29.060 main - o.a.w.Dump.shouldDumpOnExit abort
14:10:29.060 [main] DEBUG org.aspectj.weaver.Dump - 14:10:29.060 main < o.a.w.Dump.shouldDumpOnExit false
14:10:29.060 [main] DEBUG org.aspectj.weaver.Dump - 14:10:29.060 main < o.a.w.Dump.dumpOnExit Excluded
14:10:29.060 [main] DEBUG org.aspectj.weaver.loadtime.Aj - 14:10:29.060 main < o.a.w.l.Aj.preProcess byte[2550]
14:10:29.062 [main] DEBUG org.aspectj.weaver.loadtime.Aj - 14:10:29.062 main > o.a.w.l.Aj.preProcess o.a.w.l.Aj@b9afc07 io/qameta/allure/internal/shadowed/jackson/databind/introspect/BasicClassIntrospector, byte[18175], j.i.l.ClassLoaders$AppClassLoader@3cd1a2f1
14:10:29.063 [main] DEBUG org.aspectj.weaver.loadtime.Aj - 14:10:29.063 main - o.a.w.l.Aj.preProcess o.a.w.l.Aj@b9afc07 j.i.l.ClassLoaders$PlatformClassLoader@1ad282e0, j.i.l.ClassLoaders$AppClassLoader@3cd1a2f1
14:10:29.063 [main] DEBUG o.a.weaver.tools.WeavingAdaptor - 14:10:29.063 main > o.a.w.t.WeavingAdaptor.weaveClass o.a.w.l.ClassLoaderWeavingAdaptor@140e5a13 io/qameta/allure/internal/shadowed/jackson/databind/introspect/BasicClassIntrospector, byte[18175]
14:10:29.063 [main] DEBUG org.aspectj.weaver.bcel.BcelWeaver - 14:10:29.063 main > o.a.w.b.BcelWeaver.weave o.a.w.b.BcelWeaver@48524010 o.a.w.t.WeavingAdaptor$WeavingClassFileProvider@7de0c6ae
14:10:29.064 [main] DEBUG org.aspectj.weaver.bcel.BcelWeaver - 14:10:29.064 main > o.a.w.b.BcelWeaver.weaveAndNotify o.a.w.b.BcelWeaver@48524010 o.a.w.b.UnwovenClassFile@a486d78, o.a.w.b.BcelObjectType@cdc3aae, o.a.w.t.WeavingAdaptor$WeavingClassFileProvider$1@7ef2d7a6
14:10:29.065 [main] DEBUG org.aspectj.weaver.bcel.BcelWorld - 14:10:29.065 main - o.a.w.b.BcelWorld.lookupJavaClass o.a.w.l.LTWWorld@2b4a2ec7 io.qameta.allure.internal.shadowed.jackson.databind.SerializationConfig, o.a.a.b.c.JavaClass@c055c54
14:10:29.065 [main] DEBUG org.aspectj.weaver.bcel.BcelWorld - 14:10:29.065 main - o.a.w.b.BcelWorld.lookupJavaClass o.a.w.l.LTWWorld@2b4a2ec7 io.qameta.allure.internal.shadowed.jackson.databind.introspect.ClassIntrospector$MixInResolver, o.a.a.b.c.JavaClass@13e547a9
14:10:29.072 [main] DEBUG org.aspectj.weaver.bcel.BcelWorld - 14:10:29.070 main - o.a.w.b.BcelWorld.lookupJavaClass o.a.w.l.LTWWorld@2b4a2ec7 io.qameta.allure.internal.shadowed.jackson.databind.introspect.BasicBeanDescription, o.a.a.b.c.JavaClass@49f5c307
14:10:29.073 [main] DEBUG org.aspectj.weaver.bcel.BcelWorld - 14:10:29.073 main - o.a.w.b.BcelWorld.lookupJavaClass o.a.w.l.LTWWorld@2b4a2ec7 io.qameta.allure.internal.shadowed.jackson.databind.DeserializationConfig, o.a.a.b.c.JavaClass@4566d049
14:10:29.075 [main] DEBUG org.aspectj.weaver.bcel.BcelWorld - 14:10:29.075 main - o.a.w.b.BcelWorld.lookupJavaClass o.a.w.l.LTWWorld@2b4a2ec7 io.qameta.allure.internal.shadowed.jackson.databind.introspect.POJOPropertiesCollector, o.a.a.b.c.JavaClass@66ea1466
14:10:29.076 [main] DEBUG org.aspectj.weaver.bcel.BcelWeaver - 14:10:29.076 main < o.a.w.b.BcelWeaver.weaveAndNotify
14:10:29.076 [main] DEBUG org.aspectj.weaver.bcel.BcelWeaver - 14:10:29.076 main < o.a.w.b.BcelWeaver.weave java.util.ArrayList(1)
14:10:29.076 [main] DEBUG o.a.weaver.tools.WeavingAdaptor - 14:10:29.076 main < o.a.w.t.WeavingAdaptor.weaveClass byte[18175]
14:10:29.076 [main] DEBUG org.aspectj.weaver.Dump - 14:10:29.076 main > o.a.w.Dump.dumpOnExit o.a.w.t.WeavingAdaptor$WeavingAdaptorMessageHolder@6a6afff2
14:10:29.076 [main] DEBUG org.aspectj.weaver.Dump - 14:10:29.076 main > o.a.w.Dump.shouldDumpOnExit o.a.w.t.WeavingAdaptor$WeavingAdaptorMessageHolder@6a6afff2
14:10:29.076 [main] DEBUG org.aspectj.weaver.Dump - 14:10:29.076 main - o.a.w.Dump.shouldDumpOnExit abort
14:10:29.076 [main] DEBUG org.aspectj.weaver.Dump - 14:10:29.076 main < o.a.w.Dump.shouldDumpOnExit false
14:10:29.076 [main] DEBUG org.aspectj.weaver.Dump - 14:10:29.076 main < o.a.w.Dump.dumpOnExit Excluded
14:10:29.076 [main] DEBUG org.aspectj.weaver.loadtime.Aj - 14:10:29.076 main < o.a.w.l.Aj.preProcess byte[18175]
14:10:29.078 [main] DEBUG org.aspectj.weaver.loadtime.Aj - 14:10:29.078 main > o.a.w.l.Aj.preProcess o.a.w.l.Aj@b9afc07 io/qameta/allure/internal/shadowed/jackson/databind/jsontype/TypeResolverBuilder, byte[3423], j.i.l.ClassLoaders$AppClassLoader@3cd1a2f1
14:10:29.079 [main] DEBUG org.aspectj.weaver.loadtime.Aj - 14:10:29.079 main - o.a.w.l.Aj.preProcess o.a.w.l.Aj@b9afc07 j.i.l.ClassLoaders$PlatformClassLoader@1ad282e0, j.i.l.ClassLoaders$AppClassLoader@3cd1a2f1
14:10:29.079 [main] DEBUG o.a.weaver.tools.WeavingAdaptor - 14:10:29.079 main > o.a.w.t.WeavingAdaptor.weaveClass o.a.w.l.ClassLoaderWeavingAdaptor@140e5a13 io/qameta/allure/internal/shadowed/jackson/databind/jsontype/TypeResolverBuilder, byte[3423]
14:10:29.079 [main] DEBUG org.aspectj.weaver.bcel.BcelWeaver - 14:10:29.079 main > o.a.w.b.BcelWeaver.weave o.a.w.b.BcelWeaver@48524010 o.a.w.t.WeavingAdaptor$WeavingClassFileProvider@50687efb
14:10:29.079 [main] DEBUG org.aspectj.weaver.bcel.BcelWeaver - 14:10:29.079 main > o.a.w.b.BcelWeaver.weaveAndNotify o.a.w.b.BcelWeaver@48524010 o.a.w.b.UnwovenClassFile@517bd097, o.a.w.b.BcelObjectType@142eef62, o.a.w.t.WeavingAdaptor$WeavingClassFileProvider$1@4a9cc6cb
14:10:29.080 [main] DEBUG org.aspectj.weaver.bcel.BcelWeaver - 14:10:29.080 main < o.a.w.b.BcelWeaver.weaveAndNotify
14:10:29.080 [main] DEBUG org.aspectj.weaver.bcel.BcelWeaver - 14:10:29.080 main < o.a.w.b.BcelWeaver.weave java.util.ArrayList(1)
14:10:29.080 [main] DEBUG o.a.weaver.tools.WeavingAdaptor - 14:10:29.080 main < o.a.w.t.WeavingAdaptor.weaveClass byte[3423]
14:10:29.080 [main] DEBUG org.aspectj.weaver.Dump - 14:10:29.080 main > o.a.w.Dump.dumpOnExit o.a.w.t.WeavingAdaptor$WeavingAdaptorMessageHolder@6a6afff2
14:10:29.080 [main] DEBUG org.aspectj.weaver.Dump - 14:10:29.080 main > o.a.w.Dump.shouldDumpOnExit o.a.w.t.WeavingAdaptor$WeavingAdaptorMessageHolder@6a6afff2
14:10:29.080 [main] DEBUG org.aspectj.weaver.Dump - 14:10:29.080 main - o.a.w.Dump.shouldDumpOnExit abort
14:10:29.080 [main] DEBUG org.aspectj.weaver.Dump - 14:10:29.080 main < o.a.w.Dump.shouldDumpOnExit false
14:10:29.080 [main] DEBUG org.aspectj.weaver.Dump - 14:10:29.080 main < o.a.w.Dump.dumpOnExit Excluded
14:10:29.080 [main] DEBUG org.aspectj.weaver.loadtime.Aj - 14:10:29.080 main < o.a.w.l.Aj.preProcess byte[3423]
14:10:29.084 [main] DEBUG org.aspectj.weaver.loadtime.Aj - 14:10:29.084 main > o.a.w.l.Aj.preProcess o.a.w.l.Aj@b9afc07 io/qameta/allure/internal/shadowed/jackson/databind/introspect/AnnotationIntrospectorPair, byte[37449], j.i.l.ClassLoaders$AppClassLoader@3cd1a2f1
14:10:29.084 [main] DEBUG org.aspectj.weaver.loadtime.Aj - 14:10:29.084 main - o.a.w.l.Aj.preProcess o.a.w.l.Aj@b9afc07 j.i.l.ClassLoaders$PlatformClassLoader@1ad282e0, j.i.l.ClassLoaders$AppClassLoader@3cd1a2f1
14:10:29.084 [main] DEBUG o.a.weaver.tools.WeavingAdaptor - 14:10:29.084 main > o.a.w.t.WeavingAdaptor.weaveClass o.a.w.l.ClassLoaderWeavingAdaptor@140e5a13 io/qameta/allure/internal/shadowed/jackson/databind/introspect/AnnotationIntrospectorPair, byte[37449]
14:10:29.085 [main] DEBUG org.aspectj.weaver.bcel.BcelWeaver - 14:10:29.085 main > o.a.w.b.BcelWeaver.weave o.a.w.b.BcelWeaver@48524010 o.a.w.t.WeavingAdaptor$WeavingClassFileProvider@47289387
14:10:29.085 [main] DEBUG org.aspectj.weaver.bcel.BcelWeaver - 14:10:29.085 main > o.a.w.b.BcelWeaver.weaveAndNotify o.a.w.b.BcelWeaver@48524010 o.a.w.b.UnwovenClassFile@12cd9150, o.a.w.b.BcelObjectType@114a85c2, o.a.w.t.WeavingAdaptor$WeavingClassFileProvider$1@f415a95
14:10:29.109 [main] DEBUG org.aspectj.weaver.bcel.BcelWorld - 14:10:29.109 main - o.a.w.b.BcelWorld.lookupJavaClass o.a.w.l.LTWWorld@2b4a2ec7 java.util.Collection, o.a.a.b.c.JavaClass@7e7be63f
14:10:29.110 [main] DEBUG org.aspectj.weaver.bcel.BcelWorld - 14:10:29.110 main - o.a.w.b.BcelWorld.lookupJavaClass o.a.w.l.LTWWorld@2b4a2ec7 io.qameta.allure.internal.shadowed.jackson.annotation.JsonInclude$Include, o.a.a.b.c.JavaClass@64a8c844
14:10:29.111 [main] DEBUG org.aspectj.weaver.bcel.BcelWeaver - 14:10:29.111 main < o.a.w.b.BcelWeaver.weaveAndNotify
14:10:29.111 [main] DEBUG org.aspectj.weaver.bcel.BcelWeaver - 14:10:29.111 main < o.a.w.b.BcelWeaver.weave java.util.ArrayList(1)
14:10:29.111 [main] DEBUG o.a.weaver.tools.WeavingAdaptor - 14:10:29.111 main < o.a.w.t.WeavingAdaptor.weaveClass byte[37449]
14:10:29.111 [main] DEBUG org.aspectj.weaver.Dump - 14:10:29.111 main > o.a.w.Dump.dumpOnExit o.a.w.t.WeavingAdaptor$WeavingAdaptorMessageHolder@6a6afff2
14:10:29.111 [main] DEBUG org.aspectj.weaver.Dump - 14:10:29.111 main > o.a.w.Dump.shouldDumpOnExit o.a.w.t.WeavingAdaptor$WeavingAdaptorMessageHolder@6a6afff2
14:10:29.111 [main] DEBUG org.aspectj.weaver.Dump - 14:10:29.111 main - o.a.w.Dump.shouldDumpOnExit abort
14:10:29.111 [main] DEBUG org.aspectj.weaver.Dump - 14:10:29.111 main < o.a.w.Dump.shouldDumpOnExit false
14:10:29.111 [main] DEBUG org.aspectj.weaver.Dump - 14:10:29.111 main < o.a.w.Dump.dumpOnExit Excluded
14:10:29.111 [main] DEBUG org.aspectj.weaver.loadtime.Aj - 14:10:29.111 main < o.a.w.l.Aj.preProcess byte[37449]
14:10:29.114 [main] DEBUG org.aspectj.weaver.loadtime.Aj - 14:10:29.114 main > o.a.w.l.Aj.preProcess o.a.w.l.Aj@b9afc07 io/qameta/allure/internal/shadowed/jackson/databind/introspect/NopAnnotationIntrospector, byte[1017], j.i.l.ClassLoaders$AppClassLoader@3cd1a2f1
14:10:29.114 [main] DEBUG org.aspectj.weaver.loadtime.Aj - 14:10:29.114 main - o.a.w.l.Aj.preProcess o.a.w.l.Aj@b9afc07 j.i.l.ClassLoaders$PlatformClassLoader@1ad282e0, j.i.l.ClassLoaders$AppClassLoader@3cd1a2f1
14:10:29.114 [main] DEBUG o.a.weaver.tools.WeavingAdaptor - 14:10:29.114 main > o.a.w.t.WeavingAdaptor.weaveClass o.a.w.l.ClassLoaderWeavingAdaptor@140e5a13 io/qameta/allure/internal/shadowed/jackson/databind/introspect/NopAnnotationIntrospector, byte[1017]
14:10:29.115 [main] DEBUG org.aspectj.weaver.bcel.BcelWeaver - 14:10:29.114 main > o.a.w.b.BcelWeaver.weave o.a.w.b.BcelWeaver@48524010 o.a.w.t.WeavingAdaptor$WeavingClassFileProvider@c9413d8
14:10:29.115 [main] DEBUG org.aspectj.weaver.bcel.BcelWeaver - 14:10:29.115 main > o.a.w.b.BcelWeaver.weaveAndNotify o.a.w.b.BcelWeaver@48524010 o.a.w.b.UnwovenClassFile@64da2a7, o.a.w.b.BcelObjectType@46074492, o.a.w.t.WeavingAdaptor$WeavingClassFileProvider$1@d78795
14:10:29.117 [main] DEBUG org.aspectj.weaver.bcel.BcelWeaver - 14:10:29.116 main < o.a.w.b.BcelWeaver.weaveAndNotify
14:10:29.117 [main] DEBUG org.aspectj.weaver.bcel.BcelWeaver - 14:10:29.117 main < o.a.w.b.BcelWeaver.weave java.util.ArrayList(1)
14:10:29.117 [main] DEBUG o.a.weaver.tools.WeavingAdaptor - 14:10:29.117 main < o.a.w.t.WeavingAdaptor.weaveClass byte[1017]
14:10:29.117 [main] DEBUG org.aspectj.weaver.Dump - 14:10:29.117 main > o.a.w.Dump.dumpOnExit o.a.w.t.WeavingAdaptor$WeavingAdaptorMessageHolder@6a6afff2
14:10:29.118 [main] DEBUG org.aspectj.weaver.Dump - 14:10:29.117 main > o.a.w.Dump.shouldDumpOnExit o.a.w.t.WeavingAdaptor$WeavingAdaptorMessageHolder@6a6afff2
14:10:29.118 [main] DEBUG org.aspectj.weaver.Dump - 14:10:29.118 main - o.a.w.Dump.shouldDumpOnExit abort
14:10:29.118 [main] DEBUG org.aspectj.weaver.Dump - 14:10:29.118 main < o.a.w.Dump.shouldDumpOnExit false
14:10:29.118 [main] DEBUG org.aspectj.weaver.Dump - 14:10:29.118 main < o.a.w.Dump.dumpOnExit Excluded
14:10:29.118 [main] DEBUG org.aspectj.weaver.loadtime.Aj - 14:10:29.118 main < o.a.w.l.Aj.preProcess byte[1017]
14:10:29.120 [main] DEBUG org.aspectj.weaver.loadtime.Aj - 14:10:29.120 main > o.a.w.l.Aj.preProcess o.a.w.l.Aj@b9afc07 io/qameta/allure/internal/shadowed/jackson/databind/introspect/Annotated, byte[1450], j.i.l.ClassLoaders$AppClassLoader@3cd1a2f1
14:10:29.120 [main] DEBUG org.aspectj.weaver.loadtime.Aj - 14:10:29.120 main - o.a.w.l.Aj.preProcess o.a.w.l.Aj@b9afc07 j.i.l.ClassLoaders$PlatformClassLoader@1ad282e0, j.i.l.ClassLoaders$AppClassLoader@3cd1a2f1
14:10:29.120 [main] DEBUG o.a.weaver.tools.WeavingAdaptor - 14:10:29.120 main > o.a.w.t.WeavingAdaptor.weaveClass o.a.w.l.ClassLoaderWeavingAdaptor@140e5a13 io/qameta/allure/internal/shadowed/jackson/databind/introspect/Annotated, byte[1450]
14:10:29.120 [main] DEBUG org.aspectj.weaver.bcel.BcelWeaver - 14:10:29.120 main > o.a.w.b.BcelWeaver.weave o.a.w.b.BcelWeaver@48524010 o.a.w.t.WeavingAdaptor$WeavingClassFileProvider@72b16078
14:10:29.124 [main] DEBUG org.aspectj.weaver.bcel.BcelWeaver - 14:10:29.123 main > o.a.w.b.BcelWeaver.weaveAndNotify o.a.w.b.BcelWeaver@48524010 o.a.w.b.UnwovenClassFile@22c86919, o.a.w.b.BcelObjectType@70fab835, o.a.w.t.WeavingAdaptor$WeavingClassFileProvider$1@1b0a7baf
14:10:29.124 [main] DEBUG org.aspectj.weaver.bcel.BcelWeaver - 14:10:29.124 main < o.a.w.b.BcelWeaver.weaveAndNotify
14:10:29.125 [main] DEBUG org.aspectj.weaver.bcel.BcelWeaver - 14:10:29.125 main < o.a.w.b.BcelWeaver.weave java.util.ArrayList(1)
14:10:29.125 [main] DEBUG o.a.weaver.tools.WeavingAdaptor - 14:10:29.125 main < o.a.w.t.WeavingAdaptor.weaveClass byte[1450]
14:10:29.125 [main] DEBUG org.aspectj.weaver.Dump - 14:10:29.125 main > o.a.w.Dump.dumpOnExit o.a.w.t.WeavingAdaptor$WeavingAdaptorMessageHolder@6a6afff2
14:10:29.125 [main] DEBUG org.aspectj.weaver.Dump - 14:10:29.125 main > o.a.w.Dump.shouldDumpOnExit o.a.w.t.WeavingAdaptor$WeavingAdaptorMessageHolder@6a6afff2
14:10:29.125 [main] DEBUG org.aspectj.weaver.Dump - 14:10:29.125 main - o.a.w.Dump.shouldDumpOnExit abort
14:10:29.125 [main] DEBUG org.aspectj.weaver.Dump - 14:10:29.125 main < o.a.w.Dump.shouldDumpOnExit false
14:10:29.125 [main] DEBUG org.aspectj.weaver.Dump - 14:10:29.125 main < o.a.w.Dump.dumpOnExit Excluded
14:10:29.125 [main] DEBUG org.aspectj.weaver.loadtime.Aj - 14:10:29.125 main < o.a.w.l.Aj.preProcess byte[1450]
14:10:29.127 [main] DEBUG org.aspectj.weaver.loadtime.Aj - 14:10:29.127 main > o.a.w.l.Aj.preProcess o.a.w.l.Aj@b9afc07 io/qameta/allure/internal/shadowed/jackson/databind/introspect/AnnotatedMember, byte[4156], j.i.l.ClassLoaders$AppClassLoader@3cd1a2f1
14:10:29.128 [main] DEBUG org.aspectj.weaver.loadtime.Aj - 14:10:29.128 main - o.a.w.l.Aj.preProcess o.a.w.l.Aj@b9afc07 j.i.l.ClassLoaders$PlatformClassLoader@1ad282e0, j.i.l.ClassLoaders$AppClassLoader@3cd1a2f1
14:10:29.128 [main] DEBUG o.a.weaver.tools.WeavingAdaptor - 14:10:29.128 main > o.a.w.t.WeavingAdaptor.weaveClass o.a.w.l.ClassLoaderWeavingAdaptor@140e5a13 io/qameta/allure/internal/shadowed/jackson/databind/introspect/AnnotatedMember, byte[4156]
14:10:29.129 [main] DEBUG org.aspectj.weaver.bcel.BcelWeaver - 14:10:29.129 main > o.a.w.b.BcelWeaver.weave o.a.w.b.BcelWeaver@48524010 o.a.w.t.WeavingAdaptor$WeavingClassFileProvider@759fad4
14:10:29.129 [main] DEBUG org.aspectj.weaver.bcel.BcelWeaver - 14:10:29.129 main > o.a.w.b.BcelWeaver.weaveAndNotify o.a.w.b.BcelWeaver@48524010 o.a.w.b.UnwovenClassFile@64712be, o.a.w.b.BcelObjectType@53499d85, o.a.w.t.WeavingAdaptor$WeavingClassFileProvider$1@30ed9c6c
14:10:29.131 [main] DEBUG org.aspectj.weaver.bcel.BcelWorld - 14:10:29.131 main - o.a.w.b.BcelWorld.lookupJavaClass o.a.w.l.LTWWorld@2b4a2ec7 io.qameta.allure.internal.shadowed.jackson.databind.introspect.TypeResolutionContext, o.a.a.b.c.JavaClass@2fd1731c
14:10:29.135 [main] DEBUG org.aspectj.weaver.bcel.BcelWorld - 14:10:29.132 main - o.a.w.b.BcelWorld.lookupJavaClass o.a.w.l.LTWWorld@2b4a2ec7 io.qameta.allure.internal.shadowed.jackson.databind.introspect.AnnotationMap, o.a.a.b.c.JavaClass@1133ec6e
14:10:29.136 [main] DEBUG org.aspectj.weaver.bcel.BcelWeaver - 14:10:29.136 main < o.a.w.b.BcelWeaver.weaveAndNotify
14:10:29.136 [main] DEBUG org.aspectj.weaver.bcel.BcelWeaver - 14:10:29.136 main < o.a.w.b.BcelWeaver.weave java.util.ArrayList(1)
14:10:29.136 [main] DEBUG o.a.weaver.tools.WeavingAdaptor - 14:10:29.136 main < o.a.w.t.WeavingAdaptor.weaveClass byte[4156]
14:10:29.136 [main] DEBUG org.aspectj.weaver.Dump - 14:10:29.136 main > o.a.w.Dump.dumpOnExit o.a.w.t.WeavingAdaptor$WeavingAdaptorMessageHolder@6a6afff2
14:10:29.136 [main] DEBUG org.aspectj.weaver.Dump - 14:10:29.136 main > o.a.w.Dump.shouldDumpOnExit o.a.w.t.WeavingAdaptor$WeavingAdaptorMessageHolder@6a6afff2
14:10:29.136 [main] DEBUG org.aspectj.weaver.Dump - 14:10:29.136 main - o.a.w.Dump.shouldDumpOnExit abort
14:10:29.136 [main] DEBUG org.aspectj.weaver.Dump - 14:10:29.136 main < o.a.w.Dump.shouldDumpOnExit false
14:10:29.136 [main] DEBUG org.aspectj.weaver.Dump - 14:10:29.136 main < o.a.w.Dump.dumpOnExit Excluded
14:10:29.136 [main] DEBUG org.aspectj.weaver.loadtime.Aj - 14:10:29.136 main < o.a.w.l.Aj.preProcess byte[4156]
14:10:29.140 [main] DEBUG org.aspectj.weaver.loadtime.Aj - 14:10:29.139 main > o.a.w.l.Aj.preProcess o.a.w.l.Aj@b9afc07 io/qameta/allure/internal/shadowed/jackson/databind/introspect/AnnotatedClass, byte[17975], j.i.l.ClassLoaders$AppClassLoader@3cd1a2f1
14:10:29.140 [main] DEBUG org.aspectj.weaver.loadtime.Aj - 14:10:29.140 main - o.a.w.l.Aj.preProcess o.a.w.l.Aj@b9afc07 j.i.l.ClassLoaders$PlatformClassLoader@1ad282e0, j.i.l.ClassLoaders$AppClassLoader@3cd1a2f1
14:10:29.140 [main] DEBUG o.a.weaver.tools.WeavingAdaptor - 14:10:29.140 main > o.a.w.t.WeavingAdaptor.weaveClass o.a.w.l.ClassLoaderWeavingAdaptor@140e5a13 io/qameta/allure/internal/shadowed/jackson/databind/introspect/AnnotatedClass, byte[17975]
14:10:29.140 [main] DEBUG org.aspectj.weaver.bcel.BcelWeaver - 14:10:29.140 main > o.a.w.b.BcelWeaver.weave o.a.w.b.BcelWeaver@48524010 o.a.w.t.WeavingAdaptor$WeavingClassFileProvider@24f360b2
14:10:29.141 [main] DEBUG org.aspectj.weaver.bcel.BcelWeaver - 14:10:29.140 main > o.a.w.b.BcelWeaver.weaveAndNotify o.a.w.b.BcelWeaver@48524010 o.a.w.b.UnwovenClassFile@60cf80e7, o.a.w.b.BcelObjectType@302fec27, o.a.w.t.WeavingAdaptor$WeavingClassFileProvider$1@770d0ea6
14:10:29.144 [main] DEBUG org.aspectj.weaver.bcel.BcelWorld - 14:10:29.144 main - o.a.w.b.BcelWorld.lookupJavaClass o.a.w.l.LTWWorld@2b4a2ec7 io.qameta.allure.internal.shadowed.jackson.databind.util.Annotations, o.a.a.b.c.JavaClass@3bd7f8dc
14:10:29.145 [main] DEBUG org.aspectj.weaver.bcel.BcelWorld - 14:10:29.144 main - o.a.w.b.BcelWorld.lookupJavaClass o.a.w.l.LTWWorld@2b4a2ec7 io.qameta.allure.internal.shadowed.jackson.databind.introspect.AnnotatedConstructor, o.a.a.b.c.JavaClass@5316e95f
14:10:29.147 [main] DEBUG org.aspectj.weaver.bcel.BcelWorld - 14:10:29.147 main - o.a.w.b.BcelWorld.lookupJavaClass o.a.w.l.LTWWorld@2b4a2ec7 io.qameta.allure.internal.shadowed.jackson.databind.introspect.AnnotatedMethodMap, o.a.a.b.c.JavaClass@21ec5d87
14:10:29.149 [main] DEBUG org.aspectj.weaver.bcel.BcelWorld - 14:10:29.148 main - o.a.w.b.BcelWorld.lookupJavaClass o.a.w.l.LTWWorld@2b4a2ec7 io.qameta.allure.internal.shadowed.jackson.databind.introspect.AnnotatedClass$Creators, o.a.a.b.c.JavaClass@1a69561c
14:10:29.149 [main] DEBUG org.aspectj.weaver.bcel.BcelWeaver - 14:10:29.149 main < o.a.w.b.BcelWeaver.weaveAndNotify
14:10:29.149 [main] DEBUG org.aspectj.weaver.bcel.BcelWeaver - 14:10:29.149 main < o.a.w.b.BcelWeaver.weave java.util.ArrayList(1)
14:10:29.149 [main] DEBUG o.a.weaver.tools.WeavingAdaptor - 14:10:29.149 main < o.a.w.t.WeavingAdaptor.weaveClass byte[17975]
14:10:29.149 [main] DEBUG org.aspectj.weaver.Dump - 14:10:29.149 main > o.a.w.Dump.dumpOnExit o.a.w.t.WeavingAdaptor$WeavingAdaptorMessageHolder@6a6afff2
14:10:29.149 [main] DEBUG org.aspectj.weaver.Dump - 14:10:29.149 main > o.a.w.Dump.shouldDumpOnExit o.a.w.t.WeavingAdaptor$WeavingAdaptorMessageHolder@6a6afff2
14:10:29.149 [main] DEBUG org.aspectj.weaver.Dump - 14:10:29.149 main - o.a.w.Dump.shouldDumpOnExit abort
14:10:29.149 [main] DEBUG org.aspectj.weaver.Dump - 14:10:29.149 main < o.a.w.Dump.shouldDumpOnExit false
14:10:29.149 [main] DEBUG org.aspectj.weaver.Dump - 14:10:29.149 main < o.a.w.Dump.dumpOnExit Excluded
14:10:29.149 [main] DEBUG org.aspectj.weaver.loadtime.Aj - 14:10:29.149 main < o.a.w.l.Aj.preProcess byte[17975]
14:10:29.151 [main] DEBUG org.aspectj.weaver.loadtime.Aj - 14:10:29.151 main > o.a.w.l.Aj.preProcess o.a.w.l.Aj@b9afc07 io/qameta/allure/internal/shadowed/jackson/databind/introspect/TypeResolutionContext, byte[546], j.i.l.ClassLoaders$AppClassLoader@3cd1a2f1
14:10:29.151 [main] DEBUG org.aspectj.weaver.loadtime.Aj - 14:10:29.151 main - o.a.w.l.Aj.preProcess o.a.w.l.Aj@b9afc07 j.i.l.ClassLoaders$PlatformClassLoader@1ad282e0, j.i.l.ClassLoaders$AppClassLoader@3cd1a2f1
14:10:29.151 [main] DEBUG o.a.weaver.tools.WeavingAdaptor - 14:10:29.151 main > o.a.w.t.WeavingAdaptor.weaveClass o.a.w.l.ClassLoaderWeavingAdaptor@140e5a13 io/qameta/allure/internal/shadowed/jackson/databind/introspect/TypeResolutionContext, byte[546]
14:10:29.152 [main] DEBUG org.aspectj.weaver.bcel.BcelWeaver - 14:10:29.152 main > o.a.w.b.BcelWeaver.weave o.a.w.b.BcelWeaver@48524010 o.a.w.t.WeavingAdaptor$WeavingClassFileProvider@1b28f282
14:10:29.152 [main] DEBUG org.aspectj.weaver.bcel.BcelWeaver - 14:10:29.152 main > o.a.w.b.BcelWeaver.weaveAndNotify o.a.w.b.BcelWeaver@48524010 o.a.w.b.UnwovenClassFile@138fe6ec, o.a.w.b.BcelObjectType@5e77f0f4, o.a.w.t.WeavingAdaptor$WeavingClassFileProvider$1@19b30c92
14:10:29.152 [main] DEBUG org.aspectj.weaver.bcel.BcelWeaver - 14:10:29.152 main < o.a.w.b.BcelWeaver.weaveAndNotify
14:10:29.152 [main] DEBUG org.aspectj.weaver.bcel.BcelWeaver - 14:10:29.152 main < o.a.w.b.BcelWeaver.weave java.util.ArrayList(1)
14:10:29.152 [main] DEBUG o.a.weaver.tools.WeavingAdaptor - 14:10:29.152 main < o.a.w.t.WeavingAdaptor.weaveClass byte[546]
14:10:29.152 [main] DEBUG org.aspectj.weaver.Dump - 14:10:29.152 main > o.a.w.Dump.dumpOnExit o.a.w.t.WeavingAdaptor$WeavingAdaptorMessageHolder@6a6afff2
14:10:29.152 [main] DEBUG org.aspectj.weaver.Dump - 14:10:29.152 main > o.a.w.Dump.shouldDumpOnExit o.a.w.t.WeavingAdaptor$WeavingAdaptorMessageHolder@6a6afff2
14:10:29.152 [main] DEBUG org.aspectj.weaver.Dump - 14:10:29.152 main - o.a.w.Dump.shouldDumpOnExit abort
14:10:29.152 [main] DEBUG org.aspectj.weaver.Dump - 14:10:29.152 main < o.a.w.Dump.shouldDumpOnExit false
14:10:29.152 [main] DEBUG org.aspectj.weaver.Dump - 14:10:29.152 main < o.a.w.Dump.dumpOnExit Excluded
14:10:29.153 [main] DEBUG org.aspectj.weaver.loadtime.Aj - 14:10:29.152 main < o.a.w.l.Aj.preProcess byte[546]
14:10:29.157 [main] DEBUG org.aspectj.weaver.loadtime.Aj - 14:10:29.157 main > o.a.w.l.Aj.preProcess o.a.w.l.Aj@b9afc07 io/qameta/allure/internal/shadowed/jackson/databind/introspect/AnnotatedMethod, byte[9416], j.i.l.ClassLoaders$AppClassLoader@3cd1a2f1
14:10:29.157 [main] DEBUG org.aspectj.weaver.loadtime.Aj - 14:10:29.157 main - o.a.w.l.Aj.preProcess o.a.w.l.Aj@b9afc07 j.i.l.ClassLoaders$PlatformClassLoader@1ad282e0, j.i.l.ClassLoaders$AppClassLoader@3cd1a2f1
14:10:29.158 [main] DEBUG o.a.weaver.tools.WeavingAdaptor - 14:10:29.157 main > o.a.w.t.WeavingAdaptor.weaveClass o.a.w.l.ClassLoaderWeavingAdaptor@140e5a13 io/qameta/allure/internal/shadowed/jackson/databind/introspect/AnnotatedMethod, byte[9416]
14:10:29.158 [main] DEBUG org.aspectj.weaver.bcel.BcelWeaver - 14:10:29.158 main > o.a.w.b.BcelWeaver.weave o.a.w.b.BcelWeaver@48524010 o.a.w.t.WeavingAdaptor$WeavingClassFileProvider@4940809c
14:10:29.158 [main] DEBUG org.aspectj.weaver.bcel.BcelWorld - 14:10:29.158 main - o.a.w.b.BcelWorld.lookupJavaClass o.a.w.l.LTWWorld@2b4a2ec7 io.qameta.allure.internal.shadowed.jackson.databind.introspect.AnnotatedWithParams, o.a.a.b.c.JavaClass@36546a22
14:10:29.159 [main] DEBUG org.aspectj.weaver.bcel.BcelWeaver - 14:10:29.158 main > o.a.w.b.BcelWeaver.weaveAndNotify o.a.w.b.BcelWeaver@48524010 o.a.w.b.UnwovenClassFile@16423501, o.a.w.b.BcelObjectType@4efcf8a, o.a.w.t.WeavingAdaptor$WeavingClassFileProvider$1@7a138fc5
14:10:29.160 [main] DEBUG org.aspectj.weaver.bcel.BcelWorld - 14:10:29.160 main - o.a.w.b.BcelWorld.lookupJavaClass o.a.w.l.LTWWorld@2b4a2ec7 java.lang.reflect.Method, o.a.a.b.c.JavaClass@78aa1f72
14:10:29.160 [main] DEBUG org.aspectj.weaver.bcel.BcelWeaver - 14:10:29.160 main < o.a.w.b.BcelWeaver.weaveAndNotify
14:10:29.161 [main] DEBUG org.aspectj.weaver.bcel.BcelWeaver - 14:10:29.161 main < o.a.w.b.BcelWeaver.weave java.util.ArrayList(1)
14:10:29.161 [main] DEBUG o.a.weaver.tools.WeavingAdaptor - 14:10:29.161 main < o.a.w.t.WeavingAdaptor.weaveClass byte[9416]
14:10:29.161 [main] DEBUG org.aspectj.weaver.Dump - 14:10:29.161 main > o.a.w.Dump.dumpOnExit o.a.w.t.WeavingAdaptor$WeavingAdaptorMessageHolder@6a6afff2
14:10:29.161 [main] DEBUG org.aspectj.weaver.Dump - 14:10:29.161 main > o.a.w.Dump.shouldDumpOnExit o.a.w.t.WeavingAdaptor$WeavingAdaptorMessageHolder@6a6afff2
14:10:29.161 [main] DEBUG org.aspectj.weaver.Dump - 14:10:29.161 main - o.a.w.Dump.shouldDumpOnExit abort
14:10:29.161 [main] DEBUG org.aspectj.weaver.Dump - 14:10:29.161 main < o.a.w.Dump.shouldDumpOnExit false
14:10:29.161 [main] DEBUG org.aspectj.weaver.Dump - 14:10:29.161 main < o.a.w.Dump.dumpOnExit Excluded
14:10:29.161 [main] DEBUG org.aspectj.weaver.loadtime.Aj - 14:10:29.161 main < o.a.w.l.Aj.preProcess byte[9416]
14:10:29.162 [main] DEBUG org.aspectj.weaver.loadtime.Aj - 14:10:29.162 main > o.a.w.l.Aj.preProcess o.a.w.l.Aj@b9afc07 io/qameta/allure/internal/shadowed/jackson/databind/introspect/AnnotatedWithParams, byte[4052], j.i.l.ClassLoaders$AppClassLoader@3cd1a2f1
14:10:29.163 [main] DEBUG org.aspectj.weaver.loadtime.Aj - 14:10:29.163 main - o.a.w.l.Aj.preProcess o.a.w.l.Aj@b9afc07 j.i.l.ClassLoaders$PlatformClassLoader@1ad282e0, j.i.l.ClassLoaders$AppClassLoader@3cd1a2f1
14:10:29.163 [main] DEBUG o.a.weaver.tools.WeavingAdaptor - 14:10:29.163 main > o.a.w.t.WeavingAdaptor.weaveClass o.a.w.l.ClassLoaderWeavingAdaptor@140e5a13 io/qameta/allure/internal/shadowed/jackson/databind/introspect/AnnotatedWithParams, byte[4052]
14:10:29.163 [main] DEBUG org.aspectj.weaver.bcel.BcelWeaver - 14:10:29.163 main > o.a.w.b.BcelWeaver.weave o.a.w.b.BcelWeaver@48524010 o.a.w.t.WeavingAdaptor$WeavingClassFileProvider@459f7aa3
14:10:29.163 [main] DEBUG org.aspectj.weaver.bcel.BcelWeaver - 14:10:29.163 main > o.a.w.b.BcelWeaver.weaveAndNotify o.a.w.b.BcelWeaver@48524010 o.a.w.b.UnwovenClassFile@7cc586a8, o.a.w.b.BcelObjectType@7db534f2, o.a.w.t.WeavingAdaptor$WeavingClassFileProvider$1@44a2b17b
14:10:29.164 [main] DEBUG org.aspectj.weaver.bcel.BcelWorld - 14:10:29.164 main - o.a.w.b.BcelWorld.lookupJavaClass o.a.w.l.LTWWorld@2b4a2ec7 io.qameta.allure.internal.shadowed.jackson.databind.introspect.AnnotatedParameter, o.a.a.b.c.JavaClass@388ba540
14:10:29.165 [main] DEBUG org.aspectj.weaver.bcel.BcelWeaver - 14:10:29.165 main < o.a.w.b.BcelWeaver.weaveAndNotify
14:10:29.165 [main] DEBUG org.aspectj.weaver.bcel.BcelWeaver - 14:10:29.165 main < o.a.w.b.BcelWeaver.weave java.util.ArrayList(1)
14:10:29.165 [main] DEBUG o.a.weaver.tools.WeavingAdaptor - 14:10:29.165 main < o.a.w.t.WeavingAdaptor.weaveClass byte[4052]
14:10:29.165 [main] DEBUG org.aspectj.weaver.Dump - 14:10:29.165 main > o.a.w.Dump.dumpOnExit o.a.w.t.WeavingAdaptor$WeavingAdaptorMessageHolder@6a6afff2
14:10:29.165 [main] DEBUG org.aspectj.weaver.Dump - 14:10:29.165 main > o.a.w.Dump.shouldDumpOnExit o.a.w.t.WeavingAdaptor$WeavingAdaptorMessageHolder@6a6afff2
14:10:29.165 [main] DEBUG org.aspectj.weaver.Dump - 14:10:29.165 main - o.a.w.Dump.shouldDumpOnExit abort
14:10:29.165 [main] DEBUG org.aspectj.weaver.Dump - 14:10:29.165 main < o.a.w.Dump.shouldDumpOnExit false
14:10:29.165 [main] DEBUG org.aspectj.weaver.Dump - 14:10:29.165 main < o.a.w.Dump.dumpOnExit Excluded
14:10:29.165 [main] DEBUG org.aspectj.weaver.loadtime.Aj - 14:10:29.165 main < o.a.w.l.Aj.preProcess byte[4052]
14:10:29.169 [main] DEBUG org.aspectj.weaver.loadtime.Aj - 14:10:29.169 main > o.a.w.l.Aj.preProcess o.a.w.l.Aj@b9afc07 io/qameta/allure/internal/shadowed/jackson/databind/introspect/VirtualAnnotatedMember, byte[4293], j.i.l.ClassLoaders$AppClassLoader@3cd1a2f1
14:10:29.170 [main] DEBUG org.aspectj.weaver.loadtime.Aj - 14:10:29.170 main - o.a.w.l.Aj.preProcess o.a.w.l.Aj@b9afc07 j.i.l.ClassLoaders$PlatformClassLoader@1ad282e0, j.i.l.ClassLoaders$AppClassLoader@3cd1a2f1
14:10:29.170 [main] DEBUG o.a.weaver.tools.WeavingAdaptor - 14:10:29.170 main > o.a.w.t.WeavingAdaptor.weaveClass o.a.w.l.ClassLoaderWeavingAdaptor@140e5a13 io/qameta/allure/internal/shadowed/jackson/databind/introspect/VirtualAnnotatedMember, byte[4293]
14:10:29.170 [main] DEBUG org.aspectj.weaver.bcel.BcelWeaver - 14:10:29.170 main > o.a.w.b.BcelWeaver.weave o.a.w.b.BcelWeaver@48524010 o.a.w.t.WeavingAdaptor$WeavingClassFileProvider@7e70bd39
14:10:29.170 [main] DEBUG org.aspectj.weaver.bcel.BcelWeaver - 14:10:29.170 main > o.a.w.b.BcelWeaver.weaveAndNotify o.a.w.b.BcelWeaver@48524010 o.a.w.b.UnwovenClassFile@e6516e, o.a.w.b.BcelObjectType@6de54b40, o.a.w.t.WeavingAdaptor$WeavingClassFileProvider$1@43ed0ff3
14:10:29.174 [main] DEBUG org.aspectj.weaver.bcel.BcelWorld - 14:10:29.174 main - o.a.w.b.BcelWorld.lookupJavaClass o.a.w.l.LTWWorld@2b4a2ec7 java.lang.reflect.Field, o.a.a.b.c.JavaClass@a50b09c
14:10:29.174 [main] DEBUG org.aspectj.weaver.bcel.BcelWorld - 14:10:29.174 main - o.a.w.b.BcelWorld.lookupJavaClass o.a.w.l.LTWWorld@2b4a2ec7 java.lang.reflect.Member, o.a.a.b.c.JavaClass@4da855dd
14:10:29.175 [main] DEBUG org.aspectj.weaver.bcel.BcelWeaver - 14:10:29.175 main < o.a.w.b.BcelWeaver.weaveAndNotify
14:10:29.175 [main] DEBUG org.aspectj.weaver.bcel.BcelWeaver - 14:10:29.175 main < o.a.w.b.BcelWeaver.weave java.util.ArrayList(1)
14:10:29.175 [main] DEBUG o.a.weaver.tools.WeavingAdaptor - 14:10:29.175 main < o.a.w.t.WeavingAdaptor.weaveClass byte[4293]
14:10:29.175 [main] DEBUG org.aspectj.weaver.Dump - 14:10:29.175 main > o.a.w.Dump.dumpOnExit o.a.w.t.WeavingAdaptor$WeavingAdaptorMessageHolder@6a6afff2
14:10:29.175 [main] DEBUG org.aspectj.weaver.Dump - 14:10:29.175 main > o.a.w.Dump.shouldDumpOnExit o.a.w.t.WeavingAdaptor$WeavingAdaptorMessageHolder@6a6afff2
14:10:29.175 [main] DEBUG org.aspectj.weaver.Dump - 14:10:29.175 main - o.a.w.Dump.shouldDumpOnExit abort
14:10:29.175 [main] DEBUG org.aspectj.weaver.Dump - 14:10:29.175 main < o.a.w.Dump.shouldDumpOnExit false
14:10:29.175 [main] DEBUG org.aspectj.weaver.Dump - 14:10:29.175 main < o.a.w.Dump.dumpOnExit Excluded
14:10:29.175 [main] DEBUG org.aspectj.weaver.loadtime.Aj - 14:10:29.175 main < o.a.w.l.Aj.preProcess byte[4293]
14:10:29.177 [main] DEBUG org.aspectj.weaver.loadtime.Aj - 14:10:29.177 main > o.a.w.l.Aj.preProcess o.a.w.l.Aj@b9afc07 io/qameta/allure/internal/shadowed/jackson/databind/introspect/BeanPropertyDefinition, byte[5132], j.i.l.ClassLoaders$AppClassLoader@3cd1a2f1
14:10:29.177 [main] DEBUG org.aspectj.weaver.loadtime.Aj - 14:10:29.177 main - o.a.w.l.Aj.preProcess o.a.w.l.Aj@b9afc07 j.i.l.ClassLoaders$PlatformClassLoader@1ad282e0, j.i.l.ClassLoaders$AppClassLoader@3cd1a2f1
14:10:29.177 [main] DEBUG o.a.weaver.tools.WeavingAdaptor - 14:10:29.177 main > o.a.w.t.WeavingAdaptor.weaveClass o.a.w.l.ClassLoaderWeavingAdaptor@140e5a13 io/qameta/allure/internal/shadowed/jackson/databind/introspect/BeanPropertyDefinition, byte[5132]
14:10:29.178 [main] DEBUG org.aspectj.weaver.bcel.BcelWeaver - 14:10:29.178 main > o.a.w.b.BcelWeaver.weave o.a.w.b.BcelWeaver@48524010 o.a.w.t.WeavingAdaptor$WeavingClassFileProvider@21d5c1a0
14:10:29.179 [main] DEBUG org.aspectj.weaver.bcel.BcelWorld - 14:10:29.179 main - o.a.w.b.BcelWorld.lookupJavaClass o.a.w.l.LTWWorld@2b4a2ec7 io.qameta.allure.internal.shadowed.jackson.databind.util.Named, o.a.a.b.c.JavaClass@1eef9aef
14:10:29.179 [main] DEBUG org.aspectj.weaver.bcel.BcelWeaver - 14:10:29.179 main > o.a.w.b.BcelWeaver.weaveAndNotify o.a.w.b.BcelWeaver@48524010 o.a.w.b.UnwovenClassFile@11389053, o.a.w.b.BcelObjectType@5db99216, o.a.w.t.WeavingAdaptor$WeavingClassFileProvider$1@3ec11999
14:10:29.180 [main] DEBUG org.aspectj.weaver.bcel.BcelWeaver - 14:10:29.180 main < o.a.w.b.BcelWeaver.weaveAndNotify
14:10:29.180 [main] DEBUG org.aspectj.weaver.bcel.BcelWeaver - 14:10:29.180 main < o.a.w.b.BcelWeaver.weave java.util.ArrayList(1)
14:10:29.180 [main] DEBUG o.a.weaver.tools.WeavingAdaptor - 14:10:29.180 main < o.a.w.t.WeavingAdaptor.weaveClass byte[5132]
14:10:29.180 [main] DEBUG org.aspectj.weaver.Dump - 14:10:29.180 main > o.a.w.Dump.dumpOnExit o.a.w.t.WeavingAdaptor$WeavingAdaptorMessageHolder@6a6afff2
14:10:29.180 [main] DEBUG org.aspectj.weaver.Dump - 14:10:29.180 main > o.a.w.Dump.shouldDumpOnExit o.a.w.t.WeavingAdaptor$WeavingAdaptorMessageHolder@6a6afff2
14:10:29.180 [main] DEBUG org.aspectj.weaver.Dump - 14:10:29.180 main - o.a.w.Dump.shouldDumpOnExit abort
14:10:29.181 [main] DEBUG org.aspectj.weaver.Dump - 14:10:29.181 main < o.a.w.Dump.shouldDumpOnExit false
14:10:29.181 [main] DEBUG org.aspectj.weaver.Dump - 14:10:29.181 main < o.a.w.Dump.dumpOnExit Excluded
14:10:29.181 [main] DEBUG org.aspectj.weaver.loadtime.Aj - 14:10:29.181 main < o.a.w.l.Aj.preProcess byte[5132]
14:10:29.182 [main] DEBUG org.aspectj.weaver.loadtime.Aj - 14:10:29.182 main > o.a.w.l.Aj.preProcess o.a.w.l.Aj@b9afc07 io/qameta/allure/internal/shadowed/jackson/databind/util/Named, byte[189], j.i.l.ClassLoaders$AppClassLoader@3cd1a2f1
14:10:29.182 [main] DEBUG org.aspectj.weaver.loadtime.Aj - 14:10:29.182 main - o.a.w.l.Aj.preProcess o.a.w.l.Aj@b9afc07 j.i.l.ClassLoaders$PlatformClassLoader@1ad282e0, j.i.l.ClassLoaders$AppClassLoader@3cd1a2f1
14:10:29.183 [main] DEBUG o.a.weaver.tools.WeavingAdaptor - 14:10:29.183 main > o.a.w.t.WeavingAdaptor.weaveClass o.a.w.l.ClassLoaderWeavingAdaptor@140e5a13 io/qameta/allure/internal/shadowed/jackson/databind/util/Named, byte[189]
14:10:29.183 [main] DEBUG org.aspectj.weaver.bcel.BcelWeaver - 14:10:29.183 main > o.a.w.b.BcelWeaver.weave o.a.w.b.BcelWeaver@48524010 o.a.w.t.WeavingAdaptor$WeavingClassFileProvider@2c4ca0f9
14:10:29.183 [main] DEBUG org.aspectj.weaver.bcel.BcelWeaver - 14:10:29.183 main > o.a.w.b.BcelWeaver.weaveAndNotify o.a.w.b.BcelWeaver@48524010 o.a.w.b.UnwovenClassFile@67ef029, o.a.w.b.BcelObjectType@7df587ef, o.a.w.t.WeavingAdaptor$WeavingClassFileProvider$1@6e57e95e
14:10:29.183 [main] DEBUG org.aspectj.weaver.bcel.BcelWeaver - 14:10:29.183 main < o.a.w.b.BcelWeaver.weaveAndNotify
14:10:29.183 [main] DEBUG org.aspectj.weaver.bcel.BcelWeaver - 14:10:29.183 main < o.a.w.b.BcelWeaver.weave java.util.ArrayList(1)
14:10:29.184 [main] DEBUG o.a.weaver.tools.WeavingAdaptor - 14:10:29.183 main < o.a.w.t.WeavingAdaptor.weaveClass byte[189]
14:10:29.184 [main] DEBUG org.aspectj.weaver.Dump - 14:10:29.184 main > o.a.w.Dump.dumpOnExit o.a.w.t.WeavingAdaptor$WeavingAdaptorMessageHolder@6a6afff2
14:10:29.184 [main] DEBUG org.aspectj.weaver.Dump - 14:10:29.184 main > o.a.w.Dump.shouldDumpOnExit o.a.w.t.WeavingAdaptor$WeavingAdaptorMessageHolder@6a6afff2
14:10:29.184 [main] DEBUG org.aspectj.weaver.Dump - 14:10:29.184 main - o.a.w.Dump.shouldDumpOnExit abort
14:10:29.184 [main] DEBUG org.aspectj.weaver.Dump - 14:10:29.184 main < o.a.w.Dump.shouldDumpOnExit false
14:10:29.184 [main] DEBUG org.aspectj.weaver.Dump - 14:10:29.184 main < o.a.w.Dump.dumpOnExit Excluded
14:10:29.184 [main] DEBUG org.aspectj.weaver.loadtime.Aj - 14:10:29.184 main < o.a.w.l.Aj.preProcess byte[189]
14:10:29.186 [main] DEBUG org.aspectj.weaver.loadtime.Aj - 14:10:29.186 main > o.a.w.l.Aj.preProcess o.a.w.l.Aj@b9afc07 io/qameta/allure/internal/shadowed/jackson/databind/util/SimpleBeanPropertyDefinition, byte[11953], j.i.l.ClassLoaders$AppClassLoader@3cd1a2f1
14:10:29.186 [main] DEBUG org.aspectj.weaver.loadtime.Aj - 14:10:29.186 main - o.a.w.l.Aj.preProcess o.a.w.l.Aj@b9afc07 j.i.l.ClassLoaders$PlatformClassLoader@1ad282e0, j.i.l.ClassLoaders$AppClassLoader@3cd1a2f1
14:10:29.186 [main] DEBUG o.a.weaver.tools.WeavingAdaptor - 14:10:29.186 main > o.a.w.t.WeavingAdaptor.weaveClass o.a.w.l.ClassLoaderWeavingAdaptor@140e5a13 io/qameta/allure/internal/shadowed/jackson/databind/util/SimpleBeanPropertyDefinition, byte[11953]
14:10:29.187 [main] DEBUG org.aspectj.weaver.bcel.BcelWeaver - 14:10:29.187 main > o.a.w.b.BcelWeaver.weave o.a.w.b.BcelWeaver@48524010 o.a.w.t.WeavingAdaptor$WeavingClassFileProvider@560cbf1a
14:10:29.187 [main] DEBUG org.aspectj.weaver.bcel.BcelWeaver - 14:10:29.187 main > o.a.w.b.BcelWeaver.weaveAndNotify o.a.w.b.BcelWeaver@48524010 o.a.w.b.UnwovenClassFile@5fe8b721, o.a.w.b.BcelObjectType@551a20d6, o.a.w.t.WeavingAdaptor$WeavingClassFileProvider$1@578524c3
14:10:29.188 [main] DEBUG org.aspectj.weaver.bcel.BcelWorld - 14:10:29.188 main - o.a.w.b.BcelWorld.lookupJavaClass o.a.w.l.LTWWorld@2b4a2ec7 io.qameta.allure.internal.shadowed.jackson.databind.PropertyMetadata, o.a.a.b.c.JavaClass@1dd0e7c4
14:10:29.189 [main] DEBUG org.aspectj.weaver.bcel.BcelWeaver - 14:10:29.189 main < o.a.w.b.BcelWeaver.weaveAndNotify
14:10:29.189 [main] DEBUG org.aspectj.weaver.bcel.BcelWeaver - 14:10:29.189 main < o.a.w.b.BcelWeaver.weave java.util.ArrayList(1)
14:10:29.189 [main] DEBUG o.a.weaver.tools.WeavingAdaptor - 14:10:29.189 main < o.a.w.t.WeavingAdaptor.weaveClass byte[11953]
14:10:29.189 [main] DEBUG org.aspectj.weaver.Dump - 14:10:29.189 main > o.a.w.Dump.dumpOnExit o.a.w.t.WeavingAdaptor$WeavingAdaptorMessageHolder@6a6afff2
14:10:29.189 [main] DEBUG org.aspectj.weaver.Dump - 14:10:29.189 main > o.a.w.Dump.shouldDumpOnExit o.a.w.t.WeavingAdaptor$WeavingAdaptorMessageHolder@6a6afff2
14:10:29.189 [main] DEBUG org.aspectj.weaver.Dump - 14:10:29.189 main - o.a.w.Dump.shouldDumpOnExit abort
14:10:29.189 [main] DEBUG org.aspectj.weaver.Dump - 14:10:29.189 main < o.a.w.Dump.shouldDumpOnExit false
14:10:29.189 [main] DEBUG org.aspectj.weaver.Dump - 14:10:29.189 main < o.a.w.Dump.dumpOnExit Excluded
14:10:29.189 [main] DEBUG org.aspectj.weaver.loadtime.Aj - 14:10:29.189 main < o.a.w.l.Aj.preProcess byte[11953]
14:10:29.192 [main] DEBUG org.aspectj.weaver.loadtime.Aj - 14:10:29.192 main > o.a.w.l.Aj.preProcess o.a.w.l.Aj@b9afc07 io/qameta/allure/internal/shadowed/jackson/databind/ser/BeanPropertyWriter, byte[26385], j.i.l.ClassLoaders$AppClassLoader@3cd1a2f1
14:10:29.192 [main] DEBUG org.aspectj.weaver.loadtime.Aj - 14:10:29.192 main - o.a.w.l.Aj.preProcess o.a.w.l.Aj@b9afc07 j.i.l.ClassLoaders$PlatformClassLoader@1ad282e0, j.i.l.ClassLoaders$AppClassLoader@3cd1a2f1
14:10:29.192 [main] DEBUG o.a.weaver.tools.WeavingAdaptor - 14:10:29.192 main > o.a.w.t.WeavingAdaptor.weaveClass o.a.w.l.ClassLoaderWeavingAdaptor@140e5a13 io/qameta/allure/internal/shadowed/jackson/databind/ser/BeanPropertyWriter, byte[26385]
14:10:29.193 [main] DEBUG org.aspectj.weaver.bcel.BcelWeaver - 14:10:29.193 main > o.a.w.b.BcelWeaver.weave o.a.w.b.BcelWeaver@48524010 o.a.w.t.WeavingAdaptor$WeavingClassFileProvider@7555b920
14:10:29.195 [main] DEBUG org.aspectj.weaver.bcel.BcelWorld - 14:10:29.195 main - o.a.w.b.BcelWorld.lookupJavaClass o.a.w.l.LTWWorld@2b4a2ec7 io.qameta.allure.internal.shadowed.jackson.databind.ser.PropertyWriter, o.a.a.b.c.JavaClass@5398edd0
14:10:29.195 [main] DEBUG org.aspectj.weaver.bcel.BcelWeaver - 14:10:29.195 main > o.a.w.b.BcelWeaver.weaveAndNotify o.a.w.b.BcelWeaver@48524010 o.a.w.b.UnwovenClassFile@b5cc23a, o.a.w.b.BcelObjectType@5cc5b667, o.a.w.t.WeavingAdaptor$WeavingClassFileProvider$1@61edc883
14:10:29.197 [main] DEBUG org.aspectj.weaver.bcel.BcelWorld - 14:10:29.196 main - o.a.w.b.BcelWorld.lookupJavaClass o.a.w.l.LTWWorld@2b4a2ec7 io.qameta.allure.internal.shadowed.jackson.databind.introspect.ConcreteBeanPropertyBase, o.a.a.b.c.JavaClass@6928f576
14:10:29.197 [main] DEBUG org.aspectj.weaver.bcel.BcelWorld - 14:10:29.197 main - o.a.w.b.BcelWorld.lookupJavaClass o.a.w.l.LTWWorld@2b4a2ec7 io.qameta.allure.internal.shadowed.jackson.databind.BeanProperty, o.a.a.b.c.JavaClass@4ee37ca3
14:10:29.201 [main] DEBUG org.aspectj.weaver.bcel.BcelWorld - 14:10:29.200 main - o.a.w.b.BcelWorld.lookupJavaClass o.a.w.l.LTWWorld@2b4a2ec7 io.qameta.allure.internal.shadowed.jackson.databind.JsonSerializer, o.a.a.b.c.JavaClass@2fc0cc3
14:10:29.202 [main] DEBUG org.aspectj.weaver.bcel.BcelWorld - 14:10:29.202 main - o.a.w.b.BcelWorld.lookupJavaClass o.a.w.l.LTWWorld@2b4a2ec7 io.qameta.allure.internal.shadowed.jackson.databind.jsonFormatVisitors.JsonObjectFormatVisitor, o.a.a.b.c.JavaClass@3f093abe
14:10:29.204 [main] DEBUG org.aspectj.weaver.bcel.BcelWorld - 14:10:29.204 main - o.a.w.b.BcelWorld.lookupJavaClass o.a.w.l.LTWWorld@2b4a2ec7 io.qameta.allure.internal.shadowed.jackson.databind.ser.impl.PropertySerializerMap, o.a.a.b.c.JavaClass@780ec4a5
14:10:29.205 [main] DEBUG org.aspectj.weaver.bcel.BcelWeaver - 14:10:29.205 main < o.a.w.b.BcelWeaver.weaveAndNotify
14:10:29.205 [main] DEBUG org.aspectj.weaver.bcel.BcelWeaver - 14:10:29.205 main < o.a.w.b.BcelWeaver.weave java.util.ArrayList(1)
14:10:29.205 [main] DEBUG o.a.weaver.tools.WeavingAdaptor - 14:10:29.205 main < o.a.w.t.WeavingAdaptor.weaveClass byte[26385]
14:10:29.205 [main] DEBUG org.aspectj.weaver.Dump - 14:10:29.205 main > o.a.w.Dump.dumpOnExit o.a.w.t.WeavingAdaptor$WeavingAdaptorMessageHolder@6a6afff2
14:10:29.205 [main] DEBUG org.aspectj.weaver.Dump - 14:10:29.205 main > o.a.w.Dump.shouldDumpOnExit o.a.w.t.WeavingAdaptor$WeavingAdaptorMessageHolder@6a6afff2
14:10:29.205 [main] DEBUG org.aspectj.weaver.Dump - 14:10:29.205 main - o.a.w.Dump.shouldDumpOnExit abort
14:10:29.205 [main] DEBUG org.aspectj.weaver.Dump - 14:10:29.205 main < o.a.w.Dump.shouldDumpOnExit false
14:10:29.206 [main] DEBUG org.aspectj.weaver.Dump - 14:10:29.206 main < o.a.w.Dump.dumpOnExit Excluded
14:10:29.206 [main] DEBUG org.aspectj.weaver.loadtime.Aj - 14:10:29.206 main < o.a.w.l.Aj.preProcess byte[26385]
14:10:29.209 [main] DEBUG org.aspectj.weaver.loadtime.Aj - 14:10:29.209 main > o.a.w.l.Aj.preProcess o.a.w.l.Aj@b9afc07 io/qameta/allure/internal/shadowed/jackson/databind/ser/PropertyWriter, byte[3047], j.i.l.ClassLoaders$AppClassLoader@3cd1a2f1
14:10:29.209 [main] DEBUG org.aspectj.weaver.loadtime.Aj - 14:10:29.209 main - o.a.w.l.Aj.preProcess o.a.w.l.Aj@b9afc07 j.i.l.ClassLoaders$PlatformClassLoader@1ad282e0, j.i.l.ClassLoaders$AppClassLoader@3cd1a2f1
14:10:29.209 [main] DEBUG o.a.weaver.tools.WeavingAdaptor - 14:10:29.209 main > o.a.w.t.WeavingAdaptor.weaveClass o.a.w.l.ClassLoaderWeavingAdaptor@140e5a13 io/qameta/allure/internal/shadowed/jackson/databind/ser/PropertyWriter, byte[3047]
14:10:29.210 [main] DEBUG org.aspectj.weaver.bcel.BcelWeaver - 14:10:29.210 main > o.a.w.b.BcelWeaver.weave o.a.w.b.BcelWeaver@48524010 o.a.w.t.WeavingAdaptor$WeavingClassFileProvider@5aabbb29
14:10:29.210 [main] DEBUG org.aspectj.weaver.bcel.BcelWeaver - 14:10:29.210 main > o.a.w.b.BcelWeaver.weaveAndNotify o.a.w.b.BcelWeaver@48524010 o.a.w.b.UnwovenClassFile@72c927f1, o.a.w.b.BcelObjectType@1ac85b0c, o.a.w.t.WeavingAdaptor$WeavingClassFileProvider$1@3dd69f5a
14:10:29.211 [main] DEBUG org.aspectj.weaver.bcel.BcelWeaver - 14:10:29.211 main < o.a.w.b.BcelWeaver.weaveAndNotify
14:10:29.211 [main] DEBUG org.aspectj.weaver.bcel.BcelWeaver - 14:10:29.211 main < o.a.w.b.BcelWeaver.weave java.util.ArrayList(1)
14:10:29.211 [main] DEBUG o.a.weaver.tools.WeavingAdaptor - 14:10:29.211 main < o.a.w.t.WeavingAdaptor.weaveClass byte[3047]
14:10:29.211 [main] DEBUG org.aspectj.weaver.Dump - 14:10:29.211 main > o.a.w.Dump.dumpOnExit o.a.w.t.WeavingAdaptor$WeavingAdaptorMessageHolder@6a6afff2
14:10:29.211 [main] DEBUG org.aspectj.weaver.Dump - 14:10:29.211 main > o.a.w.Dump.shouldDumpOnExit o.a.w.t.WeavingAdaptor$WeavingAdaptorMessageHolder@6a6afff2
14:10:29.211 [main] DEBUG org.aspectj.weaver.Dump - 14:10:29.211 main - o.a.w.Dump.shouldDumpOnExit abort
14:10:29.212 [main] DEBUG org.aspectj.weaver.Dump - 14:10:29.212 main < o.a.w.Dump.shouldDumpOnExit false
14:10:29.212 [main] DEBUG org.aspectj.weaver.Dump - 14:10:29.212 main < o.a.w.Dump.dumpOnExit Excluded
14:10:29.212 [main] DEBUG org.aspectj.weaver.loadtime.Aj - 14:10:29.212 main < o.a.w.l.Aj.preProcess byte[3047]
14:10:29.213 [main] DEBUG org.aspectj.weaver.loadtime.Aj - 14:10:29.213 main > o.a.w.l.Aj.preProcess o.a.w.l.Aj@b9afc07 io/qameta/allure/internal/shadowed/jackson/databind/introspect/ConcreteBeanPropertyBase, byte[6651], j.i.l.ClassLoaders$AppClassLoader@3cd1a2f1
14:10:29.213 [main] DEBUG org.aspectj.weaver.loadtime.Aj - 14:10:29.213 main - o.a.w.l.Aj.preProcess o.a.w.l.Aj@b9afc07 j.i.l.ClassLoaders$PlatformClassLoader@1ad282e0, j.i.l.ClassLoaders$AppClassLoader@3cd1a2f1
14:10:29.214 [main] DEBUG o.a.weaver.tools.WeavingAdaptor - 14:10:29.214 main > o.a.w.t.WeavingAdaptor.weaveClass o.a.w.l.ClassLoaderWeavingAdaptor@140e5a13 io/qameta/allure/internal/shadowed/jackson/databind/introspect/ConcreteBeanPropertyBase, byte[6651]
14:10:29.214 [main] DEBUG org.aspectj.weaver.bcel.BcelWeaver - 14:10:29.214 main > o.a.w.b.BcelWeaver.weave o.a.w.b.BcelWeaver@48524010 o.a.w.t.WeavingAdaptor$WeavingClassFileProvider@6bc248ed
14:10:29.214 [main] DEBUG org.aspectj.weaver.bcel.BcelWeaver - 14:10:29.214 main > o.a.w.b.BcelWeaver.weaveAndNotify o.a.w.b.BcelWeaver@48524010 o.a.w.b.UnwovenClassFile@23a9ba52, o.a.w.b.BcelObjectType@ca27722, o.a.w.t.WeavingAdaptor$WeavingClassFileProvider$1@70ab80e3
14:10:29.215 [main] DEBUG org.aspectj.weaver.bcel.BcelWeaver - 14:10:29.215 main < o.a.w.b.BcelWeaver.weaveAndNotify
14:10:29.216 [main] DEBUG org.aspectj.weaver.bcel.BcelWeaver - 14:10:29.216 main < o.a.w.b.BcelWeaver.weave java.util.ArrayList(1)
14:10:29.216 [main] DEBUG o.a.weaver.tools.WeavingAdaptor - 14:10:29.216 main < o.a.w.t.WeavingAdaptor.weaveClass byte[6651]
14:10:29.216 [main] DEBUG org.aspectj.weaver.Dump - 14:10:29.216 main > o.a.w.Dump.dumpOnExit o.a.w.t.WeavingAdaptor$WeavingAdaptorMessageHolder@6a6afff2
14:10:29.216 [main] DEBUG org.aspectj.weaver.Dump - 14:10:29.216 main > o.a.w.Dump.shouldDumpOnExit o.a.w.t.WeavingAdaptor$WeavingAdaptorMessageHolder@6a6afff2
14:10:29.216 [main] DEBUG org.aspectj.weaver.Dump - 14:10:29.216 main - o.a.w.Dump.shouldDumpOnExit abort
14:10:29.216 [main] DEBUG org.aspectj.weaver.Dump - 14:10:29.216 main < o.a.w.Dump.shouldDumpOnExit false
14:10:29.216 [main] DEBUG org.aspectj.weaver.Dump - 14:10:29.216 main < o.a.w.Dump.dumpOnExit Excluded
14:10:29.216 [main] DEBUG org.aspectj.weaver.loadtime.Aj - 14:10:29.216 main < o.a.w.l.Aj.preProcess byte[6651]
14:10:29.217 [main] DEBUG org.aspectj.weaver.loadtime.Aj - 14:10:29.217 main > o.a.w.l.Aj.preProcess o.a.w.l.Aj@b9afc07 io/qameta/allure/internal/shadowed/jackson/databind/BeanProperty, byte[3485], j.i.l.ClassLoaders$AppClassLoader@3cd1a2f1
14:10:29.217 [main] DEBUG org.aspectj.weaver.loadtime.Aj - 14:10:29.217 main - o.a.w.l.Aj.preProcess o.a.w.l.Aj@b9afc07 j.i.l.ClassLoaders$PlatformClassLoader@1ad282e0, j.i.l.ClassLoaders$AppClassLoader@3cd1a2f1
14:10:29.218 [main] DEBUG o.a.weaver.tools.WeavingAdaptor - 14:10:29.218 main > o.a.w.t.WeavingAdaptor.weaveClass o.a.w.l.ClassLoaderWeavingAdaptor@140e5a13 io/qameta/allure/internal/shadowed/jackson/databind/BeanProperty, byte[3485]
14:10:29.218 [main] DEBUG org.aspectj.weaver.bcel.BcelWeaver - 14:10:29.218 main > o.a.w.b.BcelWeaver.weave o.a.w.b.BcelWeaver@48524010 o.a.w.t.WeavingAdaptor$WeavingClassFileProvider@1095f122
14:10:29.218 [main] DEBUG org.aspectj.weaver.bcel.BcelWeaver - 14:10:29.218 main > o.a.w.b.BcelWeaver.weaveAndNotify o.a.w.b.BcelWeaver@48524010 o.a.w.b.UnwovenClassFile@58c540cf, o.a.w.b.BcelObjectType@3d6300e8, o.a.w.t.WeavingAdaptor$WeavingClassFileProvider$1@1b822fcc
14:10:29.219 [main] DEBUG org.aspectj.weaver.bcel.BcelWeaver - 14:10:29.219 main < o.a.w.b.BcelWeaver.weaveAndNotify
14:10:29.219 [main] DEBUG org.aspectj.weaver.bcel.BcelWeaver - 14:10:29.219 main < o.a.w.b.BcelWeaver.weave java.util.ArrayList(1)
14:10:29.219 [main] DEBUG o.a.weaver.tools.WeavingAdaptor - 14:10:29.219 main < o.a.w.t.WeavingAdaptor.weaveClass byte[3485]
14:10:29.219 [main] DEBUG org.aspectj.weaver.Dump - 14:10:29.219 main > o.a.w.Dump.dumpOnExit o.a.w.t.WeavingAdaptor$WeavingAdaptorMessageHolder@6a6afff2
14:10:29.219 [main] DEBUG org.aspectj.weaver.Dump - 14:10:29.219 main > o.a.w.Dump.shouldDumpOnExit o.a.w.t.WeavingAdaptor$WeavingAdaptorMessageHolder@6a6afff2
14:10:29.219 [main] DEBUG org.aspectj.weaver.Dump - 14:10:29.219 main - o.a.w.Dump.shouldDumpOnExit abort
14:10:29.219 [main] DEBUG org.aspectj.weaver.Dump - 14:10:29.219 main < o.a.w.Dump.shouldDumpOnExit false
14:10:29.219 [main] DEBUG org.aspectj.weaver.Dump - 14:10:29.219 main < o.a.w.Dump.dumpOnExit Excluded
14:10:29.219 [main] DEBUG org.aspectj.weaver.loadtime.Aj - 14:10:29.219 main < o.a.w.l.Aj.preProcess byte[3485]
14:10:29.222 [main] DEBUG org.aspectj.weaver.loadtime.Aj - 14:10:29.221 main > o.a.w.l.Aj.preProcess o.a.w.l.Aj@b9afc07 io/qameta/allure/internal/shadowed/jackson/databind/ser/impl/AttributePropertyWriter, byte[5341], j.i.l.ClassLoaders$AppClassLoader@3cd1a2f1
14:10:29.222 [main] DEBUG org.aspectj.weaver.loadtime.Aj - 14:10:29.222 main - o.a.w.l.Aj.preProcess o.a.w.l.Aj@b9afc07 j.i.l.ClassLoaders$PlatformClassLoader@1ad282e0, j.i.l.ClassLoaders$AppClassLoader@3cd1a2f1
14:10:29.222 [main] DEBUG o.a.weaver.tools.WeavingAdaptor - 14:10:29.222 main > o.a.w.t.WeavingAdaptor.weaveClass o.a.w.l.ClassLoaderWeavingAdaptor@140e5a13 io/qameta/allure/internal/shadowed/jackson/databind/ser/impl/AttributePropertyWriter, byte[5341]
14:10:29.222 [main] DEBUG org.aspectj.weaver.bcel.BcelWeaver - 14:10:29.222 main > o.a.w.b.BcelWeaver.weave o.a.w.b.BcelWeaver@48524010 o.a.w.t.WeavingAdaptor$WeavingClassFileProvider@7927bd9f
14:10:29.224 [main] DEBUG org.aspectj.weaver.bcel.BcelWorld - 14:10:29.224 main - o.a.w.b.BcelWorld.lookupJavaClass o.a.w.l.LTWWorld@2b4a2ec7 io.qameta.allure.internal.shadowed.jackson.databind.ser.VirtualBeanPropertyWriter, o.a.a.b.c.JavaClass@7fb9f71f
14:10:29.225 [main] DEBUG org.aspectj.weaver.bcel.BcelWeaver - 14:10:29.225 main > o.a.w.b.BcelWeaver.weaveAndNotify o.a.w.b.BcelWeaver@48524010 o.a.w.b.UnwovenClassFile@3b366632, o.a.w.b.BcelObjectType@51f49060, o.a.w.t.WeavingAdaptor$WeavingClassFileProvider$1@514eedd8
14:10:29.226 [main] DEBUG org.aspectj.weaver.bcel.BcelWeaver - 14:10:29.225 main < o.a.w.b.BcelWeaver.weaveAndNotify
14:10:29.226 [main] DEBUG org.aspectj.weaver.bcel.BcelWeaver - 14:10:29.226 main < o.a.w.b.BcelWeaver.weave java.util.ArrayList(1)
14:10:29.226 [main] DEBUG o.a.weaver.tools.WeavingAdaptor - 14:10:29.226 main < o.a.w.t.WeavingAdaptor.weaveClass byte[5341]
14:10:29.226 [main] DEBUG org.aspectj.weaver.Dump - 14:10:29.226 main > o.a.w.Dump.dumpOnExit o.a.w.t.WeavingAdaptor$WeavingAdaptorMessageHolder@6a6afff2
14:10:29.226 [main] DEBUG org.aspectj.weaver.Dump - 14:10:29.226 main > o.a.w.Dump.shouldDumpOnExit o.a.w.t.WeavingAdaptor$WeavingAdaptorMessageHolder@6a6afff2
14:10:29.226 [main] DEBUG org.aspectj.weaver.Dump - 14:10:29.226 main - o.a.w.Dump.shouldDumpOnExit abort
14:10:29.226 [main] DEBUG org.aspectj.weaver.Dump - 14:10:29.226 main < o.a.w.Dump.shouldDumpOnExit false
14:10:29.226 [main] DEBUG org.aspectj.weaver.Dump - 14:10:29.226 main < o.a.w.Dump.dumpOnExit Excluded
14:10:29.226 [main] DEBUG org.aspectj.weaver.loadtime.Aj - 14:10:29.226 main < o.a.w.l.Aj.preProcess byte[5341]
14:10:29.228 [main] DEBUG org.aspectj.weaver.loadtime.Aj - 14:10:29.228 main > o.a.w.l.Aj.preProcess o.a.w.l.Aj@b9afc07 io/qameta/allure/internal/shadowed/jackson/databind/ser/VirtualBeanPropertyWriter, byte[11429], j.i.l.ClassLoaders$AppClassLoader@3cd1a2f1
14:10:29.228 [main] DEBUG org.aspectj.weaver.loadtime.Aj - 14:10:29.228 main - o.a.w.l.Aj.preProcess o.a.w.l.Aj@b9afc07 j.i.l.ClassLoaders$PlatformClassLoader@1ad282e0, j.i.l.ClassLoaders$AppClassLoader@3cd1a2f1
14:10:29.228 [main] DEBUG o.a.weaver.tools.WeavingAdaptor - 14:10:29.228 main > o.a.w.t.WeavingAdaptor.weaveClass o.a.w.l.ClassLoaderWeavingAdaptor@140e5a13 io/qameta/allure/internal/shadowed/jackson/databind/ser/VirtualBeanPropertyWriter, byte[11429]
14:10:29.228 [main] DEBUG org.aspectj.weaver.bcel.BcelWeaver - 14:10:29.228 main > o.a.w.b.BcelWeaver.weave o.a.w.b.BcelWeaver@48524010 o.a.w.t.WeavingAdaptor$WeavingClassFileProvider@466cf502
14:10:29.228 [main] DEBUG org.aspectj.weaver.bcel.BcelWeaver - 14:10:29.228 main > o.a.w.b.BcelWeaver.weaveAndNotify o.a.w.b.BcelWeaver@48524010 o.a.w.b.UnwovenClassFile@5b800468, o.a.w.b.BcelObjectType@2e185cd7, o.a.w.t.WeavingAdaptor$WeavingClassFileProvider$1@7e1a1da6
14:10:29.230 [main] DEBUG org.aspectj.weaver.bcel.BcelWeaver - 14:10:29.230 main < o.a.w.b.BcelWeaver.weaveAndNotify
14:10:29.230 [main] DEBUG org.aspectj.weaver.bcel.BcelWeaver - 14:10:29.230 main < o.a.w.b.BcelWeaver.weave java.util.ArrayList(1)
14:10:29.230 [main] DEBUG o.a.weaver.tools.WeavingAdaptor - 14:10:29.230 main < o.a.w.t.WeavingAdaptor.weaveClass byte[11429]
14:10:29.230 [main] DEBUG org.aspectj.weaver.Dump - 14:10:29.230 main > o.a.w.Dump.dumpOnExit o.a.w.t.WeavingAdaptor$WeavingAdaptorMessageHolder@6a6afff2
14:10:29.230 [main] DEBUG org.aspectj.weaver.Dump - 14:10:29.230 main > o.a.w.Dump.shouldDumpOnExit o.a.w.t.WeavingAdaptor$WeavingAdaptorMessageHolder@6a6afff2
14:10:29.230 [main] DEBUG org.aspectj.weaver.Dump - 14:10:29.230 main - o.a.w.Dump.shouldDumpOnExit abort
14:10:29.230 [main] DEBUG org.aspectj.weaver.Dump - 14:10:29.230 main < o.a.w.Dump.shouldDumpOnExit false
14:10:29.230 [main] DEBUG org.aspectj.weaver.Dump - 14:10:29.230 main < o.a.w.Dump.dumpOnExit Excluded
14:10:29.231 [main] DEBUG org.aspectj.weaver.loadtime.Aj - 14:10:29.230 main < o.a.w.l.Aj.preProcess byte[11429]
14:10:29.234 [main] DEBUG org.aspectj.weaver.loadtime.Aj - 14:10:29.234 main > o.a.w.l.Aj.preProcess o.a.w.l.Aj@b9afc07 io/qameta/allure/internal/shadowed/jackson/databind/annotation/JsonSerialize, byte[2425], j.i.l.ClassLoaders$AppClassLoader@3cd1a2f1
14:10:29.235 [main] DEBUG org.aspectj.weaver.loadtime.Aj - 14:10:29.235 main - o.a.w.l.Aj.preProcess o.a.w.l.Aj@b9afc07 j.i.l.ClassLoaders$PlatformClassLoader@1ad282e0, j.i.l.ClassLoaders$AppClassLoader@3cd1a2f1
14:10:29.235 [main] DEBUG o.a.weaver.tools.WeavingAdaptor - 14:10:29.235 main > o.a.w.t.WeavingAdaptor.weaveClass o.a.w.l.ClassLoaderWeavingAdaptor@140e5a13 io/qameta/allure/internal/shadowed/jackson/databind/annotation/JsonSerialize, byte[2425]
14:10:29.235 [main] DEBUG org.aspectj.weaver.bcel.BcelWeaver - 14:10:29.235 main > o.a.w.b.BcelWeaver.weave o.a.w.b.BcelWeaver@48524010 o.a.w.t.WeavingAdaptor$WeavingClassFileProvider@3d3f761a
14:10:29.235 [main] DEBUG org.aspectj.weaver.bcel.BcelWeaver - 14:10:29.235 main > o.a.w.b.BcelWeaver.weaveAndNotify o.a.w.b.BcelWeaver@48524010 o.a.w.b.UnwovenClassFile@3546d80f, o.a.w.b.BcelObjectType@579d011c, o.a.w.t.WeavingAdaptor$WeavingClassFileProvider$1@3670f00
14:10:29.236 [main] DEBUG org.aspectj.weaver.bcel.BcelWeaver - 14:10:29.236 main < o.a.w.b.BcelWeaver.weaveAndNotify
14:10:29.236 [main] DEBUG org.aspectj.weaver.bcel.BcelWeaver - 14:10:29.236 main < o.a.w.b.BcelWeaver.weave java.util.ArrayList(1)
14:10:29.236 [main] DEBUG o.a.weaver.tools.WeavingAdaptor - 14:10:29.236 main < o.a.w.t.WeavingAdaptor.weaveClass byte[2425]
14:10:29.236 [main] DEBUG org.aspectj.weaver.Dump - 14:10:29.236 main > o.a.w.Dump.dumpOnExit o.a.w.t.WeavingAdaptor$WeavingAdaptorMessageHolder@6a6afff2
14:10:29.236 [main] DEBUG org.aspectj.weaver.Dump - 14:10:29.236 main > o.a.w.Dump.shouldDumpOnExit o.a.w.t.WeavingAdaptor$WeavingAdaptorMessageHolder@6a6afff2
14:10:29.236 [main] DEBUG org.aspectj.weaver.Dump - 14:10:29.236 main - o.a.w.Dump.shouldDumpOnExit abort
14:10:29.236 [main] DEBUG org.aspectj.weaver.Dump - 14:10:29.236 main < o.a.w.Dump.shouldDumpOnExit false
14:10:29.236 [main] DEBUG org.aspectj.weaver.Dump - 14:10:29.236 main < o.a.w.Dump.dumpOnExit Excluded
14:10:29.236 [main] DEBUG org.aspectj.weaver.loadtime.Aj - 14:10:29.236 main < o.a.w.l.Aj.preProcess byte[2425]
14:10:29.238 [main] DEBUG org.aspectj.weaver.loadtime.Aj - 14:10:29.238 main > o.a.w.l.Aj.preProcess o.a.w.l.Aj@b9afc07 io/qameta/allure/internal/shadowed/jackson/annotation/JsonView, byte[674], j.i.l.ClassLoaders$AppClassLoader@3cd1a2f1
14:10:29.239 [main] DEBUG org.aspectj.weaver.loadtime.Aj - 14:10:29.239 main - o.a.w.l.Aj.preProcess o.a.w.l.Aj@b9afc07 j.i.l.ClassLoaders$PlatformClassLoader@1ad282e0, j.i.l.ClassLoaders$AppClassLoader@3cd1a2f1
14:10:29.239 [main] DEBUG o.a.weaver.tools.WeavingAdaptor - 14:10:29.239 main > o.a.w.t.WeavingAdaptor.weaveClass o.a.w.l.ClassLoaderWeavingAdaptor@140e5a13 io/qameta/allure/internal/shadowed/jackson/annotation/JsonView, byte[674]
14:10:29.239 [main] DEBUG org.aspectj.weaver.bcel.BcelWeaver - 14:10:29.239 main > o.a.w.b.BcelWeaver.weave o.a.w.b.BcelWeaver@48524010 o.a.w.t.WeavingAdaptor$WeavingClassFileProvider@42257bdd
14:10:29.239 [main] DEBUG org.aspectj.weaver.bcel.BcelWeaver - 14:10:29.239 main > o.a.w.b.BcelWeaver.weaveAndNotify o.a.w.b.BcelWeaver@48524010 o.a.w.b.UnwovenClassFile@7689ddef, o.a.w.b.BcelObjectType@687a762c, o.a.w.t.WeavingAdaptor$WeavingClassFileProvider$1@1a2e2935
14:10:29.240 [main] DEBUG org.aspectj.weaver.bcel.BcelWeaver - 14:10:29.240 main < o.a.w.b.BcelWeaver.weaveAndNotify
14:10:29.240 [main] DEBUG org.aspectj.weaver.bcel.BcelWeaver - 14:10:29.240 main < o.a.w.b.BcelWeaver.weave java.util.ArrayList(1)
14:10:29.240 [main] DEBUG o.a.weaver.tools.WeavingAdaptor - 14:10:29.240 main < o.a.w.t.WeavingAdaptor.weaveClass byte[674]
14:10:29.240 [main] DEBUG org.aspectj.weaver.Dump - 14:10:29.240 main > o.a.w.Dump.dumpOnExit o.a.w.t.WeavingAdaptor$WeavingAdaptorMessageHolder@6a6afff2
14:10:29.240 [main] DEBUG org.aspectj.weaver.Dump - 14:10:29.240 main > o.a.w.Dump.shouldDumpOnExit o.a.w.t.WeavingAdaptor$WeavingAdaptorMessageHolder@6a6afff2
14:10:29.240 [main] DEBUG org.aspectj.weaver.Dump - 14:10:29.240 main - o.a.w.Dump.shouldDumpOnExit abort
14:10:29.240 [main] DEBUG org.aspectj.weaver.Dump - 14:10:29.240 main < o.a.w.Dump.shouldDumpOnExit false
14:10:29.240 [main] DEBUG org.aspectj.weaver.Dump - 14:10:29.240 main < o.a.w.Dump.dumpOnExit Excluded
14:10:29.240 [main] DEBUG org.aspectj.weaver.loadtime.Aj - 14:10:29.240 main < o.a.w.l.Aj.preProcess byte[674]
14:10:29.242 [main] DEBUG org.aspectj.weaver.loadtime.Aj - 14:10:29.242 main > o.a.w.l.Aj.preProcess o.a.w.l.Aj@b9afc07 io/qameta/allure/internal/shadowed/jackson/annotation/JsonFormat, byte[1715], j.i.l.ClassLoaders$AppClassLoader@3cd1a2f1
14:10:29.242 [main] DEBUG org.aspectj.weaver.loadtime.Aj - 14:10:29.242 main - o.a.w.l.Aj.preProcess o.a.w.l.Aj@b9afc07 j.i.l.ClassLoaders$PlatformClassLoader@1ad282e0, j.i.l.ClassLoaders$AppClassLoader@3cd1a2f1
14:10:29.242 [main] DEBUG o.a.weaver.tools.WeavingAdaptor - 14:10:29.242 main > o.a.w.t.WeavingAdaptor.weaveClass o.a.w.l.ClassLoaderWeavingAdaptor@140e5a13 io/qameta/allure/internal/shadowed/jackson/annotation/JsonFormat, byte[1715]
14:10:29.242 [main] DEBUG org.aspectj.weaver.bcel.BcelWeaver - 14:10:29.242 main > o.a.w.b.BcelWeaver.weave o.a.w.b.BcelWeaver@48524010 o.a.w.t.WeavingAdaptor$WeavingClassFileProvider@1b9ea3e3
14:10:29.242 [main] DEBUG org.aspectj.weaver.bcel.BcelWeaver - 14:10:29.242 main > o.a.w.b.BcelWeaver.weaveAndNotify o.a.w.b.BcelWeaver@48524010 o.a.w.b.UnwovenClassFile@aa22f1c, o.a.w.b.BcelObjectType@55e7a35c, o.a.w.t.WeavingAdaptor$WeavingClassFileProvider$1@37cd92d6
14:10:29.243 [main] DEBUG org.aspectj.weaver.bcel.BcelWeaver - 14:10:29.243 main < o.a.w.b.BcelWeaver.weaveAndNotify
14:10:29.243 [main] DEBUG org.aspectj.weaver.bcel.BcelWeaver - 14:10:29.243 main < o.a.w.b.BcelWeaver.weave java.util.ArrayList(1)
14:10:29.243 [main] DEBUG o.a.weaver.tools.WeavingAdaptor - 14:10:29.243 main < o.a.w.t.WeavingAdaptor.weaveClass byte[1715]
14:10:29.243 [main] DEBUG org.aspectj.weaver.Dump - 14:10:29.243 main > o.a.w.Dump.dumpOnExit o.a.w.t.WeavingAdaptor$WeavingAdaptorMessageHolder@6a6afff2
14:10:29.243 [main] DEBUG org.aspectj.weaver.Dump - 14:10:29.243 main > o.a.w.Dump.shouldDumpOnExit o.a.w.t.WeavingAdaptor$WeavingAdaptorMessageHolder@6a6afff2
14:10:29.243 [main] DEBUG org.aspectj.weaver.Dump - 14:10:29.243 main - o.a.w.Dump.shouldDumpOnExit abort
14:10:29.243 [main] DEBUG org.aspectj.weaver.Dump - 14:10:29.243 main < o.a.w.Dump.shouldDumpOnExit false
14:10:29.243 [main] DEBUG org.aspectj.weaver.Dump - 14:10:29.243 main < o.a.w.Dump.dumpOnExit Excluded
14:10:29.243 [main] DEBUG org.aspectj.weaver.loadtime.Aj - 14:10:29.243 main < o.a.w.l.Aj.preProcess byte[1715]
14:10:29.245 [main] DEBUG org.aspectj.weaver.loadtime.Aj - 14:10:29.245 main > o.a.w.l.Aj.preProcess o.a.w.l.Aj@b9afc07 io/qameta/allure/internal/shadowed/jackson/annotation/JsonTypeInfo, byte[1428], j.i.l.ClassLoaders$AppClassLoader@3cd1a2f1
14:10:29.245 [main] DEBUG org.aspectj.weaver.loadtime.Aj - 14:10:29.245 main - o.a.w.l.Aj.preProcess o.a.w.l.Aj@b9afc07 j.i.l.ClassLoaders$PlatformClassLoader@1ad282e0, j.i.l.ClassLoaders$AppClassLoader@3cd1a2f1
14:10:29.245 [main] DEBUG o.a.weaver.tools.WeavingAdaptor - 14:10:29.245 main > o.a.w.t.WeavingAdaptor.weaveClass o.a.w.l.ClassLoaderWeavingAdaptor@140e5a13 io/qameta/allure/internal/shadowed/jackson/annotation/JsonTypeInfo, byte[1428]
14:10:29.245 [main] DEBUG org.aspectj.weaver.bcel.BcelWeaver - 14:10:29.245 main > o.a.w.b.BcelWeaver.weave o.a.w.b.BcelWeaver@48524010 o.a.w.t.WeavingAdaptor$WeavingClassFileProvider@71f67a79
14:10:29.246 [main] DEBUG org.aspectj.weaver.bcel.BcelWeaver - 14:10:29.245 main > o.a.w.b.BcelWeaver.weaveAndNotify o.a.w.b.BcelWeaver@48524010 o.a.w.b.UnwovenClassFile@3deb2326, o.a.w.b.BcelObjectType@62d363ab, o.a.w.t.WeavingAdaptor$WeavingClassFileProvider$1@7889a1ac
14:10:29.246 [main] DEBUG org.aspectj.weaver.bcel.BcelWeaver - 14:10:29.246 main < o.a.w.b.BcelWeaver.weaveAndNotify
14:10:29.246 [main] DEBUG org.aspectj.weaver.bcel.BcelWeaver - 14:10:29.246 main < o.a.w.b.BcelWeaver.weave java.util.ArrayList(1)
14:10:29.246 [main] DEBUG o.a.weaver.tools.WeavingAdaptor - 14:10:29.246 main < o.a.w.t.WeavingAdaptor.weaveClass byte[1428]
14:10:29.247 [main] DEBUG org.aspectj.weaver.Dump - 14:10:29.246 main > o.a.w.Dump.dumpOnExit o.a.w.t.WeavingAdaptor$WeavingAdaptorMessageHolder@6a6afff2
14:10:29.247 [main] DEBUG org.aspectj.weaver.Dump - 14:10:29.247 main > o.a.w.Dump.shouldDumpOnExit o.a.w.t.WeavingAdaptor$WeavingAdaptorMessageHolder@6a6afff2
14:10:29.247 [main] DEBUG org.aspectj.weaver.Dump - 14:10:29.247 main - o.a.w.Dump.shouldDumpOnExit abort
14:10:29.247 [main] DEBUG org.aspectj.weaver.Dump - 14:10:29.247 main < o.a.w.Dump.shouldDumpOnExit false
14:10:29.247 [main] DEBUG org.aspectj.weaver.Dump - 14:10:29.247 main < o.a.w.Dump.dumpOnExit Excluded
14:10:29.247 [main] DEBUG org.aspectj.weaver.loadtime.Aj - 14:10:29.247 main < o.a.w.l.Aj.preProcess byte[1428]
14:10:29.250 [main] DEBUG org.aspectj.weaver.loadtime.Aj - 14:10:29.250 main > o.a.w.l.Aj.preProcess o.a.w.l.Aj@b9afc07 io/qameta/allure/internal/shadowed/jackson/annotation/JsonRawValue, byte[595], j.i.l.ClassLoaders$AppClassLoader@3cd1a2f1
14:10:29.250 [main] DEBUG org.aspectj.weaver.loadtime.Aj - 14:10:29.250 main - o.a.w.l.Aj.preProcess o.a.w.l.Aj@b9afc07 j.i.l.ClassLoaders$PlatformClassLoader@1ad282e0, j.i.l.ClassLoaders$AppClassLoader@3cd1a2f1
14:10:29.250 [main] DEBUG o.a.weaver.tools.WeavingAdaptor - 14:10:29.250 main > o.a.w.t.WeavingAdaptor.weaveClass o.a.w.l.ClassLoaderWeavingAdaptor@140e5a13 io/qameta/allure/internal/shadowed/jackson/annotation/JsonRawValue, byte[595]
14:10:29.250 [main] DEBUG org.aspectj.weaver.bcel.BcelWeaver - 14:10:29.250 main > o.a.w.b.BcelWeaver.weave o.a.w.b.BcelWeaver@48524010 o.a.w.t.WeavingAdaptor$WeavingClassFileProvider@127e70c5
14:10:29.250 [main] DEBUG org.aspectj.weaver.bcel.BcelWeaver - 14:10:29.250 main > o.a.w.b.BcelWeaver.weaveAndNotify o.a.w.b.BcelWeaver@48524010 o.a.w.b.UnwovenClassFile@5910de75, o.a.w.b.BcelObjectType@4108fa66, o.a.w.t.WeavingAdaptor$WeavingClassFileProvider$1@1f130eaf
14:10:29.251 [main] DEBUG org.aspectj.weaver.bcel.BcelWeaver - 14:10:29.251 main < o.a.w.b.BcelWeaver.weaveAndNotify
14:10:29.251 [main] DEBUG org.aspectj.weaver.bcel.BcelWeaver - 14:10:29.251 main < o.a.w.b.BcelWeaver.weave java.util.ArrayList(1)
14:10:29.251 [main] DEBUG o.a.weaver.tools.WeavingAdaptor - 14:10:29.251 main < o.a.w.t.WeavingAdaptor.weaveClass byte[595]
14:10:29.251 [main] DEBUG org.aspectj.weaver.Dump - 14:10:29.251 main > o.a.w.Dump.dumpOnExit o.a.w.t.WeavingAdaptor$WeavingAdaptorMessageHolder@6a6afff2
14:10:29.251 [main] DEBUG org.aspectj.weaver.Dump - 14:10:29.251 main > o.a.w.Dump.shouldDumpOnExit o.a.w.t.WeavingAdaptor$WeavingAdaptorMessageHolder@6a6afff2
14:10:29.251 [main] DEBUG org.aspectj.weaver.Dump - 14:10:29.251 main - o.a.w.Dump.shouldDumpOnExit abort
14:10:29.251 [main] DEBUG org.aspectj.weaver.Dump - 14:10:29.251 main < o.a.w.Dump.shouldDumpOnExit false
14:10:29.251 [main] DEBUG org.aspectj.weaver.Dump - 14:10:29.251 main < o.a.w.Dump.dumpOnExit Excluded
14:10:29.251 [main] DEBUG org.aspectj.weaver.loadtime.Aj - 14:10:29.251 main < o.a.w.l.Aj.preProcess byte[595]
14:10:29.253 [main] DEBUG org.aspectj.weaver.loadtime.Aj - 14:10:29.253 main > o.a.w.l.Aj.preProcess o.a.w.l.Aj@b9afc07 io/qameta/allure/internal/shadowed/jackson/annotation/JsonUnwrapped, byte[702], j.i.l.ClassLoaders$AppClassLoader@3cd1a2f1
14:10:29.253 [main] DEBUG org.aspectj.weaver.loadtime.Aj - 14:10:29.253 main - o.a.w.l.Aj.preProcess o.a.w.l.Aj@b9afc07 j.i.l.ClassLoaders$PlatformClassLoader@1ad282e0, j.i.l.ClassLoaders$AppClassLoader@3cd1a2f1
14:10:29.253 [main] DEBUG o.a.weaver.tools.WeavingAdaptor - 14:10:29.253 main > o.a.w.t.WeavingAdaptor.weaveClass o.a.w.l.ClassLoaderWeavingAdaptor@140e5a13 io/qameta/allure/internal/shadowed/jackson/annotation/JsonUnwrapped, byte[702]
14:10:29.253 [main] DEBUG org.aspectj.weaver.bcel.BcelWeaver - 14:10:29.253 main > o.a.w.b.BcelWeaver.weave o.a.w.b.BcelWeaver@48524010 o.a.w.t.WeavingAdaptor$WeavingClassFileProvider@200a26bc
14:10:29.253 [main] DEBUG org.aspectj.weaver.bcel.BcelWeaver - 14:10:29.253 main > o.a.w.b.BcelWeaver.weaveAndNotify o.a.w.b.BcelWeaver@48524010 o.a.w.b.UnwovenClassFile@bc57b40, o.a.w.b.BcelObjectType@1b5bc39d, o.a.w.t.WeavingAdaptor$WeavingClassFileProvider$1@655a5d9c
14:10:29.254 [main] DEBUG org.aspectj.weaver.bcel.BcelWeaver - 14:10:29.254 main < o.a.w.b.BcelWeaver.weaveAndNotify
14:10:29.254 [main] DEBUG org.aspectj.weaver.bcel.BcelWeaver - 14:10:29.254 main < o.a.w.b.BcelWeaver.weave java.util.ArrayList(1)
14:10:29.254 [main] DEBUG o.a.weaver.tools.WeavingAdaptor - 14:10:29.254 main < o.a.w.t.WeavingAdaptor.weaveClass byte[702]
14:10:29.254 [main] DEBUG org.aspectj.weaver.Dump - 14:10:29.254 main > o.a.w.Dump.dumpOnExit o.a.w.t.WeavingAdaptor$WeavingAdaptorMessageHolder@6a6afff2
14:10:29.254 [main] DEBUG org.aspectj.weaver.Dump - 14:10:29.254 main > o.a.w.Dump.shouldDumpOnExit o.a.w.t.WeavingAdaptor$WeavingAdaptorMessageHolder@6a6afff2
14:10:29.254 [main] DEBUG org.aspectj.weaver.Dump - 14:10:29.254 main - o.a.w.Dump.shouldDumpOnExit abort
14:10:29.254 [main] DEBUG org.aspectj.weaver.Dump - 14:10:29.254 main < o.a.w.Dump.shouldDumpOnExit false
14:10:29.254 [main] DEBUG org.aspectj.weaver.Dump - 14:10:29.254 main < o.a.w.Dump.dumpOnExit Excluded
14:10:29.254 [main] DEBUG org.aspectj.weaver.loadtime.Aj - 14:10:29.254 main < o.a.w.l.Aj.preProcess byte[702]
14:10:29.286 [main] DEBUG org.aspectj.weaver.loadtime.Aj - 14:10:29.286 main > o.a.w.l.Aj.preProcess o.a.w.l.Aj@b9afc07 io/qameta/allure/internal/shadowed/jackson/annotation/JsonBackReference, byte[636], j.i.l.ClassLoaders$AppClassLoader@3cd1a2f1
14:10:29.287 [main] DEBUG org.aspectj.weaver.loadtime.Aj - 14:10:29.286 main - o.a.w.l.Aj.preProcess o.a.w.l.Aj@b9afc07 j.i.l.ClassLoaders$PlatformClassLoader@1ad282e0, j.i.l.ClassLoaders$AppClassLoader@3cd1a2f1
14:10:29.287 [main] DEBUG o.a.weaver.tools.WeavingAdaptor - 14:10:29.287 main > o.a.w.t.WeavingAdaptor.weaveClass o.a.w.l.ClassLoaderWeavingAdaptor@140e5a13 io/qameta/allure/internal/shadowed/jackson/annotation/JsonBackReference, byte[636]
14:10:29.288 [main] DEBUG org.aspectj.weaver.bcel.BcelWeaver - 14:10:29.288 main > o.a.w.b.BcelWeaver.weave o.a.w.b.BcelWeaver@48524010 o.a.w.t.WeavingAdaptor$WeavingClassFileProvider@4628b1d3
14:10:29.288 [main] DEBUG org.aspectj.weaver.bcel.BcelWeaver - 14:10:29.288 main > o.a.w.b.BcelWeaver.weaveAndNotify o.a.w.b.BcelWeaver@48524010 o.a.w.b.UnwovenClassFile@77cf3f8b, o.a.w.b.BcelObjectType@1df98368, o.a.w.t.WeavingAdaptor$WeavingClassFileProvider$1@21ca139c
14:10:29.289 [main] DEBUG org.aspectj.weaver.bcel.BcelWeaver - 14:10:29.289 main < o.a.w.b.BcelWeaver.weaveAndNotify
14:10:29.289 [main] DEBUG org.aspectj.weaver.bcel.BcelWeaver - 14:10:29.289 main < o.a.w.b.BcelWeaver.weave java.util.ArrayList(1)
14:10:29.289 [main] DEBUG o.a.weaver.tools.WeavingAdaptor - 14:10:29.289 main < o.a.w.t.WeavingAdaptor.weaveClass byte[636]
14:10:29.289 [main] DEBUG org.aspectj.weaver.Dump - 14:10:29.289 main > o.a.w.Dump.dumpOnExit o.a.w.t.WeavingAdaptor$WeavingAdaptorMessageHolder@6a6afff2
14:10:29.289 [main] DEBUG org.aspectj.weaver.Dump - 14:10:29.289 main > o.a.w.Dump.shouldDumpOnExit o.a.w.t.WeavingAdaptor$WeavingAdaptorMessageHolder@6a6afff2
14:10:29.289 [main] DEBUG org.aspectj.weaver.Dump - 14:10:29.289 main - o.a.w.Dump.shouldDumpOnExit abort
14:10:29.289 [main] DEBUG org.aspectj.weaver.Dump - 14:10:29.289 main < o.a.w.Dump.shouldDumpOnExit false
14:10:29.289 [main] DEBUG org.aspectj.weaver.Dump - 14:10:29.289 main < o.a.w.Dump.dumpOnExit Excluded
14:10:29.289 [main] DEBUG org.aspectj.weaver.loadtime.Aj - 14:10:29.289 main < o.a.w.l.Aj.preProcess byte[636]
14:10:29.291 [main] DEBUG org.aspectj.weaver.loadtime.Aj - 14:10:29.291 main > o.a.w.l.Aj.preProcess o.a.w.l.Aj@b9afc07 io/qameta/allure/internal/shadowed/jackson/annotation/JsonManagedReference, byte[642], j.i.l.ClassLoaders$AppClassLoader@3cd1a2f1
14:10:29.291 [main] DEBUG org.aspectj.weaver.loadtime.Aj - 14:10:29.291 main - o.a.w.l.Aj.preProcess o.a.w.l.Aj@b9afc07 j.i.l.ClassLoaders$PlatformClassLoader@1ad282e0, j.i.l.ClassLoaders$AppClassLoader@3cd1a2f1
14:10:29.291 [main] DEBUG o.a.weaver.tools.WeavingAdaptor - 14:10:29.291 main > o.a.w.t.WeavingAdaptor.weaveClass o.a.w.l.ClassLoaderWeavingAdaptor@140e5a13 io/qameta/allure/internal/shadowed/jackson/annotation/JsonManagedReference, byte[642]
14:10:29.292 [main] DEBUG org.aspectj.weaver.bcel.BcelWeaver - 14:10:29.292 main > o.a.w.b.BcelWeaver.weave o.a.w.b.BcelWeaver@48524010 o.a.w.t.WeavingAdaptor$WeavingClassFileProvider@cc6460c
14:10:29.292 [main] DEBUG org.aspectj.weaver.bcel.BcelWeaver - 14:10:29.292 main > o.a.w.b.BcelWeaver.weaveAndNotify o.a.w.b.BcelWeaver@48524010 o.a.w.b.UnwovenClassFile@52350abb, o.a.w.b.BcelObjectType@681aad3b, o.a.w.t.WeavingAdaptor$WeavingClassFileProvider$1@1a6f2363
14:10:29.292 [main] DEBUG org.aspectj.weaver.bcel.BcelWeaver - 14:10:29.292 main < o.a.w.b.BcelWeaver.weaveAndNotify
14:10:29.292 [main] DEBUG org.aspectj.weaver.bcel.BcelWeaver - 14:10:29.292 main < o.a.w.b.BcelWeaver.weave java.util.ArrayList(1)
14:10:29.292 [main] DEBUG o.a.weaver.tools.WeavingAdaptor - 14:10:29.292 main < o.a.w.t.WeavingAdaptor.weaveClass byte[642]
14:10:29.292 [main] DEBUG org.aspectj.weaver.Dump - 14:10:29.292 main > o.a.w.Dump.dumpOnExit o.a.w.t.WeavingAdaptor$WeavingAdaptorMessageHolder@6a6afff2
14:10:29.292 [main] DEBUG org.aspectj.weaver.Dump - 14:10:29.292 main > o.a.w.Dump.shouldDumpOnExit o.a.w.t.WeavingAdaptor$WeavingAdaptorMessageHolder@6a6afff2
14:10:29.292 [main] DEBUG org.aspectj.weaver.Dump - 14:10:29.292 main - o.a.w.Dump.shouldDumpOnExit abort
14:10:29.292 [main] DEBUG org.aspectj.weaver.Dump - 14:10:29.292 main < o.a.w.Dump.shouldDumpOnExit false
14:10:29.292 [main] DEBUG org.aspectj.weaver.Dump - 14:10:29.292 main < o.a.w.Dump.dumpOnExit Excluded
14:10:29.292 [main] DEBUG org.aspectj.weaver.loadtime.Aj - 14:10:29.292 main < o.a.w.l.Aj.preProcess byte[642]
14:10:29.294 [main] DEBUG org.aspectj.weaver.loadtime.Aj - 14:10:29.294 main > o.a.w.l.Aj.preProcess o.a.w.l.Aj@b9afc07 io/qameta/allure/internal/shadowed/jackson/databind/annotation/JsonDeserialize, byte[2034], j.i.l.ClassLoaders$AppClassLoader@3cd1a2f1
14:10:29.294 [main] DEBUG org.aspectj.weaver.loadtime.Aj - 14:10:29.294 main - o.a.w.l.Aj.preProcess o.a.w.l.Aj@b9afc07 j.i.l.ClassLoaders$PlatformClassLoader@1ad282e0, j.i.l.ClassLoaders$AppClassLoader@3cd1a2f1
14:10:29.294 [main] DEBUG o.a.weaver.tools.WeavingAdaptor - 14:10:29.294 main > o.a.w.t.WeavingAdaptor.weaveClass o.a.w.l.ClassLoaderWeavingAdaptor@140e5a13 io/qameta/allure/internal/shadowed/jackson/databind/annotation/JsonDeserialize, byte[2034]
14:10:29.294 [main] DEBUG org.aspectj.weaver.bcel.BcelWeaver - 14:10:29.294 main > o.a.w.b.BcelWeaver.weave o.a.w.b.BcelWeaver@48524010 o.a.w.t.WeavingAdaptor$WeavingClassFileProvider@641856
14:10:29.294 [main] DEBUG org.aspectj.weaver.bcel.BcelWeaver - 14:10:29.294 main > o.a.w.b.BcelWeaver.weaveAndNotify o.a.w.b.BcelWeaver@48524010 o.a.w.b.UnwovenClassFile@1b58ff9e, o.a.w.b.BcelObjectType@2f66e802, o.a.w.t.WeavingAdaptor$WeavingClassFileProvider$1@56b78e55
14:10:29.295 [main] DEBUG org.aspectj.weaver.bcel.BcelWeaver - 14:10:29.295 main < o.a.w.b.BcelWeaver.weaveAndNotify
14:10:29.295 [main] DEBUG org.aspectj.weaver.bcel.BcelWeaver - 14:10:29.295 main < o.a.w.b.BcelWeaver.weave java.util.ArrayList(1)
14:10:29.295 [main] DEBUG o.a.weaver.tools.WeavingAdaptor - 14:10:29.295 main < o.a.w.t.WeavingAdaptor.weaveClass byte[2034]
14:10:29.295 [main] DEBUG org.aspectj.weaver.Dump - 14:10:29.295 main > o.a.w.Dump.dumpOnExit o.a.w.t.WeavingAdaptor$WeavingAdaptorMessageHolder@6a6afff2
14:10:29.295 [main] DEBUG org.aspectj.weaver.Dump - 14:10:29.295 main > o.a.w.Dump.shouldDumpOnExit o.a.w.t.WeavingAdaptor$WeavingAdaptorMessageHolder@6a6afff2
14:10:29.295 [main] DEBUG org.aspectj.weaver.Dump - 14:10:29.295 main - o.a.w.Dump.shouldDumpOnExit abort
14:10:29.295 [main] DEBUG org.aspectj.weaver.Dump - 14:10:29.295 main < o.a.w.Dump.shouldDumpOnExit false
14:10:29.295 [main] DEBUG org.aspectj.weaver.Dump - 14:10:29.295 main < o.a.w.Dump.dumpOnExit Excluded
14:10:29.295 [main] DEBUG org.aspectj.weaver.loadtime.Aj - 14:10:29.295 main < o.a.w.l.Aj.preProcess byte[2034]
14:10:29.310 [main] DEBUG org.aspectj.weaver.loadtime.Aj - 14:10:29.297 main > o.a.w.l.Aj.preProcess o.a.w.l.Aj@b9afc07 io/qameta/allure/internal/shadowed/jackson/annotation/JsonMerge, byte[744], j.i.l.ClassLoaders$AppClassLoader@3cd1a2f1
14:10:29.310 [main] DEBUG org.aspectj.weaver.loadtime.Aj - 14:10:29.310 main - o.a.w.l.Aj.preProcess o.a.w.l.Aj@b9afc07 j.i.l.ClassLoaders$PlatformClassLoader@1ad282e0, j.i.l.ClassLoaders$AppClassLoader@3cd1a2f1
14:10:29.311 [main] DEBUG o.a.weaver.tools.WeavingAdaptor - 14:10:29.310 main > o.a.w.t.WeavingAdaptor.weaveClass o.a.w.l.ClassLoaderWeavingAdaptor@140e5a13 io/qameta/allure/internal/shadowed/jackson/annotation/JsonMerge, byte[744]
14:10:29.311 [main] DEBUG org.aspectj.weaver.bcel.BcelWeaver - 14:10:29.311 main > o.a.w.b.BcelWeaver.weave o.a.w.b.BcelWeaver@48524010 o.a.w.t.WeavingAdaptor$WeavingClassFileProvider@585811a4
14:10:29.311 [main] DEBUG org.aspectj.weaver.bcel.BcelWeaver - 14:10:29.311 main > o.a.w.b.BcelWeaver.weaveAndNotify o.a.w.b.BcelWeaver@48524010 o.a.w.b.UnwovenClassFile@22c01ab0, o.a.w.b.BcelObjectType@411341bd, o.a.w.t.WeavingAdaptor$WeavingClassFileProvider$1@4c4d362a
14:10:29.312 [main] DEBUG org.aspectj.weaver.bcel.BcelWeaver - 14:10:29.312 main < o.a.w.b.BcelWeaver.weaveAndNotify
14:10:29.312 [main] DEBUG org.aspectj.weaver.bcel.BcelWeaver - 14:10:29.312 main < o.a.w.b.BcelWeaver.weave java.util.ArrayList(1)
14:10:29.312 [main] DEBUG o.a.weaver.tools.WeavingAdaptor - 14:10:29.312 main < o.a.w.t.WeavingAdaptor.weaveClass byte[744]
14:10:29.312 [main] DEBUG org.aspectj.weaver.Dump - 14:10:29.312 main > o.a.w.Dump.dumpOnExit o.a.w.t.WeavingAdaptor$WeavingAdaptorMessageHolder@6a6afff2
14:10:29.312 [main] DEBUG org.aspectj.weaver.Dump - 14:10:29.312 main > o.a.w.Dump.shouldDumpOnExit o.a.w.t.WeavingAdaptor$WeavingAdaptorMessageHolder@6a6afff2
14:10:29.312 [main] DEBUG org.aspectj.weaver.Dump - 14:10:29.312 main - o.a.w.Dump.shouldDumpOnExit abort
14:10:29.312 [main] DEBUG org.aspectj.weaver.Dump - 14:10:29.312 main < o.a.w.Dump.shouldDumpOnExit false
14:10:29.312 [main] DEBUG org.aspectj.weaver.Dump - 14:10:29.312 main < o.a.w.Dump.dumpOnExit Excluded
14:10:29.312 [main] DEBUG org.aspectj.weaver.loadtime.Aj - 14:10:29.312 main < o.a.w.l.Aj.preProcess byte[744]
14:10:29.315 [main] DEBUG org.aspectj.weaver.loadtime.Aj - 14:10:29.314 main > o.a.w.l.Aj.preProcess o.a.w.l.Aj@b9afc07 io/qameta/allure/internal/shadowed/jackson/databind/ext/Java7Support, byte[1459], j.i.l.ClassLoaders$AppClassLoader@3cd1a2f1
14:10:29.315 [main] DEBUG org.aspectj.weaver.loadtime.Aj - 14:10:29.315 main - o.a.w.l.Aj.preProcess o.a.w.l.Aj@b9afc07 j.i.l.ClassLoaders$PlatformClassLoader@1ad282e0, j.i.l.ClassLoaders$AppClassLoader@3cd1a2f1
14:10:29.315 [main] DEBUG o.a.weaver.tools.WeavingAdaptor - 14:10:29.315 main > o.a.w.t.WeavingAdaptor.weaveClass o.a.w.l.ClassLoaderWeavingAdaptor@140e5a13 io/qameta/allure/internal/shadowed/jackson/databind/ext/Java7Support, byte[1459]
14:10:29.315 [main] DEBUG org.aspectj.weaver.bcel.BcelWeaver - 14:10:29.315 main > o.a.w.b.BcelWeaver.weave o.a.w.b.BcelWeaver@48524010 o.a.w.t.WeavingAdaptor$WeavingClassFileProvider@8ab78bc
14:10:29.317 [main] DEBUG org.aspectj.weaver.bcel.BcelWeaver - 14:10:29.317 main > o.a.w.b.BcelWeaver.weaveAndNotify o.a.w.b.BcelWeaver@48524010 o.a.w.b.UnwovenClassFile@5aa0dbf4, o.a.w.b.BcelObjectType@16afbd92, o.a.w.t.WeavingAdaptor$WeavingClassFileProvider$1@2c5d601e
14:10:29.318 [main] DEBUG org.aspectj.weaver.bcel.BcelWeaver - 14:10:29.318 main < o.a.w.b.BcelWeaver.weaveAndNotify
14:10:29.318 [main] DEBUG org.aspectj.weaver.bcel.BcelWeaver - 14:10:29.318 main < o.a.w.b.BcelWeaver.weave java.util.ArrayList(1)
14:10:29.318 [main] DEBUG o.a.weaver.tools.WeavingAdaptor - 14:10:29.318 main < o.a.w.t.WeavingAdaptor.weaveClass byte[1459]
14:10:29.318 [main] DEBUG org.aspectj.weaver.Dump - 14:10:29.318 main > o.a.w.Dump.dumpOnExit o.a.w.t.WeavingAdaptor$WeavingAdaptorMessageHolder@6a6afff2
14:10:29.318 [main] DEBUG org.aspectj.weaver.Dump - 14:10:29.318 main > o.a.w.Dump.shouldDumpOnExit o.a.w.t.WeavingAdaptor$WeavingAdaptorMessageHolder@6a6afff2
14:10:29.318 [main] DEBUG org.aspectj.weaver.Dump - 14:10:29.318 main - o.a.w.Dump.shouldDumpOnExit abort
14:10:29.318 [main] DEBUG org.aspectj.weaver.Dump - 14:10:29.318 main < o.a.w.Dump.shouldDumpOnExit false
14:10:29.318 [main] DEBUG org.aspectj.weaver.Dump - 14:10:29.318 main < o.a.w.Dump.dumpOnExit Excluded
14:10:29.318 [main] DEBUG org.aspectj.weaver.loadtime.Aj - 14:10:29.318 main < o.a.w.l.Aj.preProcess byte[1459]
14:10:29.330 [main] DEBUG org.aspectj.weaver.loadtime.Aj - 14:10:29.330 main > o.a.w.l.Aj.preProcess o.a.w.l.Aj@b9afc07 io/qameta/allure/internal/shadowed/jackson/databind/ext/Java7SupportImpl, byte[2664], j.i.l.ClassLoaders$AppClassLoader@3cd1a2f1
14:10:29.330 [main] DEBUG org.aspectj.weaver.loadtime.Aj - 14:10:29.330 main - o.a.w.l.Aj.preProcess o.a.w.l.Aj@b9afc07 j.i.l.ClassLoaders$PlatformClassLoader@1ad282e0, j.i.l.ClassLoaders$AppClassLoader@3cd1a2f1
14:10:29.330 [main] DEBUG o.a.weaver.tools.WeavingAdaptor - 14:10:29.330 main > o.a.w.t.WeavingAdaptor.weaveClass o.a.w.l.ClassLoaderWeavingAdaptor@140e5a13 io/qameta/allure/internal/shadowed/jackson/databind/ext/Java7SupportImpl, byte[2664]
14:10:29.330 [main] DEBUG org.aspectj.weaver.bcel.BcelWeaver - 14:10:29.330 main > o.a.w.b.BcelWeaver.weave o.a.w.b.BcelWeaver@48524010 o.a.w.t.WeavingAdaptor$WeavingClassFileProvider@35293c05
14:10:29.331 [main] DEBUG org.aspectj.weaver.bcel.BcelWeaver - 14:10:29.331 main > o.a.w.b.BcelWeaver.weaveAndNotify o.a.w.b.BcelWeaver@48524010 o.a.w.b.UnwovenClassFile@620aa4ea, o.a.w.b.BcelObjectType@2db2dd9d, o.a.w.t.WeavingAdaptor$WeavingClassFileProvider$1@3174cb09
14:10:29.331 [main] DEBUG org.aspectj.weaver.bcel.BcelWeaver - 14:10:29.331 main < o.a.w.b.BcelWeaver.weaveAndNotify
14:10:29.331 [main] DEBUG org.aspectj.weaver.bcel.BcelWeaver - 14:10:29.331 main < o.a.w.b.BcelWeaver.weave java.util.ArrayList(1)
14:10:29.332 [main] DEBUG o.a.weaver.tools.WeavingAdaptor - 14:10:29.332 main < o.a.w.t.WeavingAdaptor.weaveClass byte[2664]
14:10:29.332 [main] DEBUG org.aspectj.weaver.Dump - 14:10:29.332 main > o.a.w.Dump.dumpOnExit o.a.w.t.WeavingAdaptor$WeavingAdaptorMessageHolder@6a6afff2
14:10:29.332 [main] DEBUG org.aspectj.weaver.Dump - 14:10:29.332 main > o.a.w.Dump.shouldDumpOnExit o.a.w.t.WeavingAdaptor$WeavingAdaptorMessageHolder@6a6afff2
14:10:29.332 [main] DEBUG org.aspectj.weaver.Dump - 14:10:29.332 main - o.a.w.Dump.shouldDumpOnExit abort
14:10:29.332 [main] DEBUG org.aspectj.weaver.Dump - 14:10:29.332 main < o.a.w.Dump.shouldDumpOnExit false
14:10:29.332 [main] DEBUG org.aspectj.weaver.Dump - 14:10:29.332 main < o.a.w.Dump.dumpOnExit Excluded
14:10:29.332 [main] DEBUG org.aspectj.weaver.loadtime.Aj - 14:10:29.332 main < o.a.w.l.Aj.preProcess byte[2664]
14:10:29.335 [main] DEBUG org.aspectj.weaver.loadtime.Aj - 14:10:29.335 main > o.a.w.l.Aj.preProcess o.a.w.l.Aj@b9afc07 io/qameta/allure/internal/shadowed/jackson/databind/util/ClassUtil, byte[28524], j.i.l.ClassLoaders$AppClassLoader@3cd1a2f1
14:10:29.335 [main] DEBUG org.aspectj.weaver.loadtime.Aj - 14:10:29.335 main - o.a.w.l.Aj.preProcess o.a.w.l.Aj@b9afc07 j.i.l.ClassLoaders$PlatformClassLoader@1ad282e0, j.i.l.ClassLoaders$AppClassLoader@3cd1a2f1
14:10:29.335 [main] DEBUG o.a.weaver.tools.WeavingAdaptor - 14:10:29.335 main > o.a.w.t.WeavingAdaptor.weaveClass o.a.w.l.ClassLoaderWeavingAdaptor@140e5a13 io/qameta/allure/internal/shadowed/jackson/databind/util/ClassUtil, byte[28524]
14:10:29.336 [main] DEBUG org.aspectj.weaver.bcel.BcelWeaver - 14:10:29.336 main > o.a.w.b.BcelWeaver.weave o.a.w.b.BcelWeaver@48524010 o.a.w.t.WeavingAdaptor$WeavingClassFileProvider@37fbe4a8
14:10:29.337 [main] DEBUG org.aspectj.weaver.bcel.BcelWeaver - 14:10:29.337 main > o.a.w.b.BcelWeaver.weaveAndNotify o.a.w.b.BcelWeaver@48524010 o.a.w.b.UnwovenClassFile@352c308, o.a.w.b.BcelObjectType@7d373bcf, o.a.w.t.WeavingAdaptor$WeavingClassFileProvider$1@6d6bc158
14:10:29.342 [main] DEBUG org.aspectj.weaver.bcel.BcelWorld - 14:10:29.342 main - o.a.w.b.BcelWorld.lookupJavaClass o.a.w.l.LTWWorld@2b4a2ec7 java.lang.reflect.Constructor, o.a.a.b.c.JavaClass@1f75a668
14:10:29.344 [main] DEBUG org.aspectj.weaver.bcel.BcelWorld - 14:10:29.344 main - o.a.w.b.BcelWorld.lookupJavaClass o.a.w.l.LTWWorld@2b4a2ec7 java.util.EnumSet, o.a.a.b.c.JavaClass@10027fc9
14:10:29.345 [main] DEBUG org.aspectj.weaver.bcel.BcelWorld - 14:10:29.345 main - o.a.w.b.BcelWorld.lookupJavaClass o.a.w.l.LTWWorld@2b4a2ec7 java.util.EnumMap, o.a.a.b.c.JavaClass@54afd745
14:10:29.347 [main] DEBUG org.aspectj.weaver.bcel.BcelWorld - 14:10:29.347 main - o.a.w.b.BcelWorld.lookupJavaClass o.a.w.l.LTWWorld@2b4a2ec7 io.qameta.allure.internal.shadowed.jackson.databind.util.ClassUtil$Ctor, o.a.a.b.c.JavaClass@c00fff0
14:10:29.348 [main] DEBUG org.aspectj.weaver.bcel.BcelWeaver - 14:10:29.348 main < o.a.w.b.BcelWeaver.weaveAndNotify
14:10:29.349 [main] DEBUG org.aspectj.weaver.bcel.BcelWeaver - 14:10:29.348 main < o.a.w.b.BcelWeaver.weave java.util.ArrayList(1)
14:10:29.349 [main] DEBUG o.a.weaver.tools.WeavingAdaptor - 14:10:29.349 main < o.a.w.t.WeavingAdaptor.weaveClass byte[28524]
14:10:29.349 [main] DEBUG org.aspectj.weaver.Dump - 14:10:29.349 main > o.a.w.Dump.dumpOnExit o.a.w.t.WeavingAdaptor$WeavingAdaptorMessageHolder@6a6afff2
14:10:29.349 [main] DEBUG org.aspectj.weaver.Dump - 14:10:29.349 main > o.a.w.Dump.shouldDumpOnExit o.a.w.t.WeavingAdaptor$WeavingAdaptorMessageHolder@6a6afff2
14:10:29.349 [main] DEBUG org.aspectj.weaver.Dump - 14:10:29.349 main - o.a.w.Dump.shouldDumpOnExit abort
14:10:29.349 [main] DEBUG org.aspectj.weaver.Dump - 14:10:29.349 main < o.a.w.Dump.shouldDumpOnExit false
14:10:29.349 [main] DEBUG org.aspectj.weaver.Dump - 14:10:29.349 main < o.a.w.Dump.dumpOnExit Excluded
14:10:29.349 [main] DEBUG org.aspectj.weaver.loadtime.Aj - 14:10:29.349 main < o.a.w.l.Aj.preProcess byte[28524]
14:10:29.354 [main] DEBUG org.aspectj.weaver.loadtime.Aj - 14:10:29.354 main > o.a.w.l.Aj.preProcess o.a.w.l.Aj@b9afc07 io/qameta/allure/internal/shadowed/jackson/databind/util/ClassUtil$Ctor, byte[1916], j.i.l.ClassLoaders$AppClassLoader@3cd1a2f1
14:10:29.356 [main] DEBUG org.aspectj.weaver.loadtime.Aj - 14:10:29.356 main - o.a.w.l.Aj.preProcess o.a.w.l.Aj@b9afc07 j.i.l.ClassLoaders$PlatformClassLoader@1ad282e0, j.i.l.ClassLoaders$AppClassLoader@3cd1a2f1
14:10:29.357 [main] DEBUG o.a.weaver.tools.WeavingAdaptor - 14:10:29.357 main > o.a.w.t.WeavingAdaptor.weaveClass o.a.w.l.ClassLoaderWeavingAdaptor@140e5a13 io/qameta/allure/internal/shadowed/jackson/databind/util/ClassUtil$Ctor, byte[1916]
14:10:29.357 [main] DEBUG org.aspectj.weaver.bcel.BcelWeaver - 14:10:29.357 main > o.a.w.b.BcelWeaver.weave o.a.w.b.BcelWeaver@48524010 o.a.w.t.WeavingAdaptor$WeavingClassFileProvider@f31c0c6
14:10:29.357 [main] DEBUG org.aspectj.weaver.bcel.BcelWeaver - 14:10:29.357 main > o.a.w.b.BcelWeaver.weaveAndNotify o.a.w.b.BcelWeaver@48524010 o.a.w.b.UnwovenClassFile@b93aad, o.a.w.b.BcelObjectType@4a9419d7, o.a.w.t.WeavingAdaptor$WeavingClassFileProvider$1@2f3c6ac4
14:10:29.358 [main] DEBUG org.aspectj.weaver.bcel.BcelWeaver - 14:10:29.358 main < o.a.w.b.BcelWeaver.weaveAndNotify
14:10:29.358 [main] DEBUG org.aspectj.weaver.bcel.BcelWeaver - 14:10:29.358 main < o.a.w.b.BcelWeaver.weave java.util.ArrayList(1)
14:10:29.358 [main] DEBUG o.a.weaver.tools.WeavingAdaptor - 14:10:29.358 main < o.a.w.t.WeavingAdaptor.weaveClass byte[1916]
14:10:29.358 [main] DEBUG org.aspectj.weaver.Dump - 14:10:29.358 main > o.a.w.Dump.dumpOnExit o.a.w.t.WeavingAdaptor$WeavingAdaptorMessageHolder@6a6afff2
14:10:29.358 [main] DEBUG org.aspectj.weaver.Dump - 14:10:29.358 main > o.a.w.Dump.shouldDumpOnExit o.a.w.t.WeavingAdaptor$WeavingAdaptorMessageHolder@6a6afff2
14:10:29.358 [main] DEBUG org.aspectj.weaver.Dump - 14:10:29.358 main - o.a.w.Dump.shouldDumpOnExit abort
14:10:29.359 [main] DEBUG org.aspectj.weaver.Dump - 14:10:29.358 main < o.a.w.Dump.shouldDumpOnExit false
14:10:29.359 [main] DEBUG org.aspectj.weaver.Dump - 14:10:29.359 main < o.a.w.Dump.dumpOnExit Excluded
14:10:29.359 [main] DEBUG org.aspectj.weaver.loadtime.Aj - 14:10:29.359 main < o.a.w.l.Aj.preProcess byte[1916]
14:10:29.395 [main] DEBUG org.aspectj.weaver.loadtime.Aj - 14:10:29.395 main > o.a.w.l.Aj.preProcess o.a.w.l.Aj@b9afc07 io/qameta/allure/internal/shadowed/jackson/databind/util/LRUMap, byte[2927], j.i.l.ClassLoaders$AppClassLoader@3cd1a2f1
14:10:29.395 [main] DEBUG org.aspectj.weaver.loadtime.Aj - 14:10:29.395 main - o.a.w.l.Aj.preProcess o.a.w.l.Aj@b9afc07 j.i.l.ClassLoaders$PlatformClassLoader@1ad282e0, j.i.l.ClassLoaders$AppClassLoader@3cd1a2f1
14:10:29.395 [main] DEBUG o.a.weaver.tools.WeavingAdaptor - 14:10:29.395 main > o.a.w.t.WeavingAdaptor.weaveClass o.a.w.l.ClassLoaderWeavingAdaptor@140e5a13 io/qameta/allure/internal/shadowed/jackson/databind/util/LRUMap, byte[2927]
14:10:29.396 [main] DEBUG org.aspectj.weaver.bcel.BcelWeaver - 14:10:29.396 main > o.a.w.b.BcelWeaver.weave o.a.w.b.BcelWeaver@48524010 o.a.w.t.WeavingAdaptor$WeavingClassFileProvider@3a0807b7
14:10:29.398 [main] DEBUG org.aspectj.weaver.bcel.BcelWorld - 14:10:29.398 main - o.a.w.b.BcelWorld.lookupJavaClass o.a.w.l.LTWWorld@2b4a2ec7 io.qameta.allure.internal.shadowed.jackson.databind.util.LookupCache, o.a.a.b.c.JavaClass@5c77053b
14:10:29.398 [main] DEBUG org.aspectj.weaver.bcel.BcelWeaver - 14:10:29.398 main > o.a.w.b.BcelWeaver.weaveAndNotify o.a.w.b.BcelWeaver@48524010 o.a.w.b.UnwovenClassFile@26b894bd, o.a.w.b.BcelObjectType@287f94b1, o.a.w.t.WeavingAdaptor$WeavingClassFileProvider$1@30b34287
14:10:29.403 [main] DEBUG org.aspectj.weaver.bcel.BcelWorld - 14:10:29.402 main - o.a.w.b.BcelWorld.lookupJavaClass o.a.w.l.LTWWorld@2b4a2ec7 java.io.ObjectInputStream, o.a.a.b.c.JavaClass@3676ac27
14:10:29.404 [main] DEBUG org.aspectj.weaver.bcel.BcelWorld - 14:10:29.404 main - o.a.w.b.BcelWorld.lookupJavaClass o.a.w.l.LTWWorld@2b4a2ec7 java.io.ObjectOutputStream, o.a.a.b.c.JavaClass@62f87c44
14:10:29.405 [main] DEBUG org.aspectj.weaver.bcel.BcelWeaver - 14:10:29.405 main < o.a.w.b.BcelWeaver.weaveAndNotify
14:10:29.405 [main] DEBUG org.aspectj.weaver.bcel.BcelWeaver - 14:10:29.405 main < o.a.w.b.BcelWeaver.weave java.util.ArrayList(1)
14:10:29.405 [main] DEBUG o.a.weaver.tools.WeavingAdaptor - 14:10:29.405 main < o.a.w.t.WeavingAdaptor.weaveClass byte[2927]
14:10:29.406 [main] DEBUG org.aspectj.weaver.Dump - 14:10:29.406 main > o.a.w.Dump.dumpOnExit o.a.w.t.WeavingAdaptor$WeavingAdaptorMessageHolder@6a6afff2
14:10:29.406 [main] DEBUG org.aspectj.weaver.Dump - 14:10:29.406 main > o.a.w.Dump.shouldDumpOnExit o.a.w.t.WeavingAdaptor$WeavingAdaptorMessageHolder@6a6afff2
14:10:29.406 [main] DEBUG org.aspectj.weaver.Dump - 14:10:29.406 main - o.a.w.Dump.shouldDumpOnExit abort
14:10:29.406 [main] DEBUG org.aspectj.weaver.Dump - 14:10:29.406 main < o.a.w.Dump.shouldDumpOnExit false
14:10:29.406 [main] DEBUG org.aspectj.weaver.Dump - 14:10:29.406 main < o.a.w.Dump.dumpOnExit Excluded
14:10:29.406 [main] DEBUG org.aspectj.weaver.loadtime.Aj - 14:10:29.406 main < o.a.w.l.Aj.preProcess byte[2927]
14:10:29.407 [main] DEBUG org.aspectj.weaver.loadtime.Aj - 14:10:29.407 main > o.a.w.l.Aj.preProcess o.a.w.l.Aj@b9afc07 io/qameta/allure/internal/shadowed/jackson/databind/util/LookupCache, byte[500], j.i.l.ClassLoaders$AppClassLoader@3cd1a2f1
14:10:29.407 [main] DEBUG org.aspectj.weaver.loadtime.Aj - 14:10:29.407 main - o.a.w.l.Aj.preProcess o.a.w.l.Aj@b9afc07 j.i.l.ClassLoaders$PlatformClassLoader@1ad282e0, j.i.l.ClassLoaders$AppClassLoader@3cd1a2f1
14:10:29.408 [main] DEBUG o.a.weaver.tools.WeavingAdaptor - 14:10:29.408 main > o.a.w.t.WeavingAdaptor.weaveClass o.a.w.l.ClassLoaderWeavingAdaptor@140e5a13 io/qameta/allure/internal/shadowed/jackson/databind/util/LookupCache, byte[500]
14:10:29.408 [main] DEBUG org.aspectj.weaver.bcel.BcelWeaver - 14:10:29.408 main > o.a.w.b.BcelWeaver.weave o.a.w.b.BcelWeaver@48524010 o.a.w.t.WeavingAdaptor$WeavingClassFileProvider@7072bc39
14:10:29.408 [main] DEBUG org.aspectj.weaver.bcel.BcelWeaver - 14:10:29.408 main > o.a.w.b.BcelWeaver.weaveAndNotify o.a.w.b.BcelWeaver@48524010 o.a.w.b.UnwovenClassFile@158d255c, o.a.w.b.BcelObjectType@2ca65ce4, o.a.w.t.WeavingAdaptor$WeavingClassFileProvider$1@327120c8
14:10:29.408 [main] DEBUG org.aspectj.weaver.bcel.BcelWeaver - 14:10:29.408 main < o.a.w.b.BcelWeaver.weaveAndNotify
14:10:29.409 [main] DEBUG org.aspectj.weaver.bcel.BcelWeaver - 14:10:29.408 main < o.a.w.b.BcelWeaver.weave java.util.ArrayList(1)
14:10:29.409 [main] DEBUG o.a.weaver.tools.WeavingAdaptor - 14:10:29.409 main < o.a.w.t.WeavingAdaptor.weaveClass byte[500]
14:10:29.409 [main] DEBUG org.aspectj.weaver.Dump - 14:10:29.409 main > o.a.w.Dump.dumpOnExit o.a.w.t.WeavingAdaptor$WeavingAdaptorMessageHolder@6a6afff2
14:10:29.409 [main] DEBUG org.aspectj.weaver.Dump - 14:10:29.409 main > o.a.w.Dump.shouldDumpOnExit o.a.w.t.WeavingAdaptor$WeavingAdaptorMessageHolder@6a6afff2
14:10:29.409 [main] DEBUG org.aspectj.weaver.Dump - 14:10:29.409 main - o.a.w.Dump.shouldDumpOnExit abort
14:10:29.409 [main] DEBUG org.aspectj.weaver.Dump - 14:10:29.409 main < o.a.w.Dump.shouldDumpOnExit false
14:10:29.409 [main] DEBUG org.aspectj.weaver.Dump - 14:10:29.409 main < o.a.w.Dump.dumpOnExit Excluded
14:10:29.409 [main] DEBUG org.aspectj.weaver.loadtime.Aj - 14:10:29.409 main < o.a.w.l.Aj.preProcess byte[500]
14:10:29.411 [main] DEBUG org.aspectj.weaver.loadtime.Aj - 14:10:29.411 main > o.a.w.l.Aj.preProcess o.a.w.l.Aj@b9afc07 io/qameta/allure/internal/shadowed/jackson/databind/cfg/BaseSettings, byte[13521], j.i.l.ClassLoaders$AppClassLoader@3cd1a2f1
14:10:29.411 [main] DEBUG org.aspectj.weaver.loadtime.Aj - 14:10:29.411 main - o.a.w.l.Aj.preProcess o.a.w.l.Aj@b9afc07 j.i.l.ClassLoaders$PlatformClassLoader@1ad282e0, j.i.l.ClassLoaders$AppClassLoader@3cd1a2f1
14:10:29.411 [main] DEBUG o.a.weaver.tools.WeavingAdaptor - 14:10:29.411 main > o.a.w.t.WeavingAdaptor.weaveClass o.a.w.l.ClassLoaderWeavingAdaptor@140e5a13 io/qameta/allure/internal/shadowed/jackson/databind/cfg/BaseSettings, byte[13521]
14:10:29.412 [main] DEBUG org.aspectj.weaver.bcel.BcelWeaver - 14:10:29.412 main > o.a.w.b.BcelWeaver.weave o.a.w.b.BcelWeaver@48524010 o.a.w.t.WeavingAdaptor$WeavingClassFileProvider@2970a5bc
14:10:29.412 [main] DEBUG org.aspectj.weaver.bcel.BcelWeaver - 14:10:29.412 main > o.a.w.b.BcelWeaver.weaveAndNotify o.a.w.b.BcelWeaver@48524010 o.a.w.b.UnwovenClassFile@50305a, o.a.w.b.BcelObjectType@72efb5c1, o.a.w.t.WeavingAdaptor$WeavingClassFileProvider$1@6d511b5f
14:10:29.414 [main] DEBUG org.aspectj.weaver.bcel.BcelWorld - 14:10:29.414 main - o.a.w.b.BcelWorld.lookupJavaClass o.a.w.l.LTWWorld@2b4a2ec7 io.qameta.allure.internal.shadowed.jackson.databind.PropertyNamingStrategy, o.a.a.b.c.JavaClass@52d239ba
14:10:29.414 [main] DEBUG org.aspectj.weaver.bcel.BcelWorld - 14:10:29.414 main - o.a.w.b.BcelWorld.lookupJavaClass o.a.w.l.LTWWorld@2b4a2ec7 io.qameta.allure.internal.shadowed.jackson.databind.type.TypeFactory, o.a.a.b.c.JavaClass@85e6769
14:10:29.415 [main] DEBUG org.aspectj.weaver.bcel.BcelWorld - 14:10:29.415 main - o.a.w.b.BcelWorld.lookupJavaClass o.a.w.l.LTWWorld@2b4a2ec7 io.qameta.allure.internal.shadowed.jackson.databind.cfg.HandlerInstantiator, o.a.a.b.c.JavaClass@4795ded0
14:10:29.415 [main] DEBUG org.aspectj.weaver.bcel.BcelWeaver - 14:10:29.415 main < o.a.w.b.BcelWeaver.weaveAndNotify
14:10:29.415 [main] DEBUG org.aspectj.weaver.bcel.BcelWeaver - 14:10:29.415 main < o.a.w.b.BcelWeaver.weave java.util.ArrayList(1)
14:10:29.415 [main] DEBUG o.a.weaver.tools.WeavingAdaptor - 14:10:29.415 main < o.a.w.t.WeavingAdaptor.weaveClass byte[13521]
14:10:29.415 [main] DEBUG org.aspectj.weaver.Dump - 14:10:29.415 main > o.a.w.Dump.dumpOnExit o.a.w.t.WeavingAdaptor$WeavingAdaptorMessageHolder@6a6afff2
14:10:29.415 [main] DEBUG org.aspectj.weaver.Dump - 14:10:29.415 main > o.a.w.Dump.shouldDumpOnExit o.a.w.t.WeavingAdaptor$WeavingAdaptorMessageHolder@6a6afff2
14:10:29.415 [main] DEBUG org.aspectj.weaver.Dump - 14:10:29.415 main - o.a.w.Dump.shouldDumpOnExit abort
14:10:29.415 [main] DEBUG org.aspectj.weaver.Dump - 14:10:29.415 main < o.a.w.Dump.shouldDumpOnExit false
14:10:29.415 [main] DEBUG org.aspectj.weaver.Dump - 14:10:29.415 main < o.a.w.Dump.dumpOnExit Excluded
14:10:29.415 [main] DEBUG org.aspectj.weaver.loadtime.Aj - 14:10:29.415 main < o.a.w.l.Aj.preProcess byte[13521]
14:10:29.418 [main] DEBUG org.aspectj.weaver.loadtime.Aj - 14:10:29.418 main > o.a.w.l.Aj.preProcess o.a.w.l.Aj@b9afc07 io/qameta/allure/internal/shadowed/jackson/databind/type/TypeFactory, byte[47858], j.i.l.ClassLoaders$AppClassLoader@3cd1a2f1
14:10:29.418 [main] DEBUG org.aspectj.weaver.loadtime.Aj - 14:10:29.418 main - o.a.w.l.Aj.preProcess o.a.w.l.Aj@b9afc07 j.i.l.ClassLoaders$PlatformClassLoader@1ad282e0, j.i.l.ClassLoaders$AppClassLoader@3cd1a2f1
14:10:29.418 [main] DEBUG o.a.weaver.tools.WeavingAdaptor - 14:10:29.418 main > o.a.w.t.WeavingAdaptor.weaveClass o.a.w.l.ClassLoaderWeavingAdaptor@140e5a13 io/qameta/allure/internal/shadowed/jackson/databind/type/TypeFactory, byte[47858]
14:10:29.437 [main] DEBUG org.aspectj.weaver.bcel.BcelWeaver - 14:10:29.437 main > o.a.w.b.BcelWeaver.weave o.a.w.b.BcelWeaver@48524010 o.a.w.t.WeavingAdaptor$WeavingClassFileProvider@13579834
14:10:29.438 [main] DEBUG org.aspectj.weaver.bcel.BcelWorld - 14:10:29.438 main - o.a.w.b.BcelWorld.lookupJavaClass o.a.w.l.LTWWorld@2b4a2ec7 java.io.Serializable, o.a.a.b.c.JavaClass@3e11f9e9
14:10:29.438 [main] DEBUG org.aspectj.weaver.bcel.BcelWeaver - 14:10:29.438 main > o.a.w.b.BcelWeaver.weaveAndNotify o.a.w.b.BcelWeaver@48524010 o.a.w.b.UnwovenClassFile@24be2d9c, o.a.w.b.BcelObjectType@5bd73d1a, o.a.w.t.WeavingAdaptor$WeavingClassFileProvider$1@aec50a1
14:10:29.442 [main] DEBUG org.aspectj.weaver.bcel.BcelWorld - 14:10:29.442 main - o.a.w.b.BcelWorld.lookupJavaClass o.a.w.l.LTWWorld@2b4a2ec7 io.qameta.allure.internal.shadowed.jackson.databind.type.TypeModifier, o.a.a.b.c.JavaClass@7646731d
14:10:29.442 [main] DEBUG org.aspectj.weaver.bcel.BcelWorld - 14:10:29.442 main - o.a.w.b.BcelWorld.lookupJavaClass o.a.w.l.LTWWorld@2b4a2ec7 java.lang.ClassLoader, o.a.a.b.c.JavaClass@6497b078
14:10:29.443 [main] DEBUG org.aspectj.weaver.bcel.BcelWorld - 14:10:29.443 main - o.a.w.b.BcelWorld.lookupJavaClass o.a.w.l.LTWWorld@2b4a2ec7 io.qameta.allure.internal.shadowed.jackson.databind.util.LRUMap, o.a.a.b.c.JavaClass@5a4bef8
14:10:29.443 [main] DEBUG org.aspectj.weaver.bcel.BcelWorld - 14:10:29.443 main - o.a.w.b.BcelWorld.lookupJavaClass o.a.w.l.LTWWorld@2b4a2ec7 io.qameta.allure.internal.shadowed.jackson.databind.util.LookupCache, o.a.a.b.c.JavaClass@5c77053b
14:10:29.444 [main] DEBUG org.aspectj.weaver.bcel.BcelWorld - 14:10:29.444 main - o.a.w.b.BcelWorld.lookupJavaClass o.a.w.l.LTWWorld@2b4a2ec7 io.qameta.allure.internal.shadowed.jackson.databind.type.TypeBindings, o.a.a.b.c.JavaClass@71104a4
14:10:29.444 [main] DEBUG org.aspectj.weaver.bcel.BcelWorld - 14:10:29.444 main - o.a.w.b.BcelWorld.lookupJavaClass o.a.w.l.LTWWorld@2b4a2ec7 io.qameta.allure.internal.shadowed.jackson.core.type.TypeReference, o.a.a.b.c.JavaClass@70efb718
14:10:29.444 [main] DEBUG org.aspectj.weaver.bcel.BcelWorld - 14:10:29.444 main - o.a.w.b.BcelWorld.lookupJavaClass o.a.w.l.LTWWorld@2b4a2ec7 io.qameta.allure.internal.shadowed.jackson.databind.type.ArrayType, o.a.a.b.c.JavaClass@6111ba37
14:10:29.444 [main] DEBUG org.aspectj.weaver.bcel.BcelWorld - 14:10:29.444 main - o.a.w.b.BcelWorld.lookupJavaClass o.a.w.l.LTWWorld@2b4a2ec7 io.qameta.allure.internal.shadowed.jackson.databind.type.CollectionType, o.a.a.b.c.JavaClass@5b11a194
14:10:29.444 [main] DEBUG org.aspectj.weaver.bcel.BcelWorld - 14:10:29.444 main - o.a.w.b.BcelWorld.lookupJavaClass o.a.w.l.LTWWorld@2b4a2ec7 io.qameta.allure.internal.shadowed.jackson.databind.type.CollectionLikeType, o.a.a.b.c.JavaClass@11eadcba
14:10:29.445 [main] DEBUG org.aspectj.weaver.bcel.BcelWorld - 14:10:29.444 main - o.a.w.b.BcelWorld.lookupJavaClass o.a.w.l.LTWWorld@2b4a2ec7 io.qameta.allure.internal.shadowed.jackson.databind.type.MapType, o.a.a.b.c.JavaClass@45cff11c
14:10:29.445 [main] DEBUG org.aspectj.weaver.bcel.BcelWorld - 14:10:29.445 main - o.a.w.b.BcelWorld.lookupJavaClass o.a.w.l.LTWWorld@2b4a2ec7 io.qameta.allure.internal.shadowed.jackson.databind.type.MapLikeType, o.a.a.b.c.JavaClass@62dae540
14:10:29.446 [main] DEBUG org.aspectj.weaver.bcel.BcelWorld - 14:10:29.446 main - o.a.w.b.BcelWorld.lookupJavaClass o.a.w.l.LTWWorld@2b4a2ec7 io.qameta.allure.internal.shadowed.jackson.databind.type.ClassStack, o.a.a.b.c.JavaClass@42a9a63e
14:10:29.448 [main] DEBUG org.aspectj.weaver.bcel.BcelWorld - 14:10:29.448 main - o.a.w.b.BcelWorld.lookupJavaClass o.a.w.l.LTWWorld@2b4a2ec7 java.lang.reflect.ParameterizedType, o.a.a.b.c.JavaClass@62da83ed
14:10:29.449 [main] DEBUG org.aspectj.weaver.bcel.BcelWorld - 14:10:29.449 main - o.a.w.b.BcelWorld.lookupJavaClass o.a.w.l.LTWWorld@2b4a2ec7 java.lang.reflect.GenericArrayType, o.a.a.b.c.JavaClass@5d8445d7
14:10:29.450 [main] DEBUG org.aspectj.weaver.bcel.BcelWorld - 14:10:29.450 main - o.a.w.b.BcelWorld.lookupJavaClass o.a.w.l.LTWWorld@2b4a2ec7 java.lang.reflect.TypeVariable, o.a.a.b.c.JavaClass@37d80fe7
14:10:29.451 [main] DEBUG org.aspectj.weaver.bcel.BcelWorld - 14:10:29.451 main - o.a.w.b.BcelWorld.lookupJavaClass o.a.w.l.LTWWorld@2b4a2ec7 java.lang.reflect.WildcardType, o.a.a.b.c.JavaClass@384fc774
14:10:29.453 [main] DEBUG org.aspectj.weaver.bcel.BcelWeaver - 14:10:29.453 main < o.a.w.b.BcelWeaver.weaveAndNotify
14:10:29.453 [main] DEBUG org.aspectj.weaver.bcel.BcelWeaver - 14:10:29.453 main < o.a.w.b.BcelWeaver.weave java.util.ArrayList(1)
14:10:29.453 [main] DEBUG o.a.weaver.tools.WeavingAdaptor - 14:10:29.453 main < o.a.w.t.WeavingAdaptor.weaveClass byte[47858]
14:10:29.454 [main] DEBUG org.aspectj.weaver.Dump - 14:10:29.453 main > o.a.w.Dump.dumpOnExit o.a.w.t.WeavingAdaptor$WeavingAdaptorMessageHolder@6a6afff2
14:10:29.454 [main] DEBUG org.aspectj.weaver.Dump - 14:10:29.454 main > o.a.w.Dump.shouldDumpOnExit o.a.w.t.WeavingAdaptor$WeavingAdaptorMessageHolder@6a6afff2
14:10:29.454 [main] DEBUG org.aspectj.weaver.Dump - 14:10:29.454 main - o.a.w.Dump.shouldDumpOnExit abort
14:10:29.454 [main] DEBUG org.aspectj.weaver.Dump - 14:10:29.454 main < o.a.w.Dump.shouldDumpOnExit false
14:10:29.454 [main] DEBUG org.aspectj.weaver.Dump - 14:10:29.454 main < o.a.w.Dump.dumpOnExit Excluded
14:10:29.454 [main] DEBUG org.aspectj.weaver.loadtime.Aj - 14:10:29.454 main < o.a.w.l.Aj.preProcess byte[47858]
14:10:29.459 [main] DEBUG org.aspectj.weaver.loadtime.Aj - 14:10:29.459 main > o.a.w.l.Aj.preProcess o.a.w.l.Aj@b9afc07 io/qameta/allure/internal/shadowed/jackson/databind/type/SimpleType, byte[10704], j.i.l.ClassLoaders$AppClassLoader@3cd1a2f1
14:10:29.459 [main] DEBUG org.aspectj.weaver.loadtime.Aj - 14:10:29.459 main - o.a.w.l.Aj.preProcess o.a.w.l.Aj@b9afc07 j.i.l.ClassLoaders$PlatformClassLoader@1ad282e0, j.i.l.ClassLoaders$AppClassLoader@3cd1a2f1
14:10:29.459 [main] DEBUG o.a.weaver.tools.WeavingAdaptor - 14:10:29.459 main > o.a.w.t.WeavingAdaptor.weaveClass o.a.w.l.ClassLoaderWeavingAdaptor@140e5a13 io/qameta/allure/internal/shadowed/jackson/databind/type/SimpleType, byte[10704]
14:10:29.459 [main] DEBUG org.aspectj.weaver.bcel.BcelWeaver - 14:10:29.459 main > o.a.w.b.BcelWeaver.weave o.a.w.b.BcelWeaver@48524010 o.a.w.t.WeavingAdaptor$WeavingClassFileProvider@29ad44e3
14:10:29.459 [main] DEBUG org.aspectj.weaver.bcel.BcelWorld - 14:10:29.459 main - o.a.w.b.BcelWorld.lookupJavaClass o.a.w.l.LTWWorld@2b4a2ec7 io.qameta.allure.internal.shadowed.jackson.databind.type.TypeBase, o.a.a.b.c.JavaClass@5118388b
14:10:29.460 [main] DEBUG org.aspectj.weaver.bcel.BcelWeaver - 14:10:29.460 main > o.a.w.b.BcelWeaver.weaveAndNotify o.a.w.b.BcelWeaver@48524010 o.a.w.b.UnwovenClassFile@15bcf458, o.a.w.b.BcelObjectType@5af9926a, o.a.w.t.WeavingAdaptor$WeavingClassFileProvider$1@43c67247
14:10:29.460 [main] DEBUG org.aspectj.weaver.bcel.BcelWorld - 14:10:29.460 main - o.a.w.b.BcelWorld.lookupJavaClass o.a.w.l.LTWWorld@2b4a2ec7 io.qameta.allure.internal.shadowed.jackson.databind.JsonSerializable, o.a.a.b.c.JavaClass@226642a5
14:10:29.460 [main] DEBUG org.aspectj.weaver.bcel.BcelWorld - 14:10:29.460 main - o.a.w.b.BcelWorld.lookupJavaClass o.a.w.l.LTWWorld@2b4a2ec7 io.qameta.allure.internal.shadowed.jackson.core.type.ResolvedType, o.a.a.b.c.JavaClass@765f05af
14:10:29.461 [main] DEBUG org.aspectj.weaver.bcel.BcelWorld - 14:10:29.461 main - o.a.w.b.BcelWorld.lookupJavaClass o.a.w.l.LTWWorld@2b4a2ec7 java.lang.StringBuilder, o.a.a.b.c.JavaClass@6e16b8b5
14:10:29.462 [main] DEBUG org.aspectj.weaver.bcel.BcelWeaver - 14:10:29.462 main < o.a.w.b.BcelWeaver.weaveAndNotify
14:10:29.462 [main] DEBUG org.aspectj.weaver.bcel.BcelWeaver - 14:10:29.462 main < o.a.w.b.BcelWeaver.weave java.util.ArrayList(1)
14:10:29.462 [main] DEBUG o.a.weaver.tools.WeavingAdaptor - 14:10:29.462 main < o.a.w.t.WeavingAdaptor.weaveClass byte[10704]
14:10:29.463 [main] DEBUG org.aspectj.weaver.Dump - 14:10:29.462 main > o.a.w.Dump.dumpOnExit o.a.w.t.WeavingAdaptor$WeavingAdaptorMessageHolder@6a6afff2
14:10:29.463 [main] DEBUG org.aspectj.weaver.Dump - 14:10:29.463 main > o.a.w.Dump.shouldDumpOnExit o.a.w.t.WeavingAdaptor$WeavingAdaptorMessageHolder@6a6afff2
14:10:29.463 [main] DEBUG org.aspectj.weaver.Dump - 14:10:29.463 main - o.a.w.Dump.shouldDumpOnExit abort
14:10:29.463 [main] DEBUG org.aspectj.weaver.Dump - 14:10:29.463 main < o.a.w.Dump.shouldDumpOnExit false
14:10:29.463 [main] DEBUG org.aspectj.weaver.Dump - 14:10:29.463 main < o.a.w.Dump.dumpOnExit Excluded
14:10:29.463 [main] DEBUG org.aspectj.weaver.loadtime.Aj - 14:10:29.463 main < o.a.w.l.Aj.preProcess byte[10704]
14:10:29.465 [main] DEBUG org.aspectj.weaver.loadtime.Aj - 14:10:29.465 main > o.a.w.l.Aj.preProcess o.a.w.l.Aj@b9afc07 io/qameta/allure/internal/shadowed/jackson/databind/type/PlaceholderForType, byte[5059], j.i.l.ClassLoaders$AppClassLoader@3cd1a2f1
14:10:29.465 [main] DEBUG org.aspectj.weaver.loadtime.Aj - 14:10:29.465 main - o.a.w.l.Aj.preProcess o.a.w.l.Aj@b9afc07 j.i.l.ClassLoaders$PlatformClassLoader@1ad282e0, j.i.l.ClassLoaders$AppClassLoader@3cd1a2f1
14:10:29.465 [main] DEBUG o.a.weaver.tools.WeavingAdaptor - 14:10:29.465 main > o.a.w.t.WeavingAdaptor.weaveClass o.a.w.l.ClassLoaderWeavingAdaptor@140e5a13 io/qameta/allure/internal/shadowed/jackson/databind/type/PlaceholderForType, byte[5059]
14:10:29.466 [main] DEBUG org.aspectj.weaver.bcel.BcelWeaver - 14:10:29.466 main > o.a.w.b.BcelWeaver.weave o.a.w.b.BcelWeaver@48524010 o.a.w.t.WeavingAdaptor$WeavingClassFileProvider@51650883
14:10:29.466 [main] DEBUG org.aspectj.weaver.bcel.BcelWeaver - 14:10:29.466 main > o.a.w.b.BcelWeaver.weaveAndNotify o.a.w.b.BcelWeaver@48524010 o.a.w.b.UnwovenClassFile@6c4f9535, o.a.w.b.BcelObjectType@5bd1ceca, o.a.w.t.WeavingAdaptor$WeavingClassFileProvider$1@30c31dd7
14:10:29.472 [main] DEBUG org.aspectj.weaver.bcel.BcelWeaver - 14:10:29.472 main < o.a.w.b.BcelWeaver.weaveAndNotify
14:10:29.472 [main] DEBUG org.aspectj.weaver.bcel.BcelWeaver - 14:10:29.472 main < o.a.w.b.BcelWeaver.weave java.util.ArrayList(1)
14:10:29.472 [main] DEBUG o.a.weaver.tools.WeavingAdaptor - 14:10:29.472 main < o.a.w.t.WeavingAdaptor.weaveClass byte[5059]
14:10:29.472 [main] DEBUG org.aspectj.weaver.Dump - 14:10:29.472 main > o.a.w.Dump.dumpOnExit o.a.w.t.WeavingAdaptor$WeavingAdaptorMessageHolder@6a6afff2
14:10:29.472 [main] DEBUG org.aspectj.weaver.Dump - 14:10:29.472 main > o.a.w.Dump.shouldDumpOnExit o.a.w.t.WeavingAdaptor$WeavingAdaptorMessageHolder@6a6afff2
14:10:29.473 [main] DEBUG org.aspectj.weaver.Dump - 14:10:29.472 main - o.a.w.Dump.shouldDumpOnExit abort
14:10:29.473 [main] DEBUG org.aspectj.weaver.Dump - 14:10:29.473 main < o.a.w.Dump.shouldDumpOnExit false
14:10:29.473 [main] DEBUG org.aspectj.weaver.Dump - 14:10:29.473 main < o.a.w.Dump.dumpOnExit Excluded
14:10:29.473 [main] DEBUG org.aspectj.weaver.loadtime.Aj - 14:10:29.473 main < o.a.w.l.Aj.preProcess byte[5059]
14:10:29.475 [main] DEBUG org.aspectj.weaver.loadtime.Aj - 14:10:29.475 main > o.a.w.l.Aj.preProcess o.a.w.l.Aj@b9afc07 io/qameta/allure/internal/shadowed/jackson/databind/type/ReferenceType, byte[10735], j.i.l.ClassLoaders$AppClassLoader@3cd1a2f1
14:10:29.475 [main] DEBUG org.aspectj.weaver.loadtime.Aj - 14:10:29.475 main - o.a.w.l.Aj.preProcess o.a.w.l.Aj@b9afc07 j.i.l.ClassLoaders$PlatformClassLoader@1ad282e0, j.i.l.ClassLoaders$AppClassLoader@3cd1a2f1
14:10:29.475 [main] DEBUG o.a.weaver.tools.WeavingAdaptor - 14:10:29.475 main > o.a.w.t.WeavingAdaptor.weaveClass o.a.w.l.ClassLoaderWeavingAdaptor@140e5a13 io/qameta/allure/internal/shadowed/jackson/databind/type/ReferenceType, byte[10735]
14:10:29.477 [main] DEBUG org.aspectj.weaver.bcel.BcelWeaver - 14:10:29.477 main > o.a.w.b.BcelWeaver.weave o.a.w.b.BcelWeaver@48524010 o.a.w.t.WeavingAdaptor$WeavingClassFileProvider@344344fa
14:10:29.477 [main] DEBUG org.aspectj.weaver.bcel.BcelWeaver - 14:10:29.477 main > o.a.w.b.BcelWeaver.weaveAndNotify o.a.w.b.BcelWeaver@48524010 o.a.w.b.UnwovenClassFile@2db2cd5, o.a.w.b.BcelObjectType@70e659aa, o.a.w.t.WeavingAdaptor$WeavingClassFileProvider$1@615f972
14:10:29.479 [main] DEBUG org.aspectj.weaver.bcel.BcelWeaver - 14:10:29.479 main < o.a.w.b.BcelWeaver.weaveAndNotify
14:10:29.480 [main] DEBUG org.aspectj.weaver.bcel.BcelWeaver - 14:10:29.480 main < o.a.w.b.BcelWeaver.weave java.util.ArrayList(1)
14:10:29.480 [main] DEBUG o.a.weaver.tools.WeavingAdaptor - 14:10:29.480 main < o.a.w.t.WeavingAdaptor.weaveClass byte[10735]
14:10:29.480 [main] DEBUG org.aspectj.weaver.Dump - 14:10:29.480 main > o.a.w.Dump.dumpOnExit o.a.w.t.WeavingAdaptor$WeavingAdaptorMessageHolder@6a6afff2
14:10:29.480 [main] DEBUG org.aspectj.weaver.Dump - 14:10:29.480 main > o.a.w.Dump.shouldDumpOnExit o.a.w.t.WeavingAdaptor$WeavingAdaptorMessageHolder@6a6afff2
14:10:29.480 [main] DEBUG org.aspectj.weaver.Dump - 14:10:29.480 main - o.a.w.Dump.shouldDumpOnExit abort
14:10:29.480 [main] DEBUG org.aspectj.weaver.Dump - 14:10:29.480 main < o.a.w.Dump.shouldDumpOnExit false
14:10:29.480 [main] DEBUG org.aspectj.weaver.Dump - 14:10:29.480 main < o.a.w.Dump.dumpOnExit Excluded
14:10:29.480 [main] DEBUG org.aspectj.weaver.loadtime.Aj - 14:10:29.480 main < o.a.w.l.Aj.preProcess byte[10735]
14:10:29.482 [main] DEBUG org.aspectj.weaver.loadtime.Aj - 14:10:29.482 main > o.a.w.l.Aj.preProcess o.a.w.l.Aj@b9afc07 io/qameta/allure/internal/shadowed/jackson/databind/type/ResolvedRecursiveType, byte[5311], j.i.l.ClassLoaders$AppClassLoader@3cd1a2f1
14:10:29.482 [main] DEBUG org.aspectj.weaver.loadtime.Aj - 14:10:29.482 main - o.a.w.l.Aj.preProcess o.a.w.l.Aj@b9afc07 j.i.l.ClassLoaders$PlatformClassLoader@1ad282e0, j.i.l.ClassLoaders$AppClassLoader@3cd1a2f1
14:10:29.482 [main] DEBUG o.a.weaver.tools.WeavingAdaptor - 14:10:29.482 main > o.a.w.t.WeavingAdaptor.weaveClass o.a.w.l.ClassLoaderWeavingAdaptor@140e5a13 io/qameta/allure/internal/shadowed/jackson/databind/type/ResolvedRecursiveType, byte[5311]
14:10:29.483 [main] DEBUG org.aspectj.weaver.bcel.BcelWeaver - 14:10:29.483 main > o.a.w.b.BcelWeaver.weave o.a.w.b.BcelWeaver@48524010 o.a.w.t.WeavingAdaptor$WeavingClassFileProvider@7249dadf
14:10:29.483 [main] DEBUG org.aspectj.weaver.bcel.BcelWeaver - 14:10:29.483 main > o.a.w.b.BcelWeaver.weaveAndNotify o.a.w.b.BcelWeaver@48524010 o.a.w.b.UnwovenClassFile@4362d7df, o.a.w.b.BcelObjectType@66238be2, o.a.w.t.WeavingAdaptor$WeavingClassFileProvider$1@1c25b8a7
14:10:29.484 [main] DEBUG org.aspectj.weaver.bcel.BcelWeaver - 14:10:29.484 main < o.a.w.b.BcelWeaver.weaveAndNotify
14:10:29.484 [main] DEBUG org.aspectj.weaver.bcel.BcelWeaver - 14:10:29.484 main < o.a.w.b.BcelWeaver.weave java.util.ArrayList(1)
14:10:29.484 [main] DEBUG o.a.weaver.tools.WeavingAdaptor - 14:10:29.484 main < o.a.w.t.WeavingAdaptor.weaveClass byte[5311]
14:10:29.484 [main] DEBUG org.aspectj.weaver.Dump - 14:10:29.484 main > o.a.w.Dump.dumpOnExit o.a.w.t.WeavingAdaptor$WeavingAdaptorMessageHolder@6a6afff2
14:10:29.484 [main] DEBUG org.aspectj.weaver.Dump - 14:10:29.484 main > o.a.w.Dump.shouldDumpOnExit o.a.w.t.WeavingAdaptor$WeavingAdaptorMessageHolder@6a6afff2
14:10:29.485 [main] DEBUG org.aspectj.weaver.Dump - 14:10:29.485 main - o.a.w.Dump.shouldDumpOnExit abort
14:10:29.485 [main] DEBUG org.aspectj.weaver.Dump - 14:10:29.485 main < o.a.w.Dump.shouldDumpOnExit false
14:10:29.485 [main] DEBUG org.aspectj.weaver.Dump - 14:10:29.485 main < o.a.w.Dump.dumpOnExit Excluded
14:10:29.485 [main] DEBUG org.aspectj.weaver.loadtime.Aj - 14:10:29.485 main < o.a.w.l.Aj.preProcess byte[5311]
14:10:29.496 [main] DEBUG org.aspectj.weaver.loadtime.Aj - 14:10:29.496 main > o.a.w.l.Aj.preProcess o.a.w.l.Aj@b9afc07 io/qameta/allure/internal/shadowed/jackson/databind/type/TypeParser, byte[5530], j.i.l.ClassLoaders$AppClassLoader@3cd1a2f1
14:10:29.496 [main] DEBUG org.aspectj.weaver.loadtime.Aj - 14:10:29.496 main - o.a.w.l.Aj.preProcess o.a.w.l.Aj@b9afc07 j.i.l.ClassLoaders$PlatformClassLoader@1ad282e0, j.i.l.ClassLoaders$AppClassLoader@3cd1a2f1
14:10:29.497 [main] DEBUG o.a.weaver.tools.WeavingAdaptor - 14:10:29.497 main > o.a.w.t.WeavingAdaptor.weaveClass o.a.w.l.ClassLoaderWeavingAdaptor@140e5a13 io/qameta/allure/internal/shadowed/jackson/databind/type/TypeParser, byte[5530]
14:10:29.497 [main] DEBUG org.aspectj.weaver.bcel.BcelWeaver - 14:10:29.497 main > o.a.w.b.BcelWeaver.weave o.a.w.b.BcelWeaver@48524010 o.a.w.t.WeavingAdaptor$WeavingClassFileProvider@2ef8a8c3
14:10:29.497 [main] DEBUG org.aspectj.weaver.bcel.BcelWeaver - 14:10:29.497 main > o.a.w.b.BcelWeaver.weaveAndNotify o.a.w.b.BcelWeaver@48524010 o.a.w.b.UnwovenClassFile@24f43aa3, o.a.w.b.BcelObjectType@63fd4873, o.a.w.t.WeavingAdaptor$WeavingClassFileProvider$1@1e11bc55
14:10:29.499 [main] DEBUG org.aspectj.weaver.bcel.BcelWorld - 14:10:29.499 main - o.a.w.b.BcelWorld.lookupJavaClass o.a.w.l.LTWWorld@2b4a2ec7 io.qameta.allure.internal.shadowed.jackson.databind.type.TypeParser$MyTokenizer, o.a.a.b.c.JavaClass@6ab72419
14:10:29.499 [main] DEBUG org.aspectj.weaver.bcel.BcelWorld - 14:10:29.499 main - o.a.w.b.BcelWorld.lookupJavaClass o.a.w.l.LTWWorld@2b4a2ec7 java.lang.IllegalArgumentException, o.a.a.b.c.JavaClass@3ee37e5a
14:10:29.499 [main] DEBUG org.aspectj.weaver.bcel.BcelWeaver - 14:10:29.499 main < o.a.w.b.BcelWeaver.weaveAndNotify
14:10:29.499 [main] DEBUG org.aspectj.weaver.bcel.BcelWeaver - 14:10:29.499 main < o.a.w.b.BcelWeaver.weave java.util.ArrayList(1)
14:10:29.499 [main] DEBUG o.a.weaver.tools.WeavingAdaptor - 14:10:29.499 main < o.a.w.t.WeavingAdaptor.weaveClass byte[5530]
14:10:29.499 [main] DEBUG org.aspectj.weaver.Dump - 14:10:29.499 main > o.a.w.Dump.dumpOnExit o.a.w.t.WeavingAdaptor$WeavingAdaptorMessageHolder@6a6afff2
14:10:29.499 [main] DEBUG org.aspectj.weaver.Dump - 14:10:29.499 main > o.a.w.Dump.shouldDumpOnExit o.a.w.t.WeavingAdaptor$WeavingAdaptorMessageHolder@6a6afff2
14:10:29.499 [main] DEBUG org.aspectj.weaver.Dump - 14:10:29.499 main - o.a.w.Dump.shouldDumpOnExit abort
14:10:29.499 [main] DEBUG org.aspectj.weaver.Dump - 14:10:29.499 main < o.a.w.Dump.shouldDumpOnExit false
14:10:29.500 [main] DEBUG org.aspectj.weaver.Dump - 14:10:29.499 main < o.a.w.Dump.dumpOnExit Excluded
14:10:29.500 [main] DEBUG org.aspectj.weaver.loadtime.Aj - 14:10:29.500 main < o.a.w.l.Aj.preProcess byte[5530]
14:10:29.501 [main] DEBUG org.aspectj.weaver.loadtime.Aj - 14:10:29.501 main > o.a.w.l.Aj.preProcess o.a.w.l.Aj@b9afc07 io/qameta/allure/internal/shadowed/jackson/databind/type/TypeBindings, byte[10562], j.i.l.ClassLoaders$AppClassLoader@3cd1a2f1
14:10:29.502 [main] DEBUG org.aspectj.weaver.loadtime.Aj - 14:10:29.502 main - o.a.w.l.Aj.preProcess o.a.w.l.Aj@b9afc07 j.i.l.ClassLoaders$PlatformClassLoader@1ad282e0, j.i.l.ClassLoaders$AppClassLoader@3cd1a2f1
14:10:29.502 [main] DEBUG o.a.weaver.tools.WeavingAdaptor - 14:10:29.502 main > o.a.w.t.WeavingAdaptor.weaveClass o.a.w.l.ClassLoaderWeavingAdaptor@140e5a13 io/qameta/allure/internal/shadowed/jackson/databind/type/TypeBindings, byte[10562]
14:10:29.502 [main] DEBUG org.aspectj.weaver.bcel.BcelWeaver - 14:10:29.502 main > o.a.w.b.BcelWeaver.weave o.a.w.b.BcelWeaver@48524010 o.a.w.t.WeavingAdaptor$WeavingClassFileProvider@600b0b7
14:10:29.503 [main] DEBUG org.aspectj.weaver.bcel.BcelWeaver - 14:10:29.503 main > o.a.w.b.BcelWeaver.weaveAndNotify o.a.w.b.BcelWeaver@48524010 o.a.w.b.UnwovenClassFile@345e5a17, o.a.w.b.BcelObjectType@5ea502e0, o.a.w.t.WeavingAdaptor$WeavingClassFileProvider$1@443dbe42
14:10:29.507 [main] DEBUG org.aspectj.weaver.bcel.BcelWeaver - 14:10:29.507 main < o.a.w.b.BcelWeaver.weaveAndNotify
14:10:29.507 [main] DEBUG org.aspectj.weaver.bcel.BcelWeaver - 14:10:29.507 main < o.a.w.b.BcelWeaver.weave java.util.ArrayList(1)
14:10:29.507 [main] DEBUG o.a.weaver.tools.WeavingAdaptor - 14:10:29.507 main < o.a.w.t.WeavingAdaptor.weaveClass byte[10562]
14:10:29.507 [main] DEBUG org.aspectj.weaver.Dump - 14:10:29.507 main > o.a.w.Dump.dumpOnExit o.a.w.t.WeavingAdaptor$WeavingAdaptorMessageHolder@6a6afff2
14:10:29.507 [main] DEBUG org.aspectj.weaver.Dump - 14:10:29.507 main > o.a.w.Dump.shouldDumpOnExit o.a.w.t.WeavingAdaptor$WeavingAdaptorMessageHolder@6a6afff2
14:10:29.507 [main] DEBUG org.aspectj.weaver.Dump - 14:10:29.507 main - o.a.w.Dump.shouldDumpOnExit abort
14:10:29.507 [main] DEBUG org.aspectj.weaver.Dump - 14:10:29.507 main < o.a.w.Dump.shouldDumpOnExit false
14:10:29.507 [main] DEBUG org.aspectj.weaver.Dump - 14:10:29.507 main < o.a.w.Dump.dumpOnExit Excluded
14:10:29.507 [main] DEBUG org.aspectj.weaver.loadtime.Aj - 14:10:29.507 main < o.a.w.l.Aj.preProcess byte[10562]
14:10:29.542 [main] DEBUG org.aspectj.weaver.loadtime.Aj - 14:10:29.542 main > o.a.w.l.Aj.preProcess o.a.w.l.Aj@b9afc07 io/qameta/allure/internal/shadowed/jackson/core/Base64Variants, byte[2276], j.i.l.ClassLoaders$AppClassLoader@3cd1a2f1
14:10:29.542 [main] DEBUG org.aspectj.weaver.loadtime.Aj - 14:10:29.542 main - o.a.w.l.Aj.preProcess o.a.w.l.Aj@b9afc07 j.i.l.ClassLoaders$PlatformClassLoader@1ad282e0, j.i.l.ClassLoaders$AppClassLoader@3cd1a2f1
14:10:29.542 [main] DEBUG o.a.weaver.tools.WeavingAdaptor - 14:10:29.542 main > o.a.w.t.WeavingAdaptor.weaveClass o.a.w.l.ClassLoaderWeavingAdaptor@140e5a13 io/qameta/allure/internal/shadowed/jackson/core/Base64Variants, byte[2276]
14:10:29.543 [main] DEBUG org.aspectj.weaver.bcel.BcelWeaver - 14:10:29.543 main > o.a.w.b.BcelWeaver.weave o.a.w.b.BcelWeaver@48524010 o.a.w.t.WeavingAdaptor$WeavingClassFileProvider@3d4d3fe7
14:10:29.543 [main] DEBUG org.aspectj.weaver.bcel.BcelWeaver - 14:10:29.543 main > o.a.w.b.BcelWeaver.weaveAndNotify o.a.w.b.BcelWeaver@48524010 o.a.w.b.UnwovenClassFile@65f87a2c, o.a.w.b.BcelObjectType@51684e4a, o.a.w.t.WeavingAdaptor$WeavingClassFileProvider$1@6ce1f601
14:10:29.543 [main] DEBUG org.aspectj.weaver.bcel.BcelWorld - 14:10:29.543 main - o.a.w.b.BcelWorld.lookupJavaClass o.a.w.l.LTWWorld@2b4a2ec7 io.qameta.allure.internal.shadowed.jackson.core.Base64Variant, o.a.a.b.c.JavaClass@7fe7c640
14:10:29.544 [main] DEBUG org.aspectj.weaver.bcel.BcelWeaver - 14:10:29.544 main < o.a.w.b.BcelWeaver.weaveAndNotify
14:10:29.544 [main] DEBUG org.aspectj.weaver.bcel.BcelWeaver - 14:10:29.544 main < o.a.w.b.BcelWeaver.weave java.util.ArrayList(1)
14:10:29.544 [main] DEBUG o.a.weaver.tools.WeavingAdaptor - 14:10:29.544 main < o.a.w.t.WeavingAdaptor.weaveClass byte[2276]
14:10:29.544 [main] DEBUG org.aspectj.weaver.Dump - 14:10:29.544 main > o.a.w.Dump.dumpOnExit o.a.w.t.WeavingAdaptor$WeavingAdaptorMessageHolder@6a6afff2
14:10:29.544 [main] DEBUG org.aspectj.weaver.Dump - 14:10:29.544 main > o.a.w.Dump.shouldDumpOnExit o.a.w.t.WeavingAdaptor$WeavingAdaptorMessageHolder@6a6afff2
14:10:29.544 [main] DEBUG org.aspectj.weaver.Dump - 14:10:29.544 main - o.a.w.Dump.shouldDumpOnExit abort
14:10:29.544 [main] DEBUG org.aspectj.weaver.Dump - 14:10:29.544 main < o.a.w.Dump.shouldDumpOnExit false
14:10:29.544 [main] DEBUG org.aspectj.weaver.Dump - 14:10:29.544 main < o.a.w.Dump.dumpOnExit Excluded
14:10:29.544 [main] DEBUG org.aspectj.weaver.loadtime.Aj - 14:10:29.544 main < o.a.w.l.Aj.preProcess byte[2276]
14:10:29.595 [main] DEBUG org.aspectj.weaver.loadtime.Aj - 14:10:29.595 main > o.a.w.l.Aj.preProcess o.a.w.l.Aj@b9afc07 io/qameta/allure/internal/shadowed/jackson/core/Base64Variant, byte[13329], j.i.l.ClassLoaders$AppClassLoader@3cd1a2f1
14:10:29.595 [main] DEBUG org.aspectj.weaver.loadtime.Aj - 14:10:29.595 main - o.a.w.l.Aj.preProcess o.a.w.l.Aj@b9afc07 j.i.l.ClassLoaders$PlatformClassLoader@1ad282e0, j.i.l.ClassLoaders$AppClassLoader@3cd1a2f1
14:10:29.595 [main] DEBUG o.a.weaver.tools.WeavingAdaptor - 14:10:29.595 main > o.a.w.t.WeavingAdaptor.weaveClass o.a.w.l.ClassLoaderWeavingAdaptor@140e5a13 io/qameta/allure/internal/shadowed/jackson/core/Base64Variant, byte[13329]
14:10:29.596 [main] DEBUG org.aspectj.weaver.bcel.BcelWeaver - 14:10:29.596 main > o.a.w.b.BcelWeaver.weave o.a.w.b.BcelWeaver@48524010 o.a.w.t.WeavingAdaptor$WeavingClassFileProvider@31c269fd
14:10:29.596 [main] DEBUG org.aspectj.weaver.bcel.BcelWeaver - 14:10:29.596 main > o.a.w.b.BcelWeaver.weaveAndNotify o.a.w.b.BcelWeaver@48524010 o.a.w.b.UnwovenClassFile@372b0d86, o.a.w.b.BcelObjectType@47747fb9, o.a.w.t.WeavingAdaptor$WeavingClassFileProvider$1@3113a37
14:10:29.599 [main] DEBUG org.aspectj.weaver.bcel.BcelWorld - 14:10:29.599 main - o.a.w.b.BcelWorld.lookupJavaClass o.a.w.l.LTWWorld@2b4a2ec7 io.qameta.allure.internal.shadowed.jackson.core.Base64Variant$PaddingReadBehaviour, o.a.a.b.c.JavaClass@54ec8cc9
14:10:29.599 [main] DEBUG org.aspectj.weaver.bcel.BcelWorld - 14:10:29.599 main - o.a.w.b.BcelWorld.lookupJavaClass o.a.w.l.LTWWorld@2b4a2ec7 io.qameta.allure.internal.shadowed.jackson.core.util.ByteArrayBuilder, o.a.a.b.c.JavaClass@2b62442c
14:10:29.602 [main] DEBUG org.aspectj.weaver.bcel.BcelWeaver - 14:10:29.602 main < o.a.w.b.BcelWeaver.weaveAndNotify
14:10:29.602 [main] DEBUG org.aspectj.weaver.bcel.BcelWeaver - 14:10:29.602 main < o.a.w.b.BcelWeaver.weave java.util.ArrayList(1)
14:10:29.603 [main] DEBUG o.a.weaver.tools.WeavingAdaptor - 14:10:29.603 main < o.a.w.t.WeavingAdaptor.weaveClass byte[13329]
14:10:29.603 [main] DEBUG org.aspectj.weaver.Dump - 14:10:29.603 main > o.a.w.Dump.dumpOnExit o.a.w.t.WeavingAdaptor$WeavingAdaptorMessageHolder@6a6afff2
14:10:29.603 [main] DEBUG org.aspectj.weaver.Dump - 14:10:29.603 main > o.a.w.Dump.shouldDumpOnExit o.a.w.t.WeavingAdaptor$WeavingAdaptorMessageHolder@6a6afff2
14:10:29.603 [main] DEBUG org.aspectj.weaver.Dump - 14:10:29.603 main - o.a.w.Dump.shouldDumpOnExit abort
14:10:29.603 [main] DEBUG org.aspectj.weaver.Dump - 14:10:29.603 main < o.a.w.Dump.shouldDumpOnExit false
14:10:29.603 [main] DEBUG org.aspectj.weaver.Dump - 14:10:29.603 main < o.a.w.Dump.dumpOnExit Excluded
14:10:29.603 [main] DEBUG org.aspectj.weaver.loadtime.Aj - 14:10:29.603 main < o.a.w.l.Aj.preProcess byte[13329]
14:10:29.606 [main] DEBUG org.aspectj.weaver.loadtime.Aj - 14:10:29.606 main > o.a.w.l.Aj.preProcess o.a.w.l.Aj@b9afc07 io/qameta/allure/internal/shadowed/jackson/core/Base64Variant$PaddingReadBehaviour, byte[1516], j.i.l.ClassLoaders$AppClassLoader@3cd1a2f1
14:10:29.606 [main] DEBUG org.aspectj.weaver.loadtime.Aj - 14:10:29.606 main - o.a.w.l.Aj.preProcess o.a.w.l.Aj@b9afc07 j.i.l.ClassLoaders$PlatformClassLoader@1ad282e0, j.i.l.ClassLoaders$AppClassLoader@3cd1a2f1
14:10:29.606 [main] DEBUG o.a.weaver.tools.WeavingAdaptor - 14:10:29.606 main > o.a.w.t.WeavingAdaptor.weaveClass o.a.w.l.ClassLoaderWeavingAdaptor@140e5a13 io/qameta/allure/internal/shadowed/jackson/core/Base64Variant$PaddingReadBehaviour, byte[1516]
14:10:29.606 [main] DEBUG org.aspectj.weaver.bcel.BcelWeaver - 14:10:29.606 main > o.a.w.b.BcelWeaver.weave o.a.w.b.BcelWeaver@48524010 o.a.w.t.WeavingAdaptor$WeavingClassFileProvider@1edb61b1
14:10:29.607 [main] DEBUG org.aspectj.weaver.bcel.BcelWeaver - 14:10:29.607 main > o.a.w.b.BcelWeaver.weaveAndNotify o.a.w.b.BcelWeaver@48524010 o.a.w.b.UnwovenClassFile@ec2bf82, o.a.w.b.BcelObjectType@cc62a3b, o.a.w.t.WeavingAdaptor$WeavingClassFileProvider$1@6cc0bcf6
14:10:29.607 [main] DEBUG org.aspectj.weaver.bcel.BcelWorld - 14:10:29.607 main - o.a.w.b.BcelWorld.lookupJavaClass o.a.w.l.LTWWorld@2b4a2ec7 java.lang.constant.Constable, o.a.a.b.c.JavaClass@316bcf94
14:10:29.607 [main] DEBUG org.aspectj.weaver.bcel.BcelWorld - 14:10:29.607 main - o.a.w.b.BcelWorld.lookupJavaClass o.a.w.l.LTWWorld@2b4a2ec7 java.lang.Comparable, o.a.a.b.c.JavaClass@6404f418
14:10:29.607 [main] DEBUG org.aspectj.weaver.bcel.BcelWeaver - 14:10:29.607 main < o.a.w.b.BcelWeaver.weaveAndNotify
14:10:29.607 [main] DEBUG org.aspectj.weaver.bcel.BcelWeaver - 14:10:29.607 main < o.a.w.b.BcelWeaver.weave java.util.ArrayList(1)
14:10:29.610 [main] DEBUG o.a.weaver.tools.WeavingAdaptor - 14:10:29.610 main < o.a.w.t.WeavingAdaptor.weaveClass byte[1516]
14:10:29.611 [main] DEBUG org.aspectj.weaver.Dump - 14:10:29.611 main > o.a.w.Dump.dumpOnExit o.a.w.t.WeavingAdaptor$WeavingAdaptorMessageHolder@6a6afff2
14:10:29.611 [main] DEBUG org.aspectj.weaver.Dump - 14:10:29.611 main > o.a.w.Dump.shouldDumpOnExit o.a.w.t.WeavingAdaptor$WeavingAdaptorMessageHolder@6a6afff2
14:10:29.611 [main] DEBUG org.aspectj.weaver.Dump - 14:10:29.611 main - o.a.w.Dump.shouldDumpOnExit abort
14:10:29.611 [main] DEBUG org.aspectj.weaver.Dump - 14:10:29.611 main < o.a.w.Dump.shouldDumpOnExit false
14:10:29.611 [main] DEBUG org.aspectj.weaver.Dump - 14:10:29.611 main < o.a.w.Dump.dumpOnExit Excluded
14:10:29.611 [main] DEBUG org.aspectj.weaver.loadtime.Aj - 14:10:29.611 main < o.a.w.l.Aj.preProcess byte[1516]
14:10:29.614 [main] DEBUG org.aspectj.weaver.loadtime.Aj - 14:10:29.614 main > o.a.w.l.Aj.preProcess o.a.w.l.Aj@b9afc07 io/qameta/allure/internal/shadowed/jackson/databind/introspect/AccessorNamingStrategy, byte[1031], j.i.l.ClassLoaders$AppClassLoader@3cd1a2f1
14:10:29.615 [main] DEBUG org.aspectj.weaver.loadtime.Aj - 14:10:29.615 main - o.a.w.l.Aj.preProcess o.a.w.l.Aj@b9afc07 j.i.l.ClassLoaders$PlatformClassLoader@1ad282e0, j.i.l.ClassLoaders$AppClassLoader@3cd1a2f1
14:10:29.615 [main] DEBUG o.a.weaver.tools.WeavingAdaptor - 14:10:29.615 main > o.a.w.t.WeavingAdaptor.weaveClass o.a.w.l.ClassLoaderWeavingAdaptor@140e5a13 io/qameta/allure/internal/shadowed/jackson/databind/introspect/AccessorNamingStrategy, byte[1031]
14:10:29.615 [main] DEBUG org.aspectj.weaver.bcel.BcelWeaver - 14:10:29.615 main > o.a.w.b.BcelWeaver.weave o.a.w.b.BcelWeaver@48524010 o.a.w.t.WeavingAdaptor$WeavingClassFileProvider@36ac8a63
14:10:29.616 [main] DEBUG org.aspectj.weaver.bcel.BcelWeaver - 14:10:29.615 main > o.a.w.b.BcelWeaver.weaveAndNotify o.a.w.b.BcelWeaver@48524010 o.a.w.b.UnwovenClassFile@4d9d1b69, o.a.w.b.BcelObjectType@52c8295b, o.a.w.t.WeavingAdaptor$WeavingClassFileProvider$1@251f7d26
14:10:29.616 [main] DEBUG org.aspectj.weaver.bcel.BcelWeaver - 14:10:29.616 main < o.a.w.b.BcelWeaver.weaveAndNotify
14:10:29.616 [main] DEBUG org.aspectj.weaver.bcel.BcelWeaver - 14:10:29.616 main < o.a.w.b.BcelWeaver.weave java.util.ArrayList(1)
14:10:29.616 [main] DEBUG o.a.weaver.tools.WeavingAdaptor - 14:10:29.616 main < o.a.w.t.WeavingAdaptor.weaveClass byte[1031]
14:10:29.616 [main] DEBUG org.aspectj.weaver.Dump - 14:10:29.616 main > o.a.w.Dump.dumpOnExit o.a.w.t.WeavingAdaptor$WeavingAdaptorMessageHolder@6a6afff2
14:10:29.616 [main] DEBUG org.aspectj.weaver.Dump - 14:10:29.616 main > o.a.w.Dump.shouldDumpOnExit o.a.w.t.WeavingAdaptor$WeavingAdaptorMessageHolder@6a6afff2
14:10:29.616 [main] DEBUG org.aspectj.weaver.Dump - 14:10:29.616 main - o.a.w.Dump.shouldDumpOnExit abort
14:10:29.616 [main] DEBUG org.aspectj.weaver.Dump - 14:10:29.616 main < o.a.w.Dump.shouldDumpOnExit false
14:10:29.616 [main] DEBUG org.aspectj.weaver.Dump - 14:10:29.616 main < o.a.w.Dump.dumpOnExit Excluded
14:10:29.616 [main] DEBUG org.aspectj.weaver.loadtime.Aj - 14:10:29.616 main < o.a.w.l.Aj.preProcess byte[1031]
14:10:29.619 [main] DEBUG org.aspectj.weaver.loadtime.Aj - 14:10:29.618 main > o.a.w.l.Aj.preProcess o.a.w.l.Aj@b9afc07 io/qameta/allure/internal/shadowed/jackson/databind/introspect/DefaultAccessorNamingStrategy, byte[6695], j.i.l.ClassLoaders$AppClassLoader@3cd1a2f1
14:10:29.621 [main] DEBUG org.aspectj.weaver.loadtime.Aj - 14:10:29.619 main - o.a.w.l.Aj.preProcess o.a.w.l.Aj@b9afc07 j.i.l.ClassLoaders$PlatformClassLoader@1ad282e0, j.i.l.ClassLoaders$AppClassLoader@3cd1a2f1
14:10:29.623 [main] DEBUG o.a.weaver.tools.WeavingAdaptor - 14:10:29.623 main > o.a.w.t.WeavingAdaptor.weaveClass o.a.w.l.ClassLoaderWeavingAdaptor@140e5a13 io/qameta/allure/internal/shadowed/jackson/databind/introspect/DefaultAccessorNamingStrategy, byte[6695]
14:10:29.624 [main] DEBUG org.aspectj.weaver.bcel.BcelWeaver - 14:10:29.623 main > o.a.w.b.BcelWeaver.weave o.a.w.b.BcelWeaver@48524010 o.a.w.t.WeavingAdaptor$WeavingClassFileProvider@781e7326
14:10:29.624 [main] DEBUG org.aspectj.weaver.bcel.BcelWeaver - 14:10:29.624 main > o.a.w.b.BcelWeaver.weaveAndNotify o.a.w.b.BcelWeaver@48524010 o.a.w.b.UnwovenClassFile@22680f52, o.a.w.b.BcelObjectType@60d84f61, o.a.w.t.WeavingAdaptor$WeavingClassFileProvider$1@39c11e6c
14:10:29.625 [main] DEBUG org.aspectj.weaver.bcel.BcelWeaver - 14:10:29.625 main < o.a.w.b.BcelWeaver.weaveAndNotify
14:10:29.625 [main] DEBUG org.aspectj.weaver.bcel.BcelWeaver - 14:10:29.625 main < o.a.w.b.BcelWeaver.weave java.util.ArrayList(1)
14:10:29.625 [main] DEBUG o.a.weaver.tools.WeavingAdaptor - 14:10:29.625 main < o.a.w.t.WeavingAdaptor.weaveClass byte[6695]
14:10:29.625 [main] DEBUG org.aspectj.weaver.Dump - 14:10:29.625 main > o.a.w.Dump.dumpOnExit o.a.w.t.WeavingAdaptor$WeavingAdaptorMessageHolder@6a6afff2
14:10:29.625 [main] DEBUG org.aspectj.weaver.Dump - 14:10:29.625 main > o.a.w.Dump.shouldDumpOnExit o.a.w.t.WeavingAdaptor$WeavingAdaptorMessageHolder@6a6afff2
14:10:29.625 [main] DEBUG org.aspectj.weaver.Dump - 14:10:29.625 main - o.a.w.Dump.shouldDumpOnExit abort
14:10:29.625 [main] DEBUG org.aspectj.weaver.Dump - 14:10:29.625 main < o.a.w.Dump.shouldDumpOnExit false
14:10:29.625 [main] DEBUG org.aspectj.weaver.Dump - 14:10:29.625 main < o.a.w.Dump.dumpOnExit Excluded
14:10:29.625 [main] DEBUG org.aspectj.weaver.loadtime.Aj - 14:10:29.625 main < o.a.w.l.Aj.preProcess byte[6695]
14:10:29.627 [main] DEBUG org.aspectj.weaver.loadtime.Aj - 14:10:29.627 main > o.a.w.l.Aj.preProcess o.a.w.l.Aj@b9afc07 io/qameta/allure/internal/shadowed/jackson/databind/introspect/DefaultAccessorNamingStrategy$RecordNaming, byte[2829], j.i.l.ClassLoaders$AppClassLoader@3cd1a2f1
14:10:29.627 [main] DEBUG org.aspectj.weaver.loadtime.Aj - 14:10:29.627 main - o.a.w.l.Aj.preProcess o.a.w.l.Aj@b9afc07 j.i.l.ClassLoaders$PlatformClassLoader@1ad282e0, j.i.l.ClassLoaders$AppClassLoader@3cd1a2f1
14:10:29.627 [main] DEBUG o.a.weaver.tools.WeavingAdaptor - 14:10:29.627 main > o.a.w.t.WeavingAdaptor.weaveClass o.a.w.l.ClassLoaderWeavingAdaptor@140e5a13 io/qameta/allure/internal/shadowed/jackson/databind/introspect/DefaultAccessorNamingStrategy$RecordNaming, byte[2829]
14:10:29.628 [main] DEBUG org.aspectj.weaver.bcel.BcelWeaver - 14:10:29.628 main > o.a.w.b.BcelWeaver.weave o.a.w.b.BcelWeaver@48524010 o.a.w.t.WeavingAdaptor$WeavingClassFileProvider@1fc793c2
14:10:29.628 [main] DEBUG org.aspectj.weaver.bcel.BcelWeaver - 14:10:29.628 main > o.a.w.b.BcelWeaver.weaveAndNotify o.a.w.b.BcelWeaver@48524010 o.a.w.b.UnwovenClassFile@2575f671, o.a.w.b.BcelObjectType@329a1243, o.a.w.t.WeavingAdaptor$WeavingClassFileProvider$1@ecf9fb3
14:10:29.629 [main] DEBUG org.aspectj.weaver.bcel.BcelWeaver - 14:10:29.629 main < o.a.w.b.BcelWeaver.weaveAndNotify
14:10:29.629 [main] DEBUG org.aspectj.weaver.bcel.BcelWeaver - 14:10:29.629 main < o.a.w.b.BcelWeaver.weave java.util.ArrayList(1)
14:10:29.629 [main] DEBUG o.a.weaver.tools.WeavingAdaptor - 14:10:29.629 main < o.a.w.t.WeavingAdaptor.weaveClass byte[2829]
14:10:29.629 [main] DEBUG org.aspectj.weaver.Dump - 14:10:29.629 main > o.a.w.Dump.dumpOnExit o.a.w.t.WeavingAdaptor$WeavingAdaptorMessageHolder@6a6afff2
14:10:29.629 [main] DEBUG org.aspectj.weaver.Dump - 14:10:29.629 main > o.a.w.Dump.shouldDumpOnExit o.a.w.t.WeavingAdaptor$WeavingAdaptorMessageHolder@6a6afff2
14:10:29.629 [main] DEBUG org.aspectj.weaver.Dump - 14:10:29.629 main - o.a.w.Dump.shouldDumpOnExit abort
14:10:29.629 [main] DEBUG org.aspectj.weaver.Dump - 14:10:29.629 main < o.a.w.Dump.shouldDumpOnExit false
14:10:29.629 [main] DEBUG org.aspectj.weaver.Dump - 14:10:29.629 main < o.a.w.Dump.dumpOnExit Excluded
14:10:29.629 [main] DEBUG org.aspectj.weaver.loadtime.Aj - 14:10:29.629 main < o.a.w.l.Aj.preProcess byte[2829]
14:10:29.631 [main] DEBUG org.aspectj.weaver.loadtime.Aj - 14:10:29.631 main > o.a.w.l.Aj.preProcess o.a.w.l.Aj@b9afc07 io/qameta/allure/internal/shadowed/jackson/core/io/DataOutputAsStream, byte[935], j.i.l.ClassLoaders$AppClassLoader@3cd1a2f1
14:10:29.631 [main] DEBUG org.aspectj.weaver.loadtime.Aj - 14:10:29.631 main - o.a.w.l.Aj.preProcess o.a.w.l.Aj@b9afc07 j.i.l.ClassLoaders$PlatformClassLoader@1ad282e0, j.i.l.ClassLoaders$AppClassLoader@3cd1a2f1
14:10:29.631 [main] DEBUG o.a.weaver.tools.WeavingAdaptor - 14:10:29.631 main > o.a.w.t.WeavingAdaptor.weaveClass o.a.w.l.ClassLoaderWeavingAdaptor@140e5a13 io/qameta/allure/internal/shadowed/jackson/core/io/DataOutputAsStream, byte[935]
14:10:29.631 [main] DEBUG org.aspectj.weaver.bcel.BcelWeaver - 14:10:29.631 main > o.a.w.b.BcelWeaver.weave o.a.w.b.BcelWeaver@48524010 o.a.w.t.WeavingAdaptor$WeavingClassFileProvider@581d969c
14:10:29.631 [main] DEBUG org.aspectj.weaver.bcel.BcelWorld - 14:10:29.631 main - o.a.w.b.BcelWorld.lookupJavaClass o.a.w.l.LTWWorld@2b4a2ec7 java.io.OutputStream, o.a.a.b.c.JavaClass@7a5ceedd
14:10:29.631 [main] DEBUG org.aspectj.weaver.bcel.BcelWeaver - 14:10:29.631 main > o.a.w.b.BcelWeaver.weaveAndNotify o.a.w.b.BcelWeaver@48524010 o.a.w.b.UnwovenClassFile@22db8f4, o.a.w.b.BcelObjectType@2b46a8c1, o.a.w.t.WeavingAdaptor$WeavingClassFileProvider$1@1d572e62
14:10:29.631 [main] DEBUG org.aspectj.weaver.bcel.BcelWorld - 14:10:29.631 main - o.a.w.b.BcelWorld.lookupJavaClass o.a.w.l.LTWWorld@2b4a2ec7 java.io.Closeable, o.a.a.b.c.JavaClass@5149d738
14:10:29.631 [main] DEBUG org.aspectj.weaver.bcel.BcelWorld - 14:10:29.631 main - o.a.w.b.BcelWorld.lookupJavaClass o.a.w.l.LTWWorld@2b4a2ec7 java.io.Flushable, o.a.a.b.c.JavaClass@6e535154
14:10:29.632 [main] DEBUG org.aspectj.weaver.bcel.BcelWorld - 14:10:29.632 main - o.a.w.b.BcelWorld.lookupJavaClass o.a.w.l.LTWWorld@2b4a2ec7 java.lang.AutoCloseable, o.a.a.b.c.JavaClass@3a7442c7
14:10:29.632 [main] DEBUG org.aspectj.weaver.bcel.BcelWeaver - 14:10:29.632 main < o.a.w.b.BcelWeaver.weaveAndNotify
14:10:29.633 [main] DEBUG org.aspectj.weaver.bcel.BcelWeaver - 14:10:29.633 main < o.a.w.b.BcelWeaver.weave java.util.ArrayList(1)
14:10:29.633 [main] DEBUG o.a.weaver.tools.WeavingAdaptor - 14:10:29.633 main < o.a.w.t.WeavingAdaptor.weaveClass byte[935]
14:10:29.633 [main] DEBUG org.aspectj.weaver.Dump - 14:10:29.633 main > o.a.w.Dump.dumpOnExit o.a.w.t.WeavingAdaptor$WeavingAdaptorMessageHolder@6a6afff2
14:10:29.633 [main] DEBUG org.aspectj.weaver.Dump - 14:10:29.633 main > o.a.w.Dump.shouldDumpOnExit o.a.w.t.WeavingAdaptor$WeavingAdaptorMessageHolder@6a6afff2
14:10:29.633 [main] DEBUG org.aspectj.weaver.Dump - 14:10:29.633 main - o.a.w.Dump.shouldDumpOnExit abort
14:10:29.633 [main] DEBUG org.aspectj.weaver.Dump - 14:10:29.633 main < o.a.w.Dump.shouldDumpOnExit false
14:10:29.633 [main] DEBUG org.aspectj.weaver.Dump - 14:10:29.633 main < o.a.w.Dump.dumpOnExit Excluded
14:10:29.633 [main] DEBUG org.aspectj.weaver.loadtime.Aj - 14:10:29.633 main < o.a.w.l.Aj.preProcess byte[935]
14:10:29.635 [main] DEBUG org.aspectj.weaver.loadtime.Aj - 14:10:29.635 main > o.a.w.l.Aj.preProcess o.a.w.l.Aj@b9afc07 io/qameta/allure/internal/shadowed/jackson/core/SerializableString, byte[679], j.i.l.ClassLoaders$AppClassLoader@3cd1a2f1
14:10:29.635 [main] DEBUG org.aspectj.weaver.loadtime.Aj - 14:10:29.635 main - o.a.w.l.Aj.preProcess o.a.w.l.Aj@b9afc07 j.i.l.ClassLoaders$PlatformClassLoader@1ad282e0, j.i.l.ClassLoaders$AppClassLoader@3cd1a2f1
14:10:29.635 [main] DEBUG o.a.weaver.tools.WeavingAdaptor - 14:10:29.635 main > o.a.w.t.WeavingAdaptor.weaveClass o.a.w.l.ClassLoaderWeavingAdaptor@140e5a13 io/qameta/allure/internal/shadowed/jackson/core/SerializableString, byte[679]
14:10:29.635 [main] DEBUG org.aspectj.weaver.bcel.BcelWeaver - 14:10:29.635 main > o.a.w.b.BcelWeaver.weave o.a.w.b.BcelWeaver@48524010 o.a.w.t.WeavingAdaptor$WeavingClassFileProvider@3caa4757
14:10:29.636 [main] DEBUG org.aspectj.weaver.bcel.BcelWeaver - 14:10:29.635 main > o.a.w.b.BcelWeaver.weaveAndNotify o.a.w.b.BcelWeaver@48524010 o.a.w.b.UnwovenClassFile@69c43e48, o.a.w.b.BcelObjectType@1804f60d, o.a.w.t.WeavingAdaptor$WeavingClassFileProvider$1@3a80515c
14:10:29.636 [main] DEBUG org.aspectj.weaver.bcel.BcelWeaver - 14:10:29.636 main < o.a.w.b.BcelWeaver.weaveAndNotify
14:10:29.636 [main] DEBUG org.aspectj.weaver.bcel.BcelWeaver - 14:10:29.636 main < o.a.w.b.BcelWeaver.weave java.util.ArrayList(1)
14:10:29.636 [main] DEBUG o.a.weaver.tools.WeavingAdaptor - 14:10:29.636 main < o.a.w.t.WeavingAdaptor.weaveClass byte[679]
14:10:29.636 [main] DEBUG org.aspectj.weaver.Dump - 14:10:29.636 main > o.a.w.Dump.dumpOnExit o.a.w.t.WeavingAdaptor$WeavingAdaptorMessageHolder@6a6afff2
14:10:29.636 [main] DEBUG org.aspectj.weaver.Dump - 14:10:29.636 main > o.a.w.Dump.shouldDumpOnExit o.a.w.t.WeavingAdaptor$WeavingAdaptorMessageHolder@6a6afff2
14:10:29.636 [main] DEBUG org.aspectj.weaver.Dump - 14:10:29.636 main - o.a.w.Dump.shouldDumpOnExit abort
14:10:29.636 [main] DEBUG org.aspectj.weaver.Dump - 14:10:29.636 main < o.a.w.Dump.shouldDumpOnExit false
14:10:29.636 [main] DEBUG org.aspectj.weaver.Dump - 14:10:29.636 main < o.a.w.Dump.dumpOnExit Excluded
14:10:29.636 [main] DEBUG org.aspectj.weaver.loadtime.Aj - 14:10:29.636 main < o.a.w.l.Aj.preProcess byte[679]
14:10:29.638 [main] DEBUG org.aspectj.weaver.loadtime.Aj - 14:10:29.638 main > o.a.w.l.Aj.preProcess o.a.w.l.Aj@b9afc07 io/qameta/allure/internal/shadowed/jackson/core/TSFBuilder, byte[13014], j.i.l.ClassLoaders$AppClassLoader@3cd1a2f1
14:10:29.638 [main] DEBUG org.aspectj.weaver.loadtime.Aj - 14:10:29.638 main - o.a.w.l.Aj.preProcess o.a.w.l.Aj@b9afc07 j.i.l.ClassLoaders$PlatformClassLoader@1ad282e0, j.i.l.ClassLoaders$AppClassLoader@3cd1a2f1
14:10:29.638 [main] DEBUG o.a.weaver.tools.WeavingAdaptor - 14:10:29.638 main > o.a.w.t.WeavingAdaptor.weaveClass o.a.w.l.ClassLoaderWeavingAdaptor@140e5a13 io/qameta/allure/internal/shadowed/jackson/core/TSFBuilder, byte[13014]
14:10:29.639 [main] DEBUG org.aspectj.weaver.bcel.BcelWeaver - 14:10:29.639 main > o.a.w.b.BcelWeaver.weave o.a.w.b.BcelWeaver@48524010 o.a.w.t.WeavingAdaptor$WeavingClassFileProvider@1b39fd82
14:10:29.639 [main] DEBUG org.aspectj.weaver.bcel.BcelWeaver - 14:10:29.639 main > o.a.w.b.BcelWeaver.weaveAndNotify o.a.w.b.BcelWeaver@48524010 o.a.w.b.UnwovenClassFile@3e2fc448, o.a.w.b.BcelObjectType@21680803, o.a.w.t.WeavingAdaptor$WeavingClassFileProvider$1@588ab592
14:10:29.641 [main] DEBUG org.aspectj.weaver.bcel.BcelWorld - 14:10:29.641 main - o.a.w.b.BcelWorld.lookupJavaClass o.a.w.l.LTWWorld@2b4a2ec7 io.qameta.allure.internal.shadowed.jackson.core.io.InputDecorator, o.a.a.b.c.JavaClass@1a7288a3
14:10:29.641 [main] DEBUG org.aspectj.weaver.bcel.BcelWorld - 14:10:29.641 main - o.a.w.b.BcelWorld.lookupJavaClass o.a.w.l.LTWWorld@2b4a2ec7 io.qameta.allure.internal.shadowed.jackson.core.io.OutputDecorator, o.a.a.b.c.JavaClass@686449f9
14:10:29.641 [main] DEBUG org.aspectj.weaver.bcel.BcelWorld - 14:10:29.641 main - o.a.w.b.BcelWorld.lookupJavaClass o.a.w.l.LTWWorld@2b4a2ec7 io.qameta.allure.internal.shadowed.jackson.core.JsonFactory$Feature, o.a.a.b.c.JavaClass@57ac5227
14:10:29.641 [main] DEBUG org.aspectj.weaver.bcel.BcelWorld - 14:10:29.641 main - o.a.w.b.BcelWorld.lookupJavaClass o.a.w.l.LTWWorld@2b4a2ec7 io.qameta.allure.internal.shadowed.jackson.core.StreamReadFeature, o.a.a.b.c.JavaClass@1ae67cad
14:10:29.641 [main] DEBUG org.aspectj.weaver.bcel.BcelWorld - 14:10:29.641 main - o.a.w.b.BcelWorld.lookupJavaClass o.a.w.l.LTWWorld@2b4a2ec7 io.qameta.allure.internal.shadowed.jackson.core.StreamWriteFeature, o.a.a.b.c.JavaClass@31e4bb20
14:10:29.643 [main] DEBUG org.aspectj.weaver.bcel.BcelWorld - 14:10:29.643 main - o.a.w.b.BcelWorld.lookupJavaClass o.a.w.l.LTWWorld@2b4a2ec7 io.qameta.allure.internal.shadowed.jackson.core.json.JsonReadFeature, o.a.a.b.c.JavaClass@c074c0c
14:10:29.645 [main] DEBUG org.aspectj.weaver.bcel.BcelWorld - 14:10:29.644 main - o.a.w.b.BcelWorld.lookupJavaClass o.a.w.l.LTWWorld@2b4a2ec7 io.qameta.allure.internal.shadowed.jackson.core.json.JsonWriteFeature, o.a.a.b.c.JavaClass@6e0ff644
14:10:29.645 [main] DEBUG org.aspectj.weaver.bcel.BcelWorld - 14:10:29.645 main - o.a.w.b.BcelWorld.lookupJavaClass o.a.w.l.LTWWorld@2b4a2ec7 io.qameta.allure.internal.shadowed.jackson.core.JsonParser$Feature, o.a.a.b.c.JavaClass@5d1659ea
14:10:29.646 [main] DEBUG org.aspectj.weaver.bcel.BcelWorld - 14:10:29.646 main - o.a.w.b.BcelWorld.lookupJavaClass o.a.w.l.LTWWorld@2b4a2ec7 io.qameta.allure.internal.shadowed.jackson.core.JsonGenerator$Feature, o.a.a.b.c.JavaClass@5c18016b
14:10:29.646 [main] DEBUG org.aspectj.weaver.bcel.BcelWeaver - 14:10:29.646 main < o.a.w.b.BcelWeaver.weaveAndNotify
14:10:29.646 [main] DEBUG org.aspectj.weaver.bcel.BcelWeaver - 14:10:29.646 main < o.a.w.b.BcelWeaver.weave java.util.ArrayList(1)
14:10:29.646 [main] DEBUG o.a.weaver.tools.WeavingAdaptor - 14:10:29.646 main < o.a.w.t.WeavingAdaptor.weaveClass byte[13014]
14:10:29.646 [main] DEBUG org.aspectj.weaver.Dump - 14:10:29.646 main > o.a.w.Dump.dumpOnExit o.a.w.t.WeavingAdaptor$WeavingAdaptorMessageHolder@6a6afff2
14:10:29.646 [main] DEBUG org.aspectj.weaver.Dump - 14:10:29.646 main > o.a.w.Dump.shouldDumpOnExit o.a.w.t.WeavingAdaptor$WeavingAdaptorMessageHolder@6a6afff2
14:10:29.646 [main] DEBUG org.aspectj.weaver.Dump - 14:10:29.646 main - o.a.w.Dump.shouldDumpOnExit abort
14:10:29.646 [main] DEBUG org.aspectj.weaver.Dump - 14:10:29.646 main < o.a.w.Dump.shouldDumpOnExit false
14:10:29.646 [main] DEBUG org.aspectj.weaver.Dump - 14:10:29.646 main < o.a.w.Dump.dumpOnExit Excluded
14:10:29.646 [main] DEBUG org.aspectj.weaver.loadtime.Aj - 14:10:29.646 main < o.a.w.l.Aj.preProcess byte[13014]
14:10:29.648 [main] DEBUG org.aspectj.weaver.loadtime.Aj - 14:10:29.648 main > o.a.w.l.Aj.preProcess o.a.w.l.Aj@b9afc07 io/qameta/allure/internal/shadowed/jackson/core/JsonFactoryBuilder, byte[8744], j.i.l.ClassLoaders$AppClassLoader@3cd1a2f1
14:10:29.648 [main] DEBUG org.aspectj.weaver.loadtime.Aj - 14:10:29.648 main - o.a.w.l.Aj.preProcess o.a.w.l.Aj@b9afc07 j.i.l.ClassLoaders$PlatformClassLoader@1ad282e0, j.i.l.ClassLoaders$AppClassLoader@3cd1a2f1
14:10:29.648 [main] DEBUG o.a.weaver.tools.WeavingAdaptor - 14:10:29.648 main > o.a.w.t.WeavingAdaptor.weaveClass o.a.w.l.ClassLoaderWeavingAdaptor@140e5a13 io/qameta/allure/internal/shadowed/jackson/core/JsonFactoryBuilder, byte[8744]
14:10:29.649 [main] DEBUG org.aspectj.weaver.bcel.BcelWeaver - 14:10:29.649 main > o.a.w.b.BcelWeaver.weave o.a.w.b.BcelWeaver@48524010 o.a.w.t.WeavingAdaptor$WeavingClassFileProvider@2d0566ba
14:10:29.649 [main] DEBUG org.aspectj.weaver.bcel.BcelWeaver - 14:10:29.649 main > o.a.w.b.BcelWeaver.weaveAndNotify o.a.w.b.BcelWeaver@48524010 o.a.w.b.UnwovenClassFile@733037, o.a.w.b.BcelObjectType@7728643a, o.a.w.t.WeavingAdaptor$WeavingClassFileProvider$1@320e400
14:10:29.650 [main] DEBUG org.aspectj.weaver.bcel.BcelWorld - 14:10:29.650 main - o.a.w.b.BcelWorld.lookupJavaClass o.a.w.l.LTWWorld@2b4a2ec7 io.qameta.allure.internal.shadowed.jackson.core.io.CharacterEscapes, o.a.a.b.c.JavaClass@3381b4fc
14:10:29.650 [main] DEBUG org.aspectj.weaver.bcel.BcelWorld - 14:10:29.650 main - o.a.w.b.BcelWorld.lookupJavaClass o.a.w.l.LTWWorld@2b4a2ec7 io.qameta.allure.internal.shadowed.jackson.core.JsonFactory, o.a.a.b.c.JavaClass@32c8e539
14:10:29.650 [main] DEBUG org.aspectj.weaver.bcel.BcelWeaver - 14:10:29.650 main < o.a.w.b.BcelWeaver.weaveAndNotify
14:10:29.650 [main] DEBUG org.aspectj.weaver.bcel.BcelWeaver - 14:10:29.650 main < o.a.w.b.BcelWeaver.weave java.util.ArrayList(1)
14:10:29.717 [main] DEBUG o.a.weaver.tools.WeavingAdaptor - 14:10:29.717 main < o.a.w.t.WeavingAdaptor.weaveClass byte[8744]
14:10:29.717 [main] DEBUG org.aspectj.weaver.Dump - 14:10:29.717 main > o.a.w.Dump.dumpOnExit o.a.w.t.WeavingAdaptor$WeavingAdaptorMessageHolder@6a6afff2
14:10:29.717 [main] DEBUG org.aspectj.weaver.Dump - 14:10:29.717 main > o.a.w.Dump.shouldDumpOnExit o.a.w.t.WeavingAdaptor$WeavingAdaptorMessageHolder@6a6afff2
14:10:29.717 [main] DEBUG org.aspectj.weaver.Dump - 14:10:29.717 main - o.a.w.Dump.shouldDumpOnExit abort
14:10:29.717 [main] DEBUG org.aspectj.weaver.Dump - 14:10:29.717 main < o.a.w.Dump.shouldDumpOnExit false
14:10:29.718 [main] DEBUG org.aspectj.weaver.Dump - 14:10:29.718 main < o.a.w.Dump.dumpOnExit Excluded
14:10:29.718 [main] DEBUG org.aspectj.weaver.loadtime.Aj - 14:10:29.718 main < o.a.w.l.Aj.preProcess byte[8744]
14:10:29.721 [main] DEBUG org.aspectj.weaver.loadtime.Aj - 14:10:29.721 main > o.a.w.l.Aj.preProcess o.a.w.l.Aj@b9afc07 io/qameta/allure/internal/shadowed/jackson/core/json/UTF8DataInputJsonParser, byte[40905], j.i.l.ClassLoaders$AppClassLoader@3cd1a2f1
14:10:29.722 [main] DEBUG org.aspectj.weaver.loadtime.Aj - 14:10:29.721 main - o.a.w.l.Aj.preProcess o.a.w.l.Aj@b9afc07 j.i.l.ClassLoaders$PlatformClassLoader@1ad282e0, j.i.l.ClassLoaders$AppClassLoader@3cd1a2f1
14:10:29.722 [main] DEBUG o.a.weaver.tools.WeavingAdaptor - 14:10:29.722 main > o.a.w.t.WeavingAdaptor.weaveClass o.a.w.l.ClassLoaderWeavingAdaptor@140e5a13 io/qameta/allure/internal/shadowed/jackson/core/json/UTF8DataInputJsonParser, byte[40905]
14:10:29.724 [main] DEBUG org.aspectj.weaver.bcel.BcelWeaver - 14:10:29.724 main > o.a.w.b.BcelWeaver.weave o.a.w.b.BcelWeaver@48524010 o.a.w.t.WeavingAdaptor$WeavingClassFileProvider@6ebd78d1
14:10:29.728 [main] DEBUG org.aspectj.weaver.bcel.BcelWorld - 14:10:29.728 main - o.a.w.b.BcelWorld.lookupJavaClass o.a.w.l.LTWWorld@2b4a2ec7 io.qameta.allure.internal.shadowed.jackson.core.base.ParserBase, o.a.a.b.c.JavaClass@68ed96ca
14:10:29.729 [main] DEBUG org.aspectj.weaver.bcel.BcelWeaver - 14:10:29.728 main > o.a.w.b.BcelWeaver.weaveAndNotify o.a.w.b.BcelWeaver@48524010 o.a.w.b.UnwovenClassFile@6d1310f6, o.a.w.b.BcelObjectType@3228d990, o.a.w.t.WeavingAdaptor$WeavingClassFileProvider$1@54e7391d
14:10:29.729 [main] DEBUG org.aspectj.weaver.bcel.BcelWorld - 14:10:29.729 main - o.a.w.b.BcelWorld.lookupJavaClass o.a.w.l.LTWWorld@2b4a2ec7 io.qameta.allure.internal.shadowed.jackson.core.base.ParserMinimalBase, o.a.a.b.c.JavaClass@5f3b9c57
14:10:29.729 [main] DEBUG org.aspectj.weaver.bcel.BcelWorld - 14:10:29.729 main - o.a.w.b.BcelWorld.lookupJavaClass o.a.w.l.LTWWorld@2b4a2ec7 io.qameta.allure.internal.shadowed.jackson.core.JsonParser, o.a.a.b.c.JavaClass@6b98a075
14:10:29.729 [main] DEBUG org.aspectj.weaver.bcel.BcelWorld - 14:10:29.729 main - o.a.w.b.BcelWorld.lookupJavaClass o.a.w.l.LTWWorld@2b4a2ec7 io.qameta.allure.internal.shadowed.jackson.core.Versioned, o.a.a.b.c.JavaClass@302a07d
14:10:29.730 [main] DEBUG org.aspectj.weaver.bcel.BcelWorld - 14:10:29.730 main - o.a.w.b.BcelWorld.lookupJavaClass o.a.w.l.LTWWorld@2b4a2ec7 io.qameta.allure.internal.shadowed.jackson.core.ObjectCodec, o.a.a.b.c.JavaClass@3b0c9195
14:10:29.731 [main] DEBUG org.aspectj.weaver.bcel.BcelWorld - 14:10:29.731 main - o.a.w.b.BcelWorld.lookupJavaClass o.a.w.l.LTWWorld@2b4a2ec7 io.qameta.allure.internal.shadowed.jackson.core.util.JacksonFeatureSet, o.a.a.b.c.JavaClass@533b266e
14:10:29.731 [main] DEBUG org.aspectj.weaver.bcel.BcelWorld - 14:10:29.731 main - o.a.w.b.BcelWorld.lookupJavaClass o.a.w.l.LTWWorld@2b4a2ec7 java.io.Writer, o.a.a.b.c.JavaClass@6221a451
14:10:29.731 [main] DEBUG org.aspectj.weaver.bcel.BcelWorld - 14:10:29.731 main - o.a.w.b.BcelWorld.lookupJavaClass o.a.w.l.LTWWorld@2b4a2ec7 io.qameta.allure.internal.shadowed.jackson.core.JsonToken, o.a.a.b.c.JavaClass@31aa3ca5
14:10:29.731 [main] DEBUG org.aspectj.weaver.bcel.BcelWorld - 14:10:29.731 main - o.a.w.b.BcelWorld.lookupJavaClass o.a.w.l.LTWWorld@2b4a2ec7 io.qameta.allure.internal.shadowed.jackson.core.JsonLocation, o.a.a.b.c.JavaClass@24faea88
14:10:29.731 [main] DEBUG org.aspectj.weaver.bcel.BcelWeaver - 14:10:29.731 main < o.a.w.b.BcelWeaver.weaveAndNotify
14:10:29.732 [main] DEBUG org.aspectj.weaver.bcel.BcelWeaver - 14:10:29.732 main < o.a.w.b.BcelWeaver.weave java.util.ArrayList(1)
14:10:29.732 [main] DEBUG o.a.weaver.tools.WeavingAdaptor - 14:10:29.732 main < o.a.w.t.WeavingAdaptor.weaveClass byte[40905]
14:10:29.732 [main] DEBUG org.aspectj.weaver.Dump - 14:10:29.732 main > o.a.w.Dump.dumpOnExit o.a.w.t.WeavingAdaptor$WeavingAdaptorMessageHolder@6a6afff2
14:10:29.732 [main] DEBUG org.aspectj.weaver.Dump - 14:10:29.732 main > o.a.w.Dump.shouldDumpOnExit o.a.w.t.WeavingAdaptor$WeavingAdaptorMessageHolder@6a6afff2
14:10:29.732 [main] DEBUG org.aspectj.weaver.Dump - 14:10:29.732 main - o.a.w.Dump.shouldDumpOnExit abort
14:10:29.732 [main] DEBUG org.aspectj.weaver.Dump - 14:10:29.732 main < o.a.w.Dump.shouldDumpOnExit false
14:10:29.732 [main] DEBUG org.aspectj.weaver.Dump - 14:10:29.732 main < o.a.w.Dump.dumpOnExit Excluded
14:10:29.732 [main] DEBUG org.aspectj.weaver.loadtime.Aj - 14:10:29.732 main < o.a.w.l.Aj.preProcess byte[40905]
14:10:29.735 [main] DEBUG org.aspectj.weaver.loadtime.Aj - 14:10:29.735 main > o.a.w.l.Aj.preProcess o.a.w.l.Aj@b9afc07 io/qameta/allure/internal/shadowed/jackson/core/base/ParserBase, byte[24160], j.i.l.ClassLoaders$AppClassLoader@3cd1a2f1
14:10:29.735 [main] DEBUG org.aspectj.weaver.loadtime.Aj - 14:10:29.735 main - o.a.w.l.Aj.preProcess o.a.w.l.Aj@b9afc07 j.i.l.ClassLoaders$PlatformClassLoader@1ad282e0, j.i.l.ClassLoaders$AppClassLoader@3cd1a2f1
14:10:29.736 [main] DEBUG o.a.weaver.tools.WeavingAdaptor - 14:10:29.736 main > o.a.w.t.WeavingAdaptor.weaveClass o.a.w.l.ClassLoaderWeavingAdaptor@140e5a13 io/qameta/allure/internal/shadowed/jackson/core/base/ParserBase, byte[24160]
14:10:29.736 [main] DEBUG org.aspectj.weaver.bcel.BcelWeaver - 14:10:29.736 main > o.a.w.b.BcelWeaver.weave o.a.w.b.BcelWeaver@48524010 o.a.w.t.WeavingAdaptor$WeavingClassFileProvider@29d2d081
14:10:29.737 [main] DEBUG org.aspectj.weaver.bcel.BcelWeaver - 14:10:29.736 main > o.a.w.b.BcelWeaver.weaveAndNotify o.a.w.b.BcelWeaver@48524010 o.a.w.b.UnwovenClassFile@40e4ea87, o.a.w.b.BcelObjectType@58783f6c, o.a.w.t.WeavingAdaptor$WeavingClassFileProvider$1@3a7b503d
14:10:29.740 [main] DEBUG org.aspectj.weaver.bcel.BcelWorld - 14:10:29.739 main - o.a.w.b.BcelWorld.lookupJavaClass o.a.w.l.LTWWorld@2b4a2ec7 io.qameta.allure.internal.shadowed.jackson.core.json.JsonReadContext, o.a.a.b.c.JavaClass@1bc53649
14:10:29.740 [main] DEBUG org.aspectj.weaver.bcel.BcelWorld - 14:10:29.740 main - o.a.w.b.BcelWorld.lookupJavaClass o.a.w.l.LTWWorld@2b4a2ec7 java.lang.Number, o.a.a.b.c.JavaClass@266374ef
14:10:29.740 [main] DEBUG org.aspectj.weaver.bcel.BcelWorld - 14:10:29.740 main - o.a.w.b.BcelWorld.lookupJavaClass o.a.w.l.LTWWorld@2b4a2ec7 io.qameta.allure.internal.shadowed.jackson.core.JsonParser$NumberType, o.a.a.b.c.JavaClass@5bda80bf
14:10:29.741 [main] DEBUG org.aspectj.weaver.bcel.BcelWorld - 14:10:29.741 main - o.a.w.b.BcelWorld.lookupJavaClass o.a.w.l.LTWWorld@2b4a2ec7 java.math.BigInteger, o.a.a.b.c.JavaClass@13b3d178
14:10:29.741 [main] DEBUG org.aspectj.weaver.bcel.BcelWorld - 14:10:29.741 main - o.a.w.b.BcelWorld.lookupJavaClass o.a.w.l.LTWWorld@2b4a2ec7 java.math.BigDecimal, o.a.a.b.c.JavaClass@62833051
14:10:29.741 [main] DEBUG org.aspectj.weaver.bcel.BcelWorld - 14:10:29.741 main - o.a.w.b.BcelWorld.lookupJavaClass o.a.w.l.LTWWorld@2b4a2ec7 io.qameta.allure.internal.shadowed.jackson.core.io.ContentReference, o.a.a.b.c.JavaClass@62e6b5c8
14:10:29.741 [main] DEBUG org.aspectj.weaver.bcel.BcelWeaver - 14:10:29.741 main < o.a.w.b.BcelWeaver.weaveAndNotify
14:10:29.741 [main] DEBUG org.aspectj.weaver.bcel.BcelWeaver - 14:10:29.741 main < o.a.w.b.BcelWeaver.weave java.util.ArrayList(1)
14:10:29.741 [main] DEBUG o.a.weaver.tools.WeavingAdaptor - 14:10:29.741 main < o.a.w.t.WeavingAdaptor.weaveClass byte[24160]
14:10:29.742 [main] DEBUG org.aspectj.weaver.Dump - 14:10:29.741 main > o.a.w.Dump.dumpOnExit o.a.w.t.WeavingAdaptor$WeavingAdaptorMessageHolder@6a6afff2
14:10:29.742 [main] DEBUG org.aspectj.weaver.Dump - 14:10:29.742 main > o.a.w.Dump.shouldDumpOnExit o.a.w.t.WeavingAdaptor$WeavingAdaptorMessageHolder@6a6afff2
14:10:29.742 [main] DEBUG org.aspectj.weaver.Dump - 14:10:29.742 main - o.a.w.Dump.shouldDumpOnExit abort
14:10:29.742 [main] DEBUG org.aspectj.weaver.Dump - 14:10:29.742 main < o.a.w.Dump.shouldDumpOnExit false
14:10:29.742 [main] DEBUG org.aspectj.weaver.Dump - 14:10:29.742 main < o.a.w.Dump.dumpOnExit Excluded
14:10:29.742 [main] DEBUG org.aspectj.weaver.loadtime.Aj - 14:10:29.742 main < o.a.w.l.Aj.preProcess byte[24160]
14:10:29.745 [main] DEBUG org.aspectj.weaver.loadtime.Aj - 14:10:29.745 main > o.a.w.l.Aj.preProcess o.a.w.l.Aj@b9afc07 io/qameta/allure/internal/shadowed/jackson/core/json/ReaderBasedJsonParser, byte[43234], j.i.l.ClassLoaders$AppClassLoader@3cd1a2f1
14:10:29.745 [main] DEBUG org.aspectj.weaver.loadtime.Aj - 14:10:29.745 main - o.a.w.l.Aj.preProcess o.a.w.l.Aj@b9afc07 j.i.l.ClassLoaders$PlatformClassLoader@1ad282e0, j.i.l.ClassLoaders$AppClassLoader@3cd1a2f1
14:10:29.745 [main] DEBUG o.a.weaver.tools.WeavingAdaptor - 14:10:29.745 main > o.a.w.t.WeavingAdaptor.weaveClass o.a.w.l.ClassLoaderWeavingAdaptor@140e5a13 io/qameta/allure/internal/shadowed/jackson/core/json/ReaderBasedJsonParser, byte[43234]
14:10:29.747 [main] DEBUG org.aspectj.weaver.bcel.BcelWeaver - 14:10:29.746 main > o.a.w.b.BcelWeaver.weave o.a.w.b.BcelWeaver@48524010 o.a.w.t.WeavingAdaptor$WeavingClassFileProvider@751e664e
14:10:29.747 [main] DEBUG org.aspectj.weaver.bcel.BcelWeaver - 14:10:29.747 main > o.a.w.b.BcelWeaver.weaveAndNotify o.a.w.b.BcelWeaver@48524010 o.a.w.b.UnwovenClassFile@160c3ec1, o.a.w.b.BcelObjectType@182b435b, o.a.w.t.WeavingAdaptor$WeavingClassFileProvider$1@4d0402b
14:10:29.750 [main] DEBUG org.aspectj.weaver.bcel.BcelWeaver - 14:10:29.750 main < o.a.w.b.BcelWeaver.weaveAndNotify
14:10:29.750 [main] DEBUG org.aspectj.weaver.bcel.BcelWeaver - 14:10:29.750 main < o.a.w.b.BcelWeaver.weave java.util.ArrayList(1)
14:10:29.750 [main] DEBUG o.a.weaver.tools.WeavingAdaptor - 14:10:29.750 main < o.a.w.t.WeavingAdaptor.weaveClass byte[43234]
14:10:29.750 [main] DEBUG org.aspectj.weaver.Dump - 14:10:29.750 main > o.a.w.Dump.dumpOnExit o.a.w.t.WeavingAdaptor$WeavingAdaptorMessageHolder@6a6afff2
14:10:29.750 [main] DEBUG org.aspectj.weaver.Dump - 14:10:29.750 main > o.a.w.Dump.shouldDumpOnExit o.a.w.t.WeavingAdaptor$WeavingAdaptorMessageHolder@6a6afff2
14:10:29.751 [main] DEBUG org.aspectj.weaver.Dump - 14:10:29.751 main - o.a.w.Dump.shouldDumpOnExit abort
14:10:29.751 [main] DEBUG org.aspectj.weaver.Dump - 14:10:29.751 main < o.a.w.Dump.shouldDumpOnExit false
14:10:29.751 [main] DEBUG org.aspectj.weaver.Dump - 14:10:29.751 main < o.a.w.Dump.dumpOnExit Excluded
14:10:29.751 [main] DEBUG org.aspectj.weaver.loadtime.Aj - 14:10:29.751 main < o.a.w.l.Aj.preProcess byte[43234]
14:10:29.786 [main] DEBUG org.aspectj.weaver.loadtime.Aj - 14:10:29.786 main > o.a.w.l.Aj.preProcess o.a.w.l.Aj@b9afc07 io/qameta/allure/internal/shadowed/jackson/core/io/UTF8Writer, byte[5874], j.i.l.ClassLoaders$AppClassLoader@3cd1a2f1
14:10:29.786 [main] DEBUG org.aspectj.weaver.loadtime.Aj - 14:10:29.786 main - o.a.w.l.Aj.preProcess o.a.w.l.Aj@b9afc07 j.i.l.ClassLoaders$PlatformClassLoader@1ad282e0, j.i.l.ClassLoaders$AppClassLoader@3cd1a2f1
14:10:29.786 [main] DEBUG o.a.weaver.tools.WeavingAdaptor - 14:10:29.786 main > o.a.w.t.WeavingAdaptor.weaveClass o.a.w.l.ClassLoaderWeavingAdaptor@140e5a13 io/qameta/allure/internal/shadowed/jackson/core/io/UTF8Writer, byte[5874]
14:10:29.786 [main] DEBUG org.aspectj.weaver.bcel.BcelWeaver - 14:10:29.786 main > o.a.w.b.BcelWeaver.weave o.a.w.b.BcelWeaver@48524010 o.a.w.t.WeavingAdaptor$WeavingClassFileProvider@28a2a3e7
14:10:29.787 [main] DEBUG org.aspectj.weaver.bcel.BcelWeaver - 14:10:29.787 main > o.a.w.b.BcelWeaver.weaveAndNotify o.a.w.b.BcelWeaver@48524010 o.a.w.b.UnwovenClassFile@3f2049b6, o.a.w.b.BcelObjectType@10b3df93, o.a.w.t.WeavingAdaptor$WeavingClassFileProvider$1@ea27e34
14:10:29.787 [main] DEBUG org.aspectj.weaver.bcel.BcelWorld - 14:10:29.787 main - o.a.w.b.BcelWorld.lookupJavaClass o.a.w.l.LTWWorld@2b4a2ec7 java.lang.Appendable, o.a.a.b.c.JavaClass@632ceb35
14:10:29.788 [main] DEBUG org.aspectj.weaver.bcel.BcelWeaver - 14:10:29.788 main < o.a.w.b.BcelWeaver.weaveAndNotify
14:10:29.788 [main] DEBUG org.aspectj.weaver.bcel.BcelWeaver - 14:10:29.788 main < o.a.w.b.BcelWeaver.weave java.util.ArrayList(1)
14:10:29.788 [main] DEBUG o.a.weaver.tools.WeavingAdaptor - 14:10:29.788 main < o.a.w.t.WeavingAdaptor.weaveClass byte[5874]
14:10:29.788 [main] DEBUG org.aspectj.weaver.Dump - 14:10:29.788 main > o.a.w.Dump.dumpOnExit o.a.w.t.WeavingAdaptor$WeavingAdaptorMessageHolder@6a6afff2
14:10:29.788 [main] DEBUG org.aspectj.weaver.Dump - 14:10:29.788 main > o.a.w.Dump.shouldDumpOnExit o.a.w.t.WeavingAdaptor$WeavingAdaptorMessageHolder@6a6afff2
14:10:29.788 [main] DEBUG org.aspectj.weaver.Dump - 14:10:29.788 main - o.a.w.Dump.shouldDumpOnExit abort
14:10:29.788 [main] DEBUG org.aspectj.weaver.Dump - 14:10:29.788 main < o.a.w.Dump.shouldDumpOnExit false
14:10:29.788 [main] DEBUG org.aspectj.weaver.Dump - 14:10:29.788 main < o.a.w.Dump.dumpOnExit Excluded
14:10:29.788 [main] DEBUG org.aspectj.weaver.loadtime.Aj - 14:10:29.788 main < o.a.w.l.Aj.preProcess byte[5874]
14:10:29.793 [main] DEBUG org.aspectj.weaver.loadtime.Aj - 14:10:29.792 main > o.a.w.l.Aj.preProcess o.a.w.l.Aj@b9afc07 io/qameta/allure/internal/shadowed/jackson/core/json/WriterBasedJsonGenerator, byte[30689], j.i.l.ClassLoaders$AppClassLoader@3cd1a2f1
14:10:29.793 [main] DEBUG org.aspectj.weaver.loadtime.Aj - 14:10:29.793 main - o.a.w.l.Aj.preProcess o.a.w.l.Aj@b9afc07 j.i.l.ClassLoaders$PlatformClassLoader@1ad282e0, j.i.l.ClassLoaders$AppClassLoader@3cd1a2f1
14:10:29.793 [main] DEBUG o.a.weaver.tools.WeavingAdaptor - 14:10:29.793 main > o.a.w.t.WeavingAdaptor.weaveClass o.a.w.l.ClassLoaderWeavingAdaptor@140e5a13 io/qameta/allure/internal/shadowed/jackson/core/json/WriterBasedJsonGenerator, byte[30689]
14:10:29.793 [main] DEBUG org.aspectj.weaver.bcel.BcelWeaver - 14:10:29.793 main > o.a.w.b.BcelWeaver.weave o.a.w.b.BcelWeaver@48524010 o.a.w.t.WeavingAdaptor$WeavingClassFileProvider@3c321bdb
14:10:29.795 [main] DEBUG org.aspectj.weaver.bcel.BcelWorld - 14:10:29.795 main - o.a.w.b.BcelWorld.lookupJavaClass o.a.w.l.LTWWorld@2b4a2ec7 io.qameta.allure.internal.shadowed.jackson.core.json.JsonGeneratorImpl, o.a.a.b.c.JavaClass@4d4d8fcf
14:10:29.795 [main] DEBUG org.aspectj.weaver.bcel.BcelWeaver - 14:10:29.795 main > o.a.w.b.BcelWeaver.weaveAndNotify o.a.w.b.BcelWeaver@48524010 o.a.w.b.UnwovenClassFile@610db97e, o.a.w.b.BcelObjectType@6f0628de, o.a.w.t.WeavingAdaptor$WeavingClassFileProvider$1@3fabf088
14:10:29.797 [main] DEBUG org.aspectj.weaver.bcel.BcelWorld - 14:10:29.797 main - o.a.w.b.BcelWorld.lookupJavaClass o.a.w.l.LTWWorld@2b4a2ec7 io.qameta.allure.internal.shadowed.jackson.core.base.GeneratorBase, o.a.a.b.c.JavaClass@4ced35ed
14:10:29.797 [main] DEBUG org.aspectj.weaver.bcel.BcelWorld - 14:10:29.797 main - o.a.w.b.BcelWorld.lookupJavaClass o.a.w.l.LTWWorld@2b4a2ec7 io.qameta.allure.internal.shadowed.jackson.core.JsonGenerator, o.a.a.b.c.JavaClass@1a9c38eb
14:10:29.798 [main] DEBUG org.aspectj.weaver.bcel.BcelWorld - 14:10:29.798 main - o.a.w.b.BcelWorld.lookupJavaClass o.a.w.l.LTWWorld@2b4a2ec7 java.io.Reader, o.a.a.b.c.JavaClass@2e61d218
14:10:29.798 [main] DEBUG org.aspectj.weaver.bcel.BcelWorld - 14:10:29.798 main - o.a.w.b.BcelWorld.lookupJavaClass o.a.w.l.LTWWorld@2b4a2ec7 java.io.InputStream, o.a.a.b.c.JavaClass@52102734
14:10:29.799 [main] DEBUG org.aspectj.weaver.bcel.BcelWeaver - 14:10:29.799 main < o.a.w.b.BcelWeaver.weaveAndNotify
14:10:29.799 [main] DEBUG org.aspectj.weaver.bcel.BcelWeaver - 14:10:29.799 main < o.a.w.b.BcelWeaver.weave java.util.ArrayList(1)
14:10:29.799 [main] DEBUG o.a.weaver.tools.WeavingAdaptor - 14:10:29.799 main < o.a.w.t.WeavingAdaptor.weaveClass byte[30689]
14:10:29.799 [main] DEBUG org.aspectj.weaver.Dump - 14:10:29.799 main > o.a.w.Dump.dumpOnExit o.a.w.t.WeavingAdaptor$WeavingAdaptorMessageHolder@6a6afff2
14:10:29.799 [main] DEBUG org.aspectj.weaver.Dump - 14:10:29.799 main > o.a.w.Dump.shouldDumpOnExit o.a.w.t.WeavingAdaptor$WeavingAdaptorMessageHolder@6a6afff2
14:10:29.799 [main] DEBUG org.aspectj.weaver.Dump - 14:10:29.799 main - o.a.w.Dump.shouldDumpOnExit abort
14:10:29.799 [main] DEBUG org.aspectj.weaver.Dump - 14:10:29.799 main < o.a.w.Dump.shouldDumpOnExit false
14:10:29.799 [main] DEBUG org.aspectj.weaver.Dump - 14:10:29.799 main < o.a.w.Dump.dumpOnExit Excluded
14:10:29.799 [main] DEBUG org.aspectj.weaver.loadtime.Aj - 14:10:29.799 main < o.a.w.l.Aj.preProcess byte[30689]
14:10:29.802 [main] DEBUG org.aspectj.weaver.loadtime.Aj - 14:10:29.802 main > o.a.w.l.Aj.preProcess o.a.w.l.Aj@b9afc07 io/qameta/allure/internal/shadowed/jackson/core/json/JsonGeneratorImpl, byte[6449], j.i.l.ClassLoaders$AppClassLoader@3cd1a2f1
14:10:29.802 [main] DEBUG org.aspectj.weaver.loadtime.Aj - 14:10:29.802 main - o.a.w.l.Aj.preProcess o.a.w.l.Aj@b9afc07 j.i.l.ClassLoaders$PlatformClassLoader@1ad282e0, j.i.l.ClassLoaders$AppClassLoader@3cd1a2f1
14:10:29.802 [main] DEBUG o.a.weaver.tools.WeavingAdaptor - 14:10:29.802 main > o.a.w.t.WeavingAdaptor.weaveClass o.a.w.l.ClassLoaderWeavingAdaptor@140e5a13 io/qameta/allure/internal/shadowed/jackson/core/json/JsonGeneratorImpl, byte[6449]
14:10:29.802 [main] DEBUG org.aspectj.weaver.bcel.BcelWeaver - 14:10:29.802 main > o.a.w.b.BcelWeaver.weave o.a.w.b.BcelWeaver@48524010 o.a.w.t.WeavingAdaptor$WeavingClassFileProvider@27dc79f7
14:10:29.802 [main] DEBUG org.aspectj.weaver.bcel.BcelWeaver - 14:10:29.802 main > o.a.w.b.BcelWeaver.weaveAndNotify o.a.w.b.BcelWeaver@48524010 o.a.w.b.UnwovenClassFile@6b85300e, o.a.w.b.BcelObjectType@3aaf4f07, o.a.w.t.WeavingAdaptor$WeavingClassFileProvider$1@5cbf9e9f
14:10:29.803 [main] DEBUG org.aspectj.weaver.bcel.BcelWeaver - 14:10:29.803 main < o.a.w.b.BcelWeaver.weaveAndNotify
14:10:29.804 [main] DEBUG org.aspectj.weaver.bcel.BcelWeaver - 14:10:29.804 main < o.a.w.b.BcelWeaver.weave java.util.ArrayList(1)
14:10:29.804 [main] DEBUG o.a.weaver.tools.WeavingAdaptor - 14:10:29.804 main < o.a.w.t.WeavingAdaptor.weaveClass byte[6449]
14:10:29.804 [main] DEBUG org.aspectj.weaver.Dump - 14:10:29.804 main > o.a.w.Dump.dumpOnExit o.a.w.t.WeavingAdaptor$WeavingAdaptorMessageHolder@6a6afff2
14:10:29.804 [main] DEBUG org.aspectj.weaver.Dump - 14:10:29.804 main > o.a.w.Dump.shouldDumpOnExit o.a.w.t.WeavingAdaptor$WeavingAdaptorMessageHolder@6a6afff2
14:10:29.804 [main] DEBUG org.aspectj.weaver.Dump - 14:10:29.804 main - o.a.w.Dump.shouldDumpOnExit abort
14:10:29.804 [main] DEBUG org.aspectj.weaver.Dump - 14:10:29.804 main < o.a.w.Dump.shouldDumpOnExit false
14:10:29.804 [main] DEBUG org.aspectj.weaver.Dump - 14:10:29.804 main < o.a.w.Dump.dumpOnExit Excluded
14:10:29.804 [main] DEBUG org.aspectj.weaver.loadtime.Aj - 14:10:29.804 main < o.a.w.l.Aj.preProcess byte[6449]
14:10:29.807 [main] DEBUG org.aspectj.weaver.loadtime.Aj - 14:10:29.807 main > o.a.w.l.Aj.preProcess o.a.w.l.Aj@b9afc07 io/qameta/allure/internal/shadowed/jackson/core/base/GeneratorBase, byte[10340], j.i.l.ClassLoaders$AppClassLoader@3cd1a2f1
14:10:29.811 [main] DEBUG org.aspectj.weaver.loadtime.Aj - 14:10:29.807 main - o.a.w.l.Aj.preProcess o.a.w.l.Aj@b9afc07 j.i.l.ClassLoaders$PlatformClassLoader@1ad282e0, j.i.l.ClassLoaders$AppClassLoader@3cd1a2f1
14:10:29.811 [main] DEBUG o.a.weaver.tools.WeavingAdaptor - 14:10:29.811 main > o.a.w.t.WeavingAdaptor.weaveClass o.a.w.l.ClassLoaderWeavingAdaptor@140e5a13 io/qameta/allure/internal/shadowed/jackson/core/base/GeneratorBase, byte[10340]
14:10:29.812 [main] DEBUG org.aspectj.weaver.bcel.BcelWeaver - 14:10:29.812 main > o.a.w.b.BcelWeaver.weave o.a.w.b.BcelWeaver@48524010 o.a.w.t.WeavingAdaptor$WeavingClassFileProvider@6058e535
14:10:29.812 [main] DEBUG org.aspectj.weaver.bcel.BcelWeaver - 14:10:29.812 main > o.a.w.b.BcelWeaver.weaveAndNotify o.a.w.b.BcelWeaver@48524010 o.a.w.b.UnwovenClassFile@42deb43a, o.a.w.b.BcelObjectType@1deb2c43, o.a.w.t.WeavingAdaptor$WeavingClassFileProvider$1@3bb9efbc
14:10:29.813 [main] DEBUG org.aspectj.weaver.bcel.BcelWorld - 14:10:29.813 main - o.a.w.b.BcelWorld.lookupJavaClass o.a.w.l.LTWWorld@2b4a2ec7 io.qameta.allure.internal.shadowed.jackson.core.JsonStreamContext, o.a.a.b.c.JavaClass@60b71e8f
14:10:29.813 [main] DEBUG org.aspectj.weaver.bcel.BcelWorld - 14:10:29.813 main - o.a.w.b.BcelWorld.lookupJavaClass o.a.w.l.LTWWorld@2b4a2ec7 io.qameta.allure.internal.shadowed.jackson.core.TreeNode, o.a.a.b.c.JavaClass@13f17eb4
14:10:29.813 [main] DEBUG org.aspectj.weaver.bcel.BcelWorld - 14:10:29.813 main - o.a.w.b.BcelWorld.lookupJavaClass o.a.w.l.LTWWorld@2b4a2ec7 io.qameta.allure.internal.shadowed.jackson.core.PrettyPrinter, o.a.a.b.c.JavaClass@7e276594
14:10:29.813 [main] DEBUG org.aspectj.weaver.bcel.BcelWeaver - 14:10:29.813 main < o.a.w.b.BcelWeaver.weaveAndNotify
14:10:29.813 [main] DEBUG org.aspectj.weaver.bcel.BcelWeaver - 14:10:29.813 main < o.a.w.b.BcelWeaver.weave java.util.ArrayList(1)
14:10:29.813 [main] DEBUG o.a.weaver.tools.WeavingAdaptor - 14:10:29.813 main < o.a.w.t.WeavingAdaptor.weaveClass byte[10340]
14:10:29.813 [main] DEBUG org.aspectj.weaver.Dump - 14:10:29.813 main > o.a.w.Dump.dumpOnExit o.a.w.t.WeavingAdaptor$WeavingAdaptorMessageHolder@6a6afff2
14:10:29.813 [main] DEBUG org.aspectj.weaver.Dump - 14:10:29.813 main > o.a.w.Dump.shouldDumpOnExit o.a.w.t.WeavingAdaptor$WeavingAdaptorMessageHolder@6a6afff2
14:10:29.813 [main] DEBUG org.aspectj.weaver.Dump - 14:10:29.813 main - o.a.w.Dump.shouldDumpOnExit abort
14:10:29.813 [main] DEBUG org.aspectj.weaver.Dump - 14:10:29.813 main < o.a.w.Dump.shouldDumpOnExit false
14:10:29.814 [main] DEBUG org.aspectj.weaver.Dump - 14:10:29.814 main < o.a.w.Dump.dumpOnExit Excluded
14:10:29.814 [main] DEBUG org.aspectj.weaver.loadtime.Aj - 14:10:29.814 main < o.a.w.l.Aj.preProcess byte[10340]
14:10:29.817 [main] DEBUG org.aspectj.weaver.loadtime.Aj - 14:10:29.817 main > o.a.w.l.Aj.preProcess o.a.w.l.Aj@b9afc07 io/qameta/allure/internal/shadowed/jackson/core/json/async/NonBlockingJsonParser, byte[38936], j.i.l.ClassLoaders$AppClassLoader@3cd1a2f1
14:10:29.817 [main] DEBUG org.aspectj.weaver.loadtime.Aj - 14:10:29.817 main - o.a.w.l.Aj.preProcess o.a.w.l.Aj@b9afc07 j.i.l.ClassLoaders$PlatformClassLoader@1ad282e0, j.i.l.ClassLoaders$AppClassLoader@3cd1a2f1
14:10:29.818 [main] DEBUG o.a.weaver.tools.WeavingAdaptor - 14:10:29.817 main > o.a.w.t.WeavingAdaptor.weaveClass o.a.w.l.ClassLoaderWeavingAdaptor@140e5a13 io/qameta/allure/internal/shadowed/jackson/core/json/async/NonBlockingJsonParser, byte[38936]
14:10:29.818 [main] DEBUG org.aspectj.weaver.bcel.BcelWeaver - 14:10:29.818 main > o.a.w.b.BcelWeaver.weave o.a.w.b.BcelWeaver@48524010 o.a.w.t.WeavingAdaptor$WeavingClassFileProvider@6ca320ab
14:10:29.821 [main] DEBUG org.aspectj.weaver.bcel.BcelWorld - 14:10:29.821 main - o.a.w.b.BcelWorld.lookupJavaClass o.a.w.l.LTWWorld@2b4a2ec7 io.qameta.allure.internal.shadowed.jackson.core.json.async.NonBlockingJsonParserBase, o.a.a.b.c.JavaClass@7674a051
14:10:29.823 [main] DEBUG org.aspectj.weaver.bcel.BcelWorld - 14:10:29.823 main - o.a.w.b.BcelWorld.lookupJavaClass o.a.w.l.LTWWorld@2b4a2ec7 io.qameta.allure.internal.shadowed.jackson.core.async.ByteArrayFeeder, o.a.a.b.c.JavaClass@619bd14c
14:10:29.823 [main] DEBUG org.aspectj.weaver.bcel.BcelWeaver - 14:10:29.823 main > o.a.w.b.BcelWeaver.weaveAndNotify o.a.w.b.BcelWeaver@48524010 o.a.w.b.UnwovenClassFile@323e8306, o.a.w.b.BcelObjectType@a23a01d, o.a.w.t.WeavingAdaptor$WeavingClassFileProvider$1@4acf72b6
14:10:29.823 [main] DEBUG org.aspectj.weaver.bcel.BcelWorld - 14:10:29.823 main - o.a.w.b.BcelWorld.lookupJavaClass o.a.w.l.LTWWorld@2b4a2ec7 io.qameta.allure.internal.shadowed.jackson.core.async.NonBlockingInputFeeder, o.a.a.b.c.JavaClass@69c79f09
14:10:29.825 [main] DEBUG org.aspectj.weaver.bcel.BcelWeaver - 14:10:29.825 main < o.a.w.b.BcelWeaver.weaveAndNotify
14:10:29.825 [main] DEBUG org.aspectj.weaver.bcel.BcelWeaver - 14:10:29.825 main < o.a.w.b.BcelWeaver.weave java.util.ArrayList(1)
14:10:29.825 [main] DEBUG o.a.weaver.tools.WeavingAdaptor - 14:10:29.825 main < o.a.w.t.WeavingAdaptor.weaveClass byte[38936]
14:10:29.826 [main] DEBUG org.aspectj.weaver.Dump - 14:10:29.826 main > o.a.w.Dump.dumpOnExit o.a.w.t.WeavingAdaptor$WeavingAdaptorMessageHolder@6a6afff2
14:10:29.826 [main] DEBUG org.aspectj.weaver.Dump - 14:10:29.826 main > o.a.w.Dump.shouldDumpOnExit o.a.w.t.WeavingAdaptor$WeavingAdaptorMessageHolder@6a6afff2
14:10:29.826 [main] DEBUG org.aspectj.weaver.Dump - 14:10:29.826 main - o.a.w.Dump.shouldDumpOnExit abort
14:10:29.826 [main] DEBUG org.aspectj.weaver.Dump - 14:10:29.826 main < o.a.w.Dump.shouldDumpOnExit false
14:10:29.826 [main] DEBUG org.aspectj.weaver.Dump - 14:10:29.826 main < o.a.w.Dump.dumpOnExit Excluded
14:10:29.826 [main] DEBUG org.aspectj.weaver.loadtime.Aj - 14:10:29.826 main < o.a.w.l.Aj.preProcess byte[38936]
14:10:29.828 [main] DEBUG org.aspectj.weaver.loadtime.Aj - 14:10:29.828 main > o.a.w.l.Aj.preProcess o.a.w.l.Aj@b9afc07 io/qameta/allure/internal/shadowed/jackson/core/async/ByteArrayFeeder, byte[327], j.i.l.ClassLoaders$AppClassLoader@3cd1a2f1
14:10:29.828 [main] DEBUG org.aspectj.weaver.loadtime.Aj - 14:10:29.828 main - o.a.w.l.Aj.preProcess o.a.w.l.Aj@b9afc07 j.i.l.ClassLoaders$PlatformClassLoader@1ad282e0, j.i.l.ClassLoaders$AppClassLoader@3cd1a2f1
14:10:29.828 [main] DEBUG o.a.weaver.tools.WeavingAdaptor - 14:10:29.828 main > o.a.w.t.WeavingAdaptor.weaveClass o.a.w.l.ClassLoaderWeavingAdaptor@140e5a13 io/qameta/allure/internal/shadowed/jackson/core/async/ByteArrayFeeder, byte[327]
14:10:29.828 [main] DEBUG org.aspectj.weaver.bcel.BcelWeaver - 14:10:29.828 main > o.a.w.b.BcelWeaver.weave o.a.w.b.BcelWeaver@48524010 o.a.w.t.WeavingAdaptor$WeavingClassFileProvider@6e9c413e
14:10:29.828 [main] DEBUG org.aspectj.weaver.bcel.BcelWeaver - 14:10:29.828 main > o.a.w.b.BcelWeaver.weaveAndNotify o.a.w.b.BcelWeaver@48524010 o.a.w.b.UnwovenClassFile@57a4d5ee, o.a.w.b.BcelObjectType@5af5def9, o.a.w.t.WeavingAdaptor$WeavingClassFileProvider$1@3a45c42a
14:10:29.829 [main] DEBUG org.aspectj.weaver.bcel.BcelWeaver - 14:10:29.829 main < o.a.w.b.BcelWeaver.weaveAndNotify
14:10:29.829 [main] DEBUG org.aspectj.weaver.bcel.BcelWeaver - 14:10:29.829 main < o.a.w.b.BcelWeaver.weave java.util.ArrayList(1)
14:10:29.829 [main] DEBUG o.a.weaver.tools.WeavingAdaptor - 14:10:29.829 main < o.a.w.t.WeavingAdaptor.weaveClass byte[327]
14:10:29.829 [main] DEBUG org.aspectj.weaver.Dump - 14:10:29.829 main > o.a.w.Dump.dumpOnExit o.a.w.t.WeavingAdaptor$WeavingAdaptorMessageHolder@6a6afff2
14:10:29.829 [main] DEBUG org.aspectj.weaver.Dump - 14:10:29.829 main > o.a.w.Dump.shouldDumpOnExit o.a.w.t.WeavingAdaptor$WeavingAdaptorMessageHolder@6a6afff2
14:10:29.829 [main] DEBUG org.aspectj.weaver.Dump - 14:10:29.829 main - o.a.w.Dump.shouldDumpOnExit abort
14:10:29.829 [main] DEBUG org.aspectj.weaver.Dump - 14:10:29.829 main < o.a.w.Dump.shouldDumpOnExit false
14:10:29.829 [main] DEBUG org.aspectj.weaver.Dump - 14:10:29.829 main < o.a.w.Dump.dumpOnExit Excluded
14:10:29.829 [main] DEBUG org.aspectj.weaver.loadtime.Aj - 14:10:29.829 main < o.a.w.l.Aj.preProcess byte[327]
14:10:29.830 [main] DEBUG org.aspectj.weaver.loadtime.Aj - 14:10:29.830 main > o.a.w.l.Aj.preProcess o.a.w.l.Aj@b9afc07 io/qameta/allure/internal/shadowed/jackson/core/async/NonBlockingInputFeeder, byte[236], j.i.l.ClassLoaders$AppClassLoader@3cd1a2f1
14:10:29.830 [main] DEBUG org.aspectj.weaver.loadtime.Aj - 14:10:29.830 main - o.a.w.l.Aj.preProcess o.a.w.l.Aj@b9afc07 j.i.l.ClassLoaders$PlatformClassLoader@1ad282e0, j.i.l.ClassLoaders$AppClassLoader@3cd1a2f1
14:10:29.831 [main] DEBUG o.a.weaver.tools.WeavingAdaptor - 14:10:29.831 main > o.a.w.t.WeavingAdaptor.weaveClass o.a.w.l.ClassLoaderWeavingAdaptor@140e5a13 io/qameta/allure/internal/shadowed/jackson/core/async/NonBlockingInputFeeder, byte[236]
14:10:29.831 [main] DEBUG org.aspectj.weaver.bcel.BcelWeaver - 14:10:29.831 main > o.a.w.b.BcelWeaver.weave o.a.w.b.BcelWeaver@48524010 o.a.w.t.WeavingAdaptor$WeavingClassFileProvider@27a0a5a2
14:10:29.831 [main] DEBUG org.aspectj.weaver.bcel.BcelWeaver - 14:10:29.831 main > o.a.w.b.BcelWeaver.weaveAndNotify o.a.w.b.BcelWeaver@48524010 o.a.w.b.UnwovenClassFile@7692cd34, o.a.w.b.BcelObjectType@33aa93c, o.a.w.t.WeavingAdaptor$WeavingClassFileProvider$1@32c0915e
14:10:29.832 [main] DEBUG org.aspectj.weaver.bcel.BcelWeaver - 14:10:29.832 main < o.a.w.b.BcelWeaver.weaveAndNotify
14:10:29.832 [main] DEBUG org.aspectj.weaver.bcel.BcelWeaver - 14:10:29.832 main < o.a.w.b.BcelWeaver.weave java.util.ArrayList(1)
14:10:29.832 [main] DEBUG o.a.weaver.tools.WeavingAdaptor - 14:10:29.832 main < o.a.w.t.WeavingAdaptor.weaveClass byte[236]
14:10:29.832 [main] DEBUG org.aspectj.weaver.Dump - 14:10:29.832 main > o.a.w.Dump.dumpOnExit o.a.w.t.WeavingAdaptor$WeavingAdaptorMessageHolder@6a6afff2
14:10:29.832 [main] DEBUG org.aspectj.weaver.Dump - 14:10:29.832 main > o.a.w.Dump.shouldDumpOnExit o.a.w.t.WeavingAdaptor$WeavingAdaptorMessageHolder@6a6afff2
14:10:29.832 [main] DEBUG org.aspectj.weaver.Dump - 14:10:29.832 main - o.a.w.Dump.shouldDumpOnExit abort
14:10:29.832 [main] DEBUG org.aspectj.weaver.Dump - 14:10:29.832 main < o.a.w.Dump.shouldDumpOnExit false
14:10:29.832 [main] DEBUG org.aspectj.weaver.Dump - 14:10:29.832 main < o.a.w.Dump.dumpOnExit Excluded
14:10:29.832 [main] DEBUG org.aspectj.weaver.loadtime.Aj - 14:10:29.832 main < o.a.w.l.Aj.preProcess byte[236]
14:10:29.835 [main] DEBUG org.aspectj.weaver.loadtime.Aj - 14:10:29.835 main > o.a.w.l.Aj.preProcess o.a.w.l.Aj@b9afc07 io/qameta/allure/internal/shadowed/jackson/core/json/async/NonBlockingJsonParserBase, byte[17977], j.i.l.ClassLoaders$AppClassLoader@3cd1a2f1
14:10:29.835 [main] DEBUG org.aspectj.weaver.loadtime.Aj - 14:10:29.835 main - o.a.w.l.Aj.preProcess o.a.w.l.Aj@b9afc07 j.i.l.ClassLoaders$PlatformClassLoader@1ad282e0, j.i.l.ClassLoaders$AppClassLoader@3cd1a2f1
14:10:29.835 [main] DEBUG o.a.weaver.tools.WeavingAdaptor - 14:10:29.835 main > o.a.w.t.WeavingAdaptor.weaveClass o.a.w.l.ClassLoaderWeavingAdaptor@140e5a13 io/qameta/allure/internal/shadowed/jackson/core/json/async/NonBlockingJsonParserBase, byte[17977]
14:10:29.836 [main] DEBUG org.aspectj.weaver.bcel.BcelWeaver - 14:10:29.836 main > o.a.w.b.BcelWeaver.weave o.a.w.b.BcelWeaver@48524010 o.a.w.t.WeavingAdaptor$WeavingClassFileProvider@10ad20cb
14:10:29.836 [main] DEBUG org.aspectj.weaver.bcel.BcelWeaver - 14:10:29.836 main > o.a.w.b.BcelWeaver.weaveAndNotify o.a.w.b.BcelWeaver@48524010 o.a.w.b.UnwovenClassFile@7dd712e8, o.a.w.b.BcelObjectType@2c282004, o.a.w.t.WeavingAdaptor$WeavingClassFileProvider$1@22ee2d0
14:10:29.839 [main] DEBUG org.aspectj.weaver.bcel.BcelWorld - 14:10:29.839 main - o.a.w.b.BcelWorld.lookupJavaClass o.a.w.l.LTWWorld@2b4a2ec7 io.qameta.allure.internal.shadowed.jackson.core.sym.ByteQuadsCanonicalizer, o.a.a.b.c.JavaClass@26f143ed
14:10:29.840 [main] DEBUG org.aspectj.weaver.bcel.BcelWeaver - 14:10:29.840 main < o.a.w.b.BcelWeaver.weaveAndNotify
14:10:29.840 [main] DEBUG org.aspectj.weaver.bcel.BcelWeaver - 14:10:29.840 main < o.a.w.b.BcelWeaver.weave java.util.ArrayList(1)
14:10:29.841 [main] DEBUG o.a.weaver.tools.WeavingAdaptor - 14:10:29.840 main < o.a.w.t.WeavingAdaptor.weaveClass byte[17977]
14:10:29.841 [main] DEBUG org.aspectj.weaver.Dump - 14:10:29.841 main > o.a.w.Dump.dumpOnExit o.a.w.t.WeavingAdaptor$WeavingAdaptorMessageHolder@6a6afff2
14:10:29.841 [main] DEBUG org.aspectj.weaver.Dump - 14:10:29.841 main > o.a.w.Dump.shouldDumpOnExit o.a.w.t.WeavingAdaptor$WeavingAdaptorMessageHolder@6a6afff2
14:10:29.841 [main] DEBUG org.aspectj.weaver.Dump - 14:10:29.841 main - o.a.w.Dump.shouldDumpOnExit abort
14:10:29.841 [main] DEBUG org.aspectj.weaver.Dump - 14:10:29.841 main < o.a.w.Dump.shouldDumpOnExit false
14:10:29.841 [main] DEBUG org.aspectj.weaver.Dump - 14:10:29.841 main < o.a.w.Dump.dumpOnExit Excluded
14:10:29.841 [main] DEBUG org.aspectj.weaver.loadtime.Aj - 14:10:29.841 main < o.a.w.l.Aj.preProcess byte[17977]
14:10:29.845 [main] DEBUG org.aspectj.weaver.loadtime.Aj - 14:10:29.845 main > o.a.w.l.Aj.preProcess o.a.w.l.Aj@b9afc07 io/qameta/allure/internal/shadowed/jackson/core/json/UTF8JsonGenerator, byte[34374], j.i.l.ClassLoaders$AppClassLoader@3cd1a2f1
14:10:29.845 [main] DEBUG org.aspectj.weaver.loadtime.Aj - 14:10:29.845 main - o.a.w.l.Aj.preProcess o.a.w.l.Aj@b9afc07 j.i.l.ClassLoaders$PlatformClassLoader@1ad282e0, j.i.l.ClassLoaders$AppClassLoader@3cd1a2f1
14:10:29.845 [main] DEBUG o.a.weaver.tools.WeavingAdaptor - 14:10:29.845 main > o.a.w.t.WeavingAdaptor.weaveClass o.a.w.l.ClassLoaderWeavingAdaptor@140e5a13 io/qameta/allure/internal/shadowed/jackson/core/json/UTF8JsonGenerator, byte[34374]
14:10:29.847 [main] DEBUG org.aspectj.weaver.bcel.BcelWeaver - 14:10:29.846 main > o.a.w.b.BcelWeaver.weave o.a.w.b.BcelWeaver@48524010 o.a.w.t.WeavingAdaptor$WeavingClassFileProvider@54a3ab8f
14:10:29.847 [main] DEBUG org.aspectj.weaver.bcel.BcelWeaver - 14:10:29.847 main > o.a.w.b.BcelWeaver.weaveAndNotify o.a.w.b.BcelWeaver@48524010 o.a.w.b.UnwovenClassFile@1968a49c, o.a.w.b.BcelObjectType@6a1ebcff, o.a.w.t.WeavingAdaptor$WeavingClassFileProvider$1@19868320
14:10:29.850 [main] DEBUG org.aspectj.weaver.bcel.BcelWeaver - 14:10:29.850 main < o.a.w.b.BcelWeaver.weaveAndNotify
14:10:29.850 [main] DEBUG org.aspectj.weaver.bcel.BcelWeaver - 14:10:29.850 main < o.a.w.b.BcelWeaver.weave java.util.ArrayList(1)
14:10:29.850 [main] DEBUG o.a.weaver.tools.WeavingAdaptor - 14:10:29.850 main < o.a.w.t.WeavingAdaptor.weaveClass byte[34374]
14:10:29.850 [main] DEBUG org.aspectj.weaver.Dump - 14:10:29.850 main > o.a.w.Dump.dumpOnExit o.a.w.t.WeavingAdaptor$WeavingAdaptorMessageHolder@6a6afff2
14:10:29.850 [main] DEBUG org.aspectj.weaver.Dump - 14:10:29.850 main > o.a.w.Dump.shouldDumpOnExit o.a.w.t.WeavingAdaptor$WeavingAdaptorMessageHolder@6a6afff2
14:10:29.850 [main] DEBUG org.aspectj.weaver.Dump - 14:10:29.850 main - o.a.w.Dump.shouldDumpOnExit abort
14:10:29.850 [main] DEBUG org.aspectj.weaver.Dump - 14:10:29.850 main < o.a.w.Dump.shouldDumpOnExit false
14:10:29.850 [main] DEBUG org.aspectj.weaver.Dump - 14:10:29.850 main < o.a.w.Dump.dumpOnExit Excluded
14:10:29.850 [main] DEBUG org.aspectj.weaver.loadtime.Aj - 14:10:29.850 main < o.a.w.l.Aj.preProcess byte[34374]
14:10:29.853 [main] DEBUG org.aspectj.weaver.loadtime.Aj - 14:10:29.853 main > o.a.w.l.Aj.preProcess o.a.w.l.Aj@b9afc07 io/qameta/allure/internal/shadowed/jackson/core/JsonFactory$Feature, byte[2297], j.i.l.ClassLoaders$AppClassLoader@3cd1a2f1
14:10:29.854 [main] DEBUG org.aspectj.weaver.loadtime.Aj - 14:10:29.853 main - o.a.w.l.Aj.preProcess o.a.w.l.Aj@b9afc07 j.i.l.ClassLoaders$PlatformClassLoader@1ad282e0, j.i.l.ClassLoaders$AppClassLoader@3cd1a2f1
14:10:29.854 [main] DEBUG o.a.weaver.tools.WeavingAdaptor - 14:10:29.854 main > o.a.w.t.WeavingAdaptor.weaveClass o.a.w.l.ClassLoaderWeavingAdaptor@140e5a13 io/qameta/allure/internal/shadowed/jackson/core/JsonFactory$Feature, byte[2297]
14:10:29.854 [main] DEBUG org.aspectj.weaver.bcel.BcelWeaver - 14:10:29.854 main > o.a.w.b.BcelWeaver.weave o.a.w.b.BcelWeaver@48524010 o.a.w.t.WeavingAdaptor$WeavingClassFileProvider@28fa700e
14:10:29.855 [main] DEBUG org.aspectj.weaver.bcel.BcelWorld - 14:10:29.855 main - o.a.w.b.BcelWorld.lookupJavaClass o.a.w.l.LTWWorld@2b4a2ec7 io.qameta.allure.internal.shadowed.jackson.core.util.JacksonFeature, o.a.a.b.c.JavaClass@6a175569
14:10:29.856 [main] DEBUG org.aspectj.weaver.bcel.BcelWeaver - 14:10:29.855 main > o.a.w.b.BcelWeaver.weaveAndNotify o.a.w.b.BcelWeaver@48524010 o.a.w.b.UnwovenClassFile@11963225, o.a.w.b.BcelObjectType@3f3c966c, o.a.w.t.WeavingAdaptor$WeavingClassFileProvider$1@11ee02f8
14:10:29.856 [main] DEBUG org.aspectj.weaver.bcel.BcelWeaver - 14:10:29.856 main < o.a.w.b.BcelWeaver.weaveAndNotify
14:10:29.856 [main] DEBUG org.aspectj.weaver.bcel.BcelWeaver - 14:10:29.856 main < o.a.w.b.BcelWeaver.weave java.util.ArrayList(1)
14:10:29.857 [main] DEBUG o.a.weaver.tools.WeavingAdaptor - 14:10:29.857 main < o.a.w.t.WeavingAdaptor.weaveClass byte[2297]
14:10:29.857 [main] DEBUG org.aspectj.weaver.Dump - 14:10:29.857 main > o.a.w.Dump.dumpOnExit o.a.w.t.WeavingAdaptor$WeavingAdaptorMessageHolder@6a6afff2
14:10:29.857 [main] DEBUG org.aspectj.weaver.Dump - 14:10:29.857 main > o.a.w.Dump.shouldDumpOnExit o.a.w.t.WeavingAdaptor$WeavingAdaptorMessageHolder@6a6afff2
14:10:29.857 [main] DEBUG org.aspectj.weaver.Dump - 14:10:29.857 main - o.a.w.Dump.shouldDumpOnExit abort
14:10:29.857 [main] DEBUG org.aspectj.weaver.Dump - 14:10:29.857 main < o.a.w.Dump.shouldDumpOnExit false
14:10:29.857 [main] DEBUG org.aspectj.weaver.Dump - 14:10:29.857 main < o.a.w.Dump.dumpOnExit Excluded
14:10:29.857 [main] DEBUG org.aspectj.weaver.loadtime.Aj - 14:10:29.857 main < o.a.w.l.Aj.preProcess byte[2297]
14:10:29.858 [main] DEBUG org.aspectj.weaver.loadtime.Aj - 14:10:29.858 main > o.a.w.l.Aj.preProcess o.a.w.l.Aj@b9afc07 io/qameta/allure/internal/shadowed/jackson/core/util/JacksonFeature, byte[246], j.i.l.ClassLoaders$AppClassLoader@3cd1a2f1
14:10:29.858 [main] DEBUG org.aspectj.weaver.loadtime.Aj - 14:10:29.858 main - o.a.w.l.Aj.preProcess o.a.w.l.Aj@b9afc07 j.i.l.ClassLoaders$PlatformClassLoader@1ad282e0, j.i.l.ClassLoaders$AppClassLoader@3cd1a2f1
14:10:29.858 [main] DEBUG o.a.weaver.tools.WeavingAdaptor - 14:10:29.858 main > o.a.w.t.WeavingAdaptor.weaveClass o.a.w.l.ClassLoaderWeavingAdaptor@140e5a13 io/qameta/allure/internal/shadowed/jackson/core/util/JacksonFeature, byte[246]
14:10:29.858 [main] DEBUG org.aspectj.weaver.bcel.BcelWeaver - 14:10:29.858 main > o.a.w.b.BcelWeaver.weave o.a.w.b.BcelWeaver@48524010 o.a.w.t.WeavingAdaptor$WeavingClassFileProvider@f325091
14:10:29.859 [main] DEBUG org.aspectj.weaver.bcel.BcelWeaver - 14:10:29.859 main > o.a.w.b.BcelWeaver.weaveAndNotify o.a.w.b.BcelWeaver@48524010 o.a.w.b.UnwovenClassFile@437e951d, o.a.w.b.BcelObjectType@77b325b3, o.a.w.t.WeavingAdaptor$WeavingClassFileProvider$1@63a5e46c
14:10:29.859 [main] DEBUG org.aspectj.weaver.bcel.BcelWeaver - 14:10:29.859 main < o.a.w.b.BcelWeaver.weaveAndNotify
14:10:29.859 [main] DEBUG org.aspectj.weaver.bcel.BcelWeaver - 14:10:29.859 main < o.a.w.b.BcelWeaver.weave java.util.ArrayList(1)
14:10:29.859 [main] DEBUG o.a.weaver.tools.WeavingAdaptor - 14:10:29.859 main < o.a.w.t.WeavingAdaptor.weaveClass byte[246]
14:10:29.859 [main] DEBUG org.aspectj.weaver.Dump - 14:10:29.859 main > o.a.w.Dump.dumpOnExit o.a.w.t.WeavingAdaptor$WeavingAdaptorMessageHolder@6a6afff2
14:10:29.859 [main] DEBUG org.aspectj.weaver.Dump - 14:10:29.859 main > o.a.w.Dump.shouldDumpOnExit o.a.w.t.WeavingAdaptor$WeavingAdaptorMessageHolder@6a6afff2
14:10:29.859 [main] DEBUG org.aspectj.weaver.Dump - 14:10:29.859 main - o.a.w.Dump.shouldDumpOnExit abort
14:10:29.859 [main] DEBUG org.aspectj.weaver.Dump - 14:10:29.859 main < o.a.w.Dump.shouldDumpOnExit false
14:10:29.859 [main] DEBUG org.aspectj.weaver.Dump - 14:10:29.859 main < o.a.w.Dump.dumpOnExit Excluded
14:10:29.860 [main] DEBUG org.aspectj.weaver.loadtime.Aj - 14:10:29.860 main < o.a.w.l.Aj.preProcess byte[246]
14:10:29.861 [main] DEBUG org.aspectj.weaver.loadtime.Aj - 14:10:29.861 main > o.a.w.l.Aj.preProcess o.a.w.l.Aj@b9afc07 io/qameta/allure/internal/shadowed/jackson/core/JsonParser$Feature, byte[3187], j.i.l.ClassLoaders$AppClassLoader@3cd1a2f1
14:10:29.861 [main] DEBUG org.aspectj.weaver.loadtime.Aj - 14:10:29.861 main - o.a.w.l.Aj.preProcess o.a.w.l.Aj@b9afc07 j.i.l.ClassLoaders$PlatformClassLoader@1ad282e0, j.i.l.ClassLoaders$AppClassLoader@3cd1a2f1
14:10:29.862 [main] DEBUG o.a.weaver.tools.WeavingAdaptor - 14:10:29.861 main > o.a.w.t.WeavingAdaptor.weaveClass o.a.w.l.ClassLoaderWeavingAdaptor@140e5a13 io/qameta/allure/internal/shadowed/jackson/core/JsonParser$Feature, byte[3187]
14:10:29.862 [main] DEBUG org.aspectj.weaver.bcel.BcelWeaver - 14:10:29.862 main > o.a.w.b.BcelWeaver.weave o.a.w.b.BcelWeaver@48524010 o.a.w.t.WeavingAdaptor$WeavingClassFileProvider@51abf713
14:10:29.862 [main] DEBUG org.aspectj.weaver.bcel.BcelWeaver - 14:10:29.862 main > o.a.w.b.BcelWeaver.weaveAndNotify o.a.w.b.BcelWeaver@48524010 o.a.w.b.UnwovenClassFile@eadb475, o.a.w.b.BcelObjectType@4d4d48a6, o.a.w.t.WeavingAdaptor$WeavingClassFileProvider$1@315df4bb
14:10:29.865 [main] DEBUG org.aspectj.weaver.bcel.BcelWeaver - 14:10:29.865 main < o.a.w.b.BcelWeaver.weaveAndNotify
14:10:29.865 [main] DEBUG org.aspectj.weaver.bcel.BcelWeaver - 14:10:29.865 main < o.a.w.b.BcelWeaver.weave java.util.ArrayList(1)
14:10:29.865 [main] DEBUG o.a.weaver.tools.WeavingAdaptor - 14:10:29.865 main < o.a.w.t.WeavingAdaptor.weaveClass byte[3187]
14:10:29.865 [main] DEBUG org.aspectj.weaver.Dump - 14:10:29.865 main > o.a.w.Dump.dumpOnExit o.a.w.t.WeavingAdaptor$WeavingAdaptorMessageHolder@6a6afff2
14:10:29.865 [main] DEBUG org.aspectj.weaver.Dump - 14:10:29.865 main > o.a.w.Dump.shouldDumpOnExit o.a.w.t.WeavingAdaptor$WeavingAdaptorMessageHolder@6a6afff2
14:10:29.865 [main] DEBUG org.aspectj.weaver.Dump - 14:10:29.865 main - o.a.w.Dump.shouldDumpOnExit abort
14:10:29.866 [main] DEBUG org.aspectj.weaver.Dump - 14:10:29.866 main < o.a.w.Dump.shouldDumpOnExit false
14:10:29.866 [main] DEBUG org.aspectj.weaver.Dump - 14:10:29.866 main < o.a.w.Dump.dumpOnExit Excluded
14:10:29.866 [main] DEBUG org.aspectj.weaver.loadtime.Aj - 14:10:29.866 main < o.a.w.l.Aj.preProcess byte[3187]
14:10:29.867 [main] DEBUG org.aspectj.weaver.loadtime.Aj - 14:10:29.867 main > o.a.w.l.Aj.preProcess o.a.w.l.Aj@b9afc07 io/qameta/allure/internal/shadowed/jackson/core/JsonGenerator$Feature, byte[2756], j.i.l.ClassLoaders$AppClassLoader@3cd1a2f1
14:10:29.867 [main] DEBUG org.aspectj.weaver.loadtime.Aj - 14:10:29.867 main - o.a.w.l.Aj.preProcess o.a.w.l.Aj@b9afc07 j.i.l.ClassLoaders$PlatformClassLoader@1ad282e0, j.i.l.ClassLoaders$AppClassLoader@3cd1a2f1
14:10:29.868 [main] DEBUG o.a.weaver.tools.WeavingAdaptor - 14:10:29.868 main > o.a.w.t.WeavingAdaptor.weaveClass o.a.w.l.ClassLoaderWeavingAdaptor@140e5a13 io/qameta/allure/internal/shadowed/jackson/core/JsonGenerator$Feature, byte[2756]
14:10:29.868 [main] DEBUG org.aspectj.weaver.bcel.BcelWeaver - 14:10:29.868 main > o.a.w.b.BcelWeaver.weave o.a.w.b.BcelWeaver@48524010 o.a.w.t.WeavingAdaptor$WeavingClassFileProvider@2e6ee0bc
14:10:29.868 [main] DEBUG org.aspectj.weaver.bcel.BcelWeaver - 14:10:29.868 main > o.a.w.b.BcelWeaver.weaveAndNotify o.a.w.b.BcelWeaver@48524010 o.a.w.b.UnwovenClassFile@4201a617, o.a.w.b.BcelObjectType@467f77a5, o.a.w.t.WeavingAdaptor$WeavingClassFileProvider$1@1bb9aa43
14:10:29.869 [main] DEBUG org.aspectj.weaver.bcel.BcelWeaver - 14:10:29.869 main < o.a.w.b.BcelWeaver.weaveAndNotify
14:10:29.869 [main] DEBUG org.aspectj.weaver.bcel.BcelWeaver - 14:10:29.869 main < o.a.w.b.BcelWeaver.weave java.util.ArrayList(1)
14:10:29.869 [main] DEBUG o.a.weaver.tools.WeavingAdaptor - 14:10:29.869 main < o.a.w.t.WeavingAdaptor.weaveClass byte[2756]
14:10:29.869 [main] DEBUG org.aspectj.weaver.Dump - 14:10:29.869 main > o.a.w.Dump.dumpOnExit o.a.w.t.WeavingAdaptor$WeavingAdaptorMessageHolder@6a6afff2
14:10:29.869 [main] DEBUG org.aspectj.weaver.Dump - 14:10:29.869 main > o.a.w.Dump.shouldDumpOnExit o.a.w.t.WeavingAdaptor$WeavingAdaptorMessageHolder@6a6afff2
14:10:29.869 [main] DEBUG org.aspectj.weaver.Dump - 14:10:29.869 main - o.a.w.Dump.shouldDumpOnExit abort
14:10:29.869 [main] DEBUG org.aspectj.weaver.Dump - 14:10:29.869 main < o.a.w.Dump.shouldDumpOnExit false
14:10:29.869 [main] DEBUG org.aspectj.weaver.Dump - 14:10:29.869 main < o.a.w.Dump.dumpOnExit Excluded
14:10:29.869 [main] DEBUG org.aspectj.weaver.loadtime.Aj - 14:10:29.869 main < o.a.w.l.Aj.preProcess byte[2756]
14:10:29.876 [main] DEBUG org.aspectj.weaver.loadtime.Aj - 14:10:29.876 main > o.a.w.l.Aj.preProcess o.a.w.l.Aj@b9afc07 io/qameta/allure/internal/shadowed/jackson/core/util/DefaultPrettyPrinter, byte[8406], j.i.l.ClassLoaders$AppClassLoader@3cd1a2f1
14:10:29.876 [main] DEBUG org.aspectj.weaver.loadtime.Aj - 14:10:29.876 main - o.a.w.l.Aj.preProcess o.a.w.l.Aj@b9afc07 j.i.l.ClassLoaders$PlatformClassLoader@1ad282e0, j.i.l.ClassLoaders$AppClassLoader@3cd1a2f1
14:10:29.876 [main] DEBUG o.a.weaver.tools.WeavingAdaptor - 14:10:29.876 main > o.a.w.t.WeavingAdaptor.weaveClass o.a.w.l.ClassLoaderWeavingAdaptor@140e5a13 io/qameta/allure/internal/shadowed/jackson/core/util/DefaultPrettyPrinter, byte[8406]
14:10:29.877 [main] DEBUG org.aspectj.weaver.bcel.BcelWeaver - 14:10:29.877 main > o.a.w.b.BcelWeaver.weave o.a.w.b.BcelWeaver@48524010 o.a.w.t.WeavingAdaptor$WeavingClassFileProvider@58cd06cb
14:10:29.878 [main] DEBUG org.aspectj.weaver.bcel.BcelWorld - 14:10:29.878 main - o.a.w.b.BcelWorld.lookupJavaClass o.a.w.l.LTWWorld@2b4a2ec7 io.qameta.allure.internal.shadowed.jackson.core.util.Instantiatable, o.a.a.b.c.JavaClass@3b65e559
14:10:29.878 [main] DEBUG org.aspectj.weaver.bcel.BcelWeaver - 14:10:29.878 main > o.a.w.b.BcelWeaver.weaveAndNotify o.a.w.b.BcelWeaver@48524010 o.a.w.b.UnwovenClassFile@bae47a0, o.a.w.b.BcelObjectType@74a9c4b0, o.a.w.t.WeavingAdaptor$WeavingClassFileProvider$1@85ec632
14:10:29.880 [main] DEBUG org.aspectj.weaver.bcel.BcelWorld - 14:10:29.880 main - o.a.w.b.BcelWorld.lookupJavaClass o.a.w.l.LTWWorld@2b4a2ec7 io.qameta.allure.internal.shadowed.jackson.core.util.DefaultPrettyPrinter$Indenter, o.a.a.b.c.JavaClass@79c4715d
14:10:29.882 [main] DEBUG org.aspectj.weaver.bcel.BcelWorld - 14:10:29.882 main - o.a.w.b.BcelWorld.lookupJavaClass o.a.w.l.LTWWorld@2b4a2ec7 io.qameta.allure.internal.shadowed.jackson.core.util.Separators, o.a.a.b.c.JavaClass@e27ba81
14:10:29.886 [main] DEBUG org.aspectj.weaver.bcel.BcelWeaver - 14:10:29.886 main < o.a.w.b.BcelWeaver.weaveAndNotify
14:10:29.887 [main] DEBUG org.aspectj.weaver.bcel.BcelWeaver - 14:10:29.887 main < o.a.w.b.BcelWeaver.weave java.util.ArrayList(1)
14:10:29.887 [main] DEBUG o.a.weaver.tools.WeavingAdaptor - 14:10:29.887 main < o.a.w.t.WeavingAdaptor.weaveClass byte[8406]
14:10:29.887 [main] DEBUG org.aspectj.weaver.Dump - 14:10:29.887 main > o.a.w.Dump.dumpOnExit o.a.w.t.WeavingAdaptor$WeavingAdaptorMessageHolder@6a6afff2
14:10:29.887 [main] DEBUG org.aspectj.weaver.Dump - 14:10:29.887 main > o.a.w.Dump.shouldDumpOnExit o.a.w.t.WeavingAdaptor$WeavingAdaptorMessageHolder@6a6afff2
14:10:29.887 [main] DEBUG org.aspectj.weaver.Dump - 14:10:29.887 main - o.a.w.Dump.shouldDumpOnExit abort
14:10:29.887 [main] DEBUG org.aspectj.weaver.Dump - 14:10:29.887 main < o.a.w.Dump.shouldDumpOnExit false
14:10:29.887 [main] DEBUG org.aspectj.weaver.Dump - 14:10:29.887 main < o.a.w.Dump.dumpOnExit Excluded
14:10:29.887 [main] DEBUG org.aspectj.weaver.loadtime.Aj - 14:10:29.887 main < o.a.w.l.Aj.preProcess byte[8406]
14:10:29.889 [main] DEBUG org.aspectj.weaver.loadtime.Aj - 14:10:29.889 main > o.a.w.l.Aj.preProcess o.a.w.l.Aj@b9afc07 io/qameta/allure/internal/shadowed/jackson/core/PrettyPrinter, byte[1365], j.i.l.ClassLoaders$AppClassLoader@3cd1a2f1
14:10:29.889 [main] DEBUG org.aspectj.weaver.loadtime.Aj - 14:10:29.889 main - o.a.w.l.Aj.preProcess o.a.w.l.Aj@b9afc07 j.i.l.ClassLoaders$PlatformClassLoader@1ad282e0, j.i.l.ClassLoaders$AppClassLoader@3cd1a2f1
14:10:29.889 [main] DEBUG o.a.weaver.tools.WeavingAdaptor - 14:10:29.889 main > o.a.w.t.WeavingAdaptor.weaveClass o.a.w.l.ClassLoaderWeavingAdaptor@140e5a13 io/qameta/allure/internal/shadowed/jackson/core/PrettyPrinter, byte[1365]
14:10:29.893 [main] DEBUG org.aspectj.weaver.bcel.BcelWeaver - 14:10:29.893 main > o.a.w.b.BcelWeaver.weave o.a.w.b.BcelWeaver@48524010 o.a.w.t.WeavingAdaptor$WeavingClassFileProvider@62577d6
14:10:29.894 [main] DEBUG org.aspectj.weaver.bcel.BcelWeaver - 14:10:29.894 main > o.a.w.b.BcelWeaver.weaveAndNotify o.a.w.b.BcelWeaver@48524010 o.a.w.b.UnwovenClassFile@49bd54f7, o.a.w.b.BcelObjectType@6b5f8707, o.a.w.t.WeavingAdaptor$WeavingClassFileProvider$1@772485dd
14:10:29.895 [main] DEBUG org.aspectj.weaver.bcel.BcelWeaver - 14:10:29.895 main < o.a.w.b.BcelWeaver.weaveAndNotify
14:10:29.895 [main] DEBUG org.aspectj.weaver.bcel.BcelWeaver - 14:10:29.895 main < o.a.w.b.BcelWeaver.weave java.util.ArrayList(1)
14:10:29.895 [main] DEBUG o.a.weaver.tools.WeavingAdaptor - 14:10:29.895 main < o.a.w.t.WeavingAdaptor.weaveClass byte[1365]
14:10:29.896 [main] DEBUG org.aspectj.weaver.Dump - 14:10:29.896 main > o.a.w.Dump.dumpOnExit o.a.w.t.WeavingAdaptor$WeavingAdaptorMessageHolder@6a6afff2
14:10:29.896 [main] DEBUG org.aspectj.weaver.Dump - 14:10:29.896 main > o.a.w.Dump.shouldDumpOnExit o.a.w.t.WeavingAdaptor$WeavingAdaptorMessageHolder@6a6afff2
14:10:29.896 [main] DEBUG org.aspectj.weaver.Dump - 14:10:29.896 main - o.a.w.Dump.shouldDumpOnExit abort
14:10:29.896 [main] DEBUG org.aspectj.weaver.Dump - 14:10:29.896 main < o.a.w.Dump.shouldDumpOnExit false
14:10:29.896 [main] DEBUG org.aspectj.weaver.Dump - 14:10:29.896 main < o.a.w.Dump.dumpOnExit Excluded
14:10:29.896 [main] DEBUG org.aspectj.weaver.loadtime.Aj - 14:10:29.896 main < o.a.w.l.Aj.preProcess byte[1365]
14:10:29.897 [main] DEBUG org.aspectj.weaver.loadtime.Aj - 14:10:29.897 main > o.a.w.l.Aj.preProcess o.a.w.l.Aj@b9afc07 io/qameta/allure/internal/shadowed/jackson/core/util/Instantiatable, byte[289], j.i.l.ClassLoaders$AppClassLoader@3cd1a2f1
14:10:29.897 [main] DEBUG org.aspectj.weaver.loadtime.Aj - 14:10:29.897 main - o.a.w.l.Aj.preProcess o.a.w.l.Aj@b9afc07 j.i.l.ClassLoaders$PlatformClassLoader@1ad282e0, j.i.l.ClassLoaders$AppClassLoader@3cd1a2f1
14:10:29.897 [main] DEBUG o.a.weaver.tools.WeavingAdaptor - 14:10:29.897 main > o.a.w.t.WeavingAdaptor.weaveClass o.a.w.l.ClassLoaderWeavingAdaptor@140e5a13 io/qameta/allure/internal/shadowed/jackson/core/util/Instantiatable, byte[289]
14:10:29.898 [main] DEBUG org.aspectj.weaver.bcel.BcelWeaver - 14:10:29.897 main > o.a.w.b.BcelWeaver.weave o.a.w.b.BcelWeaver@48524010 o.a.w.t.WeavingAdaptor$WeavingClassFileProvider@3d829787
14:10:29.898 [main] DEBUG org.aspectj.weaver.bcel.BcelWeaver - 14:10:29.898 main > o.a.w.b.BcelWeaver.weaveAndNotify o.a.w.b.BcelWeaver@48524010 o.a.w.b.UnwovenClassFile@71652c98, o.a.w.b.BcelObjectType@51bde877, o.a.w.t.WeavingAdaptor$WeavingClassFileProvider$1@60b85ba1
14:10:29.898 [main] DEBUG org.aspectj.weaver.bcel.BcelWeaver - 14:10:29.898 main < o.a.w.b.BcelWeaver.weaveAndNotify
14:10:29.898 [main] DEBUG org.aspectj.weaver.bcel.BcelWeaver - 14:10:29.898 main < o.a.w.b.BcelWeaver.weave java.util.ArrayList(1)
14:10:29.898 [main] DEBUG o.a.weaver.tools.WeavingAdaptor - 14:10:29.898 main < o.a.w.t.WeavingAdaptor.weaveClass byte[289]
14:10:29.898 [main] DEBUG org.aspectj.weaver.Dump - 14:10:29.898 main > o.a.w.Dump.dumpOnExit o.a.w.t.WeavingAdaptor$WeavingAdaptorMessageHolder@6a6afff2
14:10:29.898 [main] DEBUG org.aspectj.weaver.Dump - 14:10:29.898 main > o.a.w.Dump.shouldDumpOnExit o.a.w.t.WeavingAdaptor$WeavingAdaptorMessageHolder@6a6afff2
14:10:29.898 [main] DEBUG org.aspectj.weaver.Dump - 14:10:29.898 main - o.a.w.Dump.shouldDumpOnExit abort
14:10:29.898 [main] DEBUG org.aspectj.weaver.Dump - 14:10:29.898 main < o.a.w.Dump.shouldDumpOnExit false
14:10:29.898 [main] DEBUG org.aspectj.weaver.Dump - 14:10:29.898 main < o.a.w.Dump.dumpOnExit Excluded
14:10:29.898 [main] DEBUG org.aspectj.weaver.loadtime.Aj - 14:10:29.898 main < o.a.w.l.Aj.preProcess byte[289]
14:10:29.900 [main] DEBUG org.aspectj.weaver.loadtime.Aj - 14:10:29.900 main > o.a.w.l.Aj.preProcess o.a.w.l.Aj@b9afc07 io/qameta/allure/internal/shadowed/jackson/core/util/DefaultPrettyPrinter$Indenter, byte[474], j.i.l.ClassLoaders$AppClassLoader@3cd1a2f1
14:10:29.900 [main] DEBUG org.aspectj.weaver.loadtime.Aj - 14:10:29.900 main - o.a.w.l.Aj.preProcess o.a.w.l.Aj@b9afc07 j.i.l.ClassLoaders$PlatformClassLoader@1ad282e0, j.i.l.ClassLoaders$AppClassLoader@3cd1a2f1
14:10:29.900 [main] DEBUG o.a.weaver.tools.WeavingAdaptor - 14:10:29.900 main > o.a.w.t.WeavingAdaptor.weaveClass o.a.w.l.ClassLoaderWeavingAdaptor@140e5a13 io/qameta/allure/internal/shadowed/jackson/core/util/DefaultPrettyPrinter$Indenter, byte[474]
14:10:29.900 [main] DEBUG org.aspectj.weaver.bcel.BcelWeaver - 14:10:29.900 main > o.a.w.b.BcelWeaver.weave o.a.w.b.BcelWeaver@48524010 o.a.w.t.WeavingAdaptor$WeavingClassFileProvider@1c65121
14:10:29.901 [main] DEBUG org.aspectj.weaver.bcel.BcelWeaver - 14:10:29.900 main > o.a.w.b.BcelWeaver.weaveAndNotify o.a.w.b.BcelWeaver@48524010 o.a.w.b.UnwovenClassFile@159e366, o.a.w.b.BcelObjectType@57dc9128, o.a.w.t.WeavingAdaptor$WeavingClassFileProvider$1@24528a25
14:10:29.901 [main] DEBUG org.aspectj.weaver.bcel.BcelWeaver - 14:10:29.901 main < o.a.w.b.BcelWeaver.weaveAndNotify
14:10:29.901 [main] DEBUG org.aspectj.weaver.bcel.BcelWeaver - 14:10:29.901 main < o.a.w.b.BcelWeaver.weave java.util.ArrayList(1)
14:10:29.901 [main] DEBUG o.a.weaver.tools.WeavingAdaptor - 14:10:29.901 main < o.a.w.t.WeavingAdaptor.weaveClass byte[474]
14:10:29.901 [main] DEBUG org.aspectj.weaver.Dump - 14:10:29.901 main > o.a.w.Dump.dumpOnExit o.a.w.t.WeavingAdaptor$WeavingAdaptorMessageHolder@6a6afff2
14:10:29.901 [main] DEBUG org.aspectj.weaver.Dump - 14:10:29.901 main > o.a.w.Dump.shouldDumpOnExit o.a.w.t.WeavingAdaptor$WeavingAdaptorMessageHolder@6a6afff2
14:10:29.901 [main] DEBUG org.aspectj.weaver.Dump - 14:10:29.901 main - o.a.w.Dump.shouldDumpOnExit abort
14:10:29.901 [main] DEBUG org.aspectj.weaver.Dump - 14:10:29.901 main < o.a.w.Dump.shouldDumpOnExit false
14:10:29.901 [main] DEBUG org.aspectj.weaver.Dump - 14:10:29.901 main < o.a.w.Dump.dumpOnExit Excluded
14:10:29.901 [main] DEBUG org.aspectj.weaver.loadtime.Aj - 14:10:29.901 main < o.a.w.l.Aj.preProcess byte[474]
14:10:29.903 [main] DEBUG org.aspectj.weaver.loadtime.Aj - 14:10:29.903 main > o.a.w.l.Aj.preProcess o.a.w.l.Aj@b9afc07 io/qameta/allure/internal/shadowed/jackson/core/io/SerializedString, byte[5074], j.i.l.ClassLoaders$AppClassLoader@3cd1a2f1
14:10:29.903 [main] DEBUG org.aspectj.weaver.loadtime.Aj - 14:10:29.903 main - o.a.w.l.Aj.preProcess o.a.w.l.Aj@b9afc07 j.i.l.ClassLoaders$PlatformClassLoader@1ad282e0, j.i.l.ClassLoaders$AppClassLoader@3cd1a2f1
14:10:29.903 [main] DEBUG o.a.weaver.tools.WeavingAdaptor - 14:10:29.903 main > o.a.w.t.WeavingAdaptor.weaveClass o.a.w.l.ClassLoaderWeavingAdaptor@140e5a13 io/qameta/allure/internal/shadowed/jackson/core/io/SerializedString, byte[5074]
14:10:29.903 [main] DEBUG org.aspectj.weaver.bcel.BcelWeaver - 14:10:29.903 main > o.a.w.b.BcelWeaver.weave o.a.w.b.BcelWeaver@48524010 o.a.w.t.WeavingAdaptor$WeavingClassFileProvider@5a772895
14:10:29.903 [main] DEBUG org.aspectj.weaver.bcel.BcelWeaver - 14:10:29.903 main > o.a.w.b.BcelWeaver.weaveAndNotify o.a.w.b.BcelWeaver@48524010 o.a.w.b.UnwovenClassFile@39fc6b2c, o.a.w.b.BcelObjectType@704b2127, o.a.w.t.WeavingAdaptor$WeavingClassFileProvider$1@3ee39da0
14:10:29.904 [main] DEBUG org.aspectj.weaver.bcel.BcelWorld - 14:10:29.904 main - o.a.w.b.BcelWorld.lookupJavaClass o.a.w.l.LTWWorld@2b4a2ec7 java.io.ObjectInputStream, o.a.a.b.c.JavaClass@3676ac27
14:10:29.904 [main] DEBUG org.aspectj.weaver.bcel.BcelWorld - 14:10:29.904 main - o.a.w.b.BcelWorld.lookupJavaClass o.a.w.l.LTWWorld@2b4a2ec7 java.io.ObjectOutputStream, o.a.a.b.c.JavaClass@62f87c44
14:10:29.904 [main] DEBUG org.aspectj.weaver.bcel.BcelWorld - 14:10:29.904 main - o.a.w.b.BcelWorld.lookupJavaClass o.a.w.l.LTWWorld@2b4a2ec7 java.nio.ByteBuffer, o.a.a.b.c.JavaClass@4b8d604b
14:10:29.905 [main] DEBUG org.aspectj.weaver.bcel.BcelWeaver - 14:10:29.905 main < o.a.w.b.BcelWeaver.weaveAndNotify
14:10:29.905 [main] DEBUG org.aspectj.weaver.bcel.BcelWeaver - 14:10:29.905 main < o.a.w.b.BcelWeaver.weave java.util.ArrayList(1)
14:10:29.905 [main] DEBUG o.a.weaver.tools.WeavingAdaptor - 14:10:29.905 main < o.a.w.t.WeavingAdaptor.weaveClass byte[5074]
14:10:29.905 [main] DEBUG org.aspectj.weaver.Dump - 14:10:29.905 main > o.a.w.Dump.dumpOnExit o.a.w.t.WeavingAdaptor$WeavingAdaptorMessageHolder@6a6afff2
14:10:29.905 [main] DEBUG org.aspectj.weaver.Dump - 14:10:29.905 main > o.a.w.Dump.shouldDumpOnExit o.a.w.t.WeavingAdaptor$WeavingAdaptorMessageHolder@6a6afff2
14:10:29.905 [main] DEBUG org.aspectj.weaver.Dump - 14:10:29.905 main - o.a.w.Dump.shouldDumpOnExit abort
14:10:29.905 [main] DEBUG org.aspectj.weaver.Dump - 14:10:29.905 main < o.a.w.Dump.shouldDumpOnExit false
14:10:29.905 [main] DEBUG org.aspectj.weaver.Dump - 14:10:29.905 main < o.a.w.Dump.dumpOnExit Excluded
14:10:29.905 [main] DEBUG org.aspectj.weaver.loadtime.Aj - 14:10:29.905 main < o.a.w.l.Aj.preProcess byte[5074]
14:10:29.909 [main] DEBUG org.aspectj.weaver.loadtime.Aj - 14:10:29.909 main > o.a.w.l.Aj.preProcess o.a.w.l.Aj@b9afc07 io/qameta/allure/internal/shadowed/jackson/core/io/JsonStringEncoder, byte[9578], j.i.l.ClassLoaders$AppClassLoader@3cd1a2f1
14:10:29.909 [main] DEBUG org.aspectj.weaver.loadtime.Aj - 14:10:29.909 main - o.a.w.l.Aj.preProcess o.a.w.l.Aj@b9afc07 j.i.l.ClassLoaders$PlatformClassLoader@1ad282e0, j.i.l.ClassLoaders$AppClassLoader@3cd1a2f1
14:10:29.909 [main] DEBUG o.a.weaver.tools.WeavingAdaptor - 14:10:29.909 main > o.a.w.t.WeavingAdaptor.weaveClass o.a.w.l.ClassLoaderWeavingAdaptor@140e5a13 io/qameta/allure/internal/shadowed/jackson/core/io/JsonStringEncoder, byte[9578]
14:10:29.909 [main] DEBUG org.aspectj.weaver.bcel.BcelWeaver - 14:10:29.909 main > o.a.w.b.BcelWeaver.weave o.a.w.b.BcelWeaver@48524010 o.a.w.t.WeavingAdaptor$WeavingClassFileProvider@3b718392
14:10:29.912 [main] DEBUG org.aspectj.weaver.bcel.BcelWeaver - 14:10:29.912 main > o.a.w.b.BcelWeaver.weaveAndNotify o.a.w.b.BcelWeaver@48524010 o.a.w.b.UnwovenClassFile@6d2260db, o.a.w.b.BcelObjectType@1f2d2181, o.a.w.t.WeavingAdaptor$WeavingClassFileProvider$1@49bf29c6
14:10:29.913 [main] DEBUG org.aspectj.weaver.bcel.BcelWorld - 14:10:29.913 main - o.a.w.b.BcelWorld.lookupJavaClass o.a.w.l.LTWWorld@2b4a2ec7 java.lang.CharSequence, o.a.a.b.c.JavaClass@1458ed9c
14:10:29.914 [main] DEBUG org.aspectj.weaver.bcel.BcelWeaver - 14:10:29.913 main < o.a.w.b.BcelWeaver.weaveAndNotify
14:10:29.914 [main] DEBUG org.aspectj.weaver.bcel.BcelWeaver - 14:10:29.914 main < o.a.w.b.BcelWeaver.weave java.util.ArrayList(1)
14:10:29.914 [main] DEBUG o.a.weaver.tools.WeavingAdaptor - 14:10:29.914 main < o.a.w.t.WeavingAdaptor.weaveClass byte[9578]
14:10:29.914 [main] DEBUG org.aspectj.weaver.Dump - 14:10:29.914 main > o.a.w.Dump.dumpOnExit o.a.w.t.WeavingAdaptor$WeavingAdaptorMessageHolder@6a6afff2
14:10:29.914 [main] DEBUG org.aspectj.weaver.Dump - 14:10:29.914 main > o.a.w.Dump.shouldDumpOnExit o.a.w.t.WeavingAdaptor$WeavingAdaptorMessageHolder@6a6afff2
14:10:29.914 [main] DEBUG org.aspectj.weaver.Dump - 14:10:29.914 main - o.a.w.Dump.shouldDumpOnExit abort
14:10:29.914 [main] DEBUG org.aspectj.weaver.Dump - 14:10:29.914 main < o.a.w.Dump.shouldDumpOnExit false
14:10:29.914 [main] DEBUG org.aspectj.weaver.Dump - 14:10:29.914 main < o.a.w.Dump.dumpOnExit Excluded
14:10:29.914 [main] DEBUG org.aspectj.weaver.loadtime.Aj - 14:10:29.914 main < o.a.w.l.Aj.preProcess byte[9578]
14:10:29.917 [main] DEBUG org.aspectj.weaver.loadtime.Aj - 14:10:29.917 main > o.a.w.l.Aj.preProcess o.a.w.l.Aj@b9afc07 io/qameta/allure/internal/shadowed/jackson/core/io/CharTypes, byte[4113], j.i.l.ClassLoaders$AppClassLoader@3cd1a2f1
14:10:29.918 [main] DEBUG org.aspectj.weaver.loadtime.Aj - 14:10:29.918 main - o.a.w.l.Aj.preProcess o.a.w.l.Aj@b9afc07 j.i.l.ClassLoaders$PlatformClassLoader@1ad282e0, j.i.l.ClassLoaders$AppClassLoader@3cd1a2f1
14:10:29.918 [main] DEBUG o.a.weaver.tools.WeavingAdaptor - 14:10:29.918 main > o.a.w.t.WeavingAdaptor.weaveClass o.a.w.l.ClassLoaderWeavingAdaptor@140e5a13 io/qameta/allure/internal/shadowed/jackson/core/io/CharTypes, byte[4113]
14:10:29.919 [main] DEBUG org.aspectj.weaver.bcel.BcelWeaver - 14:10:29.918 main > o.a.w.b.BcelWeaver.weave o.a.w.b.BcelWeaver@48524010 o.a.w.t.WeavingAdaptor$WeavingClassFileProvider@6c44052e
14:10:29.919 [main] DEBUG org.aspectj.weaver.bcel.BcelWeaver - 14:10:29.919 main > o.a.w.b.BcelWeaver.weaveAndNotify o.a.w.b.BcelWeaver@48524010 o.a.w.b.UnwovenClassFile@5c371e13, o.a.w.b.BcelObjectType@530a8454, o.a.w.t.WeavingAdaptor$WeavingClassFileProvider$1@1e34c607
14:10:29.920 [main] DEBUG org.aspectj.weaver.bcel.BcelWeaver - 14:10:29.920 main < o.a.w.b.BcelWeaver.weaveAndNotify
14:10:29.921 [main] DEBUG org.aspectj.weaver.bcel.BcelWeaver - 14:10:29.921 main < o.a.w.b.BcelWeaver.weave java.util.ArrayList(1)
14:10:29.921 [main] DEBUG o.a.weaver.tools.WeavingAdaptor - 14:10:29.921 main < o.a.w.t.WeavingAdaptor.weaveClass byte[4113]
14:10:29.921 [main] DEBUG org.aspectj.weaver.Dump - 14:10:29.921 main > o.a.w.Dump.dumpOnExit o.a.w.t.WeavingAdaptor$WeavingAdaptorMessageHolder@6a6afff2
14:10:29.921 [main] DEBUG org.aspectj.weaver.Dump - 14:10:29.921 main > o.a.w.Dump.shouldDumpOnExit o.a.w.t.WeavingAdaptor$WeavingAdaptorMessageHolder@6a6afff2
14:10:29.921 [main] DEBUG org.aspectj.weaver.Dump - 14:10:29.921 main - o.a.w.Dump.shouldDumpOnExit abort
14:10:29.921 [main] DEBUG org.aspectj.weaver.Dump - 14:10:29.921 main < o.a.w.Dump.shouldDumpOnExit false
14:10:29.921 [main] DEBUG org.aspectj.weaver.Dump - 14:10:29.921 main < o.a.w.Dump.dumpOnExit Excluded
14:10:29.921 [main] DEBUG org.aspectj.weaver.loadtime.Aj - 14:10:29.921 main < o.a.w.l.Aj.preProcess byte[4113]
14:10:29.934 [main] DEBUG org.aspectj.weaver.loadtime.Aj - 14:10:29.934 main > o.a.w.l.Aj.preProcess o.a.w.l.Aj@b9afc07 io/qameta/allure/internal/shadowed/jackson/core/sym/CharsToNameCanonicalizer, byte[10487], j.i.l.ClassLoaders$AppClassLoader@3cd1a2f1
14:10:29.935 [main] DEBUG org.aspectj.weaver.loadtime.Aj - 14:10:29.935 main - o.a.w.l.Aj.preProcess o.a.w.l.Aj@b9afc07 j.i.l.ClassLoaders$PlatformClassLoader@1ad282e0, j.i.l.ClassLoaders$AppClassLoader@3cd1a2f1
14:10:29.935 [main] DEBUG o.a.weaver.tools.WeavingAdaptor - 14:10:29.935 main > o.a.w.t.WeavingAdaptor.weaveClass o.a.w.l.ClassLoaderWeavingAdaptor@140e5a13 io/qameta/allure/internal/shadowed/jackson/core/sym/CharsToNameCanonicalizer, byte[10487]
14:10:29.938 [main] DEBUG org.aspectj.weaver.bcel.BcelWeaver - 14:10:29.938 main > o.a.w.b.BcelWeaver.weave o.a.w.b.BcelWeaver@48524010 o.a.w.t.WeavingAdaptor$WeavingClassFileProvider@7726e185
14:10:29.939 [main] DEBUG org.aspectj.weaver.bcel.BcelWeaver - 14:10:29.939 main > o.a.w.b.BcelWeaver.weaveAndNotify o.a.w.b.BcelWeaver@48524010 o.a.w.b.UnwovenClassFile@aa5455e, o.a.w.b.BcelObjectType@282308c3, o.a.w.t.WeavingAdaptor$WeavingClassFileProvider$1@5dda14d0
14:10:29.941 [main] DEBUG org.aspectj.weaver.bcel.BcelWorld - 14:10:29.941 main - o.a.w.b.BcelWorld.lookupJavaClass o.a.w.l.LTWWorld@2b4a2ec7 io.qameta.allure.internal.shadowed.jackson.core.sym.CharsToNameCanonicalizer$TableInfo, o.a.a.b.c.JavaClass@1af05b03
14:10:29.943 [main] DEBUG org.aspectj.weaver.bcel.BcelWorld - 14:10:29.943 main - o.a.w.b.BcelWorld.lookupJavaClass o.a.w.l.LTWWorld@2b4a2ec7 io.qameta.allure.internal.shadowed.jackson.core.sym.CharsToNameCanonicalizer$Bucket, o.a.a.b.c.JavaClass@5bbbdd4b
14:10:29.944 [main] DEBUG org.aspectj.weaver.bcel.BcelWeaver - 14:10:29.944 main < o.a.w.b.BcelWeaver.weaveAndNotify
14:10:29.944 [main] DEBUG org.aspectj.weaver.bcel.BcelWeaver - 14:10:29.944 main < o.a.w.b.BcelWeaver.weave java.util.ArrayList(1)
14:10:29.944 [main] DEBUG o.a.weaver.tools.WeavingAdaptor - 14:10:29.944 main < o.a.w.t.WeavingAdaptor.weaveClass byte[10487]
14:10:29.944 [main] DEBUG org.aspectj.weaver.Dump - 14:10:29.944 main > o.a.w.Dump.dumpOnExit o.a.w.t.WeavingAdaptor$WeavingAdaptorMessageHolder@6a6afff2
14:10:29.944 [main] DEBUG org.aspectj.weaver.Dump - 14:10:29.944 main > o.a.w.Dump.shouldDumpOnExit o.a.w.t.WeavingAdaptor$WeavingAdaptorMessageHolder@6a6afff2
14:10:29.944 [main] DEBUG org.aspectj.weaver.Dump - 14:10:29.944 main - o.a.w.Dump.shouldDumpOnExit abort
14:10:29.944 [main] DEBUG org.aspectj.weaver.Dump - 14:10:29.944 main < o.a.w.Dump.shouldDumpOnExit false
14:10:29.944 [main] DEBUG org.aspectj.weaver.Dump - 14:10:29.944 main < o.a.w.Dump.dumpOnExit Excluded
14:10:29.944 [main] DEBUG org.aspectj.weaver.loadtime.Aj - 14:10:29.944 main < o.a.w.l.Aj.preProcess byte[10487]
14:10:29.946 [main] DEBUG org.aspectj.weaver.loadtime.Aj - 14:10:29.946 main > o.a.w.l.Aj.preProcess o.a.w.l.Aj@b9afc07 io/qameta/allure/internal/shadowed/jackson/core/sym/CharsToNameCanonicalizer$TableInfo, byte[1694], j.i.l.ClassLoaders$AppClassLoader@3cd1a2f1
14:10:29.946 [main] DEBUG org.aspectj.weaver.loadtime.Aj - 14:10:29.946 main - o.a.w.l.Aj.preProcess o.a.w.l.Aj@b9afc07 j.i.l.ClassLoaders$PlatformClassLoader@1ad282e0, j.i.l.ClassLoaders$AppClassLoader@3cd1a2f1
14:10:29.946 [main] DEBUG o.a.weaver.tools.WeavingAdaptor - 14:10:29.946 main > o.a.w.t.WeavingAdaptor.weaveClass o.a.w.l.ClassLoaderWeavingAdaptor@140e5a13 io/qameta/allure/internal/shadowed/jackson/core/sym/CharsToNameCanonicalizer$TableInfo, byte[1694]
14:10:29.947 [main] DEBUG org.aspectj.weaver.bcel.BcelWeaver - 14:10:29.946 main > o.a.w.b.BcelWeaver.weave o.a.w.b.BcelWeaver@48524010 o.a.w.t.WeavingAdaptor$WeavingClassFileProvider@54f5f647
14:10:29.947 [main] DEBUG org.aspectj.weaver.bcel.BcelWeaver - 14:10:29.947 main > o.a.w.b.BcelWeaver.weaveAndNotify o.a.w.b.BcelWeaver@48524010 o.a.w.b.UnwovenClassFile@6979efad, o.a.w.b.BcelObjectType@5a6d5a8f, o.a.w.t.WeavingAdaptor$WeavingClassFileProvider$1@4a67318f
14:10:29.947 [main] DEBUG org.aspectj.weaver.bcel.BcelWeaver - 14:10:29.947 main < o.a.w.b.BcelWeaver.weaveAndNotify
14:10:29.947 [main] DEBUG org.aspectj.weaver.bcel.BcelWeaver - 14:10:29.947 main < o.a.w.b.BcelWeaver.weave java.util.ArrayList(1)
14:10:29.947 [main] DEBUG o.a.weaver.tools.WeavingAdaptor - 14:10:29.947 main < o.a.w.t.WeavingAdaptor.weaveClass byte[1694]
14:10:29.948 [main] DEBUG org.aspectj.weaver.Dump - 14:10:29.948 main > o.a.w.Dump.dumpOnExit o.a.w.t.WeavingAdaptor$WeavingAdaptorMessageHolder@6a6afff2
14:10:29.948 [main] DEBUG org.aspectj.weaver.Dump - 14:10:29.948 main > o.a.w.Dump.shouldDumpOnExit o.a.w.t.WeavingAdaptor$WeavingAdaptorMessageHolder@6a6afff2
14:10:29.948 [main] DEBUG org.aspectj.weaver.Dump - 14:10:29.948 main - o.a.w.Dump.shouldDumpOnExit abort
14:10:29.948 [main] DEBUG org.aspectj.weaver.Dump - 14:10:29.948 main < o.a.w.Dump.shouldDumpOnExit false
14:10:29.948 [main] DEBUG org.aspectj.weaver.Dump - 14:10:29.948 main < o.a.w.Dump.dumpOnExit Excluded
14:10:29.948 [main] DEBUG org.aspectj.weaver.loadtime.Aj - 14:10:29.948 main < o.a.w.l.Aj.preProcess byte[1694]
14:10:29.949 [main] DEBUG org.aspectj.weaver.loadtime.Aj - 14:10:29.949 main > o.a.w.l.Aj.preProcess o.a.w.l.Aj@b9afc07 io/qameta/allure/internal/shadowed/jackson/core/sym/CharsToNameCanonicalizer$Bucket, byte[1195], j.i.l.ClassLoaders$AppClassLoader@3cd1a2f1
14:10:29.949 [main] DEBUG org.aspectj.weaver.loadtime.Aj - 14:10:29.949 main - o.a.w.l.Aj.preProcess o.a.w.l.Aj@b9afc07 j.i.l.ClassLoaders$PlatformClassLoader@1ad282e0, j.i.l.ClassLoaders$AppClassLoader@3cd1a2f1
14:10:29.949 [main] DEBUG o.a.weaver.tools.WeavingAdaptor - 14:10:29.949 main > o.a.w.t.WeavingAdaptor.weaveClass o.a.w.l.ClassLoaderWeavingAdaptor@140e5a13 io/qameta/allure/internal/shadowed/jackson/core/sym/CharsToNameCanonicalizer$Bucket, byte[1195]
14:10:29.950 [main] DEBUG org.aspectj.weaver.bcel.BcelWeaver - 14:10:29.950 main > o.a.w.b.BcelWeaver.weave o.a.w.b.BcelWeaver@48524010 o.a.w.t.WeavingAdaptor$WeavingClassFileProvider@44ea608c
14:10:29.950 [main] DEBUG org.aspectj.weaver.bcel.BcelWeaver - 14:10:29.950 main > o.a.w.b.BcelWeaver.weaveAndNotify o.a.w.b.BcelWeaver@48524010 o.a.w.b.UnwovenClassFile@50cf5a23, o.a.w.b.BcelObjectType@450794b4, o.a.w.t.WeavingAdaptor$WeavingClassFileProvider$1@273c947f
14:10:29.951 [main] DEBUG org.aspectj.weaver.bcel.BcelWeaver - 14:10:29.951 main < o.a.w.b.BcelWeaver.weaveAndNotify
14:10:29.951 [main] DEBUG org.aspectj.weaver.bcel.BcelWeaver - 14:10:29.951 main < o.a.w.b.BcelWeaver.weave java.util.ArrayList(1)
14:10:29.951 [main] DEBUG o.a.weaver.tools.WeavingAdaptor - 14:10:29.951 main < o.a.w.t.WeavingAdaptor.weaveClass byte[1195]
14:10:29.951 [main] DEBUG org.aspectj.weaver.Dump - 14:10:29.951 main > o.a.w.Dump.dumpOnExit o.a.w.t.WeavingAdaptor$WeavingAdaptorMessageHolder@6a6afff2
14:10:29.951 [main] DEBUG org.aspectj.weaver.Dump - 14:10:29.951 main > o.a.w.Dump.shouldDumpOnExit o.a.w.t.WeavingAdaptor$WeavingAdaptorMessageHolder@6a6afff2
14:10:29.951 [main] DEBUG org.aspectj.weaver.Dump - 14:10:29.951 main - o.a.w.Dump.shouldDumpOnExit abort
14:10:29.952 [main] DEBUG org.aspectj.weaver.Dump - 14:10:29.952 main < o.a.w.Dump.shouldDumpOnExit false
14:10:29.952 [main] DEBUG org.aspectj.weaver.Dump - 14:10:29.952 main < o.a.w.Dump.dumpOnExit Excluded
14:10:29.952 [main] DEBUG org.aspectj.weaver.loadtime.Aj - 14:10:29.952 main < o.a.w.l.Aj.preProcess byte[1195]
14:10:29.954 [main] DEBUG org.aspectj.weaver.loadtime.Aj - 14:10:29.954 main > o.a.w.l.Aj.preProcess o.a.w.l.Aj@b9afc07 io/qameta/allure/internal/shadowed/jackson/core/sym/ByteQuadsCanonicalizer, byte[17613], j.i.l.ClassLoaders$AppClassLoader@3cd1a2f1
14:10:29.954 [main] DEBUG org.aspectj.weaver.loadtime.Aj - 14:10:29.954 main - o.a.w.l.Aj.preProcess o.a.w.l.Aj@b9afc07 j.i.l.ClassLoaders$PlatformClassLoader@1ad282e0, j.i.l.ClassLoaders$AppClassLoader@3cd1a2f1
14:10:29.954 [main] DEBUG o.a.weaver.tools.WeavingAdaptor - 14:10:29.954 main > o.a.w.t.WeavingAdaptor.weaveClass o.a.w.l.ClassLoaderWeavingAdaptor@140e5a13 io/qameta/allure/internal/shadowed/jackson/core/sym/ByteQuadsCanonicalizer, byte[17613]
14:10:29.955 [main] DEBUG org.aspectj.weaver.bcel.BcelWeaver - 14:10:29.955 main > o.a.w.b.BcelWeaver.weave o.a.w.b.BcelWeaver@48524010 o.a.w.t.WeavingAdaptor$WeavingClassFileProvider@3b582111
14:10:29.955 [main] DEBUG org.aspectj.weaver.bcel.BcelWeaver - 14:10:29.955 main > o.a.w.b.BcelWeaver.weaveAndNotify o.a.w.b.BcelWeaver@48524010 o.a.w.b.UnwovenClassFile@2899a8db, o.a.w.b.BcelObjectType@1e8823d2, o.a.w.t.WeavingAdaptor$WeavingClassFileProvider$1@c1a4620
14:10:29.959 [main] DEBUG org.aspectj.weaver.bcel.BcelWorld - 14:10:29.959 main - o.a.w.b.BcelWorld.lookupJavaClass o.a.w.l.LTWWorld@2b4a2ec7 io.qameta.allure.internal.shadowed.jackson.core.sym.ByteQuadsCanonicalizer$TableInfo, o.a.a.b.c.JavaClass@2237bada
14:10:29.959 [main] DEBUG org.aspectj.weaver.bcel.BcelWeaver - 14:10:29.959 main < o.a.w.b.BcelWeaver.weaveAndNotify
14:10:29.959 [main] DEBUG org.aspectj.weaver.bcel.BcelWeaver - 14:10:29.959 main < o.a.w.b.BcelWeaver.weave java.util.ArrayList(1)
14:10:29.959 [main] DEBUG o.a.weaver.tools.WeavingAdaptor - 14:10:29.959 main < o.a.w.t.WeavingAdaptor.weaveClass byte[17613]
14:10:29.960 [main] DEBUG org.aspectj.weaver.Dump - 14:10:29.959 main > o.a.w.Dump.dumpOnExit o.a.w.t.WeavingAdaptor$WeavingAdaptorMessageHolder@6a6afff2
14:10:29.960 [main] DEBUG org.aspectj.weaver.Dump - 14:10:29.960 main > o.a.w.Dump.shouldDumpOnExit o.a.w.t.WeavingAdaptor$WeavingAdaptorMessageHolder@6a6afff2
14:10:29.960 [main] DEBUG org.aspectj.weaver.Dump - 14:10:29.960 main - o.a.w.Dump.shouldDumpOnExit abort
14:10:29.960 [main] DEBUG org.aspectj.weaver.Dump - 14:10:29.960 main < o.a.w.Dump.shouldDumpOnExit false
14:10:29.960 [main] DEBUG org.aspectj.weaver.Dump - 14:10:29.960 main < o.a.w.Dump.dumpOnExit Excluded
14:10:29.960 [main] DEBUG org.aspectj.weaver.loadtime.Aj - 14:10:29.960 main < o.a.w.l.Aj.preProcess byte[17613]
14:10:29.963 [main] DEBUG org.aspectj.weaver.loadtime.Aj - 14:10:29.963 main > o.a.w.l.Aj.preProcess o.a.w.l.Aj@b9afc07 io/qameta/allure/internal/shadowed/jackson/core/sym/ByteQuadsCanonicalizer$TableInfo, byte[1766], j.i.l.ClassLoaders$AppClassLoader@3cd1a2f1
14:10:29.963 [main] DEBUG org.aspectj.weaver.loadtime.Aj - 14:10:29.963 main - o.a.w.l.Aj.preProcess o.a.w.l.Aj@b9afc07 j.i.l.ClassLoaders$PlatformClassLoader@1ad282e0, j.i.l.ClassLoaders$AppClassLoader@3cd1a2f1
14:10:29.963 [main] DEBUG o.a.weaver.tools.WeavingAdaptor - 14:10:29.963 main > o.a.w.t.WeavingAdaptor.weaveClass o.a.w.l.ClassLoaderWeavingAdaptor@140e5a13 io/qameta/allure/internal/shadowed/jackson/core/sym/ByteQuadsCanonicalizer$TableInfo, byte[1766]
14:10:29.964 [main] DEBUG org.aspectj.weaver.bcel.BcelWeaver - 14:10:29.963 main > o.a.w.b.BcelWeaver.weave o.a.w.b.BcelWeaver@48524010 o.a.w.t.WeavingAdaptor$WeavingClassFileProvider@64d7b720
14:10:29.964 [main] DEBUG org.aspectj.weaver.bcel.BcelWeaver - 14:10:29.964 main > o.a.w.b.BcelWeaver.weaveAndNotify o.a.w.b.BcelWeaver@48524010 o.a.w.b.UnwovenClassFile@30272916, o.a.w.b.BcelObjectType@5bb3d42d, o.a.w.t.WeavingAdaptor$WeavingClassFileProvider$1@5bf61e67
14:10:29.964 [main] DEBUG org.aspectj.weaver.bcel.BcelWeaver - 14:10:29.964 main < o.a.w.b.BcelWeaver.weaveAndNotify
14:10:29.964 [main] DEBUG org.aspectj.weaver.bcel.BcelWeaver - 14:10:29.964 main < o.a.w.b.BcelWeaver.weave java.util.ArrayList(1)
14:10:29.964 [main] DEBUG o.a.weaver.tools.WeavingAdaptor - 14:10:29.964 main < o.a.w.t.WeavingAdaptor.weaveClass byte[1766]
14:10:29.976 [main] DEBUG org.aspectj.weaver.Dump - 14:10:29.964 main > o.a.w.Dump.dumpOnExit o.a.w.t.WeavingAdaptor$WeavingAdaptorMessageHolder@6a6afff2
14:10:29.976 [main] DEBUG org.aspectj.weaver.Dump - 14:10:29.976 main > o.a.w.Dump.shouldDumpOnExit o.a.w.t.WeavingAdaptor$WeavingAdaptorMessageHolder@6a6afff2
14:10:29.976 [main] DEBUG org.aspectj.weaver.Dump - 14:10:29.976 main - o.a.w.Dump.shouldDumpOnExit abort
14:10:29.976 [main] DEBUG org.aspectj.weaver.Dump - 14:10:29.976 main < o.a.w.Dump.shouldDumpOnExit false
14:10:29.976 [main] DEBUG org.aspectj.weaver.Dump - 14:10:29.976 main < o.a.w.Dump.dumpOnExit Excluded
14:10:29.976 [main] DEBUG org.aspectj.weaver.loadtime.Aj - 14:10:29.976 main < o.a.w.l.Aj.preProcess byte[1766]
14:10:29.979 [main] DEBUG org.aspectj.weaver.loadtime.Aj - 14:10:29.979 main > o.a.w.l.Aj.preProcess o.a.w.l.Aj@b9afc07 io/qameta/allure/internal/shadowed/jackson/databind/util/RootNameLookup, byte[4396], j.i.l.ClassLoaders$AppClassLoader@3cd1a2f1
14:10:29.979 [main] DEBUG org.aspectj.weaver.loadtime.Aj - 14:10:29.979 main - o.a.w.l.Aj.preProcess o.a.w.l.Aj@b9afc07 j.i.l.ClassLoaders$PlatformClassLoader@1ad282e0, j.i.l.ClassLoaders$AppClassLoader@3cd1a2f1
14:10:29.979 [main] DEBUG o.a.weaver.tools.WeavingAdaptor - 14:10:29.979 main > o.a.w.t.WeavingAdaptor.weaveClass o.a.w.l.ClassLoaderWeavingAdaptor@140e5a13 io/qameta/allure/internal/shadowed/jackson/databind/util/RootNameLookup, byte[4396]
14:10:29.986 [main] DEBUG org.aspectj.weaver.bcel.BcelWeaver - 14:10:29.986 main > o.a.w.b.BcelWeaver.weave o.a.w.b.BcelWeaver@48524010 o.a.w.t.WeavingAdaptor$WeavingClassFileProvider@1162410a
14:10:29.986 [main] DEBUG org.aspectj.weaver.bcel.BcelWeaver - 14:10:29.986 main > o.a.w.b.BcelWeaver.weaveAndNotify o.a.w.b.BcelWeaver@48524010 o.a.w.b.UnwovenClassFile@b09fac1, o.a.w.b.BcelObjectType@62df0ff3, o.a.w.t.WeavingAdaptor$WeavingClassFileProvider$1@61019f59
14:10:29.987 [main] DEBUG org.aspectj.weaver.bcel.BcelWeaver - 14:10:29.987 main < o.a.w.b.BcelWeaver.weaveAndNotify
14:10:29.987 [main] DEBUG org.aspectj.weaver.bcel.BcelWeaver - 14:10:29.987 main < o.a.w.b.BcelWeaver.weave java.util.ArrayList(1)
14:10:29.987 [main] DEBUG o.a.weaver.tools.WeavingAdaptor - 14:10:29.987 main < o.a.w.t.WeavingAdaptor.weaveClass byte[4396]
14:10:29.987 [main] DEBUG org.aspectj.weaver.Dump - 14:10:29.987 main > o.a.w.Dump.dumpOnExit o.a.w.t.WeavingAdaptor$WeavingAdaptorMessageHolder@6a6afff2
14:10:29.987 [main] DEBUG org.aspectj.weaver.Dump - 14:10:29.987 main > o.a.w.Dump.shouldDumpOnExit o.a.w.t.WeavingAdaptor$WeavingAdaptorMessageHolder@6a6afff2
14:10:29.987 [main] DEBUG org.aspectj.weaver.Dump - 14:10:29.987 main - o.a.w.Dump.shouldDumpOnExit abort
14:10:29.987 [main] DEBUG org.aspectj.weaver.Dump - 14:10:29.987 main < o.a.w.Dump.shouldDumpOnExit false
14:10:29.987 [main] DEBUG org.aspectj.weaver.Dump - 14:10:29.987 main < o.a.w.Dump.dumpOnExit Excluded
14:10:29.987 [main] DEBUG org.aspectj.weaver.loadtime.Aj - 14:10:29.987 main < o.a.w.l.Aj.preProcess byte[4396]
14:10:29.991 [main] DEBUG org.aspectj.weaver.loadtime.Aj - 14:10:29.991 main > o.a.w.l.Aj.preProcess o.a.w.l.Aj@b9afc07 io/qameta/allure/internal/shadowed/jackson/databind/introspect/SimpleMixInResolver, byte[4674], j.i.l.ClassLoaders$AppClassLoader@3cd1a2f1
14:10:29.991 [main] DEBUG org.aspectj.weaver.loadtime.Aj - 14:10:29.991 main - o.a.w.l.Aj.preProcess o.a.w.l.Aj@b9afc07 j.i.l.ClassLoaders$PlatformClassLoader@1ad282e0, j.i.l.ClassLoaders$AppClassLoader@3cd1a2f1
14:10:29.991 [main] DEBUG o.a.weaver.tools.WeavingAdaptor - 14:10:29.991 main > o.a.w.t.WeavingAdaptor.weaveClass o.a.w.l.ClassLoaderWeavingAdaptor@140e5a13 io/qameta/allure/internal/shadowed/jackson/databind/introspect/SimpleMixInResolver, byte[4674]
14:10:29.992 [main] DEBUG org.aspectj.weaver.bcel.BcelWeaver - 14:10:29.992 main > o.a.w.b.BcelWeaver.weave o.a.w.b.BcelWeaver@48524010 o.a.w.t.WeavingAdaptor$WeavingClassFileProvider@4c5204af
14:10:29.992 [main] DEBUG org.aspectj.weaver.bcel.BcelWeaver - 14:10:29.992 main > o.a.w.b.BcelWeaver.weaveAndNotify o.a.w.b.BcelWeaver@48524010 o.a.w.b.UnwovenClassFile@3f3ddbd9, o.a.w.b.BcelObjectType@14c053c6, o.a.w.t.WeavingAdaptor$WeavingClassFileProvider$1@6c2d4cc6
14:10:29.993 [main] DEBUG org.aspectj.weaver.bcel.BcelWorld - 14:10:29.993 main - o.a.w.b.BcelWorld.lookupJavaClass o.a.w.l.LTWWorld@2b4a2ec7 java.util.Map, o.a.a.b.c.JavaClass@48974e45
14:10:29.993 [main] DEBUG org.aspectj.weaver.bcel.BcelWeaver - 14:10:29.993 main < o.a.w.b.BcelWeaver.weaveAndNotify
14:10:29.993 [main] DEBUG org.aspectj.weaver.bcel.BcelWeaver - 14:10:29.993 main < o.a.w.b.BcelWeaver.weave java.util.ArrayList(1)
14:10:29.993 [main] DEBUG o.a.weaver.tools.WeavingAdaptor - 14:10:29.993 main < o.a.w.t.WeavingAdaptor.weaveClass byte[4674]
14:10:29.993 [main] DEBUG org.aspectj.weaver.Dump - 14:10:29.993 main > o.a.w.Dump.dumpOnExit o.a.w.t.WeavingAdaptor$WeavingAdaptorMessageHolder@6a6afff2
14:10:29.994 [main] DEBUG org.aspectj.weaver.Dump - 14:10:29.993 main > o.a.w.Dump.shouldDumpOnExit o.a.w.t.WeavingAdaptor$WeavingAdaptorMessageHolder@6a6afff2
14:10:29.994 [main] DEBUG org.aspectj.weaver.Dump - 14:10:29.994 main - o.a.w.Dump.shouldDumpOnExit abort
14:10:29.994 [main] DEBUG org.aspectj.weaver.Dump - 14:10:29.994 main < o.a.w.Dump.shouldDumpOnExit false
14:10:29.994 [main] DEBUG org.aspectj.weaver.Dump - 14:10:29.994 main < o.a.w.Dump.dumpOnExit Excluded
14:10:29.994 [main] DEBUG org.aspectj.weaver.loadtime.Aj - 14:10:29.994 main < o.a.w.l.Aj.preProcess byte[4674]
14:10:29.995 [main] DEBUG org.aspectj.weaver.loadtime.Aj - 14:10:29.995 main > o.a.w.l.Aj.preProcess o.a.w.l.Aj@b9afc07 io/qameta/allure/internal/shadowed/jackson/databind/introspect/ClassIntrospector$MixInResolver, byte[573], j.i.l.ClassLoaders$AppClassLoader@3cd1a2f1
14:10:29.996 [main] DEBUG org.aspectj.weaver.loadtime.Aj - 14:10:29.996 main - o.a.w.l.Aj.preProcess o.a.w.l.Aj@b9afc07 j.i.l.ClassLoaders$PlatformClassLoader@1ad282e0, j.i.l.ClassLoaders$AppClassLoader@3cd1a2f1
14:10:29.996 [main] DEBUG o.a.weaver.tools.WeavingAdaptor - 14:10:29.996 main > o.a.w.t.WeavingAdaptor.weaveClass o.a.w.l.ClassLoaderWeavingAdaptor@140e5a13 io/qameta/allure/internal/shadowed/jackson/databind/introspect/ClassIntrospector$MixInResolver, byte[573]
14:10:29.996 [main] DEBUG org.aspectj.weaver.bcel.BcelWeaver - 14:10:29.996 main > o.a.w.b.BcelWeaver.weave o.a.w.b.BcelWeaver@48524010 o.a.w.t.WeavingAdaptor$WeavingClassFileProvider@3773862a
14:10:29.996 [main] DEBUG org.aspectj.weaver.bcel.BcelWeaver - 14:10:29.996 main > o.a.w.b.BcelWeaver.weaveAndNotify o.a.w.b.BcelWeaver@48524010 o.a.w.b.UnwovenClassFile@2472c7d8, o.a.w.b.BcelObjectType@589b028e, o.a.w.t.WeavingAdaptor$WeavingClassFileProvider$1@22175d4f
14:10:29.997 [main] DEBUG org.aspectj.weaver.bcel.BcelWeaver - 14:10:29.997 main < o.a.w.b.BcelWeaver.weaveAndNotify
14:10:29.997 [main] DEBUG org.aspectj.weaver.bcel.BcelWeaver - 14:10:29.997 main < o.a.w.b.BcelWeaver.weave java.util.ArrayList(1)
14:10:29.997 [main] DEBUG o.a.weaver.tools.WeavingAdaptor - 14:10:29.997 main < o.a.w.t.WeavingAdaptor.weaveClass byte[573]
14:10:29.997 [main] DEBUG org.aspectj.weaver.Dump - 14:10:29.997 main > o.a.w.Dump.dumpOnExit o.a.w.t.WeavingAdaptor$WeavingAdaptorMessageHolder@6a6afff2
14:10:29.997 [main] DEBUG org.aspectj.weaver.Dump - 14:10:29.997 main > o.a.w.Dump.shouldDumpOnExit o.a.w.t.WeavingAdaptor$WeavingAdaptorMessageHolder@6a6afff2
14:10:29.997 [main] DEBUG org.aspectj.weaver.Dump - 14:10:29.997 main - o.a.w.Dump.shouldDumpOnExit abort
14:10:29.997 [main] DEBUG org.aspectj.weaver.Dump - 14:10:29.997 main < o.a.w.Dump.shouldDumpOnExit false
14:10:29.997 [main] DEBUG org.aspectj.weaver.Dump - 14:10:29.997 main < o.a.w.Dump.dumpOnExit Excluded
14:10:29.997 [main] DEBUG org.aspectj.weaver.loadtime.Aj - 14:10:29.997 main < o.a.w.l.Aj.preProcess byte[573]
14:10:30.004 [main] DEBUG org.aspectj.weaver.loadtime.Aj - 14:10:30.004 main > o.a.w.l.Aj.preProcess o.a.w.l.Aj@b9afc07 io/qameta/allure/internal/shadowed/jackson/databind/BeanDescription, byte[6853], j.i.l.ClassLoaders$AppClassLoader@3cd1a2f1
14:10:30.005 [main] DEBUG org.aspectj.weaver.loadtime.Aj - 14:10:30.004 main - o.a.w.l.Aj.preProcess o.a.w.l.Aj@b9afc07 j.i.l.ClassLoaders$PlatformClassLoader@1ad282e0, j.i.l.ClassLoaders$AppClassLoader@3cd1a2f1
14:10:30.005 [main] DEBUG o.a.weaver.tools.WeavingAdaptor - 14:10:30.005 main > o.a.w.t.WeavingAdaptor.weaveClass o.a.w.l.ClassLoaderWeavingAdaptor@140e5a13 io/qameta/allure/internal/shadowed/jackson/databind/BeanDescription, byte[6853]
14:10:30.006 [main] DEBUG org.aspectj.weaver.bcel.BcelWeaver - 14:10:30.005 main > o.a.w.b.BcelWeaver.weave o.a.w.b.BcelWeaver@48524010 o.a.w.t.WeavingAdaptor$WeavingClassFileProvider@55a8dc49
14:10:30.008 [main] DEBUG org.aspectj.weaver.bcel.BcelWeaver - 14:10:30.008 main > o.a.w.b.BcelWeaver.weaveAndNotify o.a.w.b.BcelWeaver@48524010 o.a.w.b.UnwovenClassFile@2a415aa9, o.a.w.b.BcelObjectType@53cdecf6, o.a.w.t.WeavingAdaptor$WeavingClassFileProvider$1@71ea1fda
14:10:30.009 [main] DEBUG org.aspectj.weaver.bcel.BcelWeaver - 14:10:30.009 main < o.a.w.b.BcelWeaver.weaveAndNotify
14:10:30.009 [main] DEBUG org.aspectj.weaver.bcel.BcelWeaver - 14:10:30.009 main < o.a.w.b.BcelWeaver.weave java.util.ArrayList(1)
14:10:30.009 [main] DEBUG o.a.weaver.tools.WeavingAdaptor - 14:10:30.009 main < o.a.w.t.WeavingAdaptor.weaveClass byte[6853]
14:10:30.009 [main] DEBUG org.aspectj.weaver.Dump - 14:10:30.009 main > o.a.w.Dump.dumpOnExit o.a.w.t.WeavingAdaptor$WeavingAdaptorMessageHolder@6a6afff2
14:10:30.009 [main] DEBUG org.aspectj.weaver.Dump - 14:10:30.009 main > o.a.w.Dump.shouldDumpOnExit o.a.w.t.WeavingAdaptor$WeavingAdaptorMessageHolder@6a6afff2
14:10:30.009 [main] DEBUG org.aspectj.weaver.Dump - 14:10:30.009 main - o.a.w.Dump.shouldDumpOnExit abort
14:10:30.009 [main] DEBUG org.aspectj.weaver.Dump - 14:10:30.009 main < o.a.w.Dump.shouldDumpOnExit false
14:10:30.009 [main] DEBUG org.aspectj.weaver.Dump - 14:10:30.009 main < o.a.w.Dump.dumpOnExit Excluded
14:10:30.009 [main] DEBUG org.aspectj.weaver.loadtime.Aj - 14:10:30.009 main < o.a.w.l.Aj.preProcess byte[6853]
14:10:30.011 [main] DEBUG org.aspectj.weaver.loadtime.Aj - 14:10:30.011 main > o.a.w.l.Aj.preProcess o.a.w.l.Aj@b9afc07 io/qameta/allure/internal/shadowed/jackson/databind/introspect/BasicBeanDescription, byte[30485], j.i.l.ClassLoaders$AppClassLoader@3cd1a2f1
14:10:30.012 [main] DEBUG org.aspectj.weaver.loadtime.Aj - 14:10:30.012 main - o.a.w.l.Aj.preProcess o.a.w.l.Aj@b9afc07 j.i.l.ClassLoaders$PlatformClassLoader@1ad282e0, j.i.l.ClassLoaders$AppClassLoader@3cd1a2f1
14:10:30.012 [main] DEBUG o.a.weaver.tools.WeavingAdaptor - 14:10:30.012 main > o.a.w.t.WeavingAdaptor.weaveClass o.a.w.l.ClassLoaderWeavingAdaptor@140e5a13 io/qameta/allure/internal/shadowed/jackson/databind/introspect/BasicBeanDescription, byte[30485]
14:10:30.013 [main] DEBUG org.aspectj.weaver.bcel.BcelWeaver - 14:10:30.013 main > o.a.w.b.BcelWeaver.weave o.a.w.b.BcelWeaver@48524010 o.a.w.t.WeavingAdaptor$WeavingClassFileProvider@2392212b
14:10:30.013 [main] DEBUG org.aspectj.weaver.bcel.BcelWeaver - 14:10:30.013 main > o.a.w.b.BcelWeaver.weaveAndNotify o.a.w.b.BcelWeaver@48524010 o.a.w.b.UnwovenClassFile@5b43e173, o.a.w.b.BcelObjectType@28f8e165, o.a.w.t.WeavingAdaptor$WeavingClassFileProvider$1@545f80bf
14:10:30.015 [main] DEBUG org.aspectj.weaver.bcel.BcelWorld - 14:10:30.015 main - o.a.w.b.BcelWorld.lookupJavaClass o.a.w.l.LTWWorld@2b4a2ec7 io.qameta.allure.internal.shadowed.jackson.databind.introspect.POJOPropertiesCollector, o.a.a.b.c.JavaClass@66ea1466
14:10:30.015 [main] DEBUG org.aspectj.weaver.bcel.BcelWorld - 14:10:30.015 main - o.a.w.b.BcelWorld.lookupJavaClass o.a.w.l.LTWWorld@2b4a2ec7 io.qameta.allure.internal.shadowed.jackson.databind.introspect.BeanPropertyDefinition, o.a.a.b.c.JavaClass@42e3ede4
14:10:30.015 [main] DEBUG org.aspectj.weaver.bcel.BcelWorld - 14:10:30.015 main - o.a.w.b.BcelWorld.lookupJavaClass o.a.w.l.LTWWorld@2b4a2ec7 java.util.Set, o.a.a.b.c.JavaClass@3f6b0be5
14:10:30.015 [main] DEBUG org.aspectj.weaver.bcel.BcelWorld - 14:10:30.015 main - o.a.w.b.BcelWorld.lookupJavaClass o.a.w.l.LTWWorld@2b4a2ec7 io.qameta.allure.internal.shadowed.jackson.databind.util.Converter, o.a.a.b.c.JavaClass@1c7fd41f
14:10:30.015 [main] DEBUG org.aspectj.weaver.bcel.BcelWorld - 14:10:30.015 main - o.a.w.b.BcelWorld.lookupJavaClass o.a.w.l.LTWWorld@2b4a2ec7 java.lang.reflect.Constructor, o.a.a.b.c.JavaClass@1f75a668
14:10:30.017 [main] DEBUG org.aspectj.weaver.bcel.BcelWorld - 14:10:30.017 main - o.a.w.b.BcelWorld.lookupJavaClass o.a.w.l.LTWWorld@2b4a2ec7 io.qameta.allure.internal.shadowed.jackson.databind.introspect.AnnotatedAndMetadata, o.a.a.b.c.JavaClass@405325cf
14:10:30.017 [main] DEBUG org.aspectj.weaver.bcel.BcelWorld - 14:10:30.017 main - o.a.w.b.BcelWorld.lookupJavaClass o.a.w.l.LTWWorld@2b4a2ec7 io.qameta.allure.internal.shadowed.jackson.databind.introspect.AnnotatedParameter, o.a.a.b.c.JavaClass@388ba540
14:10:30.026 [main] DEBUG org.aspectj.weaver.bcel.BcelWorld - 14:10:30.017 main - o.a.w.b.BcelWorld.lookupJavaClass o.a.w.l.LTWWorld@2b4a2ec7 io.qameta.allure.internal.shadowed.jackson.databind.annotation.JsonPOJOBuilder$Value, o.a.a.b.c.JavaClass@51850751
14:10:30.026 [main] DEBUG org.aspectj.weaver.bcel.BcelWorld - 14:10:30.026 main - o.a.w.b.BcelWorld.lookupJavaClass o.a.w.l.LTWWorld@2b4a2ec7 java.util.Collection, o.a.a.b.c.JavaClass@7e7be63f
14:10:30.029 [main] DEBUG org.aspectj.weaver.bcel.BcelWorld - 14:10:30.029 main - o.a.w.b.BcelWorld.lookupJavaClass o.a.w.l.LTWWorld@2b4a2ec7 java.util.LinkedHashMap, o.a.a.b.c.JavaClass@3e1162e7
14:10:30.030 [main] DEBUG org.aspectj.weaver.bcel.BcelWeaver - 14:10:30.030 main < o.a.w.b.BcelWeaver.weaveAndNotify
14:10:30.030 [main] DEBUG org.aspectj.weaver.bcel.BcelWeaver - 14:10:30.030 main < o.a.w.b.BcelWeaver.weave java.util.ArrayList(1)
14:10:30.030 [main] DEBUG o.a.weaver.tools.WeavingAdaptor - 14:10:30.030 main < o.a.w.t.WeavingAdaptor.weaveClass byte[30485]
14:10:30.030 [main] DEBUG org.aspectj.weaver.Dump - 14:10:30.030 main > o.a.w.Dump.dumpOnExit o.a.w.t.WeavingAdaptor$WeavingAdaptorMessageHolder@6a6afff2
14:10:30.030 [main] DEBUG org.aspectj.weaver.Dump - 14:10:30.030 main > o.a.w.Dump.shouldDumpOnExit o.a.w.t.WeavingAdaptor$WeavingAdaptorMessageHolder@6a6afff2
14:10:30.030 [main] DEBUG org.aspectj.weaver.Dump - 14:10:30.030 main - o.a.w.Dump.shouldDumpOnExit abort
14:10:30.030 [main] DEBUG org.aspectj.weaver.Dump - 14:10:30.030 main < o.a.w.Dump.shouldDumpOnExit false
14:10:30.030 [main] DEBUG org.aspectj.weaver.Dump - 14:10:30.030 main < o.a.w.Dump.dumpOnExit Excluded
14:10:30.030 [main] DEBUG org.aspectj.weaver.loadtime.Aj - 14:10:30.030 main < o.a.w.l.Aj.preProcess byte[30485]
14:10:30.033 [main] DEBUG org.aspectj.weaver.loadtime.Aj - 14:10:30.033 main > o.a.w.l.Aj.preProcess o.a.w.l.Aj@b9afc07 io/qameta/allure/internal/shadowed/jackson/databind/cfg/MapperConfig, byte[21196], j.i.l.ClassLoaders$AppClassLoader@3cd1a2f1
14:10:30.033 [main] DEBUG org.aspectj.weaver.loadtime.Aj - 14:10:30.033 main - o.a.w.l.Aj.preProcess o.a.w.l.Aj@b9afc07 j.i.l.ClassLoaders$PlatformClassLoader@1ad282e0, j.i.l.ClassLoaders$AppClassLoader@3cd1a2f1
14:10:30.034 [main] DEBUG o.a.weaver.tools.WeavingAdaptor - 14:10:30.034 main > o.a.w.t.WeavingAdaptor.weaveClass o.a.w.l.ClassLoaderWeavingAdaptor@140e5a13 io/qameta/allure/internal/shadowed/jackson/databind/cfg/MapperConfig, byte[21196]
14:10:30.034 [main] DEBUG org.aspectj.weaver.bcel.BcelWeaver - 14:10:30.034 main > o.a.w.b.BcelWeaver.weave o.a.w.b.BcelWeaver@48524010 o.a.w.t.WeavingAdaptor$WeavingClassFileProvider@38600b
14:10:30.034 [main] DEBUG org.aspectj.weaver.bcel.BcelWeaver - 14:10:30.034 main > o.a.w.b.BcelWeaver.weaveAndNotify o.a.w.b.BcelWeaver@48524010 o.a.w.b.UnwovenClassFile@669d2b1b, o.a.w.b.BcelObjectType@721eb7df, o.a.w.t.WeavingAdaptor$WeavingClassFileProvider$1@1ea9f009
14:10:30.036 [main] DEBUG org.aspectj.weaver.bcel.BcelWorld - 14:10:30.036 main - o.a.w.b.BcelWorld.lookupJavaClass o.a.w.l.LTWWorld@2b4a2ec7 io.qameta.allure.internal.shadowed.jackson.databind.MapperFeature, o.a.a.b.c.JavaClass@6475472c
14:10:30.036 [main] DEBUG org.aspectj.weaver.bcel.BcelWorld - 14:10:30.036 main - o.a.w.b.BcelWorld.lookupJavaClass o.a.w.l.LTWWorld@2b4a2ec7 io.qameta.allure.internal.shadowed.jackson.databind.introspect.ClassIntrospector, o.a.a.b.c.JavaClass@c35172e
14:10:30.036 [main] DEBUG org.aspectj.weaver.bcel.BcelWorld - 14:10:30.036 main - o.a.w.b.BcelWorld.lookupJavaClass o.a.w.l.LTWWorld@2b4a2ec7 io.qameta.allure.internal.shadowed.jackson.databind.AnnotationIntrospector, o.a.a.b.c.JavaClass@395b56bb
14:10:30.036 [main] DEBUG org.aspectj.weaver.bcel.BcelWorld - 14:10:30.036 main - o.a.w.b.BcelWorld.lookupJavaClass o.a.w.l.LTWWorld@2b4a2ec7 io.qameta.allure.internal.shadowed.jackson.databind.PropertyNamingStrategy, o.a.a.b.c.JavaClass@52d239ba
14:10:30.036 [main] DEBUG org.aspectj.weaver.bcel.BcelWorld - 14:10:30.036 main - o.a.w.b.BcelWorld.lookupJavaClass o.a.w.l.LTWWorld@2b4a2ec7 io.qameta.allure.internal.shadowed.jackson.databind.introspect.AccessorNamingStrategy$Provider, o.a.a.b.c.JavaClass@6c5945a7
14:10:30.036 [main] DEBUG org.aspectj.weaver.bcel.BcelWorld - 14:10:30.036 main - o.a.w.b.BcelWorld.lookupJavaClass o.a.w.l.LTWWorld@2b4a2ec7 io.qameta.allure.internal.shadowed.jackson.databind.cfg.HandlerInstantiator, o.a.a.b.c.JavaClass@4795ded0
14:10:30.036 [main] DEBUG org.aspectj.weaver.bcel.BcelWorld - 14:10:30.036 main - o.a.w.b.BcelWorld.lookupJavaClass o.a.w.l.LTWWorld@2b4a2ec7 io.qameta.allure.internal.shadowed.jackson.databind.jsontype.PolymorphicTypeValidator, o.a.a.b.c.JavaClass@5c10f1c3
14:10:30.053 [main] DEBUG org.aspectj.weaver.bcel.BcelWorld - 14:10:30.053 main - o.a.w.b.BcelWorld.lookupJavaClass o.a.w.l.LTWWorld@2b4a2ec7 java.text.DateFormat, o.a.a.b.c.JavaClass@73dce0e6
14:10:30.054 [main] DEBUG org.aspectj.weaver.bcel.BcelWorld - 14:10:30.054 main - o.a.w.b.BcelWorld.lookupJavaClass o.a.w.l.LTWWorld@2b4a2ec7 java.util.Locale, o.a.a.b.c.JavaClass@53dacd14
14:10:30.054 [main] DEBUG org.aspectj.weaver.bcel.BcelWorld - 14:10:30.054 main - o.a.w.b.BcelWorld.lookupJavaClass o.a.w.l.LTWWorld@2b4a2ec7 java.util.TimeZone, o.a.a.b.c.JavaClass@14d14731
14:10:30.054 [main] DEBUG org.aspectj.weaver.bcel.BcelWorld - 14:10:30.054 main - o.a.w.b.BcelWorld.lookupJavaClass o.a.w.l.LTWWorld@2b4a2ec7 io.qameta.allure.internal.shadowed.jackson.databind.jsontype.TypeIdResolver, o.a.a.b.c.JavaClass@47404bea
14:10:30.054 [main] DEBUG org.aspectj.weaver.bcel.BcelWeaver - 14:10:30.054 main < o.a.w.b.BcelWeaver.weaveAndNotify
14:10:30.054 [main] DEBUG org.aspectj.weaver.bcel.BcelWeaver - 14:10:30.054 main < o.a.w.b.BcelWeaver.weave java.util.ArrayList(1)
14:10:30.054 [main] DEBUG o.a.weaver.tools.WeavingAdaptor - 14:10:30.054 main < o.a.w.t.WeavingAdaptor.weaveClass byte[21196]
14:10:30.054 [main] DEBUG org.aspectj.weaver.Dump - 14:10:30.054 main > o.a.w.Dump.dumpOnExit o.a.w.t.WeavingAdaptor$WeavingAdaptorMessageHolder@6a6afff2
14:10:30.054 [main] DEBUG org.aspectj.weaver.Dump - 14:10:30.054 main > o.a.w.Dump.shouldDumpOnExit o.a.w.t.WeavingAdaptor$WeavingAdaptorMessageHolder@6a6afff2
14:10:30.054 [main] DEBUG org.aspectj.weaver.Dump - 14:10:30.054 main - o.a.w.Dump.shouldDumpOnExit abort
14:10:30.054 [main] DEBUG org.aspectj.weaver.Dump - 14:10:30.054 main < o.a.w.Dump.shouldDumpOnExit false
14:10:30.054 [main] DEBUG org.aspectj.weaver.Dump - 14:10:30.054 main < o.a.w.Dump.dumpOnExit Excluded
14:10:30.054 [main] DEBUG org.aspectj.weaver.loadtime.Aj - 14:10:30.054 main < o.a.w.l.Aj.preProcess byte[21196]
14:10:30.059 [main] DEBUG org.aspectj.weaver.loadtime.Aj - 14:10:30.059 main > o.a.w.l.Aj.preProcess o.a.w.l.Aj@b9afc07 io/qameta/allure/internal/shadowed/jackson/databind/DeserializationConfig, byte[32003], j.i.l.ClassLoaders$AppClassLoader@3cd1a2f1
14:10:30.059 [main] DEBUG org.aspectj.weaver.loadtime.Aj - 14:10:30.059 main - o.a.w.l.Aj.preProcess o.a.w.l.Aj@b9afc07 j.i.l.ClassLoaders$PlatformClassLoader@1ad282e0, j.i.l.ClassLoaders$AppClassLoader@3cd1a2f1
14:10:30.059 [main] DEBUG o.a.weaver.tools.WeavingAdaptor - 14:10:30.059 main > o.a.w.t.WeavingAdaptor.weaveClass o.a.w.l.ClassLoaderWeavingAdaptor@140e5a13 io/qameta/allure/internal/shadowed/jackson/databind/DeserializationConfig, byte[32003]
14:10:30.060 [main] DEBUG org.aspectj.weaver.bcel.BcelWeaver - 14:10:30.060 main > o.a.w.b.BcelWeaver.weave o.a.w.b.BcelWeaver@48524010 o.a.w.t.WeavingAdaptor$WeavingClassFileProvider@4f8caaf3
14:10:30.062 [main] DEBUG org.aspectj.weaver.bcel.BcelWorld - 14:10:30.062 main - o.a.w.b.BcelWorld.lookupJavaClass o.a.w.l.LTWWorld@2b4a2ec7 io.qameta.allure.internal.shadowed.jackson.databind.cfg.MapperConfigBase, o.a.a.b.c.JavaClass@6bb7cce7
14:10:30.063 [main] DEBUG org.aspectj.weaver.bcel.BcelWeaver - 14:10:30.062 main > o.a.w.b.BcelWeaver.weaveAndNotify o.a.w.b.BcelWeaver@48524010 o.a.w.b.UnwovenClassFile@41c62850, o.a.w.b.BcelObjectType@6b530eb9, o.a.w.t.WeavingAdaptor$WeavingClassFileProvider$1@328572f0
14:10:30.070 [main] DEBUG org.aspectj.weaver.bcel.BcelWorld - 14:10:30.070 main - o.a.w.b.BcelWorld.lookupJavaClass o.a.w.l.LTWWorld@2b4a2ec7 io.qameta.allure.internal.shadowed.jackson.databind.cfg.BaseSettings, o.a.a.b.c.JavaClass@23aae55
14:10:30.072 [main] DEBUG org.aspectj.weaver.bcel.BcelWorld - 14:10:30.072 main - o.a.w.b.BcelWorld.lookupJavaClass o.a.w.l.LTWWorld@2b4a2ec7 io.qameta.allure.internal.shadowed.jackson.databind.jsontype.SubtypeResolver, o.a.a.b.c.JavaClass@18b0930f
14:10:30.077 [main] DEBUG org.aspectj.weaver.bcel.BcelWorld - 14:10:30.077 main - o.a.w.b.BcelWorld.lookupJavaClass o.a.w.l.LTWWorld@2b4a2ec7 io.qameta.allure.internal.shadowed.jackson.databind.cfg.ContextAttributes, o.a.a.b.c.JavaClass@42f33b5d
14:10:30.077 [main] DEBUG org.aspectj.weaver.bcel.BcelWorld - 14:10:30.077 main - o.a.w.b.BcelWorld.lookupJavaClass o.a.w.l.LTWWorld@2b4a2ec7 io.qameta.allure.internal.shadowed.jackson.databind.DeserializationFeature, o.a.a.b.c.JavaClass@784b990c
14:10:30.081 [main] DEBUG org.aspectj.weaver.bcel.BcelWorld - 14:10:30.081 main - o.a.w.b.BcelWorld.lookupJavaClass o.a.w.l.LTWWorld@2b4a2ec7 io.qameta.allure.internal.shadowed.jackson.core.FormatFeature, o.a.a.b.c.JavaClass@7a9c84a5
14:10:30.081 [main] DEBUG org.aspectj.weaver.bcel.BcelWorld - 14:10:30.081 main - o.a.w.b.BcelWorld.lookupJavaClass o.a.w.l.LTWWorld@2b4a2ec7 io.qameta.allure.internal.shadowed.jackson.databind.node.JsonNodeFactory, o.a.a.b.c.JavaClass@4e858e0a
14:10:30.082 [main] DEBUG org.aspectj.weaver.bcel.BcelWorld - 14:10:30.082 main - o.a.w.b.BcelWorld.lookupJavaClass o.a.w.l.LTWWorld@2b4a2ec7 io.qameta.allure.internal.shadowed.jackson.databind.cfg.ConstructorDetector, o.a.a.b.c.JavaClass@b7838a9
14:10:30.082 [main] DEBUG org.aspectj.weaver.bcel.BcelWorld - 14:10:30.082 main - o.a.w.b.BcelWorld.lookupJavaClass o.a.w.l.LTWWorld@2b4a2ec7 io.qameta.allure.internal.shadowed.jackson.databind.deser.DeserializationProblemHandler, o.a.a.b.c.JavaClass@1c3146bc
14:10:30.082 [main] DEBUG org.aspectj.weaver.bcel.BcelWorld - 14:10:30.082 main - o.a.w.b.BcelWorld.lookupJavaClass o.a.w.l.LTWWorld@2b4a2ec7 io.qameta.allure.internal.shadowed.jackson.core.FormatSchema, o.a.a.b.c.JavaClass@52d645b1
14:10:30.083 [main] DEBUG org.aspectj.weaver.bcel.BcelWorld - 14:10:30.083 main - o.a.w.b.BcelWorld.lookupJavaClass o.a.w.l.LTWWorld@2b4a2ec7 io.qameta.allure.internal.shadowed.jackson.databind.util.LinkedNode, o.a.a.b.c.JavaClass@7e053511
14:10:30.083 [main] DEBUG org.aspectj.weaver.bcel.BcelWorld - 14:10:30.083 main - o.a.w.b.BcelWorld.lookupJavaClass o.a.w.l.LTWWorld@2b4a2ec7 io.qameta.allure.internal.shadowed.jackson.databind.jsontype.TypeDeserializer, o.a.a.b.c.JavaClass@f79a760
14:10:30.083 [main] DEBUG org.aspectj.weaver.bcel.BcelWorld - 14:10:30.083 main - o.a.w.b.BcelWorld.lookupJavaClass o.a.w.l.LTWWorld@2b4a2ec7 io.qameta.allure.internal.shadowed.jackson.databind.type.LogicalType, o.a.a.b.c.JavaClass@6e6d5d29
14:10:30.084 [main] DEBUG org.aspectj.weaver.bcel.BcelWorld - 14:10:30.083 main - o.a.w.b.BcelWorld.lookupJavaClass o.a.w.l.LTWWorld@2b4a2ec7 io.qameta.allure.internal.shadowed.jackson.databind.cfg.CoercionInputShape, o.a.a.b.c.JavaClass@3829ac1
14:10:30.084 [main] DEBUG org.aspectj.weaver.bcel.BcelWorld - 14:10:30.084 main - o.a.w.b.BcelWorld.lookupJavaClass o.a.w.l.LTWWorld@2b4a2ec7 io.qameta.allure.internal.shadowed.jackson.databind.cfg.CoercionAction, o.a.a.b.c.JavaClass@15eebbff
14:10:30.084 [main] DEBUG org.aspectj.weaver.bcel.BcelWeaver - 14:10:30.084 main < o.a.w.b.BcelWeaver.weaveAndNotify
14:10:30.084 [main] DEBUG org.aspectj.weaver.bcel.BcelWeaver - 14:10:30.084 main < o.a.w.b.BcelWeaver.weave java.util.ArrayList(1)
14:10:30.084 [main] DEBUG o.a.weaver.tools.WeavingAdaptor - 14:10:30.084 main < o.a.w.t.WeavingAdaptor.weaveClass byte[32003]
14:10:30.084 [main] DEBUG org.aspectj.weaver.Dump - 14:10:30.084 main > o.a.w.Dump.dumpOnExit o.a.w.t.WeavingAdaptor$WeavingAdaptorMessageHolder@6a6afff2
14:10:30.084 [main] DEBUG org.aspectj.weaver.Dump - 14:10:30.084 main > o.a.w.Dump.shouldDumpOnExit o.a.w.t.WeavingAdaptor$WeavingAdaptorMessageHolder@6a6afff2
14:10:30.084 [main] DEBUG org.aspectj.weaver.Dump - 14:10:30.084 main - o.a.w.Dump.shouldDumpOnExit abort
14:10:30.084 [main] DEBUG org.aspectj.weaver.Dump - 14:10:30.084 main < o.a.w.Dump.shouldDumpOnExit false
14:10:30.084 [main] DEBUG org.aspectj.weaver.Dump - 14:10:30.084 main < o.a.w.Dump.dumpOnExit Excluded
14:10:30.084 [main] DEBUG org.aspectj.weaver.loadtime.Aj - 14:10:30.084 main < o.a.w.l.Aj.preProcess byte[32003]
14:10:30.088 [main] DEBUG org.aspectj.weaver.loadtime.Aj - 14:10:30.088 main > o.a.w.l.Aj.preProcess o.a.w.l.Aj@b9afc07 io/qameta/allure/internal/shadowed/jackson/databind/cfg/MapperConfigBase, byte[33246], j.i.l.ClassLoaders$AppClassLoader@3cd1a2f1
14:10:30.088 [main] DEBUG org.aspectj.weaver.loadtime.Aj - 14:10:30.088 main - o.a.w.l.Aj.preProcess o.a.w.l.Aj@b9afc07 j.i.l.ClassLoaders$PlatformClassLoader@1ad282e0, j.i.l.ClassLoaders$AppClassLoader@3cd1a2f1
14:10:30.088 [main] DEBUG o.a.weaver.tools.WeavingAdaptor - 14:10:30.088 main > o.a.w.t.WeavingAdaptor.weaveClass o.a.w.l.ClassLoaderWeavingAdaptor@140e5a13 io/qameta/allure/internal/shadowed/jackson/databind/cfg/MapperConfigBase, byte[33246]
14:10:30.089 [main] DEBUG org.aspectj.weaver.bcel.BcelWeaver - 14:10:30.089 main > o.a.w.b.BcelWeaver.weave o.a.w.b.BcelWeaver@48524010 o.a.w.t.WeavingAdaptor$WeavingClassFileProvider@710b30ef
14:10:30.089 [main] DEBUG org.aspectj.weaver.bcel.BcelWeaver - 14:10:30.089 main > o.a.w.b.BcelWeaver.weaveAndNotify o.a.w.b.BcelWeaver@48524010 o.a.w.b.UnwovenClassFile@a68df9, o.a.w.b.BcelObjectType@28b576a9, o.a.w.t.WeavingAdaptor$WeavingClassFileProvider$1@7cf7aee
14:10:30.097 [main] DEBUG org.aspectj.weaver.bcel.BcelWorld - 14:10:30.097 main - o.a.w.b.BcelWorld.lookupJavaClass o.a.w.l.LTWWorld@2b4a2ec7 io.qameta.allure.internal.shadowed.jackson.databind.cfg.ConfigOverride, o.a.a.b.c.JavaClass@37ff4054
14:10:30.097 [main] DEBUG org.aspectj.weaver.bcel.BcelWorld - 14:10:30.097 main - o.a.w.b.BcelWorld.lookupJavaClass o.a.w.l.LTWWorld@2b4a2ec7 io.qameta.allure.internal.shadowed.jackson.annotation.JsonSetter$Value, o.a.a.b.c.JavaClass@485e36bc
14:10:30.098 [main] DEBUG org.aspectj.weaver.bcel.BcelWeaver - 14:10:30.098 main < o.a.w.b.BcelWeaver.weaveAndNotify
14:10:30.098 [main] DEBUG org.aspectj.weaver.bcel.BcelWeaver - 14:10:30.098 main < o.a.w.b.BcelWeaver.weave java.util.ArrayList(1)
14:10:30.098 [main] DEBUG o.a.weaver.tools.WeavingAdaptor - 14:10:30.098 main < o.a.w.t.WeavingAdaptor.weaveClass byte[33246]
14:10:30.098 [main] DEBUG org.aspectj.weaver.Dump - 14:10:30.098 main > o.a.w.Dump.dumpOnExit o.a.w.t.WeavingAdaptor$WeavingAdaptorMessageHolder@6a6afff2
14:10:30.098 [main] DEBUG org.aspectj.weaver.Dump - 14:10:30.098 main > o.a.w.Dump.shouldDumpOnExit o.a.w.t.WeavingAdaptor$WeavingAdaptorMessageHolder@6a6afff2
14:10:30.098 [main] DEBUG org.aspectj.weaver.Dump - 14:10:30.098 main - o.a.w.Dump.shouldDumpOnExit abort
14:10:30.098 [main] DEBUG org.aspectj.weaver.Dump - 14:10:30.098 main < o.a.w.Dump.shouldDumpOnExit false
14:10:30.098 [main] DEBUG org.aspectj.weaver.Dump - 14:10:30.098 main < o.a.w.Dump.dumpOnExit Excluded
14:10:30.098 [main] DEBUG org.aspectj.weaver.loadtime.Aj - 14:10:30.098 main < o.a.w.l.Aj.preProcess byte[33246]
14:10:30.101 [main] DEBUG org.aspectj.weaver.loadtime.Aj - 14:10:30.101 main > o.a.w.l.Aj.preProcess o.a.w.l.Aj@b9afc07 io/qameta/allure/internal/shadowed/jackson/databind/SerializationConfig, byte[24032], j.i.l.ClassLoaders$AppClassLoader@3cd1a2f1
14:10:30.101 [main] DEBUG org.aspectj.weaver.loadtime.Aj - 14:10:30.101 main - o.a.w.l.Aj.preProcess o.a.w.l.Aj@b9afc07 j.i.l.ClassLoaders$PlatformClassLoader@1ad282e0, j.i.l.ClassLoaders$AppClassLoader@3cd1a2f1
14:10:30.101 [main] DEBUG o.a.weaver.tools.WeavingAdaptor - 14:10:30.101 main > o.a.w.t.WeavingAdaptor.weaveClass o.a.w.l.ClassLoaderWeavingAdaptor@140e5a13 io/qameta/allure/internal/shadowed/jackson/databind/SerializationConfig, byte[24032]
14:10:30.102 [main] DEBUG org.aspectj.weaver.bcel.BcelWeaver - 14:10:30.101 main > o.a.w.b.BcelWeaver.weave o.a.w.b.BcelWeaver@48524010 o.a.w.t.WeavingAdaptor$WeavingClassFileProvider@3ecedf21
14:10:30.102 [main] DEBUG org.aspectj.weaver.bcel.BcelWeaver - 14:10:30.102 main > o.a.w.b.BcelWeaver.weaveAndNotify o.a.w.b.BcelWeaver@48524010 o.a.w.b.UnwovenClassFile@74cf8b28, o.a.w.b.BcelObjectType@36c54a56, o.a.w.t.WeavingAdaptor$WeavingClassFileProvider$1@3359c978
14:10:30.104 [main] DEBUG org.aspectj.weaver.bcel.BcelWorld - 14:10:30.104 main - o.a.w.b.BcelWorld.lookupJavaClass o.a.w.l.LTWWorld@2b4a2ec7 io.qameta.allure.internal.shadowed.jackson.databind.SerializationFeature, o.a.a.b.c.JavaClass@7096b474
14:10:30.104 [main] DEBUG org.aspectj.weaver.bcel.BcelWorld - 14:10:30.104 main - o.a.w.b.BcelWorld.lookupJavaClass o.a.w.l.LTWWorld@2b4a2ec7 io.qameta.allure.internal.shadowed.jackson.databind.ser.FilterProvider, o.a.a.b.c.JavaClass@f478a81
14:10:30.104 [main] DEBUG org.aspectj.weaver.bcel.BcelWorld - 14:10:30.104 main - o.a.w.b.BcelWorld.lookupJavaClass o.a.w.l.LTWWorld@2b4a2ec7 io.qameta.allure.internal.shadowed.jackson.annotation.JsonInclude$Include, o.a.a.b.c.JavaClass@64a8c844
14:10:30.104 [main] DEBUG org.aspectj.weaver.bcel.BcelWeaver - 14:10:30.104 main < o.a.w.b.BcelWeaver.weaveAndNotify
14:10:30.104 [main] DEBUG org.aspectj.weaver.bcel.BcelWeaver - 14:10:30.104 main < o.a.w.b.BcelWeaver.weave java.util.ArrayList(1)
14:10:30.104 [main] DEBUG o.a.weaver.tools.WeavingAdaptor - 14:10:30.104 main < o.a.w.t.WeavingAdaptor.weaveClass byte[24032]
14:10:30.104 [main] DEBUG org.aspectj.weaver.Dump - 14:10:30.104 main > o.a.w.Dump.dumpOnExit o.a.w.t.WeavingAdaptor$WeavingAdaptorMessageHolder@6a6afff2
14:10:30.210 [main] DEBUG org.aspectj.weaver.Dump - 14:10:30.104 main > o.a.w.Dump.shouldDumpOnExit o.a.w.t.WeavingAdaptor$WeavingAdaptorMessageHolder@6a6afff2
14:10:30.210 [main] DEBUG org.aspectj.weaver.Dump - 14:10:30.210 main - o.a.w.Dump.shouldDumpOnExit abort
14:10:30.210 [main] DEBUG org.aspectj.weaver.Dump - 14:10:30.210 main < o.a.w.Dump.shouldDumpOnExit false
14:10:30.210 [main] DEBUG org.aspectj.weaver.Dump - 14:10:30.210 main < o.a.w.Dump.dumpOnExit Excluded
14:10:30.210 [main] DEBUG org.aspectj.weaver.loadtime.Aj - 14:10:30.210 main < o.a.w.l.Aj.preProcess byte[24032]
14:10:30.213 [main] DEBUG org.aspectj.weaver.loadtime.Aj - 14:10:30.213 main > o.a.w.l.Aj.preProcess o.a.w.l.Aj@b9afc07 io/qameta/allure/internal/shadowed/jackson/databind/introspect/AnnotatedClassResolver, byte[14275], j.i.l.ClassLoaders$AppClassLoader@3cd1a2f1
14:10:30.213 [main] DEBUG org.aspectj.weaver.loadtime.Aj - 14:10:30.213 main - o.a.w.l.Aj.preProcess o.a.w.l.Aj@b9afc07 j.i.l.ClassLoaders$PlatformClassLoader@1ad282e0, j.i.l.ClassLoaders$AppClassLoader@3cd1a2f1
14:10:30.213 [main] DEBUG o.a.weaver.tools.WeavingAdaptor - 14:10:30.213 main > o.a.w.t.WeavingAdaptor.weaveClass o.a.w.l.ClassLoaderWeavingAdaptor@140e5a13 io/qameta/allure/internal/shadowed/jackson/databind/introspect/AnnotatedClassResolver, byte[14275]
14:10:30.213 [main] DEBUG org.aspectj.weaver.bcel.BcelWeaver - 14:10:30.213 main > o.a.w.b.BcelWeaver.weave o.a.w.b.BcelWeaver@48524010 o.a.w.t.WeavingAdaptor$WeavingClassFileProvider@2fb69ff6
14:10:30.214 [main] DEBUG org.aspectj.weaver.bcel.BcelWeaver - 14:10:30.214 main > o.a.w.b.BcelWeaver.weaveAndNotify o.a.w.b.BcelWeaver@48524010 o.a.w.b.UnwovenClassFile@cda4919, o.a.w.b.BcelObjectType@7f4d9395, o.a.w.t.WeavingAdaptor$WeavingClassFileProvider$1@2f19f2aa
14:10:30.218 [main] DEBUG org.aspectj.weaver.bcel.BcelWorld - 14:10:30.218 main - o.a.w.b.BcelWorld.lookupJavaClass o.a.w.l.LTWWorld@2b4a2ec7 io.qameta.allure.internal.shadowed.jackson.databind.introspect.AnnotationCollector, o.a.a.b.c.JavaClass@718607eb
14:10:30.219 [main] DEBUG org.aspectj.weaver.bcel.BcelWeaver - 14:10:30.219 main < o.a.w.b.BcelWeaver.weaveAndNotify
14:10:30.219 [main] DEBUG org.aspectj.weaver.bcel.BcelWeaver - 14:10:30.219 main < o.a.w.b.BcelWeaver.weave java.util.ArrayList(1)
14:10:30.219 [main] DEBUG o.a.weaver.tools.WeavingAdaptor - 14:10:30.219 main < o.a.w.t.WeavingAdaptor.weaveClass byte[14275]
14:10:30.219 [main] DEBUG org.aspectj.weaver.Dump - 14:10:30.219 main > o.a.w.Dump.dumpOnExit o.a.w.t.WeavingAdaptor$WeavingAdaptorMessageHolder@6a6afff2
14:10:30.219 [main] DEBUG org.aspectj.weaver.Dump - 14:10:30.219 main > o.a.w.Dump.shouldDumpOnExit o.a.w.t.WeavingAdaptor$WeavingAdaptorMessageHolder@6a6afff2
14:10:30.219 [main] DEBUG org.aspectj.weaver.Dump - 14:10:30.219 main - o.a.w.Dump.shouldDumpOnExit abort
14:10:30.219 [main] DEBUG org.aspectj.weaver.Dump - 14:10:30.219 main < o.a.w.Dump.shouldDumpOnExit false
14:10:30.219 [main] DEBUG org.aspectj.weaver.Dump - 14:10:30.219 main < o.a.w.Dump.dumpOnExit Excluded
14:10:30.219 [main] DEBUG org.aspectj.weaver.loadtime.Aj - 14:10:30.219 main < o.a.w.l.Aj.preProcess byte[14275]
14:10:30.222 [main] DEBUG org.aspectj.weaver.loadtime.Aj - 14:10:30.222 main > o.a.w.l.Aj.preProcess o.a.w.l.Aj@b9afc07 io/qameta/allure/internal/shadowed/jackson/databind/introspect/AnnotationCollector, byte[2482], j.i.l.ClassLoaders$AppClassLoader@3cd1a2f1
14:10:30.222 [main] DEBUG org.aspectj.weaver.loadtime.Aj - 14:10:30.222 main - o.a.w.l.Aj.preProcess o.a.w.l.Aj@b9afc07 j.i.l.ClassLoaders$PlatformClassLoader@1ad282e0, j.i.l.ClassLoaders$AppClassLoader@3cd1a2f1
14:10:30.222 [main] DEBUG o.a.weaver.tools.WeavingAdaptor - 14:10:30.222 main > o.a.w.t.WeavingAdaptor.weaveClass o.a.w.l.ClassLoaderWeavingAdaptor@140e5a13 io/qameta/allure/internal/shadowed/jackson/databind/introspect/AnnotationCollector, byte[2482]
14:10:30.222 [main] DEBUG org.aspectj.weaver.bcel.BcelWeaver - 14:10:30.222 main > o.a.w.b.BcelWeaver.weave o.a.w.b.BcelWeaver@48524010 o.a.w.t.WeavingAdaptor$WeavingClassFileProvider@5d10455d
14:10:30.222 [main] DEBUG org.aspectj.weaver.bcel.BcelWeaver - 14:10:30.222 main > o.a.w.b.BcelWeaver.weaveAndNotify o.a.w.b.BcelWeaver@48524010 o.a.w.b.UnwovenClassFile@535b8c24, o.a.w.b.BcelObjectType@4a951911, o.a.w.t.WeavingAdaptor$WeavingClassFileProvider$1@55b62629
14:10:30.225 [main] DEBUG org.aspectj.weaver.bcel.BcelWeaver - 14:10:30.225 main < o.a.w.b.BcelWeaver.weaveAndNotify
14:10:30.225 [main] DEBUG org.aspectj.weaver.bcel.BcelWeaver - 14:10:30.225 main < o.a.w.b.BcelWeaver.weave java.util.ArrayList(1)
14:10:30.225 [main] DEBUG o.a.weaver.tools.WeavingAdaptor - 14:10:30.225 main < o.a.w.t.WeavingAdaptor.weaveClass byte[2482]
14:10:30.225 [main] DEBUG org.aspectj.weaver.Dump - 14:10:30.225 main > o.a.w.Dump.dumpOnExit o.a.w.t.WeavingAdaptor$WeavingAdaptorMessageHolder@6a6afff2
14:10:30.225 [main] DEBUG org.aspectj.weaver.Dump - 14:10:30.225 main > o.a.w.Dump.shouldDumpOnExit o.a.w.t.WeavingAdaptor$WeavingAdaptorMessageHolder@6a6afff2
14:10:30.225 [main] DEBUG org.aspectj.weaver.Dump - 14:10:30.225 main - o.a.w.Dump.shouldDumpOnExit abort
14:10:30.225 [main] DEBUG org.aspectj.weaver.Dump - 14:10:30.225 main < o.a.w.Dump.shouldDumpOnExit false
14:10:30.225 [main] DEBUG org.aspectj.weaver.Dump - 14:10:30.225 main < o.a.w.Dump.dumpOnExit Excluded
14:10:30.225 [main] DEBUG org.aspectj.weaver.loadtime.Aj - 14:10:30.225 main < o.a.w.l.Aj.preProcess byte[2482]
14:10:30.227 [main] DEBUG org.aspectj.weaver.loadtime.Aj - 14:10:30.227 main > o.a.w.l.Aj.preProcess o.a.w.l.Aj@b9afc07 io/qameta/allure/internal/shadowed/jackson/databind/util/Annotations, byte[520], j.i.l.ClassLoaders$AppClassLoader@3cd1a2f1
14:10:30.227 [main] DEBUG org.aspectj.weaver.loadtime.Aj - 14:10:30.227 main - o.a.w.l.Aj.preProcess o.a.w.l.Aj@b9afc07 j.i.l.ClassLoaders$PlatformClassLoader@1ad282e0, j.i.l.ClassLoaders$AppClassLoader@3cd1a2f1
14:10:30.227 [main] DEBUG o.a.weaver.tools.WeavingAdaptor - 14:10:30.227 main > o.a.w.t.WeavingAdaptor.weaveClass o.a.w.l.ClassLoaderWeavingAdaptor@140e5a13 io/qameta/allure/internal/shadowed/jackson/databind/util/Annotations, byte[520]
14:10:30.232 [main] DEBUG org.aspectj.weaver.bcel.BcelWeaver - 14:10:30.232 main > o.a.w.b.BcelWeaver.weave o.a.w.b.BcelWeaver@48524010 o.a.w.t.WeavingAdaptor$WeavingClassFileProvider@20921b9b
14:10:30.232 [main] DEBUG org.aspectj.weaver.bcel.BcelWeaver - 14:10:30.232 main > o.a.w.b.BcelWeaver.weaveAndNotify o.a.w.b.BcelWeaver@48524010 o.a.w.b.UnwovenClassFile@867ba60, o.a.w.b.BcelObjectType@5ba745bc, o.a.w.t.WeavingAdaptor$WeavingClassFileProvider$1@654b72c0
14:10:30.233 [main] DEBUG org.aspectj.weaver.bcel.BcelWeaver - 14:10:30.233 main < o.a.w.b.BcelWeaver.weaveAndNotify
14:10:30.233 [main] DEBUG org.aspectj.weaver.bcel.BcelWeaver - 14:10:30.233 main < o.a.w.b.BcelWeaver.weave java.util.ArrayList(1)
14:10:30.233 [main] DEBUG o.a.weaver.tools.WeavingAdaptor - 14:10:30.233 main < o.a.w.t.WeavingAdaptor.weaveClass byte[520]
14:10:30.233 [main] DEBUG org.aspectj.weaver.Dump - 14:10:30.233 main > o.a.w.Dump.dumpOnExit o.a.w.t.WeavingAdaptor$WeavingAdaptorMessageHolder@6a6afff2
14:10:30.233 [main] DEBUG org.aspectj.weaver.Dump - 14:10:30.233 main > o.a.w.Dump.shouldDumpOnExit o.a.w.t.WeavingAdaptor$WeavingAdaptorMessageHolder@6a6afff2
14:10:30.233 [main] DEBUG org.aspectj.weaver.Dump - 14:10:30.233 main - o.a.w.Dump.shouldDumpOnExit abort
14:10:30.233 [main] DEBUG org.aspectj.weaver.Dump - 14:10:30.233 main < o.a.w.Dump.shouldDumpOnExit false
14:10:30.233 [main] DEBUG org.aspectj.weaver.Dump - 14:10:30.233 main < o.a.w.Dump.dumpOnExit Excluded
14:10:30.233 [main] DEBUG org.aspectj.weaver.loadtime.Aj - 14:10:30.233 main < o.a.w.l.Aj.preProcess byte[520]
14:10:30.234 [main] DEBUG org.aspectj.weaver.loadtime.Aj - 14:10:30.234 main > o.a.w.l.Aj.preProcess o.a.w.l.Aj@b9afc07 io/qameta/allure/internal/shadowed/jackson/databind/introspect/AnnotationCollector$EmptyCollector, byte[1914], j.i.l.ClassLoaders$AppClassLoader@3cd1a2f1
14:10:30.235 [main] DEBUG org.aspectj.weaver.loadtime.Aj - 14:10:30.235 main - o.a.w.l.Aj.preProcess o.a.w.l.Aj@b9afc07 j.i.l.ClassLoaders$PlatformClassLoader@1ad282e0, j.i.l.ClassLoaders$AppClassLoader@3cd1a2f1
14:10:30.235 [main] DEBUG o.a.weaver.tools.WeavingAdaptor - 14:10:30.235 main > o.a.w.t.WeavingAdaptor.weaveClass o.a.w.l.ClassLoaderWeavingAdaptor@140e5a13 io/qameta/allure/internal/shadowed/jackson/databind/introspect/AnnotationCollector$EmptyCollector, byte[1914]
14:10:30.235 [main] DEBUG org.aspectj.weaver.bcel.BcelWeaver - 14:10:30.235 main > o.a.w.b.BcelWeaver.weave o.a.w.b.BcelWeaver@48524010 o.a.w.t.WeavingAdaptor$WeavingClassFileProvider@3f3c7bdb
14:10:30.235 [main] DEBUG org.aspectj.weaver.bcel.BcelWeaver - 14:10:30.235 main > o.a.w.b.BcelWeaver.weaveAndNotify o.a.w.b.BcelWeaver@48524010 o.a.w.b.UnwovenClassFile@456abb66, o.a.w.b.BcelObjectType@2a3a299, o.a.w.t.WeavingAdaptor$WeavingClassFileProvider$1@7da10b5b
14:10:30.236 [main] DEBUG org.aspectj.weaver.bcel.BcelWeaver - 14:10:30.236 main < o.a.w.b.BcelWeaver.weaveAndNotify
14:10:30.236 [main] DEBUG org.aspectj.weaver.bcel.BcelWeaver - 14:10:30.236 main < o.a.w.b.BcelWeaver.weave java.util.ArrayList(1)
14:10:30.236 [main] DEBUG o.a.weaver.tools.WeavingAdaptor - 14:10:30.236 main < o.a.w.t.WeavingAdaptor.weaveClass byte[1914]
14:10:30.236 [main] DEBUG org.aspectj.weaver.Dump - 14:10:30.236 main > o.a.w.Dump.dumpOnExit o.a.w.t.WeavingAdaptor$WeavingAdaptorMessageHolder@6a6afff2
14:10:30.236 [main] DEBUG org.aspectj.weaver.Dump - 14:10:30.236 main > o.a.w.Dump.shouldDumpOnExit o.a.w.t.WeavingAdaptor$WeavingAdaptorMessageHolder@6a6afff2
14:10:30.236 [main] DEBUG org.aspectj.weaver.Dump - 14:10:30.236 main - o.a.w.Dump.shouldDumpOnExit abort
14:10:30.236 [main] DEBUG org.aspectj.weaver.Dump - 14:10:30.236 main < o.a.w.Dump.shouldDumpOnExit false
14:10:30.236 [main] DEBUG org.aspectj.weaver.Dump - 14:10:30.236 main < o.a.w.Dump.dumpOnExit Excluded
14:10:30.236 [main] DEBUG org.aspectj.weaver.loadtime.Aj - 14:10:30.236 main < o.a.w.l.Aj.preProcess byte[1914]
14:10:30.238 [main] DEBUG org.aspectj.weaver.loadtime.Aj - 14:10:30.237 main > o.a.w.l.Aj.preProcess o.a.w.l.Aj@b9afc07 io/qameta/allure/internal/shadowed/jackson/databind/introspect/AnnotationCollector$NoAnnotations, byte[1574], j.i.l.ClassLoaders$AppClassLoader@3cd1a2f1
14:10:30.241 [main] DEBUG org.aspectj.weaver.loadtime.Aj - 14:10:30.241 main - o.a.w.l.Aj.preProcess o.a.w.l.Aj@b9afc07 j.i.l.ClassLoaders$PlatformClassLoader@1ad282e0, j.i.l.ClassLoaders$AppClassLoader@3cd1a2f1
14:10:30.241 [main] DEBUG o.a.weaver.tools.WeavingAdaptor - 14:10:30.241 main > o.a.w.t.WeavingAdaptor.weaveClass o.a.w.l.ClassLoaderWeavingAdaptor@140e5a13 io/qameta/allure/internal/shadowed/jackson/databind/introspect/AnnotationCollector$NoAnnotations, byte[1574]
14:10:30.241 [main] DEBUG org.aspectj.weaver.bcel.BcelWeaver - 14:10:30.241 main > o.a.w.b.BcelWeaver.weave o.a.w.b.BcelWeaver@48524010 o.a.w.t.WeavingAdaptor$WeavingClassFileProvider@70d8de
14:10:30.242 [main] DEBUG org.aspectj.weaver.bcel.BcelWeaver - 14:10:30.242 main > o.a.w.b.BcelWeaver.weaveAndNotify o.a.w.b.BcelWeaver@48524010 o.a.w.b.UnwovenClassFile@42561fba, o.a.w.b.BcelObjectType@595f4da5, o.a.w.t.WeavingAdaptor$WeavingClassFileProvider$1@46b695ec
14:10:30.245 [main] DEBUG org.aspectj.weaver.bcel.BcelWeaver - 14:10:30.245 main < o.a.w.b.BcelWeaver.weaveAndNotify
14:10:30.245 [main] DEBUG org.aspectj.weaver.bcel.BcelWeaver - 14:10:30.245 main < o.a.w.b.BcelWeaver.weave java.util.ArrayList(1)
14:10:30.245 [main] DEBUG o.a.weaver.tools.WeavingAdaptor - 14:10:30.245 main < o.a.w.t.WeavingAdaptor.weaveClass byte[1574]
14:10:30.245 [main] DEBUG org.aspectj.weaver.Dump - 14:10:30.245 main > o.a.w.Dump.dumpOnExit o.a.w.t.WeavingAdaptor$WeavingAdaptorMessageHolder@6a6afff2
14:10:30.245 [main] DEBUG org.aspectj.weaver.Dump - 14:10:30.245 main > o.a.w.Dump.shouldDumpOnExit o.a.w.t.WeavingAdaptor$WeavingAdaptorMessageHolder@6a6afff2
14:10:30.245 [main] DEBUG org.aspectj.weaver.Dump - 14:10:30.245 main - o.a.w.Dump.shouldDumpOnExit abort
14:10:30.245 [main] DEBUG org.aspectj.weaver.Dump - 14:10:30.245 main < o.a.w.Dump.shouldDumpOnExit false
14:10:30.245 [main] DEBUG org.aspectj.weaver.Dump - 14:10:30.245 main < o.a.w.Dump.dumpOnExit Excluded
14:10:30.245 [main] DEBUG org.aspectj.weaver.loadtime.Aj - 14:10:30.245 main < o.a.w.l.Aj.preProcess byte[1574]
14:10:30.250 [main] DEBUG org.aspectj.weaver.loadtime.Aj - 14:10:30.250 main > o.a.w.l.Aj.preProcess o.a.w.l.Aj@b9afc07 io/qameta/allure/internal/shadowed/jackson/databind/introspect/AnnotatedClass$Creators, byte[1554], j.i.l.ClassLoaders$AppClassLoader@3cd1a2f1
14:10:30.250 [main] DEBUG org.aspectj.weaver.loadtime.Aj - 14:10:30.250 main - o.a.w.l.Aj.preProcess o.a.w.l.Aj@b9afc07 j.i.l.ClassLoaders$PlatformClassLoader@1ad282e0, j.i.l.ClassLoaders$AppClassLoader@3cd1a2f1
14:10:30.250 [main] DEBUG o.a.weaver.tools.WeavingAdaptor - 14:10:30.250 main > o.a.w.t.WeavingAdaptor.weaveClass o.a.w.l.ClassLoaderWeavingAdaptor@140e5a13 io/qameta/allure/internal/shadowed/jackson/databind/introspect/AnnotatedClass$Creators, byte[1554]
14:10:30.250 [main] DEBUG org.aspectj.weaver.bcel.BcelWeaver - 14:10:30.250 main > o.a.w.b.BcelWeaver.weave o.a.w.b.BcelWeaver@48524010 o.a.w.t.WeavingAdaptor$WeavingClassFileProvider@62d0ac62
14:10:30.250 [main] DEBUG org.aspectj.weaver.bcel.BcelWeaver - 14:10:30.250 main > o.a.w.b.BcelWeaver.weaveAndNotify o.a.w.b.BcelWeaver@48524010 o.a.w.b.UnwovenClassFile@150d80c4, o.a.w.b.BcelObjectType@6826c41e, o.a.w.t.WeavingAdaptor$WeavingClassFileProvider$1@3003697
14:10:30.255 [main] DEBUG org.aspectj.weaver.bcel.BcelWeaver - 14:10:30.255 main < o.a.w.b.BcelWeaver.weaveAndNotify
14:10:30.255 [main] DEBUG org.aspectj.weaver.bcel.BcelWeaver - 14:10:30.255 main < o.a.w.b.BcelWeaver.weave java.util.ArrayList(1)
14:10:30.255 [main] DEBUG o.a.weaver.tools.WeavingAdaptor - 14:10:30.255 main < o.a.w.t.WeavingAdaptor.weaveClass byte[1554]
14:10:30.255 [main] DEBUG org.aspectj.weaver.Dump - 14:10:30.255 main > o.a.w.Dump.dumpOnExit o.a.w.t.WeavingAdaptor$WeavingAdaptorMessageHolder@6a6afff2
14:10:30.255 [main] DEBUG org.aspectj.weaver.Dump - 14:10:30.255 main > o.a.w.Dump.shouldDumpOnExit o.a.w.t.WeavingAdaptor$WeavingAdaptorMessageHolder@6a6afff2
14:10:30.255 [main] DEBUG org.aspectj.weaver.Dump - 14:10:30.255 main - o.a.w.Dump.shouldDumpOnExit abort
14:10:30.255 [main] DEBUG org.aspectj.weaver.Dump - 14:10:30.255 main < o.a.w.Dump.shouldDumpOnExit false
14:10:30.255 [main] DEBUG org.aspectj.weaver.Dump - 14:10:30.255 main < o.a.w.Dump.dumpOnExit Excluded
14:10:30.255 [main] DEBUG org.aspectj.weaver.loadtime.Aj - 14:10:30.255 main < o.a.w.l.Aj.preProcess byte[1554]
14:10:30.257 [main] DEBUG org.aspectj.weaver.loadtime.Aj - 14:10:30.257 main > o.a.w.l.Aj.preProcess o.a.w.l.Aj@b9afc07 io/qameta/allure/internal/shadowed/jackson/databind/introspect/AnnotatedConstructor, byte[8376], j.i.l.ClassLoaders$AppClassLoader@3cd1a2f1
14:10:30.258 [main] DEBUG org.aspectj.weaver.loadtime.Aj - 14:10:30.258 main - o.a.w.l.Aj.preProcess o.a.w.l.Aj@b9afc07 j.i.l.ClassLoaders$PlatformClassLoader@1ad282e0, j.i.l.ClassLoaders$AppClassLoader@3cd1a2f1
14:10:30.258 [main] DEBUG o.a.weaver.tools.WeavingAdaptor - 14:10:30.258 main > o.a.w.t.WeavingAdaptor.weaveClass o.a.w.l.ClassLoaderWeavingAdaptor@140e5a13 io/qameta/allure/internal/shadowed/jackson/databind/introspect/AnnotatedConstructor, byte[8376]
14:10:30.258 [main] DEBUG org.aspectj.weaver.bcel.BcelWeaver - 14:10:30.258 main > o.a.w.b.BcelWeaver.weave o.a.w.b.BcelWeaver@48524010 o.a.w.t.WeavingAdaptor$WeavingClassFileProvider@1e7f2e0f
14:10:30.258 [main] DEBUG org.aspectj.weaver.bcel.BcelWorld - 14:10:30.258 main - o.a.w.b.BcelWorld.lookupJavaClass o.a.w.l.LTWWorld@2b4a2ec7 io.qameta.allure.internal.shadowed.jackson.databind.introspect.AnnotatedWithParams, o.a.a.b.c.JavaClass@36546a22
14:10:30.259 [main] DEBUG org.aspectj.weaver.bcel.BcelWeaver - 14:10:30.258 main > o.a.w.b.BcelWeaver.weaveAndNotify o.a.w.b.BcelWeaver@48524010 o.a.w.b.UnwovenClassFile@1da6ee17, o.a.w.b.BcelObjectType@78d39a69, o.a.w.t.WeavingAdaptor$WeavingClassFileProvider$1@3c818ac4
14:10:30.260 [main] DEBUG org.aspectj.weaver.bcel.BcelWorld - 14:10:30.260 main - o.a.w.b.BcelWorld.lookupJavaClass o.a.w.l.LTWWorld@2b4a2ec7 java.lang.reflect.Member, o.a.a.b.c.JavaClass@4da855dd
14:10:30.261 [main] DEBUG org.aspectj.weaver.bcel.BcelWeaver - 14:10:30.261 main < o.a.w.b.BcelWeaver.weaveAndNotify
14:10:30.261 [main] DEBUG org.aspectj.weaver.bcel.BcelWeaver - 14:10:30.261 main < o.a.w.b.BcelWeaver.weave java.util.ArrayList(1)
14:10:30.261 [main] DEBUG o.a.weaver.tools.WeavingAdaptor - 14:10:30.261 main < o.a.w.t.WeavingAdaptor.weaveClass byte[8376]
14:10:30.261 [main] DEBUG org.aspectj.weaver.Dump - 14:10:30.261 main > o.a.w.Dump.dumpOnExit o.a.w.t.WeavingAdaptor$WeavingAdaptorMessageHolder@6a6afff2
14:10:30.261 [main] DEBUG org.aspectj.weaver.Dump - 14:10:30.261 main > o.a.w.Dump.shouldDumpOnExit o.a.w.t.WeavingAdaptor$WeavingAdaptorMessageHolder@6a6afff2
14:10:30.261 [main] DEBUG org.aspectj.weaver.Dump - 14:10:30.261 main - o.a.w.Dump.shouldDumpOnExit abort
14:10:30.261 [main] DEBUG org.aspectj.weaver.Dump - 14:10:30.261 main < o.a.w.Dump.shouldDumpOnExit false
14:10:30.261 [main] DEBUG org.aspectj.weaver.Dump - 14:10:30.261 main < o.a.w.Dump.dumpOnExit Excluded
14:10:30.261 [main] DEBUG org.aspectj.weaver.loadtime.Aj - 14:10:30.261 main < o.a.w.l.Aj.preProcess byte[8376]
14:10:30.264 [main] DEBUG org.aspectj.weaver.loadtime.Aj - 14:10:30.264 main > o.a.w.l.Aj.preProcess o.a.w.l.Aj@b9afc07 io/qameta/allure/internal/shadowed/jackson/databind/introspect/AnnotatedParameter, byte[5146], j.i.l.ClassLoaders$AppClassLoader@3cd1a2f1
14:10:30.264 [main] DEBUG org.aspectj.weaver.loadtime.Aj - 14:10:30.264 main - o.a.w.l.Aj.preProcess o.a.w.l.Aj@b9afc07 j.i.l.ClassLoaders$PlatformClassLoader@1ad282e0, j.i.l.ClassLoaders$AppClassLoader@3cd1a2f1
14:10:30.264 [main] DEBUG o.a.weaver.tools.WeavingAdaptor - 14:10:30.264 main > o.a.w.t.WeavingAdaptor.weaveClass o.a.w.l.ClassLoaderWeavingAdaptor@140e5a13 io/qameta/allure/internal/shadowed/jackson/databind/introspect/AnnotatedParameter, byte[5146]
14:10:30.264 [main] DEBUG org.aspectj.weaver.bcel.BcelWeaver - 14:10:30.264 main > o.a.w.b.BcelWeaver.weave o.a.w.b.BcelWeaver@48524010 o.a.w.t.WeavingAdaptor$WeavingClassFileProvider@6bfdb014
14:10:30.264 [main] DEBUG org.aspectj.weaver.bcel.BcelWeaver - 14:10:30.264 main > o.a.w.b.BcelWeaver.weaveAndNotify o.a.w.b.BcelWeaver@48524010 o.a.w.b.UnwovenClassFile@72889280, o.a.w.b.BcelObjectType@606fc505, o.a.w.t.WeavingAdaptor$WeavingClassFileProvider$1@4aa3d36
14:10:30.266 [main] DEBUG org.aspectj.weaver.bcel.BcelWorld - 14:10:30.266 main - o.a.w.b.BcelWorld.lookupJavaClass o.a.w.l.LTWWorld@2b4a2ec7 java.lang.reflect.AnnotatedElement, o.a.a.b.c.JavaClass@347bdeef
14:10:30.267 [main] DEBUG org.aspectj.weaver.bcel.BcelWeaver - 14:10:30.267 main < o.a.w.b.BcelWeaver.weaveAndNotify
14:10:30.267 [main] DEBUG org.aspectj.weaver.bcel.BcelWeaver - 14:10:30.267 main < o.a.w.b.BcelWeaver.weave java.util.ArrayList(1)
14:10:30.267 [main] DEBUG o.a.weaver.tools.WeavingAdaptor - 14:10:30.267 main < o.a.w.t.WeavingAdaptor.weaveClass byte[5146]
14:10:30.267 [main] DEBUG org.aspectj.weaver.Dump - 14:10:30.267 main > o.a.w.Dump.dumpOnExit o.a.w.t.WeavingAdaptor$WeavingAdaptorMessageHolder@6a6afff2
14:10:30.267 [main] DEBUG org.aspectj.weaver.Dump - 14:10:30.267 main > o.a.w.Dump.shouldDumpOnExit o.a.w.t.WeavingAdaptor$WeavingAdaptorMessageHolder@6a6afff2
14:10:30.267 [main] DEBUG org.aspectj.weaver.Dump - 14:10:30.267 main - o.a.w.Dump.shouldDumpOnExit abort
14:10:30.267 [main] DEBUG org.aspectj.weaver.Dump - 14:10:30.267 main < o.a.w.Dump.shouldDumpOnExit false
14:10:30.267 [main] DEBUG org.aspectj.weaver.Dump - 14:10:30.267 main < o.a.w.Dump.dumpOnExit Excluded
14:10:30.267 [main] DEBUG org.aspectj.weaver.loadtime.Aj - 14:10:30.267 main < o.a.w.l.Aj.preProcess byte[5146]
14:10:30.269 [main] DEBUG org.aspectj.weaver.loadtime.Aj - 14:10:30.269 main > o.a.w.l.Aj.preProcess o.a.w.l.Aj@b9afc07 io/qameta/allure/internal/shadowed/jackson/databind/cfg/ConfigOverrides, byte[9044], j.i.l.ClassLoaders$AppClassLoader@3cd1a2f1
14:10:30.270 [main] DEBUG org.aspectj.weaver.loadtime.Aj - 14:10:30.270 main - o.a.w.l.Aj.preProcess o.a.w.l.Aj@b9afc07 j.i.l.ClassLoaders$PlatformClassLoader@1ad282e0, j.i.l.ClassLoaders$AppClassLoader@3cd1a2f1
14:10:30.270 [main] DEBUG o.a.weaver.tools.WeavingAdaptor - 14:10:30.270 main > o.a.w.t.WeavingAdaptor.weaveClass o.a.w.l.ClassLoaderWeavingAdaptor@140e5a13 io/qameta/allure/internal/shadowed/jackson/databind/cfg/ConfigOverrides, byte[9044]
14:10:30.270 [main] DEBUG org.aspectj.weaver.bcel.BcelWeaver - 14:10:30.270 main > o.a.w.b.BcelWeaver.weave o.a.w.b.BcelWeaver@48524010 o.a.w.t.WeavingAdaptor$WeavingClassFileProvider@1d8e2eea
14:10:30.270 [main] DEBUG org.aspectj.weaver.bcel.BcelWeaver - 14:10:30.270 main > o.a.w.b.BcelWeaver.weaveAndNotify o.a.w.b.BcelWeaver@48524010 o.a.w.b.UnwovenClassFile@240139e1, o.a.w.b.BcelObjectType@7ea4d397, o.a.w.t.WeavingAdaptor$WeavingClassFileProvider$1@49298ce7
14:10:30.271 [main] DEBUG org.aspectj.weaver.bcel.BcelWorld - 14:10:30.271 main - o.a.w.b.BcelWorld.lookupJavaClass o.a.w.l.LTWWorld@2b4a2ec7 io.qameta.allure.internal.shadowed.jackson.databind.cfg.MutableConfigOverride, o.a.a.b.c.JavaClass@1506f20f
14:10:30.272 [main] DEBUG org.aspectj.weaver.bcel.BcelWeaver - 14:10:30.272 main < o.a.w.b.BcelWeaver.weaveAndNotify
14:10:30.272 [main] DEBUG org.aspectj.weaver.bcel.BcelWeaver - 14:10:30.272 main < o.a.w.b.BcelWeaver.weave java.util.ArrayList(1)
14:10:30.272 [main] DEBUG o.a.weaver.tools.WeavingAdaptor - 14:10:30.272 main < o.a.w.t.WeavingAdaptor.weaveClass byte[9044]
14:10:30.272 [main] DEBUG org.aspectj.weaver.Dump - 14:10:30.272 main > o.a.w.Dump.dumpOnExit o.a.w.t.WeavingAdaptor$WeavingAdaptorMessageHolder@6a6afff2
14:10:30.272 [main] DEBUG org.aspectj.weaver.Dump - 14:10:30.272 main > o.a.w.Dump.shouldDumpOnExit o.a.w.t.WeavingAdaptor$WeavingAdaptorMessageHolder@6a6afff2
14:10:30.272 [main] DEBUG org.aspectj.weaver.Dump - 14:10:30.272 main - o.a.w.Dump.shouldDumpOnExit abort
14:10:30.272 [main] DEBUG org.aspectj.weaver.Dump - 14:10:30.272 main < o.a.w.Dump.shouldDumpOnExit false
14:10:30.272 [main] DEBUG org.aspectj.weaver.Dump - 14:10:30.272 main < o.a.w.Dump.dumpOnExit Excluded
14:10:30.272 [main] DEBUG org.aspectj.weaver.loadtime.Aj - 14:10:30.272 main < o.a.w.l.Aj.preProcess byte[9044]
14:10:30.274 [main] DEBUG org.aspectj.weaver.loadtime.Aj - 14:10:30.274 main > o.a.w.l.Aj.preProcess o.a.w.l.Aj@b9afc07 io/qameta/allure/internal/shadowed/jackson/annotation/JsonInclude$Value, byte[8596], j.i.l.ClassLoaders$AppClassLoader@3cd1a2f1
14:10:30.274 [main] DEBUG org.aspectj.weaver.loadtime.Aj - 14:10:30.274 main - o.a.w.l.Aj.preProcess o.a.w.l.Aj@b9afc07 j.i.l.ClassLoaders$PlatformClassLoader@1ad282e0, j.i.l.ClassLoaders$AppClassLoader@3cd1a2f1
14:10:30.274 [main] DEBUG o.a.weaver.tools.WeavingAdaptor - 14:10:30.274 main > o.a.w.t.WeavingAdaptor.weaveClass o.a.w.l.ClassLoaderWeavingAdaptor@140e5a13 io/qameta/allure/internal/shadowed/jackson/annotation/JsonInclude$Value, byte[8596]
14:10:30.275 [main] DEBUG org.aspectj.weaver.bcel.BcelWeaver - 14:10:30.275 main > o.a.w.b.BcelWeaver.weave o.a.w.b.BcelWeaver@48524010 o.a.w.t.WeavingAdaptor$WeavingClassFileProvider@3dedb4a6
14:10:30.276 [main] DEBUG org.aspectj.weaver.bcel.BcelWorld - 14:10:30.276 main - o.a.w.b.BcelWorld.lookupJavaClass o.a.w.l.LTWWorld@2b4a2ec7 io.qameta.allure.internal.shadowed.jackson.annotation.JacksonAnnotationValue, o.a.a.b.c.JavaClass@194152cf
14:10:30.276 [main] DEBUG org.aspectj.weaver.bcel.BcelWeaver - 14:10:30.276 main > o.a.w.b.BcelWeaver.weaveAndNotify o.a.w.b.BcelWeaver@48524010 o.a.w.b.UnwovenClassFile@49d98dc5, o.a.w.b.BcelObjectType@2c30b71f, o.a.w.t.WeavingAdaptor$WeavingClassFileProvider$1@1d81e101
14:10:30.278 [main] DEBUG org.aspectj.weaver.bcel.BcelWorld - 14:10:30.278 main - o.a.w.b.BcelWorld.lookupJavaClass o.a.w.l.LTWWorld@2b4a2ec7 io.qameta.allure.internal.shadowed.jackson.annotation.JsonInclude, o.a.a.b.c.JavaClass@1654a892
14:10:30.279 [main] DEBUG org.aspectj.weaver.bcel.BcelWeaver - 14:10:30.278 main < o.a.w.b.BcelWeaver.weaveAndNotify
14:10:30.279 [main] DEBUG org.aspectj.weaver.bcel.BcelWeaver - 14:10:30.279 main < o.a.w.b.BcelWeaver.weave java.util.ArrayList(1)
14:10:30.279 [main] DEBUG o.a.weaver.tools.WeavingAdaptor - 14:10:30.279 main < o.a.w.t.WeavingAdaptor.weaveClass byte[8596]
14:10:30.279 [main] DEBUG org.aspectj.weaver.Dump - 14:10:30.279 main > o.a.w.Dump.dumpOnExit o.a.w.t.WeavingAdaptor$WeavingAdaptorMessageHolder@6a6afff2
14:10:30.279 [main] DEBUG org.aspectj.weaver.Dump - 14:10:30.279 main > o.a.w.Dump.shouldDumpOnExit o.a.w.t.WeavingAdaptor$WeavingAdaptorMessageHolder@6a6afff2
14:10:30.279 [main] DEBUG org.aspectj.weaver.Dump - 14:10:30.279 main - o.a.w.Dump.shouldDumpOnExit abort
14:10:30.279 [main] DEBUG org.aspectj.weaver.Dump - 14:10:30.279 main < o.a.w.Dump.shouldDumpOnExit false
14:10:30.279 [main] DEBUG org.aspectj.weaver.Dump - 14:10:30.279 main < o.a.w.Dump.dumpOnExit Excluded
14:10:30.279 [main] DEBUG org.aspectj.weaver.loadtime.Aj - 14:10:30.279 main < o.a.w.l.Aj.preProcess byte[8596]
14:10:30.280 [main] DEBUG org.aspectj.weaver.loadtime.Aj - 14:10:30.280 main > o.a.w.l.Aj.preProcess o.a.w.l.Aj@b9afc07 io/qameta/allure/internal/shadowed/jackson/annotation/JacksonAnnotationValue, byte[334], j.i.l.ClassLoaders$AppClassLoader@3cd1a2f1
14:10:30.280 [main] DEBUG org.aspectj.weaver.loadtime.Aj - 14:10:30.280 main - o.a.w.l.Aj.preProcess o.a.w.l.Aj@b9afc07 j.i.l.ClassLoaders$PlatformClassLoader@1ad282e0, j.i.l.ClassLoaders$AppClassLoader@3cd1a2f1
14:10:30.280 [main] DEBUG o.a.weaver.tools.WeavingAdaptor - 14:10:30.280 main > o.a.w.t.WeavingAdaptor.weaveClass o.a.w.l.ClassLoaderWeavingAdaptor@140e5a13 io/qameta/allure/internal/shadowed/jackson/annotation/JacksonAnnotationValue, byte[334]
14:10:30.281 [main] DEBUG org.aspectj.weaver.bcel.BcelWeaver - 14:10:30.281 main > o.a.w.b.BcelWeaver.weave o.a.w.b.BcelWeaver@48524010 o.a.w.t.WeavingAdaptor$WeavingClassFileProvider@5f233b26
14:10:30.281 [main] DEBUG org.aspectj.weaver.bcel.BcelWeaver - 14:10:30.281 main > o.a.w.b.BcelWeaver.weaveAndNotify o.a.w.b.BcelWeaver@48524010 o.a.w.b.UnwovenClassFile@44f9779c, o.a.w.b.BcelObjectType@6974a715, o.a.w.t.WeavingAdaptor$WeavingClassFileProvider$1@5e8a459
14:10:30.281 [main] DEBUG org.aspectj.weaver.bcel.BcelWeaver - 14:10:30.281 main < o.a.w.b.BcelWeaver.weaveAndNotify
14:10:30.281 [main] DEBUG org.aspectj.weaver.bcel.BcelWeaver - 14:10:30.281 main < o.a.w.b.BcelWeaver.weave java.util.ArrayList(1)
14:10:30.281 [main] DEBUG o.a.weaver.tools.WeavingAdaptor - 14:10:30.281 main < o.a.w.t.WeavingAdaptor.weaveClass byte[334]
14:10:30.281 [main] DEBUG org.aspectj.weaver.Dump - 14:10:30.281 main > o.a.w.Dump.dumpOnExit o.a.w.t.WeavingAdaptor$WeavingAdaptorMessageHolder@6a6afff2
14:10:30.281 [main] DEBUG org.aspectj.weaver.Dump - 14:10:30.281 main > o.a.w.Dump.shouldDumpOnExit o.a.w.t.WeavingAdaptor$WeavingAdaptorMessageHolder@6a6afff2
14:10:30.281 [main] DEBUG org.aspectj.weaver.Dump - 14:10:30.281 main - o.a.w.Dump.shouldDumpOnExit abort
14:10:30.281 [main] DEBUG org.aspectj.weaver.Dump - 14:10:30.281 main < o.a.w.Dump.shouldDumpOnExit false
14:10:30.281 [main] DEBUG org.aspectj.weaver.Dump - 14:10:30.281 main < o.a.w.Dump.dumpOnExit Excluded
14:10:30.282 [main] DEBUG org.aspectj.weaver.loadtime.Aj - 14:10:30.282 main < o.a.w.l.Aj.preProcess byte[334]
14:10:30.283 [main] DEBUG org.aspectj.weaver.loadtime.Aj - 14:10:30.283 main > o.a.w.l.Aj.preProcess o.a.w.l.Aj@b9afc07 io/qameta/allure/internal/shadowed/jackson/annotation/JsonInclude$Include, byte[1656], j.i.l.ClassLoaders$AppClassLoader@3cd1a2f1
14:10:30.284 [main] DEBUG org.aspectj.weaver.loadtime.Aj - 14:10:30.284 main - o.a.w.l.Aj.preProcess o.a.w.l.Aj@b9afc07 j.i.l.ClassLoaders$PlatformClassLoader@1ad282e0, j.i.l.ClassLoaders$AppClassLoader@3cd1a2f1
14:10:30.284 [main] DEBUG o.a.weaver.tools.WeavingAdaptor - 14:10:30.284 main > o.a.w.t.WeavingAdaptor.weaveClass o.a.w.l.ClassLoaderWeavingAdaptor@140e5a13 io/qameta/allure/internal/shadowed/jackson/annotation/JsonInclude$Include, byte[1656]
14:10:30.284 [main] DEBUG org.aspectj.weaver.bcel.BcelWeaver - 14:10:30.284 main > o.a.w.b.BcelWeaver.weave o.a.w.b.BcelWeaver@48524010 o.a.w.t.WeavingAdaptor$WeavingClassFileProvider@19542407
14:10:30.284 [main] DEBUG org.aspectj.weaver.bcel.BcelWeaver - 14:10:30.284 main > o.a.w.b.BcelWeaver.weaveAndNotify o.a.w.b.BcelWeaver@48524010 o.a.w.b.UnwovenClassFile@6f95cd51, o.a.w.b.BcelObjectType@c7a977f, o.a.w.t.WeavingAdaptor$WeavingClassFileProvider$1@55caeb35
14:10:30.285 [main] DEBUG org.aspectj.weaver.bcel.BcelWeaver - 14:10:30.285 main < o.a.w.b.BcelWeaver.weaveAndNotify
14:10:30.285 [main] DEBUG org.aspectj.weaver.bcel.BcelWeaver - 14:10:30.285 main < o.a.w.b.BcelWeaver.weave java.util.ArrayList(1)
14:10:30.285 [main] DEBUG o.a.weaver.tools.WeavingAdaptor - 14:10:30.285 main < o.a.w.t.WeavingAdaptor.weaveClass byte[1656]
14:10:30.285 [main] DEBUG org.aspectj.weaver.Dump - 14:10:30.285 main > o.a.w.Dump.dumpOnExit o.a.w.t.WeavingAdaptor$WeavingAdaptorMessageHolder@6a6afff2
14:10:30.285 [main] DEBUG org.aspectj.weaver.Dump - 14:10:30.285 main > o.a.w.Dump.shouldDumpOnExit o.a.w.t.WeavingAdaptor$WeavingAdaptorMessageHolder@6a6afff2
14:10:30.285 [main] DEBUG org.aspectj.weaver.Dump - 14:10:30.285 main - o.a.w.Dump.shouldDumpOnExit abort
14:10:30.285 [main] DEBUG org.aspectj.weaver.Dump - 14:10:30.285 main < o.a.w.Dump.shouldDumpOnExit false
14:10:30.285 [main] DEBUG org.aspectj.weaver.Dump - 14:10:30.285 main < o.a.w.Dump.dumpOnExit Excluded
14:10:30.285 [main] DEBUG org.aspectj.weaver.loadtime.Aj - 14:10:30.285 main < o.a.w.l.Aj.preProcess byte[1656]
14:10:30.287 [main] DEBUG org.aspectj.weaver.loadtime.Aj - 14:10:30.286 main > o.a.w.l.Aj.preProcess o.a.w.l.Aj@b9afc07 io/qameta/allure/internal/shadowed/jackson/annotation/JsonSetter$Value, byte[5423], j.i.l.ClassLoaders$AppClassLoader@3cd1a2f1
14:10:30.287 [main] DEBUG org.aspectj.weaver.loadtime.Aj - 14:10:30.287 main - o.a.w.l.Aj.preProcess o.a.w.l.Aj@b9afc07 j.i.l.ClassLoaders$PlatformClassLoader@1ad282e0, j.i.l.ClassLoaders$AppClassLoader@3cd1a2f1
14:10:30.287 [main] DEBUG o.a.weaver.tools.WeavingAdaptor - 14:10:30.287 main > o.a.w.t.WeavingAdaptor.weaveClass o.a.w.l.ClassLoaderWeavingAdaptor@140e5a13 io/qameta/allure/internal/shadowed/jackson/annotation/JsonSetter$Value, byte[5423]
14:10:30.287 [main] DEBUG org.aspectj.weaver.bcel.BcelWeaver - 14:10:30.287 main > o.a.w.b.BcelWeaver.weave o.a.w.b.BcelWeaver@48524010 o.a.w.t.WeavingAdaptor$WeavingClassFileProvider@4287d447
14:10:30.287 [main] DEBUG org.aspectj.weaver.bcel.BcelWeaver - 14:10:30.287 main > o.a.w.b.BcelWeaver.weaveAndNotify o.a.w.b.BcelWeaver@48524010 o.a.w.b.UnwovenClassFile@3af37506, o.a.w.b.BcelObjectType@4e6d7365, o.a.w.t.WeavingAdaptor$WeavingClassFileProvider$1@7c0da600
14:10:30.289 [main] DEBUG org.aspectj.weaver.bcel.BcelWorld - 14:10:30.289 main - o.a.w.b.BcelWorld.lookupJavaClass o.a.w.l.LTWWorld@2b4a2ec7 io.qameta.allure.internal.shadowed.jackson.annotation.JsonSetter, o.a.a.b.c.JavaClass@15515c51
14:10:30.290 [main] DEBUG org.aspectj.weaver.bcel.BcelWorld - 14:10:30.290 main - o.a.w.b.BcelWorld.lookupJavaClass o.a.w.l.LTWWorld@2b4a2ec7 io.qameta.allure.internal.shadowed.jackson.annotation.Nulls, o.a.a.b.c.JavaClass@e044b4a
14:10:30.291 [main] DEBUG org.aspectj.weaver.bcel.BcelWeaver - 14:10:30.291 main < o.a.w.b.BcelWeaver.weaveAndNotify
14:10:30.291 [main] DEBUG org.aspectj.weaver.bcel.BcelWeaver - 14:10:30.291 main < o.a.w.b.BcelWeaver.weave java.util.ArrayList(1)
14:10:30.291 [main] DEBUG o.a.weaver.tools.WeavingAdaptor - 14:10:30.291 main < o.a.w.t.WeavingAdaptor.weaveClass byte[5423]
14:10:30.291 [main] DEBUG org.aspectj.weaver.Dump - 14:10:30.291 main > o.a.w.Dump.dumpOnExit o.a.w.t.WeavingAdaptor$WeavingAdaptorMessageHolder@6a6afff2
14:10:30.291 [main] DEBUG org.aspectj.weaver.Dump - 14:10:30.291 main > o.a.w.Dump.shouldDumpOnExit o.a.w.t.WeavingAdaptor$WeavingAdaptorMessageHolder@6a6afff2
14:10:30.291 [main] DEBUG org.aspectj.weaver.Dump - 14:10:30.291 main - o.a.w.Dump.shouldDumpOnExit abort
14:10:30.291 [main] DEBUG org.aspectj.weaver.Dump - 14:10:30.291 main < o.a.w.Dump.shouldDumpOnExit false
14:10:30.291 [main] DEBUG org.aspectj.weaver.Dump - 14:10:30.291 main < o.a.w.Dump.dumpOnExit Excluded
14:10:30.291 [main] DEBUG org.aspectj.weaver.loadtime.Aj - 14:10:30.291 main < o.a.w.l.Aj.preProcess byte[5423]
14:10:30.293 [main] DEBUG org.aspectj.weaver.loadtime.Aj - 14:10:30.293 main > o.a.w.l.Aj.preProcess o.a.w.l.Aj@b9afc07 io/qameta/allure/internal/shadowed/jackson/annotation/Nulls, byte[1321], j.i.l.ClassLoaders$AppClassLoader@3cd1a2f1
14:10:30.293 [main] DEBUG org.aspectj.weaver.loadtime.Aj - 14:10:30.293 main - o.a.w.l.Aj.preProcess o.a.w.l.Aj@b9afc07 j.i.l.ClassLoaders$PlatformClassLoader@1ad282e0, j.i.l.ClassLoaders$AppClassLoader@3cd1a2f1
14:10:30.293 [main] DEBUG o.a.weaver.tools.WeavingAdaptor - 14:10:30.293 main > o.a.w.t.WeavingAdaptor.weaveClass o.a.w.l.ClassLoaderWeavingAdaptor@140e5a13 io/qameta/allure/internal/shadowed/jackson/annotation/Nulls, byte[1321]
14:10:30.294 [main] DEBUG org.aspectj.weaver.bcel.BcelWeaver - 14:10:30.294 main > o.a.w.b.BcelWeaver.weave o.a.w.b.BcelWeaver@48524010 o.a.w.t.WeavingAdaptor$WeavingClassFileProvider@4604b900
14:10:30.294 [main] DEBUG org.aspectj.weaver.bcel.BcelWeaver - 14:10:30.294 main > o.a.w.b.BcelWeaver.weaveAndNotify o.a.w.b.BcelWeaver@48524010 o.a.w.b.UnwovenClassFile@73d6d0c, o.a.w.b.BcelObjectType@e36bb2a, o.a.w.t.WeavingAdaptor$WeavingClassFileProvider$1@3961a41a
14:10:30.294 [main] DEBUG org.aspectj.weaver.bcel.BcelWeaver - 14:10:30.294 main < o.a.w.b.BcelWeaver.weaveAndNotify
14:10:30.294 [main] DEBUG org.aspectj.weaver.bcel.BcelWeaver - 14:10:30.294 main < o.a.w.b.BcelWeaver.weave java.util.ArrayList(1)
14:10:30.294 [main] DEBUG o.a.weaver.tools.WeavingAdaptor - 14:10:30.294 main < o.a.w.t.WeavingAdaptor.weaveClass byte[1321]
14:10:30.294 [main] DEBUG org.aspectj.weaver.Dump - 14:10:30.294 main > o.a.w.Dump.dumpOnExit o.a.w.t.WeavingAdaptor$WeavingAdaptorMessageHolder@6a6afff2
14:10:30.295 [main] DEBUG org.aspectj.weaver.Dump - 14:10:30.294 main > o.a.w.Dump.shouldDumpOnExit o.a.w.t.WeavingAdaptor$WeavingAdaptorMessageHolder@6a6afff2
14:10:30.295 [main] DEBUG org.aspectj.weaver.Dump - 14:10:30.295 main - o.a.w.Dump.shouldDumpOnExit abort
14:10:30.295 [main] DEBUG org.aspectj.weaver.Dump - 14:10:30.295 main < o.a.w.Dump.shouldDumpOnExit false
14:10:30.295 [main] DEBUG org.aspectj.weaver.Dump - 14:10:30.295 main < o.a.w.Dump.dumpOnExit Excluded
14:10:30.295 [main] DEBUG org.aspectj.weaver.loadtime.Aj - 14:10:30.295 main < o.a.w.l.Aj.preProcess byte[1321]
14:10:30.297 [main] DEBUG org.aspectj.weaver.loadtime.Aj - 14:10:30.296 main > o.a.w.l.Aj.preProcess o.a.w.l.Aj@b9afc07 io/qameta/allure/internal/shadowed/jackson/databind/introspect/VisibilityChecker$Std, byte[11057], j.i.l.ClassLoaders$AppClassLoader@3cd1a2f1
14:10:30.297 [main] DEBUG org.aspectj.weaver.loadtime.Aj - 14:10:30.297 main - o.a.w.l.Aj.preProcess o.a.w.l.Aj@b9afc07 j.i.l.ClassLoaders$PlatformClassLoader@1ad282e0, j.i.l.ClassLoaders$AppClassLoader@3cd1a2f1
14:10:30.297 [main] DEBUG o.a.weaver.tools.WeavingAdaptor - 14:10:30.297 main > o.a.w.t.WeavingAdaptor.weaveClass o.a.w.l.ClassLoaderWeavingAdaptor@140e5a13 io/qameta/allure/internal/shadowed/jackson/databind/introspect/VisibilityChecker$Std, byte[11057]
14:10:30.297 [main] DEBUG org.aspectj.weaver.bcel.BcelWeaver - 14:10:30.297 main > o.a.w.b.BcelWeaver.weave o.a.w.b.BcelWeaver@48524010 o.a.w.t.WeavingAdaptor$WeavingClassFileProvider@1fd386c3
14:10:30.297 [main] DEBUG org.aspectj.weaver.bcel.BcelWeaver - 14:10:30.297 main > o.a.w.b.BcelWeaver.weaveAndNotify o.a.w.b.BcelWeaver@48524010 o.a.w.b.UnwovenClassFile@edf4f36, o.a.w.b.BcelObjectType@29d334c, o.a.w.t.WeavingAdaptor$WeavingClassFileProvider$1@100f9bbe
14:10:30.308 [main] DEBUG org.aspectj.weaver.bcel.BcelWorld - 14:10:30.308 main - o.a.w.b.BcelWorld.lookupJavaClass o.a.w.l.LTWWorld@2b4a2ec7 java.io.Serializable, o.a.a.b.c.JavaClass@3e11f9e9
14:10:30.309 [main] DEBUG org.aspectj.weaver.bcel.BcelWorld - 14:10:30.309 main - o.a.w.b.BcelWorld.lookupJavaClass o.a.w.l.LTWWorld@2b4a2ec7 io.qameta.allure.internal.shadowed.jackson.annotation.JsonAutoDetect$Value, o.a.a.b.c.JavaClass@2e9fda69
14:10:30.310 [main] DEBUG org.aspectj.weaver.bcel.BcelWorld - 14:10:30.310 main - o.a.w.b.BcelWorld.lookupJavaClass o.a.w.l.LTWWorld@2b4a2ec7 io.qameta.allure.internal.shadowed.jackson.annotation.JsonAutoDetect$Visibility, o.a.a.b.c.JavaClass@235a0c16
14:10:30.311 [main] DEBUG org.aspectj.weaver.bcel.BcelWorld - 14:10:30.311 main - o.a.w.b.BcelWorld.lookupJavaClass o.a.w.l.LTWWorld@2b4a2ec7 io.qameta.allure.internal.shadowed.jackson.annotation.JsonAutoDetect, o.a.a.b.c.JavaClass@680362a
14:10:30.311 [main] DEBUG org.aspectj.weaver.bcel.BcelWorld - 14:10:30.311 main - o.a.w.b.BcelWorld.lookupJavaClass o.a.w.l.LTWWorld@2b4a2ec7 io.qameta.allure.internal.shadowed.jackson.annotation.PropertyAccessor, o.a.a.b.c.JavaClass@5e8ac0e1
14:10:30.311 [main] DEBUG org.aspectj.weaver.bcel.BcelWorld - 14:10:30.311 main - o.a.w.b.BcelWorld.lookupJavaClass o.a.w.l.LTWWorld@2b4a2ec7 java.lang.reflect.Field, o.a.a.b.c.JavaClass@a50b09c
14:10:30.312 [main] DEBUG org.aspectj.weaver.bcel.BcelWeaver - 14:10:30.312 main < o.a.w.b.BcelWeaver.weaveAndNotify
14:10:30.312 [main] DEBUG org.aspectj.weaver.bcel.BcelWeaver - 14:10:30.312 main < o.a.w.b.BcelWeaver.weave java.util.ArrayList(1)
14:10:30.312 [main] DEBUG o.a.weaver.tools.WeavingAdaptor - 14:10:30.312 main < o.a.w.t.WeavingAdaptor.weaveClass byte[11057]
14:10:30.312 [main] DEBUG org.aspectj.weaver.Dump - 14:10:30.312 main > o.a.w.Dump.dumpOnExit o.a.w.t.WeavingAdaptor$WeavingAdaptorMessageHolder@6a6afff2
14:10:30.312 [main] DEBUG org.aspectj.weaver.Dump - 14:10:30.312 main > o.a.w.Dump.shouldDumpOnExit o.a.w.t.WeavingAdaptor$WeavingAdaptorMessageHolder@6a6afff2
14:10:30.312 [main] DEBUG org.aspectj.weaver.Dump - 14:10:30.312 main - o.a.w.Dump.shouldDumpOnExit abort
14:10:30.312 [main] DEBUG org.aspectj.weaver.Dump - 14:10:30.312 main < o.a.w.Dump.shouldDumpOnExit false
14:10:30.312 [main] DEBUG org.aspectj.weaver.Dump - 14:10:30.312 main < o.a.w.Dump.dumpOnExit Excluded
14:10:30.312 [main] DEBUG org.aspectj.weaver.loadtime.Aj - 14:10:30.312 main < o.a.w.l.Aj.preProcess byte[11057]
14:10:30.315 [main] DEBUG org.aspectj.weaver.loadtime.Aj - 14:10:30.315 main > o.a.w.l.Aj.preProcess o.a.w.l.Aj@b9afc07 io/qameta/allure/internal/shadowed/jackson/annotation/JsonAutoDetect$Visibility, byte[2300], j.i.l.ClassLoaders$AppClassLoader@3cd1a2f1
14:10:30.315 [main] DEBUG org.aspectj.weaver.loadtime.Aj - 14:10:30.315 main - o.a.w.l.Aj.preProcess o.a.w.l.Aj@b9afc07 j.i.l.ClassLoaders$PlatformClassLoader@1ad282e0, j.i.l.ClassLoaders$AppClassLoader@3cd1a2f1
14:10:30.315 [main] DEBUG o.a.weaver.tools.WeavingAdaptor - 14:10:30.315 main > o.a.w.t.WeavingAdaptor.weaveClass o.a.w.l.ClassLoaderWeavingAdaptor@140e5a13 io/qameta/allure/internal/shadowed/jackson/annotation/JsonAutoDetect$Visibility, byte[2300]
14:10:30.316 [main] DEBUG org.aspectj.weaver.bcel.BcelWeaver - 14:10:30.316 main > o.a.w.b.BcelWeaver.weave o.a.w.b.BcelWeaver@48524010 o.a.w.t.WeavingAdaptor$WeavingClassFileProvider@377c68c6
14:10:30.317 [main] DEBUG org.aspectj.weaver.bcel.BcelWeaver - 14:10:30.316 main > o.a.w.b.BcelWeaver.weaveAndNotify o.a.w.b.BcelWeaver@48524010 o.a.w.b.UnwovenClassFile@538cd0f2, o.a.w.b.BcelObjectType@238ad8c, o.a.w.t.WeavingAdaptor$WeavingClassFileProvider$1@430fa4ef
14:10:30.317 [main] DEBUG org.aspectj.weaver.bcel.BcelWorld - 14:10:30.317 main - o.a.w.b.BcelWorld.lookupJavaClass o.a.w.l.LTWWorld@2b4a2ec7 java.lang.constant.Constable, o.a.a.b.c.JavaClass@316bcf94
14:10:30.317 [main] DEBUG org.aspectj.weaver.bcel.BcelWorld - 14:10:30.317 main - o.a.w.b.BcelWorld.lookupJavaClass o.a.w.l.LTWWorld@2b4a2ec7 java.lang.Comparable, o.a.a.b.c.JavaClass@6404f418
14:10:30.317 [main] DEBUG org.aspectj.weaver.bcel.BcelWeaver - 14:10:30.317 main < o.a.w.b.BcelWeaver.weaveAndNotify
14:10:30.317 [main] DEBUG org.aspectj.weaver.bcel.BcelWeaver - 14:10:30.317 main < o.a.w.b.BcelWeaver.weave java.util.ArrayList(1)
14:10:30.317 [main] DEBUG o.a.weaver.tools.WeavingAdaptor - 14:10:30.317 main < o.a.w.t.WeavingAdaptor.weaveClass byte[2300]
14:10:30.317 [main] DEBUG org.aspectj.weaver.Dump - 14:10:30.317 main > o.a.w.Dump.dumpOnExit o.a.w.t.WeavingAdaptor$WeavingAdaptorMessageHolder@6a6afff2
14:10:30.324 [main] DEBUG org.aspectj.weaver.Dump - 14:10:30.317 main > o.a.w.Dump.shouldDumpOnExit o.a.w.t.WeavingAdaptor$WeavingAdaptorMessageHolder@6a6afff2
14:10:30.324 [main] DEBUG org.aspectj.weaver.Dump - 14:10:30.324 main - o.a.w.Dump.shouldDumpOnExit abort
14:10:30.324 [main] DEBUG org.aspectj.weaver.Dump - 14:10:30.324 main < o.a.w.Dump.shouldDumpOnExit false
14:10:30.324 [main] DEBUG org.aspectj.weaver.Dump - 14:10:30.324 main < o.a.w.Dump.dumpOnExit Excluded
14:10:30.324 [main] DEBUG org.aspectj.weaver.loadtime.Aj - 14:10:30.324 main < o.a.w.l.Aj.preProcess byte[2300]
14:10:30.326 [main] DEBUG org.aspectj.weaver.loadtime.Aj - 14:10:30.326 main > o.a.w.l.Aj.preProcess o.a.w.l.Aj@b9afc07 io/qameta/allure/internal/shadowed/jackson/databind/cfg/CoercionConfigs, byte[9350], j.i.l.ClassLoaders$AppClassLoader@3cd1a2f1
14:10:30.327 [main] DEBUG org.aspectj.weaver.loadtime.Aj - 14:10:30.326 main - o.a.w.l.Aj.preProcess o.a.w.l.Aj@b9afc07 j.i.l.ClassLoaders$PlatformClassLoader@1ad282e0, j.i.l.ClassLoaders$AppClassLoader@3cd1a2f1
14:10:30.327 [main] DEBUG o.a.weaver.tools.WeavingAdaptor - 14:10:30.327 main > o.a.w.t.WeavingAdaptor.weaveClass o.a.w.l.ClassLoaderWeavingAdaptor@140e5a13 io/qameta/allure/internal/shadowed/jackson/databind/cfg/CoercionConfigs, byte[9350]
14:10:30.327 [main] DEBUG org.aspectj.weaver.bcel.BcelWeaver - 14:10:30.327 main > o.a.w.b.BcelWeaver.weave o.a.w.b.BcelWeaver@48524010 o.a.w.t.WeavingAdaptor$WeavingClassFileProvider@1ce93c18
14:10:30.327 [main] DEBUG org.aspectj.weaver.bcel.BcelWeaver - 14:10:30.327 main > o.a.w.b.BcelWeaver.weaveAndNotify o.a.w.b.BcelWeaver@48524010 o.a.w.b.UnwovenClassFile@19f21b6b, o.a.w.b.BcelObjectType@1532c619, o.a.w.t.WeavingAdaptor$WeavingClassFileProvider$1@46044faa
14:10:30.328 [main] DEBUG org.aspectj.weaver.bcel.BcelWorld - 14:10:30.328 main - o.a.w.b.BcelWorld.lookupJavaClass o.a.w.l.LTWWorld@2b4a2ec7 io.qameta.allure.internal.shadowed.jackson.databind.cfg.MutableCoercionConfig, o.a.a.b.c.JavaClass@1a45193b
14:10:30.328 [main] DEBUG org.aspectj.weaver.bcel.BcelWorld - 14:10:30.328 main - o.a.w.b.BcelWorld.lookupJavaClass o.a.w.l.LTWWorld@2b4a2ec7 io.qameta.allure.internal.shadowed.jackson.databind.type.LogicalType, o.a.a.b.c.JavaClass@6e6d5d29
14:10:30.328 [main] DEBUG org.aspectj.weaver.bcel.BcelWorld - 14:10:30.328 main - o.a.w.b.BcelWorld.lookupJavaClass o.a.w.l.LTWWorld@2b4a2ec7 io.qameta.allure.internal.shadowed.jackson.databind.DeserializationConfig, o.a.a.b.c.JavaClass@4566d049
14:10:30.328 [main] DEBUG org.aspectj.weaver.bcel.BcelWorld - 14:10:30.328 main - o.a.w.b.BcelWorld.lookupJavaClass o.a.w.l.LTWWorld@2b4a2ec7 io.qameta.allure.internal.shadowed.jackson.databind.cfg.CoercionInputShape, o.a.a.b.c.JavaClass@3829ac1
14:10:30.328 [main] DEBUG org.aspectj.weaver.bcel.BcelWorld - 14:10:30.328 main - o.a.w.b.BcelWorld.lookupJavaClass o.a.w.l.LTWWorld@2b4a2ec7 io.qameta.allure.internal.shadowed.jackson.databind.cfg.CoercionAction, o.a.a.b.c.JavaClass@15eebbff
14:10:30.329 [main] DEBUG org.aspectj.weaver.bcel.BcelWeaver - 14:10:30.329 main < o.a.w.b.BcelWeaver.weaveAndNotify
14:10:30.329 [main] DEBUG org.aspectj.weaver.bcel.BcelWeaver - 14:10:30.329 main < o.a.w.b.BcelWeaver.weave java.util.ArrayList(1)
14:10:30.329 [main] DEBUG o.a.weaver.tools.WeavingAdaptor - 14:10:30.329 main < o.a.w.t.WeavingAdaptor.weaveClass byte[9350]
14:10:30.329 [main] DEBUG org.aspectj.weaver.Dump - 14:10:30.329 main > o.a.w.Dump.dumpOnExit o.a.w.t.WeavingAdaptor$WeavingAdaptorMessageHolder@6a6afff2
14:10:30.329 [main] DEBUG org.aspectj.weaver.Dump - 14:10:30.329 main > o.a.w.Dump.shouldDumpOnExit o.a.w.t.WeavingAdaptor$WeavingAdaptorMessageHolder@6a6afff2
14:10:30.329 [main] DEBUG org.aspectj.weaver.Dump - 14:10:30.329 main - o.a.w.Dump.shouldDumpOnExit abort
14:10:30.329 [main] DEBUG org.aspectj.weaver.Dump - 14:10:30.329 main < o.a.w.Dump.shouldDumpOnExit false
14:10:30.329 [main] DEBUG org.aspectj.weaver.Dump - 14:10:30.329 main < o.a.w.Dump.dumpOnExit Excluded
14:10:30.329 [main] DEBUG org.aspectj.weaver.loadtime.Aj - 14:10:30.329 main < o.a.w.l.Aj.preProcess byte[9350]
14:10:30.331 [main] DEBUG org.aspectj.weaver.loadtime.Aj - 14:10:30.331 main > o.a.w.l.Aj.preProcess o.a.w.l.Aj@b9afc07 io/qameta/allure/internal/shadowed/jackson/databind/type/LogicalType, byte[2701], j.i.l.ClassLoaders$AppClassLoader@3cd1a2f1
14:10:30.331 [main] DEBUG org.aspectj.weaver.loadtime.Aj - 14:10:30.331 main - o.a.w.l.Aj.preProcess o.a.w.l.Aj@b9afc07 j.i.l.ClassLoaders$PlatformClassLoader@1ad282e0, j.i.l.ClassLoaders$AppClassLoader@3cd1a2f1
14:10:30.332 [main] DEBUG o.a.weaver.tools.WeavingAdaptor - 14:10:30.332 main > o.a.w.t.WeavingAdaptor.weaveClass o.a.w.l.ClassLoaderWeavingAdaptor@140e5a13 io/qameta/allure/internal/shadowed/jackson/databind/type/LogicalType, byte[2701]
14:10:30.332 [main] DEBUG org.aspectj.weaver.bcel.BcelWeaver - 14:10:30.332 main > o.a.w.b.BcelWeaver.weave o.a.w.b.BcelWeaver@48524010 o.a.w.t.WeavingAdaptor$WeavingClassFileProvider@208e9ef6
14:10:30.332 [main] DEBUG org.aspectj.weaver.bcel.BcelWeaver - 14:10:30.332 main > o.a.w.b.BcelWeaver.weaveAndNotify o.a.w.b.BcelWeaver@48524010 o.a.w.b.UnwovenClassFile@78b236a0, o.a.w.b.BcelObjectType@261d8190, o.a.w.t.WeavingAdaptor$WeavingClassFileProvider$1@34448e6c
14:10:30.334 [main] DEBUG org.aspectj.weaver.bcel.BcelWeaver - 14:10:30.334 main < o.a.w.b.BcelWeaver.weaveAndNotify
14:10:30.334 [main] DEBUG org.aspectj.weaver.bcel.BcelWeaver - 14:10:30.334 main < o.a.w.b.BcelWeaver.weave java.util.ArrayList(1)
14:10:30.334 [main] DEBUG o.a.weaver.tools.WeavingAdaptor - 14:10:30.334 main < o.a.w.t.WeavingAdaptor.weaveClass byte[2701]
14:10:30.335 [main] DEBUG org.aspectj.weaver.Dump - 14:10:30.334 main > o.a.w.Dump.dumpOnExit o.a.w.t.WeavingAdaptor$WeavingAdaptorMessageHolder@6a6afff2
14:10:30.335 [main] DEBUG org.aspectj.weaver.Dump - 14:10:30.335 main > o.a.w.Dump.shouldDumpOnExit o.a.w.t.WeavingAdaptor$WeavingAdaptorMessageHolder@6a6afff2
14:10:30.335 [main] DEBUG org.aspectj.weaver.Dump - 14:10:30.335 main - o.a.w.Dump.shouldDumpOnExit abort
14:10:30.335 [main] DEBUG org.aspectj.weaver.Dump - 14:10:30.335 main < o.a.w.Dump.shouldDumpOnExit false
14:10:30.335 [main] DEBUG org.aspectj.weaver.Dump - 14:10:30.335 main < o.a.w.Dump.dumpOnExit Excluded
14:10:30.335 [main] DEBUG org.aspectj.weaver.loadtime.Aj - 14:10:30.335 main < o.a.w.l.Aj.preProcess byte[2701]
14:10:30.337 [main] DEBUG org.aspectj.weaver.loadtime.Aj - 14:10:30.337 main > o.a.w.l.Aj.preProcess o.a.w.l.Aj@b9afc07 io/qameta/allure/internal/shadowed/jackson/databind/cfg/CoercionAction, byte[1350], j.i.l.ClassLoaders$AppClassLoader@3cd1a2f1
14:10:30.337 [main] DEBUG org.aspectj.weaver.loadtime.Aj - 14:10:30.337 main - o.a.w.l.Aj.preProcess o.a.w.l.Aj@b9afc07 j.i.l.ClassLoaders$PlatformClassLoader@1ad282e0, j.i.l.ClassLoaders$AppClassLoader@3cd1a2f1
14:10:30.337 [main] DEBUG o.a.weaver.tools.WeavingAdaptor - 14:10:30.337 main > o.a.w.t.WeavingAdaptor.weaveClass o.a.w.l.ClassLoaderWeavingAdaptor@140e5a13 io/qameta/allure/internal/shadowed/jackson/databind/cfg/CoercionAction, byte[1350]
14:10:30.337 [main] DEBUG org.aspectj.weaver.bcel.BcelWeaver - 14:10:30.337 main > o.a.w.b.BcelWeaver.weave o.a.w.b.BcelWeaver@48524010 o.a.w.t.WeavingAdaptor$WeavingClassFileProvider@4b61d0c6
14:10:30.337 [main] DEBUG org.aspectj.weaver.bcel.BcelWeaver - 14:10:30.337 main > o.a.w.b.BcelWeaver.weaveAndNotify o.a.w.b.BcelWeaver@48524010 o.a.w.b.UnwovenClassFile@6f815e7f, o.a.w.b.BcelObjectType@65e7f52a, o.a.w.t.WeavingAdaptor$WeavingClassFileProvider$1@304b9f1a
14:10:30.338 [main] DEBUG org.aspectj.weaver.bcel.BcelWeaver - 14:10:30.338 main < o.a.w.b.BcelWeaver.weaveAndNotify
14:10:30.338 [main] DEBUG org.aspectj.weaver.bcel.BcelWeaver - 14:10:30.338 main < o.a.w.b.BcelWeaver.weave java.util.ArrayList(1)
14:10:30.338 [main] DEBUG o.a.weaver.tools.WeavingAdaptor - 14:10:30.338 main < o.a.w.t.WeavingAdaptor.weaveClass byte[1350]
14:10:30.338 [main] DEBUG org.aspectj.weaver.Dump - 14:10:30.338 main > o.a.w.Dump.dumpOnExit o.a.w.t.WeavingAdaptor$WeavingAdaptorMessageHolder@6a6afff2
14:10:30.338 [main] DEBUG org.aspectj.weaver.Dump - 14:10:30.338 main > o.a.w.Dump.shouldDumpOnExit o.a.w.t.WeavingAdaptor$WeavingAdaptorMessageHolder@6a6afff2
14:10:30.338 [main] DEBUG org.aspectj.weaver.Dump - 14:10:30.338 main - o.a.w.Dump.shouldDumpOnExit abort
14:10:30.338 [main] DEBUG org.aspectj.weaver.Dump - 14:10:30.338 main < o.a.w.Dump.shouldDumpOnExit false
14:10:30.338 [main] DEBUG org.aspectj.weaver.Dump - 14:10:30.338 main < o.a.w.Dump.dumpOnExit Excluded
14:10:30.338 [main] DEBUG org.aspectj.weaver.loadtime.Aj - 14:10:30.338 main < o.a.w.l.Aj.preProcess byte[1350]
14:10:30.340 [main] DEBUG org.aspectj.weaver.loadtime.Aj - 14:10:30.340 main > o.a.w.l.Aj.preProcess o.a.w.l.Aj@b9afc07 io/qameta/allure/internal/shadowed/jackson/databind/cfg/MutableCoercionConfig, byte[1954], j.i.l.ClassLoaders$AppClassLoader@3cd1a2f1
14:10:30.340 [main] DEBUG org.aspectj.weaver.loadtime.Aj - 14:10:30.340 main - o.a.w.l.Aj.preProcess o.a.w.l.Aj@b9afc07 j.i.l.ClassLoaders$PlatformClassLoader@1ad282e0, j.i.l.ClassLoaders$AppClassLoader@3cd1a2f1
14:10:30.340 [main] DEBUG o.a.weaver.tools.WeavingAdaptor - 14:10:30.340 main > o.a.w.t.WeavingAdaptor.weaveClass o.a.w.l.ClassLoaderWeavingAdaptor@140e5a13 io/qameta/allure/internal/shadowed/jackson/databind/cfg/MutableCoercionConfig, byte[1954]
14:10:30.340 [main] DEBUG org.aspectj.weaver.bcel.BcelWeaver - 14:10:30.340 main > o.a.w.b.BcelWeaver.weave o.a.w.b.BcelWeaver@48524010 o.a.w.t.WeavingAdaptor$WeavingClassFileProvider@7daa61f3
14:10:30.342 [main] DEBUG org.aspectj.weaver.bcel.BcelWorld - 14:10:30.341 main - o.a.w.b.BcelWorld.lookupJavaClass o.a.w.l.LTWWorld@2b4a2ec7 io.qameta.allure.internal.shadowed.jackson.databind.cfg.CoercionConfig, o.a.a.b.c.JavaClass@56f2bbea
14:10:30.342 [main] DEBUG org.aspectj.weaver.bcel.BcelWeaver - 14:10:30.342 main > o.a.w.b.BcelWeaver.weaveAndNotify o.a.w.b.BcelWeaver@48524010 o.a.w.b.UnwovenClassFile@78f9ed3e, o.a.w.b.BcelObjectType@1059754c, o.a.w.t.WeavingAdaptor$WeavingClassFileProvider$1@b0964b2
14:10:30.342 [main] DEBUG org.aspectj.weaver.bcel.BcelWeaver - 14:10:30.342 main < o.a.w.b.BcelWeaver.weaveAndNotify
14:10:30.343 [main] DEBUG org.aspectj.weaver.bcel.BcelWeaver - 14:10:30.343 main < o.a.w.b.BcelWeaver.weave java.util.ArrayList(1)
14:10:30.343 [main] DEBUG o.a.weaver.tools.WeavingAdaptor - 14:10:30.343 main < o.a.w.t.WeavingAdaptor.weaveClass byte[1954]
14:10:30.343 [main] DEBUG org.aspectj.weaver.Dump - 14:10:30.343 main > o.a.w.Dump.dumpOnExit o.a.w.t.WeavingAdaptor$WeavingAdaptorMessageHolder@6a6afff2
14:10:30.343 [main] DEBUG org.aspectj.weaver.Dump - 14:10:30.343 main > o.a.w.Dump.shouldDumpOnExit o.a.w.t.WeavingAdaptor$WeavingAdaptorMessageHolder@6a6afff2
14:10:30.343 [main] DEBUG org.aspectj.weaver.Dump - 14:10:30.343 main - o.a.w.Dump.shouldDumpOnExit abort
14:10:30.343 [main] DEBUG org.aspectj.weaver.Dump - 14:10:30.343 main < o.a.w.Dump.shouldDumpOnExit false
14:10:30.343 [main] DEBUG org.aspectj.weaver.Dump - 14:10:30.343 main < o.a.w.Dump.dumpOnExit Excluded
14:10:30.343 [main] DEBUG org.aspectj.weaver.loadtime.Aj - 14:10:30.343 main < o.a.w.l.Aj.preProcess byte[1954]
14:10:30.455 [main] DEBUG org.aspectj.weaver.loadtime.Aj - 14:10:30.455 main > o.a.w.l.Aj.preProcess o.a.w.l.Aj@b9afc07 io/qameta/allure/internal/shadowed/jackson/databind/cfg/CoercionConfig, byte[1776], j.i.l.ClassLoaders$AppClassLoader@3cd1a2f1
14:10:30.455 [main] DEBUG org.aspectj.weaver.loadtime.Aj - 14:10:30.455 main - o.a.w.l.Aj.preProcess o.a.w.l.Aj@b9afc07 j.i.l.ClassLoaders$PlatformClassLoader@1ad282e0, j.i.l.ClassLoaders$AppClassLoader@3cd1a2f1
14:10:30.455 [main] DEBUG o.a.weaver.tools.WeavingAdaptor - 14:10:30.455 main > o.a.w.t.WeavingAdaptor.weaveClass o.a.w.l.ClassLoaderWeavingAdaptor@140e5a13 io/qameta/allure/internal/shadowed/jackson/databind/cfg/CoercionConfig, byte[1776]
14:10:30.456 [main] DEBUG org.aspectj.weaver.bcel.BcelWeaver - 14:10:30.456 main > o.a.w.b.BcelWeaver.weave o.a.w.b.BcelWeaver@48524010 o.a.w.t.WeavingAdaptor$WeavingClassFileProvider@6f89f665
14:10:30.456 [main] DEBUG org.aspectj.weaver.bcel.BcelWeaver - 14:10:30.456 main > o.a.w.b.BcelWeaver.weaveAndNotify o.a.w.b.BcelWeaver@48524010 o.a.w.b.UnwovenClassFile@df1cff6, o.a.w.b.BcelObjectType@4925f4f5, o.a.w.t.WeavingAdaptor$WeavingClassFileProvider$1@1ad926d3
14:10:30.458 [main] DEBUG org.aspectj.weaver.bcel.BcelWeaver - 14:10:30.458 main < o.a.w.b.BcelWeaver.weaveAndNotify
14:10:30.459 [main] DEBUG org.aspectj.weaver.bcel.BcelWeaver - 14:10:30.459 main < o.a.w.b.BcelWeaver.weave java.util.ArrayList(1)
14:10:30.459 [main] DEBUG o.a.weaver.tools.WeavingAdaptor - 14:10:30.459 main < o.a.w.t.WeavingAdaptor.weaveClass byte[1776]
14:10:30.459 [main] DEBUG org.aspectj.weaver.Dump - 14:10:30.459 main > o.a.w.Dump.dumpOnExit o.a.w.t.WeavingAdaptor$WeavingAdaptorMessageHolder@6a6afff2
14:10:30.459 [main] DEBUG org.aspectj.weaver.Dump - 14:10:30.459 main > o.a.w.Dump.shouldDumpOnExit o.a.w.t.WeavingAdaptor$WeavingAdaptorMessageHolder@6a6afff2
14:10:30.459 [main] DEBUG org.aspectj.weaver.Dump - 14:10:30.459 main - o.a.w.Dump.shouldDumpOnExit abort
14:10:30.459 [main] DEBUG org.aspectj.weaver.Dump - 14:10:30.459 main < o.a.w.Dump.shouldDumpOnExit false
14:10:30.459 [main] DEBUG org.aspectj.weaver.Dump - 14:10:30.459 main < o.a.w.Dump.dumpOnExit Excluded
14:10:30.459 [main] DEBUG org.aspectj.weaver.loadtime.Aj - 14:10:30.459 main < o.a.w.l.Aj.preProcess byte[1776]
14:10:30.460 [main] DEBUG org.aspectj.weaver.loadtime.Aj - 14:10:30.460 main > o.a.w.l.Aj.preProcess o.a.w.l.Aj@b9afc07 io/qameta/allure/internal/shadowed/jackson/databind/cfg/CoercionInputShape, byte[1716], j.i.l.ClassLoaders$AppClassLoader@3cd1a2f1
14:10:30.489 [main] DEBUG org.aspectj.weaver.loadtime.Aj - 14:10:30.489 main - o.a.w.l.Aj.preProcess o.a.w.l.Aj@b9afc07 j.i.l.ClassLoaders$PlatformClassLoader@1ad282e0, j.i.l.ClassLoaders$AppClassLoader@3cd1a2f1
14:10:30.489 [main] DEBUG o.a.weaver.tools.WeavingAdaptor - 14:10:30.489 main > o.a.w.t.WeavingAdaptor.weaveClass o.a.w.l.ClassLoaderWeavingAdaptor@140e5a13 io/qameta/allure/internal/shadowed/jackson/databind/cfg/CoercionInputShape, byte[1716]
14:10:30.490 [main] DEBUG org.aspectj.weaver.bcel.BcelWeaver - 14:10:30.490 main > o.a.w.b.BcelWeaver.weave o.a.w.b.BcelWeaver@48524010 o.a.w.t.WeavingAdaptor$WeavingClassFileProvider@511816c0
14:10:30.490 [main] DEBUG org.aspectj.weaver.bcel.BcelWeaver - 14:10:30.490 main > o.a.w.b.BcelWeaver.weaveAndNotify o.a.w.b.BcelWeaver@48524010 o.a.w.b.UnwovenClassFile@38b972d7, o.a.w.b.BcelObjectType@5339bbad, o.a.w.t.WeavingAdaptor$WeavingClassFileProvider$1@3935e9a8
14:10:30.491 [main] DEBUG org.aspectj.weaver.bcel.BcelWeaver - 14:10:30.491 main < o.a.w.b.BcelWeaver.weaveAndNotify
14:10:30.492 [main] DEBUG org.aspectj.weaver.bcel.BcelWeaver - 14:10:30.492 main < o.a.w.b.BcelWeaver.weave java.util.ArrayList(1)
14:10:30.492 [main] DEBUG o.a.weaver.tools.WeavingAdaptor - 14:10:30.492 main < o.a.w.t.WeavingAdaptor.weaveClass byte[1716]
14:10:30.492 [main] DEBUG org.aspectj.weaver.Dump - 14:10:30.492 main > o.a.w.Dump.dumpOnExit o.a.w.t.WeavingAdaptor$WeavingAdaptorMessageHolder@6a6afff2
14:10:30.492 [main] DEBUG org.aspectj.weaver.Dump - 14:10:30.492 main > o.a.w.Dump.shouldDumpOnExit o.a.w.t.WeavingAdaptor$WeavingAdaptorMessageHolder@6a6afff2
14:10:30.492 [main] DEBUG org.aspectj.weaver.Dump - 14:10:30.492 main - o.a.w.Dump.shouldDumpOnExit abort
14:10:30.492 [main] DEBUG org.aspectj.weaver.Dump - 14:10:30.492 main < o.a.w.Dump.shouldDumpOnExit false
14:10:30.492 [main] DEBUG org.aspectj.weaver.Dump - 14:10:30.492 main < o.a.w.Dump.dumpOnExit Excluded
14:10:30.492 [main] DEBUG org.aspectj.weaver.loadtime.Aj - 14:10:30.492 main < o.a.w.l.Aj.preProcess byte[1716]
14:10:30.494 [main] DEBUG org.aspectj.weaver.loadtime.Aj - 14:10:30.494 main > o.a.w.l.Aj.preProcess o.a.w.l.Aj@b9afc07 io/qameta/allure/internal/shadowed/jackson/databind/jsontype/DefaultBaseTypeLimitingValidator, byte[4652], j.i.l.ClassLoaders$AppClassLoader@3cd1a2f1
14:10:30.494 [main] DEBUG org.aspectj.weaver.loadtime.Aj - 14:10:30.494 main - o.a.w.l.Aj.preProcess o.a.w.l.Aj@b9afc07 j.i.l.ClassLoaders$PlatformClassLoader@1ad282e0, j.i.l.ClassLoaders$AppClassLoader@3cd1a2f1
14:10:30.494 [main] DEBUG o.a.weaver.tools.WeavingAdaptor - 14:10:30.494 main > o.a.w.t.WeavingAdaptor.weaveClass o.a.w.l.ClassLoaderWeavingAdaptor@140e5a13 io/qameta/allure/internal/shadowed/jackson/databind/jsontype/DefaultBaseTypeLimitingValidator, byte[4652]
14:10:30.495 [main] DEBUG org.aspectj.weaver.bcel.BcelWeaver - 14:10:30.495 main > o.a.w.b.BcelWeaver.weave o.a.w.b.BcelWeaver@48524010 o.a.w.t.WeavingAdaptor$WeavingClassFileProvider@66d57c1b
14:10:30.495 [main] DEBUG org.aspectj.weaver.bcel.BcelWeaver - 14:10:30.495 main > o.a.w.b.BcelWeaver.weaveAndNotify o.a.w.b.BcelWeaver@48524010 o.a.w.b.UnwovenClassFile@27494e46, o.a.w.b.BcelObjectType@d59970a, o.a.w.t.WeavingAdaptor$WeavingClassFileProvider$1@1e411d81
14:10:30.495 [main] DEBUG org.aspectj.weaver.bcel.BcelWorld - 14:10:30.495 main - o.a.w.b.BcelWorld.lookupJavaClass o.a.w.l.LTWWorld@2b4a2ec7 io.qameta.allure.internal.shadowed.jackson.databind.jsontype.PolymorphicTypeValidator$Validity, o.a.a.b.c.JavaClass@21d8bcbe
14:10:30.496 [main] DEBUG org.aspectj.weaver.bcel.BcelWeaver - 14:10:30.496 main < o.a.w.b.BcelWeaver.weaveAndNotify
14:10:30.496 [main] DEBUG org.aspectj.weaver.bcel.BcelWeaver - 14:10:30.496 main < o.a.w.b.BcelWeaver.weave java.util.ArrayList(1)
14:10:30.496 [main] DEBUG o.a.weaver.tools.WeavingAdaptor - 14:10:30.496 main < o.a.w.t.WeavingAdaptor.weaveClass byte[4652]
14:10:30.496 [main] DEBUG org.aspectj.weaver.Dump - 14:10:30.496 main > o.a.w.Dump.dumpOnExit o.a.w.t.WeavingAdaptor$WeavingAdaptorMessageHolder@6a6afff2
14:10:30.496 [main] DEBUG org.aspectj.weaver.Dump - 14:10:30.496 main > o.a.w.Dump.shouldDumpOnExit o.a.w.t.WeavingAdaptor$WeavingAdaptorMessageHolder@6a6afff2
14:10:30.496 [main] DEBUG org.aspectj.weaver.Dump - 14:10:30.496 main - o.a.w.Dump.shouldDumpOnExit abort
14:10:30.496 [main] DEBUG org.aspectj.weaver.Dump - 14:10:30.496 main < o.a.w.Dump.shouldDumpOnExit false
14:10:30.496 [main] DEBUG org.aspectj.weaver.Dump - 14:10:30.496 main < o.a.w.Dump.dumpOnExit Excluded
14:10:30.496 [main] DEBUG org.aspectj.weaver.loadtime.Aj - 14:10:30.496 main < o.a.w.l.Aj.preProcess byte[4652]
14:10:30.503 [main] DEBUG org.aspectj.weaver.loadtime.Aj - 14:10:30.502 main > o.a.w.l.Aj.preProcess o.a.w.l.Aj@b9afc07 io/qameta/allure/internal/shadowed/jackson/annotation/JsonFormat$Value, byte[13267], j.i.l.ClassLoaders$AppClassLoader@3cd1a2f1
14:10:30.503 [main] DEBUG org.aspectj.weaver.loadtime.Aj - 14:10:30.503 main - o.a.w.l.Aj.preProcess o.a.w.l.Aj@b9afc07 j.i.l.ClassLoaders$PlatformClassLoader@1ad282e0, j.i.l.ClassLoaders$AppClassLoader@3cd1a2f1
14:10:30.503 [main] DEBUG o.a.weaver.tools.WeavingAdaptor - 14:10:30.503 main > o.a.w.t.WeavingAdaptor.weaveClass o.a.w.l.ClassLoaderWeavingAdaptor@140e5a13 io/qameta/allure/internal/shadowed/jackson/annotation/JsonFormat$Value, byte[13267]
14:10:30.503 [main] DEBUG org.aspectj.weaver.bcel.BcelWeaver - 14:10:30.503 main > o.a.w.b.BcelWeaver.weave o.a.w.b.BcelWeaver@48524010 o.a.w.t.WeavingAdaptor$WeavingClassFileProvider@36453307
14:10:30.504 [main] DEBUG org.aspectj.weaver.bcel.BcelWorld - 14:10:30.504 main - o.a.w.b.BcelWorld.lookupJavaClass o.a.w.l.LTWWorld@2b4a2ec7 io.qameta.allure.internal.shadowed.jackson.annotation.JacksonAnnotationValue, o.a.a.b.c.JavaClass@194152cf
14:10:30.504 [main] DEBUG org.aspectj.weaver.bcel.BcelWeaver - 14:10:30.504 main > o.a.w.b.BcelWeaver.weaveAndNotify o.a.w.b.BcelWeaver@48524010 o.a.w.b.UnwovenClassFile@7dcc91fd, o.a.w.b.BcelObjectType@66eb985d, o.a.w.t.WeavingAdaptor$WeavingClassFileProvider$1@6a9287b1
14:10:30.506 [main] DEBUG org.aspectj.weaver.bcel.BcelWorld - 14:10:30.506 main - o.a.w.b.BcelWorld.lookupJavaClass o.a.w.l.LTWWorld@2b4a2ec7 io.qameta.allure.internal.shadowed.jackson.annotation.JsonFormat, o.a.a.b.c.JavaClass@3e598df9
14:10:30.509 [main] DEBUG org.aspectj.weaver.bcel.BcelWorld - 14:10:30.509 main - o.a.w.b.BcelWorld.lookupJavaClass o.a.w.l.LTWWorld@2b4a2ec7 io.qameta.allure.internal.shadowed.jackson.annotation.JsonFormat$Shape, o.a.a.b.c.JavaClass@3088660d
14:10:30.511 [main] DEBUG org.aspectj.weaver.bcel.BcelWorld - 14:10:30.510 main - o.a.w.b.BcelWorld.lookupJavaClass o.a.w.l.LTWWorld@2b4a2ec7 io.qameta.allure.internal.shadowed.jackson.annotation.JsonFormat$Feature, o.a.a.b.c.JavaClass@6813a331
14:10:30.513 [main] DEBUG org.aspectj.weaver.bcel.BcelWorld - 14:10:30.513 main - o.a.w.b.BcelWorld.lookupJavaClass o.a.w.l.LTWWorld@2b4a2ec7 io.qameta.allure.internal.shadowed.jackson.annotation.JsonFormat$Features, o.a.a.b.c.JavaClass@64e92d61
14:10:30.514 [main] DEBUG org.aspectj.weaver.bcel.BcelWeaver - 14:10:30.514 main < o.a.w.b.BcelWeaver.weaveAndNotify
14:10:30.514 [main] DEBUG org.aspectj.weaver.bcel.BcelWeaver - 14:10:30.514 main < o.a.w.b.BcelWeaver.weave java.util.ArrayList(1)
14:10:30.514 [main] DEBUG o.a.weaver.tools.WeavingAdaptor - 14:10:30.514 main < o.a.w.t.WeavingAdaptor.weaveClass byte[13267]
14:10:30.514 [main] DEBUG org.aspectj.weaver.Dump - 14:10:30.514 main > o.a.w.Dump.dumpOnExit o.a.w.t.WeavingAdaptor$WeavingAdaptorMessageHolder@6a6afff2
14:10:30.514 [main] DEBUG org.aspectj.weaver.Dump - 14:10:30.514 main > o.a.w.Dump.shouldDumpOnExit o.a.w.t.WeavingAdaptor$WeavingAdaptorMessageHolder@6a6afff2
14:10:30.514 [main] DEBUG org.aspectj.weaver.Dump - 14:10:30.514 main - o.a.w.Dump.shouldDumpOnExit abort
14:10:30.514 [main] DEBUG org.aspectj.weaver.Dump - 14:10:30.514 main < o.a.w.Dump.shouldDumpOnExit false
14:10:30.514 [main] DEBUG org.aspectj.weaver.Dump - 14:10:30.514 main < o.a.w.Dump.dumpOnExit Excluded
14:10:30.514 [main] DEBUG org.aspectj.weaver.loadtime.Aj - 14:10:30.514 main < o.a.w.l.Aj.preProcess byte[13267]
14:10:30.516 [main] DEBUG org.aspectj.weaver.loadtime.Aj - 14:10:30.516 main > o.a.w.l.Aj.preProcess o.a.w.l.Aj@b9afc07 io/qameta/allure/internal/shadowed/jackson/annotation/JsonFormat$Shape, byte[2074], j.i.l.ClassLoaders$AppClassLoader@3cd1a2f1
14:10:30.517 [main] DEBUG org.aspectj.weaver.loadtime.Aj - 14:10:30.517 main - o.a.w.l.Aj.preProcess o.a.w.l.Aj@b9afc07 j.i.l.ClassLoaders$PlatformClassLoader@1ad282e0, j.i.l.ClassLoaders$AppClassLoader@3cd1a2f1
14:10:30.517 [main] DEBUG o.a.weaver.tools.WeavingAdaptor - 14:10:30.517 main > o.a.w.t.WeavingAdaptor.weaveClass o.a.w.l.ClassLoaderWeavingAdaptor@140e5a13 io/qameta/allure/internal/shadowed/jackson/annotation/JsonFormat$Shape, byte[2074]
14:10:30.517 [main] DEBUG org.aspectj.weaver.bcel.BcelWeaver - 14:10:30.517 main > o.a.w.b.BcelWeaver.weave o.a.w.b.BcelWeaver@48524010 o.a.w.t.WeavingAdaptor$WeavingClassFileProvider@25cc7470
14:10:30.517 [main] DEBUG org.aspectj.weaver.bcel.BcelWeaver - 14:10:30.517 main > o.a.w.b.BcelWeaver.weaveAndNotify o.a.w.b.BcelWeaver@48524010 o.a.w.b.UnwovenClassFile@4beddc56, o.a.w.b.BcelObjectType@79b663b3, o.a.w.t.WeavingAdaptor$WeavingClassFileProvider$1@1b812421
14:10:30.518 [main] DEBUG org.aspectj.weaver.bcel.BcelWeaver - 14:10:30.518 main < o.a.w.b.BcelWeaver.weaveAndNotify
14:10:30.518 [main] DEBUG org.aspectj.weaver.bcel.BcelWeaver - 14:10:30.518 main < o.a.w.b.BcelWeaver.weave java.util.ArrayList(1)
14:10:30.518 [main] DEBUG o.a.weaver.tools.WeavingAdaptor - 14:10:30.518 main < o.a.w.t.WeavingAdaptor.weaveClass byte[2074]
14:10:30.518 [main] DEBUG org.aspectj.weaver.Dump - 14:10:30.518 main > o.a.w.Dump.dumpOnExit o.a.w.t.WeavingAdaptor$WeavingAdaptorMessageHolder@6a6afff2
14:10:30.518 [main] DEBUG org.aspectj.weaver.Dump - 14:10:30.518 main > o.a.w.Dump.shouldDumpOnExit o.a.w.t.WeavingAdaptor$WeavingAdaptorMessageHolder@6a6afff2
14:10:30.518 [main] DEBUG org.aspectj.weaver.Dump - 14:10:30.518 main - o.a.w.Dump.shouldDumpOnExit abort
14:10:30.518 [main] DEBUG org.aspectj.weaver.Dump - 14:10:30.518 main < o.a.w.Dump.shouldDumpOnExit false
14:10:30.518 [main] DEBUG org.aspectj.weaver.Dump - 14:10:30.518 main < o.a.w.Dump.dumpOnExit Excluded
14:10:30.518 [main] DEBUG org.aspectj.weaver.loadtime.Aj - 14:10:30.518 main < o.a.w.l.Aj.preProcess byte[2074]
14:10:30.520 [main] DEBUG org.aspectj.weaver.loadtime.Aj - 14:10:30.520 main > o.a.w.l.Aj.preProcess o.a.w.l.Aj@b9afc07 io/qameta/allure/internal/shadowed/jackson/annotation/JsonFormat$Features, byte[4216], j.i.l.ClassLoaders$AppClassLoader@3cd1a2f1
14:10:30.520 [main] DEBUG org.aspectj.weaver.loadtime.Aj - 14:10:30.520 main - o.a.w.l.Aj.preProcess o.a.w.l.Aj@b9afc07 j.i.l.ClassLoaders$PlatformClassLoader@1ad282e0, j.i.l.ClassLoaders$AppClassLoader@3cd1a2f1
14:10:30.520 [main] DEBUG o.a.weaver.tools.WeavingAdaptor - 14:10:30.520 main > o.a.w.t.WeavingAdaptor.weaveClass o.a.w.l.ClassLoaderWeavingAdaptor@140e5a13 io/qameta/allure/internal/shadowed/jackson/annotation/JsonFormat$Features, byte[4216]
14:10:30.525 [main] DEBUG org.aspectj.weaver.bcel.BcelWeaver - 14:10:30.521 main > o.a.w.b.BcelWeaver.weave o.a.w.b.BcelWeaver@48524010 o.a.w.t.WeavingAdaptor$WeavingClassFileProvider@5649ec46
14:10:30.526 [main] DEBUG org.aspectj.weaver.bcel.BcelWeaver - 14:10:30.526 main > o.a.w.b.BcelWeaver.weaveAndNotify o.a.w.b.BcelWeaver@48524010 o.a.w.b.UnwovenClassFile@78dc4696, o.a.w.b.BcelObjectType@502f8b57, o.a.w.t.WeavingAdaptor$WeavingClassFileProvider$1@5652f555
14:10:30.526 [main] DEBUG org.aspectj.weaver.bcel.BcelWeaver - 14:10:30.526 main < o.a.w.b.BcelWeaver.weaveAndNotify
14:10:30.527 [main] DEBUG org.aspectj.weaver.bcel.BcelWeaver - 14:10:30.527 main < o.a.w.b.BcelWeaver.weave java.util.ArrayList(1)
14:10:30.527 [main] DEBUG o.a.weaver.tools.WeavingAdaptor - 14:10:30.527 main < o.a.w.t.WeavingAdaptor.weaveClass byte[4216]
14:10:30.527 [main] DEBUG org.aspectj.weaver.Dump - 14:10:30.527 main > o.a.w.Dump.dumpOnExit o.a.w.t.WeavingAdaptor$WeavingAdaptorMessageHolder@6a6afff2
14:10:30.527 [main] DEBUG org.aspectj.weaver.Dump - 14:10:30.527 main > o.a.w.Dump.shouldDumpOnExit o.a.w.t.WeavingAdaptor$WeavingAdaptorMessageHolder@6a6afff2
14:10:30.527 [main] DEBUG org.aspectj.weaver.Dump - 14:10:30.527 main - o.a.w.Dump.shouldDumpOnExit abort
14:10:30.527 [main] DEBUG org.aspectj.weaver.Dump - 14:10:30.527 main < o.a.w.Dump.shouldDumpOnExit false
14:10:30.527 [main] DEBUG org.aspectj.weaver.Dump - 14:10:30.527 main < o.a.w.Dump.dumpOnExit Excluded
14:10:30.527 [main] DEBUG org.aspectj.weaver.loadtime.Aj - 14:10:30.527 main < o.a.w.l.Aj.preProcess byte[4216]
14:10:30.529 [main] DEBUG org.aspectj.weaver.loadtime.Aj - 14:10:30.529 main > o.a.w.l.Aj.preProcess o.a.w.l.Aj@b9afc07 io/qameta/allure/internal/shadowed/jackson/databind/cfg/ConfigOverride, byte[3500], j.i.l.ClassLoaders$AppClassLoader@3cd1a2f1
14:10:30.529 [main] DEBUG org.aspectj.weaver.loadtime.Aj - 14:10:30.529 main - o.a.w.l.Aj.preProcess o.a.w.l.Aj@b9afc07 j.i.l.ClassLoaders$PlatformClassLoader@1ad282e0, j.i.l.ClassLoaders$AppClassLoader@3cd1a2f1
14:10:30.531 [main] DEBUG o.a.weaver.tools.WeavingAdaptor - 14:10:30.529 main > o.a.w.t.WeavingAdaptor.weaveClass o.a.w.l.ClassLoaderWeavingAdaptor@140e5a13 io/qameta/allure/internal/shadowed/jackson/databind/cfg/ConfigOverride, byte[3500]
14:10:30.531 [main] DEBUG org.aspectj.weaver.bcel.BcelWeaver - 14:10:30.531 main > o.a.w.b.BcelWeaver.weave o.a.w.b.BcelWeaver@48524010 o.a.w.t.WeavingAdaptor$WeavingClassFileProvider@323659f8
14:10:30.531 [main] DEBUG org.aspectj.weaver.bcel.BcelWeaver - 14:10:30.531 main > o.a.w.b.BcelWeaver.weaveAndNotify o.a.w.b.BcelWeaver@48524010 o.a.w.b.UnwovenClassFile@1144a55a, o.a.w.b.BcelObjectType@3e521715, o.a.w.t.WeavingAdaptor$WeavingClassFileProvider$1@26a529dc
14:10:30.533 [main] DEBUG org.aspectj.weaver.bcel.BcelWorld - 14:10:30.533 main - o.a.w.b.BcelWorld.lookupJavaClass o.a.w.l.LTWWorld@2b4a2ec7 io.qameta.allure.internal.shadowed.jackson.annotation.JsonSetter$Value, o.a.a.b.c.JavaClass@485e36bc
14:10:30.534 [main] DEBUG org.aspectj.weaver.bcel.BcelWeaver - 14:10:30.534 main < o.a.w.b.BcelWeaver.weaveAndNotify
14:10:30.534 [main] DEBUG org.aspectj.weaver.bcel.BcelWeaver - 14:10:30.534 main < o.a.w.b.BcelWeaver.weave java.util.ArrayList(1)
14:10:30.534 [main] DEBUG o.a.weaver.tools.WeavingAdaptor - 14:10:30.534 main < o.a.w.t.WeavingAdaptor.weaveClass byte[3500]
14:10:30.534 [main] DEBUG org.aspectj.weaver.Dump - 14:10:30.534 main > o.a.w.Dump.dumpOnExit o.a.w.t.WeavingAdaptor$WeavingAdaptorMessageHolder@6a6afff2
14:10:30.535 [main] DEBUG org.aspectj.weaver.Dump - 14:10:30.534 main > o.a.w.Dump.shouldDumpOnExit o.a.w.t.WeavingAdaptor$WeavingAdaptorMessageHolder@6a6afff2
14:10:30.535 [main] DEBUG org.aspectj.weaver.Dump - 14:10:30.535 main - o.a.w.Dump.shouldDumpOnExit abort
14:10:30.535 [main] DEBUG org.aspectj.weaver.Dump - 14:10:30.535 main < o.a.w.Dump.shouldDumpOnExit false
14:10:30.535 [main] DEBUG org.aspectj.weaver.Dump - 14:10:30.535 main < o.a.w.Dump.dumpOnExit Excluded
14:10:30.535 [main] DEBUG org.aspectj.weaver.loadtime.Aj - 14:10:30.535 main < o.a.w.l.Aj.preProcess byte[3500]
14:10:30.538 [main] DEBUG org.aspectj.weaver.loadtime.Aj - 14:10:30.538 main > o.a.w.l.Aj.preProcess o.a.w.l.Aj@b9afc07 io/qameta/allure/internal/shadowed/jackson/databind/cfg/ConfigOverride$Empty, byte[578], j.i.l.ClassLoaders$AppClassLoader@3cd1a2f1
14:10:30.538 [main] DEBUG org.aspectj.weaver.loadtime.Aj - 14:10:30.538 main - o.a.w.l.Aj.preProcess o.a.w.l.Aj@b9afc07 j.i.l.ClassLoaders$PlatformClassLoader@1ad282e0, j.i.l.ClassLoaders$AppClassLoader@3cd1a2f1
14:10:30.538 [main] DEBUG o.a.weaver.tools.WeavingAdaptor - 14:10:30.538 main > o.a.w.t.WeavingAdaptor.weaveClass o.a.w.l.ClassLoaderWeavingAdaptor@140e5a13 io/qameta/allure/internal/shadowed/jackson/databind/cfg/ConfigOverride$Empty, byte[578]
14:10:30.538 [main] DEBUG org.aspectj.weaver.bcel.BcelWeaver - 14:10:30.538 main > o.a.w.b.BcelWeaver.weave o.a.w.b.BcelWeaver@48524010 o.a.w.t.WeavingAdaptor$WeavingClassFileProvider@7b22ec89
14:10:30.539 [main] DEBUG org.aspectj.weaver.bcel.BcelWeaver - 14:10:30.539 main > o.a.w.b.BcelWeaver.weaveAndNotify o.a.w.b.BcelWeaver@48524010 o.a.w.b.UnwovenClassFile@790132f7, o.a.w.b.BcelObjectType@2228db21, o.a.w.t.WeavingAdaptor$WeavingClassFileProvider$1@48b0e701
14:10:30.539 [main] DEBUG org.aspectj.weaver.bcel.BcelWeaver - 14:10:30.539 main < o.a.w.b.BcelWeaver.weaveAndNotify
14:10:30.539 [main] DEBUG org.aspectj.weaver.bcel.BcelWeaver - 14:10:30.539 main < o.a.w.b.BcelWeaver.weave java.util.ArrayList(1)
14:10:30.539 [main] DEBUG o.a.weaver.tools.WeavingAdaptor - 14:10:30.539 main < o.a.w.t.WeavingAdaptor.weaveClass byte[578]
14:10:30.539 [main] DEBUG org.aspectj.weaver.Dump - 14:10:30.539 main > o.a.w.Dump.dumpOnExit o.a.w.t.WeavingAdaptor$WeavingAdaptorMessageHolder@6a6afff2
14:10:30.539 [main] DEBUG org.aspectj.weaver.Dump - 14:10:30.539 main > o.a.w.Dump.shouldDumpOnExit o.a.w.t.WeavingAdaptor$WeavingAdaptorMessageHolder@6a6afff2
14:10:30.539 [main] DEBUG org.aspectj.weaver.Dump - 14:10:30.539 main - o.a.w.Dump.shouldDumpOnExit abort
14:10:30.539 [main] DEBUG org.aspectj.weaver.Dump - 14:10:30.539 main < o.a.w.Dump.shouldDumpOnExit false
14:10:30.540 [main] DEBUG org.aspectj.weaver.Dump - 14:10:30.539 main < o.a.w.Dump.dumpOnExit Excluded
14:10:30.540 [main] DEBUG org.aspectj.weaver.loadtime.Aj - 14:10:30.540 main < o.a.w.l.Aj.preProcess byte[578]
14:10:30.542 [main] DEBUG org.aspectj.weaver.loadtime.Aj - 14:10:30.542 main > o.a.w.l.Aj.preProcess o.a.w.l.Aj@b9afc07 io/qameta/allure/internal/shadowed/jackson/databind/MapperFeature, byte[4675], j.i.l.ClassLoaders$AppClassLoader@3cd1a2f1
14:10:30.542 [main] DEBUG org.aspectj.weaver.loadtime.Aj - 14:10:30.542 main - o.a.w.l.Aj.preProcess o.a.w.l.Aj@b9afc07 j.i.l.ClassLoaders$PlatformClassLoader@1ad282e0, j.i.l.ClassLoaders$AppClassLoader@3cd1a2f1
14:10:30.542 [main] DEBUG o.a.weaver.tools.WeavingAdaptor - 14:10:30.542 main > o.a.w.t.WeavingAdaptor.weaveClass o.a.w.l.ClassLoaderWeavingAdaptor@140e5a13 io/qameta/allure/internal/shadowed/jackson/databind/MapperFeature, byte[4675]
14:10:30.542 [main] DEBUG org.aspectj.weaver.bcel.BcelWeaver - 14:10:30.542 main > o.a.w.b.BcelWeaver.weave o.a.w.b.BcelWeaver@48524010 o.a.w.t.WeavingAdaptor$WeavingClassFileProvider@3f4f9acd
14:10:30.547 [main] DEBUG org.aspectj.weaver.bcel.BcelWorld - 14:10:30.547 main - o.a.w.b.BcelWorld.lookupJavaClass o.a.w.l.LTWWorld@2b4a2ec7 io.qameta.allure.internal.shadowed.jackson.databind.cfg.ConfigFeature, o.a.a.b.c.JavaClass@4f7c0be3
14:10:30.547 [main] DEBUG org.aspectj.weaver.bcel.BcelWeaver - 14:10:30.547 main > o.a.w.b.BcelWeaver.weaveAndNotify o.a.w.b.BcelWeaver@48524010 o.a.w.b.UnwovenClassFile@ca66933, o.a.w.b.BcelObjectType@1d2644e3, o.a.w.t.WeavingAdaptor$WeavingClassFileProvider$1@4fa06f52
14:10:30.548 [main] DEBUG org.aspectj.weaver.bcel.BcelWeaver - 14:10:30.548 main < o.a.w.b.BcelWeaver.weaveAndNotify
14:10:30.548 [main] DEBUG org.aspectj.weaver.bcel.BcelWeaver - 14:10:30.548 main < o.a.w.b.BcelWeaver.weave java.util.ArrayList(1)
14:10:30.548 [main] DEBUG o.a.weaver.tools.WeavingAdaptor - 14:10:30.548 main < o.a.w.t.WeavingAdaptor.weaveClass byte[4675]
14:10:30.548 [main] DEBUG org.aspectj.weaver.Dump - 14:10:30.548 main > o.a.w.Dump.dumpOnExit o.a.w.t.WeavingAdaptor$WeavingAdaptorMessageHolder@6a6afff2
14:10:30.548 [main] DEBUG org.aspectj.weaver.Dump - 14:10:30.548 main > o.a.w.Dump.shouldDumpOnExit o.a.w.t.WeavingAdaptor$WeavingAdaptorMessageHolder@6a6afff2
14:10:30.548 [main] DEBUG org.aspectj.weaver.Dump - 14:10:30.548 main - o.a.w.Dump.shouldDumpOnExit abort
14:10:30.548 [main] DEBUG org.aspectj.weaver.Dump - 14:10:30.548 main < o.a.w.Dump.shouldDumpOnExit false
14:10:30.548 [main] DEBUG org.aspectj.weaver.Dump - 14:10:30.548 main < o.a.w.Dump.dumpOnExit Excluded
14:10:30.548 [main] DEBUG org.aspectj.weaver.loadtime.Aj - 14:10:30.548 main < o.a.w.l.Aj.preProcess byte[4675]
14:10:30.550 [main] DEBUG org.aspectj.weaver.loadtime.Aj - 14:10:30.550 main > o.a.w.l.Aj.preProcess o.a.w.l.Aj@b9afc07 io/qameta/allure/internal/shadowed/jackson/databind/cfg/ConfigFeature, byte[247], j.i.l.ClassLoaders$AppClassLoader@3cd1a2f1
14:10:30.550 [main] DEBUG org.aspectj.weaver.loadtime.Aj - 14:10:30.550 main - o.a.w.l.Aj.preProcess o.a.w.l.Aj@b9afc07 j.i.l.ClassLoaders$PlatformClassLoader@1ad282e0, j.i.l.ClassLoaders$AppClassLoader@3cd1a2f1
14:10:30.550 [main] DEBUG o.a.weaver.tools.WeavingAdaptor - 14:10:30.550 main > o.a.w.t.WeavingAdaptor.weaveClass o.a.w.l.ClassLoaderWeavingAdaptor@140e5a13 io/qameta/allure/internal/shadowed/jackson/databind/cfg/ConfigFeature, byte[247]
14:10:30.550 [main] DEBUG org.aspectj.weaver.bcel.BcelWeaver - 14:10:30.550 main > o.a.w.b.BcelWeaver.weave o.a.w.b.BcelWeaver@48524010 o.a.w.t.WeavingAdaptor$WeavingClassFileProvider@3e58d65e
14:10:30.550 [main] DEBUG org.aspectj.weaver.bcel.BcelWeaver - 14:10:30.550 main > o.a.w.b.BcelWeaver.weaveAndNotify o.a.w.b.BcelWeaver@48524010 o.a.w.b.UnwovenClassFile@3bd55d8, o.a.w.b.BcelObjectType@63998bf4, o.a.w.t.WeavingAdaptor$WeavingClassFileProvider$1@7e0b9178
14:10:30.553 [main] DEBUG org.aspectj.weaver.bcel.BcelWeaver - 14:10:30.551 main < o.a.w.b.BcelWeaver.weaveAndNotify
14:10:30.553 [main] DEBUG org.aspectj.weaver.bcel.BcelWeaver - 14:10:30.553 main < o.a.w.b.BcelWeaver.weave java.util.ArrayList(1)
14:10:30.553 [main] DEBUG o.a.weaver.tools.WeavingAdaptor - 14:10:30.553 main < o.a.w.t.WeavingAdaptor.weaveClass byte[247]
14:10:30.553 [main] DEBUG org.aspectj.weaver.Dump - 14:10:30.553 main > o.a.w.Dump.dumpOnExit o.a.w.t.WeavingAdaptor$WeavingAdaptorMessageHolder@6a6afff2
14:10:30.553 [main] DEBUG org.aspectj.weaver.Dump - 14:10:30.553 main > o.a.w.Dump.shouldDumpOnExit o.a.w.t.WeavingAdaptor$WeavingAdaptorMessageHolder@6a6afff2
14:10:30.553 [main] DEBUG org.aspectj.weaver.Dump - 14:10:30.553 main - o.a.w.Dump.shouldDumpOnExit abort
14:10:30.553 [main] DEBUG org.aspectj.weaver.Dump - 14:10:30.553 main < o.a.w.Dump.shouldDumpOnExit false
14:10:30.553 [main] DEBUG org.aspectj.weaver.Dump - 14:10:30.553 main < o.a.w.Dump.dumpOnExit Excluded
14:10:30.553 [main] DEBUG org.aspectj.weaver.loadtime.Aj - 14:10:30.553 main < o.a.w.l.Aj.preProcess byte[247]
14:10:30.555 [main] DEBUG org.aspectj.weaver.loadtime.Aj - 14:10:30.555 main > o.a.w.l.Aj.preProcess o.a.w.l.Aj@b9afc07 io/qameta/allure/internal/shadowed/jackson/core/util/DefaultPrettyPrinter$FixedSpaceIndenter, byte[1221], j.i.l.ClassLoaders$AppClassLoader@3cd1a2f1
14:10:30.555 [main] DEBUG org.aspectj.weaver.loadtime.Aj - 14:10:30.555 main - o.a.w.l.Aj.preProcess o.a.w.l.Aj@b9afc07 j.i.l.ClassLoaders$PlatformClassLoader@1ad282e0, j.i.l.ClassLoaders$AppClassLoader@3cd1a2f1
14:10:30.555 [main] DEBUG o.a.weaver.tools.WeavingAdaptor - 14:10:30.555 main > o.a.w.t.WeavingAdaptor.weaveClass o.a.w.l.ClassLoaderWeavingAdaptor@140e5a13 io/qameta/allure/internal/shadowed/jackson/core/util/DefaultPrettyPrinter$FixedSpaceIndenter, byte[1221]
14:10:30.556 [main] DEBUG org.aspectj.weaver.bcel.BcelWeaver - 14:10:30.556 main > o.a.w.b.BcelWeaver.weave o.a.w.b.BcelWeaver@48524010 o.a.w.t.WeavingAdaptor$WeavingClassFileProvider@5f5b5ca4
14:10:30.557 [main] DEBUG org.aspectj.weaver.bcel.BcelWorld - 14:10:30.557 main - o.a.w.b.BcelWorld.lookupJavaClass o.a.w.l.LTWWorld@2b4a2ec7 io.qameta.allure.internal.shadowed.jackson.core.util.DefaultPrettyPrinter$NopIndenter, o.a.a.b.c.JavaClass@18388a3c
14:10:30.558 [main] DEBUG org.aspectj.weaver.bcel.BcelWeaver - 14:10:30.558 main > o.a.w.b.BcelWeaver.weaveAndNotify o.a.w.b.BcelWeaver@48524010 o.a.w.b.UnwovenClassFile@1d035be3, o.a.w.b.BcelObjectType@4a60ee36, o.a.w.t.WeavingAdaptor$WeavingClassFileProvider$1@4cfbaf4
14:10:30.558 [main] DEBUG org.aspectj.weaver.bcel.BcelWorld - 14:10:30.558 main - o.a.w.b.BcelWorld.lookupJavaClass o.a.w.l.LTWWorld@2b4a2ec7 io.qameta.allure.internal.shadowed.jackson.core.util.DefaultPrettyPrinter$Indenter, o.a.a.b.c.JavaClass@79c4715d
14:10:30.558 [main] DEBUG org.aspectj.weaver.bcel.BcelWorld - 14:10:30.558 main - o.a.w.b.BcelWorld.lookupJavaClass o.a.w.l.LTWWorld@2b4a2ec7 io.qameta.allure.internal.shadowed.jackson.core.JsonGenerator, o.a.a.b.c.JavaClass@1a9c38eb
14:10:30.558 [main] DEBUG org.aspectj.weaver.bcel.BcelWeaver - 14:10:30.558 main < o.a.w.b.BcelWeaver.weaveAndNotify
14:10:30.558 [main] DEBUG org.aspectj.weaver.bcel.BcelWeaver - 14:10:30.558 main < o.a.w.b.BcelWeaver.weave java.util.ArrayList(1)
14:10:30.558 [main] DEBUG o.a.weaver.tools.WeavingAdaptor - 14:10:30.558 main < o.a.w.t.WeavingAdaptor.weaveClass byte[1221]
14:10:30.559 [main] DEBUG org.aspectj.weaver.Dump - 14:10:30.558 main > o.a.w.Dump.dumpOnExit o.a.w.t.WeavingAdaptor$WeavingAdaptorMessageHolder@6a6afff2
14:10:30.559 [main] DEBUG org.aspectj.weaver.Dump - 14:10:30.559 main > o.a.w.Dump.shouldDumpOnExit o.a.w.t.WeavingAdaptor$WeavingAdaptorMessageHolder@6a6afff2
14:10:30.559 [main] DEBUG org.aspectj.weaver.Dump - 14:10:30.559 main - o.a.w.Dump.shouldDumpOnExit abort
14:10:30.559 [main] DEBUG org.aspectj.weaver.Dump - 14:10:30.559 main < o.a.w.Dump.shouldDumpOnExit false
14:10:30.559 [main] DEBUG org.aspectj.weaver.Dump - 14:10:30.559 main < o.a.w.Dump.dumpOnExit Excluded
14:10:30.559 [main] DEBUG org.aspectj.weaver.loadtime.Aj - 14:10:30.559 main < o.a.w.l.Aj.preProcess byte[1221]
14:10:30.560 [main] DEBUG org.aspectj.weaver.loadtime.Aj - 14:10:30.560 main > o.a.w.l.Aj.preProcess o.a.w.l.Aj@b9afc07 io/qameta/allure/internal/shadowed/jackson/core/util/DefaultPrettyPrinter$NopIndenter, byte[1141], j.i.l.ClassLoaders$AppClassLoader@3cd1a2f1
14:10:30.561 [main] DEBUG org.aspectj.weaver.loadtime.Aj - 14:10:30.561 main - o.a.w.l.Aj.preProcess o.a.w.l.Aj@b9afc07 j.i.l.ClassLoaders$PlatformClassLoader@1ad282e0, j.i.l.ClassLoaders$AppClassLoader@3cd1a2f1
14:10:30.561 [main] DEBUG o.a.weaver.tools.WeavingAdaptor - 14:10:30.561 main > o.a.w.t.WeavingAdaptor.weaveClass o.a.w.l.ClassLoaderWeavingAdaptor@140e5a13 io/qameta/allure/internal/shadowed/jackson/core/util/DefaultPrettyPrinter$NopIndenter, byte[1141]
14:10:30.561 [main] DEBUG org.aspectj.weaver.bcel.BcelWeaver - 14:10:30.561 main > o.a.w.b.BcelWeaver.weave o.a.w.b.BcelWeaver@48524010 o.a.w.t.WeavingAdaptor$WeavingClassFileProvider@6622a690
14:10:30.561 [main] DEBUG org.aspectj.weaver.bcel.BcelWeaver - 14:10:30.561 main > o.a.w.b.BcelWeaver.weaveAndNotify o.a.w.b.BcelWeaver@48524010 o.a.w.b.UnwovenClassFile@30b9eadd, o.a.w.b.BcelObjectType@497570fb, o.a.w.t.WeavingAdaptor$WeavingClassFileProvider$1@412c995d
14:10:30.562 [main] DEBUG org.aspectj.weaver.bcel.BcelWeaver - 14:10:30.562 main < o.a.w.b.BcelWeaver.weaveAndNotify
14:10:30.562 [main] DEBUG org.aspectj.weaver.bcel.BcelWeaver - 14:10:30.562 main < o.a.w.b.BcelWeaver.weave java.util.ArrayList(1)
14:10:30.562 [main] DEBUG o.a.weaver.tools.WeavingAdaptor - 14:10:30.562 main < o.a.w.t.WeavingAdaptor.weaveClass byte[1141]
14:10:30.563 [main] DEBUG org.aspectj.weaver.Dump - 14:10:30.563 main > o.a.w.Dump.dumpOnExit o.a.w.t.WeavingAdaptor$WeavingAdaptorMessageHolder@6a6afff2
14:10:30.563 [main] DEBUG org.aspectj.weaver.Dump - 14:10:30.563 main > o.a.w.Dump.shouldDumpOnExit o.a.w.t.WeavingAdaptor$WeavingAdaptorMessageHolder@6a6afff2
14:10:30.563 [main] DEBUG org.aspectj.weaver.Dump - 14:10:30.563 main - o.a.w.Dump.shouldDumpOnExit abort
14:10:30.563 [main] DEBUG org.aspectj.weaver.Dump - 14:10:30.563 main < o.a.w.Dump.shouldDumpOnExit false
14:10:30.563 [main] DEBUG org.aspectj.weaver.Dump - 14:10:30.563 main < o.a.w.Dump.dumpOnExit Excluded
14:10:30.563 [main] DEBUG org.aspectj.weaver.loadtime.Aj - 14:10:30.563 main < o.a.w.l.Aj.preProcess byte[1141]
14:10:30.564 [main] DEBUG org.aspectj.weaver.loadtime.Aj - 14:10:30.564 main > o.a.w.l.Aj.preProcess o.a.w.l.Aj@b9afc07 io/qameta/allure/internal/shadowed/jackson/core/util/DefaultIndenter, byte[2795], j.i.l.ClassLoaders$AppClassLoader@3cd1a2f1
14:10:30.565 [main] DEBUG org.aspectj.weaver.loadtime.Aj - 14:10:30.565 main - o.a.w.l.Aj.preProcess o.a.w.l.Aj@b9afc07 j.i.l.ClassLoaders$PlatformClassLoader@1ad282e0, j.i.l.ClassLoaders$AppClassLoader@3cd1a2f1
14:10:30.565 [main] DEBUG o.a.weaver.tools.WeavingAdaptor - 14:10:30.565 main > o.a.w.t.WeavingAdaptor.weaveClass o.a.w.l.ClassLoaderWeavingAdaptor@140e5a13 io/qameta/allure/internal/shadowed/jackson/core/util/DefaultIndenter, byte[2795]
14:10:30.565 [main] DEBUG org.aspectj.weaver.bcel.BcelWeaver - 14:10:30.565 main > o.a.w.b.BcelWeaver.weave o.a.w.b.BcelWeaver@48524010 o.a.w.t.WeavingAdaptor$WeavingClassFileProvider@4bd2f0dc
14:10:30.565 [main] DEBUG org.aspectj.weaver.bcel.BcelWeaver - 14:10:30.565 main > o.a.w.b.BcelWeaver.weaveAndNotify o.a.w.b.BcelWeaver@48524010 o.a.w.b.UnwovenClassFile@2e647e59, o.a.w.b.BcelObjectType@2c42b421, o.a.w.t.WeavingAdaptor$WeavingClassFileProvider$1@51e37590
14:10:30.567 [main] DEBUG org.aspectj.weaver.bcel.BcelWeaver - 14:10:30.567 main < o.a.w.b.BcelWeaver.weaveAndNotify
14:10:30.567 [main] DEBUG org.aspectj.weaver.bcel.BcelWeaver - 14:10:30.567 main < o.a.w.b.BcelWeaver.weave java.util.ArrayList(1)
14:10:30.567 [main] DEBUG o.a.weaver.tools.WeavingAdaptor - 14:10:30.567 main < o.a.w.t.WeavingAdaptor.weaveClass byte[2795]
14:10:30.567 [main] DEBUG org.aspectj.weaver.Dump - 14:10:30.567 main > o.a.w.Dump.dumpOnExit o.a.w.t.WeavingAdaptor$WeavingAdaptorMessageHolder@6a6afff2
14:10:30.567 [main] DEBUG org.aspectj.weaver.Dump - 14:10:30.567 main > o.a.w.Dump.shouldDumpOnExit o.a.w.t.WeavingAdaptor$WeavingAdaptorMessageHolder@6a6afff2
14:10:30.569 [main] DEBUG org.aspectj.weaver.Dump - 14:10:30.569 main - o.a.w.Dump.shouldDumpOnExit abort
14:10:30.569 [main] DEBUG org.aspectj.weaver.Dump - 14:10:30.569 main < o.a.w.Dump.shouldDumpOnExit false
14:10:30.570 [main] DEBUG org.aspectj.weaver.Dump - 14:10:30.570 main < o.a.w.Dump.dumpOnExit Excluded
14:10:30.570 [main] DEBUG org.aspectj.weaver.loadtime.Aj - 14:10:30.570 main < o.a.w.l.Aj.preProcess byte[2795]
14:10:30.572 [main] DEBUG org.aspectj.weaver.loadtime.Aj - 14:10:30.571 main > o.a.w.l.Aj.preProcess o.a.w.l.Aj@b9afc07 io/qameta/allure/internal/shadowed/jackson/core/util/Separators, byte[1653], j.i.l.ClassLoaders$AppClassLoader@3cd1a2f1
14:10:30.572 [main] DEBUG org.aspectj.weaver.loadtime.Aj - 14:10:30.572 main - o.a.w.l.Aj.preProcess o.a.w.l.Aj@b9afc07 j.i.l.ClassLoaders$PlatformClassLoader@1ad282e0, j.i.l.ClassLoaders$AppClassLoader@3cd1a2f1
14:10:30.572 [main] DEBUG o.a.weaver.tools.WeavingAdaptor - 14:10:30.572 main > o.a.w.t.WeavingAdaptor.weaveClass o.a.w.l.ClassLoaderWeavingAdaptor@140e5a13 io/qameta/allure/internal/shadowed/jackson/core/util/Separators, byte[1653]
14:10:30.572 [main] DEBUG org.aspectj.weaver.bcel.BcelWeaver - 14:10:30.572 main > o.a.w.b.BcelWeaver.weave o.a.w.b.BcelWeaver@48524010 o.a.w.t.WeavingAdaptor$WeavingClassFileProvider@352e612e
14:10:30.572 [main] DEBUG org.aspectj.weaver.bcel.BcelWeaver - 14:10:30.572 main > o.a.w.b.BcelWeaver.weaveAndNotify o.a.w.b.BcelWeaver@48524010 o.a.w.b.UnwovenClassFile@65f00478, o.a.w.b.BcelObjectType@2424686b, o.a.w.t.WeavingAdaptor$WeavingClassFileProvider$1@6ea94d6a
14:10:30.573 [main] DEBUG org.aspectj.weaver.bcel.BcelWeaver - 14:10:30.573 main < o.a.w.b.BcelWeaver.weaveAndNotify
14:10:30.573 [main] DEBUG org.aspectj.weaver.bcel.BcelWeaver - 14:10:30.573 main < o.a.w.b.BcelWeaver.weave java.util.ArrayList(1)
14:10:30.573 [main] DEBUG o.a.weaver.tools.WeavingAdaptor - 14:10:30.573 main < o.a.w.t.WeavingAdaptor.weaveClass byte[1653]
14:10:30.573 [main] DEBUG org.aspectj.weaver.Dump - 14:10:30.573 main > o.a.w.Dump.dumpOnExit o.a.w.t.WeavingAdaptor$WeavingAdaptorMessageHolder@6a6afff2
14:10:30.574 [main] DEBUG org.aspectj.weaver.Dump - 14:10:30.574 main > o.a.w.Dump.shouldDumpOnExit o.a.w.t.WeavingAdaptor$WeavingAdaptorMessageHolder@6a6afff2
14:10:30.574 [main] DEBUG org.aspectj.weaver.Dump - 14:10:30.574 main - o.a.w.Dump.shouldDumpOnExit abort
14:10:30.574 [main] DEBUG org.aspectj.weaver.Dump - 14:10:30.574 main < o.a.w.Dump.shouldDumpOnExit false
14:10:30.574 [main] DEBUG org.aspectj.weaver.Dump - 14:10:30.574 main < o.a.w.Dump.dumpOnExit Excluded
14:10:30.574 [main] DEBUG org.aspectj.weaver.loadtime.Aj - 14:10:30.574 main < o.a.w.l.Aj.preProcess byte[1653]
14:10:30.576 [main] DEBUG org.aspectj.weaver.loadtime.Aj - 14:10:30.576 main > o.a.w.l.Aj.preProcess o.a.w.l.Aj@b9afc07 io/qameta/allure/internal/shadowed/jackson/databind/SerializationFeature, byte[3834], j.i.l.ClassLoaders$AppClassLoader@3cd1a2f1
14:10:30.576 [main] DEBUG org.aspectj.weaver.loadtime.Aj - 14:10:30.576 main - o.a.w.l.Aj.preProcess o.a.w.l.Aj@b9afc07 j.i.l.ClassLoaders$PlatformClassLoader@1ad282e0, j.i.l.ClassLoaders$AppClassLoader@3cd1a2f1
14:10:30.577 [main] DEBUG o.a.weaver.tools.WeavingAdaptor - 14:10:30.576 main > o.a.w.t.WeavingAdaptor.weaveClass o.a.w.l.ClassLoaderWeavingAdaptor@140e5a13 io/qameta/allure/internal/shadowed/jackson/databind/SerializationFeature, byte[3834]
14:10:30.577 [main] DEBUG org.aspectj.weaver.bcel.BcelWeaver - 14:10:30.577 main > o.a.w.b.BcelWeaver.weave o.a.w.b.BcelWeaver@48524010 o.a.w.t.WeavingAdaptor$WeavingClassFileProvider@7d151a
14:10:30.577 [main] DEBUG org.aspectj.weaver.bcel.BcelWeaver - 14:10:30.577 main > o.a.w.b.BcelWeaver.weaveAndNotify o.a.w.b.BcelWeaver@48524010 o.a.w.b.UnwovenClassFile@294bdeb4, o.a.w.b.BcelObjectType@5300f14a, o.a.w.t.WeavingAdaptor$WeavingClassFileProvider$1@1f86099a
14:10:30.578 [main] DEBUG org.aspectj.weaver.bcel.BcelWeaver - 14:10:30.578 main < o.a.w.b.BcelWeaver.weaveAndNotify
14:10:30.578 [main] DEBUG org.aspectj.weaver.bcel.BcelWeaver - 14:10:30.578 main < o.a.w.b.BcelWeaver.weave java.util.ArrayList(1)
14:10:30.578 [main] DEBUG o.a.weaver.tools.WeavingAdaptor - 14:10:30.578 main < o.a.w.t.WeavingAdaptor.weaveClass byte[3834]
14:10:30.578 [main] DEBUG org.aspectj.weaver.Dump - 14:10:30.578 main > o.a.w.Dump.dumpOnExit o.a.w.t.WeavingAdaptor$WeavingAdaptorMessageHolder@6a6afff2
14:10:30.578 [main] DEBUG org.aspectj.weaver.Dump - 14:10:30.578 main > o.a.w.Dump.shouldDumpOnExit o.a.w.t.WeavingAdaptor$WeavingAdaptorMessageHolder@6a6afff2
14:10:30.578 [main] DEBUG org.aspectj.weaver.Dump - 14:10:30.578 main - o.a.w.Dump.shouldDumpOnExit abort
14:10:30.578 [main] DEBUG org.aspectj.weaver.Dump - 14:10:30.578 main < o.a.w.Dump.shouldDumpOnExit false
14:10:30.578 [main] DEBUG org.aspectj.weaver.Dump - 14:10:30.578 main < o.a.w.Dump.dumpOnExit Excluded
14:10:30.579 [main] DEBUG org.aspectj.weaver.loadtime.Aj - 14:10:30.579 main < o.a.w.l.Aj.preProcess byte[3834]
14:10:30.582 [main] DEBUG org.aspectj.weaver.loadtime.Aj - 14:10:30.582 main > o.a.w.l.Aj.preProcess o.a.w.l.Aj@b9afc07 io/qameta/allure/internal/shadowed/jackson/databind/cfg/ContextAttributes, byte[1270], j.i.l.ClassLoaders$AppClassLoader@3cd1a2f1
14:10:30.582 [main] DEBUG org.aspectj.weaver.loadtime.Aj - 14:10:30.582 main - o.a.w.l.Aj.preProcess o.a.w.l.Aj@b9afc07 j.i.l.ClassLoaders$PlatformClassLoader@1ad282e0, j.i.l.ClassLoaders$AppClassLoader@3cd1a2f1
14:10:30.582 [main] DEBUG o.a.weaver.tools.WeavingAdaptor - 14:10:30.582 main > o.a.w.t.WeavingAdaptor.weaveClass o.a.w.l.ClassLoaderWeavingAdaptor@140e5a13 io/qameta/allure/internal/shadowed/jackson/databind/cfg/ContextAttributes, byte[1270]
14:10:30.583 [main] DEBUG org.aspectj.weaver.bcel.BcelWeaver - 14:10:30.583 main > o.a.w.b.BcelWeaver.weave o.a.w.b.BcelWeaver@48524010 o.a.w.t.WeavingAdaptor$WeavingClassFileProvider@712ca57b
14:10:30.583 [main] DEBUG org.aspectj.weaver.bcel.BcelWeaver - 14:10:30.583 main > o.a.w.b.BcelWeaver.weaveAndNotify o.a.w.b.BcelWeaver@48524010 o.a.w.b.UnwovenClassFile@4564e94b, o.a.w.b.BcelObjectType@54534abf, o.a.w.t.WeavingAdaptor$WeavingClassFileProvider$1@51745f40
14:10:30.583 [main] DEBUG org.aspectj.weaver.bcel.BcelWeaver - 14:10:30.583 main < o.a.w.b.BcelWeaver.weaveAndNotify
14:10:30.583 [main] DEBUG org.aspectj.weaver.bcel.BcelWeaver - 14:10:30.583 main < o.a.w.b.BcelWeaver.weave java.util.ArrayList(1)
14:10:30.584 [main] DEBUG o.a.weaver.tools.WeavingAdaptor - 14:10:30.584 main < o.a.w.t.WeavingAdaptor.weaveClass byte[1270]
14:10:30.584 [main] DEBUG org.aspectj.weaver.Dump - 14:10:30.584 main > o.a.w.Dump.dumpOnExit o.a.w.t.WeavingAdaptor$WeavingAdaptorMessageHolder@6a6afff2
14:10:30.584 [main] DEBUG org.aspectj.weaver.Dump - 14:10:30.584 main > o.a.w.Dump.shouldDumpOnExit o.a.w.t.WeavingAdaptor$WeavingAdaptorMessageHolder@6a6afff2
14:10:30.584 [main] DEBUG org.aspectj.weaver.Dump - 14:10:30.584 main - o.a.w.Dump.shouldDumpOnExit abort
14:10:30.584 [main] DEBUG org.aspectj.weaver.Dump - 14:10:30.584 main < o.a.w.Dump.shouldDumpOnExit false
14:10:30.584 [main] DEBUG org.aspectj.weaver.Dump - 14:10:30.584 main < o.a.w.Dump.dumpOnExit Excluded
14:10:30.584 [main] DEBUG org.aspectj.weaver.loadtime.Aj - 14:10:30.584 main < o.a.w.l.Aj.preProcess byte[1270]
14:10:30.586 [main] DEBUG org.aspectj.weaver.loadtime.Aj - 14:10:30.585 main > o.a.w.l.Aj.preProcess o.a.w.l.Aj@b9afc07 io/qameta/allure/internal/shadowed/jackson/databind/cfg/ContextAttributes$Impl, byte[3778], j.i.l.ClassLoaders$AppClassLoader@3cd1a2f1
14:10:30.586 [main] DEBUG org.aspectj.weaver.loadtime.Aj - 14:10:30.586 main - o.a.w.l.Aj.preProcess o.a.w.l.Aj@b9afc07 j.i.l.ClassLoaders$PlatformClassLoader@1ad282e0, j.i.l.ClassLoaders$AppClassLoader@3cd1a2f1
14:10:30.586 [main] DEBUG o.a.weaver.tools.WeavingAdaptor - 14:10:30.586 main > o.a.w.t.WeavingAdaptor.weaveClass o.a.w.l.ClassLoaderWeavingAdaptor@140e5a13 io/qameta/allure/internal/shadowed/jackson/databind/cfg/ContextAttributes$Impl, byte[3778]
14:10:30.586 [main] DEBUG org.aspectj.weaver.bcel.BcelWeaver - 14:10:30.586 main > o.a.w.b.BcelWeaver.weave o.a.w.b.BcelWeaver@48524010 o.a.w.t.WeavingAdaptor$WeavingClassFileProvider@1c6e0a08
14:10:30.586 [main] DEBUG org.aspectj.weaver.bcel.BcelWeaver - 14:10:30.586 main > o.a.w.b.BcelWeaver.weaveAndNotify o.a.w.b.BcelWeaver@48524010 o.a.w.b.UnwovenClassFile@6dba847b, o.a.w.b.BcelObjectType@1efdcd5, o.a.w.t.WeavingAdaptor$WeavingClassFileProvider$1@1623bbe5
14:10:30.587 [main] DEBUG org.aspectj.weaver.bcel.BcelWorld - 14:10:30.587 main - o.a.w.b.BcelWorld.lookupJavaClass o.a.w.l.LTWWorld@2b4a2ec7 java.util.Map, o.a.a.b.c.JavaClass@48974e45
14:10:30.587 [main] DEBUG org.aspectj.weaver.bcel.BcelWeaver - 14:10:30.587 main < o.a.w.b.BcelWeaver.weaveAndNotify
14:10:30.587 [main] DEBUG org.aspectj.weaver.bcel.BcelWeaver - 14:10:30.587 main < o.a.w.b.BcelWeaver.weave java.util.ArrayList(1)
14:10:30.587 [main] DEBUG o.a.weaver.tools.WeavingAdaptor - 14:10:30.587 main < o.a.w.t.WeavingAdaptor.weaveClass byte[3778]
14:10:30.587 [main] DEBUG org.aspectj.weaver.Dump - 14:10:30.587 main > o.a.w.Dump.dumpOnExit o.a.w.t.WeavingAdaptor$WeavingAdaptorMessageHolder@6a6afff2
14:10:30.587 [main] DEBUG org.aspectj.weaver.Dump - 14:10:30.587 main > o.a.w.Dump.shouldDumpOnExit o.a.w.t.WeavingAdaptor$WeavingAdaptorMessageHolder@6a6afff2
14:10:30.587 [main] DEBUG org.aspectj.weaver.Dump - 14:10:30.587 main - o.a.w.Dump.shouldDumpOnExit abort
14:10:30.587 [main] DEBUG org.aspectj.weaver.Dump - 14:10:30.587 main < o.a.w.Dump.shouldDumpOnExit false
14:10:30.587 [main] DEBUG org.aspectj.weaver.Dump - 14:10:30.587 main < o.a.w.Dump.dumpOnExit Excluded
14:10:30.587 [main] DEBUG org.aspectj.weaver.loadtime.Aj - 14:10:30.587 main < o.a.w.l.Aj.preProcess byte[3778]
14:10:30.590 [main] DEBUG org.aspectj.weaver.loadtime.Aj - 14:10:30.590 main > o.a.w.l.Aj.preProcess o.a.w.l.Aj@b9afc07 io/qameta/allure/internal/shadowed/jackson/databind/DeserializationFeature, byte[3955], j.i.l.ClassLoaders$AppClassLoader@3cd1a2f1
14:10:30.590 [main] DEBUG org.aspectj.weaver.loadtime.Aj - 14:10:30.590 main - o.a.w.l.Aj.preProcess o.a.w.l.Aj@b9afc07 j.i.l.ClassLoaders$PlatformClassLoader@1ad282e0, j.i.l.ClassLoaders$AppClassLoader@3cd1a2f1
14:10:30.590 [main] DEBUG o.a.weaver.tools.WeavingAdaptor - 14:10:30.590 main > o.a.w.t.WeavingAdaptor.weaveClass o.a.w.l.ClassLoaderWeavingAdaptor@140e5a13 io/qameta/allure/internal/shadowed/jackson/databind/DeserializationFeature, byte[3955]
14:10:30.591 [main] DEBUG org.aspectj.weaver.bcel.BcelWeaver - 14:10:30.591 main > o.a.w.b.BcelWeaver.weave o.a.w.b.BcelWeaver@48524010 o.a.w.t.WeavingAdaptor$WeavingClassFileProvider@381cad29
14:10:30.591 [main] DEBUG org.aspectj.weaver.bcel.BcelWeaver - 14:10:30.591 main > o.a.w.b.BcelWeaver.weaveAndNotify o.a.w.b.BcelWeaver@48524010 o.a.w.b.UnwovenClassFile@988246e, o.a.w.b.BcelObjectType@62515a47, o.a.w.t.WeavingAdaptor$WeavingClassFileProvider$1@3c5a54b7
14:10:30.592 [main] DEBUG org.aspectj.weaver.bcel.BcelWeaver - 14:10:30.592 main < o.a.w.b.BcelWeaver.weaveAndNotify
14:10:30.592 [main] DEBUG org.aspectj.weaver.bcel.BcelWeaver - 14:10:30.592 main < o.a.w.b.BcelWeaver.weave java.util.ArrayList(1)
14:10:30.592 [main] DEBUG o.a.weaver.tools.WeavingAdaptor - 14:10:30.592 main < o.a.w.t.WeavingAdaptor.weaveClass byte[3955]
14:10:30.592 [main] DEBUG org.aspectj.weaver.Dump - 14:10:30.592 main > o.a.w.Dump.dumpOnExit o.a.w.t.WeavingAdaptor$WeavingAdaptorMessageHolder@6a6afff2
14:10:30.592 [main] DEBUG org.aspectj.weaver.Dump - 14:10:30.592 main > o.a.w.Dump.shouldDumpOnExit o.a.w.t.WeavingAdaptor$WeavingAdaptorMessageHolder@6a6afff2
14:10:30.592 [main] DEBUG org.aspectj.weaver.Dump - 14:10:30.592 main - o.a.w.Dump.shouldDumpOnExit abort
14:10:30.593 [main] DEBUG org.aspectj.weaver.Dump - 14:10:30.593 main < o.a.w.Dump.shouldDumpOnExit false
14:10:30.594 [main] DEBUG org.aspectj.weaver.Dump - 14:10:30.594 main < o.a.w.Dump.dumpOnExit Excluded
14:10:30.594 [main] DEBUG org.aspectj.weaver.loadtime.Aj - 14:10:30.594 main < o.a.w.l.Aj.preProcess byte[3955]
14:10:30.604 [main] DEBUG org.aspectj.weaver.loadtime.Aj - 14:10:30.604 main > o.a.w.l.Aj.preProcess o.a.w.l.Aj@b9afc07 io/qameta/allure/internal/shadowed/jackson/databind/node/JsonNodeFactory, byte[10370], j.i.l.ClassLoaders$AppClassLoader@3cd1a2f1
14:10:30.604 [main] DEBUG org.aspectj.weaver.loadtime.Aj - 14:10:30.604 main - o.a.w.l.Aj.preProcess o.a.w.l.Aj@b9afc07 j.i.l.ClassLoaders$PlatformClassLoader@1ad282e0, j.i.l.ClassLoaders$AppClassLoader@3cd1a2f1
14:10:30.604 [main] DEBUG o.a.weaver.tools.WeavingAdaptor - 14:10:30.604 main > o.a.w.t.WeavingAdaptor.weaveClass o.a.w.l.ClassLoaderWeavingAdaptor@140e5a13 io/qameta/allure/internal/shadowed/jackson/databind/node/JsonNodeFactory, byte[10370]
14:10:30.605 [main] DEBUG org.aspectj.weaver.bcel.BcelWeaver - 14:10:30.605 main > o.a.w.b.BcelWeaver.weave o.a.w.b.BcelWeaver@48524010 o.a.w.t.WeavingAdaptor$WeavingClassFileProvider@6f8d7714
14:10:30.606 [main] DEBUG org.aspectj.weaver.bcel.BcelWorld - 14:10:30.606 main - o.a.w.b.BcelWorld.lookupJavaClass o.a.w.l.LTWWorld@2b4a2ec7 io.qameta.allure.internal.shadowed.jackson.databind.node.JsonNodeCreator, o.a.a.b.c.JavaClass@aa21042
14:10:30.607 [main] DEBUG org.aspectj.weaver.bcel.BcelWeaver - 14:10:30.607 main > o.a.w.b.BcelWeaver.weaveAndNotify o.a.w.b.BcelWeaver@48524010 o.a.w.b.UnwovenClassFile@e93f3d5, o.a.w.b.BcelObjectType@4cee7fa0, o.a.w.t.WeavingAdaptor$WeavingClassFileProvider$1@7a26928a
14:10:30.609 [main] DEBUG org.aspectj.weaver.bcel.BcelWorld - 14:10:30.609 main - o.a.w.b.BcelWorld.lookupJavaClass o.a.w.l.LTWWorld@2b4a2ec7 io.qameta.allure.internal.shadowed.jackson.databind.node.BooleanNode, o.a.a.b.c.JavaClass@5a5c128
14:10:30.611 [main] DEBUG org.aspectj.weaver.bcel.BcelWorld - 14:10:30.611 main - o.a.w.b.BcelWorld.lookupJavaClass o.a.w.l.LTWWorld@2b4a2ec7 io.qameta.allure.internal.shadowed.jackson.databind.node.NullNode, o.a.a.b.c.JavaClass@5e76a2bb
14:10:30.611 [main] DEBUG org.aspectj.weaver.bcel.BcelWorld - 14:10:30.611 main - o.a.w.b.BcelWorld.lookupJavaClass o.a.w.l.LTWWorld@2b4a2ec7 io.qameta.allure.internal.shadowed.jackson.databind.JsonNode, o.a.a.b.c.JavaClass@758a34ce
14:10:30.616 [main] DEBUG org.aspectj.weaver.bcel.BcelWorld - 14:10:30.616 main - o.a.w.b.BcelWorld.lookupJavaClass o.a.w.l.LTWWorld@2b4a2ec7 io.qameta.allure.internal.shadowed.jackson.databind.node.NumericNode, o.a.a.b.c.JavaClass@14faa38c
14:10:30.616 [main] DEBUG org.aspectj.weaver.bcel.BcelWorld - 14:10:30.616 main - o.a.w.b.BcelWorld.lookupJavaClass o.a.w.l.LTWWorld@2b4a2ec7 java.lang.Byte, o.a.a.b.c.JavaClass@7ff2b8d2
14:10:30.616 [main] DEBUG org.aspectj.weaver.bcel.BcelWorld - 14:10:30.616 main - o.a.w.b.BcelWorld.lookupJavaClass o.a.w.l.LTWWorld@2b4a2ec7 io.qameta.allure.internal.shadowed.jackson.databind.node.ValueNode, o.a.a.b.c.JavaClass@117e0fe5
14:10:30.617 [main] DEBUG org.aspectj.weaver.bcel.BcelWorld - 14:10:30.617 main - o.a.w.b.BcelWorld.lookupJavaClass o.a.w.l.LTWWorld@2b4a2ec7 java.lang.Short, o.a.a.b.c.JavaClass@6dc1484
14:10:30.617 [main] DEBUG org.aspectj.weaver.bcel.BcelWorld - 14:10:30.617 main - o.a.w.b.BcelWorld.lookupJavaClass o.a.w.l.LTWWorld@2b4a2ec7 java.lang.Long, o.a.a.b.c.JavaClass@6a84a97d
14:10:30.617 [main] DEBUG org.aspectj.weaver.bcel.BcelWorld - 14:10:30.617 main - o.a.w.b.BcelWorld.lookupJavaClass o.a.w.l.LTWWorld@2b4a2ec7 java.math.BigInteger, o.a.a.b.c.JavaClass@13b3d178
14:10:30.618 [main] DEBUG org.aspectj.weaver.bcel.BcelWorld - 14:10:30.618 main - o.a.w.b.BcelWorld.lookupJavaClass o.a.w.l.LTWWorld@2b4a2ec7 java.lang.Float, o.a.a.b.c.JavaClass@a37aefe
14:10:30.618 [main] DEBUG org.aspectj.weaver.bcel.BcelWorld - 14:10:30.618 main - o.a.w.b.BcelWorld.lookupJavaClass o.a.w.l.LTWWorld@2b4a2ec7 java.lang.Double, o.a.a.b.c.JavaClass@5d99c6b5
14:10:30.618 [main] DEBUG org.aspectj.weaver.bcel.BcelWorld - 14:10:30.618 main - o.a.w.b.BcelWorld.lookupJavaClass o.a.w.l.LTWWorld@2b4a2ec7 java.math.BigDecimal, o.a.a.b.c.JavaClass@62833051
14:10:30.619 [main] DEBUG org.aspectj.weaver.bcel.BcelWorld - 14:10:30.619 main - o.a.w.b.BcelWorld.lookupJavaClass o.a.w.l.LTWWorld@2b4a2ec7 io.qameta.allure.internal.shadowed.jackson.databind.node.TextNode, o.a.a.b.c.JavaClass@456be73c
14:10:30.622 [main] DEBUG org.aspectj.weaver.bcel.BcelWorld - 14:10:30.622 main - o.a.w.b.BcelWorld.lookupJavaClass o.a.w.l.LTWWorld@2b4a2ec7 io.qameta.allure.internal.shadowed.jackson.databind.node.BinaryNode, o.a.a.b.c.JavaClass@5b6e8f77
14:10:30.622 [main] DEBUG org.aspectj.weaver.bcel.BcelWorld - 14:10:30.622 main - o.a.w.b.BcelWorld.lookupJavaClass o.a.w.l.LTWWorld@2b4a2ec7 io.qameta.allure.internal.shadowed.jackson.databind.node.ArrayNode, o.a.a.b.c.JavaClass@246f8b8b
14:10:30.622 [main] DEBUG org.aspectj.weaver.bcel.BcelWorld - 14:10:30.622 main - o.a.w.b.BcelWorld.lookupJavaClass o.a.w.l.LTWWorld@2b4a2ec7 io.qameta.allure.internal.shadowed.jackson.databind.node.ObjectNode, o.a.a.b.c.JavaClass@1522d8a0
14:10:30.629 [main] DEBUG org.aspectj.weaver.bcel.BcelWorld - 14:10:30.629 main - o.a.w.b.BcelWorld.lookupJavaClass o.a.w.l.LTWWorld@2b4a2ec7 io.qameta.allure.internal.shadowed.jackson.databind.util.RawValue, o.a.a.b.c.JavaClass@411291e5
14:10:30.630 [main] DEBUG org.aspectj.weaver.bcel.BcelWeaver - 14:10:30.630 main < o.a.w.b.BcelWeaver.weaveAndNotify
14:10:30.630 [main] DEBUG org.aspectj.weaver.bcel.BcelWeaver - 14:10:30.630 main < o.a.w.b.BcelWeaver.weave java.util.ArrayList(1)
14:10:30.630 [main] DEBUG o.a.weaver.tools.WeavingAdaptor - 14:10:30.630 main < o.a.w.t.WeavingAdaptor.weaveClass byte[10370]
14:10:30.630 [main] DEBUG org.aspectj.weaver.Dump - 14:10:30.630 main > o.a.w.Dump.dumpOnExit o.a.w.t.WeavingAdaptor$WeavingAdaptorMessageHolder@6a6afff2
14:10:30.630 [main] DEBUG org.aspectj.weaver.Dump - 14:10:30.630 main > o.a.w.Dump.shouldDumpOnExit o.a.w.t.WeavingAdaptor$WeavingAdaptorMessageHolder@6a6afff2
14:10:30.630 [main] DEBUG org.aspectj.weaver.Dump - 14:10:30.630 main - o.a.w.Dump.shouldDumpOnExit abort
14:10:30.630 [main] DEBUG org.aspectj.weaver.Dump - 14:10:30.630 main < o.a.w.Dump.shouldDumpOnExit false
14:10:30.630 [main] DEBUG org.aspectj.weaver.Dump - 14:10:30.630 main < o.a.w.Dump.dumpOnExit Excluded
14:10:30.630 [main] DEBUG org.aspectj.weaver.loadtime.Aj - 14:10:30.630 main < o.a.w.l.Aj.preProcess byte[10370]
14:10:30.637 [main] DEBUG org.aspectj.weaver.loadtime.Aj - 14:10:30.631 main > o.a.w.l.Aj.preProcess o.a.w.l.Aj@b9afc07 io/qameta/allure/internal/shadowed/jackson/databind/node/JsonNodeCreator, byte[2490], j.i.l.ClassLoaders$AppClassLoader@3cd1a2f1
14:10:30.637 [main] DEBUG org.aspectj.weaver.loadtime.Aj - 14:10:30.637 main - o.a.w.l.Aj.preProcess o.a.w.l.Aj@b9afc07 j.i.l.ClassLoaders$PlatformClassLoader@1ad282e0, j.i.l.ClassLoaders$AppClassLoader@3cd1a2f1
14:10:30.637 [main] DEBUG o.a.weaver.tools.WeavingAdaptor - 14:10:30.637 main > o.a.w.t.WeavingAdaptor.weaveClass o.a.w.l.ClassLoaderWeavingAdaptor@140e5a13 io/qameta/allure/internal/shadowed/jackson/databind/node/JsonNodeCreator, byte[2490]
14:10:30.637 [main] DEBUG org.aspectj.weaver.bcel.BcelWeaver - 14:10:30.637 main > o.a.w.b.BcelWeaver.weave o.a.w.b.BcelWeaver@48524010 o.a.w.t.WeavingAdaptor$WeavingClassFileProvider@27e32fe4
14:10:30.637 [main] DEBUG org.aspectj.weaver.bcel.BcelWeaver - 14:10:30.637 main > o.a.w.b.BcelWeaver.weaveAndNotify o.a.w.b.BcelWeaver@48524010 o.a.w.b.UnwovenClassFile@c3c4c1c, o.a.w.b.BcelObjectType@17d238b1, o.a.w.t.WeavingAdaptor$WeavingClassFileProvider$1@3d7cc3cb
14:10:30.638 [main] DEBUG org.aspectj.weaver.bcel.BcelWeaver - 14:10:30.638 main < o.a.w.b.BcelWeaver.weaveAndNotify
14:10:30.638 [main] DEBUG org.aspectj.weaver.bcel.BcelWeaver - 14:10:30.638 main < o.a.w.b.BcelWeaver.weave java.util.ArrayList(1)
14:10:30.638 [main] DEBUG o.a.weaver.tools.WeavingAdaptor - 14:10:30.638 main < o.a.w.t.WeavingAdaptor.weaveClass byte[2490]
14:10:30.638 [main] DEBUG org.aspectj.weaver.Dump - 14:10:30.638 main > o.a.w.Dump.dumpOnExit o.a.w.t.WeavingAdaptor$WeavingAdaptorMessageHolder@6a6afff2
14:10:30.638 [main] DEBUG org.aspectj.weaver.Dump - 14:10:30.638 main > o.a.w.Dump.shouldDumpOnExit o.a.w.t.WeavingAdaptor$WeavingAdaptorMessageHolder@6a6afff2
14:10:30.638 [main] DEBUG org.aspectj.weaver.Dump - 14:10:30.638 main - o.a.w.Dump.shouldDumpOnExit abort
14:10:30.638 [main] DEBUG org.aspectj.weaver.Dump - 14:10:30.638 main < o.a.w.Dump.shouldDumpOnExit false
14:10:30.638 [main] DEBUG org.aspectj.weaver.Dump - 14:10:30.638 main < o.a.w.Dump.dumpOnExit Excluded
14:10:30.638 [main] DEBUG org.aspectj.weaver.loadtime.Aj - 14:10:30.638 main < o.a.w.l.Aj.preProcess byte[2490]
14:10:30.640 [main] DEBUG org.aspectj.weaver.loadtime.Aj - 14:10:30.640 main > o.a.w.l.Aj.preProcess o.a.w.l.Aj@b9afc07 io/qameta/allure/internal/shadowed/jackson/databind/node/MissingNode, byte[3773], j.i.l.ClassLoaders$AppClassLoader@3cd1a2f1
14:10:30.640 [main] DEBUG org.aspectj.weaver.loadtime.Aj - 14:10:30.640 main - o.a.w.l.Aj.preProcess o.a.w.l.Aj@b9afc07 j.i.l.ClassLoaders$PlatformClassLoader@1ad282e0, j.i.l.ClassLoaders$AppClassLoader@3cd1a2f1
14:10:30.640 [main] DEBUG o.a.weaver.tools.WeavingAdaptor - 14:10:30.640 main > o.a.w.t.WeavingAdaptor.weaveClass o.a.w.l.ClassLoaderWeavingAdaptor@140e5a13 io/qameta/allure/internal/shadowed/jackson/databind/node/MissingNode, byte[3773]
14:10:30.642 [main] DEBUG org.aspectj.weaver.bcel.BcelWeaver - 14:10:30.642 main > o.a.w.b.BcelWeaver.weave o.a.w.b.BcelWeaver@48524010 o.a.w.t.WeavingAdaptor$WeavingClassFileProvider@49096b06
14:10:30.642 [main] DEBUG org.aspectj.weaver.bcel.BcelWeaver - 14:10:30.642 main > o.a.w.b.BcelWeaver.weaveAndNotify o.a.w.b.BcelWeaver@48524010 o.a.w.b.UnwovenClassFile@4a183d02, o.a.w.b.BcelObjectType@5d05ef57, o.a.w.t.WeavingAdaptor$WeavingClassFileProvider$1@213deac2
14:10:30.642 [main] DEBUG org.aspectj.weaver.bcel.BcelWorld - 14:10:30.642 main - o.a.w.b.BcelWorld.lookupJavaClass o.a.w.l.LTWWorld@2b4a2ec7 io.qameta.allure.internal.shadowed.jackson.databind.node.BaseJsonNode, o.a.a.b.c.JavaClass@4215838f
14:10:30.642 [main] DEBUG org.aspectj.weaver.bcel.BcelWorld - 14:10:30.642 main - o.a.w.b.BcelWorld.lookupJavaClass o.a.w.l.LTWWorld@2b4a2ec7 io.qameta.allure.internal.shadowed.jackson.core.TreeNode, o.a.a.b.c.JavaClass@13f17eb4
14:10:30.643 [main] DEBUG org.aspectj.weaver.bcel.BcelWorld - 14:10:30.642 main - o.a.w.b.BcelWorld.lookupJavaClass o.a.w.l.LTWWorld@2b4a2ec7 io.qameta.allure.internal.shadowed.jackson.databind.JsonSerializable$Base, o.a.a.b.c.JavaClass@4fad94a7
14:10:30.643 [main] DEBUG org.aspectj.weaver.bcel.BcelWorld - 14:10:30.643 main - o.a.w.b.BcelWorld.lookupJavaClass o.a.w.l.LTWWorld@2b4a2ec7 io.qameta.allure.internal.shadowed.jackson.databind.JsonSerializable, o.a.a.b.c.JavaClass@226642a5
14:10:30.643 [main] DEBUG org.aspectj.weaver.bcel.BcelWorld - 14:10:30.643 main - o.a.w.b.BcelWorld.lookupJavaClass o.a.w.l.LTWWorld@2b4a2ec7 io.qameta.allure.internal.shadowed.jackson.databind.node.JsonNodeType, o.a.a.b.c.JavaClass@184497d1
14:10:30.643 [main] DEBUG org.aspectj.weaver.bcel.BcelWorld - 14:10:30.643 main - o.a.w.b.BcelWorld.lookupJavaClass o.a.w.l.LTWWorld@2b4a2ec7 io.qameta.allure.internal.shadowed.jackson.core.JsonToken, o.a.a.b.c.JavaClass@31aa3ca5
14:10:30.643 [main] DEBUG org.aspectj.weaver.bcel.BcelWorld - 14:10:30.643 main - o.a.w.b.BcelWorld.lookupJavaClass o.a.w.l.LTWWorld@2b4a2ec7 io.qameta.allure.internal.shadowed.jackson.databind.SerializerProvider, o.a.a.b.c.JavaClass@23d1e5d0
14:10:30.644 [main] DEBUG org.aspectj.weaver.bcel.BcelWorld - 14:10:30.643 main - o.a.w.b.BcelWorld.lookupJavaClass o.a.w.l.LTWWorld@2b4a2ec7 io.qameta.allure.internal.shadowed.jackson.databind.jsontype.TypeSerializer, o.a.a.b.c.JavaClass@2a3c96e3
14:10:30.644 [main] DEBUG org.aspectj.weaver.bcel.BcelWeaver - 14:10:30.644 main < o.a.w.b.BcelWeaver.weaveAndNotify
14:10:30.644 [main] DEBUG org.aspectj.weaver.bcel.BcelWeaver - 14:10:30.644 main < o.a.w.b.BcelWeaver.weave java.util.ArrayList(1)
14:10:30.644 [main] DEBUG o.a.weaver.tools.WeavingAdaptor - 14:10:30.644 main < o.a.w.t.WeavingAdaptor.weaveClass byte[3773]
14:10:30.644 [main] DEBUG org.aspectj.weaver.Dump - 14:10:30.644 main > o.a.w.Dump.dumpOnExit o.a.w.t.WeavingAdaptor$WeavingAdaptorMessageHolder@6a6afff2
14:10:30.644 [main] DEBUG org.aspectj.weaver.Dump - 14:10:30.644 main > o.a.w.Dump.shouldDumpOnExit o.a.w.t.WeavingAdaptor$WeavingAdaptorMessageHolder@6a6afff2
14:10:30.644 [main] DEBUG org.aspectj.weaver.Dump - 14:10:30.644 main - o.a.w.Dump.shouldDumpOnExit abort
14:10:30.644 [main] DEBUG org.aspectj.weaver.Dump - 14:10:30.644 main < o.a.w.Dump.shouldDumpOnExit false
14:10:30.644 [main] DEBUG org.aspectj.weaver.Dump - 14:10:30.644 main < o.a.w.Dump.dumpOnExit Excluded
14:10:30.644 [main] DEBUG org.aspectj.weaver.loadtime.Aj - 14:10:30.644 main < o.a.w.l.Aj.preProcess byte[3773]
14:10:30.645 [main] DEBUG org.aspectj.weaver.loadtime.Aj - 14:10:30.645 main > o.a.w.l.Aj.preProcess o.a.w.l.Aj@b9afc07 io/qameta/allure/internal/shadowed/jackson/databind/node/BooleanNode, byte[3410], j.i.l.ClassLoaders$AppClassLoader@3cd1a2f1
14:10:30.646 [main] DEBUG org.aspectj.weaver.loadtime.Aj - 14:10:30.646 main - o.a.w.l.Aj.preProcess o.a.w.l.Aj@b9afc07 j.i.l.ClassLoaders$PlatformClassLoader@1ad282e0, j.i.l.ClassLoaders$AppClassLoader@3cd1a2f1
14:10:30.646 [main] DEBUG o.a.weaver.tools.WeavingAdaptor - 14:10:30.646 main > o.a.w.t.WeavingAdaptor.weaveClass o.a.w.l.ClassLoaderWeavingAdaptor@140e5a13 io/qameta/allure/internal/shadowed/jackson/databind/node/BooleanNode, byte[3410]
14:10:30.646 [main] DEBUG org.aspectj.weaver.bcel.BcelWeaver - 14:10:30.646 main > o.a.w.b.BcelWeaver.weave o.a.w.b.BcelWeaver@48524010 o.a.w.t.WeavingAdaptor$WeavingClassFileProvider@40226788
14:10:30.646 [main] DEBUG org.aspectj.weaver.bcel.BcelWeaver - 14:10:30.646 main > o.a.w.b.BcelWeaver.weaveAndNotify o.a.w.b.BcelWeaver@48524010 o.a.w.b.UnwovenClassFile@4159e81b, o.a.w.b.BcelObjectType@5b5caf08, o.a.w.t.WeavingAdaptor$WeavingClassFileProvider$1@23cd4ff2
14:10:30.647 [main] DEBUG org.aspectj.weaver.bcel.BcelWeaver - 14:10:30.647 main < o.a.w.b.BcelWeaver.weaveAndNotify
14:10:30.647 [main] DEBUG org.aspectj.weaver.bcel.BcelWeaver - 14:10:30.647 main < o.a.w.b.BcelWeaver.weave java.util.ArrayList(1)
14:10:30.647 [main] DEBUG o.a.weaver.tools.WeavingAdaptor - 14:10:30.647 main < o.a.w.t.WeavingAdaptor.weaveClass byte[3410]
14:10:30.647 [main] DEBUG org.aspectj.weaver.Dump - 14:10:30.647 main > o.a.w.Dump.dumpOnExit o.a.w.t.WeavingAdaptor$WeavingAdaptorMessageHolder@6a6afff2
14:10:30.647 [main] DEBUG org.aspectj.weaver.Dump - 14:10:30.647 main > o.a.w.Dump.shouldDumpOnExit o.a.w.t.WeavingAdaptor$WeavingAdaptorMessageHolder@6a6afff2
14:10:30.647 [main] DEBUG org.aspectj.weaver.Dump - 14:10:30.647 main - o.a.w.Dump.shouldDumpOnExit abort
14:10:30.647 [main] DEBUG org.aspectj.weaver.Dump - 14:10:30.647 main < o.a.w.Dump.shouldDumpOnExit false
14:10:30.647 [main] DEBUG org.aspectj.weaver.Dump - 14:10:30.647 main < o.a.w.Dump.dumpOnExit Excluded
14:10:30.647 [main] DEBUG org.aspectj.weaver.loadtime.Aj - 14:10:30.647 main < o.a.w.l.Aj.preProcess byte[3410]
14:10:30.651 [main] DEBUG org.aspectj.weaver.loadtime.Aj - 14:10:30.651 main > o.a.w.l.Aj.preProcess o.a.w.l.Aj@b9afc07 io/qameta/allure/internal/shadowed/jackson/databind/node/TextNode, byte[5722], j.i.l.ClassLoaders$AppClassLoader@3cd1a2f1
14:10:30.651 [main] DEBUG org.aspectj.weaver.loadtime.Aj - 14:10:30.651 main - o.a.w.l.Aj.preProcess o.a.w.l.Aj@b9afc07 j.i.l.ClassLoaders$PlatformClassLoader@1ad282e0, j.i.l.ClassLoaders$AppClassLoader@3cd1a2f1
14:10:30.651 [main] DEBUG o.a.weaver.tools.WeavingAdaptor - 14:10:30.651 main > o.a.w.t.WeavingAdaptor.weaveClass o.a.w.l.ClassLoaderWeavingAdaptor@140e5a13 io/qameta/allure/internal/shadowed/jackson/databind/node/TextNode, byte[5722]
14:10:30.651 [main] DEBUG org.aspectj.weaver.bcel.BcelWeaver - 14:10:30.651 main > o.a.w.b.BcelWeaver.weave o.a.w.b.BcelWeaver@48524010 o.a.w.t.WeavingAdaptor$WeavingClassFileProvider@7a94b64e
14:10:30.652 [main] DEBUG org.aspectj.weaver.bcel.BcelWeaver - 14:10:30.652 main > o.a.w.b.BcelWeaver.weaveAndNotify o.a.w.b.BcelWeaver@48524010 o.a.w.b.UnwovenClassFile@3e6f3bae, o.a.w.b.BcelObjectType@12477988, o.a.w.t.WeavingAdaptor$WeavingClassFileProvider$1@2caf6912
14:10:30.652 [main] DEBUG org.aspectj.weaver.bcel.BcelWeaver - 14:10:30.652 main < o.a.w.b.BcelWeaver.weaveAndNotify
14:10:30.652 [main] DEBUG org.aspectj.weaver.bcel.BcelWeaver - 14:10:30.652 main < o.a.w.b.BcelWeaver.weave java.util.ArrayList(1)
14:10:30.652 [main] DEBUG o.a.weaver.tools.WeavingAdaptor - 14:10:30.652 main < o.a.w.t.WeavingAdaptor.weaveClass byte[5722]
14:10:30.653 [main] DEBUG org.aspectj.weaver.Dump - 14:10:30.652 main > o.a.w.Dump.dumpOnExit o.a.w.t.WeavingAdaptor$WeavingAdaptorMessageHolder@6a6afff2
14:10:30.653 [main] DEBUG org.aspectj.weaver.Dump - 14:10:30.653 main > o.a.w.Dump.shouldDumpOnExit o.a.w.t.WeavingAdaptor$WeavingAdaptorMessageHolder@6a6afff2
14:10:30.653 [main] DEBUG org.aspectj.weaver.Dump - 14:10:30.653 main - o.a.w.Dump.shouldDumpOnExit abort
14:10:30.653 [main] DEBUG org.aspectj.weaver.Dump - 14:10:30.653 main < o.a.w.Dump.shouldDumpOnExit false
14:10:30.653 [main] DEBUG org.aspectj.weaver.Dump - 14:10:30.653 main < o.a.w.Dump.dumpOnExit Excluded
14:10:30.653 [main] DEBUG org.aspectj.weaver.loadtime.Aj - 14:10:30.653 main < o.a.w.l.Aj.preProcess byte[5722]
14:10:30.654 [main] DEBUG org.aspectj.weaver.loadtime.Aj - 14:10:30.654 main > o.a.w.l.Aj.preProcess o.a.w.l.Aj@b9afc07 io/qameta/allure/internal/shadowed/jackson/databind/node/NumericNode, byte[1974], j.i.l.ClassLoaders$AppClassLoader@3cd1a2f1
14:10:30.654 [main] DEBUG org.aspectj.weaver.loadtime.Aj - 14:10:30.654 main - o.a.w.l.Aj.preProcess o.a.w.l.Aj@b9afc07 j.i.l.ClassLoaders$PlatformClassLoader@1ad282e0, j.i.l.ClassLoaders$AppClassLoader@3cd1a2f1
14:10:30.656 [main] DEBUG o.a.weaver.tools.WeavingAdaptor - 14:10:30.654 main > o.a.w.t.WeavingAdaptor.weaveClass o.a.w.l.ClassLoaderWeavingAdaptor@140e5a13 io/qameta/allure/internal/shadowed/jackson/databind/node/NumericNode, byte[1974]
14:10:30.656 [main] DEBUG org.aspectj.weaver.bcel.BcelWeaver - 14:10:30.656 main > o.a.w.b.BcelWeaver.weave o.a.w.b.BcelWeaver@48524010 o.a.w.t.WeavingAdaptor$WeavingClassFileProvider@d400943
14:10:30.656 [main] DEBUG org.aspectj.weaver.bcel.BcelWeaver - 14:10:30.656 main > o.a.w.b.BcelWeaver.weaveAndNotify o.a.w.b.BcelWeaver@48524010 o.a.w.b.UnwovenClassFile@22101c80, o.a.w.b.BcelObjectType@31ff1390, o.a.w.t.WeavingAdaptor$WeavingClassFileProvider$1@759d81f3
14:10:30.658 [main] DEBUG org.aspectj.weaver.bcel.BcelWeaver - 14:10:30.658 main < o.a.w.b.BcelWeaver.weaveAndNotify
14:10:30.658 [main] DEBUG org.aspectj.weaver.bcel.BcelWeaver - 14:10:30.658 main < o.a.w.b.BcelWeaver.weave java.util.ArrayList(1)
14:10:30.658 [main] DEBUG o.a.weaver.tools.WeavingAdaptor - 14:10:30.658 main < o.a.w.t.WeavingAdaptor.weaveClass byte[1974]
14:10:30.658 [main] DEBUG org.aspectj.weaver.Dump - 14:10:30.658 main > o.a.w.Dump.dumpOnExit o.a.w.t.WeavingAdaptor$WeavingAdaptorMessageHolder@6a6afff2
14:10:30.658 [main] DEBUG org.aspectj.weaver.Dump - 14:10:30.658 main > o.a.w.Dump.shouldDumpOnExit o.a.w.t.WeavingAdaptor$WeavingAdaptorMessageHolder@6a6afff2
14:10:30.658 [main] DEBUG org.aspectj.weaver.Dump - 14:10:30.658 main - o.a.w.Dump.shouldDumpOnExit abort
14:10:30.658 [main] DEBUG org.aspectj.weaver.Dump - 14:10:30.658 main < o.a.w.Dump.shouldDumpOnExit false
14:10:30.658 [main] DEBUG org.aspectj.weaver.Dump - 14:10:30.658 main < o.a.w.Dump.dumpOnExit Excluded
14:10:30.658 [main] DEBUG org.aspectj.weaver.loadtime.Aj - 14:10:30.658 main < o.a.w.l.Aj.preProcess byte[1974]
14:10:30.660 [main] DEBUG org.aspectj.weaver.loadtime.Aj - 14:10:30.660 main > o.a.w.l.Aj.preProcess o.a.w.l.Aj@b9afc07 io/qameta/allure/internal/shadowed/jackson/databind/node/ShortNode, byte[3712], j.i.l.ClassLoaders$AppClassLoader@3cd1a2f1
14:10:30.660 [main] DEBUG org.aspectj.weaver.loadtime.Aj - 14:10:30.660 main - o.a.w.l.Aj.preProcess o.a.w.l.Aj@b9afc07 j.i.l.ClassLoaders$PlatformClassLoader@1ad282e0, j.i.l.ClassLoaders$AppClassLoader@3cd1a2f1
14:10:30.660 [main] DEBUG o.a.weaver.tools.WeavingAdaptor - 14:10:30.660 main > o.a.w.t.WeavingAdaptor.weaveClass o.a.w.l.ClassLoaderWeavingAdaptor@140e5a13 io/qameta/allure/internal/shadowed/jackson/databind/node/ShortNode, byte[3712]
14:10:30.660 [main] DEBUG org.aspectj.weaver.bcel.BcelWeaver - 14:10:30.660 main > o.a.w.b.BcelWeaver.weave o.a.w.b.BcelWeaver@48524010 o.a.w.t.WeavingAdaptor$WeavingClassFileProvider@267bbe1a
14:10:30.661 [main] DEBUG org.aspectj.weaver.bcel.BcelWeaver - 14:10:30.661 main > o.a.w.b.BcelWeaver.weaveAndNotify o.a.w.b.BcelWeaver@48524010 o.a.w.b.UnwovenClassFile@1f12e153, o.a.w.b.BcelObjectType@389562d6, o.a.w.t.WeavingAdaptor$WeavingClassFileProvider$1@5a101b1c
14:10:30.661 [main] DEBUG org.aspectj.weaver.bcel.BcelWorld - 14:10:30.661 main - o.a.w.b.BcelWorld.lookupJavaClass o.a.w.l.LTWWorld@2b4a2ec7 io.qameta.allure.internal.shadowed.jackson.core.JsonParser$NumberType, o.a.a.b.c.JavaClass@5bda80bf
14:10:30.661 [main] DEBUG org.aspectj.weaver.bcel.BcelWorld - 14:10:30.661 main - o.a.w.b.BcelWorld.lookupJavaClass o.a.w.l.LTWWorld@2b4a2ec7 java.lang.Number, o.a.a.b.c.JavaClass@266374ef
14:10:30.662 [main] DEBUG org.aspectj.weaver.bcel.BcelWeaver - 14:10:30.662 main < o.a.w.b.BcelWeaver.weaveAndNotify
14:10:30.662 [main] DEBUG org.aspectj.weaver.bcel.BcelWeaver - 14:10:30.662 main < o.a.w.b.BcelWeaver.weave java.util.ArrayList(1)
14:10:30.662 [main] DEBUG o.a.weaver.tools.WeavingAdaptor - 14:10:30.662 main < o.a.w.t.WeavingAdaptor.weaveClass byte[3712]
14:10:30.662 [main] DEBUG org.aspectj.weaver.Dump - 14:10:30.662 main > o.a.w.Dump.dumpOnExit o.a.w.t.WeavingAdaptor$WeavingAdaptorMessageHolder@6a6afff2
14:10:30.662 [main] DEBUG org.aspectj.weaver.Dump - 14:10:30.662 main > o.a.w.Dump.shouldDumpOnExit o.a.w.t.WeavingAdaptor$WeavingAdaptorMessageHolder@6a6afff2
14:10:30.662 [main] DEBUG org.aspectj.weaver.Dump - 14:10:30.662 main - o.a.w.Dump.shouldDumpOnExit abort
14:10:30.662 [main] DEBUG org.aspectj.weaver.Dump - 14:10:30.662 main < o.a.w.Dump.shouldDumpOnExit false
14:10:30.662 [main] DEBUG org.aspectj.weaver.Dump - 14:10:30.662 main < o.a.w.Dump.dumpOnExit Excluded
14:10:30.662 [main] DEBUG org.aspectj.weaver.loadtime.Aj - 14:10:30.662 main < o.a.w.l.Aj.preProcess byte[3712]
14:10:30.664 [main] DEBUG org.aspectj.weaver.loadtime.Aj - 14:10:30.664 main > o.a.w.l.Aj.preProcess o.a.w.l.Aj@b9afc07 io/qameta/allure/internal/shadowed/jackson/databind/node/IntNode, byte[4091], j.i.l.ClassLoaders$AppClassLoader@3cd1a2f1
14:10:30.664 [main] DEBUG org.aspectj.weaver.loadtime.Aj - 14:10:30.664 main - o.a.w.l.Aj.preProcess o.a.w.l.Aj@b9afc07 j.i.l.ClassLoaders$PlatformClassLoader@1ad282e0, j.i.l.ClassLoaders$AppClassLoader@3cd1a2f1
14:10:30.664 [main] DEBUG o.a.weaver.tools.WeavingAdaptor - 14:10:30.664 main > o.a.w.t.WeavingAdaptor.weaveClass o.a.w.l.ClassLoaderWeavingAdaptor@140e5a13 io/qameta/allure/internal/shadowed/jackson/databind/node/IntNode, byte[4091]
14:10:30.664 [main] DEBUG org.aspectj.weaver.bcel.BcelWeaver - 14:10:30.664 main > o.a.w.b.BcelWeaver.weave o.a.w.b.BcelWeaver@48524010 o.a.w.t.WeavingAdaptor$WeavingClassFileProvider@469d003c
14:10:30.664 [main] DEBUG org.aspectj.weaver.bcel.BcelWeaver - 14:10:30.664 main > o.a.w.b.BcelWeaver.weaveAndNotify o.a.w.b.BcelWeaver@48524010 o.a.w.b.UnwovenClassFile@6b410923, o.a.w.b.BcelObjectType@57bd2029, o.a.w.t.WeavingAdaptor$WeavingClassFileProvider$1@203dd56b
14:10:30.665 [main] DEBUG org.aspectj.weaver.bcel.BcelWeaver - 14:10:30.665 main < o.a.w.b.BcelWeaver.weaveAndNotify
14:10:30.665 [main] DEBUG org.aspectj.weaver.bcel.BcelWeaver - 14:10:30.665 main < o.a.w.b.BcelWeaver.weave java.util.ArrayList(1)
14:10:30.665 [main] DEBUG o.a.weaver.tools.WeavingAdaptor - 14:10:30.665 main < o.a.w.t.WeavingAdaptor.weaveClass byte[4091]
14:10:30.665 [main] DEBUG org.aspectj.weaver.Dump - 14:10:30.665 main > o.a.w.Dump.dumpOnExit o.a.w.t.WeavingAdaptor$WeavingAdaptorMessageHolder@6a6afff2
14:10:30.665 [main] DEBUG org.aspectj.weaver.Dump - 14:10:30.665 main > o.a.w.Dump.shouldDumpOnExit o.a.w.t.WeavingAdaptor$WeavingAdaptorMessageHolder@6a6afff2
14:10:30.665 [main] DEBUG org.aspectj.weaver.Dump - 14:10:30.665 main - o.a.w.Dump.shouldDumpOnExit abort
14:10:30.666 [main] DEBUG org.aspectj.weaver.Dump - 14:10:30.665 main < o.a.w.Dump.shouldDumpOnExit false
14:10:30.666 [main] DEBUG org.aspectj.weaver.Dump - 14:10:30.666 main < o.a.w.Dump.dumpOnExit Excluded
14:10:30.666 [main] DEBUG org.aspectj.weaver.loadtime.Aj - 14:10:30.666 main < o.a.w.l.Aj.preProcess byte[4091]
14:10:30.667 [main] DEBUG org.aspectj.weaver.loadtime.Aj - 14:10:30.667 main > o.a.w.l.Aj.preProcess o.a.w.l.Aj@b9afc07 io/qameta/allure/internal/shadowed/jackson/databind/node/DoubleNode, byte[4143], j.i.l.ClassLoaders$AppClassLoader@3cd1a2f1
14:10:30.667 [main] DEBUG org.aspectj.weaver.loadtime.Aj - 14:10:30.667 main - o.a.w.l.Aj.preProcess o.a.w.l.Aj@b9afc07 j.i.l.ClassLoaders$PlatformClassLoader@1ad282e0, j.i.l.ClassLoaders$AppClassLoader@3cd1a2f1
14:10:30.667 [main] DEBUG o.a.weaver.tools.WeavingAdaptor - 14:10:30.667 main > o.a.w.t.WeavingAdaptor.weaveClass o.a.w.l.ClassLoaderWeavingAdaptor@140e5a13 io/qameta/allure/internal/shadowed/jackson/databind/node/DoubleNode, byte[4143]
14:10:30.668 [main] DEBUG org.aspectj.weaver.bcel.BcelWeaver - 14:10:30.668 main > o.a.w.b.BcelWeaver.weave o.a.w.b.BcelWeaver@48524010 o.a.w.t.WeavingAdaptor$WeavingClassFileProvider@6eafb10e
14:10:30.668 [main] DEBUG org.aspectj.weaver.bcel.BcelWeaver - 14:10:30.668 main > o.a.w.b.BcelWeaver.weaveAndNotify o.a.w.b.BcelWeaver@48524010 o.a.w.b.UnwovenClassFile@26a94fa5, o.a.w.b.BcelObjectType@464a4442, o.a.w.t.WeavingAdaptor$WeavingClassFileProvider$1@2873d672
14:10:30.669 [main] DEBUG org.aspectj.weaver.bcel.BcelWeaver - 14:10:30.669 main < o.a.w.b.BcelWeaver.weaveAndNotify
14:10:30.669 [main] DEBUG org.aspectj.weaver.bcel.BcelWeaver - 14:10:30.669 main < o.a.w.b.BcelWeaver.weave java.util.ArrayList(1)
14:10:30.669 [main] DEBUG o.a.weaver.tools.WeavingAdaptor - 14:10:30.669 main < o.a.w.t.WeavingAdaptor.weaveClass byte[4143]
14:10:30.669 [main] DEBUG org.aspectj.weaver.Dump - 14:10:30.669 main > o.a.w.Dump.dumpOnExit o.a.w.t.WeavingAdaptor$WeavingAdaptorMessageHolder@6a6afff2
14:10:30.669 [main] DEBUG org.aspectj.weaver.Dump - 14:10:30.669 main > o.a.w.Dump.shouldDumpOnExit o.a.w.t.WeavingAdaptor$WeavingAdaptorMessageHolder@6a6afff2
14:10:30.669 [main] DEBUG org.aspectj.weaver.Dump - 14:10:30.669 main - o.a.w.Dump.shouldDumpOnExit abort
14:10:30.669 [main] DEBUG org.aspectj.weaver.Dump - 14:10:30.669 main < o.a.w.Dump.shouldDumpOnExit false
14:10:30.669 [main] DEBUG org.aspectj.weaver.Dump - 14:10:30.669 main < o.a.w.Dump.dumpOnExit Excluded
14:10:30.669 [main] DEBUG org.aspectj.weaver.loadtime.Aj - 14:10:30.669 main < o.a.w.l.Aj.preProcess byte[4143]
14:10:30.672 [main] DEBUG org.aspectj.weaver.loadtime.Aj - 14:10:30.672 main > o.a.w.l.Aj.preProcess o.a.w.l.Aj@b9afc07 io/qameta/allure/internal/shadowed/jackson/databind/node/FloatNode, byte[4078], j.i.l.ClassLoaders$AppClassLoader@3cd1a2f1
14:10:30.672 [main] DEBUG org.aspectj.weaver.loadtime.Aj - 14:10:30.672 main - o.a.w.l.Aj.preProcess o.a.w.l.Aj@b9afc07 j.i.l.ClassLoaders$PlatformClassLoader@1ad282e0, j.i.l.ClassLoaders$AppClassLoader@3cd1a2f1
14:10:30.672 [main] DEBUG o.a.weaver.tools.WeavingAdaptor - 14:10:30.672 main > o.a.w.t.WeavingAdaptor.weaveClass o.a.w.l.ClassLoaderWeavingAdaptor@140e5a13 io/qameta/allure/internal/shadowed/jackson/databind/node/FloatNode, byte[4078]
14:10:30.672 [main] DEBUG org.aspectj.weaver.bcel.BcelWeaver - 14:10:30.672 main > o.a.w.b.BcelWeaver.weave o.a.w.b.BcelWeaver@48524010 o.a.w.t.WeavingAdaptor$WeavingClassFileProvider@779de014
14:10:30.673 [main] DEBUG org.aspectj.weaver.bcel.BcelWeaver - 14:10:30.673 main > o.a.w.b.BcelWeaver.weaveAndNotify o.a.w.b.BcelWeaver@48524010 o.a.w.b.UnwovenClassFile@5c41d037, o.a.w.b.BcelObjectType@2234078, o.a.w.t.WeavingAdaptor$WeavingClassFileProvider$1@5ec77191
14:10:30.673 [main] DEBUG org.aspectj.weaver.bcel.BcelWeaver - 14:10:30.673 main < o.a.w.b.BcelWeaver.weaveAndNotify
14:10:30.674 [main] DEBUG org.aspectj.weaver.bcel.BcelWeaver - 14:10:30.674 main < o.a.w.b.BcelWeaver.weave java.util.ArrayList(1)
14:10:30.674 [main] DEBUG o.a.weaver.tools.WeavingAdaptor - 14:10:30.674 main < o.a.w.t.WeavingAdaptor.weaveClass byte[4078]
14:10:30.674 [main] DEBUG org.aspectj.weaver.Dump - 14:10:30.674 main > o.a.w.Dump.dumpOnExit o.a.w.t.WeavingAdaptor$WeavingAdaptorMessageHolder@6a6afff2
14:10:30.674 [main] DEBUG org.aspectj.weaver.Dump - 14:10:30.674 main > o.a.w.Dump.shouldDumpOnExit o.a.w.t.WeavingAdaptor$WeavingAdaptorMessageHolder@6a6afff2
14:10:30.674 [main] DEBUG org.aspectj.weaver.Dump - 14:10:30.674 main - o.a.w.Dump.shouldDumpOnExit abort
14:10:30.674 [main] DEBUG org.aspectj.weaver.Dump - 14:10:30.674 main < o.a.w.Dump.shouldDumpOnExit false
14:10:30.674 [main] DEBUG org.aspectj.weaver.Dump - 14:10:30.674 main < o.a.w.Dump.dumpOnExit Excluded
14:10:30.674 [main] DEBUG org.aspectj.weaver.loadtime.Aj - 14:10:30.674 main < o.a.w.l.Aj.preProcess byte[4078]
14:10:30.813 [main] DEBUG org.aspectj.weaver.loadtime.Aj - 14:10:30.813 main > o.a.w.l.Aj.preProcess o.a.w.l.Aj@b9afc07 io/qameta/allure/internal/shadowed/jackson/databind/node/BigIntegerNode, byte[4108], j.i.l.ClassLoaders$AppClassLoader@3cd1a2f1
14:10:30.815 [main] DEBUG org.aspectj.weaver.loadtime.Aj - 14:10:30.815 main - o.a.w.l.Aj.preProcess o.a.w.l.Aj@b9afc07 j.i.l.ClassLoaders$PlatformClassLoader@1ad282e0, j.i.l.ClassLoaders$AppClassLoader@3cd1a2f1
14:10:30.815 [main] DEBUG o.a.weaver.tools.WeavingAdaptor - 14:10:30.815 main > o.a.w.t.WeavingAdaptor.weaveClass o.a.w.l.ClassLoaderWeavingAdaptor@140e5a13 io/qameta/allure/internal/shadowed/jackson/databind/node/BigIntegerNode, byte[4108]
14:10:30.817 [main] DEBUG org.aspectj.weaver.bcel.BcelWeaver - 14:10:30.817 main > o.a.w.b.BcelWeaver.weave o.a.w.b.BcelWeaver@48524010 o.a.w.t.WeavingAdaptor$WeavingClassFileProvider@3aefae67
14:10:30.818 [main] DEBUG org.aspectj.weaver.bcel.BcelWeaver - 14:10:30.818 main > o.a.w.b.BcelWeaver.weaveAndNotify o.a.w.b.BcelWeaver@48524010 o.a.w.b.UnwovenClassFile@2e1792e7, o.a.w.b.BcelObjectType@6719a5b8, o.a.w.t.WeavingAdaptor$WeavingClassFileProvider$1@3eb631b8
14:10:30.818 [main] DEBUG org.aspectj.weaver.bcel.BcelWeaver - 14:10:30.818 main < o.a.w.b.BcelWeaver.weaveAndNotify
14:10:30.818 [main] DEBUG org.aspectj.weaver.bcel.BcelWeaver - 14:10:30.818 main < o.a.w.b.BcelWeaver.weave java.util.ArrayList(1)
14:10:30.818 [main] DEBUG o.a.weaver.tools.WeavingAdaptor - 14:10:30.818 main < o.a.w.t.WeavingAdaptor.weaveClass byte[4108]
14:10:30.819 [main] DEBUG org.aspectj.weaver.Dump - 14:10:30.818 main > o.a.w.Dump.dumpOnExit o.a.w.t.WeavingAdaptor$WeavingAdaptorMessageHolder@6a6afff2
14:10:30.819 [main] DEBUG org.aspectj.weaver.Dump - 14:10:30.819 main > o.a.w.Dump.shouldDumpOnExit o.a.w.t.WeavingAdaptor$WeavingAdaptorMessageHolder@6a6afff2
14:10:30.819 [main] DEBUG org.aspectj.weaver.Dump - 14:10:30.819 main - o.a.w.Dump.shouldDumpOnExit abort
14:10:30.819 [main] DEBUG org.aspectj.weaver.Dump - 14:10:30.819 main < o.a.w.Dump.shouldDumpOnExit false
14:10:30.819 [main] DEBUG org.aspectj.weaver.Dump - 14:10:30.819 main < o.a.w.Dump.dumpOnExit Excluded
14:10:30.819 [main] DEBUG org.aspectj.weaver.loadtime.Aj - 14:10:30.819 main < o.a.w.l.Aj.preProcess byte[4108]
14:10:30.820 [main] DEBUG org.aspectj.weaver.loadtime.Aj - 14:10:30.820 main > o.a.w.l.Aj.preProcess o.a.w.l.Aj@b9afc07 io/qameta/allure/internal/shadowed/jackson/databind/node/LongNode, byte[3774], j.i.l.ClassLoaders$AppClassLoader@3cd1a2f1
14:10:30.821 [main] DEBUG org.aspectj.weaver.loadtime.Aj - 14:10:30.820 main - o.a.w.l.Aj.preProcess o.a.w.l.Aj@b9afc07 j.i.l.ClassLoaders$PlatformClassLoader@1ad282e0, j.i.l.ClassLoaders$AppClassLoader@3cd1a2f1
14:10:30.822 [main] DEBUG o.a.weaver.tools.WeavingAdaptor - 14:10:30.822 main > o.a.w.t.WeavingAdaptor.weaveClass o.a.w.l.ClassLoaderWeavingAdaptor@140e5a13 io/qameta/allure/internal/shadowed/jackson/databind/node/LongNode, byte[3774]
14:10:30.822 [main] DEBUG org.aspectj.weaver.bcel.BcelWeaver - 14:10:30.822 main > o.a.w.b.BcelWeaver.weave o.a.w.b.BcelWeaver@48524010 o.a.w.t.WeavingAdaptor$WeavingClassFileProvider@5eccd3b9
14:10:30.822 [main] DEBUG org.aspectj.weaver.bcel.BcelWeaver - 14:10:30.822 main > o.a.w.b.BcelWeaver.weaveAndNotify o.a.w.b.BcelWeaver@48524010 o.a.w.b.UnwovenClassFile@4d6f197e, o.a.w.b.BcelObjectType@6ef7623, o.a.w.t.WeavingAdaptor$WeavingClassFileProvider$1@64e1dd11
14:10:30.823 [main] DEBUG org.aspectj.weaver.bcel.BcelWeaver - 14:10:30.823 main < o.a.w.b.BcelWeaver.weaveAndNotify
14:10:30.823 [main] DEBUG org.aspectj.weaver.bcel.BcelWeaver - 14:10:30.823 main < o.a.w.b.BcelWeaver.weave java.util.ArrayList(1)
14:10:30.823 [main] DEBUG o.a.weaver.tools.WeavingAdaptor - 14:10:30.823 main < o.a.w.t.WeavingAdaptor.weaveClass byte[3774]
14:10:30.823 [main] DEBUG org.aspectj.weaver.Dump - 14:10:30.823 main > o.a.w.Dump.dumpOnExit o.a.w.t.WeavingAdaptor$WeavingAdaptorMessageHolder@6a6afff2
14:10:30.823 [main] DEBUG org.aspectj.weaver.Dump - 14:10:30.823 main > o.a.w.Dump.shouldDumpOnExit o.a.w.t.WeavingAdaptor$WeavingAdaptorMessageHolder@6a6afff2
14:10:30.823 [main] DEBUG org.aspectj.weaver.Dump - 14:10:30.823 main - o.a.w.Dump.shouldDumpOnExit abort
14:10:30.823 [main] DEBUG org.aspectj.weaver.Dump - 14:10:30.823 main < o.a.w.Dump.shouldDumpOnExit false
14:10:30.824 [main] DEBUG org.aspectj.weaver.Dump - 14:10:30.824 main < o.a.w.Dump.dumpOnExit Excluded
14:10:30.824 [main] DEBUG org.aspectj.weaver.loadtime.Aj - 14:10:30.824 main < o.a.w.l.Aj.preProcess byte[3774]
14:10:30.828 [main] DEBUG org.aspectj.weaver.loadtime.Aj - 14:10:30.828 main > o.a.w.l.Aj.preProcess o.a.w.l.Aj@b9afc07 io/qameta/allure/internal/shadowed/jackson/databind/node/DecimalNode, byte[4281], j.i.l.ClassLoaders$AppClassLoader@3cd1a2f1
14:10:30.828 [main] DEBUG org.aspectj.weaver.loadtime.Aj - 14:10:30.828 main - o.a.w.l.Aj.preProcess o.a.w.l.Aj@b9afc07 j.i.l.ClassLoaders$PlatformClassLoader@1ad282e0, j.i.l.ClassLoaders$AppClassLoader@3cd1a2f1
14:10:30.828 [main] DEBUG o.a.weaver.tools.WeavingAdaptor - 14:10:30.828 main > o.a.w.t.WeavingAdaptor.weaveClass o.a.w.l.ClassLoaderWeavingAdaptor@140e5a13 io/qameta/allure/internal/shadowed/jackson/databind/node/DecimalNode, byte[4281]
14:10:30.828 [main] DEBUG org.aspectj.weaver.bcel.BcelWeaver - 14:10:30.828 main > o.a.w.b.BcelWeaver.weave o.a.w.b.BcelWeaver@48524010 o.a.w.t.WeavingAdaptor$WeavingClassFileProvider@66908383
14:10:30.828 [main] DEBUG org.aspectj.weaver.bcel.BcelWeaver - 14:10:30.828 main > o.a.w.b.BcelWeaver.weaveAndNotify o.a.w.b.BcelWeaver@48524010 o.a.w.b.UnwovenClassFile@41477a6d, o.a.w.b.BcelObjectType@2bc12da, o.a.w.t.WeavingAdaptor$WeavingClassFileProvider$1@3122b117
14:10:30.829 [main] DEBUG org.aspectj.weaver.bcel.BcelWeaver - 14:10:30.829 main < o.a.w.b.BcelWeaver.weaveAndNotify
14:10:30.829 [main] DEBUG org.aspectj.weaver.bcel.BcelWeaver - 14:10:30.829 main < o.a.w.b.BcelWeaver.weave java.util.ArrayList(1)
14:10:30.829 [main] DEBUG o.a.weaver.tools.WeavingAdaptor - 14:10:30.829 main < o.a.w.t.WeavingAdaptor.weaveClass byte[4281]
14:10:30.829 [main] DEBUG org.aspectj.weaver.Dump - 14:10:30.829 main > o.a.w.Dump.dumpOnExit o.a.w.t.WeavingAdaptor$WeavingAdaptorMessageHolder@6a6afff2
14:10:30.829 [main] DEBUG org.aspectj.weaver.Dump - 14:10:30.829 main > o.a.w.Dump.shouldDumpOnExit o.a.w.t.WeavingAdaptor$WeavingAdaptorMessageHolder@6a6afff2
14:10:30.829 [main] DEBUG org.aspectj.weaver.Dump - 14:10:30.829 main - o.a.w.Dump.shouldDumpOnExit abort
14:10:30.829 [main] DEBUG org.aspectj.weaver.Dump - 14:10:30.829 main < o.a.w.Dump.shouldDumpOnExit false
14:10:30.829 [main] DEBUG org.aspectj.weaver.Dump - 14:10:30.829 main < o.a.w.Dump.dumpOnExit Excluded
14:10:30.829 [main] DEBUG org.aspectj.weaver.loadtime.Aj - 14:10:30.829 main < o.a.w.l.Aj.preProcess byte[4281]
14:10:30.831 [main] DEBUG org.aspectj.weaver.loadtime.Aj - 14:10:30.831 main > o.a.w.l.Aj.preProcess o.a.w.l.Aj@b9afc07 io/qameta/allure/internal/shadowed/jackson/databind/node/BinaryNode, byte[3689], j.i.l.ClassLoaders$AppClassLoader@3cd1a2f1
14:10:30.831 [main] DEBUG org.aspectj.weaver.loadtime.Aj - 14:10:30.831 main - o.a.w.l.Aj.preProcess o.a.w.l.Aj@b9afc07 j.i.l.ClassLoaders$PlatformClassLoader@1ad282e0, j.i.l.ClassLoaders$AppClassLoader@3cd1a2f1
14:10:30.831 [main] DEBUG o.a.weaver.tools.WeavingAdaptor - 14:10:30.831 main > o.a.w.t.WeavingAdaptor.weaveClass o.a.w.l.ClassLoaderWeavingAdaptor@140e5a13 io/qameta/allure/internal/shadowed/jackson/databind/node/BinaryNode, byte[3689]
14:10:30.832 [main] DEBUG org.aspectj.weaver.bcel.BcelWeaver - 14:10:30.832 main > o.a.w.b.BcelWeaver.weave o.a.w.b.BcelWeaver@48524010 o.a.w.t.WeavingAdaptor$WeavingClassFileProvider@591fd34d
14:10:30.832 [main] DEBUG org.aspectj.weaver.bcel.BcelWeaver - 14:10:30.832 main > o.a.w.b.BcelWeaver.weaveAndNotify o.a.w.b.BcelWeaver@48524010 o.a.w.b.UnwovenClassFile@61e45f87, o.a.w.b.BcelObjectType@7c9b78e3, o.a.w.t.WeavingAdaptor$WeavingClassFileProvider$1@3068b369
14:10:30.833 [main] DEBUG org.aspectj.weaver.bcel.BcelWeaver - 14:10:30.833 main < o.a.w.b.BcelWeaver.weaveAndNotify
14:10:30.833 [main] DEBUG org.aspectj.weaver.bcel.BcelWeaver - 14:10:30.833 main < o.a.w.b.BcelWeaver.weave java.util.ArrayList(1)
14:10:30.833 [main] DEBUG o.a.weaver.tools.WeavingAdaptor - 14:10:30.833 main < o.a.w.t.WeavingAdaptor.weaveClass byte[3689]
14:10:30.833 [main] DEBUG org.aspectj.weaver.Dump - 14:10:30.833 main > o.a.w.Dump.dumpOnExit o.a.w.t.WeavingAdaptor$WeavingAdaptorMessageHolder@6a6afff2
14:10:30.833 [main] DEBUG org.aspectj.weaver.Dump - 14:10:30.833 main > o.a.w.Dump.shouldDumpOnExit o.a.w.t.WeavingAdaptor$WeavingAdaptorMessageHolder@6a6afff2
14:10:30.833 [main] DEBUG org.aspectj.weaver.Dump - 14:10:30.833 main - o.a.w.Dump.shouldDumpOnExit abort
14:10:30.833 [main] DEBUG org.aspectj.weaver.Dump - 14:10:30.833 main < o.a.w.Dump.shouldDumpOnExit false
14:10:30.833 [main] DEBUG org.aspectj.weaver.Dump - 14:10:30.833 main < o.a.w.Dump.dumpOnExit Excluded
14:10:30.833 [main] DEBUG org.aspectj.weaver.loadtime.Aj - 14:10:30.833 main < o.a.w.l.Aj.preProcess byte[3689]
14:10:30.835 [main] DEBUG org.aspectj.weaver.loadtime.Aj - 14:10:30.835 main > o.a.w.l.Aj.preProcess o.a.w.l.Aj@b9afc07 io/qameta/allure/internal/shadowed/jackson/databind/node/POJONode, byte[3854], j.i.l.ClassLoaders$AppClassLoader@3cd1a2f1
14:10:30.835 [main] DEBUG org.aspectj.weaver.loadtime.Aj - 14:10:30.835 main - o.a.w.l.Aj.preProcess o.a.w.l.Aj@b9afc07 j.i.l.ClassLoaders$PlatformClassLoader@1ad282e0, j.i.l.ClassLoaders$AppClassLoader@3cd1a2f1
14:10:30.837 [main] DEBUG o.a.weaver.tools.WeavingAdaptor - 14:10:30.837 main > o.a.w.t.WeavingAdaptor.weaveClass o.a.w.l.ClassLoaderWeavingAdaptor@140e5a13 io/qameta/allure/internal/shadowed/jackson/databind/node/POJONode, byte[3854]
14:10:30.853 [main] DEBUG org.aspectj.weaver.bcel.BcelWeaver - 14:10:30.853 main > o.a.w.b.BcelWeaver.weave o.a.w.b.BcelWeaver@48524010 o.a.w.t.WeavingAdaptor$WeavingClassFileProvider@1ec7d8b3
14:10:30.857 [main] DEBUG org.aspectj.weaver.bcel.BcelWeaver - 14:10:30.857 main > o.a.w.b.BcelWeaver.weaveAndNotify o.a.w.b.BcelWeaver@48524010 o.a.w.b.UnwovenClassFile@3b0ca5e1, o.a.w.b.BcelObjectType@5bb3131b, o.a.w.t.WeavingAdaptor$WeavingClassFileProvider$1@54dcbb9f
14:10:30.876 [main] DEBUG org.aspectj.weaver.bcel.BcelWeaver - 14:10:30.876 main < o.a.w.b.BcelWeaver.weaveAndNotify
14:10:30.876 [main] DEBUG org.aspectj.weaver.bcel.BcelWeaver - 14:10:30.876 main < o.a.w.b.BcelWeaver.weave java.util.ArrayList(1)
14:10:30.877 [main] DEBUG o.a.weaver.tools.WeavingAdaptor - 14:10:30.877 main < o.a.w.t.WeavingAdaptor.weaveClass byte[3854]
14:10:30.877 [main] DEBUG org.aspectj.weaver.Dump - 14:10:30.877 main > o.a.w.Dump.dumpOnExit o.a.w.t.WeavingAdaptor$WeavingAdaptorMessageHolder@6a6afff2
14:10:30.878 [main] DEBUG org.aspectj.weaver.Dump - 14:10:30.878 main > o.a.w.Dump.shouldDumpOnExit o.a.w.t.WeavingAdaptor$WeavingAdaptorMessageHolder@6a6afff2
14:10:30.878 [main] DEBUG org.aspectj.weaver.Dump - 14:10:30.878 main - o.a.w.Dump.shouldDumpOnExit abort
14:10:30.879 [main] DEBUG org.aspectj.weaver.Dump - 14:10:30.879 main < o.a.w.Dump.shouldDumpOnExit false
14:10:30.879 [main] DEBUG org.aspectj.weaver.Dump - 14:10:30.879 main < o.a.w.Dump.dumpOnExit Excluded
14:10:30.879 [main] DEBUG org.aspectj.weaver.loadtime.Aj - 14:10:30.879 main < o.a.w.l.Aj.preProcess byte[3854]
14:10:30.881 [main] DEBUG org.aspectj.weaver.loadtime.Aj - 14:10:30.881 main > o.a.w.l.Aj.preProcess o.a.w.l.Aj@b9afc07 io/qameta/allure/internal/shadowed/jackson/databind/JsonSerializer, byte[6459], j.i.l.ClassLoaders$AppClassLoader@3cd1a2f1
14:10:30.881 [main] DEBUG org.aspectj.weaver.loadtime.Aj - 14:10:30.881 main - o.a.w.l.Aj.preProcess o.a.w.l.Aj@b9afc07 j.i.l.ClassLoaders$PlatformClassLoader@1ad282e0, j.i.l.ClassLoaders$AppClassLoader@3cd1a2f1
14:10:30.881 [main] DEBUG o.a.weaver.tools.WeavingAdaptor - 14:10:30.881 main > o.a.w.t.WeavingAdaptor.weaveClass o.a.w.l.ClassLoaderWeavingAdaptor@140e5a13 io/qameta/allure/internal/shadowed/jackson/databind/JsonSerializer, byte[6459]
14:10:30.882 [main] DEBUG org.aspectj.weaver.bcel.BcelWeaver - 14:10:30.882 main > o.a.w.b.BcelWeaver.weave o.a.w.b.BcelWeaver@48524010 o.a.w.t.WeavingAdaptor$WeavingClassFileProvider@5f78de22
14:10:30.883 [main] DEBUG org.aspectj.weaver.bcel.BcelWorld - 14:10:30.883 main - o.a.w.b.BcelWorld.lookupJavaClass o.a.w.l.LTWWorld@2b4a2ec7 io.qameta.allure.internal.shadowed.jackson.databind.jsonFormatVisitors.JsonFormatVisitable, o.a.a.b.c.JavaClass@3eba57a7
14:10:30.884 [main] DEBUG org.aspectj.weaver.bcel.BcelWeaver - 14:10:30.883 main > o.a.w.b.BcelWeaver.weaveAndNotify o.a.w.b.BcelWeaver@48524010 o.a.w.b.UnwovenClassFile@272a179c, o.a.w.b.BcelObjectType@30feffc, o.a.w.t.WeavingAdaptor$WeavingClassFileProvider$1@67207d8a
14:10:30.884 [main] DEBUG org.aspectj.weaver.bcel.BcelWorld - 14:10:30.884 main - o.a.w.b.BcelWorld.lookupJavaClass o.a.w.l.LTWWorld@2b4a2ec7 java.util.Iterator, o.a.a.b.c.JavaClass@1de76cc7
14:10:30.888 [main] DEBUG org.aspectj.weaver.bcel.BcelWorld - 14:10:30.888 main - o.a.w.b.BcelWorld.lookupJavaClass o.a.w.l.LTWWorld@2b4a2ec7 io.qameta.allure.internal.shadowed.jackson.databind.jsonFormatVisitors.JsonFormatVisitorWrapper, o.a.a.b.c.JavaClass@aeab9a1
14:10:30.888 [main] DEBUG org.aspectj.weaver.bcel.BcelWeaver - 14:10:30.888 main < o.a.w.b.BcelWeaver.weaveAndNotify
14:10:30.888 [main] DEBUG org.aspectj.weaver.bcel.BcelWeaver - 14:10:30.888 main < o.a.w.b.BcelWeaver.weave java.util.ArrayList(1)
14:10:30.888 [main] DEBUG o.a.weaver.tools.WeavingAdaptor - 14:10:30.888 main < o.a.w.t.WeavingAdaptor.weaveClass byte[6459]
14:10:30.888 [main] DEBUG org.aspectj.weaver.Dump - 14:10:30.888 main > o.a.w.Dump.dumpOnExit o.a.w.t.WeavingAdaptor$WeavingAdaptorMessageHolder@6a6afff2
14:10:30.888 [main] DEBUG org.aspectj.weaver.Dump - 14:10:30.888 main > o.a.w.Dump.shouldDumpOnExit o.a.w.t.WeavingAdaptor$WeavingAdaptorMessageHolder@6a6afff2
14:10:30.888 [main] DEBUG org.aspectj.weaver.Dump - 14:10:30.888 main - o.a.w.Dump.shouldDumpOnExit abort
14:10:30.889 [main] DEBUG org.aspectj.weaver.Dump - 14:10:30.889 main < o.a.w.Dump.shouldDumpOnExit false
14:10:30.889 [main] DEBUG org.aspectj.weaver.Dump - 14:10:30.889 main < o.a.w.Dump.dumpOnExit Excluded
14:10:30.889 [main] DEBUG org.aspectj.weaver.loadtime.Aj - 14:10:30.889 main < o.a.w.l.Aj.preProcess byte[6459]
14:10:30.890 [main] DEBUG org.aspectj.weaver.loadtime.Aj - 14:10:30.890 main > o.a.w.l.Aj.preProcess o.a.w.l.Aj@b9afc07 io/qameta/allure/internal/shadowed/jackson/databind/jsonFormatVisitors/JsonFormatVisitable, byte[490], j.i.l.ClassLoaders$AppClassLoader@3cd1a2f1
14:10:30.890 [main] DEBUG org.aspectj.weaver.loadtime.Aj - 14:10:30.890 main - o.a.w.l.Aj.preProcess o.a.w.l.Aj@b9afc07 j.i.l.ClassLoaders$PlatformClassLoader@1ad282e0, j.i.l.ClassLoaders$AppClassLoader@3cd1a2f1
14:10:30.890 [main] DEBUG o.a.weaver.tools.WeavingAdaptor - 14:10:30.890 main > o.a.w.t.WeavingAdaptor.weaveClass o.a.w.l.ClassLoaderWeavingAdaptor@140e5a13 io/qameta/allure/internal/shadowed/jackson/databind/jsonFormatVisitors/JsonFormatVisitable, byte[490]
14:10:30.890 [main] DEBUG org.aspectj.weaver.bcel.BcelWeaver - 14:10:30.890 main > o.a.w.b.BcelWeaver.weave o.a.w.b.BcelWeaver@48524010 o.a.w.t.WeavingAdaptor$WeavingClassFileProvider@375b5b7f
14:10:30.891 [main] DEBUG org.aspectj.weaver.bcel.BcelWeaver - 14:10:30.891 main > o.a.w.b.BcelWeaver.weaveAndNotify o.a.w.b.BcelWeaver@48524010 o.a.w.b.UnwovenClassFile@1813f3e9, o.a.w.b.BcelObjectType@28cb9120, o.a.w.t.WeavingAdaptor$WeavingClassFileProvider$1@3b152928
14:10:30.891 [main] DEBUG org.aspectj.weaver.bcel.BcelWeaver - 14:10:30.891 main < o.a.w.b.BcelWeaver.weaveAndNotify
14:10:30.892 [main] DEBUG org.aspectj.weaver.bcel.BcelWeaver - 14:10:30.892 main < o.a.w.b.BcelWeaver.weave java.util.ArrayList(1)
14:10:30.892 [main] DEBUG o.a.weaver.tools.WeavingAdaptor - 14:10:30.892 main < o.a.w.t.WeavingAdaptor.weaveClass byte[490]
14:10:30.892 [main] DEBUG org.aspectj.weaver.Dump - 14:10:30.892 main > o.a.w.Dump.dumpOnExit o.a.w.t.WeavingAdaptor$WeavingAdaptorMessageHolder@6a6afff2
14:10:30.892 [main] DEBUG org.aspectj.weaver.Dump - 14:10:30.892 main > o.a.w.Dump.shouldDumpOnExit o.a.w.t.WeavingAdaptor$WeavingAdaptorMessageHolder@6a6afff2
14:10:30.892 [main] DEBUG org.aspectj.weaver.Dump - 14:10:30.892 main - o.a.w.Dump.shouldDumpOnExit abort
14:10:30.892 [main] DEBUG org.aspectj.weaver.Dump - 14:10:30.892 main < o.a.w.Dump.shouldDumpOnExit false
14:10:30.892 [main] DEBUG org.aspectj.weaver.Dump - 14:10:30.892 main < o.a.w.Dump.dumpOnExit Excluded
14:10:30.892 [main] DEBUG org.aspectj.weaver.loadtime.Aj - 14:10:30.892 main < o.a.w.l.Aj.preProcess byte[490]
14:10:30.893 [main] DEBUG org.aspectj.weaver.loadtime.Aj - 14:10:30.893 main > o.a.w.l.Aj.preProcess o.a.w.l.Aj@b9afc07 io/qameta/allure/internal/shadowed/jackson/databind/ser/std/NullSerializer, byte[3166], j.i.l.ClassLoaders$AppClassLoader@3cd1a2f1
14:10:30.894 [main] DEBUG org.aspectj.weaver.loadtime.Aj - 14:10:30.893 main - o.a.w.l.Aj.preProcess o.a.w.l.Aj@b9afc07 j.i.l.ClassLoaders$PlatformClassLoader@1ad282e0, j.i.l.ClassLoaders$AppClassLoader@3cd1a2f1
14:10:30.894 [main] DEBUG o.a.weaver.tools.WeavingAdaptor - 14:10:30.894 main > o.a.w.t.WeavingAdaptor.weaveClass o.a.w.l.ClassLoaderWeavingAdaptor@140e5a13 io/qameta/allure/internal/shadowed/jackson/databind/ser/std/NullSerializer, byte[3166]
14:10:30.894 [main] DEBUG org.aspectj.weaver.bcel.BcelWeaver - 14:10:30.894 main > o.a.w.b.BcelWeaver.weave o.a.w.b.BcelWeaver@48524010 o.a.w.t.WeavingAdaptor$WeavingClassFileProvider@378bd86d
14:10:30.935 [main] DEBUG org.aspectj.weaver.bcel.BcelWorld - 14:10:30.935 main - o.a.w.b.BcelWorld.lookupJavaClass o.a.w.l.LTWWorld@2b4a2ec7 io.qameta.allure.internal.shadowed.jackson.databind.ser.std.StdSerializer, o.a.a.b.c.JavaClass@6331250e
14:10:30.936 [main] DEBUG org.aspectj.weaver.bcel.BcelWeaver - 14:10:30.935 main > o.a.w.b.BcelWeaver.weaveAndNotify o.a.w.b.BcelWeaver@48524010 o.a.w.b.UnwovenClassFile@a10c1b5, o.a.w.b.BcelObjectType@644abb8f, o.a.w.t.WeavingAdaptor$WeavingClassFileProvider$1@1a411233
14:10:30.937 [main] DEBUG org.aspectj.weaver.bcel.BcelWorld - 14:10:30.937 main - o.a.w.b.BcelWorld.lookupJavaClass o.a.w.l.LTWWorld@2b4a2ec7 io.qameta.allure.internal.shadowed.jackson.databind.jsonschema.SchemaAware, o.a.a.b.c.JavaClass@4d847d32
14:10:30.937 [main] DEBUG org.aspectj.weaver.bcel.BcelWeaver - 14:10:30.937 main < o.a.w.b.BcelWeaver.weaveAndNotify
14:10:30.937 [main] DEBUG org.aspectj.weaver.bcel.BcelWeaver - 14:10:30.937 main < o.a.w.b.BcelWeaver.weave java.util.ArrayList(1)
14:10:30.937 [main] DEBUG o.a.weaver.tools.WeavingAdaptor - 14:10:30.937 main < o.a.w.t.WeavingAdaptor.weaveClass byte[3166]
14:10:30.938 [main] DEBUG org.aspectj.weaver.Dump - 14:10:30.938 main > o.a.w.Dump.dumpOnExit o.a.w.t.WeavingAdaptor$WeavingAdaptorMessageHolder@6a6afff2
14:10:30.938 [main] DEBUG org.aspectj.weaver.Dump - 14:10:30.938 main > o.a.w.Dump.shouldDumpOnExit o.a.w.t.WeavingAdaptor$WeavingAdaptorMessageHolder@6a6afff2
14:10:30.938 [main] DEBUG org.aspectj.weaver.Dump - 14:10:30.938 main - o.a.w.Dump.shouldDumpOnExit abort
14:10:30.938 [main] DEBUG org.aspectj.weaver.Dump - 14:10:30.938 main < o.a.w.Dump.shouldDumpOnExit false
14:10:30.938 [main] DEBUG org.aspectj.weaver.Dump - 14:10:30.938 main < o.a.w.Dump.dumpOnExit Excluded
14:10:30.938 [main] DEBUG org.aspectj.weaver.loadtime.Aj - 14:10:30.938 main < o.a.w.l.Aj.preProcess byte[3166]
14:10:30.939 [main] DEBUG org.aspectj.weaver.loadtime.Aj - 14:10:30.939 main > o.a.w.l.Aj.preProcess o.a.w.l.Aj@b9afc07 io/qameta/allure/internal/shadowed/jackson/databind/ser/std/StdSerializer, byte[24425], j.i.l.ClassLoaders$AppClassLoader@3cd1a2f1
14:10:30.939 [main] DEBUG org.aspectj.weaver.loadtime.Aj - 14:10:30.939 main - o.a.w.l.Aj.preProcess o.a.w.l.Aj@b9afc07 j.i.l.ClassLoaders$PlatformClassLoader@1ad282e0, j.i.l.ClassLoaders$AppClassLoader@3cd1a2f1
14:10:30.939 [main] DEBUG o.a.weaver.tools.WeavingAdaptor - 14:10:30.939 main > o.a.w.t.WeavingAdaptor.weaveClass o.a.w.l.ClassLoaderWeavingAdaptor@140e5a13 io/qameta/allure/internal/shadowed/jackson/databind/ser/std/StdSerializer, byte[24425]
14:10:30.940 [main] DEBUG org.aspectj.weaver.bcel.BcelWeaver - 14:10:30.940 main > o.a.w.b.BcelWeaver.weave o.a.w.b.BcelWeaver@48524010 o.a.w.t.WeavingAdaptor$WeavingClassFileProvider@585c13de
14:10:30.940 [main] DEBUG org.aspectj.weaver.bcel.BcelWeaver - 14:10:30.940 main > o.a.w.b.BcelWeaver.weaveAndNotify o.a.w.b.BcelWeaver@48524010 o.a.w.b.UnwovenClassFile@187eb9a8, o.a.w.b.BcelObjectType@726a6b94, o.a.w.t.WeavingAdaptor$WeavingClassFileProvider$1@6ad11a56
14:10:30.943 [main] DEBUG org.aspectj.weaver.bcel.BcelWorld - 14:10:30.942 main - o.a.w.b.BcelWorld.lookupJavaClass o.a.w.l.LTWWorld@2b4a2ec7 io.qameta.allure.internal.shadowed.jackson.databind.jsonFormatVisitors.JsonValueFormat, o.a.a.b.c.JavaClass@69ce2f62
14:10:30.944 [main] DEBUG org.aspectj.weaver.bcel.BcelWorld - 14:10:30.944 main - o.a.w.b.BcelWorld.lookupJavaClass o.a.w.l.LTWWorld@2b4a2ec7 io.qameta.allure.internal.shadowed.jackson.databind.jsonFormatVisitors.JsonFormatTypes, o.a.a.b.c.JavaClass@18fdb6cf
14:10:30.944 [main] DEBUG org.aspectj.weaver.bcel.BcelWorld - 14:10:30.944 main - o.a.w.b.BcelWorld.lookupJavaClass o.a.w.l.LTWWorld@2b4a2ec7 java.lang.Throwable, o.a.a.b.c.JavaClass@5e600dd5
14:10:30.944 [main] DEBUG org.aspectj.weaver.bcel.BcelWorld - 14:10:30.944 main - o.a.w.b.BcelWorld.lookupJavaClass o.a.w.l.LTWWorld@2b4a2ec7 io.qameta.allure.internal.shadowed.jackson.databind.BeanProperty, o.a.a.b.c.JavaClass@4ee37ca3
14:10:30.945 [main] DEBUG org.aspectj.weaver.bcel.BcelWorld - 14:10:30.945 main - o.a.w.b.BcelWorld.lookupJavaClass o.a.w.l.LTWWorld@2b4a2ec7 io.qameta.allure.internal.shadowed.jackson.databind.ser.PropertyFilter, o.a.a.b.c.JavaClass@61533ae
14:10:30.946 [main] DEBUG org.aspectj.weaver.bcel.BcelWorld - 14:10:30.946 main - o.a.w.b.BcelWorld.lookupJavaClass o.a.w.l.LTWWorld@2b4a2ec7 java.util.Collection, o.a.a.b.c.JavaClass@7e7be63f
14:10:30.946 [main] DEBUG org.aspectj.weaver.bcel.BcelWeaver - 14:10:30.946 main < o.a.w.b.BcelWeaver.weaveAndNotify
14:10:30.946 [main] DEBUG org.aspectj.weaver.bcel.BcelWeaver - 14:10:30.946 main < o.a.w.b.BcelWeaver.weave java.util.ArrayList(1)
14:10:30.946 [main] DEBUG o.a.weaver.tools.WeavingAdaptor - 14:10:30.946 main < o.a.w.t.WeavingAdaptor.weaveClass byte[24425]
14:10:30.946 [main] DEBUG org.aspectj.weaver.Dump - 14:10:30.946 main > o.a.w.Dump.dumpOnExit o.a.w.t.WeavingAdaptor$WeavingAdaptorMessageHolder@6a6afff2
14:10:30.946 [main] DEBUG org.aspectj.weaver.Dump - 14:10:30.946 main > o.a.w.Dump.shouldDumpOnExit o.a.w.t.WeavingAdaptor$WeavingAdaptorMessageHolder@6a6afff2
14:10:30.946 [main] DEBUG org.aspectj.weaver.Dump - 14:10:30.946 main - o.a.w.Dump.shouldDumpOnExit abort
14:10:30.946 [main] DEBUG org.aspectj.weaver.Dump - 14:10:30.946 main < o.a.w.Dump.shouldDumpOnExit false
14:10:30.946 [main] DEBUG org.aspectj.weaver.Dump - 14:10:30.946 main < o.a.w.Dump.dumpOnExit Excluded
14:10:30.946 [main] DEBUG org.aspectj.weaver.loadtime.Aj - 14:10:30.946 main < o.a.w.l.Aj.preProcess byte[24425]
14:10:30.948 [main] DEBUG org.aspectj.weaver.loadtime.Aj - 14:10:30.948 main > o.a.w.l.Aj.preProcess o.a.w.l.Aj@b9afc07 io/qameta/allure/internal/shadowed/jackson/databind/jsonschema/SchemaAware, byte[632], j.i.l.ClassLoaders$AppClassLoader@3cd1a2f1
14:10:30.948 [main] DEBUG org.aspectj.weaver.loadtime.Aj - 14:10:30.948 main - o.a.w.l.Aj.preProcess o.a.w.l.Aj@b9afc07 j.i.l.ClassLoaders$PlatformClassLoader@1ad282e0, j.i.l.ClassLoaders$AppClassLoader@3cd1a2f1
14:10:30.948 [main] DEBUG o.a.weaver.tools.WeavingAdaptor - 14:10:30.948 main > o.a.w.t.WeavingAdaptor.weaveClass o.a.w.l.ClassLoaderWeavingAdaptor@140e5a13 io/qameta/allure/internal/shadowed/jackson/databind/jsonschema/SchemaAware, byte[632]
14:10:30.948 [main] DEBUG org.aspectj.weaver.bcel.BcelWeaver - 14:10:30.948 main > o.a.w.b.BcelWeaver.weave o.a.w.b.BcelWeaver@48524010 o.a.w.t.WeavingAdaptor$WeavingClassFileProvider@6ad5923a
14:10:30.948 [main] DEBUG org.aspectj.weaver.bcel.BcelWeaver - 14:10:30.948 main > o.a.w.b.BcelWeaver.weaveAndNotify o.a.w.b.BcelWeaver@48524010 o.a.w.b.UnwovenClassFile@4463d9d3, o.a.w.b.BcelObjectType@43b0ade, o.a.w.t.WeavingAdaptor$WeavingClassFileProvider$1@5395ea39
14:10:30.949 [main] DEBUG org.aspectj.weaver.bcel.BcelWeaver - 14:10:30.949 main < o.a.w.b.BcelWeaver.weaveAndNotify
14:10:30.949 [main] DEBUG org.aspectj.weaver.bcel.BcelWeaver - 14:10:30.949 main < o.a.w.b.BcelWeaver.weave java.util.ArrayList(1)
14:10:30.949 [main] DEBUG o.a.weaver.tools.WeavingAdaptor - 14:10:30.949 main < o.a.w.t.WeavingAdaptor.weaveClass byte[632]
14:10:30.949 [main] DEBUG org.aspectj.weaver.Dump - 14:10:30.949 main > o.a.w.Dump.dumpOnExit o.a.w.t.WeavingAdaptor$WeavingAdaptorMessageHolder@6a6afff2
14:10:30.949 [main] DEBUG org.aspectj.weaver.Dump - 14:10:30.949 main > o.a.w.Dump.shouldDumpOnExit o.a.w.t.WeavingAdaptor$WeavingAdaptorMessageHolder@6a6afff2
14:10:30.949 [main] DEBUG org.aspectj.weaver.Dump - 14:10:30.949 main - o.a.w.Dump.shouldDumpOnExit abort
14:10:30.949 [main] DEBUG org.aspectj.weaver.Dump - 14:10:30.949 main < o.a.w.Dump.shouldDumpOnExit false
14:10:30.949 [main] DEBUG org.aspectj.weaver.Dump - 14:10:30.949 main < o.a.w.Dump.dumpOnExit Excluded
14:10:30.949 [main] DEBUG org.aspectj.weaver.loadtime.Aj - 14:10:30.949 main < o.a.w.l.Aj.preProcess byte[632]
14:10:30.951 [main] DEBUG org.aspectj.weaver.loadtime.Aj - 14:10:30.951 main > o.a.w.l.Aj.preProcess o.a.w.l.Aj@b9afc07 io/qameta/allure/internal/shadowed/jackson/databind/ser/impl/FailingSerializer, byte[1368], j.i.l.ClassLoaders$AppClassLoader@3cd1a2f1
14:10:30.951 [main] DEBUG org.aspectj.weaver.loadtime.Aj - 14:10:30.951 main - o.a.w.l.Aj.preProcess o.a.w.l.Aj@b9afc07 j.i.l.ClassLoaders$PlatformClassLoader@1ad282e0, j.i.l.ClassLoaders$AppClassLoader@3cd1a2f1
14:10:30.951 [main] DEBUG o.a.weaver.tools.WeavingAdaptor - 14:10:30.951 main > o.a.w.t.WeavingAdaptor.weaveClass o.a.w.l.ClassLoaderWeavingAdaptor@140e5a13 io/qameta/allure/internal/shadowed/jackson/databind/ser/impl/FailingSerializer, byte[1368]
14:10:30.951 [main] DEBUG org.aspectj.weaver.bcel.BcelWeaver - 14:10:30.951 main > o.a.w.b.BcelWeaver.weave o.a.w.b.BcelWeaver@48524010 o.a.w.t.WeavingAdaptor$WeavingClassFileProvider@6f6962ba
14:10:30.951 [main] DEBUG org.aspectj.weaver.bcel.BcelWeaver - 14:10:30.951 main > o.a.w.b.BcelWeaver.weaveAndNotify o.a.w.b.BcelWeaver@48524010 o.a.w.b.UnwovenClassFile@4565a70a, o.a.w.b.BcelObjectType@a0a9fa5, o.a.w.t.WeavingAdaptor$WeavingClassFileProvider$1@15723761
14:10:30.952 [main] DEBUG org.aspectj.weaver.bcel.BcelWeaver - 14:10:30.952 main < o.a.w.b.BcelWeaver.weaveAndNotify
14:10:30.952 [main] DEBUG org.aspectj.weaver.bcel.BcelWeaver - 14:10:30.952 main < o.a.w.b.BcelWeaver.weave java.util.ArrayList(1)
14:10:30.952 [main] DEBUG o.a.weaver.tools.WeavingAdaptor - 14:10:30.952 main < o.a.w.t.WeavingAdaptor.weaveClass byte[1368]
14:10:30.952 [main] DEBUG org.aspectj.weaver.Dump - 14:10:30.952 main > o.a.w.Dump.dumpOnExit o.a.w.t.WeavingAdaptor$WeavingAdaptorMessageHolder@6a6afff2
14:10:30.952 [main] DEBUG org.aspectj.weaver.Dump - 14:10:30.952 main > o.a.w.Dump.shouldDumpOnExit o.a.w.t.WeavingAdaptor$WeavingAdaptorMessageHolder@6a6afff2
14:10:30.952 [main] DEBUG org.aspectj.weaver.Dump - 14:10:30.952 main - o.a.w.Dump.shouldDumpOnExit abort
14:10:30.952 [main] DEBUG org.aspectj.weaver.Dump - 14:10:30.952 main < o.a.w.Dump.shouldDumpOnExit false
14:10:30.952 [main] DEBUG org.aspectj.weaver.Dump - 14:10:30.952 main < o.a.w.Dump.dumpOnExit Excluded
14:10:30.952 [main] DEBUG org.aspectj.weaver.loadtime.Aj - 14:10:30.952 main < o.a.w.l.Aj.preProcess byte[1368]
14:10:30.953 [main] DEBUG org.aspectj.weaver.loadtime.Aj - 14:10:30.953 main > o.a.w.l.Aj.preProcess o.a.w.l.Aj@b9afc07 io/qameta/allure/internal/shadowed/jackson/databind/ser/impl/UnknownSerializer, byte[2981], j.i.l.ClassLoaders$AppClassLoader@3cd1a2f1
14:10:30.954 [main] DEBUG org.aspectj.weaver.loadtime.Aj - 14:10:30.953 main - o.a.w.l.Aj.preProcess o.a.w.l.Aj@b9afc07 j.i.l.ClassLoaders$PlatformClassLoader@1ad282e0, j.i.l.ClassLoaders$AppClassLoader@3cd1a2f1
14:10:30.954 [main] DEBUG o.a.weaver.tools.WeavingAdaptor - 14:10:30.954 main > o.a.w.t.WeavingAdaptor.weaveClass o.a.w.l.ClassLoaderWeavingAdaptor@140e5a13 io/qameta/allure/internal/shadowed/jackson/databind/ser/impl/UnknownSerializer, byte[2981]
14:10:30.954 [main] DEBUG org.aspectj.weaver.bcel.BcelWeaver - 14:10:30.954 main > o.a.w.b.BcelWeaver.weave o.a.w.b.BcelWeaver@48524010 o.a.w.t.WeavingAdaptor$WeavingClassFileProvider@6569dded
14:10:30.955 [main] DEBUG org.aspectj.weaver.bcel.BcelWorld - 14:10:30.955 main - o.a.w.b.BcelWorld.lookupJavaClass o.a.w.l.LTWWorld@2b4a2ec7 io.qameta.allure.internal.shadowed.jackson.databind.ser.std.ToEmptyObjectSerializer, o.a.a.b.c.JavaClass@2d7e1102
14:10:30.956 [main] DEBUG org.aspectj.weaver.bcel.BcelWeaver - 14:10:30.956 main > o.a.w.b.BcelWeaver.weaveAndNotify o.a.w.b.BcelWeaver@48524010 o.a.w.b.UnwovenClassFile@65327f5, o.a.w.b.BcelObjectType@2adddc06, o.a.w.t.WeavingAdaptor$WeavingClassFileProvider$1@301d8120
14:10:30.956 [main] DEBUG org.aspectj.weaver.bcel.BcelWeaver - 14:10:30.956 main < o.a.w.b.BcelWeaver.weaveAndNotify
14:10:30.956 [main] DEBUG org.aspectj.weaver.bcel.BcelWeaver - 14:10:30.956 main < o.a.w.b.BcelWeaver.weave java.util.ArrayList(1)
14:10:30.956 [main] DEBUG o.a.weaver.tools.WeavingAdaptor - 14:10:30.956 main < o.a.w.t.WeavingAdaptor.weaveClass byte[2981]
14:10:30.957 [main] DEBUG org.aspectj.weaver.Dump - 14:10:30.957 main > o.a.w.Dump.dumpOnExit o.a.w.t.WeavingAdaptor$WeavingAdaptorMessageHolder@6a6afff2
14:10:30.957 [main] DEBUG org.aspectj.weaver.Dump - 14:10:30.957 main > o.a.w.Dump.shouldDumpOnExit o.a.w.t.WeavingAdaptor$WeavingAdaptorMessageHolder@6a6afff2
14:10:30.957 [main] DEBUG org.aspectj.weaver.Dump - 14:10:30.957 main - o.a.w.Dump.shouldDumpOnExit abort
14:10:30.957 [main] DEBUG org.aspectj.weaver.Dump - 14:10:30.957 main < o.a.w.Dump.shouldDumpOnExit false
14:10:30.957 [main] DEBUG org.aspectj.weaver.Dump - 14:10:30.957 main < o.a.w.Dump.dumpOnExit Excluded
14:10:30.957 [main] DEBUG org.aspectj.weaver.loadtime.Aj - 14:10:30.957 main < o.a.w.l.Aj.preProcess byte[2981]
14:10:30.958 [main] DEBUG org.aspectj.weaver.loadtime.Aj - 14:10:30.958 main > o.a.w.l.Aj.preProcess o.a.w.l.Aj@b9afc07 io/qameta/allure/internal/shadowed/jackson/databind/ser/std/ToEmptyObjectSerializer, byte[4302], j.i.l.ClassLoaders$AppClassLoader@3cd1a2f1
14:10:30.958 [main] DEBUG org.aspectj.weaver.loadtime.Aj - 14:10:30.958 main - o.a.w.l.Aj.preProcess o.a.w.l.Aj@b9afc07 j.i.l.ClassLoaders$PlatformClassLoader@1ad282e0, j.i.l.ClassLoaders$AppClassLoader@3cd1a2f1
14:10:30.958 [main] DEBUG o.a.weaver.tools.WeavingAdaptor - 14:10:30.958 main > o.a.w.t.WeavingAdaptor.weaveClass o.a.w.l.ClassLoaderWeavingAdaptor@140e5a13 io/qameta/allure/internal/shadowed/jackson/databind/ser/std/ToEmptyObjectSerializer, byte[4302]
14:10:30.959 [main] DEBUG org.aspectj.weaver.bcel.BcelWeaver - 14:10:30.959 main > o.a.w.b.BcelWeaver.weave o.a.w.b.BcelWeaver@48524010 o.a.w.t.WeavingAdaptor$WeavingClassFileProvider@6a714237
14:10:30.959 [main] DEBUG org.aspectj.weaver.bcel.BcelWeaver - 14:10:30.959 main > o.a.w.b.BcelWeaver.weaveAndNotify o.a.w.b.BcelWeaver@48524010 o.a.w.b.UnwovenClassFile@3e134896, o.a.w.b.BcelObjectType@72ba28ee, o.a.w.t.WeavingAdaptor$WeavingClassFileProvider$1@2e3a5237
14:10:30.959 [main] DEBUG org.aspectj.weaver.bcel.BcelWeaver - 14:10:30.959 main < o.a.w.b.BcelWeaver.weaveAndNotify
14:10:30.959 [main] DEBUG org.aspectj.weaver.bcel.BcelWeaver - 14:10:30.959 main < o.a.w.b.BcelWeaver.weave java.util.ArrayList(1)
14:10:30.959 [main] DEBUG o.a.weaver.tools.WeavingAdaptor - 14:10:30.959 main < o.a.w.t.WeavingAdaptor.weaveClass byte[4302]
14:10:30.959 [main] DEBUG org.aspectj.weaver.Dump - 14:10:30.959 main > o.a.w.Dump.dumpOnExit o.a.w.t.WeavingAdaptor$WeavingAdaptorMessageHolder@6a6afff2
14:10:30.960 [main] DEBUG org.aspectj.weaver.Dump - 14:10:30.959 main > o.a.w.Dump.shouldDumpOnExit o.a.w.t.WeavingAdaptor$WeavingAdaptorMessageHolder@6a6afff2
14:10:30.960 [main] DEBUG org.aspectj.weaver.Dump - 14:10:30.960 main - o.a.w.Dump.shouldDumpOnExit abort
14:10:30.960 [main] DEBUG org.aspectj.weaver.Dump - 14:10:30.960 main < o.a.w.Dump.shouldDumpOnExit false
14:10:30.960 [main] DEBUG org.aspectj.weaver.Dump - 14:10:30.960 main < o.a.w.Dump.dumpOnExit Excluded
14:10:30.960 [main] DEBUG org.aspectj.weaver.loadtime.Aj - 14:10:30.960 main < o.a.w.l.Aj.preProcess byte[4302]
14:10:30.961 [main] DEBUG org.aspectj.weaver.loadtime.Aj - 14:10:30.961 main > o.a.w.l.Aj.preProcess o.a.w.l.Aj@b9afc07 io/qameta/allure/internal/shadowed/jackson/databind/exc/InvalidTypeIdException, byte[1671], j.i.l.ClassLoaders$AppClassLoader@3cd1a2f1
14:10:30.961 [main] DEBUG org.aspectj.weaver.loadtime.Aj - 14:10:30.961 main - o.a.w.l.Aj.preProcess o.a.w.l.Aj@b9afc07 j.i.l.ClassLoaders$PlatformClassLoader@1ad282e0, j.i.l.ClassLoaders$AppClassLoader@3cd1a2f1
14:10:30.961 [main] DEBUG o.a.weaver.tools.WeavingAdaptor - 14:10:30.961 main > o.a.w.t.WeavingAdaptor.weaveClass o.a.w.l.ClassLoaderWeavingAdaptor@140e5a13 io/qameta/allure/internal/shadowed/jackson/databind/exc/InvalidTypeIdException, byte[1671]
14:10:30.962 [main] DEBUG org.aspectj.weaver.bcel.BcelWeaver - 14:10:30.961 main > o.a.w.b.BcelWeaver.weave o.a.w.b.BcelWeaver@48524010 o.a.w.t.WeavingAdaptor$WeavingClassFileProvider@c3fa05a
14:10:30.963 [main] DEBUG org.aspectj.weaver.bcel.BcelWorld - 14:10:30.963 main - o.a.w.b.BcelWorld.lookupJavaClass o.a.w.l.LTWWorld@2b4a2ec7 io.qameta.allure.internal.shadowed.jackson.databind.exc.MismatchedInputException, o.a.a.b.c.JavaClass@38499e48
14:10:30.963 [main] DEBUG org.aspectj.weaver.bcel.BcelWeaver - 14:10:30.963 main > o.a.w.b.BcelWeaver.weaveAndNotify o.a.w.b.BcelWeaver@48524010 o.a.w.b.UnwovenClassFile@4905c46b, o.a.w.b.BcelObjectType@17ae7628, o.a.w.t.WeavingAdaptor$WeavingClassFileProvider$1@1136b469
14:10:30.963 [main] DEBUG org.aspectj.weaver.bcel.BcelWorld - 14:10:30.963 main - o.a.w.b.BcelWorld.lookupJavaClass o.a.w.l.LTWWorld@2b4a2ec7 io.qameta.allure.internal.shadowed.jackson.databind.JsonMappingException, o.a.a.b.c.JavaClass@d8305c2
14:10:30.963 [main] DEBUG org.aspectj.weaver.bcel.BcelWorld - 14:10:30.963 main - o.a.w.b.BcelWorld.lookupJavaClass o.a.w.l.LTWWorld@2b4a2ec7 io.qameta.allure.internal.shadowed.jackson.databind.DatabindException, o.a.a.b.c.JavaClass@7c351808
14:10:30.964 [main] DEBUG org.aspectj.weaver.bcel.BcelWorld - 14:10:30.964 main - o.a.w.b.BcelWorld.lookupJavaClass o.a.w.l.LTWWorld@2b4a2ec7 io.qameta.allure.internal.shadowed.jackson.core.JsonProcessingException, o.a.a.b.c.JavaClass@66434cc8
14:10:30.964 [main] DEBUG org.aspectj.weaver.bcel.BcelWorld - 14:10:30.964 main - o.a.w.b.BcelWorld.lookupJavaClass o.a.w.l.LTWWorld@2b4a2ec7 io.qameta.allure.internal.shadowed.jackson.core.JacksonException, o.a.a.b.c.JavaClass@3efe7086
14:10:30.965 [main] DEBUG org.aspectj.weaver.bcel.BcelWorld - 14:10:30.965 main - o.a.w.b.BcelWorld.lookupJavaClass o.a.w.l.LTWWorld@2b4a2ec7 java.io.IOException, o.a.a.b.c.JavaClass@42f48531
14:10:30.965 [main] DEBUG org.aspectj.weaver.bcel.BcelWorld - 14:10:30.965 main - o.a.w.b.BcelWorld.lookupJavaClass o.a.w.l.LTWWorld@2b4a2ec7 java.lang.Exception, o.a.a.b.c.JavaClass@712625fd
14:10:30.965 [main] DEBUG org.aspectj.weaver.bcel.BcelWorld - 14:10:30.965 main - o.a.w.b.BcelWorld.lookupJavaClass o.a.w.l.LTWWorld@2b4a2ec7 io.qameta.allure.internal.shadowed.jackson.core.JsonParser, o.a.a.b.c.JavaClass@6b98a075
14:10:30.965 [main] DEBUG org.aspectj.weaver.bcel.BcelWeaver - 14:10:30.965 main < o.a.w.b.BcelWeaver.weaveAndNotify
14:10:30.965 [main] DEBUG org.aspectj.weaver.bcel.BcelWeaver - 14:10:30.965 main < o.a.w.b.BcelWeaver.weave java.util.ArrayList(1)
14:10:30.965 [main] DEBUG o.a.weaver.tools.WeavingAdaptor - 14:10:30.965 main < o.a.w.t.WeavingAdaptor.weaveClass byte[1671]
14:10:30.965 [main] DEBUG org.aspectj.weaver.Dump - 14:10:30.965 main > o.a.w.Dump.dumpOnExit o.a.w.t.WeavingAdaptor$WeavingAdaptorMessageHolder@6a6afff2
14:10:30.965 [main] DEBUG org.aspectj.weaver.Dump - 14:10:30.965 main > o.a.w.Dump.shouldDumpOnExit o.a.w.t.WeavingAdaptor$WeavingAdaptorMessageHolder@6a6afff2
14:10:30.966 [main] DEBUG org.aspectj.weaver.Dump - 14:10:30.966 main - o.a.w.Dump.shouldDumpOnExit abort
14:10:30.966 [main] DEBUG org.aspectj.weaver.Dump - 14:10:30.966 main < o.a.w.Dump.shouldDumpOnExit false
14:10:30.966 [main] DEBUG org.aspectj.weaver.Dump - 14:10:30.966 main < o.a.w.Dump.dumpOnExit Excluded
14:10:30.966 [main] DEBUG org.aspectj.weaver.loadtime.Aj - 14:10:30.966 main < o.a.w.l.Aj.preProcess byte[1671]
14:10:30.971 [main] DEBUG org.aspectj.weaver.loadtime.Aj - 14:10:30.971 main > o.a.w.l.Aj.preProcess o.a.w.l.Aj@b9afc07 io/qameta/allure/internal/shadowed/jackson/databind/exc/InvalidDefinitionException, byte[4782], j.i.l.ClassLoaders$AppClassLoader@3cd1a2f1
14:10:30.971 [main] DEBUG org.aspectj.weaver.loadtime.Aj - 14:10:30.971 main - o.a.w.l.Aj.preProcess o.a.w.l.Aj@b9afc07 j.i.l.ClassLoaders$PlatformClassLoader@1ad282e0, j.i.l.ClassLoaders$AppClassLoader@3cd1a2f1
14:10:30.971 [main] DEBUG o.a.weaver.tools.WeavingAdaptor - 14:10:30.971 main > o.a.w.t.WeavingAdaptor.weaveClass o.a.w.l.ClassLoaderWeavingAdaptor@140e5a13 io/qameta/allure/internal/shadowed/jackson/databind/exc/InvalidDefinitionException, byte[4782]
14:10:30.972 [main] DEBUG org.aspectj.weaver.bcel.BcelWeaver - 14:10:30.972 main > o.a.w.b.BcelWeaver.weave o.a.w.b.BcelWeaver@48524010 o.a.w.t.WeavingAdaptor$WeavingClassFileProvider@75f2099
14:10:30.972 [main] DEBUG org.aspectj.weaver.bcel.BcelWeaver - 14:10:30.972 main > o.a.w.b.BcelWeaver.weaveAndNotify o.a.w.b.BcelWeaver@48524010 o.a.w.b.UnwovenClassFile@1c12f3ee, o.a.w.b.BcelObjectType@6d467c87, o.a.w.t.WeavingAdaptor$WeavingClassFileProvider$1@29182679
14:10:30.972 [main] DEBUG org.aspectj.weaver.bcel.BcelWorld - 14:10:30.972 main - o.a.w.b.BcelWorld.lookupJavaClass o.a.w.l.LTWWorld@2b4a2ec7 io.qameta.allure.internal.shadowed.jackson.databind.introspect.BeanPropertyDefinition, o.a.a.b.c.JavaClass@42e3ede4
14:10:30.973 [main] DEBUG org.aspectj.weaver.bcel.BcelWeaver - 14:10:30.973 main < o.a.w.b.BcelWeaver.weaveAndNotify
14:10:30.973 [main] DEBUG org.aspectj.weaver.bcel.BcelWeaver - 14:10:30.973 main < o.a.w.b.BcelWeaver.weave java.util.ArrayList(1)
14:10:30.973 [main] DEBUG o.a.weaver.tools.WeavingAdaptor - 14:10:30.973 main < o.a.w.t.WeavingAdaptor.weaveClass byte[4782]
14:10:30.973 [main] DEBUG org.aspectj.weaver.Dump - 14:10:30.973 main > o.a.w.Dump.dumpOnExit o.a.w.t.WeavingAdaptor$WeavingAdaptorMessageHolder@6a6afff2
14:10:30.973 [main] DEBUG org.aspectj.weaver.Dump - 14:10:30.973 main > o.a.w.Dump.shouldDumpOnExit o.a.w.t.WeavingAdaptor$WeavingAdaptorMessageHolder@6a6afff2
14:10:30.973 [main] DEBUG org.aspectj.weaver.Dump - 14:10:30.973 main - o.a.w.Dump.shouldDumpOnExit abort
14:10:30.973 [main] DEBUG org.aspectj.weaver.Dump - 14:10:30.973 main < o.a.w.Dump.shouldDumpOnExit false
14:10:30.973 [main] DEBUG org.aspectj.weaver.Dump - 14:10:30.973 main < o.a.w.Dump.dumpOnExit Excluded
14:10:30.973 [main] DEBUG org.aspectj.weaver.loadtime.Aj - 14:10:30.973 main < o.a.w.l.Aj.preProcess byte[4782]
14:10:30.975 [main] DEBUG org.aspectj.weaver.loadtime.Aj - 14:10:30.975 main > o.a.w.l.Aj.preProcess o.a.w.l.Aj@b9afc07 io/qameta/allure/internal/shadowed/jackson/databind/ser/impl/TypeWrappedSerializer, byte[4172], j.i.l.ClassLoaders$AppClassLoader@3cd1a2f1
14:10:30.975 [main] DEBUG org.aspectj.weaver.loadtime.Aj - 14:10:30.975 main - o.a.w.l.Aj.preProcess o.a.w.l.Aj@b9afc07 j.i.l.ClassLoaders$PlatformClassLoader@1ad282e0, j.i.l.ClassLoaders$AppClassLoader@3cd1a2f1
14:10:30.975 [main] DEBUG o.a.weaver.tools.WeavingAdaptor - 14:10:30.975 main > o.a.w.t.WeavingAdaptor.weaveClass o.a.w.l.ClassLoaderWeavingAdaptor@140e5a13 io/qameta/allure/internal/shadowed/jackson/databind/ser/impl/TypeWrappedSerializer, byte[4172]
14:10:30.976 [main] DEBUG org.aspectj.weaver.bcel.BcelWeaver - 14:10:30.976 main > o.a.w.b.BcelWeaver.weave o.a.w.b.BcelWeaver@48524010 o.a.w.t.WeavingAdaptor$WeavingClassFileProvider@27068a50
14:10:30.977 [main] DEBUG org.aspectj.weaver.bcel.BcelWorld - 14:10:30.977 main - o.a.w.b.BcelWorld.lookupJavaClass o.a.w.l.LTWWorld@2b4a2ec7 io.qameta.allure.internal.shadowed.jackson.databind.ser.ContextualSerializer, o.a.a.b.c.JavaClass@5b78fdb1
14:10:30.977 [main] DEBUG org.aspectj.weaver.bcel.BcelWeaver - 14:10:30.977 main > o.a.w.b.BcelWeaver.weaveAndNotify o.a.w.b.BcelWeaver@48524010 o.a.w.b.UnwovenClassFile@48bfb884, o.a.w.b.BcelObjectType@11653e3b, o.a.w.t.WeavingAdaptor$WeavingClassFileProvider$1@715fb77
14:10:30.978 [main] DEBUG org.aspectj.weaver.bcel.BcelWeaver - 14:10:30.978 main < o.a.w.b.BcelWeaver.weaveAndNotify
14:10:30.978 [main] DEBUG org.aspectj.weaver.bcel.BcelWeaver - 14:10:30.978 main < o.a.w.b.BcelWeaver.weave java.util.ArrayList(1)
14:10:30.978 [main] DEBUG o.a.weaver.tools.WeavingAdaptor - 14:10:30.978 main < o.a.w.t.WeavingAdaptor.weaveClass byte[4172]
14:10:30.978 [main] DEBUG org.aspectj.weaver.Dump - 14:10:30.978 main > o.a.w.Dump.dumpOnExit o.a.w.t.WeavingAdaptor$WeavingAdaptorMessageHolder@6a6afff2
14:10:30.978 [main] DEBUG org.aspectj.weaver.Dump - 14:10:30.978 main > o.a.w.Dump.shouldDumpOnExit o.a.w.t.WeavingAdaptor$WeavingAdaptorMessageHolder@6a6afff2
14:10:30.978 [main] DEBUG org.aspectj.weaver.Dump - 14:10:30.978 main - o.a.w.Dump.shouldDumpOnExit abort
14:10:30.978 [main] DEBUG org.aspectj.weaver.Dump - 14:10:30.978 main < o.a.w.Dump.shouldDumpOnExit false
14:10:30.978 [main] DEBUG org.aspectj.weaver.Dump - 14:10:30.978 main < o.a.w.Dump.dumpOnExit Excluded
14:10:30.978 [main] DEBUG org.aspectj.weaver.loadtime.Aj - 14:10:30.978 main < o.a.w.l.Aj.preProcess byte[4172]
14:10:30.979 [main] DEBUG org.aspectj.weaver.loadtime.Aj - 14:10:30.979 main > o.a.w.l.Aj.preProcess o.a.w.l.Aj@b9afc07 io/qameta/allure/internal/shadowed/jackson/databind/ser/ContextualSerializer, byte[750], j.i.l.ClassLoaders$AppClassLoader@3cd1a2f1
14:10:30.979 [main] DEBUG org.aspectj.weaver.loadtime.Aj - 14:10:30.979 main - o.a.w.l.Aj.preProcess o.a.w.l.Aj@b9afc07 j.i.l.ClassLoaders$PlatformClassLoader@1ad282e0, j.i.l.ClassLoaders$AppClassLoader@3cd1a2f1
14:10:30.980 [main] DEBUG o.a.weaver.tools.WeavingAdaptor - 14:10:30.980 main > o.a.w.t.WeavingAdaptor.weaveClass o.a.w.l.ClassLoaderWeavingAdaptor@140e5a13 io/qameta/allure/internal/shadowed/jackson/databind/ser/ContextualSerializer, byte[750]
14:10:30.980 [main] DEBUG org.aspectj.weaver.bcel.BcelWeaver - 14:10:30.980 main > o.a.w.b.BcelWeaver.weave o.a.w.b.BcelWeaver@48524010 o.a.w.t.WeavingAdaptor$WeavingClassFileProvider@4525d1d3
14:10:30.980 [main] DEBUG org.aspectj.weaver.bcel.BcelWeaver - 14:10:30.980 main > o.a.w.b.BcelWeaver.weaveAndNotify o.a.w.b.BcelWeaver@48524010 o.a.w.b.UnwovenClassFile@7c974942, o.a.w.b.BcelObjectType@1eea9d2d, o.a.w.t.WeavingAdaptor$WeavingClassFileProvider$1@60921b21
14:10:30.980 [main] DEBUG org.aspectj.weaver.bcel.BcelWeaver - 14:10:30.980 main < o.a.w.b.BcelWeaver.weaveAndNotify
14:10:30.980 [main] DEBUG org.aspectj.weaver.bcel.BcelWeaver - 14:10:30.980 main < o.a.w.b.BcelWeaver.weave java.util.ArrayList(1)
14:10:30.980 [main] DEBUG o.a.weaver.tools.WeavingAdaptor - 14:10:30.980 main < o.a.w.t.WeavingAdaptor.weaveClass byte[750]
14:10:30.980 [main] DEBUG org.aspectj.weaver.Dump - 14:10:30.980 main > o.a.w.Dump.dumpOnExit o.a.w.t.WeavingAdaptor$WeavingAdaptorMessageHolder@6a6afff2
14:10:30.980 [main] DEBUG org.aspectj.weaver.Dump - 14:10:30.980 main > o.a.w.Dump.shouldDumpOnExit o.a.w.t.WeavingAdaptor$WeavingAdaptorMessageHolder@6a6afff2
14:10:30.980 [main] DEBUG org.aspectj.weaver.Dump - 14:10:30.980 main - o.a.w.Dump.shouldDumpOnExit abort
14:10:30.980 [main] DEBUG org.aspectj.weaver.Dump - 14:10:30.980 main < o.a.w.Dump.shouldDumpOnExit false
14:10:30.980 [main] DEBUG org.aspectj.weaver.Dump - 14:10:30.980 main < o.a.w.Dump.dumpOnExit Excluded
14:10:30.980 [main] DEBUG org.aspectj.weaver.loadtime.Aj - 14:10:30.980 main < o.a.w.l.Aj.preProcess byte[750]
14:10:30.983 [main] DEBUG org.aspectj.weaver.loadtime.Aj - 14:10:30.983 main > o.a.w.l.Aj.preProcess o.a.w.l.Aj@b9afc07 io/qameta/allure/internal/shadowed/jackson/databind/node/ObjectNode, byte[24995], j.i.l.ClassLoaders$AppClassLoader@3cd1a2f1
14:10:30.983 [main] DEBUG org.aspectj.weaver.loadtime.Aj - 14:10:30.983 main - o.a.w.l.Aj.preProcess o.a.w.l.Aj@b9afc07 j.i.l.ClassLoaders$PlatformClassLoader@1ad282e0, j.i.l.ClassLoaders$AppClassLoader@3cd1a2f1
14:10:30.983 [main] DEBUG o.a.weaver.tools.WeavingAdaptor - 14:10:30.983 main > o.a.w.t.WeavingAdaptor.weaveClass o.a.w.l.ClassLoaderWeavingAdaptor@140e5a13 io/qameta/allure/internal/shadowed/jackson/databind/node/ObjectNode, byte[24995]
14:10:30.984 [main] DEBUG org.aspectj.weaver.bcel.BcelWeaver - 14:10:30.984 main > o.a.w.b.BcelWeaver.weave o.a.w.b.BcelWeaver@48524010 o.a.w.t.WeavingAdaptor$WeavingClassFileProvider@a567e72
14:10:30.985 [main] DEBUG org.aspectj.weaver.bcel.BcelWorld - 14:10:30.985 main - o.a.w.b.BcelWorld.lookupJavaClass o.a.w.l.LTWWorld@2b4a2ec7 io.qameta.allure.internal.shadowed.jackson.databind.node.ContainerNode, o.a.a.b.c.JavaClass@4b1c0397
14:10:30.987 [main] DEBUG org.aspectj.weaver.bcel.BcelWeaver - 14:10:30.987 main > o.a.w.b.BcelWeaver.weaveAndNotify o.a.w.b.BcelWeaver@48524010 o.a.w.b.UnwovenClassFile@72805168, o.a.w.b.BcelObjectType@34b9fc7d, o.a.w.t.WeavingAdaptor$WeavingClassFileProvider$1@27f1bbe0
14:10:30.988 [main] DEBUG org.aspectj.weaver.bcel.BcelWorld - 14:10:30.988 main - o.a.w.b.BcelWorld.lookupJavaClass o.a.w.l.LTWWorld@2b4a2ec7 io.qameta.allure.internal.shadowed.jackson.core.JsonPointer, o.a.a.b.c.JavaClass@72bd06ca
14:10:30.988 [main] DEBUG org.aspectj.weaver.bcel.BcelWorld - 14:10:30.988 main - o.a.w.b.BcelWorld.lookupJavaClass o.a.w.l.LTWWorld@2b4a2ec7 java.util.Comparator, o.a.a.b.c.JavaClass@89c10b7
14:10:30.988 [main] DEBUG org.aspectj.weaver.bcel.BcelWeaver - 14:10:30.988 main < o.a.w.b.BcelWeaver.weaveAndNotify
14:10:30.988 [main] DEBUG org.aspectj.weaver.bcel.BcelWeaver - 14:10:30.988 main < o.a.w.b.BcelWeaver.weave java.util.ArrayList(1)
14:10:30.989 [main] DEBUG o.a.weaver.tools.WeavingAdaptor - 14:10:30.989 main < o.a.w.t.WeavingAdaptor.weaveClass byte[24995]
14:10:30.989 [main] DEBUG org.aspectj.weaver.Dump - 14:10:30.989 main > o.a.w.Dump.dumpOnExit o.a.w.t.WeavingAdaptor$WeavingAdaptorMessageHolder@6a6afff2
14:10:30.989 [main] DEBUG org.aspectj.weaver.Dump - 14:10:30.989 main > o.a.w.Dump.shouldDumpOnExit o.a.w.t.WeavingAdaptor$WeavingAdaptorMessageHolder@6a6afff2
14:10:30.989 [main] DEBUG org.aspectj.weaver.Dump - 14:10:30.989 main - o.a.w.Dump.shouldDumpOnExit abort
14:10:30.990 [main] DEBUG org.aspectj.weaver.Dump - 14:10:30.990 main < o.a.w.Dump.shouldDumpOnExit false
14:10:30.990 [main] DEBUG org.aspectj.weaver.Dump - 14:10:30.990 main < o.a.w.Dump.dumpOnExit Excluded
14:10:30.990 [main] DEBUG org.aspectj.weaver.loadtime.Aj - 14:10:30.990 main < o.a.w.l.Aj.preProcess byte[24995]
14:10:30.993 [main] DEBUG org.aspectj.weaver.loadtime.Aj - 14:10:30.993 main > o.a.w.l.Aj.preProcess o.a.w.l.Aj@b9afc07 io/qameta/allure/internal/shadowed/jackson/databind/node/ContainerNode, byte[9080], j.i.l.ClassLoaders$AppClassLoader@3cd1a2f1
14:10:30.993 [main] DEBUG org.aspectj.weaver.loadtime.Aj - 14:10:30.993 main - o.a.w.l.Aj.preProcess o.a.w.l.Aj@b9afc07 j.i.l.ClassLoaders$PlatformClassLoader@1ad282e0, j.i.l.ClassLoaders$AppClassLoader@3cd1a2f1
14:10:30.993 [main] DEBUG o.a.weaver.tools.WeavingAdaptor - 14:10:30.993 main > o.a.w.t.WeavingAdaptor.weaveClass o.a.w.l.ClassLoaderWeavingAdaptor@140e5a13 io/qameta/allure/internal/shadowed/jackson/databind/node/ContainerNode, byte[9080]
14:10:30.993 [main] DEBUG org.aspectj.weaver.bcel.BcelWeaver - 14:10:30.993 main > o.a.w.b.BcelWeaver.weave o.a.w.b.BcelWeaver@48524010 o.a.w.t.WeavingAdaptor$WeavingClassFileProvider@588ffeb
14:10:30.993 [main] DEBUG org.aspectj.weaver.bcel.BcelWeaver - 14:10:30.993 main > o.a.w.b.BcelWeaver.weaveAndNotify o.a.w.b.BcelWeaver@48524010 o.a.w.b.UnwovenClassFile@7c28c1, o.a.w.b.BcelObjectType@baf1bb3, o.a.w.t.WeavingAdaptor$WeavingClassFileProvider$1@67ec8477
14:10:30.994 [main] DEBUG org.aspectj.weaver.bcel.BcelWeaver - 14:10:30.994 main < o.a.w.b.BcelWeaver.weaveAndNotify
14:10:30.994 [main] DEBUG org.aspectj.weaver.bcel.BcelWeaver - 14:10:30.994 main < o.a.w.b.BcelWeaver.weave java.util.ArrayList(1)
14:10:30.995 [main] DEBUG o.a.weaver.tools.WeavingAdaptor - 14:10:30.994 main < o.a.w.t.WeavingAdaptor.weaveClass byte[9080]
14:10:30.995 [main] DEBUG org.aspectj.weaver.Dump - 14:10:30.995 main > o.a.w.Dump.dumpOnExit o.a.w.t.WeavingAdaptor$WeavingAdaptorMessageHolder@6a6afff2
14:10:30.995 [main] DEBUG org.aspectj.weaver.Dump - 14:10:30.995 main > o.a.w.Dump.shouldDumpOnExit o.a.w.t.WeavingAdaptor$WeavingAdaptorMessageHolder@6a6afff2
14:10:30.995 [main] DEBUG org.aspectj.weaver.Dump - 14:10:30.995 main - o.a.w.Dump.shouldDumpOnExit abort
14:10:30.995 [main] DEBUG org.aspectj.weaver.Dump - 14:10:30.995 main < o.a.w.Dump.shouldDumpOnExit false
14:10:30.995 [main] DEBUG org.aspectj.weaver.Dump - 14:10:30.995 main < o.a.w.Dump.dumpOnExit Excluded
14:10:30.995 [main] DEBUG org.aspectj.weaver.loadtime.Aj - 14:10:30.995 main < o.a.w.l.Aj.preProcess byte[9080]
14:10:30.998 [main] DEBUG org.aspectj.weaver.loadtime.Aj - 14:10:30.998 main > o.a.w.l.Aj.preProcess o.a.w.l.Aj@b9afc07 io/qameta/allure/internal/shadowed/jackson/databind/ser/std/StdDelegatingSerializer, byte[10577], j.i.l.ClassLoaders$AppClassLoader@3cd1a2f1
14:10:30.998 [main] DEBUG org.aspectj.weaver.loadtime.Aj - 14:10:30.998 main - o.a.w.l.Aj.preProcess o.a.w.l.Aj@b9afc07 j.i.l.ClassLoaders$PlatformClassLoader@1ad282e0, j.i.l.ClassLoaders$AppClassLoader@3cd1a2f1
14:10:30.998 [main] DEBUG o.a.weaver.tools.WeavingAdaptor - 14:10:30.998 main > o.a.w.t.WeavingAdaptor.weaveClass o.a.w.l.ClassLoaderWeavingAdaptor@140e5a13 io/qameta/allure/internal/shadowed/jackson/databind/ser/std/StdDelegatingSerializer, byte[10577]
14:10:30.999 [main] DEBUG org.aspectj.weaver.bcel.BcelWeaver - 14:10:30.999 main > o.a.w.b.BcelWeaver.weave o.a.w.b.BcelWeaver@48524010 o.a.w.t.WeavingAdaptor$WeavingClassFileProvider@ddf20fd
14:10:31.000 [main] DEBUG org.aspectj.weaver.bcel.BcelWorld - 14:10:31.000 main - o.a.w.b.BcelWorld.lookupJavaClass o.a.w.l.LTWWorld@2b4a2ec7 io.qameta.allure.internal.shadowed.jackson.databind.ser.ResolvableSerializer, o.a.a.b.c.JavaClass@4b1abd11
14:10:31.000 [main] DEBUG org.aspectj.weaver.bcel.BcelWeaver - 14:10:31.000 main > o.a.w.b.BcelWeaver.weaveAndNotify o.a.w.b.BcelWeaver@48524010 o.a.w.b.UnwovenClassFile@3f36b447, o.a.w.b.BcelObjectType@6443b128, o.a.w.t.WeavingAdaptor$WeavingClassFileProvider$1@5eeedb60
14:10:31.001 [main] DEBUG org.aspectj.weaver.bcel.BcelWorld - 14:10:31.001 main - o.a.w.b.BcelWorld.lookupJavaClass o.a.w.l.LTWWorld@2b4a2ec7 io.qameta.allure.internal.shadowed.jackson.databind.util.Converter, o.a.a.b.c.JavaClass@1c7fd41f
14:10:31.001 [main] DEBUG org.aspectj.weaver.bcel.BcelWeaver - 14:10:31.001 main < o.a.w.b.BcelWeaver.weaveAndNotify
14:10:31.001 [main] DEBUG org.aspectj.weaver.bcel.BcelWeaver - 14:10:31.001 main < o.a.w.b.BcelWeaver.weave java.util.ArrayList(1)
14:10:31.001 [main] DEBUG o.a.weaver.tools.WeavingAdaptor - 14:10:31.001 main < o.a.w.t.WeavingAdaptor.weaveClass byte[10577]
14:10:31.002 [main] DEBUG org.aspectj.weaver.Dump - 14:10:31.001 main > o.a.w.Dump.dumpOnExit o.a.w.t.WeavingAdaptor$WeavingAdaptorMessageHolder@6a6afff2
14:10:31.002 [main] DEBUG org.aspectj.weaver.Dump - 14:10:31.002 main > o.a.w.Dump.shouldDumpOnExit o.a.w.t.WeavingAdaptor$WeavingAdaptorMessageHolder@6a6afff2
14:10:31.002 [main] DEBUG org.aspectj.weaver.Dump - 14:10:31.002 main - o.a.w.Dump.shouldDumpOnExit abort
14:10:31.002 [main] DEBUG org.aspectj.weaver.Dump - 14:10:31.002 main < o.a.w.Dump.shouldDumpOnExit false
14:10:31.002 [main] DEBUG org.aspectj.weaver.Dump - 14:10:31.002 main < o.a.w.Dump.dumpOnExit Excluded
14:10:31.002 [main] DEBUG org.aspectj.weaver.loadtime.Aj - 14:10:31.002 main < o.a.w.l.Aj.preProcess byte[10577]
14:10:31.003 [main] DEBUG org.aspectj.weaver.loadtime.Aj - 14:10:31.003 main > o.a.w.l.Aj.preProcess o.a.w.l.Aj@b9afc07 io/qameta/allure/internal/shadowed/jackson/databind/ser/ResolvableSerializer, byte[374], j.i.l.ClassLoaders$AppClassLoader@3cd1a2f1
14:10:31.003 [main] DEBUG org.aspectj.weaver.loadtime.Aj - 14:10:31.003 main - o.a.w.l.Aj.preProcess o.a.w.l.Aj@b9afc07 j.i.l.ClassLoaders$PlatformClassLoader@1ad282e0, j.i.l.ClassLoaders$AppClassLoader@3cd1a2f1
14:10:31.003 [main] DEBUG o.a.weaver.tools.WeavingAdaptor - 14:10:31.003 main > o.a.w.t.WeavingAdaptor.weaveClass o.a.w.l.ClassLoaderWeavingAdaptor@140e5a13 io/qameta/allure/internal/shadowed/jackson/databind/ser/ResolvableSerializer, byte[374]
14:10:31.004 [main] DEBUG org.aspectj.weaver.bcel.BcelWeaver - 14:10:31.003 main > o.a.w.b.BcelWeaver.weave o.a.w.b.BcelWeaver@48524010 o.a.w.t.WeavingAdaptor$WeavingClassFileProvider@2b9b7f1f
14:10:31.004 [main] DEBUG org.aspectj.weaver.bcel.BcelWeaver - 14:10:31.004 main > o.a.w.b.BcelWeaver.weaveAndNotify o.a.w.b.BcelWeaver@48524010 o.a.w.b.UnwovenClassFile@264c5d07, o.a.w.b.BcelObjectType@847f3e7, o.a.w.t.WeavingAdaptor$WeavingClassFileProvider$1@69cac930
14:10:31.004 [main] DEBUG org.aspectj.weaver.bcel.BcelWeaver - 14:10:31.004 main < o.a.w.b.BcelWeaver.weaveAndNotify
14:10:31.004 [main] DEBUG org.aspectj.weaver.bcel.BcelWeaver - 14:10:31.004 main < o.a.w.b.BcelWeaver.weave java.util.ArrayList(1)
14:10:31.004 [main] DEBUG o.a.weaver.tools.WeavingAdaptor - 14:10:31.004 main < o.a.w.t.WeavingAdaptor.weaveClass byte[374]
14:10:31.004 [main] DEBUG org.aspectj.weaver.Dump - 14:10:31.004 main > o.a.w.Dump.dumpOnExit o.a.w.t.WeavingAdaptor$WeavingAdaptorMessageHolder@6a6afff2
14:10:31.004 [main] DEBUG org.aspectj.weaver.Dump - 14:10:31.004 main > o.a.w.Dump.shouldDumpOnExit o.a.w.t.WeavingAdaptor$WeavingAdaptorMessageHolder@6a6afff2
14:10:31.004 [main] DEBUG org.aspectj.weaver.Dump - 14:10:31.004 main - o.a.w.Dump.shouldDumpOnExit abort
14:10:31.004 [main] DEBUG org.aspectj.weaver.Dump - 14:10:31.004 main < o.a.w.Dump.shouldDumpOnExit false
14:10:31.004 [main] DEBUG org.aspectj.weaver.Dump - 14:10:31.004 main < o.a.w.Dump.dumpOnExit Excluded
14:10:31.004 [main] DEBUG org.aspectj.weaver.loadtime.Aj - 14:10:31.004 main < o.a.w.l.Aj.preProcess byte[374]
14:10:31.047 [main] DEBUG org.aspectj.weaver.loadtime.Aj - 14:10:31.047 main > o.a.w.l.Aj.preProcess o.a.w.l.Aj@b9afc07 io/qameta/allure/internal/shadowed/jackson/databind/ser/SerializerCache, byte[7473], j.i.l.ClassLoaders$AppClassLoader@3cd1a2f1
14:10:31.047 [main] DEBUG org.aspectj.weaver.loadtime.Aj - 14:10:31.047 main - o.a.w.l.Aj.preProcess o.a.w.l.Aj@b9afc07 j.i.l.ClassLoaders$PlatformClassLoader@1ad282e0, j.i.l.ClassLoaders$AppClassLoader@3cd1a2f1
14:10:31.048 [main] DEBUG o.a.weaver.tools.WeavingAdaptor - 14:10:31.048 main > o.a.w.t.WeavingAdaptor.weaveClass o.a.w.l.ClassLoaderWeavingAdaptor@140e5a13 io/qameta/allure/internal/shadowed/jackson/databind/ser/SerializerCache, byte[7473]
14:10:31.048 [main] DEBUG org.aspectj.weaver.bcel.BcelWeaver - 14:10:31.048 main > o.a.w.b.BcelWeaver.weave o.a.w.b.BcelWeaver@48524010 o.a.w.t.WeavingAdaptor$WeavingClassFileProvider@4e868ef5
14:10:31.048 [main] DEBUG org.aspectj.weaver.bcel.BcelWeaver - 14:10:31.048 main > o.a.w.b.BcelWeaver.weaveAndNotify o.a.w.b.BcelWeaver@48524010 o.a.w.b.UnwovenClassFile@71c905a3, o.a.w.b.BcelObjectType@30af7377, o.a.w.t.WeavingAdaptor$WeavingClassFileProvider$1@67a056f1
14:10:31.050 [main] DEBUG org.aspectj.weaver.bcel.BcelWorld - 14:10:31.050 main - o.a.w.b.BcelWorld.lookupJavaClass o.a.w.l.LTWWorld@2b4a2ec7 io.qameta.allure.internal.shadowed.jackson.databind.ser.impl.ReadOnlyClassToSerializerMap, o.a.a.b.c.JavaClass@afb5821
14:10:31.051 [main] DEBUG org.aspectj.weaver.bcel.BcelWeaver - 14:10:31.051 main < o.a.w.b.BcelWeaver.weaveAndNotify
14:10:31.051 [main] DEBUG org.aspectj.weaver.bcel.BcelWeaver - 14:10:31.051 main < o.a.w.b.BcelWeaver.weave java.util.ArrayList(1)
14:10:31.051 [main] DEBUG o.a.weaver.tools.WeavingAdaptor - 14:10:31.051 main < o.a.w.t.WeavingAdaptor.weaveClass byte[7473]
14:10:31.051 [main] DEBUG org.aspectj.weaver.Dump - 14:10:31.051 main > o.a.w.Dump.dumpOnExit o.a.w.t.WeavingAdaptor$WeavingAdaptorMessageHolder@6a6afff2
14:10:31.051 [main] DEBUG org.aspectj.weaver.Dump - 14:10:31.051 main > o.a.w.Dump.shouldDumpOnExit o.a.w.t.WeavingAdaptor$WeavingAdaptorMessageHolder@6a6afff2
14:10:31.051 [main] DEBUG org.aspectj.weaver.Dump - 14:10:31.051 main - o.a.w.Dump.shouldDumpOnExit abort
14:10:31.051 [main] DEBUG org.aspectj.weaver.Dump - 14:10:31.051 main < o.a.w.Dump.shouldDumpOnExit false
14:10:31.051 [main] DEBUG org.aspectj.weaver.Dump - 14:10:31.051 main < o.a.w.Dump.dumpOnExit Excluded
14:10:31.051 [main] DEBUG org.aspectj.weaver.loadtime.Aj - 14:10:31.051 main < o.a.w.l.Aj.preProcess byte[7473]
14:10:31.054 [main] DEBUG org.aspectj.weaver.loadtime.Aj - 14:10:31.054 main > o.a.w.l.Aj.preProcess o.a.w.l.Aj@b9afc07 io/qameta/allure/internal/shadowed/jackson/databind/exc/InvalidFormatException, byte[2935], j.i.l.ClassLoaders$AppClassLoader@3cd1a2f1
14:10:31.054 [main] DEBUG org.aspectj.weaver.loadtime.Aj - 14:10:31.054 main - o.a.w.l.Aj.preProcess o.a.w.l.Aj@b9afc07 j.i.l.ClassLoaders$PlatformClassLoader@1ad282e0, j.i.l.ClassLoaders$AppClassLoader@3cd1a2f1
14:10:31.054 [main] DEBUG o.a.weaver.tools.WeavingAdaptor - 14:10:31.054 main > o.a.w.t.WeavingAdaptor.weaveClass o.a.w.l.ClassLoaderWeavingAdaptor@140e5a13 io/qameta/allure/internal/shadowed/jackson/databind/exc/InvalidFormatException, byte[2935]
14:10:31.054 [main] DEBUG org.aspectj.weaver.bcel.BcelWeaver - 14:10:31.054 main > o.a.w.b.BcelWeaver.weave o.a.w.b.BcelWeaver@48524010 o.a.w.t.WeavingAdaptor$WeavingClassFileProvider@46c00568
14:10:31.055 [main] DEBUG org.aspectj.weaver.bcel.BcelWeaver - 14:10:31.054 main > o.a.w.b.BcelWeaver.weaveAndNotify o.a.w.b.BcelWeaver@48524010 o.a.w.b.UnwovenClassFile@56ccd751, o.a.w.b.BcelObjectType@458544e0, o.a.w.t.WeavingAdaptor$WeavingClassFileProvider$1@6bcbf05b
14:10:31.055 [main] DEBUG org.aspectj.weaver.bcel.BcelWeaver - 14:10:31.055 main < o.a.w.b.BcelWeaver.weaveAndNotify
14:10:31.056 [main] DEBUG org.aspectj.weaver.bcel.BcelWeaver - 14:10:31.056 main < o.a.w.b.BcelWeaver.weave java.util.ArrayList(1)
14:10:31.056 [main] DEBUG o.a.weaver.tools.WeavingAdaptor - 14:10:31.056 main < o.a.w.t.WeavingAdaptor.weaveClass byte[2935]
14:10:31.056 [main] DEBUG org.aspectj.weaver.Dump - 14:10:31.056 main > o.a.w.Dump.dumpOnExit o.a.w.t.WeavingAdaptor$WeavingAdaptorMessageHolder@6a6afff2
14:10:31.056 [main] DEBUG org.aspectj.weaver.Dump - 14:10:31.056 main > o.a.w.Dump.shouldDumpOnExit o.a.w.t.WeavingAdaptor$WeavingAdaptorMessageHolder@6a6afff2
14:10:31.056 [main] DEBUG org.aspectj.weaver.Dump - 14:10:31.056 main - o.a.w.Dump.shouldDumpOnExit abort
14:10:31.056 [main] DEBUG org.aspectj.weaver.Dump - 14:10:31.056 main < o.a.w.Dump.shouldDumpOnExit false
14:10:31.056 [main] DEBUG org.aspectj.weaver.Dump - 14:10:31.056 main < o.a.w.Dump.dumpOnExit Excluded
14:10:31.056 [main] DEBUG org.aspectj.weaver.loadtime.Aj - 14:10:31.056 main < o.a.w.l.Aj.preProcess byte[2935]
14:10:31.060 [main] DEBUG org.aspectj.weaver.loadtime.Aj - 14:10:31.059 main > o.a.w.l.Aj.preProcess o.a.w.l.Aj@b9afc07 io/qameta/allure/internal/shadowed/jackson/databind/exc/ValueInstantiationException, byte[2116], j.i.l.ClassLoaders$AppClassLoader@3cd1a2f1
14:10:31.060 [main] DEBUG org.aspectj.weaver.loadtime.Aj - 14:10:31.060 main - o.a.w.l.Aj.preProcess o.a.w.l.Aj@b9afc07 j.i.l.ClassLoaders$PlatformClassLoader@1ad282e0, j.i.l.ClassLoaders$AppClassLoader@3cd1a2f1
14:10:31.060 [main] DEBUG o.a.weaver.tools.WeavingAdaptor - 14:10:31.060 main > o.a.w.t.WeavingAdaptor.weaveClass o.a.w.l.ClassLoaderWeavingAdaptor@140e5a13 io/qameta/allure/internal/shadowed/jackson/databind/exc/ValueInstantiationException, byte[2116]
14:10:31.061 [main] DEBUG org.aspectj.weaver.bcel.BcelWeaver - 14:10:31.061 main > o.a.w.b.BcelWeaver.weave o.a.w.b.BcelWeaver@48524010 o.a.w.t.WeavingAdaptor$WeavingClassFileProvider@59942b48
14:10:31.061 [main] DEBUG org.aspectj.weaver.bcel.BcelWeaver - 14:10:31.061 main > o.a.w.b.BcelWeaver.weaveAndNotify o.a.w.b.BcelWeaver@48524010 o.a.w.b.UnwovenClassFile@1869f114, o.a.w.b.BcelObjectType@488b50ec, o.a.w.t.WeavingAdaptor$WeavingClassFileProvider$1@18a645fd
14:10:31.062 [main] DEBUG org.aspectj.weaver.bcel.BcelWeaver - 14:10:31.062 main < o.a.w.b.BcelWeaver.weaveAndNotify
14:10:31.062 [main] DEBUG org.aspectj.weaver.bcel.BcelWeaver - 14:10:31.062 main < o.a.w.b.BcelWeaver.weave java.util.ArrayList(1)
14:10:31.062 [main] DEBUG o.a.weaver.tools.WeavingAdaptor - 14:10:31.062 main < o.a.w.t.WeavingAdaptor.weaveClass byte[2116]
14:10:31.062 [main] DEBUG org.aspectj.weaver.Dump - 14:10:31.062 main > o.a.w.Dump.dumpOnExit o.a.w.t.WeavingAdaptor$WeavingAdaptorMessageHolder@6a6afff2
14:10:31.062 [main] DEBUG org.aspectj.weaver.Dump - 14:10:31.062 main > o.a.w.Dump.shouldDumpOnExit o.a.w.t.WeavingAdaptor$WeavingAdaptorMessageHolder@6a6afff2
14:10:31.062 [main] DEBUG org.aspectj.weaver.Dump - 14:10:31.062 main - o.a.w.Dump.shouldDumpOnExit abort
14:10:31.062 [main] DEBUG org.aspectj.weaver.Dump - 14:10:31.062 main < o.a.w.Dump.shouldDumpOnExit false
14:10:31.062 [main] DEBUG org.aspectj.weaver.Dump - 14:10:31.062 main < o.a.w.Dump.dumpOnExit Excluded
14:10:31.062 [main] DEBUG org.aspectj.weaver.loadtime.Aj - 14:10:31.062 main < o.a.w.l.Aj.preProcess byte[2116]
14:10:31.073 [main] DEBUG org.aspectj.weaver.loadtime.Aj - 14:10:31.073 main > o.a.w.l.Aj.preProcess o.a.w.l.Aj@b9afc07 io/qameta/allure/internal/shadowed/jackson/databind/exc/UnrecognizedPropertyException, byte[3357], j.i.l.ClassLoaders$AppClassLoader@3cd1a2f1
14:10:31.073 [main] DEBUG org.aspectj.weaver.loadtime.Aj - 14:10:31.073 main - o.a.w.l.Aj.preProcess o.a.w.l.Aj@b9afc07 j.i.l.ClassLoaders$PlatformClassLoader@1ad282e0, j.i.l.ClassLoaders$AppClassLoader@3cd1a2f1
14:10:31.073 [main] DEBUG o.a.weaver.tools.WeavingAdaptor - 14:10:31.073 main > o.a.w.t.WeavingAdaptor.weaveClass o.a.w.l.ClassLoaderWeavingAdaptor@140e5a13 io/qameta/allure/internal/shadowed/jackson/databind/exc/UnrecognizedPropertyException, byte[3357]
14:10:31.073 [main] DEBUG org.aspectj.weaver.bcel.BcelWeaver - 14:10:31.073 main > o.a.w.b.BcelWeaver.weave o.a.w.b.BcelWeaver@48524010 o.a.w.t.WeavingAdaptor$WeavingClassFileProvider@6d2d99fc
14:10:31.077 [main] DEBUG org.aspectj.weaver.bcel.BcelWorld - 14:10:31.077 main - o.a.w.b.BcelWorld.lookupJavaClass o.a.w.l.LTWWorld@2b4a2ec7 io.qameta.allure.internal.shadowed.jackson.databind.exc.PropertyBindingException, o.a.a.b.c.JavaClass@21f9277b
14:10:31.078 [main] DEBUG org.aspectj.weaver.bcel.BcelWeaver - 14:10:31.078 main > o.a.w.b.BcelWeaver.weaveAndNotify o.a.w.b.BcelWeaver@48524010 o.a.w.b.UnwovenClassFile@201aa8c1, o.a.w.b.BcelObjectType@5d58c727, o.a.w.t.WeavingAdaptor$WeavingClassFileProvider$1@52a36910
14:10:31.079 [main] DEBUG org.aspectj.weaver.bcel.BcelWeaver - 14:10:31.079 main < o.a.w.b.BcelWeaver.weaveAndNotify
14:10:31.079 [main] DEBUG org.aspectj.weaver.bcel.BcelWeaver - 14:10:31.079 main < o.a.w.b.BcelWeaver.weave java.util.ArrayList(1)
14:10:31.079 [main] DEBUG o.a.weaver.tools.WeavingAdaptor - 14:10:31.079 main < o.a.w.t.WeavingAdaptor.weaveClass byte[3357]
14:10:31.079 [main] DEBUG org.aspectj.weaver.Dump - 14:10:31.079 main > o.a.w.Dump.dumpOnExit o.a.w.t.WeavingAdaptor$WeavingAdaptorMessageHolder@6a6afff2
14:10:31.079 [main] DEBUG org.aspectj.weaver.Dump - 14:10:31.079 main > o.a.w.Dump.shouldDumpOnExit o.a.w.t.WeavingAdaptor$WeavingAdaptorMessageHolder@6a6afff2
14:10:31.080 [main] DEBUG org.aspectj.weaver.Dump - 14:10:31.080 main - o.a.w.Dump.shouldDumpOnExit abort
14:10:31.080 [main] DEBUG org.aspectj.weaver.Dump - 14:10:31.080 main < o.a.w.Dump.shouldDumpOnExit false
14:10:31.080 [main] DEBUG org.aspectj.weaver.Dump - 14:10:31.080 main < o.a.w.Dump.dumpOnExit Excluded
14:10:31.080 [main] DEBUG org.aspectj.weaver.loadtime.Aj - 14:10:31.080 main < o.a.w.l.Aj.preProcess byte[3357]
14:10:31.081 [main] DEBUG org.aspectj.weaver.loadtime.Aj - 14:10:31.081 main > o.a.w.l.Aj.preProcess o.a.w.l.Aj@b9afc07 io/qameta/allure/internal/shadowed/jackson/databind/exc/PropertyBindingException, byte[4042], j.i.l.ClassLoaders$AppClassLoader@3cd1a2f1
14:10:31.081 [main] DEBUG org.aspectj.weaver.loadtime.Aj - 14:10:31.081 main - o.a.w.l.Aj.preProcess o.a.w.l.Aj@b9afc07 j.i.l.ClassLoaders$PlatformClassLoader@1ad282e0, j.i.l.ClassLoaders$AppClassLoader@3cd1a2f1
14:10:31.081 [main] DEBUG o.a.weaver.tools.WeavingAdaptor - 14:10:31.081 main > o.a.w.t.WeavingAdaptor.weaveClass o.a.w.l.ClassLoaderWeavingAdaptor@140e5a13 io/qameta/allure/internal/shadowed/jackson/databind/exc/PropertyBindingException, byte[4042]
14:10:31.082 [main] DEBUG org.aspectj.weaver.bcel.BcelWeaver - 14:10:31.082 main > o.a.w.b.BcelWeaver.weave o.a.w.b.BcelWeaver@48524010 o.a.w.t.WeavingAdaptor$WeavingClassFileProvider@27b22f74
14:10:31.082 [main] DEBUG org.aspectj.weaver.bcel.BcelWeaver - 14:10:31.082 main > o.a.w.b.BcelWeaver.weaveAndNotify o.a.w.b.BcelWeaver@48524010 o.a.w.b.UnwovenClassFile@22fba58c, o.a.w.b.BcelObjectType@7e8a46b7, o.a.w.t.WeavingAdaptor$WeavingClassFileProvider$1@2fe88a09
14:10:31.083 [main] DEBUG org.aspectj.weaver.bcel.BcelWeaver - 14:10:31.083 main < o.a.w.b.BcelWeaver.weaveAndNotify
14:10:31.084 [main] DEBUG org.aspectj.weaver.bcel.BcelWeaver - 14:10:31.084 main < o.a.w.b.BcelWeaver.weave java.util.ArrayList(1)
14:10:31.084 [main] DEBUG o.a.weaver.tools.WeavingAdaptor - 14:10:31.084 main < o.a.w.t.WeavingAdaptor.weaveClass byte[4042]
14:10:31.084 [main] DEBUG org.aspectj.weaver.Dump - 14:10:31.084 main > o.a.w.Dump.dumpOnExit o.a.w.t.WeavingAdaptor$WeavingAdaptorMessageHolder@6a6afff2
14:10:31.084 [main] DEBUG org.aspectj.weaver.Dump - 14:10:31.084 main > o.a.w.Dump.shouldDumpOnExit o.a.w.t.WeavingAdaptor$WeavingAdaptorMessageHolder@6a6afff2
14:10:31.084 [main] DEBUG org.aspectj.weaver.Dump - 14:10:31.084 main - o.a.w.Dump.shouldDumpOnExit abort
14:10:31.084 [main] DEBUG org.aspectj.weaver.Dump - 14:10:31.084 main < o.a.w.Dump.shouldDumpOnExit false
14:10:31.084 [main] DEBUG org.aspectj.weaver.Dump - 14:10:31.084 main < o.a.w.Dump.dumpOnExit Excluded
14:10:31.084 [main] DEBUG org.aspectj.weaver.loadtime.Aj - 14:10:31.084 main < o.a.w.l.Aj.preProcess byte[4042]
14:10:31.087 [main] DEBUG org.aspectj.weaver.loadtime.Aj - 14:10:31.087 main > o.a.w.l.Aj.preProcess o.a.w.l.Aj@b9afc07 io/qameta/allure/internal/shadowed/jackson/databind/JsonDeserializer, byte[7891], j.i.l.ClassLoaders$AppClassLoader@3cd1a2f1
14:10:31.087 [main] DEBUG org.aspectj.weaver.loadtime.Aj - 14:10:31.087 main - o.a.w.l.Aj.preProcess o.a.w.l.Aj@b9afc07 j.i.l.ClassLoaders$PlatformClassLoader@1ad282e0, j.i.l.ClassLoaders$AppClassLoader@3cd1a2f1
14:10:31.087 [main] DEBUG o.a.weaver.tools.WeavingAdaptor - 14:10:31.087 main > o.a.w.t.WeavingAdaptor.weaveClass o.a.w.l.ClassLoaderWeavingAdaptor@140e5a13 io/qameta/allure/internal/shadowed/jackson/databind/JsonDeserializer, byte[7891]
14:10:31.088 [main] DEBUG org.aspectj.weaver.bcel.BcelWeaver - 14:10:31.088 main > o.a.w.b.BcelWeaver.weave o.a.w.b.BcelWeaver@48524010 o.a.w.t.WeavingAdaptor$WeavingClassFileProvider@1e6308a9
14:10:31.090 [main] DEBUG org.aspectj.weaver.bcel.BcelWorld - 14:10:31.090 main - o.a.w.b.BcelWorld.lookupJavaClass o.a.w.l.LTWWorld@2b4a2ec7 io.qameta.allure.internal.shadowed.jackson.databind.deser.NullValueProvider, o.a.a.b.c.JavaClass@5486887b
14:10:31.090 [main] DEBUG org.aspectj.weaver.bcel.BcelWeaver - 14:10:31.090 main > o.a.w.b.BcelWeaver.weaveAndNotify o.a.w.b.BcelWeaver@48524010 o.a.w.b.UnwovenClassFile@5226e402, o.a.w.b.BcelObjectType@1440c311, o.a.w.t.WeavingAdaptor$WeavingClassFileProvider$1@189b5fb1
14:10:31.091 [main] DEBUG org.aspectj.weaver.bcel.BcelWorld - 14:10:31.091 main - o.a.w.b.BcelWorld.lookupJavaClass o.a.w.l.LTWWorld@2b4a2ec7 io.qameta.allure.internal.shadowed.jackson.databind.DeserializationContext, o.a.a.b.c.JavaClass@2e554a3b
14:10:31.091 [main] DEBUG org.aspectj.weaver.bcel.BcelWorld - 14:10:31.091 main - o.a.w.b.BcelWorld.lookupJavaClass o.a.w.l.LTWWorld@2b4a2ec7 io.qameta.allure.internal.shadowed.jackson.databind.jsontype.TypeDeserializer, o.a.a.b.c.JavaClass@f79a760
14:10:31.094 [main] DEBUG org.aspectj.weaver.bcel.BcelWorld - 14:10:31.094 main - o.a.w.b.BcelWorld.lookupJavaClass o.a.w.l.LTWWorld@2b4a2ec7 io.qameta.allure.internal.shadowed.jackson.databind.util.AccessPattern, o.a.a.b.c.JavaClass@4d33940d
14:10:31.094 [main] DEBUG org.aspectj.weaver.bcel.BcelWorld - 14:10:31.094 main - o.a.w.b.BcelWorld.lookupJavaClass o.a.w.l.LTWWorld@2b4a2ec7 io.qameta.allure.internal.shadowed.jackson.databind.deser.impl.ObjectIdReader, o.a.a.b.c.JavaClass@6cbcf243
14:10:31.094 [main] DEBUG org.aspectj.weaver.bcel.BcelWorld - 14:10:31.094 main - o.a.w.b.BcelWorld.lookupJavaClass o.a.w.l.LTWWorld@2b4a2ec7 io.qameta.allure.internal.shadowed.jackson.databind.deser.SettableBeanProperty, o.a.a.b.c.JavaClass@7a791b66
14:10:31.095 [main] DEBUG org.aspectj.weaver.bcel.BcelWeaver - 14:10:31.095 main < o.a.w.b.BcelWeaver.weaveAndNotify
14:10:31.095 [main] DEBUG org.aspectj.weaver.bcel.BcelWeaver - 14:10:31.095 main < o.a.w.b.BcelWeaver.weave java.util.ArrayList(1)
14:10:31.095 [main] DEBUG o.a.weaver.tools.WeavingAdaptor - 14:10:31.095 main < o.a.w.t.WeavingAdaptor.weaveClass byte[7891]
14:10:31.095 [main] DEBUG org.aspectj.weaver.Dump - 14:10:31.095 main > o.a.w.Dump.dumpOnExit o.a.w.t.WeavingAdaptor$WeavingAdaptorMessageHolder@6a6afff2
14:10:31.095 [main] DEBUG org.aspectj.weaver.Dump - 14:10:31.095 main > o.a.w.Dump.shouldDumpOnExit o.a.w.t.WeavingAdaptor$WeavingAdaptorMessageHolder@6a6afff2
14:10:31.095 [main] DEBUG org.aspectj.weaver.Dump - 14:10:31.095 main - o.a.w.Dump.shouldDumpOnExit abort
14:10:31.095 [main] DEBUG org.aspectj.weaver.Dump - 14:10:31.095 main < o.a.w.Dump.shouldDumpOnExit false
14:10:31.095 [main] DEBUG org.aspectj.weaver.Dump - 14:10:31.095 main < o.a.w.Dump.dumpOnExit Excluded
14:10:31.095 [main] DEBUG org.aspectj.weaver.loadtime.Aj - 14:10:31.095 main < o.a.w.l.Aj.preProcess byte[7891]
14:10:31.123 [main] DEBUG org.aspectj.weaver.loadtime.Aj - 14:10:31.123 main > o.a.w.l.Aj.preProcess o.a.w.l.Aj@b9afc07 io/qameta/allure/internal/shadowed/jackson/databind/deser/NullValueProvider, byte[834], j.i.l.ClassLoaders$AppClassLoader@3cd1a2f1
14:10:31.123 [main] DEBUG org.aspectj.weaver.loadtime.Aj - 14:10:31.123 main - o.a.w.l.Aj.preProcess o.a.w.l.Aj@b9afc07 j.i.l.ClassLoaders$PlatformClassLoader@1ad282e0, j.i.l.ClassLoaders$AppClassLoader@3cd1a2f1
14:10:31.123 [main] DEBUG o.a.weaver.tools.WeavingAdaptor - 14:10:31.123 main > o.a.w.t.WeavingAdaptor.weaveClass o.a.w.l.ClassLoaderWeavingAdaptor@140e5a13 io/qameta/allure/internal/shadowed/jackson/databind/deser/NullValueProvider, byte[834]
14:10:31.128 [main] DEBUG org.aspectj.weaver.bcel.BcelWeaver - 14:10:31.128 main > o.a.w.b.BcelWeaver.weave o.a.w.b.BcelWeaver@48524010 o.a.w.t.WeavingAdaptor$WeavingClassFileProvider@50825a02
14:10:31.128 [main] DEBUG org.aspectj.weaver.bcel.BcelWeaver - 14:10:31.128 main > o.a.w.b.BcelWeaver.weaveAndNotify o.a.w.b.BcelWeaver@48524010 o.a.w.b.UnwovenClassFile@68809cc7, o.a.w.b.BcelObjectType@703feacd, o.a.w.t.WeavingAdaptor$WeavingClassFileProvider$1@7051777c
14:10:31.129 [main] DEBUG org.aspectj.weaver.bcel.BcelWeaver - 14:10:31.129 main < o.a.w.b.BcelWeaver.weaveAndNotify
14:10:31.129 [main] DEBUG org.aspectj.weaver.bcel.BcelWeaver - 14:10:31.129 main < o.a.w.b.BcelWeaver.weave java.util.ArrayList(1)
14:10:31.129 [main] DEBUG o.a.weaver.tools.WeavingAdaptor - 14:10:31.129 main < o.a.w.t.WeavingAdaptor.weaveClass byte[834]
14:10:31.129 [main] DEBUG org.aspectj.weaver.Dump - 14:10:31.129 main > o.a.w.Dump.dumpOnExit o.a.w.t.WeavingAdaptor$WeavingAdaptorMessageHolder@6a6afff2
14:10:31.129 [main] DEBUG org.aspectj.weaver.Dump - 14:10:31.129 main > o.a.w.Dump.shouldDumpOnExit o.a.w.t.WeavingAdaptor$WeavingAdaptorMessageHolder@6a6afff2
14:10:31.129 [main] DEBUG org.aspectj.weaver.Dump - 14:10:31.129 main - o.a.w.Dump.shouldDumpOnExit abort
14:10:31.129 [main] DEBUG org.aspectj.weaver.Dump - 14:10:31.129 main < o.a.w.Dump.shouldDumpOnExit false
14:10:31.129 [main] DEBUG org.aspectj.weaver.Dump - 14:10:31.129 main < o.a.w.Dump.dumpOnExit Excluded
14:10:31.130 [main] DEBUG org.aspectj.weaver.loadtime.Aj - 14:10:31.129 main < o.a.w.l.Aj.preProcess byte[834]
14:10:31.132 [main] DEBUG org.aspectj.weaver.loadtime.Aj - 14:10:31.132 main > o.a.w.l.Aj.preProcess o.a.w.l.Aj@b9afc07 io/qameta/allure/internal/shadowed/jackson/databind/deser/impl/TypeWrappedDeserializer, byte[4285], j.i.l.ClassLoaders$AppClassLoader@3cd1a2f1
14:10:31.132 [main] DEBUG org.aspectj.weaver.loadtime.Aj - 14:10:31.132 main - o.a.w.l.Aj.preProcess o.a.w.l.Aj@b9afc07 j.i.l.ClassLoaders$PlatformClassLoader@1ad282e0, j.i.l.ClassLoaders$AppClassLoader@3cd1a2f1
14:10:31.132 [main] DEBUG o.a.weaver.tools.WeavingAdaptor - 14:10:31.132 main > o.a.w.t.WeavingAdaptor.weaveClass o.a.w.l.ClassLoaderWeavingAdaptor@140e5a13 io/qameta/allure/internal/shadowed/jackson/databind/deser/impl/TypeWrappedDeserializer, byte[4285]
14:10:31.133 [main] DEBUG org.aspectj.weaver.bcel.BcelWeaver - 14:10:31.133 main > o.a.w.b.BcelWeaver.weave o.a.w.b.BcelWeaver@48524010 o.a.w.t.WeavingAdaptor$WeavingClassFileProvider@2abc224d
14:10:31.133 [main] DEBUG org.aspectj.weaver.bcel.BcelWeaver - 14:10:31.133 main > o.a.w.b.BcelWeaver.weaveAndNotify o.a.w.b.BcelWeaver@48524010 o.a.w.b.UnwovenClassFile@13cd7ea5, o.a.w.b.BcelObjectType@102d92c4, o.a.w.t.WeavingAdaptor$WeavingClassFileProvider$1@2b97cc1f
14:10:31.134 [main] DEBUG org.aspectj.weaver.bcel.BcelWeaver - 14:10:31.134 main < o.a.w.b.BcelWeaver.weaveAndNotify
14:10:31.134 [main] DEBUG org.aspectj.weaver.bcel.BcelWeaver - 14:10:31.134 main < o.a.w.b.BcelWeaver.weave java.util.ArrayList(1)
14:10:31.134 [main] DEBUG o.a.weaver.tools.WeavingAdaptor - 14:10:31.134 main < o.a.w.t.WeavingAdaptor.weaveClass byte[4285]
14:10:31.134 [main] DEBUG org.aspectj.weaver.Dump - 14:10:31.134 main > o.a.w.Dump.dumpOnExit o.a.w.t.WeavingAdaptor$WeavingAdaptorMessageHolder@6a6afff2
14:10:31.134 [main] DEBUG org.aspectj.weaver.Dump - 14:10:31.134 main > o.a.w.Dump.shouldDumpOnExit o.a.w.t.WeavingAdaptor$WeavingAdaptorMessageHolder@6a6afff2
14:10:31.134 [main] DEBUG org.aspectj.weaver.Dump - 14:10:31.134 main - o.a.w.Dump.shouldDumpOnExit abort
14:10:31.134 [main] DEBUG org.aspectj.weaver.Dump - 14:10:31.134 main < o.a.w.Dump.shouldDumpOnExit false
14:10:31.134 [main] DEBUG org.aspectj.weaver.Dump - 14:10:31.134 main < o.a.w.Dump.dumpOnExit Excluded
14:10:31.134 [main] DEBUG org.aspectj.weaver.loadtime.Aj - 14:10:31.134 main < o.a.w.l.Aj.preProcess byte[4285]
14:10:31.136 [main] DEBUG org.aspectj.weaver.loadtime.Aj - 14:10:31.136 main > o.a.w.l.Aj.preProcess o.a.w.l.Aj@b9afc07 io/qameta/allure/internal/shadowed/jackson/databind/deser/UnresolvedForwardReference, byte[4994], j.i.l.ClassLoaders$AppClassLoader@3cd1a2f1
14:10:31.137 [main] DEBUG org.aspectj.weaver.loadtime.Aj - 14:10:31.137 main - o.a.w.l.Aj.preProcess o.a.w.l.Aj@b9afc07 j.i.l.ClassLoaders$PlatformClassLoader@1ad282e0, j.i.l.ClassLoaders$AppClassLoader@3cd1a2f1
14:10:31.137 [main] DEBUG o.a.weaver.tools.WeavingAdaptor - 14:10:31.137 main > o.a.w.t.WeavingAdaptor.weaveClass o.a.w.l.ClassLoaderWeavingAdaptor@140e5a13 io/qameta/allure/internal/shadowed/jackson/databind/deser/UnresolvedForwardReference, byte[4994]
14:10:31.137 [main] DEBUG org.aspectj.weaver.bcel.BcelWeaver - 14:10:31.137 main > o.a.w.b.BcelWeaver.weave o.a.w.b.BcelWeaver@48524010 o.a.w.t.WeavingAdaptor$WeavingClassFileProvider@abbc908
14:10:31.137 [main] DEBUG org.aspectj.weaver.bcel.BcelWeaver - 14:10:31.137 main > o.a.w.b.BcelWeaver.weaveAndNotify o.a.w.b.BcelWeaver@48524010 o.a.w.b.UnwovenClassFile@44afefd5, o.a.w.b.BcelObjectType@9a7a808, o.a.w.t.WeavingAdaptor$WeavingClassFileProvider$1@72209d93
14:10:31.138 [main] DEBUG org.aspectj.weaver.bcel.BcelWorld - 14:10:31.138 main - o.a.w.b.BcelWorld.lookupJavaClass o.a.w.l.LTWWorld@2b4a2ec7 io.qameta.allure.internal.shadowed.jackson.databind.deser.impl.ReadableObjectId, o.a.a.b.c.JavaClass@50fe837a
14:10:31.138 [main] DEBUG org.aspectj.weaver.bcel.BcelWorld - 14:10:31.138 main - o.a.w.b.BcelWorld.lookupJavaClass o.a.w.l.LTWWorld@2b4a2ec7 io.qameta.allure.internal.shadowed.jackson.core.JsonLocation, o.a.a.b.c.JavaClass@24faea88
14:10:31.138 [main] DEBUG org.aspectj.weaver.bcel.BcelWeaver - 14:10:31.138 main < o.a.w.b.BcelWeaver.weaveAndNotify
14:10:31.138 [main] DEBUG org.aspectj.weaver.bcel.BcelWeaver - 14:10:31.138 main < o.a.w.b.BcelWeaver.weave java.util.ArrayList(1)
14:10:31.138 [main] DEBUG o.a.weaver.tools.WeavingAdaptor - 14:10:31.138 main < o.a.w.t.WeavingAdaptor.weaveClass byte[4994]
14:10:31.139 [main] DEBUG org.aspectj.weaver.Dump - 14:10:31.139 main > o.a.w.Dump.dumpOnExit o.a.w.t.WeavingAdaptor$WeavingAdaptorMessageHolder@6a6afff2
14:10:31.139 [main] DEBUG org.aspectj.weaver.Dump - 14:10:31.139 main > o.a.w.Dump.shouldDumpOnExit o.a.w.t.WeavingAdaptor$WeavingAdaptorMessageHolder@6a6afff2
14:10:31.139 [main] DEBUG org.aspectj.weaver.Dump - 14:10:31.139 main - o.a.w.Dump.shouldDumpOnExit abort
14:10:31.139 [main] DEBUG org.aspectj.weaver.Dump - 14:10:31.139 main < o.a.w.Dump.shouldDumpOnExit false
14:10:31.139 [main] DEBUG org.aspectj.weaver.Dump - 14:10:31.139 main < o.a.w.Dump.dumpOnExit Excluded
14:10:31.139 [main] DEBUG org.aspectj.weaver.loadtime.Aj - 14:10:31.139 main < o.a.w.l.Aj.preProcess byte[4994]
14:10:31.141 [main] DEBUG org.aspectj.weaver.loadtime.Aj - 14:10:31.141 main > o.a.w.l.Aj.preProcess o.a.w.l.Aj@b9afc07 io/qameta/allure/internal/shadowed/jackson/databind/deser/SettableBeanProperty, byte[18551], j.i.l.ClassLoaders$AppClassLoader@3cd1a2f1
14:10:31.142 [main] DEBUG org.aspectj.weaver.loadtime.Aj - 14:10:31.141 main - o.a.w.l.Aj.preProcess o.a.w.l.Aj@b9afc07 j.i.l.ClassLoaders$PlatformClassLoader@1ad282e0, j.i.l.ClassLoaders$AppClassLoader@3cd1a2f1
14:10:31.142 [main] DEBUG o.a.weaver.tools.WeavingAdaptor - 14:10:31.142 main > o.a.w.t.WeavingAdaptor.weaveClass o.a.w.l.ClassLoaderWeavingAdaptor@140e5a13 io/qameta/allure/internal/shadowed/jackson/databind/deser/SettableBeanProperty, byte[18551]
14:10:31.142 [main] DEBUG org.aspectj.weaver.bcel.BcelWeaver - 14:10:31.142 main > o.a.w.b.BcelWeaver.weave o.a.w.b.BcelWeaver@48524010 o.a.w.t.WeavingAdaptor$WeavingClassFileProvider@78411116
14:10:31.142 [main] DEBUG org.aspectj.weaver.bcel.BcelWorld - 14:10:31.142 main - o.a.w.b.BcelWorld.lookupJavaClass o.a.w.l.LTWWorld@2b4a2ec7 io.qameta.allure.internal.shadowed.jackson.databind.introspect.ConcreteBeanPropertyBase, o.a.a.b.c.JavaClass@6928f576
14:10:31.143 [main] DEBUG org.aspectj.weaver.bcel.BcelWeaver - 14:10:31.143 main > o.a.w.b.BcelWeaver.weaveAndNotify o.a.w.b.BcelWeaver@48524010 o.a.w.b.UnwovenClassFile@aced190, o.a.w.b.BcelObjectType@245a060f, o.a.w.t.WeavingAdaptor$WeavingClassFileProvider$1@6edaa77a
14:10:31.143 [main] DEBUG org.aspectj.weaver.bcel.BcelWorld - 14:10:31.143 main - o.a.w.b.BcelWorld.lookupJavaClass o.a.w.l.LTWWorld@2b4a2ec7 io.qameta.allure.internal.shadowed.jackson.databind.util.Named, o.a.a.b.c.JavaClass@1eef9aef
14:10:31.144 [main] DEBUG org.aspectj.weaver.bcel.BcelWorld - 14:10:31.144 main - o.a.w.b.BcelWorld.lookupJavaClass o.a.w.l.LTWWorld@2b4a2ec7 io.qameta.allure.internal.shadowed.jackson.databind.jsonFormatVisitors.JsonObjectFormatVisitor, o.a.a.b.c.JavaClass@3f093abe
14:10:31.145 [main] DEBUG org.aspectj.weaver.bcel.BcelWeaver - 14:10:31.145 main < o.a.w.b.BcelWeaver.weaveAndNotify
14:10:31.145 [main] DEBUG org.aspectj.weaver.bcel.BcelWeaver - 14:10:31.145 main < o.a.w.b.BcelWeaver.weave java.util.ArrayList(1)
14:10:31.145 [main] DEBUG o.a.weaver.tools.WeavingAdaptor - 14:10:31.145 main < o.a.w.t.WeavingAdaptor.weaveClass byte[18551]
14:10:31.145 [main] DEBUG org.aspectj.weaver.Dump - 14:10:31.145 main > o.a.w.Dump.dumpOnExit o.a.w.t.WeavingAdaptor$WeavingAdaptorMessageHolder@6a6afff2
14:10:31.145 [main] DEBUG org.aspectj.weaver.Dump - 14:10:31.145 main > o.a.w.Dump.shouldDumpOnExit o.a.w.t.WeavingAdaptor$WeavingAdaptorMessageHolder@6a6afff2
14:10:31.145 [main] DEBUG org.aspectj.weaver.Dump - 14:10:31.145 main - o.a.w.Dump.shouldDumpOnExit abort
14:10:31.145 [main] DEBUG org.aspectj.weaver.Dump - 14:10:31.145 main < o.a.w.Dump.shouldDumpOnExit false
14:10:31.145 [main] DEBUG org.aspectj.weaver.Dump - 14:10:31.145 main < o.a.w.Dump.dumpOnExit Excluded
14:10:31.145 [main] DEBUG org.aspectj.weaver.loadtime.Aj - 14:10:31.145 main < o.a.w.l.Aj.preProcess byte[18551]
14:10:31.147 [main] DEBUG org.aspectj.weaver.loadtime.Aj - 14:10:31.147 main > o.a.w.l.Aj.preProcess o.a.w.l.Aj@b9afc07 io/qameta/allure/internal/shadowed/jackson/databind/deser/CreatorProperty, byte[14340], j.i.l.ClassLoaders$AppClassLoader@3cd1a2f1
14:10:31.148 [main] DEBUG org.aspectj.weaver.loadtime.Aj - 14:10:31.148 main - o.a.w.l.Aj.preProcess o.a.w.l.Aj@b9afc07 j.i.l.ClassLoaders$PlatformClassLoader@1ad282e0, j.i.l.ClassLoaders$AppClassLoader@3cd1a2f1
14:10:31.148 [main] DEBUG o.a.weaver.tools.WeavingAdaptor - 14:10:31.148 main > o.a.w.t.WeavingAdaptor.weaveClass o.a.w.l.ClassLoaderWeavingAdaptor@140e5a13 io/qameta/allure/internal/shadowed/jackson/databind/deser/CreatorProperty, byte[14340]
14:10:31.148 [main] DEBUG org.aspectj.weaver.bcel.BcelWeaver - 14:10:31.148 main > o.a.w.b.BcelWeaver.weave o.a.w.b.BcelWeaver@48524010 o.a.w.t.WeavingAdaptor$WeavingClassFileProvider@48ea2003
14:10:31.148 [main] DEBUG org.aspectj.weaver.bcel.BcelWeaver - 14:10:31.148 main > o.a.w.b.BcelWeaver.weaveAndNotify o.a.w.b.BcelWeaver@48524010 o.a.w.b.UnwovenClassFile@6b1e7ad3, o.a.w.b.BcelObjectType@63e5e5b4, o.a.w.t.WeavingAdaptor$WeavingClassFileProvider$1@13a37e2a
14:10:31.149 [main] DEBUG org.aspectj.weaver.bcel.BcelWorld - 14:10:31.149 main - o.a.w.b.BcelWorld.lookupJavaClass o.a.w.l.LTWWorld@2b4a2ec7 io.qameta.allure.internal.shadowed.jackson.databind.introspect.AnnotatedParameter, o.a.a.b.c.JavaClass@388ba540
14:10:31.149 [main] DEBUG org.aspectj.weaver.bcel.BcelWorld - 14:10:31.149 main - o.a.w.b.BcelWorld.lookupJavaClass o.a.w.l.LTWWorld@2b4a2ec7 io.qameta.allure.internal.shadowed.jackson.databind.PropertyMetadata, o.a.a.b.c.JavaClass@1dd0e7c4
14:10:31.150 [main] DEBUG org.aspectj.weaver.bcel.BcelWeaver - 14:10:31.150 main < o.a.w.b.BcelWeaver.weaveAndNotify
14:10:31.150 [main] DEBUG org.aspectj.weaver.bcel.BcelWeaver - 14:10:31.150 main < o.a.w.b.BcelWeaver.weave java.util.ArrayList(1)
14:10:31.150 [main] DEBUG o.a.weaver.tools.WeavingAdaptor - 14:10:31.150 main < o.a.w.t.WeavingAdaptor.weaveClass byte[14340]
14:10:31.150 [main] DEBUG org.aspectj.weaver.Dump - 14:10:31.150 main > o.a.w.Dump.dumpOnExit o.a.w.t.WeavingAdaptor$WeavingAdaptorMessageHolder@6a6afff2
14:10:31.150 [main] DEBUG org.aspectj.weaver.Dump - 14:10:31.150 main > o.a.w.Dump.shouldDumpOnExit o.a.w.t.WeavingAdaptor$WeavingAdaptorMessageHolder@6a6afff2
14:10:31.150 [main] DEBUG org.aspectj.weaver.Dump - 14:10:31.150 main - o.a.w.Dump.shouldDumpOnExit abort
14:10:31.150 [main] DEBUG org.aspectj.weaver.Dump - 14:10:31.150 main < o.a.w.Dump.shouldDumpOnExit false
14:10:31.150 [main] DEBUG org.aspectj.weaver.Dump - 14:10:31.150 main < o.a.w.Dump.dumpOnExit Excluded
14:10:31.150 [main] DEBUG org.aspectj.weaver.loadtime.Aj - 14:10:31.150 main < o.a.w.l.Aj.preProcess byte[14340]
14:10:31.153 [main] DEBUG org.aspectj.weaver.loadtime.Aj - 14:10:31.153 main > o.a.w.l.Aj.preProcess o.a.w.l.Aj@b9afc07 io/qameta/allure/internal/shadowed/jackson/databind/deser/std/UntypedObjectDeserializer, byte[19256], j.i.l.ClassLoaders$AppClassLoader@3cd1a2f1
14:10:31.153 [main] DEBUG org.aspectj.weaver.loadtime.Aj - 14:10:31.153 main - o.a.w.l.Aj.preProcess o.a.w.l.Aj@b9afc07 j.i.l.ClassLoaders$PlatformClassLoader@1ad282e0, j.i.l.ClassLoaders$AppClassLoader@3cd1a2f1
14:10:31.153 [main] DEBUG o.a.weaver.tools.WeavingAdaptor - 14:10:31.153 main > o.a.w.t.WeavingAdaptor.weaveClass o.a.w.l.ClassLoaderWeavingAdaptor@140e5a13 io/qameta/allure/internal/shadowed/jackson/databind/deser/std/UntypedObjectDeserializer, byte[19256]
14:10:31.154 [main] DEBUG org.aspectj.weaver.bcel.BcelWeaver - 14:10:31.154 main > o.a.w.b.BcelWeaver.weave o.a.w.b.BcelWeaver@48524010 o.a.w.t.WeavingAdaptor$WeavingClassFileProvider@1473b8c0
14:10:31.159 [main] DEBUG org.aspectj.weaver.bcel.BcelWorld - 14:10:31.158 main - o.a.w.b.BcelWorld.lookupJavaClass o.a.w.l.LTWWorld@2b4a2ec7 io.qameta.allure.internal.shadowed.jackson.databind.deser.std.StdDeserializer, o.a.a.b.c.JavaClass@5ca1f591
14:10:31.160 [main] DEBUG org.aspectj.weaver.bcel.BcelWorld - 14:10:31.160 main - o.a.w.b.BcelWorld.lookupJavaClass o.a.w.l.LTWWorld@2b4a2ec7 io.qameta.allure.internal.shadowed.jackson.databind.deser.ResolvableDeserializer, o.a.a.b.c.JavaClass@6075b2d3
14:10:31.161 [main] DEBUG org.aspectj.weaver.bcel.BcelWorld - 14:10:31.161 main - o.a.w.b.BcelWorld.lookupJavaClass o.a.w.l.LTWWorld@2b4a2ec7 io.qameta.allure.internal.shadowed.jackson.databind.deser.ContextualDeserializer, o.a.a.b.c.JavaClass@273842a6
14:10:31.161 [main] DEBUG org.aspectj.weaver.bcel.BcelWeaver - 14:10:31.161 main > o.a.w.b.BcelWeaver.weaveAndNotify o.a.w.b.BcelWeaver@48524010 o.a.w.b.UnwovenClassFile@6a969fb8, o.a.w.b.BcelObjectType@7a18e8d, o.a.w.t.WeavingAdaptor$WeavingClassFileProvider$1@3028e50e
14:10:31.164 [main] DEBUG org.aspectj.weaver.bcel.BcelWorld - 14:10:31.163 main - o.a.w.b.BcelWorld.lookupJavaClass o.a.w.l.LTWWorld@2b4a2ec7 io.qameta.allure.internal.shadowed.jackson.databind.deser.ValueInstantiator$Gettable, o.a.a.b.c.JavaClass@bb095
14:10:31.165 [main] DEBUG org.aspectj.weaver.bcel.BcelWeaver - 14:10:31.165 main < o.a.w.b.BcelWeaver.weaveAndNotify
14:10:31.165 [main] DEBUG org.aspectj.weaver.bcel.BcelWeaver - 14:10:31.165 main < o.a.w.b.BcelWeaver.weave java.util.ArrayList(1)
14:10:31.165 [main] DEBUG o.a.weaver.tools.WeavingAdaptor - 14:10:31.165 main < o.a.w.t.WeavingAdaptor.weaveClass byte[19256]
14:10:31.165 [main] DEBUG org.aspectj.weaver.Dump - 14:10:31.165 main > o.a.w.Dump.dumpOnExit o.a.w.t.WeavingAdaptor$WeavingAdaptorMessageHolder@6a6afff2
14:10:31.165 [main] DEBUG org.aspectj.weaver.Dump - 14:10:31.165 main > o.a.w.Dump.shouldDumpOnExit o.a.w.t.WeavingAdaptor$WeavingAdaptorMessageHolder@6a6afff2
14:10:31.165 [main] DEBUG org.aspectj.weaver.Dump - 14:10:31.165 main - o.a.w.Dump.shouldDumpOnExit abort
14:10:31.165 [main] DEBUG org.aspectj.weaver.Dump - 14:10:31.165 main < o.a.w.Dump.shouldDumpOnExit false
14:10:31.165 [main] DEBUG org.aspectj.weaver.Dump - 14:10:31.165 main < o.a.w.Dump.dumpOnExit Excluded
14:10:31.165 [main] DEBUG org.aspectj.weaver.loadtime.Aj - 14:10:31.165 main < o.a.w.l.Aj.preProcess byte[19256]
14:10:31.167 [main] DEBUG org.aspectj.weaver.loadtime.Aj - 14:10:31.167 main > o.a.w.l.Aj.preProcess o.a.w.l.Aj@b9afc07 io/qameta/allure/internal/shadowed/jackson/databind/deser/ResolvableDeserializer, byte[384], j.i.l.ClassLoaders$AppClassLoader@3cd1a2f1
14:10:31.167 [main] DEBUG org.aspectj.weaver.loadtime.Aj - 14:10:31.167 main - o.a.w.l.Aj.preProcess o.a.w.l.Aj@b9afc07 j.i.l.ClassLoaders$PlatformClassLoader@1ad282e0, j.i.l.ClassLoaders$AppClassLoader@3cd1a2f1
14:10:31.167 [main] DEBUG o.a.weaver.tools.WeavingAdaptor - 14:10:31.167 main > o.a.w.t.WeavingAdaptor.weaveClass o.a.w.l.ClassLoaderWeavingAdaptor@140e5a13 io/qameta/allure/internal/shadowed/jackson/databind/deser/ResolvableDeserializer, byte[384]
14:10:31.167 [main] DEBUG org.aspectj.weaver.bcel.BcelWeaver - 14:10:31.167 main > o.a.w.b.BcelWeaver.weave o.a.w.b.BcelWeaver@48524010 o.a.w.t.WeavingAdaptor$WeavingClassFileProvider@726a17c4
14:10:31.168 [main] DEBUG org.aspectj.weaver.bcel.BcelWeaver - 14:10:31.167 main > o.a.w.b.BcelWeaver.weaveAndNotify o.a.w.b.BcelWeaver@48524010 o.a.w.b.UnwovenClassFile@5dc3fcb7, o.a.w.b.BcelObjectType@c4c0b41, o.a.w.t.WeavingAdaptor$WeavingClassFileProvider$1@76911385
14:10:31.170 [main] DEBUG org.aspectj.weaver.bcel.BcelWeaver - 14:10:31.170 main < o.a.w.b.BcelWeaver.weaveAndNotify
14:10:31.171 [main] DEBUG org.aspectj.weaver.bcel.BcelWeaver - 14:10:31.171 main < o.a.w.b.BcelWeaver.weave java.util.ArrayList(1)
14:10:31.171 [main] DEBUG o.a.weaver.tools.WeavingAdaptor - 14:10:31.171 main < o.a.w.t.WeavingAdaptor.weaveClass byte[384]
14:10:31.171 [main] DEBUG org.aspectj.weaver.Dump - 14:10:31.171 main > o.a.w.Dump.dumpOnExit o.a.w.t.WeavingAdaptor$WeavingAdaptorMessageHolder@6a6afff2
14:10:31.171 [main] DEBUG org.aspectj.weaver.Dump - 14:10:31.171 main > o.a.w.Dump.shouldDumpOnExit o.a.w.t.WeavingAdaptor$WeavingAdaptorMessageHolder@6a6afff2
14:10:31.171 [main] DEBUG org.aspectj.weaver.Dump - 14:10:31.171 main - o.a.w.Dump.shouldDumpOnExit abort
14:10:31.171 [main] DEBUG org.aspectj.weaver.Dump - 14:10:31.171 main < o.a.w.Dump.shouldDumpOnExit false
14:10:31.171 [main] DEBUG org.aspectj.weaver.Dump - 14:10:31.171 main < o.a.w.Dump.dumpOnExit Excluded
14:10:31.171 [main] DEBUG org.aspectj.weaver.loadtime.Aj - 14:10:31.171 main < o.a.w.l.Aj.preProcess byte[384]
14:10:31.172 [main] DEBUG org.aspectj.weaver.loadtime.Aj - 14:10:31.172 main > o.a.w.l.Aj.preProcess o.a.w.l.Aj@b9afc07 io/qameta/allure/internal/shadowed/jackson/databind/deser/ContextualDeserializer, byte[768], j.i.l.ClassLoaders$AppClassLoader@3cd1a2f1
14:10:31.172 [main] DEBUG org.aspectj.weaver.loadtime.Aj - 14:10:31.172 main - o.a.w.l.Aj.preProcess o.a.w.l.Aj@b9afc07 j.i.l.ClassLoaders$PlatformClassLoader@1ad282e0, j.i.l.ClassLoaders$AppClassLoader@3cd1a2f1
14:10:31.172 [main] DEBUG o.a.weaver.tools.WeavingAdaptor - 14:10:31.172 main > o.a.w.t.WeavingAdaptor.weaveClass o.a.w.l.ClassLoaderWeavingAdaptor@140e5a13 io/qameta/allure/internal/shadowed/jackson/databind/deser/ContextualDeserializer, byte[768]
14:10:31.173 [main] DEBUG org.aspectj.weaver.bcel.BcelWeaver - 14:10:31.173 main > o.a.w.b.BcelWeaver.weave o.a.w.b.BcelWeaver@48524010 o.a.w.t.WeavingAdaptor$WeavingClassFileProvider@40ab8a8
14:10:31.173 [main] DEBUG org.aspectj.weaver.bcel.BcelWeaver - 14:10:31.173 main > o.a.w.b.BcelWeaver.weaveAndNotify o.a.w.b.BcelWeaver@48524010 o.a.w.b.UnwovenClassFile@6ff37443, o.a.w.b.BcelObjectType@65cc8228, o.a.w.t.WeavingAdaptor$WeavingClassFileProvider$1@53093491
14:10:31.173 [main] DEBUG org.aspectj.weaver.bcel.BcelWeaver - 14:10:31.173 main < o.a.w.b.BcelWeaver.weaveAndNotify
14:10:31.173 [main] DEBUG org.aspectj.weaver.bcel.BcelWeaver - 14:10:31.173 main < o.a.w.b.BcelWeaver.weave java.util.ArrayList(1)
14:10:31.173 [main] DEBUG o.a.weaver.tools.WeavingAdaptor - 14:10:31.173 main < o.a.w.t.WeavingAdaptor.weaveClass byte[768]
14:10:31.173 [main] DEBUG org.aspectj.weaver.Dump - 14:10:31.173 main > o.a.w.Dump.dumpOnExit o.a.w.t.WeavingAdaptor$WeavingAdaptorMessageHolder@6a6afff2
14:10:31.173 [main] DEBUG org.aspectj.weaver.Dump - 14:10:31.173 main > o.a.w.Dump.shouldDumpOnExit o.a.w.t.WeavingAdaptor$WeavingAdaptorMessageHolder@6a6afff2
14:10:31.173 [main] DEBUG org.aspectj.weaver.Dump - 14:10:31.173 main - o.a.w.Dump.shouldDumpOnExit abort
14:10:31.173 [main] DEBUG org.aspectj.weaver.Dump - 14:10:31.173 main < o.a.w.Dump.shouldDumpOnExit false
14:10:31.173 [main] DEBUG org.aspectj.weaver.Dump - 14:10:31.173 main < o.a.w.Dump.dumpOnExit Excluded
14:10:31.173 [main] DEBUG org.aspectj.weaver.loadtime.Aj - 14:10:31.173 main < o.a.w.l.Aj.preProcess byte[768]
14:10:31.175 [main] DEBUG org.aspectj.weaver.loadtime.Aj - 14:10:31.175 main > o.a.w.l.Aj.preProcess o.a.w.l.Aj@b9afc07 io/qameta/allure/internal/shadowed/jackson/databind/deser/std/StdDeserializer, byte[57910], j.i.l.ClassLoaders$AppClassLoader@3cd1a2f1
14:10:31.175 [main] DEBUG org.aspectj.weaver.loadtime.Aj - 14:10:31.175 main - o.a.w.l.Aj.preProcess o.a.w.l.Aj@b9afc07 j.i.l.ClassLoaders$PlatformClassLoader@1ad282e0, j.i.l.ClassLoaders$AppClassLoader@3cd1a2f1
14:10:31.175 [main] DEBUG o.a.weaver.tools.WeavingAdaptor - 14:10:31.175 main > o.a.w.t.WeavingAdaptor.weaveClass o.a.w.l.ClassLoaderWeavingAdaptor@140e5a13 io/qameta/allure/internal/shadowed/jackson/databind/deser/std/StdDeserializer, byte[57910]
14:10:31.177 [main] DEBUG org.aspectj.weaver.bcel.BcelWeaver - 14:10:31.177 main > o.a.w.b.BcelWeaver.weave o.a.w.b.BcelWeaver@48524010 o.a.w.t.WeavingAdaptor$WeavingClassFileProvider@6dd93a21
14:10:31.177 [main] DEBUG org.aspectj.weaver.bcel.BcelWeaver - 14:10:31.177 main > o.a.w.b.BcelWeaver.weaveAndNotify o.a.w.b.BcelWeaver@48524010 o.a.w.b.UnwovenClassFile@57b9e423, o.a.w.b.BcelObjectType@304a3655, o.a.w.t.WeavingAdaptor$WeavingClassFileProvider$1@368d5c00
14:10:31.183 [main] DEBUG org.aspectj.weaver.bcel.BcelWorld - 14:10:31.183 main - o.a.w.b.BcelWorld.lookupJavaClass o.a.w.l.LTWWorld@2b4a2ec7 io.qameta.allure.internal.shadowed.jackson.databind.deser.ValueInstantiator, o.a.a.b.c.JavaClass@4a3329b9
14:10:31.183 [main] DEBUG org.aspectj.weaver.bcel.BcelWorld - 14:10:31.183 main - o.a.w.b.BcelWorld.lookupJavaClass o.a.w.l.LTWWorld@2b4a2ec7 io.qameta.allure.internal.shadowed.jackson.databind.KeyDeserializer, o.a.a.b.c.JavaClass@239b0f9d
14:10:31.184 [main] DEBUG org.aspectj.weaver.bcel.BcelWorld - 14:10:31.184 main - o.a.w.b.BcelWorld.lookupJavaClass o.a.w.l.LTWWorld@2b4a2ec7 java.util.Date, o.a.a.b.c.JavaClass@45c8d09f
14:10:31.184 [main] DEBUG org.aspectj.weaver.bcel.BcelWorld - 14:10:31.184 main - o.a.w.b.BcelWorld.lookupJavaClass o.a.w.l.LTWWorld@2b4a2ec7 io.qameta.allure.internal.shadowed.jackson.annotation.Nulls, o.a.a.b.c.JavaClass@e044b4a
14:10:31.184 [main] DEBUG org.aspectj.weaver.bcel.BcelWeaver - 14:10:31.184 main < o.a.w.b.BcelWeaver.weaveAndNotify
14:10:31.184 [main] DEBUG org.aspectj.weaver.bcel.BcelWeaver - 14:10:31.184 main < o.a.w.b.BcelWeaver.weave java.util.ArrayList(1)
14:10:31.184 [main] DEBUG o.a.weaver.tools.WeavingAdaptor - 14:10:31.184 main < o.a.w.t.WeavingAdaptor.weaveClass byte[57910]
14:10:31.184 [main] DEBUG org.aspectj.weaver.Dump - 14:10:31.184 main > o.a.w.Dump.dumpOnExit o.a.w.t.WeavingAdaptor$WeavingAdaptorMessageHolder@6a6afff2
14:10:31.184 [main] DEBUG org.aspectj.weaver.Dump - 14:10:31.184 main > o.a.w.Dump.shouldDumpOnExit o.a.w.t.WeavingAdaptor$WeavingAdaptorMessageHolder@6a6afff2
14:10:31.184 [main] DEBUG org.aspectj.weaver.Dump - 14:10:31.184 main - o.a.w.Dump.shouldDumpOnExit abort
14:10:31.184 [main] DEBUG org.aspectj.weaver.Dump - 14:10:31.184 main < o.a.w.Dump.shouldDumpOnExit false
14:10:31.184 [main] DEBUG org.aspectj.weaver.Dump - 14:10:31.184 main < o.a.w.Dump.dumpOnExit Excluded
14:10:31.184 [main] DEBUG org.aspectj.weaver.loadtime.Aj - 14:10:31.184 main < o.a.w.l.Aj.preProcess byte[57910]
14:10:31.187 [main] DEBUG org.aspectj.weaver.loadtime.Aj - 14:10:31.186 main > o.a.w.l.Aj.preProcess o.a.w.l.Aj@b9afc07 io/qameta/allure/internal/shadowed/jackson/databind/deser/ValueInstantiator$Gettable, byte[418], j.i.l.ClassLoaders$AppClassLoader@3cd1a2f1
14:10:31.187 [main] DEBUG org.aspectj.weaver.loadtime.Aj - 14:10:31.187 main - o.a.w.l.Aj.preProcess o.a.w.l.Aj@b9afc07 j.i.l.ClassLoaders$PlatformClassLoader@1ad282e0, j.i.l.ClassLoaders$AppClassLoader@3cd1a2f1
14:10:31.187 [main] DEBUG o.a.weaver.tools.WeavingAdaptor - 14:10:31.187 main > o.a.w.t.WeavingAdaptor.weaveClass o.a.w.l.ClassLoaderWeavingAdaptor@140e5a13 io/qameta/allure/internal/shadowed/jackson/databind/deser/ValueInstantiator$Gettable, byte[418]
14:10:31.187 [main] DEBUG org.aspectj.weaver.bcel.BcelWeaver - 14:10:31.187 main > o.a.w.b.BcelWeaver.weave o.a.w.b.BcelWeaver@48524010 o.a.w.t.WeavingAdaptor$WeavingClassFileProvider@43826ec
14:10:31.187 [main] DEBUG org.aspectj.weaver.bcel.BcelWeaver - 14:10:31.187 main > o.a.w.b.BcelWeaver.weaveAndNotify o.a.w.b.BcelWeaver@48524010 o.a.w.b.UnwovenClassFile@7923f5b3, o.a.w.b.BcelObjectType@6b63d445, o.a.w.t.WeavingAdaptor$WeavingClassFileProvider$1@7578e06a
14:10:31.188 [main] DEBUG org.aspectj.weaver.bcel.BcelWeaver - 14:10:31.188 main < o.a.w.b.BcelWeaver.weaveAndNotify
14:10:31.188 [main] DEBUG org.aspectj.weaver.bcel.BcelWeaver - 14:10:31.188 main < o.a.w.b.BcelWeaver.weave java.util.ArrayList(1)
14:10:31.188 [main] DEBUG o.a.weaver.tools.WeavingAdaptor - 14:10:31.188 main < o.a.w.t.WeavingAdaptor.weaveClass byte[418]
14:10:31.188 [main] DEBUG org.aspectj.weaver.Dump - 14:10:31.188 main > o.a.w.Dump.dumpOnExit o.a.w.t.WeavingAdaptor$WeavingAdaptorMessageHolder@6a6afff2
14:10:31.188 [main] DEBUG org.aspectj.weaver.Dump - 14:10:31.188 main > o.a.w.Dump.shouldDumpOnExit o.a.w.t.WeavingAdaptor$WeavingAdaptorMessageHolder@6a6afff2
14:10:31.188 [main] DEBUG org.aspectj.weaver.Dump - 14:10:31.188 main - o.a.w.Dump.shouldDumpOnExit abort
14:10:31.188 [main] DEBUG org.aspectj.weaver.Dump - 14:10:31.188 main < o.a.w.Dump.shouldDumpOnExit false
14:10:31.188 [main] DEBUG org.aspectj.weaver.Dump - 14:10:31.188 main < o.a.w.Dump.dumpOnExit Excluded
14:10:31.188 [main] DEBUG org.aspectj.weaver.loadtime.Aj - 14:10:31.188 main < o.a.w.l.Aj.preProcess byte[418]
14:10:31.191 [main] DEBUG org.aspectj.weaver.loadtime.Aj - 14:10:31.191 main > o.a.w.l.Aj.preProcess o.a.w.l.Aj@b9afc07 io/qameta/allure/internal/shadowed/jackson/databind/deser/std/StringDeserializer, byte[4875], j.i.l.ClassLoaders$AppClassLoader@3cd1a2f1
14:10:31.191 [main] DEBUG org.aspectj.weaver.loadtime.Aj - 14:10:31.191 main - o.a.w.l.Aj.preProcess o.a.w.l.Aj@b9afc07 j.i.l.ClassLoaders$PlatformClassLoader@1ad282e0, j.i.l.ClassLoaders$AppClassLoader@3cd1a2f1
14:10:31.191 [main] DEBUG o.a.weaver.tools.WeavingAdaptor - 14:10:31.191 main > o.a.w.t.WeavingAdaptor.weaveClass o.a.w.l.ClassLoaderWeavingAdaptor@140e5a13 io/qameta/allure/internal/shadowed/jackson/databind/deser/std/StringDeserializer, byte[4875]
14:10:31.192 [main] DEBUG org.aspectj.weaver.bcel.BcelWeaver - 14:10:31.191 main > o.a.w.b.BcelWeaver.weave o.a.w.b.BcelWeaver@48524010 o.a.w.t.WeavingAdaptor$WeavingClassFileProvider@11a7ba62
14:10:31.193 [main] DEBUG org.aspectj.weaver.bcel.BcelWorld - 14:10:31.193 main - o.a.w.b.BcelWorld.lookupJavaClass o.a.w.l.LTWWorld@2b4a2ec7 io.qameta.allure.internal.shadowed.jackson.databind.deser.std.StdScalarDeserializer, o.a.a.b.c.JavaClass@6050462a
14:10:31.193 [main] DEBUG org.aspectj.weaver.bcel.BcelWeaver - 14:10:31.193 main > o.a.w.b.BcelWeaver.weaveAndNotify o.a.w.b.BcelWeaver@48524010 o.a.w.b.UnwovenClassFile@4c0884e8, o.a.w.b.BcelObjectType@231baf51, o.a.w.t.WeavingAdaptor$WeavingClassFileProvider$1@11841b15
14:10:31.194 [main] DEBUG org.aspectj.weaver.bcel.BcelWeaver - 14:10:31.194 main < o.a.w.b.BcelWeaver.weaveAndNotify
14:10:31.194 [main] DEBUG org.aspectj.weaver.bcel.BcelWeaver - 14:10:31.194 main < o.a.w.b.BcelWeaver.weave java.util.ArrayList(1)
14:10:31.195 [main] DEBUG o.a.weaver.tools.WeavingAdaptor - 14:10:31.194 main < o.a.w.t.WeavingAdaptor.weaveClass byte[4875]
14:10:31.195 [main] DEBUG org.aspectj.weaver.Dump - 14:10:31.195 main > o.a.w.Dump.dumpOnExit o.a.w.t.WeavingAdaptor$WeavingAdaptorMessageHolder@6a6afff2
14:10:31.195 [main] DEBUG org.aspectj.weaver.Dump - 14:10:31.195 main > o.a.w.Dump.shouldDumpOnExit o.a.w.t.WeavingAdaptor$WeavingAdaptorMessageHolder@6a6afff2
14:10:31.195 [main] DEBUG org.aspectj.weaver.Dump - 14:10:31.195 main - o.a.w.Dump.shouldDumpOnExit abort
14:10:31.195 [main] DEBUG org.aspectj.weaver.Dump - 14:10:31.195 main < o.a.w.Dump.shouldDumpOnExit false
14:10:31.195 [main] DEBUG org.aspectj.weaver.Dump - 14:10:31.195 main < o.a.w.Dump.dumpOnExit Excluded
14:10:31.195 [main] DEBUG org.aspectj.weaver.loadtime.Aj - 14:10:31.195 main < o.a.w.l.Aj.preProcess byte[4875]
14:10:31.196 [main] DEBUG org.aspectj.weaver.loadtime.Aj - 14:10:31.196 main > o.a.w.l.Aj.preProcess o.a.w.l.Aj@b9afc07 io/qameta/allure/internal/shadowed/jackson/databind/deser/std/StdScalarDeserializer, byte[4492], j.i.l.ClassLoaders$AppClassLoader@3cd1a2f1
14:10:31.196 [main] DEBUG org.aspectj.weaver.loadtime.Aj - 14:10:31.196 main - o.a.w.l.Aj.preProcess o.a.w.l.Aj@b9afc07 j.i.l.ClassLoaders$PlatformClassLoader@1ad282e0, j.i.l.ClassLoaders$AppClassLoader@3cd1a2f1
14:10:31.196 [main] DEBUG o.a.weaver.tools.WeavingAdaptor - 14:10:31.196 main > o.a.w.t.WeavingAdaptor.weaveClass o.a.w.l.ClassLoaderWeavingAdaptor@140e5a13 io/qameta/allure/internal/shadowed/jackson/databind/deser/std/StdScalarDeserializer, byte[4492]
14:10:31.197 [main] DEBUG org.aspectj.weaver.bcel.BcelWeaver - 14:10:31.197 main > o.a.w.b.BcelWeaver.weave o.a.w.b.BcelWeaver@48524010 o.a.w.t.WeavingAdaptor$WeavingClassFileProvider@7cedfa63
14:10:31.197 [main] DEBUG org.aspectj.weaver.bcel.BcelWeaver - 14:10:31.197 main > o.a.w.b.BcelWeaver.weaveAndNotify o.a.w.b.BcelWeaver@48524010 o.a.w.b.UnwovenClassFile@3e83c18, o.a.w.b.BcelObjectType@783efb48, o.a.w.t.WeavingAdaptor$WeavingClassFileProvider$1@5d235104
14:10:31.198 [main] DEBUG org.aspectj.weaver.bcel.BcelWeaver - 14:10:31.197 main < o.a.w.b.BcelWeaver.weaveAndNotify
14:10:31.198 [main] DEBUG org.aspectj.weaver.bcel.BcelWeaver - 14:10:31.198 main < o.a.w.b.BcelWeaver.weave java.util.ArrayList(1)
14:10:31.198 [main] DEBUG o.a.weaver.tools.WeavingAdaptor - 14:10:31.198 main < o.a.w.t.WeavingAdaptor.weaveClass byte[4492]
14:10:31.198 [main] DEBUG org.aspectj.weaver.Dump - 14:10:31.198 main > o.a.w.Dump.dumpOnExit o.a.w.t.WeavingAdaptor$WeavingAdaptorMessageHolder@6a6afff2
14:10:31.198 [main] DEBUG org.aspectj.weaver.Dump - 14:10:31.198 main > o.a.w.Dump.shouldDumpOnExit o.a.w.t.WeavingAdaptor$WeavingAdaptorMessageHolder@6a6afff2
14:10:31.198 [main] DEBUG org.aspectj.weaver.Dump - 14:10:31.198 main - o.a.w.Dump.shouldDumpOnExit abort
14:10:31.198 [main] DEBUG org.aspectj.weaver.Dump - 14:10:31.198 main < o.a.w.Dump.shouldDumpOnExit false
14:10:31.198 [main] DEBUG org.aspectj.weaver.Dump - 14:10:31.198 main < o.a.w.Dump.dumpOnExit Excluded
14:10:31.198 [main] DEBUG org.aspectj.weaver.loadtime.Aj - 14:10:31.198 main < o.a.w.l.Aj.preProcess byte[4492]
14:10:31.200 [main] DEBUG org.aspectj.weaver.loadtime.Aj - 14:10:31.200 main > o.a.w.l.Aj.preProcess o.a.w.l.Aj@b9afc07 io/qameta/allure/internal/shadowed/jackson/databind/deser/std/MapEntryDeserializer, byte[13945], j.i.l.ClassLoaders$AppClassLoader@3cd1a2f1
14:10:31.200 [main] DEBUG org.aspectj.weaver.loadtime.Aj - 14:10:31.200 main - o.a.w.l.Aj.preProcess o.a.w.l.Aj@b9afc07 j.i.l.ClassLoaders$PlatformClassLoader@1ad282e0, j.i.l.ClassLoaders$AppClassLoader@3cd1a2f1
14:10:31.200 [main] DEBUG o.a.weaver.tools.WeavingAdaptor - 14:10:31.200 main > o.a.w.t.WeavingAdaptor.weaveClass o.a.w.l.ClassLoaderWeavingAdaptor@140e5a13 io/qameta/allure/internal/shadowed/jackson/databind/deser/std/MapEntryDeserializer, byte[13945]
14:10:31.202 [main] DEBUG org.aspectj.weaver.bcel.BcelWeaver - 14:10:31.201 main > o.a.w.b.BcelWeaver.weave o.a.w.b.BcelWeaver@48524010 o.a.w.t.WeavingAdaptor$WeavingClassFileProvider@2b0b4d53
14:10:31.204 [main] DEBUG org.aspectj.weaver.bcel.BcelWorld - 14:10:31.204 main - o.a.w.b.BcelWorld.lookupJavaClass o.a.w.l.LTWWorld@2b4a2ec7 io.qameta.allure.internal.shadowed.jackson.databind.deser.std.ContainerDeserializerBase, o.a.a.b.c.JavaClass@41aaedaa
14:10:31.204 [main] DEBUG org.aspectj.weaver.bcel.BcelWeaver - 14:10:31.204 main > o.a.w.b.BcelWeaver.weaveAndNotify o.a.w.b.BcelWeaver@48524010 o.a.w.b.UnwovenClassFile@303a5119, o.a.w.b.BcelObjectType@75b3673, o.a.w.t.WeavingAdaptor$WeavingClassFileProvider$1@1bcb79c2
14:10:31.206 [main] DEBUG org.aspectj.weaver.bcel.BcelWorld - 14:10:31.206 main - o.a.w.b.BcelWorld.lookupJavaClass o.a.w.l.LTWWorld@2b4a2ec7 java.util.Map$Entry, o.a.a.b.c.JavaClass@71391b3f
14:10:31.206 [main] DEBUG org.aspectj.weaver.bcel.BcelWeaver - 14:10:31.206 main < o.a.w.b.BcelWeaver.weaveAndNotify
14:10:31.206 [main] DEBUG org.aspectj.weaver.bcel.BcelWeaver - 14:10:31.206 main < o.a.w.b.BcelWeaver.weave java.util.ArrayList(1)
14:10:31.206 [main] DEBUG o.a.weaver.tools.WeavingAdaptor - 14:10:31.206 main < o.a.w.t.WeavingAdaptor.weaveClass byte[13945]
14:10:31.206 [main] DEBUG org.aspectj.weaver.Dump - 14:10:31.206 main > o.a.w.Dump.dumpOnExit o.a.w.t.WeavingAdaptor$WeavingAdaptorMessageHolder@6a6afff2
14:10:31.206 [main] DEBUG org.aspectj.weaver.Dump - 14:10:31.206 main > o.a.w.Dump.shouldDumpOnExit o.a.w.t.WeavingAdaptor$WeavingAdaptorMessageHolder@6a6afff2
14:10:31.206 [main] DEBUG org.aspectj.weaver.Dump - 14:10:31.206 main - o.a.w.Dump.shouldDumpOnExit abort
14:10:31.206 [main] DEBUG org.aspectj.weaver.Dump - 14:10:31.206 main < o.a.w.Dump.shouldDumpOnExit false
14:10:31.206 [main] DEBUG org.aspectj.weaver.Dump - 14:10:31.206 main < o.a.w.Dump.dumpOnExit Excluded
14:10:31.206 [main] DEBUG org.aspectj.weaver.loadtime.Aj - 14:10:31.206 main < o.a.w.l.Aj.preProcess byte[13945]
14:10:31.208 [main] DEBUG org.aspectj.weaver.loadtime.Aj - 14:10:31.208 main > o.a.w.l.Aj.preProcess o.a.w.l.Aj@b9afc07 io/qameta/allure/internal/shadowed/jackson/databind/deser/std/ContainerDeserializerBase, byte[8598], j.i.l.ClassLoaders$AppClassLoader@3cd1a2f1
14:10:31.208 [main] DEBUG org.aspectj.weaver.loadtime.Aj - 14:10:31.208 main - o.a.w.l.Aj.preProcess o.a.w.l.Aj@b9afc07 j.i.l.ClassLoaders$PlatformClassLoader@1ad282e0, j.i.l.ClassLoaders$AppClassLoader@3cd1a2f1
14:10:31.208 [main] DEBUG o.a.weaver.tools.WeavingAdaptor - 14:10:31.208 main > o.a.w.t.WeavingAdaptor.weaveClass o.a.w.l.ClassLoaderWeavingAdaptor@140e5a13 io/qameta/allure/internal/shadowed/jackson/databind/deser/std/ContainerDeserializerBase, byte[8598]
14:10:31.209 [main] DEBUG org.aspectj.weaver.bcel.BcelWeaver - 14:10:31.209 main > o.a.w.b.BcelWeaver.weave o.a.w.b.BcelWeaver@48524010 o.a.w.t.WeavingAdaptor$WeavingClassFileProvider@79a1728c
14:10:31.209 [main] DEBUG org.aspectj.weaver.bcel.BcelWeaver - 14:10:31.209 main > o.a.w.b.BcelWeaver.weaveAndNotify o.a.w.b.BcelWeaver@48524010 o.a.w.b.UnwovenClassFile@a7f0ab6, o.a.w.b.BcelObjectType@41f35f7c, o.a.w.t.WeavingAdaptor$WeavingClassFileProvider$1@42c2f48c
14:10:31.213 [main] DEBUG org.aspectj.weaver.bcel.BcelWeaver - 14:10:31.213 main < o.a.w.b.BcelWeaver.weaveAndNotify
14:10:31.213 [main] DEBUG org.aspectj.weaver.bcel.BcelWeaver - 14:10:31.213 main < o.a.w.b.BcelWeaver.weave java.util.ArrayList(1)
14:10:31.213 [main] DEBUG o.a.weaver.tools.WeavingAdaptor - 14:10:31.213 main < o.a.w.t.WeavingAdaptor.weaveClass byte[8598]
14:10:31.213 [main] DEBUG org.aspectj.weaver.Dump - 14:10:31.213 main > o.a.w.Dump.dumpOnExit o.a.w.t.WeavingAdaptor$WeavingAdaptorMessageHolder@6a6afff2
14:10:31.214 [main] DEBUG org.aspectj.weaver.Dump - 14:10:31.213 main > o.a.w.Dump.shouldDumpOnExit o.a.w.t.WeavingAdaptor$WeavingAdaptorMessageHolder@6a6afff2
14:10:31.214 [main] DEBUG org.aspectj.weaver.Dump - 14:10:31.214 main - o.a.w.Dump.shouldDumpOnExit abort
14:10:31.214 [main] DEBUG org.aspectj.weaver.Dump - 14:10:31.214 main < o.a.w.Dump.shouldDumpOnExit false
14:10:31.214 [main] DEBUG org.aspectj.weaver.Dump - 14:10:31.214 main < o.a.w.Dump.dumpOnExit Excluded
14:10:31.214 [main] DEBUG org.aspectj.weaver.loadtime.Aj - 14:10:31.214 main < o.a.w.l.Aj.preProcess byte[8598]
14:10:31.220 [main] DEBUG org.aspectj.weaver.loadtime.Aj - 14:10:31.220 main > o.a.w.l.Aj.preProcess o.a.w.l.Aj@b9afc07 io/qameta/allure/internal/shadowed/jackson/databind/deser/std/TokenBufferDeserializer, byte[2349], j.i.l.ClassLoaders$AppClassLoader@3cd1a2f1
14:10:31.221 [main] DEBUG org.aspectj.weaver.loadtime.Aj - 14:10:31.220 main - o.a.w.l.Aj.preProcess o.a.w.l.Aj@b9afc07 j.i.l.ClassLoaders$PlatformClassLoader@1ad282e0, j.i.l.ClassLoaders$AppClassLoader@3cd1a2f1
14:10:31.221 [main] DEBUG o.a.weaver.tools.WeavingAdaptor - 14:10:31.221 main > o.a.w.t.WeavingAdaptor.weaveClass o.a.w.l.ClassLoaderWeavingAdaptor@140e5a13 io/qameta/allure/internal/shadowed/jackson/databind/deser/std/TokenBufferDeserializer, byte[2349]
14:10:31.221 [main] DEBUG org.aspectj.weaver.bcel.BcelWeaver - 14:10:31.221 main > o.a.w.b.BcelWeaver.weave o.a.w.b.BcelWeaver@48524010 o.a.w.t.WeavingAdaptor$WeavingClassFileProvider@3013909b
14:10:31.236 [main] DEBUG org.aspectj.weaver.bcel.BcelWeaver - 14:10:31.232 main > o.a.w.b.BcelWeaver.weaveAndNotify o.a.w.b.BcelWeaver@48524010 o.a.w.b.UnwovenClassFile@2a49fe, o.a.w.b.BcelObjectType@66596a88, o.a.w.t.WeavingAdaptor$WeavingClassFileProvider$1@5aae8eb5
14:10:31.238 [main] DEBUG org.aspectj.weaver.bcel.BcelWorld - 14:10:31.238 main - o.a.w.b.BcelWorld.lookupJavaClass o.a.w.l.LTWWorld@2b4a2ec7 io.qameta.allure.internal.shadowed.jackson.databind.util.TokenBuffer, o.a.a.b.c.JavaClass@72cf2de5
14:10:31.238 [main] DEBUG org.aspectj.weaver.bcel.BcelWeaver - 14:10:31.238 main < o.a.w.b.BcelWeaver.weaveAndNotify
14:10:31.238 [main] DEBUG org.aspectj.weaver.bcel.BcelWeaver - 14:10:31.238 main < o.a.w.b.BcelWeaver.weave java.util.ArrayList(1)
14:10:31.238 [main] DEBUG o.a.weaver.tools.WeavingAdaptor - 14:10:31.238 main < o.a.w.t.WeavingAdaptor.weaveClass byte[2349]
14:10:31.238 [main] DEBUG org.aspectj.weaver.Dump - 14:10:31.238 main > o.a.w.Dump.dumpOnExit o.a.w.t.WeavingAdaptor$WeavingAdaptorMessageHolder@6a6afff2
14:10:31.238 [main] DEBUG org.aspectj.weaver.Dump - 14:10:31.238 main > o.a.w.Dump.shouldDumpOnExit o.a.w.t.WeavingAdaptor$WeavingAdaptorMessageHolder@6a6afff2
14:10:31.238 [main] DEBUG org.aspectj.weaver.Dump - 14:10:31.238 main - o.a.w.Dump.shouldDumpOnExit abort
14:10:31.238 [main] DEBUG org.aspectj.weaver.Dump - 14:10:31.238 main < o.a.w.Dump.shouldDumpOnExit false
14:10:31.238 [main] DEBUG org.aspectj.weaver.Dump - 14:10:31.238 main < o.a.w.Dump.dumpOnExit Excluded
14:10:31.238 [main] DEBUG org.aspectj.weaver.loadtime.Aj - 14:10:31.238 main < o.a.w.l.Aj.preProcess byte[2349]
14:10:31.241 [main] DEBUG org.aspectj.weaver.loadtime.Aj - 14:10:31.241 main > o.a.w.l.Aj.preProcess o.a.w.l.Aj@b9afc07 io/qameta/allure/internal/shadowed/jackson/databind/deser/AbstractDeserializer, byte[17828], j.i.l.ClassLoaders$AppClassLoader@3cd1a2f1
14:10:31.243 [main] DEBUG org.aspectj.weaver.loadtime.Aj - 14:10:31.243 main - o.a.w.l.Aj.preProcess o.a.w.l.Aj@b9afc07 j.i.l.ClassLoaders$PlatformClassLoader@1ad282e0, j.i.l.ClassLoaders$AppClassLoader@3cd1a2f1
14:10:31.244 [main] DEBUG o.a.weaver.tools.WeavingAdaptor - 14:10:31.243 main > o.a.w.t.WeavingAdaptor.weaveClass o.a.w.l.ClassLoaderWeavingAdaptor@140e5a13 io/qameta/allure/internal/shadowed/jackson/databind/deser/AbstractDeserializer, byte[17828]
14:10:31.244 [main] DEBUG org.aspectj.weaver.bcel.BcelWeaver - 14:10:31.244 main > o.a.w.b.BcelWeaver.weave o.a.w.b.BcelWeaver@48524010 o.a.w.t.WeavingAdaptor$WeavingClassFileProvider@7bef452c
14:10:31.244 [main] DEBUG org.aspectj.weaver.bcel.BcelWeaver - 14:10:31.244 main > o.a.w.b.BcelWeaver.weaveAndNotify o.a.w.b.BcelWeaver@48524010 o.a.w.b.UnwovenClassFile@4bb8855f, o.a.w.b.BcelObjectType@57fae983, o.a.w.t.WeavingAdaptor$WeavingClassFileProvider$1@4a29f290
14:10:31.246 [main] DEBUG org.aspectj.weaver.bcel.BcelWeaver - 14:10:31.246 main < o.a.w.b.BcelWeaver.weaveAndNotify
14:10:31.246 [main] DEBUG org.aspectj.weaver.bcel.BcelWeaver - 14:10:31.246 main < o.a.w.b.BcelWeaver.weave java.util.ArrayList(1)
14:10:31.246 [main] DEBUG o.a.weaver.tools.WeavingAdaptor - 14:10:31.246 main < o.a.w.t.WeavingAdaptor.weaveClass byte[17828]
14:10:31.247 [main] DEBUG org.aspectj.weaver.Dump - 14:10:31.246 main > o.a.w.Dump.dumpOnExit o.a.w.t.WeavingAdaptor$WeavingAdaptorMessageHolder@6a6afff2
14:10:31.247 [main] DEBUG org.aspectj.weaver.Dump - 14:10:31.247 main > o.a.w.Dump.shouldDumpOnExit o.a.w.t.WeavingAdaptor$WeavingAdaptorMessageHolder@6a6afff2
14:10:31.247 [main] DEBUG org.aspectj.weaver.Dump - 14:10:31.247 main - o.a.w.Dump.shouldDumpOnExit abort
14:10:31.247 [main] DEBUG org.aspectj.weaver.Dump - 14:10:31.247 main < o.a.w.Dump.shouldDumpOnExit false
14:10:31.247 [main] DEBUG org.aspectj.weaver.Dump - 14:10:31.247 main < o.a.w.Dump.dumpOnExit Excluded
14:10:31.247 [main] DEBUG org.aspectj.weaver.loadtime.Aj - 14:10:31.247 main < o.a.w.l.Aj.preProcess byte[17828]
14:10:31.252 [main] DEBUG org.aspectj.weaver.loadtime.Aj - 14:10:31.252 main > o.a.w.l.Aj.preProcess o.a.w.l.Aj@b9afc07 io/qameta/allure/internal/shadowed/jackson/databind/deser/std/EnumDeserializer, byte[16551], j.i.l.ClassLoaders$AppClassLoader@3cd1a2f1
14:10:31.252 [main] DEBUG org.aspectj.weaver.loadtime.Aj - 14:10:31.252 main - o.a.w.l.Aj.preProcess o.a.w.l.Aj@b9afc07 j.i.l.ClassLoaders$PlatformClassLoader@1ad282e0, j.i.l.ClassLoaders$AppClassLoader@3cd1a2f1
14:10:31.252 [main] DEBUG o.a.weaver.tools.WeavingAdaptor - 14:10:31.252 main > o.a.w.t.WeavingAdaptor.weaveClass o.a.w.l.ClassLoaderWeavingAdaptor@140e5a13 io/qameta/allure/internal/shadowed/jackson/databind/deser/std/EnumDeserializer, byte[16551]
14:10:31.253 [main] DEBUG org.aspectj.weaver.bcel.BcelWeaver - 14:10:31.253 main > o.a.w.b.BcelWeaver.weave o.a.w.b.BcelWeaver@48524010 o.a.w.t.WeavingAdaptor$WeavingClassFileProvider@6272c96f
14:10:31.253 [main] DEBUG org.aspectj.weaver.bcel.BcelWeaver - 14:10:31.253 main > o.a.w.b.BcelWeaver.weaveAndNotify o.a.w.b.BcelWeaver@48524010 o.a.w.b.UnwovenClassFile@6de30571, o.a.w.b.BcelObjectType@5ee34b1b, o.a.w.t.WeavingAdaptor$WeavingClassFileProvider$1@3c89bb12
14:10:31.256 [main] DEBUG org.aspectj.weaver.bcel.BcelWorld - 14:10:31.256 main - o.a.w.b.BcelWorld.lookupJavaClass o.a.w.l.LTWWorld@2b4a2ec7 io.qameta.allure.internal.shadowed.jackson.databind.util.CompactStringObjectMap, o.a.a.b.c.JavaClass@1763992e
14:10:31.258 [main] DEBUG org.aspectj.weaver.bcel.BcelWeaver - 14:10:31.258 main < o.a.w.b.BcelWeaver.weaveAndNotify
14:10:31.258 [main] DEBUG org.aspectj.weaver.bcel.BcelWeaver - 14:10:31.258 main < o.a.w.b.BcelWeaver.weave java.util.ArrayList(1)
14:10:31.258 [main] DEBUG o.a.weaver.tools.WeavingAdaptor - 14:10:31.258 main < o.a.w.t.WeavingAdaptor.weaveClass byte[16551]
14:10:31.258 [main] DEBUG org.aspectj.weaver.Dump - 14:10:31.258 main > o.a.w.Dump.dumpOnExit o.a.w.t.WeavingAdaptor$WeavingAdaptorMessageHolder@6a6afff2
14:10:31.258 [main] DEBUG org.aspectj.weaver.Dump - 14:10:31.258 main > o.a.w.Dump.shouldDumpOnExit o.a.w.t.WeavingAdaptor$WeavingAdaptorMessageHolder@6a6afff2
14:10:31.258 [main] DEBUG org.aspectj.weaver.Dump - 14:10:31.258 main - o.a.w.Dump.shouldDumpOnExit abort
14:10:31.258 [main] DEBUG org.aspectj.weaver.Dump - 14:10:31.258 main < o.a.w.Dump.shouldDumpOnExit false
14:10:31.258 [main] DEBUG org.aspectj.weaver.Dump - 14:10:31.258 main < o.a.w.Dump.dumpOnExit Excluded
14:10:31.261 [main] DEBUG org.aspectj.weaver.loadtime.Aj - 14:10:31.261 main < o.a.w.l.Aj.preProcess byte[16551]
14:10:31.265 [main] DEBUG org.aspectj.weaver.loadtime.Aj - 14:10:31.265 main > o.a.w.l.Aj.preProcess o.a.w.l.Aj@b9afc07 io/qameta/allure/internal/shadowed/jackson/databind/deser/std/EnumMapDeserializer, byte[22569], j.i.l.ClassLoaders$AppClassLoader@3cd1a2f1
14:10:31.265 [main] DEBUG org.aspectj.weaver.loadtime.Aj - 14:10:31.265 main - o.a.w.l.Aj.preProcess o.a.w.l.Aj@b9afc07 j.i.l.ClassLoaders$PlatformClassLoader@1ad282e0, j.i.l.ClassLoaders$AppClassLoader@3cd1a2f1
14:10:31.265 [main] DEBUG o.a.weaver.tools.WeavingAdaptor - 14:10:31.265 main > o.a.w.t.WeavingAdaptor.weaveClass o.a.w.l.ClassLoaderWeavingAdaptor@140e5a13 io/qameta/allure/internal/shadowed/jackson/databind/deser/std/EnumMapDeserializer, byte[22569]
14:10:31.266 [main] DEBUG org.aspectj.weaver.bcel.BcelWeaver - 14:10:31.265 main > o.a.w.b.BcelWeaver.weave o.a.w.b.BcelWeaver@48524010 o.a.w.t.WeavingAdaptor$WeavingClassFileProvider@47f08b81
14:10:31.266 [main] DEBUG org.aspectj.weaver.bcel.BcelWeaver - 14:10:31.266 main > o.a.w.b.BcelWeaver.weaveAndNotify o.a.w.b.BcelWeaver@48524010 o.a.w.b.UnwovenClassFile@b9dfc5a, o.a.w.b.BcelObjectType@2787de58, o.a.w.t.WeavingAdaptor$WeavingClassFileProvider$1@659a2455
14:10:31.280 [main] DEBUG org.aspectj.weaver.bcel.BcelWorld - 14:10:31.280 main - o.a.w.b.BcelWorld.lookupJavaClass o.a.w.l.LTWWorld@2b4a2ec7 java.util.EnumMap, o.a.a.b.c.JavaClass@54afd745
14:10:31.280 [main] DEBUG org.aspectj.weaver.bcel.BcelWeaver - 14:10:31.280 main < o.a.w.b.BcelWeaver.weaveAndNotify
14:10:31.280 [main] DEBUG org.aspectj.weaver.bcel.BcelWeaver - 14:10:31.280 main < o.a.w.b.BcelWeaver.weave java.util.ArrayList(1)
14:10:31.280 [main] DEBUG o.a.weaver.tools.WeavingAdaptor - 14:10:31.280 main < o.a.w.t.WeavingAdaptor.weaveClass byte[22569]
14:10:31.281 [main] DEBUG org.aspectj.weaver.Dump - 14:10:31.281 main > o.a.w.Dump.dumpOnExit o.a.w.t.WeavingAdaptor$WeavingAdaptorMessageHolder@6a6afff2
14:10:31.281 [main] DEBUG org.aspectj.weaver.Dump - 14:10:31.281 main > o.a.w.Dump.shouldDumpOnExit o.a.w.t.WeavingAdaptor$WeavingAdaptorMessageHolder@6a6afff2
14:10:31.281 [main] DEBUG org.aspectj.weaver.Dump - 14:10:31.281 main - o.a.w.Dump.shouldDumpOnExit abort
14:10:31.281 [main] DEBUG org.aspectj.weaver.Dump - 14:10:31.281 main < o.a.w.Dump.shouldDumpOnExit false
14:10:31.281 [main] DEBUG org.aspectj.weaver.Dump - 14:10:31.281 main < o.a.w.Dump.dumpOnExit Excluded
14:10:31.281 [main] DEBUG org.aspectj.weaver.loadtime.Aj - 14:10:31.281 main < o.a.w.l.Aj.preProcess byte[22569]
14:10:31.284 [main] DEBUG org.aspectj.weaver.loadtime.Aj - 14:10:31.284 main > o.a.w.l.Aj.preProcess o.a.w.l.Aj@b9afc07 io/qameta/allure/internal/shadowed/jackson/databind/deser/std/MapDeserializer, byte[35602], j.i.l.ClassLoaders$AppClassLoader@3cd1a2f1
14:10:31.285 [main] DEBUG org.aspectj.weaver.loadtime.Aj - 14:10:31.284 main - o.a.w.l.Aj.preProcess o.a.w.l.Aj@b9afc07 j.i.l.ClassLoaders$PlatformClassLoader@1ad282e0, j.i.l.ClassLoaders$AppClassLoader@3cd1a2f1
14:10:31.285 [main] DEBUG o.a.weaver.tools.WeavingAdaptor - 14:10:31.285 main > o.a.w.t.WeavingAdaptor.weaveClass o.a.w.l.ClassLoaderWeavingAdaptor@140e5a13 io/qameta/allure/internal/shadowed/jackson/databind/deser/std/MapDeserializer, byte[35602]
14:10:31.286 [main] DEBUG org.aspectj.weaver.bcel.BcelWeaver - 14:10:31.286 main > o.a.w.b.BcelWeaver.weave o.a.w.b.BcelWeaver@48524010 o.a.w.t.WeavingAdaptor$WeavingClassFileProvider@1bc425e7
14:10:31.286 [main] DEBUG org.aspectj.weaver.bcel.BcelWeaver - 14:10:31.286 main > o.a.w.b.BcelWeaver.weaveAndNotify o.a.w.b.BcelWeaver@48524010 o.a.w.b.UnwovenClassFile@4b2a30d, o.a.w.b.BcelObjectType@322803db, o.a.w.t.WeavingAdaptor$WeavingClassFileProvider$1@56ba8773
14:10:31.289 [main] DEBUG org.aspectj.weaver.bcel.BcelWorld - 14:10:31.289 main - o.a.w.b.BcelWorld.lookupJavaClass o.a.w.l.LTWWorld@2b4a2ec7 java.util.Set, o.a.a.b.c.JavaClass@3f6b0be5
14:10:31.290 [main] DEBUG org.aspectj.weaver.bcel.BcelWorld - 14:10:31.290 main - o.a.w.b.BcelWorld.lookupJavaClass o.a.w.l.LTWWorld@2b4a2ec7 io.qameta.allure.internal.shadowed.jackson.databind.deser.std.MapDeserializer$MapReferringAccumulator, o.a.a.b.c.JavaClass@6f952d6c
14:10:31.291 [main] DEBUG org.aspectj.weaver.bcel.BcelWeaver - 14:10:31.291 main < o.a.w.b.BcelWeaver.weaveAndNotify
14:10:31.291 [main] DEBUG org.aspectj.weaver.bcel.BcelWeaver - 14:10:31.291 main < o.a.w.b.BcelWeaver.weave java.util.ArrayList(1)
14:10:31.291 [main] DEBUG o.a.weaver.tools.WeavingAdaptor - 14:10:31.291 main < o.a.w.t.WeavingAdaptor.weaveClass byte[35602]
14:10:31.291 [main] DEBUG org.aspectj.weaver.Dump - 14:10:31.291 main > o.a.w.Dump.dumpOnExit o.a.w.t.WeavingAdaptor$WeavingAdaptorMessageHolder@6a6afff2
14:10:31.291 [main] DEBUG org.aspectj.weaver.Dump - 14:10:31.291 main > o.a.w.Dump.shouldDumpOnExit o.a.w.t.WeavingAdaptor$WeavingAdaptorMessageHolder@6a6afff2
14:10:31.291 [main] DEBUG org.aspectj.weaver.Dump - 14:10:31.291 main - o.a.w.Dump.shouldDumpOnExit abort
14:10:31.291 [main] DEBUG org.aspectj.weaver.Dump - 14:10:31.291 main < o.a.w.Dump.shouldDumpOnExit false
14:10:31.291 [main] DEBUG org.aspectj.weaver.Dump - 14:10:31.291 main < o.a.w.Dump.dumpOnExit Excluded
14:10:31.291 [main] DEBUG org.aspectj.weaver.loadtime.Aj - 14:10:31.291 main < o.a.w.l.Aj.preProcess byte[35602]
14:10:31.297 [main] DEBUG org.aspectj.weaver.loadtime.Aj - 14:10:31.296 main > o.a.w.l.Aj.preProcess o.a.w.l.Aj@b9afc07 io/qameta/allure/internal/shadowed/jackson/databind/deser/std/EnumSetDeserializer, byte[14633], j.i.l.ClassLoaders$AppClassLoader@3cd1a2f1
14:10:31.297 [main] DEBUG org.aspectj.weaver.loadtime.Aj - 14:10:31.297 main - o.a.w.l.Aj.preProcess o.a.w.l.Aj@b9afc07 j.i.l.ClassLoaders$PlatformClassLoader@1ad282e0, j.i.l.ClassLoaders$AppClassLoader@3cd1a2f1
14:10:31.297 [main] DEBUG o.a.weaver.tools.WeavingAdaptor - 14:10:31.297 main > o.a.w.t.WeavingAdaptor.weaveClass o.a.w.l.ClassLoaderWeavingAdaptor@140e5a13 io/qameta/allure/internal/shadowed/jackson/databind/deser/std/EnumSetDeserializer, byte[14633]
14:10:31.297 [main] DEBUG org.aspectj.weaver.bcel.BcelWeaver - 14:10:31.297 main > o.a.w.b.BcelWeaver.weave o.a.w.b.BcelWeaver@48524010 o.a.w.t.WeavingAdaptor$WeavingClassFileProvider@4c98a6d5
14:10:31.297 [main] DEBUG org.aspectj.weaver.bcel.BcelWeaver - 14:10:31.297 main > o.a.w.b.BcelWeaver.weaveAndNotify o.a.w.b.BcelWeaver@48524010 o.a.w.b.UnwovenClassFile@392a04e7, o.a.w.b.BcelObjectType@7f02251, o.a.w.t.WeavingAdaptor$WeavingClassFileProvider$1@dffa30b
14:10:31.298 [main] DEBUG org.aspectj.weaver.bcel.BcelWorld - 14:10:31.298 main - o.a.w.b.BcelWorld.lookupJavaClass o.a.w.l.LTWWorld@2b4a2ec7 java.util.EnumSet, o.a.a.b.c.JavaClass@10027fc9
14:10:31.299 [main] DEBUG org.aspectj.weaver.bcel.BcelWeaver - 14:10:31.299 main < o.a.w.b.BcelWeaver.weaveAndNotify
14:10:31.299 [main] DEBUG org.aspectj.weaver.bcel.BcelWeaver - 14:10:31.299 main < o.a.w.b.BcelWeaver.weave java.util.ArrayList(1)
14:10:31.299 [main] DEBUG o.a.weaver.tools.WeavingAdaptor - 14:10:31.299 main < o.a.w.t.WeavingAdaptor.weaveClass byte[14633]
14:10:31.299 [main] DEBUG org.aspectj.weaver.Dump - 14:10:31.299 main > o.a.w.Dump.dumpOnExit o.a.w.t.WeavingAdaptor$WeavingAdaptorMessageHolder@6a6afff2
14:10:31.299 [main] DEBUG org.aspectj.weaver.Dump - 14:10:31.299 main > o.a.w.Dump.shouldDumpOnExit o.a.w.t.WeavingAdaptor$WeavingAdaptorMessageHolder@6a6afff2
14:10:31.299 [main] DEBUG org.aspectj.weaver.Dump - 14:10:31.299 main - o.a.w.Dump.shouldDumpOnExit abort
14:10:31.299 [main] DEBUG org.aspectj.weaver.Dump - 14:10:31.299 main < o.a.w.Dump.shouldDumpOnExit false
14:10:31.299 [main] DEBUG org.aspectj.weaver.Dump - 14:10:31.299 main < o.a.w.Dump.dumpOnExit Excluded
14:10:31.299 [main] DEBUG org.aspectj.weaver.loadtime.Aj - 14:10:31.299 main < o.a.w.l.Aj.preProcess byte[14633]
14:10:31.302 [main] DEBUG org.aspectj.weaver.loadtime.Aj - 14:10:31.302 main > o.a.w.l.Aj.preProcess o.a.w.l.Aj@b9afc07 io/qameta/allure/internal/shadowed/jackson/databind/deser/std/ArrayBlockingQueueDeserializer, byte[7130], j.i.l.ClassLoaders$AppClassLoader@3cd1a2f1
14:10:31.302 [main] DEBUG org.aspectj.weaver.loadtime.Aj - 14:10:31.302 main - o.a.w.l.Aj.preProcess o.a.w.l.Aj@b9afc07 j.i.l.ClassLoaders$PlatformClassLoader@1ad282e0, j.i.l.ClassLoaders$AppClassLoader@3cd1a2f1
14:10:31.302 [main] DEBUG o.a.weaver.tools.WeavingAdaptor - 14:10:31.302 main > o.a.w.t.WeavingAdaptor.weaveClass o.a.w.l.ClassLoaderWeavingAdaptor@140e5a13 io/qameta/allure/internal/shadowed/jackson/databind/deser/std/ArrayBlockingQueueDeserializer, byte[7130]
14:10:31.303 [main] DEBUG org.aspectj.weaver.bcel.BcelWeaver - 14:10:31.303 main > o.a.w.b.BcelWeaver.weave o.a.w.b.BcelWeaver@48524010 o.a.w.t.WeavingAdaptor$WeavingClassFileProvider@7b2a3ff8
14:10:31.305 [main] DEBUG org.aspectj.weaver.bcel.BcelWorld - 14:10:31.305 main - o.a.w.b.BcelWorld.lookupJavaClass o.a.w.l.LTWWorld@2b4a2ec7 io.qameta.allure.internal.shadowed.jackson.databind.deser.std.CollectionDeserializer, o.a.a.b.c.JavaClass@5cf87cfd
14:10:31.305 [main] DEBUG org.aspectj.weaver.bcel.BcelWeaver - 14:10:31.305 main > o.a.w.b.BcelWeaver.weaveAndNotify o.a.w.b.BcelWeaver@48524010 o.a.w.b.UnwovenClassFile@76075d65, o.a.w.b.BcelObjectType@3a4ba480, o.a.w.t.WeavingAdaptor$WeavingClassFileProvider$1@27b71f50
14:10:31.306 [main] DEBUG org.aspectj.weaver.bcel.BcelWeaver - 14:10:31.306 main < o.a.w.b.BcelWeaver.weaveAndNotify
14:10:31.306 [main] DEBUG org.aspectj.weaver.bcel.BcelWeaver - 14:10:31.306 main < o.a.w.b.BcelWeaver.weave java.util.ArrayList(1)
14:10:31.306 [main] DEBUG o.a.weaver.tools.WeavingAdaptor - 14:10:31.306 main < o.a.w.t.WeavingAdaptor.weaveClass byte[7130]
14:10:31.306 [main] DEBUG org.aspectj.weaver.Dump - 14:10:31.306 main > o.a.w.Dump.dumpOnExit o.a.w.t.WeavingAdaptor$WeavingAdaptorMessageHolder@6a6afff2
14:10:31.306 [main] DEBUG org.aspectj.weaver.Dump - 14:10:31.306 main > o.a.w.Dump.shouldDumpOnExit o.a.w.t.WeavingAdaptor$WeavingAdaptorMessageHolder@6a6afff2
14:10:31.306 [main] DEBUG org.aspectj.weaver.Dump - 14:10:31.306 main - o.a.w.Dump.shouldDumpOnExit abort
14:10:31.306 [main] DEBUG org.aspectj.weaver.Dump - 14:10:31.306 main < o.a.w.Dump.shouldDumpOnExit false
14:10:31.306 [main] DEBUG org.aspectj.weaver.Dump - 14:10:31.306 main < o.a.w.Dump.dumpOnExit Excluded
14:10:31.307 [main] DEBUG org.aspectj.weaver.loadtime.Aj - 14:10:31.306 main < o.a.w.l.Aj.preProcess byte[7130]
14:10:31.311 [main] DEBUG org.aspectj.weaver.loadtime.Aj - 14:10:31.311 main > o.a.w.l.Aj.preProcess o.a.w.l.Aj@b9afc07 io/qameta/allure/internal/shadowed/jackson/databind/deser/std/CollectionDeserializer, byte[22344], j.i.l.ClassLoaders$AppClassLoader@3cd1a2f1
14:10:31.311 [main] DEBUG org.aspectj.weaver.loadtime.Aj - 14:10:31.311 main - o.a.w.l.Aj.preProcess o.a.w.l.Aj@b9afc07 j.i.l.ClassLoaders$PlatformClassLoader@1ad282e0, j.i.l.ClassLoaders$AppClassLoader@3cd1a2f1
14:10:31.311 [main] DEBUG o.a.weaver.tools.WeavingAdaptor - 14:10:31.311 main > o.a.w.t.WeavingAdaptor.weaveClass o.a.w.l.ClassLoaderWeavingAdaptor@140e5a13 io/qameta/allure/internal/shadowed/jackson/databind/deser/std/CollectionDeserializer, byte[22344]
14:10:31.312 [main] DEBUG org.aspectj.weaver.bcel.BcelWeaver - 14:10:31.312 main > o.a.w.b.BcelWeaver.weave o.a.w.b.BcelWeaver@48524010 o.a.w.t.WeavingAdaptor$WeavingClassFileProvider@29fc1a2b
14:10:31.312 [main] DEBUG org.aspectj.weaver.bcel.BcelWeaver - 14:10:31.312 main > o.a.w.b.BcelWeaver.weaveAndNotify o.a.w.b.BcelWeaver@48524010 o.a.w.b.UnwovenClassFile@4d0b0fd4, o.a.w.b.BcelObjectType@7a24eb3, o.a.w.t.WeavingAdaptor$WeavingClassFileProvider$1@6c37bd27
14:10:31.314 [main] DEBUG org.aspectj.weaver.bcel.BcelWeaver - 14:10:31.314 main < o.a.w.b.BcelWeaver.weaveAndNotify
14:10:31.314 [main] DEBUG org.aspectj.weaver.bcel.BcelWeaver - 14:10:31.314 main < o.a.w.b.BcelWeaver.weave java.util.ArrayList(1)
14:10:31.315 [main] DEBUG o.a.weaver.tools.WeavingAdaptor - 14:10:31.315 main < o.a.w.t.WeavingAdaptor.weaveClass byte[22344]
14:10:31.315 [main] DEBUG org.aspectj.weaver.Dump - 14:10:31.315 main > o.a.w.Dump.dumpOnExit o.a.w.t.WeavingAdaptor$WeavingAdaptorMessageHolder@6a6afff2
14:10:31.315 [main] DEBUG org.aspectj.weaver.Dump - 14:10:31.315 main > o.a.w.Dump.shouldDumpOnExit o.a.w.t.WeavingAdaptor$WeavingAdaptorMessageHolder@6a6afff2
14:10:31.315 [main] DEBUG org.aspectj.weaver.Dump - 14:10:31.315 main - o.a.w.Dump.shouldDumpOnExit abort
14:10:31.315 [main] DEBUG org.aspectj.weaver.Dump - 14:10:31.315 main < o.a.w.Dump.shouldDumpOnExit false
14:10:31.315 [main] DEBUG org.aspectj.weaver.Dump - 14:10:31.315 main < o.a.w.Dump.dumpOnExit Excluded
14:10:31.315 [main] DEBUG org.aspectj.weaver.loadtime.Aj - 14:10:31.315 main < o.a.w.l.Aj.preProcess byte[22344]
14:10:31.318 [main] DEBUG org.aspectj.weaver.loadtime.Aj - 14:10:31.318 main > o.a.w.l.Aj.preProcess o.a.w.l.Aj@b9afc07 io/qameta/allure/internal/shadowed/jackson/databind/deser/std/StringCollectionDeserializer, byte[16330], j.i.l.ClassLoaders$AppClassLoader@3cd1a2f1
14:10:31.318 [main] DEBUG org.aspectj.weaver.loadtime.Aj - 14:10:31.318 main - o.a.w.l.Aj.preProcess o.a.w.l.Aj@b9afc07 j.i.l.ClassLoaders$PlatformClassLoader@1ad282e0, j.i.l.ClassLoaders$AppClassLoader@3cd1a2f1
14:10:31.318 [main] DEBUG o.a.weaver.tools.WeavingAdaptor - 14:10:31.318 main > o.a.w.t.WeavingAdaptor.weaveClass o.a.w.l.ClassLoaderWeavingAdaptor@140e5a13 io/qameta/allure/internal/shadowed/jackson/databind/deser/std/StringCollectionDeserializer, byte[16330]
14:10:31.319 [main] DEBUG org.aspectj.weaver.bcel.BcelWeaver - 14:10:31.319 main > o.a.w.b.BcelWeaver.weave o.a.w.b.BcelWeaver@48524010 o.a.w.t.WeavingAdaptor$WeavingClassFileProvider@4a9486c0
14:10:31.319 [main] DEBUG org.aspectj.weaver.bcel.BcelWeaver - 14:10:31.319 main > o.a.w.b.BcelWeaver.weaveAndNotify o.a.w.b.BcelWeaver@48524010 o.a.w.b.UnwovenClassFile@4c27d39d, o.a.w.b.BcelObjectType@40ee0a22, o.a.w.t.WeavingAdaptor$WeavingClassFileProvider$1@7bde1f3a
14:10:31.327 [main] DEBUG org.aspectj.weaver.bcel.BcelWeaver - 14:10:31.327 main < o.a.w.b.BcelWeaver.weaveAndNotify
14:10:31.327 [main] DEBUG org.aspectj.weaver.bcel.BcelWeaver - 14:10:31.327 main < o.a.w.b.BcelWeaver.weave java.util.ArrayList(1)
14:10:31.327 [main] DEBUG o.a.weaver.tools.WeavingAdaptor - 14:10:31.327 main < o.a.w.t.WeavingAdaptor.weaveClass byte[16330]
14:10:31.327 [main] DEBUG org.aspectj.weaver.Dump - 14:10:31.327 main > o.a.w.Dump.dumpOnExit o.a.w.t.WeavingAdaptor$WeavingAdaptorMessageHolder@6a6afff2
14:10:31.327 [main] DEBUG org.aspectj.weaver.Dump - 14:10:31.327 main > o.a.w.Dump.shouldDumpOnExit o.a.w.t.WeavingAdaptor$WeavingAdaptorMessageHolder@6a6afff2
14:10:31.327 [main] DEBUG org.aspectj.weaver.Dump - 14:10:31.327 main - o.a.w.Dump.shouldDumpOnExit abort
14:10:31.327 [main] DEBUG org.aspectj.weaver.Dump - 14:10:31.327 main < o.a.w.Dump.shouldDumpOnExit false
14:10:31.327 [main] DEBUG org.aspectj.weaver.Dump - 14:10:31.327 main < o.a.w.Dump.dumpOnExit Excluded
14:10:31.327 [main] DEBUG org.aspectj.weaver.loadtime.Aj - 14:10:31.327 main < o.a.w.l.Aj.preProcess byte[16330]
14:10:31.336 [main] DEBUG org.aspectj.weaver.loadtime.Aj - 14:10:31.336 main > o.a.w.l.Aj.preProcess o.a.w.l.Aj@b9afc07 io/qameta/allure/internal/shadowed/jackson/databind/deser/std/AtomicReferenceDeserializer, byte[5789], j.i.l.ClassLoaders$AppClassLoader@3cd1a2f1
14:10:31.337 [main] DEBUG org.aspectj.weaver.loadtime.Aj - 14:10:31.337 main - o.a.w.l.Aj.preProcess o.a.w.l.Aj@b9afc07 j.i.l.ClassLoaders$PlatformClassLoader@1ad282e0, j.i.l.ClassLoaders$AppClassLoader@3cd1a2f1
14:10:31.337 [main] DEBUG o.a.weaver.tools.WeavingAdaptor - 14:10:31.337 main > o.a.w.t.WeavingAdaptor.weaveClass o.a.w.l.ClassLoaderWeavingAdaptor@140e5a13 io/qameta/allure/internal/shadowed/jackson/databind/deser/std/AtomicReferenceDeserializer, byte[5789]
14:10:31.337 [main] DEBUG org.aspectj.weaver.bcel.BcelWeaver - 14:10:31.337 main > o.a.w.b.BcelWeaver.weave o.a.w.b.BcelWeaver@48524010 o.a.w.t.WeavingAdaptor$WeavingClassFileProvider@629f066f
14:10:31.339 [main] DEBUG org.aspectj.weaver.bcel.BcelWorld - 14:10:31.339 main - o.a.w.b.BcelWorld.lookupJavaClass o.a.w.l.LTWWorld@2b4a2ec7 io.qameta.allure.internal.shadowed.jackson.databind.deser.std.ReferenceTypeDeserializer, o.a.a.b.c.JavaClass@20ed3303
14:10:31.339 [main] DEBUG org.aspectj.weaver.bcel.BcelWeaver - 14:10:31.339 main > o.a.w.b.BcelWeaver.weaveAndNotify o.a.w.b.BcelWeaver@48524010 o.a.w.b.UnwovenClassFile@3adbe50f, o.a.w.b.BcelObjectType@3a627c80, o.a.w.t.WeavingAdaptor$WeavingClassFileProvider$1@49aa766b
14:10:31.340 [main] DEBUG org.aspectj.weaver.bcel.BcelWorld - 14:10:31.340 main - o.a.w.b.BcelWorld.lookupJavaClass o.a.w.l.LTWWorld@2b4a2ec7 java.util.concurrent.atomic.AtomicReference, o.a.a.b.c.JavaClass@cd1e646
14:10:31.340 [main] DEBUG org.aspectj.weaver.bcel.BcelWeaver - 14:10:31.340 main < o.a.w.b.BcelWeaver.weaveAndNotify
14:10:31.340 [main] DEBUG org.aspectj.weaver.bcel.BcelWeaver - 14:10:31.340 main < o.a.w.b.BcelWeaver.weave java.util.ArrayList(1)
14:10:31.340 [main] DEBUG o.a.weaver.tools.WeavingAdaptor - 14:10:31.340 main < o.a.w.t.WeavingAdaptor.weaveClass byte[5789]
14:10:31.340 [main] DEBUG org.aspectj.weaver.Dump - 14:10:31.340 main > o.a.w.Dump.dumpOnExit o.a.w.t.WeavingAdaptor$WeavingAdaptorMessageHolder@6a6afff2
14:10:31.340 [main] DEBUG org.aspectj.weaver.Dump - 14:10:31.340 main > o.a.w.Dump.shouldDumpOnExit o.a.w.t.WeavingAdaptor$WeavingAdaptorMessageHolder@6a6afff2
14:10:31.340 [main] DEBUG org.aspectj.weaver.Dump - 14:10:31.340 main - o.a.w.Dump.shouldDumpOnExit abort
14:10:31.340 [main] DEBUG org.aspectj.weaver.Dump - 14:10:31.340 main < o.a.w.Dump.shouldDumpOnExit false
14:10:31.341 [main] DEBUG org.aspectj.weaver.Dump - 14:10:31.341 main < o.a.w.Dump.dumpOnExit Excluded
14:10:31.341 [main] DEBUG org.aspectj.weaver.loadtime.Aj - 14:10:31.341 main < o.a.w.l.Aj.preProcess byte[5789]
14:10:31.343 [main] DEBUG org.aspectj.weaver.loadtime.Aj - 14:10:31.343 main > o.a.w.l.Aj.preProcess o.a.w.l.Aj@b9afc07 io/qameta/allure/internal/shadowed/jackson/databind/deser/std/ReferenceTypeDeserializer, byte[10322], j.i.l.ClassLoaders$AppClassLoader@3cd1a2f1
14:10:31.343 [main] DEBUG org.aspectj.weaver.loadtime.Aj - 14:10:31.343 main - o.a.w.l.Aj.preProcess o.a.w.l.Aj@b9afc07 j.i.l.ClassLoaders$PlatformClassLoader@1ad282e0, j.i.l.ClassLoaders$AppClassLoader@3cd1a2f1
14:10:31.343 [main] DEBUG o.a.weaver.tools.WeavingAdaptor - 14:10:31.343 main > o.a.w.t.WeavingAdaptor.weaveClass o.a.w.l.ClassLoaderWeavingAdaptor@140e5a13 io/qameta/allure/internal/shadowed/jackson/databind/deser/std/ReferenceTypeDeserializer, byte[10322]
14:10:31.344 [main] DEBUG org.aspectj.weaver.bcel.BcelWeaver - 14:10:31.344 main > o.a.w.b.BcelWeaver.weave o.a.w.b.BcelWeaver@48524010 o.a.w.t.WeavingAdaptor$WeavingClassFileProvider@67001148
14:10:31.344 [main] DEBUG org.aspectj.weaver.bcel.BcelWeaver - 14:10:31.344 main > o.a.w.b.BcelWeaver.weaveAndNotify o.a.w.b.BcelWeaver@48524010 o.a.w.b.UnwovenClassFile@989da1, o.a.w.b.BcelObjectType@31cb96e1, o.a.w.t.WeavingAdaptor$WeavingClassFileProvider$1@3eed0f5
14:10:31.345 [main] DEBUG org.aspectj.weaver.bcel.BcelWeaver - 14:10:31.345 main < o.a.w.b.BcelWeaver.weaveAndNotify
14:10:31.345 [main] DEBUG org.aspectj.weaver.bcel.BcelWeaver - 14:10:31.345 main < o.a.w.b.BcelWeaver.weave java.util.ArrayList(1)
14:10:31.345 [main] DEBUG o.a.weaver.tools.WeavingAdaptor - 14:10:31.345 main < o.a.w.t.WeavingAdaptor.weaveClass byte[10322]
14:10:31.345 [main] DEBUG org.aspectj.weaver.Dump - 14:10:31.345 main > o.a.w.Dump.dumpOnExit o.a.w.t.WeavingAdaptor$WeavingAdaptorMessageHolder@6a6afff2
14:10:31.345 [main] DEBUG org.aspectj.weaver.Dump - 14:10:31.345 main > o.a.w.Dump.shouldDumpOnExit o.a.w.t.WeavingAdaptor$WeavingAdaptorMessageHolder@6a6afff2
14:10:31.345 [main] DEBUG org.aspectj.weaver.Dump - 14:10:31.345 main - o.a.w.Dump.shouldDumpOnExit abort
14:10:31.345 [main] DEBUG org.aspectj.weaver.Dump - 14:10:31.345 main < o.a.w.Dump.shouldDumpOnExit false
14:10:31.345 [main] DEBUG org.aspectj.weaver.Dump - 14:10:31.345 main < o.a.w.Dump.dumpOnExit Excluded
14:10:31.345 [main] DEBUG org.aspectj.weaver.loadtime.Aj - 14:10:31.345 main < o.a.w.l.Aj.preProcess byte[10322]
14:10:31.348 [main] DEBUG org.aspectj.weaver.loadtime.Aj - 14:10:31.348 main > o.a.w.l.Aj.preProcess o.a.w.l.Aj@b9afc07 io/qameta/allure/internal/shadowed/jackson/databind/deser/std/StringArrayDeserializer, byte[13258], j.i.l.ClassLoaders$AppClassLoader@3cd1a2f1
14:10:31.348 [main] DEBUG org.aspectj.weaver.loadtime.Aj - 14:10:31.348 main - o.a.w.l.Aj.preProcess o.a.w.l.Aj@b9afc07 j.i.l.ClassLoaders$PlatformClassLoader@1ad282e0, j.i.l.ClassLoaders$AppClassLoader@3cd1a2f1
14:10:31.348 [main] DEBUG o.a.weaver.tools.WeavingAdaptor - 14:10:31.348 main > o.a.w.t.WeavingAdaptor.weaveClass o.a.w.l.ClassLoaderWeavingAdaptor@140e5a13 io/qameta/allure/internal/shadowed/jackson/databind/deser/std/StringArrayDeserializer, byte[13258]
14:10:31.348 [main] DEBUG org.aspectj.weaver.bcel.BcelWeaver - 14:10:31.348 main > o.a.w.b.BcelWeaver.weave o.a.w.b.BcelWeaver@48524010 o.a.w.t.WeavingAdaptor$WeavingClassFileProvider@73a00e09
14:10:31.349 [main] DEBUG org.aspectj.weaver.bcel.BcelWeaver - 14:10:31.349 main > o.a.w.b.BcelWeaver.weaveAndNotify o.a.w.b.BcelWeaver@48524010 o.a.w.b.UnwovenClassFile@26dcd8c0, o.a.w.b.BcelObjectType@66e889df, o.a.w.t.WeavingAdaptor$WeavingClassFileProvider$1@444548a0
14:10:31.350 [main] DEBUG org.aspectj.weaver.bcel.BcelWeaver - 14:10:31.350 main < o.a.w.b.BcelWeaver.weaveAndNotify
14:10:31.350 [main] DEBUG org.aspectj.weaver.bcel.BcelWeaver - 14:10:31.350 main < o.a.w.b.BcelWeaver.weave java.util.ArrayList(1)
14:10:31.350 [main] DEBUG o.a.weaver.tools.WeavingAdaptor - 14:10:31.350 main < o.a.w.t.WeavingAdaptor.weaveClass byte[13258]
14:10:31.350 [main] DEBUG org.aspectj.weaver.Dump - 14:10:31.350 main > o.a.w.Dump.dumpOnExit o.a.w.t.WeavingAdaptor$WeavingAdaptorMessageHolder@6a6afff2
14:10:31.350 [main] DEBUG org.aspectj.weaver.Dump - 14:10:31.350 main > o.a.w.Dump.shouldDumpOnExit o.a.w.t.WeavingAdaptor$WeavingAdaptorMessageHolder@6a6afff2
14:10:31.350 [main] DEBUG org.aspectj.weaver.Dump - 14:10:31.350 main - o.a.w.Dump.shouldDumpOnExit abort
14:10:31.350 [main] DEBUG org.aspectj.weaver.Dump - 14:10:31.350 main < o.a.w.Dump.shouldDumpOnExit false
14:10:31.350 [main] DEBUG org.aspectj.weaver.Dump - 14:10:31.350 main < o.a.w.Dump.dumpOnExit Excluded
14:10:31.350 [main] DEBUG org.aspectj.weaver.loadtime.Aj - 14:10:31.350 main < o.a.w.l.Aj.preProcess byte[13258]
14:10:31.352 [main] DEBUG org.aspectj.weaver.loadtime.Aj - 14:10:31.352 main > o.a.w.l.Aj.preProcess o.a.w.l.Aj@b9afc07 io/qameta/allure/internal/shadowed/jackson/databind/deser/std/ObjectArrayDeserializer, byte[17181], j.i.l.ClassLoaders$AppClassLoader@3cd1a2f1
14:10:31.352 [main] DEBUG org.aspectj.weaver.loadtime.Aj - 14:10:31.352 main - o.a.w.l.Aj.preProcess o.a.w.l.Aj@b9afc07 j.i.l.ClassLoaders$PlatformClassLoader@1ad282e0, j.i.l.ClassLoaders$AppClassLoader@3cd1a2f1
14:10:31.353 [main] DEBUG o.a.weaver.tools.WeavingAdaptor - 14:10:31.353 main > o.a.w.t.WeavingAdaptor.weaveClass o.a.w.l.ClassLoaderWeavingAdaptor@140e5a13 io/qameta/allure/internal/shadowed/jackson/databind/deser/std/ObjectArrayDeserializer, byte[17181]
14:10:31.361 [main] DEBUG org.aspectj.weaver.bcel.BcelWeaver - 14:10:31.361 main > o.a.w.b.BcelWeaver.weave o.a.w.b.BcelWeaver@48524010 o.a.w.t.WeavingAdaptor$WeavingClassFileProvider@2dbd803f
14:10:31.362 [main] DEBUG org.aspectj.weaver.bcel.BcelWorld - 14:10:31.362 main - o.a.w.b.BcelWorld.lookupJavaClass o.a.w.l.LTWWorld@2b4a2ec7 io.qameta.allure.internal.shadowed.jackson.databind.deser.std.ContainerDeserializerBase, o.a.a.b.c.JavaClass@41aaedaa
14:10:31.362 [main] DEBUG org.aspectj.weaver.bcel.BcelWorld - 14:10:31.362 main - o.a.w.b.BcelWorld.lookupJavaClass o.a.w.l.LTWWorld@2b4a2ec7 io.qameta.allure.internal.shadowed.jackson.databind.deser.ContextualDeserializer, o.a.a.b.c.JavaClass@273842a6
14:10:31.362 [main] DEBUG org.aspectj.weaver.bcel.BcelWeaver - 14:10:31.362 main > o.a.w.b.BcelWeaver.weaveAndNotify o.a.w.b.BcelWeaver@48524010 o.a.w.b.UnwovenClassFile@3e48e859, o.a.w.b.BcelObjectType@31ddd4a4, o.a.w.t.WeavingAdaptor$WeavingClassFileProvider$1@1a5f7e7c
14:10:31.362 [main] DEBUG org.aspectj.weaver.bcel.BcelWorld - 14:10:31.362 main - o.a.w.b.BcelWorld.lookupJavaClass o.a.w.l.LTWWorld@2b4a2ec7 io.qameta.allure.internal.shadowed.jackson.databind.deser.ValueInstantiator$Gettable, o.a.a.b.c.JavaClass@bb095
14:10:31.362 [main] DEBUG org.aspectj.weaver.bcel.BcelWorld - 14:10:31.362 main - o.a.w.b.BcelWorld.lookupJavaClass o.a.w.l.LTWWorld@2b4a2ec7 io.qameta.allure.internal.shadowed.jackson.databind.deser.std.StdDeserializer, o.a.a.b.c.JavaClass@5ca1f591
14:10:31.362 [main] DEBUG org.aspectj.weaver.bcel.BcelWorld - 14:10:31.362 main - o.a.w.b.BcelWorld.lookupJavaClass o.a.w.l.LTWWorld@2b4a2ec7 java.io.Serializable, o.a.a.b.c.JavaClass@3e11f9e9
14:10:31.363 [main] DEBUG org.aspectj.weaver.bcel.BcelWorld - 14:10:31.362 main - o.a.w.b.BcelWorld.lookupJavaClass o.a.w.l.LTWWorld@2b4a2ec7 io.qameta.allure.internal.shadowed.jackson.databind.JsonDeserializer, o.a.a.b.c.JavaClass@b6b1987
14:10:31.363 [main] DEBUG org.aspectj.weaver.bcel.BcelWorld - 14:10:31.363 main - o.a.w.b.BcelWorld.lookupJavaClass o.a.w.l.LTWWorld@2b4a2ec7 io.qameta.allure.internal.shadowed.jackson.databind.deser.NullValueProvider, o.a.a.b.c.JavaClass@5486887b
14:10:31.364 [main] DEBUG org.aspectj.weaver.bcel.BcelWorld - 14:10:31.364 main - o.a.w.b.BcelWorld.lookupJavaClass o.a.w.l.LTWWorld@2b4a2ec7 io.qameta.allure.internal.shadowed.jackson.databind.jsontype.TypeDeserializer, o.a.a.b.c.JavaClass@f79a760
14:10:31.364 [main] DEBUG org.aspectj.weaver.bcel.BcelWorld - 14:10:31.364 main - o.a.w.b.BcelWorld.lookupJavaClass o.a.w.l.LTWWorld@2b4a2ec7 io.qameta.allure.internal.shadowed.jackson.databind.type.LogicalType, o.a.a.b.c.JavaClass@6e6d5d29
14:10:31.364 [main] DEBUG org.aspectj.weaver.bcel.BcelWorld - 14:10:31.364 main - o.a.w.b.BcelWorld.lookupJavaClass o.a.w.l.LTWWorld@2b4a2ec7 io.qameta.allure.internal.shadowed.jackson.databind.DeserializationContext, o.a.a.b.c.JavaClass@2e554a3b
14:10:31.364 [main] DEBUG org.aspectj.weaver.bcel.BcelWorld - 14:10:31.364 main - o.a.w.b.BcelWorld.lookupJavaClass o.a.w.l.LTWWorld@2b4a2ec7 io.qameta.allure.internal.shadowed.jackson.databind.BeanProperty, o.a.a.b.c.JavaClass@4ee37ca3
14:10:31.364 [main] DEBUG org.aspectj.weaver.bcel.BcelWorld - 14:10:31.364 main - o.a.w.b.BcelWorld.lookupJavaClass o.a.w.l.LTWWorld@2b4a2ec7 io.qameta.allure.internal.shadowed.jackson.databind.util.AccessPattern, o.a.a.b.c.JavaClass@4d33940d
14:10:31.364 [main] DEBUG org.aspectj.weaver.bcel.BcelWorld - 14:10:31.364 main - o.a.w.b.BcelWorld.lookupJavaClass o.a.w.l.LTWWorld@2b4a2ec7 io.qameta.allure.internal.shadowed.jackson.core.JsonParser, o.a.a.b.c.JavaClass@6b98a075
14:10:31.364 [main] DEBUG org.aspectj.weaver.bcel.BcelWorld - 14:10:31.364 main - o.a.w.b.BcelWorld.lookupJavaClass o.a.w.l.LTWWorld@2b4a2ec7 java.lang.Byte, o.a.a.b.c.JavaClass@7ff2b8d2
14:10:31.365 [main] DEBUG org.aspectj.weaver.bcel.BcelWeaver - 14:10:31.365 main < o.a.w.b.BcelWeaver.weaveAndNotify
14:10:31.365 [main] DEBUG org.aspectj.weaver.bcel.BcelWeaver - 14:10:31.365 main < o.a.w.b.BcelWeaver.weave java.util.ArrayList(1)
14:10:31.365 [main] DEBUG o.a.weaver.tools.WeavingAdaptor - 14:10:31.365 main < o.a.w.t.WeavingAdaptor.weaveClass byte[17181]
14:10:31.365 [main] DEBUG org.aspectj.weaver.Dump - 14:10:31.365 main > o.a.w.Dump.dumpOnExit o.a.w.t.WeavingAdaptor$WeavingAdaptorMessageHolder@6a6afff2
14:10:31.365 [main] DEBUG org.aspectj.weaver.Dump - 14:10:31.365 main > o.a.w.Dump.shouldDumpOnExit o.a.w.t.WeavingAdaptor$WeavingAdaptorMessageHolder@6a6afff2
14:10:31.365 [main] DEBUG org.aspectj.weaver.Dump - 14:10:31.365 main - o.a.w.Dump.shouldDumpOnExit abort
14:10:31.365 [main] DEBUG org.aspectj.weaver.Dump - 14:10:31.365 main < o.a.w.Dump.shouldDumpOnExit false
14:10:31.365 [main] DEBUG org.aspectj.weaver.Dump - 14:10:31.365 main < o.a.w.Dump.dumpOnExit Excluded
14:10:31.365 [main] DEBUG org.aspectj.weaver.loadtime.Aj - 14:10:31.365 main < o.a.w.l.Aj.preProcess byte[17181]
14:10:31.368 [main] DEBUG org.aspectj.weaver.loadtime.Aj - 14:10:31.368 main > o.a.w.l.Aj.preProcess o.a.w.l.Aj@b9afc07 io/qameta/allure/internal/shadowed/jackson/annotation/ObjectIdGenerator, byte[2010], j.i.l.ClassLoaders$AppClassLoader@3cd1a2f1
14:10:31.368 [main] DEBUG org.aspectj.weaver.loadtime.Aj - 14:10:31.368 main - o.a.w.l.Aj.preProcess o.a.w.l.Aj@b9afc07 j.i.l.ClassLoaders$PlatformClassLoader@1ad282e0, j.i.l.ClassLoaders$AppClassLoader@3cd1a2f1
14:10:31.368 [main] DEBUG o.a.weaver.tools.WeavingAdaptor - 14:10:31.368 main > o.a.w.t.WeavingAdaptor.weaveClass o.a.w.l.ClassLoaderWeavingAdaptor@140e5a13 io/qameta/allure/internal/shadowed/jackson/annotation/ObjectIdGenerator, byte[2010]
14:10:31.368 [main] DEBUG org.aspectj.weaver.bcel.BcelWeaver - 14:10:31.368 main > o.a.w.b.BcelWeaver.weave o.a.w.b.BcelWeaver@48524010 o.a.w.t.WeavingAdaptor$WeavingClassFileProvider@319854f0
14:10:31.369 [main] DEBUG org.aspectj.weaver.bcel.BcelWeaver - 14:10:31.368 main > o.a.w.b.BcelWeaver.weaveAndNotify o.a.w.b.BcelWeaver@48524010 o.a.w.b.UnwovenClassFile@748fe51d, o.a.w.b.BcelObjectType@415156bf, o.a.w.t.WeavingAdaptor$WeavingClassFileProvider$1@393881f0
14:10:31.369 [main] DEBUG org.aspectj.weaver.bcel.BcelWeaver - 14:10:31.369 main < o.a.w.b.BcelWeaver.weaveAndNotify
14:10:31.369 [main] DEBUG org.aspectj.weaver.bcel.BcelWeaver - 14:10:31.369 main < o.a.w.b.BcelWeaver.weave java.util.ArrayList(1)
14:10:31.369 [main] DEBUG o.a.weaver.tools.WeavingAdaptor - 14:10:31.369 main < o.a.w.t.WeavingAdaptor.weaveClass byte[2010]
14:10:31.369 [main] DEBUG org.aspectj.weaver.Dump - 14:10:31.369 main > o.a.w.Dump.dumpOnExit o.a.w.t.WeavingAdaptor$WeavingAdaptorMessageHolder@6a6afff2
14:10:31.369 [main] DEBUG org.aspectj.weaver.Dump - 14:10:31.369 main > o.a.w.Dump.shouldDumpOnExit o.a.w.t.WeavingAdaptor$WeavingAdaptorMessageHolder@6a6afff2
14:10:31.369 [main] DEBUG org.aspectj.weaver.Dump - 14:10:31.369 main - o.a.w.Dump.shouldDumpOnExit abort
14:10:31.370 [main] DEBUG org.aspectj.weaver.Dump - 14:10:31.370 main < o.a.w.Dump.shouldDumpOnExit false
14:10:31.370 [main] DEBUG org.aspectj.weaver.Dump - 14:10:31.370 main < o.a.w.Dump.dumpOnExit Excluded
14:10:31.370 [main] DEBUG org.aspectj.weaver.loadtime.Aj - 14:10:31.370 main < o.a.w.l.Aj.preProcess byte[2010]
14:10:31.371 [main] DEBUG org.aspectj.weaver.loadtime.Aj - 14:10:31.371 main > o.a.w.l.Aj.preProcess o.a.w.l.Aj@b9afc07 io/qameta/allure/internal/shadowed/jackson/databind/deser/impl/PropertyBasedObjectIdGenerator, byte[2333], j.i.l.ClassLoaders$AppClassLoader@3cd1a2f1
14:10:31.372 [main] DEBUG org.aspectj.weaver.loadtime.Aj - 14:10:31.372 main - o.a.w.l.Aj.preProcess o.a.w.l.Aj@b9afc07 j.i.l.ClassLoaders$PlatformClassLoader@1ad282e0, j.i.l.ClassLoaders$AppClassLoader@3cd1a2f1
14:10:31.372 [main] DEBUG o.a.weaver.tools.WeavingAdaptor - 14:10:31.372 main > o.a.w.t.WeavingAdaptor.weaveClass o.a.w.l.ClassLoaderWeavingAdaptor@140e5a13 io/qameta/allure/internal/shadowed/jackson/databind/deser/impl/PropertyBasedObjectIdGenerator, byte[2333]
14:10:31.372 [main] DEBUG org.aspectj.weaver.bcel.BcelWeaver - 14:10:31.372 main > o.a.w.b.BcelWeaver.weave o.a.w.b.BcelWeaver@48524010 o.a.w.t.WeavingAdaptor$WeavingClassFileProvider@1ecfcbc9
14:10:31.374 [main] DEBUG org.aspectj.weaver.bcel.BcelWorld - 14:10:31.374 main - o.a.w.b.BcelWorld.lookupJavaClass o.a.w.l.LTWWorld@2b4a2ec7 io.qameta.allure.internal.shadowed.jackson.annotation.ObjectIdGenerators$PropertyGenerator, o.a.a.b.c.JavaClass@353efdbf
14:10:31.374 [main] DEBUG org.aspectj.weaver.bcel.BcelWeaver - 14:10:31.374 main > o.a.w.b.BcelWeaver.weaveAndNotify o.a.w.b.BcelWeaver@48524010 o.a.w.b.UnwovenClassFile@55cff952, o.a.w.b.BcelObjectType@660591fb, o.a.w.t.WeavingAdaptor$WeavingClassFileProvider$1@4a55a6e8
14:10:31.375 [main] DEBUG org.aspectj.weaver.bcel.BcelWorld - 14:10:31.375 main - o.a.w.b.BcelWorld.lookupJavaClass o.a.w.l.LTWWorld@2b4a2ec7 io.qameta.allure.internal.shadowed.jackson.annotation.ObjectIdGenerators$Base, o.a.a.b.c.JavaClass@682bd3c4
14:10:31.376 [main] DEBUG org.aspectj.weaver.bcel.BcelWorld - 14:10:31.376 main - o.a.w.b.BcelWorld.lookupJavaClass o.a.w.l.LTWWorld@2b4a2ec7 io.qameta.allure.internal.shadowed.jackson.annotation.ObjectIdGenerator$IdKey, o.a.a.b.c.JavaClass@5ce33a58
14:10:31.376 [main] DEBUG org.aspectj.weaver.bcel.BcelWeaver - 14:10:31.376 main < o.a.w.b.BcelWeaver.weaveAndNotify
14:10:31.376 [main] DEBUG org.aspectj.weaver.bcel.BcelWeaver - 14:10:31.376 main < o.a.w.b.BcelWeaver.weave java.util.ArrayList(1)
14:10:31.376 [main] DEBUG o.a.weaver.tools.WeavingAdaptor - 14:10:31.376 main < o.a.w.t.WeavingAdaptor.weaveClass byte[2333]
14:10:31.377 [main] DEBUG org.aspectj.weaver.Dump - 14:10:31.376 main > o.a.w.Dump.dumpOnExit o.a.w.t.WeavingAdaptor$WeavingAdaptorMessageHolder@6a6afff2
14:10:31.377 [main] DEBUG org.aspectj.weaver.Dump - 14:10:31.377 main > o.a.w.Dump.shouldDumpOnExit o.a.w.t.WeavingAdaptor$WeavingAdaptorMessageHolder@6a6afff2
14:10:31.377 [main] DEBUG org.aspectj.weaver.Dump - 14:10:31.377 main - o.a.w.Dump.shouldDumpOnExit abort
14:10:31.377 [main] DEBUG org.aspectj.weaver.Dump - 14:10:31.377 main < o.a.w.Dump.shouldDumpOnExit false
14:10:31.377 [main] DEBUG org.aspectj.weaver.Dump - 14:10:31.377 main < o.a.w.Dump.dumpOnExit Excluded
14:10:31.377 [main] DEBUG org.aspectj.weaver.loadtime.Aj - 14:10:31.377 main < o.a.w.l.Aj.preProcess byte[2333]
14:10:31.378 [main] DEBUG org.aspectj.weaver.loadtime.Aj - 14:10:31.378 main > o.a.w.l.Aj.preProcess o.a.w.l.Aj@b9afc07 io/qameta/allure/internal/shadowed/jackson/annotation/ObjectIdGenerators$PropertyGenerator, byte[1133], j.i.l.ClassLoaders$AppClassLoader@3cd1a2f1
14:10:31.378 [main] DEBUG org.aspectj.weaver.loadtime.Aj - 14:10:31.378 main - o.a.w.l.Aj.preProcess o.a.w.l.Aj@b9afc07 j.i.l.ClassLoaders$PlatformClassLoader@1ad282e0, j.i.l.ClassLoaders$AppClassLoader@3cd1a2f1
14:10:31.378 [main] DEBUG o.a.weaver.tools.WeavingAdaptor - 14:10:31.378 main > o.a.w.t.WeavingAdaptor.weaveClass o.a.w.l.ClassLoaderWeavingAdaptor@140e5a13 io/qameta/allure/internal/shadowed/jackson/annotation/ObjectIdGenerators$PropertyGenerator, byte[1133]
14:10:31.378 [main] DEBUG org.aspectj.weaver.bcel.BcelWeaver - 14:10:31.378 main > o.a.w.b.BcelWeaver.weave o.a.w.b.BcelWeaver@48524010 o.a.w.t.WeavingAdaptor$WeavingClassFileProvider@153f66e7
14:10:31.400 [main] DEBUG org.aspectj.weaver.bcel.BcelWeaver - 14:10:31.400 main > o.a.w.b.BcelWeaver.weaveAndNotify o.a.w.b.BcelWeaver@48524010 o.a.w.b.UnwovenClassFile@7aad3f7d, o.a.w.b.BcelObjectType@6f667ad1, o.a.w.t.WeavingAdaptor$WeavingClassFileProvider$1@566d0c69
14:10:31.401 [main] DEBUG org.aspectj.weaver.bcel.BcelWeaver - 14:10:31.401 main < o.a.w.b.BcelWeaver.weaveAndNotify
14:10:31.401 [main] DEBUG org.aspectj.weaver.bcel.BcelWeaver - 14:10:31.401 main < o.a.w.b.BcelWeaver.weave java.util.ArrayList(1)
14:10:31.401 [main] DEBUG o.a.weaver.tools.WeavingAdaptor - 14:10:31.401 main < o.a.w.t.WeavingAdaptor.weaveClass byte[1133]
14:10:31.401 [main] DEBUG org.aspectj.weaver.Dump - 14:10:31.401 main > o.a.w.Dump.dumpOnExit o.a.w.t.WeavingAdaptor$WeavingAdaptorMessageHolder@6a6afff2
14:10:31.401 [main] DEBUG org.aspectj.weaver.Dump - 14:10:31.401 main > o.a.w.Dump.shouldDumpOnExit o.a.w.t.WeavingAdaptor$WeavingAdaptorMessageHolder@6a6afff2
14:10:31.401 [main] DEBUG org.aspectj.weaver.Dump - 14:10:31.401 main - o.a.w.Dump.shouldDumpOnExit abort
14:10:31.401 [main] DEBUG org.aspectj.weaver.Dump - 14:10:31.401 main < o.a.w.Dump.shouldDumpOnExit false
14:10:31.401 [main] DEBUG org.aspectj.weaver.Dump - 14:10:31.401 main < o.a.w.Dump.dumpOnExit Excluded
14:10:31.401 [main] DEBUG org.aspectj.weaver.loadtime.Aj - 14:10:31.401 main < o.a.w.l.Aj.preProcess byte[1133]
14:10:31.403 [main] DEBUG org.aspectj.weaver.loadtime.Aj - 14:10:31.402 main > o.a.w.l.Aj.preProcess o.a.w.l.Aj@b9afc07 io/qameta/allure/internal/shadowed/jackson/annotation/ObjectIdGenerators$Base, byte[1782], j.i.l.ClassLoaders$AppClassLoader@3cd1a2f1
14:10:31.403 [main] DEBUG org.aspectj.weaver.loadtime.Aj - 14:10:31.403 main - o.a.w.l.Aj.preProcess o.a.w.l.Aj@b9afc07 j.i.l.ClassLoaders$PlatformClassLoader@1ad282e0, j.i.l.ClassLoaders$AppClassLoader@3cd1a2f1
14:10:31.404 [main] DEBUG o.a.weaver.tools.WeavingAdaptor - 14:10:31.404 main > o.a.w.t.WeavingAdaptor.weaveClass o.a.w.l.ClassLoaderWeavingAdaptor@140e5a13 io/qameta/allure/internal/shadowed/jackson/annotation/ObjectIdGenerators$Base, byte[1782]
14:10:31.405 [main] DEBUG org.aspectj.weaver.bcel.BcelWeaver - 14:10:31.405 main > o.a.w.b.BcelWeaver.weave o.a.w.b.BcelWeaver@48524010 o.a.w.t.WeavingAdaptor$WeavingClassFileProvider@2bfbffb2
14:10:31.405 [main] DEBUG org.aspectj.weaver.bcel.BcelWeaver - 14:10:31.405 main > o.a.w.b.BcelWeaver.weaveAndNotify o.a.w.b.BcelWeaver@48524010 o.a.w.b.UnwovenClassFile@765df79d, o.a.w.b.BcelObjectType@151335cb, o.a.w.t.WeavingAdaptor$WeavingClassFileProvider$1@4a7761b1
14:10:31.406 [main] DEBUG org.aspectj.weaver.bcel.BcelWeaver - 14:10:31.406 main < o.a.w.b.BcelWeaver.weaveAndNotify
14:10:31.406 [main] DEBUG org.aspectj.weaver.bcel.BcelWeaver - 14:10:31.406 main < o.a.w.b.BcelWeaver.weave java.util.ArrayList(1)
14:10:31.406 [main] DEBUG o.a.weaver.tools.WeavingAdaptor - 14:10:31.406 main < o.a.w.t.WeavingAdaptor.weaveClass byte[1782]
14:10:31.406 [main] DEBUG org.aspectj.weaver.Dump - 14:10:31.406 main > o.a.w.Dump.dumpOnExit o.a.w.t.WeavingAdaptor$WeavingAdaptorMessageHolder@6a6afff2
14:10:31.406 [main] DEBUG org.aspectj.weaver.Dump - 14:10:31.406 main > o.a.w.Dump.shouldDumpOnExit o.a.w.t.WeavingAdaptor$WeavingAdaptorMessageHolder@6a6afff2
14:10:31.406 [main] DEBUG org.aspectj.weaver.Dump - 14:10:31.406 main - o.a.w.Dump.shouldDumpOnExit abort
14:10:31.406 [main] DEBUG org.aspectj.weaver.Dump - 14:10:31.406 main < o.a.w.Dump.shouldDumpOnExit false
14:10:31.406 [main] DEBUG org.aspectj.weaver.Dump - 14:10:31.406 main < o.a.w.Dump.dumpOnExit Excluded
14:10:31.406 [main] DEBUG org.aspectj.weaver.loadtime.Aj - 14:10:31.406 main < o.a.w.l.Aj.preProcess byte[1782]
14:10:31.409 [main] DEBUG org.aspectj.weaver.loadtime.Aj - 14:10:31.409 main > o.a.w.l.Aj.preProcess o.a.w.l.Aj@b9afc07 io/qameta/allure/internal/shadowed/jackson/databind/deser/std/ThrowableDeserializer, byte[7565], j.i.l.ClassLoaders$AppClassLoader@3cd1a2f1
14:10:31.409 [main] DEBUG org.aspectj.weaver.loadtime.Aj - 14:10:31.409 main - o.a.w.l.Aj.preProcess o.a.w.l.Aj@b9afc07 j.i.l.ClassLoaders$PlatformClassLoader@1ad282e0, j.i.l.ClassLoaders$AppClassLoader@3cd1a2f1
14:10:31.410 [main] DEBUG o.a.weaver.tools.WeavingAdaptor - 14:10:31.409 main > o.a.w.t.WeavingAdaptor.weaveClass o.a.w.l.ClassLoaderWeavingAdaptor@140e5a13 io/qameta/allure/internal/shadowed/jackson/databind/deser/std/ThrowableDeserializer, byte[7565]
14:10:31.410 [main] DEBUG org.aspectj.weaver.bcel.BcelWeaver - 14:10:31.410 main > o.a.w.b.BcelWeaver.weave o.a.w.b.BcelWeaver@48524010 o.a.w.t.WeavingAdaptor$WeavingClassFileProvider@4cdd2c73
14:10:31.413 [main] DEBUG org.aspectj.weaver.bcel.BcelWorld - 14:10:31.413 main - o.a.w.b.BcelWorld.lookupJavaClass o.a.w.l.LTWWorld@2b4a2ec7 io.qameta.allure.internal.shadowed.jackson.databind.deser.BeanDeserializer, o.a.a.b.c.JavaClass@293cde83
14:10:31.413 [main] DEBUG org.aspectj.weaver.bcel.BcelWeaver - 14:10:31.413 main > o.a.w.b.BcelWeaver.weaveAndNotify o.a.w.b.BcelWeaver@48524010 o.a.w.b.UnwovenClassFile@c27d163, o.a.w.b.BcelObjectType@57c88764, o.a.w.t.WeavingAdaptor$WeavingClassFileProvider$1@78faea5f
14:10:31.417 [main] DEBUG org.aspectj.weaver.bcel.BcelWorld - 14:10:31.417 main - o.a.w.b.BcelWorld.lookupJavaClass o.a.w.l.LTWWorld@2b4a2ec7 io.qameta.allure.internal.shadowed.jackson.databind.deser.BeanDeserializerBase, o.a.a.b.c.JavaClass@1603dc2f
14:10:31.417 [main] DEBUG org.aspectj.weaver.bcel.BcelWorld - 14:10:31.417 main - o.a.w.b.BcelWorld.lookupJavaClass o.a.w.l.LTWWorld@2b4a2ec7 io.qameta.allure.internal.shadowed.jackson.databind.deser.ResolvableDeserializer, o.a.a.b.c.JavaClass@6075b2d3
14:10:31.418 [main] DEBUG org.aspectj.weaver.bcel.BcelWeaver - 14:10:31.418 main < o.a.w.b.BcelWeaver.weaveAndNotify
14:10:31.418 [main] DEBUG org.aspectj.weaver.bcel.BcelWeaver - 14:10:31.418 main < o.a.w.b.BcelWeaver.weave java.util.ArrayList(1)
14:10:31.418 [main] DEBUG o.a.weaver.tools.WeavingAdaptor - 14:10:31.418 main < o.a.w.t.WeavingAdaptor.weaveClass byte[7565]
14:10:31.418 [main] DEBUG org.aspectj.weaver.Dump - 14:10:31.418 main > o.a.w.Dump.dumpOnExit o.a.w.t.WeavingAdaptor$WeavingAdaptorMessageHolder@6a6afff2
14:10:31.418 [main] DEBUG org.aspectj.weaver.Dump - 14:10:31.418 main > o.a.w.Dump.shouldDumpOnExit o.a.w.t.WeavingAdaptor$WeavingAdaptorMessageHolder@6a6afff2
14:10:31.418 [main] DEBUG org.aspectj.weaver.Dump - 14:10:31.418 main - o.a.w.Dump.shouldDumpOnExit abort
14:10:31.418 [main] DEBUG org.aspectj.weaver.Dump - 14:10:31.418 main < o.a.w.Dump.shouldDumpOnExit false
14:10:31.419 [main] DEBUG org.aspectj.weaver.Dump - 14:10:31.418 main < o.a.w.Dump.dumpOnExit Excluded
14:10:31.419 [main] DEBUG org.aspectj.weaver.loadtime.Aj - 14:10:31.419 main < o.a.w.l.Aj.preProcess byte[7565]
14:10:31.421 [main] DEBUG org.aspectj.weaver.loadtime.Aj - 14:10:31.420 main > o.a.w.l.Aj.preProcess o.a.w.l.Aj@b9afc07 io/qameta/allure/internal/shadowed/jackson/databind/deser/BeanDeserializer, byte[34568], j.i.l.ClassLoaders$AppClassLoader@3cd1a2f1
14:10:31.421 [main] DEBUG org.aspectj.weaver.loadtime.Aj - 14:10:31.421 main - o.a.w.l.Aj.preProcess o.a.w.l.Aj@b9afc07 j.i.l.ClassLoaders$PlatformClassLoader@1ad282e0, j.i.l.ClassLoaders$AppClassLoader@3cd1a2f1
14:10:31.421 [main] DEBUG o.a.weaver.tools.WeavingAdaptor - 14:10:31.421 main > o.a.w.t.WeavingAdaptor.weaveClass o.a.w.l.ClassLoaderWeavingAdaptor@140e5a13 io/qameta/allure/internal/shadowed/jackson/databind/deser/BeanDeserializer, byte[34568]
14:10:31.421 [main] DEBUG org.aspectj.weaver.bcel.BcelWeaver - 14:10:31.421 main > o.a.w.b.BcelWeaver.weave o.a.w.b.BcelWeaver@48524010 o.a.w.t.WeavingAdaptor$WeavingClassFileProvider@476ec9d0
14:10:31.422 [main] DEBUG org.aspectj.weaver.bcel.BcelWeaver - 14:10:31.422 main > o.a.w.b.BcelWeaver.weaveAndNotify o.a.w.b.BcelWeaver@48524010 o.a.w.b.UnwovenClassFile@325bb9a6, o.a.w.b.BcelObjectType@1d12b024, o.a.w.t.WeavingAdaptor$WeavingClassFileProvider$1@72fe8a4f
14:10:31.424 [main] DEBUG org.aspectj.weaver.bcel.BcelWorld - 14:10:31.424 main - o.a.w.b.BcelWorld.lookupJavaClass o.a.w.l.LTWWorld@2b4a2ec7 io.qameta.allure.internal.shadowed.jackson.databind.deser.impl.ObjectIdReader, o.a.a.b.c.JavaClass@6cbcf243
14:10:31.424 [main] DEBUG org.aspectj.weaver.bcel.BcelWorld - 14:10:31.424 main - o.a.w.b.BcelWorld.lookupJavaClass o.a.w.l.LTWWorld@2b4a2ec7 java.util.Set, o.a.a.b.c.JavaClass@3f6b0be5
14:10:31.427 [main] DEBUG org.aspectj.weaver.bcel.BcelWorld - 14:10:31.427 main - o.a.w.b.BcelWorld.lookupJavaClass o.a.w.l.LTWWorld@2b4a2ec7 io.qameta.allure.internal.shadowed.jackson.databind.deser.impl.BeanPropertyMap, o.a.a.b.c.JavaClass@7fab4be7
14:10:31.427 [main] DEBUG org.aspectj.weaver.bcel.BcelWorld - 14:10:31.427 main - o.a.w.b.BcelWorld.lookupJavaClass o.a.w.l.LTWWorld@2b4a2ec7 io.qameta.allure.internal.shadowed.jackson.core.JsonToken, o.a.a.b.c.JavaClass@31aa3ca5
14:10:31.427 [main] DEBUG org.aspectj.weaver.bcel.BcelWorld - 14:10:31.427 main - o.a.w.b.BcelWorld.lookupJavaClass o.a.w.l.LTWWorld@2b4a2ec7 io.qameta.allure.internal.shadowed.jackson.databind.deser.SettableBeanProperty, o.a.a.b.c.JavaClass@7a791b66
14:10:31.429 [main] DEBUG org.aspectj.weaver.bcel.BcelWorld - 14:10:31.429 main - o.a.w.b.BcelWorld.lookupJavaClass o.a.w.l.LTWWorld@2b4a2ec7 io.qameta.allure.internal.shadowed.jackson.databind.deser.impl.PropertyValueBuffer, o.a.a.b.c.JavaClass@41c204a0
14:10:31.430 [main] DEBUG org.aspectj.weaver.bcel.BcelWorld - 14:10:31.430 main - o.a.w.b.BcelWorld.lookupJavaClass o.a.w.l.LTWWorld@2b4a2ec7 io.qameta.allure.internal.shadowed.jackson.databind.deser.UnresolvedForwardReference, o.a.a.b.c.JavaClass@22d9c961
14:10:31.431 [main] DEBUG org.aspectj.weaver.bcel.BcelWorld - 14:10:31.431 main - o.a.w.b.BcelWorld.lookupJavaClass o.a.w.l.LTWWorld@2b4a2ec7 io.qameta.allure.internal.shadowed.jackson.databind.deser.BeanDeserializer$BeanReferring, o.a.a.b.c.JavaClass@1f443fae
14:10:31.434 [main] DEBUG org.aspectj.weaver.bcel.BcelWorld - 14:10:31.433 main - o.a.w.b.BcelWorld.lookupJavaClass o.a.w.l.LTWWorld@2b4a2ec7 io.qameta.allure.internal.shadowed.jackson.databind.deser.impl.ExternalTypeHandler, o.a.a.b.c.JavaClass@1698d7c0
14:10:31.434 [main] DEBUG org.aspectj.weaver.bcel.BcelWorld - 14:10:31.434 main - o.a.w.b.BcelWorld.lookupJavaClass o.a.w.l.LTWWorld@2b4a2ec7 java.lang.Exception, o.a.a.b.c.JavaClass@712625fd
14:10:31.434 [main] DEBUG org.aspectj.weaver.bcel.BcelWeaver - 14:10:31.434 main < o.a.w.b.BcelWeaver.weaveAndNotify
14:10:31.434 [main] DEBUG org.aspectj.weaver.bcel.BcelWeaver - 14:10:31.434 main < o.a.w.b.BcelWeaver.weave java.util.ArrayList(1)
14:10:31.434 [main] DEBUG o.a.weaver.tools.WeavingAdaptor - 14:10:31.434 main < o.a.w.t.WeavingAdaptor.weaveClass byte[34568]
14:10:31.434 [main] DEBUG org.aspectj.weaver.Dump - 14:10:31.434 main > o.a.w.Dump.dumpOnExit o.a.w.t.WeavingAdaptor$WeavingAdaptorMessageHolder@6a6afff2
14:10:31.434 [main] DEBUG org.aspectj.weaver.Dump - 14:10:31.434 main > o.a.w.Dump.shouldDumpOnExit o.a.w.t.WeavingAdaptor$WeavingAdaptorMessageHolder@6a6afff2
14:10:31.434 [main] DEBUG org.aspectj.weaver.Dump - 14:10:31.434 main - o.a.w.Dump.shouldDumpOnExit abort
14:10:31.434 [main] DEBUG org.aspectj.weaver.Dump - 14:10:31.434 main < o.a.w.Dump.shouldDumpOnExit false
14:10:31.434 [main] DEBUG org.aspectj.weaver.Dump - 14:10:31.434 main < o.a.w.Dump.dumpOnExit Excluded
14:10:31.434 [main] DEBUG org.aspectj.weaver.loadtime.Aj - 14:10:31.434 main < o.a.w.l.Aj.preProcess byte[34568]
14:10:31.446 [main] DEBUG org.aspectj.weaver.loadtime.Aj - 14:10:31.446 main > o.a.w.l.Aj.preProcess o.a.w.l.Aj@b9afc07 io/qameta/allure/internal/shadowed/jackson/databind/deser/BeanDeserializerBase, byte[65512], j.i.l.ClassLoaders$AppClassLoader@3cd1a2f1
14:10:31.446 [main] DEBUG org.aspectj.weaver.loadtime.Aj - 14:10:31.446 main - o.a.w.l.Aj.preProcess o.a.w.l.Aj@b9afc07 j.i.l.ClassLoaders$PlatformClassLoader@1ad282e0, j.i.l.ClassLoaders$AppClassLoader@3cd1a2f1
14:10:31.446 [main] DEBUG o.a.weaver.tools.WeavingAdaptor - 14:10:31.446 main > o.a.w.t.WeavingAdaptor.weaveClass o.a.w.l.ClassLoaderWeavingAdaptor@140e5a13 io/qameta/allure/internal/shadowed/jackson/databind/deser/BeanDeserializerBase, byte[65512]
14:10:31.448 [main] DEBUG org.aspectj.weaver.bcel.BcelWeaver - 14:10:31.448 main > o.a.w.b.BcelWeaver.weave o.a.w.b.BcelWeaver@48524010 o.a.w.t.WeavingAdaptor$WeavingClassFileProvider@782168b7
14:10:31.448 [main] DEBUG org.aspectj.weaver.bcel.BcelWeaver - 14:10:31.448 main > o.a.w.b.BcelWeaver.weaveAndNotify o.a.w.b.BcelWeaver@48524010 o.a.w.b.UnwovenClassFile@29f0c4f2, o.a.w.b.BcelObjectType@7435a578, o.a.w.t.WeavingAdaptor$WeavingClassFileProvider$1@6093d508
14:10:31.457 [main] DEBUG org.aspectj.weaver.bcel.BcelWorld - 14:10:31.457 main - o.a.w.b.BcelWorld.lookupJavaClass o.a.w.l.LTWWorld@2b4a2ec7 io.qameta.allure.internal.shadowed.jackson.databind.introspect.AnnotatedWithParams, o.a.a.b.c.JavaClass@36546a22
14:10:31.457 [main] DEBUG org.aspectj.weaver.bcel.BcelWorld - 14:10:31.457 main - o.a.w.b.BcelWorld.lookupJavaClass o.a.w.l.LTWWorld@2b4a2ec7 io.qameta.allure.internal.shadowed.jackson.databind.PropertyMetadata, o.a.a.b.c.JavaClass@1dd0e7c4
14:10:31.458 [main] DEBUG org.aspectj.weaver.bcel.BcelWorld - 14:10:31.458 main - o.a.w.b.BcelWorld.lookupJavaClass o.a.w.l.LTWWorld@2b4a2ec7 io.qameta.allure.internal.shadowed.jackson.databind.DeserializationConfig, o.a.a.b.c.JavaClass@4566d049
14:10:31.458 [main] DEBUG org.aspectj.weaver.bcel.BcelWorld - 14:10:31.458 main - o.a.w.b.BcelWorld.lookupJavaClass o.a.w.l.LTWWorld@2b4a2ec7 java.util.Collection, o.a.a.b.c.JavaClass@7e7be63f
14:10:31.458 [main] DEBUG org.aspectj.weaver.bcel.BcelWorld - 14:10:31.458 main - o.a.w.b.BcelWorld.lookupJavaClass o.a.w.l.LTWWorld@2b4a2ec7 java.util.Iterator, o.a.a.b.c.JavaClass@1de76cc7
14:10:31.458 [main] DEBUG org.aspectj.weaver.bcel.BcelWorld - 14:10:31.458 main - o.a.w.b.BcelWorld.lookupJavaClass o.a.w.l.LTWWorld@2b4a2ec7 io.qameta.allure.internal.shadowed.jackson.databind.deser.ValueInstantiator, o.a.a.b.c.JavaClass@4a3329b9
14:10:31.458 [main] DEBUG org.aspectj.weaver.bcel.BcelWorld - 14:10:31.458 main - o.a.w.b.BcelWorld.lookupJavaClass o.a.w.l.LTWWorld@2b4a2ec7 io.qameta.allure.internal.shadowed.jackson.databind.util.TokenBuffer, o.a.a.b.c.JavaClass@72cf2de5
14:10:31.458 [main] DEBUG org.aspectj.weaver.bcel.BcelWorld - 14:10:31.458 main - o.a.w.b.BcelWorld.lookupJavaClass o.a.w.l.LTWWorld@2b4a2ec7 java.lang.Throwable, o.a.a.b.c.JavaClass@5e600dd5
14:10:31.458 [main] DEBUG org.aspectj.weaver.bcel.BcelWeaver - 14:10:31.458 main < o.a.w.b.BcelWeaver.weaveAndNotify
14:10:31.458 [main] DEBUG org.aspectj.weaver.bcel.BcelWeaver - 14:10:31.458 main < o.a.w.b.BcelWeaver.weave java.util.ArrayList(1)
14:10:31.459 [main] DEBUG o.a.weaver.tools.WeavingAdaptor - 14:10:31.458 main < o.a.w.t.WeavingAdaptor.weaveClass byte[65512]
14:10:31.459 [main] DEBUG org.aspectj.weaver.Dump - 14:10:31.459 main > o.a.w.Dump.dumpOnExit o.a.w.t.WeavingAdaptor$WeavingAdaptorMessageHolder@6a6afff2
14:10:31.459 [main] DEBUG org.aspectj.weaver.Dump - 14:10:31.459 main > o.a.w.Dump.shouldDumpOnExit o.a.w.t.WeavingAdaptor$WeavingAdaptorMessageHolder@6a6afff2
14:10:31.459 [main] DEBUG org.aspectj.weaver.Dump - 14:10:31.459 main - o.a.w.Dump.shouldDumpOnExit abort
14:10:31.459 [main] DEBUG org.aspectj.weaver.Dump - 14:10:31.459 main < o.a.w.Dump.shouldDumpOnExit false
14:10:31.459 [main] DEBUG org.aspectj.weaver.Dump - 14:10:31.459 main < o.a.w.Dump.dumpOnExit Excluded
14:10:31.459 [main] DEBUG org.aspectj.weaver.loadtime.Aj - 14:10:31.459 main < o.a.w.l.Aj.preProcess byte[65512]
14:10:31.467 [main] DEBUG org.aspectj.weaver.loadtime.Aj - 14:10:31.467 main > o.a.w.l.Aj.preProcess o.a.w.l.Aj@b9afc07 io/qameta/allure/internal/shadowed/jackson/databind/deser/impl/ErrorThrowingDeserializer, byte[1198], j.i.l.ClassLoaders$AppClassLoader@3cd1a2f1
14:10:31.467 [main] DEBUG org.aspectj.weaver.loadtime.Aj - 14:10:31.467 main - o.a.w.l.Aj.preProcess o.a.w.l.Aj@b9afc07 j.i.l.ClassLoaders$PlatformClassLoader@1ad282e0, j.i.l.ClassLoaders$AppClassLoader@3cd1a2f1
14:10:31.467 [main] DEBUG o.a.weaver.tools.WeavingAdaptor - 14:10:31.467 main > o.a.w.t.WeavingAdaptor.weaveClass o.a.w.l.ClassLoaderWeavingAdaptor@140e5a13 io/qameta/allure/internal/shadowed/jackson/databind/deser/impl/ErrorThrowingDeserializer, byte[1198]
14:10:31.467 [main] DEBUG org.aspectj.weaver.bcel.BcelWeaver - 14:10:31.467 main > o.a.w.b.BcelWeaver.weave o.a.w.b.BcelWeaver@48524010 o.a.w.t.WeavingAdaptor$WeavingClassFileProvider@250b236d
14:10:31.468 [main] DEBUG org.aspectj.weaver.bcel.BcelWeaver - 14:10:31.467 main > o.a.w.b.BcelWeaver.weaveAndNotify o.a.w.b.BcelWeaver@48524010 o.a.w.b.UnwovenClassFile@61f3fbb8, o.a.w.b.BcelObjectType@7551da2a, o.a.w.t.WeavingAdaptor$WeavingClassFileProvider$1@432034a
14:10:31.468 [main] DEBUG org.aspectj.weaver.bcel.BcelWeaver - 14:10:31.468 main < o.a.w.b.BcelWeaver.weaveAndNotify
14:10:31.468 [main] DEBUG org.aspectj.weaver.bcel.BcelWeaver - 14:10:31.468 main < o.a.w.b.BcelWeaver.weave java.util.ArrayList(1)
14:10:31.468 [main] DEBUG o.a.weaver.tools.WeavingAdaptor - 14:10:31.468 main < o.a.w.t.WeavingAdaptor.weaveClass byte[1198]
14:10:31.468 [main] DEBUG org.aspectj.weaver.Dump - 14:10:31.468 main > o.a.w.Dump.dumpOnExit o.a.w.t.WeavingAdaptor$WeavingAdaptorMessageHolder@6a6afff2
14:10:31.468 [main] DEBUG org.aspectj.weaver.Dump - 14:10:31.468 main > o.a.w.Dump.shouldDumpOnExit o.a.w.t.WeavingAdaptor$WeavingAdaptorMessageHolder@6a6afff2
14:10:31.468 [main] DEBUG org.aspectj.weaver.Dump - 14:10:31.468 main - o.a.w.Dump.shouldDumpOnExit abort
14:10:31.468 [main] DEBUG org.aspectj.weaver.Dump - 14:10:31.468 main < o.a.w.Dump.shouldDumpOnExit false
14:10:31.468 [main] DEBUG org.aspectj.weaver.Dump - 14:10:31.468 main < o.a.w.Dump.dumpOnExit Excluded
14:10:31.468 [main] DEBUG org.aspectj.weaver.loadtime.Aj - 14:10:31.468 main < o.a.w.l.Aj.preProcess byte[1198]
14:10:31.471 [main] DEBUG org.aspectj.weaver.loadtime.Aj - 14:10:31.471 main > o.a.w.l.Aj.preProcess o.a.w.l.Aj@b9afc07 io/qameta/allure/internal/shadowed/jackson/databind/deser/impl/MethodProperty, byte[10000], j.i.l.ClassLoaders$AppClassLoader@3cd1a2f1
14:10:31.471 [main] DEBUG org.aspectj.weaver.loadtime.Aj - 14:10:31.471 main - o.a.w.l.Aj.preProcess o.a.w.l.Aj@b9afc07 j.i.l.ClassLoaders$PlatformClassLoader@1ad282e0, j.i.l.ClassLoaders$AppClassLoader@3cd1a2f1
14:10:31.471 [main] DEBUG o.a.weaver.tools.WeavingAdaptor - 14:10:31.471 main > o.a.w.t.WeavingAdaptor.weaveClass o.a.w.l.ClassLoaderWeavingAdaptor@140e5a13 io/qameta/allure/internal/shadowed/jackson/databind/deser/impl/MethodProperty, byte[10000]
14:10:31.472 [main] DEBUG org.aspectj.weaver.bcel.BcelWeaver - 14:10:31.472 main > o.a.w.b.BcelWeaver.weave o.a.w.b.BcelWeaver@48524010 o.a.w.t.WeavingAdaptor$WeavingClassFileProvider@63da207f
14:10:31.472 [main] DEBUG org.aspectj.weaver.bcel.BcelWeaver - 14:10:31.472 main > o.a.w.b.BcelWeaver.weaveAndNotify o.a.w.b.BcelWeaver@48524010 o.a.w.b.UnwovenClassFile@173373b4, o.a.w.b.BcelObjectType@40d10481, o.a.w.t.WeavingAdaptor$WeavingClassFileProvider$1@60dd3c23
14:10:31.472 [main] DEBUG org.aspectj.weaver.bcel.BcelWorld - 14:10:31.472 main - o.a.w.b.BcelWorld.lookupJavaClass o.a.w.l.LTWWorld@2b4a2ec7 io.qameta.allure.internal.shadowed.jackson.databind.introspect.ConcreteBeanPropertyBase, o.a.a.b.c.JavaClass@6928f576
14:10:31.472 [main] DEBUG org.aspectj.weaver.bcel.BcelWorld - 14:10:31.472 main - o.a.w.b.BcelWorld.lookupJavaClass o.a.w.l.LTWWorld@2b4a2ec7 io.qameta.allure.internal.shadowed.jackson.databind.util.Named, o.a.a.b.c.JavaClass@1eef9aef
14:10:31.475 [main] DEBUG org.aspectj.weaver.bcel.BcelWeaver - 14:10:31.475 main < o.a.w.b.BcelWeaver.weaveAndNotify
14:10:31.475 [main] DEBUG org.aspectj.weaver.bcel.BcelWeaver - 14:10:31.475 main < o.a.w.b.BcelWeaver.weave java.util.ArrayList(1)
14:10:31.475 [main] DEBUG o.a.weaver.tools.WeavingAdaptor - 14:10:31.475 main < o.a.w.t.WeavingAdaptor.weaveClass byte[10000]
14:10:31.475 [main] DEBUG org.aspectj.weaver.Dump - 14:10:31.475 main > o.a.w.Dump.dumpOnExit o.a.w.t.WeavingAdaptor$WeavingAdaptorMessageHolder@6a6afff2
14:10:31.475 [main] DEBUG org.aspectj.weaver.Dump - 14:10:31.475 main > o.a.w.Dump.shouldDumpOnExit o.a.w.t.WeavingAdaptor$WeavingAdaptorMessageHolder@6a6afff2
14:10:31.475 [main] DEBUG org.aspectj.weaver.Dump - 14:10:31.475 main - o.a.w.Dump.shouldDumpOnExit abort
14:10:31.476 [main] DEBUG org.aspectj.weaver.Dump - 14:10:31.475 main < o.a.w.Dump.shouldDumpOnExit false
14:10:31.476 [main] DEBUG org.aspectj.weaver.Dump - 14:10:31.476 main < o.a.w.Dump.dumpOnExit Excluded
14:10:31.476 [main] DEBUG org.aspectj.weaver.loadtime.Aj - 14:10:31.476 main < o.a.w.l.Aj.preProcess byte[10000]
14:10:31.480 [main] DEBUG org.aspectj.weaver.loadtime.Aj - 14:10:31.480 main > o.a.w.l.Aj.preProcess o.a.w.l.Aj@b9afc07 io/qameta/allure/internal/shadowed/jackson/databind/deser/impl/FieldProperty, byte[9972], j.i.l.ClassLoaders$AppClassLoader@3cd1a2f1
14:10:31.480 [main] DEBUG org.aspectj.weaver.loadtime.Aj - 14:10:31.480 main - o.a.w.l.Aj.preProcess o.a.w.l.Aj@b9afc07 j.i.l.ClassLoaders$PlatformClassLoader@1ad282e0, j.i.l.ClassLoaders$AppClassLoader@3cd1a2f1
14:10:31.480 [main] DEBUG o.a.weaver.tools.WeavingAdaptor - 14:10:31.480 main > o.a.w.t.WeavingAdaptor.weaveClass o.a.w.l.ClassLoaderWeavingAdaptor@140e5a13 io/qameta/allure/internal/shadowed/jackson/databind/deser/impl/FieldProperty, byte[9972]
14:10:31.498 [main] DEBUG org.aspectj.weaver.bcel.BcelWeaver - 14:10:31.498 main > o.a.w.b.BcelWeaver.weave o.a.w.b.BcelWeaver@48524010 o.a.w.t.WeavingAdaptor$WeavingClassFileProvider@215a34b4
14:10:31.499 [main] DEBUG org.aspectj.weaver.bcel.BcelWeaver - 14:10:31.499 main > o.a.w.b.BcelWeaver.weaveAndNotify o.a.w.b.BcelWeaver@48524010 o.a.w.b.UnwovenClassFile@77bd7fe7, o.a.w.b.BcelObjectType@35d3ab60, o.a.w.t.WeavingAdaptor$WeavingClassFileProvider$1@10876a6
14:10:31.500 [main] DEBUG org.aspectj.weaver.bcel.BcelWeaver - 14:10:31.500 main < o.a.w.b.BcelWeaver.weaveAndNotify
14:10:31.500 [main] DEBUG org.aspectj.weaver.bcel.BcelWeaver - 14:10:31.500 main < o.a.w.b.BcelWeaver.weave java.util.ArrayList(1)
14:10:31.500 [main] DEBUG o.a.weaver.tools.WeavingAdaptor - 14:10:31.500 main < o.a.w.t.WeavingAdaptor.weaveClass byte[9972]
14:10:31.500 [main] DEBUG org.aspectj.weaver.Dump - 14:10:31.500 main > o.a.w.Dump.dumpOnExit o.a.w.t.WeavingAdaptor$WeavingAdaptorMessageHolder@6a6afff2
14:10:31.500 [main] DEBUG org.aspectj.weaver.Dump - 14:10:31.500 main > o.a.w.Dump.shouldDumpOnExit o.a.w.t.WeavingAdaptor$WeavingAdaptorMessageHolder@6a6afff2
14:10:31.500 [main] DEBUG org.aspectj.weaver.Dump - 14:10:31.500 main - o.a.w.Dump.shouldDumpOnExit abort
14:10:31.500 [main] DEBUG org.aspectj.weaver.Dump - 14:10:31.500 main < o.a.w.Dump.shouldDumpOnExit false
14:10:31.500 [main] DEBUG org.aspectj.weaver.Dump - 14:10:31.500 main < o.a.w.Dump.dumpOnExit Excluded
14:10:31.500 [main] DEBUG org.aspectj.weaver.loadtime.Aj - 14:10:31.500 main < o.a.w.l.Aj.preProcess byte[9972]
14:10:31.502 [main] DEBUG org.aspectj.weaver.loadtime.Aj - 14:10:31.502 main > o.a.w.l.Aj.preProcess o.a.w.l.Aj@b9afc07 io/qameta/allure/internal/shadowed/jackson/databind/deser/impl/UnsupportedTypeDeserializer, byte[2422], j.i.l.ClassLoaders$AppClassLoader@3cd1a2f1
14:10:31.502 [main] DEBUG org.aspectj.weaver.loadtime.Aj - 14:10:31.502 main - o.a.w.l.Aj.preProcess o.a.w.l.Aj@b9afc07 j.i.l.ClassLoaders$PlatformClassLoader@1ad282e0, j.i.l.ClassLoaders$AppClassLoader@3cd1a2f1
14:10:31.502 [main] DEBUG o.a.weaver.tools.WeavingAdaptor - 14:10:31.502 main > o.a.w.t.WeavingAdaptor.weaveClass o.a.w.l.ClassLoaderWeavingAdaptor@140e5a13 io/qameta/allure/internal/shadowed/jackson/databind/deser/impl/UnsupportedTypeDeserializer, byte[2422]
14:10:31.503 [main] DEBUG org.aspectj.weaver.bcel.BcelWeaver - 14:10:31.503 main > o.a.w.b.BcelWeaver.weave o.a.w.b.BcelWeaver@48524010 o.a.w.t.WeavingAdaptor$WeavingClassFileProvider@56303475
14:10:31.503 [main] DEBUG org.aspectj.weaver.bcel.BcelWeaver - 14:10:31.503 main > o.a.w.b.BcelWeaver.weaveAndNotify o.a.w.b.BcelWeaver@48524010 o.a.w.b.UnwovenClassFile@30506c0d, o.a.w.b.BcelObjectType@1dcca8d3, o.a.w.t.WeavingAdaptor$WeavingClassFileProvider$1@5631962
14:10:31.503 [main] DEBUG org.aspectj.weaver.bcel.BcelWeaver - 14:10:31.503 main < o.a.w.b.BcelWeaver.weaveAndNotify
14:10:31.503 [main] DEBUG org.aspectj.weaver.bcel.BcelWeaver - 14:10:31.503 main < o.a.w.b.BcelWeaver.weave java.util.ArrayList(1)
14:10:31.504 [main] DEBUG o.a.weaver.tools.WeavingAdaptor - 14:10:31.503 main < o.a.w.t.WeavingAdaptor.weaveClass byte[2422]
14:10:31.504 [main] DEBUG org.aspectj.weaver.Dump - 14:10:31.504 main > o.a.w.Dump.dumpOnExit o.a.w.t.WeavingAdaptor$WeavingAdaptorMessageHolder@6a6afff2
14:10:31.504 [main] DEBUG org.aspectj.weaver.Dump - 14:10:31.504 main > o.a.w.Dump.shouldDumpOnExit o.a.w.t.WeavingAdaptor$WeavingAdaptorMessageHolder@6a6afff2
14:10:31.504 [main] DEBUG org.aspectj.weaver.Dump - 14:10:31.504 main - o.a.w.Dump.shouldDumpOnExit abort
14:10:31.504 [main] DEBUG org.aspectj.weaver.Dump - 14:10:31.504 main < o.a.w.Dump.shouldDumpOnExit false
14:10:31.504 [main] DEBUG org.aspectj.weaver.Dump - 14:10:31.504 main < o.a.w.Dump.dumpOnExit Excluded
14:10:31.504 [main] DEBUG org.aspectj.weaver.loadtime.Aj - 14:10:31.504 main < o.a.w.l.Aj.preProcess byte[2422]
14:10:31.506 [main] DEBUG org.aspectj.weaver.loadtime.Aj - 14:10:31.506 main > o.a.w.l.Aj.preProcess o.a.w.l.Aj@b9afc07 io/qameta/allure/internal/shadowed/jackson/databind/deser/impl/SetterlessProperty, byte[9037], j.i.l.ClassLoaders$AppClassLoader@3cd1a2f1
14:10:31.506 [main] DEBUG org.aspectj.weaver.loadtime.Aj - 14:10:31.506 main - o.a.w.l.Aj.preProcess o.a.w.l.Aj@b9afc07 j.i.l.ClassLoaders$PlatformClassLoader@1ad282e0, j.i.l.ClassLoaders$AppClassLoader@3cd1a2f1
14:10:31.506 [main] DEBUG o.a.weaver.tools.WeavingAdaptor - 14:10:31.506 main > o.a.w.t.WeavingAdaptor.weaveClass o.a.w.l.ClassLoaderWeavingAdaptor@140e5a13 io/qameta/allure/internal/shadowed/jackson/databind/deser/impl/SetterlessProperty, byte[9037]
14:10:31.507 [main] DEBUG org.aspectj.weaver.bcel.BcelWeaver - 14:10:31.506 main > o.a.w.b.BcelWeaver.weave o.a.w.b.BcelWeaver@48524010 o.a.w.t.WeavingAdaptor$WeavingClassFileProvider@6e1f8469
14:10:31.507 [main] DEBUG org.aspectj.weaver.bcel.BcelWeaver - 14:10:31.507 main > o.a.w.b.BcelWeaver.weaveAndNotify o.a.w.b.BcelWeaver@48524010 o.a.w.b.UnwovenClassFile@2e380628, o.a.w.b.BcelObjectType@3b6c624, o.a.w.t.WeavingAdaptor$WeavingClassFileProvider$1@1eaf1e62
14:10:31.508 [main] DEBUG org.aspectj.weaver.bcel.BcelWeaver - 14:10:31.508 main < o.a.w.b.BcelWeaver.weaveAndNotify
14:10:31.508 [main] DEBUG org.aspectj.weaver.bcel.BcelWeaver - 14:10:31.508 main < o.a.w.b.BcelWeaver.weave java.util.ArrayList(1)
14:10:31.508 [main] DEBUG o.a.weaver.tools.WeavingAdaptor - 14:10:31.508 main < o.a.w.t.WeavingAdaptor.weaveClass byte[9037]
14:10:31.508 [main] DEBUG org.aspectj.weaver.Dump - 14:10:31.508 main > o.a.w.Dump.dumpOnExit o.a.w.t.WeavingAdaptor$WeavingAdaptorMessageHolder@6a6afff2
14:10:31.508 [main] DEBUG org.aspectj.weaver.Dump - 14:10:31.508 main > o.a.w.Dump.shouldDumpOnExit o.a.w.t.WeavingAdaptor$WeavingAdaptorMessageHolder@6a6afff2
14:10:31.508 [main] DEBUG org.aspectj.weaver.Dump - 14:10:31.508 main - o.a.w.Dump.shouldDumpOnExit abort
14:10:31.508 [main] DEBUG org.aspectj.weaver.Dump - 14:10:31.508 main < o.a.w.Dump.shouldDumpOnExit false
14:10:31.508 [main] DEBUG org.aspectj.weaver.Dump - 14:10:31.508 main < o.a.w.Dump.dumpOnExit Excluded
14:10:31.508 [main] DEBUG org.aspectj.weaver.loadtime.Aj - 14:10:31.508 main < o.a.w.l.Aj.preProcess byte[9037]
14:10:31.584 [main] DEBUG org.aspectj.weaver.loadtime.Aj - 14:10:31.584 main > o.a.w.l.Aj.preProcess o.a.w.l.Aj@b9afc07 io/qameta/allure/internal/shadowed/jackson/databind/deser/Deserializers, byte[8404], j.i.l.ClassLoaders$AppClassLoader@3cd1a2f1
14:10:31.585 [main] DEBUG org.aspectj.weaver.loadtime.Aj - 14:10:31.585 main - o.a.w.l.Aj.preProcess o.a.w.l.Aj@b9afc07 j.i.l.ClassLoaders$PlatformClassLoader@1ad282e0, j.i.l.ClassLoaders$AppClassLoader@3cd1a2f1
14:10:31.585 [main] DEBUG o.a.weaver.tools.WeavingAdaptor - 14:10:31.585 main > o.a.w.t.WeavingAdaptor.weaveClass o.a.w.l.ClassLoaderWeavingAdaptor@140e5a13 io/qameta/allure/internal/shadowed/jackson/databind/deser/Deserializers, byte[8404]
14:10:31.585 [main] DEBUG org.aspectj.weaver.bcel.BcelWeaver - 14:10:31.585 main > o.a.w.b.BcelWeaver.weave o.a.w.b.BcelWeaver@48524010 o.a.w.t.WeavingAdaptor$WeavingClassFileProvider@14fc5d40
14:10:31.585 [main] DEBUG org.aspectj.weaver.bcel.BcelWeaver - 14:10:31.585 main > o.a.w.b.BcelWeaver.weaveAndNotify o.a.w.b.BcelWeaver@48524010 o.a.w.b.UnwovenClassFile@51e0301d, o.a.w.b.BcelObjectType@47d7bfb3, o.a.w.t.WeavingAdaptor$WeavingClassFileProvider$1@770b3be0
14:10:31.586 [main] DEBUG org.aspectj.weaver.bcel.BcelWeaver - 14:10:31.586 main < o.a.w.b.BcelWeaver.weaveAndNotify
14:10:31.586 [main] DEBUG org.aspectj.weaver.bcel.BcelWeaver - 14:10:31.586 main < o.a.w.b.BcelWeaver.weave java.util.ArrayList(1)
14:10:31.586 [main] DEBUG o.a.weaver.tools.WeavingAdaptor - 14:10:31.586 main < o.a.w.t.WeavingAdaptor.weaveClass byte[8404]
14:10:31.586 [main] DEBUG org.aspectj.weaver.Dump - 14:10:31.586 main > o.a.w.Dump.dumpOnExit o.a.w.t.WeavingAdaptor$WeavingAdaptorMessageHolder@6a6afff2
14:10:31.586 [main] DEBUG org.aspectj.weaver.Dump - 14:10:31.586 main > o.a.w.Dump.shouldDumpOnExit o.a.w.t.WeavingAdaptor$WeavingAdaptorMessageHolder@6a6afff2
14:10:31.586 [main] DEBUG org.aspectj.weaver.Dump - 14:10:31.586 main - o.a.w.Dump.shouldDumpOnExit abort
14:10:31.586 [main] DEBUG org.aspectj.weaver.Dump - 14:10:31.586 main < o.a.w.Dump.shouldDumpOnExit false
14:10:31.586 [main] DEBUG org.aspectj.weaver.Dump - 14:10:31.586 main < o.a.w.Dump.dumpOnExit Excluded
14:10:31.586 [main] DEBUG org.aspectj.weaver.loadtime.Aj - 14:10:31.586 main < o.a.w.l.Aj.preProcess byte[8404]
14:10:31.588 [main] DEBUG org.aspectj.weaver.loadtime.Aj - 14:10:31.588 main > o.a.w.l.Aj.preProcess o.a.w.l.Aj@b9afc07 io/qameta/allure/internal/shadowed/jackson/databind/PropertyName, byte[4950], j.i.l.ClassLoaders$AppClassLoader@3cd1a2f1
14:10:31.588 [main] DEBUG org.aspectj.weaver.loadtime.Aj - 14:10:31.588 main - o.a.w.l.Aj.preProcess o.a.w.l.Aj@b9afc07 j.i.l.ClassLoaders$PlatformClassLoader@1ad282e0, j.i.l.ClassLoaders$AppClassLoader@3cd1a2f1
14:10:31.588 [main] DEBUG o.a.weaver.tools.WeavingAdaptor - 14:10:31.588 main > o.a.w.t.WeavingAdaptor.weaveClass o.a.w.l.ClassLoaderWeavingAdaptor@140e5a13 io/qameta/allure/internal/shadowed/jackson/databind/PropertyName, byte[4950]
14:10:31.588 [main] DEBUG org.aspectj.weaver.bcel.BcelWeaver - 14:10:31.588 main > o.a.w.b.BcelWeaver.weave o.a.w.b.BcelWeaver@48524010 o.a.w.t.WeavingAdaptor$WeavingClassFileProvider@5f13be1
14:10:31.589 [main] DEBUG org.aspectj.weaver.bcel.BcelWeaver - 14:10:31.589 main > o.a.w.b.BcelWeaver.weaveAndNotify o.a.w.b.BcelWeaver@48524010 o.a.w.b.UnwovenClassFile@5f303ecd, o.a.w.b.BcelObjectType@50d3bf39, o.a.w.t.WeavingAdaptor$WeavingClassFileProvider$1@25a73de1
14:10:31.589 [main] DEBUG org.aspectj.weaver.bcel.BcelWeaver - 14:10:31.589 main < o.a.w.b.BcelWeaver.weaveAndNotify
14:10:31.589 [main] DEBUG org.aspectj.weaver.bcel.BcelWeaver - 14:10:31.589 main < o.a.w.b.BcelWeaver.weave java.util.ArrayList(1)
14:10:31.589 [main] DEBUG o.a.weaver.tools.WeavingAdaptor - 14:10:31.589 main < o.a.w.t.WeavingAdaptor.weaveClass byte[4950]
14:10:31.590 [main] DEBUG org.aspectj.weaver.Dump - 14:10:31.590 main > o.a.w.Dump.dumpOnExit o.a.w.t.WeavingAdaptor$WeavingAdaptorMessageHolder@6a6afff2
14:10:31.590 [main] DEBUG org.aspectj.weaver.Dump - 14:10:31.590 main > o.a.w.Dump.shouldDumpOnExit o.a.w.t.WeavingAdaptor$WeavingAdaptorMessageHolder@6a6afff2
14:10:31.590 [main] DEBUG org.aspectj.weaver.Dump - 14:10:31.590 main - o.a.w.Dump.shouldDumpOnExit abort
14:10:31.590 [main] DEBUG org.aspectj.weaver.Dump - 14:10:31.590 main < o.a.w.Dump.shouldDumpOnExit false
14:10:31.590 [main] DEBUG org.aspectj.weaver.Dump - 14:10:31.590 main < o.a.w.Dump.dumpOnExit Excluded
14:10:31.590 [main] DEBUG org.aspectj.weaver.loadtime.Aj - 14:10:31.590 main < o.a.w.l.Aj.preProcess byte[4950]
14:10:31.592 [main] DEBUG org.aspectj.weaver.loadtime.Aj - 14:10:31.591 main > o.a.w.l.Aj.preProcess o.a.w.l.Aj@b9afc07 io/qameta/allure/internal/shadowed/jackson/databind/cfg/DeserializerFactoryConfig, byte[7105], j.i.l.ClassLoaders$AppClassLoader@3cd1a2f1
14:10:31.592 [main] DEBUG org.aspectj.weaver.loadtime.Aj - 14:10:31.592 main - o.a.w.l.Aj.preProcess o.a.w.l.Aj@b9afc07 j.i.l.ClassLoaders$PlatformClassLoader@1ad282e0, j.i.l.ClassLoaders$AppClassLoader@3cd1a2f1
14:10:31.592 [main] DEBUG o.a.weaver.tools.WeavingAdaptor - 14:10:31.592 main > o.a.w.t.WeavingAdaptor.weaveClass o.a.w.l.ClassLoaderWeavingAdaptor@140e5a13 io/qameta/allure/internal/shadowed/jackson/databind/cfg/DeserializerFactoryConfig, byte[7105]
14:10:31.594 [main] DEBUG org.aspectj.weaver.bcel.BcelWeaver - 14:10:31.592 main > o.a.w.b.BcelWeaver.weave o.a.w.b.BcelWeaver@48524010 o.a.w.t.WeavingAdaptor$WeavingClassFileProvider@51827393
14:10:31.594 [main] DEBUG org.aspectj.weaver.bcel.BcelWeaver - 14:10:31.594 main > o.a.w.b.BcelWeaver.weaveAndNotify o.a.w.b.BcelWeaver@48524010 o.a.w.b.UnwovenClassFile@3be4f71, o.a.w.b.BcelObjectType@5c645b43, o.a.w.t.WeavingAdaptor$WeavingClassFileProvider$1@6bd16207
14:10:31.595 [main] DEBUG org.aspectj.weaver.bcel.BcelWorld - 14:10:31.595 main - o.a.w.b.BcelWorld.lookupJavaClass o.a.w.l.LTWWorld@2b4a2ec7 io.qameta.allure.internal.shadowed.jackson.databind.deser.KeyDeserializers, o.a.a.b.c.JavaClass@62ea3440
14:10:31.595 [main] DEBUG org.aspectj.weaver.bcel.BcelWorld - 14:10:31.595 main - o.a.w.b.BcelWorld.lookupJavaClass o.a.w.l.LTWWorld@2b4a2ec7 io.qameta.allure.internal.shadowed.jackson.databind.deser.BeanDeserializerModifier, o.a.a.b.c.JavaClass@66ce957f
14:10:31.595 [main] DEBUG org.aspectj.weaver.bcel.BcelWorld - 14:10:31.595 main - o.a.w.b.BcelWorld.lookupJavaClass o.a.w.l.LTWWorld@2b4a2ec7 io.qameta.allure.internal.shadowed.jackson.databind.AbstractTypeResolver, o.a.a.b.c.JavaClass@666b83a4
14:10:31.595 [main] DEBUG org.aspectj.weaver.bcel.BcelWorld - 14:10:31.595 main - o.a.w.b.BcelWorld.lookupJavaClass o.a.w.l.LTWWorld@2b4a2ec7 io.qameta.allure.internal.shadowed.jackson.databind.deser.ValueInstantiators, o.a.a.b.c.JavaClass@16ecee1
14:10:31.596 [main] DEBUG org.aspectj.weaver.bcel.BcelWeaver - 14:10:31.596 main < o.a.w.b.BcelWeaver.weaveAndNotify
14:10:31.596 [main] DEBUG org.aspectj.weaver.bcel.BcelWeaver - 14:10:31.596 main < o.a.w.b.BcelWeaver.weave java.util.ArrayList(1)
14:10:31.596 [main] DEBUG o.a.weaver.tools.WeavingAdaptor - 14:10:31.596 main < o.a.w.t.WeavingAdaptor.weaveClass byte[7105]
14:10:31.596 [main] DEBUG org.aspectj.weaver.Dump - 14:10:31.596 main > o.a.w.Dump.dumpOnExit o.a.w.t.WeavingAdaptor$WeavingAdaptorMessageHolder@6a6afff2
14:10:31.596 [main] DEBUG org.aspectj.weaver.Dump - 14:10:31.596 main > o.a.w.Dump.shouldDumpOnExit o.a.w.t.WeavingAdaptor$WeavingAdaptorMessageHolder@6a6afff2
14:10:31.596 [main] DEBUG org.aspectj.weaver.Dump - 14:10:31.596 main - o.a.w.Dump.shouldDumpOnExit abort
14:10:31.596 [main] DEBUG org.aspectj.weaver.Dump - 14:10:31.596 main < o.a.w.Dump.shouldDumpOnExit false
14:10:31.596 [main] DEBUG org.aspectj.weaver.Dump - 14:10:31.596 main < o.a.w.Dump.dumpOnExit Excluded
14:10:31.596 [main] DEBUG org.aspectj.weaver.loadtime.Aj - 14:10:31.596 main < o.a.w.l.Aj.preProcess byte[7105]
14:10:31.598 [main] DEBUG org.aspectj.weaver.loadtime.Aj - 14:10:31.598 main > o.a.w.l.Aj.preProcess o.a.w.l.Aj@b9afc07 io/qameta/allure/internal/shadowed/jackson/databind/deser/BeanDeserializerModifier, byte[9959], j.i.l.ClassLoaders$AppClassLoader@3cd1a2f1
14:10:31.598 [main] DEBUG org.aspectj.weaver.loadtime.Aj - 14:10:31.598 main - o.a.w.l.Aj.preProcess o.a.w.l.Aj@b9afc07 j.i.l.ClassLoaders$PlatformClassLoader@1ad282e0, j.i.l.ClassLoaders$AppClassLoader@3cd1a2f1
14:10:31.599 [main] DEBUG o.a.weaver.tools.WeavingAdaptor - 14:10:31.598 main > o.a.w.t.WeavingAdaptor.weaveClass o.a.w.l.ClassLoaderWeavingAdaptor@140e5a13 io/qameta/allure/internal/shadowed/jackson/databind/deser/BeanDeserializerModifier, byte[9959]
14:10:31.599 [main] DEBUG org.aspectj.weaver.bcel.BcelWeaver - 14:10:31.599 main > o.a.w.b.BcelWeaver.weave o.a.w.b.BcelWeaver@48524010 o.a.w.t.WeavingAdaptor$WeavingClassFileProvider@7ac9af2a
14:10:31.599 [main] DEBUG org.aspectj.weaver.bcel.BcelWeaver - 14:10:31.599 main > o.a.w.b.BcelWeaver.weaveAndNotify o.a.w.b.BcelWeaver@48524010 o.a.w.b.UnwovenClassFile@7bb004b8, o.a.w.b.BcelObjectType@78e89bfe, o.a.w.t.WeavingAdaptor$WeavingClassFileProvider$1@652ce654
14:10:31.600 [main] DEBUG org.aspectj.weaver.bcel.BcelWorld - 14:10:31.600 main - o.a.w.b.BcelWorld.lookupJavaClass o.a.w.l.LTWWorld@2b4a2ec7 io.qameta.allure.internal.shadowed.jackson.databind.deser.BeanDeserializerBuilder, o.a.a.b.c.JavaClass@2fea7088
14:10:31.600 [main] DEBUG org.aspectj.weaver.bcel.BcelWorld - 14:10:31.600 main - o.a.w.b.BcelWorld.lookupJavaClass o.a.w.l.LTWWorld@2b4a2ec7 io.qameta.allure.internal.shadowed.jackson.databind.type.ReferenceType, o.a.a.b.c.JavaClass@56c9bbd8
14:10:31.600 [main] DEBUG org.aspectj.weaver.bcel.BcelWorld - 14:10:31.600 main - o.a.w.b.BcelWorld.lookupJavaClass o.a.w.l.LTWWorld@2b4a2ec7 io.qameta.allure.internal.shadowed.jackson.databind.KeyDeserializer, o.a.a.b.c.JavaClass@239b0f9d
14:10:31.600 [main] DEBUG org.aspectj.weaver.bcel.BcelWeaver - 14:10:31.600 main < o.a.w.b.BcelWeaver.weaveAndNotify
14:10:31.600 [main] DEBUG org.aspectj.weaver.bcel.BcelWeaver - 14:10:31.600 main < o.a.w.b.BcelWeaver.weave java.util.ArrayList(1)
14:10:31.600 [main] DEBUG o.a.weaver.tools.WeavingAdaptor - 14:10:31.600 main < o.a.w.t.WeavingAdaptor.weaveClass byte[9959]
14:10:31.601 [main] DEBUG org.aspectj.weaver.Dump - 14:10:31.600 main > o.a.w.Dump.dumpOnExit o.a.w.t.WeavingAdaptor$WeavingAdaptorMessageHolder@6a6afff2
14:10:31.601 [main] DEBUG org.aspectj.weaver.Dump - 14:10:31.601 main > o.a.w.Dump.shouldDumpOnExit o.a.w.t.WeavingAdaptor$WeavingAdaptorMessageHolder@6a6afff2
14:10:31.601 [main] DEBUG org.aspectj.weaver.Dump - 14:10:31.601 main - o.a.w.Dump.shouldDumpOnExit abort
14:10:31.601 [main] DEBUG org.aspectj.weaver.Dump - 14:10:31.601 main < o.a.w.Dump.shouldDumpOnExit false
14:10:31.601 [main] DEBUG org.aspectj.weaver.Dump - 14:10:31.601 main < o.a.w.Dump.dumpOnExit Excluded
14:10:31.601 [main] DEBUG org.aspectj.weaver.loadtime.Aj - 14:10:31.601 main < o.a.w.l.Aj.preProcess byte[9959]
14:10:31.603 [main] DEBUG org.aspectj.weaver.loadtime.Aj - 14:10:31.603 main > o.a.w.l.Aj.preProcess o.a.w.l.Aj@b9afc07 io/qameta/allure/internal/shadowed/jackson/databind/AbstractTypeResolver, byte[1404], j.i.l.ClassLoaders$AppClassLoader@3cd1a2f1
14:10:31.603 [main] DEBUG org.aspectj.weaver.loadtime.Aj - 14:10:31.603 main - o.a.w.l.Aj.preProcess o.a.w.l.Aj@b9afc07 j.i.l.ClassLoaders$PlatformClassLoader@1ad282e0, j.i.l.ClassLoaders$AppClassLoader@3cd1a2f1
14:10:31.603 [main] DEBUG o.a.weaver.tools.WeavingAdaptor - 14:10:31.603 main > o.a.w.t.WeavingAdaptor.weaveClass o.a.w.l.ClassLoaderWeavingAdaptor@140e5a13 io/qameta/allure/internal/shadowed/jackson/databind/AbstractTypeResolver, byte[1404]
14:10:31.603 [main] DEBUG org.aspectj.weaver.bcel.BcelWeaver - 14:10:31.603 main > o.a.w.b.BcelWeaver.weave o.a.w.b.BcelWeaver@48524010 o.a.w.t.WeavingAdaptor$WeavingClassFileProvider@185f7840
14:10:31.603 [main] DEBUG org.aspectj.weaver.bcel.BcelWeaver - 14:10:31.603 main > o.a.w.b.BcelWeaver.weaveAndNotify o.a.w.b.BcelWeaver@48524010 o.a.w.b.UnwovenClassFile@1e6cc850, o.a.w.b.BcelObjectType@7e7f0f0a, o.a.w.t.WeavingAdaptor$WeavingClassFileProvider$1@7ec58feb
14:10:31.604 [main] DEBUG org.aspectj.weaver.bcel.BcelWeaver - 14:10:31.604 main < o.a.w.b.BcelWeaver.weaveAndNotify
14:10:31.604 [main] DEBUG org.aspectj.weaver.bcel.BcelWeaver - 14:10:31.604 main < o.a.w.b.BcelWeaver.weave java.util.ArrayList(1)
14:10:31.604 [main] DEBUG o.a.weaver.tools.WeavingAdaptor - 14:10:31.604 main < o.a.w.t.WeavingAdaptor.weaveClass byte[1404]
14:10:31.604 [main] DEBUG org.aspectj.weaver.Dump - 14:10:31.604 main > o.a.w.Dump.dumpOnExit o.a.w.t.WeavingAdaptor$WeavingAdaptorMessageHolder@6a6afff2
14:10:31.604 [main] DEBUG org.aspectj.weaver.Dump - 14:10:31.604 main > o.a.w.Dump.shouldDumpOnExit o.a.w.t.WeavingAdaptor$WeavingAdaptorMessageHolder@6a6afff2
14:10:31.604 [main] DEBUG org.aspectj.weaver.Dump - 14:10:31.604 main - o.a.w.Dump.shouldDumpOnExit abort
14:10:31.604 [main] DEBUG org.aspectj.weaver.Dump - 14:10:31.604 main < o.a.w.Dump.shouldDumpOnExit false
14:10:31.604 [main] DEBUG org.aspectj.weaver.Dump - 14:10:31.604 main < o.a.w.Dump.dumpOnExit Excluded
14:10:31.604 [main] DEBUG org.aspectj.weaver.loadtime.Aj - 14:10:31.604 main < o.a.w.l.Aj.preProcess byte[1404]
14:10:31.605 [main] DEBUG org.aspectj.weaver.loadtime.Aj - 14:10:31.605 main > o.a.w.l.Aj.preProcess o.a.w.l.Aj@b9afc07 io/qameta/allure/internal/shadowed/jackson/databind/deser/ValueInstantiators, byte[635], j.i.l.ClassLoaders$AppClassLoader@3cd1a2f1
14:10:31.606 [main] DEBUG org.aspectj.weaver.loadtime.Aj - 14:10:31.605 main - o.a.w.l.Aj.preProcess o.a.w.l.Aj@b9afc07 j.i.l.ClassLoaders$PlatformClassLoader@1ad282e0, j.i.l.ClassLoaders$AppClassLoader@3cd1a2f1
14:10:31.606 [main] DEBUG o.a.weaver.tools.WeavingAdaptor - 14:10:31.606 main > o.a.w.t.WeavingAdaptor.weaveClass o.a.w.l.ClassLoaderWeavingAdaptor@140e5a13 io/qameta/allure/internal/shadowed/jackson/databind/deser/ValueInstantiators, byte[635]
14:10:31.606 [main] DEBUG org.aspectj.weaver.bcel.BcelWeaver - 14:10:31.606 main > o.a.w.b.BcelWeaver.weave o.a.w.b.BcelWeaver@48524010 o.a.w.t.WeavingAdaptor$WeavingClassFileProvider@77d18d0b
14:10:31.606 [main] DEBUG org.aspectj.weaver.bcel.BcelWeaver - 14:10:31.606 main > o.a.w.b.BcelWeaver.weaveAndNotify o.a.w.b.BcelWeaver@48524010 o.a.w.b.UnwovenClassFile@7a344b65, o.a.w.b.BcelObjectType@7b7b3edb, o.a.w.t.WeavingAdaptor$WeavingClassFileProvider$1@6b474074
14:10:31.606 [main] DEBUG org.aspectj.weaver.bcel.BcelWeaver - 14:10:31.606 main < o.a.w.b.BcelWeaver.weaveAndNotify
14:10:31.606 [main] DEBUG org.aspectj.weaver.bcel.BcelWeaver - 14:10:31.606 main < o.a.w.b.BcelWeaver.weave java.util.ArrayList(1)
14:10:31.606 [main] DEBUG o.a.weaver.tools.WeavingAdaptor - 14:10:31.606 main < o.a.w.t.WeavingAdaptor.weaveClass byte[635]
14:10:31.606 [main] DEBUG org.aspectj.weaver.Dump - 14:10:31.606 main > o.a.w.Dump.dumpOnExit o.a.w.t.WeavingAdaptor$WeavingAdaptorMessageHolder@6a6afff2
14:10:31.607 [main] DEBUG org.aspectj.weaver.Dump - 14:10:31.606 main > o.a.w.Dump.shouldDumpOnExit o.a.w.t.WeavingAdaptor$WeavingAdaptorMessageHolder@6a6afff2
14:10:31.607 [main] DEBUG org.aspectj.weaver.Dump - 14:10:31.607 main - o.a.w.Dump.shouldDumpOnExit abort
14:10:31.607 [main] DEBUG org.aspectj.weaver.Dump - 14:10:31.607 main < o.a.w.Dump.shouldDumpOnExit false
14:10:31.607 [main] DEBUG org.aspectj.weaver.Dump - 14:10:31.607 main < o.a.w.Dump.dumpOnExit Excluded
14:10:31.607 [main] DEBUG org.aspectj.weaver.loadtime.Aj - 14:10:31.607 main < o.a.w.l.Aj.preProcess byte[635]
14:10:31.608 [main] DEBUG org.aspectj.weaver.loadtime.Aj - 14:10:31.608 main > o.a.w.l.Aj.preProcess o.a.w.l.Aj@b9afc07 io/qameta/allure/internal/shadowed/jackson/databind/deser/KeyDeserializers, byte[582], j.i.l.ClassLoaders$AppClassLoader@3cd1a2f1
14:10:31.608 [main] DEBUG org.aspectj.weaver.loadtime.Aj - 14:10:31.608 main - o.a.w.l.Aj.preProcess o.a.w.l.Aj@b9afc07 j.i.l.ClassLoaders$PlatformClassLoader@1ad282e0, j.i.l.ClassLoaders$AppClassLoader@3cd1a2f1
14:10:31.608 [main] DEBUG o.a.weaver.tools.WeavingAdaptor - 14:10:31.608 main > o.a.w.t.WeavingAdaptor.weaveClass o.a.w.l.ClassLoaderWeavingAdaptor@140e5a13 io/qameta/allure/internal/shadowed/jackson/databind/deser/KeyDeserializers, byte[582]
14:10:31.608 [main] DEBUG org.aspectj.weaver.bcel.BcelWeaver - 14:10:31.608 main > o.a.w.b.BcelWeaver.weave o.a.w.b.BcelWeaver@48524010 o.a.w.t.WeavingAdaptor$WeavingClassFileProvider@3b08f438
14:10:31.609 [main] DEBUG org.aspectj.weaver.bcel.BcelWeaver - 14:10:31.609 main > o.a.w.b.BcelWeaver.weaveAndNotify o.a.w.b.BcelWeaver@48524010 o.a.w.b.UnwovenClassFile@2bac9ba, o.a.w.b.BcelObjectType@5b2f8ab6, o.a.w.t.WeavingAdaptor$WeavingClassFileProvider$1@5bdd5689
14:10:31.609 [main] DEBUG org.aspectj.weaver.bcel.BcelWeaver - 14:10:31.609 main < o.a.w.b.BcelWeaver.weaveAndNotify
14:10:31.609 [main] DEBUG org.aspectj.weaver.bcel.BcelWeaver - 14:10:31.609 main < o.a.w.b.BcelWeaver.weave java.util.ArrayList(1)
14:10:31.609 [main] DEBUG o.a.weaver.tools.WeavingAdaptor - 14:10:31.609 main < o.a.w.t.WeavingAdaptor.weaveClass byte[582]
14:10:31.609 [main] DEBUG org.aspectj.weaver.Dump - 14:10:31.609 main > o.a.w.Dump.dumpOnExit o.a.w.t.WeavingAdaptor$WeavingAdaptorMessageHolder@6a6afff2
14:10:31.609 [main] DEBUG org.aspectj.weaver.Dump - 14:10:31.609 main > o.a.w.Dump.shouldDumpOnExit o.a.w.t.WeavingAdaptor$WeavingAdaptorMessageHolder@6a6afff2
14:10:31.609 [main] DEBUG org.aspectj.weaver.Dump - 14:10:31.609 main - o.a.w.Dump.shouldDumpOnExit abort
14:10:31.609 [main] DEBUG org.aspectj.weaver.Dump - 14:10:31.609 main < o.a.w.Dump.shouldDumpOnExit false
14:10:31.609 [main] DEBUG org.aspectj.weaver.Dump - 14:10:31.609 main < o.a.w.Dump.dumpOnExit Excluded
14:10:31.609 [main] DEBUG org.aspectj.weaver.loadtime.Aj - 14:10:31.609 main < o.a.w.l.Aj.preProcess byte[582]
14:10:31.612 [main] DEBUG org.aspectj.weaver.loadtime.Aj - 14:10:31.612 main > o.a.w.l.Aj.preProcess o.a.w.l.Aj@b9afc07 io/qameta/allure/internal/shadowed/jackson/databind/deser/std/StdKeyDeserializers, byte[11654], j.i.l.ClassLoaders$AppClassLoader@3cd1a2f1
14:10:31.612 [main] DEBUG org.aspectj.weaver.loadtime.Aj - 14:10:31.612 main - o.a.w.l.Aj.preProcess o.a.w.l.Aj@b9afc07 j.i.l.ClassLoaders$PlatformClassLoader@1ad282e0, j.i.l.ClassLoaders$AppClassLoader@3cd1a2f1
14:10:31.612 [main] DEBUG o.a.weaver.tools.WeavingAdaptor - 14:10:31.612 main > o.a.w.t.WeavingAdaptor.weaveClass o.a.w.l.ClassLoaderWeavingAdaptor@140e5a13 io/qameta/allure/internal/shadowed/jackson/databind/deser/std/StdKeyDeserializers, byte[11654]
14:10:31.613 [main] DEBUG org.aspectj.weaver.bcel.BcelWeaver - 14:10:31.613 main > o.a.w.b.BcelWeaver.weave o.a.w.b.BcelWeaver@48524010 o.a.w.t.WeavingAdaptor$WeavingClassFileProvider@65ae095c
14:10:31.613 [main] DEBUG org.aspectj.weaver.bcel.BcelWeaver - 14:10:31.613 main > o.a.w.b.BcelWeaver.weaveAndNotify o.a.w.b.BcelWeaver@48524010 o.a.w.b.UnwovenClassFile@4c03a37, o.a.w.b.BcelObjectType@2e140e59, o.a.w.t.WeavingAdaptor$WeavingClassFileProvider$1@49a71302
14:10:31.614 [main] DEBUG org.aspectj.weaver.bcel.BcelWorld - 14:10:31.614 main - o.a.w.b.BcelWorld.lookupJavaClass o.a.w.l.LTWWorld@2b4a2ec7 io.qameta.allure.internal.shadowed.jackson.databind.util.EnumResolver, o.a.a.b.c.JavaClass@1eb6749b
14:10:31.614 [main] DEBUG org.aspectj.weaver.bcel.BcelWorld - 14:10:31.614 main - o.a.w.b.BcelWorld.lookupJavaClass o.a.w.l.LTWWorld@2b4a2ec7 io.qameta.allure.internal.shadowed.jackson.databind.introspect.AnnotatedAndMetadata, o.a.a.b.c.JavaClass@405325cf
14:10:31.614 [main] DEBUG org.aspectj.weaver.bcel.BcelWeaver - 14:10:31.614 main < o.a.w.b.BcelWeaver.weaveAndNotify
14:10:31.614 [main] DEBUG org.aspectj.weaver.bcel.BcelWeaver - 14:10:31.614 main < o.a.w.b.BcelWeaver.weave java.util.ArrayList(1)
14:10:31.614 [main] DEBUG o.a.weaver.tools.WeavingAdaptor - 14:10:31.614 main < o.a.w.t.WeavingAdaptor.weaveClass byte[11654]
14:10:31.614 [main] DEBUG org.aspectj.weaver.Dump - 14:10:31.614 main > o.a.w.Dump.dumpOnExit o.a.w.t.WeavingAdaptor$WeavingAdaptorMessageHolder@6a6afff2
14:10:31.614 [main] DEBUG org.aspectj.weaver.Dump - 14:10:31.614 main > o.a.w.Dump.shouldDumpOnExit o.a.w.t.WeavingAdaptor$WeavingAdaptorMessageHolder@6a6afff2
14:10:31.615 [main] DEBUG org.aspectj.weaver.Dump - 14:10:31.615 main - o.a.w.Dump.shouldDumpOnExit abort
14:10:31.615 [main] DEBUG org.aspectj.weaver.Dump - 14:10:31.615 main < o.a.w.Dump.shouldDumpOnExit false
14:10:31.615 [main] DEBUG org.aspectj.weaver.Dump - 14:10:31.615 main < o.a.w.Dump.dumpOnExit Excluded
14:10:31.615 [main] DEBUG org.aspectj.weaver.loadtime.Aj - 14:10:31.615 main < o.a.w.l.Aj.preProcess byte[11654]
14:10:31.616 [main] DEBUG org.aspectj.weaver.loadtime.Aj - 14:10:31.616 main > o.a.w.l.Aj.preProcess o.a.w.l.Aj@b9afc07 io/qameta/allure/internal/shadowed/jackson/databind/KeyDeserializer, byte[680], j.i.l.ClassLoaders$AppClassLoader@3cd1a2f1
14:10:31.617 [main] DEBUG org.aspectj.weaver.loadtime.Aj - 14:10:31.617 main - o.a.w.l.Aj.preProcess o.a.w.l.Aj@b9afc07 j.i.l.ClassLoaders$PlatformClassLoader@1ad282e0, j.i.l.ClassLoaders$AppClassLoader@3cd1a2f1
14:10:31.617 [main] DEBUG o.a.weaver.tools.WeavingAdaptor - 14:10:31.617 main > o.a.w.t.WeavingAdaptor.weaveClass o.a.w.l.ClassLoaderWeavingAdaptor@140e5a13 io/qameta/allure/internal/shadowed/jackson/databind/KeyDeserializer, byte[680]
14:10:31.617 [main] DEBUG org.aspectj.weaver.bcel.BcelWeaver - 14:10:31.617 main > o.a.w.b.BcelWeaver.weave o.a.w.b.BcelWeaver@48524010 o.a.w.t.WeavingAdaptor$WeavingClassFileProvider@19ccca5
14:10:31.618 [main] DEBUG org.aspectj.weaver.bcel.BcelWeaver - 14:10:31.618 main > o.a.w.b.BcelWeaver.weaveAndNotify o.a.w.b.BcelWeaver@48524010 o.a.w.b.UnwovenClassFile@769d513, o.a.w.b.BcelObjectType@5e4fa1da, o.a.w.t.WeavingAdaptor$WeavingClassFileProvider$1@588cd519
14:10:31.618 [main] DEBUG org.aspectj.weaver.bcel.BcelWeaver - 14:10:31.618 main < o.a.w.b.BcelWeaver.weaveAndNotify
14:10:31.618 [main] DEBUG org.aspectj.weaver.bcel.BcelWeaver - 14:10:31.618 main < o.a.w.b.BcelWeaver.weave java.util.ArrayList(1)
14:10:31.618 [main] DEBUG o.a.weaver.tools.WeavingAdaptor - 14:10:31.618 main < o.a.w.t.WeavingAdaptor.weaveClass byte[680]
14:10:31.618 [main] DEBUG org.aspectj.weaver.Dump - 14:10:31.618 main > o.a.w.Dump.dumpOnExit o.a.w.t.WeavingAdaptor$WeavingAdaptorMessageHolder@6a6afff2
14:10:31.618 [main] DEBUG org.aspectj.weaver.Dump - 14:10:31.618 main > o.a.w.Dump.shouldDumpOnExit o.a.w.t.WeavingAdaptor$WeavingAdaptorMessageHolder@6a6afff2
14:10:31.618 [main] DEBUG org.aspectj.weaver.Dump - 14:10:31.618 main - o.a.w.Dump.shouldDumpOnExit abort
14:10:31.618 [main] DEBUG org.aspectj.weaver.Dump - 14:10:31.618 main < o.a.w.Dump.shouldDumpOnExit false
14:10:31.618 [main] DEBUG org.aspectj.weaver.Dump - 14:10:31.618 main < o.a.w.Dump.dumpOnExit Excluded
14:10:31.618 [main] DEBUG org.aspectj.weaver.loadtime.Aj - 14:10:31.618 main < o.a.w.l.Aj.preProcess byte[680]
14:10:31.623 [main] DEBUG org.aspectj.weaver.loadtime.Aj - 14:10:31.623 main > o.a.w.l.Aj.preProcess o.a.w.l.Aj@b9afc07 io/qameta/allure/internal/shadowed/jackson/databind/deser/std/StdKeyDeserializer$EnumKD, byte[4061], j.i.l.ClassLoaders$AppClassLoader@3cd1a2f1
14:10:31.623 [main] DEBUG org.aspectj.weaver.loadtime.Aj - 14:10:31.623 main - o.a.w.l.Aj.preProcess o.a.w.l.Aj@b9afc07 j.i.l.ClassLoaders$PlatformClassLoader@1ad282e0, j.i.l.ClassLoaders$AppClassLoader@3cd1a2f1
14:10:31.623 [main] DEBUG o.a.weaver.tools.WeavingAdaptor - 14:10:31.623 main > o.a.w.t.WeavingAdaptor.weaveClass o.a.w.l.ClassLoaderWeavingAdaptor@140e5a13 io/qameta/allure/internal/shadowed/jackson/databind/deser/std/StdKeyDeserializer$EnumKD, byte[4061]
14:10:31.624 [main] DEBUG org.aspectj.weaver.bcel.BcelWeaver - 14:10:31.624 main > o.a.w.b.BcelWeaver.weave o.a.w.b.BcelWeaver@48524010 o.a.w.t.WeavingAdaptor$WeavingClassFileProvider@42435b98
14:10:31.626 [main] DEBUG org.aspectj.weaver.bcel.BcelWorld - 14:10:31.626 main - o.a.w.b.BcelWorld.lookupJavaClass o.a.w.l.LTWWorld@2b4a2ec7 io.qameta.allure.internal.shadowed.jackson.databind.deser.std.StdKeyDeserializer, o.a.a.b.c.JavaClass@9d200de
14:10:31.626 [main] DEBUG org.aspectj.weaver.bcel.BcelWeaver - 14:10:31.626 main > o.a.w.b.BcelWeaver.weaveAndNotify o.a.w.b.BcelWeaver@48524010 o.a.w.b.UnwovenClassFile@511505e7, o.a.w.b.BcelObjectType@646811d6, o.a.w.t.WeavingAdaptor$WeavingClassFileProvider$1@15fdd1f2
14:10:31.627 [main] DEBUG org.aspectj.weaver.bcel.BcelWeaver - 14:10:31.627 main < o.a.w.b.BcelWeaver.weaveAndNotify
14:10:31.627 [main] DEBUG org.aspectj.weaver.bcel.BcelWeaver - 14:10:31.627 main < o.a.w.b.BcelWeaver.weave java.util.ArrayList(1)
14:10:31.627 [main] DEBUG o.a.weaver.tools.WeavingAdaptor - 14:10:31.627 main < o.a.w.t.WeavingAdaptor.weaveClass byte[4061]
14:10:31.627 [main] DEBUG org.aspectj.weaver.Dump - 14:10:31.627 main > o.a.w.Dump.dumpOnExit o.a.w.t.WeavingAdaptor$WeavingAdaptorMessageHolder@6a6afff2
14:10:31.628 [main] DEBUG org.aspectj.weaver.Dump - 14:10:31.627 main > o.a.w.Dump.shouldDumpOnExit o.a.w.t.WeavingAdaptor$WeavingAdaptorMessageHolder@6a6afff2
14:10:31.628 [main] DEBUG org.aspectj.weaver.Dump - 14:10:31.628 main - o.a.w.Dump.shouldDumpOnExit abort
14:10:31.628 [main] DEBUG org.aspectj.weaver.Dump - 14:10:31.628 main < o.a.w.Dump.shouldDumpOnExit false
14:10:31.628 [main] DEBUG org.aspectj.weaver.Dump - 14:10:31.628 main < o.a.w.Dump.dumpOnExit Excluded
14:10:31.628 [main] DEBUG org.aspectj.weaver.loadtime.Aj - 14:10:31.628 main < o.a.w.l.Aj.preProcess byte[4061]
14:10:31.629 [main] DEBUG org.aspectj.weaver.loadtime.Aj - 14:10:31.629 main > o.a.w.l.Aj.preProcess o.a.w.l.Aj@b9afc07 io/qameta/allure/internal/shadowed/jackson/databind/deser/std/StdKeyDeserializer, byte[9803], j.i.l.ClassLoaders$AppClassLoader@3cd1a2f1
14:10:31.629 [main] DEBUG org.aspectj.weaver.loadtime.Aj - 14:10:31.629 main - o.a.w.l.Aj.preProcess o.a.w.l.Aj@b9afc07 j.i.l.ClassLoaders$PlatformClassLoader@1ad282e0, j.i.l.ClassLoaders$AppClassLoader@3cd1a2f1
14:10:31.629 [main] DEBUG o.a.weaver.tools.WeavingAdaptor - 14:10:31.629 main > o.a.w.t.WeavingAdaptor.weaveClass o.a.w.l.ClassLoaderWeavingAdaptor@140e5a13 io/qameta/allure/internal/shadowed/jackson/databind/deser/std/StdKeyDeserializer, byte[9803]
14:10:31.630 [main] DEBUG org.aspectj.weaver.bcel.BcelWeaver - 14:10:31.630 main > o.a.w.b.BcelWeaver.weave o.a.w.b.BcelWeaver@48524010 o.a.w.t.WeavingAdaptor$WeavingClassFileProvider@213860b8
14:10:31.630 [main] DEBUG org.aspectj.weaver.bcel.BcelWeaver - 14:10:31.630 main > o.a.w.b.BcelWeaver.weaveAndNotify o.a.w.b.BcelWeaver@48524010 o.a.w.b.UnwovenClassFile@4ba89729, o.a.w.b.BcelObjectType@178270b2, o.a.w.t.WeavingAdaptor$WeavingClassFileProvider$1@795fd838
14:10:31.631 [main] DEBUG org.aspectj.weaver.bcel.BcelWeaver - 14:10:31.631 main < o.a.w.b.BcelWeaver.weaveAndNotify
14:10:31.631 [main] DEBUG org.aspectj.weaver.bcel.BcelWeaver - 14:10:31.631 main < o.a.w.b.BcelWeaver.weave java.util.ArrayList(1)
14:10:31.631 [main] DEBUG o.a.weaver.tools.WeavingAdaptor - 14:10:31.631 main < o.a.w.t.WeavingAdaptor.weaveClass byte[9803]
14:10:31.631 [main] DEBUG org.aspectj.weaver.Dump - 14:10:31.631 main > o.a.w.Dump.dumpOnExit o.a.w.t.WeavingAdaptor$WeavingAdaptorMessageHolder@6a6afff2
14:10:31.631 [main] DEBUG org.aspectj.weaver.Dump - 14:10:31.631 main > o.a.w.Dump.shouldDumpOnExit o.a.w.t.WeavingAdaptor$WeavingAdaptorMessageHolder@6a6afff2
14:10:31.631 [main] DEBUG org.aspectj.weaver.Dump - 14:10:31.631 main - o.a.w.Dump.shouldDumpOnExit abort
14:10:31.631 [main] DEBUG org.aspectj.weaver.Dump - 14:10:31.631 main < o.a.w.Dump.shouldDumpOnExit false
14:10:31.631 [main] DEBUG org.aspectj.weaver.Dump - 14:10:31.631 main < o.a.w.Dump.dumpOnExit Excluded
14:10:31.631 [main] DEBUG org.aspectj.weaver.loadtime.Aj - 14:10:31.631 main < o.a.w.l.Aj.preProcess byte[9803]
14:10:31.633 [main] DEBUG org.aspectj.weaver.loadtime.Aj - 14:10:31.633 main > o.a.w.l.Aj.preProcess o.a.w.l.Aj@b9afc07 io/qameta/allure/internal/shadowed/jackson/databind/deser/std/StdKeyDeserializer$DelegatingKD, byte[3358], j.i.l.ClassLoaders$AppClassLoader@3cd1a2f1
14:10:31.633 [main] DEBUG org.aspectj.weaver.loadtime.Aj - 14:10:31.633 main - o.a.w.l.Aj.preProcess o.a.w.l.Aj@b9afc07 j.i.l.ClassLoaders$PlatformClassLoader@1ad282e0, j.i.l.ClassLoaders$AppClassLoader@3cd1a2f1
14:10:31.633 [main] DEBUG o.a.weaver.tools.WeavingAdaptor - 14:10:31.633 main > o.a.w.t.WeavingAdaptor.weaveClass o.a.w.l.ClassLoaderWeavingAdaptor@140e5a13 io/qameta/allure/internal/shadowed/jackson/databind/deser/std/StdKeyDeserializer$DelegatingKD, byte[3358]
14:10:31.634 [main] DEBUG org.aspectj.weaver.bcel.BcelWeaver - 14:10:31.634 main > o.a.w.b.BcelWeaver.weave o.a.w.b.BcelWeaver@48524010 o.a.w.t.WeavingAdaptor$WeavingClassFileProvider@6e0f7aad
14:10:31.634 [main] DEBUG org.aspectj.weaver.bcel.BcelWeaver - 14:10:31.634 main > o.a.w.b.BcelWeaver.weaveAndNotify o.a.w.b.BcelWeaver@48524010 o.a.w.b.UnwovenClassFile@15fb7a32, o.a.w.b.BcelObjectType@257cc1fc, o.a.w.t.WeavingAdaptor$WeavingClassFileProvider$1@42e22a53
14:10:31.635 [main] DEBUG org.aspectj.weaver.bcel.BcelWeaver - 14:10:31.635 main < o.a.w.b.BcelWeaver.weaveAndNotify
14:10:31.635 [main] DEBUG org.aspectj.weaver.bcel.BcelWeaver - 14:10:31.635 main < o.a.w.b.BcelWeaver.weave java.util.ArrayList(1)
14:10:31.635 [main] DEBUG o.a.weaver.tools.WeavingAdaptor - 14:10:31.635 main < o.a.w.t.WeavingAdaptor.weaveClass byte[3358]
14:10:31.635 [main] DEBUG org.aspectj.weaver.Dump - 14:10:31.635 main > o.a.w.Dump.dumpOnExit o.a.w.t.WeavingAdaptor$WeavingAdaptorMessageHolder@6a6afff2
14:10:31.635 [main] DEBUG org.aspectj.weaver.Dump - 14:10:31.635 main > o.a.w.Dump.shouldDumpOnExit o.a.w.t.WeavingAdaptor$WeavingAdaptorMessageHolder@6a6afff2
14:10:31.635 [main] DEBUG org.aspectj.weaver.Dump - 14:10:31.635 main - o.a.w.Dump.shouldDumpOnExit abort
14:10:31.635 [main] DEBUG org.aspectj.weaver.Dump - 14:10:31.635 main < o.a.w.Dump.shouldDumpOnExit false
14:10:31.635 [main] DEBUG org.aspectj.weaver.Dump - 14:10:31.635 main < o.a.w.Dump.dumpOnExit Excluded
14:10:31.635 [main] DEBUG org.aspectj.weaver.loadtime.Aj - 14:10:31.635 main < o.a.w.l.Aj.preProcess byte[3358]
14:10:31.637 [main] DEBUG org.aspectj.weaver.loadtime.Aj - 14:10:31.637 main > o.a.w.l.Aj.preProcess o.a.w.l.Aj@b9afc07 io/qameta/allure/internal/shadowed/jackson/databind/deser/std/StdKeyDeserializer$StringCtorKeyDeserializer, byte[1494], j.i.l.ClassLoaders$AppClassLoader@3cd1a2f1
14:10:31.638 [main] DEBUG org.aspectj.weaver.loadtime.Aj - 14:10:31.637 main - o.a.w.l.Aj.preProcess o.a.w.l.Aj@b9afc07 j.i.l.ClassLoaders$PlatformClassLoader@1ad282e0, j.i.l.ClassLoaders$AppClassLoader@3cd1a2f1
14:10:31.638 [main] DEBUG o.a.weaver.tools.WeavingAdaptor - 14:10:31.638 main > o.a.w.t.WeavingAdaptor.weaveClass o.a.w.l.ClassLoaderWeavingAdaptor@140e5a13 io/qameta/allure/internal/shadowed/jackson/databind/deser/std/StdKeyDeserializer$StringCtorKeyDeserializer, byte[1494]
14:10:31.638 [main] DEBUG org.aspectj.weaver.bcel.BcelWeaver - 14:10:31.638 main > o.a.w.b.BcelWeaver.weave o.a.w.b.BcelWeaver@48524010 o.a.w.t.WeavingAdaptor$WeavingClassFileProvider@31da6b2e
14:10:31.638 [main] DEBUG org.aspectj.weaver.bcel.BcelWeaver - 14:10:31.638 main > o.a.w.b.BcelWeaver.weaveAndNotify o.a.w.b.BcelWeaver@48524010 o.a.w.b.UnwovenClassFile@61c76850, o.a.w.b.BcelObjectType@70242f38, o.a.w.t.WeavingAdaptor$WeavingClassFileProvider$1@2a22ad2b
14:10:31.639 [main] DEBUG org.aspectj.weaver.bcel.BcelWeaver - 14:10:31.639 main < o.a.w.b.BcelWeaver.weaveAndNotify
14:10:31.639 [main] DEBUG org.aspectj.weaver.bcel.BcelWeaver - 14:10:31.639 main < o.a.w.b.BcelWeaver.weave java.util.ArrayList(1)
14:10:31.639 [main] DEBUG o.a.weaver.tools.WeavingAdaptor - 14:10:31.639 main < o.a.w.t.WeavingAdaptor.weaveClass byte[1494]
14:10:31.639 [main] DEBUG org.aspectj.weaver.Dump - 14:10:31.639 main > o.a.w.Dump.dumpOnExit o.a.w.t.WeavingAdaptor$WeavingAdaptorMessageHolder@6a6afff2
14:10:31.639 [main] DEBUG org.aspectj.weaver.Dump - 14:10:31.639 main > o.a.w.Dump.shouldDumpOnExit o.a.w.t.WeavingAdaptor$WeavingAdaptorMessageHolder@6a6afff2
14:10:31.639 [main] DEBUG org.aspectj.weaver.Dump - 14:10:31.639 main - o.a.w.Dump.shouldDumpOnExit abort
14:10:31.639 [main] DEBUG org.aspectj.weaver.Dump - 14:10:31.639 main < o.a.w.Dump.shouldDumpOnExit false
14:10:31.639 [main] DEBUG org.aspectj.weaver.Dump - 14:10:31.639 main < o.a.w.Dump.dumpOnExit Excluded
14:10:31.639 [main] DEBUG org.aspectj.weaver.loadtime.Aj - 14:10:31.639 main < o.a.w.l.Aj.preProcess byte[1494]
14:10:31.640 [main] DEBUG org.aspectj.weaver.loadtime.Aj - 14:10:31.640 main > o.a.w.l.Aj.preProcess o.a.w.l.Aj@b9afc07 io/qameta/allure/internal/shadowed/jackson/databind/deser/std/StdKeyDeserializer$StringFactoryKeyDeserializer, byte[1361], j.i.l.ClassLoaders$AppClassLoader@3cd1a2f1
14:10:31.640 [main] DEBUG org.aspectj.weaver.loadtime.Aj - 14:10:31.640 main - o.a.w.l.Aj.preProcess o.a.w.l.Aj@b9afc07 j.i.l.ClassLoaders$PlatformClassLoader@1ad282e0, j.i.l.ClassLoaders$AppClassLoader@3cd1a2f1
14:10:31.641 [main] DEBUG o.a.weaver.tools.WeavingAdaptor - 14:10:31.640 main > o.a.w.t.WeavingAdaptor.weaveClass o.a.w.l.ClassLoaderWeavingAdaptor@140e5a13 io/qameta/allure/internal/shadowed/jackson/databind/deser/std/StdKeyDeserializer$StringFactoryKeyDeserializer, byte[1361]
14:10:31.641 [main] DEBUG org.aspectj.weaver.bcel.BcelWeaver - 14:10:31.641 main > o.a.w.b.BcelWeaver.weave o.a.w.b.BcelWeaver@48524010 o.a.w.t.WeavingAdaptor$WeavingClassFileProvider@2d746ce4
14:10:31.641 [main] DEBUG org.aspectj.weaver.bcel.BcelWeaver - 14:10:31.641 main > o.a.w.b.BcelWeaver.weaveAndNotify o.a.w.b.BcelWeaver@48524010 o.a.w.b.UnwovenClassFile@5dbf5634, o.a.w.b.BcelObjectType@1948ea69, o.a.w.t.WeavingAdaptor$WeavingClassFileProvider$1@47e4d9d0
14:10:31.642 [main] DEBUG org.aspectj.weaver.bcel.BcelWeaver - 14:10:31.642 main < o.a.w.b.BcelWeaver.weaveAndNotify
14:10:31.642 [main] DEBUG org.aspectj.weaver.bcel.BcelWeaver - 14:10:31.642 main < o.a.w.b.BcelWeaver.weave java.util.ArrayList(1)
14:10:31.642 [main] DEBUG o.a.weaver.tools.WeavingAdaptor - 14:10:31.642 main < o.a.w.t.WeavingAdaptor.weaveClass byte[1361]
14:10:31.642 [main] DEBUG org.aspectj.weaver.Dump - 14:10:31.642 main > o.a.w.Dump.dumpOnExit o.a.w.t.WeavingAdaptor$WeavingAdaptorMessageHolder@6a6afff2
14:10:31.642 [main] DEBUG org.aspectj.weaver.Dump - 14:10:31.642 main > o.a.w.Dump.shouldDumpOnExit o.a.w.t.WeavingAdaptor$WeavingAdaptorMessageHolder@6a6afff2
14:10:31.642 [main] DEBUG org.aspectj.weaver.Dump - 14:10:31.642 main - o.a.w.Dump.shouldDumpOnExit abort
14:10:31.642 [main] DEBUG org.aspectj.weaver.Dump - 14:10:31.642 main < o.a.w.Dump.shouldDumpOnExit false
14:10:31.642 [main] DEBUG org.aspectj.weaver.Dump - 14:10:31.642 main < o.a.w.Dump.dumpOnExit Excluded
14:10:31.642 [main] DEBUG org.aspectj.weaver.loadtime.Aj - 14:10:31.642 main < o.a.w.l.Aj.preProcess byte[1361]
14:10:31.644 [main] DEBUG org.aspectj.weaver.loadtime.Aj - 14:10:31.644 main > o.a.w.l.Aj.preProcess o.a.w.l.Aj@b9afc07 io/qameta/allure/internal/shadowed/jackson/databind/deser/DeserializerCache, byte[23178], j.i.l.ClassLoaders$AppClassLoader@3cd1a2f1
14:10:31.644 [main] DEBUG org.aspectj.weaver.loadtime.Aj - 14:10:31.644 main - o.a.w.l.Aj.preProcess o.a.w.l.Aj@b9afc07 j.i.l.ClassLoaders$PlatformClassLoader@1ad282e0, j.i.l.ClassLoaders$AppClassLoader@3cd1a2f1
14:10:31.644 [main] DEBUG o.a.weaver.tools.WeavingAdaptor - 14:10:31.644 main > o.a.w.t.WeavingAdaptor.weaveClass o.a.w.l.ClassLoaderWeavingAdaptor@140e5a13 io/qameta/allure/internal/shadowed/jackson/databind/deser/DeserializerCache, byte[23178]
14:10:31.645 [main] DEBUG org.aspectj.weaver.bcel.BcelWeaver - 14:10:31.645 main > o.a.w.b.BcelWeaver.weave o.a.w.b.BcelWeaver@48524010 o.a.w.t.WeavingAdaptor$WeavingClassFileProvider@545607f2
14:10:31.645 [main] DEBUG org.aspectj.weaver.bcel.BcelWeaver - 14:10:31.645 main > o.a.w.b.BcelWeaver.weaveAndNotify o.a.w.b.BcelWeaver@48524010 o.a.w.b.UnwovenClassFile@39109136, o.a.w.b.BcelObjectType@27c04377, o.a.w.t.WeavingAdaptor$WeavingClassFileProvider$1@34dc85a
14:10:31.648 [main] DEBUG org.aspectj.weaver.bcel.BcelWorld - 14:10:31.647 main - o.a.w.b.BcelWorld.lookupJavaClass o.a.w.l.LTWWorld@2b4a2ec7 io.qameta.allure.internal.shadowed.jackson.databind.deser.DeserializerFactory, o.a.a.b.c.JavaClass@746cd757
14:10:31.648 [main] DEBUG org.aspectj.weaver.bcel.BcelWorld - 14:10:31.648 main - o.a.w.b.BcelWorld.lookupJavaClass o.a.w.l.LTWWorld@2b4a2ec7 io.qameta.allure.internal.shadowed.jackson.databind.util.Converter, o.a.a.b.c.JavaClass@1c7fd41f
14:10:31.648 [main] DEBUG org.aspectj.weaver.bcel.BcelWeaver - 14:10:31.648 main < o.a.w.b.BcelWeaver.weaveAndNotify
14:10:31.648 [main] DEBUG org.aspectj.weaver.bcel.BcelWeaver - 14:10:31.648 main < o.a.w.b.BcelWeaver.weave java.util.ArrayList(1)
14:10:31.648 [main] DEBUG o.a.weaver.tools.WeavingAdaptor - 14:10:31.648 main < o.a.w.t.WeavingAdaptor.weaveClass byte[23178]
14:10:31.648 [main] DEBUG org.aspectj.weaver.Dump - 14:10:31.648 main > o.a.w.Dump.dumpOnExit o.a.w.t.WeavingAdaptor$WeavingAdaptorMessageHolder@6a6afff2
14:10:31.648 [main] DEBUG org.aspectj.weaver.Dump - 14:10:31.648 main > o.a.w.Dump.shouldDumpOnExit o.a.w.t.WeavingAdaptor$WeavingAdaptorMessageHolder@6a6afff2
14:10:31.648 [main] DEBUG org.aspectj.weaver.Dump - 14:10:31.648 main - o.a.w.Dump.shouldDumpOnExit abort
14:10:31.648 [main] DEBUG org.aspectj.weaver.Dump - 14:10:31.648 main < o.a.w.Dump.shouldDumpOnExit false
14:10:31.648 [main] DEBUG org.aspectj.weaver.Dump - 14:10:31.648 main < o.a.w.Dump.dumpOnExit Excluded
14:10:31.648 [main] DEBUG org.aspectj.weaver.loadtime.Aj - 14:10:31.648 main < o.a.w.l.Aj.preProcess byte[23178]
14:10:31.651 [main] DEBUG org.aspectj.weaver.loadtime.Aj - 14:10:31.651 main > o.a.w.l.Aj.preProcess o.a.w.l.Aj@b9afc07 io/qameta/allure/internal/shadowed/jackson/databind/deser/std/StdDelegatingDeserializer, byte[10177], j.i.l.ClassLoaders$AppClassLoader@3cd1a2f1
14:10:31.651 [main] DEBUG org.aspectj.weaver.loadtime.Aj - 14:10:31.651 main - o.a.w.l.Aj.preProcess o.a.w.l.Aj@b9afc07 j.i.l.ClassLoaders$PlatformClassLoader@1ad282e0, j.i.l.ClassLoaders$AppClassLoader@3cd1a2f1
14:10:31.651 [main] DEBUG o.a.weaver.tools.WeavingAdaptor - 14:10:31.651 main > o.a.w.t.WeavingAdaptor.weaveClass o.a.w.l.ClassLoaderWeavingAdaptor@140e5a13 io/qameta/allure/internal/shadowed/jackson/databind/deser/std/StdDelegatingDeserializer, byte[10177]
14:10:31.652 [main] DEBUG org.aspectj.weaver.bcel.BcelWeaver - 14:10:31.652 main > o.a.w.b.BcelWeaver.weave o.a.w.b.BcelWeaver@48524010 o.a.w.t.WeavingAdaptor$WeavingClassFileProvider@749ab7b4
14:10:31.652 [main] DEBUG org.aspectj.weaver.bcel.BcelWeaver - 14:10:31.652 main > o.a.w.b.BcelWeaver.weaveAndNotify o.a.w.b.BcelWeaver@48524010 o.a.w.b.UnwovenClassFile@127f9161, o.a.w.b.BcelObjectType@2bf94401, o.a.w.t.WeavingAdaptor$WeavingClassFileProvider$1@2532b351
14:10:31.655 [main] DEBUG org.aspectj.weaver.bcel.BcelWeaver - 14:10:31.655 main < o.a.w.b.BcelWeaver.weaveAndNotify
14:10:31.655 [main] DEBUG org.aspectj.weaver.bcel.BcelWeaver - 14:10:31.655 main < o.a.w.b.BcelWeaver.weave java.util.ArrayList(1)
14:10:31.656 [main] DEBUG o.a.weaver.tools.WeavingAdaptor - 14:10:31.656 main < o.a.w.t.WeavingAdaptor.weaveClass byte[10177]
14:10:31.656 [main] DEBUG org.aspectj.weaver.Dump - 14:10:31.656 main > o.a.w.Dump.dumpOnExit o.a.w.t.WeavingAdaptor$WeavingAdaptorMessageHolder@6a6afff2
14:10:31.656 [main] DEBUG org.aspectj.weaver.Dump - 14:10:31.656 main > o.a.w.Dump.shouldDumpOnExit o.a.w.t.WeavingAdaptor$WeavingAdaptorMessageHolder@6a6afff2
14:10:31.656 [main] DEBUG org.aspectj.weaver.Dump - 14:10:31.656 main - o.a.w.Dump.shouldDumpOnExit abort
14:10:31.656 [main] DEBUG org.aspectj.weaver.Dump - 14:10:31.656 main < o.a.w.Dump.shouldDumpOnExit false
14:10:31.656 [main] DEBUG org.aspectj.weaver.Dump - 14:10:31.656 main < o.a.w.Dump.dumpOnExit Excluded
14:10:31.656 [main] DEBUG org.aspectj.weaver.loadtime.Aj - 14:10:31.656 main < o.a.w.l.Aj.preProcess byte[10177]
14:10:31.715 [main] DEBUG org.aspectj.weaver.loadtime.Aj - 14:10:31.715 main > o.a.w.l.Aj.preProcess o.a.w.l.Aj@b9afc07 io/qameta/allure/internal/shadowed/jackson/databind/ser/std/MapSerializer, byte[45340], j.i.l.ClassLoaders$AppClassLoader@3cd1a2f1
14:10:31.715 [main] DEBUG org.aspectj.weaver.loadtime.Aj - 14:10:31.715 main - o.a.w.l.Aj.preProcess o.a.w.l.Aj@b9afc07 j.i.l.ClassLoaders$PlatformClassLoader@1ad282e0, j.i.l.ClassLoaders$AppClassLoader@3cd1a2f1
14:10:31.715 [main] DEBUG o.a.weaver.tools.WeavingAdaptor - 14:10:31.715 main > o.a.w.t.WeavingAdaptor.weaveClass o.a.w.l.ClassLoaderWeavingAdaptor@140e5a13 io/qameta/allure/internal/shadowed/jackson/databind/ser/std/MapSerializer, byte[45340]
14:10:31.716 [main] DEBUG org.aspectj.weaver.bcel.BcelWeaver - 14:10:31.716 main > o.a.w.b.BcelWeaver.weave o.a.w.b.BcelWeaver@48524010 o.a.w.t.WeavingAdaptor$WeavingClassFileProvider@6b760460
14:10:31.717 [main] DEBUG org.aspectj.weaver.bcel.BcelWorld - 14:10:31.717 main - o.a.w.b.BcelWorld.lookupJavaClass o.a.w.l.LTWWorld@2b4a2ec7 io.qameta.allure.internal.shadowed.jackson.databind.ser.ContainerSerializer, o.a.a.b.c.JavaClass@426b6a74
14:10:31.717 [main] DEBUG org.aspectj.weaver.bcel.BcelWorld - 14:10:31.717 main - o.a.w.b.BcelWorld.lookupJavaClass o.a.w.l.LTWWorld@2b4a2ec7 io.qameta.allure.internal.shadowed.jackson.databind.ser.ContextualSerializer, o.a.a.b.c.JavaClass@5b78fdb1
14:10:31.717 [main] DEBUG org.aspectj.weaver.bcel.BcelWeaver - 14:10:31.717 main > o.a.w.b.BcelWeaver.weaveAndNotify o.a.w.b.BcelWeaver@48524010 o.a.w.b.UnwovenClassFile@796065aa, o.a.w.b.BcelObjectType@28a6301f, o.a.w.t.WeavingAdaptor$WeavingClassFileProvider$1@2c306a57
14:10:31.717 [main] DEBUG org.aspectj.weaver.bcel.BcelWorld - 14:10:31.717 main - o.a.w.b.BcelWorld.lookupJavaClass o.a.w.l.LTWWorld@2b4a2ec7 io.qameta.allure.internal.shadowed.jackson.databind.ser.std.StdSerializer, o.a.a.b.c.JavaClass@6331250e
14:10:31.717 [main] DEBUG org.aspectj.weaver.bcel.BcelWorld - 14:10:31.717 main - o.a.w.b.BcelWorld.lookupJavaClass o.a.w.l.LTWWorld@2b4a2ec7 io.qameta.allure.internal.shadowed.jackson.databind.jsonFormatVisitors.JsonFormatVisitable, o.a.a.b.c.JavaClass@3eba57a7
14:10:31.717 [main] DEBUG org.aspectj.weaver.bcel.BcelWorld - 14:10:31.717 main - o.a.w.b.BcelWorld.lookupJavaClass o.a.w.l.LTWWorld@2b4a2ec7 io.qameta.allure.internal.shadowed.jackson.databind.jsonschema.SchemaAware, o.a.a.b.c.JavaClass@4d847d32
14:10:31.717 [main] DEBUG org.aspectj.weaver.bcel.BcelWorld - 14:10:31.717 main - o.a.w.b.BcelWorld.lookupJavaClass o.a.w.l.LTWWorld@2b4a2ec7 io.qameta.allure.internal.shadowed.jackson.databind.JsonSerializer, o.a.a.b.c.JavaClass@2fc0cc3
14:10:31.720 [main] DEBUG org.aspectj.weaver.bcel.BcelWorld - 14:10:31.720 main - o.a.w.b.BcelWorld.lookupJavaClass o.a.w.l.LTWWorld@2b4a2ec7 io.qameta.allure.internal.shadowed.jackson.databind.jsontype.TypeSerializer, o.a.a.b.c.JavaClass@2a3c96e3
14:10:31.721 [main] DEBUG org.aspectj.weaver.bcel.BcelWorld - 14:10:31.721 main - o.a.w.b.BcelWorld.lookupJavaClass o.a.w.l.LTWWorld@2b4a2ec7 io.qameta.allure.internal.shadowed.jackson.databind.SerializerProvider, o.a.a.b.c.JavaClass@23d1e5d0
14:10:31.721 [main] DEBUG org.aspectj.weaver.bcel.BcelWorld - 14:10:31.721 main - o.a.w.b.BcelWorld.lookupJavaClass o.a.w.l.LTWWorld@2b4a2ec7 java.util.Map, o.a.a.b.c.JavaClass@48974e45
14:10:31.721 [main] DEBUG org.aspectj.weaver.bcel.BcelWorld - 14:10:31.721 main - o.a.w.b.BcelWorld.lookupJavaClass o.a.w.l.LTWWorld@2b4a2ec7 io.qameta.allure.internal.shadowed.jackson.core.JsonGenerator, o.a.a.b.c.JavaClass@1a9c38eb
14:10:31.721 [main] DEBUG org.aspectj.weaver.bcel.BcelWorld - 14:10:31.721 main - o.a.w.b.BcelWorld.lookupJavaClass o.a.w.l.LTWWorld@2b4a2ec7 io.qameta.allure.internal.shadowed.jackson.databind.ser.PropertyFilter, o.a.a.b.c.JavaClass@61533ae
14:10:31.721 [main] DEBUG org.aspectj.weaver.bcel.BcelWorld - 14:10:31.721 main - o.a.w.b.BcelWorld.lookupJavaClass o.a.w.l.LTWWorld@2b4a2ec7 io.qameta.allure.internal.shadowed.jackson.databind.JsonNode, o.a.a.b.c.JavaClass@758a34ce
14:10:31.721 [main] DEBUG org.aspectj.weaver.bcel.BcelWorld - 14:10:31.721 main - o.a.w.b.BcelWorld.lookupJavaClass o.a.w.l.LTWWorld@2b4a2ec7 io.qameta.allure.internal.shadowed.jackson.databind.jsonFormatVisitors.JsonFormatVisitorWrapper, o.a.a.b.c.JavaClass@aeab9a1
14:10:31.721 [main] DEBUG org.aspectj.weaver.bcel.BcelWorld - 14:10:31.721 main - o.a.w.b.BcelWorld.lookupJavaClass o.a.w.l.LTWWorld@2b4a2ec7 io.qameta.allure.internal.shadowed.jackson.databind.ser.impl.PropertySerializerMap, o.a.a.b.c.JavaClass@780ec4a5
14:10:31.722 [main] DEBUG org.aspectj.weaver.bcel.BcelWeaver - 14:10:31.722 main < o.a.w.b.BcelWeaver.weaveAndNotify
14:10:31.722 [main] DEBUG org.aspectj.weaver.bcel.BcelWeaver - 14:10:31.722 main < o.a.w.b.BcelWeaver.weave java.util.ArrayList(1)
14:10:31.722 [main] DEBUG o.a.weaver.tools.WeavingAdaptor - 14:10:31.722 main < o.a.w.t.WeavingAdaptor.weaveClass byte[45340]
14:10:31.722 [main] DEBUG org.aspectj.weaver.Dump - 14:10:31.722 main > o.a.w.Dump.dumpOnExit o.a.w.t.WeavingAdaptor$WeavingAdaptorMessageHolder@6a6afff2
14:10:31.722 [main] DEBUG org.aspectj.weaver.Dump - 14:10:31.722 main > o.a.w.Dump.shouldDumpOnExit o.a.w.t.WeavingAdaptor$WeavingAdaptorMessageHolder@6a6afff2
14:10:31.722 [main] DEBUG org.aspectj.weaver.Dump - 14:10:31.722 main - o.a.w.Dump.shouldDumpOnExit abort
14:10:31.722 [main] DEBUG org.aspectj.weaver.Dump - 14:10:31.722 main < o.a.w.Dump.shouldDumpOnExit false
14:10:31.722 [main] DEBUG org.aspectj.weaver.Dump - 14:10:31.722 main < o.a.w.Dump.dumpOnExit Excluded
14:10:31.722 [main] DEBUG org.aspectj.weaver.loadtime.Aj - 14:10:31.722 main < o.a.w.l.Aj.preProcess byte[45340]
14:10:31.726 [main] DEBUG org.aspectj.weaver.loadtime.Aj - 14:10:31.725 main > o.a.w.l.Aj.preProcess o.a.w.l.Aj@b9afc07 io/qameta/allure/internal/shadowed/jackson/databind/ser/ContainerSerializer, byte[3181], j.i.l.ClassLoaders$AppClassLoader@3cd1a2f1
14:10:31.728 [main] DEBUG org.aspectj.weaver.loadtime.Aj - 14:10:31.728 main - o.a.w.l.Aj.preProcess o.a.w.l.Aj@b9afc07 j.i.l.ClassLoaders$PlatformClassLoader@1ad282e0, j.i.l.ClassLoaders$AppClassLoader@3cd1a2f1
14:10:31.728 [main] DEBUG o.a.weaver.tools.WeavingAdaptor - 14:10:31.728 main > o.a.w.t.WeavingAdaptor.weaveClass o.a.w.l.ClassLoaderWeavingAdaptor@140e5a13 io/qameta/allure/internal/shadowed/jackson/databind/ser/ContainerSerializer, byte[3181]
14:10:31.728 [main] DEBUG org.aspectj.weaver.bcel.BcelWeaver - 14:10:31.728 main > o.a.w.b.BcelWeaver.weave o.a.w.b.BcelWeaver@48524010 o.a.w.t.WeavingAdaptor$WeavingClassFileProvider@4567e53d
14:10:31.729 [main] DEBUG org.aspectj.weaver.bcel.BcelWeaver - 14:10:31.729 main > o.a.w.b.BcelWeaver.weaveAndNotify o.a.w.b.BcelWeaver@48524010 o.a.w.b.UnwovenClassFile@7351a16e, o.a.w.b.BcelObjectType@5bb7643d, o.a.w.t.WeavingAdaptor$WeavingClassFileProvider$1@3ac04654
14:10:31.729 [main] DEBUG org.aspectj.weaver.bcel.BcelWeaver - 14:10:31.729 main < o.a.w.b.BcelWeaver.weaveAndNotify
14:10:31.729 [main] DEBUG org.aspectj.weaver.bcel.BcelWeaver - 14:10:31.729 main < o.a.w.b.BcelWeaver.weave java.util.ArrayList(1)
14:10:31.729 [main] DEBUG o.a.weaver.tools.WeavingAdaptor - 14:10:31.729 main < o.a.w.t.WeavingAdaptor.weaveClass byte[3181]
14:10:31.730 [main] DEBUG org.aspectj.weaver.Dump - 14:10:31.730 main > o.a.w.Dump.dumpOnExit o.a.w.t.WeavingAdaptor$WeavingAdaptorMessageHolder@6a6afff2
14:10:31.730 [main] DEBUG org.aspectj.weaver.Dump - 14:10:31.730 main > o.a.w.Dump.shouldDumpOnExit o.a.w.t.WeavingAdaptor$WeavingAdaptorMessageHolder@6a6afff2
14:10:31.730 [main] DEBUG org.aspectj.weaver.Dump - 14:10:31.730 main - o.a.w.Dump.shouldDumpOnExit abort
14:10:31.730 [main] DEBUG org.aspectj.weaver.Dump - 14:10:31.730 main < o.a.w.Dump.shouldDumpOnExit false
14:10:31.730 [main] DEBUG org.aspectj.weaver.Dump - 14:10:31.730 main < o.a.w.Dump.dumpOnExit Excluded
14:10:31.730 [main] DEBUG org.aspectj.weaver.loadtime.Aj - 14:10:31.730 main < o.a.w.l.Aj.preProcess byte[3181]
14:10:31.736 [main] DEBUG org.aspectj.weaver.loadtime.Aj - 14:10:31.736 main > o.a.w.l.Aj.preProcess o.a.w.l.Aj@b9afc07 io/qameta/allure/internal/shadowed/jackson/databind/ser/std/JsonValueSerializer, byte[18603], j.i.l.ClassLoaders$AppClassLoader@3cd1a2f1
14:10:31.736 [main] DEBUG org.aspectj.weaver.loadtime.Aj - 14:10:31.736 main - o.a.w.l.Aj.preProcess o.a.w.l.Aj@b9afc07 j.i.l.ClassLoaders$PlatformClassLoader@1ad282e0, j.i.l.ClassLoaders$AppClassLoader@3cd1a2f1
14:10:31.736 [main] DEBUG o.a.weaver.tools.WeavingAdaptor - 14:10:31.736 main > o.a.w.t.WeavingAdaptor.weaveClass o.a.w.l.ClassLoaderWeavingAdaptor@140e5a13 io/qameta/allure/internal/shadowed/jackson/databind/ser/std/JsonValueSerializer, byte[18603]
14:10:31.737 [main] DEBUG org.aspectj.weaver.bcel.BcelWeaver - 14:10:31.737 main > o.a.w.b.BcelWeaver.weave o.a.w.b.BcelWeaver@48524010 o.a.w.t.WeavingAdaptor$WeavingClassFileProvider@54562ea6
14:10:31.737 [main] DEBUG org.aspectj.weaver.bcel.BcelWeaver - 14:10:31.737 main > o.a.w.b.BcelWeaver.weaveAndNotify o.a.w.b.BcelWeaver@48524010 o.a.w.b.UnwovenClassFile@1a35993f, o.a.w.b.BcelObjectType@5b12012e, o.a.w.t.WeavingAdaptor$WeavingClassFileProvider$1@2f7dcef2
14:10:31.739 [main] DEBUG org.aspectj.weaver.bcel.BcelWeaver - 14:10:31.739 main < o.a.w.b.BcelWeaver.weaveAndNotify
14:10:31.739 [main] DEBUG org.aspectj.weaver.bcel.BcelWeaver - 14:10:31.739 main < o.a.w.b.BcelWeaver.weave java.util.ArrayList(1)
14:10:31.739 [main] DEBUG o.a.weaver.tools.WeavingAdaptor - 14:10:31.739 main < o.a.w.t.WeavingAdaptor.weaveClass byte[18603]
14:10:31.740 [main] DEBUG org.aspectj.weaver.Dump - 14:10:31.739 main > o.a.w.Dump.dumpOnExit o.a.w.t.WeavingAdaptor$WeavingAdaptorMessageHolder@6a6afff2
14:10:31.740 [main] DEBUG org.aspectj.weaver.Dump - 14:10:31.740 main > o.a.w.Dump.shouldDumpOnExit o.a.w.t.WeavingAdaptor$WeavingAdaptorMessageHolder@6a6afff2
14:10:31.740 [main] DEBUG org.aspectj.weaver.Dump - 14:10:31.740 main - o.a.w.Dump.shouldDumpOnExit abort
14:10:31.740 [main] DEBUG org.aspectj.weaver.Dump - 14:10:31.740 main < o.a.w.Dump.shouldDumpOnExit false
14:10:31.740 [main] DEBUG org.aspectj.weaver.Dump - 14:10:31.740 main < o.a.w.Dump.dumpOnExit Excluded
14:10:31.740 [main] DEBUG org.aspectj.weaver.loadtime.Aj - 14:10:31.740 main < o.a.w.l.Aj.preProcess byte[18603]
14:10:31.746 [main] DEBUG org.aspectj.weaver.loadtime.Aj - 14:10:31.745 main > o.a.w.l.Aj.preProcess o.a.w.l.Aj@b9afc07 io/qameta/allure/internal/shadowed/jackson/databind/ser/std/ToStringSerializer, byte[1156], j.i.l.ClassLoaders$AppClassLoader@3cd1a2f1
14:10:31.746 [main] DEBUG org.aspectj.weaver.loadtime.Aj - 14:10:31.746 main - o.a.w.l.Aj.preProcess o.a.w.l.Aj@b9afc07 j.i.l.ClassLoaders$PlatformClassLoader@1ad282e0, j.i.l.ClassLoaders$AppClassLoader@3cd1a2f1
14:10:31.746 [main] DEBUG o.a.weaver.tools.WeavingAdaptor - 14:10:31.746 main > o.a.w.t.WeavingAdaptor.weaveClass o.a.w.l.ClassLoaderWeavingAdaptor@140e5a13 io/qameta/allure/internal/shadowed/jackson/databind/ser/std/ToStringSerializer, byte[1156]
14:10:31.746 [main] DEBUG org.aspectj.weaver.bcel.BcelWeaver - 14:10:31.746 main > o.a.w.b.BcelWeaver.weave o.a.w.b.BcelWeaver@48524010 o.a.w.t.WeavingAdaptor$WeavingClassFileProvider@2b4786dd
14:10:31.749 [main] DEBUG org.aspectj.weaver.bcel.BcelWorld - 14:10:31.749 main - o.a.w.b.BcelWorld.lookupJavaClass o.a.w.l.LTWWorld@2b4a2ec7 io.qameta.allure.internal.shadowed.jackson.databind.ser.std.ToStringSerializerBase, o.a.a.b.c.JavaClass@630d1b2f
14:10:31.749 [main] DEBUG org.aspectj.weaver.bcel.BcelWeaver - 14:10:31.749 main > o.a.w.b.BcelWeaver.weaveAndNotify o.a.w.b.BcelWeaver@48524010 o.a.w.b.UnwovenClassFile@746b18fd, o.a.w.b.BcelObjectType@7a2e0858, o.a.w.t.WeavingAdaptor$WeavingClassFileProvider$1@aac3f4e
14:10:31.750 [main] DEBUG org.aspectj.weaver.bcel.BcelWeaver - 14:10:31.750 main < o.a.w.b.BcelWeaver.weaveAndNotify
14:10:31.750 [main] DEBUG org.aspectj.weaver.bcel.BcelWeaver - 14:10:31.750 main < o.a.w.b.BcelWeaver.weave java.util.ArrayList(1)
14:10:31.750 [main] DEBUG o.a.weaver.tools.WeavingAdaptor - 14:10:31.750 main < o.a.w.t.WeavingAdaptor.weaveClass byte[1156]
14:10:31.750 [main] DEBUG org.aspectj.weaver.Dump - 14:10:31.750 main > o.a.w.Dump.dumpOnExit o.a.w.t.WeavingAdaptor$WeavingAdaptorMessageHolder@6a6afff2
14:10:31.750 [main] DEBUG org.aspectj.weaver.Dump - 14:10:31.750 main > o.a.w.Dump.shouldDumpOnExit o.a.w.t.WeavingAdaptor$WeavingAdaptorMessageHolder@6a6afff2
14:10:31.750 [main] DEBUG org.aspectj.weaver.Dump - 14:10:31.750 main - o.a.w.Dump.shouldDumpOnExit abort
14:10:31.750 [main] DEBUG org.aspectj.weaver.Dump - 14:10:31.750 main < o.a.w.Dump.shouldDumpOnExit false
14:10:31.750 [main] DEBUG org.aspectj.weaver.Dump - 14:10:31.750 main < o.a.w.Dump.dumpOnExit Excluded
14:10:31.750 [main] DEBUG org.aspectj.weaver.loadtime.Aj - 14:10:31.750 main < o.a.w.l.Aj.preProcess byte[1156]
14:10:31.752 [main] DEBUG org.aspectj.weaver.loadtime.Aj - 14:10:31.752 main > o.a.w.l.Aj.preProcess o.a.w.l.Aj@b9afc07 io/qameta/allure/internal/shadowed/jackson/databind/ser/std/ToStringSerializerBase, byte[3998], j.i.l.ClassLoaders$AppClassLoader@3cd1a2f1
14:10:31.752 [main] DEBUG org.aspectj.weaver.loadtime.Aj - 14:10:31.752 main - o.a.w.l.Aj.preProcess o.a.w.l.Aj@b9afc07 j.i.l.ClassLoaders$PlatformClassLoader@1ad282e0, j.i.l.ClassLoaders$AppClassLoader@3cd1a2f1
14:10:31.752 [main] DEBUG o.a.weaver.tools.WeavingAdaptor - 14:10:31.752 main > o.a.w.t.WeavingAdaptor.weaveClass o.a.w.l.ClassLoaderWeavingAdaptor@140e5a13 io/qameta/allure/internal/shadowed/jackson/databind/ser/std/ToStringSerializerBase, byte[3998]
14:10:31.752 [main] DEBUG org.aspectj.weaver.bcel.BcelWeaver - 14:10:31.752 main > o.a.w.b.BcelWeaver.weave o.a.w.b.BcelWeaver@48524010 o.a.w.t.WeavingAdaptor$WeavingClassFileProvider@62e7dffa
14:10:31.753 [main] DEBUG org.aspectj.weaver.bcel.BcelWeaver - 14:10:31.753 main > o.a.w.b.BcelWeaver.weaveAndNotify o.a.w.b.BcelWeaver@48524010 o.a.w.b.UnwovenClassFile@6edcd0d8, o.a.w.b.BcelObjectType@6136998b, o.a.w.t.WeavingAdaptor$WeavingClassFileProvider$1@57ce634f
14:10:31.754 [main] DEBUG org.aspectj.weaver.bcel.BcelWeaver - 14:10:31.754 main < o.a.w.b.BcelWeaver.weaveAndNotify
14:10:31.754 [main] DEBUG org.aspectj.weaver.bcel.BcelWeaver - 14:10:31.754 main < o.a.w.b.BcelWeaver.weave java.util.ArrayList(1)
14:10:31.754 [main] DEBUG o.a.weaver.tools.WeavingAdaptor - 14:10:31.754 main < o.a.w.t.WeavingAdaptor.weaveClass byte[3998]
14:10:31.754 [main] DEBUG org.aspectj.weaver.Dump - 14:10:31.754 main > o.a.w.Dump.dumpOnExit o.a.w.t.WeavingAdaptor$WeavingAdaptorMessageHolder@6a6afff2
14:10:31.754 [main] DEBUG org.aspectj.weaver.Dump - 14:10:31.754 main > o.a.w.Dump.shouldDumpOnExit o.a.w.t.WeavingAdaptor$WeavingAdaptorMessageHolder@6a6afff2
14:10:31.754 [main] DEBUG org.aspectj.weaver.Dump - 14:10:31.754 main - o.a.w.Dump.shouldDumpOnExit abort
14:10:31.754 [main] DEBUG org.aspectj.weaver.Dump - 14:10:31.754 main < o.a.w.Dump.shouldDumpOnExit false
14:10:31.769 [main] DEBUG org.aspectj.weaver.Dump - 14:10:31.769 main < o.a.w.Dump.dumpOnExit Excluded
14:10:31.769 [main] DEBUG org.aspectj.weaver.loadtime.Aj - 14:10:31.769 main < o.a.w.l.Aj.preProcess byte[3998]
14:10:31.771 [main] DEBUG org.aspectj.weaver.loadtime.Aj - 14:10:31.771 main > o.a.w.l.Aj.preProcess o.a.w.l.Aj@b9afc07 io/qameta/allure/internal/shadowed/jackson/databind/ser/std/EnumSerializer, byte[11851], j.i.l.ClassLoaders$AppClassLoader@3cd1a2f1
14:10:31.771 [main] DEBUG org.aspectj.weaver.loadtime.Aj - 14:10:31.771 main - o.a.w.l.Aj.preProcess o.a.w.l.Aj@b9afc07 j.i.l.ClassLoaders$PlatformClassLoader@1ad282e0, j.i.l.ClassLoaders$AppClassLoader@3cd1a2f1
14:10:31.771 [main] DEBUG o.a.weaver.tools.WeavingAdaptor - 14:10:31.771 main > o.a.w.t.WeavingAdaptor.weaveClass o.a.w.l.ClassLoaderWeavingAdaptor@140e5a13 io/qameta/allure/internal/shadowed/jackson/databind/ser/std/EnumSerializer, byte[11851]
14:10:31.779 [main] DEBUG org.aspectj.weaver.bcel.BcelWeaver - 14:10:31.771 main > o.a.w.b.BcelWeaver.weave o.a.w.b.BcelWeaver@48524010 o.a.w.t.WeavingAdaptor$WeavingClassFileProvider@2a27cb34
14:10:31.781 [main] DEBUG org.aspectj.weaver.bcel.BcelWorld - 14:10:31.781 main - o.a.w.b.BcelWorld.lookupJavaClass o.a.w.l.LTWWorld@2b4a2ec7 io.qameta.allure.internal.shadowed.jackson.databind.ser.std.StdScalarSerializer, o.a.a.b.c.JavaClass@4a6c18ad
14:10:31.781 [main] DEBUG org.aspectj.weaver.bcel.BcelWeaver - 14:10:31.781 main > o.a.w.b.BcelWeaver.weaveAndNotify o.a.w.b.BcelWeaver@48524010 o.a.w.b.UnwovenClassFile@5e8604bf, o.a.w.b.BcelObjectType@20095ab4, o.a.w.t.WeavingAdaptor$WeavingClassFileProvider$1@4e2916c3
14:10:31.784 [main] DEBUG org.aspectj.weaver.bcel.BcelWorld - 14:10:31.784 main - o.a.w.b.BcelWorld.lookupJavaClass o.a.w.l.LTWWorld@2b4a2ec7 io.qameta.allure.internal.shadowed.jackson.databind.SerializationConfig, o.a.a.b.c.JavaClass@c055c54
14:10:31.786 [main] DEBUG org.aspectj.weaver.bcel.BcelWorld - 14:10:31.786 main - o.a.w.b.BcelWorld.lookupJavaClass o.a.w.l.LTWWorld@2b4a2ec7 io.qameta.allure.internal.shadowed.jackson.databind.util.EnumValues, o.a.a.b.c.JavaClass@66c83fc8
14:10:31.786 [main] DEBUG org.aspectj.weaver.bcel.BcelWeaver - 14:10:31.786 main < o.a.w.b.BcelWeaver.weaveAndNotify
14:10:31.786 [main] DEBUG org.aspectj.weaver.bcel.BcelWeaver - 14:10:31.786 main < o.a.w.b.BcelWeaver.weave java.util.ArrayList(1)
14:10:31.786 [main] DEBUG o.a.weaver.tools.WeavingAdaptor - 14:10:31.786 main < o.a.w.t.WeavingAdaptor.weaveClass byte[11851]
14:10:31.786 [main] DEBUG org.aspectj.weaver.Dump - 14:10:31.786 main > o.a.w.Dump.dumpOnExit o.a.w.t.WeavingAdaptor$WeavingAdaptorMessageHolder@6a6afff2
14:10:31.786 [main] DEBUG org.aspectj.weaver.Dump - 14:10:31.786 main > o.a.w.Dump.shouldDumpOnExit o.a.w.t.WeavingAdaptor$WeavingAdaptorMessageHolder@6a6afff2
14:10:31.787 [main] DEBUG org.aspectj.weaver.Dump - 14:10:31.787 main - o.a.w.Dump.shouldDumpOnExit abort
14:10:31.787 [main] DEBUG org.aspectj.weaver.Dump - 14:10:31.787 main < o.a.w.Dump.shouldDumpOnExit false
14:10:31.787 [main] DEBUG org.aspectj.weaver.Dump - 14:10:31.787 main < o.a.w.Dump.dumpOnExit Excluded
14:10:31.787 [main] DEBUG org.aspectj.weaver.loadtime.Aj - 14:10:31.787 main < o.a.w.l.Aj.preProcess byte[11851]
14:10:31.788 [main] DEBUG org.aspectj.weaver.loadtime.Aj - 14:10:31.788 main > o.a.w.l.Aj.preProcess o.a.w.l.Aj@b9afc07 io/qameta/allure/internal/shadowed/jackson/databind/ser/std/StdScalarSerializer, byte[4502], j.i.l.ClassLoaders$AppClassLoader@3cd1a2f1
14:10:31.788 [main] DEBUG org.aspectj.weaver.loadtime.Aj - 14:10:31.788 main - o.a.w.l.Aj.preProcess o.a.w.l.Aj@b9afc07 j.i.l.ClassLoaders$PlatformClassLoader@1ad282e0, j.i.l.ClassLoaders$AppClassLoader@3cd1a2f1
14:10:31.788 [main] DEBUG o.a.weaver.tools.WeavingAdaptor - 14:10:31.788 main > o.a.w.t.WeavingAdaptor.weaveClass o.a.w.l.ClassLoaderWeavingAdaptor@140e5a13 io/qameta/allure/internal/shadowed/jackson/databind/ser/std/StdScalarSerializer, byte[4502]
14:10:31.789 [main] DEBUG org.aspectj.weaver.bcel.BcelWeaver - 14:10:31.789 main > o.a.w.b.BcelWeaver.weave o.a.w.b.BcelWeaver@48524010 o.a.w.t.WeavingAdaptor$WeavingClassFileProvider@2822c6ff
14:10:31.789 [main] DEBUG org.aspectj.weaver.bcel.BcelWeaver - 14:10:31.789 main > o.a.w.b.BcelWeaver.weaveAndNotify o.a.w.b.BcelWeaver@48524010 o.a.w.b.UnwovenClassFile@4dafba3e, o.a.w.b.BcelObjectType@53e3a87a, o.a.w.t.WeavingAdaptor$WeavingClassFileProvider$1@40368a46
14:10:31.790 [main] DEBUG org.aspectj.weaver.bcel.BcelWeaver - 14:10:31.790 main < o.a.w.b.BcelWeaver.weaveAndNotify
14:10:31.790 [main] DEBUG org.aspectj.weaver.bcel.BcelWeaver - 14:10:31.790 main < o.a.w.b.BcelWeaver.weave java.util.ArrayList(1)
14:10:31.790 [main] DEBUG o.a.weaver.tools.WeavingAdaptor - 14:10:31.790 main < o.a.w.t.WeavingAdaptor.weaveClass byte[4502]
14:10:31.790 [main] DEBUG org.aspectj.weaver.Dump - 14:10:31.790 main > o.a.w.Dump.dumpOnExit o.a.w.t.WeavingAdaptor$WeavingAdaptorMessageHolder@6a6afff2
14:10:31.790 [main] DEBUG org.aspectj.weaver.Dump - 14:10:31.790 main > o.a.w.Dump.shouldDumpOnExit o.a.w.t.WeavingAdaptor$WeavingAdaptorMessageHolder@6a6afff2
14:10:31.790 [main] DEBUG org.aspectj.weaver.Dump - 14:10:31.790 main - o.a.w.Dump.shouldDumpOnExit abort
14:10:31.790 [main] DEBUG org.aspectj.weaver.Dump - 14:10:31.790 main < o.a.w.Dump.shouldDumpOnExit false
14:10:31.790 [main] DEBUG org.aspectj.weaver.Dump - 14:10:31.790 main < o.a.w.Dump.dumpOnExit Excluded
14:10:31.790 [main] DEBUG org.aspectj.weaver.loadtime.Aj - 14:10:31.790 main < o.a.w.l.Aj.preProcess byte[4502]
14:10:31.792 [main] DEBUG org.aspectj.weaver.loadtime.Aj - 14:10:31.792 main > o.a.w.l.Aj.preProcess o.a.w.l.Aj@b9afc07 io/qameta/allure/internal/shadowed/jackson/databind/ser/impl/MapEntrySerializer, byte[20685], j.i.l.ClassLoaders$AppClassLoader@3cd1a2f1
14:10:31.792 [main] DEBUG org.aspectj.weaver.loadtime.Aj - 14:10:31.792 main - o.a.w.l.Aj.preProcess o.a.w.l.Aj@b9afc07 j.i.l.ClassLoaders$PlatformClassLoader@1ad282e0, j.i.l.ClassLoaders$AppClassLoader@3cd1a2f1
14:10:31.792 [main] DEBUG o.a.weaver.tools.WeavingAdaptor - 14:10:31.792 main > o.a.w.t.WeavingAdaptor.weaveClass o.a.w.l.ClassLoaderWeavingAdaptor@140e5a13 io/qameta/allure/internal/shadowed/jackson/databind/ser/impl/MapEntrySerializer, byte[20685]
14:10:31.793 [main] DEBUG org.aspectj.weaver.bcel.BcelWeaver - 14:10:31.793 main > o.a.w.b.BcelWeaver.weave o.a.w.b.BcelWeaver@48524010 o.a.w.t.WeavingAdaptor$WeavingClassFileProvider@5fb7183b
14:10:31.794 [main] DEBUG org.aspectj.weaver.bcel.BcelWeaver - 14:10:31.793 main > o.a.w.b.BcelWeaver.weaveAndNotify o.a.w.b.BcelWeaver@48524010 o.a.w.b.UnwovenClassFile@476a736d, o.a.w.b.BcelObjectType@5f80fa43, o.a.w.t.WeavingAdaptor$WeavingClassFileProvider$1@16c8b7bd
14:10:31.795 [main] DEBUG org.aspectj.weaver.bcel.BcelWorld - 14:10:31.795 main - o.a.w.b.BcelWorld.lookupJavaClass o.a.w.l.LTWWorld@2b4a2ec7 java.util.Map$Entry, o.a.a.b.c.JavaClass@71391b3f
14:10:31.795 [main] DEBUG org.aspectj.weaver.bcel.BcelWeaver - 14:10:31.795 main < o.a.w.b.BcelWeaver.weaveAndNotify
14:10:31.795 [main] DEBUG org.aspectj.weaver.bcel.BcelWeaver - 14:10:31.795 main < o.a.w.b.BcelWeaver.weave java.util.ArrayList(1)
14:10:31.795 [main] DEBUG o.a.weaver.tools.WeavingAdaptor - 14:10:31.795 main < o.a.w.t.WeavingAdaptor.weaveClass byte[20685]
14:10:31.796 [main] DEBUG org.aspectj.weaver.Dump - 14:10:31.795 main > o.a.w.Dump.dumpOnExit o.a.w.t.WeavingAdaptor$WeavingAdaptorMessageHolder@6a6afff2
14:10:31.796 [main] DEBUG org.aspectj.weaver.Dump - 14:10:31.796 main > o.a.w.Dump.shouldDumpOnExit o.a.w.t.WeavingAdaptor$WeavingAdaptorMessageHolder@6a6afff2
14:10:31.796 [main] DEBUG org.aspectj.weaver.Dump - 14:10:31.796 main - o.a.w.Dump.shouldDumpOnExit abort
14:10:31.796 [main] DEBUG org.aspectj.weaver.Dump - 14:10:31.796 main < o.a.w.Dump.shouldDumpOnExit false
14:10:31.796 [main] DEBUG org.aspectj.weaver.Dump - 14:10:31.796 main < o.a.w.Dump.dumpOnExit Excluded
14:10:31.796 [main] DEBUG org.aspectj.weaver.loadtime.Aj - 14:10:31.796 main < o.a.w.l.Aj.preProcess byte[20685]
14:10:31.798 [main] DEBUG org.aspectj.weaver.loadtime.Aj - 14:10:31.798 main > o.a.w.l.Aj.preProcess o.a.w.l.Aj@b9afc07 io/qameta/allure/internal/shadowed/jackson/databind/ser/impl/IteratorSerializer, byte[9568], j.i.l.ClassLoaders$AppClassLoader@3cd1a2f1
14:10:31.798 [main] DEBUG org.aspectj.weaver.loadtime.Aj - 14:10:31.798 main - o.a.w.l.Aj.preProcess o.a.w.l.Aj@b9afc07 j.i.l.ClassLoaders$PlatformClassLoader@1ad282e0, j.i.l.ClassLoaders$AppClassLoader@3cd1a2f1
14:10:31.798 [main] DEBUG o.a.weaver.tools.WeavingAdaptor - 14:10:31.798 main > o.a.w.t.WeavingAdaptor.weaveClass o.a.w.l.ClassLoaderWeavingAdaptor@140e5a13 io/qameta/allure/internal/shadowed/jackson/databind/ser/impl/IteratorSerializer, byte[9568]
14:10:31.799 [main] DEBUG org.aspectj.weaver.bcel.BcelWeaver - 14:10:31.798 main > o.a.w.b.BcelWeaver.weave o.a.w.b.BcelWeaver@48524010 o.a.w.t.WeavingAdaptor$WeavingClassFileProvider@5a8ba37c
14:10:31.800 [main] DEBUG org.aspectj.weaver.bcel.BcelWorld - 14:10:31.800 main - o.a.w.b.BcelWorld.lookupJavaClass o.a.w.l.LTWWorld@2b4a2ec7 io.qameta.allure.internal.shadowed.jackson.databind.ser.std.AsArraySerializerBase, o.a.a.b.c.JavaClass@32b9bd12
14:10:31.801 [main] DEBUG org.aspectj.weaver.bcel.BcelWeaver - 14:10:31.801 main > o.a.w.b.BcelWeaver.weaveAndNotify o.a.w.b.BcelWeaver@48524010 o.a.w.b.UnwovenClassFile@352e787a, o.a.w.b.BcelObjectType@159a48a6, o.a.w.t.WeavingAdaptor$WeavingClassFileProvider$1@15bc339
14:10:31.801 [main] DEBUG org.aspectj.weaver.bcel.BcelWeaver - 14:10:31.801 main < o.a.w.b.BcelWeaver.weaveAndNotify
14:10:31.801 [main] DEBUG org.aspectj.weaver.bcel.BcelWeaver - 14:10:31.801 main < o.a.w.b.BcelWeaver.weave java.util.ArrayList(1)
14:10:31.801 [main] DEBUG o.a.weaver.tools.WeavingAdaptor - 14:10:31.801 main < o.a.w.t.WeavingAdaptor.weaveClass byte[9568]
14:10:31.802 [main] DEBUG org.aspectj.weaver.Dump - 14:10:31.801 main > o.a.w.Dump.dumpOnExit o.a.w.t.WeavingAdaptor$WeavingAdaptorMessageHolder@6a6afff2
14:10:31.802 [main] DEBUG org.aspectj.weaver.Dump - 14:10:31.802 main > o.a.w.Dump.shouldDumpOnExit o.a.w.t.WeavingAdaptor$WeavingAdaptorMessageHolder@6a6afff2
14:10:31.802 [main] DEBUG org.aspectj.weaver.Dump - 14:10:31.802 main - o.a.w.Dump.shouldDumpOnExit abort
14:10:31.802 [main] DEBUG org.aspectj.weaver.Dump - 14:10:31.802 main < o.a.w.Dump.shouldDumpOnExit false
14:10:31.802 [main] DEBUG org.aspectj.weaver.Dump - 14:10:31.802 main < o.a.w.Dump.dumpOnExit Excluded
14:10:31.802 [main] DEBUG org.aspectj.weaver.loadtime.Aj - 14:10:31.802 main < o.a.w.l.Aj.preProcess byte[9568]
14:10:31.803 [main] DEBUG org.aspectj.weaver.loadtime.Aj - 14:10:31.803 main > o.a.w.l.Aj.preProcess o.a.w.l.Aj@b9afc07 io/qameta/allure/internal/shadowed/jackson/databind/ser/std/AsArraySerializerBase, byte[19891], j.i.l.ClassLoaders$AppClassLoader@3cd1a2f1
14:10:31.804 [main] DEBUG org.aspectj.weaver.loadtime.Aj - 14:10:31.803 main - o.a.w.l.Aj.preProcess o.a.w.l.Aj@b9afc07 j.i.l.ClassLoaders$PlatformClassLoader@1ad282e0, j.i.l.ClassLoaders$AppClassLoader@3cd1a2f1
14:10:31.804 [main] DEBUG o.a.weaver.tools.WeavingAdaptor - 14:10:31.804 main > o.a.w.t.WeavingAdaptor.weaveClass o.a.w.l.ClassLoaderWeavingAdaptor@140e5a13 io/qameta/allure/internal/shadowed/jackson/databind/ser/std/AsArraySerializerBase, byte[19891]
14:10:31.804 [main] DEBUG org.aspectj.weaver.bcel.BcelWeaver - 14:10:31.804 main > o.a.w.b.BcelWeaver.weave o.a.w.b.BcelWeaver@48524010 o.a.w.t.WeavingAdaptor$WeavingClassFileProvider@3cbcd8f3
14:10:31.804 [main] DEBUG org.aspectj.weaver.bcel.BcelWeaver - 14:10:31.804 main > o.a.w.b.BcelWeaver.weaveAndNotify o.a.w.b.BcelWeaver@48524010 o.a.w.b.UnwovenClassFile@719843e5, o.a.w.b.BcelObjectType@9a2ec9b, o.a.w.t.WeavingAdaptor$WeavingClassFileProvider$1@58112bc4
14:10:31.806 [main] DEBUG org.aspectj.weaver.bcel.BcelWeaver - 14:10:31.806 main < o.a.w.b.BcelWeaver.weaveAndNotify
14:10:31.806 [main] DEBUG org.aspectj.weaver.bcel.BcelWeaver - 14:10:31.806 main < o.a.w.b.BcelWeaver.weave java.util.ArrayList(1)
14:10:31.806 [main] DEBUG o.a.weaver.tools.WeavingAdaptor - 14:10:31.806 main < o.a.w.t.WeavingAdaptor.weaveClass byte[19891]
14:10:31.806 [main] DEBUG org.aspectj.weaver.Dump - 14:10:31.806 main > o.a.w.Dump.dumpOnExit o.a.w.t.WeavingAdaptor$WeavingAdaptorMessageHolder@6a6afff2
14:10:31.806 [main] DEBUG org.aspectj.weaver.Dump - 14:10:31.806 main > o.a.w.Dump.shouldDumpOnExit o.a.w.t.WeavingAdaptor$WeavingAdaptorMessageHolder@6a6afff2
14:10:31.806 [main] DEBUG org.aspectj.weaver.Dump - 14:10:31.806 main - o.a.w.Dump.shouldDumpOnExit abort
14:10:31.806 [main] DEBUG org.aspectj.weaver.Dump - 14:10:31.806 main < o.a.w.Dump.shouldDumpOnExit false
14:10:31.806 [main] DEBUG org.aspectj.weaver.Dump - 14:10:31.806 main < o.a.w.Dump.dumpOnExit Excluded
14:10:31.806 [main] DEBUG org.aspectj.weaver.loadtime.Aj - 14:10:31.806 main < o.a.w.l.Aj.preProcess byte[19891]
14:10:31.808 [main] DEBUG org.aspectj.weaver.loadtime.Aj - 14:10:31.808 main > o.a.w.l.Aj.preProcess o.a.w.l.Aj@b9afc07 io/qameta/allure/internal/shadowed/jackson/databind/ser/std/IterableSerializer, byte[8912], j.i.l.ClassLoaders$AppClassLoader@3cd1a2f1
14:10:31.808 [main] DEBUG org.aspectj.weaver.loadtime.Aj - 14:10:31.808 main - o.a.w.l.Aj.preProcess o.a.w.l.Aj@b9afc07 j.i.l.ClassLoaders$PlatformClassLoader@1ad282e0, j.i.l.ClassLoaders$AppClassLoader@3cd1a2f1
14:10:31.808 [main] DEBUG o.a.weaver.tools.WeavingAdaptor - 14:10:31.808 main > o.a.w.t.WeavingAdaptor.weaveClass o.a.w.l.ClassLoaderWeavingAdaptor@140e5a13 io/qameta/allure/internal/shadowed/jackson/databind/ser/std/IterableSerializer, byte[8912]
14:10:31.809 [main] DEBUG org.aspectj.weaver.bcel.BcelWeaver - 14:10:31.809 main > o.a.w.b.BcelWeaver.weave o.a.w.b.BcelWeaver@48524010 o.a.w.t.WeavingAdaptor$WeavingClassFileProvider@6d171ce0
14:10:31.809 [main] DEBUG org.aspectj.weaver.bcel.BcelWeaver - 14:10:31.809 main > o.a.w.b.BcelWeaver.weaveAndNotify o.a.w.b.BcelWeaver@48524010 o.a.w.b.UnwovenClassFile@22bd2039, o.a.w.b.BcelObjectType@705f83a7, o.a.w.t.WeavingAdaptor$WeavingClassFileProvider$1@3bb8aabc
14:10:31.810 [main] DEBUG org.aspectj.weaver.bcel.BcelWeaver - 14:10:31.810 main < o.a.w.b.BcelWeaver.weaveAndNotify
14:10:31.810 [main] DEBUG org.aspectj.weaver.bcel.BcelWeaver - 14:10:31.810 main < o.a.w.b.BcelWeaver.weave java.util.ArrayList(1)
14:10:31.810 [main] DEBUG o.a.weaver.tools.WeavingAdaptor - 14:10:31.810 main < o.a.w.t.WeavingAdaptor.weaveClass byte[8912]
14:10:31.810 [main] DEBUG org.aspectj.weaver.Dump - 14:10:31.810 main > o.a.w.Dump.dumpOnExit o.a.w.t.WeavingAdaptor$WeavingAdaptorMessageHolder@6a6afff2
14:10:31.810 [main] DEBUG org.aspectj.weaver.Dump - 14:10:31.810 main > o.a.w.Dump.shouldDumpOnExit o.a.w.t.WeavingAdaptor$WeavingAdaptorMessageHolder@6a6afff2
14:10:31.810 [main] DEBUG org.aspectj.weaver.Dump - 14:10:31.810 main - o.a.w.Dump.shouldDumpOnExit abort
14:10:31.810 [main] DEBUG org.aspectj.weaver.Dump - 14:10:31.810 main < o.a.w.Dump.shouldDumpOnExit false
14:10:31.810 [main] DEBUG org.aspectj.weaver.Dump - 14:10:31.810 main < o.a.w.Dump.dumpOnExit Excluded
14:10:31.810 [main] DEBUG org.aspectj.weaver.loadtime.Aj - 14:10:31.810 main < o.a.w.l.Aj.preProcess byte[8912]
14:10:31.812 [main] DEBUG org.aspectj.weaver.loadtime.Aj - 14:10:31.812 main > o.a.w.l.Aj.preProcess o.a.w.l.Aj@b9afc07 io/qameta/allure/internal/shadowed/jackson/databind/ser/std/CollectionSerializer, byte[12316], j.i.l.ClassLoaders$AppClassLoader@3cd1a2f1
14:10:31.813 [main] DEBUG org.aspectj.weaver.loadtime.Aj - 14:10:31.812 main - o.a.w.l.Aj.preProcess o.a.w.l.Aj@b9afc07 j.i.l.ClassLoaders$PlatformClassLoader@1ad282e0, j.i.l.ClassLoaders$AppClassLoader@3cd1a2f1
14:10:31.813 [main] DEBUG o.a.weaver.tools.WeavingAdaptor - 14:10:31.813 main > o.a.w.t.WeavingAdaptor.weaveClass o.a.w.l.ClassLoaderWeavingAdaptor@140e5a13 io/qameta/allure/internal/shadowed/jackson/databind/ser/std/CollectionSerializer, byte[12316]
14:10:31.813 [main] DEBUG org.aspectj.weaver.bcel.BcelWeaver - 14:10:31.813 main > o.a.w.b.BcelWeaver.weave o.a.w.b.BcelWeaver@48524010 o.a.w.t.WeavingAdaptor$WeavingClassFileProvider@2679311f
14:10:31.813 [main] DEBUG org.aspectj.weaver.bcel.BcelWeaver - 14:10:31.813 main > o.a.w.b.BcelWeaver.weaveAndNotify o.a.w.b.BcelWeaver@48524010 o.a.w.b.UnwovenClassFile@287f7811, o.a.w.b.BcelObjectType@451f87af, o.a.w.t.WeavingAdaptor$WeavingClassFileProvider$1@2b556bb2
14:10:31.814 [main] DEBUG org.aspectj.weaver.bcel.BcelWeaver - 14:10:31.814 main < o.a.w.b.BcelWeaver.weaveAndNotify
14:10:31.814 [main] DEBUG org.aspectj.weaver.bcel.BcelWeaver - 14:10:31.814 main < o.a.w.b.BcelWeaver.weave java.util.ArrayList(1)
14:10:31.814 [main] DEBUG o.a.weaver.tools.WeavingAdaptor - 14:10:31.814 main < o.a.w.t.WeavingAdaptor.weaveClass byte[12316]
14:10:31.814 [main] DEBUG org.aspectj.weaver.Dump - 14:10:31.814 main > o.a.w.Dump.dumpOnExit o.a.w.t.WeavingAdaptor$WeavingAdaptorMessageHolder@6a6afff2
14:10:31.814 [main] DEBUG org.aspectj.weaver.Dump - 14:10:31.814 main > o.a.w.Dump.shouldDumpOnExit o.a.w.t.WeavingAdaptor$WeavingAdaptorMessageHolder@6a6afff2
14:10:31.814 [main] DEBUG org.aspectj.weaver.Dump - 14:10:31.814 main - o.a.w.Dump.shouldDumpOnExit abort
14:10:31.814 [main] DEBUG org.aspectj.weaver.Dump - 14:10:31.814 main < o.a.w.Dump.shouldDumpOnExit false
14:10:31.814 [main] DEBUG org.aspectj.weaver.Dump - 14:10:31.814 main < o.a.w.Dump.dumpOnExit Excluded
14:10:31.814 [main] DEBUG org.aspectj.weaver.loadtime.Aj - 14:10:31.814 main < o.a.w.l.Aj.preProcess byte[12316]
14:10:31.816 [main] DEBUG org.aspectj.weaver.loadtime.Aj - 14:10:31.816 main > o.a.w.l.Aj.preProcess o.a.w.l.Aj@b9afc07 io/qameta/allure/internal/shadowed/jackson/databind/ser/impl/IndexedStringListSerializer, byte[8086], j.i.l.ClassLoaders$AppClassLoader@3cd1a2f1
14:10:31.819 [main] DEBUG org.aspectj.weaver.loadtime.Aj - 14:10:31.818 main - o.a.w.l.Aj.preProcess o.a.w.l.Aj@b9afc07 j.i.l.ClassLoaders$PlatformClassLoader@1ad282e0, j.i.l.ClassLoaders$AppClassLoader@3cd1a2f1
14:10:31.823 [main] DEBUG o.a.weaver.tools.WeavingAdaptor - 14:10:31.823 main > o.a.w.t.WeavingAdaptor.weaveClass o.a.w.l.ClassLoaderWeavingAdaptor@140e5a13 io/qameta/allure/internal/shadowed/jackson/databind/ser/impl/IndexedStringListSerializer, byte[8086]
14:10:31.824 [main] DEBUG org.aspectj.weaver.bcel.BcelWeaver - 14:10:31.823 main > o.a.w.b.BcelWeaver.weave o.a.w.b.BcelWeaver@48524010 o.a.w.t.WeavingAdaptor$WeavingClassFileProvider@57d0fc89
14:10:31.825 [main] DEBUG org.aspectj.weaver.bcel.BcelWorld - 14:10:31.825 main - o.a.w.b.BcelWorld.lookupJavaClass o.a.w.l.LTWWorld@2b4a2ec7 io.qameta.allure.internal.shadowed.jackson.databind.ser.std.StaticListSerializerBase, o.a.a.b.c.JavaClass@6fc3e1a4
14:10:31.826 [main] DEBUG org.aspectj.weaver.bcel.BcelWeaver - 14:10:31.826 main > o.a.w.b.BcelWeaver.weaveAndNotify o.a.w.b.BcelWeaver@48524010 o.a.w.b.UnwovenClassFile@3fa76c61, o.a.w.b.BcelObjectType@2d5f7182, o.a.w.t.WeavingAdaptor$WeavingClassFileProvider$1@59546cfe
14:10:31.828 [main] DEBUG org.aspectj.weaver.bcel.BcelWorld - 14:10:31.828 main - o.a.w.b.BcelWorld.lookupJavaClass o.a.w.l.LTWWorld@2b4a2ec7 io.qameta.allure.internal.shadowed.jackson.databind.jsonFormatVisitors.JsonArrayFormatVisitor, o.a.a.b.c.JavaClass@7b3315a5
14:10:31.828 [main] DEBUG org.aspectj.weaver.bcel.BcelWeaver - 14:10:31.828 main < o.a.w.b.BcelWeaver.weaveAndNotify
14:10:31.828 [main] DEBUG org.aspectj.weaver.bcel.BcelWeaver - 14:10:31.828 main < o.a.w.b.BcelWeaver.weave java.util.ArrayList(1)
14:10:31.828 [main] DEBUG o.a.weaver.tools.WeavingAdaptor - 14:10:31.828 main < o.a.w.t.WeavingAdaptor.weaveClass byte[8086]
14:10:31.828 [main] DEBUG org.aspectj.weaver.Dump - 14:10:31.828 main > o.a.w.Dump.dumpOnExit o.a.w.t.WeavingAdaptor$WeavingAdaptorMessageHolder@6a6afff2
14:10:31.828 [main] DEBUG org.aspectj.weaver.Dump - 14:10:31.828 main > o.a.w.Dump.shouldDumpOnExit o.a.w.t.WeavingAdaptor$WeavingAdaptorMessageHolder@6a6afff2
14:10:31.828 [main] DEBUG org.aspectj.weaver.Dump - 14:10:31.828 main - o.a.w.Dump.shouldDumpOnExit abort
14:10:31.828 [main] DEBUG org.aspectj.weaver.Dump - 14:10:31.828 main < o.a.w.Dump.shouldDumpOnExit false
14:10:31.828 [main] DEBUG org.aspectj.weaver.Dump - 14:10:31.828 main < o.a.w.Dump.dumpOnExit Excluded
14:10:31.828 [main] DEBUG org.aspectj.weaver.loadtime.Aj - 14:10:31.828 main < o.a.w.l.Aj.preProcess byte[8086]
14:10:31.831 [main] DEBUG org.aspectj.weaver.loadtime.Aj - 14:10:31.831 main > o.a.w.l.Aj.preProcess o.a.w.l.Aj@b9afc07 io/qameta/allure/internal/shadowed/jackson/databind/ser/std/StaticListSerializerBase, byte[9973], j.i.l.ClassLoaders$AppClassLoader@3cd1a2f1
14:10:31.831 [main] DEBUG org.aspectj.weaver.loadtime.Aj - 14:10:31.831 main - o.a.w.l.Aj.preProcess o.a.w.l.Aj@b9afc07 j.i.l.ClassLoaders$PlatformClassLoader@1ad282e0, j.i.l.ClassLoaders$AppClassLoader@3cd1a2f1
14:10:31.831 [main] DEBUG o.a.weaver.tools.WeavingAdaptor - 14:10:31.831 main > o.a.w.t.WeavingAdaptor.weaveClass o.a.w.l.ClassLoaderWeavingAdaptor@140e5a13 io/qameta/allure/internal/shadowed/jackson/databind/ser/std/StaticListSerializerBase, byte[9973]
14:10:31.831 [main] DEBUG org.aspectj.weaver.bcel.BcelWeaver - 14:10:31.831 main > o.a.w.b.BcelWeaver.weave o.a.w.b.BcelWeaver@48524010 o.a.w.t.WeavingAdaptor$WeavingClassFileProvider@540dbda9
14:10:31.832 [main] DEBUG org.aspectj.weaver.bcel.BcelWeaver - 14:10:31.832 main > o.a.w.b.BcelWeaver.weaveAndNotify o.a.w.b.BcelWeaver@48524010 o.a.w.b.UnwovenClassFile@22bb5646, o.a.w.b.BcelObjectType@1be59f28, o.a.w.t.WeavingAdaptor$WeavingClassFileProvider$1@2ce45a7b
14:10:31.833 [main] DEBUG org.aspectj.weaver.bcel.BcelWeaver - 14:10:31.833 main < o.a.w.b.BcelWeaver.weaveAndNotify
14:10:31.833 [main] DEBUG org.aspectj.weaver.bcel.BcelWeaver - 14:10:31.833 main < o.a.w.b.BcelWeaver.weave java.util.ArrayList(1)
14:10:31.833 [main] DEBUG o.a.weaver.tools.WeavingAdaptor - 14:10:31.833 main < o.a.w.t.WeavingAdaptor.weaveClass byte[9973]
14:10:31.833 [main] DEBUG org.aspectj.weaver.Dump - 14:10:31.833 main > o.a.w.Dump.dumpOnExit o.a.w.t.WeavingAdaptor$WeavingAdaptorMessageHolder@6a6afff2
14:10:31.833 [main] DEBUG org.aspectj.weaver.Dump - 14:10:31.833 main > o.a.w.Dump.shouldDumpOnExit o.a.w.t.WeavingAdaptor$WeavingAdaptorMessageHolder@6a6afff2
14:10:31.833 [main] DEBUG org.aspectj.weaver.Dump - 14:10:31.833 main - o.a.w.Dump.shouldDumpOnExit abort
14:10:31.833 [main] DEBUG org.aspectj.weaver.Dump - 14:10:31.833 main < o.a.w.Dump.shouldDumpOnExit false
14:10:31.833 [main] DEBUG org.aspectj.weaver.Dump - 14:10:31.833 main < o.a.w.Dump.dumpOnExit Excluded
14:10:31.833 [main] DEBUG org.aspectj.weaver.loadtime.Aj - 14:10:31.833 main < o.a.w.l.Aj.preProcess byte[9973]
14:10:31.835 [main] DEBUG org.aspectj.weaver.loadtime.Aj - 14:10:31.835 main > o.a.w.l.Aj.preProcess o.a.w.l.Aj@b9afc07 io/qameta/allure/internal/shadowed/jackson/databind/ser/impl/StringCollectionSerializer, byte[7501], j.i.l.ClassLoaders$AppClassLoader@3cd1a2f1
14:10:31.835 [main] DEBUG org.aspectj.weaver.loadtime.Aj - 14:10:31.835 main - o.a.w.l.Aj.preProcess o.a.w.l.Aj@b9afc07 j.i.l.ClassLoaders$PlatformClassLoader@1ad282e0, j.i.l.ClassLoaders$AppClassLoader@3cd1a2f1
14:10:31.835 [main] DEBUG o.a.weaver.tools.WeavingAdaptor - 14:10:31.835 main > o.a.w.t.WeavingAdaptor.weaveClass o.a.w.l.ClassLoaderWeavingAdaptor@140e5a13 io/qameta/allure/internal/shadowed/jackson/databind/ser/impl/StringCollectionSerializer, byte[7501]
14:10:31.835 [main] DEBUG org.aspectj.weaver.bcel.BcelWeaver - 14:10:31.835 main > o.a.w.b.BcelWeaver.weave o.a.w.b.BcelWeaver@48524010 o.a.w.t.WeavingAdaptor$WeavingClassFileProvider@27b000f7
14:10:31.836 [main] DEBUG org.aspectj.weaver.bcel.BcelWeaver - 14:10:31.835 main > o.a.w.b.BcelWeaver.weaveAndNotify o.a.w.b.BcelWeaver@48524010 o.a.w.b.UnwovenClassFile@42f9c19a, o.a.w.b.BcelObjectType@64bfd6fd, o.a.w.t.WeavingAdaptor$WeavingClassFileProvider$1@2ab2710
14:10:31.837 [main] DEBUG org.aspectj.weaver.bcel.BcelWeaver - 14:10:31.837 main < o.a.w.b.BcelWeaver.weaveAndNotify
14:10:31.837 [main] DEBUG org.aspectj.weaver.bcel.BcelWeaver - 14:10:31.837 main < o.a.w.b.BcelWeaver.weave java.util.ArrayList(1)
14:10:31.837 [main] DEBUG o.a.weaver.tools.WeavingAdaptor - 14:10:31.837 main < o.a.w.t.WeavingAdaptor.weaveClass byte[7501]
14:10:31.837 [main] DEBUG org.aspectj.weaver.Dump - 14:10:31.837 main > o.a.w.Dump.dumpOnExit o.a.w.t.WeavingAdaptor$WeavingAdaptorMessageHolder@6a6afff2
14:10:31.837 [main] DEBUG org.aspectj.weaver.Dump - 14:10:31.837 main > o.a.w.Dump.shouldDumpOnExit o.a.w.t.WeavingAdaptor$WeavingAdaptorMessageHolder@6a6afff2
14:10:31.837 [main] DEBUG org.aspectj.weaver.Dump - 14:10:31.837 main - o.a.w.Dump.shouldDumpOnExit abort
14:10:31.837 [main] DEBUG org.aspectj.weaver.Dump - 14:10:31.837 main < o.a.w.Dump.shouldDumpOnExit false
14:10:31.837 [main] DEBUG org.aspectj.weaver.Dump - 14:10:31.837 main < o.a.w.Dump.dumpOnExit Excluded
14:10:31.837 [main] DEBUG org.aspectj.weaver.loadtime.Aj - 14:10:31.837 main < o.a.w.l.Aj.preProcess byte[7501]
14:10:31.839 [main] DEBUG org.aspectj.weaver.loadtime.Aj - 14:10:31.839 main > o.a.w.l.Aj.preProcess o.a.w.l.Aj@b9afc07 io/qameta/allure/internal/shadowed/jackson/databind/ser/std/SerializableSerializer, byte[4544], j.i.l.ClassLoaders$AppClassLoader@3cd1a2f1
14:10:31.839 [main] DEBUG org.aspectj.weaver.loadtime.Aj - 14:10:31.839 main - o.a.w.l.Aj.preProcess o.a.w.l.Aj@b9afc07 j.i.l.ClassLoaders$PlatformClassLoader@1ad282e0, j.i.l.ClassLoaders$AppClassLoader@3cd1a2f1
14:10:31.840 [main] DEBUG o.a.weaver.tools.WeavingAdaptor - 14:10:31.839 main > o.a.w.t.WeavingAdaptor.weaveClass o.a.w.l.ClassLoaderWeavingAdaptor@140e5a13 io/qameta/allure/internal/shadowed/jackson/databind/ser/std/SerializableSerializer, byte[4544]
14:10:31.840 [main] DEBUG org.aspectj.weaver.bcel.BcelWeaver - 14:10:31.840 main > o.a.w.b.BcelWeaver.weave o.a.w.b.BcelWeaver@48524010 o.a.w.t.WeavingAdaptor$WeavingClassFileProvider@2ba33e2c
14:10:31.840 [main] DEBUG org.aspectj.weaver.bcel.BcelWeaver - 14:10:31.840 main > o.a.w.b.BcelWeaver.weaveAndNotify o.a.w.b.BcelWeaver@48524010 o.a.w.b.UnwovenClassFile@1f193686, o.a.w.b.BcelObjectType@31e72cbc, o.a.w.t.WeavingAdaptor$WeavingClassFileProvider$1@5fad41be
14:10:31.841 [main] DEBUG org.aspectj.weaver.bcel.BcelWorld - 14:10:31.841 main - o.a.w.b.BcelWorld.lookupJavaClass o.a.w.l.LTWWorld@2b4a2ec7 io.qameta.allure.internal.shadowed.jackson.databind.JsonSerializable, o.a.a.b.c.JavaClass@226642a5
14:10:31.841 [main] DEBUG org.aspectj.weaver.bcel.BcelWeaver - 14:10:31.841 main < o.a.w.b.BcelWeaver.weaveAndNotify
14:10:31.841 [main] DEBUG org.aspectj.weaver.bcel.BcelWeaver - 14:10:31.841 main < o.a.w.b.BcelWeaver.weave java.util.ArrayList(1)
14:10:31.841 [main] DEBUG o.a.weaver.tools.WeavingAdaptor - 14:10:31.841 main < o.a.w.t.WeavingAdaptor.weaveClass byte[4544]
14:10:31.841 [main] DEBUG org.aspectj.weaver.Dump - 14:10:31.841 main > o.a.w.Dump.dumpOnExit o.a.w.t.WeavingAdaptor$WeavingAdaptorMessageHolder@6a6afff2
14:10:31.841 [main] DEBUG org.aspectj.weaver.Dump - 14:10:31.841 main > o.a.w.Dump.shouldDumpOnExit o.a.w.t.WeavingAdaptor$WeavingAdaptorMessageHolder@6a6afff2
14:10:31.841 [main] DEBUG org.aspectj.weaver.Dump - 14:10:31.841 main - o.a.w.Dump.shouldDumpOnExit abort
14:10:31.841 [main] DEBUG org.aspectj.weaver.Dump - 14:10:31.841 main < o.a.w.Dump.shouldDumpOnExit false
14:10:31.841 [main] DEBUG org.aspectj.weaver.Dump - 14:10:31.841 main < o.a.w.Dump.dumpOnExit Excluded
14:10:31.841 [main] DEBUG org.aspectj.weaver.loadtime.Aj - 14:10:31.841 main < o.a.w.l.Aj.preProcess byte[4544]
14:10:31.843 [main] DEBUG org.aspectj.weaver.loadtime.Aj - 14:10:31.843 main > o.a.w.l.Aj.preProcess o.a.w.l.Aj@b9afc07 io/qameta/allure/internal/shadowed/jackson/databind/ser/impl/StringArraySerializer, byte[12358], j.i.l.ClassLoaders$AppClassLoader@3cd1a2f1
14:10:31.843 [main] DEBUG org.aspectj.weaver.loadtime.Aj - 14:10:31.843 main - o.a.w.l.Aj.preProcess o.a.w.l.Aj@b9afc07 j.i.l.ClassLoaders$PlatformClassLoader@1ad282e0, j.i.l.ClassLoaders$AppClassLoader@3cd1a2f1
14:10:31.843 [main] DEBUG o.a.weaver.tools.WeavingAdaptor - 14:10:31.843 main > o.a.w.t.WeavingAdaptor.weaveClass o.a.w.l.ClassLoaderWeavingAdaptor@140e5a13 io/qameta/allure/internal/shadowed/jackson/databind/ser/impl/StringArraySerializer, byte[12358]
14:10:31.844 [main] DEBUG org.aspectj.weaver.bcel.BcelWeaver - 14:10:31.844 main > o.a.w.b.BcelWeaver.weave o.a.w.b.BcelWeaver@48524010 o.a.w.t.WeavingAdaptor$WeavingClassFileProvider@1d25c1c
14:10:31.846 [main] DEBUG org.aspectj.weaver.bcel.BcelWorld - 14:10:31.846 main - o.a.w.b.BcelWorld.lookupJavaClass o.a.w.l.LTWWorld@2b4a2ec7 io.qameta.allure.internal.shadowed.jackson.databind.ser.std.ArraySerializerBase, o.a.a.b.c.JavaClass@105b693d
14:10:31.846 [main] DEBUG org.aspectj.weaver.bcel.BcelWeaver - 14:10:31.846 main > o.a.w.b.BcelWeaver.weaveAndNotify o.a.w.b.BcelWeaver@48524010 o.a.w.b.UnwovenClassFile@3fae596, o.a.w.b.BcelObjectType@4a0df195, o.a.w.t.WeavingAdaptor$WeavingClassFileProvider$1@42fcc7e6
14:10:31.847 [main] DEBUG org.aspectj.weaver.bcel.BcelWeaver - 14:10:31.847 main < o.a.w.b.BcelWeaver.weaveAndNotify
14:10:31.847 [main] DEBUG org.aspectj.weaver.bcel.BcelWeaver - 14:10:31.847 main < o.a.w.b.BcelWeaver.weave java.util.ArrayList(1)
14:10:31.847 [main] DEBUG o.a.weaver.tools.WeavingAdaptor - 14:10:31.847 main < o.a.w.t.WeavingAdaptor.weaveClass byte[12358]
14:10:31.847 [main] DEBUG org.aspectj.weaver.Dump - 14:10:31.847 main > o.a.w.Dump.dumpOnExit o.a.w.t.WeavingAdaptor$WeavingAdaptorMessageHolder@6a6afff2
14:10:31.847 [main] DEBUG org.aspectj.weaver.Dump - 14:10:31.847 main > o.a.w.Dump.shouldDumpOnExit o.a.w.t.WeavingAdaptor$WeavingAdaptorMessageHolder@6a6afff2
14:10:31.847 [main] DEBUG org.aspectj.weaver.Dump - 14:10:31.847 main - o.a.w.Dump.shouldDumpOnExit abort
14:10:31.847 [main] DEBUG org.aspectj.weaver.Dump - 14:10:31.847 main < o.a.w.Dump.shouldDumpOnExit false
14:10:31.847 [main] DEBUG org.aspectj.weaver.Dump - 14:10:31.847 main < o.a.w.Dump.dumpOnExit Excluded
14:10:31.847 [main] DEBUG org.aspectj.weaver.loadtime.Aj - 14:10:31.847 main < o.a.w.l.Aj.preProcess byte[12358]
14:10:31.849 [main] DEBUG org.aspectj.weaver.loadtime.Aj - 14:10:31.849 main > o.a.w.l.Aj.preProcess o.a.w.l.Aj@b9afc07 io/qameta/allure/internal/shadowed/jackson/databind/ser/std/ArraySerializerBase, byte[8411], j.i.l.ClassLoaders$AppClassLoader@3cd1a2f1
14:10:31.849 [main] DEBUG org.aspectj.weaver.loadtime.Aj - 14:10:31.849 main - o.a.w.l.Aj.preProcess o.a.w.l.Aj@b9afc07 j.i.l.ClassLoaders$PlatformClassLoader@1ad282e0, j.i.l.ClassLoaders$AppClassLoader@3cd1a2f1
14:10:31.849 [main] DEBUG o.a.weaver.tools.WeavingAdaptor - 14:10:31.849 main > o.a.w.t.WeavingAdaptor.weaveClass o.a.w.l.ClassLoaderWeavingAdaptor@140e5a13 io/qameta/allure/internal/shadowed/jackson/databind/ser/std/ArraySerializerBase, byte[8411]
14:10:31.849 [main] DEBUG org.aspectj.weaver.bcel.BcelWeaver - 14:10:31.849 main > o.a.w.b.BcelWeaver.weave o.a.w.b.BcelWeaver@48524010 o.a.w.t.WeavingAdaptor$WeavingClassFileProvider@1cb19dba
14:10:31.850 [main] DEBUG org.aspectj.weaver.bcel.BcelWeaver - 14:10:31.850 main > o.a.w.b.BcelWeaver.weaveAndNotify o.a.w.b.BcelWeaver@48524010 o.a.w.b.UnwovenClassFile@7c3ebc6b, o.a.w.b.BcelObjectType@1931d99, o.a.w.t.WeavingAdaptor$WeavingClassFileProvider$1@6a9950f1
14:10:31.851 [main] DEBUG org.aspectj.weaver.bcel.BcelWeaver - 14:10:31.851 main < o.a.w.b.BcelWeaver.weaveAndNotify
14:10:31.851 [main] DEBUG org.aspectj.weaver.bcel.BcelWeaver - 14:10:31.851 main < o.a.w.b.BcelWeaver.weave java.util.ArrayList(1)
14:10:31.851 [main] DEBUG o.a.weaver.tools.WeavingAdaptor - 14:10:31.851 main < o.a.w.t.WeavingAdaptor.weaveClass byte[8411]
14:10:31.851 [main] DEBUG org.aspectj.weaver.Dump - 14:10:31.851 main > o.a.w.Dump.dumpOnExit o.a.w.t.WeavingAdaptor$WeavingAdaptorMessageHolder@6a6afff2
14:10:31.851 [main] DEBUG org.aspectj.weaver.Dump - 14:10:31.851 main > o.a.w.Dump.shouldDumpOnExit o.a.w.t.WeavingAdaptor$WeavingAdaptorMessageHolder@6a6afff2
14:10:31.851 [main] DEBUG org.aspectj.weaver.Dump - 14:10:31.851 main - o.a.w.Dump.shouldDumpOnExit abort
14:10:31.851 [main] DEBUG org.aspectj.weaver.Dump - 14:10:31.851 main < o.a.w.Dump.shouldDumpOnExit false
14:10:31.851 [main] DEBUG org.aspectj.weaver.Dump - 14:10:31.851 main < o.a.w.Dump.dumpOnExit Excluded
14:10:31.851 [main] DEBUG org.aspectj.weaver.loadtime.Aj - 14:10:31.851 main < o.a.w.l.Aj.preProcess byte[8411]
14:10:31.854 [main] DEBUG org.aspectj.weaver.loadtime.Aj - 14:10:31.854 main > o.a.w.l.Aj.preProcess o.a.w.l.Aj@b9afc07 io/qameta/allure/internal/shadowed/jackson/databind/ser/std/ObjectArraySerializer, byte[19057], j.i.l.ClassLoaders$AppClassLoader@3cd1a2f1
14:10:31.855 [main] DEBUG org.aspectj.weaver.loadtime.Aj - 14:10:31.855 main - o.a.w.l.Aj.preProcess o.a.w.l.Aj@b9afc07 j.i.l.ClassLoaders$PlatformClassLoader@1ad282e0, j.i.l.ClassLoaders$AppClassLoader@3cd1a2f1
14:10:31.855 [main] DEBUG o.a.weaver.tools.WeavingAdaptor - 14:10:31.855 main > o.a.w.t.WeavingAdaptor.weaveClass o.a.w.l.ClassLoaderWeavingAdaptor@140e5a13 io/qameta/allure/internal/shadowed/jackson/databind/ser/std/ObjectArraySerializer, byte[19057]
14:10:31.855 [main] DEBUG org.aspectj.weaver.bcel.BcelWeaver - 14:10:31.855 main > o.a.w.b.BcelWeaver.weave o.a.w.b.BcelWeaver@48524010 o.a.w.t.WeavingAdaptor$WeavingClassFileProvider@5c0f79f0
14:10:31.855 [main] DEBUG org.aspectj.weaver.bcel.BcelWeaver - 14:10:31.855 main > o.a.w.b.BcelWeaver.weaveAndNotify o.a.w.b.BcelWeaver@48524010 o.a.w.b.UnwovenClassFile@21fdfefc, o.a.w.b.BcelObjectType@3daa82be, o.a.w.t.WeavingAdaptor$WeavingClassFileProvider$1@ec1b2e4
14:10:31.857 [main] DEBUG org.aspectj.weaver.bcel.BcelWeaver - 14:10:31.857 main < o.a.w.b.BcelWeaver.weaveAndNotify
14:10:31.857 [main] DEBUG org.aspectj.weaver.bcel.BcelWeaver - 14:10:31.857 main < o.a.w.b.BcelWeaver.weave java.util.ArrayList(1)
14:10:31.857 [main] DEBUG o.a.weaver.tools.WeavingAdaptor - 14:10:31.857 main < o.a.w.t.WeavingAdaptor.weaveClass byte[19057]
14:10:31.857 [main] DEBUG org.aspectj.weaver.Dump - 14:10:31.857 main > o.a.w.Dump.dumpOnExit o.a.w.t.WeavingAdaptor$WeavingAdaptorMessageHolder@6a6afff2
14:10:31.857 [main] DEBUG org.aspectj.weaver.Dump - 14:10:31.857 main > o.a.w.Dump.shouldDumpOnExit o.a.w.t.WeavingAdaptor$WeavingAdaptorMessageHolder@6a6afff2
14:10:31.857 [main] DEBUG org.aspectj.weaver.Dump - 14:10:31.857 main - o.a.w.Dump.shouldDumpOnExit abort
14:10:31.857 [main] DEBUG org.aspectj.weaver.Dump - 14:10:31.857 main < o.a.w.Dump.shouldDumpOnExit false
14:10:31.857 [main] DEBUG org.aspectj.weaver.Dump - 14:10:31.857 main < o.a.w.Dump.dumpOnExit Excluded
14:10:31.857 [main] DEBUG org.aspectj.weaver.loadtime.Aj - 14:10:31.857 main < o.a.w.l.Aj.preProcess byte[19057]
14:10:31.861 [main] DEBUG org.aspectj.weaver.loadtime.Aj - 14:10:31.861 main > o.a.w.l.Aj.preProcess o.a.w.l.Aj@b9afc07 io/qameta/allure/internal/shadowed/jackson/databind/ser/std/CalendarSerializer, byte[3070], j.i.l.ClassLoaders$AppClassLoader@3cd1a2f1
14:10:31.861 [main] DEBUG org.aspectj.weaver.loadtime.Aj - 14:10:31.861 main - o.a.w.l.Aj.preProcess o.a.w.l.Aj@b9afc07 j.i.l.ClassLoaders$PlatformClassLoader@1ad282e0, j.i.l.ClassLoaders$AppClassLoader@3cd1a2f1
14:10:31.861 [main] DEBUG o.a.weaver.tools.WeavingAdaptor - 14:10:31.861 main > o.a.w.t.WeavingAdaptor.weaveClass o.a.w.l.ClassLoaderWeavingAdaptor@140e5a13 io/qameta/allure/internal/shadowed/jackson/databind/ser/std/CalendarSerializer, byte[3070]
14:10:31.862 [main] DEBUG org.aspectj.weaver.bcel.BcelWeaver - 14:10:31.862 main > o.a.w.b.BcelWeaver.weave o.a.w.b.BcelWeaver@48524010 o.a.w.t.WeavingAdaptor$WeavingClassFileProvider@4f8b4bd0
14:10:31.863 [main] DEBUG org.aspectj.weaver.bcel.BcelWorld - 14:10:31.863 main - o.a.w.b.BcelWorld.lookupJavaClass o.a.w.l.LTWWorld@2b4a2ec7 io.qameta.allure.internal.shadowed.jackson.databind.ser.std.DateTimeSerializerBase, o.a.a.b.c.JavaClass@4cbf4f53
14:10:31.863 [main] DEBUG org.aspectj.weaver.bcel.BcelWeaver - 14:10:31.863 main > o.a.w.b.BcelWeaver.weaveAndNotify o.a.w.b.BcelWeaver@48524010 o.a.w.b.UnwovenClassFile@597f48df, o.a.w.b.BcelObjectType@15dd5ac2, o.a.w.t.WeavingAdaptor$WeavingClassFileProvider$1@4d48bd85
14:10:31.864 [main] DEBUG org.aspectj.weaver.bcel.BcelWorld - 14:10:31.864 main - o.a.w.b.BcelWorld.lookupJavaClass o.a.w.l.LTWWorld@2b4a2ec7 java.util.Calendar, o.a.a.b.c.JavaClass@6e1d8f9e
14:10:31.864 [main] DEBUG org.aspectj.weaver.bcel.BcelWeaver - 14:10:31.864 main < o.a.w.b.BcelWeaver.weaveAndNotify
14:10:31.864 [main] DEBUG org.aspectj.weaver.bcel.BcelWeaver - 14:10:31.864 main < o.a.w.b.BcelWeaver.weave java.util.ArrayList(1)
14:10:31.864 [main] DEBUG o.a.weaver.tools.WeavingAdaptor - 14:10:31.864 main < o.a.w.t.WeavingAdaptor.weaveClass byte[3070]
14:10:31.864 [main] DEBUG org.aspectj.weaver.Dump - 14:10:31.864 main > o.a.w.Dump.dumpOnExit o.a.w.t.WeavingAdaptor$WeavingAdaptorMessageHolder@6a6afff2
14:10:31.864 [main] DEBUG org.aspectj.weaver.Dump - 14:10:31.864 main > o.a.w.Dump.shouldDumpOnExit o.a.w.t.WeavingAdaptor$WeavingAdaptorMessageHolder@6a6afff2
14:10:31.864 [main] DEBUG org.aspectj.weaver.Dump - 14:10:31.864 main - o.a.w.Dump.shouldDumpOnExit abort
14:10:31.864 [main] DEBUG org.aspectj.weaver.Dump - 14:10:31.864 main < o.a.w.Dump.shouldDumpOnExit false
14:10:31.864 [main] DEBUG org.aspectj.weaver.Dump - 14:10:31.864 main < o.a.w.Dump.dumpOnExit Excluded
14:10:31.864 [main] DEBUG org.aspectj.weaver.loadtime.Aj - 14:10:31.864 main < o.a.w.l.Aj.preProcess byte[3070]
14:10:31.866 [main] DEBUG org.aspectj.weaver.loadtime.Aj - 14:10:31.866 main > o.a.w.l.Aj.preProcess o.a.w.l.Aj@b9afc07 io/qameta/allure/internal/shadowed/jackson/databind/ser/std/DateTimeSerializerBase, byte[11463], j.i.l.ClassLoaders$AppClassLoader@3cd1a2f1
14:10:31.866 [main] DEBUG org.aspectj.weaver.loadtime.Aj - 14:10:31.866 main - o.a.w.l.Aj.preProcess o.a.w.l.Aj@b9afc07 j.i.l.ClassLoaders$PlatformClassLoader@1ad282e0, j.i.l.ClassLoaders$AppClassLoader@3cd1a2f1
14:10:31.866 [main] DEBUG o.a.weaver.tools.WeavingAdaptor - 14:10:31.866 main > o.a.w.t.WeavingAdaptor.weaveClass o.a.w.l.ClassLoaderWeavingAdaptor@140e5a13 io/qameta/allure/internal/shadowed/jackson/databind/ser/std/DateTimeSerializerBase, byte[11463]
14:10:31.866 [main] DEBUG org.aspectj.weaver.bcel.BcelWeaver - 14:10:31.866 main > o.a.w.b.BcelWeaver.weave o.a.w.b.BcelWeaver@48524010 o.a.w.t.WeavingAdaptor$WeavingClassFileProvider@58a4a74d
14:10:31.866 [main] DEBUG org.aspectj.weaver.bcel.BcelWeaver - 14:10:31.866 main > o.a.w.b.BcelWeaver.weaveAndNotify o.a.w.b.BcelWeaver@48524010 o.a.w.b.UnwovenClassFile@54aca26f, o.a.w.b.BcelObjectType@314ed053, o.a.w.t.WeavingAdaptor$WeavingClassFileProvider$1@35088e87
14:10:31.867 [main] DEBUG org.aspectj.weaver.bcel.BcelWorld - 14:10:31.867 main - o.a.w.b.BcelWorld.lookupJavaClass o.a.w.l.LTWWorld@2b4a2ec7 java.util.Date, o.a.a.b.c.JavaClass@45c8d09f
14:10:31.867 [main] DEBUG org.aspectj.weaver.bcel.BcelWeaver - 14:10:31.867 main < o.a.w.b.BcelWeaver.weaveAndNotify
14:10:31.867 [main] DEBUG org.aspectj.weaver.bcel.BcelWeaver - 14:10:31.867 main < o.a.w.b.BcelWeaver.weave java.util.ArrayList(1)
14:10:31.867 [main] DEBUG o.a.weaver.tools.WeavingAdaptor - 14:10:31.867 main < o.a.w.t.WeavingAdaptor.weaveClass byte[11463]
14:10:31.867 [main] DEBUG org.aspectj.weaver.Dump - 14:10:31.867 main > o.a.w.Dump.dumpOnExit o.a.w.t.WeavingAdaptor$WeavingAdaptorMessageHolder@6a6afff2
14:10:31.867 [main] DEBUG org.aspectj.weaver.Dump - 14:10:31.867 main > o.a.w.Dump.shouldDumpOnExit o.a.w.t.WeavingAdaptor$WeavingAdaptorMessageHolder@6a6afff2
14:10:31.868 [main] DEBUG org.aspectj.weaver.Dump - 14:10:31.868 main - o.a.w.Dump.shouldDumpOnExit abort
14:10:31.868 [main] DEBUG org.aspectj.weaver.Dump - 14:10:31.868 main < o.a.w.Dump.shouldDumpOnExit false
14:10:31.868 [main] DEBUG org.aspectj.weaver.Dump - 14:10:31.868 main < o.a.w.Dump.dumpOnExit Excluded
14:10:31.868 [main] DEBUG org.aspectj.weaver.loadtime.Aj - 14:10:31.868 main < o.a.w.l.Aj.preProcess byte[11463]
14:10:31.871 [main] DEBUG org.aspectj.weaver.loadtime.Aj - 14:10:31.870 main > o.a.w.l.Aj.preProcess o.a.w.l.Aj@b9afc07 io/qameta/allure/internal/shadowed/jackson/databind/ser/std/DateSerializer, byte[2829], j.i.l.ClassLoaders$AppClassLoader@3cd1a2f1
14:10:31.871 [main] DEBUG org.aspectj.weaver.loadtime.Aj - 14:10:31.871 main - o.a.w.l.Aj.preProcess o.a.w.l.Aj@b9afc07 j.i.l.ClassLoaders$PlatformClassLoader@1ad282e0, j.i.l.ClassLoaders$AppClassLoader@3cd1a2f1
14:10:31.871 [main] DEBUG o.a.weaver.tools.WeavingAdaptor - 14:10:31.871 main > o.a.w.t.WeavingAdaptor.weaveClass o.a.w.l.ClassLoaderWeavingAdaptor@140e5a13 io/qameta/allure/internal/shadowed/jackson/databind/ser/std/DateSerializer, byte[2829]
14:10:31.871 [main] DEBUG org.aspectj.weaver.bcel.BcelWeaver - 14:10:31.871 main > o.a.w.b.BcelWeaver.weave o.a.w.b.BcelWeaver@48524010 o.a.w.t.WeavingAdaptor$WeavingClassFileProvider@59532566
14:10:31.871 [main] DEBUG org.aspectj.weaver.bcel.BcelWeaver - 14:10:31.871 main > o.a.w.b.BcelWeaver.weaveAndNotify o.a.w.b.BcelWeaver@48524010 o.a.w.b.UnwovenClassFile@dca2615, o.a.w.b.BcelObjectType@421a4ee1, o.a.w.t.WeavingAdaptor$WeavingClassFileProvider$1@1237e0be
14:10:31.872 [main] DEBUG org.aspectj.weaver.bcel.BcelWeaver - 14:10:31.872 main < o.a.w.b.BcelWeaver.weaveAndNotify
14:10:31.872 [main] DEBUG org.aspectj.weaver.bcel.BcelWeaver - 14:10:31.872 main < o.a.w.b.BcelWeaver.weave java.util.ArrayList(1)
14:10:31.872 [main] DEBUG o.a.weaver.tools.WeavingAdaptor - 14:10:31.872 main < o.a.w.t.WeavingAdaptor.weaveClass byte[2829]
14:10:31.872 [main] DEBUG org.aspectj.weaver.Dump - 14:10:31.872 main > o.a.w.Dump.dumpOnExit o.a.w.t.WeavingAdaptor$WeavingAdaptorMessageHolder@6a6afff2
14:10:31.872 [main] DEBUG org.aspectj.weaver.Dump - 14:10:31.872 main > o.a.w.Dump.shouldDumpOnExit o.a.w.t.WeavingAdaptor$WeavingAdaptorMessageHolder@6a6afff2
14:10:31.872 [main] DEBUG org.aspectj.weaver.Dump - 14:10:31.872 main - o.a.w.Dump.shouldDumpOnExit abort
14:10:31.872 [main] DEBUG org.aspectj.weaver.Dump - 14:10:31.872 main < o.a.w.Dump.shouldDumpOnExit false
14:10:31.872 [main] DEBUG org.aspectj.weaver.Dump - 14:10:31.872 main < o.a.w.Dump.dumpOnExit Excluded
14:10:31.872 [main] DEBUG org.aspectj.weaver.loadtime.Aj - 14:10:31.872 main < o.a.w.l.Aj.preProcess byte[2829]
14:10:31.874 [main] DEBUG org.aspectj.weaver.loadtime.Aj - 14:10:31.874 main > o.a.w.l.Aj.preProcess o.a.w.l.Aj@b9afc07 io/qameta/allure/internal/shadowed/jackson/databind/ser/std/ByteBufferSerializer, byte[3583], j.i.l.ClassLoaders$AppClassLoader@3cd1a2f1
14:10:31.875 [main] DEBUG org.aspectj.weaver.loadtime.Aj - 14:10:31.874 main - o.a.w.l.Aj.preProcess o.a.w.l.Aj@b9afc07 j.i.l.ClassLoaders$PlatformClassLoader@1ad282e0, j.i.l.ClassLoaders$AppClassLoader@3cd1a2f1
14:10:31.875 [main] DEBUG o.a.weaver.tools.WeavingAdaptor - 14:10:31.875 main > o.a.w.t.WeavingAdaptor.weaveClass o.a.w.l.ClassLoaderWeavingAdaptor@140e5a13 io/qameta/allure/internal/shadowed/jackson/databind/ser/std/ByteBufferSerializer, byte[3583]
14:10:31.875 [main] DEBUG org.aspectj.weaver.bcel.BcelWeaver - 14:10:31.875 main > o.a.w.b.BcelWeaver.weave o.a.w.b.BcelWeaver@48524010 o.a.w.t.WeavingAdaptor$WeavingClassFileProvider@5c748168
14:10:31.875 [main] DEBUG org.aspectj.weaver.bcel.BcelWeaver - 14:10:31.875 main > o.a.w.b.BcelWeaver.weaveAndNotify o.a.w.b.BcelWeaver@48524010 o.a.w.b.UnwovenClassFile@6441c486, o.a.w.b.BcelObjectType@834831b, o.a.w.t.WeavingAdaptor$WeavingClassFileProvider$1@234a8f27
14:10:31.876 [main] DEBUG org.aspectj.weaver.bcel.BcelWorld - 14:10:31.876 main - o.a.w.b.BcelWorld.lookupJavaClass o.a.w.l.LTWWorld@2b4a2ec7 java.nio.ByteBuffer, o.a.a.b.c.JavaClass@4b8d604b
14:10:31.877 [main] DEBUG org.aspectj.weaver.bcel.BcelWeaver - 14:10:31.877 main < o.a.w.b.BcelWeaver.weaveAndNotify
14:10:31.877 [main] DEBUG org.aspectj.weaver.bcel.BcelWeaver - 14:10:31.877 main < o.a.w.b.BcelWeaver.weave java.util.ArrayList(1)
14:10:31.877 [main] DEBUG o.a.weaver.tools.WeavingAdaptor - 14:10:31.877 main < o.a.w.t.WeavingAdaptor.weaveClass byte[3583]
14:10:31.877 [main] DEBUG org.aspectj.weaver.Dump - 14:10:31.877 main > o.a.w.Dump.dumpOnExit o.a.w.t.WeavingAdaptor$WeavingAdaptorMessageHolder@6a6afff2
14:10:31.877 [main] DEBUG org.aspectj.weaver.Dump - 14:10:31.877 main > o.a.w.Dump.shouldDumpOnExit o.a.w.t.WeavingAdaptor$WeavingAdaptorMessageHolder@6a6afff2
14:10:31.877 [main] DEBUG org.aspectj.weaver.Dump - 14:10:31.877 main - o.a.w.Dump.shouldDumpOnExit abort
14:10:31.877 [main] DEBUG org.aspectj.weaver.Dump - 14:10:31.877 main < o.a.w.Dump.shouldDumpOnExit false
14:10:31.877 [main] DEBUG org.aspectj.weaver.Dump - 14:10:31.877 main < o.a.w.Dump.dumpOnExit Excluded
14:10:31.877 [main] DEBUG org.aspectj.weaver.loadtime.Aj - 14:10:31.877 main < o.a.w.l.Aj.preProcess byte[3583]
14:10:31.918 [main] DEBUG org.aspectj.weaver.loadtime.Aj - 14:10:31.918 main > o.a.w.l.Aj.preProcess o.a.w.l.Aj@b9afc07 io/qameta/allure/internal/shadowed/jackson/databind/ser/std/InetAddressSerializer, byte[5626], j.i.l.ClassLoaders$AppClassLoader@3cd1a2f1
14:10:31.918 [main] DEBUG org.aspectj.weaver.loadtime.Aj - 14:10:31.918 main - o.a.w.l.Aj.preProcess o.a.w.l.Aj@b9afc07 j.i.l.ClassLoaders$PlatformClassLoader@1ad282e0, j.i.l.ClassLoaders$AppClassLoader@3cd1a2f1
14:10:31.919 [main] DEBUG o.a.weaver.tools.WeavingAdaptor - 14:10:31.918 main > o.a.w.t.WeavingAdaptor.weaveClass o.a.w.l.ClassLoaderWeavingAdaptor@140e5a13 io/qameta/allure/internal/shadowed/jackson/databind/ser/std/InetAddressSerializer, byte[5626]
14:10:31.919 [main] DEBUG org.aspectj.weaver.bcel.BcelWeaver - 14:10:31.919 main > o.a.w.b.BcelWeaver.weave o.a.w.b.BcelWeaver@48524010 o.a.w.t.WeavingAdaptor$WeavingClassFileProvider@58d63b16
14:10:31.919 [main] DEBUG org.aspectj.weaver.bcel.BcelWeaver - 14:10:31.919 main > o.a.w.b.BcelWeaver.weaveAndNotify o.a.w.b.BcelWeaver@48524010 o.a.w.b.UnwovenClassFile@7c4fc2bf, o.a.w.b.BcelObjectType@7772054c, o.a.w.t.WeavingAdaptor$WeavingClassFileProvider$1@2f61f937
14:10:31.924 [main] DEBUG org.aspectj.weaver.bcel.BcelWorld - 14:10:31.924 main - o.a.w.b.BcelWorld.lookupJavaClass o.a.w.l.LTWWorld@2b4a2ec7 java.net.InetAddress, o.a.a.b.c.JavaClass@236134a1
14:10:31.925 [main] DEBUG org.aspectj.weaver.bcel.BcelWeaver - 14:10:31.925 main < o.a.w.b.BcelWeaver.weaveAndNotify
14:10:31.925 [main] DEBUG org.aspectj.weaver.bcel.BcelWeaver - 14:10:31.925 main < o.a.w.b.BcelWeaver.weave java.util.ArrayList(1)
14:10:31.925 [main] DEBUG o.a.weaver.tools.WeavingAdaptor - 14:10:31.925 main < o.a.w.t.WeavingAdaptor.weaveClass byte[5626]
14:10:31.928 [main] DEBUG org.aspectj.weaver.Dump - 14:10:31.928 main > o.a.w.Dump.dumpOnExit o.a.w.t.WeavingAdaptor$WeavingAdaptorMessageHolder@6a6afff2
14:10:31.929 [main] DEBUG org.aspectj.weaver.Dump - 14:10:31.929 main > o.a.w.Dump.shouldDumpOnExit o.a.w.t.WeavingAdaptor$WeavingAdaptorMessageHolder@6a6afff2
14:10:31.929 [main] DEBUG org.aspectj.weaver.Dump - 14:10:31.929 main - o.a.w.Dump.shouldDumpOnExit abort
14:10:31.929 [main] DEBUG org.aspectj.weaver.Dump - 14:10:31.929 main < o.a.w.Dump.shouldDumpOnExit false
14:10:31.929 [main] DEBUG org.aspectj.weaver.Dump - 14:10:31.929 main < o.a.w.Dump.dumpOnExit Excluded
14:10:31.929 [main] DEBUG org.aspectj.weaver.loadtime.Aj - 14:10:31.929 main < o.a.w.l.Aj.preProcess byte[5626]
14:10:31.931 [main] DEBUG org.aspectj.weaver.loadtime.Aj - 14:10:31.931 main > o.a.w.l.Aj.preProcess o.a.w.l.Aj@b9afc07 io/qameta/allure/internal/shadowed/jackson/databind/ser/std/InetSocketAddressSerializer, byte[4017], j.i.l.ClassLoaders$AppClassLoader@3cd1a2f1
14:10:31.932 [main] DEBUG org.aspectj.weaver.loadtime.Aj - 14:10:31.932 main - o.a.w.l.Aj.preProcess o.a.w.l.Aj@b9afc07 j.i.l.ClassLoaders$PlatformClassLoader@1ad282e0, j.i.l.ClassLoaders$AppClassLoader@3cd1a2f1
14:10:31.932 [main] DEBUG o.a.weaver.tools.WeavingAdaptor - 14:10:31.932 main > o.a.w.t.WeavingAdaptor.weaveClass o.a.w.l.ClassLoaderWeavingAdaptor@140e5a13 io/qameta/allure/internal/shadowed/jackson/databind/ser/std/InetSocketAddressSerializer, byte[4017]
14:10:31.932 [main] DEBUG org.aspectj.weaver.bcel.BcelWeaver - 14:10:31.932 main > o.a.w.b.BcelWeaver.weave o.a.w.b.BcelWeaver@48524010 o.a.w.t.WeavingAdaptor$WeavingClassFileProvider@68dcfd52
14:10:31.932 [main] DEBUG org.aspectj.weaver.bcel.BcelWeaver - 14:10:31.932 main > o.a.w.b.BcelWeaver.weaveAndNotify o.a.w.b.BcelWeaver@48524010 o.a.w.b.UnwovenClassFile@25b5c5e3, o.a.w.b.BcelObjectType@5177e388, o.a.w.t.WeavingAdaptor$WeavingClassFileProvider$1@37b72ea
14:10:31.934 [main] DEBUG org.aspectj.weaver.bcel.BcelWorld - 14:10:31.934 main - o.a.w.b.BcelWorld.lookupJavaClass o.a.w.l.LTWWorld@2b4a2ec7 java.net.InetSocketAddress, o.a.a.b.c.JavaClass@7d37f1c
14:10:31.935 [main] DEBUG org.aspectj.weaver.bcel.BcelWeaver - 14:10:31.935 main < o.a.w.b.BcelWeaver.weaveAndNotify
14:10:31.935 [main] DEBUG org.aspectj.weaver.bcel.BcelWeaver - 14:10:31.935 main < o.a.w.b.BcelWeaver.weave java.util.ArrayList(1)
14:10:31.935 [main] DEBUG o.a.weaver.tools.WeavingAdaptor - 14:10:31.935 main < o.a.w.t.WeavingAdaptor.weaveClass byte[4017]
14:10:31.935 [main] DEBUG org.aspectj.weaver.Dump - 14:10:31.935 main > o.a.w.Dump.dumpOnExit o.a.w.t.WeavingAdaptor$WeavingAdaptorMessageHolder@6a6afff2
14:10:31.935 [main] DEBUG org.aspectj.weaver.Dump - 14:10:31.935 main > o.a.w.Dump.shouldDumpOnExit o.a.w.t.WeavingAdaptor$WeavingAdaptorMessageHolder@6a6afff2
14:10:31.935 [main] DEBUG org.aspectj.weaver.Dump - 14:10:31.935 main - o.a.w.Dump.shouldDumpOnExit abort
14:10:31.935 [main] DEBUG org.aspectj.weaver.Dump - 14:10:31.935 main < o.a.w.Dump.shouldDumpOnExit false
14:10:31.935 [main] DEBUG org.aspectj.weaver.Dump - 14:10:31.935 main < o.a.w.Dump.dumpOnExit Excluded
14:10:31.935 [main] DEBUG org.aspectj.weaver.loadtime.Aj - 14:10:31.935 main < o.a.w.l.Aj.preProcess byte[4017]
14:10:31.937 [main] DEBUG org.aspectj.weaver.loadtime.Aj - 14:10:31.937 main > o.a.w.l.Aj.preProcess o.a.w.l.Aj@b9afc07 io/qameta/allure/internal/shadowed/jackson/databind/ser/std/TimeZoneSerializer, byte[3155], j.i.l.ClassLoaders$AppClassLoader@3cd1a2f1
14:10:31.937 [main] DEBUG org.aspectj.weaver.loadtime.Aj - 14:10:31.937 main - o.a.w.l.Aj.preProcess o.a.w.l.Aj@b9afc07 j.i.l.ClassLoaders$PlatformClassLoader@1ad282e0, j.i.l.ClassLoaders$AppClassLoader@3cd1a2f1
14:10:31.937 [main] DEBUG o.a.weaver.tools.WeavingAdaptor - 14:10:31.937 main > o.a.w.t.WeavingAdaptor.weaveClass o.a.w.l.ClassLoaderWeavingAdaptor@140e5a13 io/qameta/allure/internal/shadowed/jackson/databind/ser/std/TimeZoneSerializer, byte[3155]
14:10:31.937 [main] DEBUG org.aspectj.weaver.bcel.BcelWeaver - 14:10:31.937 main > o.a.w.b.BcelWeaver.weave o.a.w.b.BcelWeaver@48524010 o.a.w.t.WeavingAdaptor$WeavingClassFileProvider@3047254d
14:10:31.937 [main] DEBUG org.aspectj.weaver.bcel.BcelWeaver - 14:10:31.937 main > o.a.w.b.BcelWeaver.weaveAndNotify o.a.w.b.BcelWeaver@48524010 o.a.w.b.UnwovenClassFile@6cf31447, o.a.w.b.BcelObjectType@4e92466a, o.a.w.t.WeavingAdaptor$WeavingClassFileProvider$1@66e8997c
14:10:31.938 [main] DEBUG org.aspectj.weaver.bcel.BcelWeaver - 14:10:31.938 main < o.a.w.b.BcelWeaver.weaveAndNotify
14:10:31.938 [main] DEBUG org.aspectj.weaver.bcel.BcelWeaver - 14:10:31.938 main < o.a.w.b.BcelWeaver.weave java.util.ArrayList(1)
14:10:31.938 [main] DEBUG o.a.weaver.tools.WeavingAdaptor - 14:10:31.938 main < o.a.w.t.WeavingAdaptor.weaveClass byte[3155]
14:10:31.938 [main] DEBUG org.aspectj.weaver.Dump - 14:10:31.938 main > o.a.w.Dump.dumpOnExit o.a.w.t.WeavingAdaptor$WeavingAdaptorMessageHolder@6a6afff2
14:10:31.938 [main] DEBUG org.aspectj.weaver.Dump - 14:10:31.938 main > o.a.w.Dump.shouldDumpOnExit o.a.w.t.WeavingAdaptor$WeavingAdaptorMessageHolder@6a6afff2
14:10:31.938 [main] DEBUG org.aspectj.weaver.Dump - 14:10:31.938 main - o.a.w.Dump.shouldDumpOnExit abort
14:10:31.938 [main] DEBUG org.aspectj.weaver.Dump - 14:10:31.938 main < o.a.w.Dump.shouldDumpOnExit false
14:10:31.939 [main] DEBUG org.aspectj.weaver.Dump - 14:10:31.938 main < o.a.w.Dump.dumpOnExit Excluded
14:10:31.939 [main] DEBUG org.aspectj.weaver.loadtime.Aj - 14:10:31.939 main < o.a.w.l.Aj.preProcess byte[3155]
14:10:31.942 [main] DEBUG org.aspectj.weaver.loadtime.Aj - 14:10:31.942 main > o.a.w.l.Aj.preProcess o.a.w.l.Aj@b9afc07 io/qameta/allure/internal/shadowed/jackson/databind/ser/std/NumberSerializer, byte[7455], j.i.l.ClassLoaders$AppClassLoader@3cd1a2f1
14:10:31.942 [main] DEBUG org.aspectj.weaver.loadtime.Aj - 14:10:31.942 main - o.a.w.l.Aj.preProcess o.a.w.l.Aj@b9afc07 j.i.l.ClassLoaders$PlatformClassLoader@1ad282e0, j.i.l.ClassLoaders$AppClassLoader@3cd1a2f1
14:10:31.942 [main] DEBUG o.a.weaver.tools.WeavingAdaptor - 14:10:31.942 main > o.a.w.t.WeavingAdaptor.weaveClass o.a.w.l.ClassLoaderWeavingAdaptor@140e5a13 io/qameta/allure/internal/shadowed/jackson/databind/ser/std/NumberSerializer, byte[7455]
14:10:31.942 [main] DEBUG org.aspectj.weaver.bcel.BcelWeaver - 14:10:31.942 main > o.a.w.b.BcelWeaver.weave o.a.w.b.BcelWeaver@48524010 o.a.w.t.WeavingAdaptor$WeavingClassFileProvider@6f7e336b
14:10:31.942 [main] DEBUG org.aspectj.weaver.bcel.BcelWeaver - 14:10:31.942 main > o.a.w.b.BcelWeaver.weaveAndNotify o.a.w.b.BcelWeaver@48524010 o.a.w.b.UnwovenClassFile@3a2b2322, o.a.w.b.BcelObjectType@5e1218b4, o.a.w.t.WeavingAdaptor$WeavingClassFileProvider$1@12958360
14:10:32.203 [main] DEBUG org.aspectj.weaver.bcel.BcelWorld - 14:10:32.203 main - o.a.w.b.BcelWorld.lookupJavaClass o.a.w.l.LTWWorld@2b4a2ec7 java.lang.Number, o.a.a.b.c.JavaClass@266374ef
14:10:32.203 [main] DEBUG org.aspectj.weaver.bcel.BcelWeaver - 14:10:32.203 main < o.a.w.b.BcelWeaver.weaveAndNotify
14:10:32.203 [main] DEBUG org.aspectj.weaver.bcel.BcelWeaver - 14:10:32.203 main < o.a.w.b.BcelWeaver.weave java.util.ArrayList(1)
14:10:32.203 [main] DEBUG o.a.weaver.tools.WeavingAdaptor - 14:10:32.203 main < o.a.w.t.WeavingAdaptor.weaveClass byte[7455]
14:10:32.203 [main] DEBUG org.aspectj.weaver.Dump - 14:10:32.203 main > o.a.w.Dump.dumpOnExit o.a.w.t.WeavingAdaptor$WeavingAdaptorMessageHolder@6a6afff2
14:10:32.204 [main] DEBUG org.aspectj.weaver.Dump - 14:10:32.203 main > o.a.w.Dump.shouldDumpOnExit o.a.w.t.WeavingAdaptor$WeavingAdaptorMessageHolder@6a6afff2
14:10:32.204 [main] DEBUG org.aspectj.weaver.Dump - 14:10:32.204 main - o.a.w.Dump.shouldDumpOnExit abort
14:10:32.204 [main] DEBUG org.aspectj.weaver.Dump - 14:10:32.204 main < o.a.w.Dump.shouldDumpOnExit false
14:10:32.204 [main] DEBUG org.aspectj.weaver.Dump - 14:10:32.204 main < o.a.w.Dump.dumpOnExit Excluded
14:10:32.204 [main] DEBUG org.aspectj.weaver.loadtime.Aj - 14:10:32.204 main < o.a.w.l.Aj.preProcess byte[7455]
14:10:32.206 [main] DEBUG org.aspectj.weaver.loadtime.Aj - 14:10:32.206 main > o.a.w.l.Aj.preProcess o.a.w.l.Aj@b9afc07 io/qameta/allure/internal/shadowed/jackson/databind/ser/std/ReferenceTypeSerializer, byte[18793], j.i.l.ClassLoaders$AppClassLoader@3cd1a2f1
14:10:32.206 [main] DEBUG org.aspectj.weaver.loadtime.Aj - 14:10:32.206 main - o.a.w.l.Aj.preProcess o.a.w.l.Aj@b9afc07 j.i.l.ClassLoaders$PlatformClassLoader@1ad282e0, j.i.l.ClassLoaders$AppClassLoader@3cd1a2f1
14:10:32.206 [main] DEBUG o.a.weaver.tools.WeavingAdaptor - 14:10:32.206 main > o.a.w.t.WeavingAdaptor.weaveClass o.a.w.l.ClassLoaderWeavingAdaptor@140e5a13 io/qameta/allure/internal/shadowed/jackson/databind/ser/std/ReferenceTypeSerializer, byte[18793]
14:10:32.207 [main] DEBUG org.aspectj.weaver.bcel.BcelWeaver - 14:10:32.207 main > o.a.w.b.BcelWeaver.weave o.a.w.b.BcelWeaver@48524010 o.a.w.t.WeavingAdaptor$WeavingClassFileProvider@63fdffcd
14:10:32.207 [main] DEBUG org.aspectj.weaver.bcel.BcelWeaver - 14:10:32.207 main > o.a.w.b.BcelWeaver.weaveAndNotify o.a.w.b.BcelWeaver@48524010 o.a.w.b.UnwovenClassFile@7428de63, o.a.w.b.BcelObjectType@66f659e6, o.a.w.t.WeavingAdaptor$WeavingClassFileProvider$1@4a68135e
14:10:32.209 [main] DEBUG org.aspectj.weaver.bcel.BcelWeaver - 14:10:32.209 main < o.a.w.b.BcelWeaver.weaveAndNotify
14:10:32.209 [main] DEBUG org.aspectj.weaver.bcel.BcelWeaver - 14:10:32.209 main < o.a.w.b.BcelWeaver.weave java.util.ArrayList(1)
14:10:32.209 [main] DEBUG o.a.weaver.tools.WeavingAdaptor - 14:10:32.209 main < o.a.w.t.WeavingAdaptor.weaveClass byte[18793]
14:10:32.209 [main] DEBUG org.aspectj.weaver.Dump - 14:10:32.209 main > o.a.w.Dump.dumpOnExit o.a.w.t.WeavingAdaptor$WeavingAdaptorMessageHolder@6a6afff2
14:10:32.209 [main] DEBUG org.aspectj.weaver.Dump - 14:10:32.209 main > o.a.w.Dump.shouldDumpOnExit o.a.w.t.WeavingAdaptor$WeavingAdaptorMessageHolder@6a6afff2
14:10:32.210 [main] DEBUG org.aspectj.weaver.Dump - 14:10:32.209 main - o.a.w.Dump.shouldDumpOnExit abort
14:10:32.210 [main] DEBUG org.aspectj.weaver.Dump - 14:10:32.210 main < o.a.w.Dump.shouldDumpOnExit false
14:10:32.210 [main] DEBUG org.aspectj.weaver.Dump - 14:10:32.210 main < o.a.w.Dump.dumpOnExit Excluded
14:10:32.210 [main] DEBUG org.aspectj.weaver.loadtime.Aj - 14:10:32.210 main < o.a.w.l.Aj.preProcess byte[18793]
14:10:32.218 [main] DEBUG org.aspectj.weaver.loadtime.Aj - 14:10:32.218 main > o.a.w.l.Aj.preProcess o.a.w.l.Aj@b9afc07 io/qameta/allure/internal/shadowed/jackson/databind/ser/std/EnumSetSerializer, byte[7887], j.i.l.ClassLoaders$AppClassLoader@3cd1a2f1
14:10:32.218 [main] DEBUG org.aspectj.weaver.loadtime.Aj - 14:10:32.218 main - o.a.w.l.Aj.preProcess o.a.w.l.Aj@b9afc07 j.i.l.ClassLoaders$PlatformClassLoader@1ad282e0, j.i.l.ClassLoaders$AppClassLoader@3cd1a2f1
14:10:32.218 [main] DEBUG o.a.weaver.tools.WeavingAdaptor - 14:10:32.218 main > o.a.w.t.WeavingAdaptor.weaveClass o.a.w.l.ClassLoaderWeavingAdaptor@140e5a13 io/qameta/allure/internal/shadowed/jackson/databind/ser/std/EnumSetSerializer, byte[7887]
14:10:32.219 [main] DEBUG org.aspectj.weaver.bcel.BcelWeaver - 14:10:32.219 main > o.a.w.b.BcelWeaver.weave o.a.w.b.BcelWeaver@48524010 o.a.w.t.WeavingAdaptor$WeavingClassFileProvider@50a3d0f6
14:10:32.219 [main] DEBUG org.aspectj.weaver.bcel.BcelWeaver - 14:10:32.219 main > o.a.w.b.BcelWeaver.weaveAndNotify o.a.w.b.BcelWeaver@48524010 o.a.w.b.UnwovenClassFile@6e57b5e9, o.a.w.b.BcelObjectType@1abc9f14, o.a.w.t.WeavingAdaptor$WeavingClassFileProvider$1@6a0ac48e
14:10:32.220 [main] DEBUG org.aspectj.weaver.bcel.BcelWorld - 14:10:32.220 main - o.a.w.b.BcelWorld.lookupJavaClass o.a.w.l.LTWWorld@2b4a2ec7 java.util.EnumSet, o.a.a.b.c.JavaClass@10027fc9
14:10:32.222 [main] DEBUG org.aspectj.weaver.bcel.BcelWeaver - 14:10:32.222 main < o.a.w.b.BcelWeaver.weaveAndNotify
14:10:32.222 [main] DEBUG org.aspectj.weaver.bcel.BcelWeaver - 14:10:32.222 main < o.a.w.b.BcelWeaver.weave java.util.ArrayList(1)
14:10:32.222 [main] DEBUG o.a.weaver.tools.WeavingAdaptor - 14:10:32.222 main < o.a.w.t.WeavingAdaptor.weaveClass byte[7887]
14:10:32.222 [main] DEBUG org.aspectj.weaver.Dump - 14:10:32.222 main > o.a.w.Dump.dumpOnExit o.a.w.t.WeavingAdaptor$WeavingAdaptorMessageHolder@6a6afff2
14:10:32.222 [main] DEBUG org.aspectj.weaver.Dump - 14:10:32.222 main > o.a.w.Dump.shouldDumpOnExit o.a.w.t.WeavingAdaptor$WeavingAdaptorMessageHolder@6a6afff2
14:10:32.222 [main] DEBUG org.aspectj.weaver.Dump - 14:10:32.222 main - o.a.w.Dump.shouldDumpOnExit abort
14:10:32.222 [main] DEBUG org.aspectj.weaver.Dump - 14:10:32.222 main < o.a.w.Dump.shouldDumpOnExit false
14:10:32.222 [main] DEBUG org.aspectj.weaver.Dump - 14:10:32.222 main < o.a.w.Dump.dumpOnExit Excluded
14:10:32.222 [main] DEBUG org.aspectj.weaver.loadtime.Aj - 14:10:32.222 main < o.a.w.l.Aj.preProcess byte[7887]
14:10:32.227 [main] DEBUG org.aspectj.weaver.loadtime.Aj - 14:10:32.227 main > o.a.w.l.Aj.preProcess o.a.w.l.Aj@b9afc07 io/qameta/allure/internal/shadowed/jackson/databind/ser/impl/IndexedListSerializer, byte[11864], j.i.l.ClassLoaders$AppClassLoader@3cd1a2f1
14:10:32.227 [main] DEBUG org.aspectj.weaver.loadtime.Aj - 14:10:32.227 main - o.a.w.l.Aj.preProcess o.a.w.l.Aj@b9afc07 j.i.l.ClassLoaders$PlatformClassLoader@1ad282e0, j.i.l.ClassLoaders$AppClassLoader@3cd1a2f1
14:10:32.227 [main] DEBUG o.a.weaver.tools.WeavingAdaptor - 14:10:32.227 main > o.a.w.t.WeavingAdaptor.weaveClass o.a.w.l.ClassLoaderWeavingAdaptor@140e5a13 io/qameta/allure/internal/shadowed/jackson/databind/ser/impl/IndexedListSerializer, byte[11864]
14:10:32.228 [main] DEBUG org.aspectj.weaver.bcel.BcelWeaver - 14:10:32.228 main > o.a.w.b.BcelWeaver.weave o.a.w.b.BcelWeaver@48524010 o.a.w.t.WeavingAdaptor$WeavingClassFileProvider@3e4f80cb
14:10:32.229 [main] DEBUG org.aspectj.weaver.bcel.BcelWeaver - 14:10:32.229 main > o.a.w.b.BcelWeaver.weaveAndNotify o.a.w.b.BcelWeaver@48524010 o.a.w.b.UnwovenClassFile@38704ff0, o.a.w.b.BcelObjectType@16ade133, o.a.w.t.WeavingAdaptor$WeavingClassFileProvider$1@4e61e4c2
14:10:32.231 [main] DEBUG org.aspectj.weaver.bcel.BcelWeaver - 14:10:32.231 main < o.a.w.b.BcelWeaver.weaveAndNotify
14:10:32.231 [main] DEBUG org.aspectj.weaver.bcel.BcelWeaver - 14:10:32.231 main < o.a.w.b.BcelWeaver.weave java.util.ArrayList(1)
14:10:32.231 [main] DEBUG o.a.weaver.tools.WeavingAdaptor - 14:10:32.231 main < o.a.w.t.WeavingAdaptor.weaveClass byte[11864]
14:10:32.232 [main] DEBUG org.aspectj.weaver.Dump - 14:10:32.231 main > o.a.w.Dump.dumpOnExit o.a.w.t.WeavingAdaptor$WeavingAdaptorMessageHolder@6a6afff2
14:10:32.232 [main] DEBUG org.aspectj.weaver.Dump - 14:10:32.232 main > o.a.w.Dump.shouldDumpOnExit o.a.w.t.WeavingAdaptor$WeavingAdaptorMessageHolder@6a6afff2
14:10:32.232 [main] DEBUG org.aspectj.weaver.Dump - 14:10:32.232 main - o.a.w.Dump.shouldDumpOnExit abort
14:10:32.232 [main] DEBUG org.aspectj.weaver.Dump - 14:10:32.232 main < o.a.w.Dump.shouldDumpOnExit false
14:10:32.232 [main] DEBUG org.aspectj.weaver.Dump - 14:10:32.232 main < o.a.w.Dump.dumpOnExit Excluded
14:10:32.232 [main] DEBUG org.aspectj.weaver.loadtime.Aj - 14:10:32.232 main < o.a.w.l.Aj.preProcess byte[11864]
14:10:32.234 [main] DEBUG org.aspectj.weaver.loadtime.Aj - 14:10:32.234 main > o.a.w.l.Aj.preProcess o.a.w.l.Aj@b9afc07 io/qameta/allure/internal/shadowed/jackson/databind/introspect/AnnotatedField, byte[6299], j.i.l.ClassLoaders$AppClassLoader@3cd1a2f1
14:10:32.234 [main] DEBUG org.aspectj.weaver.loadtime.Aj - 14:10:32.234 main - o.a.w.l.Aj.preProcess o.a.w.l.Aj@b9afc07 j.i.l.ClassLoaders$PlatformClassLoader@1ad282e0, j.i.l.ClassLoaders$AppClassLoader@3cd1a2f1
14:10:32.234 [main] DEBUG o.a.weaver.tools.WeavingAdaptor - 14:10:32.234 main > o.a.w.t.WeavingAdaptor.weaveClass o.a.w.l.ClassLoaderWeavingAdaptor@140e5a13 io/qameta/allure/internal/shadowed/jackson/databind/introspect/AnnotatedField, byte[6299]
14:10:32.235 [main] DEBUG org.aspectj.weaver.bcel.BcelWeaver - 14:10:32.235 main > o.a.w.b.BcelWeaver.weave o.a.w.b.BcelWeaver@48524010 o.a.w.t.WeavingAdaptor$WeavingClassFileProvider@4647881c
14:10:32.235 [main] DEBUG org.aspectj.weaver.bcel.BcelWeaver - 14:10:32.235 main > o.a.w.b.BcelWeaver.weaveAndNotify o.a.w.b.BcelWeaver@48524010 o.a.w.b.UnwovenClassFile@6e0cff20, o.a.w.b.BcelObjectType@359b650b, o.a.w.t.WeavingAdaptor$WeavingClassFileProvider$1@6a9b0a6f
14:10:32.235 [main] DEBUG org.aspectj.weaver.bcel.BcelWorld - 14:10:32.235 main - o.a.w.b.BcelWorld.lookupJavaClass o.a.w.l.LTWWorld@2b4a2ec7 java.lang.reflect.Field, o.a.a.b.c.JavaClass@a50b09c
14:10:32.236 [main] DEBUG org.aspectj.weaver.bcel.BcelWeaver - 14:10:32.236 main < o.a.w.b.BcelWeaver.weaveAndNotify
14:10:32.236 [main] DEBUG org.aspectj.weaver.bcel.BcelWeaver - 14:10:32.236 main < o.a.w.b.BcelWeaver.weave java.util.ArrayList(1)
14:10:32.236 [main] DEBUG o.a.weaver.tools.WeavingAdaptor - 14:10:32.236 main < o.a.w.t.WeavingAdaptor.weaveClass byte[6299]
14:10:32.236 [main] DEBUG org.aspectj.weaver.Dump - 14:10:32.236 main > o.a.w.Dump.dumpOnExit o.a.w.t.WeavingAdaptor$WeavingAdaptorMessageHolder@6a6afff2
14:10:32.236 [main] DEBUG org.aspectj.weaver.Dump - 14:10:32.236 main > o.a.w.Dump.shouldDumpOnExit o.a.w.t.WeavingAdaptor$WeavingAdaptorMessageHolder@6a6afff2
14:10:32.236 [main] DEBUG org.aspectj.weaver.Dump - 14:10:32.236 main - o.a.w.Dump.shouldDumpOnExit abort
14:10:32.236 [main] DEBUG org.aspectj.weaver.Dump - 14:10:32.236 main < o.a.w.Dump.shouldDumpOnExit false
14:10:32.236 [main] DEBUG org.aspectj.weaver.Dump - 14:10:32.236 main < o.a.w.Dump.dumpOnExit Excluded
14:10:32.236 [main] DEBUG org.aspectj.weaver.loadtime.Aj - 14:10:32.236 main < o.a.w.l.Aj.preProcess byte[6299]
14:10:32.238 [main] DEBUG org.aspectj.weaver.loadtime.Aj - 14:10:32.238 main > o.a.w.l.Aj.preProcess o.a.w.l.Aj@b9afc07 io/qameta/allure/internal/shadowed/jackson/databind/ser/BeanSerializer, byte[7593], j.i.l.ClassLoaders$AppClassLoader@3cd1a2f1
14:10:32.238 [main] DEBUG org.aspectj.weaver.loadtime.Aj - 14:10:32.238 main - o.a.w.l.Aj.preProcess o.a.w.l.Aj@b9afc07 j.i.l.ClassLoaders$PlatformClassLoader@1ad282e0, j.i.l.ClassLoaders$AppClassLoader@3cd1a2f1
14:10:32.238 [main] DEBUG o.a.weaver.tools.WeavingAdaptor - 14:10:32.238 main > o.a.w.t.WeavingAdaptor.weaveClass o.a.w.l.ClassLoaderWeavingAdaptor@140e5a13 io/qameta/allure/internal/shadowed/jackson/databind/ser/BeanSerializer, byte[7593]
14:10:32.239 [main] DEBUG org.aspectj.weaver.bcel.BcelWeaver - 14:10:32.238 main > o.a.w.b.BcelWeaver.weave o.a.w.b.BcelWeaver@48524010 o.a.w.t.WeavingAdaptor$WeavingClassFileProvider@2c6ee758
14:10:32.240 [main] DEBUG org.aspectj.weaver.bcel.BcelWorld - 14:10:32.240 main - o.a.w.b.BcelWorld.lookupJavaClass o.a.w.l.LTWWorld@2b4a2ec7 io.qameta.allure.internal.shadowed.jackson.databind.ser.std.BeanSerializerBase, o.a.a.b.c.JavaClass@7bb35cc6
14:10:32.241 [main] DEBUG org.aspectj.weaver.bcel.BcelWeaver - 14:10:32.241 main > o.a.w.b.BcelWeaver.weaveAndNotify o.a.w.b.BcelWeaver@48524010 o.a.w.b.UnwovenClassFile@203c20cf, o.a.w.b.BcelObjectType@2a1debfa, o.a.w.t.WeavingAdaptor$WeavingClassFileProvider$1@44de94c3
14:10:32.241 [main] DEBUG org.aspectj.weaver.bcel.BcelWorld - 14:10:32.241 main - o.a.w.b.BcelWorld.lookupJavaClass o.a.w.l.LTWWorld@2b4a2ec7 io.qameta.allure.internal.shadowed.jackson.databind.ser.ResolvableSerializer, o.a.a.b.c.JavaClass@4b1abd11
14:10:32.242 [main] DEBUG org.aspectj.weaver.bcel.BcelWorld - 14:10:32.241 main - o.a.w.b.BcelWorld.lookupJavaClass o.a.w.l.LTWWorld@2b4a2ec7 io.qameta.allure.internal.shadowed.jackson.databind.ser.BeanSerializerBuilder, o.a.a.b.c.JavaClass@2dbf4cbd
14:10:32.242 [main] DEBUG org.aspectj.weaver.bcel.BcelWorld - 14:10:32.242 main - o.a.w.b.BcelWorld.lookupJavaClass o.a.w.l.LTWWorld@2b4a2ec7 io.qameta.allure.internal.shadowed.jackson.databind.ser.impl.ObjectIdWriter, o.a.a.b.c.JavaClass@15c25153
14:10:32.242 [main] DEBUG org.aspectj.weaver.bcel.BcelWorld - 14:10:32.242 main - o.a.w.b.BcelWorld.lookupJavaClass o.a.w.l.LTWWorld@2b4a2ec7 io.qameta.allure.internal.shadowed.jackson.databind.ser.BeanPropertyWriter, o.a.a.b.c.JavaClass@56276db8
14:10:32.242 [main] DEBUG org.aspectj.weaver.bcel.BcelWeaver - 14:10:32.242 main < o.a.w.b.BcelWeaver.weaveAndNotify
14:10:32.242 [main] DEBUG org.aspectj.weaver.bcel.BcelWeaver - 14:10:32.242 main < o.a.w.b.BcelWeaver.weave java.util.ArrayList(1)
14:10:32.242 [main] DEBUG o.a.weaver.tools.WeavingAdaptor - 14:10:32.242 main < o.a.w.t.WeavingAdaptor.weaveClass byte[7593]
14:10:32.242 [main] DEBUG org.aspectj.weaver.Dump - 14:10:32.242 main > o.a.w.Dump.dumpOnExit o.a.w.t.WeavingAdaptor$WeavingAdaptorMessageHolder@6a6afff2
14:10:32.242 [main] DEBUG org.aspectj.weaver.Dump - 14:10:32.242 main > o.a.w.Dump.shouldDumpOnExit o.a.w.t.WeavingAdaptor$WeavingAdaptorMessageHolder@6a6afff2
14:10:32.242 [main] DEBUG org.aspectj.weaver.Dump - 14:10:32.242 main - o.a.w.Dump.shouldDumpOnExit abort
14:10:32.242 [main] DEBUG org.aspectj.weaver.Dump - 14:10:32.242 main < o.a.w.Dump.shouldDumpOnExit false
14:10:32.242 [main] DEBUG org.aspectj.weaver.Dump - 14:10:32.242 main < o.a.w.Dump.dumpOnExit Excluded
14:10:32.242 [main] DEBUG org.aspectj.weaver.loadtime.Aj - 14:10:32.242 main < o.a.w.l.Aj.preProcess byte[7593]
14:10:32.245 [main] DEBUG org.aspectj.weaver.loadtime.Aj - 14:10:32.245 main > o.a.w.l.Aj.preProcess o.a.w.l.Aj@b9afc07 io/qameta/allure/internal/shadowed/jackson/databind/ser/std/BeanSerializerBase, byte[38829], j.i.l.ClassLoaders$AppClassLoader@3cd1a2f1
14:10:32.245 [main] DEBUG org.aspectj.weaver.loadtime.Aj - 14:10:32.245 main - o.a.w.l.Aj.preProcess o.a.w.l.Aj@b9afc07 j.i.l.ClassLoaders$PlatformClassLoader@1ad282e0, j.i.l.ClassLoaders$AppClassLoader@3cd1a2f1
14:10:32.245 [main] DEBUG o.a.weaver.tools.WeavingAdaptor - 14:10:32.245 main > o.a.w.t.WeavingAdaptor.weaveClass o.a.w.l.ClassLoaderWeavingAdaptor@140e5a13 io/qameta/allure/internal/shadowed/jackson/databind/ser/std/BeanSerializerBase, byte[38829]
14:10:32.248 [main] DEBUG org.aspectj.weaver.bcel.BcelWeaver - 14:10:32.248 main > o.a.w.b.BcelWeaver.weave o.a.w.b.BcelWeaver@48524010 o.a.w.t.WeavingAdaptor$WeavingClassFileProvider@3e1624c7
14:10:32.249 [main] DEBUG org.aspectj.weaver.bcel.BcelWeaver - 14:10:32.248 main > o.a.w.b.BcelWeaver.weaveAndNotify o.a.w.b.BcelWeaver@48524010 o.a.w.b.UnwovenClassFile@62b969c4, o.a.w.b.BcelObjectType@dcc6211, o.a.w.t.WeavingAdaptor$WeavingClassFileProvider$1@47ec7422
14:10:32.250 [main] DEBUG org.aspectj.weaver.bcel.BcelWorld - 14:10:32.250 main - o.a.w.b.BcelWorld.lookupJavaClass o.a.w.l.LTWWorld@2b4a2ec7 io.qameta.allure.internal.shadowed.jackson.databind.ser.impl.WritableObjectId, o.a.a.b.c.JavaClass@67ab1c47
14:10:32.250 [main] DEBUG org.aspectj.weaver.bcel.BcelWorld - 14:10:32.250 main - o.a.w.b.BcelWorld.lookupJavaClass o.a.w.l.LTWWorld@2b4a2ec7 io.qameta.allure.internal.shadowed.jackson.core.type.WritableTypeId, o.a.a.b.c.JavaClass@3af17be2
14:10:32.250 [main] DEBUG org.aspectj.weaver.bcel.BcelWeaver - 14:10:32.250 main < o.a.w.b.BcelWeaver.weaveAndNotify
14:10:32.250 [main] DEBUG org.aspectj.weaver.bcel.BcelWeaver - 14:10:32.250 main < o.a.w.b.BcelWeaver.weave java.util.ArrayList(1)
14:10:32.250 [main] DEBUG o.a.weaver.tools.WeavingAdaptor - 14:10:32.250 main < o.a.w.t.WeavingAdaptor.weaveClass byte[38829]
14:10:32.251 [main] DEBUG org.aspectj.weaver.Dump - 14:10:32.251 main > o.a.w.Dump.dumpOnExit o.a.w.t.WeavingAdaptor$WeavingAdaptorMessageHolder@6a6afff2
14:10:32.251 [main] DEBUG org.aspectj.weaver.Dump - 14:10:32.251 main > o.a.w.Dump.shouldDumpOnExit o.a.w.t.WeavingAdaptor$WeavingAdaptorMessageHolder@6a6afff2
14:10:32.251 [main] DEBUG org.aspectj.weaver.Dump - 14:10:32.251 main - o.a.w.Dump.shouldDumpOnExit abort
14:10:32.251 [main] DEBUG org.aspectj.weaver.Dump - 14:10:32.251 main < o.a.w.Dump.shouldDumpOnExit false
14:10:32.251 [main] DEBUG org.aspectj.weaver.Dump - 14:10:32.251 main < o.a.w.Dump.dumpOnExit Excluded
14:10:32.251 [main] DEBUG org.aspectj.weaver.loadtime.Aj - 14:10:32.251 main < o.a.w.l.Aj.preProcess byte[38829]
14:10:32.257 [main] DEBUG org.aspectj.weaver.loadtime.Aj - 14:10:32.256 main > o.a.w.l.Aj.preProcess o.a.w.l.Aj@b9afc07 io/qameta/allure/internal/shadowed/jackson/databind/ser/impl/UnsupportedTypeSerializer, byte[1696], j.i.l.ClassLoaders$AppClassLoader@3cd1a2f1
14:10:32.257 [main] DEBUG org.aspectj.weaver.loadtime.Aj - 14:10:32.257 main - o.a.w.l.Aj.preProcess o.a.w.l.Aj@b9afc07 j.i.l.ClassLoaders$PlatformClassLoader@1ad282e0, j.i.l.ClassLoaders$AppClassLoader@3cd1a2f1
14:10:32.257 [main] DEBUG o.a.weaver.tools.WeavingAdaptor - 14:10:32.257 main > o.a.w.t.WeavingAdaptor.weaveClass o.a.w.l.ClassLoaderWeavingAdaptor@140e5a13 io/qameta/allure/internal/shadowed/jackson/databind/ser/impl/UnsupportedTypeSerializer, byte[1696]
14:10:32.257 [main] DEBUG org.aspectj.weaver.bcel.BcelWeaver - 14:10:32.257 main > o.a.w.b.BcelWeaver.weave o.a.w.b.BcelWeaver@48524010 o.a.w.t.WeavingAdaptor$WeavingClassFileProvider@14f3c6fc
14:10:32.257 [main] DEBUG org.aspectj.weaver.bcel.BcelWeaver - 14:10:32.257 main > o.a.w.b.BcelWeaver.weaveAndNotify o.a.w.b.BcelWeaver@48524010 o.a.w.b.UnwovenClassFile@3cd59ef5, o.a.w.b.BcelObjectType@33b082c5, o.a.w.t.WeavingAdaptor$WeavingClassFileProvider$1@16073fa8
14:10:32.258 [main] DEBUG org.aspectj.weaver.bcel.BcelWeaver - 14:10:32.258 main < o.a.w.b.BcelWeaver.weaveAndNotify
14:10:32.258 [main] DEBUG org.aspectj.weaver.bcel.BcelWeaver - 14:10:32.258 main < o.a.w.b.BcelWeaver.weave java.util.ArrayList(1)
14:10:32.258 [main] DEBUG o.a.weaver.tools.WeavingAdaptor - 14:10:32.258 main < o.a.w.t.WeavingAdaptor.weaveClass byte[1696]
14:10:32.258 [main] DEBUG org.aspectj.weaver.Dump - 14:10:32.258 main > o.a.w.Dump.dumpOnExit o.a.w.t.WeavingAdaptor$WeavingAdaptorMessageHolder@6a6afff2
14:10:32.258 [main] DEBUG org.aspectj.weaver.Dump - 14:10:32.258 main > o.a.w.Dump.shouldDumpOnExit o.a.w.t.WeavingAdaptor$WeavingAdaptorMessageHolder@6a6afff2
14:10:32.258 [main] DEBUG org.aspectj.weaver.Dump - 14:10:32.258 main - o.a.w.Dump.shouldDumpOnExit abort
14:10:32.258 [main] DEBUG org.aspectj.weaver.Dump - 14:10:32.258 main < o.a.w.Dump.shouldDumpOnExit false
14:10:32.258 [main] DEBUG org.aspectj.weaver.Dump - 14:10:32.258 main < o.a.w.Dump.dumpOnExit Excluded
14:10:32.258 [main] DEBUG org.aspectj.weaver.loadtime.Aj - 14:10:32.258 main < o.a.w.l.Aj.preProcess byte[1696]
14:10:32.260 [main] DEBUG org.aspectj.weaver.loadtime.Aj - 14:10:32.260 main > o.a.w.l.Aj.preProcess o.a.w.l.Aj@b9afc07 io/qameta/allure/internal/shadowed/jackson/databind/ser/impl/PropertyBasedObjectIdGenerator, byte[4223], j.i.l.ClassLoaders$AppClassLoader@3cd1a2f1
14:10:32.260 [main] DEBUG org.aspectj.weaver.loadtime.Aj - 14:10:32.260 main - o.a.w.l.Aj.preProcess o.a.w.l.Aj@b9afc07 j.i.l.ClassLoaders$PlatformClassLoader@1ad282e0, j.i.l.ClassLoaders$AppClassLoader@3cd1a2f1
14:10:32.260 [main] DEBUG o.a.weaver.tools.WeavingAdaptor - 14:10:32.260 main > o.a.w.t.WeavingAdaptor.weaveClass o.a.w.l.ClassLoaderWeavingAdaptor@140e5a13 io/qameta/allure/internal/shadowed/jackson/databind/ser/impl/PropertyBasedObjectIdGenerator, byte[4223]
14:10:32.260 [main] DEBUG org.aspectj.weaver.bcel.BcelWeaver - 14:10:32.260 main > o.a.w.b.BcelWeaver.weave o.a.w.b.BcelWeaver@48524010 o.a.w.t.WeavingAdaptor$WeavingClassFileProvider@46d9aec8
14:10:32.260 [main] DEBUG org.aspectj.weaver.bcel.BcelWeaver - 14:10:32.260 main > o.a.w.b.BcelWeaver.weaveAndNotify o.a.w.b.BcelWeaver@48524010 o.a.w.b.UnwovenClassFile@14379273, o.a.w.b.BcelObjectType@7918c7f8, o.a.w.t.WeavingAdaptor$WeavingClassFileProvider$1@17740dae
14:10:32.261 [main] DEBUG org.aspectj.weaver.bcel.BcelWeaver - 14:10:32.261 main < o.a.w.b.BcelWeaver.weaveAndNotify
14:10:32.261 [main] DEBUG org.aspectj.weaver.bcel.BcelWeaver - 14:10:32.261 main < o.a.w.b.BcelWeaver.weave java.util.ArrayList(1)
14:10:32.261 [main] DEBUG o.a.weaver.tools.WeavingAdaptor - 14:10:32.261 main < o.a.w.t.WeavingAdaptor.weaveClass byte[4223]
14:10:32.261 [main] DEBUG org.aspectj.weaver.Dump - 14:10:32.261 main > o.a.w.Dump.dumpOnExit o.a.w.t.WeavingAdaptor$WeavingAdaptorMessageHolder@6a6afff2
14:10:32.261 [main] DEBUG org.aspectj.weaver.Dump - 14:10:32.261 main > o.a.w.Dump.shouldDumpOnExit o.a.w.t.WeavingAdaptor$WeavingAdaptorMessageHolder@6a6afff2
14:10:32.262 [main] DEBUG org.aspectj.weaver.Dump - 14:10:32.261 main - o.a.w.Dump.shouldDumpOnExit abort
14:10:32.262 [main] DEBUG org.aspectj.weaver.Dump - 14:10:32.262 main < o.a.w.Dump.shouldDumpOnExit false
14:10:32.262 [main] DEBUG org.aspectj.weaver.Dump - 14:10:32.262 main < o.a.w.Dump.dumpOnExit Excluded
14:10:32.262 [main] DEBUG org.aspectj.weaver.loadtime.Aj - 14:10:32.262 main < o.a.w.l.Aj.preProcess byte[4223]
14:10:32.264 [main] DEBUG org.aspectj.weaver.loadtime.Aj - 14:10:32.264 main > o.a.w.l.Aj.preProcess o.a.w.l.Aj@b9afc07 io/qameta/allure/internal/shadowed/jackson/databind/ser/std/StringSerializer, byte[3158], j.i.l.ClassLoaders$AppClassLoader@3cd1a2f1
14:10:32.264 [main] DEBUG org.aspectj.weaver.loadtime.Aj - 14:10:32.264 main - o.a.w.l.Aj.preProcess o.a.w.l.Aj@b9afc07 j.i.l.ClassLoaders$PlatformClassLoader@1ad282e0, j.i.l.ClassLoaders$AppClassLoader@3cd1a2f1
14:10:32.264 [main] DEBUG o.a.weaver.tools.WeavingAdaptor - 14:10:32.264 main > o.a.w.t.WeavingAdaptor.weaveClass o.a.w.l.ClassLoaderWeavingAdaptor@140e5a13 io/qameta/allure/internal/shadowed/jackson/databind/ser/std/StringSerializer, byte[3158]
14:10:32.264 [main] DEBUG org.aspectj.weaver.bcel.BcelWeaver - 14:10:32.264 main > o.a.w.b.BcelWeaver.weave o.a.w.b.BcelWeaver@48524010 o.a.w.t.WeavingAdaptor$WeavingClassFileProvider@7144655b
14:10:32.265 [main] DEBUG org.aspectj.weaver.bcel.BcelWeaver - 14:10:32.264 main > o.a.w.b.BcelWeaver.weaveAndNotify o.a.w.b.BcelWeaver@48524010 o.a.w.b.UnwovenClassFile@5c82cd4f, o.a.w.b.BcelObjectType@35835e65, o.a.w.t.WeavingAdaptor$WeavingClassFileProvider$1@289fdb08
14:10:32.265 [main] DEBUG org.aspectj.weaver.bcel.BcelWeaver - 14:10:32.265 main < o.a.w.b.BcelWeaver.weaveAndNotify
14:10:32.265 [main] DEBUG org.aspectj.weaver.bcel.BcelWeaver - 14:10:32.265 main < o.a.w.b.BcelWeaver.weave java.util.ArrayList(1)
14:10:32.265 [main] DEBUG o.a.weaver.tools.WeavingAdaptor - 14:10:32.265 main < o.a.w.t.WeavingAdaptor.weaveClass byte[3158]
14:10:32.265 [main] DEBUG org.aspectj.weaver.Dump - 14:10:32.265 main > o.a.w.Dump.dumpOnExit o.a.w.t.WeavingAdaptor$WeavingAdaptorMessageHolder@6a6afff2
14:10:32.265 [main] DEBUG org.aspectj.weaver.Dump - 14:10:32.265 main > o.a.w.Dump.shouldDumpOnExit o.a.w.t.WeavingAdaptor$WeavingAdaptorMessageHolder@6a6afff2
14:10:32.265 [main] DEBUG org.aspectj.weaver.Dump - 14:10:32.265 main - o.a.w.Dump.shouldDumpOnExit abort
14:10:32.265 [main] DEBUG org.aspectj.weaver.Dump - 14:10:32.265 main < o.a.w.Dump.shouldDumpOnExit false
14:10:32.265 [main] DEBUG org.aspectj.weaver.Dump - 14:10:32.265 main < o.a.w.Dump.dumpOnExit Excluded
14:10:32.265 [main] DEBUG org.aspectj.weaver.loadtime.Aj - 14:10:32.265 main < o.a.w.l.Aj.preProcess byte[3158]
14:10:32.274 [main] DEBUG org.aspectj.weaver.loadtime.Aj - 14:10:32.274 main > o.a.w.l.Aj.preProcess o.a.w.l.Aj@b9afc07 io/qameta/allure/internal/shadowed/jackson/databind/ser/std/NumberSerializers, byte[2781], j.i.l.ClassLoaders$AppClassLoader@3cd1a2f1
14:10:32.276 [main] DEBUG org.aspectj.weaver.loadtime.Aj - 14:10:32.276 main - o.a.w.l.Aj.preProcess o.a.w.l.Aj@b9afc07 j.i.l.ClassLoaders$PlatformClassLoader@1ad282e0, j.i.l.ClassLoaders$AppClassLoader@3cd1a2f1
14:10:32.276 [main] DEBUG o.a.weaver.tools.WeavingAdaptor - 14:10:32.276 main > o.a.w.t.WeavingAdaptor.weaveClass o.a.w.l.ClassLoaderWeavingAdaptor@140e5a13 io/qameta/allure/internal/shadowed/jackson/databind/ser/std/NumberSerializers, byte[2781]
14:10:32.278 [main] DEBUG org.aspectj.weaver.bcel.BcelWeaver - 14:10:32.278 main > o.a.w.b.BcelWeaver.weave o.a.w.b.BcelWeaver@48524010 o.a.w.t.WeavingAdaptor$WeavingClassFileProvider@6fd5717c
14:10:32.278 [main] DEBUG org.aspectj.weaver.bcel.BcelWeaver - 14:10:32.278 main > o.a.w.b.BcelWeaver.weaveAndNotify o.a.w.b.BcelWeaver@48524010 o.a.w.b.UnwovenClassFile@7e2f86e6, o.a.w.b.BcelObjectType@4d774249, o.a.w.t.WeavingAdaptor$WeavingClassFileProvider$1@17b64941
14:10:32.278 [main] DEBUG org.aspectj.weaver.bcel.BcelWeaver - 14:10:32.278 main < o.a.w.b.BcelWeaver.weaveAndNotify
14:10:32.278 [main] DEBUG org.aspectj.weaver.bcel.BcelWeaver - 14:10:32.278 main < o.a.w.b.BcelWeaver.weave java.util.ArrayList(1)
14:10:32.278 [main] DEBUG o.a.weaver.tools.WeavingAdaptor - 14:10:32.278 main < o.a.w.t.WeavingAdaptor.weaveClass byte[2781]
14:10:32.279 [main] DEBUG org.aspectj.weaver.Dump - 14:10:32.279 main > o.a.w.Dump.dumpOnExit o.a.w.t.WeavingAdaptor$WeavingAdaptorMessageHolder@6a6afff2
14:10:32.279 [main] DEBUG org.aspectj.weaver.Dump - 14:10:32.279 main > o.a.w.Dump.shouldDumpOnExit o.a.w.t.WeavingAdaptor$WeavingAdaptorMessageHolder@6a6afff2
14:10:32.279 [main] DEBUG org.aspectj.weaver.Dump - 14:10:32.279 main - o.a.w.Dump.shouldDumpOnExit abort
14:10:32.279 [main] DEBUG org.aspectj.weaver.Dump - 14:10:32.279 main < o.a.w.Dump.shouldDumpOnExit false
14:10:32.279 [main] DEBUG org.aspectj.weaver.Dump - 14:10:32.279 main < o.a.w.Dump.dumpOnExit Excluded
14:10:32.279 [main] DEBUG org.aspectj.weaver.loadtime.Aj - 14:10:32.279 main < o.a.w.l.Aj.preProcess byte[2781]
14:10:32.280 [main] DEBUG org.aspectj.weaver.loadtime.Aj - 14:10:32.280 main > o.a.w.l.Aj.preProcess o.a.w.l.Aj@b9afc07 io/qameta/allure/internal/shadowed/jackson/databind/ser/std/NumberSerializers$IntegerSerializer, byte[2565], j.i.l.ClassLoaders$AppClassLoader@3cd1a2f1
14:10:32.281 [main] DEBUG org.aspectj.weaver.loadtime.Aj - 14:10:32.281 main - o.a.w.l.Aj.preProcess o.a.w.l.Aj@b9afc07 j.i.l.ClassLoaders$PlatformClassLoader@1ad282e0, j.i.l.ClassLoaders$AppClassLoader@3cd1a2f1
14:10:32.281 [main] DEBUG o.a.weaver.tools.WeavingAdaptor - 14:10:32.281 main > o.a.w.t.WeavingAdaptor.weaveClass o.a.w.l.ClassLoaderWeavingAdaptor@140e5a13 io/qameta/allure/internal/shadowed/jackson/databind/ser/std/NumberSerializers$IntegerSerializer, byte[2565]
14:10:32.281 [main] DEBUG org.aspectj.weaver.bcel.BcelWeaver - 14:10:32.281 main > o.a.w.b.BcelWeaver.weave o.a.w.b.BcelWeaver@48524010 o.a.w.t.WeavingAdaptor$WeavingClassFileProvider@5411dd90
14:10:32.282 [main] DEBUG org.aspectj.weaver.bcel.BcelWorld - 14:10:32.282 main - o.a.w.b.BcelWorld.lookupJavaClass o.a.w.l.LTWWorld@2b4a2ec7 io.qameta.allure.internal.shadowed.jackson.databind.ser.std.NumberSerializers$Base, o.a.a.b.c.JavaClass@290aeb20
14:10:32.282 [main] DEBUG org.aspectj.weaver.bcel.BcelWeaver - 14:10:32.282 main > o.a.w.b.BcelWeaver.weaveAndNotify o.a.w.b.BcelWeaver@48524010 o.a.w.b.UnwovenClassFile@73ad4ecc, o.a.w.b.BcelObjectType@69da0b12, o.a.w.t.WeavingAdaptor$WeavingClassFileProvider$1@2764c546
14:10:32.283 [main] DEBUG org.aspectj.weaver.bcel.BcelWeaver - 14:10:32.283 main < o.a.w.b.BcelWeaver.weaveAndNotify
14:10:32.283 [main] DEBUG org.aspectj.weaver.bcel.BcelWeaver - 14:10:32.283 main < o.a.w.b.BcelWeaver.weave java.util.ArrayList(1)
14:10:32.283 [main] DEBUG o.a.weaver.tools.WeavingAdaptor - 14:10:32.283 main < o.a.w.t.WeavingAdaptor.weaveClass byte[2565]
14:10:32.283 [main] DEBUG org.aspectj.weaver.Dump - 14:10:32.283 main > o.a.w.Dump.dumpOnExit o.a.w.t.WeavingAdaptor$WeavingAdaptorMessageHolder@6a6afff2
14:10:32.283 [main] DEBUG org.aspectj.weaver.Dump - 14:10:32.283 main > o.a.w.Dump.shouldDumpOnExit o.a.w.t.WeavingAdaptor$WeavingAdaptorMessageHolder@6a6afff2
14:10:32.283 [main] DEBUG org.aspectj.weaver.Dump - 14:10:32.283 main - o.a.w.Dump.shouldDumpOnExit abort
14:10:32.283 [main] DEBUG org.aspectj.weaver.Dump - 14:10:32.283 main < o.a.w.Dump.shouldDumpOnExit false
14:10:32.283 [main] DEBUG org.aspectj.weaver.Dump - 14:10:32.283 main < o.a.w.Dump.dumpOnExit Excluded
14:10:32.283 [main] DEBUG org.aspectj.weaver.loadtime.Aj - 14:10:32.283 main < o.a.w.l.Aj.preProcess byte[2565]
14:10:32.284 [main] DEBUG org.aspectj.weaver.loadtime.Aj - 14:10:32.284 main > o.a.w.l.Aj.preProcess o.a.w.l.Aj@b9afc07 io/qameta/allure/internal/shadowed/jackson/databind/ser/std/NumberSerializers$Base, byte[5507], j.i.l.ClassLoaders$AppClassLoader@3cd1a2f1
14:10:32.284 [main] DEBUG org.aspectj.weaver.loadtime.Aj - 14:10:32.284 main - o.a.w.l.Aj.preProcess o.a.w.l.Aj@b9afc07 j.i.l.ClassLoaders$PlatformClassLoader@1ad282e0, j.i.l.ClassLoaders$AppClassLoader@3cd1a2f1
14:10:32.284 [main] DEBUG o.a.weaver.tools.WeavingAdaptor - 14:10:32.284 main > o.a.w.t.WeavingAdaptor.weaveClass o.a.w.l.ClassLoaderWeavingAdaptor@140e5a13 io/qameta/allure/internal/shadowed/jackson/databind/ser/std/NumberSerializers$Base, byte[5507]
14:10:32.285 [main] DEBUG org.aspectj.weaver.bcel.BcelWeaver - 14:10:32.285 main > o.a.w.b.BcelWeaver.weave o.a.w.b.BcelWeaver@48524010 o.a.w.t.WeavingAdaptor$WeavingClassFileProvider@6aef4eb8
14:10:32.285 [main] DEBUG org.aspectj.weaver.bcel.BcelWeaver - 14:10:32.285 main > o.a.w.b.BcelWeaver.weaveAndNotify o.a.w.b.BcelWeaver@48524010 o.a.w.b.UnwovenClassFile@76c52298, o.a.w.b.BcelObjectType@bb9ab64, o.a.w.t.WeavingAdaptor$WeavingClassFileProvider$1@a52ca2e
14:10:32.286 [main] DEBUG org.aspectj.weaver.bcel.BcelWeaver - 14:10:32.286 main < o.a.w.b.BcelWeaver.weaveAndNotify
14:10:32.286 [main] DEBUG org.aspectj.weaver.bcel.BcelWeaver - 14:10:32.286 main < o.a.w.b.BcelWeaver.weave java.util.ArrayList(1)
14:10:32.286 [main] DEBUG o.a.weaver.tools.WeavingAdaptor - 14:10:32.286 main < o.a.w.t.WeavingAdaptor.weaveClass byte[5507]
14:10:32.286 [main] DEBUG org.aspectj.weaver.Dump - 14:10:32.286 main > o.a.w.Dump.dumpOnExit o.a.w.t.WeavingAdaptor$WeavingAdaptorMessageHolder@6a6afff2
14:10:32.286 [main] DEBUG org.aspectj.weaver.Dump - 14:10:32.286 main > o.a.w.Dump.shouldDumpOnExit o.a.w.t.WeavingAdaptor$WeavingAdaptorMessageHolder@6a6afff2
14:10:32.286 [main] DEBUG org.aspectj.weaver.Dump - 14:10:32.286 main - o.a.w.Dump.shouldDumpOnExit abort
14:10:32.286 [main] DEBUG org.aspectj.weaver.Dump - 14:10:32.286 main < o.a.w.Dump.shouldDumpOnExit false
14:10:32.286 [main] DEBUG org.aspectj.weaver.Dump - 14:10:32.286 main < o.a.w.Dump.dumpOnExit Excluded
14:10:32.286 [main] DEBUG org.aspectj.weaver.loadtime.Aj - 14:10:32.286 main < o.a.w.l.Aj.preProcess byte[5507]
14:10:32.288 [main] DEBUG org.aspectj.weaver.loadtime.Aj - 14:10:32.288 main > o.a.w.l.Aj.preProcess o.a.w.l.Aj@b9afc07 io/qameta/allure/internal/shadowed/jackson/core/JsonParser$NumberType, byte[1536], j.i.l.ClassLoaders$AppClassLoader@3cd1a2f1
14:10:32.288 [main] DEBUG org.aspectj.weaver.loadtime.Aj - 14:10:32.288 main - o.a.w.l.Aj.preProcess o.a.w.l.Aj@b9afc07 j.i.l.ClassLoaders$PlatformClassLoader@1ad282e0, j.i.l.ClassLoaders$AppClassLoader@3cd1a2f1
14:10:32.289 [main] DEBUG o.a.weaver.tools.WeavingAdaptor - 14:10:32.289 main > o.a.w.t.WeavingAdaptor.weaveClass o.a.w.l.ClassLoaderWeavingAdaptor@140e5a13 io/qameta/allure/internal/shadowed/jackson/core/JsonParser$NumberType, byte[1536]
14:10:32.289 [main] DEBUG org.aspectj.weaver.bcel.BcelWeaver - 14:10:32.289 main > o.a.w.b.BcelWeaver.weave o.a.w.b.BcelWeaver@48524010 o.a.w.t.WeavingAdaptor$WeavingClassFileProvider@507d20bb
14:10:32.289 [main] DEBUG org.aspectj.weaver.bcel.BcelWeaver - 14:10:32.289 main > o.a.w.b.BcelWeaver.weaveAndNotify o.a.w.b.BcelWeaver@48524010 o.a.w.b.UnwovenClassFile@9fec931, o.a.w.b.BcelObjectType@5cbd159f, o.a.w.t.WeavingAdaptor$WeavingClassFileProvider$1@3b05a99b
14:10:32.289 [main] DEBUG org.aspectj.weaver.bcel.BcelWorld - 14:10:32.289 main - o.a.w.b.BcelWorld.lookupJavaClass o.a.w.l.LTWWorld@2b4a2ec7 java.lang.constant.Constable, o.a.a.b.c.JavaClass@316bcf94
14:10:32.289 [main] DEBUG org.aspectj.weaver.bcel.BcelWorld - 14:10:32.289 main - o.a.w.b.BcelWorld.lookupJavaClass o.a.w.l.LTWWorld@2b4a2ec7 java.lang.Comparable, o.a.a.b.c.JavaClass@6404f418
14:10:32.290 [main] DEBUG org.aspectj.weaver.bcel.BcelWeaver - 14:10:32.290 main < o.a.w.b.BcelWeaver.weaveAndNotify
14:10:32.290 [main] DEBUG org.aspectj.weaver.bcel.BcelWeaver - 14:10:32.290 main < o.a.w.b.BcelWeaver.weave java.util.ArrayList(1)
14:10:32.290 [main] DEBUG o.a.weaver.tools.WeavingAdaptor - 14:10:32.290 main < o.a.w.t.WeavingAdaptor.weaveClass byte[1536]
14:10:32.290 [main] DEBUG org.aspectj.weaver.Dump - 14:10:32.290 main > o.a.w.Dump.dumpOnExit o.a.w.t.WeavingAdaptor$WeavingAdaptorMessageHolder@6a6afff2
14:10:32.290 [main] DEBUG org.aspectj.weaver.Dump - 14:10:32.290 main > o.a.w.Dump.shouldDumpOnExit o.a.w.t.WeavingAdaptor$WeavingAdaptorMessageHolder@6a6afff2
14:10:32.290 [main] DEBUG org.aspectj.weaver.Dump - 14:10:32.290 main - o.a.w.Dump.shouldDumpOnExit abort
14:10:32.290 [main] DEBUG org.aspectj.weaver.Dump - 14:10:32.290 main < o.a.w.Dump.shouldDumpOnExit false
14:10:32.290 [main] DEBUG org.aspectj.weaver.Dump - 14:10:32.290 main < o.a.w.Dump.dumpOnExit Excluded
14:10:32.290 [main] DEBUG org.aspectj.weaver.loadtime.Aj - 14:10:32.290 main < o.a.w.l.Aj.preProcess byte[1536]
14:10:32.292 [main] DEBUG org.aspectj.weaver.loadtime.Aj - 14:10:32.292 main > o.a.w.l.Aj.preProcess o.a.w.l.Aj@b9afc07 io/qameta/allure/internal/shadowed/jackson/databind/ser/std/NumberSerializers$LongSerializer, byte[2079], j.i.l.ClassLoaders$AppClassLoader@3cd1a2f1
14:10:32.292 [main] DEBUG org.aspectj.weaver.loadtime.Aj - 14:10:32.292 main - o.a.w.l.Aj.preProcess o.a.w.l.Aj@b9afc07 j.i.l.ClassLoaders$PlatformClassLoader@1ad282e0, j.i.l.ClassLoaders$AppClassLoader@3cd1a2f1
14:10:32.292 [main] DEBUG o.a.weaver.tools.WeavingAdaptor - 14:10:32.292 main > o.a.w.t.WeavingAdaptor.weaveClass o.a.w.l.ClassLoaderWeavingAdaptor@140e5a13 io/qameta/allure/internal/shadowed/jackson/databind/ser/std/NumberSerializers$LongSerializer, byte[2079]
14:10:32.293 [main] DEBUG org.aspectj.weaver.bcel.BcelWeaver - 14:10:32.293 main > o.a.w.b.BcelWeaver.weave o.a.w.b.BcelWeaver@48524010 o.a.w.t.WeavingAdaptor$WeavingClassFileProvider@67b7c170
14:10:32.293 [main] DEBUG org.aspectj.weaver.bcel.BcelWeaver - 14:10:32.293 main > o.a.w.b.BcelWeaver.weaveAndNotify o.a.w.b.BcelWeaver@48524010 o.a.w.b.UnwovenClassFile@67440de6, o.a.w.b.BcelObjectType@889d9e8, o.a.w.t.WeavingAdaptor$WeavingClassFileProvider$1@5246a3b3
14:10:32.293 [main] DEBUG org.aspectj.weaver.bcel.BcelWeaver - 14:10:32.293 main < o.a.w.b.BcelWeaver.weaveAndNotify
14:10:32.293 [main] DEBUG org.aspectj.weaver.bcel.BcelWeaver - 14:10:32.293 main < o.a.w.b.BcelWeaver.weave java.util.ArrayList(1)
14:10:32.293 [main] DEBUG o.a.weaver.tools.WeavingAdaptor - 14:10:32.293 main < o.a.w.t.WeavingAdaptor.weaveClass byte[2079]
14:10:32.293 [main] DEBUG org.aspectj.weaver.Dump - 14:10:32.293 main > o.a.w.Dump.dumpOnExit o.a.w.t.WeavingAdaptor$WeavingAdaptorMessageHolder@6a6afff2
14:10:32.293 [main] DEBUG org.aspectj.weaver.Dump - 14:10:32.293 main > o.a.w.Dump.shouldDumpOnExit o.a.w.t.WeavingAdaptor$WeavingAdaptorMessageHolder@6a6afff2
14:10:32.293 [main] DEBUG org.aspectj.weaver.Dump - 14:10:32.293 main - o.a.w.Dump.shouldDumpOnExit abort
14:10:32.293 [main] DEBUG org.aspectj.weaver.Dump - 14:10:32.293 main < o.a.w.Dump.shouldDumpOnExit false
14:10:32.293 [main] DEBUG org.aspectj.weaver.Dump - 14:10:32.293 main < o.a.w.Dump.dumpOnExit Excluded
14:10:32.293 [main] DEBUG org.aspectj.weaver.loadtime.Aj - 14:10:32.293 main < o.a.w.l.Aj.preProcess byte[2079]
14:10:32.295 [main] DEBUG org.aspectj.weaver.loadtime.Aj - 14:10:32.295 main > o.a.w.l.Aj.preProcess o.a.w.l.Aj@b9afc07 io/qameta/allure/internal/shadowed/jackson/databind/ser/std/NumberSerializers$IntLikeSerializer, byte[2036], j.i.l.ClassLoaders$AppClassLoader@3cd1a2f1
14:10:32.295 [main] DEBUG org.aspectj.weaver.loadtime.Aj - 14:10:32.295 main - o.a.w.l.Aj.preProcess o.a.w.l.Aj@b9afc07 j.i.l.ClassLoaders$PlatformClassLoader@1ad282e0, j.i.l.ClassLoaders$AppClassLoader@3cd1a2f1
14:10:32.295 [main] DEBUG o.a.weaver.tools.WeavingAdaptor - 14:10:32.295 main > o.a.w.t.WeavingAdaptor.weaveClass o.a.w.l.ClassLoaderWeavingAdaptor@140e5a13 io/qameta/allure/internal/shadowed/jackson/databind/ser/std/NumberSerializers$IntLikeSerializer, byte[2036]
14:10:32.295 [main] DEBUG org.aspectj.weaver.bcel.BcelWeaver - 14:10:32.295 main > o.a.w.b.BcelWeaver.weave o.a.w.b.BcelWeaver@48524010 o.a.w.t.WeavingAdaptor$WeavingClassFileProvider@4a05d8ae
14:10:32.296 [main] DEBUG org.aspectj.weaver.bcel.BcelWeaver - 14:10:32.295 main > o.a.w.b.BcelWeaver.weaveAndNotify o.a.w.b.BcelWeaver@48524010 o.a.w.b.UnwovenClassFile@3c904f1e, o.a.w.b.BcelObjectType@4eb30d44, o.a.w.t.WeavingAdaptor$WeavingClassFileProvider$1@d56aaa6
14:10:32.296 [main] DEBUG org.aspectj.weaver.bcel.BcelWeaver - 14:10:32.296 main < o.a.w.b.BcelWeaver.weaveAndNotify
14:10:32.296 [main] DEBUG org.aspectj.weaver.bcel.BcelWeaver - 14:10:32.296 main < o.a.w.b.BcelWeaver.weave java.util.ArrayList(1)
14:10:32.296 [main] DEBUG o.a.weaver.tools.WeavingAdaptor - 14:10:32.296 main < o.a.w.t.WeavingAdaptor.weaveClass byte[2036]
14:10:32.296 [main] DEBUG org.aspectj.weaver.Dump - 14:10:32.296 main > o.a.w.Dump.dumpOnExit o.a.w.t.WeavingAdaptor$WeavingAdaptorMessageHolder@6a6afff2
14:10:32.296 [main] DEBUG org.aspectj.weaver.Dump - 14:10:32.296 main > o.a.w.Dump.shouldDumpOnExit o.a.w.t.WeavingAdaptor$WeavingAdaptorMessageHolder@6a6afff2
14:10:32.296 [main] DEBUG org.aspectj.weaver.Dump - 14:10:32.296 main - o.a.w.Dump.shouldDumpOnExit abort
14:10:32.296 [main] DEBUG org.aspectj.weaver.Dump - 14:10:32.296 main < o.a.w.Dump.shouldDumpOnExit false
14:10:32.296 [main] DEBUG org.aspectj.weaver.Dump - 14:10:32.296 main < o.a.w.Dump.dumpOnExit Excluded
14:10:32.296 [main] DEBUG org.aspectj.weaver.loadtime.Aj - 14:10:32.296 main < o.a.w.l.Aj.preProcess byte[2036]
14:10:32.299 [main] DEBUG org.aspectj.weaver.loadtime.Aj - 14:10:32.299 main > o.a.w.l.Aj.preProcess o.a.w.l.Aj@b9afc07 io/qameta/allure/internal/shadowed/jackson/databind/ser/std/NumberSerializers$ShortSerializer, byte[2030], j.i.l.ClassLoaders$AppClassLoader@3cd1a2f1
14:10:32.299 [main] DEBUG org.aspectj.weaver.loadtime.Aj - 14:10:32.299 main - o.a.w.l.Aj.preProcess o.a.w.l.Aj@b9afc07 j.i.l.ClassLoaders$PlatformClassLoader@1ad282e0, j.i.l.ClassLoaders$AppClassLoader@3cd1a2f1
14:10:32.299 [main] DEBUG o.a.weaver.tools.WeavingAdaptor - 14:10:32.299 main > o.a.w.t.WeavingAdaptor.weaveClass o.a.w.l.ClassLoaderWeavingAdaptor@140e5a13 io/qameta/allure/internal/shadowed/jackson/databind/ser/std/NumberSerializers$ShortSerializer, byte[2030]
14:10:32.299 [main] DEBUG org.aspectj.weaver.bcel.BcelWeaver - 14:10:32.299 main > o.a.w.b.BcelWeaver.weave o.a.w.b.BcelWeaver@48524010 o.a.w.t.WeavingAdaptor$WeavingClassFileProvider@351e414e
14:10:32.299 [main] DEBUG org.aspectj.weaver.bcel.BcelWeaver - 14:10:32.299 main > o.a.w.b.BcelWeaver.weaveAndNotify o.a.w.b.BcelWeaver@48524010 o.a.w.b.UnwovenClassFile@6fd77352, o.a.w.b.BcelObjectType@5109e8cf, o.a.w.t.WeavingAdaptor$WeavingClassFileProvider$1@3f672204
14:10:32.300 [main] DEBUG org.aspectj.weaver.bcel.BcelWeaver - 14:10:32.300 main < o.a.w.b.BcelWeaver.weaveAndNotify
14:10:32.301 [main] DEBUG org.aspectj.weaver.bcel.BcelWeaver - 14:10:32.300 main < o.a.w.b.BcelWeaver.weave java.util.ArrayList(1)
14:10:32.301 [main] DEBUG o.a.weaver.tools.WeavingAdaptor - 14:10:32.301 main < o.a.w.t.WeavingAdaptor.weaveClass byte[2030]
14:10:32.301 [main] DEBUG org.aspectj.weaver.Dump - 14:10:32.301 main > o.a.w.Dump.dumpOnExit o.a.w.t.WeavingAdaptor$WeavingAdaptorMessageHolder@6a6afff2
14:10:32.301 [main] DEBUG org.aspectj.weaver.Dump - 14:10:32.301 main > o.a.w.Dump.shouldDumpOnExit o.a.w.t.WeavingAdaptor$WeavingAdaptorMessageHolder@6a6afff2
14:10:32.301 [main] DEBUG org.aspectj.weaver.Dump - 14:10:32.301 main - o.a.w.Dump.shouldDumpOnExit abort
14:10:32.301 [main] DEBUG org.aspectj.weaver.Dump - 14:10:32.301 main < o.a.w.Dump.shouldDumpOnExit false
14:10:32.301 [main] DEBUG org.aspectj.weaver.Dump - 14:10:32.301 main < o.a.w.Dump.dumpOnExit Excluded
14:10:32.301 [main] DEBUG org.aspectj.weaver.loadtime.Aj - 14:10:32.301 main < o.a.w.l.Aj.preProcess byte[2030]
14:10:32.302 [main] DEBUG org.aspectj.weaver.loadtime.Aj - 14:10:32.302 main > o.a.w.l.Aj.preProcess o.a.w.l.Aj@b9afc07 io/qameta/allure/internal/shadowed/jackson/databind/ser/std/NumberSerializers$DoubleSerializer, byte[3696], j.i.l.ClassLoaders$AppClassLoader@3cd1a2f1
14:10:32.302 [main] DEBUG org.aspectj.weaver.loadtime.Aj - 14:10:32.302 main - o.a.w.l.Aj.preProcess o.a.w.l.Aj@b9afc07 j.i.l.ClassLoaders$PlatformClassLoader@1ad282e0, j.i.l.ClassLoaders$AppClassLoader@3cd1a2f1
14:10:32.302 [main] DEBUG o.a.weaver.tools.WeavingAdaptor - 14:10:32.302 main > o.a.w.t.WeavingAdaptor.weaveClass o.a.w.l.ClassLoaderWeavingAdaptor@140e5a13 io/qameta/allure/internal/shadowed/jackson/databind/ser/std/NumberSerializers$DoubleSerializer, byte[3696]
14:10:32.303 [main] DEBUG org.aspectj.weaver.bcel.BcelWeaver - 14:10:32.303 main > o.a.w.b.BcelWeaver.weave o.a.w.b.BcelWeaver@48524010 o.a.w.t.WeavingAdaptor$WeavingClassFileProvider@2d000e80
14:10:32.303 [main] DEBUG org.aspectj.weaver.bcel.BcelWeaver - 14:10:32.303 main > o.a.w.b.BcelWeaver.weaveAndNotify o.a.w.b.BcelWeaver@48524010 o.a.w.b.UnwovenClassFile@7cf283e1, o.a.w.b.BcelObjectType@20e6c4dc, o.a.w.t.WeavingAdaptor$WeavingClassFileProvider$1@60737b23
14:10:32.303 [main] DEBUG org.aspectj.weaver.bcel.BcelWeaver - 14:10:32.303 main < o.a.w.b.BcelWeaver.weaveAndNotify
14:10:32.303 [main] DEBUG org.aspectj.weaver.bcel.BcelWeaver - 14:10:32.303 main < o.a.w.b.BcelWeaver.weave java.util.ArrayList(1)
14:10:32.303 [main] DEBUG o.a.weaver.tools.WeavingAdaptor - 14:10:32.303 main < o.a.w.t.WeavingAdaptor.weaveClass byte[3696]
14:10:32.304 [main] DEBUG org.aspectj.weaver.Dump - 14:10:32.303 main > o.a.w.Dump.dumpOnExit o.a.w.t.WeavingAdaptor$WeavingAdaptorMessageHolder@6a6afff2
14:10:32.304 [main] DEBUG org.aspectj.weaver.Dump - 14:10:32.304 main > o.a.w.Dump.shouldDumpOnExit o.a.w.t.WeavingAdaptor$WeavingAdaptorMessageHolder@6a6afff2
14:10:32.304 [main] DEBUG org.aspectj.weaver.Dump - 14:10:32.304 main - o.a.w.Dump.shouldDumpOnExit abort
14:10:32.304 [main] DEBUG org.aspectj.weaver.Dump - 14:10:32.304 main < o.a.w.Dump.shouldDumpOnExit false
14:10:32.304 [main] DEBUG org.aspectj.weaver.Dump - 14:10:32.304 main < o.a.w.Dump.dumpOnExit Excluded
14:10:32.304 [main] DEBUG org.aspectj.weaver.loadtime.Aj - 14:10:32.304 main < o.a.w.l.Aj.preProcess byte[3696]
14:10:32.305 [main] DEBUG org.aspectj.weaver.loadtime.Aj - 14:10:32.305 main > o.a.w.l.Aj.preProcess o.a.w.l.Aj@b9afc07 io/qameta/allure/internal/shadowed/jackson/databind/ser/std/NumberSerializers$FloatSerializer, byte[2032], j.i.l.ClassLoaders$AppClassLoader@3cd1a2f1
14:10:32.305 [main] DEBUG org.aspectj.weaver.loadtime.Aj - 14:10:32.305 main - o.a.w.l.Aj.preProcess o.a.w.l.Aj@b9afc07 j.i.l.ClassLoaders$PlatformClassLoader@1ad282e0, j.i.l.ClassLoaders$AppClassLoader@3cd1a2f1
14:10:32.305 [main] DEBUG o.a.weaver.tools.WeavingAdaptor - 14:10:32.305 main > o.a.w.t.WeavingAdaptor.weaveClass o.a.w.l.ClassLoaderWeavingAdaptor@140e5a13 io/qameta/allure/internal/shadowed/jackson/databind/ser/std/NumberSerializers$FloatSerializer, byte[2032]
14:10:32.306 [main] DEBUG org.aspectj.weaver.bcel.BcelWeaver - 14:10:32.306 main > o.a.w.b.BcelWeaver.weave o.a.w.b.BcelWeaver@48524010 o.a.w.t.WeavingAdaptor$WeavingClassFileProvider@b10a26d
14:10:32.306 [main] DEBUG org.aspectj.weaver.bcel.BcelWeaver - 14:10:32.306 main > o.a.w.b.BcelWeaver.weaveAndNotify o.a.w.b.BcelWeaver@48524010 o.a.w.b.UnwovenClassFile@74075134, o.a.w.b.BcelObjectType@7e4d2287, o.a.w.t.WeavingAdaptor$WeavingClassFileProvider$1@3f4b840d
14:10:32.307 [main] DEBUG org.aspectj.weaver.bcel.BcelWeaver - 14:10:32.307 main < o.a.w.b.BcelWeaver.weaveAndNotify
14:10:32.307 [main] DEBUG org.aspectj.weaver.bcel.BcelWeaver - 14:10:32.307 main < o.a.w.b.BcelWeaver.weave java.util.ArrayList(1)
14:10:32.307 [main] DEBUG o.a.weaver.tools.WeavingAdaptor - 14:10:32.307 main < o.a.w.t.WeavingAdaptor.weaveClass byte[2032]
14:10:32.307 [main] DEBUG org.aspectj.weaver.Dump - 14:10:32.307 main > o.a.w.Dump.dumpOnExit o.a.w.t.WeavingAdaptor$WeavingAdaptorMessageHolder@6a6afff2
14:10:32.307 [main] DEBUG org.aspectj.weaver.Dump - 14:10:32.307 main > o.a.w.Dump.shouldDumpOnExit o.a.w.t.WeavingAdaptor$WeavingAdaptorMessageHolder@6a6afff2
14:10:32.307 [main] DEBUG org.aspectj.weaver.Dump - 14:10:32.307 main - o.a.w.Dump.shouldDumpOnExit abort
14:10:32.307 [main] DEBUG org.aspectj.weaver.Dump - 14:10:32.307 main < o.a.w.Dump.shouldDumpOnExit false
14:10:32.307 [main] DEBUG org.aspectj.weaver.Dump - 14:10:32.307 main < o.a.w.Dump.dumpOnExit Excluded
14:10:32.307 [main] DEBUG org.aspectj.weaver.loadtime.Aj - 14:10:32.307 main < o.a.w.l.Aj.preProcess byte[2032]
14:10:32.309 [main] DEBUG org.aspectj.weaver.loadtime.Aj - 14:10:32.309 main > o.a.w.l.Aj.preProcess o.a.w.l.Aj@b9afc07 io/qameta/allure/internal/shadowed/jackson/databind/ser/std/BooleanSerializer, byte[5708], j.i.l.ClassLoaders$AppClassLoader@3cd1a2f1
14:10:32.309 [main] DEBUG org.aspectj.weaver.loadtime.Aj - 14:10:32.309 main - o.a.w.l.Aj.preProcess o.a.w.l.Aj@b9afc07 j.i.l.ClassLoaders$PlatformClassLoader@1ad282e0, j.i.l.ClassLoaders$AppClassLoader@3cd1a2f1
14:10:32.309 [main] DEBUG o.a.weaver.tools.WeavingAdaptor - 14:10:32.309 main > o.a.w.t.WeavingAdaptor.weaveClass o.a.w.l.ClassLoaderWeavingAdaptor@140e5a13 io/qameta/allure/internal/shadowed/jackson/databind/ser/std/BooleanSerializer, byte[5708]
14:10:32.309 [main] DEBUG org.aspectj.weaver.bcel.BcelWeaver - 14:10:32.309 main > o.a.w.b.BcelWeaver.weave o.a.w.b.BcelWeaver@48524010 o.a.w.t.WeavingAdaptor$WeavingClassFileProvider@4682eba5
14:10:32.309 [main] DEBUG org.aspectj.weaver.bcel.BcelWeaver - 14:10:32.309 main > o.a.w.b.BcelWeaver.weaveAndNotify o.a.w.b.BcelWeaver@48524010 o.a.w.b.UnwovenClassFile@6d9fb2d1, o.a.w.b.BcelObjectType@61fafb74, o.a.w.t.WeavingAdaptor$WeavingClassFileProvider$1@540a903b
14:10:32.310 [main] DEBUG org.aspectj.weaver.bcel.BcelWeaver - 14:10:32.310 main < o.a.w.b.BcelWeaver.weaveAndNotify
14:10:32.310 [main] DEBUG org.aspectj.weaver.bcel.BcelWeaver - 14:10:32.310 main < o.a.w.b.BcelWeaver.weave java.util.ArrayList(1)
14:10:32.310 [main] DEBUG o.a.weaver.tools.WeavingAdaptor - 14:10:32.310 main < o.a.w.t.WeavingAdaptor.weaveClass byte[5708]
14:10:32.310 [main] DEBUG org.aspectj.weaver.Dump - 14:10:32.310 main > o.a.w.Dump.dumpOnExit o.a.w.t.WeavingAdaptor$WeavingAdaptorMessageHolder@6a6afff2
14:10:32.310 [main] DEBUG org.aspectj.weaver.Dump - 14:10:32.310 main > o.a.w.Dump.shouldDumpOnExit o.a.w.t.WeavingAdaptor$WeavingAdaptorMessageHolder@6a6afff2
14:10:32.310 [main] DEBUG org.aspectj.weaver.Dump - 14:10:32.310 main - o.a.w.Dump.shouldDumpOnExit abort
14:10:32.310 [main] DEBUG org.aspectj.weaver.Dump - 14:10:32.310 main < o.a.w.Dump.shouldDumpOnExit false
14:10:32.310 [main] DEBUG org.aspectj.weaver.Dump - 14:10:32.310 main < o.a.w.Dump.dumpOnExit Excluded
14:10:32.310 [main] DEBUG org.aspectj.weaver.loadtime.Aj - 14:10:32.310 main < o.a.w.l.Aj.preProcess byte[5708]
14:10:32.312 [main] DEBUG org.aspectj.weaver.loadtime.Aj - 14:10:32.312 main > o.a.w.l.Aj.preProcess o.a.w.l.Aj@b9afc07 io/qameta/allure/internal/shadowed/jackson/databind/ser/std/BooleanSerializer$AsNumber, byte[5140], j.i.l.ClassLoaders$AppClassLoader@3cd1a2f1
14:10:32.313 [main] DEBUG org.aspectj.weaver.loadtime.Aj - 14:10:32.312 main - o.a.w.l.Aj.preProcess o.a.w.l.Aj@b9afc07 j.i.l.ClassLoaders$PlatformClassLoader@1ad282e0, j.i.l.ClassLoaders$AppClassLoader@3cd1a2f1
14:10:32.313 [main] DEBUG o.a.weaver.tools.WeavingAdaptor - 14:10:32.313 main > o.a.w.t.WeavingAdaptor.weaveClass o.a.w.l.ClassLoaderWeavingAdaptor@140e5a13 io/qameta/allure/internal/shadowed/jackson/databind/ser/std/BooleanSerializer$AsNumber, byte[5140]
14:10:32.313 [main] DEBUG org.aspectj.weaver.bcel.BcelWeaver - 14:10:32.313 main > o.a.w.b.BcelWeaver.weave o.a.w.b.BcelWeaver@48524010 o.a.w.t.WeavingAdaptor$WeavingClassFileProvider@7a5b769b
14:10:32.313 [main] DEBUG org.aspectj.weaver.bcel.BcelWeaver - 14:10:32.313 main > o.a.w.b.BcelWeaver.weaveAndNotify o.a.w.b.BcelWeaver@48524010 o.a.w.b.UnwovenClassFile@f4c0e4e, o.a.w.b.BcelObjectType@24361cfc, o.a.w.t.WeavingAdaptor$WeavingClassFileProvider$1@34e20e6b
14:10:32.314 [main] DEBUG org.aspectj.weaver.bcel.BcelWeaver - 14:10:32.314 main < o.a.w.b.BcelWeaver.weaveAndNotify
14:10:32.314 [main] DEBUG org.aspectj.weaver.bcel.BcelWeaver - 14:10:32.314 main < o.a.w.b.BcelWeaver.weave java.util.ArrayList(1)
14:10:32.314 [main] DEBUG o.a.weaver.tools.WeavingAdaptor - 14:10:32.314 main < o.a.w.t.WeavingAdaptor.weaveClass byte[5140]
14:10:32.314 [main] DEBUG org.aspectj.weaver.Dump - 14:10:32.314 main > o.a.w.Dump.dumpOnExit o.a.w.t.WeavingAdaptor$WeavingAdaptorMessageHolder@6a6afff2
14:10:32.314 [main] DEBUG org.aspectj.weaver.Dump - 14:10:32.314 main > o.a.w.Dump.shouldDumpOnExit o.a.w.t.WeavingAdaptor$WeavingAdaptorMessageHolder@6a6afff2
14:10:32.314 [main] DEBUG org.aspectj.weaver.Dump - 14:10:32.314 main - o.a.w.Dump.shouldDumpOnExit abort
14:10:32.314 [main] DEBUG org.aspectj.weaver.Dump - 14:10:32.314 main < o.a.w.Dump.shouldDumpOnExit false
14:10:32.314 [main] DEBUG org.aspectj.weaver.Dump - 14:10:32.314 main < o.a.w.Dump.dumpOnExit Excluded
14:10:32.314 [main] DEBUG org.aspectj.weaver.loadtime.Aj - 14:10:32.314 main < o.a.w.l.Aj.preProcess byte[5140]
14:10:32.316 [main] DEBUG org.aspectj.weaver.loadtime.Aj - 14:10:32.315 main > o.a.w.l.Aj.preProcess o.a.w.l.Aj@b9afc07 io/qameta/allure/internal/shadowed/jackson/databind/ser/std/NumberSerializer$BigDecimalAsStringSerializer, byte[3251], j.i.l.ClassLoaders$AppClassLoader@3cd1a2f1
14:10:32.316 [main] DEBUG org.aspectj.weaver.loadtime.Aj - 14:10:32.316 main - o.a.w.l.Aj.preProcess o.a.w.l.Aj@b9afc07 j.i.l.ClassLoaders$PlatformClassLoader@1ad282e0, j.i.l.ClassLoaders$AppClassLoader@3cd1a2f1
14:10:32.316 [main] DEBUG o.a.weaver.tools.WeavingAdaptor - 14:10:32.316 main > o.a.w.t.WeavingAdaptor.weaveClass o.a.w.l.ClassLoaderWeavingAdaptor@140e5a13 io/qameta/allure/internal/shadowed/jackson/databind/ser/std/NumberSerializer$BigDecimalAsStringSerializer, byte[3251]
14:10:32.316 [main] DEBUG org.aspectj.weaver.bcel.BcelWeaver - 14:10:32.316 main > o.a.w.b.BcelWeaver.weave o.a.w.b.BcelWeaver@48524010 o.a.w.t.WeavingAdaptor$WeavingClassFileProvider@2f2d52ef
14:10:32.316 [main] DEBUG org.aspectj.weaver.bcel.BcelWeaver - 14:10:32.316 main > o.a.w.b.BcelWeaver.weaveAndNotify o.a.w.b.BcelWeaver@48524010 o.a.w.b.UnwovenClassFile@f2ce6b, o.a.w.b.BcelObjectType@25c53f74, o.a.w.t.WeavingAdaptor$WeavingClassFileProvider$1@5e2f3be5
14:10:32.317 [main] DEBUG org.aspectj.weaver.bcel.BcelWorld - 14:10:32.317 main - o.a.w.b.BcelWorld.lookupJavaClass o.a.w.l.LTWWorld@2b4a2ec7 java.math.BigDecimal, o.a.a.b.c.JavaClass@62833051
14:10:32.317 [main] DEBUG org.aspectj.weaver.bcel.BcelWeaver - 14:10:32.317 main < o.a.w.b.BcelWeaver.weaveAndNotify
14:10:32.317 [main] DEBUG org.aspectj.weaver.bcel.BcelWeaver - 14:10:32.317 main < o.a.w.b.BcelWeaver.weave java.util.ArrayList(1)
14:10:32.317 [main] DEBUG o.a.weaver.tools.WeavingAdaptor - 14:10:32.317 main < o.a.w.t.WeavingAdaptor.weaveClass byte[3251]
14:10:32.318 [main] DEBUG org.aspectj.weaver.Dump - 14:10:32.317 main > o.a.w.Dump.dumpOnExit o.a.w.t.WeavingAdaptor$WeavingAdaptorMessageHolder@6a6afff2
14:10:32.318 [main] DEBUG org.aspectj.weaver.Dump - 14:10:32.318 main > o.a.w.Dump.shouldDumpOnExit o.a.w.t.WeavingAdaptor$WeavingAdaptorMessageHolder@6a6afff2
14:10:32.318 [main] DEBUG org.aspectj.weaver.Dump - 14:10:32.318 main - o.a.w.Dump.shouldDumpOnExit abort
14:10:32.318 [main] DEBUG org.aspectj.weaver.Dump - 14:10:32.318 main < o.a.w.Dump.shouldDumpOnExit false
14:10:32.318 [main] DEBUG org.aspectj.weaver.Dump - 14:10:32.318 main < o.a.w.Dump.dumpOnExit Excluded
14:10:32.318 [main] DEBUG org.aspectj.weaver.loadtime.Aj - 14:10:32.318 main < o.a.w.l.Aj.preProcess byte[3251]
14:10:32.320 [main] DEBUG org.aspectj.weaver.loadtime.Aj - 14:10:32.320 main > o.a.w.l.Aj.preProcess o.a.w.l.Aj@b9afc07 io/qameta/allure/internal/shadowed/jackson/databind/ser/std/StdJdkSerializers, byte[2510], j.i.l.ClassLoaders$AppClassLoader@3cd1a2f1
14:10:32.320 [main] DEBUG org.aspectj.weaver.loadtime.Aj - 14:10:32.320 main - o.a.w.l.Aj.preProcess o.a.w.l.Aj@b9afc07 j.i.l.ClassLoaders$PlatformClassLoader@1ad282e0, j.i.l.ClassLoaders$AppClassLoader@3cd1a2f1
14:10:32.320 [main] DEBUG o.a.weaver.tools.WeavingAdaptor - 14:10:32.320 main > o.a.w.t.WeavingAdaptor.weaveClass o.a.w.l.ClassLoaderWeavingAdaptor@140e5a13 io/qameta/allure/internal/shadowed/jackson/databind/ser/std/StdJdkSerializers, byte[2510]
14:10:32.321 [main] DEBUG org.aspectj.weaver.bcel.BcelWeaver - 14:10:32.320 main > o.a.w.b.BcelWeaver.weave o.a.w.b.BcelWeaver@48524010 o.a.w.t.WeavingAdaptor$WeavingClassFileProvider@10ee04df
14:10:32.321 [main] DEBUG org.aspectj.weaver.bcel.BcelWeaver - 14:10:32.321 main > o.a.w.b.BcelWeaver.weaveAndNotify o.a.w.b.BcelWeaver@48524010 o.a.w.b.UnwovenClassFile@7186333e, o.a.w.b.BcelObjectType@692fd26, o.a.w.t.WeavingAdaptor$WeavingClassFileProvider$1@36f1046f
14:10:32.321 [main] DEBUG org.aspectj.weaver.bcel.BcelWeaver - 14:10:32.321 main < o.a.w.b.BcelWeaver.weaveAndNotify
14:10:32.321 [main] DEBUG org.aspectj.weaver.bcel.BcelWeaver - 14:10:32.321 main < o.a.w.b.BcelWeaver.weave java.util.ArrayList(1)
14:10:32.321 [main] DEBUG o.a.weaver.tools.WeavingAdaptor - 14:10:32.321 main < o.a.w.t.WeavingAdaptor.weaveClass byte[2510]
14:10:32.321 [main] DEBUG org.aspectj.weaver.Dump - 14:10:32.321 main > o.a.w.Dump.dumpOnExit o.a.w.t.WeavingAdaptor$WeavingAdaptorMessageHolder@6a6afff2
14:10:32.321 [main] DEBUG org.aspectj.weaver.Dump - 14:10:32.321 main > o.a.w.Dump.shouldDumpOnExit o.a.w.t.WeavingAdaptor$WeavingAdaptorMessageHolder@6a6afff2
14:10:32.321 [main] DEBUG org.aspectj.weaver.Dump - 14:10:32.321 main - o.a.w.Dump.shouldDumpOnExit abort
14:10:32.321 [main] DEBUG org.aspectj.weaver.Dump - 14:10:32.321 main < o.a.w.Dump.shouldDumpOnExit false
14:10:32.321 [main] DEBUG org.aspectj.weaver.Dump - 14:10:32.321 main < o.a.w.Dump.dumpOnExit Excluded
14:10:32.321 [main] DEBUG org.aspectj.weaver.loadtime.Aj - 14:10:32.321 main < o.a.w.l.Aj.preProcess byte[2510]
14:10:32.326 [main] DEBUG org.aspectj.weaver.loadtime.Aj - 14:10:32.326 main > o.a.w.l.Aj.preProcess o.a.w.l.Aj@b9afc07 io/qameta/allure/internal/shadowed/jackson/databind/ser/std/UUIDSerializer, byte[6769], j.i.l.ClassLoaders$AppClassLoader@3cd1a2f1
14:10:32.326 [main] DEBUG org.aspectj.weaver.loadtime.Aj - 14:10:32.326 main - o.a.w.l.Aj.preProcess o.a.w.l.Aj@b9afc07 j.i.l.ClassLoaders$PlatformClassLoader@1ad282e0, j.i.l.ClassLoaders$AppClassLoader@3cd1a2f1
14:10:32.326 [main] DEBUG o.a.weaver.tools.WeavingAdaptor - 14:10:32.326 main > o.a.w.t.WeavingAdaptor.weaveClass o.a.w.l.ClassLoaderWeavingAdaptor@140e5a13 io/qameta/allure/internal/shadowed/jackson/databind/ser/std/UUIDSerializer, byte[6769]
14:10:32.327 [main] DEBUG org.aspectj.weaver.bcel.BcelWeaver - 14:10:32.327 main > o.a.w.b.BcelWeaver.weave o.a.w.b.BcelWeaver@48524010 o.a.w.t.WeavingAdaptor$WeavingClassFileProvider@6b667cb3
14:10:32.327 [main] DEBUG org.aspectj.weaver.bcel.BcelWeaver - 14:10:32.327 main > o.a.w.b.BcelWeaver.weaveAndNotify o.a.w.b.BcelWeaver@48524010 o.a.w.b.UnwovenClassFile@6f38a289, o.a.w.b.BcelObjectType@61e3cf4d, o.a.w.t.WeavingAdaptor$WeavingClassFileProvider$1@3cec79d3
14:10:32.328 [main] DEBUG org.aspectj.weaver.bcel.BcelWorld - 14:10:32.328 main - o.a.w.b.BcelWorld.lookupJavaClass o.a.w.l.LTWWorld@2b4a2ec7 java.util.UUID, o.a.a.b.c.JavaClass@3157e4c0
14:10:32.329 [main] DEBUG org.aspectj.weaver.bcel.BcelWeaver - 14:10:32.329 main < o.a.w.b.BcelWeaver.weaveAndNotify
14:10:32.329 [main] DEBUG org.aspectj.weaver.bcel.BcelWeaver - 14:10:32.329 main < o.a.w.b.BcelWeaver.weave java.util.ArrayList(1)
14:10:32.329 [main] DEBUG o.a.weaver.tools.WeavingAdaptor - 14:10:32.329 main < o.a.w.t.WeavingAdaptor.weaveClass byte[6769]
14:10:32.329 [main] DEBUG org.aspectj.weaver.Dump - 14:10:32.329 main > o.a.w.Dump.dumpOnExit o.a.w.t.WeavingAdaptor$WeavingAdaptorMessageHolder@6a6afff2
14:10:32.329 [main] DEBUG org.aspectj.weaver.Dump - 14:10:32.329 main > o.a.w.Dump.shouldDumpOnExit o.a.w.t.WeavingAdaptor$WeavingAdaptorMessageHolder@6a6afff2
14:10:32.329 [main] DEBUG org.aspectj.weaver.Dump - 14:10:32.329 main - o.a.w.Dump.shouldDumpOnExit abort
14:10:32.329 [main] DEBUG org.aspectj.weaver.Dump - 14:10:32.329 main < o.a.w.Dump.shouldDumpOnExit false
14:10:32.329 [main] DEBUG org.aspectj.weaver.Dump - 14:10:32.329 main < o.a.w.Dump.dumpOnExit Excluded
14:10:32.329 [main] DEBUG org.aspectj.weaver.loadtime.Aj - 14:10:32.329 main < o.a.w.l.Aj.preProcess byte[6769]
14:10:32.331 [main] DEBUG org.aspectj.weaver.loadtime.Aj - 14:10:32.331 main > o.a.w.l.Aj.preProcess o.a.w.l.Aj@b9afc07 io/qameta/allure/internal/shadowed/jackson/databind/ser/std/StdJdkSerializers$AtomicBooleanSerializer, byte[3064], j.i.l.ClassLoaders$AppClassLoader@3cd1a2f1
14:10:32.331 [main] DEBUG org.aspectj.weaver.loadtime.Aj - 14:10:32.331 main - o.a.w.l.Aj.preProcess o.a.w.l.Aj@b9afc07 j.i.l.ClassLoaders$PlatformClassLoader@1ad282e0, j.i.l.ClassLoaders$AppClassLoader@3cd1a2f1
14:10:32.331 [main] DEBUG o.a.weaver.tools.WeavingAdaptor - 14:10:32.331 main > o.a.w.t.WeavingAdaptor.weaveClass o.a.w.l.ClassLoaderWeavingAdaptor@140e5a13 io/qameta/allure/internal/shadowed/jackson/databind/ser/std/StdJdkSerializers$AtomicBooleanSerializer, byte[3064]
14:10:32.331 [main] DEBUG org.aspectj.weaver.bcel.BcelWeaver - 14:10:32.331 main > o.a.w.b.BcelWeaver.weave o.a.w.b.BcelWeaver@48524010 o.a.w.t.WeavingAdaptor$WeavingClassFileProvider@77010a30
14:10:32.331 [main] DEBUG org.aspectj.weaver.bcel.BcelWeaver - 14:10:32.331 main > o.a.w.b.BcelWeaver.weaveAndNotify o.a.w.b.BcelWeaver@48524010 o.a.w.b.UnwovenClassFile@4bb003e9, o.a.w.b.BcelObjectType@12aa4996, o.a.w.t.WeavingAdaptor$WeavingClassFileProvider$1@18eec010
14:10:32.332 [main] DEBUG org.aspectj.weaver.bcel.BcelWorld - 14:10:32.332 main - o.a.w.b.BcelWorld.lookupJavaClass o.a.w.l.LTWWorld@2b4a2ec7 java.util.concurrent.atomic.AtomicBoolean, o.a.a.b.c.JavaClass@4f67eb2a
14:10:32.332 [main] DEBUG org.aspectj.weaver.bcel.BcelWeaver - 14:10:32.332 main < o.a.w.b.BcelWeaver.weaveAndNotify
14:10:32.332 [main] DEBUG org.aspectj.weaver.bcel.BcelWeaver - 14:10:32.332 main < o.a.w.b.BcelWeaver.weave java.util.ArrayList(1)
14:10:32.332 [main] DEBUG o.a.weaver.tools.WeavingAdaptor - 14:10:32.332 main < o.a.w.t.WeavingAdaptor.weaveClass byte[3064]
14:10:32.332 [main] DEBUG org.aspectj.weaver.Dump - 14:10:32.332 main > o.a.w.Dump.dumpOnExit o.a.w.t.WeavingAdaptor$WeavingAdaptorMessageHolder@6a6afff2
14:10:32.332 [main] DEBUG org.aspectj.weaver.Dump - 14:10:32.332 main > o.a.w.Dump.shouldDumpOnExit o.a.w.t.WeavingAdaptor$WeavingAdaptorMessageHolder@6a6afff2
14:10:32.332 [main] DEBUG org.aspectj.weaver.Dump - 14:10:32.332 main - o.a.w.Dump.shouldDumpOnExit abort
14:10:32.332 [main] DEBUG org.aspectj.weaver.Dump - 14:10:32.332 main < o.a.w.Dump.shouldDumpOnExit false
14:10:32.332 [main] DEBUG org.aspectj.weaver.Dump - 14:10:32.332 main < o.a.w.Dump.dumpOnExit Excluded
14:10:32.332 [main] DEBUG org.aspectj.weaver.loadtime.Aj - 14:10:32.332 main < o.a.w.l.Aj.preProcess byte[3064]
14:10:32.334 [main] DEBUG org.aspectj.weaver.loadtime.Aj - 14:10:32.334 main > o.a.w.l.Aj.preProcess o.a.w.l.Aj@b9afc07 io/qameta/allure/internal/shadowed/jackson/databind/ser/std/StdJdkSerializers$AtomicIntegerSerializer, byte[3280], j.i.l.ClassLoaders$AppClassLoader@3cd1a2f1
14:10:32.334 [main] DEBUG org.aspectj.weaver.loadtime.Aj - 14:10:32.334 main - o.a.w.l.Aj.preProcess o.a.w.l.Aj@b9afc07 j.i.l.ClassLoaders$PlatformClassLoader@1ad282e0, j.i.l.ClassLoaders$AppClassLoader@3cd1a2f1
14:10:32.334 [main] DEBUG o.a.weaver.tools.WeavingAdaptor - 14:10:32.334 main > o.a.w.t.WeavingAdaptor.weaveClass o.a.w.l.ClassLoaderWeavingAdaptor@140e5a13 io/qameta/allure/internal/shadowed/jackson/databind/ser/std/StdJdkSerializers$AtomicIntegerSerializer, byte[3280]
14:10:32.349 [main] DEBUG org.aspectj.weaver.bcel.BcelWeaver - 14:10:32.334 main > o.a.w.b.BcelWeaver.weave o.a.w.b.BcelWeaver@48524010 o.a.w.t.WeavingAdaptor$WeavingClassFileProvider@6de0f580
14:10:32.350 [main] DEBUG org.aspectj.weaver.bcel.BcelWeaver - 14:10:32.350 main > o.a.w.b.BcelWeaver.weaveAndNotify o.a.w.b.BcelWeaver@48524010 o.a.w.b.UnwovenClassFile@6e495b48, o.a.w.b.BcelObjectType@1d61c6dc, o.a.w.t.WeavingAdaptor$WeavingClassFileProvider$1@53c68ce
14:10:32.352 [main] DEBUG org.aspectj.weaver.bcel.BcelWorld - 14:10:32.352 main - o.a.w.b.BcelWorld.lookupJavaClass o.a.w.l.LTWWorld@2b4a2ec7 java.util.concurrent.atomic.AtomicInteger, o.a.a.b.c.JavaClass@4b2d44bc
14:10:32.352 [main] DEBUG org.aspectj.weaver.bcel.BcelWeaver - 14:10:32.352 main < o.a.w.b.BcelWeaver.weaveAndNotify
14:10:32.352 [main] DEBUG org.aspectj.weaver.bcel.BcelWeaver - 14:10:32.352 main < o.a.w.b.BcelWeaver.weave java.util.ArrayList(1)
14:10:32.352 [main] DEBUG o.a.weaver.tools.WeavingAdaptor - 14:10:32.352 main < o.a.w.t.WeavingAdaptor.weaveClass byte[3280]
14:10:32.352 [main] DEBUG org.aspectj.weaver.Dump - 14:10:32.352 main > o.a.w.Dump.dumpOnExit o.a.w.t.WeavingAdaptor$WeavingAdaptorMessageHolder@6a6afff2
14:10:32.352 [main] DEBUG org.aspectj.weaver.Dump - 14:10:32.352 main > o.a.w.Dump.shouldDumpOnExit o.a.w.t.WeavingAdaptor$WeavingAdaptorMessageHolder@6a6afff2
14:10:32.352 [main] DEBUG org.aspectj.weaver.Dump - 14:10:32.352 main - o.a.w.Dump.shouldDumpOnExit abort
14:10:32.352 [main] DEBUG org.aspectj.weaver.Dump - 14:10:32.352 main < o.a.w.Dump.shouldDumpOnExit false
14:10:32.352 [main] DEBUG org.aspectj.weaver.Dump - 14:10:32.352 main < o.a.w.Dump.dumpOnExit Excluded
14:10:32.352 [main] DEBUG org.aspectj.weaver.loadtime.Aj - 14:10:32.352 main < o.a.w.l.Aj.preProcess byte[3280]
14:10:32.354 [main] DEBUG org.aspectj.weaver.loadtime.Aj - 14:10:32.354 main > o.a.w.l.Aj.preProcess o.a.w.l.Aj@b9afc07 io/qameta/allure/internal/shadowed/jackson/databind/ser/std/StdJdkSerializers$AtomicLongSerializer, byte[3260], j.i.l.ClassLoaders$AppClassLoader@3cd1a2f1
14:10:32.354 [main] DEBUG org.aspectj.weaver.loadtime.Aj - 14:10:32.354 main - o.a.w.l.Aj.preProcess o.a.w.l.Aj@b9afc07 j.i.l.ClassLoaders$PlatformClassLoader@1ad282e0, j.i.l.ClassLoaders$AppClassLoader@3cd1a2f1
14:10:32.354 [main] DEBUG o.a.weaver.tools.WeavingAdaptor - 14:10:32.354 main > o.a.w.t.WeavingAdaptor.weaveClass o.a.w.l.ClassLoaderWeavingAdaptor@140e5a13 io/qameta/allure/internal/shadowed/jackson/databind/ser/std/StdJdkSerializers$AtomicLongSerializer, byte[3260]
14:10:32.355 [main] DEBUG org.aspectj.weaver.bcel.BcelWeaver - 14:10:32.355 main > o.a.w.b.BcelWeaver.weave o.a.w.b.BcelWeaver@48524010 o.a.w.t.WeavingAdaptor$WeavingClassFileProvider@376e7531
14:10:32.355 [main] DEBUG org.aspectj.weaver.bcel.BcelWeaver - 14:10:32.355 main > o.a.w.b.BcelWeaver.weaveAndNotify o.a.w.b.BcelWeaver@48524010 o.a.w.b.UnwovenClassFile@23202c31, o.a.w.b.BcelObjectType@5782d777, o.a.w.t.WeavingAdaptor$WeavingClassFileProvider$1@4f824872
14:10:32.356 [main] DEBUG org.aspectj.weaver.bcel.BcelWorld - 14:10:32.356 main - o.a.w.b.BcelWorld.lookupJavaClass o.a.w.l.LTWWorld@2b4a2ec7 java.util.concurrent.atomic.AtomicLong, o.a.a.b.c.JavaClass@29629fbb
14:10:32.356 [main] DEBUG org.aspectj.weaver.bcel.BcelWeaver - 14:10:32.356 main < o.a.w.b.BcelWeaver.weaveAndNotify
14:10:32.356 [main] DEBUG org.aspectj.weaver.bcel.BcelWeaver - 14:10:32.356 main < o.a.w.b.BcelWeaver.weave java.util.ArrayList(1)
14:10:32.356 [main] DEBUG o.a.weaver.tools.WeavingAdaptor - 14:10:32.356 main < o.a.w.t.WeavingAdaptor.weaveClass byte[3260]
14:10:32.356 [main] DEBUG org.aspectj.weaver.Dump - 14:10:32.356 main > o.a.w.Dump.dumpOnExit o.a.w.t.WeavingAdaptor$WeavingAdaptorMessageHolder@6a6afff2
14:10:32.356 [main] DEBUG org.aspectj.weaver.Dump - 14:10:32.356 main > o.a.w.Dump.shouldDumpOnExit o.a.w.t.WeavingAdaptor$WeavingAdaptorMessageHolder@6a6afff2
14:10:32.356 [main] DEBUG org.aspectj.weaver.Dump - 14:10:32.356 main - o.a.w.Dump.shouldDumpOnExit abort
14:10:32.356 [main] DEBUG org.aspectj.weaver.Dump - 14:10:32.356 main < o.a.w.Dump.shouldDumpOnExit false
14:10:32.356 [main] DEBUG org.aspectj.weaver.Dump - 14:10:32.356 main < o.a.w.Dump.dumpOnExit Excluded
14:10:32.356 [main] DEBUG org.aspectj.weaver.loadtime.Aj - 14:10:32.356 main < o.a.w.l.Aj.preProcess byte[3260]
14:10:32.358 [main] DEBUG org.aspectj.weaver.loadtime.Aj - 14:10:32.358 main > o.a.w.l.Aj.preProcess o.a.w.l.Aj@b9afc07 io/qameta/allure/internal/shadowed/jackson/databind/ser/std/FileSerializer, byte[2522], j.i.l.ClassLoaders$AppClassLoader@3cd1a2f1
14:10:32.358 [main] DEBUG org.aspectj.weaver.loadtime.Aj - 14:10:32.358 main - o.a.w.l.Aj.preProcess o.a.w.l.Aj@b9afc07 j.i.l.ClassLoaders$PlatformClassLoader@1ad282e0, j.i.l.ClassLoaders$AppClassLoader@3cd1a2f1
14:10:32.358 [main] DEBUG o.a.weaver.tools.WeavingAdaptor - 14:10:32.358 main > o.a.w.t.WeavingAdaptor.weaveClass o.a.w.l.ClassLoaderWeavingAdaptor@140e5a13 io/qameta/allure/internal/shadowed/jackson/databind/ser/std/FileSerializer, byte[2522]
14:10:32.358 [main] DEBUG org.aspectj.weaver.bcel.BcelWeaver - 14:10:32.358 main > o.a.w.b.BcelWeaver.weave o.a.w.b.BcelWeaver@48524010 o.a.w.t.WeavingAdaptor$WeavingClassFileProvider@363f0ba0
14:10:32.358 [main] DEBUG org.aspectj.weaver.bcel.BcelWeaver - 14:10:32.358 main > o.a.w.b.BcelWeaver.weaveAndNotify o.a.w.b.BcelWeaver@48524010 o.a.w.b.UnwovenClassFile@35fb22a9, o.a.w.b.BcelObjectType@6c8909c3, o.a.w.t.WeavingAdaptor$WeavingClassFileProvider$1@1e008f36
14:10:32.359 [main] DEBUG org.aspectj.weaver.bcel.BcelWorld - 14:10:32.359 main - o.a.w.b.BcelWorld.lookupJavaClass o.a.w.l.LTWWorld@2b4a2ec7 java.io.File, o.a.a.b.c.JavaClass@6631f5ca
14:10:32.359 [main] DEBUG org.aspectj.weaver.bcel.BcelWeaver - 14:10:32.359 main < o.a.w.b.BcelWeaver.weaveAndNotify
14:10:32.359 [main] DEBUG org.aspectj.weaver.bcel.BcelWeaver - 14:10:32.359 main < o.a.w.b.BcelWeaver.weave java.util.ArrayList(1)
14:10:32.359 [main] DEBUG o.a.weaver.tools.WeavingAdaptor - 14:10:32.359 main < o.a.w.t.WeavingAdaptor.weaveClass byte[2522]
14:10:32.359 [main] DEBUG org.aspectj.weaver.Dump - 14:10:32.359 main > o.a.w.Dump.dumpOnExit o.a.w.t.WeavingAdaptor$WeavingAdaptorMessageHolder@6a6afff2
14:10:32.359 [main] DEBUG org.aspectj.weaver.Dump - 14:10:32.359 main > o.a.w.Dump.shouldDumpOnExit o.a.w.t.WeavingAdaptor$WeavingAdaptorMessageHolder@6a6afff2
14:10:32.359 [main] DEBUG org.aspectj.weaver.Dump - 14:10:32.359 main - o.a.w.Dump.shouldDumpOnExit abort
14:10:32.359 [main] DEBUG org.aspectj.weaver.Dump - 14:10:32.359 main < o.a.w.Dump.shouldDumpOnExit false
14:10:32.359 [main] DEBUG org.aspectj.weaver.Dump - 14:10:32.359 main < o.a.w.Dump.dumpOnExit Excluded
14:10:32.359 [main] DEBUG org.aspectj.weaver.loadtime.Aj - 14:10:32.359 main < o.a.w.l.Aj.preProcess byte[2522]
14:10:32.361 [main] DEBUG org.aspectj.weaver.loadtime.Aj - 14:10:32.361 main > o.a.w.l.Aj.preProcess o.a.w.l.Aj@b9afc07 io/qameta/allure/internal/shadowed/jackson/databind/ser/std/ClassSerializer, byte[2769], j.i.l.ClassLoaders$AppClassLoader@3cd1a2f1
14:10:32.361 [main] DEBUG org.aspectj.weaver.loadtime.Aj - 14:10:32.361 main - o.a.w.l.Aj.preProcess o.a.w.l.Aj@b9afc07 j.i.l.ClassLoaders$PlatformClassLoader@1ad282e0, j.i.l.ClassLoaders$AppClassLoader@3cd1a2f1
14:10:32.361 [main] DEBUG o.a.weaver.tools.WeavingAdaptor - 14:10:32.361 main > o.a.w.t.WeavingAdaptor.weaveClass o.a.w.l.ClassLoaderWeavingAdaptor@140e5a13 io/qameta/allure/internal/shadowed/jackson/databind/ser/std/ClassSerializer, byte[2769]
14:10:32.361 [main] DEBUG org.aspectj.weaver.bcel.BcelWeaver - 14:10:32.361 main > o.a.w.b.BcelWeaver.weave o.a.w.b.BcelWeaver@48524010 o.a.w.t.WeavingAdaptor$WeavingClassFileProvider@359ff4d9
14:10:32.361 [main] DEBUG org.aspectj.weaver.bcel.BcelWeaver - 14:10:32.361 main > o.a.w.b.BcelWeaver.weaveAndNotify o.a.w.b.BcelWeaver@48524010 o.a.w.b.UnwovenClassFile@7a22a3c2, o.a.w.b.BcelObjectType@f4cfd90, o.a.w.t.WeavingAdaptor$WeavingClassFileProvider$1@7ae9a33a
14:10:32.362 [main] DEBUG org.aspectj.weaver.bcel.BcelWeaver - 14:10:32.362 main < o.a.w.b.BcelWeaver.weaveAndNotify
14:10:32.362 [main] DEBUG org.aspectj.weaver.bcel.BcelWeaver - 14:10:32.362 main < o.a.w.b.BcelWeaver.weave java.util.ArrayList(1)
14:10:32.362 [main] DEBUG o.a.weaver.tools.WeavingAdaptor - 14:10:32.362 main < o.a.w.t.WeavingAdaptor.weaveClass byte[2769]
14:10:32.362 [main] DEBUG org.aspectj.weaver.Dump - 14:10:32.362 main > o.a.w.Dump.dumpOnExit o.a.w.t.WeavingAdaptor$WeavingAdaptorMessageHolder@6a6afff2
14:10:32.362 [main] DEBUG org.aspectj.weaver.Dump - 14:10:32.362 main > o.a.w.Dump.shouldDumpOnExit o.a.w.t.WeavingAdaptor$WeavingAdaptorMessageHolder@6a6afff2
14:10:32.362 [main] DEBUG org.aspectj.weaver.Dump - 14:10:32.362 main - o.a.w.Dump.shouldDumpOnExit abort
14:10:32.362 [main] DEBUG org.aspectj.weaver.Dump - 14:10:32.362 main < o.a.w.Dump.shouldDumpOnExit false
14:10:32.362 [main] DEBUG org.aspectj.weaver.Dump - 14:10:32.362 main < o.a.w.Dump.dumpOnExit Excluded
14:10:32.362 [main] DEBUG org.aspectj.weaver.loadtime.Aj - 14:10:32.362 main < o.a.w.l.Aj.preProcess byte[2769]
14:10:32.364 [main] DEBUG org.aspectj.weaver.loadtime.Aj - 14:10:32.364 main > o.a.w.l.Aj.preProcess o.a.w.l.Aj@b9afc07 io/qameta/allure/internal/shadowed/jackson/databind/ser/std/TokenBufferSerializer, byte[4701], j.i.l.ClassLoaders$AppClassLoader@3cd1a2f1
14:10:32.364 [main] DEBUG org.aspectj.weaver.loadtime.Aj - 14:10:32.364 main - o.a.w.l.Aj.preProcess o.a.w.l.Aj@b9afc07 j.i.l.ClassLoaders$PlatformClassLoader@1ad282e0, j.i.l.ClassLoaders$AppClassLoader@3cd1a2f1
14:10:32.364 [main] DEBUG o.a.weaver.tools.WeavingAdaptor - 14:10:32.364 main > o.a.w.t.WeavingAdaptor.weaveClass o.a.w.l.ClassLoaderWeavingAdaptor@140e5a13 io/qameta/allure/internal/shadowed/jackson/databind/ser/std/TokenBufferSerializer, byte[4701]
14:10:32.364 [main] DEBUG org.aspectj.weaver.bcel.BcelWeaver - 14:10:32.364 main > o.a.w.b.BcelWeaver.weave o.a.w.b.BcelWeaver@48524010 o.a.w.t.WeavingAdaptor$WeavingClassFileProvider@65f58c6e
14:10:32.364 [main] DEBUG org.aspectj.weaver.bcel.BcelWeaver - 14:10:32.364 main > o.a.w.b.BcelWeaver.weaveAndNotify o.a.w.b.BcelWeaver@48524010 o.a.w.b.UnwovenClassFile@73ad7e90, o.a.w.b.BcelObjectType@4ba380c7, o.a.w.t.WeavingAdaptor$WeavingClassFileProvider$1@784c5ef5
14:10:32.365 [main] DEBUG org.aspectj.weaver.bcel.BcelWeaver - 14:10:32.365 main < o.a.w.b.BcelWeaver.weaveAndNotify
14:10:32.365 [main] DEBUG org.aspectj.weaver.bcel.BcelWeaver - 14:10:32.365 main < o.a.w.b.BcelWeaver.weave java.util.ArrayList(1)
14:10:32.365 [main] DEBUG o.a.weaver.tools.WeavingAdaptor - 14:10:32.365 main < o.a.w.t.WeavingAdaptor.weaveClass byte[4701]
14:10:32.365 [main] DEBUG org.aspectj.weaver.Dump - 14:10:32.365 main > o.a.w.Dump.dumpOnExit o.a.w.t.WeavingAdaptor$WeavingAdaptorMessageHolder@6a6afff2
14:10:32.365 [main] DEBUG org.aspectj.weaver.Dump - 14:10:32.365 main > o.a.w.Dump.shouldDumpOnExit o.a.w.t.WeavingAdaptor$WeavingAdaptorMessageHolder@6a6afff2
14:10:32.365 [main] DEBUG org.aspectj.weaver.Dump - 14:10:32.365 main - o.a.w.Dump.shouldDumpOnExit abort
14:10:32.365 [main] DEBUG org.aspectj.weaver.Dump - 14:10:32.365 main < o.a.w.Dump.shouldDumpOnExit false
14:10:32.365 [main] DEBUG org.aspectj.weaver.Dump - 14:10:32.365 main < o.a.w.Dump.dumpOnExit Excluded
14:10:32.365 [main] DEBUG org.aspectj.weaver.loadtime.Aj - 14:10:32.365 main < o.a.w.l.Aj.preProcess byte[4701]
14:10:32.367 [main] DEBUG org.aspectj.weaver.loadtime.Aj - 14:10:32.367 main > o.a.w.l.Aj.preProcess o.a.w.l.Aj@b9afc07 io/qameta/allure/internal/shadowed/jackson/databind/cfg/SerializerFactoryConfig, byte[3927], j.i.l.ClassLoaders$AppClassLoader@3cd1a2f1
14:10:32.367 [main] DEBUG org.aspectj.weaver.loadtime.Aj - 14:10:32.367 main - o.a.w.l.Aj.preProcess o.a.w.l.Aj@b9afc07 j.i.l.ClassLoaders$PlatformClassLoader@1ad282e0, j.i.l.ClassLoaders$AppClassLoader@3cd1a2f1
14:10:32.367 [main] DEBUG o.a.weaver.tools.WeavingAdaptor - 14:10:32.367 main > o.a.w.t.WeavingAdaptor.weaveClass o.a.w.l.ClassLoaderWeavingAdaptor@140e5a13 io/qameta/allure/internal/shadowed/jackson/databind/cfg/SerializerFactoryConfig, byte[3927]
14:10:32.367 [main] DEBUG org.aspectj.weaver.bcel.BcelWeaver - 14:10:32.367 main > o.a.w.b.BcelWeaver.weave o.a.w.b.BcelWeaver@48524010 o.a.w.t.WeavingAdaptor$WeavingClassFileProvider@4ce14f05
14:10:32.367 [main] DEBUG org.aspectj.weaver.bcel.BcelWeaver - 14:10:32.367 main > o.a.w.b.BcelWeaver.weaveAndNotify o.a.w.b.BcelWeaver@48524010 o.a.w.b.UnwovenClassFile@71dfcf21, o.a.w.b.BcelObjectType@b965857, o.a.w.t.WeavingAdaptor$WeavingClassFileProvider$1@61f80d55
14:10:32.368 [main] DEBUG org.aspectj.weaver.bcel.BcelWorld - 14:10:32.368 main - o.a.w.b.BcelWorld.lookupJavaClass o.a.w.l.LTWWorld@2b4a2ec7 io.qameta.allure.internal.shadowed.jackson.databind.ser.Serializers, o.a.a.b.c.JavaClass@55e8ec2f
14:10:32.368 [main] DEBUG org.aspectj.weaver.bcel.BcelWorld - 14:10:32.368 main - o.a.w.b.BcelWorld.lookupJavaClass o.a.w.l.LTWWorld@2b4a2ec7 io.qameta.allure.internal.shadowed.jackson.databind.ser.BeanSerializerModifier, o.a.a.b.c.JavaClass@65a4798f
14:10:32.368 [main] DEBUG org.aspectj.weaver.bcel.BcelWeaver - 14:10:32.368 main < o.a.w.b.BcelWeaver.weaveAndNotify
14:10:32.368 [main] DEBUG org.aspectj.weaver.bcel.BcelWeaver - 14:10:32.368 main < o.a.w.b.BcelWeaver.weave java.util.ArrayList(1)
14:10:32.368 [main] DEBUG o.a.weaver.tools.WeavingAdaptor - 14:10:32.368 main < o.a.w.t.WeavingAdaptor.weaveClass byte[3927]
14:10:32.368 [main] DEBUG org.aspectj.weaver.Dump - 14:10:32.368 main > o.a.w.Dump.dumpOnExit o.a.w.t.WeavingAdaptor$WeavingAdaptorMessageHolder@6a6afff2
14:10:32.368 [main] DEBUG org.aspectj.weaver.Dump - 14:10:32.368 main > o.a.w.Dump.shouldDumpOnExit o.a.w.t.WeavingAdaptor$WeavingAdaptorMessageHolder@6a6afff2
14:10:32.368 [main] DEBUG org.aspectj.weaver.Dump - 14:10:32.368 main - o.a.w.Dump.shouldDumpOnExit abort
14:10:32.368 [main] DEBUG org.aspectj.weaver.Dump - 14:10:32.368 main < o.a.w.Dump.shouldDumpOnExit false
14:10:32.368 [main] DEBUG org.aspectj.weaver.Dump - 14:10:32.368 main < o.a.w.Dump.dumpOnExit Excluded
14:10:32.368 [main] DEBUG org.aspectj.weaver.loadtime.Aj - 14:10:32.368 main < o.a.w.l.Aj.preProcess byte[3927]
14:10:32.370 [main] DEBUG org.aspectj.weaver.loadtime.Aj - 14:10:32.370 main > o.a.w.l.Aj.preProcess o.a.w.l.Aj@b9afc07 io/qameta/allure/internal/shadowed/jackson/databind/ser/Serializers, byte[6745], j.i.l.ClassLoaders$AppClassLoader@3cd1a2f1
14:10:32.370 [main] DEBUG org.aspectj.weaver.loadtime.Aj - 14:10:32.370 main - o.a.w.l.Aj.preProcess o.a.w.l.Aj@b9afc07 j.i.l.ClassLoaders$PlatformClassLoader@1ad282e0, j.i.l.ClassLoaders$AppClassLoader@3cd1a2f1
14:10:32.370 [main] DEBUG o.a.weaver.tools.WeavingAdaptor - 14:10:32.370 main > o.a.w.t.WeavingAdaptor.weaveClass o.a.w.l.ClassLoaderWeavingAdaptor@140e5a13 io/qameta/allure/internal/shadowed/jackson/databind/ser/Serializers, byte[6745]
14:10:32.370 [main] DEBUG org.aspectj.weaver.bcel.BcelWeaver - 14:10:32.370 main > o.a.w.b.BcelWeaver.weave o.a.w.b.BcelWeaver@48524010 o.a.w.t.WeavingAdaptor$WeavingClassFileProvider@7c2312fa
14:10:32.371 [main] DEBUG org.aspectj.weaver.bcel.BcelWeaver - 14:10:32.371 main > o.a.w.b.BcelWeaver.weaveAndNotify o.a.w.b.BcelWeaver@48524010 o.a.w.b.UnwovenClassFile@4cb0a000, o.a.w.b.BcelObjectType@5ff2e84b, o.a.w.t.WeavingAdaptor$WeavingClassFileProvider$1@74abbb
14:10:32.371 [main] DEBUG org.aspectj.weaver.bcel.BcelWeaver - 14:10:32.371 main < o.a.w.b.BcelWeaver.weaveAndNotify
14:10:32.371 [main] DEBUG org.aspectj.weaver.bcel.BcelWeaver - 14:10:32.371 main < o.a.w.b.BcelWeaver.weave java.util.ArrayList(1)
14:10:32.371 [main] DEBUG o.a.weaver.tools.WeavingAdaptor - 14:10:32.371 main < o.a.w.t.WeavingAdaptor.weaveClass byte[6745]
14:10:32.371 [main] DEBUG org.aspectj.weaver.Dump - 14:10:32.371 main > o.a.w.Dump.dumpOnExit o.a.w.t.WeavingAdaptor$WeavingAdaptorMessageHolder@6a6afff2
14:10:32.371 [main] DEBUG org.aspectj.weaver.Dump - 14:10:32.371 main > o.a.w.Dump.shouldDumpOnExit o.a.w.t.WeavingAdaptor$WeavingAdaptorMessageHolder@6a6afff2
14:10:32.371 [main] DEBUG org.aspectj.weaver.Dump - 14:10:32.371 main - o.a.w.Dump.shouldDumpOnExit abort
14:10:32.371 [main] DEBUG org.aspectj.weaver.Dump - 14:10:32.371 main < o.a.w.Dump.shouldDumpOnExit false
14:10:32.371 [main] DEBUG org.aspectj.weaver.Dump - 14:10:32.371 main < o.a.w.Dump.dumpOnExit Excluded
14:10:32.371 [main] DEBUG org.aspectj.weaver.loadtime.Aj - 14:10:32.371 main < o.a.w.l.Aj.preProcess byte[6745]
14:10:32.373 [main] DEBUG org.aspectj.weaver.loadtime.Aj - 14:10:32.373 main > o.a.w.l.Aj.preProcess o.a.w.l.Aj@b9afc07 io/qameta/allure/internal/shadowed/jackson/databind/ser/BeanSerializerModifier, byte[8648], j.i.l.ClassLoaders$AppClassLoader@3cd1a2f1
14:10:32.373 [main] DEBUG org.aspectj.weaver.loadtime.Aj - 14:10:32.373 main - o.a.w.l.Aj.preProcess o.a.w.l.Aj@b9afc07 j.i.l.ClassLoaders$PlatformClassLoader@1ad282e0, j.i.l.ClassLoaders$AppClassLoader@3cd1a2f1
14:10:32.373 [main] DEBUG o.a.weaver.tools.WeavingAdaptor - 14:10:32.373 main > o.a.w.t.WeavingAdaptor.weaveClass o.a.w.l.ClassLoaderWeavingAdaptor@140e5a13 io/qameta/allure/internal/shadowed/jackson/databind/ser/BeanSerializerModifier, byte[8648]
14:10:32.374 [main] DEBUG org.aspectj.weaver.bcel.BcelWeaver - 14:10:32.373 main > o.a.w.b.BcelWeaver.weave o.a.w.b.BcelWeaver@48524010 o.a.w.t.WeavingAdaptor$WeavingClassFileProvider@40298285
14:10:32.374 [main] DEBUG org.aspectj.weaver.bcel.BcelWeaver - 14:10:32.374 main > o.a.w.b.BcelWeaver.weaveAndNotify o.a.w.b.BcelWeaver@48524010 o.a.w.b.UnwovenClassFile@22367b8, o.a.w.b.BcelObjectType@41b0ae4c, o.a.w.t.WeavingAdaptor$WeavingClassFileProvider$1@af9a89f
14:10:32.374 [main] DEBUG org.aspectj.weaver.bcel.BcelWeaver - 14:10:32.374 main < o.a.w.b.BcelWeaver.weaveAndNotify
14:10:32.374 [main] DEBUG org.aspectj.weaver.bcel.BcelWeaver - 14:10:32.374 main < o.a.w.b.BcelWeaver.weave java.util.ArrayList(1)
14:10:32.374 [main] DEBUG o.a.weaver.tools.WeavingAdaptor - 14:10:32.374 main < o.a.w.t.WeavingAdaptor.weaveClass byte[8648]
14:10:32.374 [main] DEBUG org.aspectj.weaver.Dump - 14:10:32.374 main > o.a.w.Dump.dumpOnExit o.a.w.t.WeavingAdaptor$WeavingAdaptorMessageHolder@6a6afff2
14:10:32.374 [main] DEBUG org.aspectj.weaver.Dump - 14:10:32.374 main > o.a.w.Dump.shouldDumpOnExit o.a.w.t.WeavingAdaptor$WeavingAdaptorMessageHolder@6a6afff2
14:10:32.374 [main] DEBUG org.aspectj.weaver.Dump - 14:10:32.374 main - o.a.w.Dump.shouldDumpOnExit abort
14:10:32.374 [main] DEBUG org.aspectj.weaver.Dump - 14:10:32.374 main < o.a.w.Dump.shouldDumpOnExit false
14:10:32.374 [main] DEBUG org.aspectj.weaver.Dump - 14:10:32.374 main < o.a.w.Dump.dumpOnExit Excluded
14:10:32.375 [main] DEBUG org.aspectj.weaver.loadtime.Aj - 14:10:32.375 main < o.a.w.l.Aj.preProcess byte[8648]
14:10:32.423 [main] DEBUG org.aspectj.weaver.loadtime.Aj - 14:10:32.423 main > o.a.w.l.Aj.preProcess o.a.w.l.Aj@b9afc07 org/junit/platform/launcher/core/DefaultLauncher, byte[6665], j.i.l.ClassLoaders$AppClassLoader@3cd1a2f1
14:10:32.423 [main] DEBUG org.aspectj.weaver.loadtime.Aj - 14:10:32.423 main - o.a.w.l.Aj.preProcess o.a.w.l.Aj@b9afc07 j.i.l.ClassLoaders$PlatformClassLoader@1ad282e0, j.i.l.ClassLoaders$AppClassLoader@3cd1a2f1
14:10:32.423 [main] DEBUG o.a.weaver.tools.WeavingAdaptor - 14:10:32.423 main > o.a.w.t.WeavingAdaptor.weaveClass o.a.w.l.ClassLoaderWeavingAdaptor@140e5a13 org/junit/platform/launcher/core/DefaultLauncher, byte[6665]
14:10:32.424 [main] DEBUG org.aspectj.weaver.bcel.BcelWeaver - 14:10:32.424 main > o.a.w.b.BcelWeaver.weave o.a.w.b.BcelWeaver@48524010 o.a.w.t.WeavingAdaptor$WeavingClassFileProvider@ab20d7c
14:10:32.425 [main] DEBUG org.aspectj.weaver.bcel.BcelWorld - 14:10:32.425 main - o.a.w.b.BcelWorld.lookupJavaClass o.a.w.l.LTWWorld@2b4a2ec7 org.junit.platform.launcher.core.InternalLauncher, o.a.a.b.c.JavaClass@13f9ad9
14:10:32.426 [main] DEBUG org.aspectj.weaver.bcel.BcelWeaver - 14:10:32.425 main > o.a.w.b.BcelWeaver.weaveAndNotify o.a.w.b.BcelWeaver@48524010 o.a.w.b.UnwovenClassFile@1b7cae6f, o.a.w.b.BcelObjectType@21f8e55f, o.a.w.t.WeavingAdaptor$WeavingClassFileProvider$1@d5ce97f
14:10:32.427 [main] DEBUG org.aspectj.weaver.bcel.BcelWorld - 14:10:32.427 main - o.a.w.b.BcelWorld.lookupJavaClass o.a.w.l.LTWWorld@2b4a2ec7 org.junit.platform.launcher.Launcher, o.a.a.b.c.JavaClass@680d4a6a
14:10:32.430 [main] DEBUG org.aspectj.weaver.bcel.BcelWorld - 14:10:32.430 main - o.a.w.b.BcelWorld.lookupJavaClass o.a.w.l.LTWWorld@2b4a2ec7 org.junit.platform.launcher.LauncherDiscoveryListener, o.a.a.b.c.JavaClass@2f16c6b3
14:10:32.431 [main] DEBUG org.aspectj.weaver.bcel.BcelWorld - 14:10:32.431 main - o.a.w.b.BcelWorld.lookupJavaClass o.a.w.l.LTWWorld@2b4a2ec7 org.junit.platform.launcher.TestExecutionListener, o.a.a.b.c.JavaClass@71e693fa
14:10:32.431 [main] DEBUG org.aspectj.weaver.bcel.BcelWorld - 14:10:32.431 main - o.a.w.b.BcelWorld.lookupJavaClass o.a.w.l.LTWWorld@2b4a2ec7 org.junit.platform.launcher.LauncherDiscoveryRequest, o.a.a.b.c.JavaClass@39d9314d
14:10:32.431 [main] DEBUG org.aspectj.weaver.bcel.BcelWorld - 14:10:32.431 main - o.a.w.b.BcelWorld.lookupJavaClass o.a.w.l.LTWWorld@2b4a2ec7 org.junit.platform.launcher.TestPlan, o.a.a.b.c.JavaClass@3eb77ea8
14:10:32.432 [main] DEBUG org.aspectj.weaver.bcel.BcelWorld - 14:10:32.432 main - o.a.w.b.BcelWorld.lookupJavaClass o.a.w.l.LTWWorld@2b4a2ec7 org.junit.platform.launcher.core.ListenerRegistry, o.a.a.b.c.JavaClass@70101687
14:10:32.435 [main] DEBUG org.aspectj.weaver.bcel.BcelWorld - 14:10:32.435 main - o.a.w.b.BcelWorld.lookupJavaClass o.a.w.l.LTWWorld@2b4a2ec7 org.junit.platform.launcher.core.EngineDiscoveryOrchestrator$Phase, o.a.a.b.c.JavaClass@51351f28
14:10:32.436 [main] DEBUG org.aspectj.weaver.bcel.BcelWorld - 14:10:32.436 main - o.a.w.b.BcelWorld.lookupJavaClass o.a.w.l.LTWWorld@2b4a2ec7 org.junit.platform.launcher.core.LauncherDiscoveryResult, o.a.a.b.c.JavaClass@34cf294c
14:10:32.438 [main] DEBUG org.aspectj.weaver.bcel.BcelWorld - 14:10:32.438 main - o.a.w.b.BcelWorld.lookupJavaClass o.a.w.l.LTWWorld@2b4a2ec7 org.junit.platform.launcher.core.InternalTestPlan, o.a.a.b.c.JavaClass@62566842
14:10:32.438 [main] DEBUG org.aspectj.weaver.bcel.BcelWeaver - 14:10:32.438 main < o.a.w.b.BcelWeaver.weaveAndNotify
14:10:32.438 [main] DEBUG org.aspectj.weaver.bcel.BcelWeaver - 14:10:32.438 main < o.a.w.b.BcelWeaver.weave java.util.ArrayList(1)
14:10:32.438 [main] DEBUG o.a.weaver.tools.WeavingAdaptor - 14:10:32.438 main < o.a.w.t.WeavingAdaptor.weaveClass byte[6665]
14:10:32.438 [main] DEBUG org.aspectj.weaver.Dump - 14:10:32.438 main > o.a.w.Dump.dumpOnExit o.a.w.t.WeavingAdaptor$WeavingAdaptorMessageHolder@6a6afff2
14:10:32.438 [main] DEBUG org.aspectj.weaver.Dump - 14:10:32.438 main > o.a.w.Dump.shouldDumpOnExit o.a.w.t.WeavingAdaptor$WeavingAdaptorMessageHolder@6a6afff2
14:10:32.438 [main] DEBUG org.aspectj.weaver.Dump - 14:10:32.438 main - o.a.w.Dump.shouldDumpOnExit abort
14:10:32.438 [main] DEBUG org.aspectj.weaver.Dump - 14:10:32.438 main < o.a.w.Dump.shouldDumpOnExit false
14:10:32.438 [main] DEBUG org.aspectj.weaver.Dump - 14:10:32.438 main < o.a.w.Dump.dumpOnExit Excluded
14:10:32.438 [main] DEBUG org.aspectj.weaver.loadtime.Aj - 14:10:32.438 main < o.a.w.l.Aj.preProcess byte[6665]
14:10:32.441 [main] DEBUG org.aspectj.weaver.loadtime.Aj - 14:10:32.441 main > o.a.w.l.Aj.preProcess o.a.w.l.Aj@b9afc07 org/junit/platform/launcher/TestPlan, byte[9944], j.i.l.ClassLoaders$AppClassLoader@3cd1a2f1
14:10:32.441 [main] DEBUG org.aspectj.weaver.loadtime.Aj - 14:10:32.441 main - o.a.w.l.Aj.preProcess o.a.w.l.Aj@b9afc07 j.i.l.ClassLoaders$PlatformClassLoader@1ad282e0, j.i.l.ClassLoaders$AppClassLoader@3cd1a2f1
14:10:32.441 [main] DEBUG o.a.weaver.tools.WeavingAdaptor - 14:10:32.441 main > o.a.w.t.WeavingAdaptor.weaveClass o.a.w.l.ClassLoaderWeavingAdaptor@140e5a13 org/junit/platform/launcher/TestPlan, byte[9944]
14:10:32.442 [main] DEBUG org.aspectj.weaver.bcel.BcelWeaver - 14:10:32.441 main > o.a.w.b.BcelWeaver.weave o.a.w.b.BcelWeaver@48524010 o.a.w.t.WeavingAdaptor$WeavingClassFileProvider@7b4acdc2
14:10:32.442 [main] DEBUG org.aspectj.weaver.bcel.BcelWeaver - 14:10:32.442 main > o.a.w.b.BcelWeaver.weaveAndNotify o.a.w.b.BcelWeaver@48524010 o.a.w.b.UnwovenClassFile@26a262d6, o.a.w.b.BcelObjectType@11bd803, o.a.w.t.WeavingAdaptor$WeavingClassFileProvider$1@58f07f02
14:10:32.449 [main] DEBUG org.aspectj.weaver.bcel.BcelWorld - 14:10:32.449 main - o.a.w.b.BcelWorld.lookupJavaClass o.a.w.l.LTWWorld@2b4a2ec7 org.junit.platform.engine.ConfigurationParameters, o.a.a.b.c.JavaClass@29ca3d04
14:10:32.449 [main] DEBUG org.aspectj.weaver.bcel.BcelWorld - 14:10:32.449 main - o.a.w.b.BcelWorld.lookupJavaClass o.a.w.l.LTWWorld@2b4a2ec7 org.apiguardian.api.API, o.a.a.b.c.JavaClass@1a20270e
14:10:32.450 [main] DEBUG org.aspectj.weaver.bcel.BcelWorld - 14:10:32.450 main - o.a.w.b.BcelWorld.lookupJavaClass o.a.w.l.LTWWorld@2b4a2ec7 org.junit.platform.launcher.TestIdentifier, o.a.a.b.c.JavaClass@3403e2ac
14:10:32.450 [main] DEBUG org.aspectj.weaver.bcel.BcelWorld - 14:10:32.450 main - o.a.w.b.BcelWorld.lookupJavaClass o.a.w.l.LTWWorld@2b4a2ec7 java.util.Optional, o.a.a.b.c.JavaClass@6676f6a0
14:10:32.450 [main] DEBUG org.aspectj.weaver.bcel.BcelWorld - 14:10:32.450 main - o.a.w.b.BcelWorld.lookupJavaClass o.a.w.l.LTWWorld@2b4a2ec7 java.util.function.Predicate, o.a.a.b.c.JavaClass@95e33cc
14:10:32.451 [main] DEBUG org.aspectj.weaver.bcel.BcelWorld - 14:10:32.451 main - o.a.w.b.BcelWorld.lookupJavaClass o.a.w.l.LTWWorld@2b4a2ec7 org.junit.platform.engine.UniqueId, o.a.a.b.c.JavaClass@71812481
14:10:32.451 [main] DEBUG org.aspectj.weaver.bcel.BcelWorld - 14:10:32.451 main - o.a.w.b.BcelWorld.lookupJavaClass o.a.w.l.LTWWorld@2b4a2ec7 org.junit.platform.engine.TestDescriptor$Visitor, o.a.a.b.c.JavaClass@45815ffc
14:10:32.452 [main] DEBUG org.aspectj.weaver.bcel.BcelWorld - 14:10:32.452 main - o.a.w.b.BcelWorld.lookupJavaClass o.a.w.l.LTWWorld@2b4a2ec7 org.junit.platform.engine.TestDescriptor, o.a.a.b.c.JavaClass@2d6c53fc
14:10:32.452 [main] DEBUG org.aspectj.weaver.bcel.BcelWeaver - 14:10:32.452 main < o.a.w.b.BcelWeaver.weaveAndNotify
14:10:32.452 [main] DEBUG org.aspectj.weaver.bcel.BcelWeaver - 14:10:32.452 main < o.a.w.b.BcelWeaver.weave java.util.ArrayList(1)
14:10:32.452 [main] DEBUG o.a.weaver.tools.WeavingAdaptor - 14:10:32.452 main < o.a.w.t.WeavingAdaptor.weaveClass byte[9944]
14:10:32.452 [main] DEBUG org.aspectj.weaver.Dump - 14:10:32.452 main > o.a.w.Dump.dumpOnExit o.a.w.t.WeavingAdaptor$WeavingAdaptorMessageHolder@6a6afff2
14:10:32.452 [main] DEBUG org.aspectj.weaver.Dump - 14:10:32.452 main > o.a.w.Dump.shouldDumpOnExit o.a.w.t.WeavingAdaptor$WeavingAdaptorMessageHolder@6a6afff2
14:10:32.452 [main] DEBUG org.aspectj.weaver.Dump - 14:10:32.452 main - o.a.w.Dump.shouldDumpOnExit abort
14:10:32.452 [main] DEBUG org.aspectj.weaver.Dump - 14:10:32.452 main < o.a.w.Dump.shouldDumpOnExit false
14:10:32.452 [main] DEBUG org.aspectj.weaver.Dump - 14:10:32.452 main < o.a.w.Dump.dumpOnExit Excluded
14:10:32.452 [main] DEBUG org.aspectj.weaver.loadtime.Aj - 14:10:32.452 main < o.a.w.l.Aj.preProcess byte[9944]
14:10:32.454 [main] DEBUG org.aspectj.weaver.loadtime.Aj - 14:10:32.454 main > o.a.w.l.Aj.preProcess o.a.w.l.Aj@b9afc07 org/junit/platform/launcher/core/InternalTestPlan, byte[4077], j.i.l.ClassLoaders$AppClassLoader@3cd1a2f1
14:10:32.454 [main] DEBUG org.aspectj.weaver.loadtime.Aj - 14:10:32.454 main - o.a.w.l.Aj.preProcess o.a.w.l.Aj@b9afc07 j.i.l.ClassLoaders$PlatformClassLoader@1ad282e0, j.i.l.ClassLoaders$AppClassLoader@3cd1a2f1
14:10:32.454 [main] DEBUG o.a.weaver.tools.WeavingAdaptor - 14:10:32.454 main > o.a.w.t.WeavingAdaptor.weaveClass o.a.w.l.ClassLoaderWeavingAdaptor@140e5a13 org/junit/platform/launcher/core/InternalTestPlan, byte[4077]
14:10:32.455 [main] DEBUG org.aspectj.weaver.bcel.BcelWeaver - 14:10:32.455 main > o.a.w.b.BcelWeaver.weave o.a.w.b.BcelWeaver@48524010 o.a.w.t.WeavingAdaptor$WeavingClassFileProvider@7d070ef5
14:10:32.455 [main] DEBUG org.aspectj.weaver.bcel.BcelWeaver - 14:10:32.455 main > o.a.w.b.BcelWeaver.weaveAndNotify o.a.w.b.BcelWeaver@48524010 o.a.w.b.UnwovenClassFile@7a55f148, o.a.w.b.BcelObjectType@2e2f720, o.a.w.t.WeavingAdaptor$WeavingClassFileProvider$1@3ae2ed38
14:10:32.455 [main] DEBUG org.aspectj.weaver.bcel.BcelWeaver - 14:10:32.455 main < o.a.w.b.BcelWeaver.weaveAndNotify
14:10:32.455 [main] DEBUG org.aspectj.weaver.bcel.BcelWeaver - 14:10:32.455 main < o.a.w.b.BcelWeaver.weave java.util.ArrayList(1)
14:10:32.455 [main] DEBUG o.a.weaver.tools.WeavingAdaptor - 14:10:32.455 main < o.a.w.t.WeavingAdaptor.weaveClass byte[4077]
14:10:32.456 [main] DEBUG org.aspectj.weaver.Dump - 14:10:32.456 main > o.a.w.Dump.dumpOnExit o.a.w.t.WeavingAdaptor$WeavingAdaptorMessageHolder@6a6afff2
14:10:32.456 [main] DEBUG org.aspectj.weaver.Dump - 14:10:32.456 main > o.a.w.Dump.shouldDumpOnExit o.a.w.t.WeavingAdaptor$WeavingAdaptorMessageHolder@6a6afff2
14:10:32.456 [main] DEBUG org.aspectj.weaver.Dump - 14:10:32.456 main - o.a.w.Dump.shouldDumpOnExit abort
14:10:32.456 [main] DEBUG org.aspectj.weaver.Dump - 14:10:32.456 main < o.a.w.Dump.shouldDumpOnExit false
14:10:32.456 [main] DEBUG org.aspectj.weaver.Dump - 14:10:32.456 main < o.a.w.Dump.dumpOnExit Excluded
14:10:32.456 [main] DEBUG org.aspectj.weaver.loadtime.Aj - 14:10:32.456 main < o.a.w.l.Aj.preProcess byte[4077]
14:10:32.458 [main] DEBUG org.aspectj.weaver.loadtime.Aj - 14:10:32.458 main > o.a.w.l.Aj.preProcess o.a.w.l.Aj@b9afc07 org/junit/platform/launcher/core/ListenerRegistry, byte[5644], j.i.l.ClassLoaders$AppClassLoader@3cd1a2f1
14:10:32.458 [main] DEBUG org.aspectj.weaver.loadtime.Aj - 14:10:32.458 main - o.a.w.l.Aj.preProcess o.a.w.l.Aj@b9afc07 j.i.l.ClassLoaders$PlatformClassLoader@1ad282e0, j.i.l.ClassLoaders$AppClassLoader@3cd1a2f1
14:10:32.458 [main] DEBUG o.a.weaver.tools.WeavingAdaptor - 14:10:32.458 main > o.a.w.t.WeavingAdaptor.weaveClass o.a.w.l.ClassLoaderWeavingAdaptor@140e5a13 org/junit/platform/launcher/core/ListenerRegistry, byte[5644]
14:10:32.458 [main] DEBUG org.aspectj.weaver.bcel.BcelWeaver - 14:10:32.458 main > o.a.w.b.BcelWeaver.weave o.a.w.b.BcelWeaver@48524010 o.a.w.t.WeavingAdaptor$WeavingClassFileProvider@5445f5ba
14:10:32.459 [main] DEBUG org.aspectj.weaver.bcel.BcelWeaver - 14:10:32.459 main > o.a.w.b.BcelWeaver.weaveAndNotify o.a.w.b.BcelWeaver@48524010 o.a.w.b.UnwovenClassFile@1431267b, o.a.w.b.BcelObjectType@342726f1, o.a.w.t.WeavingAdaptor$WeavingClassFileProvider$1@c808207
14:10:32.459 [main] DEBUG org.aspectj.weaver.bcel.BcelWorld - 14:10:32.459 main - o.a.w.b.BcelWorld.lookupJavaClass o.a.w.l.LTWWorld@2b4a2ec7 java.util.function.Function, o.a.a.b.c.JavaClass@44d52de2
14:10:32.460 [main] DEBUG org.aspectj.weaver.bcel.BcelWorld - 14:10:32.460 main - o.a.w.b.BcelWorld.lookupJavaClass o.a.w.l.LTWWorld@2b4a2ec7 java.lang.SafeVarargs, o.a.a.b.c.JavaClass@304bb45b
14:10:32.460 [main] DEBUG org.aspectj.weaver.bcel.BcelWeaver - 14:10:32.460 main < o.a.w.b.BcelWeaver.weaveAndNotify
14:10:32.460 [main] DEBUG org.aspectj.weaver.bcel.BcelWeaver - 14:10:32.460 main < o.a.w.b.BcelWeaver.weave java.util.ArrayList(1)
14:10:32.460 [main] DEBUG o.a.weaver.tools.WeavingAdaptor - 14:10:32.460 main < o.a.w.t.WeavingAdaptor.weaveClass byte[5644]
14:10:32.460 [main] DEBUG org.aspectj.weaver.Dump - 14:10:32.460 main > o.a.w.Dump.dumpOnExit o.a.w.t.WeavingAdaptor$WeavingAdaptorMessageHolder@6a6afff2
14:10:32.460 [main] DEBUG org.aspectj.weaver.Dump - 14:10:32.460 main > o.a.w.Dump.shouldDumpOnExit o.a.w.t.WeavingAdaptor$WeavingAdaptorMessageHolder@6a6afff2
14:10:32.460 [main] DEBUG org.aspectj.weaver.Dump - 14:10:32.460 main - o.a.w.Dump.shouldDumpOnExit abort
14:10:32.460 [main] DEBUG org.aspectj.weaver.Dump - 14:10:32.460 main < o.a.w.Dump.shouldDumpOnExit false
14:10:32.460 [main] DEBUG org.aspectj.weaver.Dump - 14:10:32.460 main < o.a.w.Dump.dumpOnExit Excluded
14:10:32.460 [main] DEBUG org.aspectj.weaver.loadtime.Aj - 14:10:32.460 main < o.a.w.l.Aj.preProcess byte[5644]
14:10:32.524 [main] DEBUG org.aspectj.weaver.loadtime.Aj - 14:10:32.524 main > o.a.w.l.Aj.preProcess o.a.w.l.Aj@b9afc07 org/junit/platform/launcher/core/CompositeTestExecutionListener, byte[12530], j.i.l.ClassLoaders$AppClassLoader@3cd1a2f1
14:10:32.524 [main] DEBUG org.aspectj.weaver.loadtime.Aj - 14:10:32.524 main - o.a.w.l.Aj.preProcess o.a.w.l.Aj@b9afc07 j.i.l.ClassLoaders$PlatformClassLoader@1ad282e0, j.i.l.ClassLoaders$AppClassLoader@3cd1a2f1
14:10:32.524 [main] DEBUG o.a.weaver.tools.WeavingAdaptor - 14:10:32.524 main > o.a.w.t.WeavingAdaptor.weaveClass o.a.w.l.ClassLoaderWeavingAdaptor@140e5a13 org/junit/platform/launcher/core/CompositeTestExecutionListener, byte[12530]
14:10:32.524 [main] DEBUG org.aspectj.weaver.bcel.BcelWeaver - 14:10:32.524 main > o.a.w.b.BcelWeaver.weave o.a.w.b.BcelWeaver@48524010 o.a.w.t.WeavingAdaptor$WeavingClassFileProvider@62628e78
14:10:32.525 [main] DEBUG org.aspectj.weaver.bcel.BcelWeaver - 14:10:32.524 main > o.a.w.b.BcelWeaver.weaveAndNotify o.a.w.b.BcelWeaver@48524010 o.a.w.b.UnwovenClassFile@44841b43, o.a.w.b.BcelObjectType@7c75db8b, o.a.w.t.WeavingAdaptor$WeavingClassFileProvider$1@4ab550d5
14:10:32.526 [main] DEBUG org.aspectj.weaver.bcel.BcelWorld - 14:10:32.526 main - o.a.w.b.BcelWorld.lookupJavaClass o.a.w.l.LTWWorld@2b4a2ec7 org.junit.platform.engine.TestExecutionResult, o.a.a.b.c.JavaClass@327bcebd
14:10:32.526 [main] DEBUG org.aspectj.weaver.bcel.BcelWorld - 14:10:32.526 main - o.a.w.b.BcelWorld.lookupJavaClass o.a.w.l.LTWWorld@2b4a2ec7 org.junit.platform.engine.reporting.ReportEntry, o.a.a.b.c.JavaClass@68702e03
14:10:32.526 [main] DEBUG org.aspectj.weaver.bcel.BcelWorld - 14:10:32.526 main - o.a.w.b.BcelWorld.lookupJavaClass o.a.w.l.LTWWorld@2b4a2ec7 java.util.function.Consumer, o.a.a.b.c.JavaClass@58e85c6f
14:10:32.526 [main] DEBUG org.aspectj.weaver.bcel.BcelWorld - 14:10:32.526 main - o.a.w.b.BcelWorld.lookupJavaClass o.a.w.l.LTWWorld@2b4a2ec7 java.util.function.Supplier, o.a.a.b.c.JavaClass@68dc098b
14:10:32.529 [main] DEBUG org.aspectj.weaver.bcel.BcelWorld - 14:10:32.529 main - o.a.w.b.BcelWorld.lookupJavaClass o.a.w.l.LTWWorld@2b4a2ec7 org.junit.platform.launcher.core.CompositeTestExecutionListener$EagerTestExecutionListener, o.a.a.b.c.JavaClass@468be356
14:10:32.529 [main] DEBUG org.aspectj.weaver.bcel.BcelWeaver - 14:10:32.529 main < o.a.w.b.BcelWeaver.weaveAndNotify
14:10:32.530 [main] DEBUG org.aspectj.weaver.bcel.BcelWeaver - 14:10:32.530 main < o.a.w.b.BcelWeaver.weave java.util.ArrayList(1)
14:10:32.530 [main] DEBUG o.a.weaver.tools.WeavingAdaptor - 14:10:32.530 main < o.a.w.t.WeavingAdaptor.weaveClass byte[12530]
14:10:32.530 [main] DEBUG org.aspectj.weaver.Dump - 14:10:32.530 main > o.a.w.Dump.dumpOnExit o.a.w.t.WeavingAdaptor$WeavingAdaptorMessageHolder@6a6afff2
14:10:32.530 [main] DEBUG org.aspectj.weaver.Dump - 14:10:32.530 main > o.a.w.Dump.shouldDumpOnExit o.a.w.t.WeavingAdaptor$WeavingAdaptorMessageHolder@6a6afff2
14:10:32.530 [main] DEBUG org.aspectj.weaver.Dump - 14:10:32.530 main - o.a.w.Dump.shouldDumpOnExit abort
14:10:32.530 [main] DEBUG org.aspectj.weaver.Dump - 14:10:32.530 main < o.a.w.Dump.shouldDumpOnExit false
14:10:32.530 [main] DEBUG org.aspectj.weaver.Dump - 14:10:32.530 main < o.a.w.Dump.dumpOnExit Excluded
14:10:32.530 [main] DEBUG org.aspectj.weaver.loadtime.Aj - 14:10:32.530 main < o.a.w.l.Aj.preProcess byte[12530]
14:10:32.535 [main] DEBUG org.aspectj.weaver.loadtime.Aj - 14:10:32.534 main > o.a.w.l.Aj.preProcess o.a.w.l.Aj@b9afc07 org/junit/platform/launcher/core/EngineExecutionOrchestrator, byte[9740], j.i.l.ClassLoaders$AppClassLoader@3cd1a2f1
14:10:32.535 [main] DEBUG org.aspectj.weaver.loadtime.Aj - 14:10:32.535 main - o.a.w.l.Aj.preProcess o.a.w.l.Aj@b9afc07 j.i.l.ClassLoaders$PlatformClassLoader@1ad282e0, j.i.l.ClassLoaders$AppClassLoader@3cd1a2f1
14:10:32.535 [main] DEBUG o.a.weaver.tools.WeavingAdaptor - 14:10:32.535 main > o.a.w.t.WeavingAdaptor.weaveClass o.a.w.l.ClassLoaderWeavingAdaptor@140e5a13 org/junit/platform/launcher/core/EngineExecutionOrchestrator, byte[9740]
14:10:32.535 [main] DEBUG org.aspectj.weaver.bcel.BcelWeaver - 14:10:32.535 main > o.a.w.b.BcelWeaver.weave o.a.w.b.BcelWeaver@48524010 o.a.w.t.WeavingAdaptor$WeavingClassFileProvider@60acd609
14:10:32.535 [main] DEBUG org.aspectj.weaver.bcel.BcelWeaver - 14:10:32.535 main > o.a.w.b.BcelWeaver.weaveAndNotify o.a.w.b.BcelWeaver@48524010 o.a.w.b.UnwovenClassFile@65ec8b24, o.a.w.b.BcelObjectType@3f49e266, o.a.w.t.WeavingAdaptor$WeavingClassFileProvider$1@5f18f9d2
14:10:32.537 [main] DEBUG org.aspectj.weaver.bcel.BcelWorld - 14:10:32.537 main - o.a.w.b.BcelWorld.lookupJavaClass o.a.w.l.LTWWorld@2b4a2ec7 org.junit.platform.engine.EngineExecutionListener, o.a.a.b.c.JavaClass@7a1f8def
14:10:32.537 [main] DEBUG org.aspectj.weaver.bcel.BcelWorld - 14:10:32.537 main - o.a.w.b.BcelWorld.lookupJavaClass o.a.w.l.LTWWorld@2b4a2ec7 org.junit.platform.engine.TestEngine, o.a.a.b.c.JavaClass@36cda2c2
14:10:32.537 [main] DEBUG org.aspectj.weaver.bcel.BcelWeaver - 14:10:32.537 main < o.a.w.b.BcelWeaver.weaveAndNotify
14:10:32.537 [main] DEBUG org.aspectj.weaver.bcel.BcelWeaver - 14:10:32.537 main < o.a.w.b.BcelWeaver.weave java.util.ArrayList(1)
14:10:32.537 [main] DEBUG o.a.weaver.tools.WeavingAdaptor - 14:10:32.537 main < o.a.w.t.WeavingAdaptor.weaveClass byte[9740]
14:10:32.537 [main] DEBUG org.aspectj.weaver.Dump - 14:10:32.537 main > o.a.w.Dump.dumpOnExit o.a.w.t.WeavingAdaptor$WeavingAdaptorMessageHolder@6a6afff2
14:10:32.537 [main] DEBUG org.aspectj.weaver.Dump - 14:10:32.537 main > o.a.w.Dump.shouldDumpOnExit o.a.w.t.WeavingAdaptor$WeavingAdaptorMessageHolder@6a6afff2
14:10:32.537 [main] DEBUG org.aspectj.weaver.Dump - 14:10:32.537 main - o.a.w.Dump.shouldDumpOnExit abort
14:10:32.537 [main] DEBUG org.aspectj.weaver.Dump - 14:10:32.537 main < o.a.w.Dump.shouldDumpOnExit false
14:10:32.537 [main] DEBUG org.aspectj.weaver.Dump - 14:10:32.537 main < o.a.w.Dump.dumpOnExit Excluded
14:10:32.537 [main] DEBUG org.aspectj.weaver.loadtime.Aj - 14:10:32.537 main < o.a.w.l.Aj.preProcess byte[9740]
14:10:32.539 [main] DEBUG org.aspectj.weaver.loadtime.Aj - 14:10:32.539 main > o.a.w.l.Aj.preProcess o.a.w.l.Aj@b9afc07 org/junit/platform/engine/EngineExecutionListener, byte[1690], j.i.l.ClassLoaders$AppClassLoader@3cd1a2f1
14:10:32.539 [main] DEBUG org.aspectj.weaver.loadtime.Aj - 14:10:32.539 main - o.a.w.l.Aj.preProcess o.a.w.l.Aj@b9afc07 j.i.l.ClassLoaders$PlatformClassLoader@1ad282e0, j.i.l.ClassLoaders$AppClassLoader@3cd1a2f1
14:10:32.539 [main] DEBUG o.a.weaver.tools.WeavingAdaptor - 14:10:32.539 main > o.a.w.t.WeavingAdaptor.weaveClass o.a.w.l.ClassLoaderWeavingAdaptor@140e5a13 org/junit/platform/engine/EngineExecutionListener, byte[1690]
14:10:32.539 [main] DEBUG org.aspectj.weaver.bcel.BcelWeaver - 14:10:32.539 main > o.a.w.b.BcelWeaver.weave o.a.w.b.BcelWeaver@48524010 o.a.w.t.WeavingAdaptor$WeavingClassFileProvider@3ac8cf9b
14:10:32.540 [main] DEBUG org.aspectj.weaver.bcel.BcelWeaver - 14:10:32.539 main > o.a.w.b.BcelWeaver.weaveAndNotify o.a.w.b.BcelWeaver@48524010 o.a.w.b.UnwovenClassFile@55ec556, o.a.w.b.BcelObjectType@1b15f922, o.a.w.t.WeavingAdaptor$WeavingClassFileProvider$1@37ce3644
14:10:32.540 [main] DEBUG org.aspectj.weaver.bcel.BcelWeaver - 14:10:32.540 main < o.a.w.b.BcelWeaver.weaveAndNotify
14:10:32.540 [main] DEBUG org.aspectj.weaver.bcel.BcelWeaver - 14:10:32.540 main < o.a.w.b.BcelWeaver.weave java.util.ArrayList(1)
14:10:32.540 [main] DEBUG o.a.weaver.tools.WeavingAdaptor - 14:10:32.540 main < o.a.w.t.WeavingAdaptor.weaveClass byte[1690]
14:10:32.540 [main] DEBUG org.aspectj.weaver.Dump - 14:10:32.540 main > o.a.w.Dump.dumpOnExit o.a.w.t.WeavingAdaptor$WeavingAdaptorMessageHolder@6a6afff2
14:10:32.540 [main] DEBUG org.aspectj.weaver.Dump - 14:10:32.540 main > o.a.w.Dump.shouldDumpOnExit o.a.w.t.WeavingAdaptor$WeavingAdaptorMessageHolder@6a6afff2
14:10:32.540 [main] DEBUG org.aspectj.weaver.Dump - 14:10:32.540 main - o.a.w.Dump.shouldDumpOnExit abort
14:10:32.540 [main] DEBUG org.aspectj.weaver.Dump - 14:10:32.540 main < o.a.w.Dump.shouldDumpOnExit false
14:10:32.540 [main] DEBUG org.aspectj.weaver.Dump - 14:10:32.540 main < o.a.w.Dump.dumpOnExit Excluded
14:10:32.540 [main] DEBUG org.aspectj.weaver.loadtime.Aj - 14:10:32.540 main < o.a.w.l.Aj.preProcess byte[1690]
14:10:32.544 [main] DEBUG org.aspectj.weaver.loadtime.Aj - 14:10:32.544 main > o.a.w.l.Aj.preProcess o.a.w.l.Aj@b9afc07 org/junit/platform/launcher/core/EngineDiscoveryOrchestrator, byte[20716], j.i.l.ClassLoaders$AppClassLoader@3cd1a2f1
14:10:32.544 [main] DEBUG org.aspectj.weaver.loadtime.Aj - 14:10:32.544 main - o.a.w.l.Aj.preProcess o.a.w.l.Aj@b9afc07 j.i.l.ClassLoaders$PlatformClassLoader@1ad282e0, j.i.l.ClassLoaders$AppClassLoader@3cd1a2f1
14:10:32.544 [main] DEBUG o.a.weaver.tools.WeavingAdaptor - 14:10:32.544 main > o.a.w.t.WeavingAdaptor.weaveClass o.a.w.l.ClassLoaderWeavingAdaptor@140e5a13 org/junit/platform/launcher/core/EngineDiscoveryOrchestrator, byte[20716]
14:10:32.545 [main] DEBUG org.aspectj.weaver.bcel.BcelWeaver - 14:10:32.545 main > o.a.w.b.BcelWeaver.weave o.a.w.b.BcelWeaver@48524010 o.a.w.t.WeavingAdaptor$WeavingClassFileProvider@3533df16
14:10:32.545 [main] DEBUG org.aspectj.weaver.bcel.BcelWeaver - 14:10:32.545 main > o.a.w.b.BcelWeaver.weaveAndNotify o.a.w.b.BcelWeaver@48524010 o.a.w.b.UnwovenClassFile@15d0849, o.a.w.b.BcelObjectType@4038cd3a, o.a.w.t.WeavingAdaptor$WeavingClassFileProvider$1@14ac77b9
14:10:32.546 [main] DEBUG org.aspectj.weaver.bcel.BcelWorld - 14:10:32.546 main - o.a.w.b.BcelWorld.lookupJavaClass o.a.w.l.LTWWorld@2b4a2ec7 org.junit.platform.engine.FilterResult, o.a.a.b.c.JavaClass@7fbdb894
14:10:32.546 [main] DEBUG org.aspectj.weaver.bcel.BcelWorld - 14:10:32.546 main - o.a.w.b.BcelWorld.lookupJavaClass o.a.w.l.LTWWorld@2b4a2ec7 org.junit.platform.engine.Filter, o.a.a.b.c.JavaClass@147a5d08
14:10:32.548 [main] DEBUG org.aspectj.weaver.bcel.BcelWorld - 14:10:32.548 main - o.a.w.b.BcelWorld.lookupJavaClass o.a.w.l.LTWWorld@2b4a2ec7 org.junit.platform.launcher.EngineFilter, o.a.a.b.c.JavaClass@7e94d093
14:10:32.548 [main] DEBUG org.aspectj.weaver.bcel.BcelWeaver - 14:10:32.548 main < o.a.w.b.BcelWeaver.weaveAndNotify
14:10:32.548 [main] DEBUG org.aspectj.weaver.bcel.BcelWeaver - 14:10:32.548 main < o.a.w.b.BcelWeaver.weave java.util.ArrayList(1)
14:10:32.548 [main] DEBUG o.a.weaver.tools.WeavingAdaptor - 14:10:32.548 main < o.a.w.t.WeavingAdaptor.weaveClass byte[20716]
14:10:32.548 [main] DEBUG org.aspectj.weaver.Dump - 14:10:32.548 main > o.a.w.Dump.dumpOnExit o.a.w.t.WeavingAdaptor$WeavingAdaptorMessageHolder@6a6afff2
14:10:32.548 [main] DEBUG org.aspectj.weaver.Dump - 14:10:32.548 main > o.a.w.Dump.shouldDumpOnExit o.a.w.t.WeavingAdaptor$WeavingAdaptorMessageHolder@6a6afff2
14:10:32.548 [main] DEBUG org.aspectj.weaver.Dump - 14:10:32.548 main - o.a.w.Dump.shouldDumpOnExit abort
14:10:32.548 [main] DEBUG org.aspectj.weaver.Dump - 14:10:32.548 main < o.a.w.Dump.shouldDumpOnExit false
14:10:32.548 [main] DEBUG org.aspectj.weaver.Dump - 14:10:32.548 main < o.a.w.Dump.dumpOnExit Excluded
14:10:32.548 [main] DEBUG org.aspectj.weaver.loadtime.Aj - 14:10:32.548 main < o.a.w.l.Aj.preProcess byte[20716]
14:10:32.551 [main] DEBUG org.aspectj.weaver.loadtime.Aj - 14:10:32.551 main > o.a.w.l.Aj.preProcess o.a.w.l.Aj@b9afc07 org/junit/platform/launcher/core/EngineDiscoveryResultValidator, byte[3222], j.i.l.ClassLoaders$AppClassLoader@3cd1a2f1
14:10:32.551 [main] DEBUG org.aspectj.weaver.loadtime.Aj - 14:10:32.551 main - o.a.w.l.Aj.preProcess o.a.w.l.Aj@b9afc07 j.i.l.ClassLoaders$PlatformClassLoader@1ad282e0, j.i.l.ClassLoaders$AppClassLoader@3cd1a2f1
14:10:32.551 [main] DEBUG o.a.weaver.tools.WeavingAdaptor - 14:10:32.551 main > o.a.w.t.WeavingAdaptor.weaveClass o.a.w.l.ClassLoaderWeavingAdaptor@140e5a13 org/junit/platform/launcher/core/EngineDiscoveryResultValidator, byte[3222]
14:10:32.552 [main] DEBUG org.aspectj.weaver.bcel.BcelWeaver - 14:10:32.551 main > o.a.w.b.BcelWeaver.weave o.a.w.b.BcelWeaver@48524010 o.a.w.t.WeavingAdaptor$WeavingClassFileProvider@167279d1
14:10:32.552 [main] DEBUG org.aspectj.weaver.bcel.BcelWeaver - 14:10:32.552 main > o.a.w.b.BcelWeaver.weaveAndNotify o.a.w.b.BcelWeaver@48524010 o.a.w.b.UnwovenClassFile@138caeca, o.a.w.b.BcelObjectType@4d96250, o.a.w.t.WeavingAdaptor$WeavingClassFileProvider$1@9a6fbc0
14:10:32.552 [main] DEBUG org.aspectj.weaver.bcel.BcelWeaver - 14:10:32.552 main < o.a.w.b.BcelWeaver.weaveAndNotify
14:10:32.552 [main] DEBUG org.aspectj.weaver.bcel.BcelWeaver - 14:10:32.552 main < o.a.w.b.BcelWeaver.weave java.util.ArrayList(1)
14:10:32.552 [main] DEBUG o.a.weaver.tools.WeavingAdaptor - 14:10:32.552 main < o.a.w.t.WeavingAdaptor.weaveClass byte[3222]
14:10:32.552 [main] DEBUG org.aspectj.weaver.Dump - 14:10:32.552 main > o.a.w.Dump.dumpOnExit o.a.w.t.WeavingAdaptor$WeavingAdaptorMessageHolder@6a6afff2
14:10:32.552 [main] DEBUG org.aspectj.weaver.Dump - 14:10:32.552 main > o.a.w.Dump.shouldDumpOnExit o.a.w.t.WeavingAdaptor$WeavingAdaptorMessageHolder@6a6afff2
14:10:32.552 [main] DEBUG org.aspectj.weaver.Dump - 14:10:32.552 main - o.a.w.Dump.shouldDumpOnExit abort
14:10:32.552 [main] DEBUG org.aspectj.weaver.Dump - 14:10:32.552 main < o.a.w.Dump.shouldDumpOnExit false
14:10:32.552 [main] DEBUG org.aspectj.weaver.Dump - 14:10:32.552 main < o.a.w.Dump.dumpOnExit Excluded
14:10:32.552 [main] DEBUG org.aspectj.weaver.loadtime.Aj - 14:10:32.552 main < o.a.w.l.Aj.preProcess byte[3222]
14:10:32.554 [main] DEBUG org.aspectj.weaver.loadtime.Aj - 14:10:32.554 main > o.a.w.l.Aj.preProcess o.a.w.l.Aj@b9afc07 org/junit/platform/launcher/core/EngineIdValidator, byte[3912], j.i.l.ClassLoaders$AppClassLoader@3cd1a2f1
14:10:32.554 [main] DEBUG org.aspectj.weaver.loadtime.Aj - 14:10:32.554 main - o.a.w.l.Aj.preProcess o.a.w.l.Aj@b9afc07 j.i.l.ClassLoaders$PlatformClassLoader@1ad282e0, j.i.l.ClassLoaders$AppClassLoader@3cd1a2f1
14:10:32.554 [main] DEBUG o.a.weaver.tools.WeavingAdaptor - 14:10:32.554 main > o.a.w.t.WeavingAdaptor.weaveClass o.a.w.l.ClassLoaderWeavingAdaptor@140e5a13 org/junit/platform/launcher/core/EngineIdValidator, byte[3912]
14:10:32.555 [main] DEBUG org.aspectj.weaver.bcel.BcelWeaver - 14:10:32.554 main > o.a.w.b.BcelWeaver.weave o.a.w.b.BcelWeaver@48524010 o.a.w.t.WeavingAdaptor$WeavingClassFileProvider@1de6932a
14:10:32.555 [main] DEBUG org.aspectj.weaver.bcel.BcelWeaver - 14:10:32.555 main > o.a.w.b.BcelWeaver.weaveAndNotify o.a.w.b.BcelWeaver@48524010 o.a.w.b.UnwovenClassFile@14dc3f89, o.a.w.b.BcelObjectType@1706a5c9, o.a.w.t.WeavingAdaptor$WeavingClassFileProvider$1@64412d34
14:10:32.555 [main] DEBUG org.aspectj.weaver.bcel.BcelWeaver - 14:10:32.555 main < o.a.w.b.BcelWeaver.weaveAndNotify
14:10:32.555 [main] DEBUG org.aspectj.weaver.bcel.BcelWeaver - 14:10:32.555 main < o.a.w.b.BcelWeaver.weave java.util.ArrayList(1)
14:10:32.555 [main] DEBUG o.a.weaver.tools.WeavingAdaptor - 14:10:32.555 main < o.a.w.t.WeavingAdaptor.weaveClass byte[3912]
14:10:32.555 [main] DEBUG org.aspectj.weaver.Dump - 14:10:32.555 main > o.a.w.Dump.dumpOnExit o.a.w.t.WeavingAdaptor$WeavingAdaptorMessageHolder@6a6afff2
14:10:32.556 [main] DEBUG org.aspectj.weaver.Dump - 14:10:32.555 main > o.a.w.Dump.shouldDumpOnExit o.a.w.t.WeavingAdaptor$WeavingAdaptorMessageHolder@6a6afff2
14:10:32.556 [main] DEBUG org.aspectj.weaver.Dump - 14:10:32.556 main - o.a.w.Dump.shouldDumpOnExit abort
14:10:32.556 [main] DEBUG org.aspectj.weaver.Dump - 14:10:32.556 main < o.a.w.Dump.shouldDumpOnExit false
14:10:32.556 [main] DEBUG org.aspectj.weaver.Dump - 14:10:32.556 main < o.a.w.Dump.dumpOnExit Excluded
14:10:32.556 [main] DEBUG org.aspectj.weaver.loadtime.Aj - 14:10:32.556 main < o.a.w.l.Aj.preProcess byte[3912]
14:10:32.567 [main] DEBUG org.aspectj.weaver.loadtime.Aj - 14:10:32.566 main > o.a.w.l.Aj.preProcess o.a.w.l.Aj@b9afc07 org/junit/platform/commons/util/ClassNamePatternFilterUtils, byte[4819], j.i.l.ClassLoaders$AppClassLoader@3cd1a2f1
14:10:32.567 [main] DEBUG org.aspectj.weaver.loadtime.Aj - 14:10:32.567 main - o.a.w.l.Aj.preProcess o.a.w.l.Aj@b9afc07 j.i.l.ClassLoaders$PlatformClassLoader@1ad282e0, j.i.l.ClassLoaders$AppClassLoader@3cd1a2f1
14:10:32.567 [main] DEBUG o.a.weaver.tools.WeavingAdaptor - 14:10:32.567 main > o.a.w.t.WeavingAdaptor.weaveClass o.a.w.l.ClassLoaderWeavingAdaptor@140e5a13 org/junit/platform/commons/util/ClassNamePatternFilterUtils, byte[4819]
14:10:32.567 [main] DEBUG org.aspectj.weaver.bcel.BcelWeaver - 14:10:32.567 main > o.a.w.b.BcelWeaver.weave o.a.w.b.BcelWeaver@48524010 o.a.w.t.WeavingAdaptor$WeavingClassFileProvider@68c7ef83
14:10:32.567 [main] DEBUG org.aspectj.weaver.bcel.BcelWeaver - 14:10:32.567 main > o.a.w.b.BcelWeaver.weaveAndNotify o.a.w.b.BcelWeaver@48524010 o.a.w.b.UnwovenClassFile@6145b81e, o.a.w.b.BcelObjectType@64355120, o.a.w.t.WeavingAdaptor$WeavingClassFileProvider$1@64b7225f
14:10:32.568 [main] DEBUG org.aspectj.weaver.bcel.BcelWorld - 14:10:32.568 main - o.a.w.b.BcelWorld.lookupJavaClass o.a.w.l.LTWWorld@2b4a2ec7 java.util.regex.Pattern, o.a.a.b.c.JavaClass@16fdec90
14:10:32.568 [main] DEBUG org.aspectj.weaver.bcel.BcelWeaver - 14:10:32.568 main < o.a.w.b.BcelWeaver.weaveAndNotify
14:10:32.568 [main] DEBUG org.aspectj.weaver.bcel.BcelWeaver - 14:10:32.568 main < o.a.w.b.BcelWeaver.weave java.util.ArrayList(1)
14:10:32.568 [main] DEBUG o.a.weaver.tools.WeavingAdaptor - 14:10:32.568 main < o.a.w.t.WeavingAdaptor.weaveClass byte[4819]
14:10:32.568 [main] DEBUG org.aspectj.weaver.Dump - 14:10:32.568 main > o.a.w.Dump.dumpOnExit o.a.w.t.WeavingAdaptor$WeavingAdaptorMessageHolder@6a6afff2
14:10:32.568 [main] DEBUG org.aspectj.weaver.Dump - 14:10:32.568 main > o.a.w.Dump.shouldDumpOnExit o.a.w.t.WeavingAdaptor$WeavingAdaptorMessageHolder@6a6afff2
14:10:32.568 [main] DEBUG org.aspectj.weaver.Dump - 14:10:32.568 main - o.a.w.Dump.shouldDumpOnExit abort
14:10:32.569 [main] DEBUG org.aspectj.weaver.Dump - 14:10:32.569 main < o.a.w.Dump.shouldDumpOnExit false
14:10:32.569 [main] DEBUG org.aspectj.weaver.Dump - 14:10:32.569 main < o.a.w.Dump.dumpOnExit Excluded
14:10:32.569 [main] DEBUG org.aspectj.weaver.loadtime.Aj - 14:10:32.569 main < o.a.w.l.Aj.preProcess byte[4819]
14:10:32.582 [main] DEBUG org.aspectj.weaver.loadtime.Aj - 14:10:32.582 main > o.a.w.l.Aj.preProcess o.a.w.l.Aj@b9afc07 io/qameta/allure/junitplatform/AllureJunitPlatform, byte[32111], j.i.l.ClassLoaders$AppClassLoader@3cd1a2f1
14:10:32.582 [main] DEBUG org.aspectj.weaver.loadtime.Aj - 14:10:32.582 main - o.a.w.l.Aj.preProcess o.a.w.l.Aj@b9afc07 j.i.l.ClassLoaders$PlatformClassLoader@1ad282e0, j.i.l.ClassLoaders$AppClassLoader@3cd1a2f1
14:10:32.582 [main] DEBUG o.a.weaver.tools.WeavingAdaptor - 14:10:32.582 main > o.a.w.t.WeavingAdaptor.weaveClass o.a.w.l.ClassLoaderWeavingAdaptor@140e5a13 io/qameta/allure/junitplatform/AllureJunitPlatform, byte[32111]
14:10:32.583 [main] DEBUG org.aspectj.weaver.bcel.BcelWeaver - 14:10:32.583 main > o.a.w.b.BcelWeaver.weave o.a.w.b.BcelWeaver@48524010 o.a.w.t.WeavingAdaptor$WeavingClassFileProvider@7c84195
14:10:32.584 [main] DEBUG org.aspectj.weaver.bcel.BcelWeaver - 14:10:32.583 main > o.a.w.b.BcelWeaver.weaveAndNotify o.a.w.b.BcelWeaver@48524010 o.a.w.b.UnwovenClassFile@552ed807, o.a.w.b.BcelObjectType@3971f0fe, o.a.w.t.WeavingAdaptor$WeavingClassFileProvider$1@23940f86
14:10:32.587 [main] DEBUG org.aspectj.weaver.bcel.BcelWorld - 14:10:32.587 main - o.a.w.b.BcelWorld.lookupJavaClass o.a.w.l.LTWWorld@2b4a2ec7 io.qameta.allure.AllureLifecycle, o.a.a.b.c.JavaClass@3f1ddac2
14:10:32.588 [main] DEBUG org.aspectj.weaver.bcel.BcelWorld - 14:10:32.588 main - o.a.w.b.BcelWorld.lookupJavaClass o.a.w.l.LTWWorld@2b4a2ec7 io.qameta.allure.model.Status, o.a.a.b.c.JavaClass@661c46bc
14:10:32.590 [main] DEBUG org.aspectj.weaver.bcel.BcelWorld - 14:10:32.590 main - o.a.w.b.BcelWorld.lookupJavaClass o.a.w.l.LTWWorld@2b4a2ec7 io.qameta.allure.model.StatusDetails, o.a.a.b.c.JavaClass@540b0448
14:10:32.590 [main] DEBUG org.aspectj.weaver.bcel.BcelWorld - 14:10:32.590 main - o.a.w.b.BcelWorld.lookupJavaClass o.a.w.l.LTWWorld@2b4a2ec7 java.lang.reflect.AnnotatedElement, o.a.a.b.c.JavaClass@347bdeef
14:10:32.590 [main] DEBUG org.aspectj.weaver.bcel.BcelWorld - 14:10:32.590 main - o.a.w.b.BcelWorld.lookupJavaClass o.a.w.l.LTWWorld@2b4a2ec7 java.util.stream.Stream, o.a.a.b.c.JavaClass@19c65cdc
14:10:32.591 [main] DEBUG org.aspectj.weaver.bcel.BcelWorld - 14:10:32.591 main - o.a.w.b.BcelWorld.lookupJavaClass o.a.w.l.LTWWorld@2b4a2ec7 org.junit.platform.engine.TestSource, o.a.a.b.c.JavaClass@3b95d13c
14:10:32.592 [main] DEBUG org.aspectj.weaver.bcel.BcelWorld - 14:10:32.591 main - o.a.w.b.BcelWorld.lookupJavaClass o.a.w.l.LTWWorld@2b4a2ec7 io.qameta.allure.model.Label, o.a.a.b.c.JavaClass@4983159f
14:10:32.593 [main] DEBUG org.aspectj.weaver.bcel.BcelWorld - 14:10:32.593 main - o.a.w.b.BcelWorld.lookupJavaClass o.a.w.l.LTWWorld@2b4a2ec7 io.qameta.allure.model.TestResult, o.a.a.b.c.JavaClass@7308ffff
14:10:32.594 [main] DEBUG org.aspectj.weaver.bcel.BcelWorld - 14:10:32.594 main - o.a.w.b.BcelWorld.lookupJavaClass o.a.w.l.LTWWorld@2b4a2ec7 io.qameta.allure.model.FixtureResult, o.a.a.b.c.JavaClass@63716833
14:10:32.595 [main] DEBUG org.aspectj.weaver.bcel.BcelWorld - 14:10:32.595 main - o.a.w.b.BcelWorld.lookupJavaClass o.a.w.l.LTWWorld@2b4a2ec7 io.qameta.allure.model.TestResultContainer, o.a.a.b.c.JavaClass@23f72d88
14:10:32.601 [main] DEBUG org.aspectj.weaver.bcel.BcelWorld - 14:10:32.601 main - o.a.w.b.BcelWorld.lookupJavaClass o.a.w.l.LTWWorld@2b4a2ec7 io.qameta.allure.model.Parameter, o.a.a.b.c.JavaClass@4a7a965d
14:10:32.602 [main] DEBUG org.aspectj.weaver.bcel.BcelWorld - 14:10:32.602 main - o.a.w.b.BcelWorld.lookupJavaClass o.a.w.l.LTWWorld@2b4a2ec7 io.qameta.allure.model.Parameter$Mode, o.a.a.b.c.JavaClass@365a6a43
14:10:32.602 [main] DEBUG org.aspectj.weaver.bcel.BcelWeaver - 14:10:32.602 main < o.a.w.b.BcelWeaver.weaveAndNotify
14:10:32.617 [main] DEBUG org.aspectj.weaver.bcel.BcelWeaver - 14:10:32.617 main < o.a.w.b.BcelWeaver.weave java.util.ArrayList(1)
14:10:32.617 [main] DEBUG o.a.weaver.tools.WeavingAdaptor - 14:10:32.617 main < o.a.w.t.WeavingAdaptor.weaveClass byte[32111]
14:10:32.617 [main] DEBUG org.aspectj.weaver.Dump - 14:10:32.617 main > o.a.w.Dump.dumpOnExit o.a.w.t.WeavingAdaptor$WeavingAdaptorMessageHolder@6a6afff2
14:10:32.617 [main] DEBUG org.aspectj.weaver.Dump - 14:10:32.617 main > o.a.w.Dump.shouldDumpOnExit o.a.w.t.WeavingAdaptor$WeavingAdaptorMessageHolder@6a6afff2
14:10:32.617 [main] DEBUG org.aspectj.weaver.Dump - 14:10:32.617 main - o.a.w.Dump.shouldDumpOnExit abort
14:10:32.617 [main] DEBUG org.aspectj.weaver.Dump - 14:10:32.617 main < o.a.w.Dump.shouldDumpOnExit false
14:10:32.617 [main] DEBUG org.aspectj.weaver.Dump - 14:10:32.617 main < o.a.w.Dump.dumpOnExit Excluded
14:10:32.617 [main] DEBUG org.aspectj.weaver.loadtime.Aj - 14:10:32.617 main < o.a.w.l.Aj.preProcess byte[32111]
14:10:32.622 [main] DEBUG org.aspectj.weaver.loadtime.Aj - 14:10:32.622 main > o.a.w.l.Aj.preProcess o.a.w.l.Aj@b9afc07 io/qameta/allure/junitplatform/AllureJunitPlatform$1, byte[1136], j.i.l.ClassLoaders$AppClassLoader@3cd1a2f1
14:10:32.622 [main] DEBUG org.aspectj.weaver.loadtime.Aj - 14:10:32.622 main - o.a.w.l.Aj.preProcess o.a.w.l.Aj@b9afc07 j.i.l.ClassLoaders$PlatformClassLoader@1ad282e0, j.i.l.ClassLoaders$AppClassLoader@3cd1a2f1
14:10:32.623 [main] DEBUG o.a.weaver.tools.WeavingAdaptor - 14:10:32.622 main > o.a.w.t.WeavingAdaptor.weaveClass o.a.w.l.ClassLoaderWeavingAdaptor@140e5a13 io/qameta/allure/junitplatform/AllureJunitPlatform$1, byte[1136]
14:10:32.623 [main] DEBUG org.aspectj.weaver.bcel.BcelWeaver - 14:10:32.623 main > o.a.w.b.BcelWeaver.weave o.a.w.b.BcelWeaver@48524010 o.a.w.t.WeavingAdaptor$WeavingClassFileProvider@226eba67
14:10:32.624 [main] DEBUG org.aspectj.weaver.bcel.BcelWorld - 14:10:32.624 main - o.a.w.b.BcelWorld.lookupJavaClass o.a.w.l.LTWWorld@2b4a2ec7 java.lang.InheritableThreadLocal, o.a.a.b.c.JavaClass@1cb7936c
14:10:32.624 [main] DEBUG org.aspectj.weaver.bcel.BcelWeaver - 14:10:32.624 main > o.a.w.b.BcelWeaver.weaveAndNotify o.a.w.b.BcelWeaver@48524010 o.a.w.b.UnwovenClassFile@35342d2f, o.a.w.b.BcelObjectType@128c502c, o.a.w.t.WeavingAdaptor$WeavingClassFileProvider$1@45667d98
14:10:32.626 [main] DEBUG org.aspectj.weaver.bcel.BcelWorld - 14:10:32.626 main - o.a.w.b.BcelWorld.lookupJavaClass o.a.w.l.LTWWorld@2b4a2ec7 java.lang.ThreadLocal, o.a.a.b.c.JavaClass@65eabaab
14:10:32.629 [main] DEBUG org.aspectj.weaver.bcel.BcelWorld - 14:10:32.628 main - o.a.w.b.BcelWorld.lookupJavaClass o.a.w.l.LTWWorld@2b4a2ec7 io.qameta.allure.junitplatform.AllureJunitPlatform$Uuids, o.a.a.b.c.JavaClass@47ad69f7
14:10:32.629 [main] DEBUG org.aspectj.weaver.bcel.BcelWeaver - 14:10:32.629 main < o.a.w.b.BcelWeaver.weaveAndNotify
14:10:32.629 [main] DEBUG org.aspectj.weaver.bcel.BcelWeaver - 14:10:32.629 main < o.a.w.b.BcelWeaver.weave java.util.ArrayList(1)
14:10:32.629 [main] DEBUG o.a.weaver.tools.WeavingAdaptor - 14:10:32.629 main < o.a.w.t.WeavingAdaptor.weaveClass byte[1136]
14:10:32.629 [main] DEBUG org.aspectj.weaver.Dump - 14:10:32.629 main > o.a.w.Dump.dumpOnExit o.a.w.t.WeavingAdaptor$WeavingAdaptorMessageHolder@6a6afff2
14:10:32.629 [main] DEBUG org.aspectj.weaver.Dump - 14:10:32.629 main > o.a.w.Dump.shouldDumpOnExit o.a.w.t.WeavingAdaptor$WeavingAdaptorMessageHolder@6a6afff2
14:10:32.629 [main] DEBUG org.aspectj.weaver.Dump - 14:10:32.629 main - o.a.w.Dump.shouldDumpOnExit abort
14:10:32.629 [main] DEBUG org.aspectj.weaver.Dump - 14:10:32.629 main < o.a.w.Dump.shouldDumpOnExit false
14:10:32.629 [main] DEBUG org.aspectj.weaver.Dump - 14:10:32.629 main < o.a.w.Dump.dumpOnExit Excluded
14:10:32.629 [main] DEBUG org.aspectj.weaver.loadtime.Aj - 14:10:32.629 main < o.a.w.l.Aj.preProcess byte[1136]
14:10:32.631 [main] DEBUG org.aspectj.weaver.loadtime.Aj - 14:10:32.631 main > o.a.w.l.Aj.preProcess o.a.w.l.Aj@b9afc07 io/qameta/allure/junitplatform/AllureJunitPlatform$2, byte[1202], j.i.l.ClassLoaders$AppClassLoader@3cd1a2f1
14:10:32.631 [main] DEBUG org.aspectj.weaver.loadtime.Aj - 14:10:32.631 main - o.a.w.l.Aj.preProcess o.a.w.l.Aj@b9afc07 j.i.l.ClassLoaders$PlatformClassLoader@1ad282e0, j.i.l.ClassLoaders$AppClassLoader@3cd1a2f1
14:10:32.631 [main] DEBUG o.a.weaver.tools.WeavingAdaptor - 14:10:32.631 main > o.a.w.t.WeavingAdaptor.weaveClass o.a.w.l.ClassLoaderWeavingAdaptor@140e5a13 io/qameta/allure/junitplatform/AllureJunitPlatform$2, byte[1202]
14:10:32.631 [main] DEBUG org.aspectj.weaver.bcel.BcelWeaver - 14:10:32.631 main > o.a.w.b.BcelWeaver.weave o.a.w.b.BcelWeaver@48524010 o.a.w.t.WeavingAdaptor$WeavingClassFileProvider@100c567f
14:10:32.632 [main] DEBUG org.aspectj.weaver.bcel.BcelWeaver - 14:10:32.631 main > o.a.w.b.BcelWeaver.weaveAndNotify o.a.w.b.BcelWeaver@48524010 o.a.w.b.UnwovenClassFile@30c0d731, o.a.w.b.BcelObjectType@6d5037a9, o.a.w.t.WeavingAdaptor$WeavingClassFileProvider$1@422b8438
14:10:32.633 [main] DEBUG org.aspectj.weaver.bcel.BcelWeaver - 14:10:32.632 main < o.a.w.b.BcelWeaver.weaveAndNotify
14:10:32.633 [main] DEBUG org.aspectj.weaver.bcel.BcelWeaver - 14:10:32.633 main < o.a.w.b.BcelWeaver.weave java.util.ArrayList(1)
14:10:32.633 [main] DEBUG o.a.weaver.tools.WeavingAdaptor - 14:10:32.633 main < o.a.w.t.WeavingAdaptor.weaveClass byte[1202]
14:10:32.633 [main] DEBUG org.aspectj.weaver.Dump - 14:10:32.633 main > o.a.w.Dump.dumpOnExit o.a.w.t.WeavingAdaptor$WeavingAdaptorMessageHolder@6a6afff2
14:10:32.633 [main] DEBUG org.aspectj.weaver.Dump - 14:10:32.633 main > o.a.w.Dump.shouldDumpOnExit o.a.w.t.WeavingAdaptor$WeavingAdaptorMessageHolder@6a6afff2
14:10:32.633 [main] DEBUG org.aspectj.weaver.Dump - 14:10:32.633 main - o.a.w.Dump.shouldDumpOnExit abort
14:10:32.633 [main] DEBUG org.aspectj.weaver.Dump - 14:10:32.633 main < o.a.w.Dump.shouldDumpOnExit false
14:10:32.633 [main] DEBUG org.aspectj.weaver.Dump - 14:10:32.633 main < o.a.w.Dump.dumpOnExit Excluded
14:10:32.633 [main] DEBUG org.aspectj.weaver.loadtime.Aj - 14:10:32.633 main < o.a.w.l.Aj.preProcess byte[1202]
14:10:32.635 [main] DEBUG org.aspectj.weaver.loadtime.Aj - 14:10:32.635 main > o.a.w.l.Aj.preProcess o.a.w.l.Aj@b9afc07 io/qameta/allure/AllureLifecycle, byte[20679], j.i.l.ClassLoaders$AppClassLoader@3cd1a2f1
14:10:32.635 [main] DEBUG org.aspectj.weaver.loadtime.Aj - 14:10:32.635 main - o.a.w.l.Aj.preProcess o.a.w.l.Aj@b9afc07 j.i.l.ClassLoaders$PlatformClassLoader@1ad282e0, j.i.l.ClassLoaders$AppClassLoader@3cd1a2f1
14:10:32.635 [main] DEBUG o.a.weaver.tools.WeavingAdaptor - 14:10:32.635 main > o.a.w.t.WeavingAdaptor.weaveClass o.a.w.l.ClassLoaderWeavingAdaptor@140e5a13 io/qameta/allure/AllureLifecycle, byte[20679]
14:10:32.636 [main] DEBUG org.aspectj.weaver.bcel.BcelWeaver - 14:10:32.636 main > o.a.w.b.BcelWeaver.weave o.a.w.b.BcelWeaver@48524010 o.a.w.t.WeavingAdaptor$WeavingClassFileProvider@70331432
14:10:32.636 [main] DEBUG org.aspectj.weaver.bcel.BcelWeaver - 14:10:32.636 main > o.a.w.b.BcelWeaver.weaveAndNotify o.a.w.b.BcelWeaver@48524010 o.a.w.b.UnwovenClassFile@3bbf9027, o.a.w.b.BcelObjectType@10c2064a, o.a.w.t.WeavingAdaptor$WeavingClassFileProvider$1@70e13fa
14:10:32.639 [main] DEBUG org.aspectj.weaver.bcel.BcelWorld - 14:10:32.639 main - o.a.w.b.BcelWorld.lookupJavaClass o.a.w.l.LTWWorld@2b4a2ec7 io.qameta.allure.model.StepResult, o.a.a.b.c.JavaClass@5432c277
14:10:32.639 [main] DEBUG org.aspectj.weaver.bcel.BcelWorld - 14:10:32.639 main - o.a.w.b.BcelWorld.lookupJavaClass o.a.w.l.LTWWorld@2b4a2ec7 java.io.InputStream, o.a.a.b.c.JavaClass@52102734
14:10:32.641 [main] DEBUG org.aspectj.weaver.bcel.BcelWorld - 14:10:32.640 main - o.a.w.b.BcelWorld.lookupJavaClass o.a.w.l.LTWWorld@2b4a2ec7 io.qameta.allure.FileSystemResultsWriter, o.a.a.b.c.JavaClass@6bf13698
14:10:32.643 [main] DEBUG org.aspectj.weaver.bcel.BcelWorld - 14:10:32.643 main - o.a.w.b.BcelWorld.lookupJavaClass o.a.w.l.LTWWorld@2b4a2ec7 io.qameta.allure.listener.LifecycleNotifier, o.a.a.b.c.JavaClass@69fa8e76
14:10:32.646 [main] DEBUG org.aspectj.weaver.bcel.BcelWorld - 14:10:32.646 main - o.a.w.b.BcelWorld.lookupJavaClass o.a.w.l.LTWWorld@2b4a2ec7 io.qameta.allure.model.Attachment, o.a.a.b.c.JavaClass@f446158
14:10:32.648 [main] DEBUG org.aspectj.weaver.bcel.BcelWorld - 14:10:32.648 main - o.a.w.b.BcelWorld.lookupJavaClass o.a.w.l.LTWWorld@2b4a2ec7 io.qameta.allure.model.WithAttachments, o.a.a.b.c.JavaClass@71f96dfb
14:10:32.649 [main] DEBUG org.aspectj.weaver.bcel.BcelWorld - 14:10:32.649 main - o.a.w.b.BcelWorld.lookupJavaClass o.a.w.l.LTWWorld@2b4a2ec7 io.qameta.allure.model.WithSteps, o.a.a.b.c.JavaClass@49a26d19
14:10:32.649 [main] DEBUG org.aspectj.weaver.bcel.BcelWeaver - 14:10:32.649 main < o.a.w.b.BcelWeaver.weaveAndNotify
14:10:32.649 [main] DEBUG org.aspectj.weaver.bcel.BcelWeaver - 14:10:32.649 main < o.a.w.b.BcelWeaver.weave java.util.ArrayList(1)
14:10:32.649 [main] DEBUG o.a.weaver.tools.WeavingAdaptor - 14:10:32.649 main < o.a.w.t.WeavingAdaptor.weaveClass byte[20679]
14:10:32.649 [main] DEBUG org.aspectj.weaver.Dump - 14:10:32.649 main > o.a.w.Dump.dumpOnExit o.a.w.t.WeavingAdaptor$WeavingAdaptorMessageHolder@6a6afff2
14:10:32.649 [main] DEBUG org.aspectj.weaver.Dump - 14:10:32.649 main > o.a.w.Dump.shouldDumpOnExit o.a.w.t.WeavingAdaptor$WeavingAdaptorMessageHolder@6a6afff2
14:10:32.649 [main] DEBUG org.aspectj.weaver.Dump - 14:10:32.649 main - o.a.w.Dump.shouldDumpOnExit abort
14:10:32.649 [main] DEBUG org.aspectj.weaver.Dump - 14:10:32.649 main < o.a.w.Dump.shouldDumpOnExit false
14:10:32.649 [main] DEBUG org.aspectj.weaver.Dump - 14:10:32.649 main < o.a.w.Dump.dumpOnExit Excluded
14:10:32.649 [main] DEBUG org.aspectj.weaver.loadtime.Aj - 14:10:32.649 main < o.a.w.l.Aj.preProcess byte[20679]
14:10:32.654 [main] DEBUG org.aspectj.weaver.loadtime.Aj - 14:10:32.654 main > o.a.w.l.Aj.preProcess o.a.w.l.Aj@b9afc07 io/qameta/allure/Allure, byte[18348], j.i.l.ClassLoaders$AppClassLoader@3cd1a2f1
14:10:32.655 [main] DEBUG org.aspectj.weaver.loadtime.Aj - 14:10:32.655 main - o.a.w.l.Aj.preProcess o.a.w.l.Aj@b9afc07 j.i.l.ClassLoaders$PlatformClassLoader@1ad282e0, j.i.l.ClassLoaders$AppClassLoader@3cd1a2f1
14:10:32.655 [main] DEBUG o.a.weaver.tools.WeavingAdaptor - 14:10:32.655 main > o.a.w.t.WeavingAdaptor.weaveClass o.a.w.l.ClassLoaderWeavingAdaptor@140e5a13 io/qameta/allure/Allure, byte[18348]
14:10:32.686 [main] DEBUG org.aspectj.weaver.bcel.BcelWeaver - 14:10:32.686 main > o.a.w.b.BcelWeaver.weave o.a.w.b.BcelWeaver@48524010 o.a.w.t.WeavingAdaptor$WeavingClassFileProvider@2babf189
14:10:32.687 [main] DEBUG org.aspectj.weaver.bcel.BcelWeaver - 14:10:32.686 main > o.a.w.b.BcelWeaver.weaveAndNotify o.a.w.b.BcelWeaver@48524010 o.a.w.b.UnwovenClassFile@479f2dc2, o.a.w.b.BcelObjectType@dab48d3, o.a.w.t.WeavingAdaptor$WeavingClassFileProvider$1@58a2b4c
14:10:32.688 [main] DEBUG org.aspectj.weaver.bcel.BcelWorld - 14:10:32.688 main - o.a.w.b.BcelWorld.lookupJavaClass o.a.w.l.LTWWorld@2b4a2ec7 io.qameta.allure.Allure$ThrowableRunnableVoid, o.a.a.b.c.JavaClass@4ca8dbfa
14:10:32.689 [main] DEBUG org.aspectj.weaver.bcel.BcelWorld - 14:10:32.689 main - o.a.w.b.BcelWorld.lookupJavaClass o.a.w.l.LTWWorld@2b4a2ec7 io.qameta.allure.Allure$ThrowableRunnable, o.a.a.b.c.JavaClass@76f856a8
14:10:32.690 [main] DEBUG org.aspectj.weaver.bcel.BcelWorld - 14:10:32.690 main - o.a.w.b.BcelWorld.lookupJavaClass o.a.w.l.LTWWorld@2b4a2ec7 io.qameta.allure.Allure$ThrowableContextRunnableVoid, o.a.a.b.c.JavaClass@1046498a
14:10:32.692 [main] DEBUG org.aspectj.weaver.bcel.BcelWorld - 14:10:32.692 main - o.a.w.b.BcelWorld.lookupJavaClass o.a.w.l.LTWWorld@2b4a2ec7 io.qameta.allure.Allure$ThrowableContextRunnable, o.a.a.b.c.JavaClass@1639f93a
14:10:32.694 [main] DEBUG org.aspectj.weaver.bcel.BcelWorld - 14:10:32.694 main - o.a.w.b.BcelWorld.lookupJavaClass o.a.w.l.LTWWorld@2b4a2ec7 io.qameta.allure.model.Link, o.a.a.b.c.JavaClass@409986fe
14:10:32.699 [main] DEBUG org.aspectj.weaver.bcel.BcelWorld - 14:10:32.699 main - o.a.w.b.BcelWorld.lookupJavaClass o.a.w.l.LTWWorld@2b4a2ec7 java.util.concurrent.CompletableFuture, o.a.a.b.c.JavaClass@19b047fe
14:10:32.701 [main] DEBUG org.aspectj.weaver.bcel.BcelWorld - 14:10:32.701 main - o.a.w.b.BcelWorld.lookupJavaClass o.a.w.l.LTWWorld@2b4a2ec7 io.qameta.allure.Allure$StepContext, o.a.a.b.c.JavaClass@5f780a86
14:10:32.701 [main] DEBUG org.aspectj.weaver.bcel.BcelWeaver - 14:10:32.701 main < o.a.w.b.BcelWeaver.weaveAndNotify
14:10:32.701 [main] DEBUG org.aspectj.weaver.bcel.BcelWeaver - 14:10:32.701 main < o.a.w.b.BcelWeaver.weave java.util.ArrayList(1)
14:10:32.701 [main] DEBUG o.a.weaver.tools.WeavingAdaptor - 14:10:32.701 main < o.a.w.t.WeavingAdaptor.weaveClass byte[18348]
14:10:32.701 [main] DEBUG org.aspectj.weaver.Dump - 14:10:32.701 main > o.a.w.Dump.dumpOnExit o.a.w.t.WeavingAdaptor$WeavingAdaptorMessageHolder@6a6afff2
14:10:32.701 [main] DEBUG org.aspectj.weaver.Dump - 14:10:32.701 main > o.a.w.Dump.shouldDumpOnExit o.a.w.t.WeavingAdaptor$WeavingAdaptorMessageHolder@6a6afff2
14:10:32.701 [main] DEBUG org.aspectj.weaver.Dump - 14:10:32.701 main - o.a.w.Dump.shouldDumpOnExit abort
14:10:32.701 [main] DEBUG org.aspectj.weaver.Dump - 14:10:32.701 main < o.a.w.Dump.shouldDumpOnExit false
14:10:32.701 [main] DEBUG org.aspectj.weaver.Dump - 14:10:32.701 main < o.a.w.Dump.dumpOnExit Excluded
14:10:32.701 [main] DEBUG org.aspectj.weaver.loadtime.Aj - 14:10:32.701 main < o.a.w.l.Aj.preProcess byte[18348]
14:10:32.706 [main] DEBUG org.aspectj.weaver.loadtime.Aj - 14:10:32.706 main > o.a.w.l.Aj.preProcess o.a.w.l.Aj@b9afc07 io/qameta/allure/AllureResultsWriter, byte[304], j.i.l.ClassLoaders$AppClassLoader@3cd1a2f1
14:10:32.706 [main] DEBUG org.aspectj.weaver.loadtime.Aj - 14:10:32.706 main - o.a.w.l.Aj.preProcess o.a.w.l.Aj@b9afc07 j.i.l.ClassLoaders$PlatformClassLoader@1ad282e0, j.i.l.ClassLoaders$AppClassLoader@3cd1a2f1
14:10:32.706 [main] DEBUG o.a.weaver.tools.WeavingAdaptor - 14:10:32.706 main > o.a.w.t.WeavingAdaptor.weaveClass o.a.w.l.ClassLoaderWeavingAdaptor@140e5a13 io/qameta/allure/AllureResultsWriter, byte[304]
14:10:32.706 [main] DEBUG org.aspectj.weaver.bcel.BcelWeaver - 14:10:32.706 main > o.a.w.b.BcelWeaver.weave o.a.w.b.BcelWeaver@48524010 o.a.w.t.WeavingAdaptor$WeavingClassFileProvider@48cd9a2c
14:10:32.708 [main] DEBUG org.aspectj.weaver.bcel.BcelWeaver - 14:10:32.708 main > o.a.w.b.BcelWeaver.weaveAndNotify o.a.w.b.BcelWeaver@48524010 o.a.w.b.UnwovenClassFile@771d1ffb, o.a.w.b.BcelObjectType@4f67e3df, o.a.w.t.WeavingAdaptor$WeavingClassFileProvider$1@56681eaf
14:10:32.708 [main] DEBUG org.aspectj.weaver.bcel.BcelWeaver - 14:10:32.708 main < o.a.w.b.BcelWeaver.weaveAndNotify
14:10:32.709 [main] DEBUG org.aspectj.weaver.bcel.BcelWeaver - 14:10:32.709 main < o.a.w.b.BcelWeaver.weave java.util.ArrayList(1)
14:10:32.709 [main] DEBUG o.a.weaver.tools.WeavingAdaptor - 14:10:32.709 main < o.a.w.t.WeavingAdaptor.weaveClass byte[304]
14:10:32.709 [main] DEBUG org.aspectj.weaver.Dump - 14:10:32.709 main > o.a.w.Dump.dumpOnExit o.a.w.t.WeavingAdaptor$WeavingAdaptorMessageHolder@6a6afff2
14:10:32.709 [main] DEBUG org.aspectj.weaver.Dump - 14:10:32.709 main > o.a.w.Dump.shouldDumpOnExit o.a.w.t.WeavingAdaptor$WeavingAdaptorMessageHolder@6a6afff2
14:10:32.709 [main] DEBUG org.aspectj.weaver.Dump - 14:10:32.709 main - o.a.w.Dump.shouldDumpOnExit abort
14:10:32.709 [main] DEBUG org.aspectj.weaver.Dump - 14:10:32.709 main < o.a.w.Dump.shouldDumpOnExit false
14:10:32.709 [main] DEBUG org.aspectj.weaver.Dump - 14:10:32.709 main < o.a.w.Dump.dumpOnExit Excluded
14:10:32.709 [main] DEBUG org.aspectj.weaver.loadtime.Aj - 14:10:32.709 main < o.a.w.l.Aj.preProcess byte[304]
14:10:32.714 [main] DEBUG org.aspectj.weaver.loadtime.Aj - 14:10:32.714 main > o.a.w.l.Aj.preProcess o.a.w.l.Aj@b9afc07 io/qameta/allure/util/PropertiesUtils, byte[2141], j.i.l.ClassLoaders$AppClassLoader@3cd1a2f1
14:10:32.715 [main] DEBUG org.aspectj.weaver.loadtime.Aj - 14:10:32.715 main - o.a.w.l.Aj.preProcess o.a.w.l.Aj@b9afc07 j.i.l.ClassLoaders$PlatformClassLoader@1ad282e0, j.i.l.ClassLoaders$AppClassLoader@3cd1a2f1
14:10:32.715 [main] DEBUG o.a.weaver.tools.WeavingAdaptor - 14:10:32.715 main > o.a.w.t.WeavingAdaptor.weaveClass o.a.w.l.ClassLoaderWeavingAdaptor@140e5a13 io/qameta/allure/util/PropertiesUtils, byte[2141]
14:10:32.715 [main] DEBUG org.aspectj.weaver.bcel.BcelWeaver - 14:10:32.715 main > o.a.w.b.BcelWeaver.weave o.a.w.b.BcelWeaver@48524010 o.a.w.t.WeavingAdaptor$WeavingClassFileProvider@b2f4ece
14:10:32.716 [main] DEBUG org.aspectj.weaver.bcel.BcelWeaver - 14:10:32.715 main > o.a.w.b.BcelWeaver.weaveAndNotify o.a.w.b.BcelWeaver@48524010 o.a.w.b.UnwovenClassFile@7e1f584d, o.a.w.b.BcelObjectType@7dff6d05, o.a.w.t.WeavingAdaptor$WeavingClassFileProvider$1@45d64d27
14:10:32.716 [main] DEBUG org.aspectj.weaver.bcel.BcelWorld - 14:10:32.716 main - o.a.w.b.BcelWorld.lookupJavaClass o.a.w.l.LTWWorld@2b4a2ec7 java.util.Properties, o.a.a.b.c.JavaClass@27ff5d15
14:10:32.716 [main] DEBUG org.aspectj.weaver.bcel.BcelWeaver - 14:10:32.716 main < o.a.w.b.BcelWeaver.weaveAndNotify
14:10:32.716 [main] DEBUG org.aspectj.weaver.bcel.BcelWeaver - 14:10:32.716 main < o.a.w.b.BcelWeaver.weave java.util.ArrayList(1)
14:10:32.716 [main] DEBUG o.a.weaver.tools.WeavingAdaptor - 14:10:32.716 main < o.a.w.t.WeavingAdaptor.weaveClass byte[2141]
14:10:32.717 [main] DEBUG org.aspectj.weaver.Dump - 14:10:32.716 main > o.a.w.Dump.dumpOnExit o.a.w.t.WeavingAdaptor$WeavingAdaptorMessageHolder@6a6afff2
14:10:32.717 [main] DEBUG org.aspectj.weaver.Dump - 14:10:32.717 main > o.a.w.Dump.shouldDumpOnExit o.a.w.t.WeavingAdaptor$WeavingAdaptorMessageHolder@6a6afff2
14:10:32.717 [main] DEBUG org.aspectj.weaver.Dump - 14:10:32.717 main - o.a.w.Dump.shouldDumpOnExit abort
14:10:32.717 [main] DEBUG org.aspectj.weaver.Dump - 14:10:32.717 main < o.a.w.Dump.shouldDumpOnExit false
14:10:32.717 [main] DEBUG org.aspectj.weaver.Dump - 14:10:32.717 main < o.a.w.Dump.dumpOnExit Excluded
14:10:32.717 [main] DEBUG org.aspectj.weaver.loadtime.Aj - 14:10:32.717 main < o.a.w.l.Aj.preProcess byte[2141]
14:10:32.719 [main] DEBUG org.aspectj.weaver.loadtime.Aj - 14:10:32.719 main > o.a.w.l.Aj.preProcess o.a.w.l.Aj@b9afc07 io/qameta/allure/FileSystemResultsWriter, byte[4099], j.i.l.ClassLoaders$AppClassLoader@3cd1a2f1
14:10:32.719 [main] DEBUG org.aspectj.weaver.loadtime.Aj - 14:10:32.719 main - o.a.w.l.Aj.preProcess o.a.w.l.Aj@b9afc07 j.i.l.ClassLoaders$PlatformClassLoader@1ad282e0, j.i.l.ClassLoaders$AppClassLoader@3cd1a2f1
14:10:32.720 [main] DEBUG o.a.weaver.tools.WeavingAdaptor - 14:10:32.720 main > o.a.w.t.WeavingAdaptor.weaveClass o.a.w.l.ClassLoaderWeavingAdaptor@140e5a13 io/qameta/allure/FileSystemResultsWriter, byte[4099]
14:10:32.720 [main] DEBUG org.aspectj.weaver.bcel.BcelWeaver - 14:10:32.720 main > o.a.w.b.BcelWeaver.weave o.a.w.b.BcelWeaver@48524010 o.a.w.t.WeavingAdaptor$WeavingClassFileProvider@a33b4e3
14:10:32.720 [main] DEBUG org.aspectj.weaver.bcel.BcelWeaver - 14:10:32.720 main > o.a.w.b.BcelWeaver.weaveAndNotify o.a.w.b.BcelWeaver@48524010 o.a.w.b.UnwovenClassFile@c6da8bb, o.a.w.b.BcelObjectType@3bae64d0, o.a.w.t.WeavingAdaptor$WeavingClassFileProvider$1@8b91134
14:10:32.721 [main] DEBUG org.aspectj.weaver.bcel.BcelWorld - 14:10:32.720 main - o.a.w.b.BcelWorld.lookupJavaClass o.a.w.l.LTWWorld@2b4a2ec7 java.nio.file.Path, o.a.a.b.c.JavaClass@47f9738
14:10:32.721 [main] DEBUG org.aspectj.weaver.bcel.BcelWeaver - 14:10:32.721 main < o.a.w.b.BcelWeaver.weaveAndNotify
14:10:32.721 [main] DEBUG org.aspectj.weaver.bcel.BcelWeaver - 14:10:32.721 main < o.a.w.b.BcelWeaver.weave java.util.ArrayList(1)
14:10:32.721 [main] DEBUG o.a.weaver.tools.WeavingAdaptor - 14:10:32.721 main < o.a.w.t.WeavingAdaptor.weaveClass byte[4099]
14:10:32.721 [main] DEBUG org.aspectj.weaver.Dump - 14:10:32.721 main > o.a.w.Dump.dumpOnExit o.a.w.t.WeavingAdaptor$WeavingAdaptorMessageHolder@6a6afff2
14:10:32.721 [main] DEBUG org.aspectj.weaver.Dump - 14:10:32.721 main > o.a.w.Dump.shouldDumpOnExit o.a.w.t.WeavingAdaptor$WeavingAdaptorMessageHolder@6a6afff2
14:10:32.721 [main] DEBUG org.aspectj.weaver.Dump - 14:10:32.721 main - o.a.w.Dump.shouldDumpOnExit abort
14:10:32.721 [main] DEBUG org.aspectj.weaver.Dump - 14:10:32.721 main < o.a.w.Dump.shouldDumpOnExit false
14:10:32.722 [main] DEBUG org.aspectj.weaver.Dump - 14:10:32.722 main < o.a.w.Dump.dumpOnExit Excluded
14:10:32.722 [main] DEBUG org.aspectj.weaver.loadtime.Aj - 14:10:32.722 main < o.a.w.l.Aj.preProcess byte[4099]
14:10:32.724 [main] DEBUG org.aspectj.weaver.loadtime.Aj - 14:10:32.723 main > o.a.w.l.Aj.preProcess o.a.w.l.Aj@b9afc07 io/qameta/allure/AllureResultsWriteException, byte[478], j.i.l.ClassLoaders$AppClassLoader@3cd1a2f1
14:10:32.724 [main] DEBUG org.aspectj.weaver.loadtime.Aj - 14:10:32.724 main - o.a.w.l.Aj.preProcess o.a.w.l.Aj@b9afc07 j.i.l.ClassLoaders$PlatformClassLoader@1ad282e0, j.i.l.ClassLoaders$AppClassLoader@3cd1a2f1
14:10:32.724 [main] DEBUG o.a.weaver.tools.WeavingAdaptor - 14:10:32.724 main > o.a.w.t.WeavingAdaptor.weaveClass o.a.w.l.ClassLoaderWeavingAdaptor@140e5a13 io/qameta/allure/AllureResultsWriteException, byte[478]
14:10:32.724 [main] DEBUG org.aspectj.weaver.bcel.BcelWeaver - 14:10:32.724 main > o.a.w.b.BcelWeaver.weave o.a.w.b.BcelWeaver@48524010 o.a.w.t.WeavingAdaptor$WeavingClassFileProvider@736048ed
14:10:32.724 [main] DEBUG org.aspectj.weaver.bcel.BcelWorld - 14:10:32.724 main - o.a.w.b.BcelWorld.lookupJavaClass o.a.w.l.LTWWorld@2b4a2ec7 java.lang.RuntimeException, o.a.a.b.c.JavaClass@df6620a
14:10:32.724 [main] DEBUG org.aspectj.weaver.bcel.BcelWeaver - 14:10:32.724 main > o.a.w.b.BcelWeaver.weaveAndNotify o.a.w.b.BcelWeaver@48524010 o.a.w.b.UnwovenClassFile@1976f537, o.a.w.b.BcelObjectType@45f421c, o.a.w.t.WeavingAdaptor$WeavingClassFileProvider$1@1816e24a
14:10:32.725 [main] DEBUG org.aspectj.weaver.bcel.BcelWeaver - 14:10:32.725 main < o.a.w.b.BcelWeaver.weaveAndNotify
14:10:32.725 [main] DEBUG org.aspectj.weaver.bcel.BcelWeaver - 14:10:32.725 main < o.a.w.b.BcelWeaver.weave java.util.ArrayList(1)
14:10:32.725 [main] DEBUG o.a.weaver.tools.WeavingAdaptor - 14:10:32.725 main < o.a.w.t.WeavingAdaptor.weaveClass byte[478]
14:10:32.725 [main] DEBUG org.aspectj.weaver.Dump - 14:10:32.725 main > o.a.w.Dump.dumpOnExit o.a.w.t.WeavingAdaptor$WeavingAdaptorMessageHolder@6a6afff2
14:10:32.725 [main] DEBUG org.aspectj.weaver.Dump - 14:10:32.725 main > o.a.w.Dump.shouldDumpOnExit o.a.w.t.WeavingAdaptor$WeavingAdaptorMessageHolder@6a6afff2
14:10:32.725 [main] DEBUG org.aspectj.weaver.Dump - 14:10:32.725 main - o.a.w.Dump.shouldDumpOnExit abort
14:10:32.725 [main] DEBUG org.aspectj.weaver.Dump - 14:10:32.725 main < o.a.w.Dump.shouldDumpOnExit false
14:10:32.725 [main] DEBUG org.aspectj.weaver.Dump - 14:10:32.725 main < o.a.w.Dump.dumpOnExit Excluded
14:10:32.725 [main] DEBUG org.aspectj.weaver.loadtime.Aj - 14:10:32.725 main < o.a.w.l.Aj.preProcess byte[478]
14:10:32.730 [main] DEBUG org.aspectj.weaver.loadtime.Aj - 14:10:32.730 main > o.a.w.l.Aj.preProcess o.a.w.l.Aj@b9afc07 io/qameta/allure/internal/Allure2ModelJackson, byte[3019], j.i.l.ClassLoaders$AppClassLoader@3cd1a2f1
14:10:32.731 [main] DEBUG org.aspectj.weaver.loadtime.Aj - 14:10:32.731 main - o.a.w.l.Aj.preProcess o.a.w.l.Aj@b9afc07 j.i.l.ClassLoaders$PlatformClassLoader@1ad282e0, j.i.l.ClassLoaders$AppClassLoader@3cd1a2f1
14:10:32.731 [main] DEBUG o.a.weaver.tools.WeavingAdaptor - 14:10:32.731 main > o.a.w.t.WeavingAdaptor.weaveClass o.a.w.l.ClassLoaderWeavingAdaptor@140e5a13 io/qameta/allure/internal/Allure2ModelJackson, byte[3019]
14:10:32.731 [main] DEBUG org.aspectj.weaver.bcel.BcelWeaver - 14:10:32.731 main > o.a.w.b.BcelWeaver.weave o.a.w.b.BcelWeaver@48524010 o.a.w.t.WeavingAdaptor$WeavingClassFileProvider@783115d9
14:10:32.731 [main] DEBUG org.aspectj.weaver.bcel.BcelWeaver - 14:10:32.731 main > o.a.w.b.BcelWeaver.weaveAndNotify o.a.w.b.BcelWeaver@48524010 o.a.w.b.UnwovenClassFile@3402b4c9, o.a.w.b.BcelObjectType@95bb2a2, o.a.w.t.WeavingAdaptor$WeavingClassFileProvider$1@46d567cb
14:10:32.736 [main] DEBUG org.aspectj.weaver.bcel.BcelWorld - 14:10:32.736 main - o.a.w.b.BcelWorld.lookupJavaClass o.a.w.l.LTWWorld@2b4a2ec7 io.qameta.allure.internal.shadowed.jackson.databind.ObjectMapper, o.a.a.b.c.JavaClass@2e23c180
14:10:32.736 [main] DEBUG org.aspectj.weaver.bcel.BcelWeaver - 14:10:32.736 main < o.a.w.b.BcelWeaver.weaveAndNotify
14:10:32.736 [main] DEBUG org.aspectj.weaver.bcel.BcelWeaver - 14:10:32.736 main < o.a.w.b.BcelWeaver.weave java.util.ArrayList(1)
14:10:32.736 [main] DEBUG o.a.weaver.tools.WeavingAdaptor - 14:10:32.736 main < o.a.w.t.WeavingAdaptor.weaveClass byte[3019]
14:10:32.737 [main] DEBUG org.aspectj.weaver.Dump - 14:10:32.736 main > o.a.w.Dump.dumpOnExit o.a.w.t.WeavingAdaptor$WeavingAdaptorMessageHolder@6a6afff2
14:10:32.737 [main] DEBUG org.aspectj.weaver.Dump - 14:10:32.737 main > o.a.w.Dump.shouldDumpOnExit o.a.w.t.WeavingAdaptor$WeavingAdaptorMessageHolder@6a6afff2
14:10:32.737 [main] DEBUG org.aspectj.weaver.Dump - 14:10:32.737 main - o.a.w.Dump.shouldDumpOnExit abort
14:10:32.737 [main] DEBUG org.aspectj.weaver.Dump - 14:10:32.737 main < o.a.w.Dump.shouldDumpOnExit false
14:10:32.737 [main] DEBUG org.aspectj.weaver.Dump - 14:10:32.737 main < o.a.w.Dump.dumpOnExit Excluded
14:10:32.737 [main] DEBUG org.aspectj.weaver.loadtime.Aj - 14:10:32.737 main < o.a.w.l.Aj.preProcess byte[3019]
14:10:32.739 [main] DEBUG org.aspectj.weaver.loadtime.Aj - 14:10:32.739 main > o.a.w.l.Aj.preProcess o.a.w.l.Aj@b9afc07 io/qameta/allure/internal/Allure2ModelJackson$StatusSerializer, byte[1809], j.i.l.ClassLoaders$AppClassLoader@3cd1a2f1
14:10:32.739 [main] DEBUG org.aspectj.weaver.loadtime.Aj - 14:10:32.739 main - o.a.w.l.Aj.preProcess o.a.w.l.Aj@b9afc07 j.i.l.ClassLoaders$PlatformClassLoader@1ad282e0, j.i.l.ClassLoaders$AppClassLoader@3cd1a2f1
14:10:32.739 [main] DEBUG o.a.weaver.tools.WeavingAdaptor - 14:10:32.739 main > o.a.w.t.WeavingAdaptor.weaveClass o.a.w.l.ClassLoaderWeavingAdaptor@140e5a13 io/qameta/allure/internal/Allure2ModelJackson$StatusSerializer, byte[1809]
14:10:32.739 [main] DEBUG org.aspectj.weaver.bcel.BcelWeaver - 14:10:32.739 main > o.a.w.b.BcelWeaver.weave o.a.w.b.BcelWeaver@48524010 o.a.w.t.WeavingAdaptor$WeavingClassFileProvider@396e6d9
14:10:32.739 [main] DEBUG org.aspectj.weaver.bcel.BcelWeaver - 14:10:32.739 main > o.a.w.b.BcelWeaver.weaveAndNotify o.a.w.b.BcelWeaver@48524010 o.a.w.b.UnwovenClassFile@75308740, o.a.w.b.BcelObjectType@5acc9fdf, o.a.w.t.WeavingAdaptor$WeavingClassFileProvider$1@3a5c2626
14:10:32.740 [main] DEBUG org.aspectj.weaver.bcel.BcelWeaver - 14:10:32.740 main < o.a.w.b.BcelWeaver.weaveAndNotify
14:10:32.740 [main] DEBUG org.aspectj.weaver.bcel.BcelWeaver - 14:10:32.740 main < o.a.w.b.BcelWeaver.weave java.util.ArrayList(1)
14:10:32.740 [main] DEBUG o.a.weaver.tools.WeavingAdaptor - 14:10:32.740 main < o.a.w.t.WeavingAdaptor.weaveClass byte[1809]
14:10:32.740 [main] DEBUG org.aspectj.weaver.Dump - 14:10:32.740 main > o.a.w.Dump.dumpOnExit o.a.w.t.WeavingAdaptor$WeavingAdaptorMessageHolder@6a6afff2
14:10:32.740 [main] DEBUG org.aspectj.weaver.Dump - 14:10:32.740 main > o.a.w.Dump.shouldDumpOnExit o.a.w.t.WeavingAdaptor$WeavingAdaptorMessageHolder@6a6afff2
14:10:32.740 [main] DEBUG org.aspectj.weaver.Dump - 14:10:32.740 main - o.a.w.Dump.shouldDumpOnExit abort
14:10:32.740 [main] DEBUG org.aspectj.weaver.Dump - 14:10:32.740 main < o.a.w.Dump.shouldDumpOnExit false
14:10:32.740 [main] DEBUG org.aspectj.weaver.Dump - 14:10:32.740 main < o.a.w.Dump.dumpOnExit Excluded
14:10:32.740 [main] DEBUG org.aspectj.weaver.loadtime.Aj - 14:10:32.740 main < o.a.w.l.Aj.preProcess byte[1809]
14:10:32.741 [main] DEBUG org.aspectj.weaver.loadtime.Aj - 14:10:32.741 main > o.a.w.l.Aj.preProcess o.a.w.l.Aj@b9afc07 io/qameta/allure/internal/Allure2ModelJackson$StageSerializer, byte[1802], j.i.l.ClassLoaders$AppClassLoader@3cd1a2f1
14:10:32.742 [main] DEBUG org.aspectj.weaver.loadtime.Aj - 14:10:32.741 main - o.a.w.l.Aj.preProcess o.a.w.l.Aj@b9afc07 j.i.l.ClassLoaders$PlatformClassLoader@1ad282e0, j.i.l.ClassLoaders$AppClassLoader@3cd1a2f1
14:10:32.742 [main] DEBUG o.a.weaver.tools.WeavingAdaptor - 14:10:32.742 main > o.a.w.t.WeavingAdaptor.weaveClass o.a.w.l.ClassLoaderWeavingAdaptor@140e5a13 io/qameta/allure/internal/Allure2ModelJackson$StageSerializer, byte[1802]
14:10:32.742 [main] DEBUG org.aspectj.weaver.bcel.BcelWeaver - 14:10:32.742 main > o.a.w.b.BcelWeaver.weave o.a.w.b.BcelWeaver@48524010 o.a.w.t.WeavingAdaptor$WeavingClassFileProvider@5176d279
14:10:32.742 [main] DEBUG org.aspectj.weaver.bcel.BcelWeaver - 14:10:32.742 main > o.a.w.b.BcelWeaver.weaveAndNotify o.a.w.b.BcelWeaver@48524010 o.a.w.b.UnwovenClassFile@373f7450, o.a.w.b.BcelObjectType@d74bac4, o.a.w.t.WeavingAdaptor$WeavingClassFileProvider$1@5ff90645
14:10:32.743 [main] DEBUG org.aspectj.weaver.bcel.BcelWorld - 14:10:32.743 main - o.a.w.b.BcelWorld.lookupJavaClass o.a.w.l.LTWWorld@2b4a2ec7 io.qameta.allure.model.Stage, o.a.a.b.c.JavaClass@4b7c4456
14:10:32.744 [main] DEBUG org.aspectj.weaver.bcel.BcelWeaver - 14:10:32.744 main < o.a.w.b.BcelWeaver.weaveAndNotify
14:10:32.744 [main] DEBUG org.aspectj.weaver.bcel.BcelWeaver - 14:10:32.744 main < o.a.w.b.BcelWeaver.weave java.util.ArrayList(1)
14:10:32.744 [main] DEBUG o.a.weaver.tools.WeavingAdaptor - 14:10:32.744 main < o.a.w.t.WeavingAdaptor.weaveClass byte[1802]
14:10:32.744 [main] DEBUG org.aspectj.weaver.Dump - 14:10:32.744 main > o.a.w.Dump.dumpOnExit o.a.w.t.WeavingAdaptor$WeavingAdaptorMessageHolder@6a6afff2
14:10:32.744 [main] DEBUG org.aspectj.weaver.Dump - 14:10:32.744 main > o.a.w.Dump.shouldDumpOnExit o.a.w.t.WeavingAdaptor$WeavingAdaptorMessageHolder@6a6afff2
14:10:32.744 [main] DEBUG org.aspectj.weaver.Dump - 14:10:32.744 main - o.a.w.Dump.shouldDumpOnExit abort
14:10:32.744 [main] DEBUG org.aspectj.weaver.Dump - 14:10:32.744 main < o.a.w.Dump.shouldDumpOnExit false
14:10:32.744 [main] DEBUG org.aspectj.weaver.Dump - 14:10:32.744 main < o.a.w.Dump.dumpOnExit Excluded
14:10:32.744 [main] DEBUG org.aspectj.weaver.loadtime.Aj - 14:10:32.744 main < o.a.w.l.Aj.preProcess byte[1802]
14:10:32.746 [main] DEBUG org.aspectj.weaver.loadtime.Aj - 14:10:32.746 main > o.a.w.l.Aj.preProcess o.a.w.l.Aj@b9afc07 io/qameta/allure/internal/Allure2ModelJackson$ParameterModeSerializer, byte[1915], j.i.l.ClassLoaders$AppClassLoader@3cd1a2f1
14:10:32.747 [main] DEBUG org.aspectj.weaver.loadtime.Aj - 14:10:32.747 main - o.a.w.l.Aj.preProcess o.a.w.l.Aj@b9afc07 j.i.l.ClassLoaders$PlatformClassLoader@1ad282e0, j.i.l.ClassLoaders$AppClassLoader@3cd1a2f1
14:10:32.747 [main] DEBUG o.a.weaver.tools.WeavingAdaptor - 14:10:32.747 main > o.a.w.t.WeavingAdaptor.weaveClass o.a.w.l.ClassLoaderWeavingAdaptor@140e5a13 io/qameta/allure/internal/Allure2ModelJackson$ParameterModeSerializer, byte[1915]
14:10:32.747 [main] DEBUG org.aspectj.weaver.bcel.BcelWeaver - 14:10:32.747 main > o.a.w.b.BcelWeaver.weave o.a.w.b.BcelWeaver@48524010 o.a.w.t.WeavingAdaptor$WeavingClassFileProvider@7c447c76
14:10:32.747 [main] DEBUG org.aspectj.weaver.bcel.BcelWeaver - 14:10:32.747 main > o.a.w.b.BcelWeaver.weaveAndNotify o.a.w.b.BcelWeaver@48524010 o.a.w.b.UnwovenClassFile@64fc097e, o.a.w.b.BcelObjectType@1640c151, o.a.w.t.WeavingAdaptor$WeavingClassFileProvider$1@5d5b5fa7
14:10:32.748 [main] DEBUG org.aspectj.weaver.bcel.BcelWeaver - 14:10:32.748 main < o.a.w.b.BcelWeaver.weaveAndNotify
14:10:32.748 [main] DEBUG org.aspectj.weaver.bcel.BcelWeaver - 14:10:32.748 main < o.a.w.b.BcelWeaver.weave java.util.ArrayList(1)
14:10:32.748 [main] DEBUG o.a.weaver.tools.WeavingAdaptor - 14:10:32.748 main < o.a.w.t.WeavingAdaptor.weaveClass byte[1915]
14:10:32.748 [main] DEBUG org.aspectj.weaver.Dump - 14:10:32.748 main > o.a.w.Dump.dumpOnExit o.a.w.t.WeavingAdaptor$WeavingAdaptorMessageHolder@6a6afff2
14:10:32.748 [main] DEBUG org.aspectj.weaver.Dump - 14:10:32.748 main > o.a.w.Dump.shouldDumpOnExit o.a.w.t.WeavingAdaptor$WeavingAdaptorMessageHolder@6a6afff2
14:10:32.748 [main] DEBUG org.aspectj.weaver.Dump - 14:10:32.748 main - o.a.w.Dump.shouldDumpOnExit abort
14:10:32.748 [main] DEBUG org.aspectj.weaver.Dump - 14:10:32.748 main < o.a.w.Dump.shouldDumpOnExit false
14:10:32.748 [main] DEBUG org.aspectj.weaver.Dump - 14:10:32.748 main < o.a.w.Dump.dumpOnExit Excluded
14:10:32.748 [main] DEBUG org.aspectj.weaver.loadtime.Aj - 14:10:32.748 main < o.a.w.l.Aj.preProcess byte[1915]
14:10:32.749 [main] DEBUG org.aspectj.weaver.loadtime.Aj - 14:10:32.749 main > o.a.w.l.Aj.preProcess o.a.w.l.Aj@b9afc07 io/qameta/allure/internal/shadowed/jackson/databind/Module, byte[1227], j.i.l.ClassLoaders$AppClassLoader@3cd1a2f1
14:10:32.750 [main] DEBUG org.aspectj.weaver.loadtime.Aj - 14:10:32.749 main - o.a.w.l.Aj.preProcess o.a.w.l.Aj@b9afc07 j.i.l.ClassLoaders$PlatformClassLoader@1ad282e0, j.i.l.ClassLoaders$AppClassLoader@3cd1a2f1
14:10:32.750 [main] DEBUG o.a.weaver.tools.WeavingAdaptor - 14:10:32.750 main > o.a.w.t.WeavingAdaptor.weaveClass o.a.w.l.ClassLoaderWeavingAdaptor@140e5a13 io/qameta/allure/internal/shadowed/jackson/databind/Module, byte[1227]
14:10:32.750 [main] DEBUG org.aspectj.weaver.bcel.BcelWeaver - 14:10:32.750 main > o.a.w.b.BcelWeaver.weave o.a.w.b.BcelWeaver@48524010 o.a.w.t.WeavingAdaptor$WeavingClassFileProvider@aaee2a2
14:10:32.750 [main] DEBUG org.aspectj.weaver.bcel.BcelWorld - 14:10:32.750 main - o.a.w.b.BcelWorld.lookupJavaClass o.a.w.l.LTWWorld@2b4a2ec7 io.qameta.allure.internal.shadowed.jackson.core.Versioned, o.a.a.b.c.JavaClass@302a07d
14:10:32.750 [main] DEBUG org.aspectj.weaver.bcel.BcelWeaver - 14:10:32.750 main > o.a.w.b.BcelWeaver.weaveAndNotify o.a.w.b.BcelWeaver@48524010 o.a.w.b.UnwovenClassFile@f3021cb, o.a.w.b.BcelObjectType@4aaae508, o.a.w.t.WeavingAdaptor$WeavingClassFileProvider$1@6009bea
14:10:32.750 [main] DEBUG org.aspectj.weaver.bcel.BcelWeaver - 14:10:32.750 main < o.a.w.b.BcelWeaver.weaveAndNotify
14:10:32.751 [main] DEBUG org.aspectj.weaver.bcel.BcelWeaver - 14:10:32.751 main < o.a.w.b.BcelWeaver.weave java.util.ArrayList(1)
14:10:32.751 [main] DEBUG o.a.weaver.tools.WeavingAdaptor - 14:10:32.751 main < o.a.w.t.WeavingAdaptor.weaveClass byte[1227]
14:10:32.751 [main] DEBUG org.aspectj.weaver.Dump - 14:10:32.751 main > o.a.w.Dump.dumpOnExit o.a.w.t.WeavingAdaptor$WeavingAdaptorMessageHolder@6a6afff2
14:10:32.751 [main] DEBUG org.aspectj.weaver.Dump - 14:10:32.751 main > o.a.w.Dump.shouldDumpOnExit o.a.w.t.WeavingAdaptor$WeavingAdaptorMessageHolder@6a6afff2
14:10:32.751 [main] DEBUG org.aspectj.weaver.Dump - 14:10:32.751 main - o.a.w.Dump.shouldDumpOnExit abort
14:10:32.751 [main] DEBUG org.aspectj.weaver.Dump - 14:10:32.751 main < o.a.w.Dump.shouldDumpOnExit false
14:10:32.751 [main] DEBUG org.aspectj.weaver.Dump - 14:10:32.751 main < o.a.w.Dump.dumpOnExit Excluded
14:10:32.751 [main] DEBUG org.aspectj.weaver.loadtime.Aj - 14:10:32.751 main < o.a.w.l.Aj.preProcess byte[1227]
14:10:32.752 [main] DEBUG org.aspectj.weaver.loadtime.Aj - 14:10:32.752 main > o.a.w.l.Aj.preProcess o.a.w.l.Aj@b9afc07 io/qameta/allure/internal/shadowed/jackson/databind/module/SimpleModule, byte[18214], j.i.l.ClassLoaders$AppClassLoader@3cd1a2f1
14:10:32.752 [main] DEBUG org.aspectj.weaver.loadtime.Aj - 14:10:32.752 main - o.a.w.l.Aj.preProcess o.a.w.l.Aj@b9afc07 j.i.l.ClassLoaders$PlatformClassLoader@1ad282e0, j.i.l.ClassLoaders$AppClassLoader@3cd1a2f1
14:10:32.753 [main] DEBUG o.a.weaver.tools.WeavingAdaptor - 14:10:32.752 main > o.a.w.t.WeavingAdaptor.weaveClass o.a.w.l.ClassLoaderWeavingAdaptor@140e5a13 io/qameta/allure/internal/shadowed/jackson/databind/module/SimpleModule, byte[18214]
14:10:32.753 [main] DEBUG org.aspectj.weaver.bcel.BcelWeaver - 14:10:32.753 main > o.a.w.b.BcelWeaver.weave o.a.w.b.BcelWeaver@48524010 o.a.w.t.WeavingAdaptor$WeavingClassFileProvider@27ace0b1
14:10:32.753 [main] DEBUG org.aspectj.weaver.bcel.BcelWeaver - 14:10:32.753 main > o.a.w.b.BcelWeaver.weaveAndNotify o.a.w.b.BcelWeaver@48524010 o.a.w.b.UnwovenClassFile@664e5dee, o.a.w.b.BcelObjectType@431f1eaf, o.a.w.t.WeavingAdaptor$WeavingClassFileProvider$1@cb03411
14:10:32.756 [main] DEBUG org.aspectj.weaver.bcel.BcelWorld - 14:10:32.756 main - o.a.w.b.BcelWorld.lookupJavaClass o.a.w.l.LTWWorld@2b4a2ec7 io.qameta.allure.internal.shadowed.jackson.databind.module.SimpleSerializers, o.a.a.b.c.JavaClass@7026b7ee
14:10:32.757 [main] DEBUG org.aspectj.weaver.bcel.BcelWorld - 14:10:32.757 main - o.a.w.b.BcelWorld.lookupJavaClass o.a.w.l.LTWWorld@2b4a2ec7 io.qameta.allure.internal.shadowed.jackson.databind.module.SimpleDeserializers, o.a.a.b.c.JavaClass@62a4417
14:10:32.758 [main] DEBUG org.aspectj.weaver.bcel.BcelWorld - 14:10:32.758 main - o.a.w.b.BcelWorld.lookupJavaClass o.a.w.l.LTWWorld@2b4a2ec7 io.qameta.allure.internal.shadowed.jackson.databind.module.SimpleKeyDeserializers, o.a.a.b.c.JavaClass@4fad6218
14:10:32.760 [main] DEBUG org.aspectj.weaver.bcel.BcelWorld - 14:10:32.760 main - o.a.w.b.BcelWorld.lookupJavaClass o.a.w.l.LTWWorld@2b4a2ec7 io.qameta.allure.internal.shadowed.jackson.databind.module.SimpleAbstractTypeResolver, o.a.a.b.c.JavaClass@1ac45389
14:10:32.761 [main] DEBUG org.aspectj.weaver.bcel.BcelWorld - 14:10:32.761 main - o.a.w.b.BcelWorld.lookupJavaClass o.a.w.l.LTWWorld@2b4a2ec7 io.qameta.allure.internal.shadowed.jackson.databind.module.SimpleValueInstantiators, o.a.a.b.c.JavaClass@5ae95707
14:10:32.761 [main] DEBUG org.aspectj.weaver.bcel.BcelWorld - 14:10:32.761 main - o.a.w.b.BcelWorld.lookupJavaClass o.a.w.l.LTWWorld@2b4a2ec7 io.qameta.allure.internal.shadowed.jackson.databind.jsontype.NamedType, o.a.a.b.c.JavaClass@2371aaca
14:10:32.763 [main] DEBUG org.aspectj.weaver.bcel.BcelWorld - 14:10:32.763 main - o.a.w.b.BcelWorld.lookupJavaClass o.a.w.l.LTWWorld@2b4a2ec7 io.qameta.allure.internal.shadowed.jackson.databind.Module$SetupContext, o.a.a.b.c.JavaClass@fca387
14:10:32.763 [main] DEBUG org.aspectj.weaver.bcel.BcelWeaver - 14:10:32.763 main < o.a.w.b.BcelWeaver.weaveAndNotify
14:10:32.763 [main] DEBUG org.aspectj.weaver.bcel.BcelWeaver - 14:10:32.763 main < o.a.w.b.BcelWeaver.weave java.util.ArrayList(1)
14:10:32.763 [main] DEBUG o.a.weaver.tools.WeavingAdaptor - 14:10:32.763 main < o.a.w.t.WeavingAdaptor.weaveClass byte[18214]
14:10:32.763 [main] DEBUG org.aspectj.weaver.Dump - 14:10:32.763 main > o.a.w.Dump.dumpOnExit o.a.w.t.WeavingAdaptor$WeavingAdaptorMessageHolder@6a6afff2
14:10:32.763 [main] DEBUG org.aspectj.weaver.Dump - 14:10:32.763 main > o.a.w.Dump.shouldDumpOnExit o.a.w.t.WeavingAdaptor$WeavingAdaptorMessageHolder@6a6afff2
14:10:32.763 [main] DEBUG org.aspectj.weaver.Dump - 14:10:32.763 main - o.a.w.Dump.shouldDumpOnExit abort
14:10:32.763 [main] DEBUG org.aspectj.weaver.Dump - 14:10:32.763 main < o.a.w.Dump.shouldDumpOnExit false
14:10:32.763 [main] DEBUG org.aspectj.weaver.Dump - 14:10:32.763 main < o.a.w.Dump.dumpOnExit Excluded
14:10:32.763 [main] DEBUG org.aspectj.weaver.loadtime.Aj - 14:10:32.763 main < o.a.w.l.Aj.preProcess byte[18214]
14:10:32.770 [main] DEBUG org.aspectj.weaver.loadtime.Aj - 14:10:32.770 main > o.a.w.l.Aj.preProcess o.a.w.l.Aj@b9afc07 io/qameta/allure/internal/shadowed/jackson/databind/module/SimpleAbstractTypeResolver, byte[4045], j.i.l.ClassLoaders$AppClassLoader@3cd1a2f1
14:10:32.770 [main] DEBUG org.aspectj.weaver.loadtime.Aj - 14:10:32.770 main - o.a.w.l.Aj.preProcess o.a.w.l.Aj@b9afc07 j.i.l.ClassLoaders$PlatformClassLoader@1ad282e0, j.i.l.ClassLoaders$AppClassLoader@3cd1a2f1
14:10:32.770 [main] DEBUG o.a.weaver.tools.WeavingAdaptor - 14:10:32.770 main > o.a.w.t.WeavingAdaptor.weaveClass o.a.w.l.ClassLoaderWeavingAdaptor@140e5a13 io/qameta/allure/internal/shadowed/jackson/databind/module/SimpleAbstractTypeResolver, byte[4045]
14:10:32.770 [main] DEBUG org.aspectj.weaver.bcel.BcelWeaver - 14:10:32.770 main > o.a.w.b.BcelWeaver.weave o.a.w.b.BcelWeaver@48524010 o.a.w.t.WeavingAdaptor$WeavingClassFileProvider@732c9b5c
14:10:32.770 [main] DEBUG org.aspectj.weaver.bcel.BcelWeaver - 14:10:32.770 main > o.a.w.b.BcelWeaver.weaveAndNotify o.a.w.b.BcelWeaver@48524010 o.a.w.b.UnwovenClassFile@38320e34, o.a.w.b.BcelObjectType@3d6a6bee, o.a.w.t.WeavingAdaptor$WeavingClassFileProvider$1@36ddaebf
14:10:32.771 [main] DEBUG org.aspectj.weaver.bcel.BcelWeaver - 14:10:32.771 main < o.a.w.b.BcelWeaver.weaveAndNotify
14:10:32.771 [main] DEBUG org.aspectj.weaver.bcel.BcelWeaver - 14:10:32.771 main < o.a.w.b.BcelWeaver.weave java.util.ArrayList(1)
14:10:32.771 [main] DEBUG o.a.weaver.tools.WeavingAdaptor - 14:10:32.771 main < o.a.w.t.WeavingAdaptor.weaveClass byte[4045]
14:10:32.771 [main] DEBUG org.aspectj.weaver.Dump - 14:10:32.771 main > o.a.w.Dump.dumpOnExit o.a.w.t.WeavingAdaptor$WeavingAdaptorMessageHolder@6a6afff2
14:10:32.771 [main] DEBUG org.aspectj.weaver.Dump - 14:10:32.771 main > o.a.w.Dump.shouldDumpOnExit o.a.w.t.WeavingAdaptor$WeavingAdaptorMessageHolder@6a6afff2
14:10:32.771 [main] DEBUG org.aspectj.weaver.Dump - 14:10:32.771 main - o.a.w.Dump.shouldDumpOnExit abort
14:10:32.771 [main] DEBUG org.aspectj.weaver.Dump - 14:10:32.771 main < o.a.w.Dump.shouldDumpOnExit false
14:10:32.771 [main] DEBUG org.aspectj.weaver.Dump - 14:10:32.771 main < o.a.w.Dump.dumpOnExit Excluded
14:10:32.771 [main] DEBUG org.aspectj.weaver.loadtime.Aj - 14:10:32.771 main < o.a.w.l.Aj.preProcess byte[4045]
14:10:32.773 [main] DEBUG org.aspectj.weaver.loadtime.Aj - 14:10:32.773 main > o.a.w.l.Aj.preProcess o.a.w.l.Aj@b9afc07 io/qameta/allure/internal/shadowed/jackson/core/Version, byte[3850], j.i.l.ClassLoaders$AppClassLoader@3cd1a2f1
14:10:32.773 [main] DEBUG org.aspectj.weaver.loadtime.Aj - 14:10:32.773 main - o.a.w.l.Aj.preProcess o.a.w.l.Aj@b9afc07 j.i.l.ClassLoaders$PlatformClassLoader@1ad282e0, j.i.l.ClassLoaders$AppClassLoader@3cd1a2f1
14:10:32.774 [main] DEBUG o.a.weaver.tools.WeavingAdaptor - 14:10:32.774 main > o.a.w.t.WeavingAdaptor.weaveClass o.a.w.l.ClassLoaderWeavingAdaptor@140e5a13 io/qameta/allure/internal/shadowed/jackson/core/Version, byte[3850]
14:10:32.774 [main] DEBUG org.aspectj.weaver.bcel.BcelWeaver - 14:10:32.774 main > o.a.w.b.BcelWeaver.weave o.a.w.b.BcelWeaver@48524010 o.a.w.t.WeavingAdaptor$WeavingClassFileProvider@7c29adc8
14:10:32.774 [main] DEBUG org.aspectj.weaver.bcel.BcelWeaver - 14:10:32.774 main > o.a.w.b.BcelWeaver.weaveAndNotify o.a.w.b.BcelWeaver@48524010 o.a.w.b.UnwovenClassFile@4b2e3e8f, o.a.w.b.BcelObjectType@4bbb49b0, o.a.w.t.WeavingAdaptor$WeavingClassFileProvider$1@f096f37
14:10:32.775 [main] DEBUG org.aspectj.weaver.bcel.BcelWeaver - 14:10:32.775 main < o.a.w.b.BcelWeaver.weaveAndNotify
14:10:32.775 [main] DEBUG org.aspectj.weaver.bcel.BcelWeaver - 14:10:32.775 main < o.a.w.b.BcelWeaver.weave java.util.ArrayList(1)
14:10:32.775 [main] DEBUG o.a.weaver.tools.WeavingAdaptor - 14:10:32.775 main < o.a.w.t.WeavingAdaptor.weaveClass byte[3850]
14:10:32.775 [main] DEBUG org.aspectj.weaver.Dump - 14:10:32.775 main > o.a.w.Dump.dumpOnExit o.a.w.t.WeavingAdaptor$WeavingAdaptorMessageHolder@6a6afff2
14:10:32.775 [main] DEBUG org.aspectj.weaver.Dump - 14:10:32.775 main > o.a.w.Dump.shouldDumpOnExit o.a.w.t.WeavingAdaptor$WeavingAdaptorMessageHolder@6a6afff2
14:10:32.775 [main] DEBUG org.aspectj.weaver.Dump - 14:10:32.775 main - o.a.w.Dump.shouldDumpOnExit abort
14:10:32.775 [main] DEBUG org.aspectj.weaver.Dump - 14:10:32.775 main < o.a.w.Dump.shouldDumpOnExit false
14:10:32.775 [main] DEBUG org.aspectj.weaver.Dump - 14:10:32.775 main < o.a.w.Dump.dumpOnExit Excluded
14:10:32.775 [main] DEBUG org.aspectj.weaver.loadtime.Aj - 14:10:32.775 main < o.a.w.l.Aj.preProcess byte[3850]
14:10:32.778 [main] DEBUG org.aspectj.weaver.loadtime.Aj - 14:10:32.778 main > o.a.w.l.Aj.preProcess o.a.w.l.Aj@b9afc07 io/qameta/allure/model/Status, byte[1671], j.i.l.ClassLoaders$AppClassLoader@3cd1a2f1
14:10:32.779 [main] DEBUG org.aspectj.weaver.loadtime.Aj - 14:10:32.779 main - o.a.w.l.Aj.preProcess o.a.w.l.Aj@b9afc07 j.i.l.ClassLoaders$PlatformClassLoader@1ad282e0, j.i.l.ClassLoaders$AppClassLoader@3cd1a2f1
14:10:32.779 [main] DEBUG o.a.weaver.tools.WeavingAdaptor - 14:10:32.779 main > o.a.w.t.WeavingAdaptor.weaveClass o.a.w.l.ClassLoaderWeavingAdaptor@140e5a13 io/qameta/allure/model/Status, byte[1671]
14:10:32.779 [main] DEBUG org.aspectj.weaver.bcel.BcelWeaver - 14:10:32.779 main > o.a.w.b.BcelWeaver.weave o.a.w.b.BcelWeaver@48524010 o.a.w.t.WeavingAdaptor$WeavingClassFileProvider@390877d2
14:10:32.779 [main] DEBUG org.aspectj.weaver.bcel.BcelWeaver - 14:10:32.779 main > o.a.w.b.BcelWeaver.weaveAndNotify o.a.w.b.BcelWeaver@48524010 o.a.w.b.UnwovenClassFile@86733, o.a.w.b.BcelObjectType@186cb891, o.a.w.t.WeavingAdaptor$WeavingClassFileProvider$1@3ec2ecea
14:10:32.780 [main] DEBUG org.aspectj.weaver.bcel.BcelWeaver - 14:10:32.780 main < o.a.w.b.BcelWeaver.weaveAndNotify
14:10:32.780 [main] DEBUG org.aspectj.weaver.bcel.BcelWeaver - 14:10:32.780 main < o.a.w.b.BcelWeaver.weave java.util.ArrayList(1)
14:10:32.780 [main] DEBUG o.a.weaver.tools.WeavingAdaptor - 14:10:32.780 main < o.a.w.t.WeavingAdaptor.weaveClass byte[1671]
14:10:32.780 [main] DEBUG org.aspectj.weaver.Dump - 14:10:32.780 main > o.a.w.Dump.dumpOnExit o.a.w.t.WeavingAdaptor$WeavingAdaptorMessageHolder@6a6afff2
14:10:32.781 [main] DEBUG org.aspectj.weaver.Dump - 14:10:32.781 main > o.a.w.Dump.shouldDumpOnExit o.a.w.t.WeavingAdaptor$WeavingAdaptorMessageHolder@6a6afff2
14:10:32.781 [main] DEBUG org.aspectj.weaver.Dump - 14:10:32.781 main - o.a.w.Dump.shouldDumpOnExit abort
14:10:32.781 [main] DEBUG org.aspectj.weaver.Dump - 14:10:32.781 main < o.a.w.Dump.shouldDumpOnExit false
14:10:32.781 [main] DEBUG org.aspectj.weaver.Dump - 14:10:32.781 main < o.a.w.Dump.dumpOnExit Excluded
14:10:32.781 [main] DEBUG org.aspectj.weaver.loadtime.Aj - 14:10:32.781 main < o.a.w.l.Aj.preProcess byte[1671]
14:10:32.782 [main] DEBUG org.aspectj.weaver.loadtime.Aj - 14:10:32.782 main > o.a.w.l.Aj.preProcess o.a.w.l.Aj@b9afc07 io/qameta/allure/internal/shadowed/jackson/databind/module/SimpleSerializers, byte[12703], j.i.l.ClassLoaders$AppClassLoader@3cd1a2f1
14:10:32.783 [main] DEBUG org.aspectj.weaver.loadtime.Aj - 14:10:32.783 main - o.a.w.l.Aj.preProcess o.a.w.l.Aj@b9afc07 j.i.l.ClassLoaders$PlatformClassLoader@1ad282e0, j.i.l.ClassLoaders$AppClassLoader@3cd1a2f1
14:10:32.783 [main] DEBUG o.a.weaver.tools.WeavingAdaptor - 14:10:32.783 main > o.a.w.t.WeavingAdaptor.weaveClass o.a.w.l.ClassLoaderWeavingAdaptor@140e5a13 io/qameta/allure/internal/shadowed/jackson/databind/module/SimpleSerializers, byte[12703]
14:10:32.783 [main] DEBUG org.aspectj.weaver.bcel.BcelWeaver - 14:10:32.783 main > o.a.w.b.BcelWeaver.weave o.a.w.b.BcelWeaver@48524010 o.a.w.t.WeavingAdaptor$WeavingClassFileProvider@6b00ad9
14:10:32.784 [main] DEBUG org.aspectj.weaver.bcel.BcelWorld - 14:10:32.784 main - o.a.w.b.BcelWorld.lookupJavaClass o.a.w.l.LTWWorld@2b4a2ec7 io.qameta.allure.internal.shadowed.jackson.databind.ser.Serializers$Base, o.a.a.b.c.JavaClass@7c9bdee9
14:10:32.785 [main] DEBUG org.aspectj.weaver.bcel.BcelWeaver - 14:10:32.785 main > o.a.w.b.BcelWeaver.weaveAndNotify o.a.w.b.BcelWeaver@48524010 o.a.w.b.UnwovenClassFile@7afbf561, o.a.w.b.BcelObjectType@2f98635e, o.a.w.t.WeavingAdaptor$WeavingClassFileProvider$1@49c8f6e8
14:10:32.787 [main] DEBUG org.aspectj.weaver.bcel.BcelWorld - 14:10:32.787 main - o.a.w.b.BcelWorld.lookupJavaClass o.a.w.l.LTWWorld@2b4a2ec7 io.qameta.allure.internal.shadowed.jackson.databind.type.ClassKey, o.a.a.b.c.JavaClass@771cbb1a
14:10:32.787 [main] DEBUG org.aspectj.weaver.bcel.BcelWeaver - 14:10:32.787 main < o.a.w.b.BcelWeaver.weaveAndNotify
14:10:32.787 [main] DEBUG org.aspectj.weaver.bcel.BcelWeaver - 14:10:32.787 main < o.a.w.b.BcelWeaver.weave java.util.ArrayList(1)
14:10:32.787 [main] DEBUG o.a.weaver.tools.WeavingAdaptor - 14:10:32.787 main < o.a.w.t.WeavingAdaptor.weaveClass byte[12703]
14:10:32.787 [main] DEBUG org.aspectj.weaver.Dump - 14:10:32.787 main > o.a.w.Dump.dumpOnExit o.a.w.t.WeavingAdaptor$WeavingAdaptorMessageHolder@6a6afff2
14:10:32.787 [main] DEBUG org.aspectj.weaver.Dump - 14:10:32.787 main > o.a.w.Dump.shouldDumpOnExit o.a.w.t.WeavingAdaptor$WeavingAdaptorMessageHolder@6a6afff2
14:10:32.788 [main] DEBUG org.aspectj.weaver.Dump - 14:10:32.787 main - o.a.w.Dump.shouldDumpOnExit abort
14:10:32.788 [main] DEBUG org.aspectj.weaver.Dump - 14:10:32.788 main < o.a.w.Dump.shouldDumpOnExit false
14:10:32.788 [main] DEBUG org.aspectj.weaver.Dump - 14:10:32.788 main < o.a.w.Dump.dumpOnExit Excluded
14:10:32.788 [main] DEBUG org.aspectj.weaver.loadtime.Aj - 14:10:32.788 main < o.a.w.l.Aj.preProcess byte[12703]
14:10:32.791 [main] DEBUG org.aspectj.weaver.loadtime.Aj - 14:10:32.791 main > o.a.w.l.Aj.preProcess o.a.w.l.Aj@b9afc07 io/qameta/allure/internal/shadowed/jackson/databind/ser/Serializers$Base, byte[8872], j.i.l.ClassLoaders$AppClassLoader@3cd1a2f1
14:10:32.791 [main] DEBUG org.aspectj.weaver.loadtime.Aj - 14:10:32.791 main - o.a.w.l.Aj.preProcess o.a.w.l.Aj@b9afc07 j.i.l.ClassLoaders$PlatformClassLoader@1ad282e0, j.i.l.ClassLoaders$AppClassLoader@3cd1a2f1
14:10:32.791 [main] DEBUG o.a.weaver.tools.WeavingAdaptor - 14:10:32.791 main > o.a.w.t.WeavingAdaptor.weaveClass o.a.w.l.ClassLoaderWeavingAdaptor@140e5a13 io/qameta/allure/internal/shadowed/jackson/databind/ser/Serializers$Base, byte[8872]
14:10:32.791 [main] DEBUG org.aspectj.weaver.bcel.BcelWeaver - 14:10:32.791 main > o.a.w.b.BcelWeaver.weave o.a.w.b.BcelWeaver@48524010 o.a.w.t.WeavingAdaptor$WeavingClassFileProvider@3659d7b1
14:10:32.792 [main] DEBUG org.aspectj.weaver.bcel.BcelWeaver - 14:10:32.791 main > o.a.w.b.BcelWeaver.weaveAndNotify o.a.w.b.BcelWeaver@48524010 o.a.w.b.UnwovenClassFile@2015b2cd, o.a.w.b.BcelObjectType@3bdb2c78, o.a.w.t.WeavingAdaptor$WeavingClassFileProvider$1@64693226
14:10:32.792 [main] DEBUG org.aspectj.weaver.bcel.BcelWeaver - 14:10:32.792 main < o.a.w.b.BcelWeaver.weaveAndNotify
14:10:32.792 [main] DEBUG org.aspectj.weaver.bcel.BcelWeaver - 14:10:32.792 main < o.a.w.b.BcelWeaver.weave java.util.ArrayList(1)
14:10:32.792 [main] DEBUG o.a.weaver.tools.WeavingAdaptor - 14:10:32.792 main < o.a.w.t.WeavingAdaptor.weaveClass byte[8872]
14:10:32.792 [main] DEBUG org.aspectj.weaver.Dump - 14:10:32.792 main > o.a.w.Dump.dumpOnExit o.a.w.t.WeavingAdaptor$WeavingAdaptorMessageHolder@6a6afff2
14:10:32.792 [main] DEBUG org.aspectj.weaver.Dump - 14:10:32.792 main > o.a.w.Dump.shouldDumpOnExit o.a.w.t.WeavingAdaptor$WeavingAdaptorMessageHolder@6a6afff2
14:10:32.792 [main] DEBUG org.aspectj.weaver.Dump - 14:10:32.792 main - o.a.w.Dump.shouldDumpOnExit abort
14:10:32.792 [main] DEBUG org.aspectj.weaver.Dump - 14:10:32.792 main < o.a.w.Dump.shouldDumpOnExit false
14:10:32.792 [main] DEBUG org.aspectj.weaver.Dump - 14:10:32.792 main < o.a.w.Dump.dumpOnExit Excluded
14:10:32.792 [main] DEBUG org.aspectj.weaver.loadtime.Aj - 14:10:32.792 main < o.a.w.l.Aj.preProcess byte[8872]
14:10:32.797 [main] DEBUG org.aspectj.weaver.loadtime.Aj - 14:10:32.797 main > o.a.w.l.Aj.preProcess o.a.w.l.Aj@b9afc07 io/qameta/allure/internal/shadowed/jackson/databind/type/ClassKey, byte[2012], j.i.l.ClassLoaders$AppClassLoader@3cd1a2f1
14:10:32.798 [main] DEBUG org.aspectj.weaver.loadtime.Aj - 14:10:32.798 main - o.a.w.l.Aj.preProcess o.a.w.l.Aj@b9afc07 j.i.l.ClassLoaders$PlatformClassLoader@1ad282e0, j.i.l.ClassLoaders$AppClassLoader@3cd1a2f1
14:10:32.798 [main] DEBUG o.a.weaver.tools.WeavingAdaptor - 14:10:32.798 main > o.a.w.t.WeavingAdaptor.weaveClass o.a.w.l.ClassLoaderWeavingAdaptor@140e5a13 io/qameta/allure/internal/shadowed/jackson/databind/type/ClassKey, byte[2012]
14:10:32.798 [main] DEBUG org.aspectj.weaver.bcel.BcelWeaver - 14:10:32.798 main > o.a.w.b.BcelWeaver.weave o.a.w.b.BcelWeaver@48524010 o.a.w.t.WeavingAdaptor$WeavingClassFileProvider@2324bfe7
14:10:32.798 [main] DEBUG org.aspectj.weaver.bcel.BcelWeaver - 14:10:32.798 main > o.a.w.b.BcelWeaver.weaveAndNotify o.a.w.b.BcelWeaver@48524010 o.a.w.b.UnwovenClassFile@112d1c8e, o.a.w.b.BcelObjectType@3d49fd31, o.a.w.t.WeavingAdaptor$WeavingClassFileProvider$1@4016ccc1
14:10:32.799 [main] DEBUG org.aspectj.weaver.bcel.BcelWeaver - 14:10:32.799 main < o.a.w.b.BcelWeaver.weaveAndNotify
14:10:32.799 [main] DEBUG org.aspectj.weaver.bcel.BcelWeaver - 14:10:32.799 main < o.a.w.b.BcelWeaver.weave java.util.ArrayList(1)
14:10:32.799 [main] DEBUG o.a.weaver.tools.WeavingAdaptor - 14:10:32.799 main < o.a.w.t.WeavingAdaptor.weaveClass byte[2012]
14:10:32.799 [main] DEBUG org.aspectj.weaver.Dump - 14:10:32.799 main > o.a.w.Dump.dumpOnExit o.a.w.t.WeavingAdaptor$WeavingAdaptorMessageHolder@6a6afff2
14:10:32.799 [main] DEBUG org.aspectj.weaver.Dump - 14:10:32.799 main > o.a.w.Dump.shouldDumpOnExit o.a.w.t.WeavingAdaptor$WeavingAdaptorMessageHolder@6a6afff2
14:10:32.799 [main] DEBUG org.aspectj.weaver.Dump - 14:10:32.799 main - o.a.w.Dump.shouldDumpOnExit abort
14:10:32.799 [main] DEBUG org.aspectj.weaver.Dump - 14:10:32.799 main < o.a.w.Dump.shouldDumpOnExit false
14:10:32.799 [main] DEBUG org.aspectj.weaver.Dump - 14:10:32.799 main < o.a.w.Dump.dumpOnExit Excluded
14:10:32.799 [main] DEBUG org.aspectj.weaver.loadtime.Aj - 14:10:32.799 main < o.a.w.l.Aj.preProcess byte[2012]
14:10:32.801 [main] DEBUG org.aspectj.weaver.loadtime.Aj - 14:10:32.801 main > o.a.w.l.Aj.preProcess o.a.w.l.Aj@b9afc07 io/qameta/allure/model/Stage, byte[1753], j.i.l.ClassLoaders$AppClassLoader@3cd1a2f1
14:10:32.801 [main] DEBUG org.aspectj.weaver.loadtime.Aj - 14:10:32.801 main - o.a.w.l.Aj.preProcess o.a.w.l.Aj@b9afc07 j.i.l.ClassLoaders$PlatformClassLoader@1ad282e0, j.i.l.ClassLoaders$AppClassLoader@3cd1a2f1
14:10:32.802 [main] DEBUG o.a.weaver.tools.WeavingAdaptor - 14:10:32.801 main > o.a.w.t.WeavingAdaptor.weaveClass o.a.w.l.ClassLoaderWeavingAdaptor@140e5a13 io/qameta/allure/model/Stage, byte[1753]
14:10:32.802 [main] DEBUG org.aspectj.weaver.bcel.BcelWeaver - 14:10:32.802 main > o.a.w.b.BcelWeaver.weave o.a.w.b.BcelWeaver@48524010 o.a.w.t.WeavingAdaptor$WeavingClassFileProvider@451882b2
14:10:32.802 [main] DEBUG org.aspectj.weaver.bcel.BcelWeaver - 14:10:32.802 main > o.a.w.b.BcelWeaver.weaveAndNotify o.a.w.b.BcelWeaver@48524010 o.a.w.b.UnwovenClassFile@4a23350, o.a.w.b.BcelObjectType@7b78ed6a, o.a.w.t.WeavingAdaptor$WeavingClassFileProvider$1@6fca5907
14:10:32.803 [main] DEBUG org.aspectj.weaver.bcel.BcelWeaver - 14:10:32.803 main < o.a.w.b.BcelWeaver.weaveAndNotify
14:10:32.803 [main] DEBUG org.aspectj.weaver.bcel.BcelWeaver - 14:10:32.803 main < o.a.w.b.BcelWeaver.weave java.util.ArrayList(1)
14:10:32.803 [main] DEBUG o.a.weaver.tools.WeavingAdaptor - 14:10:32.803 main < o.a.w.t.WeavingAdaptor.weaveClass byte[1753]
14:10:32.803 [main] DEBUG org.aspectj.weaver.Dump - 14:10:32.803 main > o.a.w.Dump.dumpOnExit o.a.w.t.WeavingAdaptor$WeavingAdaptorMessageHolder@6a6afff2
14:10:32.803 [main] DEBUG org.aspectj.weaver.Dump - 14:10:32.803 main > o.a.w.Dump.shouldDumpOnExit o.a.w.t.WeavingAdaptor$WeavingAdaptorMessageHolder@6a6afff2
14:10:32.803 [main] DEBUG org.aspectj.weaver.Dump - 14:10:32.803 main - o.a.w.Dump.shouldDumpOnExit abort
14:10:32.803 [main] DEBUG org.aspectj.weaver.Dump - 14:10:32.803 main < o.a.w.Dump.shouldDumpOnExit false
14:10:32.803 [main] DEBUG org.aspectj.weaver.Dump - 14:10:32.803 main < o.a.w.Dump.dumpOnExit Excluded
14:10:32.803 [main] DEBUG org.aspectj.weaver.loadtime.Aj - 14:10:32.803 main < o.a.w.l.Aj.preProcess byte[1753]
14:10:32.805 [main] DEBUG org.aspectj.weaver.loadtime.Aj - 14:10:32.805 main > o.a.w.l.Aj.preProcess o.a.w.l.Aj@b9afc07 io/qameta/allure/model/Parameter$Mode, byte[1171], j.i.l.ClassLoaders$AppClassLoader@3cd1a2f1
14:10:32.805 [main] DEBUG org.aspectj.weaver.loadtime.Aj - 14:10:32.805 main - o.a.w.l.Aj.preProcess o.a.w.l.Aj@b9afc07 j.i.l.ClassLoaders$PlatformClassLoader@1ad282e0, j.i.l.ClassLoaders$AppClassLoader@3cd1a2f1
14:10:32.805 [main] DEBUG o.a.weaver.tools.WeavingAdaptor - 14:10:32.805 main > o.a.w.t.WeavingAdaptor.weaveClass o.a.w.l.ClassLoaderWeavingAdaptor@140e5a13 io/qameta/allure/model/Parameter$Mode, byte[1171]
14:10:32.805 [main] DEBUG org.aspectj.weaver.bcel.BcelWeaver - 14:10:32.805 main > o.a.w.b.BcelWeaver.weave o.a.w.b.BcelWeaver@48524010 o.a.w.t.WeavingAdaptor$WeavingClassFileProvider@31edeac
14:10:32.853 [main] DEBUG org.aspectj.weaver.bcel.BcelWeaver - 14:10:32.853 main > o.a.w.b.BcelWeaver.weaveAndNotify o.a.w.b.BcelWeaver@48524010 o.a.w.b.UnwovenClassFile@67d86804, o.a.w.b.BcelObjectType@45bb2aa1, o.a.w.t.WeavingAdaptor$WeavingClassFileProvider$1@3e84111a
14:10:32.855 [main] DEBUG org.aspectj.weaver.bcel.BcelWeaver - 14:10:32.855 main < o.a.w.b.BcelWeaver.weaveAndNotify
14:10:32.855 [main] DEBUG org.aspectj.weaver.bcel.BcelWeaver - 14:10:32.855 main < o.a.w.b.BcelWeaver.weave java.util.ArrayList(1)
14:10:32.855 [main] DEBUG o.a.weaver.tools.WeavingAdaptor - 14:10:32.855 main < o.a.w.t.WeavingAdaptor.weaveClass byte[1171]
14:10:32.855 [main] DEBUG org.aspectj.weaver.Dump - 14:10:32.855 main > o.a.w.Dump.dumpOnExit o.a.w.t.WeavingAdaptor$WeavingAdaptorMessageHolder@6a6afff2
14:10:32.856 [main] DEBUG org.aspectj.weaver.Dump - 14:10:32.856 main > o.a.w.Dump.shouldDumpOnExit o.a.w.t.WeavingAdaptor$WeavingAdaptorMessageHolder@6a6afff2
14:10:32.856 [main] DEBUG org.aspectj.weaver.Dump - 14:10:32.856 main - o.a.w.Dump.shouldDumpOnExit abort
14:10:32.856 [main] DEBUG org.aspectj.weaver.Dump - 14:10:32.856 main < o.a.w.Dump.shouldDumpOnExit false
14:10:32.856 [main] DEBUG org.aspectj.weaver.Dump - 14:10:32.856 main < o.a.w.Dump.dumpOnExit Excluded
14:10:32.856 [main] DEBUG org.aspectj.weaver.loadtime.Aj - 14:10:32.856 main < o.a.w.l.Aj.preProcess byte[1171]
14:10:32.858 [main] DEBUG org.aspectj.weaver.loadtime.Aj - 14:10:32.858 main > o.a.w.l.Aj.preProcess o.a.w.l.Aj@b9afc07 io/qameta/allure/internal/shadowed/jackson/databind/ObjectMapper$1, byte[12739], j.i.l.ClassLoaders$AppClassLoader@3cd1a2f1
14:10:32.858 [main] DEBUG org.aspectj.weaver.loadtime.Aj - 14:10:32.858 main - o.a.w.l.Aj.preProcess o.a.w.l.Aj@b9afc07 j.i.l.ClassLoaders$PlatformClassLoader@1ad282e0, j.i.l.ClassLoaders$AppClassLoader@3cd1a2f1
14:10:32.859 [main] DEBUG o.a.weaver.tools.WeavingAdaptor - 14:10:32.858 main > o.a.w.t.WeavingAdaptor.weaveClass o.a.w.l.ClassLoaderWeavingAdaptor@140e5a13 io/qameta/allure/internal/shadowed/jackson/databind/ObjectMapper$1, byte[12739]
14:10:32.859 [main] DEBUG org.aspectj.weaver.bcel.BcelWeaver - 14:10:32.859 main > o.a.w.b.BcelWeaver.weave o.a.w.b.BcelWeaver@48524010 o.a.w.t.WeavingAdaptor$WeavingClassFileProvider@2ff15f8c
14:10:32.859 [main] DEBUG org.aspectj.weaver.bcel.BcelWeaver - 14:10:32.859 main > o.a.w.b.BcelWeaver.weaveAndNotify o.a.w.b.BcelWeaver@48524010 o.a.w.b.UnwovenClassFile@7ea899a9, o.a.w.b.BcelObjectType@2776015d, o.a.w.t.WeavingAdaptor$WeavingClassFileProvider$1@b174a73
14:10:32.916 [main] DEBUG org.aspectj.weaver.bcel.BcelWorld - 14:10:32.916 main - o.a.w.b.BcelWorld.lookupJavaClass o.a.w.l.LTWWorld@2b4a2ec7 io.qameta.allure.internal.shadowed.jackson.core.ObjectCodec, o.a.a.b.c.JavaClass@3b0c9195
14:10:32.917 [main] DEBUG org.aspectj.weaver.bcel.BcelWorld - 14:10:32.917 main - o.a.w.b.BcelWorld.lookupJavaClass o.a.w.l.LTWWorld@2b4a2ec7 io.qameta.allure.internal.shadowed.jackson.databind.DeserializationFeature, o.a.a.b.c.JavaClass@784b990c
14:10:32.917 [main] DEBUG org.aspectj.weaver.bcel.BcelWorld - 14:10:32.917 main - o.a.w.b.BcelWorld.lookupJavaClass o.a.w.l.LTWWorld@2b4a2ec7 io.qameta.allure.internal.shadowed.jackson.databind.SerializationFeature, o.a.a.b.c.JavaClass@7096b474
14:10:32.917 [main] DEBUG org.aspectj.weaver.bcel.BcelWorld - 14:10:32.917 main - o.a.w.b.BcelWorld.lookupJavaClass o.a.w.l.LTWWorld@2b4a2ec7 io.qameta.allure.internal.shadowed.jackson.core.JsonFactory$Feature, o.a.a.b.c.JavaClass@57ac5227
14:10:32.917 [main] DEBUG org.aspectj.weaver.bcel.BcelWorld - 14:10:32.917 main - o.a.w.b.BcelWorld.lookupJavaClass o.a.w.l.LTWWorld@2b4a2ec7 io.qameta.allure.internal.shadowed.jackson.core.JsonParser$Feature, o.a.a.b.c.JavaClass@5d1659ea
14:10:32.917 [main] DEBUG org.aspectj.weaver.bcel.BcelWorld - 14:10:32.917 main - o.a.w.b.BcelWorld.lookupJavaClass o.a.w.l.LTWWorld@2b4a2ec7 io.qameta.allure.internal.shadowed.jackson.core.JsonGenerator$Feature, o.a.a.b.c.JavaClass@5c18016b
14:10:32.917 [main] DEBUG org.aspectj.weaver.bcel.BcelWorld - 14:10:32.917 main - o.a.w.b.BcelWorld.lookupJavaClass o.a.w.l.LTWWorld@2b4a2ec7 io.qameta.allure.internal.shadowed.jackson.databind.cfg.MutableConfigOverride, o.a.a.b.c.JavaClass@1506f20f
14:10:32.918 [main] DEBUG org.aspectj.weaver.bcel.BcelWorld - 14:10:32.918 main - o.a.w.b.BcelWorld.lookupJavaClass o.a.w.l.LTWWorld@2b4a2ec7 io.qameta.allure.internal.shadowed.jackson.databind.deser.DeserializationProblemHandler, o.a.a.b.c.JavaClass@1c3146bc
14:10:32.918 [main] DEBUG org.aspectj.weaver.bcel.BcelWeaver - 14:10:32.918 main < o.a.w.b.BcelWeaver.weaveAndNotify
14:10:32.918 [main] DEBUG org.aspectj.weaver.bcel.BcelWeaver - 14:10:32.918 main < o.a.w.b.BcelWeaver.weave java.util.ArrayList(1)
14:10:32.918 [main] DEBUG o.a.weaver.tools.WeavingAdaptor - 14:10:32.918 main < o.a.w.t.WeavingAdaptor.weaveClass byte[12739]
14:10:32.918 [main] DEBUG org.aspectj.weaver.Dump - 14:10:32.918 main > o.a.w.Dump.dumpOnExit o.a.w.t.WeavingAdaptor$WeavingAdaptorMessageHolder@6a6afff2
14:10:32.933 [main] DEBUG org.aspectj.weaver.Dump - 14:10:32.933 main > o.a.w.Dump.shouldDumpOnExit o.a.w.t.WeavingAdaptor$WeavingAdaptorMessageHolder@6a6afff2
14:10:32.933 [main] DEBUG org.aspectj.weaver.Dump - 14:10:32.933 main - o.a.w.Dump.shouldDumpOnExit abort
14:10:32.933 [main] DEBUG org.aspectj.weaver.Dump - 14:10:32.933 main < o.a.w.Dump.shouldDumpOnExit false
14:10:32.933 [main] DEBUG org.aspectj.weaver.Dump - 14:10:32.933 main < o.a.w.Dump.dumpOnExit Excluded
14:10:32.933 [main] DEBUG org.aspectj.weaver.loadtime.Aj - 14:10:32.933 main < o.a.w.l.Aj.preProcess byte[12739]
14:10:32.935 [main] DEBUG org.aspectj.weaver.loadtime.Aj - 14:10:32.935 main > o.a.w.l.Aj.preProcess o.a.w.l.Aj@b9afc07 io/qameta/allure/internal/shadowed/jackson/databind/util/ArrayBuilders, byte[5456], j.i.l.ClassLoaders$AppClassLoader@3cd1a2f1
14:10:32.935 [main] DEBUG org.aspectj.weaver.loadtime.Aj - 14:10:32.935 main - o.a.w.l.Aj.preProcess o.a.w.l.Aj@b9afc07 j.i.l.ClassLoaders$PlatformClassLoader@1ad282e0, j.i.l.ClassLoaders$AppClassLoader@3cd1a2f1
14:10:32.935 [main] DEBUG o.a.weaver.tools.WeavingAdaptor - 14:10:32.935 main > o.a.w.t.WeavingAdaptor.weaveClass o.a.w.l.ClassLoaderWeavingAdaptor@140e5a13 io/qameta/allure/internal/shadowed/jackson/databind/util/ArrayBuilders, byte[5456]
14:10:32.936 [main] DEBUG org.aspectj.weaver.bcel.BcelWeaver - 14:10:32.936 main > o.a.w.b.BcelWeaver.weave o.a.w.b.BcelWeaver@48524010 o.a.w.t.WeavingAdaptor$WeavingClassFileProvider@2cc04358
14:10:32.936 [main] DEBUG org.aspectj.weaver.bcel.BcelWeaver - 14:10:32.936 main > o.a.w.b.BcelWeaver.weaveAndNotify o.a.w.b.BcelWeaver@48524010 o.a.w.b.UnwovenClassFile@68b58644, o.a.w.b.BcelObjectType@45e22def, o.a.w.t.WeavingAdaptor$WeavingClassFileProvider$1@6ae3fb94
14:10:32.938 [main] DEBUG org.aspectj.weaver.bcel.BcelWorld - 14:10:32.937 main - o.a.w.b.BcelWorld.lookupJavaClass o.a.w.l.LTWWorld@2b4a2ec7 io.qameta.allure.internal.shadowed.jackson.databind.util.ArrayBuilders$BooleanBuilder, o.a.a.b.c.JavaClass@21c7208d
14:10:32.939 [main] DEBUG org.aspectj.weaver.bcel.BcelWorld - 14:10:32.939 main - o.a.w.b.BcelWorld.lookupJavaClass o.a.w.l.LTWWorld@2b4a2ec7 io.qameta.allure.internal.shadowed.jackson.databind.util.ArrayBuilders$ByteBuilder, o.a.a.b.c.JavaClass@42d73c61
14:10:32.940 [main] DEBUG org.aspectj.weaver.bcel.BcelWorld - 14:10:32.940 main - o.a.w.b.BcelWorld.lookupJavaClass o.a.w.l.LTWWorld@2b4a2ec7 io.qameta.allure.internal.shadowed.jackson.databind.util.ArrayBuilders$ShortBuilder, o.a.a.b.c.JavaClass@61e7bf2f
14:10:32.941 [main] DEBUG org.aspectj.weaver.bcel.BcelWorld - 14:10:32.941 main - o.a.w.b.BcelWorld.lookupJavaClass o.a.w.l.LTWWorld@2b4a2ec7 io.qameta.allure.internal.shadowed.jackson.databind.util.ArrayBuilders$IntBuilder, o.a.a.b.c.JavaClass@7f7af971
14:10:32.942 [main] DEBUG org.aspectj.weaver.bcel.BcelWorld - 14:10:32.942 main - o.a.w.b.BcelWorld.lookupJavaClass o.a.w.l.LTWWorld@2b4a2ec7 io.qameta.allure.internal.shadowed.jackson.databind.util.ArrayBuilders$LongBuilder, o.a.a.b.c.JavaClass@7d5508e0
14:10:32.943 [main] DEBUG org.aspectj.weaver.bcel.BcelWorld - 14:10:32.943 main - o.a.w.b.BcelWorld.lookupJavaClass o.a.w.l.LTWWorld@2b4a2ec7 io.qameta.allure.internal.shadowed.jackson.databind.util.ArrayBuilders$FloatBuilder, o.a.a.b.c.JavaClass@633a2e99
14:10:32.944 [main] DEBUG org.aspectj.weaver.bcel.BcelWorld - 14:10:32.944 main - o.a.w.b.BcelWorld.lookupJavaClass o.a.w.l.LTWWorld@2b4a2ec7 io.qameta.allure.internal.shadowed.jackson.databind.util.ArrayBuilders$DoubleBuilder, o.a.a.b.c.JavaClass@5a82ebf8
14:10:32.945 [main] DEBUG org.aspectj.weaver.bcel.BcelWorld - 14:10:32.945 main - o.a.w.b.BcelWorld.lookupJavaClass o.a.w.l.LTWWorld@2b4a2ec7 java.util.HashSet, o.a.a.b.c.JavaClass@68fe48d7
14:10:32.946 [main] DEBUG org.aspectj.weaver.bcel.BcelWeaver - 14:10:32.946 main < o.a.w.b.BcelWeaver.weaveAndNotify
14:10:32.946 [main] DEBUG org.aspectj.weaver.bcel.BcelWeaver - 14:10:32.946 main < o.a.w.b.BcelWeaver.weave java.util.ArrayList(1)
14:10:32.946 [main] DEBUG o.a.weaver.tools.WeavingAdaptor - 14:10:32.946 main < o.a.w.t.WeavingAdaptor.weaveClass byte[5456]
14:10:32.946 [main] DEBUG org.aspectj.weaver.Dump - 14:10:32.946 main > o.a.w.Dump.dumpOnExit o.a.w.t.WeavingAdaptor$WeavingAdaptorMessageHolder@6a6afff2
14:10:32.946 [main] DEBUG org.aspectj.weaver.Dump - 14:10:32.946 main > o.a.w.Dump.shouldDumpOnExit o.a.w.t.WeavingAdaptor$WeavingAdaptorMessageHolder@6a6afff2
14:10:32.946 [main] DEBUG org.aspectj.weaver.Dump - 14:10:32.946 main - o.a.w.Dump.shouldDumpOnExit abort
14:10:32.946 [main] DEBUG org.aspectj.weaver.Dump - 14:10:32.946 main < o.a.w.Dump.shouldDumpOnExit false
14:10:32.946 [main] DEBUG org.aspectj.weaver.Dump - 14:10:32.946 main < o.a.w.Dump.dumpOnExit Excluded
14:10:32.946 [main] DEBUG org.aspectj.weaver.loadtime.Aj - 14:10:32.946 main < o.a.w.l.Aj.preProcess byte[5456]
14:10:32.948 [main] DEBUG org.aspectj.weaver.loadtime.Aj - 14:10:32.948 main > o.a.w.l.Aj.preProcess o.a.w.l.Aj@b9afc07 io/qameta/allure/listener/LifecycleNotifier, byte[8417], j.i.l.ClassLoaders$AppClassLoader@3cd1a2f1
14:10:32.949 [main] DEBUG org.aspectj.weaver.loadtime.Aj - 14:10:32.949 main - o.a.w.l.Aj.preProcess o.a.w.l.Aj@b9afc07 j.i.l.ClassLoaders$PlatformClassLoader@1ad282e0, j.i.l.ClassLoaders$AppClassLoader@3cd1a2f1
14:10:32.949 [main] DEBUG o.a.weaver.tools.WeavingAdaptor - 14:10:32.949 main > o.a.w.t.WeavingAdaptor.weaveClass o.a.w.l.ClassLoaderWeavingAdaptor@140e5a13 io/qameta/allure/listener/LifecycleNotifier, byte[8417]
14:10:32.949 [main] DEBUG org.aspectj.weaver.bcel.BcelWeaver - 14:10:32.949 main > o.a.w.b.BcelWeaver.weave o.a.w.b.BcelWeaver@48524010 o.a.w.t.WeavingAdaptor$WeavingClassFileProvider@77e7246b
14:10:32.950 [main] DEBUG org.aspectj.weaver.bcel.BcelWorld - 14:10:32.950 main - o.a.w.b.BcelWorld.lookupJavaClass o.a.w.l.LTWWorld@2b4a2ec7 io.qameta.allure.listener.ContainerLifecycleListener, o.a.a.b.c.JavaClass@51ce6f85
14:10:32.951 [main] DEBUG org.aspectj.weaver.bcel.BcelWorld - 14:10:32.951 main - o.a.w.b.BcelWorld.lookupJavaClass o.a.w.l.LTWWorld@2b4a2ec7 io.qameta.allure.listener.TestLifecycleListener, o.a.a.b.c.JavaClass@65b66b08
14:10:32.952 [main] DEBUG org.aspectj.weaver.bcel.BcelWorld - 14:10:32.952 main - o.a.w.b.BcelWorld.lookupJavaClass o.a.w.l.LTWWorld@2b4a2ec7 io.qameta.allure.listener.FixtureLifecycleListener, o.a.a.b.c.JavaClass@7ed9499e
14:10:32.953 [main] DEBUG org.aspectj.weaver.bcel.BcelWorld - 14:10:32.953 main - o.a.w.b.BcelWorld.lookupJavaClass o.a.w.l.LTWWorld@2b4a2ec7 io.qameta.allure.listener.StepLifecycleListener, o.a.a.b.c.JavaClass@10ef5fa0
14:10:32.953 [main] DEBUG org.aspectj.weaver.bcel.BcelWeaver - 14:10:32.953 main > o.a.w.b.BcelWeaver.weaveAndNotify o.a.w.b.BcelWeaver@48524010 o.a.w.b.UnwovenClassFile@244e619a, o.a.w.b.BcelObjectType@10acd6, o.a.w.t.WeavingAdaptor$WeavingClassFileProvider$1@61dde151
14:10:32.954 [main] DEBUG org.aspectj.weaver.bcel.BcelWorld - 14:10:32.954 main - o.a.w.b.BcelWorld.lookupJavaClass o.a.w.l.LTWWorld@2b4a2ec7 io.qameta.allure.listener.LifecycleListener, o.a.a.b.c.JavaClass@59c33386
14:10:32.955 [main] DEBUG org.aspectj.weaver.bcel.BcelWorld - 14:10:32.955 main - o.a.w.b.BcelWorld.lookupJavaClass o.a.w.l.LTWWorld@2b4a2ec7 io.qameta.allure.model.TestResult, o.a.a.b.c.JavaClass@7308ffff
14:10:32.955 [main] DEBUG org.aspectj.weaver.bcel.BcelWorld - 14:10:32.955 main - o.a.w.b.BcelWorld.lookupJavaClass o.a.w.l.LTWWorld@2b4a2ec7 io.qameta.allure.model.TestResultContainer, o.a.a.b.c.JavaClass@23f72d88
14:10:32.955 [main] DEBUG org.aspectj.weaver.bcel.BcelWorld - 14:10:32.955 main - o.a.w.b.BcelWorld.lookupJavaClass o.a.w.l.LTWWorld@2b4a2ec7 io.qameta.allure.model.FixtureResult, o.a.a.b.c.JavaClass@63716833
14:10:32.955 [main] DEBUG org.aspectj.weaver.bcel.BcelWorld - 14:10:32.955 main - o.a.w.b.BcelWorld.lookupJavaClass o.a.w.l.LTWWorld@2b4a2ec7 io.qameta.allure.model.StepResult, o.a.a.b.c.JavaClass@5432c277
14:10:32.956 [main] DEBUG org.aspectj.weaver.bcel.BcelWorld - 14:10:32.956 main - o.a.w.b.BcelWorld.lookupJavaClass o.a.w.l.LTWWorld@2b4a2ec7 java.util.function.BiConsumer, o.a.a.b.c.JavaClass@719d35e8
14:10:32.956 [main] DEBUG org.aspectj.weaver.bcel.BcelWeaver - 14:10:32.956 main < o.a.w.b.BcelWeaver.weaveAndNotify
14:10:32.956 [main] DEBUG org.aspectj.weaver.bcel.BcelWeaver - 14:10:32.956 main < o.a.w.b.BcelWeaver.weave java.util.ArrayList(1)
14:10:32.956 [main] DEBUG o.a.weaver.tools.WeavingAdaptor - 14:10:32.956 main < o.a.w.t.WeavingAdaptor.weaveClass byte[8417]
14:10:32.956 [main] DEBUG org.aspectj.weaver.Dump - 14:10:32.956 main > o.a.w.Dump.dumpOnExit o.a.w.t.WeavingAdaptor$WeavingAdaptorMessageHolder@6a6afff2
14:10:32.956 [main] DEBUG org.aspectj.weaver.Dump - 14:10:32.956 main > o.a.w.Dump.shouldDumpOnExit o.a.w.t.WeavingAdaptor$WeavingAdaptorMessageHolder@6a6afff2
14:10:32.956 [main] DEBUG org.aspectj.weaver.Dump - 14:10:32.956 main - o.a.w.Dump.shouldDumpOnExit abort
14:10:32.956 [main] DEBUG org.aspectj.weaver.Dump - 14:10:32.956 main < o.a.w.Dump.shouldDumpOnExit false
14:10:32.957 [main] DEBUG org.aspectj.weaver.Dump - 14:10:32.957 main < o.a.w.Dump.dumpOnExit Excluded
14:10:32.957 [main] DEBUG org.aspectj.weaver.loadtime.Aj - 14:10:32.957 main < o.a.w.l.Aj.preProcess byte[8417]
14:10:32.958 [main] DEBUG org.aspectj.weaver.loadtime.Aj - 14:10:32.958 main > o.a.w.l.Aj.preProcess o.a.w.l.Aj@b9afc07 io/qameta/allure/listener/ContainerLifecycleListener, byte[1145], j.i.l.ClassLoaders$AppClassLoader@3cd1a2f1
14:10:32.958 [main] DEBUG org.aspectj.weaver.loadtime.Aj - 14:10:32.958 main - o.a.w.l.Aj.preProcess o.a.w.l.Aj@b9afc07 j.i.l.ClassLoaders$PlatformClassLoader@1ad282e0, j.i.l.ClassLoaders$AppClassLoader@3cd1a2f1
14:10:32.958 [main] DEBUG o.a.weaver.tools.WeavingAdaptor - 14:10:32.958 main > o.a.w.t.WeavingAdaptor.weaveClass o.a.w.l.ClassLoaderWeavingAdaptor@140e5a13 io/qameta/allure/listener/ContainerLifecycleListener, byte[1145]
14:10:32.958 [main] DEBUG org.aspectj.weaver.bcel.BcelWeaver - 14:10:32.958 main > o.a.w.b.BcelWeaver.weave o.a.w.b.BcelWeaver@48524010 o.a.w.t.WeavingAdaptor$WeavingClassFileProvider@747d1932
14:10:32.959 [main] DEBUG org.aspectj.weaver.bcel.BcelWeaver - 14:10:32.959 main > o.a.w.b.BcelWeaver.weaveAndNotify o.a.w.b.BcelWeaver@48524010 o.a.w.b.UnwovenClassFile@736309a9, o.a.w.b.BcelObjectType@4e93dcb9, o.a.w.t.WeavingAdaptor$WeavingClassFileProvider$1@188b6035
14:10:32.959 [main] DEBUG org.aspectj.weaver.bcel.BcelWeaver - 14:10:32.959 main < o.a.w.b.BcelWeaver.weaveAndNotify
14:10:32.959 [main] DEBUG org.aspectj.weaver.bcel.BcelWeaver - 14:10:32.959 main < o.a.w.b.BcelWeaver.weave java.util.ArrayList(1)
14:10:32.959 [main] DEBUG o.a.weaver.tools.WeavingAdaptor - 14:10:32.959 main < o.a.w.t.WeavingAdaptor.weaveClass byte[1145]
14:10:32.959 [main] DEBUG org.aspectj.weaver.Dump - 14:10:32.959 main > o.a.w.Dump.dumpOnExit o.a.w.t.WeavingAdaptor$WeavingAdaptorMessageHolder@6a6afff2
14:10:32.959 [main] DEBUG org.aspectj.weaver.Dump - 14:10:32.959 main > o.a.w.Dump.shouldDumpOnExit o.a.w.t.WeavingAdaptor$WeavingAdaptorMessageHolder@6a6afff2
14:10:32.959 [main] DEBUG org.aspectj.weaver.Dump - 14:10:32.959 main - o.a.w.Dump.shouldDumpOnExit abort
14:10:32.959 [main] DEBUG org.aspectj.weaver.Dump - 14:10:32.959 main < o.a.w.Dump.shouldDumpOnExit false
14:10:32.959 [main] DEBUG org.aspectj.weaver.Dump - 14:10:32.959 main < o.a.w.Dump.dumpOnExit Excluded
14:10:32.959 [main] DEBUG org.aspectj.weaver.loadtime.Aj - 14:10:32.959 main < o.a.w.l.Aj.preProcess byte[1145]
14:10:32.960 [main] DEBUG org.aspectj.weaver.loadtime.Aj - 14:10:32.960 main > o.a.w.l.Aj.preProcess o.a.w.l.Aj@b9afc07 io/qameta/allure/listener/LifecycleListener, byte[141], j.i.l.ClassLoaders$AppClassLoader@3cd1a2f1
14:10:32.961 [main] DEBUG org.aspectj.weaver.loadtime.Aj - 14:10:32.960 main - o.a.w.l.Aj.preProcess o.a.w.l.Aj@b9afc07 j.i.l.ClassLoaders$PlatformClassLoader@1ad282e0, j.i.l.ClassLoaders$AppClassLoader@3cd1a2f1
14:10:32.961 [main] DEBUG o.a.weaver.tools.WeavingAdaptor - 14:10:32.961 main > o.a.w.t.WeavingAdaptor.weaveClass o.a.w.l.ClassLoaderWeavingAdaptor@140e5a13 io/qameta/allure/listener/LifecycleListener, byte[141]
14:10:32.961 [main] DEBUG org.aspectj.weaver.bcel.BcelWeaver - 14:10:32.961 main > o.a.w.b.BcelWeaver.weave o.a.w.b.BcelWeaver@48524010 o.a.w.t.WeavingAdaptor$WeavingClassFileProvider@7c891ba7
14:10:32.961 [main] DEBUG org.aspectj.weaver.bcel.BcelWeaver - 14:10:32.961 main > o.a.w.b.BcelWeaver.weaveAndNotify o.a.w.b.BcelWeaver@48524010 o.a.w.b.UnwovenClassFile@6240651f, o.a.w.b.BcelObjectType@3cf7298d, o.a.w.t.WeavingAdaptor$WeavingClassFileProvider$1@1ff55ff
14:10:32.961 [main] DEBUG org.aspectj.weaver.bcel.BcelWeaver - 14:10:32.961 main < o.a.w.b.BcelWeaver.weaveAndNotify
14:10:32.961 [main] DEBUG org.aspectj.weaver.bcel.BcelWeaver - 14:10:32.961 main < o.a.w.b.BcelWeaver.weave java.util.ArrayList(1)
14:10:32.961 [main] DEBUG o.a.weaver.tools.WeavingAdaptor - 14:10:32.961 main < o.a.w.t.WeavingAdaptor.weaveClass byte[141]
14:10:32.961 [main] DEBUG org.aspectj.weaver.Dump - 14:10:32.961 main > o.a.w.Dump.dumpOnExit o.a.w.t.WeavingAdaptor$WeavingAdaptorMessageHolder@6a6afff2
14:10:32.961 [main] DEBUG org.aspectj.weaver.Dump - 14:10:32.961 main > o.a.w.Dump.shouldDumpOnExit o.a.w.t.WeavingAdaptor$WeavingAdaptorMessageHolder@6a6afff2
14:10:32.961 [main] DEBUG org.aspectj.weaver.Dump - 14:10:32.961 main - o.a.w.Dump.shouldDumpOnExit abort
14:10:32.961 [main] DEBUG org.aspectj.weaver.Dump - 14:10:32.961 main < o.a.w.Dump.shouldDumpOnExit false
14:10:32.961 [main] DEBUG org.aspectj.weaver.Dump - 14:10:32.961 main < o.a.w.Dump.dumpOnExit Excluded
14:10:32.962 [main] DEBUG org.aspectj.weaver.loadtime.Aj - 14:10:32.962 main < o.a.w.l.Aj.preProcess byte[141]
14:10:32.964 [main] DEBUG org.aspectj.weaver.loadtime.Aj - 14:10:32.963 main > o.a.w.l.Aj.preProcess o.a.w.l.Aj@b9afc07 io/qameta/allure/listener/TestLifecycleListener, byte[1244], j.i.l.ClassLoaders$AppClassLoader@3cd1a2f1
14:10:32.964 [main] DEBUG org.aspectj.weaver.loadtime.Aj - 14:10:32.964 main - o.a.w.l.Aj.preProcess o.a.w.l.Aj@b9afc07 j.i.l.ClassLoaders$PlatformClassLoader@1ad282e0, j.i.l.ClassLoaders$AppClassLoader@3cd1a2f1
14:10:32.964 [main] DEBUG o.a.weaver.tools.WeavingAdaptor - 14:10:32.964 main > o.a.w.t.WeavingAdaptor.weaveClass o.a.w.l.ClassLoaderWeavingAdaptor@140e5a13 io/qameta/allure/listener/TestLifecycleListener, byte[1244]
14:10:32.964 [main] DEBUG org.aspectj.weaver.bcel.BcelWeaver - 14:10:32.964 main > o.a.w.b.BcelWeaver.weave o.a.w.b.BcelWeaver@48524010 o.a.w.t.WeavingAdaptor$WeavingClassFileProvider@2a03d65c
14:10:32.964 [main] DEBUG org.aspectj.weaver.bcel.BcelWeaver - 14:10:32.964 main > o.a.w.b.BcelWeaver.weaveAndNotify o.a.w.b.BcelWeaver@48524010 o.a.w.b.UnwovenClassFile@6642dc5a, o.a.w.b.BcelObjectType@43da41e, o.a.w.t.WeavingAdaptor$WeavingClassFileProvider$1@148c7c4b
14:10:32.964 [main] DEBUG org.aspectj.weaver.bcel.BcelWeaver - 14:10:32.964 main < o.a.w.b.BcelWeaver.weaveAndNotify
14:10:32.964 [main] DEBUG org.aspectj.weaver.bcel.BcelWeaver - 14:10:32.964 main < o.a.w.b.BcelWeaver.weave java.util.ArrayList(1)
14:10:32.964 [main] DEBUG o.a.weaver.tools.WeavingAdaptor - 14:10:32.964 main < o.a.w.t.WeavingAdaptor.weaveClass byte[1244]
14:10:32.964 [main] DEBUG org.aspectj.weaver.Dump - 14:10:32.964 main > o.a.w.Dump.dumpOnExit o.a.w.t.WeavingAdaptor$WeavingAdaptorMessageHolder@6a6afff2
14:10:32.965 [main] DEBUG org.aspectj.weaver.Dump - 14:10:32.965 main > o.a.w.Dump.shouldDumpOnExit o.a.w.t.WeavingAdaptor$WeavingAdaptorMessageHolder@6a6afff2
14:10:32.965 [main] DEBUG org.aspectj.weaver.Dump - 14:10:32.965 main - o.a.w.Dump.shouldDumpOnExit abort
14:10:32.965 [main] DEBUG org.aspectj.weaver.Dump - 14:10:32.965 main < o.a.w.Dump.shouldDumpOnExit false
14:10:32.965 [main] DEBUG org.aspectj.weaver.Dump - 14:10:32.965 main < o.a.w.Dump.dumpOnExit Excluded
14:10:32.965 [main] DEBUG org.aspectj.weaver.loadtime.Aj - 14:10:32.965 main < o.a.w.l.Aj.preProcess byte[1244]
14:10:32.967 [main] DEBUG org.aspectj.weaver.loadtime.Aj - 14:10:32.967 main > o.a.w.l.Aj.preProcess o.a.w.l.Aj@b9afc07 io/qameta/allure/listener/FixtureLifecycleListener, byte[933], j.i.l.ClassLoaders$AppClassLoader@3cd1a2f1
14:10:32.967 [main] DEBUG org.aspectj.weaver.loadtime.Aj - 14:10:32.967 main - o.a.w.l.Aj.preProcess o.a.w.l.Aj@b9afc07 j.i.l.ClassLoaders$PlatformClassLoader@1ad282e0, j.i.l.ClassLoaders$AppClassLoader@3cd1a2f1
14:10:32.967 [main] DEBUG o.a.weaver.tools.WeavingAdaptor - 14:10:32.967 main > o.a.w.t.WeavingAdaptor.weaveClass o.a.w.l.ClassLoaderWeavingAdaptor@140e5a13 io/qameta/allure/listener/FixtureLifecycleListener, byte[933]
14:10:32.968 [main] DEBUG org.aspectj.weaver.bcel.BcelWeaver - 14:10:32.967 main > o.a.w.b.BcelWeaver.weave o.a.w.b.BcelWeaver@48524010 o.a.w.t.WeavingAdaptor$WeavingClassFileProvider@4eb45fec
14:10:32.968 [main] DEBUG org.aspectj.weaver.bcel.BcelWeaver - 14:10:32.968 main > o.a.w.b.BcelWeaver.weaveAndNotify o.a.w.b.BcelWeaver@48524010 o.a.w.b.UnwovenClassFile@211febf3, o.a.w.b.BcelObjectType@3bd3d05e, o.a.w.t.WeavingAdaptor$WeavingClassFileProvider$1@6aba5d30
14:10:32.968 [main] DEBUG org.aspectj.weaver.bcel.BcelWeaver - 14:10:32.968 main < o.a.w.b.BcelWeaver.weaveAndNotify
14:10:32.968 [main] DEBUG org.aspectj.weaver.bcel.BcelWeaver - 14:10:32.968 main < o.a.w.b.BcelWeaver.weave java.util.ArrayList(1)
14:10:32.968 [main] DEBUG o.a.weaver.tools.WeavingAdaptor - 14:10:32.968 main < o.a.w.t.WeavingAdaptor.weaveClass byte[933]
14:10:32.968 [main] DEBUG org.aspectj.weaver.Dump - 14:10:32.968 main > o.a.w.Dump.dumpOnExit o.a.w.t.WeavingAdaptor$WeavingAdaptorMessageHolder@6a6afff2
14:10:32.968 [main] DEBUG org.aspectj.weaver.Dump - 14:10:32.968 main > o.a.w.Dump.shouldDumpOnExit o.a.w.t.WeavingAdaptor$WeavingAdaptorMessageHolder@6a6afff2
14:10:32.968 [main] DEBUG org.aspectj.weaver.Dump - 14:10:32.968 main - o.a.w.Dump.shouldDumpOnExit abort
14:10:32.968 [main] DEBUG org.aspectj.weaver.Dump - 14:10:32.968 main < o.a.w.Dump.shouldDumpOnExit false
14:10:32.968 [main] DEBUG org.aspectj.weaver.Dump - 14:10:32.968 main < o.a.w.Dump.dumpOnExit Excluded
14:10:32.968 [main] DEBUG org.aspectj.weaver.loadtime.Aj - 14:10:32.968 main < o.a.w.l.Aj.preProcess byte[933]
14:10:32.969 [main] DEBUG org.aspectj.weaver.loadtime.Aj - 14:10:32.969 main > o.a.w.l.Aj.preProcess o.a.w.l.Aj@b9afc07 io/qameta/allure/listener/StepLifecycleListener, byte[900], j.i.l.ClassLoaders$AppClassLoader@3cd1a2f1
14:10:32.970 [main] DEBUG org.aspectj.weaver.loadtime.Aj - 14:10:32.969 main - o.a.w.l.Aj.preProcess o.a.w.l.Aj@b9afc07 j.i.l.ClassLoaders$PlatformClassLoader@1ad282e0, j.i.l.ClassLoaders$AppClassLoader@3cd1a2f1
14:10:32.970 [main] DEBUG o.a.weaver.tools.WeavingAdaptor - 14:10:32.970 main > o.a.w.t.WeavingAdaptor.weaveClass o.a.w.l.ClassLoaderWeavingAdaptor@140e5a13 io/qameta/allure/listener/StepLifecycleListener, byte[900]
14:10:32.970 [main] DEBUG org.aspectj.weaver.bcel.BcelWeaver - 14:10:32.970 main > o.a.w.b.BcelWeaver.weave o.a.w.b.BcelWeaver@48524010 o.a.w.t.WeavingAdaptor$WeavingClassFileProvider@459cfcca
14:10:32.970 [main] DEBUG org.aspectj.weaver.bcel.BcelWeaver - 14:10:32.970 main > o.a.w.b.BcelWeaver.weaveAndNotify o.a.w.b.BcelWeaver@48524010 o.a.w.b.UnwovenClassFile@2acbc859, o.a.w.b.BcelObjectType@6ab7ce48, o.a.w.t.WeavingAdaptor$WeavingClassFileProvider$1@2c6aed22
14:10:32.971 [main] DEBUG org.aspectj.weaver.bcel.BcelWeaver - 14:10:32.971 main < o.a.w.b.BcelWeaver.weaveAndNotify
14:10:32.971 [main] DEBUG org.aspectj.weaver.bcel.BcelWeaver - 14:10:32.971 main < o.a.w.b.BcelWeaver.weave java.util.ArrayList(1)
14:10:32.971 [main] DEBUG o.a.weaver.tools.WeavingAdaptor - 14:10:32.971 main < o.a.w.t.WeavingAdaptor.weaveClass byte[900]
14:10:32.971 [main] DEBUG org.aspectj.weaver.Dump - 14:10:32.971 main > o.a.w.Dump.dumpOnExit o.a.w.t.WeavingAdaptor$WeavingAdaptorMessageHolder@6a6afff2
14:10:32.971 [main] DEBUG org.aspectj.weaver.Dump - 14:10:32.971 main > o.a.w.Dump.shouldDumpOnExit o.a.w.t.WeavingAdaptor$WeavingAdaptorMessageHolder@6a6afff2
14:10:32.971 [main] DEBUG org.aspectj.weaver.Dump - 14:10:32.971 main - o.a.w.Dump.shouldDumpOnExit abort
14:10:32.971 [main] DEBUG org.aspectj.weaver.Dump - 14:10:32.971 main < o.a.w.Dump.shouldDumpOnExit false
14:10:32.971 [main] DEBUG org.aspectj.weaver.Dump - 14:10:32.971 main < o.a.w.Dump.dumpOnExit Excluded
14:10:32.971 [main] DEBUG org.aspectj.weaver.loadtime.Aj - 14:10:32.971 main < o.a.w.l.Aj.preProcess byte[900]
14:10:32.973 [main] DEBUG org.aspectj.weaver.loadtime.Aj - 14:10:32.973 main > o.a.w.l.Aj.preProcess o.a.w.l.Aj@b9afc07 io/qameta/allure/util/ServiceLoaderUtils, byte[2214], j.i.l.ClassLoaders$AppClassLoader@3cd1a2f1
14:10:32.974 [main] DEBUG org.aspectj.weaver.loadtime.Aj - 14:10:32.974 main - o.a.w.l.Aj.preProcess o.a.w.l.Aj@b9afc07 j.i.l.ClassLoaders$PlatformClassLoader@1ad282e0, j.i.l.ClassLoaders$AppClassLoader@3cd1a2f1
14:10:32.974 [main] DEBUG o.a.weaver.tools.WeavingAdaptor - 14:10:32.974 main > o.a.w.t.WeavingAdaptor.weaveClass o.a.w.l.ClassLoaderWeavingAdaptor@140e5a13 io/qameta/allure/util/ServiceLoaderUtils, byte[2214]
14:10:32.974 [main] DEBUG org.aspectj.weaver.bcel.BcelWeaver - 14:10:32.974 main > o.a.w.b.BcelWeaver.weave o.a.w.b.BcelWeaver@48524010 o.a.w.t.WeavingAdaptor$WeavingClassFileProvider@25a5c7db
14:10:32.974 [main] DEBUG org.aspectj.weaver.bcel.BcelWeaver - 14:10:32.974 main > o.a.w.b.BcelWeaver.weaveAndNotify o.a.w.b.BcelWeaver@48524010 o.a.w.b.UnwovenClassFile@4d27d9d, o.a.w.b.BcelObjectType@28f878a0, o.a.w.t.WeavingAdaptor$WeavingClassFileProvider$1@20411320
14:10:32.974 [main] DEBUG org.aspectj.weaver.bcel.BcelWorld - 14:10:32.974 main - o.a.w.b.BcelWorld.lookupJavaClass o.a.w.l.LTWWorld@2b4a2ec7 java.util.Iterator, o.a.a.b.c.JavaClass@1de76cc7
14:10:32.975 [main] DEBUG org.aspectj.weaver.bcel.BcelWeaver - 14:10:32.975 main < o.a.w.b.BcelWeaver.weaveAndNotify
14:10:32.975 [main] DEBUG org.aspectj.weaver.bcel.BcelWeaver - 14:10:32.975 main < o.a.w.b.BcelWeaver.weave java.util.ArrayList(1)
14:10:32.975 [main] DEBUG o.a.weaver.tools.WeavingAdaptor - 14:10:32.975 main < o.a.w.t.WeavingAdaptor.weaveClass byte[2214]
14:10:32.975 [main] DEBUG org.aspectj.weaver.Dump - 14:10:32.975 main > o.a.w.Dump.dumpOnExit o.a.w.t.WeavingAdaptor$WeavingAdaptorMessageHolder@6a6afff2
14:10:32.975 [main] DEBUG org.aspectj.weaver.Dump - 14:10:32.975 main > o.a.w.Dump.shouldDumpOnExit o.a.w.t.WeavingAdaptor$WeavingAdaptorMessageHolder@6a6afff2
14:10:32.975 [main] DEBUG org.aspectj.weaver.Dump - 14:10:32.975 main - o.a.w.Dump.shouldDumpOnExit abort
14:10:32.975 [main] DEBUG org.aspectj.weaver.Dump - 14:10:32.975 main < o.a.w.Dump.shouldDumpOnExit false
14:10:32.975 [main] DEBUG org.aspectj.weaver.Dump - 14:10:32.975 main < o.a.w.Dump.dumpOnExit Excluded
14:10:32.975 [main] DEBUG org.aspectj.weaver.loadtime.Aj - 14:10:32.975 main < o.a.w.l.Aj.preProcess byte[2214]
14:10:32.980 [main] DEBUG org.aspectj.weaver.loadtime.Aj - 14:10:32.979 main > o.a.w.l.Aj.preProcess o.a.w.l.Aj@b9afc07 io/qameta/allure/internal/AllureStorage, byte[4308], j.i.l.ClassLoaders$AppClassLoader@3cd1a2f1
14:10:32.980 [main] DEBUG org.aspectj.weaver.loadtime.Aj - 14:10:32.980 main - o.a.w.l.Aj.preProcess o.a.w.l.Aj@b9afc07 j.i.l.ClassLoaders$PlatformClassLoader@1ad282e0, j.i.l.ClassLoaders$AppClassLoader@3cd1a2f1
14:10:32.980 [main] DEBUG o.a.weaver.tools.WeavingAdaptor - 14:10:32.980 main > o.a.w.t.WeavingAdaptor.weaveClass o.a.w.l.ClassLoaderWeavingAdaptor@140e5a13 io/qameta/allure/internal/AllureStorage, byte[4308]
14:10:32.980 [main] DEBUG org.aspectj.weaver.bcel.BcelWeaver - 14:10:32.980 main > o.a.w.b.BcelWeaver.weave o.a.w.b.BcelWeaver@48524010 o.a.w.t.WeavingAdaptor$WeavingClassFileProvider@255e5e2e
14:10:32.980 [main] DEBUG org.aspectj.weaver.bcel.BcelWeaver - 14:10:32.980 main > o.a.w.b.BcelWeaver.weaveAndNotify o.a.w.b.BcelWeaver@48524010 o.a.w.b.UnwovenClassFile@12abdfb, o.a.w.b.BcelObjectType@b0e5507, o.a.w.t.WeavingAdaptor$WeavingClassFileProvider$1@6bbe50c9
14:10:32.985 [main] DEBUG org.aspectj.weaver.bcel.BcelWorld - 14:10:32.983 main - o.a.w.b.BcelWorld.lookupJavaClass o.a.w.l.LTWWorld@2b4a2ec7 java.util.Optional, o.a.a.b.c.JavaClass@6676f6a0
14:10:32.985 [main] DEBUG org.aspectj.weaver.bcel.BcelWeaver - 14:10:32.985 main < o.a.w.b.BcelWeaver.weaveAndNotify
14:10:32.985 [main] DEBUG org.aspectj.weaver.bcel.BcelWeaver - 14:10:32.985 main < o.a.w.b.BcelWeaver.weave java.util.ArrayList(1)
14:10:32.985 [main] DEBUG o.a.weaver.tools.WeavingAdaptor - 14:10:32.985 main < o.a.w.t.WeavingAdaptor.weaveClass byte[4308]
14:10:32.985 [main] DEBUG org.aspectj.weaver.Dump - 14:10:32.985 main > o.a.w.Dump.dumpOnExit o.a.w.t.WeavingAdaptor$WeavingAdaptorMessageHolder@6a6afff2
14:10:32.985 [main] DEBUG org.aspectj.weaver.Dump - 14:10:32.985 main > o.a.w.Dump.shouldDumpOnExit o.a.w.t.WeavingAdaptor$WeavingAdaptorMessageHolder@6a6afff2
14:10:32.986 [main] DEBUG org.aspectj.weaver.Dump - 14:10:32.986 main - o.a.w.Dump.shouldDumpOnExit abort
14:10:32.987 [main] DEBUG org.aspectj.weaver.Dump - 14:10:32.987 main < o.a.w.Dump.shouldDumpOnExit false
14:10:32.987 [main] DEBUG org.aspectj.weaver.Dump - 14:10:32.987 main < o.a.w.Dump.dumpOnExit Excluded
14:10:32.987 [main] DEBUG org.aspectj.weaver.loadtime.Aj - 14:10:32.987 main < o.a.w.l.Aj.preProcess byte[4308]
14:10:32.992 [main] DEBUG org.aspectj.weaver.loadtime.Aj - 14:10:32.992 main > o.a.w.l.Aj.preProcess o.a.w.l.Aj@b9afc07 io/qameta/allure/internal/AllureThreadContext, byte[2021], j.i.l.ClassLoaders$AppClassLoader@3cd1a2f1
14:10:32.992 [main] DEBUG org.aspectj.weaver.loadtime.Aj - 14:10:32.992 main - o.a.w.l.Aj.preProcess o.a.w.l.Aj@b9afc07 j.i.l.ClassLoaders$PlatformClassLoader@1ad282e0, j.i.l.ClassLoaders$AppClassLoader@3cd1a2f1
14:10:32.992 [main] DEBUG o.a.weaver.tools.WeavingAdaptor - 14:10:32.992 main > o.a.w.t.WeavingAdaptor.weaveClass o.a.w.l.ClassLoaderWeavingAdaptor@140e5a13 io/qameta/allure/internal/AllureThreadContext, byte[2021]
14:10:32.993 [main] DEBUG org.aspectj.weaver.bcel.BcelWeaver - 14:10:32.993 main > o.a.w.b.BcelWeaver.weave o.a.w.b.BcelWeaver@48524010 o.a.w.t.WeavingAdaptor$WeavingClassFileProvider@7a1f45ed
14:10:32.993 [main] DEBUG org.aspectj.weaver.bcel.BcelWeaver - 14:10:32.993 main > o.a.w.b.BcelWeaver.weaveAndNotify o.a.w.b.BcelWeaver@48524010 o.a.w.b.UnwovenClassFile@1744a475, o.a.w.b.BcelObjectType@444cc791, o.a.w.t.WeavingAdaptor$WeavingClassFileProvider$1@1c5c616f
14:10:32.993 [main] DEBUG org.aspectj.weaver.bcel.BcelWeaver - 14:10:32.993 main < o.a.w.b.BcelWeaver.weaveAndNotify
14:10:32.993 [main] DEBUG org.aspectj.weaver.bcel.BcelWeaver - 14:10:32.993 main < o.a.w.b.BcelWeaver.weave java.util.ArrayList(1)
14:10:32.993 [main] DEBUG o.a.weaver.tools.WeavingAdaptor - 14:10:32.993 main < o.a.w.t.WeavingAdaptor.weaveClass byte[2021]
14:10:32.994 [main] DEBUG org.aspectj.weaver.Dump - 14:10:32.993 main > o.a.w.Dump.dumpOnExit o.a.w.t.WeavingAdaptor$WeavingAdaptorMessageHolder@6a6afff2
14:10:32.994 [main] DEBUG org.aspectj.weaver.Dump - 14:10:32.994 main > o.a.w.Dump.shouldDumpOnExit o.a.w.t.WeavingAdaptor$WeavingAdaptorMessageHolder@6a6afff2
14:10:32.994 [main] DEBUG org.aspectj.weaver.Dump - 14:10:32.994 main - o.a.w.Dump.shouldDumpOnExit abort
14:10:32.994 [main] DEBUG org.aspectj.weaver.Dump - 14:10:32.994 main < o.a.w.Dump.shouldDumpOnExit false
14:10:32.994 [main] DEBUG org.aspectj.weaver.Dump - 14:10:32.994 main < o.a.w.Dump.dumpOnExit Excluded
14:10:32.994 [main] DEBUG org.aspectj.weaver.loadtime.Aj - 14:10:32.994 main < o.a.w.l.Aj.preProcess byte[2021]
14:10:32.995 [main] DEBUG org.aspectj.weaver.loadtime.Aj - 14:10:32.995 main > o.a.w.l.Aj.preProcess o.a.w.l.Aj@b9afc07 io/qameta/allure/internal/AllureThreadContext$Context, byte[1615], j.i.l.ClassLoaders$AppClassLoader@3cd1a2f1
14:10:32.995 [main] DEBUG org.aspectj.weaver.loadtime.Aj - 14:10:32.995 main - o.a.w.l.Aj.preProcess o.a.w.l.Aj@b9afc07 j.i.l.ClassLoaders$PlatformClassLoader@1ad282e0, j.i.l.ClassLoaders$AppClassLoader@3cd1a2f1
14:10:32.995 [main] DEBUG o.a.weaver.tools.WeavingAdaptor - 14:10:32.995 main > o.a.w.t.WeavingAdaptor.weaveClass o.a.w.l.ClassLoaderWeavingAdaptor@140e5a13 io/qameta/allure/internal/AllureThreadContext$Context, byte[1615]
14:10:32.995 [main] DEBUG org.aspectj.weaver.bcel.BcelWeaver - 14:10:32.995 main > o.a.w.b.BcelWeaver.weave o.a.w.b.BcelWeaver@48524010 o.a.w.t.WeavingAdaptor$WeavingClassFileProvider@6a48a7f3
14:10:32.996 [main] DEBUG org.aspectj.weaver.bcel.BcelWorld - 14:10:32.996 main - o.a.w.b.BcelWorld.lookupJavaClass o.a.w.l.LTWWorld@2b4a2ec7 java.lang.InheritableThreadLocal, o.a.a.b.c.JavaClass@1cb7936c
14:10:32.996 [main] DEBUG org.aspectj.weaver.bcel.BcelWeaver - 14:10:32.996 main > o.a.w.b.BcelWeaver.weaveAndNotify o.a.w.b.BcelWeaver@48524010 o.a.w.b.UnwovenClassFile@3f985a86, o.a.w.b.BcelObjectType@57a2ed35, o.a.w.t.WeavingAdaptor$WeavingClassFileProvider$1@12ffd1de
14:10:32.996 [main] DEBUG org.aspectj.weaver.bcel.BcelWorld - 14:10:32.996 main - o.a.w.b.BcelWorld.lookupJavaClass o.a.w.l.LTWWorld@2b4a2ec7 java.lang.ThreadLocal, o.a.a.b.c.JavaClass@65eabaab
14:10:32.998 [main] DEBUG org.aspectj.weaver.bcel.BcelWorld - 14:10:32.998 main - o.a.w.b.BcelWorld.lookupJavaClass o.a.w.l.LTWWorld@2b4a2ec7 java.util.LinkedList, o.a.a.b.c.JavaClass@4096aa05
14:10:32.998 [main] DEBUG org.aspectj.weaver.bcel.BcelWeaver - 14:10:32.998 main < o.a.w.b.BcelWeaver.weaveAndNotify
14:10:32.998 [main] DEBUG org.aspectj.weaver.bcel.BcelWeaver - 14:10:32.998 main < o.a.w.b.BcelWeaver.weave java.util.ArrayList(1)
14:10:32.998 [main] DEBUG o.a.weaver.tools.WeavingAdaptor - 14:10:32.998 main < o.a.w.t.WeavingAdaptor.weaveClass byte[1615]
14:10:32.999 [main] DEBUG org.aspectj.weaver.Dump - 14:10:32.998 main > o.a.w.Dump.dumpOnExit o.a.w.t.WeavingAdaptor$WeavingAdaptorMessageHolder@6a6afff2
14:10:32.999 [main] DEBUG org.aspectj.weaver.Dump - 14:10:32.999 main > o.a.w.Dump.shouldDumpOnExit o.a.w.t.WeavingAdaptor$WeavingAdaptorMessageHolder@6a6afff2
14:10:32.999 [main] DEBUG org.aspectj.weaver.Dump - 14:10:32.999 main - o.a.w.Dump.shouldDumpOnExit abort
14:10:32.999 [main] DEBUG org.aspectj.weaver.Dump - 14:10:32.999 main < o.a.w.Dump.shouldDumpOnExit false
14:10:32.999 [main] DEBUG org.aspectj.weaver.Dump - 14:10:32.999 main < o.a.w.Dump.dumpOnExit Excluded
14:10:32.999 [main] DEBUG org.aspectj.weaver.loadtime.Aj - 14:10:32.999 main < o.a.w.l.Aj.preProcess byte[1615]
14:10:33.002 [main] DEBUG org.aspectj.weaver.loadtime.Aj - 14:10:33.002 main > o.a.w.l.Aj.preProcess o.a.w.l.Aj@b9afc07 org/junit/platform/launcher/listeners/UniqueIdTrackingListener, byte[9072], j.i.l.ClassLoaders$AppClassLoader@3cd1a2f1
14:10:33.002 [main] DEBUG org.aspectj.weaver.loadtime.Aj - 14:10:33.002 main - o.a.w.l.Aj.preProcess o.a.w.l.Aj@b9afc07 j.i.l.ClassLoaders$PlatformClassLoader@1ad282e0, j.i.l.ClassLoaders$AppClassLoader@3cd1a2f1
14:10:33.002 [main] DEBUG o.a.weaver.tools.WeavingAdaptor - 14:10:33.002 main > o.a.w.t.WeavingAdaptor.weaveClass o.a.w.l.ClassLoaderWeavingAdaptor@140e5a13 org/junit/platform/launcher/listeners/UniqueIdTrackingListener, byte[9072]
14:10:33.064 [main] DEBUG org.aspectj.weaver.bcel.BcelWeaver - 14:10:33.064 main > o.a.w.b.BcelWeaver.weave o.a.w.b.BcelWeaver@48524010 o.a.w.t.WeavingAdaptor$WeavingClassFileProvider@16a49a5d
14:10:33.064 [main] DEBUG org.aspectj.weaver.bcel.BcelWorld - 14:10:33.064 main - o.a.w.b.BcelWorld.lookupJavaClass o.a.w.l.LTWWorld@2b4a2ec7 org.junit.platform.launcher.TestExecutionListener, o.a.a.b.c.JavaClass@71e693fa
14:10:33.064 [main] DEBUG org.aspectj.weaver.bcel.BcelWeaver - 14:10:33.064 main > o.a.w.b.BcelWeaver.weaveAndNotify o.a.w.b.BcelWeaver@48524010 o.a.w.b.UnwovenClassFile@54bca971, o.a.w.b.BcelObjectType@23706db8, o.a.w.t.WeavingAdaptor$WeavingClassFileProvider$1@205bed61
14:10:33.065 [main] DEBUG org.aspectj.weaver.bcel.BcelWorld - 14:10:33.065 main - o.a.w.b.BcelWorld.lookupJavaClass o.a.w.l.LTWWorld@2b4a2ec7 org.junit.platform.launcher.TestPlan, o.a.a.b.c.JavaClass@3eb77ea8
14:10:33.068 [main] DEBUG org.aspectj.weaver.bcel.BcelWorld - 14:10:33.068 main - o.a.w.b.BcelWorld.lookupJavaClass o.a.w.l.LTWWorld@2b4a2ec7 org.junit.platform.launcher.TestIdentifier, o.a.a.b.c.JavaClass@3403e2ac
14:10:33.068 [main] DEBUG org.aspectj.weaver.bcel.BcelWorld - 14:10:33.068 main - o.a.w.b.BcelWorld.lookupJavaClass o.a.w.l.LTWWorld@2b4a2ec7 org.junit.platform.engine.TestExecutionResult, o.a.a.b.c.JavaClass@327bcebd
14:10:33.069 [main] DEBUG org.aspectj.weaver.bcel.BcelWorld - 14:10:33.069 main - o.a.w.b.BcelWorld.lookupJavaClass o.a.w.l.LTWWorld@2b4a2ec7 org.junit.platform.engine.ConfigurationParameters, o.a.a.b.c.JavaClass@29ca3d04
14:10:33.069 [main] DEBUG org.aspectj.weaver.bcel.BcelWorld - 14:10:33.069 main - o.a.w.b.BcelWorld.lookupJavaClass o.a.w.l.LTWWorld@2b4a2ec7 java.nio.file.Path, o.a.a.b.c.JavaClass@47f9738
14:10:33.070 [main] DEBUG org.aspectj.weaver.bcel.BcelWorld - 14:10:33.070 main - o.a.w.b.BcelWorld.lookupJavaClass o.a.w.l.LTWWorld@2b4a2ec7 java.nio.file.attribute.BasicFileAttributes, o.a.a.b.c.JavaClass@23592946
14:10:33.071 [main] DEBUG org.aspectj.weaver.bcel.BcelWeaver - 14:10:33.070 main < o.a.w.b.BcelWeaver.weaveAndNotify
14:10:33.071 [main] DEBUG org.aspectj.weaver.bcel.BcelWeaver - 14:10:33.071 main < o.a.w.b.BcelWeaver.weave java.util.ArrayList(1)
14:10:33.071 [main] DEBUG o.a.weaver.tools.WeavingAdaptor - 14:10:33.071 main < o.a.w.t.WeavingAdaptor.weaveClass byte[9072]
14:10:33.071 [main] DEBUG org.aspectj.weaver.Dump - 14:10:33.071 main > o.a.w.Dump.dumpOnExit o.a.w.t.WeavingAdaptor$WeavingAdaptorMessageHolder@6a6afff2
14:10:33.071 [main] DEBUG org.aspectj.weaver.Dump - 14:10:33.071 main > o.a.w.Dump.shouldDumpOnExit o.a.w.t.WeavingAdaptor$WeavingAdaptorMessageHolder@6a6afff2
14:10:33.071 [main] DEBUG org.aspectj.weaver.Dump - 14:10:33.071 main - o.a.w.Dump.shouldDumpOnExit abort
14:10:33.071 [main] DEBUG org.aspectj.weaver.Dump - 14:10:33.071 main < o.a.w.Dump.shouldDumpOnExit false
14:10:33.071 [main] DEBUG org.aspectj.weaver.Dump - 14:10:33.071 main < o.a.w.Dump.dumpOnExit Excluded
14:10:33.071 [main] DEBUG org.aspectj.weaver.loadtime.Aj - 14:10:33.071 main < o.a.w.l.Aj.preProcess byte[9072]
14:10:33.075 [main] DEBUG org.aspectj.weaver.loadtime.Aj - 14:10:33.075 main > o.a.w.l.Aj.preProcess o.a.w.l.Aj@b9afc07 org/junit/platform/launcher/listeners/session/LauncherSessionListeners, byte[1862], j.i.l.ClassLoaders$AppClassLoader@3cd1a2f1
14:10:33.075 [main] DEBUG org.aspectj.weaver.loadtime.Aj - 14:10:33.075 main - o.a.w.l.Aj.preProcess o.a.w.l.Aj@b9afc07 j.i.l.ClassLoaders$PlatformClassLoader@1ad282e0, j.i.l.ClassLoaders$AppClassLoader@3cd1a2f1
14:10:33.075 [main] DEBUG o.a.weaver.tools.WeavingAdaptor - 14:10:33.075 main > o.a.w.t.WeavingAdaptor.weaveClass o.a.w.l.ClassLoaderWeavingAdaptor@140e5a13 org/junit/platform/launcher/listeners/session/LauncherSessionListeners, byte[1862]
14:10:33.076 [main] DEBUG org.aspectj.weaver.bcel.BcelWeaver - 14:10:33.076 main > o.a.w.b.BcelWeaver.weave o.a.w.b.BcelWeaver@48524010 o.a.w.t.WeavingAdaptor$WeavingClassFileProvider@7a2b1eb4
14:10:33.076 [main] DEBUG org.aspectj.weaver.bcel.BcelWeaver - 14:10:33.076 main > o.a.w.b.BcelWeaver.weaveAndNotify o.a.w.b.BcelWeaver@48524010 o.a.w.b.UnwovenClassFile@702c436b, o.a.w.b.BcelObjectType@5833f5cd, o.a.w.t.WeavingAdaptor$WeavingClassFileProvider$1@10fbbdb
14:10:33.077 [main] DEBUG org.aspectj.weaver.bcel.BcelWorld - 14:10:33.076 main - o.a.w.b.BcelWorld.lookupJavaClass o.a.w.l.LTWWorld@2b4a2ec7 org.junit.platform.launcher.LauncherSessionListener, o.a.a.b.c.JavaClass@550a1967
14:10:33.077 [main] DEBUG org.aspectj.weaver.bcel.BcelWeaver - 14:10:33.077 main < o.a.w.b.BcelWeaver.weaveAndNotify
14:10:33.077 [main] DEBUG org.aspectj.weaver.bcel.BcelWeaver - 14:10:33.077 main < o.a.w.b.BcelWeaver.weave java.util.ArrayList(1)
14:10:33.077 [main] DEBUG o.a.weaver.tools.WeavingAdaptor - 14:10:33.077 main < o.a.w.t.WeavingAdaptor.weaveClass byte[1862]
14:10:33.077 [main] DEBUG org.aspectj.weaver.Dump - 14:10:33.077 main > o.a.w.Dump.dumpOnExit o.a.w.t.WeavingAdaptor$WeavingAdaptorMessageHolder@6a6afff2
14:10:33.077 [main] DEBUG org.aspectj.weaver.Dump - 14:10:33.077 main > o.a.w.Dump.shouldDumpOnExit o.a.w.t.WeavingAdaptor$WeavingAdaptorMessageHolder@6a6afff2
14:10:33.077 [main] DEBUG org.aspectj.weaver.Dump - 14:10:33.077 main - o.a.w.Dump.shouldDumpOnExit abort
14:10:33.077 [main] DEBUG org.aspectj.weaver.Dump - 14:10:33.077 main < o.a.w.Dump.shouldDumpOnExit false
14:10:33.077 [main] DEBUG org.aspectj.weaver.Dump - 14:10:33.077 main < o.a.w.Dump.dumpOnExit Excluded
14:10:33.077 [main] DEBUG org.aspectj.weaver.loadtime.Aj - 14:10:33.077 main < o.a.w.l.Aj.preProcess byte[1862]
14:10:33.081 [main] DEBUG org.aspectj.weaver.loadtime.Aj - 14:10:33.081 main > o.a.w.l.Aj.preProcess o.a.w.l.Aj@b9afc07 org/junit/platform/launcher/LauncherSessionListener, byte[990], j.i.l.ClassLoaders$AppClassLoader@3cd1a2f1
14:10:33.081 [main] DEBUG org.aspectj.weaver.loadtime.Aj - 14:10:33.081 main - o.a.w.l.Aj.preProcess o.a.w.l.Aj@b9afc07 j.i.l.ClassLoaders$PlatformClassLoader@1ad282e0, j.i.l.ClassLoaders$AppClassLoader@3cd1a2f1
14:10:33.081 [main] DEBUG o.a.weaver.tools.WeavingAdaptor - 14:10:33.081 main > o.a.w.t.WeavingAdaptor.weaveClass o.a.w.l.ClassLoaderWeavingAdaptor@140e5a13 org/junit/platform/launcher/LauncherSessionListener, byte[990]
14:10:33.081 [main] DEBUG org.aspectj.weaver.bcel.BcelWeaver - 14:10:33.081 main > o.a.w.b.BcelWeaver.weave o.a.w.b.BcelWeaver@48524010 o.a.w.t.WeavingAdaptor$WeavingClassFileProvider@31ff6309
14:10:33.081 [main] DEBUG org.aspectj.weaver.bcel.BcelWeaver - 14:10:33.081 main > o.a.w.b.BcelWeaver.weaveAndNotify o.a.w.b.BcelWeaver@48524010 o.a.w.b.UnwovenClassFile@204e90f7, o.a.w.b.BcelObjectType@20a05b32, o.a.w.t.WeavingAdaptor$WeavingClassFileProvider$1@165e389b
14:10:33.084 [main] DEBUG org.aspectj.weaver.bcel.BcelWorld - 14:10:33.084 main - o.a.w.b.BcelWorld.lookupJavaClass o.a.w.l.LTWWorld@2b4a2ec7 org.junit.platform.launcher.LauncherSession, o.a.a.b.c.JavaClass@2ab5afc7
14:10:33.084 [main] DEBUG org.aspectj.weaver.bcel.BcelWeaver - 14:10:33.084 main < o.a.w.b.BcelWeaver.weaveAndNotify
14:10:33.084 [main] DEBUG org.aspectj.weaver.bcel.BcelWeaver - 14:10:33.084 main < o.a.w.b.BcelWeaver.weave java.util.ArrayList(1)
14:10:33.085 [main] DEBUG o.a.weaver.tools.WeavingAdaptor - 14:10:33.084 main < o.a.w.t.WeavingAdaptor.weaveClass byte[990]
14:10:33.085 [main] DEBUG org.aspectj.weaver.Dump - 14:10:33.085 main > o.a.w.Dump.dumpOnExit o.a.w.t.WeavingAdaptor$WeavingAdaptorMessageHolder@6a6afff2
14:10:33.085 [main] DEBUG org.aspectj.weaver.Dump - 14:10:33.085 main > o.a.w.Dump.shouldDumpOnExit o.a.w.t.WeavingAdaptor$WeavingAdaptorMessageHolder@6a6afff2
14:10:33.085 [main] DEBUG org.aspectj.weaver.Dump - 14:10:33.085 main - o.a.w.Dump.shouldDumpOnExit abort
14:10:33.085 [main] DEBUG org.aspectj.weaver.Dump - 14:10:33.085 main < o.a.w.Dump.shouldDumpOnExit false
14:10:33.085 [main] DEBUG org.aspectj.weaver.Dump - 14:10:33.085 main < o.a.w.Dump.dumpOnExit Excluded
14:10:33.085 [main] DEBUG org.aspectj.weaver.loadtime.Aj - 14:10:33.085 main < o.a.w.l.Aj.preProcess byte[990]
14:10:33.114 [main] DEBUG org.aspectj.weaver.loadtime.Aj - 14:10:33.114 main > o.a.w.l.Aj.preProcess o.a.w.l.Aj@b9afc07 org/junit/platform/launcher/LauncherSessionListener$1, byte[472], j.i.l.ClassLoaders$AppClassLoader@3cd1a2f1
14:10:33.114 [main] DEBUG org.aspectj.weaver.loadtime.Aj - 14:10:33.114 main - o.a.w.l.Aj.preProcess o.a.w.l.Aj@b9afc07 j.i.l.ClassLoaders$PlatformClassLoader@1ad282e0, j.i.l.ClassLoaders$AppClassLoader@3cd1a2f1
14:10:33.114 [main] DEBUG o.a.weaver.tools.WeavingAdaptor - 14:10:33.114 main > o.a.w.t.WeavingAdaptor.weaveClass o.a.w.l.ClassLoaderWeavingAdaptor@140e5a13 org/junit/platform/launcher/LauncherSessionListener$1, byte[472]
14:10:33.114 [main] DEBUG org.aspectj.weaver.bcel.BcelWeaver - 14:10:33.114 main > o.a.w.b.BcelWeaver.weave o.a.w.b.BcelWeaver@48524010 o.a.w.t.WeavingAdaptor$WeavingClassFileProvider@173797f0
14:10:33.115 [main] DEBUG org.aspectj.weaver.bcel.BcelWeaver - 14:10:33.115 main > o.a.w.b.BcelWeaver.weaveAndNotify o.a.w.b.BcelWeaver@48524010 o.a.w.b.UnwovenClassFile@3c35c345, o.a.w.b.BcelObjectType@3681037, o.a.w.t.WeavingAdaptor$WeavingClassFileProvider$1@2459319c
14:10:33.115 [main] DEBUG org.aspectj.weaver.bcel.BcelWeaver - 14:10:33.115 main < o.a.w.b.BcelWeaver.weaveAndNotify
14:10:33.115 [main] DEBUG org.aspectj.weaver.bcel.BcelWeaver - 14:10:33.115 main < o.a.w.b.BcelWeaver.weave java.util.ArrayList(1)
14:10:33.115 [main] DEBUG o.a.weaver.tools.WeavingAdaptor - 14:10:33.115 main < o.a.w.t.WeavingAdaptor.weaveClass byte[472]
14:10:33.115 [main] DEBUG org.aspectj.weaver.Dump - 14:10:33.115 main > o.a.w.Dump.dumpOnExit o.a.w.t.WeavingAdaptor$WeavingAdaptorMessageHolder@6a6afff2
14:10:33.115 [main] DEBUG org.aspectj.weaver.Dump - 14:10:33.115 main > o.a.w.Dump.shouldDumpOnExit o.a.w.t.WeavingAdaptor$WeavingAdaptorMessageHolder@6a6afff2
14:10:33.115 [main] DEBUG org.aspectj.weaver.Dump - 14:10:33.115 main - o.a.w.Dump.shouldDumpOnExit abort
14:10:33.115 [main] DEBUG org.aspectj.weaver.Dump - 14:10:33.115 main < o.a.w.Dump.shouldDumpOnExit false
14:10:33.115 [main] DEBUG org.aspectj.weaver.Dump - 14:10:33.115 main < o.a.w.Dump.dumpOnExit Excluded
14:10:33.115 [main] DEBUG org.aspectj.weaver.loadtime.Aj - 14:10:33.115 main < o.a.w.l.Aj.preProcess byte[472]
14:10:33.117 [main] DEBUG org.aspectj.weaver.loadtime.Aj - 14:10:33.117 main > o.a.w.l.Aj.preProcess o.a.w.l.Aj@b9afc07 org/junit/platform/launcher/core/DefaultLauncherSession$DelegatingLauncher, byte[2148], j.i.l.ClassLoaders$AppClassLoader@3cd1a2f1
14:10:33.117 [main] DEBUG org.aspectj.weaver.loadtime.Aj - 14:10:33.117 main - o.a.w.l.Aj.preProcess o.a.w.l.Aj@b9afc07 j.i.l.ClassLoaders$PlatformClassLoader@1ad282e0, j.i.l.ClassLoaders$AppClassLoader@3cd1a2f1
14:10:33.117 [main] DEBUG o.a.weaver.tools.WeavingAdaptor - 14:10:33.117 main > o.a.w.t.WeavingAdaptor.weaveClass o.a.w.l.ClassLoaderWeavingAdaptor@140e5a13 org/junit/platform/launcher/core/DefaultLauncherSession$DelegatingLauncher, byte[2148]
14:10:33.117 [main] DEBUG org.aspectj.weaver.bcel.BcelWeaver - 14:10:33.117 main > o.a.w.b.BcelWeaver.weave o.a.w.b.BcelWeaver@48524010 o.a.w.t.WeavingAdaptor$WeavingClassFileProvider@4f3e7344
14:10:33.118 [main] DEBUG org.aspectj.weaver.bcel.BcelWorld - 14:10:33.118 main - o.a.w.b.BcelWorld.lookupJavaClass o.a.w.l.LTWWorld@2b4a2ec7 org.junit.platform.launcher.Launcher, o.a.a.b.c.JavaClass@680d4a6a
14:10:33.118 [main] DEBUG org.aspectj.weaver.bcel.BcelWeaver - 14:10:33.118 main > o.a.w.b.BcelWeaver.weaveAndNotify o.a.w.b.BcelWeaver@48524010 o.a.w.b.UnwovenClassFile@7808f638, o.a.w.b.BcelObjectType@62d73ead, o.a.w.t.WeavingAdaptor$WeavingClassFileProvider$1@1e141e42
14:10:33.118 [main] DEBUG org.aspectj.weaver.bcel.BcelWorld - 14:10:33.118 main - o.a.w.b.BcelWorld.lookupJavaClass o.a.w.l.LTWWorld@2b4a2ec7 org.junit.platform.launcher.LauncherDiscoveryListener, o.a.a.b.c.JavaClass@2f16c6b3
14:10:33.118 [main] DEBUG org.aspectj.weaver.bcel.BcelWorld - 14:10:33.118 main - o.a.w.b.BcelWorld.lookupJavaClass o.a.w.l.LTWWorld@2b4a2ec7 org.junit.platform.launcher.LauncherDiscoveryRequest, o.a.a.b.c.JavaClass@39d9314d
14:10:33.118 [main] DEBUG org.aspectj.weaver.bcel.BcelWeaver - 14:10:33.118 main < o.a.w.b.BcelWeaver.weaveAndNotify
14:10:33.120 [main] DEBUG org.aspectj.weaver.bcel.BcelWeaver - 14:10:33.120 main < o.a.w.b.BcelWeaver.weave java.util.ArrayList(1)
14:10:33.120 [main] DEBUG o.a.weaver.tools.WeavingAdaptor - 14:10:33.120 main < o.a.w.t.WeavingAdaptor.weaveClass byte[2148]
14:10:33.121 [main] DEBUG org.aspectj.weaver.Dump - 14:10:33.120 main > o.a.w.Dump.dumpOnExit o.a.w.t.WeavingAdaptor$WeavingAdaptorMessageHolder@6a6afff2
14:10:33.121 [main] DEBUG org.aspectj.weaver.Dump - 14:10:33.121 main > o.a.w.Dump.shouldDumpOnExit o.a.w.t.WeavingAdaptor$WeavingAdaptorMessageHolder@6a6afff2
14:10:33.121 [main] DEBUG org.aspectj.weaver.Dump - 14:10:33.121 main - o.a.w.Dump.shouldDumpOnExit abort
14:10:33.121 [main] DEBUG org.aspectj.weaver.Dump - 14:10:33.121 main < o.a.w.Dump.shouldDumpOnExit false
14:10:33.121 [main] DEBUG org.aspectj.weaver.Dump - 14:10:33.121 main < o.a.w.Dump.dumpOnExit Excluded
14:10:33.121 [main] DEBUG org.aspectj.weaver.loadtime.Aj - 14:10:33.121 main < o.a.w.l.Aj.preProcess byte[2148]
14:10:33.123 [main] DEBUG org.aspectj.weaver.loadtime.Aj - 14:10:33.123 main > o.a.w.l.Aj.preProcess o.a.w.l.Aj@b9afc07 org/junit/platform/launcher/core/EngineDiscoveryOrchestrator$Phase, byte[1660], j.i.l.ClassLoaders$AppClassLoader@3cd1a2f1
14:10:33.123 [main] DEBUG org.aspectj.weaver.loadtime.Aj - 14:10:33.123 main - o.a.w.l.Aj.preProcess o.a.w.l.Aj@b9afc07 j.i.l.ClassLoaders$PlatformClassLoader@1ad282e0, j.i.l.ClassLoaders$AppClassLoader@3cd1a2f1
14:10:33.123 [main] DEBUG o.a.weaver.tools.WeavingAdaptor - 14:10:33.123 main > o.a.w.t.WeavingAdaptor.weaveClass o.a.w.l.ClassLoaderWeavingAdaptor@140e5a13 org/junit/platform/launcher/core/EngineDiscoveryOrchestrator$Phase, byte[1660]
14:10:33.123 [main] DEBUG org.aspectj.weaver.bcel.BcelWeaver - 14:10:33.123 main > o.a.w.b.BcelWeaver.weave o.a.w.b.BcelWeaver@48524010 o.a.w.t.WeavingAdaptor$WeavingClassFileProvider@73fc518f
14:10:33.124 [main] DEBUG org.aspectj.weaver.bcel.BcelWeaver - 14:10:33.124 main > o.a.w.b.BcelWeaver.weaveAndNotify o.a.w.b.BcelWeaver@48524010 o.a.w.b.UnwovenClassFile@2de50ee4, o.a.w.b.BcelObjectType@ad9e63e, o.a.w.t.WeavingAdaptor$WeavingClassFileProvider$1@47fbc56
14:10:33.124 [main] DEBUG org.aspectj.weaver.bcel.BcelWorld - 14:10:33.124 main - o.a.w.b.BcelWorld.lookupJavaClass o.a.w.l.LTWWorld@2b4a2ec7 java.lang.constant.Constable, o.a.a.b.c.JavaClass@316bcf94
14:10:33.124 [main] DEBUG org.aspectj.weaver.bcel.BcelWorld - 14:10:33.124 main - o.a.w.b.BcelWorld.lookupJavaClass o.a.w.l.LTWWorld@2b4a2ec7 java.lang.Comparable, o.a.a.b.c.JavaClass@6404f418
14:10:33.124 [main] DEBUG org.aspectj.weaver.bcel.BcelWorld - 14:10:33.124 main - o.a.w.b.BcelWorld.lookupJavaClass o.a.w.l.LTWWorld@2b4a2ec7 java.io.Serializable, o.a.a.b.c.JavaClass@3e11f9e9
14:10:33.124 [main] DEBUG org.aspectj.weaver.bcel.BcelWeaver - 14:10:33.124 main < o.a.w.b.BcelWeaver.weaveAndNotify
14:10:33.124 [main] DEBUG org.aspectj.weaver.bcel.BcelWeaver - 14:10:33.124 main < o.a.w.b.BcelWeaver.weave java.util.ArrayList(1)
14:10:33.124 [main] DEBUG o.a.weaver.tools.WeavingAdaptor - 14:10:33.124 main < o.a.w.t.WeavingAdaptor.weaveClass byte[1660]
14:10:33.124 [main] DEBUG org.aspectj.weaver.Dump - 14:10:33.124 main > o.a.w.Dump.dumpOnExit o.a.w.t.WeavingAdaptor$WeavingAdaptorMessageHolder@6a6afff2
14:10:33.125 [main] DEBUG org.aspectj.weaver.Dump - 14:10:33.124 main > o.a.w.Dump.shouldDumpOnExit o.a.w.t.WeavingAdaptor$WeavingAdaptorMessageHolder@6a6afff2
14:10:33.125 [main] DEBUG org.aspectj.weaver.Dump - 14:10:33.125 main - o.a.w.Dump.shouldDumpOnExit abort
14:10:33.125 [main] DEBUG org.aspectj.weaver.Dump - 14:10:33.125 main < o.a.w.Dump.shouldDumpOnExit false
14:10:33.125 [main] DEBUG org.aspectj.weaver.Dump - 14:10:33.125 main < o.a.w.Dump.dumpOnExit Excluded
14:10:33.125 [main] DEBUG org.aspectj.weaver.loadtime.Aj - 14:10:33.125 main < o.a.w.l.Aj.preProcess byte[1660]
14:10:33.132 [main] DEBUG org.aspectj.weaver.loadtime.Aj - 14:10:33.132 main > o.a.w.l.Aj.preProcess o.a.w.l.Aj@b9afc07 org/junit/platform/engine/UniqueId, byte[7144], j.i.l.ClassLoaders$AppClassLoader@3cd1a2f1
14:10:33.132 [main] DEBUG org.aspectj.weaver.loadtime.Aj - 14:10:33.132 main - o.a.w.l.Aj.preProcess o.a.w.l.Aj@b9afc07 j.i.l.ClassLoaders$PlatformClassLoader@1ad282e0, j.i.l.ClassLoaders$AppClassLoader@3cd1a2f1
14:10:33.133 [main] DEBUG o.a.weaver.tools.WeavingAdaptor - 14:10:33.133 main > o.a.w.t.WeavingAdaptor.weaveClass o.a.w.l.ClassLoaderWeavingAdaptor@140e5a13 org/junit/platform/engine/UniqueId, byte[7144]
14:10:33.135 [main] DEBUG org.aspectj.weaver.bcel.BcelWeaver - 14:10:33.135 main > o.a.w.b.BcelWeaver.weave o.a.w.b.BcelWeaver@48524010 o.a.w.t.WeavingAdaptor$WeavingClassFileProvider@149c3204
14:10:33.135 [main] DEBUG org.aspectj.weaver.bcel.BcelWorld - 14:10:33.135 main - o.a.w.b.BcelWorld.lookupJavaClass o.a.w.l.LTWWorld@2b4a2ec7 java.lang.Cloneable, o.a.a.b.c.JavaClass@7ef82753
14:10:33.135 [main] DEBUG org.aspectj.weaver.bcel.BcelWeaver - 14:10:33.135 main > o.a.w.b.BcelWeaver.weaveAndNotify o.a.w.b.BcelWeaver@48524010 o.a.w.b.UnwovenClassFile@64f16277, o.a.w.b.BcelObjectType@497aec8c, o.a.w.t.WeavingAdaptor$WeavingClassFileProvider$1@3b9632d1
14:10:33.140 [main] DEBUG org.aspectj.weaver.bcel.BcelWorld - 14:10:33.140 main - o.a.w.b.BcelWorld.lookupJavaClass o.a.w.l.LTWWorld@2b4a2ec7 org.junit.platform.engine.UniqueId$Segment, o.a.a.b.c.JavaClass@26d96e5
14:10:33.141 [main] DEBUG org.aspectj.weaver.bcel.BcelWorld - 14:10:33.141 main - o.a.w.b.BcelWorld.lookupJavaClass o.a.w.l.LTWWorld@2b4a2ec7 org.apiguardian.api.API, o.a.a.b.c.JavaClass@1a20270e
14:10:33.141 [main] DEBUG org.aspectj.weaver.bcel.BcelWeaver - 14:10:33.141 main < o.a.w.b.BcelWeaver.weaveAndNotify
14:10:33.141 [main] DEBUG org.aspectj.weaver.bcel.BcelWeaver - 14:10:33.141 main < o.a.w.b.BcelWeaver.weave java.util.ArrayList(1)
14:10:33.141 [main] DEBUG o.a.weaver.tools.WeavingAdaptor - 14:10:33.141 main < o.a.w.t.WeavingAdaptor.weaveClass byte[7144]
14:10:33.141 [main] DEBUG org.aspectj.weaver.Dump - 14:10:33.141 main > o.a.w.Dump.dumpOnExit o.a.w.t.WeavingAdaptor$WeavingAdaptorMessageHolder@6a6afff2
14:10:33.141 [main] DEBUG org.aspectj.weaver.Dump - 14:10:33.141 main > o.a.w.Dump.shouldDumpOnExit o.a.w.t.WeavingAdaptor$WeavingAdaptorMessageHolder@6a6afff2
14:10:33.141 [main] DEBUG org.aspectj.weaver.Dump - 14:10:33.141 main - o.a.w.Dump.shouldDumpOnExit abort
14:10:33.141 [main] DEBUG org.aspectj.weaver.Dump - 14:10:33.141 main < o.a.w.Dump.shouldDumpOnExit false
14:10:33.141 [main] DEBUG org.aspectj.weaver.Dump - 14:10:33.141 main < o.a.w.Dump.dumpOnExit Excluded
14:10:33.141 [main] DEBUG org.aspectj.weaver.loadtime.Aj - 14:10:33.141 main < o.a.w.l.Aj.preProcess byte[7144]
14:10:33.145 [main] DEBUG org.aspectj.weaver.loadtime.Aj - 14:10:33.144 main > o.a.w.l.Aj.preProcess o.a.w.l.Aj@b9afc07 org/junit/platform/engine/FilterResult, byte[3376], j.i.l.ClassLoaders$AppClassLoader@3cd1a2f1
14:10:33.145 [main] DEBUG org.aspectj.weaver.loadtime.Aj - 14:10:33.145 main - o.a.w.l.Aj.preProcess o.a.w.l.Aj@b9afc07 j.i.l.ClassLoaders$PlatformClassLoader@1ad282e0, j.i.l.ClassLoaders$AppClassLoader@3cd1a2f1
14:10:33.145 [main] DEBUG o.a.weaver.tools.WeavingAdaptor - 14:10:33.145 main > o.a.w.t.WeavingAdaptor.weaveClass o.a.w.l.ClassLoaderWeavingAdaptor@140e5a13 org/junit/platform/engine/FilterResult, byte[3376]
14:10:33.145 [main] DEBUG org.aspectj.weaver.bcel.BcelWeaver - 14:10:33.145 main > o.a.w.b.BcelWeaver.weave o.a.w.b.BcelWeaver@48524010 o.a.w.t.WeavingAdaptor$WeavingClassFileProvider@5fac521d
14:10:33.145 [main] DEBUG org.aspectj.weaver.bcel.BcelWeaver - 14:10:33.145 main > o.a.w.b.BcelWeaver.weaveAndNotify o.a.w.b.BcelWeaver@48524010 o.a.w.b.UnwovenClassFile@38af1bf6, o.a.w.b.BcelObjectType@129bd55d, o.a.w.t.WeavingAdaptor$WeavingClassFileProvider$1@7be7e15
14:10:33.146 [main] DEBUG org.aspectj.weaver.bcel.BcelWorld - 14:10:33.146 main - o.a.w.b.BcelWorld.lookupJavaClass o.a.w.l.LTWWorld@2b4a2ec7 java.util.function.Supplier, o.a.a.b.c.JavaClass@68dc098b
14:10:33.146 [main] DEBUG org.aspectj.weaver.bcel.BcelWeaver - 14:10:33.146 main < o.a.w.b.BcelWeaver.weaveAndNotify
14:10:33.146 [main] DEBUG org.aspectj.weaver.bcel.BcelWeaver - 14:10:33.146 main < o.a.w.b.BcelWeaver.weave java.util.ArrayList(1)
14:10:33.146 [main] DEBUG o.a.weaver.tools.WeavingAdaptor - 14:10:33.146 main < o.a.w.t.WeavingAdaptor.weaveClass byte[3376]
14:10:33.146 [main] DEBUG org.aspectj.weaver.Dump - 14:10:33.146 main > o.a.w.Dump.dumpOnExit o.a.w.t.WeavingAdaptor$WeavingAdaptorMessageHolder@6a6afff2
14:10:33.146 [main] DEBUG org.aspectj.weaver.Dump - 14:10:33.146 main > o.a.w.Dump.shouldDumpOnExit o.a.w.t.WeavingAdaptor$WeavingAdaptorMessageHolder@6a6afff2
14:10:33.146 [main] DEBUG org.aspectj.weaver.Dump - 14:10:33.146 main - o.a.w.Dump.shouldDumpOnExit abort
14:10:33.146 [main] DEBUG org.aspectj.weaver.Dump - 14:10:33.146 main < o.a.w.Dump.shouldDumpOnExit false
14:10:33.146 [main] DEBUG org.aspectj.weaver.Dump - 14:10:33.146 main < o.a.w.Dump.dumpOnExit Excluded
14:10:33.146 [main] DEBUG org.aspectj.weaver.loadtime.Aj - 14:10:33.146 main < o.a.w.l.Aj.preProcess byte[3376]
14:10:33.158 [main] DEBUG org.aspectj.weaver.loadtime.Aj - 14:10:33.158 main > o.a.w.l.Aj.preProcess o.a.w.l.Aj@b9afc07 org/junit/platform/engine/UniqueIdFormat, byte[7212], j.i.l.ClassLoaders$AppClassLoader@3cd1a2f1
14:10:33.158 [main] DEBUG org.aspectj.weaver.loadtime.Aj - 14:10:33.158 main - o.a.w.l.Aj.preProcess o.a.w.l.Aj@b9afc07 j.i.l.ClassLoaders$PlatformClassLoader@1ad282e0, j.i.l.ClassLoaders$AppClassLoader@3cd1a2f1
14:10:33.158 [main] DEBUG o.a.weaver.tools.WeavingAdaptor - 14:10:33.158 main > o.a.w.t.WeavingAdaptor.weaveClass o.a.w.l.ClassLoaderWeavingAdaptor@140e5a13 org/junit/platform/engine/UniqueIdFormat, byte[7212]
14:10:33.158 [main] DEBUG org.aspectj.weaver.bcel.BcelWeaver - 14:10:33.158 main > o.a.w.b.BcelWeaver.weave o.a.w.b.BcelWeaver@48524010 o.a.w.t.WeavingAdaptor$WeavingClassFileProvider@5ac6c4f2
14:10:33.159 [main] DEBUG org.aspectj.weaver.bcel.BcelWeaver - 14:10:33.159 main > o.a.w.b.BcelWeaver.weaveAndNotify o.a.w.b.BcelWeaver@48524010 o.a.w.b.UnwovenClassFile@2aa6311a, o.a.w.b.BcelObjectType@61f39bb, o.a.w.t.WeavingAdaptor$WeavingClassFileProvider$1@249e0271
14:10:33.159 [main] DEBUG org.aspectj.weaver.bcel.BcelWeaver - 14:10:33.159 main < o.a.w.b.BcelWeaver.weaveAndNotify
14:10:33.159 [main] DEBUG org.aspectj.weaver.bcel.BcelWeaver - 14:10:33.159 main < o.a.w.b.BcelWeaver.weave java.util.ArrayList(1)
14:10:33.159 [main] DEBUG o.a.weaver.tools.WeavingAdaptor - 14:10:33.159 main < o.a.w.t.WeavingAdaptor.weaveClass byte[7212]
14:10:33.160 [main] DEBUG org.aspectj.weaver.Dump - 14:10:33.160 main > o.a.w.Dump.dumpOnExit o.a.w.t.WeavingAdaptor$WeavingAdaptorMessageHolder@6a6afff2
14:10:33.160 [main] DEBUG org.aspectj.weaver.Dump - 14:10:33.160 main > o.a.w.Dump.shouldDumpOnExit o.a.w.t.WeavingAdaptor$WeavingAdaptorMessageHolder@6a6afff2
14:10:33.160 [main] DEBUG org.aspectj.weaver.Dump - 14:10:33.160 main - o.a.w.Dump.shouldDumpOnExit abort
14:10:33.160 [main] DEBUG org.aspectj.weaver.Dump - 14:10:33.160 main < o.a.w.Dump.shouldDumpOnExit false
14:10:33.160 [main] DEBUG org.aspectj.weaver.Dump - 14:10:33.160 main < o.a.w.Dump.dumpOnExit Excluded
14:10:33.160 [main] DEBUG org.aspectj.weaver.loadtime.Aj - 14:10:33.160 main < o.a.w.l.Aj.preProcess byte[7212]
14:10:33.183 [main] DEBUG org.aspectj.weaver.loadtime.Aj - 14:10:33.183 main > o.a.w.l.Aj.preProcess o.a.w.l.Aj@b9afc07 org/junit/platform/engine/UniqueId$Segment, byte[2106], j.i.l.ClassLoaders$AppClassLoader@3cd1a2f1
14:10:33.183 [main] DEBUG org.aspectj.weaver.loadtime.Aj - 14:10:33.183 main - o.a.w.l.Aj.preProcess o.a.w.l.Aj@b9afc07 j.i.l.ClassLoaders$PlatformClassLoader@1ad282e0, j.i.l.ClassLoaders$AppClassLoader@3cd1a2f1
14:10:33.183 [main] DEBUG o.a.weaver.tools.WeavingAdaptor - 14:10:33.183 main > o.a.w.t.WeavingAdaptor.weaveClass o.a.w.l.ClassLoaderWeavingAdaptor@140e5a13 org/junit/platform/engine/UniqueId$Segment, byte[2106]
14:10:33.183 [main] DEBUG org.aspectj.weaver.bcel.BcelWeaver - 14:10:33.183 main > o.a.w.b.BcelWeaver.weave o.a.w.b.BcelWeaver@48524010 o.a.w.t.WeavingAdaptor$WeavingClassFileProvider@5fbdc49b
14:10:33.183 [main] DEBUG org.aspectj.weaver.bcel.BcelWeaver - 14:10:33.183 main > o.a.w.b.BcelWeaver.weaveAndNotify o.a.w.b.BcelWeaver@48524010 o.a.w.b.UnwovenClassFile@65753040, o.a.w.b.BcelObjectType@2954b5ea, o.a.w.t.WeavingAdaptor$WeavingClassFileProvider$1@4acb2510
14:10:33.184 [main] DEBUG org.aspectj.weaver.bcel.BcelWeaver - 14:10:33.184 main < o.a.w.b.BcelWeaver.weaveAndNotify
14:10:33.184 [main] DEBUG org.aspectj.weaver.bcel.BcelWeaver - 14:10:33.184 main < o.a.w.b.BcelWeaver.weave java.util.ArrayList(1)
14:10:33.184 [main] DEBUG o.a.weaver.tools.WeavingAdaptor - 14:10:33.184 main < o.a.w.t.WeavingAdaptor.weaveClass byte[2106]
14:10:33.209 [main] DEBUG org.aspectj.weaver.Dump - 14:10:33.189 main > o.a.w.Dump.dumpOnExit o.a.w.t.WeavingAdaptor$WeavingAdaptorMessageHolder@6a6afff2
14:10:33.210 [main] DEBUG org.aspectj.weaver.Dump - 14:10:33.209 main > o.a.w.Dump.shouldDumpOnExit o.a.w.t.WeavingAdaptor$WeavingAdaptorMessageHolder@6a6afff2
14:10:33.210 [main] DEBUG org.aspectj.weaver.Dump - 14:10:33.210 main - o.a.w.Dump.shouldDumpOnExit abort
14:10:33.210 [main] DEBUG org.aspectj.weaver.Dump - 14:10:33.210 main < o.a.w.Dump.shouldDumpOnExit false
14:10:33.210 [main] DEBUG org.aspectj.weaver.Dump - 14:10:33.210 main < o.a.w.Dump.dumpOnExit Excluded
14:10:33.210 [main] DEBUG org.aspectj.weaver.loadtime.Aj - 14:10:33.210 main < o.a.w.l.Aj.preProcess byte[2106]
14:10:33.212 [main] DEBUG org.aspectj.weaver.loadtime.Aj - 14:10:33.212 main > o.a.w.l.Aj.preProcess o.a.w.l.Aj@b9afc07 org/junit/jupiter/engine/config/CachingJupiterConfiguration, byte[6524], j.i.l.ClassLoaders$AppClassLoader@3cd1a2f1
14:10:33.213 [main] DEBUG org.aspectj.weaver.loadtime.Aj - 14:10:33.213 main - o.a.w.l.Aj.preProcess o.a.w.l.Aj@b9afc07 j.i.l.ClassLoaders$PlatformClassLoader@1ad282e0, j.i.l.ClassLoaders$AppClassLoader@3cd1a2f1
14:10:33.213 [main] DEBUG o.a.weaver.tools.WeavingAdaptor - 14:10:33.213 main > o.a.w.t.WeavingAdaptor.weaveClass o.a.w.l.ClassLoaderWeavingAdaptor@140e5a13 org/junit/jupiter/engine/config/CachingJupiterConfiguration, byte[6524]
14:10:33.217 [main] DEBUG org.aspectj.weaver.bcel.BcelWeaver - 14:10:33.217 main > o.a.w.b.BcelWeaver.weave o.a.w.b.BcelWeaver@48524010 o.a.w.t.WeavingAdaptor$WeavingClassFileProvider@3ab6678b
14:10:33.217 [main] DEBUG org.aspectj.weaver.bcel.BcelWorld - 14:10:33.217 main - o.a.w.b.BcelWorld.lookupJavaClass o.a.w.l.LTWWorld@2b4a2ec7 org.junit.jupiter.engine.config.JupiterConfiguration, o.a.a.b.c.JavaClass@72c28d64
14:10:33.218 [main] DEBUG org.aspectj.weaver.bcel.BcelWeaver - 14:10:33.218 main > o.a.w.b.BcelWeaver.weaveAndNotify o.a.w.b.BcelWeaver@48524010 o.a.w.b.UnwovenClassFile@7a904f32, o.a.w.b.BcelObjectType@2b59501e, o.a.w.t.WeavingAdaptor$WeavingClassFileProvider$1@476e8796
14:10:33.218 [main] DEBUG org.aspectj.weaver.bcel.BcelWorld - 14:10:33.218 main - o.a.w.b.BcelWorld.lookupJavaClass o.a.w.l.LTWWorld@2b4a2ec7 java.util.function.Function, o.a.a.b.c.JavaClass@44d52de2
14:10:33.220 [main] DEBUG org.aspectj.weaver.bcel.BcelWorld - 14:10:33.220 main - o.a.w.b.BcelWorld.lookupJavaClass o.a.w.l.LTWWorld@2b4a2ec7 org.junit.jupiter.api.parallel.ExecutionMode, o.a.a.b.c.JavaClass@642505c7
14:10:33.221 [main] DEBUG org.aspectj.weaver.bcel.BcelWorld - 14:10:33.221 main - o.a.w.b.BcelWorld.lookupJavaClass o.a.w.l.LTWWorld@2b4a2ec7 org.junit.jupiter.api.TestInstance$Lifecycle, o.a.a.b.c.JavaClass@61d84e08
14:10:33.222 [main] DEBUG org.aspectj.weaver.bcel.BcelWorld - 14:10:33.222 main - o.a.w.b.BcelWorld.lookupJavaClass o.a.w.l.LTWWorld@2b4a2ec7 java.util.function.Predicate, o.a.a.b.c.JavaClass@95e33cc
14:10:33.223 [main] DEBUG org.aspectj.weaver.bcel.BcelWorld - 14:10:33.223 main - o.a.w.b.BcelWorld.lookupJavaClass o.a.w.l.LTWWorld@2b4a2ec7 org.junit.jupiter.api.DisplayNameGenerator, o.a.a.b.c.JavaClass@52d6cd34
14:10:33.224 [main] DEBUG org.aspectj.weaver.bcel.BcelWorld - 14:10:33.224 main - o.a.w.b.BcelWorld.lookupJavaClass o.a.w.l.LTWWorld@2b4a2ec7 org.junit.jupiter.api.io.CleanupMode, o.a.a.b.c.JavaClass@6428591a
14:10:33.225 [main] DEBUG org.aspectj.weaver.bcel.BcelWeaver - 14:10:33.225 main < o.a.w.b.BcelWeaver.weaveAndNotify
14:10:33.225 [main] DEBUG org.aspectj.weaver.bcel.BcelWeaver - 14:10:33.225 main < o.a.w.b.BcelWeaver.weave java.util.ArrayList(1)
14:10:33.225 [main] DEBUG o.a.weaver.tools.WeavingAdaptor - 14:10:33.225 main < o.a.w.t.WeavingAdaptor.weaveClass byte[6524]
14:10:33.225 [main] DEBUG org.aspectj.weaver.Dump - 14:10:33.225 main > o.a.w.Dump.dumpOnExit o.a.w.t.WeavingAdaptor$WeavingAdaptorMessageHolder@6a6afff2
14:10:33.225 [main] DEBUG org.aspectj.weaver.Dump - 14:10:33.225 main > o.a.w.Dump.shouldDumpOnExit o.a.w.t.WeavingAdaptor$WeavingAdaptorMessageHolder@6a6afff2
14:10:33.225 [main] DEBUG org.aspectj.weaver.Dump - 14:10:33.225 main - o.a.w.Dump.shouldDumpOnExit abort
14:10:33.225 [main] DEBUG org.aspectj.weaver.Dump - 14:10:33.225 main < o.a.w.Dump.shouldDumpOnExit false
14:10:33.225 [main] DEBUG org.aspectj.weaver.Dump - 14:10:33.225 main < o.a.w.Dump.dumpOnExit Excluded
14:10:33.225 [main] DEBUG org.aspectj.weaver.loadtime.Aj - 14:10:33.225 main < o.a.w.l.Aj.preProcess byte[6524]
14:10:33.227 [main] DEBUG org.aspectj.weaver.loadtime.Aj - 14:10:33.227 main > o.a.w.l.Aj.preProcess o.a.w.l.Aj@b9afc07 org/junit/jupiter/engine/config/DefaultJupiterConfiguration, byte[7599], j.i.l.ClassLoaders$AppClassLoader@3cd1a2f1
14:10:33.227 [main] DEBUG org.aspectj.weaver.loadtime.Aj - 14:10:33.227 main - o.a.w.l.Aj.preProcess o.a.w.l.Aj@b9afc07 j.i.l.ClassLoaders$PlatformClassLoader@1ad282e0, j.i.l.ClassLoaders$AppClassLoader@3cd1a2f1
14:10:33.227 [main] DEBUG o.a.weaver.tools.WeavingAdaptor - 14:10:33.227 main > o.a.w.t.WeavingAdaptor.weaveClass o.a.w.l.ClassLoaderWeavingAdaptor@140e5a13 org/junit/jupiter/engine/config/DefaultJupiterConfiguration, byte[7599]
14:10:33.228 [main] DEBUG org.aspectj.weaver.bcel.BcelWeaver - 14:10:33.228 main > o.a.w.b.BcelWeaver.weave o.a.w.b.BcelWeaver@48524010 o.a.w.t.WeavingAdaptor$WeavingClassFileProvider@75a118e6
14:10:33.228 [main] DEBUG org.aspectj.weaver.bcel.BcelWeaver - 14:10:33.228 main > o.a.w.b.BcelWeaver.weaveAndNotify o.a.w.b.BcelWeaver@48524010 o.a.w.b.UnwovenClassFile@1d540566, o.a.w.b.BcelObjectType@6014a9ba, o.a.w.t.WeavingAdaptor$WeavingClassFileProvider$1@acdcf71
14:10:33.230 [main] DEBUG org.aspectj.weaver.bcel.BcelWeaver - 14:10:33.230 main < o.a.w.b.BcelWeaver.weaveAndNotify
14:10:33.230 [main] DEBUG org.aspectj.weaver.bcel.BcelWeaver - 14:10:33.230 main < o.a.w.b.BcelWeaver.weave java.util.ArrayList(1)
14:10:33.230 [main] DEBUG o.a.weaver.tools.WeavingAdaptor - 14:10:33.230 main < o.a.w.t.WeavingAdaptor.weaveClass byte[7599]
14:10:33.230 [main] DEBUG org.aspectj.weaver.Dump - 14:10:33.230 main > o.a.w.Dump.dumpOnExit o.a.w.t.WeavingAdaptor$WeavingAdaptorMessageHolder@6a6afff2
14:10:33.230 [main] DEBUG org.aspectj.weaver.Dump - 14:10:33.230 main > o.a.w.Dump.shouldDumpOnExit o.a.w.t.WeavingAdaptor$WeavingAdaptorMessageHolder@6a6afff2
14:10:33.230 [main] DEBUG org.aspectj.weaver.Dump - 14:10:33.230 main - o.a.w.Dump.shouldDumpOnExit abort
14:10:33.230 [main] DEBUG org.aspectj.weaver.Dump - 14:10:33.230 main < o.a.w.Dump.shouldDumpOnExit false
14:10:33.230 [main] DEBUG org.aspectj.weaver.Dump - 14:10:33.230 main < o.a.w.Dump.dumpOnExit Excluded
14:10:33.230 [main] DEBUG org.aspectj.weaver.loadtime.Aj - 14:10:33.230 main < o.a.w.l.Aj.preProcess byte[7599]
14:10:33.232 [main] DEBUG org.aspectj.weaver.loadtime.Aj - 14:10:33.232 main > o.a.w.l.Aj.preProcess o.a.w.l.Aj@b9afc07 org/junit/jupiter/api/parallel/ExecutionMode, byte[1413], j.i.l.ClassLoaders$AppClassLoader@3cd1a2f1
14:10:33.233 [main] DEBUG org.aspectj.weaver.loadtime.Aj - 14:10:33.233 main - o.a.w.l.Aj.preProcess o.a.w.l.Aj@b9afc07 j.i.l.ClassLoaders$PlatformClassLoader@1ad282e0, j.i.l.ClassLoaders$AppClassLoader@3cd1a2f1
14:10:33.233 [main] DEBUG o.a.weaver.tools.WeavingAdaptor - 14:10:33.233 main > o.a.w.t.WeavingAdaptor.weaveClass o.a.w.l.ClassLoaderWeavingAdaptor@140e5a13 org/junit/jupiter/api/parallel/ExecutionMode, byte[1413]
14:10:33.233 [main] DEBUG org.aspectj.weaver.bcel.BcelWeaver - 14:10:33.233 main > o.a.w.b.BcelWeaver.weave o.a.w.b.BcelWeaver@48524010 o.a.w.t.WeavingAdaptor$WeavingClassFileProvider@37b57b54
14:10:33.233 [main] DEBUG org.aspectj.weaver.bcel.BcelWeaver - 14:10:33.233 main > o.a.w.b.BcelWeaver.weaveAndNotify o.a.w.b.BcelWeaver@48524010 o.a.w.b.UnwovenClassFile@5c1f6d57, o.a.w.b.BcelObjectType@f288c14, o.a.w.t.WeavingAdaptor$WeavingClassFileProvider$1@6794ac0b
14:10:33.234 [main] DEBUG org.aspectj.weaver.bcel.BcelWeaver - 14:10:33.234 main < o.a.w.b.BcelWeaver.weaveAndNotify
14:10:33.234 [main] DEBUG org.aspectj.weaver.bcel.BcelWeaver - 14:10:33.234 main < o.a.w.b.BcelWeaver.weave java.util.ArrayList(1)
14:10:33.234 [main] DEBUG o.a.weaver.tools.WeavingAdaptor - 14:10:33.234 main < o.a.w.t.WeavingAdaptor.weaveClass byte[1413]
14:10:33.234 [main] DEBUG org.aspectj.weaver.Dump - 14:10:33.234 main > o.a.w.Dump.dumpOnExit o.a.w.t.WeavingAdaptor$WeavingAdaptorMessageHolder@6a6afff2
14:10:33.234 [main] DEBUG org.aspectj.weaver.Dump - 14:10:33.234 main > o.a.w.Dump.shouldDumpOnExit o.a.w.t.WeavingAdaptor$WeavingAdaptorMessageHolder@6a6afff2
14:10:33.234 [main] DEBUG org.aspectj.weaver.Dump - 14:10:33.234 main - o.a.w.Dump.shouldDumpOnExit abort
14:10:33.234 [main] DEBUG org.aspectj.weaver.Dump - 14:10:33.234 main < o.a.w.Dump.shouldDumpOnExit false
14:10:33.234 [main] DEBUG org.aspectj.weaver.Dump - 14:10:33.234 main < o.a.w.Dump.dumpOnExit Excluded
14:10:33.234 [main] DEBUG org.aspectj.weaver.loadtime.Aj - 14:10:33.234 main < o.a.w.l.Aj.preProcess byte[1413]
14:10:33.236 [main] DEBUG org.aspectj.weaver.loadtime.Aj - 14:10:33.236 main > o.a.w.l.Aj.preProcess o.a.w.l.Aj@b9afc07 org/junit/jupiter/api/io/CleanupMode, byte[1464], j.i.l.ClassLoaders$AppClassLoader@3cd1a2f1
14:10:33.236 [main] DEBUG org.aspectj.weaver.loadtime.Aj - 14:10:33.236 main - o.a.w.l.Aj.preProcess o.a.w.l.Aj@b9afc07 j.i.l.ClassLoaders$PlatformClassLoader@1ad282e0, j.i.l.ClassLoaders$AppClassLoader@3cd1a2f1
14:10:33.236 [main] DEBUG o.a.weaver.tools.WeavingAdaptor - 14:10:33.236 main > o.a.w.t.WeavingAdaptor.weaveClass o.a.w.l.ClassLoaderWeavingAdaptor@140e5a13 org/junit/jupiter/api/io/CleanupMode, byte[1464]
14:10:33.237 [main] DEBUG org.aspectj.weaver.bcel.BcelWeaver - 14:10:33.237 main > o.a.w.b.BcelWeaver.weave o.a.w.b.BcelWeaver@48524010 o.a.w.t.WeavingAdaptor$WeavingClassFileProvider@16872c4d
14:10:33.237 [main] DEBUG org.aspectj.weaver.bcel.BcelWeaver - 14:10:33.237 main > o.a.w.b.BcelWeaver.weaveAndNotify o.a.w.b.BcelWeaver@48524010 o.a.w.b.UnwovenClassFile@671facee, o.a.w.b.BcelObjectType@46a953cf, o.a.w.t.WeavingAdaptor$WeavingClassFileProvider$1@154bd49b
14:10:33.238 [main] DEBUG org.aspectj.weaver.bcel.BcelWeaver - 14:10:33.238 main < o.a.w.b.BcelWeaver.weaveAndNotify
14:10:33.238 [main] DEBUG org.aspectj.weaver.bcel.BcelWeaver - 14:10:33.238 main < o.a.w.b.BcelWeaver.weave java.util.ArrayList(1)
14:10:33.238 [main] DEBUG o.a.weaver.tools.WeavingAdaptor - 14:10:33.238 main < o.a.w.t.WeavingAdaptor.weaveClass byte[1464]
14:10:33.239 [main] DEBUG org.aspectj.weaver.Dump - 14:10:33.238 main > o.a.w.Dump.dumpOnExit o.a.w.t.WeavingAdaptor$WeavingAdaptorMessageHolder@6a6afff2
14:10:33.239 [main] DEBUG org.aspectj.weaver.Dump - 14:10:33.239 main > o.a.w.Dump.shouldDumpOnExit o.a.w.t.WeavingAdaptor$WeavingAdaptorMessageHolder@6a6afff2
14:10:33.239 [main] DEBUG org.aspectj.weaver.Dump - 14:10:33.239 main - o.a.w.Dump.shouldDumpOnExit abort
14:10:33.239 [main] DEBUG org.aspectj.weaver.Dump - 14:10:33.239 main < o.a.w.Dump.shouldDumpOnExit false
14:10:33.239 [main] DEBUG org.aspectj.weaver.Dump - 14:10:33.239 main < o.a.w.Dump.dumpOnExit Excluded
14:10:33.239 [main] DEBUG org.aspectj.weaver.loadtime.Aj - 14:10:33.239 main < o.a.w.l.Aj.preProcess byte[1464]
14:10:33.240 [main] DEBUG org.aspectj.weaver.loadtime.Aj - 14:10:33.240 main > o.a.w.l.Aj.preProcess o.a.w.l.Aj@b9afc07 org/junit/jupiter/api/TestInstance$Lifecycle, byte[1580], j.i.l.ClassLoaders$AppClassLoader@3cd1a2f1
14:10:33.240 [main] DEBUG org.aspectj.weaver.loadtime.Aj - 14:10:33.240 main - o.a.w.l.Aj.preProcess o.a.w.l.Aj@b9afc07 j.i.l.ClassLoaders$PlatformClassLoader@1ad282e0, j.i.l.ClassLoaders$AppClassLoader@3cd1a2f1
14:10:33.240 [main] DEBUG o.a.weaver.tools.WeavingAdaptor - 14:10:33.240 main > o.a.w.t.WeavingAdaptor.weaveClass o.a.w.l.ClassLoaderWeavingAdaptor@140e5a13 org/junit/jupiter/api/TestInstance$Lifecycle, byte[1580]
14:10:33.241 [main] DEBUG org.aspectj.weaver.bcel.BcelWeaver - 14:10:33.241 main > o.a.w.b.BcelWeaver.weave o.a.w.b.BcelWeaver@48524010 o.a.w.t.WeavingAdaptor$WeavingClassFileProvider@56f521c6
14:10:33.241 [main] DEBUG org.aspectj.weaver.bcel.BcelWeaver - 14:10:33.241 main > o.a.w.b.BcelWeaver.weaveAndNotify o.a.w.b.BcelWeaver@48524010 o.a.w.b.UnwovenClassFile@680a66dd, o.a.w.b.BcelObjectType@2dd8239, o.a.w.t.WeavingAdaptor$WeavingClassFileProvider$1@472698d
14:10:33.242 [main] DEBUG org.aspectj.weaver.bcel.BcelWeaver - 14:10:33.242 main < o.a.w.b.BcelWeaver.weaveAndNotify
14:10:33.242 [main] DEBUG org.aspectj.weaver.bcel.BcelWeaver - 14:10:33.242 main < o.a.w.b.BcelWeaver.weave java.util.ArrayList(1)
14:10:33.242 [main] DEBUG o.a.weaver.tools.WeavingAdaptor - 14:10:33.242 main < o.a.w.t.WeavingAdaptor.weaveClass byte[1580]
14:10:33.242 [main] DEBUG org.aspectj.weaver.Dump - 14:10:33.242 main > o.a.w.Dump.dumpOnExit o.a.w.t.WeavingAdaptor$WeavingAdaptorMessageHolder@6a6afff2
14:10:33.242 [main] DEBUG org.aspectj.weaver.Dump - 14:10:33.242 main > o.a.w.Dump.shouldDumpOnExit o.a.w.t.WeavingAdaptor$WeavingAdaptorMessageHolder@6a6afff2
14:10:33.242 [main] DEBUG org.aspectj.weaver.Dump - 14:10:33.242 main - o.a.w.Dump.shouldDumpOnExit abort
14:10:33.242 [main] DEBUG org.aspectj.weaver.Dump - 14:10:33.242 main < o.a.w.Dump.shouldDumpOnExit false
14:10:33.242 [main] DEBUG org.aspectj.weaver.Dump - 14:10:33.242 main < o.a.w.Dump.dumpOnExit Excluded
14:10:33.242 [main] DEBUG org.aspectj.weaver.loadtime.Aj - 14:10:33.242 main < o.a.w.l.Aj.preProcess byte[1580]
14:10:33.244 [main] DEBUG org.aspectj.weaver.loadtime.Aj - 14:10:33.244 main > o.a.w.l.Aj.preProcess o.a.w.l.Aj@b9afc07 org/junit/jupiter/engine/config/EnumConfigurationParameterConverter, byte[5236], j.i.l.ClassLoaders$AppClassLoader@3cd1a2f1
14:10:33.244 [main] DEBUG org.aspectj.weaver.loadtime.Aj - 14:10:33.244 main - o.a.w.l.Aj.preProcess o.a.w.l.Aj@b9afc07 j.i.l.ClassLoaders$PlatformClassLoader@1ad282e0, j.i.l.ClassLoaders$AppClassLoader@3cd1a2f1
14:10:33.245 [main] DEBUG o.a.weaver.tools.WeavingAdaptor - 14:10:33.245 main > o.a.w.t.WeavingAdaptor.weaveClass o.a.w.l.ClassLoaderWeavingAdaptor@140e5a13 org/junit/jupiter/engine/config/EnumConfigurationParameterConverter, byte[5236]
14:10:33.245 [main] DEBUG org.aspectj.weaver.bcel.BcelWeaver - 14:10:33.245 main > o.a.w.b.BcelWeaver.weave o.a.w.b.BcelWeaver@48524010 o.a.w.t.WeavingAdaptor$WeavingClassFileProvider@76ddd61a
14:10:33.245 [main] DEBUG org.aspectj.weaver.bcel.BcelWeaver - 14:10:33.245 main > o.a.w.b.BcelWeaver.weaveAndNotify o.a.w.b.BcelWeaver@48524010 o.a.w.b.UnwovenClassFile@3f92a84e, o.a.w.b.BcelObjectType@cf67838, o.a.w.t.WeavingAdaptor$WeavingClassFileProvider$1@6137cf6e
14:10:33.329 [main] DEBUG org.aspectj.weaver.bcel.BcelWeaver - 14:10:33.329 main < o.a.w.b.BcelWeaver.weaveAndNotify
14:10:33.331 [main] DEBUG org.aspectj.weaver.bcel.BcelWeaver - 14:10:33.331 main < o.a.w.b.BcelWeaver.weave java.util.ArrayList(1)
14:10:33.331 [main] DEBUG o.a.weaver.tools.WeavingAdaptor - 14:10:33.331 main < o.a.w.t.WeavingAdaptor.weaveClass byte[5236]
14:10:33.331 [main] DEBUG org.aspectj.weaver.Dump - 14:10:33.331 main > o.a.w.Dump.dumpOnExit o.a.w.t.WeavingAdaptor$WeavingAdaptorMessageHolder@6a6afff2
14:10:33.331 [main] DEBUG org.aspectj.weaver.Dump - 14:10:33.331 main > o.a.w.Dump.shouldDumpOnExit o.a.w.t.WeavingAdaptor$WeavingAdaptorMessageHolder@6a6afff2
14:10:33.331 [main] DEBUG org.aspectj.weaver.Dump - 14:10:33.331 main - o.a.w.Dump.shouldDumpOnExit abort
14:10:33.332 [main] DEBUG org.aspectj.weaver.Dump - 14:10:33.332 main < o.a.w.Dump.shouldDumpOnExit false
14:10:33.332 [main] DEBUG org.aspectj.weaver.Dump - 14:10:33.332 main < o.a.w.Dump.dumpOnExit Excluded
14:10:33.332 [main] DEBUG org.aspectj.weaver.loadtime.Aj - 14:10:33.332 main < o.a.w.l.Aj.preProcess byte[5236]
14:10:33.335 [main] DEBUG org.aspectj.weaver.loadtime.Aj - 14:10:33.335 main > o.a.w.l.Aj.preProcess o.a.w.l.Aj@b9afc07 org/junit/jupiter/engine/config/InstantiatingConfigurationParameterConverter, byte[6623], j.i.l.ClassLoaders$AppClassLoader@3cd1a2f1
14:10:33.335 [main] DEBUG org.aspectj.weaver.loadtime.Aj - 14:10:33.335 main - o.a.w.l.Aj.preProcess o.a.w.l.Aj@b9afc07 j.i.l.ClassLoaders$PlatformClassLoader@1ad282e0, j.i.l.ClassLoaders$AppClassLoader@3cd1a2f1
14:10:33.335 [main] DEBUG o.a.weaver.tools.WeavingAdaptor - 14:10:33.335 main > o.a.w.t.WeavingAdaptor.weaveClass o.a.w.l.ClassLoaderWeavingAdaptor@140e5a13 org/junit/jupiter/engine/config/InstantiatingConfigurationParameterConverter, byte[6623]
14:10:33.335 [main] DEBUG org.aspectj.weaver.bcel.BcelWeaver - 14:10:33.335 main > o.a.w.b.BcelWeaver.weave o.a.w.b.BcelWeaver@48524010 o.a.w.t.WeavingAdaptor$WeavingClassFileProvider@499ef98e
14:10:33.335 [main] DEBUG org.aspectj.weaver.bcel.BcelWeaver - 14:10:33.335 main > o.a.w.b.BcelWeaver.weaveAndNotify o.a.w.b.BcelWeaver@48524010 o.a.w.b.UnwovenClassFile@24934262, o.a.w.b.BcelObjectType@93f432e, o.a.w.t.WeavingAdaptor$WeavingClassFileProvider$1@288214b1
14:10:33.336 [main] DEBUG org.aspectj.weaver.bcel.BcelWorld - 14:10:33.336 main - o.a.w.b.BcelWorld.lookupJavaClass o.a.w.l.LTWWorld@2b4a2ec7 java.lang.Exception, o.a.a.b.c.JavaClass@712625fd
14:10:33.336 [main] DEBUG org.aspectj.weaver.bcel.BcelWeaver - 14:10:33.336 main < o.a.w.b.BcelWeaver.weaveAndNotify
14:10:33.336 [main] DEBUG org.aspectj.weaver.bcel.BcelWeaver - 14:10:33.336 main < o.a.w.b.BcelWeaver.weave java.util.ArrayList(1)
14:10:33.336 [main] DEBUG o.a.weaver.tools.WeavingAdaptor - 14:10:33.336 main < o.a.w.t.WeavingAdaptor.weaveClass byte[6623]
14:10:33.336 [main] DEBUG org.aspectj.weaver.Dump - 14:10:33.336 main > o.a.w.Dump.dumpOnExit o.a.w.t.WeavingAdaptor$WeavingAdaptorMessageHolder@6a6afff2
14:10:33.336 [main] DEBUG org.aspectj.weaver.Dump - 14:10:33.336 main > o.a.w.Dump.shouldDumpOnExit o.a.w.t.WeavingAdaptor$WeavingAdaptorMessageHolder@6a6afff2
14:10:33.336 [main] DEBUG org.aspectj.weaver.Dump - 14:10:33.336 main - o.a.w.Dump.shouldDumpOnExit abort
14:10:33.336 [main] DEBUG org.aspectj.weaver.Dump - 14:10:33.336 main < o.a.w.Dump.shouldDumpOnExit false
14:10:33.336 [main] DEBUG org.aspectj.weaver.Dump - 14:10:33.336 main < o.a.w.Dump.dumpOnExit Excluded
14:10:33.336 [main] DEBUG org.aspectj.weaver.loadtime.Aj - 14:10:33.336 main < o.a.w.l.Aj.preProcess byte[6623]
14:10:33.339 [main] DEBUG org.aspectj.weaver.loadtime.Aj - 14:10:33.339 main > o.a.w.l.Aj.preProcess o.a.w.l.Aj@b9afc07 org/junit/jupiter/api/DisplayNameGenerator, byte[3561], j.i.l.ClassLoaders$AppClassLoader@3cd1a2f1
14:10:33.339 [main] DEBUG org.aspectj.weaver.loadtime.Aj - 14:10:33.339 main - o.a.w.l.Aj.preProcess o.a.w.l.Aj@b9afc07 j.i.l.ClassLoaders$PlatformClassLoader@1ad282e0, j.i.l.ClassLoaders$AppClassLoader@3cd1a2f1
14:10:33.339 [main] DEBUG o.a.weaver.tools.WeavingAdaptor - 14:10:33.339 main > o.a.w.t.WeavingAdaptor.weaveClass o.a.w.l.ClassLoaderWeavingAdaptor@140e5a13 org/junit/jupiter/api/DisplayNameGenerator, byte[3561]
14:10:33.339 [main] DEBUG org.aspectj.weaver.bcel.BcelWeaver - 14:10:33.339 main > o.a.w.b.BcelWeaver.weave o.a.w.b.BcelWeaver@48524010 o.a.w.t.WeavingAdaptor$WeavingClassFileProvider@2bebb74f
14:10:33.340 [main] DEBUG org.aspectj.weaver.bcel.BcelWeaver - 14:10:33.339 main > o.a.w.b.BcelWeaver.weaveAndNotify o.a.w.b.BcelWeaver@48524010 o.a.w.b.UnwovenClassFile@58cf8f94, o.a.w.b.BcelObjectType@6e33fcae, o.a.w.t.WeavingAdaptor$WeavingClassFileProvider$1@66c38e51
14:10:33.340 [main] DEBUG org.aspectj.weaver.bcel.BcelWeaver - 14:10:33.340 main < o.a.w.b.BcelWeaver.weaveAndNotify
14:10:33.340 [main] DEBUG org.aspectj.weaver.bcel.BcelWeaver - 14:10:33.340 main < o.a.w.b.BcelWeaver.weave java.util.ArrayList(1)
14:10:33.340 [main] DEBUG o.a.weaver.tools.WeavingAdaptor - 14:10:33.340 main < o.a.w.t.WeavingAdaptor.weaveClass byte[3561]
14:10:33.340 [main] DEBUG org.aspectj.weaver.Dump - 14:10:33.340 main > o.a.w.Dump.dumpOnExit o.a.w.t.WeavingAdaptor$WeavingAdaptorMessageHolder@6a6afff2
14:10:33.340 [main] DEBUG org.aspectj.weaver.Dump - 14:10:33.340 main > o.a.w.Dump.shouldDumpOnExit o.a.w.t.WeavingAdaptor$WeavingAdaptorMessageHolder@6a6afff2
14:10:33.340 [main] DEBUG org.aspectj.weaver.Dump - 14:10:33.340 main - o.a.w.Dump.shouldDumpOnExit abort
14:10:33.340 [main] DEBUG org.aspectj.weaver.Dump - 14:10:33.340 main < o.a.w.Dump.shouldDumpOnExit false
14:10:33.340 [main] DEBUG org.aspectj.weaver.Dump - 14:10:33.340 main < o.a.w.Dump.dumpOnExit Excluded
14:10:33.340 [main] DEBUG org.aspectj.weaver.loadtime.Aj - 14:10:33.340 main < o.a.w.l.Aj.preProcess byte[3561]
14:10:33.341 [main] DEBUG org.aspectj.weaver.loadtime.Aj - 14:10:33.341 main > o.a.w.l.Aj.preProcess o.a.w.l.Aj@b9afc07 org/junit/jupiter/api/MethodOrderer, byte[1489], j.i.l.ClassLoaders$AppClassLoader@3cd1a2f1
14:10:33.342 [main] DEBUG org.aspectj.weaver.loadtime.Aj - 14:10:33.342 main - o.a.w.l.Aj.preProcess o.a.w.l.Aj@b9afc07 j.i.l.ClassLoaders$PlatformClassLoader@1ad282e0, j.i.l.ClassLoaders$AppClassLoader@3cd1a2f1
14:10:33.342 [main] DEBUG o.a.weaver.tools.WeavingAdaptor - 14:10:33.342 main > o.a.w.t.WeavingAdaptor.weaveClass o.a.w.l.ClassLoaderWeavingAdaptor@140e5a13 org/junit/jupiter/api/MethodOrderer, byte[1489]
14:10:33.342 [main] DEBUG org.aspectj.weaver.bcel.BcelWeaver - 14:10:33.342 main > o.a.w.b.BcelWeaver.weave o.a.w.b.BcelWeaver@48524010 o.a.w.t.WeavingAdaptor$WeavingClassFileProvider@3f9f71ff
14:10:33.342 [main] DEBUG org.aspectj.weaver.bcel.BcelWeaver - 14:10:33.342 main > o.a.w.b.BcelWeaver.weaveAndNotify o.a.w.b.BcelWeaver@48524010 o.a.w.b.UnwovenClassFile@fabb651, o.a.w.b.BcelObjectType@27e5b378, o.a.w.t.WeavingAdaptor$WeavingClassFileProvider$1@4422dd48
14:10:33.343 [main] DEBUG org.aspectj.weaver.bcel.BcelWeaver - 14:10:33.343 main < o.a.w.b.BcelWeaver.weaveAndNotify
14:10:33.343 [main] DEBUG org.aspectj.weaver.bcel.BcelWeaver - 14:10:33.343 main < o.a.w.b.BcelWeaver.weave java.util.ArrayList(1)
14:10:33.343 [main] DEBUG o.a.weaver.tools.WeavingAdaptor - 14:10:33.343 main < o.a.w.t.WeavingAdaptor.weaveClass byte[1489]
14:10:33.343 [main] DEBUG org.aspectj.weaver.Dump - 14:10:33.343 main > o.a.w.Dump.dumpOnExit o.a.w.t.WeavingAdaptor$WeavingAdaptorMessageHolder@6a6afff2
14:10:33.343 [main] DEBUG org.aspectj.weaver.Dump - 14:10:33.343 main > o.a.w.Dump.shouldDumpOnExit o.a.w.t.WeavingAdaptor$WeavingAdaptorMessageHolder@6a6afff2
14:10:33.343 [main] DEBUG org.aspectj.weaver.Dump - 14:10:33.343 main - o.a.w.Dump.shouldDumpOnExit abort
14:10:33.343 [main] DEBUG org.aspectj.weaver.Dump - 14:10:33.343 main < o.a.w.Dump.shouldDumpOnExit false
14:10:33.343 [main] DEBUG org.aspectj.weaver.Dump - 14:10:33.343 main < o.a.w.Dump.dumpOnExit Excluded
14:10:33.343 [main] DEBUG org.aspectj.weaver.loadtime.Aj - 14:10:33.343 main < o.a.w.l.Aj.preProcess byte[1489]
14:10:33.344 [main] DEBUG org.aspectj.weaver.loadtime.Aj - 14:10:33.344 main > o.a.w.l.Aj.preProcess o.a.w.l.Aj@b9afc07 org/junit/jupiter/api/ClassOrderer, byte[912], j.i.l.ClassLoaders$AppClassLoader@3cd1a2f1
14:10:33.344 [main] DEBUG org.aspectj.weaver.loadtime.Aj - 14:10:33.344 main - o.a.w.l.Aj.preProcess o.a.w.l.Aj@b9afc07 j.i.l.ClassLoaders$PlatformClassLoader@1ad282e0, j.i.l.ClassLoaders$AppClassLoader@3cd1a2f1
14:10:33.344 [main] DEBUG o.a.weaver.tools.WeavingAdaptor - 14:10:33.344 main > o.a.w.t.WeavingAdaptor.weaveClass o.a.w.l.ClassLoaderWeavingAdaptor@140e5a13 org/junit/jupiter/api/ClassOrderer, byte[912]
14:10:33.345 [main] DEBUG org.aspectj.weaver.bcel.BcelWeaver - 14:10:33.345 main > o.a.w.b.BcelWeaver.weave o.a.w.b.BcelWeaver@48524010 o.a.w.t.WeavingAdaptor$WeavingClassFileProvider@ad3324b
14:10:33.345 [main] DEBUG org.aspectj.weaver.bcel.BcelWeaver - 14:10:33.345 main > o.a.w.b.BcelWeaver.weaveAndNotify o.a.w.b.BcelWeaver@48524010 o.a.w.b.UnwovenClassFile@3872bc37, o.a.w.b.BcelObjectType@1a87b51, o.a.w.t.WeavingAdaptor$WeavingClassFileProvider$1@12968227
14:10:33.345 [main] DEBUG org.aspectj.weaver.bcel.BcelWeaver - 14:10:33.345 main < o.a.w.b.BcelWeaver.weaveAndNotify
14:10:33.345 [main] DEBUG org.aspectj.weaver.bcel.BcelWeaver - 14:10:33.345 main < o.a.w.b.BcelWeaver.weave java.util.ArrayList(1)
14:10:33.345 [main] DEBUG o.a.weaver.tools.WeavingAdaptor - 14:10:33.345 main < o.a.w.t.WeavingAdaptor.weaveClass byte[912]
14:10:33.345 [main] DEBUG org.aspectj.weaver.Dump - 14:10:33.345 main > o.a.w.Dump.dumpOnExit o.a.w.t.WeavingAdaptor$WeavingAdaptorMessageHolder@6a6afff2
14:10:33.345 [main] DEBUG org.aspectj.weaver.Dump - 14:10:33.345 main > o.a.w.Dump.shouldDumpOnExit o.a.w.t.WeavingAdaptor$WeavingAdaptorMessageHolder@6a6afff2
14:10:33.345 [main] DEBUG org.aspectj.weaver.Dump - 14:10:33.345 main - o.a.w.Dump.shouldDumpOnExit abort
14:10:33.345 [main] DEBUG org.aspectj.weaver.Dump - 14:10:33.345 main < o.a.w.Dump.shouldDumpOnExit false
14:10:33.345 [main] DEBUG org.aspectj.weaver.Dump - 14:10:33.345 main < o.a.w.Dump.dumpOnExit Excluded
14:10:33.345 [main] DEBUG org.aspectj.weaver.loadtime.Aj - 14:10:33.345 main < o.a.w.l.Aj.preProcess byte[912]
14:10:33.348 [main] DEBUG org.aspectj.weaver.loadtime.Aj - 14:10:33.348 main > o.a.w.l.Aj.preProcess o.a.w.l.Aj@b9afc07 org/junit/jupiter/engine/descriptor/JupiterEngineDescriptor, byte[4869], j.i.l.ClassLoaders$AppClassLoader@3cd1a2f1
14:10:33.349 [main] DEBUG org.aspectj.weaver.loadtime.Aj - 14:10:33.348 main - o.a.w.l.Aj.preProcess o.a.w.l.Aj@b9afc07 j.i.l.ClassLoaders$PlatformClassLoader@1ad282e0, j.i.l.ClassLoaders$AppClassLoader@3cd1a2f1
14:10:33.349 [main] DEBUG o.a.weaver.tools.WeavingAdaptor - 14:10:33.349 main > o.a.w.t.WeavingAdaptor.weaveClass o.a.w.l.ClassLoaderWeavingAdaptor@140e5a13 org/junit/jupiter/engine/descriptor/JupiterEngineDescriptor, byte[4869]
14:10:33.349 [main] DEBUG org.aspectj.weaver.bcel.BcelWeaver - 14:10:33.349 main > o.a.w.b.BcelWeaver.weave o.a.w.b.BcelWeaver@48524010 o.a.w.t.WeavingAdaptor$WeavingClassFileProvider@48eb9836
14:10:33.351 [main] DEBUG org.aspectj.weaver.bcel.BcelWorld - 14:10:33.351 main - o.a.w.b.BcelWorld.lookupJavaClass o.a.w.l.LTWWorld@2b4a2ec7 org.junit.platform.engine.support.descriptor.EngineDescriptor, o.a.a.b.c.JavaClass@2a066689
14:10:33.352 [main] DEBUG org.aspectj.weaver.bcel.BcelWorld - 14:10:33.352 main - o.a.w.b.BcelWorld.lookupJavaClass o.a.w.l.LTWWorld@2b4a2ec7 org.junit.platform.engine.support.hierarchical.Node, o.a.a.b.c.JavaClass@6d025d1d
14:10:33.352 [main] DEBUG org.aspectj.weaver.bcel.BcelWeaver - 14:10:33.352 main > o.a.w.b.BcelWeaver.weaveAndNotify o.a.w.b.BcelWeaver@48524010 o.a.w.b.UnwovenClassFile@74294c1a, o.a.w.b.BcelObjectType@9e2ad91, o.a.w.t.WeavingAdaptor$WeavingClassFileProvider$1@64524dd
14:10:33.354 [main] DEBUG org.aspectj.weaver.bcel.BcelWorld - 14:10:33.354 main - o.a.w.b.BcelWorld.lookupJavaClass o.a.w.l.LTWWorld@2b4a2ec7 org.junit.platform.engine.support.descriptor.AbstractTestDescriptor, o.a.a.b.c.JavaClass@5bb51241
14:10:33.354 [main] DEBUG org.aspectj.weaver.bcel.BcelWorld - 14:10:33.354 main - o.a.w.b.BcelWorld.lookupJavaClass o.a.w.l.LTWWorld@2b4a2ec7 org.junit.platform.engine.TestDescriptor, o.a.a.b.c.JavaClass@2d6c53fc
14:10:33.355 [main] DEBUG org.aspectj.weaver.bcel.BcelWorld - 14:10:33.355 main - o.a.w.b.BcelWorld.lookupJavaClass o.a.w.l.LTWWorld@2b4a2ec7 org.junit.platform.engine.support.hierarchical.Node$ExecutionMode, o.a.a.b.c.JavaClass@70f822e
14:10:33.355 [main] DEBUG org.aspectj.weaver.bcel.BcelWorld - 14:10:33.355 main - o.a.w.b.BcelWorld.lookupJavaClass o.a.w.l.LTWWorld@2b4a2ec7 org.junit.jupiter.engine.execution.JupiterEngineExecutionContext, o.a.a.b.c.JavaClass@7103cb56
14:10:33.355 [main] DEBUG org.aspectj.weaver.bcel.BcelWeaver - 14:10:33.355 main < o.a.w.b.BcelWeaver.weaveAndNotify
14:10:33.355 [main] DEBUG org.aspectj.weaver.bcel.BcelWeaver - 14:10:33.355 main < o.a.w.b.BcelWeaver.weave java.util.ArrayList(1)
14:10:33.355 [main] DEBUG o.a.weaver.tools.WeavingAdaptor - 14:10:33.355 main < o.a.w.t.WeavingAdaptor.weaveClass byte[4869]
14:10:33.356 [main] DEBUG org.aspectj.weaver.Dump - 14:10:33.356 main > o.a.w.Dump.dumpOnExit o.a.w.t.WeavingAdaptor$WeavingAdaptorMessageHolder@6a6afff2
14:10:33.356 [main] DEBUG org.aspectj.weaver.Dump - 14:10:33.356 main > o.a.w.Dump.shouldDumpOnExit o.a.w.t.WeavingAdaptor$WeavingAdaptorMessageHolder@6a6afff2
14:10:33.356 [main] DEBUG org.aspectj.weaver.Dump - 14:10:33.356 main - o.a.w.Dump.shouldDumpOnExit abort
14:10:33.356 [main] DEBUG org.aspectj.weaver.Dump - 14:10:33.356 main < o.a.w.Dump.shouldDumpOnExit false
14:10:33.356 [main] DEBUG org.aspectj.weaver.Dump - 14:10:33.356 main < o.a.w.Dump.dumpOnExit Excluded
14:10:33.356 [main] DEBUG org.aspectj.weaver.loadtime.Aj - 14:10:33.356 main < o.a.w.l.Aj.preProcess byte[4869]
14:10:33.357 [main] DEBUG org.aspectj.weaver.loadtime.Aj - 14:10:33.357 main > o.a.w.l.Aj.preProcess o.a.w.l.Aj@b9afc07 org/junit/platform/engine/support/hierarchical/Node, byte[5264], j.i.l.ClassLoaders$AppClassLoader@3cd1a2f1
14:10:33.357 [main] DEBUG org.aspectj.weaver.loadtime.Aj - 14:10:33.357 main - o.a.w.l.Aj.preProcess o.a.w.l.Aj@b9afc07 j.i.l.ClassLoaders$PlatformClassLoader@1ad282e0, j.i.l.ClassLoaders$AppClassLoader@3cd1a2f1
14:10:33.358 [main] DEBUG o.a.weaver.tools.WeavingAdaptor - 14:10:33.358 main > o.a.w.t.WeavingAdaptor.weaveClass o.a.w.l.ClassLoaderWeavingAdaptor@140e5a13 org/junit/platform/engine/support/hierarchical/Node, byte[5264]
14:10:33.358 [main] DEBUG org.aspectj.weaver.bcel.BcelWeaver - 14:10:33.358 main > o.a.w.b.BcelWeaver.weave o.a.w.b.BcelWeaver@48524010 o.a.w.t.WeavingAdaptor$WeavingClassFileProvider@17a703f5
14:10:33.358 [main] DEBUG org.aspectj.weaver.bcel.BcelWeaver - 14:10:33.358 main > o.a.w.b.BcelWeaver.weaveAndNotify o.a.w.b.BcelWeaver@48524010 o.a.w.b.UnwovenClassFile@5ff2b8ca, o.a.w.b.BcelObjectType@618ad2aa, o.a.w.t.WeavingAdaptor$WeavingClassFileProvider$1@1aa6e3c0
14:10:33.360 [main] DEBUG org.aspectj.weaver.bcel.BcelWorld - 14:10:33.359 main - o.a.w.b.BcelWorld.lookupJavaClass o.a.w.l.LTWWorld@2b4a2ec7 org.junit.platform.engine.support.hierarchical.EngineExecutionContext, o.a.a.b.c.JavaClass@4867ab9f
14:10:33.361 [main] DEBUG org.aspectj.weaver.bcel.BcelWorld - 14:10:33.361 main - o.a.w.b.BcelWorld.lookupJavaClass o.a.w.l.LTWWorld@2b4a2ec7 org.junit.platform.engine.support.hierarchical.Node$SkipResult, o.a.a.b.c.JavaClass@59e43e8c
14:10:33.362 [main] DEBUG org.aspectj.weaver.bcel.BcelWorld - 14:10:33.361 main - o.a.w.b.BcelWorld.lookupJavaClass o.a.w.l.LTWWorld@2b4a2ec7 org.junit.platform.engine.support.hierarchical.Node$DynamicTestExecutor, o.a.a.b.c.JavaClass@3eabe84a
14:10:33.363 [main] DEBUG org.aspectj.weaver.bcel.BcelWorld - 14:10:33.363 main - o.a.w.b.BcelWorld.lookupJavaClass o.a.w.l.LTWWorld@2b4a2ec7 org.junit.platform.engine.support.hierarchical.Node$Invocation, o.a.a.b.c.JavaClass@5e8cda75
14:10:33.363 [main] DEBUG org.aspectj.weaver.bcel.BcelWorld - 14:10:33.363 main - o.a.w.b.BcelWorld.lookupJavaClass o.a.w.l.LTWWorld@2b4a2ec7 java.util.Set, o.a.a.b.c.JavaClass@3f6b0be5
14:10:33.363 [main] DEBUG org.aspectj.weaver.bcel.BcelWeaver - 14:10:33.363 main < o.a.w.b.BcelWeaver.weaveAndNotify
14:10:33.363 [main] DEBUG org.aspectj.weaver.bcel.BcelWeaver - 14:10:33.363 main < o.a.w.b.BcelWeaver.weave java.util.ArrayList(1)
14:10:33.363 [main] DEBUG o.a.weaver.tools.WeavingAdaptor - 14:10:33.363 main < o.a.w.t.WeavingAdaptor.weaveClass byte[5264]
14:10:33.363 [main] DEBUG org.aspectj.weaver.Dump - 14:10:33.363 main > o.a.w.Dump.dumpOnExit o.a.w.t.WeavingAdaptor$WeavingAdaptorMessageHolder@6a6afff2
14:10:33.364 [main] DEBUG org.aspectj.weaver.Dump - 14:10:33.363 main > o.a.w.Dump.shouldDumpOnExit o.a.w.t.WeavingAdaptor$WeavingAdaptorMessageHolder@6a6afff2
14:10:33.364 [main] DEBUG org.aspectj.weaver.Dump - 14:10:33.364 main - o.a.w.Dump.shouldDumpOnExit abort
14:10:33.364 [main] DEBUG org.aspectj.weaver.Dump - 14:10:33.364 main < o.a.w.Dump.shouldDumpOnExit false
14:10:33.364 [main] DEBUG org.aspectj.weaver.Dump - 14:10:33.364 main < o.a.w.Dump.dumpOnExit Excluded
14:10:33.364 [main] DEBUG org.aspectj.weaver.loadtime.Aj - 14:10:33.364 main < o.a.w.l.Aj.preProcess byte[5264]
14:10:33.371 [main] DEBUG org.aspectj.weaver.loadtime.Aj - 14:10:33.371 main > o.a.w.l.Aj.preProcess o.a.w.l.Aj@b9afc07 org/junit/platform/engine/support/descriptor/EngineDescriptor, byte[1137], j.i.l.ClassLoaders$AppClassLoader@3cd1a2f1
14:10:33.371 [main] DEBUG org.aspectj.weaver.loadtime.Aj - 14:10:33.371 main - o.a.w.l.Aj.preProcess o.a.w.l.Aj@b9afc07 j.i.l.ClassLoaders$PlatformClassLoader@1ad282e0, j.i.l.ClassLoaders$AppClassLoader@3cd1a2f1
14:10:33.371 [main] DEBUG o.a.weaver.tools.WeavingAdaptor - 14:10:33.371 main > o.a.w.t.WeavingAdaptor.weaveClass o.a.w.l.ClassLoaderWeavingAdaptor@140e5a13 org/junit/platform/engine/support/descriptor/EngineDescriptor, byte[1137]
14:10:33.371 [main] DEBUG org.aspectj.weaver.bcel.BcelWeaver - 14:10:33.371 main > o.a.w.b.BcelWeaver.weave o.a.w.b.BcelWeaver@48524010 o.a.w.t.WeavingAdaptor$WeavingClassFileProvider@6fd12c5
14:10:33.372 [main] DEBUG org.aspectj.weaver.bcel.BcelWeaver - 14:10:33.372 main > o.a.w.b.BcelWeaver.weaveAndNotify o.a.w.b.BcelWeaver@48524010 o.a.w.b.UnwovenClassFile@1de0a46c, o.a.w.b.BcelObjectType@4d1f1ff5, o.a.w.t.WeavingAdaptor$WeavingClassFileProvider$1@222afc67
14:10:33.378 [main] DEBUG org.aspectj.weaver.bcel.BcelWorld - 14:10:33.378 main - o.a.w.b.BcelWorld.lookupJavaClass o.a.w.l.LTWWorld@2b4a2ec7 org.junit.platform.engine.TestDescriptor$Type, o.a.a.b.c.JavaClass@149debbb
14:10:33.378 [main] DEBUG org.aspectj.weaver.bcel.BcelWeaver - 14:10:33.378 main < o.a.w.b.BcelWeaver.weaveAndNotify
14:10:33.378 [main] DEBUG org.aspectj.weaver.bcel.BcelWeaver - 14:10:33.378 main < o.a.w.b.BcelWeaver.weave java.util.ArrayList(1)
14:10:33.378 [main] DEBUG o.a.weaver.tools.WeavingAdaptor - 14:10:33.378 main < o.a.w.t.WeavingAdaptor.weaveClass byte[1137]
14:10:33.378 [main] DEBUG org.aspectj.weaver.Dump - 14:10:33.378 main > o.a.w.Dump.dumpOnExit o.a.w.t.WeavingAdaptor$WeavingAdaptorMessageHolder@6a6afff2
14:10:33.378 [main] DEBUG org.aspectj.weaver.Dump - 14:10:33.378 main > o.a.w.Dump.shouldDumpOnExit o.a.w.t.WeavingAdaptor$WeavingAdaptorMessageHolder@6a6afff2
14:10:33.378 [main] DEBUG org.aspectj.weaver.Dump - 14:10:33.378 main - o.a.w.Dump.shouldDumpOnExit abort
14:10:33.379 [main] DEBUG org.aspectj.weaver.Dump - 14:10:33.379 main < o.a.w.Dump.shouldDumpOnExit false
14:10:33.379 [main] DEBUG org.aspectj.weaver.Dump - 14:10:33.379 main < o.a.w.Dump.dumpOnExit Excluded
14:10:33.379 [main] DEBUG org.aspectj.weaver.loadtime.Aj - 14:10:33.379 main < o.a.w.l.Aj.preProcess byte[1137]
14:10:33.380 [main] DEBUG org.aspectj.weaver.loadtime.Aj - 14:10:33.380 main > o.a.w.l.Aj.preProcess o.a.w.l.Aj@b9afc07 org/junit/platform/engine/support/descriptor/AbstractTestDescriptor, byte[6235], j.i.l.ClassLoaders$AppClassLoader@3cd1a2f1
14:10:33.380 [main] DEBUG org.aspectj.weaver.loadtime.Aj - 14:10:33.380 main - o.a.w.l.Aj.preProcess o.a.w.l.Aj@b9afc07 j.i.l.ClassLoaders$PlatformClassLoader@1ad282e0, j.i.l.ClassLoaders$AppClassLoader@3cd1a2f1
14:10:33.380 [main] DEBUG o.a.weaver.tools.WeavingAdaptor - 14:10:33.380 main > o.a.w.t.WeavingAdaptor.weaveClass o.a.w.l.ClassLoaderWeavingAdaptor@140e5a13 org/junit/platform/engine/support/descriptor/AbstractTestDescriptor, byte[6235]
14:10:33.380 [main] DEBUG org.aspectj.weaver.bcel.BcelWeaver - 14:10:33.380 main > o.a.w.b.BcelWeaver.weave o.a.w.b.BcelWeaver@48524010 o.a.w.t.WeavingAdaptor$WeavingClassFileProvider@41522537
14:10:33.381 [main] DEBUG org.aspectj.weaver.bcel.BcelWeaver - 14:10:33.381 main > o.a.w.b.BcelWeaver.weaveAndNotify o.a.w.b.BcelWeaver@48524010 o.a.w.b.UnwovenClassFile@e9dc4d0, o.a.w.b.BcelObjectType@670d4d38, o.a.w.t.WeavingAdaptor$WeavingClassFileProvider$1@131ff6fa
14:10:33.381 [main] DEBUG org.aspectj.weaver.bcel.BcelWeaver - 14:10:33.381 main < o.a.w.b.BcelWeaver.weaveAndNotify
14:10:33.381 [main] DEBUG org.aspectj.weaver.bcel.BcelWeaver - 14:10:33.381 main < o.a.w.b.BcelWeaver.weave java.util.ArrayList(1)
14:10:33.381 [main] DEBUG o.a.weaver.tools.WeavingAdaptor - 14:10:33.381 main < o.a.w.t.WeavingAdaptor.weaveClass byte[6235]
14:10:33.381 [main] DEBUG org.aspectj.weaver.Dump - 14:10:33.381 main > o.a.w.Dump.dumpOnExit o.a.w.t.WeavingAdaptor$WeavingAdaptorMessageHolder@6a6afff2
14:10:33.381 [main] DEBUG org.aspectj.weaver.Dump - 14:10:33.381 main > o.a.w.Dump.shouldDumpOnExit o.a.w.t.WeavingAdaptor$WeavingAdaptorMessageHolder@6a6afff2
14:10:33.381 [main] DEBUG org.aspectj.weaver.Dump - 14:10:33.381 main - o.a.w.Dump.shouldDumpOnExit abort
14:10:33.381 [main] DEBUG org.aspectj.weaver.Dump - 14:10:33.381 main < o.a.w.Dump.shouldDumpOnExit false
14:10:33.381 [main] DEBUG org.aspectj.weaver.Dump - 14:10:33.381 main < o.a.w.Dump.dumpOnExit Excluded
14:10:33.381 [main] DEBUG org.aspectj.weaver.loadtime.Aj - 14:10:33.381 main < o.a.w.l.Aj.preProcess byte[6235]
14:10:33.391 [main] DEBUG org.aspectj.weaver.loadtime.Aj - 14:10:33.390 main > o.a.w.l.Aj.preProcess o.a.w.l.Aj@b9afc07 org/junit/jupiter/api/extension/ExecutableInvoker, byte[1295], j.i.l.ClassLoaders$AppClassLoader@3cd1a2f1
14:10:33.391 [main] DEBUG org.aspectj.weaver.loadtime.Aj - 14:10:33.391 main - o.a.w.l.Aj.preProcess o.a.w.l.Aj@b9afc07 j.i.l.ClassLoaders$PlatformClassLoader@1ad282e0, j.i.l.ClassLoaders$AppClassLoader@3cd1a2f1
14:10:33.391 [main] DEBUG o.a.weaver.tools.WeavingAdaptor - 14:10:33.391 main > o.a.w.t.WeavingAdaptor.weaveClass o.a.w.l.ClassLoaderWeavingAdaptor@140e5a13 org/junit/jupiter/api/extension/ExecutableInvoker, byte[1295]
14:10:33.391 [main] DEBUG org.aspectj.weaver.bcel.BcelWeaver - 14:10:33.391 main > o.a.w.b.BcelWeaver.weave o.a.w.b.BcelWeaver@48524010 o.a.w.t.WeavingAdaptor$WeavingClassFileProvider@6ba30587
14:10:33.391 [main] DEBUG org.aspectj.weaver.bcel.BcelWeaver - 14:10:33.391 main > o.a.w.b.BcelWeaver.weaveAndNotify o.a.w.b.BcelWeaver@48524010 o.a.w.b.UnwovenClassFile@35764bef, o.a.w.b.BcelObjectType@5633dafd, o.a.w.t.WeavingAdaptor$WeavingClassFileProvider$1@5d5160e6
14:10:33.391 [main] DEBUG org.aspectj.weaver.bcel.BcelWeaver - 14:10:33.391 main < o.a.w.b.BcelWeaver.weaveAndNotify
14:10:33.391 [main] DEBUG org.aspectj.weaver.bcel.BcelWeaver - 14:10:33.391 main < o.a.w.b.BcelWeaver.weave java.util.ArrayList(1)
14:10:33.392 [main] DEBUG o.a.weaver.tools.WeavingAdaptor - 14:10:33.391 main < o.a.w.t.WeavingAdaptor.weaveClass byte[1295]
14:10:33.392 [main] DEBUG org.aspectj.weaver.Dump - 14:10:33.392 main > o.a.w.Dump.dumpOnExit o.a.w.t.WeavingAdaptor$WeavingAdaptorMessageHolder@6a6afff2
14:10:33.392 [main] DEBUG org.aspectj.weaver.Dump - 14:10:33.392 main > o.a.w.Dump.shouldDumpOnExit o.a.w.t.WeavingAdaptor$WeavingAdaptorMessageHolder@6a6afff2
14:10:33.392 [main] DEBUG org.aspectj.weaver.Dump - 14:10:33.392 main - o.a.w.Dump.shouldDumpOnExit abort
14:10:33.392 [main] DEBUG org.aspectj.weaver.Dump - 14:10:33.392 main < o.a.w.Dump.shouldDumpOnExit false
14:10:33.392 [main] DEBUG org.aspectj.weaver.Dump - 14:10:33.392 main < o.a.w.Dump.dumpOnExit Excluded
14:10:33.392 [main] DEBUG org.aspectj.weaver.loadtime.Aj - 14:10:33.392 main < o.a.w.l.Aj.preProcess byte[1295]
14:10:33.393 [main] DEBUG org.aspectj.weaver.loadtime.Aj - 14:10:33.393 main > o.a.w.l.Aj.preProcess o.a.w.l.Aj@b9afc07 org/junit/jupiter/api/extension/ExtensionContext, byte[4496], j.i.l.ClassLoaders$AppClassLoader@3cd1a2f1
14:10:33.394 [main] DEBUG org.aspectj.weaver.loadtime.Aj - 14:10:33.394 main - o.a.w.l.Aj.preProcess o.a.w.l.Aj@b9afc07 j.i.l.ClassLoaders$PlatformClassLoader@1ad282e0, j.i.l.ClassLoaders$AppClassLoader@3cd1a2f1
14:10:33.394 [main] DEBUG o.a.weaver.tools.WeavingAdaptor - 14:10:33.394 main > o.a.w.t.WeavingAdaptor.weaveClass o.a.w.l.ClassLoaderWeavingAdaptor@140e5a13 org/junit/jupiter/api/extension/ExtensionContext, byte[4496]
14:10:33.394 [main] DEBUG org.aspectj.weaver.bcel.BcelWeaver - 14:10:33.394 main > o.a.w.b.BcelWeaver.weave o.a.w.b.BcelWeaver@48524010 o.a.w.t.WeavingAdaptor$WeavingClassFileProvider@37af1f93
14:10:33.394 [main] DEBUG org.aspectj.weaver.bcel.BcelWeaver - 14:10:33.394 main > o.a.w.b.BcelWeaver.weaveAndNotify o.a.w.b.BcelWeaver@48524010 o.a.w.b.UnwovenClassFile@778d82e9, o.a.w.b.BcelObjectType@408e96d9, o.a.w.t.WeavingAdaptor$WeavingClassFileProvider$1@59901c4d
14:10:33.397 [main] DEBUG org.aspectj.weaver.bcel.BcelWorld - 14:10:33.397 main - o.a.w.b.BcelWorld.lookupJavaClass o.a.w.l.LTWWorld@2b4a2ec7 org.junit.jupiter.api.extension.TestInstances, o.a.a.b.c.JavaClass@3901f6af
14:10:33.397 [main] DEBUG org.aspectj.weaver.bcel.BcelWeaver - 14:10:33.397 main < o.a.w.b.BcelWeaver.weaveAndNotify
14:10:33.397 [main] DEBUG org.aspectj.weaver.bcel.BcelWeaver - 14:10:33.397 main < o.a.w.b.BcelWeaver.weave java.util.ArrayList(1)
14:10:33.397 [main] DEBUG o.a.weaver.tools.WeavingAdaptor - 14:10:33.397 main < o.a.w.t.WeavingAdaptor.weaveClass byte[4496]
14:10:33.397 [main] DEBUG org.aspectj.weaver.Dump - 14:10:33.397 main > o.a.w.Dump.dumpOnExit o.a.w.t.WeavingAdaptor$WeavingAdaptorMessageHolder@6a6afff2
14:10:33.397 [main] DEBUG org.aspectj.weaver.Dump - 14:10:33.397 main > o.a.w.Dump.shouldDumpOnExit o.a.w.t.WeavingAdaptor$WeavingAdaptorMessageHolder@6a6afff2
14:10:33.397 [main] DEBUG org.aspectj.weaver.Dump - 14:10:33.397 main - o.a.w.Dump.shouldDumpOnExit abort
14:10:33.397 [main] DEBUG org.aspectj.weaver.Dump - 14:10:33.397 main < o.a.w.Dump.shouldDumpOnExit false
14:10:33.397 [main] DEBUG org.aspectj.weaver.Dump - 14:10:33.397 main < o.a.w.Dump.dumpOnExit Excluded
14:10:33.397 [main] DEBUG org.aspectj.weaver.loadtime.Aj - 14:10:33.397 main < o.a.w.l.Aj.preProcess byte[4496]
14:10:33.399 [main] DEBUG org.aspectj.weaver.loadtime.Aj - 14:10:33.399 main > o.a.w.l.Aj.preProcess o.a.w.l.Aj@b9afc07 org/junit/jupiter/engine/discovery/DiscoverySelectorResolver, byte[5012], j.i.l.ClassLoaders$AppClassLoader@3cd1a2f1
14:10:33.400 [main] DEBUG org.aspectj.weaver.loadtime.Aj - 14:10:33.399 main - o.a.w.l.Aj.preProcess o.a.w.l.Aj@b9afc07 j.i.l.ClassLoaders$PlatformClassLoader@1ad282e0, j.i.l.ClassLoaders$AppClassLoader@3cd1a2f1
14:10:33.400 [main] DEBUG o.a.weaver.tools.WeavingAdaptor - 14:10:33.400 main > o.a.w.t.WeavingAdaptor.weaveClass o.a.w.l.ClassLoaderWeavingAdaptor@140e5a13 org/junit/jupiter/engine/discovery/DiscoverySelectorResolver, byte[5012]
14:10:33.400 [main] DEBUG org.aspectj.weaver.bcel.BcelWeaver - 14:10:33.400 main > o.a.w.b.BcelWeaver.weave o.a.w.b.BcelWeaver@48524010 o.a.w.t.WeavingAdaptor$WeavingClassFileProvider@47af099e
14:10:33.400 [main] DEBUG org.aspectj.weaver.bcel.BcelWeaver - 14:10:33.400 main > o.a.w.b.BcelWeaver.weaveAndNotify o.a.w.b.BcelWeaver@48524010 o.a.w.b.UnwovenClassFile@700f518a, o.a.w.b.BcelObjectType@b835727, o.a.w.t.WeavingAdaptor$WeavingClassFileProvider$1@13da7ab0
14:10:33.401 [main] DEBUG org.aspectj.weaver.bcel.BcelWorld - 14:10:33.401 main - o.a.w.b.BcelWorld.lookupJavaClass o.a.w.l.LTWWorld@2b4a2ec7 org.junit.platform.engine.EngineDiscoveryRequest, o.a.a.b.c.JavaClass@1c481ff2
14:10:33.402 [main] DEBUG org.aspectj.weaver.bcel.BcelWorld - 14:10:33.402 main - o.a.w.b.BcelWorld.lookupJavaClass o.a.w.l.LTWWorld@2b4a2ec7 org.junit.platform.engine.support.discovery.EngineDiscoveryRequestResolver$InitializationContext, o.a.a.b.c.JavaClass@77eb5790
14:10:33.402 [main] DEBUG org.aspectj.weaver.bcel.BcelWorld - 14:10:33.402 main - o.a.w.b.BcelWorld.lookupJavaClass o.a.w.l.LTWWorld@2b4a2ec7 org.junit.platform.engine.TestDescriptor$Visitor, o.a.a.b.c.JavaClass@45815ffc
14:10:33.404 [main] DEBUG org.aspectj.weaver.bcel.BcelWorld - 14:10:33.404 main - o.a.w.b.BcelWorld.lookupJavaClass o.a.w.l.LTWWorld@2b4a2ec7 org.junit.platform.engine.support.discovery.SelectorResolver, o.a.a.b.c.JavaClass@238bfd6c
14:10:33.404 [main] DEBUG org.aspectj.weaver.bcel.BcelWeaver - 14:10:33.404 main < o.a.w.b.BcelWeaver.weaveAndNotify
14:10:33.404 [main] DEBUG org.aspectj.weaver.bcel.BcelWeaver - 14:10:33.404 main < o.a.w.b.BcelWeaver.weave java.util.ArrayList(1)
14:10:33.405 [main] DEBUG o.a.weaver.tools.WeavingAdaptor - 14:10:33.405 main < o.a.w.t.WeavingAdaptor.weaveClass byte[5012]
14:10:33.405 [main] DEBUG org.aspectj.weaver.Dump - 14:10:33.405 main > o.a.w.Dump.dumpOnExit o.a.w.t.WeavingAdaptor$WeavingAdaptorMessageHolder@6a6afff2
14:10:33.405 [main] DEBUG org.aspectj.weaver.Dump - 14:10:33.405 main > o.a.w.Dump.shouldDumpOnExit o.a.w.t.WeavingAdaptor$WeavingAdaptorMessageHolder@6a6afff2
14:10:33.405 [main] DEBUG org.aspectj.weaver.Dump - 14:10:33.405 main - o.a.w.Dump.shouldDumpOnExit abort
14:10:33.405 [main] DEBUG org.aspectj.weaver.Dump - 14:10:33.405 main < o.a.w.Dump.shouldDumpOnExit false
14:10:33.406 [main] DEBUG org.aspectj.weaver.Dump - 14:10:33.406 main < o.a.w.Dump.dumpOnExit Excluded
14:10:33.406 [main] DEBUG org.aspectj.weaver.loadtime.Aj - 14:10:33.406 main < o.a.w.l.Aj.preProcess byte[5012]
14:10:33.408 [main] DEBUG org.aspectj.weaver.loadtime.Aj - 14:10:33.408 main > o.a.w.l.Aj.preProcess o.a.w.l.Aj@b9afc07 org/junit/platform/engine/support/discovery/SelectorResolver, byte[5485], j.i.l.ClassLoaders$AppClassLoader@3cd1a2f1
14:10:33.409 [main] DEBUG org.aspectj.weaver.loadtime.Aj - 14:10:33.409 main - o.a.w.l.Aj.preProcess o.a.w.l.Aj@b9afc07 j.i.l.ClassLoaders$PlatformClassLoader@1ad282e0, j.i.l.ClassLoaders$AppClassLoader@3cd1a2f1
14:10:33.409 [main] DEBUG o.a.weaver.tools.WeavingAdaptor - 14:10:33.409 main > o.a.w.t.WeavingAdaptor.weaveClass o.a.w.l.ClassLoaderWeavingAdaptor@140e5a13 org/junit/platform/engine/support/discovery/SelectorResolver, byte[5485]
14:10:33.409 [main] DEBUG org.aspectj.weaver.bcel.BcelWeaver - 14:10:33.409 main > o.a.w.b.BcelWeaver.weave o.a.w.b.BcelWeaver@48524010 o.a.w.t.WeavingAdaptor$WeavingClassFileProvider@7139bd31
14:10:33.409 [main] DEBUG org.aspectj.weaver.bcel.BcelWeaver - 14:10:33.409 main > o.a.w.b.BcelWeaver.weaveAndNotify o.a.w.b.BcelWeaver@48524010 o.a.w.b.UnwovenClassFile@199bc830, o.a.w.b.BcelObjectType@4b3fe06e, o.a.w.t.WeavingAdaptor$WeavingClassFileProvider$1@27b45ea
14:10:33.410 [main] DEBUG org.aspectj.weaver.bcel.BcelWorld - 14:10:33.410 main - o.a.w.b.BcelWorld.lookupJavaClass o.a.w.l.LTWWorld@2b4a2ec7 org.junit.platform.engine.discovery.ClasspathResourceSelector, o.a.a.b.c.JavaClass@386f0da3
14:10:33.411 [main] DEBUG org.aspectj.weaver.bcel.BcelWorld - 14:10:33.411 main - o.a.w.b.BcelWorld.lookupJavaClass o.a.w.l.LTWWorld@2b4a2ec7 org.junit.platform.engine.support.discovery.SelectorResolver$Context, o.a.a.b.c.JavaClass@4d8286c4
14:10:33.412 [main] DEBUG org.aspectj.weaver.bcel.BcelWorld - 14:10:33.412 main - o.a.w.b.BcelWorld.lookupJavaClass o.a.w.l.LTWWorld@2b4a2ec7 org.junit.platform.engine.support.discovery.SelectorResolver$Resolution, o.a.a.b.c.JavaClass@3e15bb06
14:10:33.413 [main] DEBUG org.aspectj.weaver.bcel.BcelWorld - 14:10:33.413 main - o.a.w.b.BcelWorld.lookupJavaClass o.a.w.l.LTWWorld@2b4a2ec7 org.junit.platform.engine.discovery.ClasspathRootSelector, o.a.a.b.c.JavaClass@69228e85
14:10:33.413 [main] DEBUG org.aspectj.weaver.bcel.BcelWorld - 14:10:33.413 main - o.a.w.b.BcelWorld.lookupJavaClass o.a.w.l.LTWWorld@2b4a2ec7 org.junit.platform.engine.discovery.ClassSelector, o.a.a.b.c.JavaClass@5e4bd84a
14:10:33.414 [main] DEBUG org.aspectj.weaver.bcel.BcelWorld - 14:10:33.414 main - o.a.w.b.BcelWorld.lookupJavaClass o.a.w.l.LTWWorld@2b4a2ec7 org.junit.platform.engine.discovery.NestedClassSelector, o.a.a.b.c.JavaClass@6c0d9d86
14:10:33.414 [main] DEBUG org.aspectj.weaver.bcel.BcelWorld - 14:10:33.414 main - o.a.w.b.BcelWorld.lookupJavaClass o.a.w.l.LTWWorld@2b4a2ec7 org.junit.platform.engine.discovery.DirectorySelector, o.a.a.b.c.JavaClass@48e92c5c
14:10:33.414 [main] DEBUG org.aspectj.weaver.bcel.BcelWorld - 14:10:33.414 main - o.a.w.b.BcelWorld.lookupJavaClass o.a.w.l.LTWWorld@2b4a2ec7 org.junit.platform.engine.discovery.FileSelector, o.a.a.b.c.JavaClass@33308786
14:10:33.414 [main] DEBUG org.aspectj.weaver.bcel.BcelWorld - 14:10:33.414 main - o.a.w.b.BcelWorld.lookupJavaClass o.a.w.l.LTWWorld@2b4a2ec7 org.junit.platform.engine.discovery.MethodSelector, o.a.a.b.c.JavaClass@53de625d
14:10:33.415 [main] DEBUG org.aspectj.weaver.bcel.BcelWorld - 14:10:33.415 main - o.a.w.b.BcelWorld.lookupJavaClass o.a.w.l.LTWWorld@2b4a2ec7 org.junit.platform.engine.discovery.NestedMethodSelector, o.a.a.b.c.JavaClass@1f3f02ee
14:10:33.415 [main] DEBUG org.aspectj.weaver.bcel.BcelWorld - 14:10:33.415 main - o.a.w.b.BcelWorld.lookupJavaClass o.a.w.l.LTWWorld@2b4a2ec7 org.junit.platform.engine.discovery.ModuleSelector, o.a.a.b.c.JavaClass@3d1848cc
14:10:33.415 [main] DEBUG org.aspectj.weaver.bcel.BcelWorld - 14:10:33.415 main - o.a.w.b.BcelWorld.lookupJavaClass o.a.w.l.LTWWorld@2b4a2ec7 org.junit.platform.engine.discovery.PackageSelector, o.a.a.b.c.JavaClass@4b6e2263
14:10:33.415 [main] DEBUG org.aspectj.weaver.bcel.BcelWorld - 14:10:33.415 main - o.a.w.b.BcelWorld.lookupJavaClass o.a.w.l.LTWWorld@2b4a2ec7 org.junit.platform.engine.discovery.UniqueIdSelector, o.a.a.b.c.JavaClass@7ca20101
14:10:33.415 [main] DEBUG org.aspectj.weaver.bcel.BcelWorld - 14:10:33.415 main - o.a.w.b.BcelWorld.lookupJavaClass o.a.w.l.LTWWorld@2b4a2ec7 org.junit.platform.engine.discovery.UriSelector, o.a.a.b.c.JavaClass@bcef303
14:10:33.415 [main] DEBUG org.aspectj.weaver.bcel.BcelWorld - 14:10:33.415 main - o.a.w.b.BcelWorld.lookupJavaClass o.a.w.l.LTWWorld@2b4a2ec7 org.junit.platform.engine.DiscoverySelector, o.a.a.b.c.JavaClass@554e218
14:10:33.415 [main] DEBUG org.aspectj.weaver.bcel.BcelWeaver - 14:10:33.415 main < o.a.w.b.BcelWeaver.weaveAndNotify
14:10:33.415 [main] DEBUG org.aspectj.weaver.bcel.BcelWeaver - 14:10:33.415 main < o.a.w.b.BcelWeaver.weave java.util.ArrayList(1)
14:10:33.415 [main] DEBUG o.a.weaver.tools.WeavingAdaptor - 14:10:33.415 main < o.a.w.t.WeavingAdaptor.weaveClass byte[5485]
14:10:33.415 [main] DEBUG org.aspectj.weaver.Dump - 14:10:33.415 main > o.a.w.Dump.dumpOnExit o.a.w.t.WeavingAdaptor$WeavingAdaptorMessageHolder@6a6afff2
14:10:33.415 [main] DEBUG org.aspectj.weaver.Dump - 14:10:33.415 main > o.a.w.Dump.shouldDumpOnExit o.a.w.t.WeavingAdaptor$WeavingAdaptorMessageHolder@6a6afff2
14:10:33.416 [main] DEBUG org.aspectj.weaver.Dump - 14:10:33.416 main - o.a.w.Dump.shouldDumpOnExit abort
14:10:33.416 [main] DEBUG org.aspectj.weaver.Dump - 14:10:33.416 main < o.a.w.Dump.shouldDumpOnExit false
14:10:33.416 [main] DEBUG org.aspectj.weaver.Dump - 14:10:33.416 main < o.a.w.Dump.dumpOnExit Excluded
14:10:33.416 [main] DEBUG org.aspectj.weaver.loadtime.Aj - 14:10:33.416 main < o.a.w.l.Aj.preProcess byte[5485]
14:10:33.418 [main] DEBUG org.aspectj.weaver.loadtime.Aj - 14:10:33.417 main > o.a.w.l.Aj.preProcess o.a.w.l.Aj@b9afc07 org/junit/platform/engine/TestDescriptor$Visitor, byte[368], j.i.l.ClassLoaders$AppClassLoader@3cd1a2f1
14:10:33.418 [main] DEBUG org.aspectj.weaver.loadtime.Aj - 14:10:33.418 main - o.a.w.l.Aj.preProcess o.a.w.l.Aj@b9afc07 j.i.l.ClassLoaders$PlatformClassLoader@1ad282e0, j.i.l.ClassLoaders$AppClassLoader@3cd1a2f1
14:10:33.418 [main] DEBUG o.a.weaver.tools.WeavingAdaptor - 14:10:33.418 main > o.a.w.t.WeavingAdaptor.weaveClass o.a.w.l.ClassLoaderWeavingAdaptor@140e5a13 org/junit/platform/engine/TestDescriptor$Visitor, byte[368]
14:10:33.418 [main] DEBUG org.aspectj.weaver.bcel.BcelWeaver - 14:10:33.418 main > o.a.w.b.BcelWeaver.weave o.a.w.b.BcelWeaver@48524010 o.a.w.t.WeavingAdaptor$WeavingClassFileProvider@2f61d591
14:10:33.418 [main] DEBUG org.aspectj.weaver.bcel.BcelWeaver - 14:10:33.418 main > o.a.w.b.BcelWeaver.weaveAndNotify o.a.w.b.BcelWeaver@48524010 o.a.w.b.UnwovenClassFile@332820f4, o.a.w.b.BcelObjectType@7173ae5b, o.a.w.t.WeavingAdaptor$WeavingClassFileProvider$1@72456279
14:10:33.418 [main] DEBUG org.aspectj.weaver.bcel.BcelWeaver - 14:10:33.418 main < o.a.w.b.BcelWeaver.weaveAndNotify
14:10:33.419 [main] DEBUG org.aspectj.weaver.bcel.BcelWeaver - 14:10:33.418 main < o.a.w.b.BcelWeaver.weave java.util.ArrayList(1)
14:10:33.419 [main] DEBUG o.a.weaver.tools.WeavingAdaptor - 14:10:33.419 main < o.a.w.t.WeavingAdaptor.weaveClass byte[368]
14:10:33.419 [main] DEBUG org.aspectj.weaver.Dump - 14:10:33.419 main > o.a.w.Dump.dumpOnExit o.a.w.t.WeavingAdaptor$WeavingAdaptorMessageHolder@6a6afff2
14:10:33.419 [main] DEBUG org.aspectj.weaver.Dump - 14:10:33.419 main > o.a.w.Dump.shouldDumpOnExit o.a.w.t.WeavingAdaptor$WeavingAdaptorMessageHolder@6a6afff2
14:10:33.419 [main] DEBUG org.aspectj.weaver.Dump - 14:10:33.419 main - o.a.w.Dump.shouldDumpOnExit abort
14:10:33.419 [main] DEBUG org.aspectj.weaver.Dump - 14:10:33.419 main < o.a.w.Dump.shouldDumpOnExit false
14:10:33.419 [main] DEBUG org.aspectj.weaver.Dump - 14:10:33.419 main < o.a.w.Dump.dumpOnExit Excluded
14:10:33.419 [main] DEBUG org.aspectj.weaver.loadtime.Aj - 14:10:33.419 main < o.a.w.l.Aj.preProcess byte[368]
14:10:33.491 [main] DEBUG org.aspectj.weaver.loadtime.Aj - 14:10:33.491 main > o.a.w.l.Aj.preProcess o.a.w.l.Aj@b9afc07 org/junit/platform/engine/support/discovery/EngineDiscoveryRequestResolver, byte[7036], j.i.l.ClassLoaders$AppClassLoader@3cd1a2f1
14:10:33.491 [main] DEBUG org.aspectj.weaver.loadtime.Aj - 14:10:33.491 main - o.a.w.l.Aj.preProcess o.a.w.l.Aj@b9afc07 j.i.l.ClassLoaders$PlatformClassLoader@1ad282e0, j.i.l.ClassLoaders$AppClassLoader@3cd1a2f1
14:10:33.491 [main] DEBUG o.a.weaver.tools.WeavingAdaptor - 14:10:33.491 main > o.a.w.t.WeavingAdaptor.weaveClass o.a.w.l.ClassLoaderWeavingAdaptor@140e5a13 org/junit/platform/engine/support/discovery/EngineDiscoveryRequestResolver, byte[7036]
14:10:33.492 [main] DEBUG org.aspectj.weaver.bcel.BcelWeaver - 14:10:33.492 main > o.a.w.b.BcelWeaver.weave o.a.w.b.BcelWeaver@48524010 o.a.w.t.WeavingAdaptor$WeavingClassFileProvider@1416cf9f
14:10:33.492 [main] DEBUG org.aspectj.weaver.bcel.BcelWeaver - 14:10:33.492 main > o.a.w.b.BcelWeaver.weaveAndNotify o.a.w.b.BcelWeaver@48524010 o.a.w.b.UnwovenClassFile@84487f4, o.a.w.b.BcelObjectType@bfc14b9, o.a.w.t.WeavingAdaptor$WeavingClassFileProvider$1@fb6097b
14:10:33.494 [main] DEBUG org.aspectj.weaver.bcel.BcelWorld - 14:10:33.494 main - o.a.w.b.BcelWorld.lookupJavaClass o.a.w.l.LTWWorld@2b4a2ec7 org.junit.platform.engine.support.discovery.EngineDiscoveryRequestResolver$Builder, o.a.a.b.c.JavaClass@55d9b8f0
14:10:33.494 [main] DEBUG org.aspectj.weaver.bcel.BcelWeaver - 14:10:33.494 main < o.a.w.b.BcelWeaver.weaveAndNotify
14:10:33.494 [main] DEBUG org.aspectj.weaver.bcel.BcelWeaver - 14:10:33.494 main < o.a.w.b.BcelWeaver.weave java.util.ArrayList(1)
14:10:33.494 [main] DEBUG o.a.weaver.tools.WeavingAdaptor - 14:10:33.494 main < o.a.w.t.WeavingAdaptor.weaveClass byte[7036]
14:10:33.494 [main] DEBUG org.aspectj.weaver.Dump - 14:10:33.494 main > o.a.w.Dump.dumpOnExit o.a.w.t.WeavingAdaptor$WeavingAdaptorMessageHolder@6a6afff2
14:10:33.495 [main] DEBUG org.aspectj.weaver.Dump - 14:10:33.495 main > o.a.w.Dump.shouldDumpOnExit o.a.w.t.WeavingAdaptor$WeavingAdaptorMessageHolder@6a6afff2
14:10:33.495 [main] DEBUG org.aspectj.weaver.Dump - 14:10:33.495 main - o.a.w.Dump.shouldDumpOnExit abort
14:10:33.495 [main] DEBUG org.aspectj.weaver.Dump - 14:10:33.495 main < o.a.w.Dump.shouldDumpOnExit false
14:10:33.495 [main] DEBUG org.aspectj.weaver.Dump - 14:10:33.495 main < o.a.w.Dump.dumpOnExit Excluded
14:10:33.495 [main] DEBUG org.aspectj.weaver.loadtime.Aj - 14:10:33.495 main < o.a.w.l.Aj.preProcess byte[7036]
14:10:33.498 [main] DEBUG org.aspectj.weaver.loadtime.Aj - 14:10:33.498 main > o.a.w.l.Aj.preProcess o.a.w.l.Aj@b9afc07 org/junit/platform/engine/support/discovery/EngineDiscoveryRequestResolver$InitializationContext, byte[970], j.i.l.ClassLoaders$AppClassLoader@3cd1a2f1
14:10:33.498 [main] DEBUG org.aspectj.weaver.loadtime.Aj - 14:10:33.498 main - o.a.w.l.Aj.preProcess o.a.w.l.Aj@b9afc07 j.i.l.ClassLoaders$PlatformClassLoader@1ad282e0, j.i.l.ClassLoaders$AppClassLoader@3cd1a2f1
14:10:33.499 [main] DEBUG o.a.weaver.tools.WeavingAdaptor - 14:10:33.498 main > o.a.w.t.WeavingAdaptor.weaveClass o.a.w.l.ClassLoaderWeavingAdaptor@140e5a13 org/junit/platform/engine/support/discovery/EngineDiscoveryRequestResolver$InitializationContext, byte[970]
14:10:33.499 [main] DEBUG org.aspectj.weaver.bcel.BcelWeaver - 14:10:33.499 main > o.a.w.b.BcelWeaver.weave o.a.w.b.BcelWeaver@48524010 o.a.w.t.WeavingAdaptor$WeavingClassFileProvider@3419e23b
14:10:33.499 [main] DEBUG org.aspectj.weaver.bcel.BcelWeaver - 14:10:33.499 main > o.a.w.b.BcelWeaver.weaveAndNotify o.a.w.b.BcelWeaver@48524010 o.a.w.b.UnwovenClassFile@710d89e2, o.a.w.b.BcelObjectType@1d75e7af, o.a.w.t.WeavingAdaptor$WeavingClassFileProvider$1@4fc142ec
14:10:33.499 [main] DEBUG org.aspectj.weaver.bcel.BcelWeaver - 14:10:33.499 main < o.a.w.b.BcelWeaver.weaveAndNotify
14:10:33.499 [main] DEBUG org.aspectj.weaver.bcel.BcelWeaver - 14:10:33.499 main < o.a.w.b.BcelWeaver.weave java.util.ArrayList(1)
14:10:33.499 [main] DEBUG o.a.weaver.tools.WeavingAdaptor - 14:10:33.499 main < o.a.w.t.WeavingAdaptor.weaveClass byte[970]
14:10:33.500 [main] DEBUG org.aspectj.weaver.Dump - 14:10:33.500 main > o.a.w.Dump.dumpOnExit o.a.w.t.WeavingAdaptor$WeavingAdaptorMessageHolder@6a6afff2
14:10:33.500 [main] DEBUG org.aspectj.weaver.Dump - 14:10:33.500 main > o.a.w.Dump.shouldDumpOnExit o.a.w.t.WeavingAdaptor$WeavingAdaptorMessageHolder@6a6afff2
14:10:33.500 [main] DEBUG org.aspectj.weaver.Dump - 14:10:33.500 main - o.a.w.Dump.shouldDumpOnExit abort
14:10:33.500 [main] DEBUG org.aspectj.weaver.Dump - 14:10:33.500 main < o.a.w.Dump.shouldDumpOnExit false
14:10:33.500 [main] DEBUG org.aspectj.weaver.Dump - 14:10:33.500 main < o.a.w.Dump.dumpOnExit Excluded
14:10:33.500 [main] DEBUG org.aspectj.weaver.loadtime.Aj - 14:10:33.500 main < o.a.w.l.Aj.preProcess byte[970]
14:10:33.502 [main] DEBUG org.aspectj.weaver.loadtime.Aj - 14:10:33.501 main > o.a.w.l.Aj.preProcess o.a.w.l.Aj@b9afc07 org/junit/platform/engine/support/discovery/EngineDiscoveryRequestResolver$Builder, byte[7139], j.i.l.ClassLoaders$AppClassLoader@3cd1a2f1
14:10:33.502 [main] DEBUG org.aspectj.weaver.loadtime.Aj - 14:10:33.502 main - o.a.w.l.Aj.preProcess o.a.w.l.Aj@b9afc07 j.i.l.ClassLoaders$PlatformClassLoader@1ad282e0, j.i.l.ClassLoaders$AppClassLoader@3cd1a2f1
14:10:33.502 [main] DEBUG o.a.weaver.tools.WeavingAdaptor - 14:10:33.502 main > o.a.w.t.WeavingAdaptor.weaveClass o.a.w.l.ClassLoaderWeavingAdaptor@140e5a13 org/junit/platform/engine/support/discovery/EngineDiscoveryRequestResolver$Builder, byte[7139]
14:10:33.502 [main] DEBUG org.aspectj.weaver.bcel.BcelWeaver - 14:10:33.502 main > o.a.w.b.BcelWeaver.weave o.a.w.b.BcelWeaver@48524010 o.a.w.t.WeavingAdaptor$WeavingClassFileProvider@5e048149
14:10:33.502 [main] DEBUG org.aspectj.weaver.bcel.BcelWeaver - 14:10:33.502 main > o.a.w.b.BcelWeaver.weaveAndNotify o.a.w.b.BcelWeaver@48524010 o.a.w.b.UnwovenClassFile@79d9214d, o.a.w.b.BcelObjectType@3d5790ea, o.a.w.t.WeavingAdaptor$WeavingClassFileProvider$1@1dd7796b
14:10:33.503 [main] DEBUG org.aspectj.weaver.bcel.BcelWeaver - 14:10:33.503 main < o.a.w.b.BcelWeaver.weaveAndNotify
14:10:33.503 [main] DEBUG org.aspectj.weaver.bcel.BcelWeaver - 14:10:33.503 main < o.a.w.b.BcelWeaver.weave java.util.ArrayList(1)
14:10:33.503 [main] DEBUG o.a.weaver.tools.WeavingAdaptor - 14:10:33.503 main < o.a.w.t.WeavingAdaptor.weaveClass byte[7139]
14:10:33.503 [main] DEBUG org.aspectj.weaver.Dump - 14:10:33.503 main > o.a.w.Dump.dumpOnExit o.a.w.t.WeavingAdaptor$WeavingAdaptorMessageHolder@6a6afff2
14:10:33.503 [main] DEBUG org.aspectj.weaver.Dump - 14:10:33.503 main > o.a.w.Dump.shouldDumpOnExit o.a.w.t.WeavingAdaptor$WeavingAdaptorMessageHolder@6a6afff2
14:10:33.503 [main] DEBUG org.aspectj.weaver.Dump - 14:10:33.503 main - o.a.w.Dump.shouldDumpOnExit abort
14:10:33.503 [main] DEBUG org.aspectj.weaver.Dump - 14:10:33.503 main < o.a.w.Dump.shouldDumpOnExit false
14:10:33.503 [main] DEBUG org.aspectj.weaver.Dump - 14:10:33.503 main < o.a.w.Dump.dumpOnExit Excluded
14:10:33.503 [main] DEBUG org.aspectj.weaver.loadtime.Aj - 14:10:33.503 main < o.a.w.l.Aj.preProcess byte[7139]
14:10:33.506 [main] DEBUG org.aspectj.weaver.loadtime.Aj - 14:10:33.506 main > o.a.w.l.Aj.preProcess o.a.w.l.Aj@b9afc07 org/junit/jupiter/engine/discovery/predicates/IsTestClassWithTests, byte[3076], j.i.l.ClassLoaders$AppClassLoader@3cd1a2f1
14:10:33.506 [main] DEBUG org.aspectj.weaver.loadtime.Aj - 14:10:33.506 main - o.a.w.l.Aj.preProcess o.a.w.l.Aj@b9afc07 j.i.l.ClassLoaders$PlatformClassLoader@1ad282e0, j.i.l.ClassLoaders$AppClassLoader@3cd1a2f1
14:10:33.506 [main] DEBUG o.a.weaver.tools.WeavingAdaptor - 14:10:33.506 main > o.a.w.t.WeavingAdaptor.weaveClass o.a.w.l.ClassLoaderWeavingAdaptor@140e5a13 org/junit/jupiter/engine/discovery/predicates/IsTestClassWithTests, byte[3076]
14:10:33.506 [main] DEBUG org.aspectj.weaver.bcel.BcelWeaver - 14:10:33.506 main > o.a.w.b.BcelWeaver.weave o.a.w.b.BcelWeaver@48524010 o.a.w.t.WeavingAdaptor$WeavingClassFileProvider@396639b
14:10:33.507 [main] DEBUG org.aspectj.weaver.bcel.BcelWeaver - 14:10:33.507 main > o.a.w.b.BcelWeaver.weaveAndNotify o.a.w.b.BcelWeaver@48524010 o.a.w.b.UnwovenClassFile@2b22a1cc, o.a.w.b.BcelObjectType@62573c86, o.a.w.t.WeavingAdaptor$WeavingClassFileProvider$1@2418ba04
14:10:33.507 [main] DEBUG org.aspectj.weaver.bcel.BcelWeaver - 14:10:33.507 main < o.a.w.b.BcelWeaver.weaveAndNotify
14:10:33.507 [main] DEBUG org.aspectj.weaver.bcel.BcelWeaver - 14:10:33.507 main < o.a.w.b.BcelWeaver.weave java.util.ArrayList(1)
14:10:33.507 [main] DEBUG o.a.weaver.tools.WeavingAdaptor - 14:10:33.507 main < o.a.w.t.WeavingAdaptor.weaveClass byte[3076]
14:10:33.515 [main] DEBUG org.aspectj.weaver.Dump - 14:10:33.515 main > o.a.w.Dump.dumpOnExit o.a.w.t.WeavingAdaptor$WeavingAdaptorMessageHolder@6a6afff2
14:10:33.515 [main] DEBUG org.aspectj.weaver.Dump - 14:10:33.515 main > o.a.w.Dump.shouldDumpOnExit o.a.w.t.WeavingAdaptor$WeavingAdaptorMessageHolder@6a6afff2
14:10:33.515 [main] DEBUG org.aspectj.weaver.Dump - 14:10:33.515 main - o.a.w.Dump.shouldDumpOnExit abort
14:10:33.515 [main] DEBUG org.aspectj.weaver.Dump - 14:10:33.515 main < o.a.w.Dump.shouldDumpOnExit false
14:10:33.515 [main] DEBUG org.aspectj.weaver.Dump - 14:10:33.515 main < o.a.w.Dump.dumpOnExit Excluded
14:10:33.515 [main] DEBUG org.aspectj.weaver.loadtime.Aj - 14:10:33.515 main < o.a.w.l.Aj.preProcess byte[3076]
14:10:33.517 [main] DEBUG org.aspectj.weaver.loadtime.Aj - 14:10:33.517 main > o.a.w.l.Aj.preProcess o.a.w.l.Aj@b9afc07 org/junit/jupiter/engine/discovery/predicates/IsTestMethod, byte[827], j.i.l.ClassLoaders$AppClassLoader@3cd1a2f1
14:10:33.518 [main] DEBUG org.aspectj.weaver.loadtime.Aj - 14:10:33.517 main - o.a.w.l.Aj.preProcess o.a.w.l.Aj@b9afc07 j.i.l.ClassLoaders$PlatformClassLoader@1ad282e0, j.i.l.ClassLoaders$AppClassLoader@3cd1a2f1
14:10:33.518 [main] DEBUG o.a.weaver.tools.WeavingAdaptor - 14:10:33.518 main > o.a.w.t.WeavingAdaptor.weaveClass o.a.w.l.ClassLoaderWeavingAdaptor@140e5a13 org/junit/jupiter/engine/discovery/predicates/IsTestMethod, byte[827]
14:10:33.518 [main] DEBUG org.aspectj.weaver.bcel.BcelWeaver - 14:10:33.518 main > o.a.w.b.BcelWeaver.weave o.a.w.b.BcelWeaver@48524010 o.a.w.t.WeavingAdaptor$WeavingClassFileProvider@3936df72
14:10:33.519 [main] DEBUG org.aspectj.weaver.bcel.BcelWorld - 14:10:33.519 main - o.a.w.b.BcelWorld.lookupJavaClass o.a.w.l.LTWWorld@2b4a2ec7 org.junit.jupiter.engine.discovery.predicates.IsTestableMethod, o.a.a.b.c.JavaClass@75fa1be3
14:10:33.519 [main] DEBUG org.aspectj.weaver.bcel.BcelWeaver - 14:10:33.519 main > o.a.w.b.BcelWeaver.weaveAndNotify o.a.w.b.BcelWeaver@48524010 o.a.w.b.UnwovenClassFile@7a389761, o.a.w.b.BcelObjectType@42714a7, o.a.w.t.WeavingAdaptor$WeavingClassFileProvider$1@19650aa6
14:10:33.520 [main] DEBUG org.aspectj.weaver.bcel.BcelWeaver - 14:10:33.520 main < o.a.w.b.BcelWeaver.weaveAndNotify
14:10:33.520 [main] DEBUG org.aspectj.weaver.bcel.BcelWeaver - 14:10:33.520 main < o.a.w.b.BcelWeaver.weave java.util.ArrayList(1)
14:10:33.520 [main] DEBUG o.a.weaver.tools.WeavingAdaptor - 14:10:33.520 main < o.a.w.t.WeavingAdaptor.weaveClass byte[827]
14:10:33.520 [main] DEBUG org.aspectj.weaver.Dump - 14:10:33.520 main > o.a.w.Dump.dumpOnExit o.a.w.t.WeavingAdaptor$WeavingAdaptorMessageHolder@6a6afff2
14:10:33.520 [main] DEBUG org.aspectj.weaver.Dump - 14:10:33.520 main > o.a.w.Dump.shouldDumpOnExit o.a.w.t.WeavingAdaptor$WeavingAdaptorMessageHolder@6a6afff2
14:10:33.520 [main] DEBUG org.aspectj.weaver.Dump - 14:10:33.520 main - o.a.w.Dump.shouldDumpOnExit abort
14:10:33.520 [main] DEBUG org.aspectj.weaver.Dump - 14:10:33.520 main < o.a.w.Dump.shouldDumpOnExit false
14:10:33.520 [main] DEBUG org.aspectj.weaver.Dump - 14:10:33.520 main < o.a.w.Dump.dumpOnExit Excluded
14:10:33.520 [main] DEBUG org.aspectj.weaver.loadtime.Aj - 14:10:33.520 main < o.a.w.l.Aj.preProcess byte[827]
14:10:33.522 [main] DEBUG org.aspectj.weaver.loadtime.Aj - 14:10:33.522 main > o.a.w.l.Aj.preProcess o.a.w.l.Aj@b9afc07 org/junit/jupiter/engine/discovery/predicates/IsTestableMethod, byte[1530], j.i.l.ClassLoaders$AppClassLoader@3cd1a2f1
14:10:33.522 [main] DEBUG org.aspectj.weaver.loadtime.Aj - 14:10:33.522 main - o.a.w.l.Aj.preProcess o.a.w.l.Aj@b9afc07 j.i.l.ClassLoaders$PlatformClassLoader@1ad282e0, j.i.l.ClassLoaders$AppClassLoader@3cd1a2f1
14:10:33.522 [main] DEBUG o.a.weaver.tools.WeavingAdaptor - 14:10:33.522 main > o.a.w.t.WeavingAdaptor.weaveClass o.a.w.l.ClassLoaderWeavingAdaptor@140e5a13 org/junit/jupiter/engine/discovery/predicates/IsTestableMethod, byte[1530]
14:10:33.522 [main] DEBUG org.aspectj.weaver.bcel.BcelWeaver - 14:10:33.522 main > o.a.w.b.BcelWeaver.weave o.a.w.b.BcelWeaver@48524010 o.a.w.t.WeavingAdaptor$WeavingClassFileProvider@1a6cf771
14:10:33.522 [main] DEBUG org.aspectj.weaver.bcel.BcelWeaver - 14:10:33.522 main > o.a.w.b.BcelWeaver.weaveAndNotify o.a.w.b.BcelWeaver@48524010 o.a.w.b.UnwovenClassFile@59d77850, o.a.w.b.BcelObjectType@53ed09e8, o.a.w.t.WeavingAdaptor$WeavingClassFileProvider$1@60859f5a
14:10:33.523 [main] DEBUG org.aspectj.weaver.bcel.BcelWeaver - 14:10:33.523 main < o.a.w.b.BcelWeaver.weaveAndNotify
14:10:33.523 [main] DEBUG org.aspectj.weaver.bcel.BcelWeaver - 14:10:33.523 main < o.a.w.b.BcelWeaver.weave java.util.ArrayList(1)
14:10:33.523 [main] DEBUG o.a.weaver.tools.WeavingAdaptor - 14:10:33.523 main < o.a.w.t.WeavingAdaptor.weaveClass byte[1530]
14:10:33.523 [main] DEBUG org.aspectj.weaver.Dump - 14:10:33.523 main > o.a.w.Dump.dumpOnExit o.a.w.t.WeavingAdaptor$WeavingAdaptorMessageHolder@6a6afff2
14:10:33.523 [main] DEBUG org.aspectj.weaver.Dump - 14:10:33.523 main > o.a.w.Dump.shouldDumpOnExit o.a.w.t.WeavingAdaptor$WeavingAdaptorMessageHolder@6a6afff2
14:10:33.523 [main] DEBUG org.aspectj.weaver.Dump - 14:10:33.523 main - o.a.w.Dump.shouldDumpOnExit abort
14:10:33.523 [main] DEBUG org.aspectj.weaver.Dump - 14:10:33.523 main < o.a.w.Dump.shouldDumpOnExit false
14:10:33.523 [main] DEBUG org.aspectj.weaver.Dump - 14:10:33.523 main < o.a.w.Dump.dumpOnExit Excluded
14:10:33.523 [main] DEBUG org.aspectj.weaver.loadtime.Aj - 14:10:33.523 main < o.a.w.l.Aj.preProcess byte[1530]
14:10:33.524 [main] DEBUG org.aspectj.weaver.loadtime.Aj - 14:10:33.524 main > o.a.w.l.Aj.preProcess o.a.w.l.Aj@b9afc07 org/junit/jupiter/api/Test, byte[717], j.i.l.ClassLoaders$AppClassLoader@3cd1a2f1
14:10:33.524 [main] DEBUG org.aspectj.weaver.loadtime.Aj - 14:10:33.524 main - o.a.w.l.Aj.preProcess o.a.w.l.Aj@b9afc07 j.i.l.ClassLoaders$PlatformClassLoader@1ad282e0, j.i.l.ClassLoaders$AppClassLoader@3cd1a2f1
14:10:33.524 [main] DEBUG o.a.weaver.tools.WeavingAdaptor - 14:10:33.524 main > o.a.w.t.WeavingAdaptor.weaveClass o.a.w.l.ClassLoaderWeavingAdaptor@140e5a13 org/junit/jupiter/api/Test, byte[717]
14:10:33.525 [main] DEBUG org.aspectj.weaver.bcel.BcelWeaver - 14:10:33.525 main > o.a.w.b.BcelWeaver.weave o.a.w.b.BcelWeaver@48524010 o.a.w.t.WeavingAdaptor$WeavingClassFileProvider@18acfe88
14:10:33.525 [main] DEBUG org.aspectj.weaver.bcel.BcelWeaver - 14:10:33.525 main > o.a.w.b.BcelWeaver.weaveAndNotify o.a.w.b.BcelWeaver@48524010 o.a.w.b.UnwovenClassFile@8a2a6a, o.a.w.b.BcelObjectType@772861aa, o.a.w.t.WeavingAdaptor$WeavingClassFileProvider$1@6631cb64
14:10:33.526 [main] DEBUG org.aspectj.weaver.bcel.BcelWeaver - 14:10:33.526 main < o.a.w.b.BcelWeaver.weaveAndNotify
14:10:33.526 [main] DEBUG org.aspectj.weaver.bcel.BcelWeaver - 14:10:33.526 main < o.a.w.b.BcelWeaver.weave java.util.ArrayList(1)
14:10:33.526 [main] DEBUG o.a.weaver.tools.WeavingAdaptor - 14:10:33.526 main < o.a.w.t.WeavingAdaptor.weaveClass byte[717]
14:10:33.526 [main] DEBUG org.aspectj.weaver.Dump - 14:10:33.526 main > o.a.w.Dump.dumpOnExit o.a.w.t.WeavingAdaptor$WeavingAdaptorMessageHolder@6a6afff2
14:10:33.526 [main] DEBUG org.aspectj.weaver.Dump - 14:10:33.526 main > o.a.w.Dump.shouldDumpOnExit o.a.w.t.WeavingAdaptor$WeavingAdaptorMessageHolder@6a6afff2
14:10:33.526 [main] DEBUG org.aspectj.weaver.Dump - 14:10:33.526 main - o.a.w.Dump.shouldDumpOnExit abort
14:10:33.526 [main] DEBUG org.aspectj.weaver.Dump - 14:10:33.526 main < o.a.w.Dump.shouldDumpOnExit false
14:10:33.526 [main] DEBUG org.aspectj.weaver.Dump - 14:10:33.526 main < o.a.w.Dump.dumpOnExit Excluded
14:10:33.526 [main] DEBUG org.aspectj.weaver.loadtime.Aj - 14:10:33.526 main < o.a.w.l.Aj.preProcess byte[717]
14:10:33.527 [main] DEBUG org.aspectj.weaver.loadtime.Aj - 14:10:33.527 main > o.a.w.l.Aj.preProcess o.a.w.l.Aj@b9afc07 org/junit/jupiter/engine/discovery/predicates/IsTestFactoryMethod, byte[855], j.i.l.ClassLoaders$AppClassLoader@3cd1a2f1
14:10:33.528 [main] DEBUG org.aspectj.weaver.loadtime.Aj - 14:10:33.528 main - o.a.w.l.Aj.preProcess o.a.w.l.Aj@b9afc07 j.i.l.ClassLoaders$PlatformClassLoader@1ad282e0, j.i.l.ClassLoaders$AppClassLoader@3cd1a2f1
14:10:33.528 [main] DEBUG o.a.weaver.tools.WeavingAdaptor - 14:10:33.528 main > o.a.w.t.WeavingAdaptor.weaveClass o.a.w.l.ClassLoaderWeavingAdaptor@140e5a13 org/junit/jupiter/engine/discovery/predicates/IsTestFactoryMethod, byte[855]
14:10:33.528 [main] DEBUG org.aspectj.weaver.bcel.BcelWeaver - 14:10:33.528 main > o.a.w.b.BcelWeaver.weave o.a.w.b.BcelWeaver@48524010 o.a.w.t.WeavingAdaptor$WeavingClassFileProvider@140d1230
14:10:33.528 [main] DEBUG org.aspectj.weaver.bcel.BcelWeaver - 14:10:33.528 main > o.a.w.b.BcelWeaver.weaveAndNotify o.a.w.b.BcelWeaver@48524010 o.a.w.b.UnwovenClassFile@3cbf1ba4, o.a.w.b.BcelObjectType@10bea4, o.a.w.t.WeavingAdaptor$WeavingClassFileProvider$1@7e2c64
14:10:33.528 [main] DEBUG org.aspectj.weaver.bcel.BcelWeaver - 14:10:33.528 main < o.a.w.b.BcelWeaver.weaveAndNotify
14:10:33.528 [main] DEBUG org.aspectj.weaver.bcel.BcelWeaver - 14:10:33.528 main < o.a.w.b.BcelWeaver.weave java.util.ArrayList(1)
14:10:33.528 [main] DEBUG o.a.weaver.tools.WeavingAdaptor - 14:10:33.528 main < o.a.w.t.WeavingAdaptor.weaveClass byte[855]
14:10:33.528 [main] DEBUG org.aspectj.weaver.Dump - 14:10:33.528 main > o.a.w.Dump.dumpOnExit o.a.w.t.WeavingAdaptor$WeavingAdaptorMessageHolder@6a6afff2
14:10:33.529 [main] DEBUG org.aspectj.weaver.Dump - 14:10:33.529 main > o.a.w.Dump.shouldDumpOnExit o.a.w.t.WeavingAdaptor$WeavingAdaptorMessageHolder@6a6afff2
14:10:33.529 [main] DEBUG org.aspectj.weaver.Dump - 14:10:33.529 main - o.a.w.Dump.shouldDumpOnExit abort
14:10:33.529 [main] DEBUG org.aspectj.weaver.Dump - 14:10:33.529 main < o.a.w.Dump.shouldDumpOnExit false
14:10:33.529 [main] DEBUG org.aspectj.weaver.Dump - 14:10:33.529 main < o.a.w.Dump.dumpOnExit Excluded
14:10:33.529 [main] DEBUG org.aspectj.weaver.loadtime.Aj - 14:10:33.529 main < o.a.w.l.Aj.preProcess byte[855]
14:10:33.531 [main] DEBUG org.aspectj.weaver.loadtime.Aj - 14:10:33.531 main > o.a.w.l.Aj.preProcess o.a.w.l.Aj@b9afc07 org/junit/jupiter/api/TestFactory, byte[735], j.i.l.ClassLoaders$AppClassLoader@3cd1a2f1
14:10:33.531 [main] DEBUG org.aspectj.weaver.loadtime.Aj - 14:10:33.531 main - o.a.w.l.Aj.preProcess o.a.w.l.Aj@b9afc07 j.i.l.ClassLoaders$PlatformClassLoader@1ad282e0, j.i.l.ClassLoaders$AppClassLoader@3cd1a2f1
14:10:33.531 [main] DEBUG o.a.weaver.tools.WeavingAdaptor - 14:10:33.531 main > o.a.w.t.WeavingAdaptor.weaveClass o.a.w.l.ClassLoaderWeavingAdaptor@140e5a13 org/junit/jupiter/api/TestFactory, byte[735]
14:10:33.531 [main] DEBUG org.aspectj.weaver.bcel.BcelWeaver - 14:10:33.531 main > o.a.w.b.BcelWeaver.weave o.a.w.b.BcelWeaver@48524010 o.a.w.t.WeavingAdaptor$WeavingClassFileProvider@3a543f31
14:10:33.532 [main] DEBUG org.aspectj.weaver.bcel.BcelWeaver - 14:10:33.531 main > o.a.w.b.BcelWeaver.weaveAndNotify o.a.w.b.BcelWeaver@48524010 o.a.w.b.UnwovenClassFile@47b67fcb, o.a.w.b.BcelObjectType@2b9f74d0, o.a.w.t.WeavingAdaptor$WeavingClassFileProvider$1@65c86db8
14:10:33.532 [main] DEBUG org.aspectj.weaver.bcel.BcelWeaver - 14:10:33.532 main < o.a.w.b.BcelWeaver.weaveAndNotify
14:10:33.532 [main] DEBUG org.aspectj.weaver.bcel.BcelWeaver - 14:10:33.532 main < o.a.w.b.BcelWeaver.weave java.util.ArrayList(1)
14:10:33.532 [main] DEBUG o.a.weaver.tools.WeavingAdaptor - 14:10:33.532 main < o.a.w.t.WeavingAdaptor.weaveClass byte[735]
14:10:33.532 [main] DEBUG org.aspectj.weaver.Dump - 14:10:33.532 main > o.a.w.Dump.dumpOnExit o.a.w.t.WeavingAdaptor$WeavingAdaptorMessageHolder@6a6afff2
14:10:33.532 [main] DEBUG org.aspectj.weaver.Dump - 14:10:33.532 main > o.a.w.Dump.shouldDumpOnExit o.a.w.t.WeavingAdaptor$WeavingAdaptorMessageHolder@6a6afff2
14:10:33.532 [main] DEBUG org.aspectj.weaver.Dump - 14:10:33.532 main - o.a.w.Dump.shouldDumpOnExit abort
14:10:33.532 [main] DEBUG org.aspectj.weaver.Dump - 14:10:33.532 main < o.a.w.Dump.shouldDumpOnExit false
14:10:33.532 [main] DEBUG org.aspectj.weaver.Dump - 14:10:33.532 main < o.a.w.Dump.dumpOnExit Excluded
14:10:33.532 [main] DEBUG org.aspectj.weaver.loadtime.Aj - 14:10:33.532 main < o.a.w.l.Aj.preProcess byte[735]
14:10:33.533 [main] DEBUG org.aspectj.weaver.loadtime.Aj - 14:10:33.533 main > o.a.w.l.Aj.preProcess o.a.w.l.Aj@b9afc07 org/junit/jupiter/engine/discovery/predicates/IsTestTemplateMethod, byte[859], j.i.l.ClassLoaders$AppClassLoader@3cd1a2f1
14:10:33.533 [main] DEBUG org.aspectj.weaver.loadtime.Aj - 14:10:33.533 main - o.a.w.l.Aj.preProcess o.a.w.l.Aj@b9afc07 j.i.l.ClassLoaders$PlatformClassLoader@1ad282e0, j.i.l.ClassLoaders$AppClassLoader@3cd1a2f1
14:10:33.539 [main] DEBUG o.a.weaver.tools.WeavingAdaptor - 14:10:33.537 main > o.a.w.t.WeavingAdaptor.weaveClass o.a.w.l.ClassLoaderWeavingAdaptor@140e5a13 org/junit/jupiter/engine/discovery/predicates/IsTestTemplateMethod, byte[859]
14:10:33.544 [main] DEBUG org.aspectj.weaver.bcel.BcelWeaver - 14:10:33.544 main > o.a.w.b.BcelWeaver.weave o.a.w.b.BcelWeaver@48524010 o.a.w.t.WeavingAdaptor$WeavingClassFileProvider@7ca8d498
14:10:33.544 [main] DEBUG org.aspectj.weaver.bcel.BcelWeaver - 14:10:33.544 main > o.a.w.b.BcelWeaver.weaveAndNotify o.a.w.b.BcelWeaver@48524010 o.a.w.b.UnwovenClassFile@7187bac9, o.a.w.b.BcelObjectType@6b8280e6, o.a.w.t.WeavingAdaptor$WeavingClassFileProvider$1@6f139fc9
14:10:33.544 [main] DEBUG org.aspectj.weaver.bcel.BcelWeaver - 14:10:33.544 main < o.a.w.b.BcelWeaver.weaveAndNotify
14:10:33.544 [main] DEBUG org.aspectj.weaver.bcel.BcelWeaver - 14:10:33.544 main < o.a.w.b.BcelWeaver.weave java.util.ArrayList(1)
14:10:33.544 [main] DEBUG o.a.weaver.tools.WeavingAdaptor - 14:10:33.544 main < o.a.w.t.WeavingAdaptor.weaveClass byte[859]
14:10:33.544 [main] DEBUG org.aspectj.weaver.Dump - 14:10:33.544 main > o.a.w.Dump.dumpOnExit o.a.w.t.WeavingAdaptor$WeavingAdaptorMessageHolder@6a6afff2
14:10:33.544 [main] DEBUG org.aspectj.weaver.Dump - 14:10:33.544 main > o.a.w.Dump.shouldDumpOnExit o.a.w.t.WeavingAdaptor$WeavingAdaptorMessageHolder@6a6afff2
14:10:33.544 [main] DEBUG org.aspectj.weaver.Dump - 14:10:33.544 main - o.a.w.Dump.shouldDumpOnExit abort
14:10:33.544 [main] DEBUG org.aspectj.weaver.Dump - 14:10:33.544 main < o.a.w.Dump.shouldDumpOnExit false
14:10:33.544 [main] DEBUG org.aspectj.weaver.Dump - 14:10:33.544 main < o.a.w.Dump.dumpOnExit Excluded
14:10:33.545 [main] DEBUG org.aspectj.weaver.loadtime.Aj - 14:10:33.545 main < o.a.w.l.Aj.preProcess byte[859]
14:10:33.546 [main] DEBUG org.aspectj.weaver.loadtime.Aj - 14:10:33.546 main > o.a.w.l.Aj.preProcess o.a.w.l.Aj@b9afc07 org/junit/jupiter/api/TestTemplate, byte[733], j.i.l.ClassLoaders$AppClassLoader@3cd1a2f1
14:10:33.546 [main] DEBUG org.aspectj.weaver.loadtime.Aj - 14:10:33.546 main - o.a.w.l.Aj.preProcess o.a.w.l.Aj@b9afc07 j.i.l.ClassLoaders$PlatformClassLoader@1ad282e0, j.i.l.ClassLoaders$AppClassLoader@3cd1a2f1
14:10:33.546 [main] DEBUG o.a.weaver.tools.WeavingAdaptor - 14:10:33.546 main > o.a.w.t.WeavingAdaptor.weaveClass o.a.w.l.ClassLoaderWeavingAdaptor@140e5a13 org/junit/jupiter/api/TestTemplate, byte[733]
14:10:33.548 [main] DEBUG org.aspectj.weaver.bcel.BcelWeaver - 14:10:33.547 main > o.a.w.b.BcelWeaver.weave o.a.w.b.BcelWeaver@48524010 o.a.w.t.WeavingAdaptor$WeavingClassFileProvider@34acbc60
14:10:33.548 [main] DEBUG org.aspectj.weaver.bcel.BcelWeaver - 14:10:33.548 main > o.a.w.b.BcelWeaver.weaveAndNotify o.a.w.b.BcelWeaver@48524010 o.a.w.b.UnwovenClassFile@42b28ff1, o.a.w.b.BcelObjectType@36061cf3, o.a.w.t.WeavingAdaptor$WeavingClassFileProvider$1@718dbd79
14:10:33.548 [main] DEBUG org.aspectj.weaver.bcel.BcelWeaver - 14:10:33.548 main < o.a.w.b.BcelWeaver.weaveAndNotify
14:10:33.548 [main] DEBUG org.aspectj.weaver.bcel.BcelWeaver - 14:10:33.548 main < o.a.w.b.BcelWeaver.weave java.util.ArrayList(1)
14:10:33.548 [main] DEBUG o.a.weaver.tools.WeavingAdaptor - 14:10:33.548 main < o.a.w.t.WeavingAdaptor.weaveClass byte[733]
14:10:33.548 [main] DEBUG org.aspectj.weaver.Dump - 14:10:33.548 main > o.a.w.Dump.dumpOnExit o.a.w.t.WeavingAdaptor$WeavingAdaptorMessageHolder@6a6afff2
14:10:33.548 [main] DEBUG org.aspectj.weaver.Dump - 14:10:33.548 main > o.a.w.Dump.shouldDumpOnExit o.a.w.t.WeavingAdaptor$WeavingAdaptorMessageHolder@6a6afff2
14:10:33.548 [main] DEBUG org.aspectj.weaver.Dump - 14:10:33.548 main - o.a.w.Dump.shouldDumpOnExit abort
14:10:33.548 [main] DEBUG org.aspectj.weaver.Dump - 14:10:33.548 main < o.a.w.Dump.shouldDumpOnExit false
14:10:33.548 [main] DEBUG org.aspectj.weaver.Dump - 14:10:33.548 main < o.a.w.Dump.dumpOnExit Excluded
14:10:33.548 [main] DEBUG org.aspectj.weaver.loadtime.Aj - 14:10:33.548 main < o.a.w.l.Aj.preProcess byte[733]
14:10:33.551 [main] DEBUG org.aspectj.weaver.loadtime.Aj - 14:10:33.551 main > o.a.w.l.Aj.preProcess o.a.w.l.Aj@b9afc07 org/junit/jupiter/engine/discovery/predicates/IsPotentialTestContainer, byte[1415], j.i.l.ClassLoaders$AppClassLoader@3cd1a2f1
14:10:33.552 [main] DEBUG org.aspectj.weaver.loadtime.Aj - 14:10:33.552 main - o.a.w.l.Aj.preProcess o.a.w.l.Aj@b9afc07 j.i.l.ClassLoaders$PlatformClassLoader@1ad282e0, j.i.l.ClassLoaders$AppClassLoader@3cd1a2f1
14:10:33.552 [main] DEBUG o.a.weaver.tools.WeavingAdaptor - 14:10:33.552 main > o.a.w.t.WeavingAdaptor.weaveClass o.a.w.l.ClassLoaderWeavingAdaptor@140e5a13 org/junit/jupiter/engine/discovery/predicates/IsPotentialTestContainer, byte[1415]
14:10:33.552 [main] DEBUG org.aspectj.weaver.bcel.BcelWeaver - 14:10:33.552 main > o.a.w.b.BcelWeaver.weave o.a.w.b.BcelWeaver@48524010 o.a.w.t.WeavingAdaptor$WeavingClassFileProvider@64f1fd08
14:10:33.552 [main] DEBUG org.aspectj.weaver.bcel.BcelWeaver - 14:10:33.552 main > o.a.w.b.BcelWeaver.weaveAndNotify o.a.w.b.BcelWeaver@48524010 o.a.w.b.UnwovenClassFile@6b3f6585, o.a.w.b.BcelObjectType@282ffbf5, o.a.w.t.WeavingAdaptor$WeavingClassFileProvider$1@3e104d4b
14:10:33.553 [main] DEBUG org.aspectj.weaver.bcel.BcelWeaver - 14:10:33.553 main < o.a.w.b.BcelWeaver.weaveAndNotify
14:10:33.553 [main] DEBUG org.aspectj.weaver.bcel.BcelWeaver - 14:10:33.553 main < o.a.w.b.BcelWeaver.weave java.util.ArrayList(1)
14:10:33.553 [main] DEBUG o.a.weaver.tools.WeavingAdaptor - 14:10:33.553 main < o.a.w.t.WeavingAdaptor.weaveClass byte[1415]
14:10:33.553 [main] DEBUG org.aspectj.weaver.Dump - 14:10:33.553 main > o.a.w.Dump.dumpOnExit o.a.w.t.WeavingAdaptor$WeavingAdaptorMessageHolder@6a6afff2
14:10:33.553 [main] DEBUG org.aspectj.weaver.Dump - 14:10:33.553 main > o.a.w.Dump.shouldDumpOnExit o.a.w.t.WeavingAdaptor$WeavingAdaptorMessageHolder@6a6afff2
14:10:33.553 [main] DEBUG org.aspectj.weaver.Dump - 14:10:33.553 main - o.a.w.Dump.shouldDumpOnExit abort
14:10:33.553 [main] DEBUG org.aspectj.weaver.Dump - 14:10:33.553 main < o.a.w.Dump.shouldDumpOnExit false
14:10:33.553 [main] DEBUG org.aspectj.weaver.Dump - 14:10:33.553 main < o.a.w.Dump.dumpOnExit Excluded
14:10:33.553 [main] DEBUG org.aspectj.weaver.loadtime.Aj - 14:10:33.553 main < o.a.w.l.Aj.preProcess byte[1415]
14:10:33.555 [main] DEBUG org.aspectj.weaver.loadtime.Aj - 14:10:33.555 main > o.a.w.l.Aj.preProcess o.a.w.l.Aj@b9afc07 org/junit/jupiter/engine/discovery/predicates/IsNestedTestClass, byte[1551], j.i.l.ClassLoaders$AppClassLoader@3cd1a2f1
14:10:33.555 [main] DEBUG org.aspectj.weaver.loadtime.Aj - 14:10:33.555 main - o.a.w.l.Aj.preProcess o.a.w.l.Aj@b9afc07 j.i.l.ClassLoaders$PlatformClassLoader@1ad282e0, j.i.l.ClassLoaders$AppClassLoader@3cd1a2f1
14:10:33.555 [main] DEBUG o.a.weaver.tools.WeavingAdaptor - 14:10:33.555 main > o.a.w.t.WeavingAdaptor.weaveClass o.a.w.l.ClassLoaderWeavingAdaptor@140e5a13 org/junit/jupiter/engine/discovery/predicates/IsNestedTestClass, byte[1551]
14:10:33.555 [main] DEBUG org.aspectj.weaver.bcel.BcelWeaver - 14:10:33.555 main > o.a.w.b.BcelWeaver.weave o.a.w.b.BcelWeaver@48524010 o.a.w.t.WeavingAdaptor$WeavingClassFileProvider@242a209e
14:10:33.555 [main] DEBUG org.aspectj.weaver.bcel.BcelWeaver - 14:10:33.555 main > o.a.w.b.BcelWeaver.weaveAndNotify o.a.w.b.BcelWeaver@48524010 o.a.w.b.UnwovenClassFile@64469d8, o.a.w.b.BcelObjectType@2b8bd798, o.a.w.t.WeavingAdaptor$WeavingClassFileProvider$1@4c18621b
14:10:33.556 [main] DEBUG org.aspectj.weaver.bcel.BcelWeaver - 14:10:33.556 main < o.a.w.b.BcelWeaver.weaveAndNotify
14:10:33.556 [main] DEBUG org.aspectj.weaver.bcel.BcelWeaver - 14:10:33.556 main < o.a.w.b.BcelWeaver.weave java.util.ArrayList(1)
14:10:33.556 [main] DEBUG o.a.weaver.tools.WeavingAdaptor - 14:10:33.556 main < o.a.w.t.WeavingAdaptor.weaveClass byte[1551]
14:10:33.556 [main] DEBUG org.aspectj.weaver.Dump - 14:10:33.556 main > o.a.w.Dump.dumpOnExit o.a.w.t.WeavingAdaptor$WeavingAdaptorMessageHolder@6a6afff2
14:10:33.556 [main] DEBUG org.aspectj.weaver.Dump - 14:10:33.556 main > o.a.w.Dump.shouldDumpOnExit o.a.w.t.WeavingAdaptor$WeavingAdaptorMessageHolder@6a6afff2
14:10:33.556 [main] DEBUG org.aspectj.weaver.Dump - 14:10:33.556 main - o.a.w.Dump.shouldDumpOnExit abort
14:10:33.556 [main] DEBUG org.aspectj.weaver.Dump - 14:10:33.556 main < o.a.w.Dump.shouldDumpOnExit false
14:10:33.556 [main] DEBUG org.aspectj.weaver.Dump - 14:10:33.556 main < o.a.w.Dump.dumpOnExit Excluded
14:10:33.556 [main] DEBUG org.aspectj.weaver.loadtime.Aj - 14:10:33.556 main < o.a.w.l.Aj.preProcess byte[1551]
14:10:33.558 [main] DEBUG org.aspectj.weaver.loadtime.Aj - 14:10:33.558 main > o.a.w.l.Aj.preProcess o.a.w.l.Aj@b9afc07 org/junit/jupiter/engine/discovery/predicates/IsInnerClass, byte[1246], j.i.l.ClassLoaders$AppClassLoader@3cd1a2f1
14:10:33.558 [main] DEBUG org.aspectj.weaver.loadtime.Aj - 14:10:33.558 main - o.a.w.l.Aj.preProcess o.a.w.l.Aj@b9afc07 j.i.l.ClassLoaders$PlatformClassLoader@1ad282e0, j.i.l.ClassLoaders$AppClassLoader@3cd1a2f1
14:10:33.558 [main] DEBUG o.a.weaver.tools.WeavingAdaptor - 14:10:33.558 main > o.a.w.t.WeavingAdaptor.weaveClass o.a.w.l.ClassLoaderWeavingAdaptor@140e5a13 org/junit/jupiter/engine/discovery/predicates/IsInnerClass, byte[1246]
14:10:33.558 [main] DEBUG org.aspectj.weaver.bcel.BcelWeaver - 14:10:33.558 main > o.a.w.b.BcelWeaver.weave o.a.w.b.BcelWeaver@48524010 o.a.w.t.WeavingAdaptor$WeavingClassFileProvider@3e7c4815
14:10:33.558 [main] DEBUG org.aspectj.weaver.bcel.BcelWeaver - 14:10:33.558 main > o.a.w.b.BcelWeaver.weaveAndNotify o.a.w.b.BcelWeaver@48524010 o.a.w.b.UnwovenClassFile@27df0f3d, o.a.w.b.BcelObjectType@c35af2a, o.a.w.t.WeavingAdaptor$WeavingClassFileProvider$1@44550792
14:10:33.559 [main] DEBUG org.aspectj.weaver.bcel.BcelWeaver - 14:10:33.559 main < o.a.w.b.BcelWeaver.weaveAndNotify
14:10:33.559 [main] DEBUG org.aspectj.weaver.bcel.BcelWeaver - 14:10:33.559 main < o.a.w.b.BcelWeaver.weave java.util.ArrayList(1)
14:10:33.559 [main] DEBUG o.a.weaver.tools.WeavingAdaptor - 14:10:33.559 main < o.a.w.t.WeavingAdaptor.weaveClass byte[1246]
14:10:33.559 [main] DEBUG org.aspectj.weaver.Dump - 14:10:33.559 main > o.a.w.Dump.dumpOnExit o.a.w.t.WeavingAdaptor$WeavingAdaptorMessageHolder@6a6afff2
14:10:33.559 [main] DEBUG org.aspectj.weaver.Dump - 14:10:33.559 main > o.a.w.Dump.shouldDumpOnExit o.a.w.t.WeavingAdaptor$WeavingAdaptorMessageHolder@6a6afff2
14:10:33.559 [main] DEBUG org.aspectj.weaver.Dump - 14:10:33.559 main - o.a.w.Dump.shouldDumpOnExit abort
14:10:33.559 [main] DEBUG org.aspectj.weaver.Dump - 14:10:33.559 main < o.a.w.Dump.shouldDumpOnExit false
14:10:33.559 [main] DEBUG org.aspectj.weaver.Dump - 14:10:33.559 main < o.a.w.Dump.dumpOnExit Excluded
14:10:33.559 [main] DEBUG org.aspectj.weaver.loadtime.Aj - 14:10:33.559 main < o.a.w.l.Aj.preProcess byte[1246]
14:10:33.566 [main] DEBUG org.aspectj.weaver.loadtime.Aj - 14:10:33.566 main > o.a.w.l.Aj.preProcess o.a.w.l.Aj@b9afc07 org/junit/platform/engine/support/discovery/EngineDiscoveryRequestResolver$DefaultInitializationContext, byte[3136], j.i.l.ClassLoaders$AppClassLoader@3cd1a2f1
14:10:33.566 [main] DEBUG org.aspectj.weaver.loadtime.Aj - 14:10:33.566 main - o.a.w.l.Aj.preProcess o.a.w.l.Aj@b9afc07 j.i.l.ClassLoaders$PlatformClassLoader@1ad282e0, j.i.l.ClassLoaders$AppClassLoader@3cd1a2f1
14:10:33.566 [main] DEBUG o.a.weaver.tools.WeavingAdaptor - 14:10:33.566 main > o.a.w.t.WeavingAdaptor.weaveClass o.a.w.l.ClassLoaderWeavingAdaptor@140e5a13 org/junit/platform/engine/support/discovery/EngineDiscoveryRequestResolver$DefaultInitializationContext, byte[3136]
14:10:33.566 [main] DEBUG org.aspectj.weaver.bcel.BcelWeaver - 14:10:33.566 main > o.a.w.b.BcelWeaver.weave o.a.w.b.BcelWeaver@48524010 o.a.w.t.WeavingAdaptor$WeavingClassFileProvider@4f5f6e45
14:10:33.566 [main] DEBUG org.aspectj.weaver.bcel.BcelWeaver - 14:10:33.566 main > o.a.w.b.BcelWeaver.weaveAndNotify o.a.w.b.BcelWeaver@48524010 o.a.w.b.UnwovenClassFile@615e3f51, o.a.w.b.BcelObjectType@407873d3, o.a.w.t.WeavingAdaptor$WeavingClassFileProvider$1@608bc8f8
14:10:33.567 [main] DEBUG org.aspectj.weaver.bcel.BcelWeaver - 14:10:33.567 main < o.a.w.b.BcelWeaver.weaveAndNotify
14:10:33.567 [main] DEBUG org.aspectj.weaver.bcel.BcelWeaver - 14:10:33.567 main < o.a.w.b.BcelWeaver.weave java.util.ArrayList(1)
14:10:33.567 [main] DEBUG o.a.weaver.tools.WeavingAdaptor - 14:10:33.567 main < o.a.w.t.WeavingAdaptor.weaveClass byte[3136]
14:10:33.567 [main] DEBUG org.aspectj.weaver.Dump - 14:10:33.567 main > o.a.w.Dump.dumpOnExit o.a.w.t.WeavingAdaptor$WeavingAdaptorMessageHolder@6a6afff2
14:10:33.567 [main] DEBUG org.aspectj.weaver.Dump - 14:10:33.567 main > o.a.w.Dump.shouldDumpOnExit o.a.w.t.WeavingAdaptor$WeavingAdaptorMessageHolder@6a6afff2
14:10:33.567 [main] DEBUG org.aspectj.weaver.Dump - 14:10:33.567 main - o.a.w.Dump.shouldDumpOnExit abort
14:10:33.568 [main] DEBUG org.aspectj.weaver.Dump - 14:10:33.567 main < o.a.w.Dump.shouldDumpOnExit false
14:10:33.568 [main] DEBUG org.aspectj.weaver.Dump - 14:10:33.568 main < o.a.w.Dump.dumpOnExit Excluded
14:10:33.568 [main] DEBUG org.aspectj.weaver.loadtime.Aj - 14:10:33.568 main < o.a.w.l.Aj.preProcess byte[3136]
14:10:33.569 [main] DEBUG org.aspectj.weaver.loadtime.Aj - 14:10:33.569 main > o.a.w.l.Aj.preProcess o.a.w.l.Aj@b9afc07 org/junit/platform/engine/discovery/ClassNameFilter, byte[1187], j.i.l.ClassLoaders$AppClassLoader@3cd1a2f1
14:10:33.570 [main] DEBUG org.aspectj.weaver.loadtime.Aj - 14:10:33.570 main - o.a.w.l.Aj.preProcess o.a.w.l.Aj@b9afc07 j.i.l.ClassLoaders$PlatformClassLoader@1ad282e0, j.i.l.ClassLoaders$AppClassLoader@3cd1a2f1
14:10:33.570 [main] DEBUG o.a.weaver.tools.WeavingAdaptor - 14:10:33.570 main > o.a.w.t.WeavingAdaptor.weaveClass o.a.w.l.ClassLoaderWeavingAdaptor@140e5a13 org/junit/platform/engine/discovery/ClassNameFilter, byte[1187]
14:10:33.570 [main] DEBUG org.aspectj.weaver.bcel.BcelWeaver - 14:10:33.570 main > o.a.w.b.BcelWeaver.weave o.a.w.b.BcelWeaver@48524010 o.a.w.t.WeavingAdaptor$WeavingClassFileProvider@49fe3142
14:10:33.571 [main] DEBUG org.aspectj.weaver.bcel.BcelWorld - 14:10:33.571 main - o.a.w.b.BcelWorld.lookupJavaClass o.a.w.l.LTWWorld@2b4a2ec7 org.junit.platform.engine.DiscoveryFilter, o.a.a.b.c.JavaClass@329a1f8d
14:10:33.572 [main] DEBUG org.aspectj.weaver.bcel.BcelWeaver - 14:10:33.571 main > o.a.w.b.BcelWeaver.weaveAndNotify o.a.w.b.BcelWeaver@48524010 o.a.w.b.UnwovenClassFile@a565cbd, o.a.w.b.BcelObjectType@6fc29daa, o.a.w.t.WeavingAdaptor$WeavingClassFileProvider$1@2f66f0d0
14:10:33.572 [main] DEBUG org.aspectj.weaver.bcel.BcelWorld - 14:10:33.572 main - o.a.w.b.BcelWorld.lookupJavaClass o.a.w.l.LTWWorld@2b4a2ec7 org.junit.platform.engine.Filter, o.a.a.b.c.JavaClass@147a5d08
14:10:33.572 [main] DEBUG org.aspectj.weaver.bcel.BcelWeaver - 14:10:33.572 main < o.a.w.b.BcelWeaver.weaveAndNotify
14:10:33.572 [main] DEBUG org.aspectj.weaver.bcel.BcelWeaver - 14:10:33.572 main < o.a.w.b.BcelWeaver.weave java.util.ArrayList(1)
14:10:33.572 [main] DEBUG o.a.weaver.tools.WeavingAdaptor - 14:10:33.572 main < o.a.w.t.WeavingAdaptor.weaveClass byte[1187]
14:10:33.572 [main] DEBUG org.aspectj.weaver.Dump - 14:10:33.572 main > o.a.w.Dump.dumpOnExit o.a.w.t.WeavingAdaptor$WeavingAdaptorMessageHolder@6a6afff2
14:10:33.572 [main] DEBUG org.aspectj.weaver.Dump - 14:10:33.572 main > o.a.w.Dump.shouldDumpOnExit o.a.w.t.WeavingAdaptor$WeavingAdaptorMessageHolder@6a6afff2
14:10:33.572 [main] DEBUG org.aspectj.weaver.Dump - 14:10:33.572 main - o.a.w.Dump.shouldDumpOnExit abort
14:10:33.572 [main] DEBUG org.aspectj.weaver.Dump - 14:10:33.572 main < o.a.w.Dump.shouldDumpOnExit false
14:10:33.572 [main] DEBUG org.aspectj.weaver.Dump - 14:10:33.572 main < o.a.w.Dump.dumpOnExit Excluded
14:10:33.572 [main] DEBUG org.aspectj.weaver.loadtime.Aj - 14:10:33.572 main < o.a.w.l.Aj.preProcess byte[1187]
14:10:33.573 [main] DEBUG org.aspectj.weaver.loadtime.Aj - 14:10:33.573 main > o.a.w.l.Aj.preProcess o.a.w.l.Aj@b9afc07 org/junit/platform/engine/DiscoveryFilter, byte[531], j.i.l.ClassLoaders$AppClassLoader@3cd1a2f1
14:10:33.574 [main] DEBUG org.aspectj.weaver.loadtime.Aj - 14:10:33.573 main - o.a.w.l.Aj.preProcess o.a.w.l.Aj@b9afc07 j.i.l.ClassLoaders$PlatformClassLoader@1ad282e0, j.i.l.ClassLoaders$AppClassLoader@3cd1a2f1
14:10:33.574 [main] DEBUG o.a.weaver.tools.WeavingAdaptor - 14:10:33.574 main > o.a.w.t.WeavingAdaptor.weaveClass o.a.w.l.ClassLoaderWeavingAdaptor@140e5a13 org/junit/platform/engine/DiscoveryFilter, byte[531]
14:10:33.574 [main] DEBUG org.aspectj.weaver.bcel.BcelWeaver - 14:10:33.574 main > o.a.w.b.BcelWeaver.weave o.a.w.b.BcelWeaver@48524010 o.a.w.t.WeavingAdaptor$WeavingClassFileProvider@16c587de
14:10:33.574 [main] DEBUG org.aspectj.weaver.bcel.BcelWeaver - 14:10:33.574 main > o.a.w.b.BcelWeaver.weaveAndNotify o.a.w.b.BcelWeaver@48524010 o.a.w.b.UnwovenClassFile@4cdb8504, o.a.w.b.BcelObjectType@76db540e, o.a.w.t.WeavingAdaptor$WeavingClassFileProvider$1@10358c32
14:10:33.574 [main] DEBUG org.aspectj.weaver.bcel.BcelWeaver - 14:10:33.574 main < o.a.w.b.BcelWeaver.weaveAndNotify
14:10:33.575 [main] DEBUG org.aspectj.weaver.bcel.BcelWeaver - 14:10:33.575 main < o.a.w.b.BcelWeaver.weave java.util.ArrayList(1)
14:10:33.575 [main] DEBUG o.a.weaver.tools.WeavingAdaptor - 14:10:33.575 main < o.a.w.t.WeavingAdaptor.weaveClass byte[531]
14:10:33.575 [main] DEBUG org.aspectj.weaver.Dump - 14:10:33.575 main > o.a.w.Dump.dumpOnExit o.a.w.t.WeavingAdaptor$WeavingAdaptorMessageHolder@6a6afff2
14:10:33.575 [main] DEBUG org.aspectj.weaver.Dump - 14:10:33.575 main > o.a.w.Dump.shouldDumpOnExit o.a.w.t.WeavingAdaptor$WeavingAdaptorMessageHolder@6a6afff2
14:10:33.575 [main] DEBUG org.aspectj.weaver.Dump - 14:10:33.575 main - o.a.w.Dump.shouldDumpOnExit abort
14:10:33.575 [main] DEBUG org.aspectj.weaver.Dump - 14:10:33.575 main < o.a.w.Dump.shouldDumpOnExit false
14:10:33.575 [main] DEBUG org.aspectj.weaver.Dump - 14:10:33.575 main < o.a.w.Dump.dumpOnExit Excluded
14:10:33.575 [main] DEBUG org.aspectj.weaver.loadtime.Aj - 14:10:33.575 main < o.a.w.l.Aj.preProcess byte[531]
14:10:33.581 [main] DEBUG org.aspectj.weaver.loadtime.Aj - 14:10:33.581 main > o.a.w.l.Aj.preProcess o.a.w.l.Aj@b9afc07 org/junit/platform/engine/discovery/PackageNameFilter, byte[1647], j.i.l.ClassLoaders$AppClassLoader@3cd1a2f1
14:10:33.586 [main] DEBUG org.aspectj.weaver.loadtime.Aj - 14:10:33.586 main - o.a.w.l.Aj.preProcess o.a.w.l.Aj@b9afc07 j.i.l.ClassLoaders$PlatformClassLoader@1ad282e0, j.i.l.ClassLoaders$AppClassLoader@3cd1a2f1
14:10:33.587 [main] DEBUG o.a.weaver.tools.WeavingAdaptor - 14:10:33.586 main > o.a.w.t.WeavingAdaptor.weaveClass o.a.w.l.ClassLoaderWeavingAdaptor@140e5a13 org/junit/platform/engine/discovery/PackageNameFilter, byte[1647]
14:10:33.587 [main] DEBUG org.aspectj.weaver.bcel.BcelWeaver - 14:10:33.587 main > o.a.w.b.BcelWeaver.weave o.a.w.b.BcelWeaver@48524010 o.a.w.t.WeavingAdaptor$WeavingClassFileProvider@36c0d0bd
14:10:33.587 [main] DEBUG org.aspectj.weaver.bcel.BcelWeaver - 14:10:33.587 main > o.a.w.b.BcelWeaver.weaveAndNotify o.a.w.b.BcelWeaver@48524010 o.a.w.b.UnwovenClassFile@5e1fc2aa, o.a.w.b.BcelObjectType@688d411b, o.a.w.t.WeavingAdaptor$WeavingClassFileProvider$1@382c90c2
14:10:33.588 [main] DEBUG org.aspectj.weaver.bcel.BcelWeaver - 14:10:33.588 main < o.a.w.b.BcelWeaver.weaveAndNotify
14:10:33.588 [main] DEBUG org.aspectj.weaver.bcel.BcelWeaver - 14:10:33.588 main < o.a.w.b.BcelWeaver.weave java.util.ArrayList(1)
14:10:33.588 [main] DEBUG o.a.weaver.tools.WeavingAdaptor - 14:10:33.588 main < o.a.w.t.WeavingAdaptor.weaveClass byte[1647]
14:10:33.588 [main] DEBUG org.aspectj.weaver.Dump - 14:10:33.588 main > o.a.w.Dump.dumpOnExit o.a.w.t.WeavingAdaptor$WeavingAdaptorMessageHolder@6a6afff2
14:10:33.588 [main] DEBUG org.aspectj.weaver.Dump - 14:10:33.588 main > o.a.w.Dump.shouldDumpOnExit o.a.w.t.WeavingAdaptor$WeavingAdaptorMessageHolder@6a6afff2
14:10:33.588 [main] DEBUG org.aspectj.weaver.Dump - 14:10:33.588 main - o.a.w.Dump.shouldDumpOnExit abort
14:10:33.588 [main] DEBUG org.aspectj.weaver.Dump - 14:10:33.588 main < o.a.w.Dump.shouldDumpOnExit false
14:10:33.588 [main] DEBUG org.aspectj.weaver.Dump - 14:10:33.588 main < o.a.w.Dump.dumpOnExit Excluded
14:10:33.588 [main] DEBUG org.aspectj.weaver.loadtime.Aj - 14:10:33.588 main < o.a.w.l.Aj.preProcess byte[1647]
14:10:33.591 [main] DEBUG org.aspectj.weaver.loadtime.Aj - 14:10:33.591 main > o.a.w.l.Aj.preProcess o.a.w.l.Aj@b9afc07 org/junit/platform/engine/CompositeFilter, byte[5134], j.i.l.ClassLoaders$AppClassLoader@3cd1a2f1
14:10:33.591 [main] DEBUG org.aspectj.weaver.loadtime.Aj - 14:10:33.591 main - o.a.w.l.Aj.preProcess o.a.w.l.Aj@b9afc07 j.i.l.ClassLoaders$PlatformClassLoader@1ad282e0, j.i.l.ClassLoaders$AppClassLoader@3cd1a2f1
14:10:33.591 [main] DEBUG o.a.weaver.tools.WeavingAdaptor - 14:10:33.591 main > o.a.w.t.WeavingAdaptor.weaveClass o.a.w.l.ClassLoaderWeavingAdaptor@140e5a13 org/junit/platform/engine/CompositeFilter, byte[5134]
14:10:33.591 [main] DEBUG org.aspectj.weaver.bcel.BcelWeaver - 14:10:33.591 main > o.a.w.b.BcelWeaver.weave o.a.w.b.BcelWeaver@48524010 o.a.w.t.WeavingAdaptor$WeavingClassFileProvider@760245e1
14:10:33.592 [main] DEBUG org.aspectj.weaver.bcel.BcelWeaver - 14:10:33.592 main > o.a.w.b.BcelWeaver.weaveAndNotify o.a.w.b.BcelWeaver@48524010 o.a.w.b.UnwovenClassFile@31ceba99, o.a.w.b.BcelObjectType@295bf2a, o.a.w.t.WeavingAdaptor$WeavingClassFileProvider$1@bbf9e07
14:10:33.592 [main] DEBUG org.aspectj.weaver.bcel.BcelWeaver - 14:10:33.592 main < o.a.w.b.BcelWeaver.weaveAndNotify
14:10:33.592 [main] DEBUG org.aspectj.weaver.bcel.BcelWeaver - 14:10:33.592 main < o.a.w.b.BcelWeaver.weave java.util.ArrayList(1)
14:10:33.592 [main] DEBUG o.a.weaver.tools.WeavingAdaptor - 14:10:33.592 main < o.a.w.t.WeavingAdaptor.weaveClass byte[5134]
14:10:33.592 [main] DEBUG org.aspectj.weaver.Dump - 14:10:33.592 main > o.a.w.Dump.dumpOnExit o.a.w.t.WeavingAdaptor$WeavingAdaptorMessageHolder@6a6afff2
14:10:33.592 [main] DEBUG org.aspectj.weaver.Dump - 14:10:33.592 main > o.a.w.Dump.shouldDumpOnExit o.a.w.t.WeavingAdaptor$WeavingAdaptorMessageHolder@6a6afff2
14:10:33.592 [main] DEBUG org.aspectj.weaver.Dump - 14:10:33.592 main - o.a.w.Dump.shouldDumpOnExit abort
14:10:33.592 [main] DEBUG org.aspectj.weaver.Dump - 14:10:33.592 main < o.a.w.Dump.shouldDumpOnExit false
14:10:33.592 [main] DEBUG org.aspectj.weaver.Dump - 14:10:33.592 main < o.a.w.Dump.dumpOnExit Excluded
14:10:33.592 [main] DEBUG org.aspectj.weaver.loadtime.Aj - 14:10:33.592 main < o.a.w.l.Aj.preProcess byte[5134]
14:10:33.594 [main] DEBUG org.aspectj.weaver.loadtime.Aj - 14:10:33.594 main > o.a.w.l.Aj.preProcess o.a.w.l.Aj@b9afc07 org/junit/platform/engine/CompositeFilter$1, byte[1366], j.i.l.ClassLoaders$AppClassLoader@3cd1a2f1
14:10:33.594 [main] DEBUG org.aspectj.weaver.loadtime.Aj - 14:10:33.594 main - o.a.w.l.Aj.preProcess o.a.w.l.Aj@b9afc07 j.i.l.ClassLoaders$PlatformClassLoader@1ad282e0, j.i.l.ClassLoaders$AppClassLoader@3cd1a2f1
14:10:33.594 [main] DEBUG o.a.weaver.tools.WeavingAdaptor - 14:10:33.594 main > o.a.w.t.WeavingAdaptor.weaveClass o.a.w.l.ClassLoaderWeavingAdaptor@140e5a13 org/junit/platform/engine/CompositeFilter$1, byte[1366]
14:10:33.594 [main] DEBUG org.aspectj.weaver.bcel.BcelWeaver - 14:10:33.594 main > o.a.w.b.BcelWeaver.weave o.a.w.b.BcelWeaver@48524010 o.a.w.t.WeavingAdaptor$WeavingClassFileProvider@44924587
14:10:33.595 [main] DEBUG org.aspectj.weaver.bcel.BcelWeaver - 14:10:33.594 main > o.a.w.b.BcelWeaver.weaveAndNotify o.a.w.b.BcelWeaver@48524010 o.a.w.b.UnwovenClassFile@18460128, o.a.w.b.BcelObjectType@74d3b638, o.a.w.t.WeavingAdaptor$WeavingClassFileProvider$1@4487c0c2
14:10:33.595 [main] DEBUG org.aspectj.weaver.bcel.BcelWeaver - 14:10:33.595 main < o.a.w.b.BcelWeaver.weaveAndNotify
14:10:33.595 [main] DEBUG org.aspectj.weaver.bcel.BcelWeaver - 14:10:33.595 main < o.a.w.b.BcelWeaver.weave java.util.ArrayList(1)
14:10:33.595 [main] DEBUG o.a.weaver.tools.WeavingAdaptor - 14:10:33.595 main < o.a.w.t.WeavingAdaptor.weaveClass byte[1366]
14:10:33.595 [main] DEBUG org.aspectj.weaver.Dump - 14:10:33.595 main > o.a.w.Dump.dumpOnExit o.a.w.t.WeavingAdaptor$WeavingAdaptorMessageHolder@6a6afff2
14:10:33.595 [main] DEBUG org.aspectj.weaver.Dump - 14:10:33.595 main > o.a.w.Dump.shouldDumpOnExit o.a.w.t.WeavingAdaptor$WeavingAdaptorMessageHolder@6a6afff2
14:10:33.595 [main] DEBUG org.aspectj.weaver.Dump - 14:10:33.595 main - o.a.w.Dump.shouldDumpOnExit abort
14:10:33.595 [main] DEBUG org.aspectj.weaver.Dump - 14:10:33.595 main < o.a.w.Dump.shouldDumpOnExit false
14:10:33.595 [main] DEBUG org.aspectj.weaver.Dump - 14:10:33.595 main < o.a.w.Dump.dumpOnExit Excluded
14:10:33.595 [main] DEBUG org.aspectj.weaver.loadtime.Aj - 14:10:33.595 main < o.a.w.l.Aj.preProcess byte[1366]
14:10:33.602 [main] DEBUG org.aspectj.weaver.loadtime.Aj - 14:10:33.602 main > o.a.w.l.Aj.preProcess o.a.w.l.Aj@b9afc07 org/junit/platform/engine/support/discovery/ClassContainerSelectorResolver, byte[4769], j.i.l.ClassLoaders$AppClassLoader@3cd1a2f1
14:10:33.602 [main] DEBUG org.aspectj.weaver.loadtime.Aj - 14:10:33.602 main - o.a.w.l.Aj.preProcess o.a.w.l.Aj@b9afc07 j.i.l.ClassLoaders$PlatformClassLoader@1ad282e0, j.i.l.ClassLoaders$AppClassLoader@3cd1a2f1
14:10:33.602 [main] DEBUG o.a.weaver.tools.WeavingAdaptor - 14:10:33.602 main > o.a.w.t.WeavingAdaptor.weaveClass o.a.w.l.ClassLoaderWeavingAdaptor@140e5a13 org/junit/platform/engine/support/discovery/ClassContainerSelectorResolver, byte[4769]
14:10:33.603 [main] DEBUG org.aspectj.weaver.bcel.BcelWeaver - 14:10:33.603 main > o.a.w.b.BcelWeaver.weave o.a.w.b.BcelWeaver@48524010 o.a.w.t.WeavingAdaptor$WeavingClassFileProvider@1866da85
14:10:33.603 [main] DEBUG org.aspectj.weaver.bcel.BcelWeaver - 14:10:33.603 main > o.a.w.b.BcelWeaver.weaveAndNotify o.a.w.b.BcelWeaver@48524010 o.a.w.b.UnwovenClassFile@4cfa8227, o.a.w.b.BcelObjectType@78226c36, o.a.w.t.WeavingAdaptor$WeavingClassFileProvider$1@3f685162
14:10:33.603 [main] DEBUG org.aspectj.weaver.bcel.BcelWeaver - 14:10:33.603 main < o.a.w.b.BcelWeaver.weaveAndNotify
14:10:33.603 [main] DEBUG org.aspectj.weaver.bcel.BcelWeaver - 14:10:33.603 main < o.a.w.b.BcelWeaver.weave java.util.ArrayList(1)
14:10:33.603 [main] DEBUG o.a.weaver.tools.WeavingAdaptor - 14:10:33.603 main < o.a.w.t.WeavingAdaptor.weaveClass byte[4769]
14:10:33.603 [main] DEBUG org.aspectj.weaver.Dump - 14:10:33.603 main > o.a.w.Dump.dumpOnExit o.a.w.t.WeavingAdaptor$WeavingAdaptorMessageHolder@6a6afff2
14:10:33.603 [main] DEBUG org.aspectj.weaver.Dump - 14:10:33.603 main > o.a.w.Dump.shouldDumpOnExit o.a.w.t.WeavingAdaptor$WeavingAdaptorMessageHolder@6a6afff2
14:10:33.603 [main] DEBUG org.aspectj.weaver.Dump - 14:10:33.603 main - o.a.w.Dump.shouldDumpOnExit abort
14:10:33.603 [main] DEBUG org.aspectj.weaver.Dump - 14:10:33.603 main < o.a.w.Dump.shouldDumpOnExit false
14:10:33.603 [main] DEBUG org.aspectj.weaver.Dump - 14:10:33.603 main < o.a.w.Dump.dumpOnExit Excluded
14:10:33.604 [main] DEBUG org.aspectj.weaver.loadtime.Aj - 14:10:33.603 main < o.a.w.l.Aj.preProcess byte[4769]
14:10:33.606 [main] DEBUG org.aspectj.weaver.loadtime.Aj - 14:10:33.606 main > o.a.w.l.Aj.preProcess o.a.w.l.Aj@b9afc07 org/junit/jupiter/engine/discovery/ClassSelectorResolver, byte[16218], j.i.l.ClassLoaders$AppClassLoader@3cd1a2f1
14:10:33.606 [main] DEBUG org.aspectj.weaver.loadtime.Aj - 14:10:33.606 main - o.a.w.l.Aj.preProcess o.a.w.l.Aj@b9afc07 j.i.l.ClassLoaders$PlatformClassLoader@1ad282e0, j.i.l.ClassLoaders$AppClassLoader@3cd1a2f1
14:10:33.606 [main] DEBUG o.a.weaver.tools.WeavingAdaptor - 14:10:33.606 main > o.a.w.t.WeavingAdaptor.weaveClass o.a.w.l.ClassLoaderWeavingAdaptor@140e5a13 org/junit/jupiter/engine/discovery/ClassSelectorResolver, byte[16218]
14:10:33.607 [main] DEBUG org.aspectj.weaver.bcel.BcelWeaver - 14:10:33.606 main > o.a.w.b.BcelWeaver.weave o.a.w.b.BcelWeaver@48524010 o.a.w.t.WeavingAdaptor$WeavingClassFileProvider@1d5d5621
14:10:33.607 [main] DEBUG org.aspectj.weaver.bcel.BcelWeaver - 14:10:33.607 main > o.a.w.b.BcelWeaver.weaveAndNotify o.a.w.b.BcelWeaver@48524010 o.a.w.b.UnwovenClassFile@13275d8, o.a.w.b.BcelObjectType@15b82644, o.a.w.t.WeavingAdaptor$WeavingClassFileProvider$1@20576557
14:10:33.609 [main] DEBUG org.aspectj.weaver.bcel.BcelWorld - 14:10:33.609 main - o.a.w.b.BcelWorld.lookupJavaClass o.a.w.l.LTWWorld@2b4a2ec7 org.junit.jupiter.engine.descriptor.ClassTestDescriptor, o.a.a.b.c.JavaClass@a7ad6e5
14:10:33.610 [main] DEBUG org.aspectj.weaver.bcel.BcelWorld - 14:10:33.610 main - o.a.w.b.BcelWorld.lookupJavaClass o.a.w.l.LTWWorld@2b4a2ec7 org.junit.jupiter.engine.descriptor.NestedClassTestDescriptor, o.a.a.b.c.JavaClass@1bc776b7
14:10:33.612 [main] DEBUG org.aspectj.weaver.bcel.BcelWorld - 14:10:33.612 main - o.a.w.b.BcelWorld.lookupJavaClass o.a.w.l.LTWWorld@2b4a2ec7 org.junit.jupiter.engine.descriptor.ClassBasedTestDescriptor, o.a.a.b.c.JavaClass@3db972d2
14:10:33.612 [main] DEBUG org.aspectj.weaver.bcel.BcelWeaver - 14:10:33.612 main < o.a.w.b.BcelWeaver.weaveAndNotify
14:10:33.612 [main] DEBUG org.aspectj.weaver.bcel.BcelWeaver - 14:10:33.612 main < o.a.w.b.BcelWeaver.weave java.util.ArrayList(1)
14:10:33.612 [main] DEBUG o.a.weaver.tools.WeavingAdaptor - 14:10:33.612 main < o.a.w.t.WeavingAdaptor.weaveClass byte[16218]
14:10:33.612 [main] DEBUG org.aspectj.weaver.Dump - 14:10:33.612 main > o.a.w.Dump.dumpOnExit o.a.w.t.WeavingAdaptor$WeavingAdaptorMessageHolder@6a6afff2
14:10:33.612 [main] DEBUG org.aspectj.weaver.Dump - 14:10:33.612 main > o.a.w.Dump.shouldDumpOnExit o.a.w.t.WeavingAdaptor$WeavingAdaptorMessageHolder@6a6afff2
14:10:33.612 [main] DEBUG org.aspectj.weaver.Dump - 14:10:33.612 main - o.a.w.Dump.shouldDumpOnExit abort
14:10:33.612 [main] DEBUG org.aspectj.weaver.Dump - 14:10:33.612 main < o.a.w.Dump.shouldDumpOnExit false
14:10:33.612 [main] DEBUG org.aspectj.weaver.Dump - 14:10:33.612 main < o.a.w.Dump.dumpOnExit Excluded
14:10:33.612 [main] DEBUG org.aspectj.weaver.loadtime.Aj - 14:10:33.612 main < o.a.w.l.Aj.preProcess byte[16218]
14:10:33.616 [main] DEBUG org.aspectj.weaver.loadtime.Aj - 14:10:33.616 main > o.a.w.l.Aj.preProcess o.a.w.l.Aj@b9afc07 org/junit/jupiter/engine/discovery/MethodSelectorResolver, byte[15291], j.i.l.ClassLoaders$AppClassLoader@3cd1a2f1
14:10:33.616 [main] DEBUG org.aspectj.weaver.loadtime.Aj - 14:10:33.616 main - o.a.w.l.Aj.preProcess o.a.w.l.Aj@b9afc07 j.i.l.ClassLoaders$PlatformClassLoader@1ad282e0, j.i.l.ClassLoaders$AppClassLoader@3cd1a2f1
14:10:33.616 [main] DEBUG o.a.weaver.tools.WeavingAdaptor - 14:10:33.616 main > o.a.w.t.WeavingAdaptor.weaveClass o.a.w.l.ClassLoaderWeavingAdaptor@140e5a13 org/junit/jupiter/engine/discovery/MethodSelectorResolver, byte[15291]
14:10:33.616 [main] DEBUG org.aspectj.weaver.bcel.BcelWeaver - 14:10:33.616 main > o.a.w.b.BcelWeaver.weave o.a.w.b.BcelWeaver@48524010 o.a.w.t.WeavingAdaptor$WeavingClassFileProvider@2d272b0d
14:10:33.616 [main] DEBUG org.aspectj.weaver.bcel.BcelWeaver - 14:10:33.616 main > o.a.w.b.BcelWeaver.weaveAndNotify o.a.w.b.BcelWeaver@48524010 o.a.w.b.UnwovenClassFile@3727f0ee, o.a.w.b.BcelObjectType@5c448433, o.a.w.t.WeavingAdaptor$WeavingClassFileProvider$1@fb713e7
14:10:33.617 [main] DEBUG org.aspectj.weaver.bcel.BcelWorld - 14:10:33.617 main - o.a.w.b.BcelWorld.lookupJavaClass o.a.w.l.LTWWorld@2b4a2ec7 java.util.function.BiFunction, o.a.a.b.c.JavaClass@13741d5a
14:10:33.636 [main] ERROR org.aspectj.weaver.bcel.BcelWorld - Unable to find class 'org.junit.platform.engine.discovery.IterationSelector' in repository
java.lang.ClassNotFoundException: org.junit.platform.engine.discovery.IterationSelector not found - unable to determine URL
	at org.aspectj.apache.bcel.util.ClassLoaderRepository.loadClass(ClassLoaderRepository.java:292)
	at org.aspectj.weaver.bcel.BcelWorld.lookupJavaClass(BcelWorld.java:418)
	at org.aspectj.weaver.bcel.BcelWorld.resolveDelegate(BcelWorld.java:392)
	at org.aspectj.weaver.ltw.LTWWorld.resolveDelegate(LTWWorld.java:107)
	at org.aspectj.weaver.World.resolveToReferenceType(World.java:478)
	at org.aspectj.weaver.World.resolve(World.java:319)
	at org.aspectj.weaver.World.resolve(World.java:229)
	at org.aspectj.weaver.UnresolvedType.resolve(UnresolvedType.java:615)
	at org.aspectj.weaver.ResolvedMemberImpl.resolve(ResolvedMemberImpl.java:619)
	at org.aspectj.weaver.patterns.AnnotationPointcut.matchInternal(AnnotationPointcut.java:117)
	at org.aspectj.weaver.patterns.Pointcut.match(Pointcut.java:137)
	at org.aspectj.weaver.patterns.AndPointcut.matchInternal(AndPointcut.java:60)
	at org.aspectj.weaver.patterns.Pointcut.match(Pointcut.java:137)
	at org.aspectj.weaver.patterns.AndPointcut.matchInternal(AndPointcut.java:56)
	at org.aspectj.weaver.patterns.Pointcut.match(Pointcut.java:137)
	at org.aspectj.weaver.ShadowMunger.match(ShadowMunger.java:113)
	at org.aspectj.weaver.Advice.match(Advice.java:109)
	at org.aspectj.weaver.bcel.BcelAdvice.match(BcelAdvice.java:148)
	at org.aspectj.weaver.bcel.BcelClassWeaver.match(BcelClassWeaver.java:3311)
	at org.aspectj.weaver.bcel.BcelClassWeaver.match(BcelClassWeaver.java:2692)
	at org.aspectj.weaver.bcel.BcelClassWeaver.weave(BcelClassWeaver.java:480)
	at org.aspectj.weaver.bcel.BcelClassWeaver.weave(BcelClassWeaver.java:100)
	at org.aspectj.weaver.bcel.BcelWeaver.weave(BcelWeaver.java:1700)
	at org.aspectj.weaver.bcel.BcelWeaver.weaveWithoutDump(BcelWeaver.java:1644)
	at org.aspectj.weaver.bcel.BcelWeaver.weaveAndNotify(BcelWeaver.java:1409)
	at org.aspectj.weaver.bcel.BcelWeaver.weave(BcelWeaver.java:1191)
	at org.aspectj.weaver.tools.WeavingAdaptor.getWovenBytes(WeavingAdaptor.java:527)
	at org.aspectj.weaver.tools.WeavingAdaptor.weaveClass(WeavingAdaptor.java:363)
	at org.aspectj.weaver.loadtime.Aj.preProcess(Aj.java:121)
	at org.aspectj.weaver.loadtime.ClassPreProcessorAgentAdapter.transform(ClassPreProcessorAgentAdapter.java:54)
	at java.instrument/java.lang.instrument.ClassFileTransformer.transform(ClassFileTransformer.java:244)
	at java.instrument/sun.instrument.TransformerManager.transform(TransformerManager.java:188)
	at java.instrument/sun.instrument.InstrumentationImpl.transform(InstrumentationImpl.java:541)
	at java.base/java.lang.ClassLoader.defineClass1(Native Method)
	at java.base/java.lang.ClassLoader.defineClass(ClassLoader.java:1013)
	at java.base/java.security.SecureClassLoader.defineClass(SecureClassLoader.java:150)
	at java.base/jdk.internal.loader.BuiltinClassLoader.defineClass(BuiltinClassLoader.java:862)
	at java.base/jdk.internal.loader.BuiltinClassLoader.findClassOnClassPathOrNull(BuiltinClassLoader.java:760)
	at java.base/jdk.internal.loader.BuiltinClassLoader.loadClassOrNull(BuiltinClassLoader.java:681)
	at java.base/jdk.internal.loader.BuiltinClassLoader.loadClass(BuiltinClassLoader.java:639)
	at java.base/jdk.internal.loader.ClassLoaders$AppClassLoader.loadClass(ClassLoaders.java:188)
	at java.base/java.lang.ClassLoader.loadClass(ClassLoader.java:521)
	at org.junit.jupiter.engine.discovery.DiscoverySelectorResolver.lambda$static$1(DiscoverySelectorResolver.java:38)
	at org.junit.platform.engine.support.discovery.EngineDiscoveryRequestResolver.lambda$instantiate$0(EngineDiscoveryRequestResolver.java:118)
	at java.base/java.util.stream.ReferencePipeline$3$1.accept(ReferencePipeline.java:197)
	at java.base/java.util.ArrayList$ArrayListSpliterator.forEachRemaining(ArrayList.java:1625)
	at java.base/java.util.stream.AbstractPipeline.copyInto(AbstractPipeline.java:509)
	at java.base/java.util.stream.AbstractPipeline.wrapAndCopyInto(AbstractPipeline.java:499)
	at java.base/java.util.stream.ReduceOps$ReduceOp.evaluateSequential(ReduceOps.java:921)
	at java.base/java.util.stream.AbstractPipeline.evaluate(AbstractPipeline.java:234)
	at java.base/java.util.stream.ReferencePipeline.collect(ReferencePipeline.java:682)
	at org.junit.platform.engine.support.discovery.EngineDiscoveryRequestResolver.instantiate(EngineDiscoveryRequestResolver.java:118)
	at org.junit.platform.engine.support.discovery.EngineDiscoveryRequestResolver.resolve(EngineDiscoveryRequestResolver.java:111)
	at org.junit.jupiter.engine.discovery.DiscoverySelectorResolver.resolveSelectors(DiscoverySelectorResolver.java:46)
	at org.junit.jupiter.engine.JupiterTestEngine.discover(JupiterTestEngine.java:69)
	at org.junit.platform.launcher.core.EngineDiscoveryOrchestrator.discoverEngineRoot(EngineDiscoveryOrchestrator.java:152)
	at org.junit.platform.launcher.core.EngineDiscoveryOrchestrator.discoverSafely(EngineDiscoveryOrchestrator.java:134)
	at org.junit.platform.launcher.core.EngineDiscoveryOrchestrator.discover(EngineDiscoveryOrchestrator.java:108)
	at org.junit.platform.launcher.core.EngineDiscoveryOrchestrator.discover(EngineDiscoveryOrchestrator.java:80)
	at org.junit.platform.launcher.core.DefaultLauncher.discover(DefaultLauncher.java:110)
	at org.junit.platform.launcher.core.DefaultLauncher.discover(DefaultLauncher.java:78)
	at org.junit.platform.launcher.core.DefaultLauncherSession$DelegatingLauncher.discover(DefaultLauncherSession.java:81)
	at org.apache.maven.surefire.junitplatform.LazyLauncher.discover(LazyLauncher.java:48)
	at org.apache.maven.surefire.junitplatform.TestPlanScannerFilter.accept(TestPlanScannerFilter.java:56)
	at org.apache.maven.surefire.api.util.DefaultScanResult.applyFilter(DefaultScanResult.java:102)
	at org.apache.maven.surefire.junitplatform.JUnitPlatformProvider.scanClasspath(JUnitPlatformProvider.java:167)
	at org.apache.maven.surefire.junitplatform.JUnitPlatformProvider.invoke(JUnitPlatformProvider.java:139)
	at org.apache.maven.surefire.booter.ForkedBooter.runSuitesInProcess(ForkedBooter.java:456)
	at org.apache.maven.surefire.booter.ForkedBooter.execute(ForkedBooter.java:169)
	at org.apache.maven.surefire.booter.ForkedBooter.run(ForkedBooter.java:595)
	at org.apache.maven.surefire.booter.ForkedBooter.main(ForkedBooter.java:581)
14:10:33.642 [main] ERROR org.aspectj.weaver.bcel.BcelWorld - Unable to find class 'org.junit.platform.engine.discovery.IterationSelector' in repository
java.lang.ClassNotFoundException: org.junit.platform.engine.discovery.IterationSelector not found - unable to determine URL
	at org.aspectj.apache.bcel.util.ClassLoaderRepository.loadClass(ClassLoaderRepository.java:292)
	at org.aspectj.weaver.bcel.BcelWorld.lookupJavaClass(BcelWorld.java:418)
	at org.aspectj.weaver.bcel.BcelWorld.resolveDelegate(BcelWorld.java:392)
	at org.aspectj.weaver.ltw.LTWWorld.resolveDelegate(LTWWorld.java:107)
	at org.aspectj.weaver.World.resolveToReferenceType(World.java:478)
	at org.aspectj.weaver.World.resolve(World.java:319)
	at org.aspectj.weaver.World.resolve(World.java:229)
	at org.aspectj.weaver.UnresolvedType.resolve(UnresolvedType.java:615)
	at org.aspectj.weaver.ResolvedMemberImpl.resolve(ResolvedMemberImpl.java:619)
	at org.aspectj.weaver.patterns.AnnotationPointcut.matchInternal(AnnotationPointcut.java:117)
	at org.aspectj.weaver.patterns.Pointcut.match(Pointcut.java:137)
	at org.aspectj.weaver.patterns.AndPointcut.matchInternal(AndPointcut.java:60)
	at org.aspectj.weaver.patterns.Pointcut.match(Pointcut.java:137)
	at org.aspectj.weaver.patterns.AndPointcut.matchInternal(AndPointcut.java:56)
	at org.aspectj.weaver.patterns.Pointcut.match(Pointcut.java:137)
	at org.aspectj.weaver.ShadowMunger.match(ShadowMunger.java:113)
	at org.aspectj.weaver.Advice.match(Advice.java:109)
	at org.aspectj.weaver.bcel.BcelAdvice.match(BcelAdvice.java:148)
	at org.aspectj.weaver.bcel.BcelClassWeaver.match(BcelClassWeaver.java:3311)
	at org.aspectj.weaver.bcel.BcelClassWeaver.match(BcelClassWeaver.java:2692)
	at org.aspectj.weaver.bcel.BcelClassWeaver.weave(BcelClassWeaver.java:480)
	at org.aspectj.weaver.bcel.BcelClassWeaver.weave(BcelClassWeaver.java:100)
	at org.aspectj.weaver.bcel.BcelWeaver.weave(BcelWeaver.java:1700)
	at org.aspectj.weaver.bcel.BcelWeaver.weaveWithoutDump(BcelWeaver.java:1644)
	at org.aspectj.weaver.bcel.BcelWeaver.weaveAndNotify(BcelWeaver.java:1409)
	at org.aspectj.weaver.bcel.BcelWeaver.weave(BcelWeaver.java:1191)
	at org.aspectj.weaver.tools.WeavingAdaptor.getWovenBytes(WeavingAdaptor.java:527)
	at org.aspectj.weaver.tools.WeavingAdaptor.weaveClass(WeavingAdaptor.java:363)
	at org.aspectj.weaver.loadtime.Aj.preProcess(Aj.java:121)
	at org.aspectj.weaver.loadtime.ClassPreProcessorAgentAdapter.transform(ClassPreProcessorAgentAdapter.java:54)
	at java.instrument/java.lang.instrument.ClassFileTransformer.transform(ClassFileTransformer.java:244)
	at java.instrument/sun.instrument.TransformerManager.transform(TransformerManager.java:188)
	at java.instrument/sun.instrument.InstrumentationImpl.transform(InstrumentationImpl.java:541)
	at java.base/java.lang.ClassLoader.defineClass1(Native Method)
	at java.base/java.lang.ClassLoader.defineClass(ClassLoader.java:1013)
	at java.base/java.security.SecureClassLoader.defineClass(SecureClassLoader.java:150)
	at java.base/jdk.internal.loader.BuiltinClassLoader.defineClass(BuiltinClassLoader.java:862)
	at java.base/jdk.internal.loader.BuiltinClassLoader.findClassOnClassPathOrNull(BuiltinClassLoader.java:760)
	at java.base/jdk.internal.loader.BuiltinClassLoader.loadClassOrNull(BuiltinClassLoader.java:681)
	at java.base/jdk.internal.loader.BuiltinClassLoader.loadClass(BuiltinClassLoader.java:639)
	at java.base/jdk.internal.loader.ClassLoaders$AppClassLoader.loadClass(ClassLoaders.java:188)
	at java.base/java.lang.ClassLoader.loadClass(ClassLoader.java:521)
	at org.junit.jupiter.engine.discovery.DiscoverySelectorResolver.lambda$static$1(DiscoverySelectorResolver.java:38)
	at org.junit.platform.engine.support.discovery.EngineDiscoveryRequestResolver.lambda$instantiate$0(EngineDiscoveryRequestResolver.java:118)
	at java.base/java.util.stream.ReferencePipeline$3$1.accept(ReferencePipeline.java:197)
	at java.base/java.util.ArrayList$ArrayListSpliterator.forEachRemaining(ArrayList.java:1625)
	at java.base/java.util.stream.AbstractPipeline.copyInto(AbstractPipeline.java:509)
	at java.base/java.util.stream.AbstractPipeline.wrapAndCopyInto(AbstractPipeline.java:499)
	at java.base/java.util.stream.ReduceOps$ReduceOp.evaluateSequential(ReduceOps.java:921)
	at java.base/java.util.stream.AbstractPipeline.evaluate(AbstractPipeline.java:234)
	at java.base/java.util.stream.ReferencePipeline.collect(ReferencePipeline.java:682)
	at org.junit.platform.engine.support.discovery.EngineDiscoveryRequestResolver.instantiate(EngineDiscoveryRequestResolver.java:118)
	at org.junit.platform.engine.support.discovery.EngineDiscoveryRequestResolver.resolve(EngineDiscoveryRequestResolver.java:111)
	at org.junit.jupiter.engine.discovery.DiscoverySelectorResolver.resolveSelectors(DiscoverySelectorResolver.java:46)
	at org.junit.jupiter.engine.JupiterTestEngine.discover(JupiterTestEngine.java:69)
	at org.junit.platform.launcher.core.EngineDiscoveryOrchestrator.discoverEngineRoot(EngineDiscoveryOrchestrator.java:152)
	at org.junit.platform.launcher.core.EngineDiscoveryOrchestrator.discoverSafely(EngineDiscoveryOrchestrator.java:134)
	at org.junit.platform.launcher.core.EngineDiscoveryOrchestrator.discover(EngineDiscoveryOrchestrator.java:108)
	at org.junit.platform.launcher.core.EngineDiscoveryOrchestrator.discover(EngineDiscoveryOrchestrator.java:80)
	at org.junit.platform.launcher.core.DefaultLauncher.discover(DefaultLauncher.java:110)
	at org.junit.platform.launcher.core.DefaultLauncher.discover(DefaultLauncher.java:78)
	at org.junit.platform.launcher.core.DefaultLauncherSession$DelegatingLauncher.discover(DefaultLauncherSession.java:81)
	at org.apache.maven.surefire.junitplatform.LazyLauncher.discover(LazyLauncher.java:48)
	at org.apache.maven.surefire.junitplatform.TestPlanScannerFilter.accept(TestPlanScannerFilter.java:56)
	at org.apache.maven.surefire.api.util.DefaultScanResult.applyFilter(DefaultScanResult.java:102)
	at org.apache.maven.surefire.junitplatform.JUnitPlatformProvider.scanClasspath(JUnitPlatformProvider.java:167)
	at org.apache.maven.surefire.junitplatform.JUnitPlatformProvider.invoke(JUnitPlatformProvider.java:139)
	at org.apache.maven.surefire.booter.ForkedBooter.runSuitesInProcess(ForkedBooter.java:456)
	at org.apache.maven.surefire.booter.ForkedBooter.execute(ForkedBooter.java:169)
	at org.apache.maven.surefire.booter.ForkedBooter.run(ForkedBooter.java:595)
	at org.apache.maven.surefire.booter.ForkedBooter.main(ForkedBooter.java:581)
14:10:33.645 [main] DEBUG org.aspectj.weaver.bcel.BcelWorld - 14:10:33.645 main - o.a.w.b.BcelWorld.lookupJavaClass o.a.w.l.LTWWorld@2b4a2ec7 org.junit.platform.engine.support.discovery.SelectorResolver$Match, o.a.a.b.c.JavaClass@1a2909ae
14:10:33.647 [main] DEBUG org.aspectj.weaver.bcel.BcelWorld - 14:10:33.647 main - o.a.w.b.BcelWorld.lookupJavaClass o.a.w.l.LTWWorld@2b4a2ec7 org.junit.jupiter.engine.discovery.MethodSelectorResolver$MethodType, o.a.a.b.c.JavaClass@42b6d0cc
14:10:33.655 [main] DEBUG org.aspectj.weaver.bcel.BcelWorld - 14:10:33.655 main - o.a.w.b.BcelWorld.lookupJavaClass o.a.w.l.LTWWorld@2b4a2ec7 org.junit.jupiter.engine.discovery.MethodFinder, o.a.a.b.c.JavaClass@14b7786
14:10:33.656 [main] DEBUG org.aspectj.weaver.bcel.BcelWeaver - 14:10:33.656 main < o.a.w.b.BcelWeaver.weaveAndNotify
14:10:33.656 [main] DEBUG org.aspectj.weaver.bcel.BcelWeaver - 14:10:33.656 main < o.a.w.b.BcelWeaver.weave java.util.ArrayList(1)
14:10:33.656 [main] DEBUG o.a.weaver.tools.WeavingAdaptor - 14:10:33.656 main < o.a.w.t.WeavingAdaptor.weaveClass byte[15291]
14:10:33.656 [main] DEBUG org.aspectj.weaver.Dump - 14:10:33.656 main > o.a.w.Dump.dumpOnExit o.a.w.t.WeavingAdaptor$WeavingAdaptorMessageHolder@6a6afff2
14:10:33.656 [main] DEBUG org.aspectj.weaver.Dump - 14:10:33.656 main > o.a.w.Dump.shouldDumpOnExit o.a.w.t.WeavingAdaptor$WeavingAdaptorMessageHolder@6a6afff2
14:10:33.656 [main] DEBUG org.aspectj.weaver.Dump - 14:10:33.656 main - o.a.w.Dump.shouldDumpOnExit abort
14:10:33.656 [main] DEBUG org.aspectj.weaver.Dump - 14:10:33.656 main < o.a.w.Dump.shouldDumpOnExit false
14:10:33.656 [main] DEBUG org.aspectj.weaver.Dump - 14:10:33.656 main < o.a.w.Dump.dumpOnExit Excluded
14:10:33.656 [main] DEBUG org.aspectj.weaver.loadtime.Aj - 14:10:33.656 main < o.a.w.l.Aj.preProcess byte[15291]
14:10:33.661 [main] DEBUG org.aspectj.weaver.loadtime.Aj - 14:10:33.661 main > o.a.w.l.Aj.preProcess o.a.w.l.Aj@b9afc07 org/junit/jupiter/engine/discovery/MethodFinder, byte[2382], j.i.l.ClassLoaders$AppClassLoader@3cd1a2f1
14:10:33.661 [main] DEBUG org.aspectj.weaver.loadtime.Aj - 14:10:33.661 main - o.a.w.l.Aj.preProcess o.a.w.l.Aj@b9afc07 j.i.l.ClassLoaders$PlatformClassLoader@1ad282e0, j.i.l.ClassLoaders$AppClassLoader@3cd1a2f1
14:10:33.661 [main] DEBUG o.a.weaver.tools.WeavingAdaptor - 14:10:33.661 main > o.a.w.t.WeavingAdaptor.weaveClass o.a.w.l.ClassLoaderWeavingAdaptor@140e5a13 org/junit/jupiter/engine/discovery/MethodFinder, byte[2382]
14:10:33.662 [main] DEBUG org.aspectj.weaver.bcel.BcelWeaver - 14:10:33.661 main > o.a.w.b.BcelWeaver.weave o.a.w.b.BcelWeaver@48524010 o.a.w.t.WeavingAdaptor$WeavingClassFileProvider@7636823f
14:10:33.662 [main] DEBUG org.aspectj.weaver.bcel.BcelWeaver - 14:10:33.662 main > o.a.w.b.BcelWeaver.weaveAndNotify o.a.w.b.BcelWeaver@48524010 o.a.w.b.UnwovenClassFile@a0db585, o.a.w.b.BcelObjectType@2b34e38c, o.a.w.t.WeavingAdaptor$WeavingClassFileProvider$1@3d37203b
14:10:33.663 [main] DEBUG org.aspectj.weaver.bcel.BcelWeaver - 14:10:33.663 main < o.a.w.b.BcelWeaver.weaveAndNotify
14:10:33.663 [main] DEBUG org.aspectj.weaver.bcel.BcelWeaver - 14:10:33.663 main < o.a.w.b.BcelWeaver.weave java.util.ArrayList(1)
14:10:33.663 [main] DEBUG o.a.weaver.tools.WeavingAdaptor - 14:10:33.663 main < o.a.w.t.WeavingAdaptor.weaveClass byte[2382]
14:10:33.663 [main] DEBUG org.aspectj.weaver.Dump - 14:10:33.663 main > o.a.w.Dump.dumpOnExit o.a.w.t.WeavingAdaptor$WeavingAdaptorMessageHolder@6a6afff2
14:10:33.664 [main] DEBUG org.aspectj.weaver.Dump - 14:10:33.664 main > o.a.w.Dump.shouldDumpOnExit o.a.w.t.WeavingAdaptor$WeavingAdaptorMessageHolder@6a6afff2
14:10:33.664 [main] DEBUG org.aspectj.weaver.Dump - 14:10:33.664 main - o.a.w.Dump.shouldDumpOnExit abort
14:10:33.664 [main] DEBUG org.aspectj.weaver.Dump - 14:10:33.664 main < o.a.w.Dump.shouldDumpOnExit false
14:10:33.664 [main] DEBUG org.aspectj.weaver.Dump - 14:10:33.664 main < o.a.w.Dump.dumpOnExit Excluded
14:10:33.664 [main] DEBUG org.aspectj.weaver.loadtime.Aj - 14:10:33.664 main < o.a.w.l.Aj.preProcess byte[2382]
14:10:33.666 [main] DEBUG org.aspectj.weaver.loadtime.Aj - 14:10:33.666 main > o.a.w.l.Aj.preProcess o.a.w.l.Aj@b9afc07 org/junit/jupiter/engine/discovery/ClassOrderingVisitor, byte[9719], j.i.l.ClassLoaders$AppClassLoader@3cd1a2f1
14:10:33.666 [main] DEBUG org.aspectj.weaver.loadtime.Aj - 14:10:33.666 main - o.a.w.l.Aj.preProcess o.a.w.l.Aj@b9afc07 j.i.l.ClassLoaders$PlatformClassLoader@1ad282e0, j.i.l.ClassLoaders$AppClassLoader@3cd1a2f1
14:10:33.666 [main] DEBUG o.a.weaver.tools.WeavingAdaptor - 14:10:33.666 main > o.a.w.t.WeavingAdaptor.weaveClass o.a.w.l.ClassLoaderWeavingAdaptor@140e5a13 org/junit/jupiter/engine/discovery/ClassOrderingVisitor, byte[9719]
14:10:33.667 [main] DEBUG org.aspectj.weaver.bcel.BcelWeaver - 14:10:33.667 main > o.a.w.b.BcelWeaver.weave o.a.w.b.BcelWeaver@48524010 o.a.w.t.WeavingAdaptor$WeavingClassFileProvider@468dda3e
14:10:33.669 [main] DEBUG org.aspectj.weaver.bcel.BcelWorld - 14:10:33.668 main - o.a.w.b.BcelWorld.lookupJavaClass o.a.w.l.LTWWorld@2b4a2ec7 org.junit.jupiter.engine.discovery.AbstractOrderingVisitor, o.a.a.b.c.JavaClass@78010562
14:10:33.669 [main] DEBUG org.aspectj.weaver.bcel.BcelWeaver - 14:10:33.669 main > o.a.w.b.BcelWeaver.weaveAndNotify o.a.w.b.BcelWeaver@48524010 o.a.w.b.UnwovenClassFile@50756c76, o.a.w.b.BcelObjectType@38aafb53, o.a.w.t.WeavingAdaptor$WeavingClassFileProvider$1@1729ec00
14:10:33.673 [main] DEBUG org.aspectj.weaver.bcel.BcelWorld - 14:10:33.673 main - o.a.w.b.BcelWorld.lookupJavaClass o.a.w.l.LTWWorld@2b4a2ec7 org.junit.jupiter.engine.discovery.AbstractOrderingVisitor$DescriptorWrapperOrderer, o.a.a.b.c.JavaClass@2b10ace9
14:10:33.676 [main] DEBUG org.aspectj.weaver.bcel.BcelWorld - 14:10:33.676 main - o.a.w.b.BcelWorld.lookupJavaClass o.a.w.l.LTWWorld@2b4a2ec7 org.junit.jupiter.engine.discovery.AbstractAnnotatedDescriptorWrapper, o.a.a.b.c.JavaClass@459b187a
14:10:33.676 [main] DEBUG org.aspectj.weaver.bcel.BcelWeaver - 14:10:33.676 main < o.a.w.b.BcelWeaver.weaveAndNotify
14:10:33.676 [main] DEBUG org.aspectj.weaver.bcel.BcelWeaver - 14:10:33.676 main < o.a.w.b.BcelWeaver.weave java.util.ArrayList(1)
14:10:33.676 [main] DEBUG o.a.weaver.tools.WeavingAdaptor - 14:10:33.676 main < o.a.w.t.WeavingAdaptor.weaveClass byte[9719]
14:10:33.676 [main] DEBUG org.aspectj.weaver.Dump - 14:10:33.676 main > o.a.w.Dump.dumpOnExit o.a.w.t.WeavingAdaptor$WeavingAdaptorMessageHolder@6a6afff2
14:10:33.676 [main] DEBUG org.aspectj.weaver.Dump - 14:10:33.676 main > o.a.w.Dump.shouldDumpOnExit o.a.w.t.WeavingAdaptor$WeavingAdaptorMessageHolder@6a6afff2
14:10:33.676 [main] DEBUG org.aspectj.weaver.Dump - 14:10:33.676 main - o.a.w.Dump.shouldDumpOnExit abort
14:10:33.676 [main] DEBUG org.aspectj.weaver.Dump - 14:10:33.676 main < o.a.w.Dump.shouldDumpOnExit false
14:10:33.677 [main] DEBUG org.aspectj.weaver.Dump - 14:10:33.677 main < o.a.w.Dump.dumpOnExit Excluded
14:10:33.677 [main] DEBUG org.aspectj.weaver.loadtime.Aj - 14:10:33.677 main < o.a.w.l.Aj.preProcess byte[9719]
14:10:33.678 [main] DEBUG org.aspectj.weaver.loadtime.Aj - 14:10:33.678 main > o.a.w.l.Aj.preProcess o.a.w.l.Aj@b9afc07 org/junit/jupiter/engine/discovery/AbstractOrderingVisitor, byte[10477], j.i.l.ClassLoaders$AppClassLoader@3cd1a2f1
14:10:33.679 [main] DEBUG org.aspectj.weaver.loadtime.Aj - 14:10:33.678 main - o.a.w.l.Aj.preProcess o.a.w.l.Aj@b9afc07 j.i.l.ClassLoaders$PlatformClassLoader@1ad282e0, j.i.l.ClassLoaders$AppClassLoader@3cd1a2f1
14:10:33.679 [main] DEBUG o.a.weaver.tools.WeavingAdaptor - 14:10:33.679 main > o.a.w.t.WeavingAdaptor.weaveClass o.a.w.l.ClassLoaderWeavingAdaptor@140e5a13 org/junit/jupiter/engine/discovery/AbstractOrderingVisitor, byte[10477]
14:10:33.679 [main] DEBUG org.aspectj.weaver.bcel.BcelWeaver - 14:10:33.679 main > o.a.w.b.BcelWeaver.weave o.a.w.b.BcelWeaver@48524010 o.a.w.t.WeavingAdaptor$WeavingClassFileProvider@7eae3764
14:10:33.682 [main] DEBUG org.aspectj.weaver.bcel.BcelWeaver - 14:10:33.682 main > o.a.w.b.BcelWeaver.weaveAndNotify o.a.w.b.BcelWeaver@48524010 o.a.w.b.UnwovenClassFile@10dc7d6, o.a.w.b.BcelObjectType@4f668f29, o.a.w.t.WeavingAdaptor$WeavingClassFileProvider$1@716e431d
14:10:33.716 [main] DEBUG org.aspectj.weaver.bcel.BcelWorld - 14:10:33.715 main - o.a.w.b.BcelWorld.lookupJavaClass o.a.w.l.LTWWorld@2b4a2ec7 java.util.function.Consumer, o.a.a.b.c.JavaClass@58e85c6f
14:10:33.716 [main] DEBUG org.aspectj.weaver.bcel.BcelWorld - 14:10:33.716 main - o.a.w.b.BcelWorld.lookupJavaClass o.a.w.l.LTWWorld@2b4a2ec7 org.junit.platform.commons.logging.Logger, o.a.a.b.c.JavaClass@18a136ac
14:10:33.716 [main] DEBUG org.aspectj.weaver.bcel.BcelWeaver - 14:10:33.716 main < o.a.w.b.BcelWeaver.weaveAndNotify
14:10:33.716 [main] DEBUG org.aspectj.weaver.bcel.BcelWeaver - 14:10:33.716 main < o.a.w.b.BcelWeaver.weave java.util.ArrayList(1)
14:10:33.716 [main] DEBUG o.a.weaver.tools.WeavingAdaptor - 14:10:33.716 main < o.a.w.t.WeavingAdaptor.weaveClass byte[10477]
14:10:33.716 [main] DEBUG org.aspectj.weaver.Dump - 14:10:33.716 main > o.a.w.Dump.dumpOnExit o.a.w.t.WeavingAdaptor$WeavingAdaptorMessageHolder@6a6afff2
14:10:33.716 [main] DEBUG org.aspectj.weaver.Dump - 14:10:33.716 main > o.a.w.Dump.shouldDumpOnExit o.a.w.t.WeavingAdaptor$WeavingAdaptorMessageHolder@6a6afff2
14:10:33.716 [main] DEBUG org.aspectj.weaver.Dump - 14:10:33.716 main - o.a.w.Dump.shouldDumpOnExit abort
14:10:33.716 [main] DEBUG org.aspectj.weaver.Dump - 14:10:33.716 main < o.a.w.Dump.shouldDumpOnExit false
14:10:33.716 [main] DEBUG org.aspectj.weaver.Dump - 14:10:33.716 main < o.a.w.Dump.dumpOnExit Excluded
14:10:33.716 [main] DEBUG org.aspectj.weaver.loadtime.Aj - 14:10:33.716 main < o.a.w.l.Aj.preProcess byte[10477]
14:10:33.718 [main] DEBUG org.aspectj.weaver.loadtime.Aj - 14:10:33.718 main > o.a.w.l.Aj.preProcess o.a.w.l.Aj@b9afc07 org/junit/jupiter/api/ClassOrdererContext, byte[683], j.i.l.ClassLoaders$AppClassLoader@3cd1a2f1
14:10:33.718 [main] DEBUG org.aspectj.weaver.loadtime.Aj - 14:10:33.718 main - o.a.w.l.Aj.preProcess o.a.w.l.Aj@b9afc07 j.i.l.ClassLoaders$PlatformClassLoader@1ad282e0, j.i.l.ClassLoaders$AppClassLoader@3cd1a2f1
14:10:33.718 [main] DEBUG o.a.weaver.tools.WeavingAdaptor - 14:10:33.718 main > o.a.w.t.WeavingAdaptor.weaveClass o.a.w.l.ClassLoaderWeavingAdaptor@140e5a13 org/junit/jupiter/api/ClassOrdererContext, byte[683]
14:10:33.718 [main] DEBUG org.aspectj.weaver.bcel.BcelWeaver - 14:10:33.718 main > o.a.w.b.BcelWeaver.weave o.a.w.b.BcelWeaver@48524010 o.a.w.t.WeavingAdaptor$WeavingClassFileProvider@6884f0d9
14:10:33.719 [main] DEBUG org.aspectj.weaver.bcel.BcelWeaver - 14:10:33.719 main > o.a.w.b.BcelWeaver.weaveAndNotify o.a.w.b.BcelWeaver@48524010 o.a.w.b.UnwovenClassFile@49ec6a9f, o.a.w.b.BcelObjectType@26b95b0b, o.a.w.t.WeavingAdaptor$WeavingClassFileProvider$1@5f7da3d3
14:10:33.723 [main] DEBUG org.aspectj.weaver.bcel.BcelWeaver - 14:10:33.723 main < o.a.w.b.BcelWeaver.weaveAndNotify
14:10:33.723 [main] DEBUG org.aspectj.weaver.bcel.BcelWeaver - 14:10:33.723 main < o.a.w.b.BcelWeaver.weave java.util.ArrayList(1)
14:10:33.723 [main] DEBUG o.a.weaver.tools.WeavingAdaptor - 14:10:33.723 main < o.a.w.t.WeavingAdaptor.weaveClass byte[683]
14:10:33.723 [main] DEBUG org.aspectj.weaver.Dump - 14:10:33.723 main > o.a.w.Dump.dumpOnExit o.a.w.t.WeavingAdaptor$WeavingAdaptorMessageHolder@6a6afff2
14:10:33.723 [main] DEBUG org.aspectj.weaver.Dump - 14:10:33.723 main > o.a.w.Dump.shouldDumpOnExit o.a.w.t.WeavingAdaptor$WeavingAdaptorMessageHolder@6a6afff2
14:10:33.723 [main] DEBUG org.aspectj.weaver.Dump - 14:10:33.723 main - o.a.w.Dump.shouldDumpOnExit abort
14:10:33.723 [main] DEBUG org.aspectj.weaver.Dump - 14:10:33.723 main < o.a.w.Dump.shouldDumpOnExit false
14:10:33.724 [main] DEBUG org.aspectj.weaver.Dump - 14:10:33.724 main < o.a.w.Dump.dumpOnExit Excluded
14:10:33.724 [main] DEBUG org.aspectj.weaver.loadtime.Aj - 14:10:33.724 main < o.a.w.l.Aj.preProcess byte[683]
14:10:33.726 [main] DEBUG org.aspectj.weaver.loadtime.Aj - 14:10:33.726 main > o.a.w.l.Aj.preProcess o.a.w.l.Aj@b9afc07 org/junit/jupiter/engine/discovery/MethodOrderingVisitor, byte[9540], j.i.l.ClassLoaders$AppClassLoader@3cd1a2f1
14:10:33.726 [main] DEBUG org.aspectj.weaver.loadtime.Aj - 14:10:33.726 main - o.a.w.l.Aj.preProcess o.a.w.l.Aj@b9afc07 j.i.l.ClassLoaders$PlatformClassLoader@1ad282e0, j.i.l.ClassLoaders$AppClassLoader@3cd1a2f1
14:10:33.727 [main] DEBUG o.a.weaver.tools.WeavingAdaptor - 14:10:33.727 main > o.a.w.t.WeavingAdaptor.weaveClass o.a.w.l.ClassLoaderWeavingAdaptor@140e5a13 org/junit/jupiter/engine/discovery/MethodOrderingVisitor, byte[9540]
14:10:33.727 [main] DEBUG org.aspectj.weaver.bcel.BcelWeaver - 14:10:33.727 main > o.a.w.b.BcelWeaver.weave o.a.w.b.BcelWeaver@48524010 o.a.w.t.WeavingAdaptor$WeavingClassFileProvider@64fe9da7
14:10:33.727 [main] DEBUG org.aspectj.weaver.bcel.BcelWeaver - 14:10:33.727 main > o.a.w.b.BcelWeaver.weaveAndNotify o.a.w.b.BcelWeaver@48524010 o.a.w.b.UnwovenClassFile@70cccd8f, o.a.w.b.BcelObjectType@5f172d4a, o.a.w.t.WeavingAdaptor$WeavingClassFileProvider$1@77ec6a3d
14:10:33.728 [main] DEBUG org.aspectj.weaver.bcel.BcelWeaver - 14:10:33.728 main < o.a.w.b.BcelWeaver.weaveAndNotify
14:10:33.728 [main] DEBUG org.aspectj.weaver.bcel.BcelWeaver - 14:10:33.728 main < o.a.w.b.BcelWeaver.weave java.util.ArrayList(1)
14:10:33.728 [main] DEBUG o.a.weaver.tools.WeavingAdaptor - 14:10:33.728 main < o.a.w.t.WeavingAdaptor.weaveClass byte[9540]
14:10:33.728 [main] DEBUG org.aspectj.weaver.Dump - 14:10:33.728 main > o.a.w.Dump.dumpOnExit o.a.w.t.WeavingAdaptor$WeavingAdaptorMessageHolder@6a6afff2
14:10:33.728 [main] DEBUG org.aspectj.weaver.Dump - 14:10:33.728 main > o.a.w.Dump.shouldDumpOnExit o.a.w.t.WeavingAdaptor$WeavingAdaptorMessageHolder@6a6afff2
14:10:33.729 [main] DEBUG org.aspectj.weaver.Dump - 14:10:33.729 main - o.a.w.Dump.shouldDumpOnExit abort
14:10:33.729 [main] DEBUG org.aspectj.weaver.Dump - 14:10:33.729 main < o.a.w.Dump.shouldDumpOnExit false
14:10:33.729 [main] DEBUG org.aspectj.weaver.Dump - 14:10:33.729 main < o.a.w.Dump.dumpOnExit Excluded
14:10:33.729 [main] DEBUG org.aspectj.weaver.loadtime.Aj - 14:10:33.729 main < o.a.w.l.Aj.preProcess byte[9540]
14:10:33.733 [main] DEBUG org.aspectj.weaver.loadtime.Aj - 14:10:33.732 main > o.a.w.l.Aj.preProcess o.a.w.l.Aj@b9afc07 org/junit/jupiter/api/MethodOrdererContext, byte[759], j.i.l.ClassLoaders$AppClassLoader@3cd1a2f1
14:10:33.733 [main] DEBUG org.aspectj.weaver.loadtime.Aj - 14:10:33.733 main - o.a.w.l.Aj.preProcess o.a.w.l.Aj@b9afc07 j.i.l.ClassLoaders$PlatformClassLoader@1ad282e0, j.i.l.ClassLoaders$AppClassLoader@3cd1a2f1
14:10:33.733 [main] DEBUG o.a.weaver.tools.WeavingAdaptor - 14:10:33.733 main > o.a.w.t.WeavingAdaptor.weaveClass o.a.w.l.ClassLoaderWeavingAdaptor@140e5a13 org/junit/jupiter/api/MethodOrdererContext, byte[759]
14:10:33.733 [main] DEBUG org.aspectj.weaver.bcel.BcelWeaver - 14:10:33.733 main > o.a.w.b.BcelWeaver.weave o.a.w.b.BcelWeaver@48524010 o.a.w.t.WeavingAdaptor$WeavingClassFileProvider@25b52284
14:10:33.733 [main] DEBUG org.aspectj.weaver.bcel.BcelWeaver - 14:10:33.733 main > o.a.w.b.BcelWeaver.weaveAndNotify o.a.w.b.BcelWeaver@48524010 o.a.w.b.UnwovenClassFile@245ec1a6, o.a.w.b.BcelObjectType@782be4eb, o.a.w.t.WeavingAdaptor$WeavingClassFileProvider$1@38792286
14:10:33.734 [main] DEBUG org.aspectj.weaver.bcel.BcelWeaver - 14:10:33.734 main < o.a.w.b.BcelWeaver.weaveAndNotify
14:10:33.734 [main] DEBUG org.aspectj.weaver.bcel.BcelWeaver - 14:10:33.734 main < o.a.w.b.BcelWeaver.weave java.util.ArrayList(1)
14:10:33.734 [main] DEBUG o.a.weaver.tools.WeavingAdaptor - 14:10:33.734 main < o.a.w.t.WeavingAdaptor.weaveClass byte[759]
14:10:33.734 [main] DEBUG org.aspectj.weaver.Dump - 14:10:33.734 main > o.a.w.Dump.dumpOnExit o.a.w.t.WeavingAdaptor$WeavingAdaptorMessageHolder@6a6afff2
14:10:33.734 [main] DEBUG org.aspectj.weaver.Dump - 14:10:33.734 main > o.a.w.Dump.shouldDumpOnExit o.a.w.t.WeavingAdaptor$WeavingAdaptorMessageHolder@6a6afff2
14:10:33.734 [main] DEBUG org.aspectj.weaver.Dump - 14:10:33.734 main - o.a.w.Dump.shouldDumpOnExit abort
14:10:33.734 [main] DEBUG org.aspectj.weaver.Dump - 14:10:33.734 main < o.a.w.Dump.shouldDumpOnExit false
14:10:33.734 [main] DEBUG org.aspectj.weaver.Dump - 14:10:33.734 main < o.a.w.Dump.dumpOnExit Excluded
14:10:33.734 [main] DEBUG org.aspectj.weaver.loadtime.Aj - 14:10:33.734 main < o.a.w.l.Aj.preProcess byte[759]
14:10:33.742 [main] DEBUG org.aspectj.weaver.loadtime.Aj - 14:10:33.742 main > o.a.w.l.Aj.preProcess o.a.w.l.Aj@b9afc07 org/junit/platform/engine/support/discovery/EngineDiscoveryRequestResolution, byte[17221], j.i.l.ClassLoaders$AppClassLoader@3cd1a2f1
14:10:33.742 [main] DEBUG org.aspectj.weaver.loadtime.Aj - 14:10:33.742 main - o.a.w.l.Aj.preProcess o.a.w.l.Aj@b9afc07 j.i.l.ClassLoaders$PlatformClassLoader@1ad282e0, j.i.l.ClassLoaders$AppClassLoader@3cd1a2f1
14:10:33.742 [main] DEBUG o.a.weaver.tools.WeavingAdaptor - 14:10:33.742 main > o.a.w.t.WeavingAdaptor.weaveClass o.a.w.l.ClassLoaderWeavingAdaptor@140e5a13 org/junit/platform/engine/support/discovery/EngineDiscoveryRequestResolution, byte[17221]
14:10:33.743 [main] DEBUG org.aspectj.weaver.bcel.BcelWeaver - 14:10:33.743 main > o.a.w.b.BcelWeaver.weave o.a.w.b.BcelWeaver@48524010 o.a.w.t.WeavingAdaptor$WeavingClassFileProvider@6f1a80fb
14:10:33.743 [main] DEBUG org.aspectj.weaver.bcel.BcelWeaver - 14:10:33.743 main > o.a.w.b.BcelWeaver.weaveAndNotify o.a.w.b.BcelWeaver@48524010 o.a.w.b.UnwovenClassFile@5a237731, o.a.w.b.BcelObjectType@7d2998d8, o.a.w.t.WeavingAdaptor$WeavingClassFileProvider$1@6a0094c9
14:10:33.745 [main] DEBUG org.aspectj.weaver.bcel.BcelWorld - 14:10:33.745 main - o.a.w.b.BcelWorld.lookupJavaClass o.a.w.l.LTWWorld@2b4a2ec7 org.junit.platform.engine.support.discovery.EngineDiscoveryRequestResolution$DefaultContext, o.a.a.b.c.JavaClass@4f6b687e
14:10:33.746 [main] DEBUG org.aspectj.weaver.bcel.BcelWorld - 14:10:33.746 main - o.a.w.b.BcelWorld.lookupJavaClass o.a.w.l.LTWWorld@2b4a2ec7 java.util.Map, o.a.a.b.c.JavaClass@48974e45
14:10:33.746 [main] DEBUG org.aspectj.weaver.bcel.BcelWeaver - 14:10:33.746 main < o.a.w.b.BcelWeaver.weaveAndNotify
14:10:33.746 [main] DEBUG org.aspectj.weaver.bcel.BcelWeaver - 14:10:33.746 main < o.a.w.b.BcelWeaver.weave java.util.ArrayList(1)
14:10:33.746 [main] DEBUG o.a.weaver.tools.WeavingAdaptor - 14:10:33.746 main < o.a.w.t.WeavingAdaptor.weaveClass byte[17221]
14:10:33.746 [main] DEBUG org.aspectj.weaver.Dump - 14:10:33.746 main > o.a.w.Dump.dumpOnExit o.a.w.t.WeavingAdaptor$WeavingAdaptorMessageHolder@6a6afff2
14:10:33.746 [main] DEBUG org.aspectj.weaver.Dump - 14:10:33.746 main > o.a.w.Dump.shouldDumpOnExit o.a.w.t.WeavingAdaptor$WeavingAdaptorMessageHolder@6a6afff2
14:10:33.746 [main] DEBUG org.aspectj.weaver.Dump - 14:10:33.746 main - o.a.w.Dump.shouldDumpOnExit abort
14:10:33.746 [main] DEBUG org.aspectj.weaver.Dump - 14:10:33.746 main < o.a.w.Dump.shouldDumpOnExit false
14:10:33.746 [main] DEBUG org.aspectj.weaver.Dump - 14:10:33.746 main < o.a.w.Dump.dumpOnExit Excluded
14:10:33.746 [main] DEBUG org.aspectj.weaver.loadtime.Aj - 14:10:33.746 main < o.a.w.l.Aj.preProcess byte[17221]
14:10:33.750 [main] DEBUG org.aspectj.weaver.loadtime.Aj - 14:10:33.750 main > o.a.w.l.Aj.preProcess o.a.w.l.Aj@b9afc07 org/junit/platform/engine/support/discovery/SelectorResolver$Context, byte[1338], j.i.l.ClassLoaders$AppClassLoader@3cd1a2f1
14:10:33.751 [main] DEBUG org.aspectj.weaver.loadtime.Aj - 14:10:33.751 main - o.a.w.l.Aj.preProcess o.a.w.l.Aj@b9afc07 j.i.l.ClassLoaders$PlatformClassLoader@1ad282e0, j.i.l.ClassLoaders$AppClassLoader@3cd1a2f1
14:10:33.751 [main] DEBUG o.a.weaver.tools.WeavingAdaptor - 14:10:33.751 main > o.a.w.t.WeavingAdaptor.weaveClass o.a.w.l.ClassLoaderWeavingAdaptor@140e5a13 org/junit/platform/engine/support/discovery/SelectorResolver$Context, byte[1338]
14:10:33.751 [main] DEBUG org.aspectj.weaver.bcel.BcelWeaver - 14:10:33.751 main > o.a.w.b.BcelWeaver.weave o.a.w.b.BcelWeaver@48524010 o.a.w.t.WeavingAdaptor$WeavingClassFileProvider@9aa2002
14:10:33.751 [main] DEBUG org.aspectj.weaver.bcel.BcelWeaver - 14:10:33.751 main > o.a.w.b.BcelWeaver.weaveAndNotify o.a.w.b.BcelWeaver@48524010 o.a.w.b.UnwovenClassFile@73fb1d7f, o.a.w.b.BcelObjectType@73d4066e, o.a.w.t.WeavingAdaptor$WeavingClassFileProvider$1@25d2f66
14:10:33.751 [main] DEBUG org.aspectj.weaver.bcel.BcelWeaver - 14:10:33.751 main < o.a.w.b.BcelWeaver.weaveAndNotify
14:10:33.751 [main] DEBUG org.aspectj.weaver.bcel.BcelWeaver - 14:10:33.751 main < o.a.w.b.BcelWeaver.weave java.util.ArrayList(1)
14:10:33.751 [main] DEBUG o.a.weaver.tools.WeavingAdaptor - 14:10:33.751 main < o.a.w.t.WeavingAdaptor.weaveClass byte[1338]
14:10:33.751 [main] DEBUG org.aspectj.weaver.Dump - 14:10:33.751 main > o.a.w.Dump.dumpOnExit o.a.w.t.WeavingAdaptor$WeavingAdaptorMessageHolder@6a6afff2
14:10:33.751 [main] DEBUG org.aspectj.weaver.Dump - 14:10:33.751 main > o.a.w.Dump.shouldDumpOnExit o.a.w.t.WeavingAdaptor$WeavingAdaptorMessageHolder@6a6afff2
14:10:33.751 [main] DEBUG org.aspectj.weaver.Dump - 14:10:33.751 main - o.a.w.Dump.shouldDumpOnExit abort
14:10:33.751 [main] DEBUG org.aspectj.weaver.Dump - 14:10:33.751 main < o.a.w.Dump.shouldDumpOnExit false
14:10:33.751 [main] DEBUG org.aspectj.weaver.Dump - 14:10:33.751 main < o.a.w.Dump.dumpOnExit Excluded
14:10:33.751 [main] DEBUG org.aspectj.weaver.loadtime.Aj - 14:10:33.751 main < o.a.w.l.Aj.preProcess byte[1338]
14:10:33.753 [main] DEBUG org.aspectj.weaver.loadtime.Aj - 14:10:33.753 main > o.a.w.l.Aj.preProcess o.a.w.l.Aj@b9afc07 org/junit/platform/engine/support/discovery/EngineDiscoveryRequestResolution$DefaultContext, byte[7567], j.i.l.ClassLoaders$AppClassLoader@3cd1a2f1
14:10:33.753 [main] DEBUG org.aspectj.weaver.loadtime.Aj - 14:10:33.753 main - o.a.w.l.Aj.preProcess o.a.w.l.Aj@b9afc07 j.i.l.ClassLoaders$PlatformClassLoader@1ad282e0, j.i.l.ClassLoaders$AppClassLoader@3cd1a2f1
14:10:33.753 [main] DEBUG o.a.weaver.tools.WeavingAdaptor - 14:10:33.753 main > o.a.w.t.WeavingAdaptor.weaveClass o.a.w.l.ClassLoaderWeavingAdaptor@140e5a13 org/junit/platform/engine/support/discovery/EngineDiscoveryRequestResolution$DefaultContext, byte[7567]
14:10:33.754 [main] DEBUG org.aspectj.weaver.bcel.BcelWeaver - 14:10:33.754 main > o.a.w.b.BcelWeaver.weave o.a.w.b.BcelWeaver@48524010 o.a.w.t.WeavingAdaptor$WeavingClassFileProvider@49ede9c7
14:10:33.769 [main] DEBUG org.aspectj.weaver.bcel.BcelWeaver - 14:10:33.769 main > o.a.w.b.BcelWeaver.weaveAndNotify o.a.w.b.BcelWeaver@48524010 o.a.w.b.UnwovenClassFile@6ecdbab8, o.a.w.b.BcelObjectType@3dd4a6fa, o.a.w.t.WeavingAdaptor$WeavingClassFileProvider$1@19f7222e
14:10:33.769 [main] DEBUG org.aspectj.weaver.bcel.BcelWeaver - 14:10:33.769 main < o.a.w.b.BcelWeaver.weaveAndNotify
14:10:33.769 [main] DEBUG org.aspectj.weaver.bcel.BcelWeaver - 14:10:33.769 main < o.a.w.b.BcelWeaver.weave java.util.ArrayList(1)
14:10:33.769 [main] DEBUG o.a.weaver.tools.WeavingAdaptor - 14:10:33.769 main < o.a.w.t.WeavingAdaptor.weaveClass byte[7567]
14:10:33.770 [main] DEBUG org.aspectj.weaver.Dump - 14:10:33.769 main > o.a.w.Dump.dumpOnExit o.a.w.t.WeavingAdaptor$WeavingAdaptorMessageHolder@6a6afff2
14:10:33.770 [main] DEBUG org.aspectj.weaver.Dump - 14:10:33.770 main > o.a.w.Dump.shouldDumpOnExit o.a.w.t.WeavingAdaptor$WeavingAdaptorMessageHolder@6a6afff2
14:10:33.770 [main] DEBUG org.aspectj.weaver.Dump - 14:10:33.770 main - o.a.w.Dump.shouldDumpOnExit abort
14:10:33.770 [main] DEBUG org.aspectj.weaver.Dump - 14:10:33.770 main < o.a.w.Dump.shouldDumpOnExit false
14:10:33.770 [main] DEBUG org.aspectj.weaver.Dump - 14:10:33.770 main < o.a.w.Dump.dumpOnExit Excluded
14:10:33.770 [main] DEBUG org.aspectj.weaver.loadtime.Aj - 14:10:33.770 main < o.a.w.l.Aj.preProcess byte[7567]
14:10:33.772 [main] DEBUG org.aspectj.weaver.loadtime.Aj - 14:10:33.772 main > o.a.w.l.Aj.preProcess o.a.w.l.Aj@b9afc07 org/junit/platform/engine/support/discovery/SelectorResolver$Match, byte[3843], j.i.l.ClassLoaders$AppClassLoader@3cd1a2f1
14:10:33.772 [main] DEBUG org.aspectj.weaver.loadtime.Aj - 14:10:33.772 main - o.a.w.l.Aj.preProcess o.a.w.l.Aj@b9afc07 j.i.l.ClassLoaders$PlatformClassLoader@1ad282e0, j.i.l.ClassLoaders$AppClassLoader@3cd1a2f1
14:10:33.772 [main] DEBUG o.a.weaver.tools.WeavingAdaptor - 14:10:33.772 main > o.a.w.t.WeavingAdaptor.weaveClass o.a.w.l.ClassLoaderWeavingAdaptor@140e5a13 org/junit/platform/engine/support/discovery/SelectorResolver$Match, byte[3843]
14:10:33.772 [main] DEBUG org.aspectj.weaver.bcel.BcelWeaver - 14:10:33.772 main > o.a.w.b.BcelWeaver.weave o.a.w.b.BcelWeaver@48524010 o.a.w.t.WeavingAdaptor$WeavingClassFileProvider@6dbcf214
14:10:33.772 [main] DEBUG org.aspectj.weaver.bcel.BcelWeaver - 14:10:33.772 main > o.a.w.b.BcelWeaver.weaveAndNotify o.a.w.b.BcelWeaver@48524010 o.a.w.b.UnwovenClassFile@496a31da, o.a.w.b.BcelObjectType@7c251f90, o.a.w.t.WeavingAdaptor$WeavingClassFileProvider$1@51841ac6
14:10:33.773 [main] DEBUG org.aspectj.weaver.bcel.BcelWeaver - 14:10:33.773 main < o.a.w.b.BcelWeaver.weaveAndNotify
14:10:33.773 [main] DEBUG org.aspectj.weaver.bcel.BcelWeaver - 14:10:33.773 main < o.a.w.b.BcelWeaver.weave java.util.ArrayList(1)
14:10:33.773 [main] DEBUG o.a.weaver.tools.WeavingAdaptor - 14:10:33.773 main < o.a.w.t.WeavingAdaptor.weaveClass byte[3843]
14:10:33.773 [main] DEBUG org.aspectj.weaver.Dump - 14:10:33.773 main > o.a.w.Dump.dumpOnExit o.a.w.t.WeavingAdaptor$WeavingAdaptorMessageHolder@6a6afff2
14:10:33.773 [main] DEBUG org.aspectj.weaver.Dump - 14:10:33.773 main > o.a.w.Dump.shouldDumpOnExit o.a.w.t.WeavingAdaptor$WeavingAdaptorMessageHolder@6a6afff2
14:10:33.773 [main] DEBUG org.aspectj.weaver.Dump - 14:10:33.773 main - o.a.w.Dump.shouldDumpOnExit abort
14:10:33.773 [main] DEBUG org.aspectj.weaver.Dump - 14:10:33.773 main < o.a.w.Dump.shouldDumpOnExit false
14:10:33.773 [main] DEBUG org.aspectj.weaver.Dump - 14:10:33.773 main < o.a.w.Dump.dumpOnExit Excluded
14:10:33.773 [main] DEBUG org.aspectj.weaver.loadtime.Aj - 14:10:33.773 main < o.a.w.l.Aj.preProcess byte[3843]
14:10:33.782 [main] DEBUG org.aspectj.weaver.loadtime.Aj - 14:10:33.782 main > o.a.w.l.Aj.preProcess o.a.w.l.Aj@b9afc07 org/junit/platform/engine/support/discovery/SelectorResolver$Match$Type, byte[1499], j.i.l.ClassLoaders$AppClassLoader@3cd1a2f1
14:10:33.782 [main] DEBUG org.aspectj.weaver.loadtime.Aj - 14:10:33.782 main - o.a.w.l.Aj.preProcess o.a.w.l.Aj@b9afc07 j.i.l.ClassLoaders$PlatformClassLoader@1ad282e0, j.i.l.ClassLoaders$AppClassLoader@3cd1a2f1
14:10:33.782 [main] DEBUG o.a.weaver.tools.WeavingAdaptor - 14:10:33.782 main > o.a.w.t.WeavingAdaptor.weaveClass o.a.w.l.ClassLoaderWeavingAdaptor@140e5a13 org/junit/platform/engine/support/discovery/SelectorResolver$Match$Type, byte[1499]
14:10:33.783 [main] DEBUG org.aspectj.weaver.bcel.BcelWeaver - 14:10:33.783 main > o.a.w.b.BcelWeaver.weave o.a.w.b.BcelWeaver@48524010 o.a.w.t.WeavingAdaptor$WeavingClassFileProvider@741f8dbe
14:10:33.783 [main] DEBUG org.aspectj.weaver.bcel.BcelWeaver - 14:10:33.783 main > o.a.w.b.BcelWeaver.weaveAndNotify o.a.w.b.BcelWeaver@48524010 o.a.w.b.UnwovenClassFile@212dfd39, o.a.w.b.BcelObjectType@a2ddf26, o.a.w.t.WeavingAdaptor$WeavingClassFileProvider$1@65d57e4e
14:10:33.784 [main] DEBUG org.aspectj.weaver.bcel.BcelWeaver - 14:10:33.783 main < o.a.w.b.BcelWeaver.weaveAndNotify
14:10:33.784 [main] DEBUG org.aspectj.weaver.bcel.BcelWeaver - 14:10:33.784 main < o.a.w.b.BcelWeaver.weave java.util.ArrayList(1)
14:10:33.784 [main] DEBUG o.a.weaver.tools.WeavingAdaptor - 14:10:33.784 main < o.a.w.t.WeavingAdaptor.weaveClass byte[1499]
14:10:33.784 [main] DEBUG org.aspectj.weaver.Dump - 14:10:33.784 main > o.a.w.Dump.dumpOnExit o.a.w.t.WeavingAdaptor$WeavingAdaptorMessageHolder@6a6afff2
14:10:33.784 [main] DEBUG org.aspectj.weaver.Dump - 14:10:33.784 main > o.a.w.Dump.shouldDumpOnExit o.a.w.t.WeavingAdaptor$WeavingAdaptorMessageHolder@6a6afff2
14:10:33.784 [main] DEBUG org.aspectj.weaver.Dump - 14:10:33.784 main - o.a.w.Dump.shouldDumpOnExit abort
14:10:33.784 [main] DEBUG org.aspectj.weaver.Dump - 14:10:33.784 main < o.a.w.Dump.shouldDumpOnExit false
14:10:33.784 [main] DEBUG org.aspectj.weaver.Dump - 14:10:33.784 main < o.a.w.Dump.dumpOnExit Excluded
14:10:33.784 [main] DEBUG org.aspectj.weaver.loadtime.Aj - 14:10:33.784 main < o.a.w.l.Aj.preProcess byte[1499]
14:10:33.788 [main] DEBUG org.aspectj.weaver.loadtime.Aj - 14:10:33.788 main > o.a.w.l.Aj.preProcess o.a.w.l.Aj@b9afc07 org/junit/platform/engine/discovery/UniqueIdSelector, byte[1749], j.i.l.ClassLoaders$AppClassLoader@3cd1a2f1
14:10:33.788 [main] DEBUG org.aspectj.weaver.loadtime.Aj - 14:10:33.788 main - o.a.w.l.Aj.preProcess o.a.w.l.Aj@b9afc07 j.i.l.ClassLoaders$PlatformClassLoader@1ad282e0, j.i.l.ClassLoaders$AppClassLoader@3cd1a2f1
14:10:33.788 [main] DEBUG o.a.weaver.tools.WeavingAdaptor - 14:10:33.788 main > o.a.w.t.WeavingAdaptor.weaveClass o.a.w.l.ClassLoaderWeavingAdaptor@140e5a13 org/junit/platform/engine/discovery/UniqueIdSelector, byte[1749]
14:10:33.788 [main] DEBUG org.aspectj.weaver.bcel.BcelWeaver - 14:10:33.788 main > o.a.w.b.BcelWeaver.weave o.a.w.b.BcelWeaver@48524010 o.a.w.t.WeavingAdaptor$WeavingClassFileProvider@2a2ef072
14:10:33.788 [main] DEBUG org.aspectj.weaver.bcel.BcelWeaver - 14:10:33.788 main > o.a.w.b.BcelWeaver.weaveAndNotify o.a.w.b.BcelWeaver@48524010 o.a.w.b.UnwovenClassFile@704641e3, o.a.w.b.BcelObjectType@2f00f851, o.a.w.t.WeavingAdaptor$WeavingClassFileProvider$1@4207609e
14:10:33.789 [main] DEBUG org.aspectj.weaver.bcel.BcelWeaver - 14:10:33.789 main < o.a.w.b.BcelWeaver.weaveAndNotify
14:10:33.789 [main] DEBUG org.aspectj.weaver.bcel.BcelWeaver - 14:10:33.789 main < o.a.w.b.BcelWeaver.weave java.util.ArrayList(1)
14:10:33.789 [main] DEBUG o.a.weaver.tools.WeavingAdaptor - 14:10:33.789 main < o.a.w.t.WeavingAdaptor.weaveClass byte[1749]
14:10:33.789 [main] DEBUG org.aspectj.weaver.Dump - 14:10:33.789 main > o.a.w.Dump.dumpOnExit o.a.w.t.WeavingAdaptor$WeavingAdaptorMessageHolder@6a6afff2
14:10:33.789 [main] DEBUG org.aspectj.weaver.Dump - 14:10:33.789 main > o.a.w.Dump.shouldDumpOnExit o.a.w.t.WeavingAdaptor$WeavingAdaptorMessageHolder@6a6afff2
14:10:33.789 [main] DEBUG org.aspectj.weaver.Dump - 14:10:33.789 main - o.a.w.Dump.shouldDumpOnExit abort
14:10:33.789 [main] DEBUG org.aspectj.weaver.Dump - 14:10:33.789 main < o.a.w.Dump.shouldDumpOnExit false
14:10:33.789 [main] DEBUG org.aspectj.weaver.Dump - 14:10:33.789 main < o.a.w.Dump.dumpOnExit Excluded
14:10:33.789 [main] DEBUG org.aspectj.weaver.loadtime.Aj - 14:10:33.789 main < o.a.w.l.Aj.preProcess byte[1749]
14:10:33.793 [main] DEBUG org.aspectj.weaver.loadtime.Aj - 14:10:33.793 main > o.a.w.l.Aj.preProcess o.a.w.l.Aj@b9afc07 org/junit/platform/engine/support/discovery/SelectorResolver$Resolution, byte[3427], j.i.l.ClassLoaders$AppClassLoader@3cd1a2f1
14:10:33.793 [main] DEBUG org.aspectj.weaver.loadtime.Aj - 14:10:33.793 main - o.a.w.l.Aj.preProcess o.a.w.l.Aj@b9afc07 j.i.l.ClassLoaders$PlatformClassLoader@1ad282e0, j.i.l.ClassLoaders$AppClassLoader@3cd1a2f1
14:10:33.793 [main] DEBUG o.a.weaver.tools.WeavingAdaptor - 14:10:33.793 main > o.a.w.t.WeavingAdaptor.weaveClass o.a.w.l.ClassLoaderWeavingAdaptor@140e5a13 org/junit/platform/engine/support/discovery/SelectorResolver$Resolution, byte[3427]
14:10:33.793 [main] DEBUG org.aspectj.weaver.bcel.BcelWeaver - 14:10:33.793 main > o.a.w.b.BcelWeaver.weave o.a.w.b.BcelWeaver@48524010 o.a.w.t.WeavingAdaptor$WeavingClassFileProvider@2e179f3e
14:10:33.794 [main] DEBUG org.aspectj.weaver.bcel.BcelWeaver - 14:10:33.794 main > o.a.w.b.BcelWeaver.weaveAndNotify o.a.w.b.BcelWeaver@48524010 o.a.w.b.UnwovenClassFile@16e7b402, o.a.w.b.BcelObjectType@534c6767, o.a.w.t.WeavingAdaptor$WeavingClassFileProvider$1@3bddc676
14:10:33.795 [main] DEBUG org.aspectj.weaver.bcel.BcelWeaver - 14:10:33.795 main < o.a.w.b.BcelWeaver.weaveAndNotify
14:10:33.795 [main] DEBUG org.aspectj.weaver.bcel.BcelWeaver - 14:10:33.795 main < o.a.w.b.BcelWeaver.weave java.util.ArrayList(1)
14:10:33.795 [main] DEBUG o.a.weaver.tools.WeavingAdaptor - 14:10:33.795 main < o.a.w.t.WeavingAdaptor.weaveClass byte[3427]
14:10:33.795 [main] DEBUG org.aspectj.weaver.Dump - 14:10:33.795 main > o.a.w.Dump.dumpOnExit o.a.w.t.WeavingAdaptor$WeavingAdaptorMessageHolder@6a6afff2
14:10:33.795 [main] DEBUG org.aspectj.weaver.Dump - 14:10:33.795 main > o.a.w.Dump.shouldDumpOnExit o.a.w.t.WeavingAdaptor$WeavingAdaptorMessageHolder@6a6afff2
14:10:33.795 [main] DEBUG org.aspectj.weaver.Dump - 14:10:33.795 main - o.a.w.Dump.shouldDumpOnExit abort
14:10:33.795 [main] DEBUG org.aspectj.weaver.Dump - 14:10:33.795 main < o.a.w.Dump.shouldDumpOnExit false
14:10:33.795 [main] DEBUG org.aspectj.weaver.Dump - 14:10:33.795 main < o.a.w.Dump.dumpOnExit Excluded
14:10:33.795 [main] DEBUG org.aspectj.weaver.loadtime.Aj - 14:10:33.795 main < o.a.w.l.Aj.preProcess byte[3427]
14:10:33.811 [main] DEBUG org.aspectj.weaver.loadtime.Aj - 14:10:33.811 main > o.a.w.l.Aj.preProcess o.a.w.l.Aj@b9afc07 org/junit/platform/engine/discovery/ClasspathResourceSelector, byte[2512], j.i.l.ClassLoaders$AppClassLoader@3cd1a2f1
14:10:33.811 [main] DEBUG org.aspectj.weaver.loadtime.Aj - 14:10:33.811 main - o.a.w.l.Aj.preProcess o.a.w.l.Aj@b9afc07 j.i.l.ClassLoaders$PlatformClassLoader@1ad282e0, j.i.l.ClassLoaders$AppClassLoader@3cd1a2f1
14:10:33.811 [main] DEBUG o.a.weaver.tools.WeavingAdaptor - 14:10:33.811 main > o.a.w.t.WeavingAdaptor.weaveClass o.a.w.l.ClassLoaderWeavingAdaptor@140e5a13 org/junit/platform/engine/discovery/ClasspathResourceSelector, byte[2512]
14:10:33.811 [main] DEBUG org.aspectj.weaver.bcel.BcelWeaver - 14:10:33.811 main > o.a.w.b.BcelWeaver.weave o.a.w.b.BcelWeaver@48524010 o.a.w.t.WeavingAdaptor$WeavingClassFileProvider@22e5f96e
14:10:33.811 [main] DEBUG org.aspectj.weaver.bcel.BcelWeaver - 14:10:33.811 main > o.a.w.b.BcelWeaver.weaveAndNotify o.a.w.b.BcelWeaver@48524010 o.a.w.b.UnwovenClassFile@6a638c79, o.a.w.b.BcelObjectType@6c931d35, o.a.w.t.WeavingAdaptor$WeavingClassFileProvider$1@44b194fe
14:10:33.812 [main] DEBUG org.aspectj.weaver.bcel.BcelWeaver - 14:10:33.812 main < o.a.w.b.BcelWeaver.weaveAndNotify
14:10:33.812 [main] DEBUG org.aspectj.weaver.bcel.BcelWeaver - 14:10:33.812 main < o.a.w.b.BcelWeaver.weave java.util.ArrayList(1)
14:10:33.812 [main] DEBUG o.a.weaver.tools.WeavingAdaptor - 14:10:33.812 main < o.a.w.t.WeavingAdaptor.weaveClass byte[2512]
14:10:33.812 [main] DEBUG org.aspectj.weaver.Dump - 14:10:33.812 main > o.a.w.Dump.dumpOnExit o.a.w.t.WeavingAdaptor$WeavingAdaptorMessageHolder@6a6afff2
14:10:33.812 [main] DEBUG org.aspectj.weaver.Dump - 14:10:33.812 main > o.a.w.Dump.shouldDumpOnExit o.a.w.t.WeavingAdaptor$WeavingAdaptorMessageHolder@6a6afff2
14:10:33.812 [main] DEBUG org.aspectj.weaver.Dump - 14:10:33.812 main - o.a.w.Dump.shouldDumpOnExit abort
14:10:33.812 [main] DEBUG org.aspectj.weaver.Dump - 14:10:33.812 main < o.a.w.Dump.shouldDumpOnExit false
14:10:33.812 [main] DEBUG org.aspectj.weaver.Dump - 14:10:33.812 main < o.a.w.Dump.dumpOnExit Excluded
14:10:33.812 [main] DEBUG org.aspectj.weaver.loadtime.Aj - 14:10:33.812 main < o.a.w.l.Aj.preProcess byte[2512]
14:10:33.814 [main] DEBUG org.aspectj.weaver.loadtime.Aj - 14:10:33.813 main > o.a.w.l.Aj.preProcess o.a.w.l.Aj@b9afc07 org/junit/platform/engine/discovery/ClasspathRootSelector, byte[1686], j.i.l.ClassLoaders$AppClassLoader@3cd1a2f1
14:10:33.814 [main] DEBUG org.aspectj.weaver.loadtime.Aj - 14:10:33.814 main - o.a.w.l.Aj.preProcess o.a.w.l.Aj@b9afc07 j.i.l.ClassLoaders$PlatformClassLoader@1ad282e0, j.i.l.ClassLoaders$AppClassLoader@3cd1a2f1
14:10:33.814 [main] DEBUG o.a.weaver.tools.WeavingAdaptor - 14:10:33.814 main > o.a.w.t.WeavingAdaptor.weaveClass o.a.w.l.ClassLoaderWeavingAdaptor@140e5a13 org/junit/platform/engine/discovery/ClasspathRootSelector, byte[1686]
14:10:33.814 [main] DEBUG org.aspectj.weaver.bcel.BcelWeaver - 14:10:33.814 main > o.a.w.b.BcelWeaver.weave o.a.w.b.BcelWeaver@48524010 o.a.w.t.WeavingAdaptor$WeavingClassFileProvider@5b22d8a1
14:10:33.814 [main] DEBUG org.aspectj.weaver.bcel.BcelWeaver - 14:10:33.814 main > o.a.w.b.BcelWeaver.weaveAndNotify o.a.w.b.BcelWeaver@48524010 o.a.w.b.UnwovenClassFile@476ee5b3, o.a.w.b.BcelObjectType@59ed3e6c, o.a.w.t.WeavingAdaptor$WeavingClassFileProvider$1@7cd4a4d7
14:10:33.814 [main] DEBUG org.aspectj.weaver.bcel.BcelWorld - 14:10:33.814 main - o.a.w.b.BcelWorld.lookupJavaClass o.a.w.l.LTWWorld@2b4a2ec7 java.net.URI, o.a.a.b.c.JavaClass@723ca036
14:10:33.815 [main] DEBUG org.aspectj.weaver.bcel.BcelWeaver - 14:10:33.815 main < o.a.w.b.BcelWeaver.weaveAndNotify
14:10:33.815 [main] DEBUG org.aspectj.weaver.bcel.BcelWeaver - 14:10:33.815 main < o.a.w.b.BcelWeaver.weave java.util.ArrayList(1)
14:10:33.815 [main] DEBUG o.a.weaver.tools.WeavingAdaptor - 14:10:33.815 main < o.a.w.t.WeavingAdaptor.weaveClass byte[1686]
14:10:33.815 [main] DEBUG org.aspectj.weaver.Dump - 14:10:33.815 main > o.a.w.Dump.dumpOnExit o.a.w.t.WeavingAdaptor$WeavingAdaptorMessageHolder@6a6afff2
14:10:33.815 [main] DEBUG org.aspectj.weaver.Dump - 14:10:33.815 main > o.a.w.Dump.shouldDumpOnExit o.a.w.t.WeavingAdaptor$WeavingAdaptorMessageHolder@6a6afff2
14:10:33.815 [main] DEBUG org.aspectj.weaver.Dump - 14:10:33.815 main - o.a.w.Dump.shouldDumpOnExit abort
14:10:33.815 [main] DEBUG org.aspectj.weaver.Dump - 14:10:33.815 main < o.a.w.Dump.shouldDumpOnExit false
14:10:33.815 [main] DEBUG org.aspectj.weaver.Dump - 14:10:33.815 main < o.a.w.Dump.dumpOnExit Excluded
14:10:33.815 [main] DEBUG org.aspectj.weaver.loadtime.Aj - 14:10:33.815 main < o.a.w.l.Aj.preProcess byte[1686]
14:10:33.817 [main] DEBUG org.aspectj.weaver.loadtime.Aj - 14:10:33.817 main > o.a.w.l.Aj.preProcess o.a.w.l.Aj@b9afc07 org/junit/platform/commons/util/ReflectionUtils, byte[51355], j.i.l.ClassLoaders$AppClassLoader@3cd1a2f1
14:10:33.817 [main] DEBUG org.aspectj.weaver.loadtime.Aj - 14:10:33.817 main - o.a.w.l.Aj.preProcess o.a.w.l.Aj@b9afc07 j.i.l.ClassLoaders$PlatformClassLoader@1ad282e0, j.i.l.ClassLoaders$AppClassLoader@3cd1a2f1
14:10:33.817 [main] DEBUG o.a.weaver.tools.WeavingAdaptor - 14:10:33.817 main > o.a.w.t.WeavingAdaptor.weaveClass o.a.w.l.ClassLoaderWeavingAdaptor@140e5a13 org/junit/platform/commons/util/ReflectionUtils, byte[51355]
14:10:33.818 [main] DEBUG org.aspectj.weaver.bcel.BcelWeaver - 14:10:33.818 main > o.a.w.b.BcelWeaver.weave o.a.w.b.BcelWeaver@48524010 o.a.w.t.WeavingAdaptor$WeavingClassFileProvider@2dd2e270
14:10:33.818 [main] DEBUG org.aspectj.weaver.bcel.BcelWeaver - 14:10:33.818 main > o.a.w.b.BcelWeaver.weaveAndNotify o.a.w.b.BcelWeaver@48524010 o.a.w.b.UnwovenClassFile@4195105b, o.a.w.b.BcelObjectType@6f3e19b3, o.a.w.t.WeavingAdaptor$WeavingClassFileProvider$1@47ffe971
14:10:33.821 [main] DEBUG org.aspectj.weaver.bcel.BcelWorld - 14:10:33.821 main - o.a.w.b.BcelWorld.lookupJavaClass o.a.w.l.LTWWorld@2b4a2ec7 org.junit.platform.commons.function.Try, o.a.a.b.c.JavaClass@339a3670
14:10:33.825 [main] DEBUG org.aspectj.weaver.bcel.BcelWorld - 14:10:33.825 main - o.a.w.b.BcelWorld.lookupJavaClass o.a.w.l.LTWWorld@2b4a2ec7 org.junit.platform.commons.util.ClassFilter, o.a.a.b.c.JavaClass@10c07b8d
14:10:33.826 [main] DEBUG org.aspectj.weaver.bcel.BcelWorld - 14:10:33.826 main - o.a.w.b.BcelWorld.lookupJavaClass o.a.w.l.LTWWorld@2b4a2ec7 org.junit.platform.commons.util.ReflectionUtils$HierarchyTraversalMode, o.a.a.b.c.JavaClass@4edef76c
14:10:33.828 [main] DEBUG org.aspectj.weaver.bcel.BcelWorld - 14:10:33.828 main - o.a.w.b.BcelWorld.lookupJavaClass o.a.w.l.LTWWorld@2b4a2ec7 java.lang.reflect.AccessibleObject, o.a.a.b.c.JavaClass@5d51e129
14:10:33.828 [main] DEBUG org.aspectj.weaver.bcel.BcelWorld - 14:10:33.828 main - o.a.w.b.BcelWorld.lookupJavaClass o.a.w.l.LTWWorld@2b4a2ec7 java.lang.Throwable, o.a.a.b.c.JavaClass@5e600dd5
14:10:33.828 [main] DEBUG org.aspectj.weaver.bcel.BcelWorld - 14:10:33.828 main - o.a.w.b.BcelWorld.lookupJavaClass o.a.w.l.LTWWorld@2b4a2ec7 org.junit.platform.commons.JUnitException, o.a.a.b.c.JavaClass@6f19ac19
14:10:33.828 [main] DEBUG org.aspectj.weaver.bcel.BcelWeaver - 14:10:33.828 main < o.a.w.b.BcelWeaver.weaveAndNotify
14:10:33.828 [main] DEBUG org.aspectj.weaver.bcel.BcelWeaver - 14:10:33.828 main < o.a.w.b.BcelWeaver.weave java.util.ArrayList(1)
14:10:33.828 [main] DEBUG o.a.weaver.tools.WeavingAdaptor - 14:10:33.828 main < o.a.w.t.WeavingAdaptor.weaveClass byte[51355]
14:10:33.829 [main] DEBUG org.aspectj.weaver.Dump - 14:10:33.828 main > o.a.w.Dump.dumpOnExit o.a.w.t.WeavingAdaptor$WeavingAdaptorMessageHolder@6a6afff2
14:10:33.829 [main] DEBUG org.aspectj.weaver.Dump - 14:10:33.829 main > o.a.w.Dump.shouldDumpOnExit o.a.w.t.WeavingAdaptor$WeavingAdaptorMessageHolder@6a6afff2
14:10:33.829 [main] DEBUG org.aspectj.weaver.Dump - 14:10:33.829 main - o.a.w.Dump.shouldDumpOnExit abort
14:10:33.829 [main] DEBUG org.aspectj.weaver.Dump - 14:10:33.829 main < o.a.w.Dump.shouldDumpOnExit false
14:10:33.829 [main] DEBUG org.aspectj.weaver.Dump - 14:10:33.829 main < o.a.w.Dump.dumpOnExit Excluded
14:10:33.829 [main] DEBUG org.aspectj.weaver.loadtime.Aj - 14:10:33.829 main < o.a.w.l.Aj.preProcess byte[51355]
14:10:33.867 [main] DEBUG org.aspectj.weaver.loadtime.Aj - 14:10:33.867 main > o.a.w.l.Aj.preProcess o.a.w.l.Aj@b9afc07 org/junit/platform/commons/util/ClasspathScanner, byte[16106], j.i.l.ClassLoaders$AppClassLoader@3cd1a2f1
14:10:33.867 [main] DEBUG org.aspectj.weaver.loadtime.Aj - 14:10:33.867 main - o.a.w.l.Aj.preProcess o.a.w.l.Aj@b9afc07 j.i.l.ClassLoaders$PlatformClassLoader@1ad282e0, j.i.l.ClassLoaders$AppClassLoader@3cd1a2f1
14:10:33.867 [main] DEBUG o.a.weaver.tools.WeavingAdaptor - 14:10:33.867 main > o.a.w.t.WeavingAdaptor.weaveClass o.a.w.l.ClassLoaderWeavingAdaptor@140e5a13 org/junit/platform/commons/util/ClasspathScanner, byte[16106]
14:10:33.868 [main] DEBUG org.aspectj.weaver.bcel.BcelWeaver - 14:10:33.868 main > o.a.w.b.BcelWeaver.weave o.a.w.b.BcelWeaver@48524010 o.a.w.t.WeavingAdaptor$WeavingClassFileProvider@2a331b46
14:10:33.868 [main] DEBUG org.aspectj.weaver.bcel.BcelWeaver - 14:10:33.868 main > o.a.w.b.BcelWeaver.weaveAndNotify o.a.w.b.BcelWeaver@48524010 o.a.w.b.UnwovenClassFile@15383681, o.a.w.b.BcelObjectType@743e66f7, o.a.w.t.WeavingAdaptor$WeavingClassFileProvider$1@109a2025
14:10:33.869 [main] DEBUG org.aspectj.weaver.bcel.BcelWorld - 14:10:33.869 main - o.a.w.b.BcelWorld.lookupJavaClass o.a.w.l.LTWWorld@2b4a2ec7 java.lang.InternalError, o.a.a.b.c.JavaClass@761956ac
14:10:33.869 [main] DEBUG org.aspectj.weaver.bcel.BcelWeaver - 14:10:33.869 main < o.a.w.b.BcelWeaver.weaveAndNotify
14:10:33.869 [main] DEBUG org.aspectj.weaver.bcel.BcelWeaver - 14:10:33.869 main < o.a.w.b.BcelWeaver.weave java.util.ArrayList(1)
14:10:33.893 [main] DEBUG o.a.weaver.tools.WeavingAdaptor - 14:10:33.893 main < o.a.w.t.WeavingAdaptor.weaveClass byte[16106]
14:10:33.940 [main] DEBUG org.aspectj.weaver.Dump - 14:10:33.940 main > o.a.w.Dump.dumpOnExit o.a.w.t.WeavingAdaptor$WeavingAdaptorMessageHolder@6a6afff2
14:10:33.940 [main] DEBUG org.aspectj.weaver.Dump - 14:10:33.940 main > o.a.w.Dump.shouldDumpOnExit o.a.w.t.WeavingAdaptor$WeavingAdaptorMessageHolder@6a6afff2
14:10:33.940 [main] DEBUG org.aspectj.weaver.Dump - 14:10:33.940 main - o.a.w.Dump.shouldDumpOnExit abort
14:10:33.940 [main] DEBUG org.aspectj.weaver.Dump - 14:10:33.940 main < o.a.w.Dump.shouldDumpOnExit false
14:10:33.940 [main] DEBUG org.aspectj.weaver.Dump - 14:10:33.940 main < o.a.w.Dump.dumpOnExit Excluded
14:10:33.940 [main] DEBUG org.aspectj.weaver.loadtime.Aj - 14:10:33.940 main < o.a.w.l.Aj.preProcess byte[16106]
14:10:33.951 [main] DEBUG org.aspectj.weaver.loadtime.Aj - 14:10:33.951 main > o.a.w.l.Aj.preProcess o.a.w.l.Aj@b9afc07 org/junit/platform/commons/function/Try, byte[5599], j.i.l.ClassLoaders$AppClassLoader@3cd1a2f1
14:10:33.951 [main] DEBUG org.aspectj.weaver.loadtime.Aj - 14:10:33.951 main - o.a.w.l.Aj.preProcess o.a.w.l.Aj@b9afc07 j.i.l.ClassLoaders$PlatformClassLoader@1ad282e0, j.i.l.ClassLoaders$AppClassLoader@3cd1a2f1
14:10:33.951 [main] DEBUG o.a.weaver.tools.WeavingAdaptor - 14:10:33.951 main > o.a.w.t.WeavingAdaptor.weaveClass o.a.w.l.ClassLoaderWeavingAdaptor@140e5a13 org/junit/platform/commons/function/Try, byte[5599]
14:10:33.952 [main] DEBUG org.aspectj.weaver.bcel.BcelWeaver - 14:10:33.952 main > o.a.w.b.BcelWeaver.weave o.a.w.b.BcelWeaver@48524010 o.a.w.t.WeavingAdaptor$WeavingClassFileProvider@cf518cf
14:10:33.952 [main] DEBUG org.aspectj.weaver.bcel.BcelWeaver - 14:10:33.952 main > o.a.w.b.BcelWeaver.weaveAndNotify o.a.w.b.BcelWeaver@48524010 o.a.w.b.UnwovenClassFile@7915bca3, o.a.w.b.BcelObjectType@68d651f2, o.a.w.t.WeavingAdaptor$WeavingClassFileProvider$1@3ad4a7d6
14:10:33.953 [main] DEBUG org.aspectj.weaver.bcel.BcelWorld - 14:10:33.953 main - o.a.w.b.BcelWorld.lookupJavaClass o.a.w.l.LTWWorld@2b4a2ec7 java.util.concurrent.Callable, o.a.a.b.c.JavaClass@1e43e323
14:10:33.954 [main] DEBUG org.aspectj.weaver.bcel.BcelWeaver - 14:10:33.954 main < o.a.w.b.BcelWeaver.weaveAndNotify
14:10:33.954 [main] DEBUG org.aspectj.weaver.bcel.BcelWeaver - 14:10:33.954 main < o.a.w.b.BcelWeaver.weave java.util.ArrayList(1)
14:10:33.954 [main] DEBUG o.a.weaver.tools.WeavingAdaptor - 14:10:33.954 main < o.a.w.t.WeavingAdaptor.weaveClass byte[5599]
14:10:33.954 [main] DEBUG org.aspectj.weaver.Dump - 14:10:33.954 main > o.a.w.Dump.dumpOnExit o.a.w.t.WeavingAdaptor$WeavingAdaptorMessageHolder@6a6afff2
14:10:33.954 [main] DEBUG org.aspectj.weaver.Dump - 14:10:33.954 main > o.a.w.Dump.shouldDumpOnExit o.a.w.t.WeavingAdaptor$WeavingAdaptorMessageHolder@6a6afff2
14:10:33.954 [main] DEBUG org.aspectj.weaver.Dump - 14:10:33.954 main - o.a.w.Dump.shouldDumpOnExit abort
14:10:33.954 [main] DEBUG org.aspectj.weaver.Dump - 14:10:33.954 main < o.a.w.Dump.shouldDumpOnExit false
14:10:33.954 [main] DEBUG org.aspectj.weaver.Dump - 14:10:33.954 main < o.a.w.Dump.dumpOnExit Excluded
14:10:33.954 [main] DEBUG org.aspectj.weaver.loadtime.Aj - 14:10:33.954 main < o.a.w.l.Aj.preProcess byte[5599]
14:10:33.964 [main] DEBUG org.aspectj.weaver.loadtime.Aj - 14:10:33.964 main > o.a.w.l.Aj.preProcess o.a.w.l.Aj@b9afc07 org/junit/platform/commons/function/Try$Failure, byte[5682], j.i.l.ClassLoaders$AppClassLoader@3cd1a2f1
14:10:33.964 [main] DEBUG org.aspectj.weaver.loadtime.Aj - 14:10:33.964 main - o.a.w.l.Aj.preProcess o.a.w.l.Aj@b9afc07 j.i.l.ClassLoaders$PlatformClassLoader@1ad282e0, j.i.l.ClassLoaders$AppClassLoader@3cd1a2f1
14:10:33.964 [main] DEBUG o.a.weaver.tools.WeavingAdaptor - 14:10:33.964 main > o.a.w.t.WeavingAdaptor.weaveClass o.a.w.l.ClassLoaderWeavingAdaptor@140e5a13 org/junit/platform/commons/function/Try$Failure, byte[5682]
14:10:33.964 [main] DEBUG org.aspectj.weaver.bcel.BcelWeaver - 14:10:33.964 main > o.a.w.b.BcelWeaver.weave o.a.w.b.BcelWeaver@48524010 o.a.w.t.WeavingAdaptor$WeavingClassFileProvider@7a04fea7
14:10:33.964 [main] DEBUG org.aspectj.weaver.bcel.BcelWeaver - 14:10:33.964 main > o.a.w.b.BcelWeaver.weaveAndNotify o.a.w.b.BcelWeaver@48524010 o.a.w.b.UnwovenClassFile@1bc49bc5, o.a.w.b.BcelObjectType@7b6e5c12, o.a.w.t.WeavingAdaptor$WeavingClassFileProvider$1@4f66ffc8
14:10:33.966 [main] DEBUG org.aspectj.weaver.bcel.BcelWorld - 14:10:33.966 main - o.a.w.b.BcelWorld.lookupJavaClass o.a.w.l.LTWWorld@2b4a2ec7 org.junit.platform.commons.function.Try$Transformer, o.a.a.b.c.JavaClass@5c080ef3
14:10:33.966 [main] DEBUG org.aspectj.weaver.bcel.BcelWeaver - 14:10:33.966 main < o.a.w.b.BcelWeaver.weaveAndNotify
14:10:33.966 [main] DEBUG org.aspectj.weaver.bcel.BcelWeaver - 14:10:33.966 main < o.a.w.b.BcelWeaver.weave java.util.ArrayList(1)
14:10:33.966 [main] DEBUG o.a.weaver.tools.WeavingAdaptor - 14:10:33.966 main < o.a.w.t.WeavingAdaptor.weaveClass byte[5682]
14:10:33.966 [main] DEBUG org.aspectj.weaver.Dump - 14:10:33.966 main > o.a.w.Dump.dumpOnExit o.a.w.t.WeavingAdaptor$WeavingAdaptorMessageHolder@6a6afff2
14:10:33.967 [main] DEBUG org.aspectj.weaver.Dump - 14:10:33.966 main > o.a.w.Dump.shouldDumpOnExit o.a.w.t.WeavingAdaptor$WeavingAdaptorMessageHolder@6a6afff2
14:10:33.967 [main] DEBUG org.aspectj.weaver.Dump - 14:10:33.967 main - o.a.w.Dump.shouldDumpOnExit abort
14:10:33.967 [main] DEBUG org.aspectj.weaver.Dump - 14:10:33.967 main < o.a.w.Dump.shouldDumpOnExit false
14:10:33.967 [main] DEBUG org.aspectj.weaver.Dump - 14:10:33.967 main < o.a.w.Dump.dumpOnExit Excluded
14:10:33.967 [main] DEBUG org.aspectj.weaver.loadtime.Aj - 14:10:33.967 main < o.a.w.l.Aj.preProcess byte[5682]
14:10:33.968 [main] DEBUG org.aspectj.weaver.loadtime.Aj - 14:10:33.968 main > o.a.w.l.Aj.preProcess o.a.w.l.Aj@b9afc07 org/junit/platform/commons/function/Try$Success, byte[5986], j.i.l.ClassLoaders$AppClassLoader@3cd1a2f1
14:10:33.968 [main] DEBUG org.aspectj.weaver.loadtime.Aj - 14:10:33.968 main - o.a.w.l.Aj.preProcess o.a.w.l.Aj@b9afc07 j.i.l.ClassLoaders$PlatformClassLoader@1ad282e0, j.i.l.ClassLoaders$AppClassLoader@3cd1a2f1
14:10:33.968 [main] DEBUG o.a.weaver.tools.WeavingAdaptor - 14:10:33.968 main > o.a.w.t.WeavingAdaptor.weaveClass o.a.w.l.ClassLoaderWeavingAdaptor@140e5a13 org/junit/platform/commons/function/Try$Success, byte[5986]
14:10:33.969 [main] DEBUG org.aspectj.weaver.bcel.BcelWeaver - 14:10:33.969 main > o.a.w.b.BcelWeaver.weave o.a.w.b.BcelWeaver@48524010 o.a.w.t.WeavingAdaptor$WeavingClassFileProvider@37e0292a
14:10:33.969 [main] DEBUG org.aspectj.weaver.bcel.BcelWeaver - 14:10:33.969 main > o.a.w.b.BcelWeaver.weaveAndNotify o.a.w.b.BcelWeaver@48524010 o.a.w.b.UnwovenClassFile@4af70944, o.a.w.b.BcelObjectType@35267fd4, o.a.w.t.WeavingAdaptor$WeavingClassFileProvider$1@397ef2
14:10:33.969 [main] DEBUG org.aspectj.weaver.bcel.BcelWeaver - 14:10:33.969 main < o.a.w.b.BcelWeaver.weaveAndNotify
14:10:33.969 [main] DEBUG org.aspectj.weaver.bcel.BcelWeaver - 14:10:33.969 main < o.a.w.b.BcelWeaver.weave java.util.ArrayList(1)
14:10:33.969 [main] DEBUG o.a.weaver.tools.WeavingAdaptor - 14:10:33.969 main < o.a.w.t.WeavingAdaptor.weaveClass byte[5986]
14:10:33.969 [main] DEBUG org.aspectj.weaver.Dump - 14:10:33.969 main > o.a.w.Dump.dumpOnExit o.a.w.t.WeavingAdaptor$WeavingAdaptorMessageHolder@6a6afff2
14:10:33.969 [main] DEBUG org.aspectj.weaver.Dump - 14:10:33.969 main > o.a.w.Dump.shouldDumpOnExit o.a.w.t.WeavingAdaptor$WeavingAdaptorMessageHolder@6a6afff2
14:10:33.969 [main] DEBUG org.aspectj.weaver.Dump - 14:10:33.969 main - o.a.w.Dump.shouldDumpOnExit abort
14:10:33.969 [main] DEBUG org.aspectj.weaver.Dump - 14:10:33.969 main < o.a.w.Dump.shouldDumpOnExit false
14:10:33.969 [main] DEBUG org.aspectj.weaver.Dump - 14:10:33.969 main < o.a.w.Dump.dumpOnExit Excluded
14:10:33.969 [main] DEBUG org.aspectj.weaver.loadtime.Aj - 14:10:33.969 main < o.a.w.l.Aj.preProcess byte[5986]
14:10:33.988 [main] DEBUG org.aspectj.weaver.loadtime.Aj - 14:10:33.988 main > o.a.w.l.Aj.preProcess o.a.w.l.Aj@b9afc07 org/junit/platform/commons/util/ReflectionUtils$HierarchyTraversalMode, byte[1418], j.i.l.ClassLoaders$AppClassLoader@3cd1a2f1
14:10:33.988 [main] DEBUG org.aspectj.weaver.loadtime.Aj - 14:10:33.988 main - o.a.w.l.Aj.preProcess o.a.w.l.Aj@b9afc07 j.i.l.ClassLoaders$PlatformClassLoader@1ad282e0, j.i.l.ClassLoaders$AppClassLoader@3cd1a2f1
14:10:33.988 [main] DEBUG o.a.weaver.tools.WeavingAdaptor - 14:10:33.988 main > o.a.w.t.WeavingAdaptor.weaveClass o.a.w.l.ClassLoaderWeavingAdaptor@140e5a13 org/junit/platform/commons/util/ReflectionUtils$HierarchyTraversalMode, byte[1418]
14:10:33.989 [main] DEBUG org.aspectj.weaver.bcel.BcelWeaver - 14:10:33.989 main > o.a.w.b.BcelWeaver.weave o.a.w.b.BcelWeaver@48524010 o.a.w.t.WeavingAdaptor$WeavingClassFileProvider@42ea287
14:10:33.989 [main] DEBUG org.aspectj.weaver.bcel.BcelWeaver - 14:10:33.989 main > o.a.w.b.BcelWeaver.weaveAndNotify o.a.w.b.BcelWeaver@48524010 o.a.w.b.UnwovenClassFile@78cd163b, o.a.w.b.BcelObjectType@1f0b3cfe, o.a.w.t.WeavingAdaptor$WeavingClassFileProvider$1@14ef2482
14:10:33.995 [main] DEBUG org.aspectj.weaver.bcel.BcelWeaver - 14:10:33.995 main < o.a.w.b.BcelWeaver.weaveAndNotify
14:10:33.995 [main] DEBUG org.aspectj.weaver.bcel.BcelWeaver - 14:10:33.995 main < o.a.w.b.BcelWeaver.weave java.util.ArrayList(1)
14:10:33.995 [main] DEBUG o.a.weaver.tools.WeavingAdaptor - 14:10:33.995 main < o.a.w.t.WeavingAdaptor.weaveClass byte[1418]
14:10:33.995 [main] DEBUG org.aspectj.weaver.Dump - 14:10:33.995 main > o.a.w.Dump.dumpOnExit o.a.w.t.WeavingAdaptor$WeavingAdaptorMessageHolder@6a6afff2
14:10:33.995 [main] DEBUG org.aspectj.weaver.Dump - 14:10:33.995 main > o.a.w.Dump.shouldDumpOnExit o.a.w.t.WeavingAdaptor$WeavingAdaptorMessageHolder@6a6afff2
14:10:33.995 [main] DEBUG org.aspectj.weaver.Dump - 14:10:33.995 main - o.a.w.Dump.shouldDumpOnExit abort
14:10:33.995 [main] DEBUG org.aspectj.weaver.Dump - 14:10:33.995 main < o.a.w.Dump.shouldDumpOnExit false
14:10:33.995 [main] DEBUG org.aspectj.weaver.Dump - 14:10:33.995 main < o.a.w.Dump.dumpOnExit Excluded
14:10:33.995 [main] DEBUG org.aspectj.weaver.loadtime.Aj - 14:10:33.995 main < o.a.w.l.Aj.preProcess byte[1418]
14:10:34.004 [main] DEBUG org.aspectj.weaver.loadtime.Aj - 14:10:34.004 main > o.a.w.l.Aj.preProcess o.a.w.l.Aj@b9afc07 ru/gb/lesson4/TriangleExeption, byte[513], j.i.l.ClassLoaders$AppClassLoader@3cd1a2f1
14:10:34.004 [main] DEBUG org.aspectj.weaver.loadtime.Aj - 14:10:34.004 main - o.a.w.l.Aj.preProcess o.a.w.l.Aj@b9afc07 j.i.l.ClassLoaders$PlatformClassLoader@1ad282e0, j.i.l.ClassLoaders$AppClassLoader@3cd1a2f1
14:10:34.004 [main] DEBUG o.a.weaver.tools.WeavingAdaptor - 14:10:34.004 main > o.a.w.t.WeavingAdaptor.weaveClass o.a.w.l.ClassLoaderWeavingAdaptor@140e5a13 ru/gb/lesson4/TriangleExeption, byte[513]
14:10:34.004 [main] DEBUG org.aspectj.weaver.bcel.BcelWeaver - 14:10:34.004 main > o.a.w.b.BcelWeaver.weave o.a.w.b.BcelWeaver@48524010 o.a.w.t.WeavingAdaptor$WeavingClassFileProvider@1f11f64e
14:10:34.004 [main] DEBUG org.aspectj.weaver.bcel.BcelWeaver - 14:10:34.004 main > o.a.w.b.BcelWeaver.weaveAndNotify o.a.w.b.BcelWeaver@48524010 o.a.w.b.UnwovenClassFile@2b2f5fcf, o.a.w.b.BcelObjectType@858d8b4, o.a.w.t.WeavingAdaptor$WeavingClassFileProvider$1@711d1a52
14:10:34.005 [main] DEBUG org.aspectj.weaver.bcel.BcelWeaver - 14:10:34.005 main < o.a.w.b.BcelWeaver.weaveAndNotify
14:10:34.005 [main] DEBUG org.aspectj.weaver.bcel.BcelWeaver - 14:10:34.005 main < o.a.w.b.BcelWeaver.weave java.util.ArrayList(1)
14:10:34.005 [main] DEBUG o.a.weaver.tools.WeavingAdaptor - 14:10:34.005 main < o.a.w.t.WeavingAdaptor.weaveClass byte[513]
14:10:34.005 [main] DEBUG org.aspectj.weaver.Dump - 14:10:34.005 main > o.a.w.Dump.dumpOnExit o.a.w.t.WeavingAdaptor$WeavingAdaptorMessageHolder@6a6afff2
14:10:34.005 [main] DEBUG org.aspectj.weaver.Dump - 14:10:34.005 main > o.a.w.Dump.shouldDumpOnExit o.a.w.t.WeavingAdaptor$WeavingAdaptorMessageHolder@6a6afff2
14:10:34.005 [main] DEBUG org.aspectj.weaver.Dump - 14:10:34.005 main - o.a.w.Dump.shouldDumpOnExit abort
14:10:34.005 [main] DEBUG org.aspectj.weaver.Dump - 14:10:34.005 main < o.a.w.Dump.shouldDumpOnExit false
14:10:34.005 [main] DEBUG org.aspectj.weaver.Dump - 14:10:34.005 main < o.a.w.Dump.dumpOnExit Excluded
14:10:34.005 [main] DEBUG org.aspectj.weaver.loadtime.Aj - 14:10:34.005 main < o.a.w.l.Aj.preProcess byte[513]
14:10:34.016 [main] DEBUG org.aspectj.weaver.loadtime.Aj - 14:10:34.016 main > o.a.w.l.Aj.preProcess o.a.w.l.Aj@b9afc07 org/junit/platform/commons/util/AnnotationUtils, byte[18914], j.i.l.ClassLoaders$AppClassLoader@3cd1a2f1
14:10:34.016 [main] DEBUG org.aspectj.weaver.loadtime.Aj - 14:10:34.016 main - o.a.w.l.Aj.preProcess o.a.w.l.Aj@b9afc07 j.i.l.ClassLoaders$PlatformClassLoader@1ad282e0, j.i.l.ClassLoaders$AppClassLoader@3cd1a2f1
14:10:34.016 [main] DEBUG o.a.weaver.tools.WeavingAdaptor - 14:10:34.016 main > o.a.w.t.WeavingAdaptor.weaveClass o.a.w.l.ClassLoaderWeavingAdaptor@140e5a13 org/junit/platform/commons/util/AnnotationUtils, byte[18914]
14:10:34.017 [main] DEBUG org.aspectj.weaver.bcel.BcelWeaver - 14:10:34.017 main > o.a.w.b.BcelWeaver.weave o.a.w.b.BcelWeaver@48524010 o.a.w.t.WeavingAdaptor$WeavingClassFileProvider@36417a54
14:10:34.017 [main] DEBUG org.aspectj.weaver.bcel.BcelWeaver - 14:10:34.017 main > o.a.w.b.BcelWeaver.weaveAndNotify o.a.w.b.BcelWeaver@48524010 o.a.w.b.UnwovenClassFile@2b8bb184, o.a.w.b.BcelObjectType@472a11ae, o.a.w.t.WeavingAdaptor$WeavingClassFileProvider$1@dc79225
14:10:34.018 [main] DEBUG org.aspectj.weaver.bcel.BcelWorld - 14:10:34.018 main - o.a.w.b.BcelWorld.lookupJavaClass o.a.w.l.LTWWorld@2b4a2ec7 java.lang.reflect.Parameter, o.a.a.b.c.JavaClass@46185a1b
14:10:34.018 [main] DEBUG org.aspectj.weaver.bcel.BcelWorld - 14:10:34.018 main - o.a.w.b.BcelWorld.lookupJavaClass o.a.w.l.LTWWorld@2b4a2ec7 java.lang.reflect.AnnotatedElement, o.a.a.b.c.JavaClass@347bdeef
14:10:34.019 [main] DEBUG org.aspectj.weaver.bcel.BcelWorld - 14:10:34.019 main - o.a.w.b.BcelWorld.lookupJavaClass o.a.w.l.LTWWorld@2b4a2ec7 java.lang.annotation.Repeatable, o.a.a.b.c.JavaClass@51288417
14:10:34.020 [main] DEBUG org.aspectj.weaver.bcel.BcelWeaver - 14:10:34.020 main < o.a.w.b.BcelWeaver.weaveAndNotify
14:10:34.020 [main] DEBUG org.aspectj.weaver.bcel.BcelWeaver - 14:10:34.020 main < o.a.w.b.BcelWeaver.weave java.util.ArrayList(1)
14:10:34.020 [main] DEBUG o.a.weaver.tools.WeavingAdaptor - 14:10:34.020 main < o.a.w.t.WeavingAdaptor.weaveClass byte[18914]
14:10:34.020 [main] DEBUG org.aspectj.weaver.Dump - 14:10:34.020 main > o.a.w.Dump.dumpOnExit o.a.w.t.WeavingAdaptor$WeavingAdaptorMessageHolder@6a6afff2
14:10:34.020 [main] DEBUG org.aspectj.weaver.Dump - 14:10:34.020 main > o.a.w.Dump.shouldDumpOnExit o.a.w.t.WeavingAdaptor$WeavingAdaptorMessageHolder@6a6afff2
14:10:34.020 [main] DEBUG org.aspectj.weaver.Dump - 14:10:34.020 main - o.a.w.Dump.shouldDumpOnExit abort
14:10:34.020 [main] DEBUG org.aspectj.weaver.Dump - 14:10:34.020 main < o.a.w.Dump.shouldDumpOnExit false
14:10:34.020 [main] DEBUG org.aspectj.weaver.Dump - 14:10:34.020 main < o.a.w.Dump.dumpOnExit Excluded
14:10:34.020 [main] DEBUG org.aspectj.weaver.loadtime.Aj - 14:10:34.020 main < o.a.w.l.Aj.preProcess byte[18914]
14:10:34.234 [main] DEBUG org.aspectj.weaver.loadtime.Aj - 14:10:34.234 main > o.a.w.l.Aj.preProcess o.a.w.l.Aj@b9afc07 org/apiguardian/api/API, byte[739], j.i.l.ClassLoaders$AppClassLoader@3cd1a2f1
14:10:34.234 [main] DEBUG org.aspectj.weaver.loadtime.Aj - 14:10:34.234 main - o.a.w.l.Aj.preProcess o.a.w.l.Aj@b9afc07 j.i.l.ClassLoaders$PlatformClassLoader@1ad282e0, j.i.l.ClassLoaders$AppClassLoader@3cd1a2f1
14:10:34.234 [main] DEBUG o.a.weaver.tools.WeavingAdaptor - 14:10:34.234 main > o.a.w.t.WeavingAdaptor.weaveClass o.a.w.l.ClassLoaderWeavingAdaptor@140e5a13 org/apiguardian/api/API, byte[739]
14:10:34.234 [main] DEBUG org.aspectj.weaver.bcel.BcelWeaver - 14:10:34.234 main > o.a.w.b.BcelWeaver.weave o.a.w.b.BcelWeaver@48524010 o.a.w.t.WeavingAdaptor$WeavingClassFileProvider@6a472566
14:10:34.234 [main] DEBUG org.aspectj.weaver.bcel.BcelWeaver - 14:10:34.234 main > o.a.w.b.BcelWeaver.weaveAndNotify o.a.w.b.BcelWeaver@48524010 o.a.w.b.UnwovenClassFile@1907874b, o.a.w.b.BcelObjectType@5e65afb6, o.a.w.t.WeavingAdaptor$WeavingClassFileProvider$1@5b3a7ef5
14:10:34.235 [main] DEBUG org.aspectj.weaver.bcel.BcelWeaver - 14:10:34.235 main < o.a.w.b.BcelWeaver.weaveAndNotify
14:10:34.235 [main] DEBUG org.aspectj.weaver.bcel.BcelWeaver - 14:10:34.235 main < o.a.w.b.BcelWeaver.weave java.util.ArrayList(1)
14:10:34.235 [main] DEBUG o.a.weaver.tools.WeavingAdaptor - 14:10:34.235 main < o.a.w.t.WeavingAdaptor.weaveClass byte[739]
14:10:34.235 [main] DEBUG org.aspectj.weaver.Dump - 14:10:34.235 main > o.a.w.Dump.dumpOnExit o.a.w.t.WeavingAdaptor$WeavingAdaptorMessageHolder@6a6afff2
14:10:34.235 [main] DEBUG org.aspectj.weaver.Dump - 14:10:34.235 main > o.a.w.Dump.shouldDumpOnExit o.a.w.t.WeavingAdaptor$WeavingAdaptorMessageHolder@6a6afff2
14:10:34.235 [main] DEBUG org.aspectj.weaver.Dump - 14:10:34.235 main - o.a.w.Dump.shouldDumpOnExit abort
14:10:34.235 [main] DEBUG org.aspectj.weaver.Dump - 14:10:34.235 main < o.a.w.Dump.shouldDumpOnExit false
14:10:34.235 [main] DEBUG org.aspectj.weaver.Dump - 14:10:34.235 main < o.a.w.Dump.dumpOnExit Excluded
14:10:34.235 [main] DEBUG org.aspectj.weaver.loadtime.Aj - 14:10:34.235 main < o.a.w.l.Aj.preProcess byte[739]
14:10:34.236 [main] DEBUG org.aspectj.weaver.loadtime.Aj - 14:10:34.236 main > o.a.w.l.Aj.preProcess o.a.w.l.Aj@b9afc07 org/apiguardian/api/API$Status, byte[1237], j.i.l.ClassLoaders$AppClassLoader@3cd1a2f1
14:10:34.236 [main] DEBUG org.aspectj.weaver.loadtime.Aj - 14:10:34.236 main - o.a.w.l.Aj.preProcess o.a.w.l.Aj@b9afc07 j.i.l.ClassLoaders$PlatformClassLoader@1ad282e0, j.i.l.ClassLoaders$AppClassLoader@3cd1a2f1
14:10:34.236 [main] DEBUG o.a.weaver.tools.WeavingAdaptor - 14:10:34.236 main > o.a.w.t.WeavingAdaptor.weaveClass o.a.w.l.ClassLoaderWeavingAdaptor@140e5a13 org/apiguardian/api/API$Status, byte[1237]
14:10:34.236 [main] DEBUG org.aspectj.weaver.bcel.BcelWeaver - 14:10:34.236 main > o.a.w.b.BcelWeaver.weave o.a.w.b.BcelWeaver@48524010 o.a.w.t.WeavingAdaptor$WeavingClassFileProvider@767191b1
14:10:34.237 [main] DEBUG org.aspectj.weaver.bcel.BcelWeaver - 14:10:34.237 main > o.a.w.b.BcelWeaver.weaveAndNotify o.a.w.b.BcelWeaver@48524010 o.a.w.b.UnwovenClassFile@34d52ecd, o.a.w.b.BcelObjectType@5d21202d, o.a.w.t.WeavingAdaptor$WeavingClassFileProvider$1@14b789f6
14:10:34.237 [main] DEBUG org.aspectj.weaver.bcel.BcelWeaver - 14:10:34.237 main < o.a.w.b.BcelWeaver.weaveAndNotify
14:10:34.237 [main] DEBUG org.aspectj.weaver.bcel.BcelWeaver - 14:10:34.237 main < o.a.w.b.BcelWeaver.weave java.util.ArrayList(1)
14:10:34.237 [main] DEBUG o.a.weaver.tools.WeavingAdaptor - 14:10:34.237 main < o.a.w.t.WeavingAdaptor.weaveClass byte[1237]
14:10:34.237 [main] DEBUG org.aspectj.weaver.Dump - 14:10:34.237 main > o.a.w.Dump.dumpOnExit o.a.w.t.WeavingAdaptor$WeavingAdaptorMessageHolder@6a6afff2
14:10:34.238 [main] DEBUG org.aspectj.weaver.Dump - 14:10:34.237 main > o.a.w.Dump.shouldDumpOnExit o.a.w.t.WeavingAdaptor$WeavingAdaptorMessageHolder@6a6afff2
14:10:34.238 [main] DEBUG org.aspectj.weaver.Dump - 14:10:34.238 main - o.a.w.Dump.shouldDumpOnExit abort
14:10:34.238 [main] DEBUG org.aspectj.weaver.Dump - 14:10:34.238 main < o.a.w.Dump.shouldDumpOnExit false
14:10:34.238 [main] DEBUG org.aspectj.weaver.Dump - 14:10:34.238 main < o.a.w.Dump.dumpOnExit Excluded
14:10:34.238 [main] DEBUG org.aspectj.weaver.loadtime.Aj - 14:10:34.238 main < o.a.w.l.Aj.preProcess byte[1237]
14:10:34.250 [main] DEBUG org.aspectj.weaver.loadtime.Aj - 14:10:34.250 main > o.a.w.l.Aj.preProcess o.a.w.l.Aj@b9afc07 jdk/proxy2/$Proxy3, byte[3031], j.i.l.ClassLoaders$AppClassLoader@3cd1a2f1
14:10:34.250 [main] DEBUG org.aspectj.weaver.loadtime.Aj - 14:10:34.250 main - o.a.w.l.Aj.preProcess o.a.w.l.Aj@b9afc07 j.i.l.ClassLoaders$PlatformClassLoader@1ad282e0, j.i.l.ClassLoaders$AppClassLoader@3cd1a2f1
14:10:34.250 [main] DEBUG o.a.weaver.tools.WeavingAdaptor - 14:10:34.250 main > o.a.w.t.WeavingAdaptor.weaveClass o.a.w.l.ClassLoaderWeavingAdaptor@140e5a13 jdk/proxy2/$Proxy3, byte[3031]
14:10:34.251 [main] DEBUG org.aspectj.weaver.bcel.BcelWeaver - 14:10:34.251 main > o.a.w.b.BcelWeaver.weave o.a.w.b.BcelWeaver@48524010 o.a.w.t.WeavingAdaptor$WeavingClassFileProvider@2f37f1f9
14:10:34.252 [main] DEBUG org.aspectj.weaver.bcel.BcelWorld - 14:10:34.252 main - o.a.w.b.BcelWorld.lookupJavaClass o.a.w.l.LTWWorld@2b4a2ec7 java.lang.reflect.Proxy, o.a.a.b.c.JavaClass@3374b5bc
14:10:34.252 [main] DEBUG org.aspectj.weaver.bcel.BcelWeaver - 14:10:34.252 main > o.a.w.b.BcelWeaver.weaveAndNotify o.a.w.b.BcelWeaver@48524010 o.a.w.b.UnwovenClassFile@2af69643, o.a.w.b.BcelObjectType@587a1cfb, o.a.w.t.WeavingAdaptor$WeavingClassFileProvider$1@48528634
14:10:34.255 [main] DEBUG org.aspectj.weaver.bcel.BcelWorld - 14:10:34.255 main - o.a.w.b.BcelWorld.lookupJavaClass o.a.w.l.LTWWorld@2b4a2ec7 java.lang.invoke.MethodHandles$Lookup, o.a.a.b.c.JavaClass@4a734c04
14:10:34.255 [main] DEBUG org.aspectj.weaver.bcel.BcelWeaver - 14:10:34.255 main < o.a.w.b.BcelWeaver.weaveAndNotify
14:10:34.255 [main] DEBUG org.aspectj.weaver.bcel.BcelWeaver - 14:10:34.255 main < o.a.w.b.BcelWeaver.weave java.util.ArrayList(1)
14:10:34.255 [main] DEBUG o.a.weaver.tools.WeavingAdaptor - 14:10:34.255 main < o.a.w.t.WeavingAdaptor.weaveClass byte[3031]
14:10:34.256 [main] DEBUG org.aspectj.weaver.Dump - 14:10:34.255 main > o.a.w.Dump.dumpOnExit o.a.w.t.WeavingAdaptor$WeavingAdaptorMessageHolder@6a6afff2
14:10:34.256 [main] DEBUG org.aspectj.weaver.Dump - 14:10:34.256 main > o.a.w.Dump.shouldDumpOnExit o.a.w.t.WeavingAdaptor$WeavingAdaptorMessageHolder@6a6afff2
14:10:34.256 [main] DEBUG org.aspectj.weaver.Dump - 14:10:34.256 main - o.a.w.Dump.shouldDumpOnExit abort
14:10:34.256 [main] DEBUG org.aspectj.weaver.Dump - 14:10:34.256 main < o.a.w.Dump.shouldDumpOnExit false
14:10:34.256 [main] DEBUG org.aspectj.weaver.Dump - 14:10:34.256 main < o.a.w.Dump.dumpOnExit Excluded
14:10:34.256 [main] DEBUG org.aspectj.weaver.loadtime.Aj - 14:10:34.256 main < o.a.w.l.Aj.preProcess byte[3031]
14:10:34.259 [main] DEBUG org.aspectj.weaver.loadtime.Aj - 14:10:34.259 main > o.a.w.l.Aj.preProcess o.a.w.l.Aj@b9afc07 org/junit/platform/commons/annotation/Testable, byte[610], j.i.l.ClassLoaders$AppClassLoader@3cd1a2f1
14:10:34.259 [main] DEBUG org.aspectj.weaver.loadtime.Aj - 14:10:34.259 main - o.a.w.l.Aj.preProcess o.a.w.l.Aj@b9afc07 j.i.l.ClassLoaders$PlatformClassLoader@1ad282e0, j.i.l.ClassLoaders$AppClassLoader@3cd1a2f1
14:10:34.259 [main] DEBUG o.a.weaver.tools.WeavingAdaptor - 14:10:34.259 main > o.a.w.t.WeavingAdaptor.weaveClass o.a.w.l.ClassLoaderWeavingAdaptor@140e5a13 org/junit/platform/commons/annotation/Testable, byte[610]
14:10:34.259 [main] DEBUG org.aspectj.weaver.bcel.BcelWeaver - 14:10:34.259 main > o.a.w.b.BcelWeaver.weave o.a.w.b.BcelWeaver@48524010 o.a.w.t.WeavingAdaptor$WeavingClassFileProvider@658255aa
14:10:34.260 [main] DEBUG org.aspectj.weaver.bcel.BcelWeaver - 14:10:34.259 main > o.a.w.b.BcelWeaver.weaveAndNotify o.a.w.b.BcelWeaver@48524010 o.a.w.b.UnwovenClassFile@25290bca, o.a.w.b.BcelObjectType@76563d26, o.a.w.t.WeavingAdaptor$WeavingClassFileProvider$1@4ac86d6a
14:10:34.260 [main] DEBUG org.aspectj.weaver.bcel.BcelWeaver - 14:10:34.260 main < o.a.w.b.BcelWeaver.weaveAndNotify
14:10:34.260 [main] DEBUG org.aspectj.weaver.bcel.BcelWeaver - 14:10:34.260 main < o.a.w.b.BcelWeaver.weave java.util.ArrayList(1)
14:10:34.260 [main] DEBUG o.a.weaver.tools.WeavingAdaptor - 14:10:34.260 main < o.a.w.t.WeavingAdaptor.weaveClass byte[610]
14:10:34.260 [main] DEBUG org.aspectj.weaver.Dump - 14:10:34.260 main > o.a.w.Dump.dumpOnExit o.a.w.t.WeavingAdaptor$WeavingAdaptorMessageHolder@6a6afff2
14:10:34.260 [main] DEBUG org.aspectj.weaver.Dump - 14:10:34.260 main > o.a.w.Dump.shouldDumpOnExit o.a.w.t.WeavingAdaptor$WeavingAdaptorMessageHolder@6a6afff2
14:10:34.260 [main] DEBUG org.aspectj.weaver.Dump - 14:10:34.260 main - o.a.w.Dump.shouldDumpOnExit abort
14:10:34.260 [main] DEBUG org.aspectj.weaver.Dump - 14:10:34.260 main < o.a.w.Dump.shouldDumpOnExit false
14:10:34.260 [main] DEBUG org.aspectj.weaver.Dump - 14:10:34.260 main < o.a.w.Dump.dumpOnExit Excluded
14:10:34.260 [main] DEBUG org.aspectj.weaver.loadtime.Aj - 14:10:34.260 main < o.a.w.l.Aj.preProcess byte[610]
14:10:34.265 [main] DEBUG org.aspectj.weaver.loadtime.Aj - 14:10:34.265 main > o.a.w.l.Aj.preProcess o.a.w.l.Aj@b9afc07 jdk/proxy2/$Proxy5, byte[2512], j.i.l.ClassLoaders$AppClassLoader@3cd1a2f1
14:10:34.265 [main] DEBUG org.aspectj.weaver.loadtime.Aj - 14:10:34.265 main - o.a.w.l.Aj.preProcess o.a.w.l.Aj@b9afc07 j.i.l.ClassLoaders$PlatformClassLoader@1ad282e0, j.i.l.ClassLoaders$AppClassLoader@3cd1a2f1
14:10:34.265 [main] DEBUG o.a.weaver.tools.WeavingAdaptor - 14:10:34.265 main > o.a.w.t.WeavingAdaptor.weaveClass o.a.w.l.ClassLoaderWeavingAdaptor@140e5a13 jdk/proxy2/$Proxy5, byte[2512]
14:10:34.266 [main] DEBUG org.aspectj.weaver.bcel.BcelWeaver - 14:10:34.266 main > o.a.w.b.BcelWeaver.weave o.a.w.b.BcelWeaver@48524010 o.a.w.t.WeavingAdaptor$WeavingClassFileProvider@1e58512c
14:10:34.266 [main] DEBUG org.aspectj.weaver.bcel.BcelWeaver - 14:10:34.266 main > o.a.w.b.BcelWeaver.weaveAndNotify o.a.w.b.BcelWeaver@48524010 o.a.w.b.UnwovenClassFile@210308d5, o.a.w.b.BcelObjectType@22a736d7, o.a.w.t.WeavingAdaptor$WeavingClassFileProvider$1@23b8d9f3
14:10:34.266 [main] DEBUG org.aspectj.weaver.bcel.BcelWeaver - 14:10:34.266 main < o.a.w.b.BcelWeaver.weaveAndNotify
14:10:34.266 [main] DEBUG org.aspectj.weaver.bcel.BcelWeaver - 14:10:34.266 main < o.a.w.b.BcelWeaver.weave java.util.ArrayList(1)
14:10:34.267 [main] DEBUG o.a.weaver.tools.WeavingAdaptor - 14:10:34.266 main < o.a.w.t.WeavingAdaptor.weaveClass byte[2512]
14:10:34.267 [main] DEBUG org.aspectj.weaver.Dump - 14:10:34.267 main > o.a.w.Dump.dumpOnExit o.a.w.t.WeavingAdaptor$WeavingAdaptorMessageHolder@6a6afff2
14:10:34.267 [main] DEBUG org.aspectj.weaver.Dump - 14:10:34.267 main > o.a.w.Dump.shouldDumpOnExit o.a.w.t.WeavingAdaptor$WeavingAdaptorMessageHolder@6a6afff2
14:10:34.267 [main] DEBUG org.aspectj.weaver.Dump - 14:10:34.267 main - o.a.w.Dump.shouldDumpOnExit abort
14:10:34.267 [main] DEBUG org.aspectj.weaver.Dump - 14:10:34.267 main < o.a.w.Dump.shouldDumpOnExit false
14:10:34.267 [main] DEBUG org.aspectj.weaver.Dump - 14:10:34.267 main < o.a.w.Dump.dumpOnExit Excluded
14:10:34.267 [main] DEBUG org.aspectj.weaver.loadtime.Aj - 14:10:34.267 main < o.a.w.l.Aj.preProcess byte[2512]
14:10:34.270 [main] DEBUG org.aspectj.weaver.loadtime.Aj - 14:10:34.270 main > o.a.w.l.Aj.preProcess o.a.w.l.Aj@b9afc07 jdk/proxy2/$Proxy6, byte[2472], j.i.l.ClassLoaders$AppClassLoader@3cd1a2f1
14:10:34.270 [main] DEBUG org.aspectj.weaver.loadtime.Aj - 14:10:34.270 main - o.a.w.l.Aj.preProcess o.a.w.l.Aj@b9afc07 j.i.l.ClassLoaders$PlatformClassLoader@1ad282e0, j.i.l.ClassLoaders$AppClassLoader@3cd1a2f1
14:10:34.270 [main] DEBUG o.a.weaver.tools.WeavingAdaptor - 14:10:34.270 main > o.a.w.t.WeavingAdaptor.weaveClass o.a.w.l.ClassLoaderWeavingAdaptor@140e5a13 jdk/proxy2/$Proxy6, byte[2472]
14:10:34.271 [main] DEBUG org.aspectj.weaver.bcel.BcelWeaver - 14:10:34.271 main > o.a.w.b.BcelWeaver.weave o.a.w.b.BcelWeaver@48524010 o.a.w.t.WeavingAdaptor$WeavingClassFileProvider@7b6860f9
14:10:34.271 [main] DEBUG org.aspectj.weaver.bcel.BcelWeaver - 14:10:34.271 main > o.a.w.b.BcelWeaver.weaveAndNotify o.a.w.b.BcelWeaver@48524010 o.a.w.b.UnwovenClassFile@60f70249, o.a.w.b.BcelObjectType@31ee2fdb, o.a.w.t.WeavingAdaptor$WeavingClassFileProvider$1@262816a8
14:10:34.272 [main] DEBUG org.aspectj.weaver.bcel.BcelWeaver - 14:10:34.272 main < o.a.w.b.BcelWeaver.weaveAndNotify
14:10:34.272 [main] DEBUG org.aspectj.weaver.bcel.BcelWeaver - 14:10:34.272 main < o.a.w.b.BcelWeaver.weave java.util.ArrayList(1)
14:10:34.272 [main] DEBUG o.a.weaver.tools.WeavingAdaptor - 14:10:34.272 main < o.a.w.t.WeavingAdaptor.weaveClass byte[2472]
14:10:34.272 [main] DEBUG org.aspectj.weaver.Dump - 14:10:34.272 main > o.a.w.Dump.dumpOnExit o.a.w.t.WeavingAdaptor$WeavingAdaptorMessageHolder@6a6afff2
14:10:34.272 [main] DEBUG org.aspectj.weaver.Dump - 14:10:34.272 main > o.a.w.Dump.shouldDumpOnExit o.a.w.t.WeavingAdaptor$WeavingAdaptorMessageHolder@6a6afff2
14:10:34.272 [main] DEBUG org.aspectj.weaver.Dump - 14:10:34.272 main - o.a.w.Dump.shouldDumpOnExit abort
14:10:34.272 [main] DEBUG org.aspectj.weaver.Dump - 14:10:34.272 main < o.a.w.Dump.shouldDumpOnExit false
14:10:34.272 [main] DEBUG org.aspectj.weaver.Dump - 14:10:34.272 main < o.a.w.Dump.dumpOnExit Excluded
14:10:34.272 [main] DEBUG org.aspectj.weaver.loadtime.Aj - 14:10:34.272 main < o.a.w.l.Aj.preProcess byte[2472]
14:10:34.275 [main] DEBUG org.aspectj.weaver.loadtime.Aj - 14:10:34.275 main > o.a.w.l.Aj.preProcess o.a.w.l.Aj@b9afc07 org/junit/jupiter/api/DisplayName, byte[696], j.i.l.ClassLoaders$AppClassLoader@3cd1a2f1
14:10:34.275 [main] DEBUG org.aspectj.weaver.loadtime.Aj - 14:10:34.275 main - o.a.w.l.Aj.preProcess o.a.w.l.Aj@b9afc07 j.i.l.ClassLoaders$PlatformClassLoader@1ad282e0, j.i.l.ClassLoaders$AppClassLoader@3cd1a2f1
14:10:34.275 [main] DEBUG o.a.weaver.tools.WeavingAdaptor - 14:10:34.275 main > o.a.w.t.WeavingAdaptor.weaveClass o.a.w.l.ClassLoaderWeavingAdaptor@140e5a13 org/junit/jupiter/api/DisplayName, byte[696]
14:10:34.276 [main] DEBUG org.aspectj.weaver.bcel.BcelWeaver - 14:10:34.276 main > o.a.w.b.BcelWeaver.weave o.a.w.b.BcelWeaver@48524010 o.a.w.t.WeavingAdaptor$WeavingClassFileProvider@2643d762
14:10:34.276 [main] DEBUG org.aspectj.weaver.bcel.BcelWeaver - 14:10:34.276 main > o.a.w.b.BcelWeaver.weaveAndNotify o.a.w.b.BcelWeaver@48524010 o.a.w.b.UnwovenClassFile@6403e24c, o.a.w.b.BcelObjectType@2f236de0, o.a.w.t.WeavingAdaptor$WeavingClassFileProvider$1@4eba373c
14:10:34.276 [main] DEBUG org.aspectj.weaver.bcel.BcelWeaver - 14:10:34.276 main < o.a.w.b.BcelWeaver.weaveAndNotify
14:10:34.276 [main] DEBUG org.aspectj.weaver.bcel.BcelWeaver - 14:10:34.276 main < o.a.w.b.BcelWeaver.weave java.util.ArrayList(1)
14:10:34.276 [main] DEBUG o.a.weaver.tools.WeavingAdaptor - 14:10:34.276 main < o.a.w.t.WeavingAdaptor.weaveClass byte[696]
14:10:34.276 [main] DEBUG org.aspectj.weaver.Dump - 14:10:34.276 main > o.a.w.Dump.dumpOnExit o.a.w.t.WeavingAdaptor$WeavingAdaptorMessageHolder@6a6afff2
14:10:34.276 [main] DEBUG org.aspectj.weaver.Dump - 14:10:34.276 main > o.a.w.Dump.shouldDumpOnExit o.a.w.t.WeavingAdaptor$WeavingAdaptorMessageHolder@6a6afff2
14:10:34.277 [main] DEBUG org.aspectj.weaver.Dump - 14:10:34.276 main - o.a.w.Dump.shouldDumpOnExit abort
14:10:34.277 [main] DEBUG org.aspectj.weaver.Dump - 14:10:34.277 main < o.a.w.Dump.shouldDumpOnExit false
14:10:34.277 [main] DEBUG org.aspectj.weaver.Dump - 14:10:34.277 main < o.a.w.Dump.dumpOnExit Excluded
14:10:34.277 [main] DEBUG org.aspectj.weaver.loadtime.Aj - 14:10:34.277 main < o.a.w.l.Aj.preProcess byte[696]
14:10:34.279 [main] DEBUG org.aspectj.weaver.loadtime.Aj - 14:10:34.279 main > o.a.w.l.Aj.preProcess o.a.w.l.Aj@b9afc07 jdk/proxy2/$Proxy7, byte[2632], j.i.l.ClassLoaders$AppClassLoader@3cd1a2f1
14:10:34.279 [main] DEBUG org.aspectj.weaver.loadtime.Aj - 14:10:34.279 main - o.a.w.l.Aj.preProcess o.a.w.l.Aj@b9afc07 j.i.l.ClassLoaders$PlatformClassLoader@1ad282e0, j.i.l.ClassLoaders$AppClassLoader@3cd1a2f1
14:10:34.279 [main] DEBUG o.a.weaver.tools.WeavingAdaptor - 14:10:34.279 main > o.a.w.t.WeavingAdaptor.weaveClass o.a.w.l.ClassLoaderWeavingAdaptor@140e5a13 jdk/proxy2/$Proxy7, byte[2632]
14:10:34.279 [main] DEBUG org.aspectj.weaver.bcel.BcelWeaver - 14:10:34.279 main > o.a.w.b.BcelWeaver.weave o.a.w.b.BcelWeaver@48524010 o.a.w.t.WeavingAdaptor$WeavingClassFileProvider@3968bc60
14:10:34.280 [main] DEBUG org.aspectj.weaver.bcel.BcelWeaver - 14:10:34.280 main > o.a.w.b.BcelWeaver.weaveAndNotify o.a.w.b.BcelWeaver@48524010 o.a.w.b.UnwovenClassFile@26f46fa6, o.a.w.b.BcelObjectType@227a47, o.a.w.t.WeavingAdaptor$WeavingClassFileProvider$1@9596ce8
14:10:34.280 [main] DEBUG org.aspectj.weaver.bcel.BcelWeaver - 14:10:34.280 main < o.a.w.b.BcelWeaver.weaveAndNotify
14:10:34.280 [main] DEBUG org.aspectj.weaver.bcel.BcelWeaver - 14:10:34.280 main < o.a.w.b.BcelWeaver.weave java.util.ArrayList(1)
14:10:34.280 [main] DEBUG o.a.weaver.tools.WeavingAdaptor - 14:10:34.280 main < o.a.w.t.WeavingAdaptor.weaveClass byte[2632]
14:10:34.280 [main] DEBUG org.aspectj.weaver.Dump - 14:10:34.280 main > o.a.w.Dump.dumpOnExit o.a.w.t.WeavingAdaptor$WeavingAdaptorMessageHolder@6a6afff2
14:10:34.281 [main] DEBUG org.aspectj.weaver.Dump - 14:10:34.280 main > o.a.w.Dump.shouldDumpOnExit o.a.w.t.WeavingAdaptor$WeavingAdaptorMessageHolder@6a6afff2
14:10:34.281 [main] DEBUG org.aspectj.weaver.Dump - 14:10:34.281 main - o.a.w.Dump.shouldDumpOnExit abort
14:10:34.281 [main] DEBUG org.aspectj.weaver.Dump - 14:10:34.281 main < o.a.w.Dump.shouldDumpOnExit false
14:10:34.281 [main] DEBUG org.aspectj.weaver.Dump - 14:10:34.281 main < o.a.w.Dump.dumpOnExit Excluded
14:10:34.281 [main] DEBUG org.aspectj.weaver.loadtime.Aj - 14:10:34.281 main < o.a.w.l.Aj.preProcess byte[2632]
14:10:34.284 [main] DEBUG org.aspectj.weaver.loadtime.Aj - 14:10:34.284 main > o.a.w.l.Aj.preProcess o.a.w.l.Aj@b9afc07 org/junit/jupiter/engine/descriptor/ClassTestDescriptor, byte[4645], j.i.l.ClassLoaders$AppClassLoader@3cd1a2f1
14:10:34.284 [main] DEBUG org.aspectj.weaver.loadtime.Aj - 14:10:34.284 main - o.a.w.l.Aj.preProcess o.a.w.l.Aj@b9afc07 j.i.l.ClassLoaders$PlatformClassLoader@1ad282e0, j.i.l.ClassLoaders$AppClassLoader@3cd1a2f1
14:10:34.284 [main] DEBUG o.a.weaver.tools.WeavingAdaptor - 14:10:34.284 main > o.a.w.t.WeavingAdaptor.weaveClass o.a.w.l.ClassLoaderWeavingAdaptor@140e5a13 org/junit/jupiter/engine/descriptor/ClassTestDescriptor, byte[4645]
14:10:34.285 [main] DEBUG org.aspectj.weaver.bcel.BcelWeaver - 14:10:34.285 main > o.a.w.b.BcelWeaver.weave o.a.w.b.BcelWeaver@48524010 o.a.w.t.WeavingAdaptor$WeavingClassFileProvider@3c5dbdf8
14:10:34.285 [main] DEBUG org.aspectj.weaver.bcel.BcelWeaver - 14:10:34.285 main > o.a.w.b.BcelWeaver.weaveAndNotify o.a.w.b.BcelWeaver@48524010 o.a.w.b.UnwovenClassFile@352c44a8, o.a.w.b.BcelObjectType@7aac8884, o.a.w.t.WeavingAdaptor$WeavingClassFileProvider$1@a66e580
14:10:34.287 [main] DEBUG org.aspectj.weaver.bcel.BcelWorld - 14:10:34.287 main - o.a.w.b.BcelWorld.lookupJavaClass o.a.w.l.LTWWorld@2b4a2ec7 org.junit.jupiter.engine.descriptor.JupiterTestDescriptor, o.a.a.b.c.JavaClass@122d6c22
14:10:34.289 [main] DEBUG org.aspectj.weaver.bcel.BcelWorld - 14:10:34.289 main - o.a.w.b.BcelWorld.lookupJavaClass o.a.w.l.LTWWorld@2b4a2ec7 org.junit.jupiter.engine.extension.ExtensionRegistry, o.a.a.b.c.JavaClass@71a06021
14:10:34.290 [main] DEBUG org.aspectj.weaver.bcel.BcelWorld - 14:10:34.290 main - o.a.w.b.BcelWorld.lookupJavaClass o.a.w.l.LTWWorld@2b4a2ec7 org.junit.jupiter.engine.extension.ExtensionRegistrar, o.a.a.b.c.JavaClass@4c6007fb
14:10:34.291 [main] DEBUG org.aspectj.weaver.bcel.BcelWorld - 14:10:34.291 main - o.a.w.b.BcelWorld.lookupJavaClass o.a.w.l.LTWWorld@2b4a2ec7 org.junit.platform.engine.support.hierarchical.ThrowableCollector, o.a.a.b.c.JavaClass@623dcf2a
14:10:34.292 [main] DEBUG org.aspectj.weaver.bcel.BcelWeaver - 14:10:34.292 main < o.a.w.b.BcelWeaver.weaveAndNotify
14:10:34.292 [main] DEBUG org.aspectj.weaver.bcel.BcelWeaver - 14:10:34.292 main < o.a.w.b.BcelWeaver.weave java.util.ArrayList(1)
14:10:34.292 [main] DEBUG o.a.weaver.tools.WeavingAdaptor - 14:10:34.292 main < o.a.w.t.WeavingAdaptor.weaveClass byte[4645]
14:10:34.292 [main] DEBUG org.aspectj.weaver.Dump - 14:10:34.292 main > o.a.w.Dump.dumpOnExit o.a.w.t.WeavingAdaptor$WeavingAdaptorMessageHolder@6a6afff2
14:10:34.292 [main] DEBUG org.aspectj.weaver.Dump - 14:10:34.292 main > o.a.w.Dump.shouldDumpOnExit o.a.w.t.WeavingAdaptor$WeavingAdaptorMessageHolder@6a6afff2
14:10:34.292 [main] DEBUG org.aspectj.weaver.Dump - 14:10:34.292 main - o.a.w.Dump.shouldDumpOnExit abort
14:10:34.292 [main] DEBUG org.aspectj.weaver.Dump - 14:10:34.292 main < o.a.w.Dump.shouldDumpOnExit false
14:10:34.292 [main] DEBUG org.aspectj.weaver.Dump - 14:10:34.292 main < o.a.w.Dump.dumpOnExit Excluded
14:10:34.292 [main] DEBUG org.aspectj.weaver.loadtime.Aj - 14:10:34.292 main < o.a.w.l.Aj.preProcess byte[4645]
14:10:34.294 [main] DEBUG org.aspectj.weaver.loadtime.Aj - 14:10:34.294 main > o.a.w.l.Aj.preProcess o.a.w.l.Aj@b9afc07 org/junit/jupiter/engine/descriptor/ClassBasedTestDescriptor, byte[43782], j.i.l.ClassLoaders$AppClassLoader@3cd1a2f1
14:10:34.294 [main] DEBUG org.aspectj.weaver.loadtime.Aj - 14:10:34.294 main - o.a.w.l.Aj.preProcess o.a.w.l.Aj@b9afc07 j.i.l.ClassLoaders$PlatformClassLoader@1ad282e0, j.i.l.ClassLoaders$AppClassLoader@3cd1a2f1
14:10:34.294 [main] DEBUG o.a.weaver.tools.WeavingAdaptor - 14:10:34.294 main > o.a.w.t.WeavingAdaptor.weaveClass o.a.w.l.ClassLoaderWeavingAdaptor@140e5a13 org/junit/jupiter/engine/descriptor/ClassBasedTestDescriptor, byte[43782]
14:10:34.295 [main] DEBUG org.aspectj.weaver.bcel.BcelWeaver - 14:10:34.295 main > o.a.w.b.BcelWeaver.weave o.a.w.b.BcelWeaver@48524010 o.a.w.t.WeavingAdaptor$WeavingClassFileProvider@646c0a67
14:10:34.295 [main] DEBUG org.aspectj.weaver.bcel.BcelWeaver - 14:10:34.295 main > o.a.w.b.BcelWeaver.weaveAndNotify o.a.w.b.BcelWeaver@48524010 o.a.w.b.UnwovenClassFile@3804a9a8, o.a.w.b.BcelObjectType@117525fe, o.a.w.t.WeavingAdaptor$WeavingClassFileProvider$1@5f7989fa
14:10:34.297 [main] DEBUG org.aspectj.weaver.bcel.BcelWorld - 14:10:34.297 main - o.a.w.b.BcelWorld.lookupJavaClass o.a.w.l.LTWWorld@2b4a2ec7 org.junit.jupiter.api.extension.TestInstanceFactory, o.a.a.b.c.JavaClass@6dd1c3ed
14:10:34.298 [main] DEBUG org.aspectj.weaver.bcel.BcelWorld - 14:10:34.298 main - o.a.w.b.BcelWorld.lookupJavaClass o.a.w.l.LTWWorld@2b4a2ec7 org.junit.jupiter.engine.descriptor.ClassExtensionContext, o.a.a.b.c.JavaClass@e57e5d6
14:10:34.299 [main] DEBUG org.aspectj.weaver.bcel.BcelWorld - 14:10:34.299 main - o.a.w.b.BcelWorld.lookupJavaClass o.a.w.l.LTWWorld@2b4a2ec7 org.junit.jupiter.engine.execution.TestInstancesProvider, o.a.a.b.c.JavaClass@cb7fa71
14:10:34.300 [main] DEBUG org.aspectj.weaver.bcel.BcelWorld - 14:10:34.300 main - o.a.w.b.BcelWorld.lookupJavaClass o.a.w.l.LTWWorld@2b4a2ec7 org.junit.jupiter.api.extension.TestInstanceFactoryContext, o.a.a.b.c.JavaClass@561b61ed
14:10:34.301 [main] DEBUG org.aspectj.weaver.bcel.BcelWorld - 14:10:34.301 main - o.a.w.b.BcelWorld.lookupJavaClass o.a.w.l.LTWWorld@2b4a2ec7 org.junit.jupiter.api.function.Executable, o.a.a.b.c.JavaClass@15400fff
14:10:34.302 [main] DEBUG org.aspectj.weaver.bcel.BcelWorld - 14:10:34.302 main - o.a.w.b.BcelWorld.lookupJavaClass o.a.w.l.LTWWorld@2b4a2ec7 org.junit.jupiter.engine.execution.BeforeEachMethodAdapter, o.a.a.b.c.JavaClass@625d9132
14:10:34.303 [main] DEBUG org.aspectj.weaver.bcel.BcelWorld - 14:10:34.303 main - o.a.w.b.BcelWorld.lookupJavaClass o.a.w.l.LTWWorld@2b4a2ec7 org.junit.jupiter.engine.execution.AfterEachMethodAdapter, o.a.a.b.c.JavaClass@6cd64ee8
14:10:34.304 [main] DEBUG org.aspectj.weaver.bcel.BcelWorld - 14:10:34.304 main - o.a.w.b.BcelWorld.lookupJavaClass o.a.w.l.LTWWorld@2b4a2ec7 org.junit.jupiter.engine.execution.InterceptingExecutableInvoker$ReflectiveInterceptorCall$VoidMethodInterceptorCall, o.a.a.b.c.JavaClass@5460b754
14:10:34.305 [main] DEBUG org.aspectj.weaver.bcel.BcelWorld - 14:10:34.305 main - o.a.w.b.BcelWorld.lookupJavaClass o.a.w.l.LTWWorld@2b4a2ec7 org.junit.jupiter.api.extension.TestInstancePreDestroyCallback, o.a.a.b.c.JavaClass@4b200971
14:10:34.307 [main] DEBUG org.aspectj.weaver.bcel.BcelWorld - 14:10:34.307 main - o.a.w.b.BcelWorld.lookupJavaClass o.a.w.l.LTWWorld@2b4a2ec7 org.junit.jupiter.api.extension.AfterAllCallback, o.a.a.b.c.JavaClass@59dc36d4
14:10:34.308 [main] DEBUG org.aspectj.weaver.bcel.BcelWorld - 14:10:34.308 main - o.a.w.b.BcelWorld.lookupJavaClass o.a.w.l.LTWWorld@2b4a2ec7 org.junit.jupiter.api.extension.LifecycleMethodExecutionExceptionHandler, o.a.a.b.c.JavaClass@3ed7821
14:10:34.309 [main] DEBUG org.aspectj.weaver.bcel.BcelWorld - 14:10:34.309 main - o.a.w.b.BcelWorld.lookupJavaClass o.a.w.l.LTWWorld@2b4a2ec7 org.junit.jupiter.api.extension.BeforeAllCallback, o.a.a.b.c.JavaClass@56a4f272
14:10:34.310 [main] DEBUG org.aspectj.weaver.bcel.BcelWorld - 14:10:34.310 main - o.a.w.b.BcelWorld.lookupJavaClass o.a.w.l.LTWWorld@2b4a2ec7 org.junit.jupiter.api.extension.TestInstancePostProcessor, o.a.a.b.c.JavaClass@4d41ba0f
14:10:34.311 [main] DEBUG org.aspectj.weaver.bcel.BcelWorld - 14:10:34.311 main - o.a.w.b.BcelWorld.lookupJavaClass o.a.w.l.LTWWorld@2b4a2ec7 org.junit.jupiter.api.extension.TestInstancePreConstructCallback, o.a.a.b.c.JavaClass@3c3a0032
14:10:34.313 [main] DEBUG org.aspectj.weaver.bcel.BcelWorld - 14:10:34.313 main - o.a.w.b.BcelWorld.lookupJavaClass o.a.w.l.LTWWorld@2b4a2ec7 org.junit.jupiter.engine.execution.DefaultTestInstances, o.a.a.b.c.JavaClass@25ad4f71
14:10:34.314 [main] DEBUG org.aspectj.weaver.bcel.BcelWorld - 14:10:34.314 main - o.a.w.b.BcelWorld.lookupJavaClass o.a.w.l.LTWWorld@2b4a2ec7 org.junit.jupiter.engine.extension.MutableExtensionRegistry, o.a.a.b.c.JavaClass@455c1d8c
14:10:34.315 [main] DEBUG org.aspectj.weaver.bcel.BcelWeaver - 14:10:34.315 main < o.a.w.b.BcelWeaver.weaveAndNotify
14:10:34.315 [main] DEBUG org.aspectj.weaver.bcel.BcelWeaver - 14:10:34.315 main < o.a.w.b.BcelWeaver.weave java.util.ArrayList(1)
14:10:34.315 [main] DEBUG o.a.weaver.tools.WeavingAdaptor - 14:10:34.315 main < o.a.w.t.WeavingAdaptor.weaveClass byte[43782]
14:10:34.315 [main] DEBUG org.aspectj.weaver.Dump - 14:10:34.315 main > o.a.w.Dump.dumpOnExit o.a.w.t.WeavingAdaptor$WeavingAdaptorMessageHolder@6a6afff2
14:10:34.315 [main] DEBUG org.aspectj.weaver.Dump - 14:10:34.315 main > o.a.w.Dump.shouldDumpOnExit o.a.w.t.WeavingAdaptor$WeavingAdaptorMessageHolder@6a6afff2
14:10:34.315 [main] DEBUG org.aspectj.weaver.Dump - 14:10:34.315 main - o.a.w.Dump.shouldDumpOnExit abort
14:10:34.315 [main] DEBUG org.aspectj.weaver.Dump - 14:10:34.315 main < o.a.w.Dump.shouldDumpOnExit false
14:10:34.315 [main] DEBUG org.aspectj.weaver.Dump - 14:10:34.315 main < o.a.w.Dump.dumpOnExit Excluded
14:10:34.315 [main] DEBUG org.aspectj.weaver.loadtime.Aj - 14:10:34.315 main < o.a.w.l.Aj.preProcess byte[43782]
14:10:34.318 [main] DEBUG org.aspectj.weaver.loadtime.Aj - 14:10:34.318 main > o.a.w.l.Aj.preProcess o.a.w.l.Aj@b9afc07 org/junit/jupiter/engine/descriptor/JupiterTestDescriptor, byte[16000], j.i.l.ClassLoaders$AppClassLoader@3cd1a2f1
14:10:34.318 [main] DEBUG org.aspectj.weaver.loadtime.Aj - 14:10:34.318 main - o.a.w.l.Aj.preProcess o.a.w.l.Aj@b9afc07 j.i.l.ClassLoaders$PlatformClassLoader@1ad282e0, j.i.l.ClassLoaders$AppClassLoader@3cd1a2f1
14:10:34.318 [main] DEBUG o.a.weaver.tools.WeavingAdaptor - 14:10:34.318 main > o.a.w.t.WeavingAdaptor.weaveClass o.a.w.l.ClassLoaderWeavingAdaptor@140e5a13 org/junit/jupiter/engine/descriptor/JupiterTestDescriptor, byte[16000]
14:10:34.319 [main] DEBUG org.aspectj.weaver.bcel.BcelWeaver - 14:10:34.319 main > o.a.w.b.BcelWeaver.weave o.a.w.b.BcelWeaver@48524010 o.a.w.t.WeavingAdaptor$WeavingClassFileProvider@7bc44ce8
14:10:34.319 [main] DEBUG org.aspectj.weaver.bcel.BcelWeaver - 14:10:34.319 main > o.a.w.b.BcelWeaver.weaveAndNotify o.a.w.b.BcelWeaver@48524010 o.a.w.b.UnwovenClassFile@59072e9d, o.a.w.b.BcelObjectType@58472096, o.a.w.t.WeavingAdaptor$WeavingClassFileProvider$1@a92be4f
14:10:34.321 [main] DEBUG org.aspectj.weaver.bcel.BcelWorld - 14:10:34.321 main - o.a.w.b.BcelWorld.lookupJavaClass o.a.w.l.LTWWorld@2b4a2ec7 org.junit.jupiter.engine.descriptor.JupiterTestDescriptor$ExceptionHandlerInvoker, o.a.a.b.c.JavaClass@5e5af8e1
14:10:34.322 [main] DEBUG org.aspectj.weaver.bcel.BcelWorld - 14:10:34.322 main - o.a.w.b.BcelWorld.lookupJavaClass o.a.w.l.LTWWorld@2b4a2ec7 org.junit.jupiter.api.parallel.ResourceAccessMode, o.a.a.b.c.JavaClass@524a076e
14:10:34.323 [main] DEBUG org.aspectj.weaver.bcel.BcelWorld - 14:10:34.322 main - o.a.w.b.BcelWorld.lookupJavaClass o.a.w.l.LTWWorld@2b4a2ec7 org.junit.platform.engine.support.hierarchical.ExclusiveResource$LockMode, o.a.a.b.c.JavaClass@6cff61fc
14:10:34.323 [main] DEBUG org.aspectj.weaver.bcel.BcelWorld - 14:10:34.323 main - o.a.w.b.BcelWorld.lookupJavaClass o.a.w.l.LTWWorld@2b4a2ec7 org.junit.jupiter.api.extension.ConditionEvaluationResult, o.a.a.b.c.JavaClass@7baf1f5a
14:10:34.324 [main] DEBUG org.aspectj.weaver.bcel.BcelWorld - 14:10:34.324 main - o.a.w.b.BcelWorld.lookupJavaClass o.a.w.l.LTWWorld@2b4a2ec7 org.junit.jupiter.api.parallel.ResourceLock, o.a.a.b.c.JavaClass@7cbeac65
14:10:34.325 [main] DEBUG org.aspectj.weaver.bcel.BcelWorld - 14:10:34.325 main - o.a.w.b.BcelWorld.lookupJavaClass o.a.w.l.LTWWorld@2b4a2ec7 org.junit.platform.engine.support.hierarchical.ExclusiveResource, o.a.a.b.c.JavaClass@65e21ce3
14:10:34.326 [main] DEBUG org.aspectj.weaver.bcel.BcelWeaver - 14:10:34.326 main < o.a.w.b.BcelWeaver.weaveAndNotify
14:10:34.326 [main] DEBUG org.aspectj.weaver.bcel.BcelWeaver - 14:10:34.326 main < o.a.w.b.BcelWeaver.weave java.util.ArrayList(1)
14:10:34.326 [main] DEBUG o.a.weaver.tools.WeavingAdaptor - 14:10:34.326 main < o.a.w.t.WeavingAdaptor.weaveClass byte[16000]
14:10:34.326 [main] DEBUG org.aspectj.weaver.Dump - 14:10:34.326 main > o.a.w.Dump.dumpOnExit o.a.w.t.WeavingAdaptor$WeavingAdaptorMessageHolder@6a6afff2
14:10:34.326 [main] DEBUG org.aspectj.weaver.Dump - 14:10:34.326 main > o.a.w.Dump.shouldDumpOnExit o.a.w.t.WeavingAdaptor$WeavingAdaptorMessageHolder@6a6afff2
14:10:34.326 [main] DEBUG org.aspectj.weaver.Dump - 14:10:34.326 main - o.a.w.Dump.shouldDumpOnExit abort
14:10:34.326 [main] DEBUG org.aspectj.weaver.Dump - 14:10:34.326 main < o.a.w.Dump.shouldDumpOnExit false
14:10:34.326 [main] DEBUG org.aspectj.weaver.Dump - 14:10:34.326 main < o.a.w.Dump.dumpOnExit Excluded
14:10:34.326 [main] DEBUG org.aspectj.weaver.loadtime.Aj - 14:10:34.326 main < o.a.w.l.Aj.preProcess byte[16000]
14:10:34.328 [main] DEBUG org.aspectj.weaver.loadtime.Aj - 14:10:34.328 main > o.a.w.l.Aj.preProcess o.a.w.l.Aj@b9afc07 org/junit/jupiter/engine/extension/ExtensionRegistry, byte[2165], j.i.l.ClassLoaders$AppClassLoader@3cd1a2f1
14:10:34.328 [main] DEBUG org.aspectj.weaver.loadtime.Aj - 14:10:34.328 main - o.a.w.l.Aj.preProcess o.a.w.l.Aj@b9afc07 j.i.l.ClassLoaders$PlatformClassLoader@1ad282e0, j.i.l.ClassLoaders$AppClassLoader@3cd1a2f1
14:10:34.329 [main] DEBUG o.a.weaver.tools.WeavingAdaptor - 14:10:34.329 main > o.a.w.t.WeavingAdaptor.weaveClass o.a.w.l.ClassLoaderWeavingAdaptor@140e5a13 org/junit/jupiter/engine/extension/ExtensionRegistry, byte[2165]
14:10:34.329 [main] DEBUG org.aspectj.weaver.bcel.BcelWeaver - 14:10:34.329 main > o.a.w.b.BcelWeaver.weave o.a.w.b.BcelWeaver@48524010 o.a.w.t.WeavingAdaptor$WeavingClassFileProvider@1aad0b1
14:10:34.329 [main] DEBUG org.aspectj.weaver.bcel.BcelWeaver - 14:10:34.329 main > o.a.w.b.BcelWeaver.weaveAndNotify o.a.w.b.BcelWeaver@48524010 o.a.w.b.UnwovenClassFile@c3edf4c, o.a.w.b.BcelObjectType@5af8bb51, o.a.w.t.WeavingAdaptor$WeavingClassFileProvider$1@799ed4e8
14:10:34.329 [main] DEBUG org.aspectj.weaver.bcel.BcelWeaver - 14:10:34.329 main < o.a.w.b.BcelWeaver.weaveAndNotify
14:10:34.329 [main] DEBUG org.aspectj.weaver.bcel.BcelWeaver - 14:10:34.329 main < o.a.w.b.BcelWeaver.weave java.util.ArrayList(1)
14:10:34.329 [main] DEBUG o.a.weaver.tools.WeavingAdaptor - 14:10:34.329 main < o.a.w.t.WeavingAdaptor.weaveClass byte[2165]
14:10:34.330 [main] DEBUG org.aspectj.weaver.Dump - 14:10:34.329 main > o.a.w.Dump.dumpOnExit o.a.w.t.WeavingAdaptor$WeavingAdaptorMessageHolder@6a6afff2
14:10:34.330 [main] DEBUG org.aspectj.weaver.Dump - 14:10:34.330 main > o.a.w.Dump.shouldDumpOnExit o.a.w.t.WeavingAdaptor$WeavingAdaptorMessageHolder@6a6afff2
14:10:34.330 [main] DEBUG org.aspectj.weaver.Dump - 14:10:34.330 main - o.a.w.Dump.shouldDumpOnExit abort
14:10:34.330 [main] DEBUG org.aspectj.weaver.Dump - 14:10:34.330 main < o.a.w.Dump.shouldDumpOnExit false
14:10:34.330 [main] DEBUG org.aspectj.weaver.Dump - 14:10:34.330 main < o.a.w.Dump.dumpOnExit Excluded
14:10:34.330 [main] DEBUG org.aspectj.weaver.loadtime.Aj - 14:10:34.330 main < o.a.w.l.Aj.preProcess byte[2165]
14:10:34.332 [main] DEBUG org.aspectj.weaver.loadtime.Aj - 14:10:34.332 main > o.a.w.l.Aj.preProcess o.a.w.l.Aj@b9afc07 org/junit/platform/engine/TestSource, byte[407], j.i.l.ClassLoaders$AppClassLoader@3cd1a2f1
14:10:34.332 [main] DEBUG org.aspectj.weaver.loadtime.Aj - 14:10:34.332 main - o.a.w.l.Aj.preProcess o.a.w.l.Aj@b9afc07 j.i.l.ClassLoaders$PlatformClassLoader@1ad282e0, j.i.l.ClassLoaders$AppClassLoader@3cd1a2f1
14:10:34.332 [main] DEBUG o.a.weaver.tools.WeavingAdaptor - 14:10:34.332 main > o.a.w.t.WeavingAdaptor.weaveClass o.a.w.l.ClassLoaderWeavingAdaptor@140e5a13 org/junit/platform/engine/TestSource, byte[407]
14:10:34.332 [main] DEBUG org.aspectj.weaver.bcel.BcelWeaver - 14:10:34.332 main > o.a.w.b.BcelWeaver.weave o.a.w.b.BcelWeaver@48524010 o.a.w.t.WeavingAdaptor$WeavingClassFileProvider@5fcfde70
14:10:34.332 [main] DEBUG org.aspectj.weaver.bcel.BcelWeaver - 14:10:34.332 main > o.a.w.b.BcelWeaver.weaveAndNotify o.a.w.b.BcelWeaver@48524010 o.a.w.b.UnwovenClassFile@4d95a72e, o.a.w.b.BcelObjectType@28da7d11, o.a.w.t.WeavingAdaptor$WeavingClassFileProvider$1@77b919a3
14:10:34.333 [main] DEBUG org.aspectj.weaver.bcel.BcelWeaver - 14:10:34.333 main < o.a.w.b.BcelWeaver.weaveAndNotify
14:10:34.333 [main] DEBUG org.aspectj.weaver.bcel.BcelWeaver - 14:10:34.333 main < o.a.w.b.BcelWeaver.weave java.util.ArrayList(1)
14:10:34.333 [main] DEBUG o.a.weaver.tools.WeavingAdaptor - 14:10:34.333 main < o.a.w.t.WeavingAdaptor.weaveClass byte[407]
14:10:34.333 [main] DEBUG org.aspectj.weaver.Dump - 14:10:34.333 main > o.a.w.Dump.dumpOnExit o.a.w.t.WeavingAdaptor$WeavingAdaptorMessageHolder@6a6afff2
14:10:34.333 [main] DEBUG org.aspectj.weaver.Dump - 14:10:34.333 main > o.a.w.Dump.shouldDumpOnExit o.a.w.t.WeavingAdaptor$WeavingAdaptorMessageHolder@6a6afff2
14:10:34.333 [main] DEBUG org.aspectj.weaver.Dump - 14:10:34.333 main - o.a.w.Dump.shouldDumpOnExit abort
14:10:34.333 [main] DEBUG org.aspectj.weaver.Dump - 14:10:34.333 main < o.a.w.Dump.shouldDumpOnExit false
14:10:34.333 [main] DEBUG org.aspectj.weaver.Dump - 14:10:34.333 main < o.a.w.Dump.dumpOnExit Excluded
14:10:34.333 [main] DEBUG org.aspectj.weaver.loadtime.Aj - 14:10:34.333 main < o.a.w.l.Aj.preProcess byte[407]
14:10:34.335 [main] DEBUG org.aspectj.weaver.loadtime.Aj - 14:10:34.335 main > o.a.w.l.Aj.preProcess o.a.w.l.Aj@b9afc07 org/junit/jupiter/engine/extension/ExtensionRegistrar, byte[658], j.i.l.ClassLoaders$AppClassLoader@3cd1a2f1
14:10:34.335 [main] DEBUG org.aspectj.weaver.loadtime.Aj - 14:10:34.335 main - o.a.w.l.Aj.preProcess o.a.w.l.Aj@b9afc07 j.i.l.ClassLoaders$PlatformClassLoader@1ad282e0, j.i.l.ClassLoaders$AppClassLoader@3cd1a2f1
14:10:34.335 [main] DEBUG o.a.weaver.tools.WeavingAdaptor - 14:10:34.335 main > o.a.w.t.WeavingAdaptor.weaveClass o.a.w.l.ClassLoaderWeavingAdaptor@140e5a13 org/junit/jupiter/engine/extension/ExtensionRegistrar, byte[658]
14:10:34.335 [main] DEBUG org.aspectj.weaver.bcel.BcelWeaver - 14:10:34.335 main > o.a.w.b.BcelWeaver.weave o.a.w.b.BcelWeaver@48524010 o.a.w.t.WeavingAdaptor$WeavingClassFileProvider@726aa968
14:10:34.335 [main] DEBUG org.aspectj.weaver.bcel.BcelWeaver - 14:10:34.335 main > o.a.w.b.BcelWeaver.weaveAndNotify o.a.w.b.BcelWeaver@48524010 o.a.w.b.UnwovenClassFile@7100dea, o.a.w.b.BcelObjectType@712cfb63, o.a.w.t.WeavingAdaptor$WeavingClassFileProvider$1@32e54a9d
14:10:34.335 [main] DEBUG org.aspectj.weaver.bcel.BcelWeaver - 14:10:34.335 main < o.a.w.b.BcelWeaver.weaveAndNotify
14:10:34.335 [main] DEBUG org.aspectj.weaver.bcel.BcelWeaver - 14:10:34.335 main < o.a.w.b.BcelWeaver.weave java.util.ArrayList(1)
14:10:34.335 [main] DEBUG o.a.weaver.tools.WeavingAdaptor - 14:10:34.335 main < o.a.w.t.WeavingAdaptor.weaveClass byte[658]
14:10:34.336 [main] DEBUG org.aspectj.weaver.Dump - 14:10:34.335 main > o.a.w.Dump.dumpOnExit o.a.w.t.WeavingAdaptor$WeavingAdaptorMessageHolder@6a6afff2
14:10:34.336 [main] DEBUG org.aspectj.weaver.Dump - 14:10:34.336 main > o.a.w.Dump.shouldDumpOnExit o.a.w.t.WeavingAdaptor$WeavingAdaptorMessageHolder@6a6afff2
14:10:34.336 [main] DEBUG org.aspectj.weaver.Dump - 14:10:34.336 main - o.a.w.Dump.shouldDumpOnExit abort
14:10:34.336 [main] DEBUG org.aspectj.weaver.Dump - 14:10:34.336 main < o.a.w.Dump.shouldDumpOnExit false
14:10:34.336 [main] DEBUG org.aspectj.weaver.Dump - 14:10:34.336 main < o.a.w.Dump.dumpOnExit Excluded
14:10:34.336 [main] DEBUG org.aspectj.weaver.loadtime.Aj - 14:10:34.336 main < o.a.w.l.Aj.preProcess byte[658]
14:10:34.337 [main] DEBUG org.aspectj.weaver.loadtime.Aj - 14:10:34.337 main > o.a.w.l.Aj.preProcess o.a.w.l.Aj@b9afc07 org/junit/jupiter/api/extension/ExtensionConfigurationException, byte[961], j.i.l.ClassLoaders$AppClassLoader@3cd1a2f1
14:10:34.337 [main] DEBUG org.aspectj.weaver.loadtime.Aj - 14:10:34.337 main - o.a.w.l.Aj.preProcess o.a.w.l.Aj@b9afc07 j.i.l.ClassLoaders$PlatformClassLoader@1ad282e0, j.i.l.ClassLoaders$AppClassLoader@3cd1a2f1
14:10:34.337 [main] DEBUG o.a.weaver.tools.WeavingAdaptor - 14:10:34.337 main > o.a.w.t.WeavingAdaptor.weaveClass o.a.w.l.ClassLoaderWeavingAdaptor@140e5a13 org/junit/jupiter/api/extension/ExtensionConfigurationException, byte[961]
14:10:34.338 [main] DEBUG org.aspectj.weaver.bcel.BcelWeaver - 14:10:34.338 main > o.a.w.b.BcelWeaver.weave o.a.w.b.BcelWeaver@48524010 o.a.w.t.WeavingAdaptor$WeavingClassFileProvider@1cd3b138
14:10:34.338 [main] DEBUG org.aspectj.weaver.bcel.BcelWeaver - 14:10:34.338 main > o.a.w.b.BcelWeaver.weaveAndNotify o.a.w.b.BcelWeaver@48524010 o.a.w.b.UnwovenClassFile@151bf776, o.a.w.b.BcelObjectType@5a6d30e2, o.a.w.t.WeavingAdaptor$WeavingClassFileProvider$1@b52b755
14:10:34.338 [main] DEBUG org.aspectj.weaver.bcel.BcelWorld - 14:10:34.338 main - o.a.w.b.BcelWorld.lookupJavaClass o.a.w.l.LTWWorld@2b4a2ec7 java.lang.RuntimeException, o.a.a.b.c.JavaClass@df6620a
14:10:34.339 [main] DEBUG org.aspectj.weaver.bcel.BcelWeaver - 14:10:34.339 main < o.a.w.b.BcelWeaver.weaveAndNotify
14:10:34.339 [main] DEBUG org.aspectj.weaver.bcel.BcelWeaver - 14:10:34.339 main < o.a.w.b.BcelWeaver.weave java.util.ArrayList(1)
14:10:34.339 [main] DEBUG o.a.weaver.tools.WeavingAdaptor - 14:10:34.339 main < o.a.w.t.WeavingAdaptor.weaveClass byte[961]
14:10:34.339 [main] DEBUG org.aspectj.weaver.Dump - 14:10:34.339 main > o.a.w.Dump.dumpOnExit o.a.w.t.WeavingAdaptor$WeavingAdaptorMessageHolder@6a6afff2
14:10:34.339 [main] DEBUG org.aspectj.weaver.Dump - 14:10:34.339 main > o.a.w.Dump.shouldDumpOnExit o.a.w.t.WeavingAdaptor$WeavingAdaptorMessageHolder@6a6afff2
14:10:34.339 [main] DEBUG org.aspectj.weaver.Dump - 14:10:34.339 main - o.a.w.Dump.shouldDumpOnExit abort
14:10:34.339 [main] DEBUG org.aspectj.weaver.Dump - 14:10:34.339 main < o.a.w.Dump.shouldDumpOnExit false
14:10:34.339 [main] DEBUG org.aspectj.weaver.Dump - 14:10:34.339 main < o.a.w.Dump.dumpOnExit Excluded
14:10:34.339 [main] DEBUG org.aspectj.weaver.loadtime.Aj - 14:10:34.339 main < o.a.w.l.Aj.preProcess byte[961]
14:10:34.341 [main] DEBUG org.aspectj.weaver.loadtime.Aj - 14:10:34.341 main > o.a.w.l.Aj.preProcess o.a.w.l.Aj@b9afc07 org/junit/jupiter/api/extension/TestInstanceFactoryContext, byte[612], j.i.l.ClassLoaders$AppClassLoader@3cd1a2f1
14:10:34.341 [main] DEBUG org.aspectj.weaver.loadtime.Aj - 14:10:34.341 main - o.a.w.l.Aj.preProcess o.a.w.l.Aj@b9afc07 j.i.l.ClassLoaders$PlatformClassLoader@1ad282e0, j.i.l.ClassLoaders$AppClassLoader@3cd1a2f1
14:10:34.341 [main] DEBUG o.a.weaver.tools.WeavingAdaptor - 14:10:34.341 main > o.a.w.t.WeavingAdaptor.weaveClass o.a.w.l.ClassLoaderWeavingAdaptor@140e5a13 org/junit/jupiter/api/extension/TestInstanceFactoryContext, byte[612]
14:10:34.341 [main] DEBUG org.aspectj.weaver.bcel.BcelWeaver - 14:10:34.341 main > o.a.w.b.BcelWeaver.weave o.a.w.b.BcelWeaver@48524010 o.a.w.t.WeavingAdaptor$WeavingClassFileProvider@70887727
14:10:34.341 [main] DEBUG org.aspectj.weaver.bcel.BcelWeaver - 14:10:34.341 main > o.a.w.b.BcelWeaver.weaveAndNotify o.a.w.b.BcelWeaver@48524010 o.a.w.b.UnwovenClassFile@56da7487, o.a.w.b.BcelObjectType@599e4d41, o.a.w.t.WeavingAdaptor$WeavingClassFileProvider$1@328d044f
14:10:34.341 [main] DEBUG org.aspectj.weaver.bcel.BcelWeaver - 14:10:34.341 main < o.a.w.b.BcelWeaver.weaveAndNotify
14:10:34.341 [main] DEBUG org.aspectj.weaver.bcel.BcelWeaver - 14:10:34.341 main < o.a.w.b.BcelWeaver.weave java.util.ArrayList(1)
14:10:34.341 [main] DEBUG o.a.weaver.tools.WeavingAdaptor - 14:10:34.341 main < o.a.w.t.WeavingAdaptor.weaveClass byte[612]
14:10:34.342 [main] DEBUG org.aspectj.weaver.Dump - 14:10:34.341 main > o.a.w.Dump.dumpOnExit o.a.w.t.WeavingAdaptor$WeavingAdaptorMessageHolder@6a6afff2
14:10:34.342 [main] DEBUG org.aspectj.weaver.Dump - 14:10:34.342 main > o.a.w.Dump.shouldDumpOnExit o.a.w.t.WeavingAdaptor$WeavingAdaptorMessageHolder@6a6afff2
14:10:34.342 [main] DEBUG org.aspectj.weaver.Dump - 14:10:34.342 main - o.a.w.Dump.shouldDumpOnExit abort
14:10:34.342 [main] DEBUG org.aspectj.weaver.Dump - 14:10:34.342 main < o.a.w.Dump.shouldDumpOnExit false
14:10:34.342 [main] DEBUG org.aspectj.weaver.Dump - 14:10:34.342 main < o.a.w.Dump.dumpOnExit Excluded
14:10:34.342 [main] DEBUG org.aspectj.weaver.loadtime.Aj - 14:10:34.342 main < o.a.w.l.Aj.preProcess byte[612]
14:10:34.356 [main] DEBUG org.aspectj.weaver.loadtime.Aj - 14:10:34.356 main > o.a.w.l.Aj.preProcess o.a.w.l.Aj@b9afc07 org/junit/jupiter/api/extension/TestInstantiationException, byte[952], j.i.l.ClassLoaders$AppClassLoader@3cd1a2f1
14:10:34.356 [main] DEBUG org.aspectj.weaver.loadtime.Aj - 14:10:34.356 main - o.a.w.l.Aj.preProcess o.a.w.l.Aj@b9afc07 j.i.l.ClassLoaders$PlatformClassLoader@1ad282e0, j.i.l.ClassLoaders$AppClassLoader@3cd1a2f1
14:10:34.356 [main] DEBUG o.a.weaver.tools.WeavingAdaptor - 14:10:34.356 main > o.a.w.t.WeavingAdaptor.weaveClass o.a.w.l.ClassLoaderWeavingAdaptor@140e5a13 org/junit/jupiter/api/extension/TestInstantiationException, byte[952]
14:10:34.356 [main] DEBUG org.aspectj.weaver.bcel.BcelWeaver - 14:10:34.356 main > o.a.w.b.BcelWeaver.weave o.a.w.b.BcelWeaver@48524010 o.a.w.t.WeavingAdaptor$WeavingClassFileProvider@75de29c0
14:10:34.357 [main] DEBUG org.aspectj.weaver.bcel.BcelWeaver - 14:10:34.356 main > o.a.w.b.BcelWeaver.weaveAndNotify o.a.w.b.BcelWeaver@48524010 o.a.w.b.UnwovenClassFile@fc807c1, o.a.w.b.BcelObjectType@296e281a, o.a.w.t.WeavingAdaptor$WeavingClassFileProvider$1@59cda16e
14:10:34.359 [main] DEBUG org.aspectj.weaver.bcel.BcelWeaver - 14:10:34.359 main < o.a.w.b.BcelWeaver.weaveAndNotify
14:10:34.360 [main] DEBUG org.aspectj.weaver.bcel.BcelWeaver - 14:10:34.359 main < o.a.w.b.BcelWeaver.weave java.util.ArrayList(1)
14:10:34.360 [main] DEBUG o.a.weaver.tools.WeavingAdaptor - 14:10:34.360 main < o.a.w.t.WeavingAdaptor.weaveClass byte[952]
14:10:34.360 [main] DEBUG org.aspectj.weaver.Dump - 14:10:34.360 main > o.a.w.Dump.dumpOnExit o.a.w.t.WeavingAdaptor$WeavingAdaptorMessageHolder@6a6afff2
14:10:34.360 [main] DEBUG org.aspectj.weaver.Dump - 14:10:34.360 main > o.a.w.Dump.shouldDumpOnExit o.a.w.t.WeavingAdaptor$WeavingAdaptorMessageHolder@6a6afff2
14:10:34.360 [main] DEBUG org.aspectj.weaver.Dump - 14:10:34.360 main - o.a.w.Dump.shouldDumpOnExit abort
14:10:34.360 [main] DEBUG org.aspectj.weaver.Dump - 14:10:34.360 main < o.a.w.Dump.shouldDumpOnExit false
14:10:34.360 [main] DEBUG org.aspectj.weaver.Dump - 14:10:34.360 main < o.a.w.Dump.dumpOnExit Excluded
14:10:34.360 [main] DEBUG org.aspectj.weaver.loadtime.Aj - 14:10:34.360 main < o.a.w.l.Aj.preProcess byte[952]
14:10:34.363 [main] DEBUG org.aspectj.weaver.loadtime.Aj - 14:10:34.363 main > o.a.w.l.Aj.preProcess o.a.w.l.Aj@b9afc07 org/junit/jupiter/engine/execution/ConditionEvaluator, byte[6577], j.i.l.ClassLoaders$AppClassLoader@3cd1a2f1
14:10:34.363 [main] DEBUG org.aspectj.weaver.loadtime.Aj - 14:10:34.363 main - o.a.w.l.Aj.preProcess o.a.w.l.Aj@b9afc07 j.i.l.ClassLoaders$PlatformClassLoader@1ad282e0, j.i.l.ClassLoaders$AppClassLoader@3cd1a2f1
14:10:34.363 [main] DEBUG o.a.weaver.tools.WeavingAdaptor - 14:10:34.363 main > o.a.w.t.WeavingAdaptor.weaveClass o.a.w.l.ClassLoaderWeavingAdaptor@140e5a13 org/junit/jupiter/engine/execution/ConditionEvaluator, byte[6577]
14:10:34.364 [main] DEBUG org.aspectj.weaver.bcel.BcelWeaver - 14:10:34.363 main > o.a.w.b.BcelWeaver.weave o.a.w.b.BcelWeaver@48524010 o.a.w.t.WeavingAdaptor$WeavingClassFileProvider@588f63c
14:10:34.364 [main] DEBUG org.aspectj.weaver.bcel.BcelWeaver - 14:10:34.364 main > o.a.w.b.BcelWeaver.weaveAndNotify o.a.w.b.BcelWeaver@48524010 o.a.w.b.UnwovenClassFile@5a6fa56e, o.a.w.b.BcelObjectType@1981d861, o.a.w.t.WeavingAdaptor$WeavingClassFileProvider$1@118ffcfd
14:10:34.367 [main] DEBUG org.aspectj.weaver.bcel.BcelWorld - 14:10:34.367 main - o.a.w.b.BcelWorld.lookupJavaClass o.a.w.l.LTWWorld@2b4a2ec7 org.junit.jupiter.api.extension.ExecutionCondition, o.a.a.b.c.JavaClass@dc4a691
14:10:34.368 [main] DEBUG org.aspectj.weaver.bcel.BcelWorld - 14:10:34.368 main - o.a.w.b.BcelWorld.lookupJavaClass o.a.w.l.LTWWorld@2b4a2ec7 org.junit.jupiter.engine.execution.ConditionEvaluationException, o.a.a.b.c.JavaClass@434514d8
14:10:34.368 [main] DEBUG org.aspectj.weaver.bcel.BcelWeaver - 14:10:34.368 main < o.a.w.b.BcelWeaver.weaveAndNotify
14:10:34.368 [main] DEBUG org.aspectj.weaver.bcel.BcelWeaver - 14:10:34.368 main < o.a.w.b.BcelWeaver.weave java.util.ArrayList(1)
14:10:34.368 [main] DEBUG o.a.weaver.tools.WeavingAdaptor - 14:10:34.368 main < o.a.w.t.WeavingAdaptor.weaveClass byte[6577]
14:10:34.368 [main] DEBUG org.aspectj.weaver.Dump - 14:10:34.368 main > o.a.w.Dump.dumpOnExit o.a.w.t.WeavingAdaptor$WeavingAdaptorMessageHolder@6a6afff2
14:10:34.368 [main] DEBUG org.aspectj.weaver.Dump - 14:10:34.368 main > o.a.w.Dump.shouldDumpOnExit o.a.w.t.WeavingAdaptor$WeavingAdaptorMessageHolder@6a6afff2
14:10:34.368 [main] DEBUG org.aspectj.weaver.Dump - 14:10:34.368 main - o.a.w.Dump.shouldDumpOnExit abort
14:10:34.368 [main] DEBUG org.aspectj.weaver.Dump - 14:10:34.368 main < o.a.w.Dump.shouldDumpOnExit false
14:10:34.368 [main] DEBUG org.aspectj.weaver.Dump - 14:10:34.368 main < o.a.w.Dump.dumpOnExit Excluded
14:10:34.368 [main] DEBUG org.aspectj.weaver.loadtime.Aj - 14:10:34.368 main < o.a.w.l.Aj.preProcess byte[6577]
14:10:34.371 [main] DEBUG org.aspectj.weaver.loadtime.Aj - 14:10:34.371 main > o.a.w.l.Aj.preProcess o.a.w.l.Aj@b9afc07 org/junit/jupiter/engine/execution/ConditionEvaluationException, byte[596], j.i.l.ClassLoaders$AppClassLoader@3cd1a2f1
14:10:34.371 [main] DEBUG org.aspectj.weaver.loadtime.Aj - 14:10:34.371 main - o.a.w.l.Aj.preProcess o.a.w.l.Aj@b9afc07 j.i.l.ClassLoaders$PlatformClassLoader@1ad282e0, j.i.l.ClassLoaders$AppClassLoader@3cd1a2f1
14:10:34.371 [main] DEBUG o.a.weaver.tools.WeavingAdaptor - 14:10:34.371 main > o.a.w.t.WeavingAdaptor.weaveClass o.a.w.l.ClassLoaderWeavingAdaptor@140e5a13 org/junit/jupiter/engine/execution/ConditionEvaluationException, byte[596]
14:10:34.371 [main] DEBUG org.aspectj.weaver.bcel.BcelWeaver - 14:10:34.371 main > o.a.w.b.BcelWeaver.weave o.a.w.b.BcelWeaver@48524010 o.a.w.t.WeavingAdaptor$WeavingClassFileProvider@bc042d5
14:10:34.371 [main] DEBUG org.aspectj.weaver.bcel.BcelWeaver - 14:10:34.371 main > o.a.w.b.BcelWeaver.weaveAndNotify o.a.w.b.BcelWeaver@48524010 o.a.w.b.UnwovenClassFile@5484117b, o.a.w.b.BcelObjectType@37df14d1, o.a.w.t.WeavingAdaptor$WeavingClassFileProvider$1@7efb53af
14:10:34.372 [main] DEBUG org.aspectj.weaver.bcel.BcelWeaver - 14:10:34.372 main < o.a.w.b.BcelWeaver.weaveAndNotify
14:10:34.372 [main] DEBUG org.aspectj.weaver.bcel.BcelWeaver - 14:10:34.372 main < o.a.w.b.BcelWeaver.weave java.util.ArrayList(1)
14:10:34.372 [main] DEBUG o.a.weaver.tools.WeavingAdaptor - 14:10:34.372 main < o.a.w.t.WeavingAdaptor.weaveClass byte[596]
14:10:34.372 [main] DEBUG org.aspectj.weaver.Dump - 14:10:34.372 main > o.a.w.Dump.dumpOnExit o.a.w.t.WeavingAdaptor$WeavingAdaptorMessageHolder@6a6afff2
14:10:34.372 [main] DEBUG org.aspectj.weaver.Dump - 14:10:34.372 main > o.a.w.Dump.shouldDumpOnExit o.a.w.t.WeavingAdaptor$WeavingAdaptorMessageHolder@6a6afff2
14:10:34.372 [main] DEBUG org.aspectj.weaver.Dump - 14:10:34.372 main - o.a.w.Dump.shouldDumpOnExit abort
14:10:34.372 [main] DEBUG org.aspectj.weaver.Dump - 14:10:34.372 main < o.a.w.Dump.shouldDumpOnExit false
14:10:34.372 [main] DEBUG org.aspectj.weaver.Dump - 14:10:34.372 main < o.a.w.Dump.dumpOnExit Excluded
14:10:34.372 [main] DEBUG org.aspectj.weaver.loadtime.Aj - 14:10:34.372 main < o.a.w.l.Aj.preProcess byte[596]
14:10:34.376 [main] DEBUG org.aspectj.weaver.loadtime.Aj - 14:10:34.376 main > o.a.w.l.Aj.preProcess o.a.w.l.Aj@b9afc07 org/junit/jupiter/api/extension/ConditionEvaluationResult, byte[2422], j.i.l.ClassLoaders$AppClassLoader@3cd1a2f1
14:10:34.376 [main] DEBUG org.aspectj.weaver.loadtime.Aj - 14:10:34.376 main - o.a.w.l.Aj.preProcess o.a.w.l.Aj@b9afc07 j.i.l.ClassLoaders$PlatformClassLoader@1ad282e0, j.i.l.ClassLoaders$AppClassLoader@3cd1a2f1
14:10:34.376 [main] DEBUG o.a.weaver.tools.WeavingAdaptor - 14:10:34.376 main > o.a.w.t.WeavingAdaptor.weaveClass o.a.w.l.ClassLoaderWeavingAdaptor@140e5a13 org/junit/jupiter/api/extension/ConditionEvaluationResult, byte[2422]
14:10:34.377 [main] DEBUG org.aspectj.weaver.bcel.BcelWeaver - 14:10:34.377 main > o.a.w.b.BcelWeaver.weave o.a.w.b.BcelWeaver@48524010 o.a.w.t.WeavingAdaptor$WeavingClassFileProvider@3cd9aa64
14:10:34.378 [main] DEBUG org.aspectj.weaver.bcel.BcelWeaver - 14:10:34.378 main > o.a.w.b.BcelWeaver.weaveAndNotify o.a.w.b.BcelWeaver@48524010 o.a.w.b.UnwovenClassFile@42b84286, o.a.w.b.BcelObjectType@443effcb, o.a.w.t.WeavingAdaptor$WeavingClassFileProvider$1@74ecacc3
14:10:34.379 [main] DEBUG org.aspectj.weaver.bcel.BcelWeaver - 14:10:34.379 main < o.a.w.b.BcelWeaver.weaveAndNotify
14:10:34.379 [main] DEBUG org.aspectj.weaver.bcel.BcelWeaver - 14:10:34.379 main < o.a.w.b.BcelWeaver.weave java.util.ArrayList(1)
14:10:34.379 [main] DEBUG o.a.weaver.tools.WeavingAdaptor - 14:10:34.379 main < o.a.w.t.WeavingAdaptor.weaveClass byte[2422]
14:10:34.379 [main] DEBUG org.aspectj.weaver.Dump - 14:10:34.379 main > o.a.w.Dump.dumpOnExit o.a.w.t.WeavingAdaptor$WeavingAdaptorMessageHolder@6a6afff2
14:10:34.380 [main] DEBUG org.aspectj.weaver.Dump - 14:10:34.379 main > o.a.w.Dump.shouldDumpOnExit o.a.w.t.WeavingAdaptor$WeavingAdaptorMessageHolder@6a6afff2
14:10:34.380 [main] DEBUG org.aspectj.weaver.Dump - 14:10:34.380 main - o.a.w.Dump.shouldDumpOnExit abort
14:10:34.380 [main] DEBUG org.aspectj.weaver.Dump - 14:10:34.380 main < o.a.w.Dump.shouldDumpOnExit false
14:10:34.380 [main] DEBUG org.aspectj.weaver.Dump - 14:10:34.380 main < o.a.w.Dump.dumpOnExit Excluded
14:10:34.380 [main] DEBUG org.aspectj.weaver.loadtime.Aj - 14:10:34.380 main < o.a.w.l.Aj.preProcess byte[2422]
14:10:34.384 [main] DEBUG org.aspectj.weaver.loadtime.Aj - 14:10:34.384 main > o.a.w.l.Aj.preProcess o.a.w.l.Aj@b9afc07 org/junit/jupiter/engine/execution/InterceptingExecutableInvoker, byte[8286], j.i.l.ClassLoaders$AppClassLoader@3cd1a2f1
14:10:34.384 [main] DEBUG org.aspectj.weaver.loadtime.Aj - 14:10:34.384 main - o.a.w.l.Aj.preProcess o.a.w.l.Aj@b9afc07 j.i.l.ClassLoaders$PlatformClassLoader@1ad282e0, j.i.l.ClassLoaders$AppClassLoader@3cd1a2f1
14:10:34.384 [main] DEBUG o.a.weaver.tools.WeavingAdaptor - 14:10:34.384 main > o.a.w.t.WeavingAdaptor.weaveClass o.a.w.l.ClassLoaderWeavingAdaptor@140e5a13 org/junit/jupiter/engine/execution/InterceptingExecutableInvoker, byte[8286]
14:10:34.384 [main] DEBUG org.aspectj.weaver.bcel.BcelWeaver - 14:10:34.384 main > o.a.w.b.BcelWeaver.weave o.a.w.b.BcelWeaver@48524010 o.a.w.t.WeavingAdaptor$WeavingClassFileProvider@41eb94bc
14:10:34.384 [main] DEBUG org.aspectj.weaver.bcel.BcelWeaver - 14:10:34.384 main > o.a.w.b.BcelWeaver.weaveAndNotify o.a.w.b.BcelWeaver@48524010 o.a.w.b.UnwovenClassFile@378cfecf, o.a.w.b.BcelObjectType@97d0c06, o.a.w.t.WeavingAdaptor$WeavingClassFileProvider$1@5e7c141d
14:10:34.386 [main] DEBUG org.aspectj.weaver.bcel.BcelWorld - 14:10:34.386 main - o.a.w.b.BcelWorld.lookupJavaClass o.a.w.l.LTWWorld@2b4a2ec7 org.junit.jupiter.engine.execution.InterceptingExecutableInvoker$ReflectiveInterceptorCall, o.a.a.b.c.JavaClass@4c1bdcc2
14:10:34.388 [main] DEBUG org.aspectj.weaver.bcel.BcelWorld - 14:10:34.388 main - o.a.w.b.BcelWorld.lookupJavaClass o.a.w.l.LTWWorld@2b4a2ec7 org.junit.jupiter.api.extension.InvocationInterceptor$Invocation, o.a.a.b.c.JavaClass@7640a5b1
14:10:34.389 [main] DEBUG org.aspectj.weaver.bcel.BcelWorld - 14:10:34.389 main - o.a.w.b.BcelWorld.lookupJavaClass o.a.w.l.LTWWorld@2b4a2ec7 org.junit.jupiter.api.extension.ReflectiveInvocationContext, o.a.a.b.c.JavaClass@5634d0f4
14:10:34.390 [main] DEBUG org.aspectj.weaver.bcel.BcelWorld - 14:10:34.390 main - o.a.w.b.BcelWorld.lookupJavaClass o.a.w.l.LTWWorld@2b4a2ec7 org.junit.jupiter.api.extension.InvocationInterceptor, o.a.a.b.c.JavaClass@54e2fe
14:10:34.390 [main] DEBUG org.aspectj.weaver.bcel.BcelWeaver - 14:10:34.390 main < o.a.w.b.BcelWeaver.weaveAndNotify
14:10:34.390 [main] DEBUG org.aspectj.weaver.bcel.BcelWeaver - 14:10:34.390 main < o.a.w.b.BcelWeaver.weave java.util.ArrayList(1)
14:10:34.390 [main] DEBUG o.a.weaver.tools.WeavingAdaptor - 14:10:34.390 main < o.a.w.t.WeavingAdaptor.weaveClass byte[8286]
14:10:34.390 [main] DEBUG org.aspectj.weaver.Dump - 14:10:34.390 main > o.a.w.Dump.dumpOnExit o.a.w.t.WeavingAdaptor$WeavingAdaptorMessageHolder@6a6afff2
14:10:34.390 [main] DEBUG org.aspectj.weaver.Dump - 14:10:34.390 main > o.a.w.Dump.shouldDumpOnExit o.a.w.t.WeavingAdaptor$WeavingAdaptorMessageHolder@6a6afff2
14:10:34.390 [main] DEBUG org.aspectj.weaver.Dump - 14:10:34.390 main - o.a.w.Dump.shouldDumpOnExit abort
14:10:34.390 [main] DEBUG org.aspectj.weaver.Dump - 14:10:34.390 main < o.a.w.Dump.shouldDumpOnExit false
14:10:34.390 [main] DEBUG org.aspectj.weaver.Dump - 14:10:34.390 main < o.a.w.Dump.dumpOnExit Excluded
14:10:34.390 [main] DEBUG org.aspectj.weaver.loadtime.Aj - 14:10:34.390 main < o.a.w.l.Aj.preProcess byte[8286]
14:10:34.392 [main] DEBUG org.aspectj.weaver.loadtime.Aj - 14:10:34.392 main > o.a.w.l.Aj.preProcess o.a.w.l.Aj@b9afc07 org/junit/jupiter/api/extension/ReflectiveInvocationContext, byte[846], j.i.l.ClassLoaders$AppClassLoader@3cd1a2f1
14:10:34.392 [main] DEBUG org.aspectj.weaver.loadtime.Aj - 14:10:34.392 main - o.a.w.l.Aj.preProcess o.a.w.l.Aj@b9afc07 j.i.l.ClassLoaders$PlatformClassLoader@1ad282e0, j.i.l.ClassLoaders$AppClassLoader@3cd1a2f1
14:10:34.392 [main] DEBUG o.a.weaver.tools.WeavingAdaptor - 14:10:34.392 main > o.a.w.t.WeavingAdaptor.weaveClass o.a.w.l.ClassLoaderWeavingAdaptor@140e5a13 org/junit/jupiter/api/extension/ReflectiveInvocationContext, byte[846]
14:10:34.392 [main] DEBUG org.aspectj.weaver.bcel.BcelWeaver - 14:10:34.392 main > o.a.w.b.BcelWeaver.weave o.a.w.b.BcelWeaver@48524010 o.a.w.t.WeavingAdaptor$WeavingClassFileProvider@20ab3e3a
14:10:34.392 [main] DEBUG org.aspectj.weaver.bcel.BcelWeaver - 14:10:34.392 main > o.a.w.b.BcelWeaver.weaveAndNotify o.a.w.b.BcelWeaver@48524010 o.a.w.b.UnwovenClassFile@6caf7803, o.a.w.b.BcelObjectType@709ed6f3, o.a.w.t.WeavingAdaptor$WeavingClassFileProvider$1@698fee9a
14:10:34.393 [main] DEBUG org.aspectj.weaver.bcel.BcelWeaver - 14:10:34.393 main < o.a.w.b.BcelWeaver.weaveAndNotify
14:10:34.393 [main] DEBUG org.aspectj.weaver.bcel.BcelWeaver - 14:10:34.393 main < o.a.w.b.BcelWeaver.weave java.util.ArrayList(1)
14:10:34.393 [main] DEBUG o.a.weaver.tools.WeavingAdaptor - 14:10:34.393 main < o.a.w.t.WeavingAdaptor.weaveClass byte[846]
14:10:34.393 [main] DEBUG org.aspectj.weaver.Dump - 14:10:34.393 main > o.a.w.Dump.dumpOnExit o.a.w.t.WeavingAdaptor$WeavingAdaptorMessageHolder@6a6afff2
14:10:34.393 [main] DEBUG org.aspectj.weaver.Dump - 14:10:34.393 main > o.a.w.Dump.shouldDumpOnExit o.a.w.t.WeavingAdaptor$WeavingAdaptorMessageHolder@6a6afff2
14:10:34.393 [main] DEBUG org.aspectj.weaver.Dump - 14:10:34.393 main - o.a.w.Dump.shouldDumpOnExit abort
14:10:34.393 [main] DEBUG org.aspectj.weaver.Dump - 14:10:34.393 main < o.a.w.Dump.shouldDumpOnExit false
14:10:34.393 [main] DEBUG org.aspectj.weaver.Dump - 14:10:34.393 main < o.a.w.Dump.dumpOnExit Excluded
14:10:34.393 [main] DEBUG org.aspectj.weaver.loadtime.Aj - 14:10:34.393 main < o.a.w.l.Aj.preProcess byte[846]
14:10:34.396 [main] DEBUG org.aspectj.weaver.loadtime.Aj - 14:10:34.396 main > o.a.w.l.Aj.preProcess o.a.w.l.Aj@b9afc07 org/junit/jupiter/api/extension/InvocationInterceptor$Invocation, byte[1011], j.i.l.ClassLoaders$AppClassLoader@3cd1a2f1
14:10:34.396 [main] DEBUG org.aspectj.weaver.loadtime.Aj - 14:10:34.396 main - o.a.w.l.Aj.preProcess o.a.w.l.Aj@b9afc07 j.i.l.ClassLoaders$PlatformClassLoader@1ad282e0, j.i.l.ClassLoaders$AppClassLoader@3cd1a2f1
14:10:34.396 [main] DEBUG o.a.weaver.tools.WeavingAdaptor - 14:10:34.396 main > o.a.w.t.WeavingAdaptor.weaveClass o.a.w.l.ClassLoaderWeavingAdaptor@140e5a13 org/junit/jupiter/api/extension/InvocationInterceptor$Invocation, byte[1011]
14:10:34.397 [main] DEBUG org.aspectj.weaver.bcel.BcelWeaver - 14:10:34.397 main > o.a.w.b.BcelWeaver.weave o.a.w.b.BcelWeaver@48524010 o.a.w.t.WeavingAdaptor$WeavingClassFileProvider@1716e8c5
14:10:34.397 [main] DEBUG org.aspectj.weaver.bcel.BcelWeaver - 14:10:34.397 main > o.a.w.b.BcelWeaver.weaveAndNotify o.a.w.b.BcelWeaver@48524010 o.a.w.b.UnwovenClassFile@6573d2f7, o.a.w.b.BcelObjectType@4052c8c2, o.a.w.t.WeavingAdaptor$WeavingClassFileProvider$1@181b8c4b
14:10:34.399 [main] DEBUG org.aspectj.weaver.bcel.BcelWeaver - 14:10:34.399 main < o.a.w.b.BcelWeaver.weaveAndNotify
14:10:34.400 [main] DEBUG org.aspectj.weaver.bcel.BcelWeaver - 14:10:34.400 main < o.a.w.b.BcelWeaver.weave java.util.ArrayList(1)
14:10:34.400 [main] DEBUG o.a.weaver.tools.WeavingAdaptor - 14:10:34.400 main < o.a.w.t.WeavingAdaptor.weaveClass byte[1011]
14:10:34.400 [main] DEBUG org.aspectj.weaver.Dump - 14:10:34.400 main > o.a.w.Dump.dumpOnExit o.a.w.t.WeavingAdaptor$WeavingAdaptorMessageHolder@6a6afff2
14:10:34.400 [main] DEBUG org.aspectj.weaver.Dump - 14:10:34.400 main > o.a.w.Dump.shouldDumpOnExit o.a.w.t.WeavingAdaptor$WeavingAdaptorMessageHolder@6a6afff2
14:10:34.400 [main] DEBUG org.aspectj.weaver.Dump - 14:10:34.400 main - o.a.w.Dump.shouldDumpOnExit abort
14:10:34.400 [main] DEBUG org.aspectj.weaver.Dump - 14:10:34.400 main < o.a.w.Dump.shouldDumpOnExit false
14:10:34.400 [main] DEBUG org.aspectj.weaver.Dump - 14:10:34.400 main < o.a.w.Dump.dumpOnExit Excluded
14:10:34.400 [main] DEBUG org.aspectj.weaver.loadtime.Aj - 14:10:34.400 main < o.a.w.l.Aj.preProcess byte[1011]
14:10:34.454 [main] DEBUG org.aspectj.weaver.loadtime.Aj - 14:10:34.454 main > o.a.w.l.Aj.preProcess o.a.w.l.Aj@b9afc07 org/junit/jupiter/engine/execution/InvocationInterceptorChain, byte[5778], j.i.l.ClassLoaders$AppClassLoader@3cd1a2f1
14:10:34.454 [main] DEBUG org.aspectj.weaver.loadtime.Aj - 14:10:34.454 main - o.a.w.l.Aj.preProcess o.a.w.l.Aj@b9afc07 j.i.l.ClassLoaders$PlatformClassLoader@1ad282e0, j.i.l.ClassLoaders$AppClassLoader@3cd1a2f1
14:10:34.455 [main] DEBUG o.a.weaver.tools.WeavingAdaptor - 14:10:34.454 main > o.a.w.t.WeavingAdaptor.weaveClass o.a.w.l.ClassLoaderWeavingAdaptor@140e5a13 org/junit/jupiter/engine/execution/InvocationInterceptorChain, byte[5778]
14:10:34.455 [main] DEBUG org.aspectj.weaver.bcel.BcelWeaver - 14:10:34.455 main > o.a.w.b.BcelWeaver.weave o.a.w.b.BcelWeaver@48524010 o.a.w.t.WeavingAdaptor$WeavingClassFileProvider@518bfd90
14:10:34.455 [main] DEBUG org.aspectj.weaver.bcel.BcelWeaver - 14:10:34.455 main > o.a.w.b.BcelWeaver.weaveAndNotify o.a.w.b.BcelWeaver@48524010 o.a.w.b.UnwovenClassFile@317a118b, o.a.w.b.BcelObjectType@56dfab87, o.a.w.t.WeavingAdaptor$WeavingClassFileProvider$1@715b886f
14:10:34.457 [main] DEBUG org.aspectj.weaver.bcel.BcelWorld - 14:10:34.457 main - o.a.w.b.BcelWorld.lookupJavaClass o.a.w.l.LTWWorld@2b4a2ec7 org.junit.jupiter.engine.execution.InvocationInterceptorChain$InterceptorCall, o.a.a.b.c.JavaClass@18b8d173
14:10:34.462 [main] DEBUG org.aspectj.weaver.bcel.BcelWeaver - 14:10:34.462 main < o.a.w.b.BcelWeaver.weaveAndNotify
14:10:34.462 [main] DEBUG org.aspectj.weaver.bcel.BcelWeaver - 14:10:34.462 main < o.a.w.b.BcelWeaver.weave java.util.ArrayList(1)
14:10:34.462 [main] DEBUG o.a.weaver.tools.WeavingAdaptor - 14:10:34.462 main < o.a.w.t.WeavingAdaptor.weaveClass byte[5778]
14:10:34.462 [main] DEBUG org.aspectj.weaver.Dump - 14:10:34.462 main > o.a.w.Dump.dumpOnExit o.a.w.t.WeavingAdaptor$WeavingAdaptorMessageHolder@6a6afff2
14:10:34.462 [main] DEBUG org.aspectj.weaver.Dump - 14:10:34.462 main > o.a.w.Dump.shouldDumpOnExit o.a.w.t.WeavingAdaptor$WeavingAdaptorMessageHolder@6a6afff2
14:10:34.462 [main] DEBUG org.aspectj.weaver.Dump - 14:10:34.462 main - o.a.w.Dump.shouldDumpOnExit abort
14:10:34.462 [main] DEBUG org.aspectj.weaver.Dump - 14:10:34.462 main < o.a.w.Dump.shouldDumpOnExit false
14:10:34.462 [main] DEBUG org.aspectj.weaver.Dump - 14:10:34.462 main < o.a.w.Dump.dumpOnExit Excluded
14:10:34.462 [main] DEBUG org.aspectj.weaver.loadtime.Aj - 14:10:34.462 main < o.a.w.l.Aj.preProcess byte[5778]
14:10:34.464 [main] DEBUG org.aspectj.weaver.loadtime.Aj - 14:10:34.464 main > o.a.w.l.Aj.preProcess o.a.w.l.Aj@b9afc07 org/junit/jupiter/engine/descriptor/DisplayNameUtils, byte[7579], j.i.l.ClassLoaders$AppClassLoader@3cd1a2f1
14:10:34.464 [main] DEBUG org.aspectj.weaver.loadtime.Aj - 14:10:34.464 main - o.a.w.l.Aj.preProcess o.a.w.l.Aj@b9afc07 j.i.l.ClassLoaders$PlatformClassLoader@1ad282e0, j.i.l.ClassLoaders$AppClassLoader@3cd1a2f1
14:10:34.464 [main] DEBUG o.a.weaver.tools.WeavingAdaptor - 14:10:34.464 main > o.a.w.t.WeavingAdaptor.weaveClass o.a.w.l.ClassLoaderWeavingAdaptor@140e5a13 org/junit/jupiter/engine/descriptor/DisplayNameUtils, byte[7579]
14:10:34.468 [main] DEBUG org.aspectj.weaver.bcel.BcelWeaver - 14:10:34.468 main > o.a.w.b.BcelWeaver.weave o.a.w.b.BcelWeaver@48524010 o.a.w.t.WeavingAdaptor$WeavingClassFileProvider@176996c3
14:10:34.468 [main] DEBUG org.aspectj.weaver.bcel.BcelWeaver - 14:10:34.468 main > o.a.w.b.BcelWeaver.weaveAndNotify o.a.w.b.BcelWeaver@48524010 o.a.w.b.UnwovenClassFile@411c6d44, o.a.w.b.BcelObjectType@1687eb01, o.a.w.t.WeavingAdaptor$WeavingClassFileProvider$1@748d2277
14:10:34.468 [main] DEBUG org.aspectj.weaver.bcel.BcelWeaver - 14:10:34.468 main < o.a.w.b.BcelWeaver.weaveAndNotify
14:10:34.469 [main] DEBUG org.aspectj.weaver.bcel.BcelWeaver - 14:10:34.468 main < o.a.w.b.BcelWeaver.weave java.util.ArrayList(1)
14:10:34.469 [main] DEBUG o.a.weaver.tools.WeavingAdaptor - 14:10:34.469 main < o.a.w.t.WeavingAdaptor.weaveClass byte[7579]
14:10:34.469 [main] DEBUG org.aspectj.weaver.Dump - 14:10:34.469 main > o.a.w.Dump.dumpOnExit o.a.w.t.WeavingAdaptor$WeavingAdaptorMessageHolder@6a6afff2
14:10:34.469 [main] DEBUG org.aspectj.weaver.Dump - 14:10:34.469 main > o.a.w.Dump.shouldDumpOnExit o.a.w.t.WeavingAdaptor$WeavingAdaptorMessageHolder@6a6afff2
14:10:34.469 [main] DEBUG org.aspectj.weaver.Dump - 14:10:34.469 main - o.a.w.Dump.shouldDumpOnExit abort
14:10:34.469 [main] DEBUG org.aspectj.weaver.Dump - 14:10:34.469 main < o.a.w.Dump.shouldDumpOnExit false
14:10:34.469 [main] DEBUG org.aspectj.weaver.Dump - 14:10:34.469 main < o.a.w.Dump.dumpOnExit Excluded
14:10:34.469 [main] DEBUG org.aspectj.weaver.loadtime.Aj - 14:10:34.469 main < o.a.w.l.Aj.preProcess byte[7579]
14:10:34.470 [main] DEBUG org.aspectj.weaver.loadtime.Aj - 14:10:34.470 main > o.a.w.l.Aj.preProcess o.a.w.l.Aj@b9afc07 org/junit/jupiter/api/DisplayNameGenerator$Standard, byte[1883], j.i.l.ClassLoaders$AppClassLoader@3cd1a2f1
14:10:34.471 [main] DEBUG org.aspectj.weaver.loadtime.Aj - 14:10:34.471 main - o.a.w.l.Aj.preProcess o.a.w.l.Aj@b9afc07 j.i.l.ClassLoaders$PlatformClassLoader@1ad282e0, j.i.l.ClassLoaders$AppClassLoader@3cd1a2f1
14:10:34.471 [main] DEBUG o.a.weaver.tools.WeavingAdaptor - 14:10:34.471 main > o.a.w.t.WeavingAdaptor.weaveClass o.a.w.l.ClassLoaderWeavingAdaptor@140e5a13 org/junit/jupiter/api/DisplayNameGenerator$Standard, byte[1883]
14:10:34.471 [main] DEBUG org.aspectj.weaver.bcel.BcelWeaver - 14:10:34.471 main > o.a.w.b.BcelWeaver.weave o.a.w.b.BcelWeaver@48524010 o.a.w.t.WeavingAdaptor$WeavingClassFileProvider@3a082ff4
14:10:34.471 [main] DEBUG org.aspectj.weaver.bcel.BcelWeaver - 14:10:34.471 main > o.a.w.b.BcelWeaver.weaveAndNotify o.a.w.b.BcelWeaver@48524010 o.a.w.b.UnwovenClassFile@45acdd11, o.a.w.b.BcelObjectType@3f0d6038, o.a.w.t.WeavingAdaptor$WeavingClassFileProvider$1@237f7970
14:10:34.472 [main] DEBUG org.aspectj.weaver.bcel.BcelWeaver - 14:10:34.472 main < o.a.w.b.BcelWeaver.weaveAndNotify
14:10:34.472 [main] DEBUG org.aspectj.weaver.bcel.BcelWeaver - 14:10:34.472 main < o.a.w.b.BcelWeaver.weave java.util.ArrayList(1)
14:10:34.472 [main] DEBUG o.a.weaver.tools.WeavingAdaptor - 14:10:34.472 main < o.a.w.t.WeavingAdaptor.weaveClass byte[1883]
14:10:34.472 [main] DEBUG org.aspectj.weaver.Dump - 14:10:34.472 main > o.a.w.Dump.dumpOnExit o.a.w.t.WeavingAdaptor$WeavingAdaptorMessageHolder@6a6afff2
14:10:34.472 [main] DEBUG org.aspectj.weaver.Dump - 14:10:34.472 main > o.a.w.Dump.shouldDumpOnExit o.a.w.t.WeavingAdaptor$WeavingAdaptorMessageHolder@6a6afff2
14:10:34.472 [main] DEBUG org.aspectj.weaver.Dump - 14:10:34.472 main - o.a.w.Dump.shouldDumpOnExit abort
14:10:34.472 [main] DEBUG org.aspectj.weaver.Dump - 14:10:34.472 main < o.a.w.Dump.shouldDumpOnExit false
14:10:34.472 [main] DEBUG org.aspectj.weaver.Dump - 14:10:34.472 main < o.a.w.Dump.dumpOnExit Excluded
14:10:34.472 [main] DEBUG org.aspectj.weaver.loadtime.Aj - 14:10:34.472 main < o.a.w.l.Aj.preProcess byte[1883]
14:10:34.473 [main] DEBUG org.aspectj.weaver.loadtime.Aj - 14:10:34.473 main > o.a.w.l.Aj.preProcess o.a.w.l.Aj@b9afc07 org/junit/jupiter/api/DisplayNameGenerator$Simple, byte[1685], j.i.l.ClassLoaders$AppClassLoader@3cd1a2f1
14:10:34.473 [main] DEBUG org.aspectj.weaver.loadtime.Aj - 14:10:34.473 main - o.a.w.l.Aj.preProcess o.a.w.l.Aj@b9afc07 j.i.l.ClassLoaders$PlatformClassLoader@1ad282e0, j.i.l.ClassLoaders$AppClassLoader@3cd1a2f1
14:10:34.473 [main] DEBUG o.a.weaver.tools.WeavingAdaptor - 14:10:34.473 main > o.a.w.t.WeavingAdaptor.weaveClass o.a.w.l.ClassLoaderWeavingAdaptor@140e5a13 org/junit/jupiter/api/DisplayNameGenerator$Simple, byte[1685]
14:10:34.474 [main] DEBUG org.aspectj.weaver.bcel.BcelWeaver - 14:10:34.474 main > o.a.w.b.BcelWeaver.weave o.a.w.b.BcelWeaver@48524010 o.a.w.t.WeavingAdaptor$WeavingClassFileProvider@22eaa86e
14:10:34.474 [main] DEBUG org.aspectj.weaver.bcel.BcelWeaver - 14:10:34.474 main > o.a.w.b.BcelWeaver.weaveAndNotify o.a.w.b.BcelWeaver@48524010 o.a.w.b.UnwovenClassFile@561b7d53, o.a.w.b.BcelObjectType@1cc680e, o.a.w.t.WeavingAdaptor$WeavingClassFileProvider$1@1dc3502b
14:10:34.475 [main] DEBUG org.aspectj.weaver.bcel.BcelWeaver - 14:10:34.475 main < o.a.w.b.BcelWeaver.weaveAndNotify
14:10:34.475 [main] DEBUG org.aspectj.weaver.bcel.BcelWeaver - 14:10:34.475 main < o.a.w.b.BcelWeaver.weave java.util.ArrayList(1)
14:10:34.475 [main] DEBUG o.a.weaver.tools.WeavingAdaptor - 14:10:34.475 main < o.a.w.t.WeavingAdaptor.weaveClass byte[1685]
14:10:34.475 [main] DEBUG org.aspectj.weaver.Dump - 14:10:34.475 main > o.a.w.Dump.dumpOnExit o.a.w.t.WeavingAdaptor$WeavingAdaptorMessageHolder@6a6afff2
14:10:34.475 [main] DEBUG org.aspectj.weaver.Dump - 14:10:34.475 main > o.a.w.Dump.shouldDumpOnExit o.a.w.t.WeavingAdaptor$WeavingAdaptorMessageHolder@6a6afff2
14:10:34.475 [main] DEBUG org.aspectj.weaver.Dump - 14:10:34.475 main - o.a.w.Dump.shouldDumpOnExit abort
14:10:34.475 [main] DEBUG org.aspectj.weaver.Dump - 14:10:34.475 main < o.a.w.Dump.shouldDumpOnExit false
14:10:34.475 [main] DEBUG org.aspectj.weaver.Dump - 14:10:34.475 main < o.a.w.Dump.dumpOnExit Excluded
14:10:34.475 [main] DEBUG org.aspectj.weaver.loadtime.Aj - 14:10:34.475 main < o.a.w.l.Aj.preProcess byte[1685]
14:10:34.476 [main] DEBUG org.aspectj.weaver.loadtime.Aj - 14:10:34.476 main > o.a.w.l.Aj.preProcess o.a.w.l.Aj@b9afc07 org/junit/jupiter/api/DisplayNameGenerator$ReplaceUnderscores, byte[1701], j.i.l.ClassLoaders$AppClassLoader@3cd1a2f1
14:10:34.476 [main] DEBUG org.aspectj.weaver.loadtime.Aj - 14:10:34.476 main - o.a.w.l.Aj.preProcess o.a.w.l.Aj@b9afc07 j.i.l.ClassLoaders$PlatformClassLoader@1ad282e0, j.i.l.ClassLoaders$AppClassLoader@3cd1a2f1
14:10:34.476 [main] DEBUG o.a.weaver.tools.WeavingAdaptor - 14:10:34.476 main > o.a.w.t.WeavingAdaptor.weaveClass o.a.w.l.ClassLoaderWeavingAdaptor@140e5a13 org/junit/jupiter/api/DisplayNameGenerator$ReplaceUnderscores, byte[1701]
14:10:34.477 [main] DEBUG org.aspectj.weaver.bcel.BcelWeaver - 14:10:34.477 main > o.a.w.b.BcelWeaver.weave o.a.w.b.BcelWeaver@48524010 o.a.w.t.WeavingAdaptor$WeavingClassFileProvider@6f94fb9d
14:10:34.477 [main] DEBUG org.aspectj.weaver.bcel.BcelWeaver - 14:10:34.477 main > o.a.w.b.BcelWeaver.weaveAndNotify o.a.w.b.BcelWeaver@48524010 o.a.w.b.UnwovenClassFile@17fa1336, o.a.w.b.BcelObjectType@4228bf58, o.a.w.t.WeavingAdaptor$WeavingClassFileProvider$1@68b9834c
14:10:34.477 [main] DEBUG org.aspectj.weaver.bcel.BcelWeaver - 14:10:34.477 main < o.a.w.b.BcelWeaver.weaveAndNotify
14:10:34.477 [main] DEBUG org.aspectj.weaver.bcel.BcelWeaver - 14:10:34.477 main < o.a.w.b.BcelWeaver.weave java.util.ArrayList(1)
14:10:34.477 [main] DEBUG o.a.weaver.tools.WeavingAdaptor - 14:10:34.477 main < o.a.w.t.WeavingAdaptor.weaveClass byte[1701]
14:10:34.477 [main] DEBUG org.aspectj.weaver.Dump - 14:10:34.477 main > o.a.w.Dump.dumpOnExit o.a.w.t.WeavingAdaptor$WeavingAdaptorMessageHolder@6a6afff2
14:10:34.477 [main] DEBUG org.aspectj.weaver.Dump - 14:10:34.477 main > o.a.w.Dump.shouldDumpOnExit o.a.w.t.WeavingAdaptor$WeavingAdaptorMessageHolder@6a6afff2
14:10:34.477 [main] DEBUG org.aspectj.weaver.Dump - 14:10:34.477 main - o.a.w.Dump.shouldDumpOnExit abort
14:10:34.477 [main] DEBUG org.aspectj.weaver.Dump - 14:10:34.477 main < o.a.w.Dump.shouldDumpOnExit false
14:10:34.477 [main] DEBUG org.aspectj.weaver.Dump - 14:10:34.477 main < o.a.w.Dump.dumpOnExit Excluded
14:10:34.477 [main] DEBUG org.aspectj.weaver.loadtime.Aj - 14:10:34.477 main < o.a.w.l.Aj.preProcess byte[1701]
14:10:34.479 [main] DEBUG org.aspectj.weaver.loadtime.Aj - 14:10:34.479 main > o.a.w.l.Aj.preProcess o.a.w.l.Aj@b9afc07 org/junit/jupiter/api/DisplayNameGenerator$IndicativeSentences, byte[6470], j.i.l.ClassLoaders$AppClassLoader@3cd1a2f1
14:10:34.480 [main] DEBUG org.aspectj.weaver.loadtime.Aj - 14:10:34.480 main - o.a.w.l.Aj.preProcess o.a.w.l.Aj@b9afc07 j.i.l.ClassLoaders$PlatformClassLoader@1ad282e0, j.i.l.ClassLoaders$AppClassLoader@3cd1a2f1
14:10:34.480 [main] DEBUG o.a.weaver.tools.WeavingAdaptor - 14:10:34.480 main > o.a.w.t.WeavingAdaptor.weaveClass o.a.w.l.ClassLoaderWeavingAdaptor@140e5a13 org/junit/jupiter/api/DisplayNameGenerator$IndicativeSentences, byte[6470]
14:10:34.480 [main] DEBUG org.aspectj.weaver.bcel.BcelWeaver - 14:10:34.480 main > o.a.w.b.BcelWeaver.weave o.a.w.b.BcelWeaver@48524010 o.a.w.t.WeavingAdaptor$WeavingClassFileProvider@25aeb5ac
14:10:34.480 [main] DEBUG org.aspectj.weaver.bcel.BcelWeaver - 14:10:34.480 main > o.a.w.b.BcelWeaver.weaveAndNotify o.a.w.b.BcelWeaver@48524010 o.a.w.b.UnwovenClassFile@c755b2, o.a.w.b.BcelObjectType@3bd2af5b, o.a.w.t.WeavingAdaptor$WeavingClassFileProvider$1@250a500b
14:10:34.481 [main] DEBUG org.aspectj.weaver.bcel.BcelWeaver - 14:10:34.481 main < o.a.w.b.BcelWeaver.weaveAndNotify
14:10:34.481 [main] DEBUG org.aspectj.weaver.bcel.BcelWeaver - 14:10:34.481 main < o.a.w.b.BcelWeaver.weave java.util.ArrayList(1)
14:10:34.483 [main] DEBUG o.a.weaver.tools.WeavingAdaptor - 14:10:34.481 main < o.a.w.t.WeavingAdaptor.weaveClass byte[6470]
14:10:34.483 [main] DEBUG org.aspectj.weaver.Dump - 14:10:34.483 main > o.a.w.Dump.dumpOnExit o.a.w.t.WeavingAdaptor$WeavingAdaptorMessageHolder@6a6afff2
14:10:34.483 [main] DEBUG org.aspectj.weaver.Dump - 14:10:34.483 main > o.a.w.Dump.shouldDumpOnExit o.a.w.t.WeavingAdaptor$WeavingAdaptorMessageHolder@6a6afff2
14:10:34.483 [main] DEBUG org.aspectj.weaver.Dump - 14:10:34.483 main - o.a.w.Dump.shouldDumpOnExit abort
14:10:34.483 [main] DEBUG org.aspectj.weaver.Dump - 14:10:34.483 main < o.a.w.Dump.shouldDumpOnExit false
14:10:34.483 [main] DEBUG org.aspectj.weaver.Dump - 14:10:34.483 main < o.a.w.Dump.dumpOnExit Excluded
14:10:34.483 [main] DEBUG org.aspectj.weaver.loadtime.Aj - 14:10:34.483 main < o.a.w.l.Aj.preProcess byte[6470]
14:10:34.487 [main] DEBUG org.aspectj.weaver.loadtime.Aj - 14:10:34.487 main > o.a.w.l.Aj.preProcess o.a.w.l.Aj@b9afc07 org/junit/platform/engine/support/descriptor/ClassSource, byte[6999], j.i.l.ClassLoaders$AppClassLoader@3cd1a2f1
14:10:34.487 [main] DEBUG org.aspectj.weaver.loadtime.Aj - 14:10:34.487 main - o.a.w.l.Aj.preProcess o.a.w.l.Aj@b9afc07 j.i.l.ClassLoaders$PlatformClassLoader@1ad282e0, j.i.l.ClassLoaders$AppClassLoader@3cd1a2f1
14:10:34.487 [main] DEBUG o.a.weaver.tools.WeavingAdaptor - 14:10:34.487 main > o.a.w.t.WeavingAdaptor.weaveClass o.a.w.l.ClassLoaderWeavingAdaptor@140e5a13 org/junit/platform/engine/support/descriptor/ClassSource, byte[6999]
14:10:34.487 [main] DEBUG org.aspectj.weaver.bcel.BcelWeaver - 14:10:34.487 main > o.a.w.b.BcelWeaver.weave o.a.w.b.BcelWeaver@48524010 o.a.w.t.WeavingAdaptor$WeavingClassFileProvider@372ca2d6
14:10:34.488 [main] DEBUG org.aspectj.weaver.bcel.BcelWeaver - 14:10:34.487 main > o.a.w.b.BcelWeaver.weaveAndNotify o.a.w.b.BcelWeaver@48524010 o.a.w.b.UnwovenClassFile@3204e238, o.a.w.b.BcelObjectType@38ed139b, o.a.w.t.WeavingAdaptor$WeavingClassFileProvider$1@a5272be
14:10:34.489 [main] DEBUG org.aspectj.weaver.bcel.BcelWorld - 14:10:34.489 main - o.a.w.b.BcelWorld.lookupJavaClass o.a.w.l.LTWWorld@2b4a2ec7 org.junit.platform.engine.support.descriptor.FilePosition, o.a.a.b.c.JavaClass@1d9bd4da
14:10:34.491 [main] DEBUG org.aspectj.weaver.bcel.BcelWorld - 14:10:34.491 main - o.a.w.b.BcelWorld.lookupJavaClass o.a.w.l.LTWWorld@2b4a2ec7 org.junit.platform.commons.PreconditionViolationException, o.a.a.b.c.JavaClass@934b52f
14:10:34.491 [main] DEBUG org.aspectj.weaver.bcel.BcelWeaver - 14:10:34.491 main < o.a.w.b.BcelWeaver.weaveAndNotify
14:10:34.491 [main] DEBUG org.aspectj.weaver.bcel.BcelWeaver - 14:10:34.491 main < o.a.w.b.BcelWeaver.weave java.util.ArrayList(1)
14:10:34.491 [main] DEBUG o.a.weaver.tools.WeavingAdaptor - 14:10:34.491 main < o.a.w.t.WeavingAdaptor.weaveClass byte[6999]
14:10:34.491 [main] DEBUG org.aspectj.weaver.Dump - 14:10:34.491 main > o.a.w.Dump.dumpOnExit o.a.w.t.WeavingAdaptor$WeavingAdaptorMessageHolder@6a6afff2
14:10:34.491 [main] DEBUG org.aspectj.weaver.Dump - 14:10:34.491 main > o.a.w.Dump.shouldDumpOnExit o.a.w.t.WeavingAdaptor$WeavingAdaptorMessageHolder@6a6afff2
14:10:34.491 [main] DEBUG org.aspectj.weaver.Dump - 14:10:34.491 main - o.a.w.Dump.shouldDumpOnExit abort
14:10:34.491 [main] DEBUG org.aspectj.weaver.Dump - 14:10:34.491 main < o.a.w.Dump.shouldDumpOnExit false
14:10:34.491 [main] DEBUG org.aspectj.weaver.Dump - 14:10:34.491 main < o.a.w.Dump.dumpOnExit Excluded
14:10:34.492 [main] DEBUG org.aspectj.weaver.loadtime.Aj - 14:10:34.491 main < o.a.w.l.Aj.preProcess byte[6999]
14:10:34.495 [main] DEBUG org.aspectj.weaver.loadtime.Aj - 14:10:34.494 main > o.a.w.l.Aj.preProcess o.a.w.l.Aj@b9afc07 org/junit/jupiter/api/DisplayNameGeneration, byte[829], j.i.l.ClassLoaders$AppClassLoader@3cd1a2f1
14:10:34.495 [main] DEBUG org.aspectj.weaver.loadtime.Aj - 14:10:34.495 main - o.a.w.l.Aj.preProcess o.a.w.l.Aj@b9afc07 j.i.l.ClassLoaders$PlatformClassLoader@1ad282e0, j.i.l.ClassLoaders$AppClassLoader@3cd1a2f1
14:10:34.495 [main] DEBUG o.a.weaver.tools.WeavingAdaptor - 14:10:34.495 main > o.a.w.t.WeavingAdaptor.weaveClass o.a.w.l.ClassLoaderWeavingAdaptor@140e5a13 org/junit/jupiter/api/DisplayNameGeneration, byte[829]
14:10:34.499 [main] DEBUG org.aspectj.weaver.bcel.BcelWeaver - 14:10:34.499 main > o.a.w.b.BcelWeaver.weave o.a.w.b.BcelWeaver@48524010 o.a.w.t.WeavingAdaptor$WeavingClassFileProvider@2938127d
14:10:34.500 [main] DEBUG org.aspectj.weaver.bcel.BcelWeaver - 14:10:34.499 main > o.a.w.b.BcelWeaver.weaveAndNotify o.a.w.b.BcelWeaver@48524010 o.a.w.b.UnwovenClassFile@127a7272, o.a.w.b.BcelObjectType@ff23ae7, o.a.w.t.WeavingAdaptor$WeavingClassFileProvider$1@423b2b62
14:10:34.501 [main] DEBUG org.aspectj.weaver.bcel.BcelWeaver - 14:10:34.501 main < o.a.w.b.BcelWeaver.weaveAndNotify
14:10:34.501 [main] DEBUG org.aspectj.weaver.bcel.BcelWeaver - 14:10:34.501 main < o.a.w.b.BcelWeaver.weave java.util.ArrayList(1)
14:10:34.501 [main] DEBUG o.a.weaver.tools.WeavingAdaptor - 14:10:34.501 main < o.a.w.t.WeavingAdaptor.weaveClass byte[829]
14:10:34.501 [main] DEBUG org.aspectj.weaver.Dump - 14:10:34.501 main > o.a.w.Dump.dumpOnExit o.a.w.t.WeavingAdaptor$WeavingAdaptorMessageHolder@6a6afff2
14:10:34.501 [main] DEBUG org.aspectj.weaver.Dump - 14:10:34.501 main > o.a.w.Dump.shouldDumpOnExit o.a.w.t.WeavingAdaptor$WeavingAdaptorMessageHolder@6a6afff2
14:10:34.501 [main] DEBUG org.aspectj.weaver.Dump - 14:10:34.501 main - o.a.w.Dump.shouldDumpOnExit abort
14:10:34.501 [main] DEBUG org.aspectj.weaver.Dump - 14:10:34.501 main < o.a.w.Dump.shouldDumpOnExit false
14:10:34.501 [main] DEBUG org.aspectj.weaver.Dump - 14:10:34.501 main < o.a.w.Dump.dumpOnExit Excluded
14:10:34.501 [main] DEBUG org.aspectj.weaver.loadtime.Aj - 14:10:34.501 main < o.a.w.l.Aj.preProcess byte[829]
14:10:34.516 [main] DEBUG org.aspectj.weaver.loadtime.Aj - 14:10:34.516 main > o.a.w.l.Aj.preProcess o.a.w.l.Aj@b9afc07 org/junit/jupiter/api/Tag, byte[795], j.i.l.ClassLoaders$AppClassLoader@3cd1a2f1
14:10:34.516 [main] DEBUG org.aspectj.weaver.loadtime.Aj - 14:10:34.516 main - o.a.w.l.Aj.preProcess o.a.w.l.Aj@b9afc07 j.i.l.ClassLoaders$PlatformClassLoader@1ad282e0, j.i.l.ClassLoaders$AppClassLoader@3cd1a2f1
14:10:34.516 [main] DEBUG o.a.weaver.tools.WeavingAdaptor - 14:10:34.516 main > o.a.w.t.WeavingAdaptor.weaveClass o.a.w.l.ClassLoaderWeavingAdaptor@140e5a13 org/junit/jupiter/api/Tag, byte[795]
14:10:34.516 [main] DEBUG org.aspectj.weaver.bcel.BcelWeaver - 14:10:34.516 main > o.a.w.b.BcelWeaver.weave o.a.w.b.BcelWeaver@48524010 o.a.w.t.WeavingAdaptor$WeavingClassFileProvider@4996c99
14:10:34.517 [main] DEBUG org.aspectj.weaver.bcel.BcelWeaver - 14:10:34.516 main > o.a.w.b.BcelWeaver.weaveAndNotify o.a.w.b.BcelWeaver@48524010 o.a.w.b.UnwovenClassFile@1b956cfa, o.a.w.b.BcelObjectType@315f09ef, o.a.w.t.WeavingAdaptor$WeavingClassFileProvider$1@3a66e67e
14:10:34.517 [main] DEBUG org.aspectj.weaver.bcel.BcelWeaver - 14:10:34.517 main < o.a.w.b.BcelWeaver.weaveAndNotify
14:10:34.517 [main] DEBUG org.aspectj.weaver.bcel.BcelWeaver - 14:10:34.517 main < o.a.w.b.BcelWeaver.weave java.util.ArrayList(1)
14:10:34.517 [main] DEBUG o.a.weaver.tools.WeavingAdaptor - 14:10:34.517 main < o.a.w.t.WeavingAdaptor.weaveClass byte[795]
14:10:34.517 [main] DEBUG org.aspectj.weaver.Dump - 14:10:34.517 main > o.a.w.Dump.dumpOnExit o.a.w.t.WeavingAdaptor$WeavingAdaptorMessageHolder@6a6afff2
14:10:34.517 [main] DEBUG org.aspectj.weaver.Dump - 14:10:34.517 main > o.a.w.Dump.shouldDumpOnExit o.a.w.t.WeavingAdaptor$WeavingAdaptorMessageHolder@6a6afff2
14:10:34.517 [main] DEBUG org.aspectj.weaver.Dump - 14:10:34.517 main - o.a.w.Dump.shouldDumpOnExit abort
14:10:34.517 [main] DEBUG org.aspectj.weaver.Dump - 14:10:34.517 main < o.a.w.Dump.shouldDumpOnExit false
14:10:34.517 [main] DEBUG org.aspectj.weaver.Dump - 14:10:34.517 main < o.a.w.Dump.dumpOnExit Excluded
14:10:34.517 [main] DEBUG org.aspectj.weaver.loadtime.Aj - 14:10:34.517 main < o.a.w.l.Aj.preProcess byte[795]
14:10:34.520 [main] DEBUG org.aspectj.weaver.loadtime.Aj - 14:10:34.520 main > o.a.w.l.Aj.preProcess o.a.w.l.Aj@b9afc07 org/junit/jupiter/api/Tags, byte[731], j.i.l.ClassLoaders$AppClassLoader@3cd1a2f1
14:10:34.520 [main] DEBUG org.aspectj.weaver.loadtime.Aj - 14:10:34.520 main - o.a.w.l.Aj.preProcess o.a.w.l.Aj@b9afc07 j.i.l.ClassLoaders$PlatformClassLoader@1ad282e0, j.i.l.ClassLoaders$AppClassLoader@3cd1a2f1
14:10:34.520 [main] DEBUG o.a.weaver.tools.WeavingAdaptor - 14:10:34.520 main > o.a.w.t.WeavingAdaptor.weaveClass o.a.w.l.ClassLoaderWeavingAdaptor@140e5a13 org/junit/jupiter/api/Tags, byte[731]
14:10:34.520 [main] DEBUG org.aspectj.weaver.bcel.BcelWeaver - 14:10:34.520 main > o.a.w.b.BcelWeaver.weave o.a.w.b.BcelWeaver@48524010 o.a.w.t.WeavingAdaptor$WeavingClassFileProvider@51d387d3
14:10:34.520 [main] DEBUG org.aspectj.weaver.bcel.BcelWeaver - 14:10:34.520 main > o.a.w.b.BcelWeaver.weaveAndNotify o.a.w.b.BcelWeaver@48524010 o.a.w.b.UnwovenClassFile@2370ac7a, o.a.w.b.BcelObjectType@534180a2, o.a.w.t.WeavingAdaptor$WeavingClassFileProvider$1@6cf0a747
14:10:34.521 [main] DEBUG org.aspectj.weaver.bcel.BcelWeaver - 14:10:34.521 main < o.a.w.b.BcelWeaver.weaveAndNotify
14:10:34.521 [main] DEBUG org.aspectj.weaver.bcel.BcelWeaver - 14:10:34.521 main < o.a.w.b.BcelWeaver.weave java.util.ArrayList(1)
14:10:34.521 [main] DEBUG o.a.weaver.tools.WeavingAdaptor - 14:10:34.521 main < o.a.w.t.WeavingAdaptor.weaveClass byte[731]
14:10:34.521 [main] DEBUG org.aspectj.weaver.Dump - 14:10:34.521 main > o.a.w.Dump.dumpOnExit o.a.w.t.WeavingAdaptor$WeavingAdaptorMessageHolder@6a6afff2
14:10:34.521 [main] DEBUG org.aspectj.weaver.Dump - 14:10:34.521 main > o.a.w.Dump.shouldDumpOnExit o.a.w.t.WeavingAdaptor$WeavingAdaptorMessageHolder@6a6afff2
14:10:34.521 [main] DEBUG org.aspectj.weaver.Dump - 14:10:34.521 main - o.a.w.Dump.shouldDumpOnExit abort
14:10:34.521 [main] DEBUG org.aspectj.weaver.Dump - 14:10:34.521 main < o.a.w.Dump.shouldDumpOnExit false
14:10:34.521 [main] DEBUG org.aspectj.weaver.Dump - 14:10:34.521 main < o.a.w.Dump.dumpOnExit Excluded
14:10:34.521 [main] DEBUG org.aspectj.weaver.loadtime.Aj - 14:10:34.521 main < o.a.w.l.Aj.preProcess byte[731]
14:10:34.534 [main] DEBUG org.aspectj.weaver.loadtime.Aj - 14:10:34.534 main > o.a.w.l.Aj.preProcess o.a.w.l.Aj@b9afc07 org/junit/platform/engine/TestTag, byte[3777], j.i.l.ClassLoaders$AppClassLoader@3cd1a2f1
14:10:34.534 [main] DEBUG org.aspectj.weaver.loadtime.Aj - 14:10:34.534 main - o.a.w.l.Aj.preProcess o.a.w.l.Aj@b9afc07 j.i.l.ClassLoaders$PlatformClassLoader@1ad282e0, j.i.l.ClassLoaders$AppClassLoader@3cd1a2f1
14:10:34.534 [main] DEBUG o.a.weaver.tools.WeavingAdaptor - 14:10:34.534 main > o.a.w.t.WeavingAdaptor.weaveClass o.a.w.l.ClassLoaderWeavingAdaptor@140e5a13 org/junit/platform/engine/TestTag, byte[3777]
14:10:34.535 [main] DEBUG org.aspectj.weaver.bcel.BcelWeaver - 14:10:34.535 main > o.a.w.b.BcelWeaver.weave o.a.w.b.BcelWeaver@48524010 o.a.w.t.WeavingAdaptor$WeavingClassFileProvider@75de6341
14:10:34.535 [main] DEBUG org.aspectj.weaver.bcel.BcelWeaver - 14:10:34.535 main > o.a.w.b.BcelWeaver.weaveAndNotify o.a.w.b.BcelWeaver@48524010 o.a.w.b.UnwovenClassFile@74170687, o.a.w.b.BcelObjectType@68f0f72c, o.a.w.t.WeavingAdaptor$WeavingClassFileProvider$1@3d96fa9e
14:10:34.535 [main] DEBUG org.aspectj.weaver.bcel.BcelWeaver - 14:10:34.535 main < o.a.w.b.BcelWeaver.weaveAndNotify
14:10:34.535 [main] DEBUG org.aspectj.weaver.bcel.BcelWeaver - 14:10:34.535 main < o.a.w.b.BcelWeaver.weave java.util.ArrayList(1)
14:10:34.535 [main] DEBUG o.a.weaver.tools.WeavingAdaptor - 14:10:34.535 main < o.a.w.t.WeavingAdaptor.weaveClass byte[3777]
14:10:34.535 [main] DEBUG org.aspectj.weaver.Dump - 14:10:34.535 main > o.a.w.Dump.dumpOnExit o.a.w.t.WeavingAdaptor$WeavingAdaptorMessageHolder@6a6afff2
14:10:34.535 [main] DEBUG org.aspectj.weaver.Dump - 14:10:34.535 main > o.a.w.Dump.shouldDumpOnExit o.a.w.t.WeavingAdaptor$WeavingAdaptorMessageHolder@6a6afff2
14:10:34.536 [main] DEBUG org.aspectj.weaver.Dump - 14:10:34.536 main - o.a.w.Dump.shouldDumpOnExit abort
14:10:34.536 [main] DEBUG org.aspectj.weaver.Dump - 14:10:34.536 main < o.a.w.Dump.shouldDumpOnExit false
14:10:34.536 [main] DEBUG org.aspectj.weaver.Dump - 14:10:34.536 main < o.a.w.Dump.dumpOnExit Excluded
14:10:34.536 [main] DEBUG org.aspectj.weaver.loadtime.Aj - 14:10:34.536 main < o.a.w.l.Aj.preProcess byte[3777]
14:10:34.546 [main] DEBUG org.aspectj.weaver.loadtime.Aj - 14:10:34.546 main > o.a.w.l.Aj.preProcess o.a.w.l.Aj@b9afc07 org/junit/jupiter/engine/descriptor/TestInstanceLifecycleUtils, byte[2830], j.i.l.ClassLoaders$AppClassLoader@3cd1a2f1
14:10:34.546 [main] DEBUG org.aspectj.weaver.loadtime.Aj - 14:10:34.546 main - o.a.w.l.Aj.preProcess o.a.w.l.Aj@b9afc07 j.i.l.ClassLoaders$PlatformClassLoader@1ad282e0, j.i.l.ClassLoaders$AppClassLoader@3cd1a2f1
14:10:34.546 [main] DEBUG o.a.weaver.tools.WeavingAdaptor - 14:10:34.546 main > o.a.w.t.WeavingAdaptor.weaveClass o.a.w.l.ClassLoaderWeavingAdaptor@140e5a13 org/junit/jupiter/engine/descriptor/TestInstanceLifecycleUtils, byte[2830]
14:10:34.546 [main] DEBUG org.aspectj.weaver.bcel.BcelWeaver - 14:10:34.546 main > o.a.w.b.BcelWeaver.weave o.a.w.b.BcelWeaver@48524010 o.a.w.t.WeavingAdaptor$WeavingClassFileProvider@74fab04a
14:10:34.549 [main] DEBUG org.aspectj.weaver.bcel.BcelWeaver - 14:10:34.549 main > o.a.w.b.BcelWeaver.weaveAndNotify o.a.w.b.BcelWeaver@48524010 o.a.w.b.UnwovenClassFile@3c83468e, o.a.w.b.BcelObjectType@272ce069, o.a.w.t.WeavingAdaptor$WeavingClassFileProvider$1@3d7fb838
14:10:34.550 [main] DEBUG org.aspectj.weaver.bcel.BcelWeaver - 14:10:34.550 main < o.a.w.b.BcelWeaver.weaveAndNotify
14:10:34.550 [main] DEBUG org.aspectj.weaver.bcel.BcelWeaver - 14:10:34.550 main < o.a.w.b.BcelWeaver.weave java.util.ArrayList(1)
14:10:34.550 [main] DEBUG o.a.weaver.tools.WeavingAdaptor - 14:10:34.550 main < o.a.w.t.WeavingAdaptor.weaveClass byte[2830]
14:10:34.550 [main] DEBUG org.aspectj.weaver.Dump - 14:10:34.550 main > o.a.w.Dump.dumpOnExit o.a.w.t.WeavingAdaptor$WeavingAdaptorMessageHolder@6a6afff2
14:10:34.550 [main] DEBUG org.aspectj.weaver.Dump - 14:10:34.550 main > o.a.w.Dump.shouldDumpOnExit o.a.w.t.WeavingAdaptor$WeavingAdaptorMessageHolder@6a6afff2
14:10:34.550 [main] DEBUG org.aspectj.weaver.Dump - 14:10:34.550 main - o.a.w.Dump.shouldDumpOnExit abort
14:10:34.550 [main] DEBUG org.aspectj.weaver.Dump - 14:10:34.550 main < o.a.w.Dump.shouldDumpOnExit false
14:10:34.550 [main] DEBUG org.aspectj.weaver.Dump - 14:10:34.550 main < o.a.w.Dump.dumpOnExit Excluded
14:10:34.550 [main] DEBUG org.aspectj.weaver.loadtime.Aj - 14:10:34.550 main < o.a.w.l.Aj.preProcess byte[2830]
14:10:34.551 [main] DEBUG org.aspectj.weaver.loadtime.Aj - 14:10:34.551 main > o.a.w.l.Aj.preProcess o.a.w.l.Aj@b9afc07 org/junit/jupiter/api/TestInstance, byte[821], j.i.l.ClassLoaders$AppClassLoader@3cd1a2f1
14:10:34.552 [main] DEBUG org.aspectj.weaver.loadtime.Aj - 14:10:34.551 main - o.a.w.l.Aj.preProcess o.a.w.l.Aj@b9afc07 j.i.l.ClassLoaders$PlatformClassLoader@1ad282e0, j.i.l.ClassLoaders$AppClassLoader@3cd1a2f1
14:10:34.552 [main] DEBUG o.a.weaver.tools.WeavingAdaptor - 14:10:34.552 main > o.a.w.t.WeavingAdaptor.weaveClass o.a.w.l.ClassLoaderWeavingAdaptor@140e5a13 org/junit/jupiter/api/TestInstance, byte[821]
14:10:34.552 [main] DEBUG org.aspectj.weaver.bcel.BcelWeaver - 14:10:34.552 main > o.a.w.b.BcelWeaver.weave o.a.w.b.BcelWeaver@48524010 o.a.w.t.WeavingAdaptor$WeavingClassFileProvider@100c8b75
14:10:34.552 [main] DEBUG org.aspectj.weaver.bcel.BcelWeaver - 14:10:34.552 main > o.a.w.b.BcelWeaver.weaveAndNotify o.a.w.b.BcelWeaver@48524010 o.a.w.b.UnwovenClassFile@2bc378f7, o.a.w.b.BcelObjectType@268cbb86, o.a.w.t.WeavingAdaptor$WeavingClassFileProvider$1@10f7918f
14:10:34.553 [main] DEBUG org.aspectj.weaver.bcel.BcelWeaver - 14:10:34.553 main < o.a.w.b.BcelWeaver.weaveAndNotify
14:10:34.553 [main] DEBUG org.aspectj.weaver.bcel.BcelWeaver - 14:10:34.553 main < o.a.w.b.BcelWeaver.weave java.util.ArrayList(1)
14:10:34.553 [main] DEBUG o.a.weaver.tools.WeavingAdaptor - 14:10:34.553 main < o.a.w.t.WeavingAdaptor.weaveClass byte[821]
14:10:34.553 [main] DEBUG org.aspectj.weaver.Dump - 14:10:34.553 main > o.a.w.Dump.dumpOnExit o.a.w.t.WeavingAdaptor$WeavingAdaptorMessageHolder@6a6afff2
14:10:34.553 [main] DEBUG org.aspectj.weaver.Dump - 14:10:34.553 main > o.a.w.Dump.shouldDumpOnExit o.a.w.t.WeavingAdaptor$WeavingAdaptorMessageHolder@6a6afff2
14:10:34.553 [main] DEBUG org.aspectj.weaver.Dump - 14:10:34.553 main - o.a.w.Dump.shouldDumpOnExit abort
14:10:34.553 [main] DEBUG org.aspectj.weaver.Dump - 14:10:34.553 main < o.a.w.Dump.shouldDumpOnExit false
14:10:34.553 [main] DEBUG org.aspectj.weaver.Dump - 14:10:34.553 main < o.a.w.Dump.dumpOnExit Excluded
14:10:34.553 [main] DEBUG org.aspectj.weaver.loadtime.Aj - 14:10:34.553 main < o.a.w.l.Aj.preProcess byte[821]
14:10:34.573 [main] DEBUG org.aspectj.weaver.loadtime.Aj - 14:10:34.573 main > o.a.w.l.Aj.preProcess o.a.w.l.Aj@b9afc07 org/junit/platform/engine/SelectorResolutionResult, byte[2236], j.i.l.ClassLoaders$AppClassLoader@3cd1a2f1
14:10:34.573 [main] DEBUG org.aspectj.weaver.loadtime.Aj - 14:10:34.573 main - o.a.w.l.Aj.preProcess o.a.w.l.Aj@b9afc07 j.i.l.ClassLoaders$PlatformClassLoader@1ad282e0, j.i.l.ClassLoaders$AppClassLoader@3cd1a2f1
14:10:34.573 [main] DEBUG o.a.weaver.tools.WeavingAdaptor - 14:10:34.573 main > o.a.w.t.WeavingAdaptor.weaveClass o.a.w.l.ClassLoaderWeavingAdaptor@140e5a13 org/junit/platform/engine/SelectorResolutionResult, byte[2236]
14:10:34.573 [main] DEBUG org.aspectj.weaver.bcel.BcelWeaver - 14:10:34.573 main > o.a.w.b.BcelWeaver.weave o.a.w.b.BcelWeaver@48524010 o.a.w.t.WeavingAdaptor$WeavingClassFileProvider@7afc4db9
14:10:34.573 [main] DEBUG org.aspectj.weaver.bcel.BcelWeaver - 14:10:34.573 main > o.a.w.b.BcelWeaver.weaveAndNotify o.a.w.b.BcelWeaver@48524010 o.a.w.b.UnwovenClassFile@1a1f5f71, o.a.w.b.BcelObjectType@63884e4, o.a.w.t.WeavingAdaptor$WeavingClassFileProvider$1@524270b8
14:10:34.575 [main] DEBUG org.aspectj.weaver.bcel.BcelWorld - 14:10:34.575 main - o.a.w.b.BcelWorld.lookupJavaClass o.a.w.l.LTWWorld@2b4a2ec7 org.junit.platform.engine.SelectorResolutionResult$Status, o.a.a.b.c.JavaClass@29149030
14:10:34.575 [main] DEBUG org.aspectj.weaver.bcel.BcelWeaver - 14:10:34.575 main < o.a.w.b.BcelWeaver.weaveAndNotify
14:10:34.575 [main] DEBUG org.aspectj.weaver.bcel.BcelWeaver - 14:10:34.575 main < o.a.w.b.BcelWeaver.weave java.util.ArrayList(1)
14:10:34.575 [main] DEBUG o.a.weaver.tools.WeavingAdaptor - 14:10:34.575 main < o.a.w.t.WeavingAdaptor.weaveClass byte[2236]
14:10:34.575 [main] DEBUG org.aspectj.weaver.Dump - 14:10:34.575 main > o.a.w.Dump.dumpOnExit o.a.w.t.WeavingAdaptor$WeavingAdaptorMessageHolder@6a6afff2
14:10:34.575 [main] DEBUG org.aspectj.weaver.Dump - 14:10:34.575 main > o.a.w.Dump.shouldDumpOnExit o.a.w.t.WeavingAdaptor$WeavingAdaptorMessageHolder@6a6afff2
14:10:34.575 [main] DEBUG org.aspectj.weaver.Dump - 14:10:34.575 main - o.a.w.Dump.shouldDumpOnExit abort
14:10:34.575 [main] DEBUG org.aspectj.weaver.Dump - 14:10:34.575 main < o.a.w.Dump.shouldDumpOnExit false
14:10:34.576 [main] DEBUG org.aspectj.weaver.Dump - 14:10:34.576 main < o.a.w.Dump.dumpOnExit Excluded
14:10:34.576 [main] DEBUG org.aspectj.weaver.loadtime.Aj - 14:10:34.576 main < o.a.w.l.Aj.preProcess byte[2236]
14:10:34.577 [main] DEBUG org.aspectj.weaver.loadtime.Aj - 14:10:34.577 main > o.a.w.l.Aj.preProcess o.a.w.l.Aj@b9afc07 org/junit/platform/engine/SelectorResolutionResult$Status, byte[1390], j.i.l.ClassLoaders$AppClassLoader@3cd1a2f1
14:10:34.577 [main] DEBUG org.aspectj.weaver.loadtime.Aj - 14:10:34.577 main - o.a.w.l.Aj.preProcess o.a.w.l.Aj@b9afc07 j.i.l.ClassLoaders$PlatformClassLoader@1ad282e0, j.i.l.ClassLoaders$AppClassLoader@3cd1a2f1
14:10:34.577 [main] DEBUG o.a.weaver.tools.WeavingAdaptor - 14:10:34.577 main > o.a.w.t.WeavingAdaptor.weaveClass o.a.w.l.ClassLoaderWeavingAdaptor@140e5a13 org/junit/platform/engine/SelectorResolutionResult$Status, byte[1390]
14:10:34.578 [main] DEBUG org.aspectj.weaver.bcel.BcelWeaver - 14:10:34.577 main > o.a.w.b.BcelWeaver.weave o.a.w.b.BcelWeaver@48524010 o.a.w.t.WeavingAdaptor$WeavingClassFileProvider@67514bdd
14:10:34.578 [main] DEBUG org.aspectj.weaver.bcel.BcelWeaver - 14:10:34.578 main > o.a.w.b.BcelWeaver.weaveAndNotify o.a.w.b.BcelWeaver@48524010 o.a.w.b.UnwovenClassFile@3b920bdc, o.a.w.b.BcelObjectType@7f5538a1, o.a.w.t.WeavingAdaptor$WeavingClassFileProvider$1@72fd8a3c
14:10:34.580 [main] DEBUG org.aspectj.weaver.bcel.BcelWeaver - 14:10:34.580 main < o.a.w.b.BcelWeaver.weaveAndNotify
14:10:34.580 [main] DEBUG org.aspectj.weaver.bcel.BcelWeaver - 14:10:34.580 main < o.a.w.b.BcelWeaver.weave java.util.ArrayList(1)
14:10:34.580 [main] DEBUG o.a.weaver.tools.WeavingAdaptor - 14:10:34.580 main < o.a.w.t.WeavingAdaptor.weaveClass byte[1390]
14:10:34.580 [main] DEBUG org.aspectj.weaver.Dump - 14:10:34.580 main > o.a.w.Dump.dumpOnExit o.a.w.t.WeavingAdaptor$WeavingAdaptorMessageHolder@6a6afff2
14:10:34.580 [main] DEBUG org.aspectj.weaver.Dump - 14:10:34.580 main > o.a.w.Dump.shouldDumpOnExit o.a.w.t.WeavingAdaptor$WeavingAdaptorMessageHolder@6a6afff2
14:10:34.580 [main] DEBUG org.aspectj.weaver.Dump - 14:10:34.580 main - o.a.w.Dump.shouldDumpOnExit abort
14:10:34.580 [main] DEBUG org.aspectj.weaver.Dump - 14:10:34.580 main < o.a.w.Dump.shouldDumpOnExit false
14:10:34.580 [main] DEBUG org.aspectj.weaver.Dump - 14:10:34.580 main < o.a.w.Dump.dumpOnExit Excluded
14:10:34.580 [main] DEBUG org.aspectj.weaver.loadtime.Aj - 14:10:34.580 main < o.a.w.l.Aj.preProcess byte[1390]
14:10:34.596 [main] DEBUG org.aspectj.weaver.loadtime.Aj - 14:10:34.596 main > o.a.w.l.Aj.preProcess o.a.w.l.Aj@b9afc07 org/junit/platform/commons/util/CollectionUtils, byte[5670], j.i.l.ClassLoaders$AppClassLoader@3cd1a2f1
14:10:34.596 [main] DEBUG org.aspectj.weaver.loadtime.Aj - 14:10:34.596 main - o.a.w.l.Aj.preProcess o.a.w.l.Aj@b9afc07 j.i.l.ClassLoaders$PlatformClassLoader@1ad282e0, j.i.l.ClassLoaders$AppClassLoader@3cd1a2f1
14:10:34.596 [main] DEBUG o.a.weaver.tools.WeavingAdaptor - 14:10:34.596 main > o.a.w.t.WeavingAdaptor.weaveClass o.a.w.l.ClassLoaderWeavingAdaptor@140e5a13 org/junit/platform/commons/util/CollectionUtils, byte[5670]
14:10:34.664 [main] DEBUG org.aspectj.weaver.bcel.BcelWeaver - 14:10:34.664 main > o.a.w.b.BcelWeaver.weave o.a.w.b.BcelWeaver@48524010 o.a.w.t.WeavingAdaptor$WeavingClassFileProvider@3f1ed068
14:10:34.670 [main] DEBUG org.aspectj.weaver.bcel.BcelWeaver - 14:10:34.670 main > o.a.w.b.BcelWeaver.weaveAndNotify o.a.w.b.BcelWeaver@48524010 o.a.w.b.UnwovenClassFile@753aca85, o.a.w.b.BcelObjectType@2e645fbd, o.a.w.t.WeavingAdaptor$WeavingClassFileProvider$1@574a89e2
14:10:34.670 [main] DEBUG org.aspectj.weaver.bcel.BcelWorld - 14:10:34.670 main - o.a.w.b.BcelWorld.lookupJavaClass o.a.w.l.LTWWorld@2b4a2ec7 java.util.Collection, o.a.a.b.c.JavaClass@7e7be63f
14:10:34.673 [main] DEBUG org.aspectj.weaver.bcel.BcelWorld - 14:10:34.673 main - o.a.w.b.BcelWorld.lookupJavaClass o.a.w.l.LTWWorld@2b4a2ec7 java.util.stream.Collector, o.a.a.b.c.JavaClass@3dd31157
14:10:34.674 [main] DEBUG org.aspectj.weaver.bcel.BcelWorld - 14:10:34.674 main - o.a.w.b.BcelWorld.lookupJavaClass o.a.w.l.LTWWorld@2b4a2ec7 java.util.stream.Stream, o.a.a.b.c.JavaClass@19c65cdc
14:10:34.675 [main] DEBUG org.aspectj.weaver.bcel.BcelWeaver - 14:10:34.675 main < o.a.w.b.BcelWeaver.weaveAndNotify
14:10:34.675 [main] DEBUG org.aspectj.weaver.bcel.BcelWeaver - 14:10:34.675 main < o.a.w.b.BcelWeaver.weave java.util.ArrayList(1)
14:10:34.675 [main] DEBUG o.a.weaver.tools.WeavingAdaptor - 14:10:34.675 main < o.a.w.t.WeavingAdaptor.weaveClass byte[5670]
14:10:34.675 [main] DEBUG org.aspectj.weaver.Dump - 14:10:34.675 main > o.a.w.Dump.dumpOnExit o.a.w.t.WeavingAdaptor$WeavingAdaptorMessageHolder@6a6afff2
14:10:34.676 [main] DEBUG org.aspectj.weaver.Dump - 14:10:34.675 main > o.a.w.Dump.shouldDumpOnExit o.a.w.t.WeavingAdaptor$WeavingAdaptorMessageHolder@6a6afff2
14:10:34.676 [main] DEBUG org.aspectj.weaver.Dump - 14:10:34.676 main - o.a.w.Dump.shouldDumpOnExit abort
14:10:34.676 [main] DEBUG org.aspectj.weaver.Dump - 14:10:34.676 main < o.a.w.Dump.shouldDumpOnExit false
14:10:34.676 [main] DEBUG org.aspectj.weaver.Dump - 14:10:34.676 main < o.a.w.Dump.dumpOnExit Excluded
14:10:34.676 [main] DEBUG org.aspectj.weaver.loadtime.Aj - 14:10:34.676 main < o.a.w.l.Aj.preProcess byte[5670]
14:10:34.694 [main] DEBUG org.aspectj.weaver.loadtime.Aj - 14:10:34.693 main > o.a.w.l.Aj.preProcess o.a.w.l.Aj@b9afc07 org/junit/platform/commons/support/ReflectionSupport, byte[6325], j.i.l.ClassLoaders$AppClassLoader@3cd1a2f1
14:10:34.694 [main] DEBUG org.aspectj.weaver.loadtime.Aj - 14:10:34.694 main - o.a.w.l.Aj.preProcess o.a.w.l.Aj@b9afc07 j.i.l.ClassLoaders$PlatformClassLoader@1ad282e0, j.i.l.ClassLoaders$AppClassLoader@3cd1a2f1
14:10:34.694 [main] DEBUG o.a.weaver.tools.WeavingAdaptor - 14:10:34.694 main > o.a.w.t.WeavingAdaptor.weaveClass o.a.w.l.ClassLoaderWeavingAdaptor@140e5a13 org/junit/platform/commons/support/ReflectionSupport, byte[6325]
14:10:34.695 [main] DEBUG org.aspectj.weaver.bcel.BcelWeaver - 14:10:34.695 main > o.a.w.b.BcelWeaver.weave o.a.w.b.BcelWeaver@48524010 o.a.w.t.WeavingAdaptor$WeavingClassFileProvider@885e7ff
14:10:34.695 [main] DEBUG org.aspectj.weaver.bcel.BcelWeaver - 14:10:34.695 main > o.a.w.b.BcelWeaver.weaveAndNotify o.a.w.b.BcelWeaver@48524010 o.a.w.b.UnwovenClassFile@8bd86c8, o.a.w.b.BcelObjectType@4fa9ab6, o.a.w.t.WeavingAdaptor$WeavingClassFileProvider$1@2d3ef181
14:10:34.698 [main] DEBUG org.aspectj.weaver.bcel.BcelWorld - 14:10:34.698 main - o.a.w.b.BcelWorld.lookupJavaClass o.a.w.l.LTWWorld@2b4a2ec7 org.junit.platform.commons.support.HierarchyTraversalMode, o.a.a.b.c.JavaClass@64db4967
14:10:34.699 [main] DEBUG org.aspectj.weaver.bcel.BcelWeaver - 14:10:34.699 main < o.a.w.b.BcelWeaver.weaveAndNotify
14:10:34.699 [main] DEBUG org.aspectj.weaver.bcel.BcelWeaver - 14:10:34.699 main < o.a.w.b.BcelWeaver.weave java.util.ArrayList(1)
14:10:34.699 [main] DEBUG o.a.weaver.tools.WeavingAdaptor - 14:10:34.699 main < o.a.w.t.WeavingAdaptor.weaveClass byte[6325]
14:10:34.699 [main] DEBUG org.aspectj.weaver.Dump - 14:10:34.699 main > o.a.w.Dump.dumpOnExit o.a.w.t.WeavingAdaptor$WeavingAdaptorMessageHolder@6a6afff2
14:10:34.699 [main] DEBUG org.aspectj.weaver.Dump - 14:10:34.699 main > o.a.w.Dump.shouldDumpOnExit o.a.w.t.WeavingAdaptor$WeavingAdaptorMessageHolder@6a6afff2
14:10:34.699 [main] DEBUG org.aspectj.weaver.Dump - 14:10:34.699 main - o.a.w.Dump.shouldDumpOnExit abort
14:10:34.699 [main] DEBUG org.aspectj.weaver.Dump - 14:10:34.699 main < o.a.w.Dump.shouldDumpOnExit false
14:10:34.699 [main] DEBUG org.aspectj.weaver.Dump - 14:10:34.699 main < o.a.w.Dump.dumpOnExit Excluded
14:10:34.699 [main] DEBUG org.aspectj.weaver.loadtime.Aj - 14:10:34.699 main < o.a.w.l.Aj.preProcess byte[6325]
14:10:34.701 [main] DEBUG org.aspectj.weaver.loadtime.Aj - 14:10:34.701 main > o.a.w.l.Aj.preProcess o.a.w.l.Aj@b9afc07 org/junit/platform/engine/discovery/NestedClassSelector, byte[4392], j.i.l.ClassLoaders$AppClassLoader@3cd1a2f1
14:10:34.701 [main] DEBUG org.aspectj.weaver.loadtime.Aj - 14:10:34.701 main - o.a.w.l.Aj.preProcess o.a.w.l.Aj@b9afc07 j.i.l.ClassLoaders$PlatformClassLoader@1ad282e0, j.i.l.ClassLoaders$AppClassLoader@3cd1a2f1
14:10:34.701 [main] DEBUG o.a.weaver.tools.WeavingAdaptor - 14:10:34.701 main > o.a.w.t.WeavingAdaptor.weaveClass o.a.w.l.ClassLoaderWeavingAdaptor@140e5a13 org/junit/platform/engine/discovery/NestedClassSelector, byte[4392]
14:10:34.702 [main] DEBUG org.aspectj.weaver.bcel.BcelWeaver - 14:10:34.701 main > o.a.w.b.BcelWeaver.weave o.a.w.b.BcelWeaver@48524010 o.a.w.t.WeavingAdaptor$WeavingClassFileProvider@26350ea2
14:10:34.702 [main] DEBUG org.aspectj.weaver.bcel.BcelWeaver - 14:10:34.702 main > o.a.w.b.BcelWeaver.weaveAndNotify o.a.w.b.BcelWeaver@48524010 o.a.w.b.UnwovenClassFile@1e9469b8, o.a.w.b.BcelObjectType@5a08efdc, o.a.w.t.WeavingAdaptor$WeavingClassFileProvider$1@57272109
14:10:34.702 [main] DEBUG org.aspectj.weaver.bcel.BcelWeaver - 14:10:34.702 main < o.a.w.b.BcelWeaver.weaveAndNotify
14:10:34.702 [main] DEBUG org.aspectj.weaver.bcel.BcelWeaver - 14:10:34.702 main < o.a.w.b.BcelWeaver.weave java.util.ArrayList(1)
14:10:34.702 [main] DEBUG o.a.weaver.tools.WeavingAdaptor - 14:10:34.702 main < o.a.w.t.WeavingAdaptor.weaveClass byte[4392]
14:10:34.702 [main] DEBUG org.aspectj.weaver.Dump - 14:10:34.702 main > o.a.w.Dump.dumpOnExit o.a.w.t.WeavingAdaptor$WeavingAdaptorMessageHolder@6a6afff2
14:10:34.702 [main] DEBUG org.aspectj.weaver.Dump - 14:10:34.702 main > o.a.w.Dump.shouldDumpOnExit o.a.w.t.WeavingAdaptor$WeavingAdaptorMessageHolder@6a6afff2
14:10:34.702 [main] DEBUG org.aspectj.weaver.Dump - 14:10:34.702 main - o.a.w.Dump.shouldDumpOnExit abort
14:10:34.702 [main] DEBUG org.aspectj.weaver.Dump - 14:10:34.702 main < o.a.w.Dump.shouldDumpOnExit false
14:10:34.703 [main] DEBUG org.aspectj.weaver.Dump - 14:10:34.702 main < o.a.w.Dump.dumpOnExit Excluded
14:10:34.703 [main] DEBUG org.aspectj.weaver.loadtime.Aj - 14:10:34.703 main < o.a.w.l.Aj.preProcess byte[4392]
14:10:34.714 [main] DEBUG org.aspectj.weaver.loadtime.Aj - 14:10:34.714 main > o.a.w.l.Aj.preProcess o.a.w.l.Aj@b9afc07 org/junit/platform/engine/discovery/MethodSelector, byte[6514], j.i.l.ClassLoaders$AppClassLoader@3cd1a2f1
14:10:34.714 [main] DEBUG org.aspectj.weaver.loadtime.Aj - 14:10:34.714 main - o.a.w.l.Aj.preProcess o.a.w.l.Aj@b9afc07 j.i.l.ClassLoaders$PlatformClassLoader@1ad282e0, j.i.l.ClassLoaders$AppClassLoader@3cd1a2f1
14:10:34.714 [main] DEBUG o.a.weaver.tools.WeavingAdaptor - 14:10:34.714 main > o.a.w.t.WeavingAdaptor.weaveClass o.a.w.l.ClassLoaderWeavingAdaptor@140e5a13 org/junit/platform/engine/discovery/MethodSelector, byte[6514]
14:10:34.715 [main] DEBUG org.aspectj.weaver.bcel.BcelWeaver - 14:10:34.714 main > o.a.w.b.BcelWeaver.weave o.a.w.b.BcelWeaver@48524010 o.a.w.t.WeavingAdaptor$WeavingClassFileProvider@d277579
14:10:34.715 [main] DEBUG org.aspectj.weaver.bcel.BcelWeaver - 14:10:34.715 main > o.a.w.b.BcelWeaver.weaveAndNotify o.a.w.b.BcelWeaver@48524010 o.a.w.b.UnwovenClassFile@5db6b845, o.a.w.b.BcelObjectType@378f002a, o.a.w.t.WeavingAdaptor$WeavingClassFileProvider$1@1afd72ef
14:10:34.716 [main] DEBUG org.aspectj.weaver.bcel.BcelWeaver - 14:10:34.716 main < o.a.w.b.BcelWeaver.weaveAndNotify
14:10:34.716 [main] DEBUG org.aspectj.weaver.bcel.BcelWeaver - 14:10:34.716 main < o.a.w.b.BcelWeaver.weave java.util.ArrayList(1)
14:10:34.716 [main] DEBUG o.a.weaver.tools.WeavingAdaptor - 14:10:34.716 main < o.a.w.t.WeavingAdaptor.weaveClass byte[6514]
14:10:34.716 [main] DEBUG org.aspectj.weaver.Dump - 14:10:34.716 main > o.a.w.Dump.dumpOnExit o.a.w.t.WeavingAdaptor$WeavingAdaptorMessageHolder@6a6afff2
14:10:34.716 [main] DEBUG org.aspectj.weaver.Dump - 14:10:34.716 main > o.a.w.Dump.shouldDumpOnExit o.a.w.t.WeavingAdaptor$WeavingAdaptorMessageHolder@6a6afff2
14:10:34.716 [main] DEBUG org.aspectj.weaver.Dump - 14:10:34.716 main - o.a.w.Dump.shouldDumpOnExit abort
14:10:34.716 [main] DEBUG org.aspectj.weaver.Dump - 14:10:34.716 main < o.a.w.Dump.shouldDumpOnExit false
14:10:34.716 [main] DEBUG org.aspectj.weaver.Dump - 14:10:34.716 main < o.a.w.Dump.dumpOnExit Excluded
14:10:34.716 [main] DEBUG org.aspectj.weaver.loadtime.Aj - 14:10:34.716 main < o.a.w.l.Aj.preProcess byte[6514]
14:10:34.718 [main] DEBUG org.aspectj.weaver.loadtime.Aj - 14:10:34.718 main > o.a.w.l.Aj.preProcess o.a.w.l.Aj@b9afc07 org/junit/platform/commons/util/ClassUtils, byte[3107], j.i.l.ClassLoaders$AppClassLoader@3cd1a2f1
14:10:34.718 [main] DEBUG org.aspectj.weaver.loadtime.Aj - 14:10:34.718 main - o.a.w.l.Aj.preProcess o.a.w.l.Aj@b9afc07 j.i.l.ClassLoaders$PlatformClassLoader@1ad282e0, j.i.l.ClassLoaders$AppClassLoader@3cd1a2f1
14:10:34.719 [main] DEBUG o.a.weaver.tools.WeavingAdaptor - 14:10:34.718 main > o.a.w.t.WeavingAdaptor.weaveClass o.a.w.l.ClassLoaderWeavingAdaptor@140e5a13 org/junit/platform/commons/util/ClassUtils, byte[3107]
14:10:34.719 [main] DEBUG org.aspectj.weaver.bcel.BcelWeaver - 14:10:34.719 main > o.a.w.b.BcelWeaver.weave o.a.w.b.BcelWeaver@48524010 o.a.w.t.WeavingAdaptor$WeavingClassFileProvider@1b1c538d
14:10:34.719 [main] DEBUG org.aspectj.weaver.bcel.BcelWeaver - 14:10:34.719 main > o.a.w.b.BcelWeaver.weaveAndNotify o.a.w.b.BcelWeaver@48524010 o.a.w.b.UnwovenClassFile@1645f294, o.a.w.b.BcelObjectType@6325f352, o.a.w.t.WeavingAdaptor$WeavingClassFileProvider$1@15c4af7a
14:10:34.720 [main] DEBUG org.aspectj.weaver.bcel.BcelWeaver - 14:10:34.720 main < o.a.w.b.BcelWeaver.weaveAndNotify
14:10:34.720 [main] DEBUG org.aspectj.weaver.bcel.BcelWeaver - 14:10:34.720 main < o.a.w.b.BcelWeaver.weave java.util.ArrayList(1)
14:10:34.720 [main] DEBUG o.a.weaver.tools.WeavingAdaptor - 14:10:34.720 main < o.a.w.t.WeavingAdaptor.weaveClass byte[3107]
14:10:34.720 [main] DEBUG org.aspectj.weaver.Dump - 14:10:34.720 main > o.a.w.Dump.dumpOnExit o.a.w.t.WeavingAdaptor$WeavingAdaptorMessageHolder@6a6afff2
14:10:34.720 [main] DEBUG org.aspectj.weaver.Dump - 14:10:34.720 main > o.a.w.Dump.shouldDumpOnExit o.a.w.t.WeavingAdaptor$WeavingAdaptorMessageHolder@6a6afff2
14:10:34.720 [main] DEBUG org.aspectj.weaver.Dump - 14:10:34.720 main - o.a.w.Dump.shouldDumpOnExit abort
14:10:34.720 [main] DEBUG org.aspectj.weaver.Dump - 14:10:34.720 main < o.a.w.Dump.shouldDumpOnExit false
14:10:34.720 [main] DEBUG org.aspectj.weaver.Dump - 14:10:34.720 main < o.a.w.Dump.dumpOnExit Excluded
14:10:34.720 [main] DEBUG org.aspectj.weaver.loadtime.Aj - 14:10:34.720 main < o.a.w.l.Aj.preProcess byte[3107]
14:10:34.729 [main] DEBUG org.aspectj.weaver.loadtime.Aj - 14:10:34.729 main > o.a.w.l.Aj.preProcess o.a.w.l.Aj@b9afc07 org/junit/platform/engine/discovery/DirectorySelector, byte[1988], j.i.l.ClassLoaders$AppClassLoader@3cd1a2f1
14:10:34.729 [main] DEBUG org.aspectj.weaver.loadtime.Aj - 14:10:34.729 main - o.a.w.l.Aj.preProcess o.a.w.l.Aj@b9afc07 j.i.l.ClassLoaders$PlatformClassLoader@1ad282e0, j.i.l.ClassLoaders$AppClassLoader@3cd1a2f1
14:10:34.729 [main] DEBUG o.a.weaver.tools.WeavingAdaptor - 14:10:34.729 main > o.a.w.t.WeavingAdaptor.weaveClass o.a.w.l.ClassLoaderWeavingAdaptor@140e5a13 org/junit/platform/engine/discovery/DirectorySelector, byte[1988]
14:10:34.729 [main] DEBUG org.aspectj.weaver.bcel.BcelWeaver - 14:10:34.729 main > o.a.w.b.BcelWeaver.weave o.a.w.b.BcelWeaver@48524010 o.a.w.t.WeavingAdaptor$WeavingClassFileProvider@1a96d94c
14:10:34.730 [main] DEBUG org.aspectj.weaver.bcel.BcelWeaver - 14:10:34.729 main > o.a.w.b.BcelWeaver.weaveAndNotify o.a.w.b.BcelWeaver@48524010 o.a.w.b.UnwovenClassFile@2a869a16, o.a.w.b.BcelObjectType@ae202c6, o.a.w.t.WeavingAdaptor$WeavingClassFileProvider$1@46aa712c
14:10:34.735 [main] DEBUG org.aspectj.weaver.bcel.BcelWorld - 14:10:34.735 main - o.a.w.b.BcelWorld.lookupJavaClass o.a.w.l.LTWWorld@2b4a2ec7 java.io.File, o.a.a.b.c.JavaClass@6631f5ca
14:10:34.735 [main] DEBUG org.aspectj.weaver.bcel.BcelWeaver - 14:10:34.735 main < o.a.w.b.BcelWeaver.weaveAndNotify
14:10:34.735 [main] DEBUG org.aspectj.weaver.bcel.BcelWeaver - 14:10:34.735 main < o.a.w.b.BcelWeaver.weave java.util.ArrayList(1)
14:10:34.735 [main] DEBUG o.a.weaver.tools.WeavingAdaptor - 14:10:34.735 main < o.a.w.t.WeavingAdaptor.weaveClass byte[1988]
14:10:34.735 [main] DEBUG org.aspectj.weaver.Dump - 14:10:34.735 main > o.a.w.Dump.dumpOnExit o.a.w.t.WeavingAdaptor$WeavingAdaptorMessageHolder@6a6afff2
14:10:34.735 [main] DEBUG org.aspectj.weaver.Dump - 14:10:34.735 main > o.a.w.Dump.shouldDumpOnExit o.a.w.t.WeavingAdaptor$WeavingAdaptorMessageHolder@6a6afff2
14:10:34.735 [main] DEBUG org.aspectj.weaver.Dump - 14:10:34.735 main - o.a.w.Dump.shouldDumpOnExit abort
14:10:34.735 [main] DEBUG org.aspectj.weaver.Dump - 14:10:34.735 main < o.a.w.Dump.shouldDumpOnExit false
14:10:34.735 [main] DEBUG org.aspectj.weaver.Dump - 14:10:34.735 main < o.a.w.Dump.dumpOnExit Excluded
14:10:34.735 [main] DEBUG org.aspectj.weaver.loadtime.Aj - 14:10:34.735 main < o.a.w.l.Aj.preProcess byte[1988]
14:10:34.737 [main] DEBUG org.aspectj.weaver.loadtime.Aj - 14:10:34.737 main > o.a.w.l.Aj.preProcess o.a.w.l.Aj@b9afc07 org/junit/platform/engine/discovery/FileSelector, byte[2521], j.i.l.ClassLoaders$AppClassLoader@3cd1a2f1
14:10:34.737 [main] DEBUG org.aspectj.weaver.loadtime.Aj - 14:10:34.737 main - o.a.w.l.Aj.preProcess o.a.w.l.Aj@b9afc07 j.i.l.ClassLoaders$PlatformClassLoader@1ad282e0, j.i.l.ClassLoaders$AppClassLoader@3cd1a2f1
14:10:34.737 [main] DEBUG o.a.weaver.tools.WeavingAdaptor - 14:10:34.737 main > o.a.w.t.WeavingAdaptor.weaveClass o.a.w.l.ClassLoaderWeavingAdaptor@140e5a13 org/junit/platform/engine/discovery/FileSelector, byte[2521]
14:10:34.737 [main] DEBUG org.aspectj.weaver.bcel.BcelWeaver - 14:10:34.737 main > o.a.w.b.BcelWeaver.weave o.a.w.b.BcelWeaver@48524010 o.a.w.t.WeavingAdaptor$WeavingClassFileProvider@45cec376
14:10:34.738 [main] DEBUG org.aspectj.weaver.bcel.BcelWeaver - 14:10:34.737 main > o.a.w.b.BcelWeaver.weaveAndNotify o.a.w.b.BcelWeaver@48524010 o.a.w.b.UnwovenClassFile@26d41711, o.a.w.b.BcelObjectType@298f0a0b, o.a.w.t.WeavingAdaptor$WeavingClassFileProvider$1@2b960a7
14:10:34.738 [main] DEBUG org.aspectj.weaver.bcel.BcelWeaver - 14:10:34.738 main < o.a.w.b.BcelWeaver.weaveAndNotify
14:10:34.738 [main] DEBUG org.aspectj.weaver.bcel.BcelWeaver - 14:10:34.738 main < o.a.w.b.BcelWeaver.weave java.util.ArrayList(1)
14:10:34.738 [main] DEBUG o.a.weaver.tools.WeavingAdaptor - 14:10:34.738 main < o.a.w.t.WeavingAdaptor.weaveClass byte[2521]
14:10:34.738 [main] DEBUG org.aspectj.weaver.Dump - 14:10:34.738 main > o.a.w.Dump.dumpOnExit o.a.w.t.WeavingAdaptor$WeavingAdaptorMessageHolder@6a6afff2
14:10:34.738 [main] DEBUG org.aspectj.weaver.Dump - 14:10:34.738 main > o.a.w.Dump.shouldDumpOnExit o.a.w.t.WeavingAdaptor$WeavingAdaptorMessageHolder@6a6afff2
14:10:34.738 [main] DEBUG org.aspectj.weaver.Dump - 14:10:34.738 main - o.a.w.Dump.shouldDumpOnExit abort
14:10:34.738 [main] DEBUG org.aspectj.weaver.Dump - 14:10:34.738 main < o.a.w.Dump.shouldDumpOnExit false
14:10:34.738 [main] DEBUG org.aspectj.weaver.Dump - 14:10:34.738 main < o.a.w.Dump.dumpOnExit Excluded
14:10:34.738 [main] DEBUG org.aspectj.weaver.loadtime.Aj - 14:10:34.738 main < o.a.w.l.Aj.preProcess byte[2521]
14:10:34.742 [main] DEBUG org.aspectj.weaver.loadtime.Aj - 14:10:34.742 main > o.a.w.l.Aj.preProcess o.a.w.l.Aj@b9afc07 org/junit/jupiter/engine/discovery/MethodSelectorResolver$MethodType, byte[12640], j.i.l.ClassLoaders$AppClassLoader@3cd1a2f1
14:10:34.742 [main] DEBUG org.aspectj.weaver.loadtime.Aj - 14:10:34.742 main - o.a.w.l.Aj.preProcess o.a.w.l.Aj@b9afc07 j.i.l.ClassLoaders$PlatformClassLoader@1ad282e0, j.i.l.ClassLoaders$AppClassLoader@3cd1a2f1
14:10:34.742 [main] DEBUG o.a.weaver.tools.WeavingAdaptor - 14:10:34.742 main > o.a.w.t.WeavingAdaptor.weaveClass o.a.w.l.ClassLoaderWeavingAdaptor@140e5a13 org/junit/jupiter/engine/discovery/MethodSelectorResolver$MethodType, byte[12640]
14:10:34.743 [main] DEBUG org.aspectj.weaver.bcel.BcelWeaver - 14:10:34.743 main > o.a.w.b.BcelWeaver.weave o.a.w.b.BcelWeaver@48524010 o.a.w.t.WeavingAdaptor$WeavingClassFileProvider@459f703f
14:10:34.743 [main] DEBUG org.aspectj.weaver.bcel.BcelWeaver - 14:10:34.743 main > o.a.w.b.BcelWeaver.weaveAndNotify o.a.w.b.BcelWeaver@48524010 o.a.w.b.UnwovenClassFile@188ac8a3, o.a.w.b.BcelObjectType@3650d4fc, o.a.w.t.WeavingAdaptor$WeavingClassFileProvider$1@aaa0f76
14:10:34.743 [main] DEBUG org.aspectj.weaver.bcel.BcelWeaver - 14:10:34.743 main < o.a.w.b.BcelWeaver.weaveAndNotify
14:10:34.743 [main] DEBUG org.aspectj.weaver.bcel.BcelWeaver - 14:10:34.743 main < o.a.w.b.BcelWeaver.weave java.util.ArrayList(1)
14:10:34.743 [main] DEBUG o.a.weaver.tools.WeavingAdaptor - 14:10:34.743 main < o.a.w.t.WeavingAdaptor.weaveClass byte[12640]
14:10:34.743 [main] DEBUG org.aspectj.weaver.Dump - 14:10:34.743 main > o.a.w.Dump.dumpOnExit o.a.w.t.WeavingAdaptor$WeavingAdaptorMessageHolder@6a6afff2
14:10:34.744 [main] DEBUG org.aspectj.weaver.Dump - 14:10:34.743 main > o.a.w.Dump.shouldDumpOnExit o.a.w.t.WeavingAdaptor$WeavingAdaptorMessageHolder@6a6afff2
14:10:34.744 [main] DEBUG org.aspectj.weaver.Dump - 14:10:34.744 main - o.a.w.Dump.shouldDumpOnExit abort
14:10:34.744 [main] DEBUG org.aspectj.weaver.Dump - 14:10:34.744 main < o.a.w.Dump.shouldDumpOnExit false
14:10:34.744 [main] DEBUG org.aspectj.weaver.Dump - 14:10:34.744 main < o.a.w.Dump.dumpOnExit Excluded
14:10:34.744 [main] DEBUG org.aspectj.weaver.loadtime.Aj - 14:10:34.744 main < o.a.w.l.Aj.preProcess byte[12640]
14:10:34.746 [main] DEBUG org.aspectj.weaver.loadtime.Aj - 14:10:34.746 main > o.a.w.l.Aj.preProcess o.a.w.l.Aj@b9afc07 org/junit/jupiter/engine/discovery/MethodSelectorResolver$MethodType$1, byte[2140], j.i.l.ClassLoaders$AppClassLoader@3cd1a2f1
14:10:34.747 [main] DEBUG org.aspectj.weaver.loadtime.Aj - 14:10:34.746 main - o.a.w.l.Aj.preProcess o.a.w.l.Aj@b9afc07 j.i.l.ClassLoaders$PlatformClassLoader@1ad282e0, j.i.l.ClassLoaders$AppClassLoader@3cd1a2f1
14:10:34.748 [main] DEBUG o.a.weaver.tools.WeavingAdaptor - 14:10:34.747 main > o.a.w.t.WeavingAdaptor.weaveClass o.a.w.l.ClassLoaderWeavingAdaptor@140e5a13 org/junit/jupiter/engine/discovery/MethodSelectorResolver$MethodType$1, byte[2140]
14:10:34.748 [main] DEBUG org.aspectj.weaver.bcel.BcelWeaver - 14:10:34.748 main > o.a.w.b.BcelWeaver.weave o.a.w.b.BcelWeaver@48524010 o.a.w.t.WeavingAdaptor$WeavingClassFileProvider@7e446d92
14:10:34.748 [main] DEBUG org.aspectj.weaver.bcel.BcelWeaver - 14:10:34.748 main > o.a.w.b.BcelWeaver.weaveAndNotify o.a.w.b.BcelWeaver@48524010 o.a.w.b.UnwovenClassFile@57f9b467, o.a.w.b.BcelObjectType@6d5c2745, o.a.w.t.WeavingAdaptor$WeavingClassFileProvider$1@44b29496
14:10:34.749 [main] DEBUG org.aspectj.weaver.bcel.BcelWeaver - 14:10:34.749 main < o.a.w.b.BcelWeaver.weaveAndNotify
14:10:34.749 [main] DEBUG org.aspectj.weaver.bcel.BcelWeaver - 14:10:34.749 main < o.a.w.b.BcelWeaver.weave java.util.ArrayList(1)
14:10:34.749 [main] DEBUG o.a.weaver.tools.WeavingAdaptor - 14:10:34.749 main < o.a.w.t.WeavingAdaptor.weaveClass byte[2140]
14:10:34.749 [main] DEBUG org.aspectj.weaver.Dump - 14:10:34.749 main > o.a.w.Dump.dumpOnExit o.a.w.t.WeavingAdaptor$WeavingAdaptorMessageHolder@6a6afff2
14:10:34.749 [main] DEBUG org.aspectj.weaver.Dump - 14:10:34.749 main > o.a.w.Dump.shouldDumpOnExit o.a.w.t.WeavingAdaptor$WeavingAdaptorMessageHolder@6a6afff2
14:10:34.749 [main] DEBUG org.aspectj.weaver.Dump - 14:10:34.749 main - o.a.w.Dump.shouldDumpOnExit abort
14:10:34.749 [main] DEBUG org.aspectj.weaver.Dump - 14:10:34.749 main < o.a.w.Dump.shouldDumpOnExit false
14:10:34.749 [main] DEBUG org.aspectj.weaver.Dump - 14:10:34.749 main < o.a.w.Dump.dumpOnExit Excluded
14:10:34.749 [main] DEBUG org.aspectj.weaver.loadtime.Aj - 14:10:34.749 main < o.a.w.l.Aj.preProcess byte[2140]
14:10:34.750 [main] DEBUG org.aspectj.weaver.loadtime.Aj - 14:10:34.750 main > o.a.w.l.Aj.preProcess o.a.w.l.Aj@b9afc07 org/junit/jupiter/engine/discovery/MethodSelectorResolver$MethodType$2, byte[2141], j.i.l.ClassLoaders$AppClassLoader@3cd1a2f1
14:10:34.750 [main] DEBUG org.aspectj.weaver.loadtime.Aj - 14:10:34.750 main - o.a.w.l.Aj.preProcess o.a.w.l.Aj@b9afc07 j.i.l.ClassLoaders$PlatformClassLoader@1ad282e0, j.i.l.ClassLoaders$AppClassLoader@3cd1a2f1
14:10:34.750 [main] DEBUG o.a.weaver.tools.WeavingAdaptor - 14:10:34.750 main > o.a.w.t.WeavingAdaptor.weaveClass o.a.w.l.ClassLoaderWeavingAdaptor@140e5a13 org/junit/jupiter/engine/discovery/MethodSelectorResolver$MethodType$2, byte[2141]
14:10:34.751 [main] DEBUG org.aspectj.weaver.bcel.BcelWeaver - 14:10:34.750 main > o.a.w.b.BcelWeaver.weave o.a.w.b.BcelWeaver@48524010 o.a.w.t.WeavingAdaptor$WeavingClassFileProvider@7c847072
14:10:34.751 [main] DEBUG org.aspectj.weaver.bcel.BcelWeaver - 14:10:34.751 main > o.a.w.b.BcelWeaver.weaveAndNotify o.a.w.b.BcelWeaver@48524010 o.a.w.b.UnwovenClassFile@43d9f1a2, o.a.w.b.BcelObjectType@23f86d8a, o.a.w.t.WeavingAdaptor$WeavingClassFileProvider$1@2264ea32
14:10:34.751 [main] DEBUG org.aspectj.weaver.bcel.BcelWeaver - 14:10:34.751 main < o.a.w.b.BcelWeaver.weaveAndNotify
14:10:34.751 [main] DEBUG org.aspectj.weaver.bcel.BcelWeaver - 14:10:34.751 main < o.a.w.b.BcelWeaver.weave java.util.ArrayList(1)
14:10:34.751 [main] DEBUG o.a.weaver.tools.WeavingAdaptor - 14:10:34.751 main < o.a.w.t.WeavingAdaptor.weaveClass byte[2141]
14:10:34.751 [main] DEBUG org.aspectj.weaver.Dump - 14:10:34.751 main > o.a.w.Dump.dumpOnExit o.a.w.t.WeavingAdaptor$WeavingAdaptorMessageHolder@6a6afff2
14:10:34.751 [main] DEBUG org.aspectj.weaver.Dump - 14:10:34.751 main > o.a.w.Dump.shouldDumpOnExit o.a.w.t.WeavingAdaptor$WeavingAdaptorMessageHolder@6a6afff2
14:10:34.751 [main] DEBUG org.aspectj.weaver.Dump - 14:10:34.751 main - o.a.w.Dump.shouldDumpOnExit abort
14:10:34.751 [main] DEBUG org.aspectj.weaver.Dump - 14:10:34.751 main < o.a.w.Dump.shouldDumpOnExit false
14:10:34.751 [main] DEBUG org.aspectj.weaver.Dump - 14:10:34.751 main < o.a.w.Dump.dumpOnExit Excluded
14:10:34.751 [main] DEBUG org.aspectj.weaver.loadtime.Aj - 14:10:34.751 main < o.a.w.l.Aj.preProcess byte[2141]
14:10:34.753 [main] DEBUG org.aspectj.weaver.loadtime.Aj - 14:10:34.753 main > o.a.w.l.Aj.preProcess o.a.w.l.Aj@b9afc07 org/junit/jupiter/engine/discovery/MethodSelectorResolver$MethodType$3, byte[2142], j.i.l.ClassLoaders$AppClassLoader@3cd1a2f1
14:10:34.753 [main] DEBUG org.aspectj.weaver.loadtime.Aj - 14:10:34.753 main - o.a.w.l.Aj.preProcess o.a.w.l.Aj@b9afc07 j.i.l.ClassLoaders$PlatformClassLoader@1ad282e0, j.i.l.ClassLoaders$AppClassLoader@3cd1a2f1
14:10:34.753 [main] DEBUG o.a.weaver.tools.WeavingAdaptor - 14:10:34.753 main > o.a.w.t.WeavingAdaptor.weaveClass o.a.w.l.ClassLoaderWeavingAdaptor@140e5a13 org/junit/jupiter/engine/discovery/MethodSelectorResolver$MethodType$3, byte[2142]
14:10:34.754 [main] DEBUG org.aspectj.weaver.bcel.BcelWeaver - 14:10:34.754 main > o.a.w.b.BcelWeaver.weave o.a.w.b.BcelWeaver@48524010 o.a.w.t.WeavingAdaptor$WeavingClassFileProvider@94e51e8
14:10:34.754 [main] DEBUG org.aspectj.weaver.bcel.BcelWeaver - 14:10:34.754 main > o.a.w.b.BcelWeaver.weaveAndNotify o.a.w.b.BcelWeaver@48524010 o.a.w.b.UnwovenClassFile@5de6cf3a, o.a.w.b.BcelObjectType@4cc36c19, o.a.w.t.WeavingAdaptor$WeavingClassFileProvider$1@5a3a1bf9
14:10:34.754 [main] DEBUG org.aspectj.weaver.bcel.BcelWeaver - 14:10:34.754 main < o.a.w.b.BcelWeaver.weaveAndNotify
14:10:34.754 [main] DEBUG org.aspectj.weaver.bcel.BcelWeaver - 14:10:34.754 main < o.a.w.b.BcelWeaver.weave java.util.ArrayList(1)
14:10:34.754 [main] DEBUG o.a.weaver.tools.WeavingAdaptor - 14:10:34.754 main < o.a.w.t.WeavingAdaptor.weaveClass byte[2142]
14:10:34.754 [main] DEBUG org.aspectj.weaver.Dump - 14:10:34.754 main > o.a.w.Dump.dumpOnExit o.a.w.t.WeavingAdaptor$WeavingAdaptorMessageHolder@6a6afff2
14:10:34.754 [main] DEBUG org.aspectj.weaver.Dump - 14:10:34.754 main > o.a.w.Dump.shouldDumpOnExit o.a.w.t.WeavingAdaptor$WeavingAdaptorMessageHolder@6a6afff2
14:10:34.754 [main] DEBUG org.aspectj.weaver.Dump - 14:10:34.754 main - o.a.w.Dump.shouldDumpOnExit abort
14:10:34.754 [main] DEBUG org.aspectj.weaver.Dump - 14:10:34.754 main < o.a.w.Dump.shouldDumpOnExit false
14:10:34.754 [main] DEBUG org.aspectj.weaver.Dump - 14:10:34.754 main < o.a.w.Dump.dumpOnExit Excluded
14:10:34.754 [main] DEBUG org.aspectj.weaver.loadtime.Aj - 14:10:34.754 main < o.a.w.l.Aj.preProcess byte[2142]
14:10:34.772 [main] DEBUG org.aspectj.weaver.loadtime.Aj - 14:10:34.772 main > o.a.w.l.Aj.preProcess o.a.w.l.Aj@b9afc07 org/junit/jupiter/engine/descriptor/TestMethodTestDescriptor, byte[27526], j.i.l.ClassLoaders$AppClassLoader@3cd1a2f1
14:10:34.772 [main] DEBUG org.aspectj.weaver.loadtime.Aj - 14:10:34.772 main - o.a.w.l.Aj.preProcess o.a.w.l.Aj@b9afc07 j.i.l.ClassLoaders$PlatformClassLoader@1ad282e0, j.i.l.ClassLoaders$AppClassLoader@3cd1a2f1
14:10:34.772 [main] DEBUG o.a.weaver.tools.WeavingAdaptor - 14:10:34.772 main > o.a.w.t.WeavingAdaptor.weaveClass o.a.w.l.ClassLoaderWeavingAdaptor@140e5a13 org/junit/jupiter/engine/descriptor/TestMethodTestDescriptor, byte[27526]
14:10:34.786 [main] DEBUG org.aspectj.weaver.bcel.BcelWeaver - 14:10:34.786 main > o.a.w.b.BcelWeaver.weave o.a.w.b.BcelWeaver@48524010 o.a.w.t.WeavingAdaptor$WeavingClassFileProvider@72e295cc
14:10:34.788 [main] DEBUG org.aspectj.weaver.bcel.BcelWorld - 14:10:34.788 main - o.a.w.b.BcelWorld.lookupJavaClass o.a.w.l.LTWWorld@2b4a2ec7 org.junit.jupiter.engine.descriptor.MethodBasedTestDescriptor, o.a.a.b.c.JavaClass@37468787
14:10:34.788 [main] DEBUG org.aspectj.weaver.bcel.BcelWeaver - 14:10:34.788 main > o.a.w.b.BcelWeaver.weaveAndNotify o.a.w.b.BcelWeaver@48524010 o.a.w.b.UnwovenClassFile@51ec2856, o.a.w.b.BcelObjectType@714f3da4, o.a.w.t.WeavingAdaptor$WeavingClassFileProvider$1@1caa9eb6
14:10:34.790 [main] DEBUG org.aspectj.weaver.bcel.BcelWorld - 14:10:34.790 main - o.a.w.b.BcelWorld.lookupJavaClass o.a.w.l.LTWWorld@2b4a2ec7 org.junit.jupiter.engine.descriptor.TestMethodTestDescriptor$CallbackInvoker, o.a.a.b.c.JavaClass@6ae62c7e
14:10:34.792 [main] DEBUG org.aspectj.weaver.bcel.BcelWorld - 14:10:34.792 main - o.a.w.b.BcelWorld.lookupJavaClass o.a.w.l.LTWWorld@2b4a2ec7 org.junit.platform.engine.TestExecutionResult$Status, o.a.a.b.c.JavaClass@5d497a91
14:10:34.793 [main] DEBUG org.aspectj.weaver.bcel.BcelWorld - 14:10:34.793 main - o.a.w.b.BcelWorld.lookupJavaClass o.a.w.l.LTWWorld@2b4a2ec7 org.junit.jupiter.api.extension.TestWatcher, o.a.a.b.c.JavaClass@3050ac2f
14:10:34.794 [main] DEBUG org.aspectj.weaver.bcel.BcelWorld - 14:10:34.794 main - o.a.w.b.BcelWorld.lookupJavaClass o.a.w.l.LTWWorld@2b4a2ec7 org.junit.jupiter.api.extension.Extension, o.a.a.b.c.JavaClass@7e0bc8a3
14:10:34.795 [main] DEBUG org.aspectj.weaver.bcel.BcelWorld - 14:10:34.795 main - o.a.w.b.BcelWorld.lookupJavaClass o.a.w.l.LTWWorld@2b4a2ec7 org.junit.jupiter.api.extension.AfterEachCallback, o.a.a.b.c.JavaClass@15405bd6
14:10:34.797 [main] DEBUG org.aspectj.weaver.bcel.BcelWorld - 14:10:34.797 main - o.a.w.b.BcelWorld.lookupJavaClass o.a.w.l.LTWWorld@2b4a2ec7 org.junit.jupiter.api.extension.AfterTestExecutionCallback, o.a.a.b.c.JavaClass@5793b87
14:10:34.800 [main] DEBUG org.aspectj.weaver.bcel.BcelWorld - 14:10:34.798 main - o.a.w.b.BcelWorld.lookupJavaClass o.a.w.l.LTWWorld@2b4a2ec7 org.junit.jupiter.api.extension.TestExecutionExceptionHandler, o.a.a.b.c.JavaClass@6f1a16fe
14:10:34.802 [main] DEBUG org.aspectj.weaver.bcel.BcelWorld - 14:10:34.802 main - o.a.w.b.BcelWorld.lookupJavaClass o.a.w.l.LTWWorld@2b4a2ec7 org.junit.jupiter.api.extension.BeforeTestExecutionCallback, o.a.a.b.c.JavaClass@4993febc
14:10:34.803 [main] DEBUG org.aspectj.weaver.bcel.BcelWorld - 14:10:34.803 main - o.a.w.b.BcelWorld.lookupJavaClass o.a.w.l.LTWWorld@2b4a2ec7 org.junit.jupiter.api.extension.BeforeEachCallback, o.a.a.b.c.JavaClass@6192a5d5
14:10:34.805 [main] DEBUG org.aspectj.weaver.bcel.BcelWorld - 14:10:34.804 main - o.a.w.b.BcelWorld.lookupJavaClass o.a.w.l.LTWWorld@2b4a2ec7 org.junit.jupiter.engine.descriptor.MethodExtensionContext, o.a.a.b.c.JavaClass@2975a9e
14:10:34.805 [main] DEBUG org.aspectj.weaver.bcel.BcelWeaver - 14:10:34.805 main < o.a.w.b.BcelWeaver.weaveAndNotify
14:10:34.805 [main] DEBUG org.aspectj.weaver.bcel.BcelWeaver - 14:10:34.805 main < o.a.w.b.BcelWeaver.weave java.util.ArrayList(1)
14:10:34.805 [main] DEBUG o.a.weaver.tools.WeavingAdaptor - 14:10:34.805 main < o.a.w.t.WeavingAdaptor.weaveClass byte[27526]
14:10:34.805 [main] DEBUG org.aspectj.weaver.Dump - 14:10:34.805 main > o.a.w.Dump.dumpOnExit o.a.w.t.WeavingAdaptor$WeavingAdaptorMessageHolder@6a6afff2
14:10:34.805 [main] DEBUG org.aspectj.weaver.Dump - 14:10:34.805 main > o.a.w.Dump.shouldDumpOnExit o.a.w.t.WeavingAdaptor$WeavingAdaptorMessageHolder@6a6afff2
14:10:34.805 [main] DEBUG org.aspectj.weaver.Dump - 14:10:34.805 main - o.a.w.Dump.shouldDumpOnExit abort
14:10:34.805 [main] DEBUG org.aspectj.weaver.Dump - 14:10:34.805 main < o.a.w.Dump.shouldDumpOnExit false
14:10:34.805 [main] DEBUG org.aspectj.weaver.Dump - 14:10:34.805 main < o.a.w.Dump.dumpOnExit Excluded
14:10:34.805 [main] DEBUG org.aspectj.weaver.loadtime.Aj - 14:10:34.805 main < o.a.w.l.Aj.preProcess byte[27526]
14:10:34.827 [main] DEBUG org.aspectj.weaver.loadtime.Aj - 14:10:34.827 main > o.a.w.l.Aj.preProcess o.a.w.l.Aj@b9afc07 org/junit/jupiter/engine/descriptor/MethodBasedTestDescriptor, byte[10918], j.i.l.ClassLoaders$AppClassLoader@3cd1a2f1
14:10:34.828 [main] DEBUG org.aspectj.weaver.loadtime.Aj - 14:10:34.827 main - o.a.w.l.Aj.preProcess o.a.w.l.Aj@b9afc07 j.i.l.ClassLoaders$PlatformClassLoader@1ad282e0, j.i.l.ClassLoaders$AppClassLoader@3cd1a2f1
14:10:34.828 [main] DEBUG o.a.weaver.tools.WeavingAdaptor - 14:10:34.828 main > o.a.w.t.WeavingAdaptor.weaveClass o.a.w.l.ClassLoaderWeavingAdaptor@140e5a13 org/junit/jupiter/engine/descriptor/MethodBasedTestDescriptor, byte[10918]
14:10:34.828 [main] DEBUG org.aspectj.weaver.bcel.BcelWeaver - 14:10:34.828 main > o.a.w.b.BcelWeaver.weave o.a.w.b.BcelWeaver@48524010 o.a.w.t.WeavingAdaptor$WeavingClassFileProvider@424de326
14:10:34.828 [main] DEBUG org.aspectj.weaver.bcel.BcelWeaver - 14:10:34.828 main > o.a.w.b.BcelWeaver.weaveAndNotify o.a.w.b.BcelWeaver@48524010 o.a.w.b.UnwovenClassFile@4bc33720, o.a.w.b.BcelObjectType@2dd0f797, o.a.w.t.WeavingAdaptor$WeavingClassFileProvider$1@67064bdc
14:10:34.829 [main] DEBUG org.aspectj.weaver.bcel.BcelWeaver - 14:10:34.829 main < o.a.w.b.BcelWeaver.weaveAndNotify
14:10:34.829 [main] DEBUG org.aspectj.weaver.bcel.BcelWeaver - 14:10:34.829 main < o.a.w.b.BcelWeaver.weave java.util.ArrayList(1)
14:10:34.829 [main] DEBUG o.a.weaver.tools.WeavingAdaptor - 14:10:34.829 main < o.a.w.t.WeavingAdaptor.weaveClass byte[10918]
14:10:34.830 [main] DEBUG org.aspectj.weaver.Dump - 14:10:34.830 main > o.a.w.Dump.dumpOnExit o.a.w.t.WeavingAdaptor$WeavingAdaptorMessageHolder@6a6afff2
14:10:34.830 [main] DEBUG org.aspectj.weaver.Dump - 14:10:34.830 main > o.a.w.Dump.shouldDumpOnExit o.a.w.t.WeavingAdaptor$WeavingAdaptorMessageHolder@6a6afff2
14:10:34.830 [main] DEBUG org.aspectj.weaver.Dump - 14:10:34.830 main - o.a.w.Dump.shouldDumpOnExit abort
14:10:34.830 [main] DEBUG org.aspectj.weaver.Dump - 14:10:34.830 main < o.a.w.Dump.shouldDumpOnExit false
14:10:34.830 [main] DEBUG org.aspectj.weaver.Dump - 14:10:34.830 main < o.a.w.Dump.dumpOnExit Excluded
14:10:34.830 [main] DEBUG org.aspectj.weaver.loadtime.Aj - 14:10:34.830 main < o.a.w.l.Aj.preProcess byte[10918]
14:10:34.835 [main] DEBUG org.aspectj.weaver.loadtime.Aj - 14:10:34.835 main > o.a.w.l.Aj.preProcess o.a.w.l.Aj@b9afc07 org/junit/jupiter/engine/execution/InterceptingExecutableInvoker$ReflectiveInterceptorCall$VoidMethodInterceptorCall, byte[1243], j.i.l.ClassLoaders$AppClassLoader@3cd1a2f1
14:10:34.835 [main] DEBUG org.aspectj.weaver.loadtime.Aj - 14:10:34.835 main - o.a.w.l.Aj.preProcess o.a.w.l.Aj@b9afc07 j.i.l.ClassLoaders$PlatformClassLoader@1ad282e0, j.i.l.ClassLoaders$AppClassLoader@3cd1a2f1
14:10:34.836 [main] DEBUG o.a.weaver.tools.WeavingAdaptor - 14:10:34.835 main > o.a.w.t.WeavingAdaptor.weaveClass o.a.w.l.ClassLoaderWeavingAdaptor@140e5a13 org/junit/jupiter/engine/execution/InterceptingExecutableInvoker$ReflectiveInterceptorCall$VoidMethodInterceptorCall, byte[1243]
14:10:34.836 [main] DEBUG org.aspectj.weaver.bcel.BcelWeaver - 14:10:34.836 main > o.a.w.b.BcelWeaver.weave o.a.w.b.BcelWeaver@48524010 o.a.w.t.WeavingAdaptor$WeavingClassFileProvider@4d18b73a
14:10:34.836 [main] DEBUG org.aspectj.weaver.bcel.BcelWeaver - 14:10:34.836 main > o.a.w.b.BcelWeaver.weaveAndNotify o.a.w.b.BcelWeaver@48524010 o.a.w.b.UnwovenClassFile@177515d1, o.a.w.b.BcelObjectType@52ff99cd, o.a.w.t.WeavingAdaptor$WeavingClassFileProvider$1@4c2af006
14:10:34.836 [main] DEBUG org.aspectj.weaver.bcel.BcelWeaver - 14:10:34.836 main < o.a.w.b.BcelWeaver.weaveAndNotify
14:10:34.836 [main] DEBUG org.aspectj.weaver.bcel.BcelWeaver - 14:10:34.836 main < o.a.w.b.BcelWeaver.weave java.util.ArrayList(1)
14:10:34.836 [main] DEBUG o.a.weaver.tools.WeavingAdaptor - 14:10:34.836 main < o.a.w.t.WeavingAdaptor.weaveClass byte[1243]
14:10:34.836 [main] DEBUG org.aspectj.weaver.Dump - 14:10:34.836 main > o.a.w.Dump.dumpOnExit o.a.w.t.WeavingAdaptor$WeavingAdaptorMessageHolder@6a6afff2
14:10:34.836 [main] DEBUG org.aspectj.weaver.Dump - 14:10:34.836 main > o.a.w.Dump.shouldDumpOnExit o.a.w.t.WeavingAdaptor$WeavingAdaptorMessageHolder@6a6afff2
14:10:34.836 [main] DEBUG org.aspectj.weaver.Dump - 14:10:34.836 main - o.a.w.Dump.shouldDumpOnExit abort
14:10:34.836 [main] DEBUG org.aspectj.weaver.Dump - 14:10:34.836 main < o.a.w.Dump.shouldDumpOnExit false
14:10:34.836 [main] DEBUG org.aspectj.weaver.Dump - 14:10:34.836 main < o.a.w.Dump.dumpOnExit Excluded
14:10:34.836 [main] DEBUG org.aspectj.weaver.loadtime.Aj - 14:10:34.836 main < o.a.w.l.Aj.preProcess byte[1243]
14:10:34.838 [main] DEBUG org.aspectj.weaver.loadtime.Aj - 14:10:34.838 main > o.a.w.l.Aj.preProcess o.a.w.l.Aj@b9afc07 org/junit/jupiter/api/extension/InvocationInterceptor, byte[4960], j.i.l.ClassLoaders$AppClassLoader@3cd1a2f1
14:10:34.838 [main] DEBUG org.aspectj.weaver.loadtime.Aj - 14:10:34.838 main - o.a.w.l.Aj.preProcess o.a.w.l.Aj@b9afc07 j.i.l.ClassLoaders$PlatformClassLoader@1ad282e0, j.i.l.ClassLoaders$AppClassLoader@3cd1a2f1
14:10:34.838 [main] DEBUG o.a.weaver.tools.WeavingAdaptor - 14:10:34.838 main > o.a.w.t.WeavingAdaptor.weaveClass o.a.w.l.ClassLoaderWeavingAdaptor@140e5a13 org/junit/jupiter/api/extension/InvocationInterceptor, byte[4960]
14:10:34.838 [main] DEBUG org.aspectj.weaver.bcel.BcelWeaver - 14:10:34.838 main > o.a.w.b.BcelWeaver.weave o.a.w.b.BcelWeaver@48524010 o.a.w.t.WeavingAdaptor$WeavingClassFileProvider@136965e3
14:10:34.839 [main] DEBUG org.aspectj.weaver.bcel.BcelWeaver - 14:10:34.839 main > o.a.w.b.BcelWeaver.weaveAndNotify o.a.w.b.BcelWeaver@48524010 o.a.w.b.UnwovenClassFile@53c6f96d, o.a.w.b.BcelObjectType@435cc7f9, o.a.w.t.WeavingAdaptor$WeavingClassFileProvider$1@4364712f
14:10:34.840 [main] DEBUG org.aspectj.weaver.bcel.BcelWorld - 14:10:34.840 main - o.a.w.b.BcelWorld.lookupJavaClass o.a.w.l.LTWWorld@2b4a2ec7 org.junit.jupiter.api.extension.DynamicTestInvocationContext, o.a.a.b.c.JavaClass@5ad5be4a
14:10:34.840 [main] DEBUG org.aspectj.weaver.bcel.BcelWeaver - 14:10:34.840 main < o.a.w.b.BcelWeaver.weaveAndNotify
14:10:34.840 [main] DEBUG org.aspectj.weaver.bcel.BcelWeaver - 14:10:34.840 main < o.a.w.b.BcelWeaver.weave java.util.ArrayList(1)
14:10:34.840 [main] DEBUG o.a.weaver.tools.WeavingAdaptor - 14:10:34.840 main < o.a.w.t.WeavingAdaptor.weaveClass byte[4960]
14:10:34.840 [main] DEBUG org.aspectj.weaver.Dump - 14:10:34.840 main > o.a.w.Dump.dumpOnExit o.a.w.t.WeavingAdaptor$WeavingAdaptorMessageHolder@6a6afff2
14:10:34.840 [main] DEBUG org.aspectj.weaver.Dump - 14:10:34.840 main > o.a.w.Dump.shouldDumpOnExit o.a.w.t.WeavingAdaptor$WeavingAdaptorMessageHolder@6a6afff2
14:10:34.840 [main] DEBUG org.aspectj.weaver.Dump - 14:10:34.840 main - o.a.w.Dump.shouldDumpOnExit abort
14:10:34.840 [main] DEBUG org.aspectj.weaver.Dump - 14:10:34.840 main < o.a.w.Dump.shouldDumpOnExit false
14:10:34.840 [main] DEBUG org.aspectj.weaver.Dump - 14:10:34.840 main < o.a.w.Dump.dumpOnExit Excluded
14:10:34.840 [main] DEBUG org.aspectj.weaver.loadtime.Aj - 14:10:34.840 main < o.a.w.l.Aj.preProcess byte[4960]
14:10:34.842 [main] DEBUG org.aspectj.weaver.loadtime.Aj - 14:10:34.842 main > o.a.w.l.Aj.preProcess o.a.w.l.Aj@b9afc07 org/junit/jupiter/api/extension/Extension, byte[383], j.i.l.ClassLoaders$AppClassLoader@3cd1a2f1
14:10:34.842 [main] DEBUG org.aspectj.weaver.loadtime.Aj - 14:10:34.842 main - o.a.w.l.Aj.preProcess o.a.w.l.Aj@b9afc07 j.i.l.ClassLoaders$PlatformClassLoader@1ad282e0, j.i.l.ClassLoaders$AppClassLoader@3cd1a2f1
14:10:34.842 [main] DEBUG o.a.weaver.tools.WeavingAdaptor - 14:10:34.842 main > o.a.w.t.WeavingAdaptor.weaveClass o.a.w.l.ClassLoaderWeavingAdaptor@140e5a13 org/junit/jupiter/api/extension/Extension, byte[383]
14:10:34.842 [main] DEBUG org.aspectj.weaver.bcel.BcelWeaver - 14:10:34.842 main > o.a.w.b.BcelWeaver.weave o.a.w.b.BcelWeaver@48524010 o.a.w.t.WeavingAdaptor$WeavingClassFileProvider@6535117e
14:10:34.843 [main] DEBUG org.aspectj.weaver.bcel.BcelWeaver - 14:10:34.842 main > o.a.w.b.BcelWeaver.weaveAndNotify o.a.w.b.BcelWeaver@48524010 o.a.w.b.UnwovenClassFile@1d1cbd0f, o.a.w.b.BcelObjectType@6fa13e6, o.a.w.t.WeavingAdaptor$WeavingClassFileProvider$1@3af7d855
14:10:34.843 [main] DEBUG org.aspectj.weaver.bcel.BcelWeaver - 14:10:34.843 main < o.a.w.b.BcelWeaver.weaveAndNotify
14:10:34.843 [main] DEBUG org.aspectj.weaver.bcel.BcelWeaver - 14:10:34.843 main < o.a.w.b.BcelWeaver.weave java.util.ArrayList(1)
14:10:34.843 [main] DEBUG o.a.weaver.tools.WeavingAdaptor - 14:10:34.843 main < o.a.w.t.WeavingAdaptor.weaveClass byte[383]
14:10:34.843 [main] DEBUG org.aspectj.weaver.Dump - 14:10:34.843 main > o.a.w.Dump.dumpOnExit o.a.w.t.WeavingAdaptor$WeavingAdaptorMessageHolder@6a6afff2
14:10:34.843 [main] DEBUG org.aspectj.weaver.Dump - 14:10:34.843 main > o.a.w.Dump.shouldDumpOnExit o.a.w.t.WeavingAdaptor$WeavingAdaptorMessageHolder@6a6afff2
14:10:34.843 [main] DEBUG org.aspectj.weaver.Dump - 14:10:34.843 main - o.a.w.Dump.shouldDumpOnExit abort
14:10:34.843 [main] DEBUG org.aspectj.weaver.Dump - 14:10:34.843 main < o.a.w.Dump.shouldDumpOnExit false
14:10:34.843 [main] DEBUG org.aspectj.weaver.Dump - 14:10:34.843 main < o.a.w.Dump.dumpOnExit Excluded
14:10:34.843 [main] DEBUG org.aspectj.weaver.loadtime.Aj - 14:10:34.843 main < o.a.w.l.Aj.preProcess byte[383]
14:10:34.847 [main] DEBUG org.aspectj.weaver.loadtime.Aj - 14:10:34.847 main > o.a.w.l.Aj.preProcess o.a.w.l.Aj@b9afc07 org/junit/jupiter/engine/execution/InterceptingExecutableInvoker$ReflectiveInterceptorCall, byte[3815], j.i.l.ClassLoaders$AppClassLoader@3cd1a2f1
14:10:34.848 [main] DEBUG org.aspectj.weaver.loadtime.Aj - 14:10:34.848 main - o.a.w.l.Aj.preProcess o.a.w.l.Aj@b9afc07 j.i.l.ClassLoaders$PlatformClassLoader@1ad282e0, j.i.l.ClassLoaders$AppClassLoader@3cd1a2f1
14:10:34.848 [main] DEBUG o.a.weaver.tools.WeavingAdaptor - 14:10:34.848 main > o.a.w.t.WeavingAdaptor.weaveClass o.a.w.l.ClassLoaderWeavingAdaptor@140e5a13 org/junit/jupiter/engine/execution/InterceptingExecutableInvoker$ReflectiveInterceptorCall, byte[3815]
14:10:34.848 [main] DEBUG org.aspectj.weaver.bcel.BcelWeaver - 14:10:34.848 main > o.a.w.b.BcelWeaver.weave o.a.w.b.BcelWeaver@48524010 o.a.w.t.WeavingAdaptor$WeavingClassFileProvider@4012d5bc
14:10:34.872 [main] DEBUG org.aspectj.weaver.bcel.BcelWeaver - 14:10:34.848 main > o.a.w.b.BcelWeaver.weaveAndNotify o.a.w.b.BcelWeaver@48524010 o.a.w.b.UnwovenClassFile@4375b013, o.a.w.b.BcelObjectType@1cf0cacc, o.a.w.t.WeavingAdaptor$WeavingClassFileProvider$1@4f5b08d
14:10:34.872 [main] DEBUG org.aspectj.weaver.bcel.BcelWorld - 14:10:34.872 main - o.a.w.b.BcelWorld.lookupJavaClass o.a.w.l.LTWWorld@2b4a2ec7 org.junit.jupiter.engine.execution.InterceptingExecutableInvoker$ReflectiveInterceptorCall$VoidMethodInterceptorCall, o.a.a.b.c.JavaClass@5460b754
14:10:34.872 [main] DEBUG org.aspectj.weaver.bcel.BcelWorld - 14:10:34.872 main - o.a.w.b.BcelWorld.lookupJavaClass o.a.w.l.LTWWorld@2b4a2ec7 org.junit.jupiter.api.extension.InvocationInterceptor, o.a.a.b.c.JavaClass@54e2fe
14:10:34.872 [main] DEBUG org.aspectj.weaver.bcel.BcelWorld - 14:10:34.872 main - o.a.w.b.BcelWorld.lookupJavaClass o.a.w.l.LTWWorld@2b4a2ec7 org.junit.jupiter.api.extension.InvocationInterceptor$Invocation, o.a.a.b.c.JavaClass@7640a5b1
14:10:34.872 [main] DEBUG org.aspectj.weaver.bcel.BcelWorld - 14:10:34.872 main - o.a.w.b.BcelWorld.lookupJavaClass o.a.w.l.LTWWorld@2b4a2ec7 org.junit.jupiter.api.extension.ReflectiveInvocationContext, o.a.a.b.c.JavaClass@5634d0f4
14:10:34.873 [main] DEBUG org.aspectj.weaver.bcel.BcelWorld - 14:10:34.873 main - o.a.w.b.BcelWorld.lookupJavaClass o.a.w.l.LTWWorld@2b4a2ec7 org.junit.jupiter.api.extension.ExtensionContext, o.a.a.b.c.JavaClass@26bbe604
14:10:34.874 [main] DEBUG org.aspectj.weaver.bcel.BcelWorld - 14:10:34.874 main - o.a.w.b.BcelWorld.lookupJavaClass o.a.w.l.LTWWorld@2b4a2ec7 java.lang.Void, o.a.a.b.c.JavaClass@fe34b86
14:10:34.874 [main] DEBUG org.aspectj.weaver.bcel.BcelWeaver - 14:10:34.874 main < o.a.w.b.BcelWeaver.weaveAndNotify
14:10:34.874 [main] DEBUG org.aspectj.weaver.bcel.BcelWeaver - 14:10:34.874 main < o.a.w.b.BcelWeaver.weave java.util.ArrayList(1)
14:10:34.874 [main] DEBUG o.a.weaver.tools.WeavingAdaptor - 14:10:34.874 main < o.a.w.t.WeavingAdaptor.weaveClass byte[3815]
14:10:34.874 [main] DEBUG org.aspectj.weaver.Dump - 14:10:34.874 main > o.a.w.Dump.dumpOnExit o.a.w.t.WeavingAdaptor$WeavingAdaptorMessageHolder@6a6afff2
14:10:34.874 [main] DEBUG org.aspectj.weaver.Dump - 14:10:34.874 main > o.a.w.Dump.shouldDumpOnExit o.a.w.t.WeavingAdaptor$WeavingAdaptorMessageHolder@6a6afff2
14:10:34.874 [main] DEBUG org.aspectj.weaver.Dump - 14:10:34.874 main - o.a.w.Dump.shouldDumpOnExit abort
14:10:34.874 [main] DEBUG org.aspectj.weaver.Dump - 14:10:34.874 main < o.a.w.Dump.shouldDumpOnExit false
14:10:34.874 [main] DEBUG org.aspectj.weaver.Dump - 14:10:34.874 main < o.a.w.Dump.dumpOnExit Excluded
14:10:34.874 [main] DEBUG org.aspectj.weaver.loadtime.Aj - 14:10:34.874 main < o.a.w.l.Aj.preProcess byte[3815]
14:10:34.879 [main] DEBUG org.aspectj.weaver.loadtime.Aj - 14:10:34.879 main > o.a.w.l.Aj.preProcess o.a.w.l.Aj@b9afc07 org/junit/platform/engine/support/descriptor/MethodSource, byte[8013], j.i.l.ClassLoaders$AppClassLoader@3cd1a2f1
14:10:34.879 [main] DEBUG org.aspectj.weaver.loadtime.Aj - 14:10:34.879 main - o.a.w.l.Aj.preProcess o.a.w.l.Aj@b9afc07 j.i.l.ClassLoaders$PlatformClassLoader@1ad282e0, j.i.l.ClassLoaders$AppClassLoader@3cd1a2f1
14:10:34.879 [main] DEBUG o.a.weaver.tools.WeavingAdaptor - 14:10:34.879 main > o.a.w.t.WeavingAdaptor.weaveClass o.a.w.l.ClassLoaderWeavingAdaptor@140e5a13 org/junit/platform/engine/support/descriptor/MethodSource, byte[8013]
14:10:34.879 [main] DEBUG org.aspectj.weaver.bcel.BcelWeaver - 14:10:34.879 main > o.a.w.b.BcelWeaver.weave o.a.w.b.BcelWeaver@48524010 o.a.w.t.WeavingAdaptor$WeavingClassFileProvider@47c40b56
14:10:34.880 [main] DEBUG org.aspectj.weaver.bcel.BcelWorld - 14:10:34.880 main - o.a.w.b.BcelWorld.lookupJavaClass o.a.w.l.LTWWorld@2b4a2ec7 org.junit.platform.engine.TestSource, o.a.a.b.c.JavaClass@3b95d13c
14:10:34.880 [main] DEBUG org.aspectj.weaver.bcel.BcelWeaver - 14:10:34.880 main > o.a.w.b.BcelWeaver.weaveAndNotify o.a.w.b.BcelWeaver@48524010 o.a.w.b.UnwovenClassFile@4b039c6d, o.a.w.b.BcelObjectType@7f5b9db, o.a.w.t.WeavingAdaptor$WeavingClassFileProvider$1@507d64aa
14:10:34.880 [main] DEBUG org.aspectj.weaver.bcel.BcelWorld - 14:10:34.880 main - o.a.w.b.BcelWorld.lookupJavaClass o.a.w.l.LTWWorld@2b4a2ec7 java.io.Serializable, o.a.a.b.c.JavaClass@3e11f9e9
14:10:34.880 [main] DEBUG org.aspectj.weaver.bcel.BcelWorld - 14:10:34.880 main - o.a.w.b.BcelWorld.lookupJavaClass o.a.w.l.LTWWorld@2b4a2ec7 org.apiguardian.api.API, o.a.a.b.c.JavaClass@1a20270e
14:10:34.881 [main] DEBUG org.aspectj.weaver.bcel.BcelWorld - 14:10:34.881 main - o.a.w.b.BcelWorld.lookupJavaClass o.a.w.l.LTWWorld@2b4a2ec7 org.junit.platform.commons.PreconditionViolationException, o.a.a.b.c.JavaClass@934b52f
14:10:34.881 [main] DEBUG org.aspectj.weaver.bcel.BcelWorld - 14:10:34.881 main - o.a.w.b.BcelWorld.lookupJavaClass o.a.w.l.LTWWorld@2b4a2ec7 java.lang.Exception, o.a.a.b.c.JavaClass@712625fd
14:10:34.881 [main] DEBUG org.aspectj.weaver.bcel.BcelWeaver - 14:10:34.881 main < o.a.w.b.BcelWeaver.weaveAndNotify
14:10:34.881 [main] DEBUG org.aspectj.weaver.bcel.BcelWeaver - 14:10:34.881 main < o.a.w.b.BcelWeaver.weave java.util.ArrayList(1)
14:10:34.881 [main] DEBUG o.a.weaver.tools.WeavingAdaptor - 14:10:34.881 main < o.a.w.t.WeavingAdaptor.weaveClass byte[8013]
14:10:34.881 [main] DEBUG org.aspectj.weaver.Dump - 14:10:34.881 main > o.a.w.Dump.dumpOnExit o.a.w.t.WeavingAdaptor$WeavingAdaptorMessageHolder@6a6afff2
14:10:34.881 [main] DEBUG org.aspectj.weaver.Dump - 14:10:34.881 main > o.a.w.Dump.shouldDumpOnExit o.a.w.t.WeavingAdaptor$WeavingAdaptorMessageHolder@6a6afff2
14:10:34.881 [main] DEBUG org.aspectj.weaver.Dump - 14:10:34.881 main - o.a.w.Dump.shouldDumpOnExit abort
14:10:34.881 [main] DEBUG org.aspectj.weaver.Dump - 14:10:34.881 main < o.a.w.Dump.shouldDumpOnExit false
14:10:34.881 [main] DEBUG org.aspectj.weaver.Dump - 14:10:34.881 main < o.a.w.Dump.dumpOnExit Excluded
14:10:34.881 [main] DEBUG org.aspectj.weaver.loadtime.Aj - 14:10:34.881 main < o.a.w.l.Aj.preProcess byte[8013]
14:10:34.896 [main] DEBUG org.aspectj.weaver.loadtime.Aj - 14:10:34.896 main > o.a.w.l.Aj.preProcess o.a.w.l.Aj@b9afc07 org/junit/jupiter/engine/descriptor/Filterable, byte[494], j.i.l.ClassLoaders$AppClassLoader@3cd1a2f1
14:10:34.896 [main] DEBUG org.aspectj.weaver.loadtime.Aj - 14:10:34.896 main - o.a.w.l.Aj.preProcess o.a.w.l.Aj@b9afc07 j.i.l.ClassLoaders$PlatformClassLoader@1ad282e0, j.i.l.ClassLoaders$AppClassLoader@3cd1a2f1
14:10:34.897 [main] DEBUG o.a.weaver.tools.WeavingAdaptor - 14:10:34.897 main > o.a.w.t.WeavingAdaptor.weaveClass o.a.w.l.ClassLoaderWeavingAdaptor@140e5a13 org/junit/jupiter/engine/descriptor/Filterable, byte[494]
14:10:34.897 [main] DEBUG org.aspectj.weaver.bcel.BcelWeaver - 14:10:34.897 main > o.a.w.b.BcelWeaver.weave o.a.w.b.BcelWeaver@48524010 o.a.w.t.WeavingAdaptor$WeavingClassFileProvider@178f268a
14:10:34.897 [main] DEBUG org.aspectj.weaver.bcel.BcelWeaver - 14:10:34.897 main > o.a.w.b.BcelWeaver.weaveAndNotify o.a.w.b.BcelWeaver@48524010 o.a.w.b.UnwovenClassFile@33ecbd6c, o.a.w.b.BcelObjectType@5c723f2d, o.a.w.t.WeavingAdaptor$WeavingClassFileProvider$1@432f521f
14:10:34.897 [main] DEBUG org.aspectj.weaver.bcel.BcelWeaver - 14:10:34.897 main < o.a.w.b.BcelWeaver.weaveAndNotify
14:10:34.897 [main] DEBUG org.aspectj.weaver.bcel.BcelWeaver - 14:10:34.897 main < o.a.w.b.BcelWeaver.weave java.util.ArrayList(1)
14:10:34.897 [main] DEBUG o.a.weaver.tools.WeavingAdaptor - 14:10:34.897 main < o.a.w.t.WeavingAdaptor.weaveClass byte[494]
14:10:34.898 [main] DEBUG org.aspectj.weaver.Dump - 14:10:34.898 main > o.a.w.Dump.dumpOnExit o.a.w.t.WeavingAdaptor$WeavingAdaptorMessageHolder@6a6afff2
14:10:34.898 [main] DEBUG org.aspectj.weaver.Dump - 14:10:34.898 main > o.a.w.Dump.shouldDumpOnExit o.a.w.t.WeavingAdaptor$WeavingAdaptorMessageHolder@6a6afff2
14:10:34.898 [main] DEBUG org.aspectj.weaver.Dump - 14:10:34.898 main - o.a.w.Dump.shouldDumpOnExit abort
14:10:34.898 [main] DEBUG org.aspectj.weaver.Dump - 14:10:34.898 main < o.a.w.Dump.shouldDumpOnExit false
14:10:34.898 [main] DEBUG org.aspectj.weaver.Dump - 14:10:34.898 main < o.a.w.Dump.dumpOnExit Excluded
14:10:34.898 [main] DEBUG org.aspectj.weaver.loadtime.Aj - 14:10:34.898 main < o.a.w.l.Aj.preProcess byte[494]
14:10:34.909 [main] DEBUG org.aspectj.weaver.loadtime.Aj - 14:10:34.909 main > o.a.w.l.Aj.preProcess o.a.w.l.Aj@b9afc07 org/junit/jupiter/engine/discovery/DefaultClassDescriptor, byte[1529], j.i.l.ClassLoaders$AppClassLoader@3cd1a2f1
14:10:34.909 [main] DEBUG org.aspectj.weaver.loadtime.Aj - 14:10:34.909 main - o.a.w.l.Aj.preProcess o.a.w.l.Aj@b9afc07 j.i.l.ClassLoaders$PlatformClassLoader@1ad282e0, j.i.l.ClassLoaders$AppClassLoader@3cd1a2f1
14:10:34.909 [main] DEBUG o.a.weaver.tools.WeavingAdaptor - 14:10:34.909 main > o.a.w.t.WeavingAdaptor.weaveClass o.a.w.l.ClassLoaderWeavingAdaptor@140e5a13 org/junit/jupiter/engine/discovery/DefaultClassDescriptor, byte[1529]
14:10:34.910 [main] DEBUG org.aspectj.weaver.bcel.BcelWeaver - 14:10:34.910 main > o.a.w.b.BcelWeaver.weave o.a.w.b.BcelWeaver@48524010 o.a.w.t.WeavingAdaptor$WeavingClassFileProvider@8d8f754
14:10:34.910 [main] DEBUG org.aspectj.weaver.bcel.BcelWorld - 14:10:34.910 main - o.a.w.b.BcelWorld.lookupJavaClass o.a.w.l.LTWWorld@2b4a2ec7 org.junit.jupiter.engine.discovery.AbstractAnnotatedDescriptorWrapper, o.a.a.b.c.JavaClass@459b187a
14:10:34.911 [main] DEBUG org.aspectj.weaver.bcel.BcelWorld - 14:10:34.911 main - o.a.w.b.BcelWorld.lookupJavaClass o.a.w.l.LTWWorld@2b4a2ec7 org.junit.jupiter.api.ClassDescriptor, o.a.a.b.c.JavaClass@7b27e8f4
14:10:34.911 [main] DEBUG org.aspectj.weaver.bcel.BcelWeaver - 14:10:34.911 main > o.a.w.b.BcelWeaver.weaveAndNotify o.a.w.b.BcelWeaver@48524010 o.a.w.b.UnwovenClassFile@348ad293, o.a.w.b.BcelObjectType@30f74e79, o.a.w.t.WeavingAdaptor$WeavingClassFileProvider$1@2c88a3e8
14:10:34.912 [main] DEBUG org.aspectj.weaver.bcel.BcelWeaver - 14:10:34.912 main < o.a.w.b.BcelWeaver.weaveAndNotify
14:10:34.912 [main] DEBUG org.aspectj.weaver.bcel.BcelWeaver - 14:10:34.912 main < o.a.w.b.BcelWeaver.weave java.util.ArrayList(1)
14:10:34.912 [main] DEBUG o.a.weaver.tools.WeavingAdaptor - 14:10:34.912 main < o.a.w.t.WeavingAdaptor.weaveClass byte[1529]
14:10:34.912 [main] DEBUG org.aspectj.weaver.Dump - 14:10:34.912 main > o.a.w.Dump.dumpOnExit o.a.w.t.WeavingAdaptor$WeavingAdaptorMessageHolder@6a6afff2
14:10:34.912 [main] DEBUG org.aspectj.weaver.Dump - 14:10:34.912 main > o.a.w.Dump.shouldDumpOnExit o.a.w.t.WeavingAdaptor$WeavingAdaptorMessageHolder@6a6afff2
14:10:34.912 [main] DEBUG org.aspectj.weaver.Dump - 14:10:34.912 main - o.a.w.Dump.shouldDumpOnExit abort
14:10:34.912 [main] DEBUG org.aspectj.weaver.Dump - 14:10:34.912 main < o.a.w.Dump.shouldDumpOnExit false
14:10:34.912 [main] DEBUG org.aspectj.weaver.Dump - 14:10:34.912 main < o.a.w.Dump.dumpOnExit Excluded
14:10:34.912 [main] DEBUG org.aspectj.weaver.loadtime.Aj - 14:10:34.912 main < o.a.w.l.Aj.preProcess byte[1529]
14:10:34.914 [main] DEBUG org.aspectj.weaver.loadtime.Aj - 14:10:34.913 main > o.a.w.l.Aj.preProcess o.a.w.l.Aj@b9afc07 org/junit/jupiter/api/ClassDescriptor, byte[974], j.i.l.ClassLoaders$AppClassLoader@3cd1a2f1
14:10:34.914 [main] DEBUG org.aspectj.weaver.loadtime.Aj - 14:10:34.914 main - o.a.w.l.Aj.preProcess o.a.w.l.Aj@b9afc07 j.i.l.ClassLoaders$PlatformClassLoader@1ad282e0, j.i.l.ClassLoaders$AppClassLoader@3cd1a2f1
14:10:34.914 [main] DEBUG o.a.weaver.tools.WeavingAdaptor - 14:10:34.914 main > o.a.w.t.WeavingAdaptor.weaveClass o.a.w.l.ClassLoaderWeavingAdaptor@140e5a13 org/junit/jupiter/api/ClassDescriptor, byte[974]
14:10:34.914 [main] DEBUG org.aspectj.weaver.bcel.BcelWeaver - 14:10:34.914 main > o.a.w.b.BcelWeaver.weave o.a.w.b.BcelWeaver@48524010 o.a.w.t.WeavingAdaptor$WeavingClassFileProvider@65f651eb
14:10:34.914 [main] DEBUG org.aspectj.weaver.bcel.BcelWeaver - 14:10:34.914 main > o.a.w.b.BcelWeaver.weaveAndNotify o.a.w.b.BcelWeaver@48524010 o.a.w.b.UnwovenClassFile@69923ac3, o.a.w.b.BcelObjectType@1f1ff879, o.a.w.t.WeavingAdaptor$WeavingClassFileProvider$1@73d60e76
14:10:34.914 [main] DEBUG org.aspectj.weaver.bcel.BcelWeaver - 14:10:34.914 main < o.a.w.b.BcelWeaver.weaveAndNotify
14:10:34.914 [main] DEBUG org.aspectj.weaver.bcel.BcelWeaver - 14:10:34.914 main < o.a.w.b.BcelWeaver.weave java.util.ArrayList(1)
14:10:34.914 [main] DEBUG o.a.weaver.tools.WeavingAdaptor - 14:10:34.914 main < o.a.w.t.WeavingAdaptor.weaveClass byte[974]
14:10:34.915 [main] DEBUG org.aspectj.weaver.Dump - 14:10:34.914 main > o.a.w.Dump.dumpOnExit o.a.w.t.WeavingAdaptor$WeavingAdaptorMessageHolder@6a6afff2
14:10:34.916 [main] DEBUG org.aspectj.weaver.Dump - 14:10:34.916 main > o.a.w.Dump.shouldDumpOnExit o.a.w.t.WeavingAdaptor$WeavingAdaptorMessageHolder@6a6afff2
14:10:34.916 [main] DEBUG org.aspectj.weaver.Dump - 14:10:34.916 main - o.a.w.Dump.shouldDumpOnExit abort
14:10:34.916 [main] DEBUG org.aspectj.weaver.Dump - 14:10:34.916 main < o.a.w.Dump.shouldDumpOnExit false
14:10:34.916 [main] DEBUG org.aspectj.weaver.Dump - 14:10:34.916 main < o.a.w.Dump.dumpOnExit Excluded
14:10:34.916 [main] DEBUG org.aspectj.weaver.loadtime.Aj - 14:10:34.916 main < o.a.w.l.Aj.preProcess byte[974]
14:10:34.922 [main] DEBUG org.aspectj.weaver.loadtime.Aj - 14:10:34.922 main > o.a.w.l.Aj.preProcess o.a.w.l.Aj@b9afc07 org/junit/jupiter/engine/discovery/AbstractAnnotatedDescriptorWrapper, byte[2802], j.i.l.ClassLoaders$AppClassLoader@3cd1a2f1
14:10:34.922 [main] DEBUG org.aspectj.weaver.loadtime.Aj - 14:10:34.922 main - o.a.w.l.Aj.preProcess o.a.w.l.Aj@b9afc07 j.i.l.ClassLoaders$PlatformClassLoader@1ad282e0, j.i.l.ClassLoaders$AppClassLoader@3cd1a2f1
14:10:34.922 [main] DEBUG o.a.weaver.tools.WeavingAdaptor - 14:10:34.922 main > o.a.w.t.WeavingAdaptor.weaveClass o.a.w.l.ClassLoaderWeavingAdaptor@140e5a13 org/junit/jupiter/engine/discovery/AbstractAnnotatedDescriptorWrapper, byte[2802]
14:10:34.922 [main] DEBUG org.aspectj.weaver.bcel.BcelWeaver - 14:10:34.922 main > o.a.w.b.BcelWeaver.weave o.a.w.b.BcelWeaver@48524010 o.a.w.t.WeavingAdaptor$WeavingClassFileProvider@7f1ef916
14:10:34.922 [main] DEBUG org.aspectj.weaver.bcel.BcelWeaver - 14:10:34.922 main > o.a.w.b.BcelWeaver.weaveAndNotify o.a.w.b.BcelWeaver@48524010 o.a.w.b.UnwovenClassFile@1886991b, o.a.w.b.BcelObjectType@64aad809, o.a.w.t.WeavingAdaptor$WeavingClassFileProvider$1@1f03fba0
14:10:34.923 [main] DEBUG org.aspectj.weaver.bcel.BcelWorld - 14:10:34.923 main - o.a.w.b.BcelWorld.lookupJavaClass o.a.w.l.LTWWorld@2b4a2ec7 java.lang.reflect.AnnotatedElement, o.a.a.b.c.JavaClass@347bdeef
14:10:34.923 [main] DEBUG org.aspectj.weaver.bcel.BcelWorld - 14:10:34.923 main - o.a.w.b.BcelWorld.lookupJavaClass o.a.w.l.LTWWorld@2b4a2ec7 org.junit.platform.engine.TestDescriptor, o.a.a.b.c.JavaClass@2d6c53fc
14:10:34.923 [main] DEBUG org.aspectj.weaver.bcel.BcelWorld - 14:10:34.923 main - o.a.w.b.BcelWorld.lookupJavaClass o.a.w.l.LTWWorld@2b4a2ec7 java.util.Optional, o.a.a.b.c.JavaClass@6676f6a0
14:10:34.923 [main] DEBUG org.aspectj.weaver.bcel.BcelWeaver - 14:10:34.923 main < o.a.w.b.BcelWeaver.weaveAndNotify
14:10:34.923 [main] DEBUG org.aspectj.weaver.bcel.BcelWeaver - 14:10:34.923 main < o.a.w.b.BcelWeaver.weave java.util.ArrayList(1)
14:10:34.923 [main] DEBUG o.a.weaver.tools.WeavingAdaptor - 14:10:34.923 main < o.a.w.t.WeavingAdaptor.weaveClass byte[2802]
14:10:34.923 [main] DEBUG org.aspectj.weaver.Dump - 14:10:34.923 main > o.a.w.Dump.dumpOnExit o.a.w.t.WeavingAdaptor$WeavingAdaptorMessageHolder@6a6afff2
14:10:34.923 [main] DEBUG org.aspectj.weaver.Dump - 14:10:34.923 main > o.a.w.Dump.shouldDumpOnExit o.a.w.t.WeavingAdaptor$WeavingAdaptorMessageHolder@6a6afff2
14:10:34.923 [main] DEBUG org.aspectj.weaver.Dump - 14:10:34.923 main - o.a.w.Dump.shouldDumpOnExit abort
14:10:34.923 [main] DEBUG org.aspectj.weaver.Dump - 14:10:34.923 main < o.a.w.Dump.shouldDumpOnExit false
14:10:34.923 [main] DEBUG org.aspectj.weaver.Dump - 14:10:34.923 main < o.a.w.Dump.dumpOnExit Excluded
14:10:34.923 [main] DEBUG org.aspectj.weaver.loadtime.Aj - 14:10:34.923 main < o.a.w.l.Aj.preProcess byte[2802]
14:10:34.927 [main] DEBUG org.aspectj.weaver.loadtime.Aj - 14:10:34.927 main > o.a.w.l.Aj.preProcess o.a.w.l.Aj@b9afc07 org/junit/jupiter/engine/discovery/AbstractOrderingVisitor$MessageGenerator, byte[417], j.i.l.ClassLoaders$AppClassLoader@3cd1a2f1
14:10:34.927 [main] DEBUG org.aspectj.weaver.loadtime.Aj - 14:10:34.927 main - o.a.w.l.Aj.preProcess o.a.w.l.Aj@b9afc07 j.i.l.ClassLoaders$PlatformClassLoader@1ad282e0, j.i.l.ClassLoaders$AppClassLoader@3cd1a2f1
14:10:34.927 [main] DEBUG o.a.weaver.tools.WeavingAdaptor - 14:10:34.927 main > o.a.w.t.WeavingAdaptor.weaveClass o.a.w.l.ClassLoaderWeavingAdaptor@140e5a13 org/junit/jupiter/engine/discovery/AbstractOrderingVisitor$MessageGenerator, byte[417]
14:10:34.927 [main] DEBUG org.aspectj.weaver.bcel.BcelWeaver - 14:10:34.927 main > o.a.w.b.BcelWeaver.weave o.a.w.b.BcelWeaver@48524010 o.a.w.t.WeavingAdaptor$WeavingClassFileProvider@3791f50e
14:10:34.927 [main] DEBUG org.aspectj.weaver.bcel.BcelWeaver - 14:10:34.927 main > o.a.w.b.BcelWeaver.weaveAndNotify o.a.w.b.BcelWeaver@48524010 o.a.w.b.UnwovenClassFile@574b7f4a, o.a.w.b.BcelObjectType@44ed0a8f, o.a.w.t.WeavingAdaptor$WeavingClassFileProvider$1@32177fa5
14:10:34.927 [main] DEBUG org.aspectj.weaver.bcel.BcelWeaver - 14:10:34.927 main < o.a.w.b.BcelWeaver.weaveAndNotify
14:10:34.927 [main] DEBUG org.aspectj.weaver.bcel.BcelWeaver - 14:10:34.927 main < o.a.w.b.BcelWeaver.weave java.util.ArrayList(1)
14:10:34.927 [main] DEBUG o.a.weaver.tools.WeavingAdaptor - 14:10:34.927 main < o.a.w.t.WeavingAdaptor.weaveClass byte[417]
14:10:34.928 [main] DEBUG org.aspectj.weaver.Dump - 14:10:34.927 main > o.a.w.Dump.dumpOnExit o.a.w.t.WeavingAdaptor$WeavingAdaptorMessageHolder@6a6afff2
14:10:34.928 [main] DEBUG org.aspectj.weaver.Dump - 14:10:34.928 main > o.a.w.Dump.shouldDumpOnExit o.a.w.t.WeavingAdaptor$WeavingAdaptorMessageHolder@6a6afff2
14:10:34.928 [main] DEBUG org.aspectj.weaver.Dump - 14:10:34.928 main - o.a.w.Dump.shouldDumpOnExit abort
14:10:34.928 [main] DEBUG org.aspectj.weaver.Dump - 14:10:34.928 main < o.a.w.Dump.shouldDumpOnExit false
14:10:34.928 [main] DEBUG org.aspectj.weaver.Dump - 14:10:34.928 main < o.a.w.Dump.dumpOnExit Excluded
14:10:34.928 [main] DEBUG org.aspectj.weaver.loadtime.Aj - 14:10:34.928 main < o.a.w.l.Aj.preProcess byte[417]
14:10:34.932 [main] DEBUG org.aspectj.weaver.loadtime.Aj - 14:10:34.932 main > o.a.w.l.Aj.preProcess o.a.w.l.Aj@b9afc07 org/junit/jupiter/engine/discovery/AbstractOrderingVisitor$DescriptorWrapperOrderer, byte[4384], j.i.l.ClassLoaders$AppClassLoader@3cd1a2f1
14:10:34.933 [main] DEBUG org.aspectj.weaver.loadtime.Aj - 14:10:34.933 main - o.a.w.l.Aj.preProcess o.a.w.l.Aj@b9afc07 j.i.l.ClassLoaders$PlatformClassLoader@1ad282e0, j.i.l.ClassLoaders$AppClassLoader@3cd1a2f1
14:10:34.933 [main] DEBUG o.a.weaver.tools.WeavingAdaptor - 14:10:34.933 main > o.a.w.t.WeavingAdaptor.weaveClass o.a.w.l.ClassLoaderWeavingAdaptor@140e5a13 org/junit/jupiter/engine/discovery/AbstractOrderingVisitor$DescriptorWrapperOrderer, byte[4384]
14:10:34.934 [main] DEBUG org.aspectj.weaver.bcel.BcelWeaver - 14:10:34.933 main > o.a.w.b.BcelWeaver.weave o.a.w.b.BcelWeaver@48524010 o.a.w.t.WeavingAdaptor$WeavingClassFileProvider@57cb70be
14:10:34.934 [main] DEBUG org.aspectj.weaver.bcel.BcelWeaver - 14:10:34.934 main > o.a.w.b.BcelWeaver.weaveAndNotify o.a.w.b.BcelWeaver@48524010 o.a.w.b.UnwovenClassFile@2d4608a6, o.a.w.b.BcelObjectType@20d87335, o.a.w.t.WeavingAdaptor$WeavingClassFileProvider$1@2a8a4e0c
14:10:34.934 [main] DEBUG org.aspectj.weaver.bcel.BcelWeaver - 14:10:34.934 main < o.a.w.b.BcelWeaver.weaveAndNotify
14:10:34.934 [main] DEBUG org.aspectj.weaver.bcel.BcelWeaver - 14:10:34.934 main < o.a.w.b.BcelWeaver.weave java.util.ArrayList(1)
14:10:34.934 [main] DEBUG o.a.weaver.tools.WeavingAdaptor - 14:10:34.934 main < o.a.w.t.WeavingAdaptor.weaveClass byte[4384]
14:10:34.934 [main] DEBUG org.aspectj.weaver.Dump - 14:10:34.934 main > o.a.w.Dump.dumpOnExit o.a.w.t.WeavingAdaptor$WeavingAdaptorMessageHolder@6a6afff2
14:10:34.934 [main] DEBUG org.aspectj.weaver.Dump - 14:10:34.934 main > o.a.w.Dump.shouldDumpOnExit o.a.w.t.WeavingAdaptor$WeavingAdaptorMessageHolder@6a6afff2
14:10:34.934 [main] DEBUG org.aspectj.weaver.Dump - 14:10:34.934 main - o.a.w.Dump.shouldDumpOnExit abort
14:10:34.934 [main] DEBUG org.aspectj.weaver.Dump - 14:10:34.934 main < o.a.w.Dump.shouldDumpOnExit false
14:10:34.934 [main] DEBUG org.aspectj.weaver.Dump - 14:10:34.934 main < o.a.w.Dump.dumpOnExit Excluded
14:10:34.934 [main] DEBUG org.aspectj.weaver.loadtime.Aj - 14:10:34.934 main < o.a.w.l.Aj.preProcess byte[4384]
14:10:34.941 [main] DEBUG org.aspectj.weaver.loadtime.Aj - 14:10:34.941 main > o.a.w.l.Aj.preProcess o.a.w.l.Aj@b9afc07 org/junit/jupiter/api/TestClassOrder, byte[813], j.i.l.ClassLoaders$AppClassLoader@3cd1a2f1
14:10:34.941 [main] DEBUG org.aspectj.weaver.loadtime.Aj - 14:10:34.941 main - o.a.w.l.Aj.preProcess o.a.w.l.Aj@b9afc07 j.i.l.ClassLoaders$PlatformClassLoader@1ad282e0, j.i.l.ClassLoaders$AppClassLoader@3cd1a2f1
14:10:34.941 [main] DEBUG o.a.weaver.tools.WeavingAdaptor - 14:10:34.941 main > o.a.w.t.WeavingAdaptor.weaveClass o.a.w.l.ClassLoaderWeavingAdaptor@140e5a13 org/junit/jupiter/api/TestClassOrder, byte[813]
14:10:34.941 [main] DEBUG org.aspectj.weaver.bcel.BcelWeaver - 14:10:34.941 main > o.a.w.b.BcelWeaver.weave o.a.w.b.BcelWeaver@48524010 o.a.w.t.WeavingAdaptor$WeavingClassFileProvider@2687725a
14:10:34.941 [main] DEBUG org.aspectj.weaver.bcel.BcelWeaver - 14:10:34.941 main > o.a.w.b.BcelWeaver.weaveAndNotify o.a.w.b.BcelWeaver@48524010 o.a.w.b.UnwovenClassFile@5a75ec37, o.a.w.b.BcelObjectType@2c05ff9d, o.a.w.t.WeavingAdaptor$WeavingClassFileProvider$1@33956d1a
14:10:34.942 [main] DEBUG org.aspectj.weaver.bcel.BcelWeaver - 14:10:34.942 main < o.a.w.b.BcelWeaver.weaveAndNotify
14:10:34.942 [main] DEBUG org.aspectj.weaver.bcel.BcelWeaver - 14:10:34.942 main < o.a.w.b.BcelWeaver.weave java.util.ArrayList(1)
14:10:34.942 [main] DEBUG o.a.weaver.tools.WeavingAdaptor - 14:10:34.942 main < o.a.w.t.WeavingAdaptor.weaveClass byte[813]
14:10:34.942 [main] DEBUG org.aspectj.weaver.Dump - 14:10:34.942 main > o.a.w.Dump.dumpOnExit o.a.w.t.WeavingAdaptor$WeavingAdaptorMessageHolder@6a6afff2
14:10:34.942 [main] DEBUG org.aspectj.weaver.Dump - 14:10:34.942 main > o.a.w.Dump.shouldDumpOnExit o.a.w.t.WeavingAdaptor$WeavingAdaptorMessageHolder@6a6afff2
14:10:34.942 [main] DEBUG org.aspectj.weaver.Dump - 14:10:34.942 main - o.a.w.Dump.shouldDumpOnExit abort
14:10:34.942 [main] DEBUG org.aspectj.weaver.Dump - 14:10:34.942 main < o.a.w.Dump.shouldDumpOnExit false
14:10:34.942 [main] DEBUG org.aspectj.weaver.Dump - 14:10:34.942 main < o.a.w.Dump.dumpOnExit Excluded
14:10:34.942 [main] DEBUG org.aspectj.weaver.loadtime.Aj - 14:10:34.942 main < o.a.w.l.Aj.preProcess byte[813]
14:10:34.958 [main] DEBUG org.aspectj.weaver.loadtime.Aj - 14:10:34.958 main > o.a.w.l.Aj.preProcess o.a.w.l.Aj@b9afc07 org/junit/jupiter/api/TestMethodOrder, byte[810], j.i.l.ClassLoaders$AppClassLoader@3cd1a2f1
14:10:34.958 [main] DEBUG org.aspectj.weaver.loadtime.Aj - 14:10:34.958 main - o.a.w.l.Aj.preProcess o.a.w.l.Aj@b9afc07 j.i.l.ClassLoaders$PlatformClassLoader@1ad282e0, j.i.l.ClassLoaders$AppClassLoader@3cd1a2f1
14:10:34.958 [main] DEBUG o.a.weaver.tools.WeavingAdaptor - 14:10:34.958 main > o.a.w.t.WeavingAdaptor.weaveClass o.a.w.l.ClassLoaderWeavingAdaptor@140e5a13 org/junit/jupiter/api/TestMethodOrder, byte[810]
14:10:34.958 [main] DEBUG org.aspectj.weaver.bcel.BcelWeaver - 14:10:34.958 main > o.a.w.b.BcelWeaver.weave o.a.w.b.BcelWeaver@48524010 o.a.w.t.WeavingAdaptor$WeavingClassFileProvider@6f231ced
14:10:34.958 [main] DEBUG org.aspectj.weaver.bcel.BcelWeaver - 14:10:34.958 main > o.a.w.b.BcelWeaver.weaveAndNotify o.a.w.b.BcelWeaver@48524010 o.a.w.b.UnwovenClassFile@35a60674, o.a.w.b.BcelObjectType@63d4f0a2, o.a.w.t.WeavingAdaptor$WeavingClassFileProvider$1@7d78f3d5
14:10:34.959 [main] DEBUG org.aspectj.weaver.bcel.BcelWeaver - 14:10:34.959 main < o.a.w.b.BcelWeaver.weaveAndNotify
14:10:34.959 [main] DEBUG org.aspectj.weaver.bcel.BcelWeaver - 14:10:34.959 main < o.a.w.b.BcelWeaver.weave java.util.ArrayList(1)
14:10:34.959 [main] DEBUG o.a.weaver.tools.WeavingAdaptor - 14:10:34.959 main < o.a.w.t.WeavingAdaptor.weaveClass byte[810]
14:10:34.959 [main] DEBUG org.aspectj.weaver.Dump - 14:10:34.959 main > o.a.w.Dump.dumpOnExit o.a.w.t.WeavingAdaptor$WeavingAdaptorMessageHolder@6a6afff2
14:10:34.959 [main] DEBUG org.aspectj.weaver.Dump - 14:10:34.959 main > o.a.w.Dump.shouldDumpOnExit o.a.w.t.WeavingAdaptor$WeavingAdaptorMessageHolder@6a6afff2
14:10:34.959 [main] DEBUG org.aspectj.weaver.Dump - 14:10:34.959 main - o.a.w.Dump.shouldDumpOnExit abort
14:10:34.959 [main] DEBUG org.aspectj.weaver.Dump - 14:10:34.959 main < o.a.w.Dump.shouldDumpOnExit false
14:10:34.959 [main] DEBUG org.aspectj.weaver.Dump - 14:10:34.959 main < o.a.w.Dump.dumpOnExit Excluded
14:10:34.959 [main] DEBUG org.aspectj.weaver.loadtime.Aj - 14:10:34.959 main < o.a.w.l.Aj.preProcess byte[810]
14:10:34.960 [main] DEBUG org.aspectj.weaver.loadtime.Aj - 14:10:34.960 main > o.a.w.l.Aj.preProcess o.a.w.l.Aj@b9afc07 org/junit/platform/commons/support/AnnotationSupport, byte[9837], j.i.l.ClassLoaders$AppClassLoader@3cd1a2f1
14:10:34.960 [main] DEBUG org.aspectj.weaver.loadtime.Aj - 14:10:34.960 main - o.a.w.l.Aj.preProcess o.a.w.l.Aj@b9afc07 j.i.l.ClassLoaders$PlatformClassLoader@1ad282e0, j.i.l.ClassLoaders$AppClassLoader@3cd1a2f1
14:10:34.961 [main] DEBUG o.a.weaver.tools.WeavingAdaptor - 14:10:34.961 main > o.a.w.t.WeavingAdaptor.weaveClass o.a.w.l.ClassLoaderWeavingAdaptor@140e5a13 org/junit/platform/commons/support/AnnotationSupport, byte[9837]
14:10:34.961 [main] DEBUG org.aspectj.weaver.bcel.BcelWeaver - 14:10:34.961 main > o.a.w.b.BcelWeaver.weave o.a.w.b.BcelWeaver@48524010 o.a.w.t.WeavingAdaptor$WeavingClassFileProvider@71926a36
14:10:34.961 [main] DEBUG org.aspectj.weaver.bcel.BcelWeaver - 14:10:34.961 main > o.a.w.b.BcelWeaver.weaveAndNotify o.a.w.b.BcelWeaver@48524010 o.a.w.b.UnwovenClassFile@216e9ca3, o.a.w.b.BcelObjectType@75120e58, o.a.w.t.WeavingAdaptor$WeavingClassFileProvider$1@48976e6d
14:10:34.963 [main] DEBUG org.aspectj.weaver.bcel.BcelWorld - 14:10:34.963 main - o.a.w.b.BcelWorld.lookupJavaClass o.a.w.l.LTWWorld@2b4a2ec7 org.junit.platform.commons.support.SearchOption, o.a.a.b.c.JavaClass@697a34af
14:10:34.963 [main] DEBUG org.aspectj.weaver.bcel.BcelWorld - 14:10:34.963 main - o.a.w.b.BcelWorld.lookupJavaClass o.a.w.l.LTWWorld@2b4a2ec7 java.util.function.Predicate, o.a.a.b.c.JavaClass@95e33cc
14:10:34.963 [main] DEBUG org.aspectj.weaver.bcel.BcelWorld - 14:10:34.963 main - o.a.w.b.BcelWorld.lookupJavaClass o.a.w.l.LTWWorld@2b4a2ec7 org.junit.platform.commons.support.HierarchyTraversalMode, o.a.a.b.c.JavaClass@64db4967
14:10:34.964 [main] DEBUG org.aspectj.weaver.bcel.BcelWeaver - 14:10:34.964 main < o.a.w.b.BcelWeaver.weaveAndNotify
14:10:34.964 [main] DEBUG org.aspectj.weaver.bcel.BcelWeaver - 14:10:34.964 main < o.a.w.b.BcelWeaver.weave java.util.ArrayList(1)
14:10:34.964 [main] DEBUG o.a.weaver.tools.WeavingAdaptor - 14:10:34.964 main < o.a.w.t.WeavingAdaptor.weaveClass byte[9837]
14:10:34.964 [main] DEBUG org.aspectj.weaver.Dump - 14:10:34.964 main > o.a.w.Dump.dumpOnExit o.a.w.t.WeavingAdaptor$WeavingAdaptorMessageHolder@6a6afff2
14:10:34.964 [main] DEBUG org.aspectj.weaver.Dump - 14:10:34.964 main > o.a.w.Dump.shouldDumpOnExit o.a.w.t.WeavingAdaptor$WeavingAdaptorMessageHolder@6a6afff2
14:10:34.964 [main] DEBUG org.aspectj.weaver.Dump - 14:10:34.964 main - o.a.w.Dump.shouldDumpOnExit abort
14:10:34.964 [main] DEBUG org.aspectj.weaver.Dump - 14:10:34.964 main < o.a.w.Dump.shouldDumpOnExit false
14:10:34.964 [main] DEBUG org.aspectj.weaver.Dump - 14:10:34.964 main < o.a.w.Dump.dumpOnExit Excluded
14:10:34.964 [main] DEBUG org.aspectj.weaver.loadtime.Aj - 14:10:34.964 main < o.a.w.l.Aj.preProcess byte[9837]
14:10:35.112 [main] DEBUG org.aspectj.weaver.loadtime.Aj - 14:10:35.112 main > o.a.w.l.Aj.preProcess o.a.w.l.Aj@b9afc07 org/junit/platform/engine/TestDescriptor$Type, byte[1524], j.i.l.ClassLoaders$AppClassLoader@3cd1a2f1
14:10:35.113 [main] DEBUG org.aspectj.weaver.loadtime.Aj - 14:10:35.113 main - o.a.w.l.Aj.preProcess o.a.w.l.Aj@b9afc07 j.i.l.ClassLoaders$PlatformClassLoader@1ad282e0, j.i.l.ClassLoaders$AppClassLoader@3cd1a2f1
14:10:35.113 [main] DEBUG o.a.weaver.tools.WeavingAdaptor - 14:10:35.113 main > o.a.w.t.WeavingAdaptor.weaveClass o.a.w.l.ClassLoaderWeavingAdaptor@140e5a13 org/junit/platform/engine/TestDescriptor$Type, byte[1524]
14:10:35.114 [main] DEBUG org.aspectj.weaver.bcel.BcelWeaver - 14:10:35.114 main > o.a.w.b.BcelWeaver.weave o.a.w.b.BcelWeaver@48524010 o.a.w.t.WeavingAdaptor$WeavingClassFileProvider@427ae189
14:10:35.115 [main] DEBUG org.aspectj.weaver.bcel.BcelWeaver - 14:10:35.115 main > o.a.w.b.BcelWeaver.weaveAndNotify o.a.w.b.BcelWeaver@48524010 o.a.w.b.UnwovenClassFile@16a9eb2e, o.a.w.b.BcelObjectType@76332405, o.a.w.t.WeavingAdaptor$WeavingClassFileProvider$1@187e5235
14:10:35.115 [main] DEBUG org.aspectj.weaver.bcel.BcelWorld - 14:10:35.115 main - o.a.w.b.BcelWorld.lookupJavaClass o.a.w.l.LTWWorld@2b4a2ec7 java.lang.constant.Constable, o.a.a.b.c.JavaClass@316bcf94
14:10:35.115 [main] DEBUG org.aspectj.weaver.bcel.BcelWorld - 14:10:35.115 main - o.a.w.b.BcelWorld.lookupJavaClass o.a.w.l.LTWWorld@2b4a2ec7 java.lang.Comparable, o.a.a.b.c.JavaClass@6404f418
14:10:35.124 [main] DEBUG org.aspectj.weaver.bcel.BcelWeaver - 14:10:35.124 main < o.a.w.b.BcelWeaver.weaveAndNotify
14:10:35.124 [main] DEBUG org.aspectj.weaver.bcel.BcelWeaver - 14:10:35.124 main < o.a.w.b.BcelWeaver.weave java.util.ArrayList(1)
14:10:35.124 [main] DEBUG o.a.weaver.tools.WeavingAdaptor - 14:10:35.124 main < o.a.w.t.WeavingAdaptor.weaveClass byte[1524]
14:10:35.127 [main] DEBUG org.aspectj.weaver.Dump - 14:10:35.127 main > o.a.w.Dump.dumpOnExit o.a.w.t.WeavingAdaptor$WeavingAdaptorMessageHolder@6a6afff2
14:10:35.128 [main] DEBUG org.aspectj.weaver.Dump - 14:10:35.128 main > o.a.w.Dump.shouldDumpOnExit o.a.w.t.WeavingAdaptor$WeavingAdaptorMessageHolder@6a6afff2
14:10:35.128 [main] DEBUG org.aspectj.weaver.Dump - 14:10:35.128 main - o.a.w.Dump.shouldDumpOnExit abort
14:10:35.128 [main] DEBUG org.aspectj.weaver.Dump - 14:10:35.128 main < o.a.w.Dump.shouldDumpOnExit false
14:10:35.128 [main] DEBUG org.aspectj.weaver.Dump - 14:10:35.128 main < o.a.w.Dump.dumpOnExit Excluded
14:10:35.128 [main] DEBUG org.aspectj.weaver.loadtime.Aj - 14:10:35.128 main < o.a.w.l.Aj.preProcess byte[1524]
14:10:35.159 [main] DEBUG org.aspectj.weaver.loadtime.Aj - 14:10:35.159 main > o.a.w.l.Aj.preProcess o.a.w.l.Aj@b9afc07 org/junit/platform/launcher/EngineDiscoveryResult, byte[2097], j.i.l.ClassLoaders$AppClassLoader@3cd1a2f1
14:10:35.159 [main] DEBUG org.aspectj.weaver.loadtime.Aj - 14:10:35.159 main - o.a.w.l.Aj.preProcess o.a.w.l.Aj@b9afc07 j.i.l.ClassLoaders$PlatformClassLoader@1ad282e0, j.i.l.ClassLoaders$AppClassLoader@3cd1a2f1
14:10:35.160 [main] DEBUG o.a.weaver.tools.WeavingAdaptor - 14:10:35.159 main > o.a.w.t.WeavingAdaptor.weaveClass o.a.w.l.ClassLoaderWeavingAdaptor@140e5a13 org/junit/platform/launcher/EngineDiscoveryResult, byte[2097]
14:10:35.161 [main] DEBUG org.aspectj.weaver.bcel.BcelWeaver - 14:10:35.161 main > o.a.w.b.BcelWeaver.weave o.a.w.b.BcelWeaver@48524010 o.a.w.t.WeavingAdaptor$WeavingClassFileProvider@3fd9e827
14:10:35.161 [main] DEBUG org.aspectj.weaver.bcel.BcelWeaver - 14:10:35.161 main > o.a.w.b.BcelWeaver.weaveAndNotify o.a.w.b.BcelWeaver@48524010 o.a.w.b.UnwovenClassFile@4e682398, o.a.w.b.BcelObjectType@670b3ca, o.a.w.t.WeavingAdaptor$WeavingClassFileProvider$1@24a86066
14:10:35.162 [main] DEBUG org.aspectj.weaver.bcel.BcelWorld - 14:10:35.162 main - o.a.w.b.BcelWorld.lookupJavaClass o.a.w.l.LTWWorld@2b4a2ec7 java.lang.Throwable, o.a.a.b.c.JavaClass@5e600dd5
14:10:35.165 [main] DEBUG org.aspectj.weaver.bcel.BcelWorld - 14:10:35.164 main - o.a.w.b.BcelWorld.lookupJavaClass o.a.w.l.LTWWorld@2b4a2ec7 org.junit.platform.launcher.EngineDiscoveryResult$Status, o.a.a.b.c.JavaClass@3f1a4795
14:10:35.167 [main] DEBUG org.aspectj.weaver.bcel.BcelWeaver - 14:10:35.167 main < o.a.w.b.BcelWeaver.weaveAndNotify
14:10:35.167 [main] DEBUG org.aspectj.weaver.bcel.BcelWeaver - 14:10:35.167 main < o.a.w.b.BcelWeaver.weave java.util.ArrayList(1)
14:10:35.167 [main] DEBUG o.a.weaver.tools.WeavingAdaptor - 14:10:35.167 main < o.a.w.t.WeavingAdaptor.weaveClass byte[2097]
14:10:35.167 [main] DEBUG org.aspectj.weaver.Dump - 14:10:35.167 main > o.a.w.Dump.dumpOnExit o.a.w.t.WeavingAdaptor$WeavingAdaptorMessageHolder@6a6afff2
14:10:35.167 [main] DEBUG org.aspectj.weaver.Dump - 14:10:35.167 main > o.a.w.Dump.shouldDumpOnExit o.a.w.t.WeavingAdaptor$WeavingAdaptorMessageHolder@6a6afff2
14:10:35.167 [main] DEBUG org.aspectj.weaver.Dump - 14:10:35.167 main - o.a.w.Dump.shouldDumpOnExit abort
14:10:35.167 [main] DEBUG org.aspectj.weaver.Dump - 14:10:35.167 main < o.a.w.Dump.shouldDumpOnExit false
14:10:35.167 [main] DEBUG org.aspectj.weaver.Dump - 14:10:35.167 main < o.a.w.Dump.dumpOnExit Excluded
14:10:35.168 [main] DEBUG org.aspectj.weaver.loadtime.Aj - 14:10:35.167 main < o.a.w.l.Aj.preProcess byte[2097]
14:10:35.170 [main] DEBUG org.aspectj.weaver.loadtime.Aj - 14:10:35.169 main > o.a.w.l.Aj.preProcess o.a.w.l.Aj@b9afc07 org/junit/platform/launcher/EngineDiscoveryResult$Status, byte[1325], j.i.l.ClassLoaders$AppClassLoader@3cd1a2f1
14:10:35.170 [main] DEBUG org.aspectj.weaver.loadtime.Aj - 14:10:35.170 main - o.a.w.l.Aj.preProcess o.a.w.l.Aj@b9afc07 j.i.l.ClassLoaders$PlatformClassLoader@1ad282e0, j.i.l.ClassLoaders$AppClassLoader@3cd1a2f1
14:10:35.170 [main] DEBUG o.a.weaver.tools.WeavingAdaptor - 14:10:35.170 main > o.a.w.t.WeavingAdaptor.weaveClass o.a.w.l.ClassLoaderWeavingAdaptor@140e5a13 org/junit/platform/launcher/EngineDiscoveryResult$Status, byte[1325]
14:10:35.170 [main] DEBUG org.aspectj.weaver.bcel.BcelWeaver - 14:10:35.170 main > o.a.w.b.BcelWeaver.weave o.a.w.b.BcelWeaver@48524010 o.a.w.t.WeavingAdaptor$WeavingClassFileProvider@7d0d91a1
14:10:35.173 [main] DEBUG org.aspectj.weaver.bcel.BcelWeaver - 14:10:35.173 main > o.a.w.b.BcelWeaver.weaveAndNotify o.a.w.b.BcelWeaver@48524010 o.a.w.b.UnwovenClassFile@7fb48179, o.a.w.b.BcelObjectType@201c3cda, o.a.w.t.WeavingAdaptor$WeavingClassFileProvider$1@4c86da0c
14:10:35.174 [main] DEBUG org.aspectj.weaver.bcel.BcelWeaver - 14:10:35.174 main < o.a.w.b.BcelWeaver.weaveAndNotify
14:10:35.174 [main] DEBUG org.aspectj.weaver.bcel.BcelWeaver - 14:10:35.174 main < o.a.w.b.BcelWeaver.weave java.util.ArrayList(1)
14:10:35.174 [main] DEBUG o.a.weaver.tools.WeavingAdaptor - 14:10:35.174 main < o.a.w.t.WeavingAdaptor.weaveClass byte[1325]
14:10:35.174 [main] DEBUG org.aspectj.weaver.Dump - 14:10:35.174 main > o.a.w.Dump.dumpOnExit o.a.w.t.WeavingAdaptor$WeavingAdaptorMessageHolder@6a6afff2
14:10:35.174 [main] DEBUG org.aspectj.weaver.Dump - 14:10:35.174 main > o.a.w.Dump.shouldDumpOnExit o.a.w.t.WeavingAdaptor$WeavingAdaptorMessageHolder@6a6afff2
14:10:35.174 [main] DEBUG org.aspectj.weaver.Dump - 14:10:35.174 main - o.a.w.Dump.shouldDumpOnExit abort
14:10:35.175 [main] DEBUG org.aspectj.weaver.Dump - 14:10:35.174 main < o.a.w.Dump.shouldDumpOnExit false
14:10:35.175 [main] DEBUG org.aspectj.weaver.Dump - 14:10:35.175 main < o.a.w.Dump.dumpOnExit Excluded
14:10:35.175 [main] DEBUG org.aspectj.weaver.loadtime.Aj - 14:10:35.175 main < o.a.w.l.Aj.preProcess byte[1325]
14:10:35.198 [main] DEBUG org.aspectj.weaver.loadtime.Aj - 14:10:35.198 main > o.a.w.l.Aj.preProcess o.a.w.l.Aj@b9afc07 org/junit/platform/commons/util/ExceptionUtils, byte[1793], j.i.l.ClassLoaders$AppClassLoader@3cd1a2f1
14:10:35.198 [main] DEBUG org.aspectj.weaver.loadtime.Aj - 14:10:35.198 main - o.a.w.l.Aj.preProcess o.a.w.l.Aj@b9afc07 j.i.l.ClassLoaders$PlatformClassLoader@1ad282e0, j.i.l.ClassLoaders$AppClassLoader@3cd1a2f1
14:10:35.198 [main] DEBUG o.a.weaver.tools.WeavingAdaptor - 14:10:35.198 main > o.a.w.t.WeavingAdaptor.weaveClass o.a.w.l.ClassLoaderWeavingAdaptor@140e5a13 org/junit/platform/commons/util/ExceptionUtils, byte[1793]
14:10:35.199 [main] DEBUG org.aspectj.weaver.bcel.BcelWeaver - 14:10:35.199 main > o.a.w.b.BcelWeaver.weave o.a.w.b.BcelWeaver@48524010 o.a.w.t.WeavingAdaptor$WeavingClassFileProvider@4190bc8a
14:10:35.199 [main] DEBUG org.aspectj.weaver.bcel.BcelWeaver - 14:10:35.199 main > o.a.w.b.BcelWeaver.weaveAndNotify o.a.w.b.BcelWeaver@48524010 o.a.w.b.UnwovenClassFile@47d023b7, o.a.w.b.BcelObjectType@5c83ae01, o.a.w.t.WeavingAdaptor$WeavingClassFileProvider$1@2d64c100
14:10:35.201 [main] DEBUG org.aspectj.weaver.bcel.BcelWorld - 14:10:35.201 main - o.a.w.b.BcelWorld.lookupJavaClass o.a.w.l.LTWWorld@2b4a2ec7 java.lang.RuntimeException, o.a.a.b.c.JavaClass@df6620a
14:10:35.201 [main] DEBUG org.aspectj.weaver.bcel.BcelWeaver - 14:10:35.201 main < o.a.w.b.BcelWeaver.weaveAndNotify
14:10:35.201 [main] DEBUG org.aspectj.weaver.bcel.BcelWeaver - 14:10:35.201 main < o.a.w.b.BcelWeaver.weave java.util.ArrayList(1)
14:10:35.201 [main] DEBUG o.a.weaver.tools.WeavingAdaptor - 14:10:35.201 main < o.a.w.t.WeavingAdaptor.weaveClass byte[1793]
14:10:35.202 [main] DEBUG org.aspectj.weaver.Dump - 14:10:35.201 main > o.a.w.Dump.dumpOnExit o.a.w.t.WeavingAdaptor$WeavingAdaptorMessageHolder@6a6afff2
14:10:35.202 [main] DEBUG org.aspectj.weaver.Dump - 14:10:35.202 main > o.a.w.Dump.shouldDumpOnExit o.a.w.t.WeavingAdaptor$WeavingAdaptorMessageHolder@6a6afff2
14:10:35.203 [main] DEBUG org.aspectj.weaver.Dump - 14:10:35.203 main - o.a.w.Dump.shouldDumpOnExit abort
14:10:35.203 [main] DEBUG org.aspectj.weaver.Dump - 14:10:35.203 main < o.a.w.Dump.shouldDumpOnExit false
14:10:35.206 [main] DEBUG org.aspectj.weaver.Dump - 14:10:35.206 main < o.a.w.Dump.dumpOnExit Excluded
14:10:35.206 [main] DEBUG org.aspectj.weaver.loadtime.Aj - 14:10:35.206 main < o.a.w.l.Aj.preProcess byte[1793]
14:10:35.282 [main] DEBUG org.aspectj.weaver.loadtime.Aj - 14:10:35.282 main > o.a.w.l.Aj.preProcess o.a.w.l.Aj@b9afc07 org/junit/platform/launcher/core/LauncherDiscoveryResult, byte[2385], j.i.l.ClassLoaders$AppClassLoader@3cd1a2f1
14:10:35.282 [main] DEBUG org.aspectj.weaver.loadtime.Aj - 14:10:35.282 main - o.a.w.l.Aj.preProcess o.a.w.l.Aj@b9afc07 j.i.l.ClassLoaders$PlatformClassLoader@1ad282e0, j.i.l.ClassLoaders$AppClassLoader@3cd1a2f1
14:10:35.282 [main] DEBUG o.a.weaver.tools.WeavingAdaptor - 14:10:35.282 main > o.a.w.t.WeavingAdaptor.weaveClass o.a.w.l.ClassLoaderWeavingAdaptor@140e5a13 org/junit/platform/launcher/core/LauncherDiscoveryResult, byte[2385]
14:10:35.283 [main] DEBUG org.aspectj.weaver.bcel.BcelWeaver - 14:10:35.283 main > o.a.w.b.BcelWeaver.weave o.a.w.b.BcelWeaver@48524010 o.a.w.t.WeavingAdaptor$WeavingClassFileProvider@1b495d4
14:10:35.283 [main] DEBUG org.aspectj.weaver.bcel.BcelWeaver - 14:10:35.283 main > o.a.w.b.BcelWeaver.weaveAndNotify o.a.w.b.BcelWeaver@48524010 o.a.w.b.UnwovenClassFile@5e1dde44, o.a.w.b.BcelObjectType@7f37b6d9, o.a.w.t.WeavingAdaptor$WeavingClassFileProvider$1@71e35c4
14:10:35.284 [main] DEBUG org.aspectj.weaver.bcel.BcelWorld - 14:10:35.284 main - o.a.w.b.BcelWorld.lookupJavaClass o.a.w.l.LTWWorld@2b4a2ec7 org.junit.platform.engine.TestEngine, o.a.a.b.c.JavaClass@36cda2c2
14:10:35.284 [main] DEBUG org.aspectj.weaver.bcel.BcelWorld - 14:10:35.284 main - o.a.w.b.BcelWorld.lookupJavaClass o.a.w.l.LTWWorld@2b4a2ec7 org.junit.platform.engine.ConfigurationParameters, o.a.a.b.c.JavaClass@29ca3d04
14:10:35.284 [main] DEBUG org.aspectj.weaver.bcel.BcelWorld - 14:10:35.284 main - o.a.w.b.BcelWorld.lookupJavaClass o.a.w.l.LTWWorld@2b4a2ec7 java.util.Collection, o.a.a.b.c.JavaClass@7e7be63f
14:10:35.284 [main] DEBUG org.aspectj.weaver.bcel.BcelWeaver - 14:10:35.284 main < o.a.w.b.BcelWeaver.weaveAndNotify
14:10:35.284 [main] DEBUG org.aspectj.weaver.bcel.BcelWeaver - 14:10:35.284 main < o.a.w.b.BcelWeaver.weave java.util.ArrayList(1)
14:10:35.284 [main] DEBUG o.a.weaver.tools.WeavingAdaptor - 14:10:35.284 main < o.a.w.t.WeavingAdaptor.weaveClass byte[2385]
14:10:35.284 [main] DEBUG org.aspectj.weaver.Dump - 14:10:35.284 main > o.a.w.Dump.dumpOnExit o.a.w.t.WeavingAdaptor$WeavingAdaptorMessageHolder@6a6afff2
14:10:35.284 [main] DEBUG org.aspectj.weaver.Dump - 14:10:35.284 main > o.a.w.Dump.shouldDumpOnExit o.a.w.t.WeavingAdaptor$WeavingAdaptorMessageHolder@6a6afff2
14:10:35.284 [main] DEBUG org.aspectj.weaver.Dump - 14:10:35.284 main - o.a.w.Dump.shouldDumpOnExit abort
14:10:35.284 [main] DEBUG org.aspectj.weaver.Dump - 14:10:35.284 main < o.a.w.Dump.shouldDumpOnExit false
14:10:35.284 [main] DEBUG org.aspectj.weaver.Dump - 14:10:35.284 main < o.a.w.Dump.dumpOnExit Excluded
14:10:35.284 [main] DEBUG org.aspectj.weaver.loadtime.Aj - 14:10:35.284 main < o.a.w.l.Aj.preProcess byte[2385]
14:10:35.292 [main] DEBUG org.aspectj.weaver.loadtime.Aj - 14:10:35.292 main > o.a.w.l.Aj.preProcess o.a.w.l.Aj@b9afc07 org/junit/platform/launcher/TestIdentifier, byte[9242], j.i.l.ClassLoaders$AppClassLoader@3cd1a2f1
14:10:35.292 [main] DEBUG org.aspectj.weaver.loadtime.Aj - 14:10:35.292 main - o.a.w.l.Aj.preProcess o.a.w.l.Aj@b9afc07 j.i.l.ClassLoaders$PlatformClassLoader@1ad282e0, j.i.l.ClassLoaders$AppClassLoader@3cd1a2f1
14:10:35.292 [main] DEBUG o.a.weaver.tools.WeavingAdaptor - 14:10:35.292 main > o.a.w.t.WeavingAdaptor.weaveClass o.a.w.l.ClassLoaderWeavingAdaptor@140e5a13 org/junit/platform/launcher/TestIdentifier, byte[9242]
14:10:35.292 [main] DEBUG org.aspectj.weaver.bcel.BcelWeaver - 14:10:35.292 main > o.a.w.b.BcelWeaver.weave o.a.w.b.BcelWeaver@48524010 o.a.w.t.WeavingAdaptor$WeavingClassFileProvider@c29fe36
14:10:35.297 [main] DEBUG org.aspectj.weaver.bcel.BcelWeaver - 14:10:35.293 main > o.a.w.b.BcelWeaver.weaveAndNotify o.a.w.b.BcelWeaver@48524010 o.a.w.b.UnwovenClassFile@6614bd4b, o.a.w.b.BcelObjectType@4d266391, o.a.w.t.WeavingAdaptor$WeavingClassFileProvider$1@7847ef2c
14:10:35.299 [main] DEBUG org.aspectj.weaver.bcel.BcelWorld - 14:10:35.299 main - o.a.w.b.BcelWorld.lookupJavaClass o.a.w.l.LTWWorld@2b4a2ec7 java.util.Set, o.a.a.b.c.JavaClass@3f6b0be5
14:10:35.300 [main] DEBUG org.aspectj.weaver.bcel.BcelWorld - 14:10:35.300 main - o.a.w.b.BcelWorld.lookupJavaClass o.a.w.l.LTWWorld@2b4a2ec7 org.junit.platform.engine.UniqueId, o.a.a.b.c.JavaClass@71812481
14:10:35.300 [main] DEBUG org.aspectj.weaver.bcel.BcelWorld - 14:10:35.300 main - o.a.w.b.BcelWorld.lookupJavaClass o.a.w.l.LTWWorld@2b4a2ec7 java.io.ObjectOutputStream, o.a.a.b.c.JavaClass@62f87c44
14:10:35.300 [main] DEBUG org.aspectj.weaver.bcel.BcelWorld - 14:10:35.300 main - o.a.w.b.BcelWorld.lookupJavaClass o.a.w.l.LTWWorld@2b4a2ec7 java.io.ObjectInputStream, o.a.a.b.c.JavaClass@3676ac27
14:10:35.300 [main] DEBUG org.aspectj.weaver.bcel.BcelWeaver - 14:10:35.300 main < o.a.w.b.BcelWeaver.weaveAndNotify
14:10:35.300 [main] DEBUG org.aspectj.weaver.bcel.BcelWeaver - 14:10:35.300 main < o.a.w.b.BcelWeaver.weave java.util.ArrayList(1)
14:10:35.300 [main] DEBUG o.a.weaver.tools.WeavingAdaptor - 14:10:35.300 main < o.a.w.t.WeavingAdaptor.weaveClass byte[9242]
14:10:35.300 [main] DEBUG org.aspectj.weaver.Dump - 14:10:35.300 main > o.a.w.Dump.dumpOnExit o.a.w.t.WeavingAdaptor$WeavingAdaptorMessageHolder@6a6afff2
14:10:35.300 [main] DEBUG org.aspectj.weaver.Dump - 14:10:35.300 main > o.a.w.Dump.shouldDumpOnExit o.a.w.t.WeavingAdaptor$WeavingAdaptorMessageHolder@6a6afff2
14:10:35.300 [main] DEBUG org.aspectj.weaver.Dump - 14:10:35.300 main - o.a.w.Dump.shouldDumpOnExit abort
14:10:35.300 [main] DEBUG org.aspectj.weaver.Dump - 14:10:35.300 main < o.a.w.Dump.shouldDumpOnExit false
14:10:35.300 [main] DEBUG org.aspectj.weaver.Dump - 14:10:35.300 main < o.a.w.Dump.dumpOnExit Excluded
14:10:35.300 [main] DEBUG org.aspectj.weaver.loadtime.Aj - 14:10:35.300 main < o.a.w.l.Aj.preProcess byte[9242]
14:10:35.303 [main] DEBUG org.aspectj.weaver.loadtime.Aj - 14:10:35.303 main > o.a.w.l.Aj.preProcess o.a.w.l.Aj@b9afc07 org/junit/platform/launcher/TestIdentifier$SerializedForm, byte[4340], j.i.l.ClassLoaders$AppClassLoader@3cd1a2f1
14:10:35.303 [main] DEBUG org.aspectj.weaver.loadtime.Aj - 14:10:35.303 main - o.a.w.l.Aj.preProcess o.a.w.l.Aj@b9afc07 j.i.l.ClassLoaders$PlatformClassLoader@1ad282e0, j.i.l.ClassLoaders$AppClassLoader@3cd1a2f1
14:10:35.303 [main] DEBUG o.a.weaver.tools.WeavingAdaptor - 14:10:35.303 main > o.a.w.t.WeavingAdaptor.weaveClass o.a.w.l.ClassLoaderWeavingAdaptor@140e5a13 org/junit/platform/launcher/TestIdentifier$SerializedForm, byte[4340]
14:10:35.304 [main] DEBUG org.aspectj.weaver.bcel.BcelWeaver - 14:10:35.304 main > o.a.w.b.BcelWeaver.weave o.a.w.b.BcelWeaver@48524010 o.a.w.t.WeavingAdaptor$WeavingClassFileProvider@6a2c717f
14:10:35.304 [main] DEBUG org.aspectj.weaver.bcel.BcelWeaver - 14:10:35.304 main > o.a.w.b.BcelWeaver.weaveAndNotify o.a.w.b.BcelWeaver@48524010 o.a.w.b.UnwovenClassFile@41853299, o.a.w.b.BcelObjectType@60d40ff4, o.a.w.t.WeavingAdaptor$WeavingClassFileProvider$1@2e5b7fba
14:10:35.305 [main] DEBUG org.aspectj.weaver.bcel.BcelWeaver - 14:10:35.305 main < o.a.w.b.BcelWeaver.weaveAndNotify
14:10:35.305 [main] DEBUG org.aspectj.weaver.bcel.BcelWeaver - 14:10:35.305 main < o.a.w.b.BcelWeaver.weave java.util.ArrayList(1)
14:10:35.305 [main] DEBUG o.a.weaver.tools.WeavingAdaptor - 14:10:35.305 main < o.a.w.t.WeavingAdaptor.weaveClass byte[4340]
14:10:35.305 [main] DEBUG org.aspectj.weaver.Dump - 14:10:35.305 main > o.a.w.Dump.dumpOnExit o.a.w.t.WeavingAdaptor$WeavingAdaptorMessageHolder@6a6afff2
14:10:35.305 [main] DEBUG org.aspectj.weaver.Dump - 14:10:35.305 main > o.a.w.Dump.shouldDumpOnExit o.a.w.t.WeavingAdaptor$WeavingAdaptorMessageHolder@6a6afff2
14:10:35.305 [main] DEBUG org.aspectj.weaver.Dump - 14:10:35.305 main - o.a.w.Dump.shouldDumpOnExit abort
14:10:35.305 [main] DEBUG org.aspectj.weaver.Dump - 14:10:35.305 main < o.a.w.Dump.shouldDumpOnExit false
14:10:35.305 [main] DEBUG org.aspectj.weaver.Dump - 14:10:35.305 main < o.a.w.Dump.dumpOnExit Excluded
14:10:35.305 [main] DEBUG org.aspectj.weaver.loadtime.Aj - 14:10:35.305 main < o.a.w.l.Aj.preProcess byte[4340]
14:10:35.327 [main] DEBUG org.aspectj.weaver.loadtime.Aj - 14:10:35.327 main > o.a.w.l.Aj.preProcess o.a.w.l.Aj@b9afc07 jdk/internal/reflect/GeneratedSerializationConstructorAccessor1, byte[1524], j.i.r.DelegatingClassLoader@46a488c2
14:10:35.327 [main] DEBUG org.aspectj.weaver.loadtime.Aj - 14:10:35.327 main - o.a.w.l.Aj.preProcess o.a.w.l.Aj@b9afc07 j.i.l.ClassLoaders$AppClassLoader@3cd1a2f1, j.i.l.ClassLoaders$AppClassLoader@3cd1a2f1
14:10:35.327 [main] DEBUG o.a.w.l.ClassLoaderWeavingAdaptor - 14:10:35.327 main > o.a.w.l.ClassLoaderWeavingAdaptor.<init> o.a.w.l.ClassLoaderWeavingAdaptor@6242ae3b
14:10:35.327 [main] DEBUG o.a.w.l.ClassLoaderWeavingAdaptor - 14:10:35.327 main < o.a.w.l.ClassLoaderWeavingAdaptor.<init>
14:10:35.327 [main] DEBUG o.a.w.loadtime.DefaultWeavingContext - 14:10:35.327 main > o.a.w.l.DefaultWeavingContext.getDefinitions o.a.w.l.DefaultWeavingContext@65ddee5a goo, o.a.w.l.ClassLoaderWeavingAdaptor@6242ae3b
14:10:35.327 [main] DEBUG o.a.w.l.ClassLoaderWeavingAdaptor - 14:10:35.327 main > o.a.w.l.ClassLoaderWeavingAdaptor.parseDefinitions o.a.w.l.ClassLoaderWeavingAdaptor@6242ae3b
14:10:35.327 [main] DEBUG o.a.w.l.ClassLoaderWeavingAdaptor - 14:10:35.327 main - o.a.w.l.ClassLoaderWeavingAdaptor.parseDefinitions o.a.w.l.ClassLoaderWeavingAdaptor@6242ae3b META-INF/aop.xml;META-INF/aop-ajc.xml;org/aspectj/aop.xml
14:10:35.329 [main] DEBUG o.a.w.l.ClassLoaderWeavingAdaptor - 14:10:35.329 main - o.a.w.l.ClassLoaderWeavingAdaptor.parseDefinitions o.a.w.l.ClassLoaderWeavingAdaptor@6242ae3b jar:file:/C:/Users/admin/.m2/repository/io/qameta/allure/allure-junit-platform/2.19.0/allure-junit-platform-2.19.0.jar!/META-INF/aop-ajc.xml
14:10:35.330 [main] DEBUG o.a.w.l.ClassLoaderWeavingAdaptor - 14:10:35.329 main < o.a.w.l.ClassLoaderWeavingAdaptor.parseDefinitions java.util.ArrayList(1)
14:10:35.330 [main] DEBUG o.a.w.loadtime.DefaultWeavingContext - 14:10:35.330 main < o.a.w.l.DefaultWeavingContext.getDefinitions java.util.ArrayList(1)
14:10:35.330 [main] DEBUG org.aspectj.weaver.Lint - 14:10:35.330 main > o.a.w.Lint.<init> o.a.w.Lint@56399b9e o.a.w.l.LTWWorld@34b9eb03
14:10:35.330 [main] DEBUG org.aspectj.weaver.Lint - 14:10:35.330 main < o.a.w.Lint.<init>
14:10:35.330 [main] DEBUG org.aspectj.weaver.bcel.BcelWeaver - 14:10:35.330 main > o.a.w.b.BcelWeaver.<init> o.a.w.b.BcelWeaver@43fda8d9 o.a.w.l.LTWWorld@34b9eb03
14:10:35.330 [main] DEBUG org.aspectj.weaver.bcel.BcelWeaver - 14:10:35.330 main < o.a.w.b.BcelWeaver.<init>
14:10:35.330 [main] DEBUG o.a.w.l.ClassLoaderWeavingAdaptor - 14:10:35.330 main > o.a.w.l.ClassLoaderWeavingAdaptor.registerDefinitions o.a.w.l.ClassLoaderWeavingAdaptor@6242ae3b java.util.ArrayList(1)
14:10:35.331 [main] DEBUG org.aspectj.weaver.Lint - 14:10:35.331 main > o.a.w.Lint.setAll o.a.w.Lint@56399b9e ignore
14:10:35.332 [main] DEBUG org.aspectj.weaver.Lint - 14:10:35.332 main < o.a.w.Lint.setAll
14:10:35.332 [main] DEBUG o.a.w.l.ClassLoaderWeavingAdaptor - 14:10:35.332 main > o.a.w.l.ClassLoaderWeavingAdaptor.registerAspects o.a.w.l.ClassLoaderWeavingAdaptor@6242ae3b o.a.w.b.BcelWeaver@43fda8d9, j.i.r.DelegatingClassLoader@46a488c2, java.util.ArrayList(1)
14:10:35.332 [main] DEBUG org.aspectj.weaver.bcel.BcelWeaver - 14:10:35.332 main > o.a.w.b.BcelWeaver.addLibraryAspect o.a.w.b.BcelWeaver@43fda8d9 io.qameta.allure.aspects.StepsAspects
14:10:35.333 [main] DEBUG org.aspectj.weaver.bcel.BcelWorld - 14:10:35.333 main - o.a.w.b.BcelWorld.lookupJavaClass o.a.w.l.LTWWorld@34b9eb03 io.qameta.allure.aspects.StepsAspects, o.a.a.b.c.JavaClass@4b5a5ed1
14:10:35.333 [main] DEBUG org.aspectj.weaver.bcel.BcelWorld - 14:10:35.333 main - o.a.w.b.BcelWorld.lookupJavaClass o.a.w.l.LTWWorld@34b9eb03 java.lang.Object, o.a.a.b.c.JavaClass@16ec5519
14:10:35.340 [main] DEBUG org.aspectj.weaver.bcel.BcelWorld - 14:10:35.340 main - o.a.w.b.BcelWorld.lookupJavaClass o.a.w.l.LTWWorld@34b9eb03 org.aspectj.lang.annotation.Aspect, o.a.a.b.c.JavaClass@71d44a3
14:10:35.365 [main] DEBUG org.aspectj.weaver.bcel.BcelWeaver - 14:10:35.365 main < o.a.w.b.BcelWeaver.addLibraryAspect org.aspectj.weaver.ReferenceType[io.qameta.allure.aspects.StepsAspects]
14:10:35.366 [main] DEBUG org.aspectj.weaver.bcel.BcelWeaver - 14:10:35.366 main > o.a.w.b.BcelWeaver.addLibraryAspect o.a.w.b.BcelWeaver@43fda8d9 io.qameta.allure.aspects.AttachmentsAspects
14:10:35.366 [main] DEBUG org.aspectj.weaver.bcel.BcelWorld - 14:10:35.366 main - o.a.w.b.BcelWorld.lookupJavaClass o.a.w.l.LTWWorld@34b9eb03 io.qameta.allure.aspects.AttachmentsAspects, o.a.a.b.c.JavaClass@2362f559
14:10:35.372 [main] DEBUG org.aspectj.weaver.bcel.BcelWeaver - 14:10:35.372 main < o.a.w.b.BcelWeaver.addLibraryAspect org.aspectj.weaver.ReferenceType[io.qameta.allure.aspects.AttachmentsAspects]
14:10:35.372 [main] DEBUG o.a.w.l.ClassLoaderWeavingAdaptor - 14:10:35.372 main < o.a.w.l.ClassLoaderWeavingAdaptor.registerAspects true
14:10:35.372 [main] DEBUG o.a.w.l.ClassLoaderWeavingAdaptor - 14:10:35.372 main < o.a.w.l.ClassLoaderWeavingAdaptor.registerDefinitions true
14:10:35.372 [main] DEBUG org.aspectj.weaver.bcel.BcelWeaver - 14:10:35.372 main > o.a.w.b.BcelWeaver.prepareForWeave o.a.w.b.BcelWeaver@43fda8d9
14:10:35.375 [main] DEBUG org.aspectj.weaver.bcel.BcelWeaver - 14:10:35.375 main < o.a.w.b.BcelWeaver.prepareForWeave
14:10:35.375 [main] DEBUG o.a.w.l.ClassLoaderWeavingAdaptor - 14:10:35.375 main > o.a.w.l.ClassLoaderWeavingAdaptor.weaveAndDefineConceteAspects o.a.w.l.ClassLoaderWeavingAdaptor@6242ae3b java.util.ArrayList(0)
14:10:35.375 [main] DEBUG o.a.w.l.ClassLoaderWeavingAdaptor - 14:10:35.375 main < o.a.w.l.ClassLoaderWeavingAdaptor.weaveAndDefineConceteAspects true
14:10:35.376 [main] DEBUG o.a.w.l.ClassLoaderWeavingAdaptor - 14:10:35.375 main < o.a.w.l.ClassLoaderWeavingAdaptor.initialize true
14:10:35.376 [main] DEBUG o.a.weaver.tools.WeavingAdaptor - 14:10:35.376 main > o.a.w.t.WeavingAdaptor.weaveClass o.a.w.l.ClassLoaderWeavingAdaptor@6242ae3b jdk/internal/reflect/GeneratedSerializationConstructorAccessor1, byte[1524]
14:10:35.377 [main] DEBUG org.aspectj.weaver.bcel.BcelWeaver - 14:10:35.377 main > o.a.w.b.BcelWeaver.weave o.a.w.b.BcelWeaver@43fda8d9 o.a.w.t.WeavingAdaptor$WeavingClassFileProvider@28bdbe88
14:10:35.378 [main] DEBUG org.aspectj.weaver.bcel.BcelWorld - 14:10:35.378 main - o.a.w.b.BcelWorld.lookupJavaClass o.a.w.l.LTWWorld@34b9eb03 jdk.internal.reflect.SerializationConstructorAccessorImpl, o.a.a.b.c.JavaClass@6a87026
14:10:35.378 [main] DEBUG org.aspectj.weaver.bcel.BcelWeaver - 14:10:35.378 main > o.a.w.b.BcelWeaver.weaveAndNotify o.a.w.b.BcelWeaver@43fda8d9 o.a.w.b.UnwovenClassFile@ef60710, o.a.w.b.BcelObjectType@600f5704, o.a.w.t.WeavingAdaptor$WeavingClassFileProvider$1@2503ec73
14:10:35.380 [main] DEBUG org.aspectj.weaver.bcel.BcelWorld - 14:10:35.379 main - o.a.w.b.BcelWorld.lookupJavaClass o.a.w.l.LTWWorld@34b9eb03 jdk.internal.reflect.ConstructorAccessorImpl, o.a.a.b.c.JavaClass@606f81b5
14:10:35.380 [main] DEBUG org.aspectj.weaver.bcel.BcelWorld - 14:10:35.380 main - o.a.w.b.BcelWorld.lookupJavaClass o.a.w.l.LTWWorld@34b9eb03 jdk.internal.reflect.ConstructorAccessor, o.a.a.b.c.JavaClass@5e1fc42f
14:10:35.382 [main] DEBUG org.aspectj.weaver.bcel.BcelWorld - 14:10:35.382 main - o.a.w.b.BcelWorld.lookupJavaClass o.a.w.l.LTWWorld@34b9eb03 jdk.internal.reflect.MagicAccessorImpl, o.a.a.b.c.JavaClass@44b21f9f
14:10:35.386 [main] DEBUG org.aspectj.weaver.bcel.BcelWorld - 14:10:35.386 main - o.a.w.b.BcelWorld.lookupJavaClass o.a.w.l.LTWWorld@34b9eb03 io.qameta.allure.Step, o.a.a.b.c.JavaClass@236e3f4e
14:10:35.387 [main] DEBUG org.aspectj.weaver.bcel.BcelWorld - 14:10:35.387 main - o.a.w.b.BcelWorld.lookupJavaClass o.a.w.l.LTWWorld@34b9eb03 java.lang.annotation.Documented, o.a.a.b.c.JavaClass@dd0c991
14:10:35.387 [main] DEBUG org.aspectj.weaver.bcel.BcelWorld - 14:10:35.387 main - o.a.w.b.BcelWorld.lookupJavaClass o.a.w.l.LTWWorld@34b9eb03 java.lang.annotation.Retention, o.a.a.b.c.JavaClass@5f16132a
14:10:35.387 [main] DEBUG org.aspectj.weaver.bcel.BcelWorld - 14:10:35.387 main - o.a.w.b.BcelWorld.lookupJavaClass o.a.w.l.LTWWorld@34b9eb03 java.lang.annotation.Target, o.a.a.b.c.JavaClass@69fb6037
14:10:35.388 [main] DEBUG org.aspectj.weaver.bcel.BcelWorld - 14:10:35.388 main - o.a.w.b.BcelWorld.lookupJavaClass o.a.w.l.LTWWorld@34b9eb03 io.qameta.allure.Attachment, o.a.a.b.c.JavaClass@671a5887
14:10:35.388 [main] DEBUG org.aspectj.weaver.bcel.BcelWeaver - 14:10:35.388 main < o.a.w.b.BcelWeaver.weaveAndNotify
14:10:35.388 [main] DEBUG org.aspectj.weaver.bcel.BcelWeaver - 14:10:35.388 main < o.a.w.b.BcelWeaver.weave java.util.ArrayList(1)
14:10:35.388 [main] DEBUG o.a.weaver.tools.WeavingAdaptor - 14:10:35.388 main < o.a.w.t.WeavingAdaptor.weaveClass byte[1524]
14:10:35.388 [main] DEBUG org.aspectj.weaver.Dump - 14:10:35.388 main > o.a.w.Dump.dumpOnExit o.a.w.t.WeavingAdaptor$WeavingAdaptorMessageHolder@4288d98e
14:10:35.388 [main] DEBUG org.aspectj.weaver.Dump - 14:10:35.388 main > o.a.w.Dump.shouldDumpOnExit o.a.w.t.WeavingAdaptor$WeavingAdaptorMessageHolder@4288d98e
14:10:35.388 [main] DEBUG org.aspectj.weaver.Dump - 14:10:35.388 main - o.a.w.Dump.shouldDumpOnExit abort
14:10:35.389 [main] DEBUG org.aspectj.weaver.Dump - 14:10:35.389 main < o.a.w.Dump.shouldDumpOnExit false
14:10:35.389 [main] DEBUG org.aspectj.weaver.Dump - 14:10:35.389 main < o.a.w.Dump.dumpOnExit Excluded
14:10:35.389 [main] DEBUG org.aspectj.weaver.loadtime.Aj - 14:10:35.389 main < o.a.w.l.Aj.preProcess byte[1524]
14:10:35.419 [main] DEBUG org.aspectj.weaver.loadtime.Aj - 14:10:35.419 main > o.a.w.l.Aj.preProcess o.a.w.l.Aj@b9afc07 ru/gb/lesson5/KinopoiskTest, byte[3766], j.i.l.ClassLoaders$AppClassLoader@3cd1a2f1
14:10:35.419 [main] DEBUG org.aspectj.weaver.loadtime.Aj - 14:10:35.419 main - o.a.w.l.Aj.preProcess o.a.w.l.Aj@b9afc07 j.i.l.ClassLoaders$PlatformClassLoader@1ad282e0, j.i.l.ClassLoaders$AppClassLoader@3cd1a2f1
14:10:35.419 [main] DEBUG o.a.weaver.tools.WeavingAdaptor - 14:10:35.419 main > o.a.w.t.WeavingAdaptor.weaveClass o.a.w.l.ClassLoaderWeavingAdaptor@140e5a13 ru/gb/lesson5/KinopoiskTest, byte[3766]
14:10:35.419 [main] DEBUG org.aspectj.weaver.bcel.BcelWeaver - 14:10:35.419 main > o.a.w.b.BcelWeaver.weave o.a.w.b.BcelWeaver@48524010 o.a.w.t.WeavingAdaptor$WeavingClassFileProvider@5cc9d3d0
14:10:35.420 [main] DEBUG org.aspectj.weaver.bcel.BcelWeaver - 14:10:35.419 main > o.a.w.b.BcelWeaver.weaveAndNotify o.a.w.b.BcelWeaver@48524010 o.a.w.b.UnwovenClassFile@7c2dfa2, o.a.w.b.BcelObjectType@661d88a, o.a.w.t.WeavingAdaptor$WeavingClassFileProvider$1@4b0b64cc
14:10:35.421 [main] DEBUG org.aspectj.weaver.bcel.BcelWorld - 14:10:35.421 main - o.a.w.b.BcelWorld.lookupJavaClass o.a.w.l.LTWWorld@2b4a2ec7 org.junit.jupiter.api.BeforeAll, o.a.a.b.c.JavaClass@50f097b5
14:10:35.422 [main] DEBUG org.aspectj.weaver.bcel.BcelWorld - 14:10:35.422 main - o.a.w.b.BcelWorld.lookupJavaClass o.a.w.l.LTWWorld@2b4a2ec7 org.junit.jupiter.api.BeforeEach, o.a.a.b.c.JavaClass@1bb15351
14:10:35.423 [main] DEBUG org.aspectj.weaver.bcel.BcelWorld - 14:10:35.423 main - o.a.w.b.BcelWorld.lookupJavaClass o.a.w.l.LTWWorld@2b4a2ec7 org.junit.jupiter.api.Test, o.a.a.b.c.JavaClass@2f62ea70
14:10:35.426 [main] DEBUG org.aspectj.weaver.bcel.BcelWorld - 14:10:35.426 main - o.a.w.b.BcelWorld.lookupJavaClass o.a.w.l.LTWWorld@2b4a2ec7 org.junit.jupiter.api.AfterEach, o.a.a.b.c.JavaClass@7ad1caa2
14:10:35.426 [main] DEBUG org.aspectj.weaver.bcel.BcelWeaver - 14:10:35.426 main < o.a.w.b.BcelWeaver.weaveAndNotify
14:10:35.426 [main] DEBUG org.aspectj.weaver.bcel.BcelWeaver - 14:10:35.426 main < o.a.w.b.BcelWeaver.weave java.util.ArrayList(1)
14:10:35.426 [main] DEBUG o.a.weaver.tools.WeavingAdaptor - 14:10:35.426 main < o.a.w.t.WeavingAdaptor.weaveClass byte[3766]
14:10:35.426 [main] DEBUG org.aspectj.weaver.Dump - 14:10:35.426 main > o.a.w.Dump.dumpOnExit o.a.w.t.WeavingAdaptor$WeavingAdaptorMessageHolder@6a6afff2
14:10:35.426 [main] DEBUG org.aspectj.weaver.Dump - 14:10:35.426 main > o.a.w.Dump.shouldDumpOnExit o.a.w.t.WeavingAdaptor$WeavingAdaptorMessageHolder@6a6afff2
14:10:35.426 [main] DEBUG org.aspectj.weaver.Dump - 14:10:35.426 main - o.a.w.Dump.shouldDumpOnExit abort
14:10:35.426 [main] DEBUG org.aspectj.weaver.Dump - 14:10:35.426 main < o.a.w.Dump.shouldDumpOnExit false
14:10:35.427 [main] DEBUG org.aspectj.weaver.Dump - 14:10:35.427 main < o.a.w.Dump.dumpOnExit Excluded
14:10:35.427 [main] DEBUG org.aspectj.weaver.loadtime.Aj - 14:10:35.427 main < o.a.w.l.Aj.preProcess byte[3766]
14:10:35.431 [main] DEBUG org.aspectj.weaver.loadtime.Aj - 14:10:35.431 main > o.a.w.l.Aj.preProcess o.a.w.l.Aj@b9afc07 org/openqa/selenium/WebDriver, byte[1368], j.i.l.ClassLoaders$AppClassLoader@3cd1a2f1
14:10:35.431 [main] DEBUG org.aspectj.weaver.loadtime.Aj - 14:10:35.431 main - o.a.w.l.Aj.preProcess o.a.w.l.Aj@b9afc07 j.i.l.ClassLoaders$PlatformClassLoader@1ad282e0, j.i.l.ClassLoaders$AppClassLoader@3cd1a2f1
14:10:35.431 [main] DEBUG o.a.weaver.tools.WeavingAdaptor - 14:10:35.431 main > o.a.w.t.WeavingAdaptor.weaveClass o.a.w.l.ClassLoaderWeavingAdaptor@140e5a13 org/openqa/selenium/WebDriver, byte[1368]
14:10:35.432 [main] DEBUG org.aspectj.weaver.bcel.BcelWeaver - 14:10:35.432 main > o.a.w.b.BcelWeaver.weave o.a.w.b.BcelWeaver@48524010 o.a.w.t.WeavingAdaptor$WeavingClassFileProvider@1f1e58ca
14:10:35.435 [main] DEBUG org.aspectj.weaver.bcel.BcelWorld - 14:10:35.435 main - o.a.w.b.BcelWorld.lookupJavaClass o.a.w.l.LTWWorld@2b4a2ec7 org.openqa.selenium.SearchContext, o.a.a.b.c.JavaClass@95eb320
14:10:35.435 [main] DEBUG org.aspectj.weaver.bcel.BcelWeaver - 14:10:35.435 main > o.a.w.b.BcelWeaver.weaveAndNotify o.a.w.b.BcelWeaver@48524010 o.a.w.b.UnwovenClassFile@2f521c4, o.a.w.b.BcelObjectType@4afbb6c2, o.a.w.t.WeavingAdaptor$WeavingClassFileProvider$1@10db6131
14:10:35.435 [main] DEBUG org.aspectj.weaver.bcel.BcelWeaver - 14:10:35.435 main < o.a.w.b.BcelWeaver.weaveAndNotify
14:10:35.436 [main] DEBUG org.aspectj.weaver.bcel.BcelWeaver - 14:10:35.436 main < o.a.w.b.BcelWeaver.weave java.util.ArrayList(1)
14:10:35.436 [main] DEBUG o.a.weaver.tools.WeavingAdaptor - 14:10:35.436 main < o.a.w.t.WeavingAdaptor.weaveClass byte[1368]
14:10:35.436 [main] DEBUG org.aspectj.weaver.Dump - 14:10:35.436 main > o.a.w.Dump.dumpOnExit o.a.w.t.WeavingAdaptor$WeavingAdaptorMessageHolder@6a6afff2
14:10:35.436 [main] DEBUG org.aspectj.weaver.Dump - 14:10:35.436 main > o.a.w.Dump.shouldDumpOnExit o.a.w.t.WeavingAdaptor$WeavingAdaptorMessageHolder@6a6afff2
14:10:35.436 [main] DEBUG org.aspectj.weaver.Dump - 14:10:35.436 main - o.a.w.Dump.shouldDumpOnExit abort
14:10:35.436 [main] DEBUG org.aspectj.weaver.Dump - 14:10:35.436 main < o.a.w.Dump.shouldDumpOnExit false
14:10:35.436 [main] DEBUG org.aspectj.weaver.Dump - 14:10:35.436 main < o.a.w.Dump.dumpOnExit Excluded
14:10:35.436 [main] DEBUG org.aspectj.weaver.loadtime.Aj - 14:10:35.436 main < o.a.w.l.Aj.preProcess byte[1368]
14:10:35.437 [main] DEBUG org.aspectj.weaver.loadtime.Aj - 14:10:35.437 main > o.a.w.l.Aj.preProcess o.a.w.l.Aj@b9afc07 org/openqa/selenium/SearchContext, byte[423], j.i.l.ClassLoaders$AppClassLoader@3cd1a2f1
14:10:35.437 [main] DEBUG org.aspectj.weaver.loadtime.Aj - 14:10:35.437 main - o.a.w.l.Aj.preProcess o.a.w.l.Aj@b9afc07 j.i.l.ClassLoaders$PlatformClassLoader@1ad282e0, j.i.l.ClassLoaders$AppClassLoader@3cd1a2f1
14:10:35.437 [main] DEBUG o.a.weaver.tools.WeavingAdaptor - 14:10:35.437 main > o.a.w.t.WeavingAdaptor.weaveClass o.a.w.l.ClassLoaderWeavingAdaptor@140e5a13 org/openqa/selenium/SearchContext, byte[423]
14:10:35.437 [main] DEBUG org.aspectj.weaver.bcel.BcelWeaver - 14:10:35.437 main > o.a.w.b.BcelWeaver.weave o.a.w.b.BcelWeaver@48524010 o.a.w.t.WeavingAdaptor$WeavingClassFileProvider@1b7332a7
14:10:35.437 [main] DEBUG org.aspectj.weaver.bcel.BcelWeaver - 14:10:35.437 main > o.a.w.b.BcelWeaver.weaveAndNotify o.a.w.b.BcelWeaver@48524010 o.a.w.b.UnwovenClassFile@77c233af, o.a.w.b.BcelObjectType@37b56ac7, o.a.w.t.WeavingAdaptor$WeavingClassFileProvider$1@37c41ec0
14:10:35.438 [main] DEBUG org.aspectj.weaver.bcel.BcelWeaver - 14:10:35.438 main < o.a.w.b.BcelWeaver.weaveAndNotify
14:10:35.438 [main] DEBUG org.aspectj.weaver.bcel.BcelWeaver - 14:10:35.438 main < o.a.w.b.BcelWeaver.weave java.util.ArrayList(1)
14:10:35.438 [main] DEBUG o.a.weaver.tools.WeavingAdaptor - 14:10:35.438 main < o.a.w.t.WeavingAdaptor.weaveClass byte[423]
14:10:35.438 [main] DEBUG org.aspectj.weaver.Dump - 14:10:35.438 main > o.a.w.Dump.dumpOnExit o.a.w.t.WeavingAdaptor$WeavingAdaptorMessageHolder@6a6afff2
14:10:35.438 [main] DEBUG org.aspectj.weaver.Dump - 14:10:35.438 main > o.a.w.Dump.shouldDumpOnExit o.a.w.t.WeavingAdaptor$WeavingAdaptorMessageHolder@6a6afff2
14:10:35.438 [main] DEBUG org.aspectj.weaver.Dump - 14:10:35.438 main - o.a.w.Dump.shouldDumpOnExit abort
14:10:35.438 [main] DEBUG org.aspectj.weaver.Dump - 14:10:35.438 main < o.a.w.Dump.shouldDumpOnExit false
14:10:35.438 [main] DEBUG org.aspectj.weaver.Dump - 14:10:35.438 main < o.a.w.Dump.dumpOnExit Excluded
14:10:35.438 [main] DEBUG org.aspectj.weaver.loadtime.Aj - 14:10:35.438 main < o.a.w.l.Aj.preProcess byte[423]
14:10:35.440 [main] DEBUG org.aspectj.weaver.loadtime.Aj - 14:10:35.440 main > o.a.w.l.Aj.preProcess o.a.w.l.Aj@b9afc07 org/junit/jupiter/api/BeforeEach, byte[674], j.i.l.ClassLoaders$AppClassLoader@3cd1a2f1
14:10:35.440 [main] DEBUG org.aspectj.weaver.loadtime.Aj - 14:10:35.440 main - o.a.w.l.Aj.preProcess o.a.w.l.Aj@b9afc07 j.i.l.ClassLoaders$PlatformClassLoader@1ad282e0, j.i.l.ClassLoaders$AppClassLoader@3cd1a2f1
14:10:35.440 [main] DEBUG o.a.weaver.tools.WeavingAdaptor - 14:10:35.440 main > o.a.w.t.WeavingAdaptor.weaveClass o.a.w.l.ClassLoaderWeavingAdaptor@140e5a13 org/junit/jupiter/api/BeforeEach, byte[674]
14:10:35.441 [main] DEBUG org.aspectj.weaver.bcel.BcelWeaver - 14:10:35.441 main > o.a.w.b.BcelWeaver.weave o.a.w.b.BcelWeaver@48524010 o.a.w.t.WeavingAdaptor$WeavingClassFileProvider@58437801
14:10:35.441 [main] DEBUG org.aspectj.weaver.bcel.BcelWeaver - 14:10:35.441 main > o.a.w.b.BcelWeaver.weaveAndNotify o.a.w.b.BcelWeaver@48524010 o.a.w.b.UnwovenClassFile@6af5bbd0, o.a.w.b.BcelObjectType@76464795, o.a.w.t.WeavingAdaptor$WeavingClassFileProvider$1@b34832b
14:10:35.441 [main] DEBUG org.aspectj.weaver.bcel.BcelWeaver - 14:10:35.441 main < o.a.w.b.BcelWeaver.weaveAndNotify
14:10:35.441 [main] DEBUG org.aspectj.weaver.bcel.BcelWeaver - 14:10:35.441 main < o.a.w.b.BcelWeaver.weave java.util.ArrayList(1)
14:10:35.441 [main] DEBUG o.a.weaver.tools.WeavingAdaptor - 14:10:35.441 main < o.a.w.t.WeavingAdaptor.weaveClass byte[674]
14:10:35.441 [main] DEBUG org.aspectj.weaver.Dump - 14:10:35.441 main > o.a.w.Dump.dumpOnExit o.a.w.t.WeavingAdaptor$WeavingAdaptorMessageHolder@6a6afff2
14:10:35.441 [main] DEBUG org.aspectj.weaver.Dump - 14:10:35.441 main > o.a.w.Dump.shouldDumpOnExit o.a.w.t.WeavingAdaptor$WeavingAdaptorMessageHolder@6a6afff2
14:10:35.441 [main] DEBUG org.aspectj.weaver.Dump - 14:10:35.441 main - o.a.w.Dump.shouldDumpOnExit abort
14:10:35.441 [main] DEBUG org.aspectj.weaver.Dump - 14:10:35.441 main < o.a.w.Dump.shouldDumpOnExit false
14:10:35.441 [main] DEBUG org.aspectj.weaver.Dump - 14:10:35.441 main < o.a.w.Dump.dumpOnExit Excluded
14:10:35.441 [main] DEBUG org.aspectj.weaver.loadtime.Aj - 14:10:35.441 main < o.a.w.l.Aj.preProcess byte[674]
14:10:35.447 [main] DEBUG org.aspectj.weaver.loadtime.Aj - 14:10:35.447 main > o.a.w.l.Aj.preProcess o.a.w.l.Aj@b9afc07 jdk/proxy2/$Proxy9, byte[2484], j.i.l.ClassLoaders$AppClassLoader@3cd1a2f1
14:10:35.447 [main] DEBUG org.aspectj.weaver.loadtime.Aj - 14:10:35.447 main - o.a.w.l.Aj.preProcess o.a.w.l.Aj@b9afc07 j.i.l.ClassLoaders$PlatformClassLoader@1ad282e0, j.i.l.ClassLoaders$AppClassLoader@3cd1a2f1
14:10:35.447 [main] DEBUG o.a.weaver.tools.WeavingAdaptor - 14:10:35.447 main > o.a.w.t.WeavingAdaptor.weaveClass o.a.w.l.ClassLoaderWeavingAdaptor@140e5a13 jdk/proxy2/$Proxy9, byte[2484]
14:10:35.447 [main] DEBUG org.aspectj.weaver.bcel.BcelWeaver - 14:10:35.447 main > o.a.w.b.BcelWeaver.weave o.a.w.b.BcelWeaver@48524010 o.a.w.t.WeavingAdaptor$WeavingClassFileProvider@4ba6ec50
14:10:35.448 [main] DEBUG org.aspectj.weaver.bcel.BcelWorld - 14:10:35.448 main - o.a.w.b.BcelWorld.lookupJavaClass o.a.w.l.LTWWorld@2b4a2ec7 java.lang.reflect.Proxy, o.a.a.b.c.JavaClass@3374b5bc
14:10:35.448 [main] DEBUG org.aspectj.weaver.bcel.BcelWeaver - 14:10:35.448 main > o.a.w.b.BcelWeaver.weaveAndNotify o.a.w.b.BcelWeaver@48524010 o.a.w.b.UnwovenClassFile@642413d4, o.a.w.b.BcelObjectType@fb2e3fd, o.a.w.t.WeavingAdaptor$WeavingClassFileProvider$1@43a09ce2
14:10:35.449 [main] DEBUG org.aspectj.weaver.bcel.BcelWorld - 14:10:35.449 main - o.a.w.b.BcelWorld.lookupJavaClass o.a.w.l.LTWWorld@2b4a2ec7 java.lang.invoke.MethodHandles$Lookup, o.a.a.b.c.JavaClass@4a734c04
14:10:35.449 [main] DEBUG org.aspectj.weaver.bcel.BcelWeaver - 14:10:35.449 main < o.a.w.b.BcelWeaver.weaveAndNotify
14:10:35.449 [main] DEBUG org.aspectj.weaver.bcel.BcelWeaver - 14:10:35.449 main < o.a.w.b.BcelWeaver.weave java.util.ArrayList(1)
14:10:35.450 [main] DEBUG o.a.weaver.tools.WeavingAdaptor - 14:10:35.449 main < o.a.w.t.WeavingAdaptor.weaveClass byte[2484]
14:10:35.450 [main] DEBUG org.aspectj.weaver.Dump - 14:10:35.450 main > o.a.w.Dump.dumpOnExit o.a.w.t.WeavingAdaptor$WeavingAdaptorMessageHolder@6a6afff2
14:10:35.450 [main] DEBUG org.aspectj.weaver.Dump - 14:10:35.450 main > o.a.w.Dump.shouldDumpOnExit o.a.w.t.WeavingAdaptor$WeavingAdaptorMessageHolder@6a6afff2
14:10:35.450 [main] DEBUG org.aspectj.weaver.Dump - 14:10:35.450 main - o.a.w.Dump.shouldDumpOnExit abort
14:10:35.450 [main] DEBUG org.aspectj.weaver.Dump - 14:10:35.450 main < o.a.w.Dump.shouldDumpOnExit false
14:10:35.450 [main] DEBUG org.aspectj.weaver.Dump - 14:10:35.450 main < o.a.w.Dump.dumpOnExit Excluded
14:10:35.450 [main] DEBUG org.aspectj.weaver.loadtime.Aj - 14:10:35.450 main < o.a.w.l.Aj.preProcess byte[2484]
14:10:35.454 [main] DEBUG org.aspectj.weaver.loadtime.Aj - 14:10:35.454 main > o.a.w.l.Aj.preProcess o.a.w.l.Aj@b9afc07 org/junit/jupiter/api/AfterEach, byte[672], j.i.l.ClassLoaders$AppClassLoader@3cd1a2f1
14:10:35.455 [main] DEBUG org.aspectj.weaver.loadtime.Aj - 14:10:35.454 main - o.a.w.l.Aj.preProcess o.a.w.l.Aj@b9afc07 j.i.l.ClassLoaders$PlatformClassLoader@1ad282e0, j.i.l.ClassLoaders$AppClassLoader@3cd1a2f1
14:10:35.455 [main] DEBUG o.a.weaver.tools.WeavingAdaptor - 14:10:35.455 main > o.a.w.t.WeavingAdaptor.weaveClass o.a.w.l.ClassLoaderWeavingAdaptor@140e5a13 org/junit/jupiter/api/AfterEach, byte[672]
14:10:35.456 [main] DEBUG org.aspectj.weaver.bcel.BcelWeaver - 14:10:35.456 main > o.a.w.b.BcelWeaver.weave o.a.w.b.BcelWeaver@48524010 o.a.w.t.WeavingAdaptor$WeavingClassFileProvider@370c1968
14:10:35.456 [main] DEBUG org.aspectj.weaver.bcel.BcelWeaver - 14:10:35.456 main > o.a.w.b.BcelWeaver.weaveAndNotify o.a.w.b.BcelWeaver@48524010 o.a.w.b.UnwovenClassFile@2f0bfe17, o.a.w.b.BcelObjectType@3206174f, o.a.w.t.WeavingAdaptor$WeavingClassFileProvider$1@42fb8c87
14:10:35.457 [main] DEBUG org.aspectj.weaver.bcel.BcelWeaver - 14:10:35.457 main < o.a.w.b.BcelWeaver.weaveAndNotify
14:10:35.457 [main] DEBUG org.aspectj.weaver.bcel.BcelWeaver - 14:10:35.457 main < o.a.w.b.BcelWeaver.weave java.util.ArrayList(1)
14:10:35.457 [main] DEBUG o.a.weaver.tools.WeavingAdaptor - 14:10:35.457 main < o.a.w.t.WeavingAdaptor.weaveClass byte[672]
14:10:35.457 [main] DEBUG org.aspectj.weaver.Dump - 14:10:35.457 main > o.a.w.Dump.dumpOnExit o.a.w.t.WeavingAdaptor$WeavingAdaptorMessageHolder@6a6afff2
14:10:35.457 [main] DEBUG org.aspectj.weaver.Dump - 14:10:35.457 main > o.a.w.Dump.shouldDumpOnExit o.a.w.t.WeavingAdaptor$WeavingAdaptorMessageHolder@6a6afff2
14:10:35.457 [main] DEBUG org.aspectj.weaver.Dump - 14:10:35.457 main - o.a.w.Dump.shouldDumpOnExit abort
14:10:35.457 [main] DEBUG org.aspectj.weaver.Dump - 14:10:35.457 main < o.a.w.Dump.shouldDumpOnExit false
14:10:35.457 [main] DEBUG org.aspectj.weaver.Dump - 14:10:35.457 main < o.a.w.Dump.dumpOnExit Excluded
14:10:35.457 [main] DEBUG org.aspectj.weaver.loadtime.Aj - 14:10:35.457 main < o.a.w.l.Aj.preProcess byte[672]
14:10:35.471 [main] DEBUG org.aspectj.weaver.loadtime.Aj - 14:10:35.471 main > o.a.w.l.Aj.preProcess o.a.w.l.Aj@b9afc07 jdk/proxy2/$Proxy10, byte[2483], j.i.l.ClassLoaders$AppClassLoader@3cd1a2f1
14:10:35.471 [main] DEBUG org.aspectj.weaver.loadtime.Aj - 14:10:35.471 main - o.a.w.l.Aj.preProcess o.a.w.l.Aj@b9afc07 j.i.l.ClassLoaders$PlatformClassLoader@1ad282e0, j.i.l.ClassLoaders$AppClassLoader@3cd1a2f1
14:10:35.471 [main] DEBUG o.a.weaver.tools.WeavingAdaptor - 14:10:35.471 main > o.a.w.t.WeavingAdaptor.weaveClass o.a.w.l.ClassLoaderWeavingAdaptor@140e5a13 jdk/proxy2/$Proxy10, byte[2483]
14:10:35.471 [main] DEBUG org.aspectj.weaver.bcel.BcelWeaver - 14:10:35.471 main > o.a.w.b.BcelWeaver.weave o.a.w.b.BcelWeaver@48524010 o.a.w.t.WeavingAdaptor$WeavingClassFileProvider@67de7a99
14:10:35.473 [main] DEBUG org.aspectj.weaver.bcel.BcelWeaver - 14:10:35.473 main > o.a.w.b.BcelWeaver.weaveAndNotify o.a.w.b.BcelWeaver@48524010 o.a.w.b.UnwovenClassFile@795f5d51, o.a.w.b.BcelObjectType@34aeacd1, o.a.w.t.WeavingAdaptor$WeavingClassFileProvider$1@54067fdc
14:10:35.476 [main] DEBUG org.aspectj.weaver.bcel.BcelWeaver - 14:10:35.476 main < o.a.w.b.BcelWeaver.weaveAndNotify
14:10:35.476 [main] DEBUG org.aspectj.weaver.bcel.BcelWeaver - 14:10:35.476 main < o.a.w.b.BcelWeaver.weave java.util.ArrayList(1)
14:10:35.476 [main] DEBUG o.a.weaver.tools.WeavingAdaptor - 14:10:35.476 main < o.a.w.t.WeavingAdaptor.weaveClass byte[2483]
14:10:35.476 [main] DEBUG org.aspectj.weaver.Dump - 14:10:35.476 main > o.a.w.Dump.dumpOnExit o.a.w.t.WeavingAdaptor$WeavingAdaptorMessageHolder@6a6afff2
14:10:35.477 [main] DEBUG org.aspectj.weaver.Dump - 14:10:35.476 main > o.a.w.Dump.shouldDumpOnExit o.a.w.t.WeavingAdaptor$WeavingAdaptorMessageHolder@6a6afff2
14:10:35.477 [main] DEBUG org.aspectj.weaver.Dump - 14:10:35.477 main - o.a.w.Dump.shouldDumpOnExit abort
14:10:35.477 [main] DEBUG org.aspectj.weaver.Dump - 14:10:35.477 main < o.a.w.Dump.shouldDumpOnExit false
14:10:35.477 [main] DEBUG org.aspectj.weaver.Dump - 14:10:35.477 main < o.a.w.Dump.dumpOnExit Excluded
14:10:35.477 [main] DEBUG org.aspectj.weaver.loadtime.Aj - 14:10:35.477 main < o.a.w.l.Aj.preProcess byte[2483]
14:10:35.495 [main] DEBUG org.aspectj.weaver.loadtime.Aj - 14:10:35.495 main > o.a.w.l.Aj.preProcess o.a.w.l.Aj@b9afc07 ru/gb/lesson6/PantsTest, byte[1766], j.i.l.ClassLoaders$AppClassLoader@3cd1a2f1
14:10:35.495 [main] DEBUG org.aspectj.weaver.loadtime.Aj - 14:10:35.495 main - o.a.w.l.Aj.preProcess o.a.w.l.Aj@b9afc07 j.i.l.ClassLoaders$PlatformClassLoader@1ad282e0, j.i.l.ClassLoaders$AppClassLoader@3cd1a2f1
14:10:35.495 [main] DEBUG o.a.weaver.tools.WeavingAdaptor - 14:10:35.495 main > o.a.w.t.WeavingAdaptor.weaveClass o.a.w.l.ClassLoaderWeavingAdaptor@140e5a13 ru/gb/lesson6/PantsTest, byte[1766]
14:10:35.496 [main] DEBUG org.aspectj.weaver.bcel.BcelWeaver - 14:10:35.496 main > o.a.w.b.BcelWeaver.weave o.a.w.b.BcelWeaver@48524010 o.a.w.t.WeavingAdaptor$WeavingClassFileProvider@3c79088e
14:10:35.496 [main] DEBUG org.aspectj.weaver.bcel.BcelWeaver - 14:10:35.496 main > o.a.w.b.BcelWeaver.weaveAndNotify o.a.w.b.BcelWeaver@48524010 o.a.w.b.UnwovenClassFile@4a37191a, o.a.w.b.BcelObjectType@5854a18, o.a.w.t.WeavingAdaptor$WeavingClassFileProvider$1@d5556bf
14:10:35.497 [main] DEBUG org.aspectj.weaver.bcel.BcelWeaver - 14:10:35.497 main < o.a.w.b.BcelWeaver.weaveAndNotify
14:10:35.497 [main] DEBUG org.aspectj.weaver.bcel.BcelWeaver - 14:10:35.497 main < o.a.w.b.BcelWeaver.weave java.util.ArrayList(1)
14:10:35.497 [main] DEBUG o.a.weaver.tools.WeavingAdaptor - 14:10:35.497 main < o.a.w.t.WeavingAdaptor.weaveClass byte[1766]
14:10:35.497 [main] DEBUG org.aspectj.weaver.Dump - 14:10:35.497 main > o.a.w.Dump.dumpOnExit o.a.w.t.WeavingAdaptor$WeavingAdaptorMessageHolder@6a6afff2
14:10:35.497 [main] DEBUG org.aspectj.weaver.Dump - 14:10:35.497 main > o.a.w.Dump.shouldDumpOnExit o.a.w.t.WeavingAdaptor$WeavingAdaptorMessageHolder@6a6afff2
14:10:35.497 [main] DEBUG org.aspectj.weaver.Dump - 14:10:35.497 main - o.a.w.Dump.shouldDumpOnExit abort
14:10:35.497 [main] DEBUG org.aspectj.weaver.Dump - 14:10:35.497 main < o.a.w.Dump.shouldDumpOnExit false
14:10:35.497 [main] DEBUG org.aspectj.weaver.Dump - 14:10:35.497 main < o.a.w.Dump.dumpOnExit Excluded
14:10:35.497 [main] DEBUG org.aspectj.weaver.loadtime.Aj - 14:10:35.497 main < o.a.w.l.Aj.preProcess byte[1766]
14:10:35.507 [main] DEBUG org.aspectj.weaver.loadtime.Aj - 14:10:35.507 main > o.a.w.l.Aj.preProcess o.a.w.l.Aj@b9afc07 org/apache/maven/surefire/api/util/TestsToRun, byte[5093], j.i.l.ClassLoaders$AppClassLoader@3cd1a2f1
14:10:35.507 [main] DEBUG org.aspectj.weaver.loadtime.Aj - 14:10:35.507 main - o.a.w.l.Aj.preProcess o.a.w.l.Aj@b9afc07 j.i.l.ClassLoaders$PlatformClassLoader@1ad282e0, j.i.l.ClassLoaders$AppClassLoader@3cd1a2f1
14:10:35.507 [main] DEBUG o.a.weaver.tools.WeavingAdaptor - 14:10:35.507 main > o.a.w.t.WeavingAdaptor.weaveClass o.a.w.l.ClassLoaderWeavingAdaptor@140e5a13 org/apache/maven/surefire/api/util/TestsToRun, byte[5093]
14:10:35.508 [main] DEBUG org.aspectj.weaver.bcel.BcelWeaver - 14:10:35.507 main > o.a.w.b.BcelWeaver.weave o.a.w.b.BcelWeaver@48524010 o.a.w.t.WeavingAdaptor$WeavingClassFileProvider@67cefd84
14:10:35.508 [main] DEBUG org.aspectj.weaver.bcel.BcelWeaver - 14:10:35.508 main > o.a.w.b.BcelWeaver.weaveAndNotify o.a.w.b.BcelWeaver@48524010 o.a.w.b.UnwovenClassFile@5fbe155, o.a.w.b.BcelObjectType@6add8e3f, o.a.w.t.WeavingAdaptor$WeavingClassFileProvider$1@58a2b917
14:10:35.508 [main] DEBUG org.aspectj.weaver.bcel.BcelWorld - 14:10:35.508 main - o.a.w.b.BcelWorld.lookupJavaClass o.a.w.l.LTWWorld@2b4a2ec7 java.util.Iterator, o.a.a.b.c.JavaClass@1de76cc7
14:10:35.509 [main] DEBUG org.aspectj.weaver.bcel.BcelWeaver - 14:10:35.509 main < o.a.w.b.BcelWeaver.weaveAndNotify
14:10:35.509 [main] DEBUG org.aspectj.weaver.bcel.BcelWeaver - 14:10:35.509 main < o.a.w.b.BcelWeaver.weave java.util.ArrayList(1)
14:10:35.509 [main] DEBUG o.a.weaver.tools.WeavingAdaptor - 14:10:35.509 main < o.a.w.t.WeavingAdaptor.weaveClass byte[5093]
14:10:35.509 [main] DEBUG org.aspectj.weaver.Dump - 14:10:35.509 main > o.a.w.Dump.dumpOnExit o.a.w.t.WeavingAdaptor$WeavingAdaptorMessageHolder@6a6afff2
14:10:35.509 [main] DEBUG org.aspectj.weaver.Dump - 14:10:35.509 main > o.a.w.Dump.shouldDumpOnExit o.a.w.t.WeavingAdaptor$WeavingAdaptorMessageHolder@6a6afff2
14:10:35.509 [main] DEBUG org.aspectj.weaver.Dump - 14:10:35.509 main - o.a.w.Dump.shouldDumpOnExit abort
14:10:35.509 [main] DEBUG org.aspectj.weaver.Dump - 14:10:35.509 main < o.a.w.Dump.shouldDumpOnExit false
14:10:35.509 [main] DEBUG org.aspectj.weaver.Dump - 14:10:35.509 main < o.a.w.Dump.dumpOnExit Excluded
14:10:35.509 [main] DEBUG org.aspectj.weaver.loadtime.Aj - 14:10:35.509 main < o.a.w.l.Aj.preProcess byte[5093]
14:10:35.511 [main] DEBUG org.aspectj.weaver.loadtime.Aj - 14:10:35.511 main > o.a.w.l.Aj.preProcess o.a.w.l.Aj@b9afc07 org/apache/maven/surefire/api/util/DefaultRunOrderCalculator, byte[5809], j.i.l.ClassLoaders$AppClassLoader@3cd1a2f1
14:10:35.511 [main] DEBUG org.aspectj.weaver.loadtime.Aj - 14:10:35.511 main - o.a.w.l.Aj.preProcess o.a.w.l.Aj@b9afc07 j.i.l.ClassLoaders$PlatformClassLoader@1ad282e0, j.i.l.ClassLoaders$AppClassLoader@3cd1a2f1
14:10:35.511 [main] DEBUG o.a.weaver.tools.WeavingAdaptor - 14:10:35.511 main > o.a.w.t.WeavingAdaptor.weaveClass o.a.w.l.ClassLoaderWeavingAdaptor@140e5a13 org/apache/maven/surefire/api/util/DefaultRunOrderCalculator, byte[5809]
14:10:35.511 [main] DEBUG org.aspectj.weaver.bcel.BcelWeaver - 14:10:35.511 main > o.a.w.b.BcelWeaver.weave o.a.w.b.BcelWeaver@48524010 o.a.w.t.WeavingAdaptor$WeavingClassFileProvider@5e922647
14:10:35.511 [main] DEBUG org.aspectj.weaver.bcel.BcelWorld - 14:10:35.511 main - o.a.w.b.BcelWorld.lookupJavaClass o.a.w.l.LTWWorld@2b4a2ec7 org.apache.maven.surefire.api.util.RunOrderCalculator, o.a.a.b.c.JavaClass@4167d97b
14:10:35.512 [main] DEBUG org.aspectj.weaver.bcel.BcelWeaver - 14:10:35.511 main > o.a.w.b.BcelWeaver.weaveAndNotify o.a.w.b.BcelWeaver@48524010 o.a.w.b.UnwovenClassFile@433c6abb, o.a.w.b.BcelObjectType@288f173f, o.a.w.t.WeavingAdaptor$WeavingClassFileProvider$1@a22c4d8
14:10:35.513 [main] DEBUG org.aspectj.weaver.bcel.BcelWorld - 14:10:35.513 main - o.a.w.b.BcelWorld.lookupJavaClass o.a.w.l.LTWWorld@2b4a2ec7 org.apache.maven.surefire.api.util.RunOrder, o.a.a.b.c.JavaClass@7a419da4
14:10:35.517 [main] DEBUG org.aspectj.weaver.bcel.BcelWorld - 14:10:35.516 main - o.a.w.b.BcelWorld.lookupJavaClass o.a.w.l.LTWWorld@2b4a2ec7 java.util.Comparator, o.a.a.b.c.JavaClass@89c10b7
14:10:35.517 [main] DEBUG org.aspectj.weaver.bcel.BcelWeaver - 14:10:35.517 main < o.a.w.b.BcelWeaver.weaveAndNotify
14:10:35.517 [main] DEBUG org.aspectj.weaver.bcel.BcelWeaver - 14:10:35.517 main < o.a.w.b.BcelWeaver.weave java.util.ArrayList(1)
14:10:35.517 [main] DEBUG o.a.weaver.tools.WeavingAdaptor - 14:10:35.517 main < o.a.w.t.WeavingAdaptor.weaveClass byte[5809]
14:10:35.517 [main] DEBUG org.aspectj.weaver.Dump - 14:10:35.517 main > o.a.w.Dump.dumpOnExit o.a.w.t.WeavingAdaptor$WeavingAdaptorMessageHolder@6a6afff2
14:10:35.517 [main] DEBUG org.aspectj.weaver.Dump - 14:10:35.517 main > o.a.w.Dump.shouldDumpOnExit o.a.w.t.WeavingAdaptor$WeavingAdaptorMessageHolder@6a6afff2
14:10:35.517 [main] DEBUG org.aspectj.weaver.Dump - 14:10:35.517 main - o.a.w.Dump.shouldDumpOnExit abort
14:10:35.517 [main] DEBUG org.aspectj.weaver.Dump - 14:10:35.517 main < o.a.w.Dump.shouldDumpOnExit false
14:10:35.517 [main] DEBUG org.aspectj.weaver.Dump - 14:10:35.517 main < o.a.w.Dump.dumpOnExit Excluded
14:10:35.517 [main] DEBUG org.aspectj.weaver.loadtime.Aj - 14:10:35.517 main < o.a.w.l.Aj.preProcess byte[5809]
14:10:35.524 [main] DEBUG org.aspectj.weaver.loadtime.Aj - 14:10:35.524 main > o.a.w.l.Aj.preProcess o.a.w.l.Aj@b9afc07 org/apache/maven/surefire/api/util/TestsToRun$ClassesIterator, byte[2438], j.i.l.ClassLoaders$AppClassLoader@3cd1a2f1
14:10:35.524 [main] DEBUG org.aspectj.weaver.loadtime.Aj - 14:10:35.524 main - o.a.w.l.Aj.preProcess o.a.w.l.Aj@b9afc07 j.i.l.ClassLoaders$PlatformClassLoader@1ad282e0, j.i.l.ClassLoaders$AppClassLoader@3cd1a2f1
14:10:35.524 [main] DEBUG o.a.weaver.tools.WeavingAdaptor - 14:10:35.524 main > o.a.w.t.WeavingAdaptor.weaveClass o.a.w.l.ClassLoaderWeavingAdaptor@140e5a13 org/apache/maven/surefire/api/util/TestsToRun$ClassesIterator, byte[2438]
14:10:35.525 [main] DEBUG org.aspectj.weaver.bcel.BcelWeaver - 14:10:35.525 main > o.a.w.b.BcelWeaver.weave o.a.w.b.BcelWeaver@48524010 o.a.w.t.WeavingAdaptor$WeavingClassFileProvider@2538bc06
14:10:35.525 [main] DEBUG org.aspectj.weaver.bcel.BcelWorld - 14:10:35.525 main - o.a.w.b.BcelWorld.lookupJavaClass o.a.w.l.LTWWorld@2b4a2ec7 org.apache.maven.surefire.api.util.CloseableIterator, o.a.a.b.c.JavaClass@44784e2f
14:10:35.525 [main] DEBUG org.aspectj.weaver.bcel.BcelWeaver - 14:10:35.525 main > o.a.w.b.BcelWeaver.weaveAndNotify o.a.w.b.BcelWeaver@48524010 o.a.w.b.UnwovenClassFile@2440022a, o.a.w.b.BcelObjectType@737db7f8, o.a.w.t.WeavingAdaptor$WeavingClassFileProvider$1@5f2de715
14:10:35.526 [main] DEBUG org.aspectj.weaver.bcel.BcelWeaver - 14:10:35.526 main < o.a.w.b.BcelWeaver.weaveAndNotify
14:10:35.526 [main] DEBUG org.aspectj.weaver.bcel.BcelWeaver - 14:10:35.526 main < o.a.w.b.BcelWeaver.weave java.util.ArrayList(1)
14:10:35.526 [main] DEBUG o.a.weaver.tools.WeavingAdaptor - 14:10:35.526 main < o.a.w.t.WeavingAdaptor.weaveClass byte[2438]
14:10:35.526 [main] DEBUG org.aspectj.weaver.Dump - 14:10:35.526 main > o.a.w.Dump.dumpOnExit o.a.w.t.WeavingAdaptor$WeavingAdaptorMessageHolder@6a6afff2
14:10:35.526 [main] DEBUG org.aspectj.weaver.Dump - 14:10:35.526 main > o.a.w.Dump.shouldDumpOnExit o.a.w.t.WeavingAdaptor$WeavingAdaptorMessageHolder@6a6afff2
14:10:35.526 [main] DEBUG org.aspectj.weaver.Dump - 14:10:35.526 main - o.a.w.Dump.shouldDumpOnExit abort
14:10:35.526 [main] DEBUG org.aspectj.weaver.Dump - 14:10:35.526 main < o.a.w.Dump.shouldDumpOnExit false
14:10:35.526 [main] DEBUG org.aspectj.weaver.Dump - 14:10:35.526 main < o.a.w.Dump.dumpOnExit Excluded
14:10:35.526 [main] DEBUG org.aspectj.weaver.loadtime.Aj - 14:10:35.526 main < o.a.w.l.Aj.preProcess byte[2438]
14:10:35.527 [main] DEBUG org.aspectj.weaver.loadtime.Aj - 14:10:35.527 main > o.a.w.l.Aj.preProcess o.a.w.l.Aj@b9afc07 org/apache/maven/surefire/api/util/CloseableIterator, byte[1687], j.i.l.ClassLoaders$AppClassLoader@3cd1a2f1
14:10:35.527 [main] DEBUG org.aspectj.weaver.loadtime.Aj - 14:10:35.527 main - o.a.w.l.Aj.preProcess o.a.w.l.Aj@b9afc07 j.i.l.ClassLoaders$PlatformClassLoader@1ad282e0, j.i.l.ClassLoaders$AppClassLoader@3cd1a2f1
14:10:35.527 [main] DEBUG o.a.weaver.tools.WeavingAdaptor - 14:10:35.527 main > o.a.w.t.WeavingAdaptor.weaveClass o.a.w.l.ClassLoaderWeavingAdaptor@140e5a13 org/apache/maven/surefire/api/util/CloseableIterator, byte[1687]
14:10:35.527 [main] DEBUG org.aspectj.weaver.bcel.BcelWeaver - 14:10:35.527 main > o.a.w.b.BcelWeaver.weave o.a.w.b.BcelWeaver@48524010 o.a.w.t.WeavingAdaptor$WeavingClassFileProvider@5f95f1e1
14:10:35.528 [main] DEBUG org.aspectj.weaver.bcel.BcelWeaver - 14:10:35.528 main > o.a.w.b.BcelWeaver.weaveAndNotify o.a.w.b.BcelWeaver@48524010 o.a.w.b.UnwovenClassFile@672a1c62, o.a.w.b.BcelObjectType@459b6c53, o.a.w.t.WeavingAdaptor$WeavingClassFileProvider$1@39e69ea7
14:10:35.528 [main] DEBUG org.aspectj.weaver.bcel.BcelWeaver - 14:10:35.528 main < o.a.w.b.BcelWeaver.weaveAndNotify
14:10:35.528 [main] DEBUG org.aspectj.weaver.bcel.BcelWeaver - 14:10:35.528 main < o.a.w.b.BcelWeaver.weave java.util.ArrayList(1)
14:10:35.528 [main] DEBUG o.a.weaver.tools.WeavingAdaptor - 14:10:35.528 main < o.a.w.t.WeavingAdaptor.weaveClass byte[1687]
14:10:35.529 [main] DEBUG org.aspectj.weaver.Dump - 14:10:35.529 main > o.a.w.Dump.dumpOnExit o.a.w.t.WeavingAdaptor$WeavingAdaptorMessageHolder@6a6afff2
14:10:35.529 [main] DEBUG org.aspectj.weaver.Dump - 14:10:35.529 main > o.a.w.Dump.shouldDumpOnExit o.a.w.t.WeavingAdaptor$WeavingAdaptorMessageHolder@6a6afff2
14:10:35.529 [main] DEBUG org.aspectj.weaver.Dump - 14:10:35.529 main - o.a.w.Dump.shouldDumpOnExit abort
14:10:35.529 [main] DEBUG org.aspectj.weaver.Dump - 14:10:35.529 main < o.a.w.Dump.shouldDumpOnExit false
14:10:35.529 [main] DEBUG org.aspectj.weaver.Dump - 14:10:35.529 main < o.a.w.Dump.dumpOnExit Excluded
14:10:35.529 [main] DEBUG org.aspectj.weaver.loadtime.Aj - 14:10:35.529 main < o.a.w.l.Aj.preProcess byte[1687]
14:10:35.550 [main] DEBUG org.aspectj.weaver.loadtime.Aj - 14:10:35.550 main > o.a.w.l.Aj.preProcess o.a.w.l.Aj@b9afc07 org/junit/platform/launcher/core/CompositeTestExecutionListener$EagerTestExecutionListener, byte[1009], j.i.l.ClassLoaders$AppClassLoader@3cd1a2f1
14:10:35.551 [main] DEBUG org.aspectj.weaver.loadtime.Aj - 14:10:35.550 main - o.a.w.l.Aj.preProcess o.a.w.l.Aj@b9afc07 j.i.l.ClassLoaders$PlatformClassLoader@1ad282e0, j.i.l.ClassLoaders$AppClassLoader@3cd1a2f1
14:10:35.551 [main] DEBUG o.a.weaver.tools.WeavingAdaptor - 14:10:35.551 main > o.a.w.t.WeavingAdaptor.weaveClass o.a.w.l.ClassLoaderWeavingAdaptor@140e5a13 org/junit/platform/launcher/core/CompositeTestExecutionListener$EagerTestExecutionListener, byte[1009]
14:10:35.552 [main] DEBUG org.aspectj.weaver.bcel.BcelWeaver - 14:10:35.551 main > o.a.w.b.BcelWeaver.weave o.a.w.b.BcelWeaver@48524010 o.a.w.t.WeavingAdaptor$WeavingClassFileProvider@3337d04c
14:10:35.552 [main] DEBUG org.aspectj.weaver.bcel.BcelWorld - 14:10:35.552 main - o.a.w.b.BcelWorld.lookupJavaClass o.a.w.l.LTWWorld@2b4a2ec7 org.junit.platform.launcher.TestExecutionListener, o.a.a.b.c.JavaClass@71e693fa
14:10:35.552 [main] DEBUG org.aspectj.weaver.bcel.BcelWeaver - 14:10:35.552 main > o.a.w.b.BcelWeaver.weaveAndNotify o.a.w.b.BcelWeaver@48524010 o.a.w.b.UnwovenClassFile@6de6faa6, o.a.w.b.BcelObjectType@3cad68df, o.a.w.t.WeavingAdaptor$WeavingClassFileProvider$1@14998e21
14:10:35.552 [main] DEBUG org.aspectj.weaver.bcel.BcelWorld - 14:10:35.552 main - o.a.w.b.BcelWorld.lookupJavaClass o.a.w.l.LTWWorld@2b4a2ec7 org.junit.platform.engine.TestExecutionResult, o.a.a.b.c.JavaClass@327bcebd
14:10:35.552 [main] DEBUG org.aspectj.weaver.bcel.BcelWeaver - 14:10:35.552 main < o.a.w.b.BcelWeaver.weaveAndNotify
14:10:35.552 [main] DEBUG org.aspectj.weaver.bcel.BcelWeaver - 14:10:35.552 main < o.a.w.b.BcelWeaver.weave java.util.ArrayList(1)
14:10:35.552 [main] DEBUG o.a.weaver.tools.WeavingAdaptor - 14:10:35.552 main < o.a.w.t.WeavingAdaptor.weaveClass byte[1009]
14:10:35.553 [main] DEBUG org.aspectj.weaver.Dump - 14:10:35.552 main > o.a.w.Dump.dumpOnExit o.a.w.t.WeavingAdaptor$WeavingAdaptorMessageHolder@6a6afff2
14:10:35.553 [main] DEBUG org.aspectj.weaver.Dump - 14:10:35.553 main > o.a.w.Dump.shouldDumpOnExit o.a.w.t.WeavingAdaptor$WeavingAdaptorMessageHolder@6a6afff2
14:10:35.553 [main] DEBUG org.aspectj.weaver.Dump - 14:10:35.553 main - o.a.w.Dump.shouldDumpOnExit abort
14:10:35.553 [main] DEBUG org.aspectj.weaver.Dump - 14:10:35.553 main < o.a.w.Dump.shouldDumpOnExit false
14:10:35.553 [main] DEBUG org.aspectj.weaver.Dump - 14:10:35.553 main < o.a.w.Dump.dumpOnExit Excluded
14:10:35.553 [main] DEBUG org.aspectj.weaver.loadtime.Aj - 14:10:35.553 main < o.a.w.l.Aj.preProcess byte[1009]
14:10:35.612 [main] DEBUG org.aspectj.weaver.loadtime.Aj - 14:10:35.612 main > o.a.w.l.Aj.preProcess o.a.w.l.Aj@b9afc07 org/junit/platform/engine/reporting/ReportEntry, byte[3757], j.i.l.ClassLoaders$AppClassLoader@3cd1a2f1
14:10:35.612 [main] DEBUG org.aspectj.weaver.loadtime.Aj - 14:10:35.612 main - o.a.w.l.Aj.preProcess o.a.w.l.Aj@b9afc07 j.i.l.ClassLoaders$PlatformClassLoader@1ad282e0, j.i.l.ClassLoaders$AppClassLoader@3cd1a2f1
14:10:35.612 [main] DEBUG o.a.weaver.tools.WeavingAdaptor - 14:10:35.612 main > o.a.w.t.WeavingAdaptor.weaveClass o.a.w.l.ClassLoaderWeavingAdaptor@140e5a13 org/junit/platform/engine/reporting/ReportEntry, byte[3757]
14:10:35.613 [main] DEBUG org.aspectj.weaver.bcel.BcelWeaver - 14:10:35.613 main > o.a.w.b.BcelWeaver.weave o.a.w.b.BcelWeaver@48524010 o.a.w.t.WeavingAdaptor$WeavingClassFileProvider@6dab01d9
14:10:35.613 [main] DEBUG org.aspectj.weaver.bcel.BcelWeaver - 14:10:35.613 main > o.a.w.b.BcelWeaver.weaveAndNotify o.a.w.b.BcelWeaver@48524010 o.a.w.b.UnwovenClassFile@2e09c51, o.a.w.b.BcelObjectType@869d87c, o.a.w.t.WeavingAdaptor$WeavingClassFileProvider$1@2f3166a
14:10:35.614 [main] DEBUG org.aspectj.weaver.bcel.BcelWorld - 14:10:35.614 main - o.a.w.b.BcelWorld.lookupJavaClass o.a.w.l.LTWWorld@2b4a2ec7 java.util.Map, o.a.a.b.c.JavaClass@48974e45
14:10:35.615 [main] DEBUG org.aspectj.weaver.bcel.BcelWorld - 14:10:35.615 main - o.a.w.b.BcelWorld.lookupJavaClass o.a.w.l.LTWWorld@2b4a2ec7 java.time.LocalDateTime, o.a.a.b.c.JavaClass@31e76a8d
14:10:35.615 [main] DEBUG org.aspectj.weaver.bcel.BcelWeaver - 14:10:35.615 main < o.a.w.b.BcelWeaver.weaveAndNotify
14:10:35.615 [main] DEBUG org.aspectj.weaver.bcel.BcelWeaver - 14:10:35.615 main < o.a.w.b.BcelWeaver.weave java.util.ArrayList(1)
14:10:35.615 [main] DEBUG o.a.weaver.tools.WeavingAdaptor - 14:10:35.615 main < o.a.w.t.WeavingAdaptor.weaveClass byte[3757]
14:10:35.616 [main] DEBUG org.aspectj.weaver.Dump - 14:10:35.616 main > o.a.w.Dump.dumpOnExit o.a.w.t.WeavingAdaptor$WeavingAdaptorMessageHolder@6a6afff2
14:10:35.616 [main] DEBUG org.aspectj.weaver.Dump - 14:10:35.616 main > o.a.w.Dump.shouldDumpOnExit o.a.w.t.WeavingAdaptor$WeavingAdaptorMessageHolder@6a6afff2
14:10:35.616 [main] DEBUG org.aspectj.weaver.Dump - 14:10:35.616 main - o.a.w.Dump.shouldDumpOnExit abort
14:10:35.616 [main] DEBUG org.aspectj.weaver.Dump - 14:10:35.616 main < o.a.w.Dump.shouldDumpOnExit false
14:10:35.616 [main] DEBUG org.aspectj.weaver.Dump - 14:10:35.616 main < o.a.w.Dump.dumpOnExit Excluded
14:10:35.616 [main] DEBUG org.aspectj.weaver.loadtime.Aj - 14:10:35.616 main < o.a.w.l.Aj.preProcess byte[3757]
14:10:35.622 [main] DEBUG org.aspectj.weaver.loadtime.Aj - 14:10:35.622 main > o.a.w.l.Aj.preProcess o.a.w.l.Aj@b9afc07 org/junit/platform/launcher/core/StreamInterceptingTestExecutionListener, byte[5884], j.i.l.ClassLoaders$AppClassLoader@3cd1a2f1
14:10:35.622 [main] DEBUG org.aspectj.weaver.loadtime.Aj - 14:10:35.622 main - o.a.w.l.Aj.preProcess o.a.w.l.Aj@b9afc07 j.i.l.ClassLoaders$PlatformClassLoader@1ad282e0, j.i.l.ClassLoaders$AppClassLoader@3cd1a2f1
14:10:35.622 [main] DEBUG o.a.weaver.tools.WeavingAdaptor - 14:10:35.622 main > o.a.w.t.WeavingAdaptor.weaveClass o.a.w.l.ClassLoaderWeavingAdaptor@140e5a13 org/junit/platform/launcher/core/StreamInterceptingTestExecutionListener, byte[5884]
14:10:35.624 [main] DEBUG org.aspectj.weaver.bcel.BcelWeaver - 14:10:35.624 main > o.a.w.b.BcelWeaver.weave o.a.w.b.BcelWeaver@48524010 o.a.w.t.WeavingAdaptor$WeavingClassFileProvider@38c9e0d6
14:10:35.624 [main] DEBUG org.aspectj.weaver.bcel.BcelWeaver - 14:10:35.624 main > o.a.w.b.BcelWeaver.weaveAndNotify o.a.w.b.BcelWeaver@48524010 o.a.w.b.UnwovenClassFile@4693a9ef, o.a.w.b.BcelObjectType@310aee0b, o.a.w.t.WeavingAdaptor$WeavingClassFileProvider$1@36327cec
14:10:35.625 [main] DEBUG org.aspectj.weaver.bcel.BcelWorld - 14:10:35.625 main - o.a.w.b.BcelWorld.lookupJavaClass o.a.w.l.LTWWorld@2b4a2ec7 java.util.function.BiConsumer, o.a.a.b.c.JavaClass@719d35e8
14:10:35.625 [main] DEBUG org.aspectj.weaver.bcel.BcelWeaver - 14:10:35.625 main < o.a.w.b.BcelWeaver.weaveAndNotify
14:10:35.625 [main] DEBUG org.aspectj.weaver.bcel.BcelWeaver - 14:10:35.625 main < o.a.w.b.BcelWeaver.weave java.util.ArrayList(1)
14:10:35.625 [main] DEBUG o.a.weaver.tools.WeavingAdaptor - 14:10:35.625 main < o.a.w.t.WeavingAdaptor.weaveClass byte[5884]
14:10:35.625 [main] DEBUG org.aspectj.weaver.Dump - 14:10:35.625 main > o.a.w.Dump.dumpOnExit o.a.w.t.WeavingAdaptor$WeavingAdaptorMessageHolder@6a6afff2
14:10:35.625 [main] DEBUG org.aspectj.weaver.Dump - 14:10:35.625 main > o.a.w.Dump.shouldDumpOnExit o.a.w.t.WeavingAdaptor$WeavingAdaptorMessageHolder@6a6afff2
14:10:35.625 [main] DEBUG org.aspectj.weaver.Dump - 14:10:35.625 main - o.a.w.Dump.shouldDumpOnExit abort
14:10:35.625 [main] DEBUG org.aspectj.weaver.Dump - 14:10:35.625 main < o.a.w.Dump.shouldDumpOnExit false
14:10:35.625 [main] DEBUG org.aspectj.weaver.Dump - 14:10:35.625 main < o.a.w.Dump.dumpOnExit Excluded
14:10:35.625 [main] DEBUG org.aspectj.weaver.loadtime.Aj - 14:10:35.625 main < o.a.w.l.Aj.preProcess byte[5884]
14:10:35.641 [main] DEBUG org.aspectj.weaver.loadtime.Aj - 14:10:35.641 main > o.a.w.l.Aj.preProcess o.a.w.l.Aj@b9afc07 io/qameta/allure/junitplatform/AllureJunitPlatform$Uuids, byte[3146], j.i.l.ClassLoaders$AppClassLoader@3cd1a2f1
14:10:35.642 [main] DEBUG org.aspectj.weaver.loadtime.Aj - 14:10:35.641 main - o.a.w.l.Aj.preProcess o.a.w.l.Aj@b9afc07 j.i.l.ClassLoaders$PlatformClassLoader@1ad282e0, j.i.l.ClassLoaders$AppClassLoader@3cd1a2f1
14:10:35.642 [main] DEBUG o.a.weaver.tools.WeavingAdaptor - 14:10:35.642 main > o.a.w.t.WeavingAdaptor.weaveClass o.a.w.l.ClassLoaderWeavingAdaptor@140e5a13 io/qameta/allure/junitplatform/AllureJunitPlatform$Uuids, byte[3146]
14:10:35.642 [main] DEBUG org.aspectj.weaver.bcel.BcelWeaver - 14:10:35.642 main > o.a.w.b.BcelWeaver.weave o.a.w.b.BcelWeaver@48524010 o.a.w.t.WeavingAdaptor$WeavingClassFileProvider@24386839
14:10:35.642 [main] DEBUG org.aspectj.weaver.bcel.BcelWeaver - 14:10:35.642 main > o.a.w.b.BcelWeaver.weaveAndNotify o.a.w.b.BcelWeaver@48524010 o.a.w.b.UnwovenClassFile@7b32b129, o.a.w.b.BcelObjectType@439e3cb4, o.a.w.t.WeavingAdaptor$WeavingClassFileProvider$1@1c9fbb61
14:10:35.643 [main] DEBUG org.aspectj.weaver.bcel.BcelWeaver - 14:10:35.643 main < o.a.w.b.BcelWeaver.weaveAndNotify
14:10:35.643 [main] DEBUG org.aspectj.weaver.bcel.BcelWeaver - 14:10:35.643 main < o.a.w.b.BcelWeaver.weave java.util.ArrayList(1)
14:10:35.643 [main] DEBUG o.a.weaver.tools.WeavingAdaptor - 14:10:35.643 main < o.a.w.t.WeavingAdaptor.weaveClass byte[3146]
14:10:35.643 [main] DEBUG org.aspectj.weaver.Dump - 14:10:35.643 main > o.a.w.Dump.dumpOnExit o.a.w.t.WeavingAdaptor$WeavingAdaptorMessageHolder@6a6afff2
14:10:35.643 [main] DEBUG org.aspectj.weaver.Dump - 14:10:35.643 main > o.a.w.Dump.shouldDumpOnExit o.a.w.t.WeavingAdaptor$WeavingAdaptorMessageHolder@6a6afff2
14:10:35.643 [main] DEBUG org.aspectj.weaver.Dump - 14:10:35.643 main - o.a.w.Dump.shouldDumpOnExit abort
14:10:35.643 [main] DEBUG org.aspectj.weaver.Dump - 14:10:35.643 main < o.a.w.Dump.shouldDumpOnExit false
14:10:35.643 [main] DEBUG org.aspectj.weaver.Dump - 14:10:35.643 main < o.a.w.Dump.dumpOnExit Excluded
14:10:35.643 [main] DEBUG org.aspectj.weaver.loadtime.Aj - 14:10:35.643 main < o.a.w.l.Aj.preProcess byte[3146]
14:10:35.646 [main] DEBUG org.aspectj.weaver.loadtime.Aj - 14:10:35.646 main > o.a.w.l.Aj.preProcess o.a.w.l.Aj@b9afc07 org/junit/platform/launcher/core/ExecutionListenerAdapter, byte[2975], j.i.l.ClassLoaders$AppClassLoader@3cd1a2f1
14:10:35.646 [main] DEBUG org.aspectj.weaver.loadtime.Aj - 14:10:35.646 main - o.a.w.l.Aj.preProcess o.a.w.l.Aj@b9afc07 j.i.l.ClassLoaders$PlatformClassLoader@1ad282e0, j.i.l.ClassLoaders$AppClassLoader@3cd1a2f1
14:10:35.646 [main] DEBUG o.a.weaver.tools.WeavingAdaptor - 14:10:35.646 main > o.a.w.t.WeavingAdaptor.weaveClass o.a.w.l.ClassLoaderWeavingAdaptor@140e5a13 org/junit/platform/launcher/core/ExecutionListenerAdapter, byte[2975]
14:10:35.647 [main] DEBUG org.aspectj.weaver.bcel.BcelWeaver - 14:10:35.646 main > o.a.w.b.BcelWeaver.weave o.a.w.b.BcelWeaver@48524010 o.a.w.t.WeavingAdaptor$WeavingClassFileProvider@4b5a078a
14:10:35.647 [main] DEBUG org.aspectj.weaver.bcel.BcelWorld - 14:10:35.647 main - o.a.w.b.BcelWorld.lookupJavaClass o.a.w.l.LTWWorld@2b4a2ec7 org.junit.platform.engine.EngineExecutionListener, o.a.a.b.c.JavaClass@7a1f8def
14:10:35.647 [main] DEBUG org.aspectj.weaver.bcel.BcelWeaver - 14:10:35.647 main > o.a.w.b.BcelWeaver.weaveAndNotify o.a.w.b.BcelWeaver@48524010 o.a.w.b.UnwovenClassFile@4c361f63, o.a.w.b.BcelObjectType@6ed922e1, o.a.w.t.WeavingAdaptor$WeavingClassFileProvider$1@4eb166a1
14:10:35.648 [main] DEBUG org.aspectj.weaver.bcel.BcelWeaver - 14:10:35.648 main < o.a.w.b.BcelWeaver.weaveAndNotify
14:10:35.648 [main] DEBUG org.aspectj.weaver.bcel.BcelWeaver - 14:10:35.648 main < o.a.w.b.BcelWeaver.weave java.util.ArrayList(1)
14:10:35.648 [main] DEBUG o.a.weaver.tools.WeavingAdaptor - 14:10:35.648 main < o.a.w.t.WeavingAdaptor.weaveClass byte[2975]
14:10:35.648 [main] DEBUG org.aspectj.weaver.Dump - 14:10:35.648 main > o.a.w.Dump.dumpOnExit o.a.w.t.WeavingAdaptor$WeavingAdaptorMessageHolder@6a6afff2
14:10:35.649 [main] DEBUG org.aspectj.weaver.Dump - 14:10:35.648 main > o.a.w.Dump.shouldDumpOnExit o.a.w.t.WeavingAdaptor$WeavingAdaptorMessageHolder@6a6afff2
14:10:35.649 [main] DEBUG org.aspectj.weaver.Dump - 14:10:35.649 main - o.a.w.Dump.shouldDumpOnExit abort
14:10:35.649 [main] DEBUG org.aspectj.weaver.Dump - 14:10:35.649 main < o.a.w.Dump.shouldDumpOnExit false
14:10:35.649 [main] DEBUG org.aspectj.weaver.Dump - 14:10:35.649 main < o.a.w.Dump.dumpOnExit Excluded
14:10:35.649 [main] DEBUG org.aspectj.weaver.loadtime.Aj - 14:10:35.649 main < o.a.w.l.Aj.preProcess byte[2975]
14:10:35.652 [main] DEBUG org.aspectj.weaver.loadtime.Aj - 14:10:35.652 main > o.a.w.l.Aj.preProcess o.a.w.l.Aj@b9afc07 org/junit/platform/engine/EngineExecutionListener$1, byte[466], j.i.l.ClassLoaders$AppClassLoader@3cd1a2f1
14:10:35.653 [main] DEBUG org.aspectj.weaver.loadtime.Aj - 14:10:35.653 main - o.a.w.l.Aj.preProcess o.a.w.l.Aj@b9afc07 j.i.l.ClassLoaders$PlatformClassLoader@1ad282e0, j.i.l.ClassLoaders$AppClassLoader@3cd1a2f1
14:10:35.653 [main] DEBUG o.a.weaver.tools.WeavingAdaptor - 14:10:35.653 main > o.a.w.t.WeavingAdaptor.weaveClass o.a.w.l.ClassLoaderWeavingAdaptor@140e5a13 org/junit/platform/engine/EngineExecutionListener$1, byte[466]
14:10:35.653 [main] DEBUG org.aspectj.weaver.bcel.BcelWeaver - 14:10:35.653 main > o.a.w.b.BcelWeaver.weave o.a.w.b.BcelWeaver@48524010 o.a.w.t.WeavingAdaptor$WeavingClassFileProvider@1455154c
14:10:35.653 [main] DEBUG org.aspectj.weaver.bcel.BcelWeaver - 14:10:35.653 main > o.a.w.b.BcelWeaver.weaveAndNotify o.a.w.b.BcelWeaver@48524010 o.a.w.b.UnwovenClassFile@7343922c, o.a.w.b.BcelObjectType@526b2f3e, o.a.w.t.WeavingAdaptor$WeavingClassFileProvider$1@6f2e1024
14:10:35.686 [main] DEBUG org.aspectj.weaver.bcel.BcelWeaver - 14:10:35.686 main < o.a.w.b.BcelWeaver.weaveAndNotify
14:10:35.694 [main] DEBUG org.aspectj.weaver.bcel.BcelWeaver - 14:10:35.686 main < o.a.w.b.BcelWeaver.weave java.util.ArrayList(1)
14:10:35.694 [main] DEBUG o.a.weaver.tools.WeavingAdaptor - 14:10:35.694 main < o.a.w.t.WeavingAdaptor.weaveClass byte[466]
14:10:35.694 [main] DEBUG org.aspectj.weaver.Dump - 14:10:35.694 main > o.a.w.Dump.dumpOnExit o.a.w.t.WeavingAdaptor$WeavingAdaptorMessageHolder@6a6afff2
14:10:35.694 [main] DEBUG org.aspectj.weaver.Dump - 14:10:35.694 main > o.a.w.Dump.shouldDumpOnExit o.a.w.t.WeavingAdaptor$WeavingAdaptorMessageHolder@6a6afff2
14:10:35.694 [main] DEBUG org.aspectj.weaver.Dump - 14:10:35.694 main - o.a.w.Dump.shouldDumpOnExit abort
14:10:35.694 [main] DEBUG org.aspectj.weaver.Dump - 14:10:35.694 main < o.a.w.Dump.shouldDumpOnExit false
14:10:35.694 [main] DEBUG org.aspectj.weaver.Dump - 14:10:35.694 main < o.a.w.Dump.dumpOnExit Excluded
14:10:35.694 [main] DEBUG org.aspectj.weaver.loadtime.Aj - 14:10:35.694 main < o.a.w.l.Aj.preProcess byte[466]
14:10:35.695 [main] DEBUG org.aspectj.weaver.loadtime.Aj - 14:10:35.695 main > o.a.w.l.Aj.preProcess o.a.w.l.Aj@b9afc07 org/junit/platform/launcher/core/EngineDiscoveryErrorDescriptor, byte[1636], j.i.l.ClassLoaders$AppClassLoader@3cd1a2f1
14:10:35.696 [main] DEBUG org.aspectj.weaver.loadtime.Aj - 14:10:35.696 main - o.a.w.l.Aj.preProcess o.a.w.l.Aj@b9afc07 j.i.l.ClassLoaders$PlatformClassLoader@1ad282e0, j.i.l.ClassLoaders$AppClassLoader@3cd1a2f1
14:10:35.696 [main] DEBUG o.a.weaver.tools.WeavingAdaptor - 14:10:35.696 main > o.a.w.t.WeavingAdaptor.weaveClass o.a.w.l.ClassLoaderWeavingAdaptor@140e5a13 org/junit/platform/launcher/core/EngineDiscoveryErrorDescriptor, byte[1636]
14:10:35.698 [main] DEBUG org.aspectj.weaver.bcel.BcelWeaver - 14:10:35.698 main > o.a.w.b.BcelWeaver.weave o.a.w.b.BcelWeaver@48524010 o.a.w.t.WeavingAdaptor$WeavingClassFileProvider@2e17a321
14:10:35.698 [main] DEBUG org.aspectj.weaver.bcel.BcelWorld - 14:10:35.698 main - o.a.w.b.BcelWorld.lookupJavaClass o.a.w.l.LTWWorld@2b4a2ec7 org.junit.platform.engine.support.descriptor.AbstractTestDescriptor, o.a.a.b.c.JavaClass@5bb51241
14:10:35.698 [main] DEBUG org.aspectj.weaver.bcel.BcelWeaver - 14:10:35.698 main > o.a.w.b.BcelWeaver.weaveAndNotify o.a.w.b.BcelWeaver@48524010 o.a.w.b.UnwovenClassFile@521bb1a4, o.a.w.b.BcelObjectType@35f3a22c, o.a.w.t.WeavingAdaptor$WeavingClassFileProvider$1@1a0c5e9
14:10:35.699 [main] DEBUG org.aspectj.weaver.bcel.BcelWeaver - 14:10:35.699 main < o.a.w.b.BcelWeaver.weaveAndNotify
14:10:35.699 [main] DEBUG org.aspectj.weaver.bcel.BcelWeaver - 14:10:35.699 main < o.a.w.b.BcelWeaver.weave java.util.ArrayList(1)
14:10:35.699 [main] DEBUG o.a.weaver.tools.WeavingAdaptor - 14:10:35.699 main < o.a.w.t.WeavingAdaptor.weaveClass byte[1636]
14:10:35.699 [main] DEBUG org.aspectj.weaver.Dump - 14:10:35.699 main > o.a.w.Dump.dumpOnExit o.a.w.t.WeavingAdaptor$WeavingAdaptorMessageHolder@6a6afff2
14:10:35.699 [main] DEBUG org.aspectj.weaver.Dump - 14:10:35.699 main > o.a.w.Dump.shouldDumpOnExit o.a.w.t.WeavingAdaptor$WeavingAdaptorMessageHolder@6a6afff2
14:10:35.699 [main] DEBUG org.aspectj.weaver.Dump - 14:10:35.699 main - o.a.w.Dump.shouldDumpOnExit abort
14:10:35.700 [main] DEBUG org.aspectj.weaver.Dump - 14:10:35.699 main < o.a.w.Dump.shouldDumpOnExit false
14:10:35.700 [main] DEBUG org.aspectj.weaver.Dump - 14:10:35.700 main < o.a.w.Dump.dumpOnExit Excluded
14:10:35.700 [main] DEBUG org.aspectj.weaver.loadtime.Aj - 14:10:35.700 main < o.a.w.l.Aj.preProcess byte[1636]
14:10:35.703 [main] DEBUG org.aspectj.weaver.loadtime.Aj - 14:10:35.703 main > o.a.w.l.Aj.preProcess o.a.w.l.Aj@b9afc07 org/junit/platform/launcher/core/OutcomeDelayingEngineExecutionListener, byte[2689], j.i.l.ClassLoaders$AppClassLoader@3cd1a2f1
14:10:35.703 [main] DEBUG org.aspectj.weaver.loadtime.Aj - 14:10:35.703 main - o.a.w.l.Aj.preProcess o.a.w.l.Aj@b9afc07 j.i.l.ClassLoaders$PlatformClassLoader@1ad282e0, j.i.l.ClassLoaders$AppClassLoader@3cd1a2f1
14:10:35.704 [main] DEBUG o.a.weaver.tools.WeavingAdaptor - 14:10:35.703 main > o.a.w.t.WeavingAdaptor.weaveClass o.a.w.l.ClassLoaderWeavingAdaptor@140e5a13 org/junit/platform/launcher/core/OutcomeDelayingEngineExecutionListener, byte[2689]
14:10:35.704 [main] DEBUG org.aspectj.weaver.bcel.BcelWeaver - 14:10:35.704 main > o.a.w.b.BcelWeaver.weave o.a.w.b.BcelWeaver@48524010 o.a.w.t.WeavingAdaptor$WeavingClassFileProvider@4ba02375
14:10:35.705 [main] DEBUG org.aspectj.weaver.bcel.BcelWorld - 14:10:35.705 main - o.a.w.b.BcelWorld.lookupJavaClass o.a.w.l.LTWWorld@2b4a2ec7 org.junit.platform.launcher.core.DelegatingEngineExecutionListener, o.a.a.b.c.JavaClass@32fa809f
14:10:35.705 [main] DEBUG org.aspectj.weaver.bcel.BcelWeaver - 14:10:35.705 main > o.a.w.b.BcelWeaver.weaveAndNotify o.a.w.b.BcelWeaver@48524010 o.a.w.b.UnwovenClassFile@788ba63e, o.a.w.b.BcelObjectType@12a14b74, o.a.w.t.WeavingAdaptor$WeavingClassFileProvider$1@68ee3b6d
14:10:35.706 [main] DEBUG org.aspectj.weaver.bcel.BcelWeaver - 14:10:35.706 main < o.a.w.b.BcelWeaver.weaveAndNotify
14:10:35.706 [main] DEBUG org.aspectj.weaver.bcel.BcelWeaver - 14:10:35.706 main < o.a.w.b.BcelWeaver.weave java.util.ArrayList(1)
14:10:35.706 [main] DEBUG o.a.weaver.tools.WeavingAdaptor - 14:10:35.706 main < o.a.w.t.WeavingAdaptor.weaveClass byte[2689]
14:10:35.706 [main] DEBUG org.aspectj.weaver.Dump - 14:10:35.706 main > o.a.w.Dump.dumpOnExit o.a.w.t.WeavingAdaptor$WeavingAdaptorMessageHolder@6a6afff2
14:10:35.706 [main] DEBUG org.aspectj.weaver.Dump - 14:10:35.706 main > o.a.w.Dump.shouldDumpOnExit o.a.w.t.WeavingAdaptor$WeavingAdaptorMessageHolder@6a6afff2
14:10:35.706 [main] DEBUG org.aspectj.weaver.Dump - 14:10:35.706 main - o.a.w.Dump.shouldDumpOnExit abort
14:10:35.706 [main] DEBUG org.aspectj.weaver.Dump - 14:10:35.706 main < o.a.w.Dump.shouldDumpOnExit false
14:10:35.706 [main] DEBUG org.aspectj.weaver.Dump - 14:10:35.706 main < o.a.w.Dump.dumpOnExit Excluded
14:10:35.706 [main] DEBUG org.aspectj.weaver.loadtime.Aj - 14:10:35.706 main < o.a.w.l.Aj.preProcess byte[2689]
14:10:35.708 [main] DEBUG org.aspectj.weaver.loadtime.Aj - 14:10:35.708 main > o.a.w.l.Aj.preProcess o.a.w.l.Aj@b9afc07 org/junit/platform/launcher/core/DelegatingEngineExecutionListener, byte[1736], j.i.l.ClassLoaders$AppClassLoader@3cd1a2f1
14:10:35.708 [main] DEBUG org.aspectj.weaver.loadtime.Aj - 14:10:35.708 main - o.a.w.l.Aj.preProcess o.a.w.l.Aj@b9afc07 j.i.l.ClassLoaders$PlatformClassLoader@1ad282e0, j.i.l.ClassLoaders$AppClassLoader@3cd1a2f1
14:10:35.708 [main] DEBUG o.a.weaver.tools.WeavingAdaptor - 14:10:35.708 main > o.a.w.t.WeavingAdaptor.weaveClass o.a.w.l.ClassLoaderWeavingAdaptor@140e5a13 org/junit/platform/launcher/core/DelegatingEngineExecutionListener, byte[1736]
14:10:35.708 [main] DEBUG org.aspectj.weaver.bcel.BcelWeaver - 14:10:35.708 main > o.a.w.b.BcelWeaver.weave o.a.w.b.BcelWeaver@48524010 o.a.w.t.WeavingAdaptor$WeavingClassFileProvider@11eed657
14:10:35.708 [main] DEBUG org.aspectj.weaver.bcel.BcelWeaver - 14:10:35.708 main > o.a.w.b.BcelWeaver.weaveAndNotify o.a.w.b.BcelWeaver@48524010 o.a.w.b.UnwovenClassFile@708f018e, o.a.w.b.BcelObjectType@19a31b9d, o.a.w.t.WeavingAdaptor$WeavingClassFileProvider$1@a5bbaec
14:10:35.712 [main] DEBUG org.aspectj.weaver.bcel.BcelWeaver - 14:10:35.712 main < o.a.w.b.BcelWeaver.weaveAndNotify
14:10:35.712 [main] DEBUG org.aspectj.weaver.bcel.BcelWeaver - 14:10:35.712 main < o.a.w.b.BcelWeaver.weave java.util.ArrayList(1)
14:10:35.712 [main] DEBUG o.a.weaver.tools.WeavingAdaptor - 14:10:35.712 main < o.a.w.t.WeavingAdaptor.weaveClass byte[1736]
14:10:35.712 [main] DEBUG org.aspectj.weaver.Dump - 14:10:35.712 main > o.a.w.Dump.dumpOnExit o.a.w.t.WeavingAdaptor$WeavingAdaptorMessageHolder@6a6afff2
14:10:35.712 [main] DEBUG org.aspectj.weaver.Dump - 14:10:35.712 main > o.a.w.Dump.shouldDumpOnExit o.a.w.t.WeavingAdaptor$WeavingAdaptorMessageHolder@6a6afff2
14:10:35.712 [main] DEBUG org.aspectj.weaver.Dump - 14:10:35.712 main - o.a.w.Dump.shouldDumpOnExit abort
14:10:35.712 [main] DEBUG org.aspectj.weaver.Dump - 14:10:35.712 main < o.a.w.Dump.shouldDumpOnExit false
14:10:35.712 [main] DEBUG org.aspectj.weaver.Dump - 14:10:35.712 main < o.a.w.Dump.dumpOnExit Excluded
14:10:35.712 [main] DEBUG org.aspectj.weaver.loadtime.Aj - 14:10:35.712 main < o.a.w.l.Aj.preProcess byte[1736]
14:10:35.714 [main] DEBUG org.aspectj.weaver.loadtime.Aj - 14:10:35.714 main > o.a.w.l.Aj.preProcess o.a.w.l.Aj@b9afc07 org/junit/platform/engine/ExecutionRequest, byte[1527], j.i.l.ClassLoaders$AppClassLoader@3cd1a2f1
14:10:35.714 [main] DEBUG org.aspectj.weaver.loadtime.Aj - 14:10:35.714 main - o.a.w.l.Aj.preProcess o.a.w.l.Aj@b9afc07 j.i.l.ClassLoaders$PlatformClassLoader@1ad282e0, j.i.l.ClassLoaders$AppClassLoader@3cd1a2f1
14:10:35.714 [main] DEBUG o.a.weaver.tools.WeavingAdaptor - 14:10:35.714 main > o.a.w.t.WeavingAdaptor.weaveClass o.a.w.l.ClassLoaderWeavingAdaptor@140e5a13 org/junit/platform/engine/ExecutionRequest, byte[1527]
14:10:35.715 [main] DEBUG org.aspectj.weaver.bcel.BcelWeaver - 14:10:35.714 main > o.a.w.b.BcelWeaver.weave o.a.w.b.BcelWeaver@48524010 o.a.w.t.WeavingAdaptor$WeavingClassFileProvider@2f860823
14:10:35.715 [main] DEBUG org.aspectj.weaver.bcel.BcelWeaver - 14:10:35.715 main > o.a.w.b.BcelWeaver.weaveAndNotify o.a.w.b.BcelWeaver@48524010 o.a.w.b.UnwovenClassFile@696b4a95, o.a.w.b.BcelObjectType@6c1cfa53, o.a.w.t.WeavingAdaptor$WeavingClassFileProvider$1@4d68b571
14:10:35.715 [main] DEBUG org.aspectj.weaver.bcel.BcelWeaver - 14:10:35.715 main < o.a.w.b.BcelWeaver.weaveAndNotify
14:10:35.715 [main] DEBUG org.aspectj.weaver.bcel.BcelWeaver - 14:10:35.715 main < o.a.w.b.BcelWeaver.weave java.util.ArrayList(1)
14:10:35.715 [main] DEBUG o.a.weaver.tools.WeavingAdaptor - 14:10:35.715 main < o.a.w.t.WeavingAdaptor.weaveClass byte[1527]
14:10:35.716 [main] DEBUG org.aspectj.weaver.Dump - 14:10:35.715 main > o.a.w.Dump.dumpOnExit o.a.w.t.WeavingAdaptor$WeavingAdaptorMessageHolder@6a6afff2
14:10:35.716 [main] DEBUG org.aspectj.weaver.Dump - 14:10:35.716 main > o.a.w.Dump.shouldDumpOnExit o.a.w.t.WeavingAdaptor$WeavingAdaptorMessageHolder@6a6afff2
14:10:35.716 [main] DEBUG org.aspectj.weaver.Dump - 14:10:35.716 main - o.a.w.Dump.shouldDumpOnExit abort
14:10:35.716 [main] DEBUG org.aspectj.weaver.Dump - 14:10:35.716 main < o.a.w.Dump.shouldDumpOnExit false
14:10:35.716 [main] DEBUG org.aspectj.weaver.Dump - 14:10:35.716 main < o.a.w.Dump.dumpOnExit Excluded
14:10:35.716 [main] DEBUG org.aspectj.weaver.loadtime.Aj - 14:10:35.716 main < o.a.w.l.Aj.preProcess byte[1527]
14:10:35.721 [main] DEBUG org.aspectj.weaver.loadtime.Aj - 14:10:35.721 main > o.a.w.l.Aj.preProcess o.a.w.l.Aj@b9afc07 org/junit/platform/engine/support/hierarchical/SameThreadHierarchicalTestExecutorService, byte[2683], j.i.l.ClassLoaders$AppClassLoader@3cd1a2f1
14:10:35.721 [main] DEBUG org.aspectj.weaver.loadtime.Aj - 14:10:35.721 main - o.a.w.l.Aj.preProcess o.a.w.l.Aj@b9afc07 j.i.l.ClassLoaders$PlatformClassLoader@1ad282e0, j.i.l.ClassLoaders$AppClassLoader@3cd1a2f1
14:10:35.721 [main] DEBUG o.a.weaver.tools.WeavingAdaptor - 14:10:35.721 main > o.a.w.t.WeavingAdaptor.weaveClass o.a.w.l.ClassLoaderWeavingAdaptor@140e5a13 org/junit/platform/engine/support/hierarchical/SameThreadHierarchicalTestExecutorService, byte[2683]
14:10:35.722 [main] DEBUG org.aspectj.weaver.bcel.BcelWeaver - 14:10:35.722 main > o.a.w.b.BcelWeaver.weave o.a.w.b.BcelWeaver@48524010 o.a.w.t.WeavingAdaptor$WeavingClassFileProvider@15efda6c
14:10:35.722 [main] DEBUG org.aspectj.weaver.bcel.BcelWorld - 14:10:35.722 main - o.a.w.b.BcelWorld.lookupJavaClass o.a.w.l.LTWWorld@2b4a2ec7 org.junit.platform.engine.support.hierarchical.HierarchicalTestExecutorService, o.a.a.b.c.JavaClass@7ca33c24
14:10:35.722 [main] DEBUG org.aspectj.weaver.bcel.BcelWeaver - 14:10:35.722 main > o.a.w.b.BcelWeaver.weaveAndNotify o.a.w.b.BcelWeaver@48524010 o.a.w.b.UnwovenClassFile@6056232d, o.a.w.b.BcelObjectType@33f2df51, o.a.w.t.WeavingAdaptor$WeavingClassFileProvider$1@107bfcb2
14:10:35.722 [main] DEBUG org.aspectj.weaver.bcel.BcelWorld - 14:10:35.722 main - o.a.w.b.BcelWorld.lookupJavaClass o.a.w.l.LTWWorld@2b4a2ec7 java.lang.AutoCloseable, o.a.a.b.c.JavaClass@3a7442c7
14:10:35.725 [main] DEBUG org.aspectj.weaver.bcel.BcelWorld - 14:10:35.725 main - o.a.w.b.BcelWorld.lookupJavaClass o.a.w.l.LTWWorld@2b4a2ec7 org.junit.platform.engine.support.hierarchical.HierarchicalTestExecutorService$TestTask, o.a.a.b.c.JavaClass@404eca05
14:10:35.731 [main] DEBUG org.aspectj.weaver.bcel.BcelWorld - 14:10:35.731 main - o.a.w.b.BcelWorld.lookupJavaClass o.a.w.l.LTWWorld@2b4a2ec7 java.util.concurrent.Future, o.a.a.b.c.JavaClass@58b91d57
14:10:35.731 [main] DEBUG org.aspectj.weaver.bcel.BcelWeaver - 14:10:35.731 main < o.a.w.b.BcelWeaver.weaveAndNotify
14:10:35.731 [main] DEBUG org.aspectj.weaver.bcel.BcelWeaver - 14:10:35.731 main < o.a.w.b.BcelWeaver.weave java.util.ArrayList(1)
14:10:35.731 [main] DEBUG o.a.weaver.tools.WeavingAdaptor - 14:10:35.731 main < o.a.w.t.WeavingAdaptor.weaveClass byte[2683]
14:10:35.731 [main] DEBUG org.aspectj.weaver.Dump - 14:10:35.731 main > o.a.w.Dump.dumpOnExit o.a.w.t.WeavingAdaptor$WeavingAdaptorMessageHolder@6a6afff2
14:10:35.731 [main] DEBUG org.aspectj.weaver.Dump - 14:10:35.731 main > o.a.w.Dump.shouldDumpOnExit o.a.w.t.WeavingAdaptor$WeavingAdaptorMessageHolder@6a6afff2
14:10:35.731 [main] DEBUG org.aspectj.weaver.Dump - 14:10:35.731 main - o.a.w.Dump.shouldDumpOnExit abort
14:10:35.731 [main] DEBUG org.aspectj.weaver.Dump - 14:10:35.731 main < o.a.w.Dump.shouldDumpOnExit false
14:10:35.731 [main] DEBUG org.aspectj.weaver.Dump - 14:10:35.731 main < o.a.w.Dump.dumpOnExit Excluded
14:10:35.731 [main] DEBUG org.aspectj.weaver.loadtime.Aj - 14:10:35.731 main < o.a.w.l.Aj.preProcess byte[2683]
14:10:35.733 [main] DEBUG org.aspectj.weaver.loadtime.Aj - 14:10:35.733 main > o.a.w.l.Aj.preProcess o.a.w.l.Aj@b9afc07 org/junit/jupiter/engine/execution/JupiterEngineExecutionContext, byte[5469], j.i.l.ClassLoaders$AppClassLoader@3cd1a2f1
14:10:35.733 [main] DEBUG org.aspectj.weaver.loadtime.Aj - 14:10:35.733 main - o.a.w.l.Aj.preProcess o.a.w.l.Aj@b9afc07 j.i.l.ClassLoaders$PlatformClassLoader@1ad282e0, j.i.l.ClassLoaders$AppClassLoader@3cd1a2f1
14:10:35.733 [main] DEBUG o.a.weaver.tools.WeavingAdaptor - 14:10:35.733 main > o.a.w.t.WeavingAdaptor.weaveClass o.a.w.l.ClassLoaderWeavingAdaptor@140e5a13 org/junit/jupiter/engine/execution/JupiterEngineExecutionContext, byte[5469]
14:10:35.733 [main] DEBUG org.aspectj.weaver.bcel.BcelWeaver - 14:10:35.733 main > o.a.w.b.BcelWeaver.weave o.a.w.b.BcelWeaver@48524010 o.a.w.t.WeavingAdaptor$WeavingClassFileProvider@462e1e64
14:10:35.734 [main] DEBUG org.aspectj.weaver.bcel.BcelWorld - 14:10:35.734 main - o.a.w.b.BcelWorld.lookupJavaClass o.a.w.l.LTWWorld@2b4a2ec7 org.junit.platform.engine.support.hierarchical.EngineExecutionContext, o.a.a.b.c.JavaClass@4867ab9f
14:10:35.735 [main] DEBUG org.aspectj.weaver.bcel.BcelWeaver - 14:10:35.735 main > o.a.w.b.BcelWeaver.weaveAndNotify o.a.w.b.BcelWeaver@48524010 o.a.w.b.UnwovenClassFile@69afa141, o.a.w.b.BcelObjectType@49f40c00, o.a.w.t.WeavingAdaptor$WeavingClassFileProvider$1@643d2dae
14:10:35.736 [main] DEBUG org.aspectj.weaver.bcel.BcelWorld - 14:10:35.736 main - o.a.w.b.BcelWorld.lookupJavaClass o.a.w.l.LTWWorld@2b4a2ec7 org.junit.jupiter.engine.config.JupiterConfiguration, o.a.a.b.c.JavaClass@72c28d64
14:10:35.736 [main] DEBUG org.aspectj.weaver.bcel.BcelWorld - 14:10:35.736 main - o.a.w.b.BcelWorld.lookupJavaClass o.a.w.l.LTWWorld@2b4a2ec7 org.junit.jupiter.engine.execution.TestInstancesProvider, o.a.a.b.c.JavaClass@cb7fa71
14:10:35.736 [main] DEBUG org.aspectj.weaver.bcel.BcelWorld - 14:10:35.736 main - o.a.w.b.BcelWorld.lookupJavaClass o.a.w.l.LTWWorld@2b4a2ec7 org.junit.jupiter.engine.extension.MutableExtensionRegistry, o.a.a.b.c.JavaClass@455c1d8c
14:10:35.736 [main] DEBUG org.aspectj.weaver.bcel.BcelWorld - 14:10:35.736 main - o.a.w.b.BcelWorld.lookupJavaClass o.a.w.l.LTWWorld@2b4a2ec7 org.junit.platform.engine.support.hierarchical.ThrowableCollector, o.a.a.b.c.JavaClass@623dcf2a
14:10:35.738 [main] DEBUG org.aspectj.weaver.bcel.BcelWorld - 14:10:35.738 main - o.a.w.b.BcelWorld.lookupJavaClass o.a.w.l.LTWWorld@2b4a2ec7 org.junit.jupiter.engine.execution.JupiterEngineExecutionContext$Builder, o.a.a.b.c.JavaClass@46e64760
14:10:35.738 [main] DEBUG org.aspectj.weaver.bcel.BcelWeaver - 14:10:35.738 main < o.a.w.b.BcelWeaver.weaveAndNotify
14:10:35.738 [main] DEBUG org.aspectj.weaver.bcel.BcelWeaver - 14:10:35.738 main < o.a.w.b.BcelWeaver.weave java.util.ArrayList(1)
14:10:35.738 [main] DEBUG o.a.weaver.tools.WeavingAdaptor - 14:10:35.738 main < o.a.w.t.WeavingAdaptor.weaveClass byte[5469]
14:10:35.738 [main] DEBUG org.aspectj.weaver.Dump - 14:10:35.738 main > o.a.w.Dump.dumpOnExit o.a.w.t.WeavingAdaptor$WeavingAdaptorMessageHolder@6a6afff2
14:10:35.738 [main] DEBUG org.aspectj.weaver.Dump - 14:10:35.738 main > o.a.w.Dump.shouldDumpOnExit o.a.w.t.WeavingAdaptor$WeavingAdaptorMessageHolder@6a6afff2
14:10:35.738 [main] DEBUG org.aspectj.weaver.Dump - 14:10:35.738 main - o.a.w.Dump.shouldDumpOnExit abort
14:10:35.738 [main] DEBUG org.aspectj.weaver.Dump - 14:10:35.738 main < o.a.w.Dump.shouldDumpOnExit false
14:10:35.738 [main] DEBUG org.aspectj.weaver.Dump - 14:10:35.738 main < o.a.w.Dump.dumpOnExit Excluded
14:10:35.738 [main] DEBUG org.aspectj.weaver.loadtime.Aj - 14:10:35.738 main < o.a.w.l.Aj.preProcess byte[5469]
14:10:35.740 [main] DEBUG org.aspectj.weaver.loadtime.Aj - 14:10:35.740 main > o.a.w.l.Aj.preProcess o.a.w.l.Aj@b9afc07 org/junit/jupiter/engine/execution/JupiterEngineExecutionContext$State, byte[1792], j.i.l.ClassLoaders$AppClassLoader@3cd1a2f1
14:10:35.741 [main] DEBUG org.aspectj.weaver.loadtime.Aj - 14:10:35.740 main - o.a.w.l.Aj.preProcess o.a.w.l.Aj@b9afc07 j.i.l.ClassLoaders$PlatformClassLoader@1ad282e0, j.i.l.ClassLoaders$AppClassLoader@3cd1a2f1
14:10:35.741 [main] DEBUG o.a.weaver.tools.WeavingAdaptor - 14:10:35.741 main > o.a.w.t.WeavingAdaptor.weaveClass o.a.w.l.ClassLoaderWeavingAdaptor@140e5a13 org/junit/jupiter/engine/execution/JupiterEngineExecutionContext$State, byte[1792]
14:10:35.741 [main] DEBUG org.aspectj.weaver.bcel.BcelWeaver - 14:10:35.741 main > o.a.w.b.BcelWeaver.weave o.a.w.b.BcelWeaver@48524010 o.a.w.t.WeavingAdaptor$WeavingClassFileProvider@c017175
14:10:35.741 [main] DEBUG org.aspectj.weaver.bcel.BcelWorld - 14:10:35.741 main - o.a.w.b.BcelWorld.lookupJavaClass o.a.w.l.LTWWorld@2b4a2ec7 java.lang.Cloneable, o.a.a.b.c.JavaClass@7ef82753
14:10:35.741 [main] DEBUG org.aspectj.weaver.bcel.BcelWeaver - 14:10:35.741 main > o.a.w.b.BcelWeaver.weaveAndNotify o.a.w.b.BcelWeaver@48524010 o.a.w.b.UnwovenClassFile@559cedee, o.a.w.b.BcelObjectType@18371d89, o.a.w.t.WeavingAdaptor$WeavingClassFileProvider$1@4f3faa70
14:10:35.744 [main] DEBUG org.aspectj.weaver.bcel.BcelWeaver - 14:10:35.744 main < o.a.w.b.BcelWeaver.weaveAndNotify
14:10:35.744 [main] DEBUG org.aspectj.weaver.bcel.BcelWeaver - 14:10:35.744 main < o.a.w.b.BcelWeaver.weave java.util.ArrayList(1)
14:10:35.744 [main] DEBUG o.a.weaver.tools.WeavingAdaptor - 14:10:35.744 main < o.a.w.t.WeavingAdaptor.weaveClass byte[1792]
14:10:35.744 [main] DEBUG org.aspectj.weaver.Dump - 14:10:35.744 main > o.a.w.Dump.dumpOnExit o.a.w.t.WeavingAdaptor$WeavingAdaptorMessageHolder@6a6afff2
14:10:35.744 [main] DEBUG org.aspectj.weaver.Dump - 14:10:35.744 main > o.a.w.Dump.shouldDumpOnExit o.a.w.t.WeavingAdaptor$WeavingAdaptorMessageHolder@6a6afff2
14:10:35.744 [main] DEBUG org.aspectj.weaver.Dump - 14:10:35.744 main - o.a.w.Dump.shouldDumpOnExit abort
14:10:35.744 [main] DEBUG org.aspectj.weaver.Dump - 14:10:35.744 main < o.a.w.Dump.shouldDumpOnExit false
14:10:35.744 [main] DEBUG org.aspectj.weaver.Dump - 14:10:35.744 main < o.a.w.Dump.dumpOnExit Excluded
14:10:35.744 [main] DEBUG org.aspectj.weaver.loadtime.Aj - 14:10:35.744 main < o.a.w.l.Aj.preProcess byte[1792]
14:10:35.746 [main] DEBUG org.aspectj.weaver.loadtime.Aj - 14:10:35.746 main > o.a.w.l.Aj.preProcess o.a.w.l.Aj@b9afc07 org/junit/platform/engine/support/hierarchical/ThrowableCollector$Factory, byte[373], j.i.l.ClassLoaders$AppClassLoader@3cd1a2f1
14:10:35.746 [main] DEBUG org.aspectj.weaver.loadtime.Aj - 14:10:35.746 main - o.a.w.l.Aj.preProcess o.a.w.l.Aj@b9afc07 j.i.l.ClassLoaders$PlatformClassLoader@1ad282e0, j.i.l.ClassLoaders$AppClassLoader@3cd1a2f1
14:10:35.746 [main] DEBUG o.a.weaver.tools.WeavingAdaptor - 14:10:35.746 main > o.a.w.t.WeavingAdaptor.weaveClass o.a.w.l.ClassLoaderWeavingAdaptor@140e5a13 org/junit/platform/engine/support/hierarchical/ThrowableCollector$Factory, byte[373]
14:10:35.747 [main] DEBUG org.aspectj.weaver.bcel.BcelWeaver - 14:10:35.747 main > o.a.w.b.BcelWeaver.weave o.a.w.b.BcelWeaver@48524010 o.a.w.t.WeavingAdaptor$WeavingClassFileProvider@5115f590
14:10:35.747 [main] DEBUG org.aspectj.weaver.bcel.BcelWeaver - 14:10:35.747 main > o.a.w.b.BcelWeaver.weaveAndNotify o.a.w.b.BcelWeaver@48524010 o.a.w.b.UnwovenClassFile@4b31a708, o.a.w.b.BcelObjectType@11e355ca, o.a.w.t.WeavingAdaptor$WeavingClassFileProvider$1@70d63e05
14:10:35.747 [main] DEBUG org.aspectj.weaver.bcel.BcelWeaver - 14:10:35.747 main < o.a.w.b.BcelWeaver.weaveAndNotify
14:10:35.747 [main] DEBUG org.aspectj.weaver.bcel.BcelWeaver - 14:10:35.747 main < o.a.w.b.BcelWeaver.weave java.util.ArrayList(1)
14:10:35.747 [main] DEBUG o.a.weaver.tools.WeavingAdaptor - 14:10:35.747 main < o.a.w.t.WeavingAdaptor.weaveClass byte[373]
14:10:35.747 [main] DEBUG org.aspectj.weaver.Dump - 14:10:35.747 main > o.a.w.Dump.dumpOnExit o.a.w.t.WeavingAdaptor$WeavingAdaptorMessageHolder@6a6afff2
14:10:35.747 [main] DEBUG org.aspectj.weaver.Dump - 14:10:35.747 main > o.a.w.Dump.shouldDumpOnExit o.a.w.t.WeavingAdaptor$WeavingAdaptorMessageHolder@6a6afff2
14:10:35.747 [main] DEBUG org.aspectj.weaver.Dump - 14:10:35.747 main - o.a.w.Dump.shouldDumpOnExit abort
14:10:35.747 [main] DEBUG org.aspectj.weaver.Dump - 14:10:35.747 main < o.a.w.Dump.shouldDumpOnExit false
14:10:35.747 [main] DEBUG org.aspectj.weaver.Dump - 14:10:35.747 main < o.a.w.Dump.dumpOnExit Excluded
14:10:35.747 [main] DEBUG org.aspectj.weaver.loadtime.Aj - 14:10:35.747 main < o.a.w.l.Aj.preProcess byte[373]
14:10:35.749 [main] DEBUG org.aspectj.weaver.loadtime.Aj - 14:10:35.749 main > o.a.w.l.Aj.preProcess o.a.w.l.Aj@b9afc07 org/junit/platform/engine/support/hierarchical/ThrowableCollector, byte[3326], j.i.l.ClassLoaders$AppClassLoader@3cd1a2f1
14:10:35.749 [main] DEBUG org.aspectj.weaver.loadtime.Aj - 14:10:35.749 main - o.a.w.l.Aj.preProcess o.a.w.l.Aj@b9afc07 j.i.l.ClassLoaders$PlatformClassLoader@1ad282e0, j.i.l.ClassLoaders$AppClassLoader@3cd1a2f1
14:10:35.749 [main] DEBUG o.a.weaver.tools.WeavingAdaptor - 14:10:35.749 main > o.a.w.t.WeavingAdaptor.weaveClass o.a.w.l.ClassLoaderWeavingAdaptor@140e5a13 org/junit/platform/engine/support/hierarchical/ThrowableCollector, byte[3326]
14:10:35.749 [main] DEBUG org.aspectj.weaver.bcel.BcelWeaver - 14:10:35.749 main > o.a.w.b.BcelWeaver.weave o.a.w.b.BcelWeaver@48524010 o.a.w.t.WeavingAdaptor$WeavingClassFileProvider@38830ea
14:10:35.750 [main] DEBUG org.aspectj.weaver.bcel.BcelWeaver - 14:10:35.749 main > o.a.w.b.BcelWeaver.weaveAndNotify o.a.w.b.BcelWeaver@48524010 o.a.w.b.UnwovenClassFile@3b705be7, o.a.w.b.BcelObjectType@3a790e40, o.a.w.t.WeavingAdaptor$WeavingClassFileProvider$1@43acd79e
14:10:35.752 [main] DEBUG org.aspectj.weaver.bcel.BcelWorld - 14:10:35.751 main - o.a.w.b.BcelWorld.lookupJavaClass o.a.w.l.LTWWorld@2b4a2ec7 org.junit.platform.engine.support.hierarchical.ThrowableCollector$Executable, o.a.a.b.c.JavaClass@6fbb4061
14:10:35.752 [main] DEBUG org.aspectj.weaver.bcel.BcelWeaver - 14:10:35.752 main < o.a.w.b.BcelWeaver.weaveAndNotify
14:10:35.752 [main] DEBUG org.aspectj.weaver.bcel.BcelWeaver - 14:10:35.752 main < o.a.w.b.BcelWeaver.weave java.util.ArrayList(1)
14:10:35.752 [main] DEBUG o.a.weaver.tools.WeavingAdaptor - 14:10:35.752 main < o.a.w.t.WeavingAdaptor.weaveClass byte[3326]
14:10:35.752 [main] DEBUG org.aspectj.weaver.Dump - 14:10:35.752 main > o.a.w.Dump.dumpOnExit o.a.w.t.WeavingAdaptor$WeavingAdaptorMessageHolder@6a6afff2
14:10:35.752 [main] DEBUG org.aspectj.weaver.Dump - 14:10:35.752 main > o.a.w.Dump.shouldDumpOnExit o.a.w.t.WeavingAdaptor$WeavingAdaptorMessageHolder@6a6afff2
14:10:35.752 [main] DEBUG org.aspectj.weaver.Dump - 14:10:35.752 main - o.a.w.Dump.shouldDumpOnExit abort
14:10:35.752 [main] DEBUG org.aspectj.weaver.Dump - 14:10:35.752 main < o.a.w.Dump.shouldDumpOnExit false
14:10:35.752 [main] DEBUG org.aspectj.weaver.Dump - 14:10:35.752 main < o.a.w.Dump.dumpOnExit Excluded
14:10:35.752 [main] DEBUG org.aspectj.weaver.loadtime.Aj - 14:10:35.752 main < o.a.w.l.Aj.preProcess byte[3326]
14:10:35.754 [main] DEBUG org.aspectj.weaver.loadtime.Aj - 14:10:35.754 main > o.a.w.l.Aj.preProcess o.a.w.l.Aj@b9afc07 org/junit/jupiter/engine/support/JupiterThrowableCollectorFactory, byte[872], j.i.l.ClassLoaders$AppClassLoader@3cd1a2f1
14:10:35.754 [main] DEBUG org.aspectj.weaver.loadtime.Aj - 14:10:35.754 main - o.a.w.l.Aj.preProcess o.a.w.l.Aj@b9afc07 j.i.l.ClassLoaders$PlatformClassLoader@1ad282e0, j.i.l.ClassLoaders$AppClassLoader@3cd1a2f1
14:10:35.754 [main] DEBUG o.a.weaver.tools.WeavingAdaptor - 14:10:35.754 main > o.a.w.t.WeavingAdaptor.weaveClass o.a.w.l.ClassLoaderWeavingAdaptor@140e5a13 org/junit/jupiter/engine/support/JupiterThrowableCollectorFactory, byte[872]
14:10:35.754 [main] DEBUG org.aspectj.weaver.bcel.BcelWeaver - 14:10:35.754 main > o.a.w.b.BcelWeaver.weave o.a.w.b.BcelWeaver@48524010 o.a.w.t.WeavingAdaptor$WeavingClassFileProvider@23a918c7
14:10:35.754 [main] DEBUG org.aspectj.weaver.bcel.BcelWeaver - 14:10:35.754 main > o.a.w.b.BcelWeaver.weaveAndNotify o.a.w.b.BcelWeaver@48524010 o.a.w.b.UnwovenClassFile@7a45d714, o.a.w.b.BcelObjectType@4483d35, o.a.w.t.WeavingAdaptor$WeavingClassFileProvider$1@204abeff
14:10:35.755 [main] DEBUG org.aspectj.weaver.bcel.BcelWeaver - 14:10:35.755 main < o.a.w.b.BcelWeaver.weaveAndNotify
14:10:35.755 [main] DEBUG org.aspectj.weaver.bcel.BcelWeaver - 14:10:35.755 main < o.a.w.b.BcelWeaver.weave java.util.ArrayList(1)
14:10:35.755 [main] DEBUG o.a.weaver.tools.WeavingAdaptor - 14:10:35.755 main < o.a.w.t.WeavingAdaptor.weaveClass byte[872]
14:10:35.755 [main] DEBUG org.aspectj.weaver.Dump - 14:10:35.755 main > o.a.w.Dump.dumpOnExit o.a.w.t.WeavingAdaptor$WeavingAdaptorMessageHolder@6a6afff2
14:10:35.755 [main] DEBUG org.aspectj.weaver.Dump - 14:10:35.755 main > o.a.w.Dump.shouldDumpOnExit o.a.w.t.WeavingAdaptor$WeavingAdaptorMessageHolder@6a6afff2
14:10:35.755 [main] DEBUG org.aspectj.weaver.Dump - 14:10:35.755 main - o.a.w.Dump.shouldDumpOnExit abort
14:10:35.755 [main] DEBUG org.aspectj.weaver.Dump - 14:10:35.755 main < o.a.w.Dump.shouldDumpOnExit false
14:10:35.755 [main] DEBUG org.aspectj.weaver.Dump - 14:10:35.755 main < o.a.w.Dump.dumpOnExit Excluded
14:10:35.755 [main] DEBUG org.aspectj.weaver.loadtime.Aj - 14:10:35.755 main < o.a.w.l.Aj.preProcess byte[872]
14:10:35.757 [main] DEBUG org.aspectj.weaver.loadtime.Aj - 14:10:35.757 main > o.a.w.l.Aj.preProcess o.a.w.l.Aj@b9afc07 org/junit/jupiter/engine/support/OpenTest4JAndJUnit4AwareThrowableCollector, byte[3983], j.i.l.ClassLoaders$AppClassLoader@3cd1a2f1
14:10:35.757 [main] DEBUG org.aspectj.weaver.loadtime.Aj - 14:10:35.757 main - o.a.w.l.Aj.preProcess o.a.w.l.Aj@b9afc07 j.i.l.ClassLoaders$PlatformClassLoader@1ad282e0, j.i.l.ClassLoaders$AppClassLoader@3cd1a2f1
14:10:35.757 [main] DEBUG o.a.weaver.tools.WeavingAdaptor - 14:10:35.757 main > o.a.w.t.WeavingAdaptor.weaveClass o.a.w.l.ClassLoaderWeavingAdaptor@140e5a13 org/junit/jupiter/engine/support/OpenTest4JAndJUnit4AwareThrowableCollector, byte[3983]
14:10:35.757 [main] DEBUG org.aspectj.weaver.bcel.BcelWeaver - 14:10:35.757 main > o.a.w.b.BcelWeaver.weave o.a.w.b.BcelWeaver@48524010 o.a.w.t.WeavingAdaptor$WeavingClassFileProvider@3762c4fc
14:10:35.758 [main] DEBUG org.aspectj.weaver.bcel.BcelWeaver - 14:10:35.757 main > o.a.w.b.BcelWeaver.weaveAndNotify o.a.w.b.BcelWeaver@48524010 o.a.w.b.UnwovenClassFile@77ab22be, o.a.w.b.BcelObjectType@59fbb34, o.a.w.t.WeavingAdaptor$WeavingClassFileProvider$1@1b6924cb
14:10:35.759 [main] DEBUG org.aspectj.weaver.bcel.BcelWeaver - 14:10:35.759 main < o.a.w.b.BcelWeaver.weaveAndNotify
14:10:35.759 [main] DEBUG org.aspectj.weaver.bcel.BcelWeaver - 14:10:35.759 main < o.a.w.b.BcelWeaver.weave java.util.ArrayList(1)
14:10:35.759 [main] DEBUG o.a.weaver.tools.WeavingAdaptor - 14:10:35.759 main < o.a.w.t.WeavingAdaptor.weaveClass byte[3983]
14:10:35.759 [main] DEBUG org.aspectj.weaver.Dump - 14:10:35.759 main > o.a.w.Dump.dumpOnExit o.a.w.t.WeavingAdaptor$WeavingAdaptorMessageHolder@6a6afff2
14:10:35.759 [main] DEBUG org.aspectj.weaver.Dump - 14:10:35.759 main > o.a.w.Dump.shouldDumpOnExit o.a.w.t.WeavingAdaptor$WeavingAdaptorMessageHolder@6a6afff2
14:10:35.759 [main] DEBUG org.aspectj.weaver.Dump - 14:10:35.759 main - o.a.w.Dump.shouldDumpOnExit abort
14:10:35.759 [main] DEBUG org.aspectj.weaver.Dump - 14:10:35.759 main < o.a.w.Dump.shouldDumpOnExit false
14:10:35.759 [main] DEBUG org.aspectj.weaver.Dump - 14:10:35.759 main < o.a.w.Dump.dumpOnExit Excluded
14:10:35.759 [main] DEBUG org.aspectj.weaver.loadtime.Aj - 14:10:35.759 main < o.a.w.l.Aj.preProcess byte[3983]
14:10:35.769 [main] DEBUG org.aspectj.weaver.loadtime.Aj - 14:10:35.769 main > o.a.w.l.Aj.preProcess o.a.w.l.Aj@b9afc07 org/junit/platform/engine/support/hierarchical/HierarchicalTestExecutor, byte[4077], j.i.l.ClassLoaders$AppClassLoader@3cd1a2f1
14:10:35.769 [main] DEBUG org.aspectj.weaver.loadtime.Aj - 14:10:35.769 main - o.a.w.l.Aj.preProcess o.a.w.l.Aj@b9afc07 j.i.l.ClassLoaders$PlatformClassLoader@1ad282e0, j.i.l.ClassLoaders$AppClassLoader@3cd1a2f1
14:10:35.769 [main] DEBUG o.a.weaver.tools.WeavingAdaptor - 14:10:35.769 main > o.a.w.t.WeavingAdaptor.weaveClass o.a.w.l.ClassLoaderWeavingAdaptor@140e5a13 org/junit/platform/engine/support/hierarchical/HierarchicalTestExecutor, byte[4077]
14:10:35.770 [main] DEBUG org.aspectj.weaver.bcel.BcelWeaver - 14:10:35.770 main > o.a.w.b.BcelWeaver.weave o.a.w.b.BcelWeaver@48524010 o.a.w.t.WeavingAdaptor$WeavingClassFileProvider@135a8c6f
14:10:35.770 [main] DEBUG org.aspectj.weaver.bcel.BcelWeaver - 14:10:35.770 main > o.a.w.b.BcelWeaver.weaveAndNotify o.a.w.b.BcelWeaver@48524010 o.a.w.b.UnwovenClassFile@6419a0e1, o.a.w.b.BcelObjectType@280d4882, o.a.w.t.WeavingAdaptor$WeavingClassFileProvider$1@44af588b
14:10:35.772 [main] DEBUG org.aspectj.weaver.bcel.BcelWeaver - 14:10:35.772 main < o.a.w.b.BcelWeaver.weaveAndNotify
14:10:35.772 [main] DEBUG org.aspectj.weaver.bcel.BcelWeaver - 14:10:35.772 main < o.a.w.b.BcelWeaver.weave java.util.ArrayList(1)
14:10:35.772 [main] DEBUG o.a.weaver.tools.WeavingAdaptor - 14:10:35.772 main < o.a.w.t.WeavingAdaptor.weaveClass byte[4077]
14:10:35.772 [main] DEBUG org.aspectj.weaver.Dump - 14:10:35.772 main > o.a.w.Dump.dumpOnExit o.a.w.t.WeavingAdaptor$WeavingAdaptorMessageHolder@6a6afff2
14:10:35.772 [main] DEBUG org.aspectj.weaver.Dump - 14:10:35.772 main > o.a.w.Dump.shouldDumpOnExit o.a.w.t.WeavingAdaptor$WeavingAdaptorMessageHolder@6a6afff2
14:10:35.772 [main] DEBUG org.aspectj.weaver.Dump - 14:10:35.772 main - o.a.w.Dump.shouldDumpOnExit abort
14:10:35.772 [main] DEBUG org.aspectj.weaver.Dump - 14:10:35.772 main < o.a.w.Dump.shouldDumpOnExit false
14:10:35.772 [main] DEBUG org.aspectj.weaver.Dump - 14:10:35.772 main < o.a.w.Dump.dumpOnExit Excluded
14:10:35.772 [main] DEBUG org.aspectj.weaver.loadtime.Aj - 14:10:35.772 main < o.a.w.l.Aj.preProcess byte[4077]
14:10:35.781 [main] DEBUG org.aspectj.weaver.loadtime.Aj - 14:10:35.781 main > o.a.w.l.Aj.preProcess o.a.w.l.Aj@b9afc07 org/junit/platform/engine/support/hierarchical/HierarchicalTestExecutorService$TestTask, byte[692], j.i.l.ClassLoaders$AppClassLoader@3cd1a2f1
14:10:35.782 [main] DEBUG org.aspectj.weaver.loadtime.Aj - 14:10:35.781 main - o.a.w.l.Aj.preProcess o.a.w.l.Aj@b9afc07 j.i.l.ClassLoaders$PlatformClassLoader@1ad282e0, j.i.l.ClassLoaders$AppClassLoader@3cd1a2f1
14:10:35.782 [main] DEBUG o.a.weaver.tools.WeavingAdaptor - 14:10:35.782 main > o.a.w.t.WeavingAdaptor.weaveClass o.a.w.l.ClassLoaderWeavingAdaptor@140e5a13 org/junit/platform/engine/support/hierarchical/HierarchicalTestExecutorService$TestTask, byte[692]
14:10:35.782 [main] DEBUG org.aspectj.weaver.bcel.BcelWeaver - 14:10:35.782 main > o.a.w.b.BcelWeaver.weave o.a.w.b.BcelWeaver@48524010 o.a.w.t.WeavingAdaptor$WeavingClassFileProvider@42aae04d
14:10:35.782 [main] DEBUG org.aspectj.weaver.bcel.BcelWeaver - 14:10:35.782 main > o.a.w.b.BcelWeaver.weaveAndNotify o.a.w.b.BcelWeaver@48524010 o.a.w.b.UnwovenClassFile@43bf5397, o.a.w.b.BcelObjectType@575e572f, o.a.w.t.WeavingAdaptor$WeavingClassFileProvider$1@58015e56
14:10:35.782 [main] DEBUG org.aspectj.weaver.bcel.BcelWeaver - 14:10:35.782 main < o.a.w.b.BcelWeaver.weaveAndNotify
14:10:35.782 [main] DEBUG org.aspectj.weaver.bcel.BcelWeaver - 14:10:35.782 main < o.a.w.b.BcelWeaver.weave java.util.ArrayList(1)
14:10:35.782 [main] DEBUG o.a.weaver.tools.WeavingAdaptor - 14:10:35.782 main < o.a.w.t.WeavingAdaptor.weaveClass byte[692]
14:10:35.783 [main] DEBUG org.aspectj.weaver.Dump - 14:10:35.782 main > o.a.w.Dump.dumpOnExit o.a.w.t.WeavingAdaptor$WeavingAdaptorMessageHolder@6a6afff2
14:10:35.783 [main] DEBUG org.aspectj.weaver.Dump - 14:10:35.783 main > o.a.w.Dump.shouldDumpOnExit o.a.w.t.WeavingAdaptor$WeavingAdaptorMessageHolder@6a6afff2
14:10:35.783 [main] DEBUG org.aspectj.weaver.Dump - 14:10:35.783 main - o.a.w.Dump.shouldDumpOnExit abort
14:10:35.783 [main] DEBUG org.aspectj.weaver.Dump - 14:10:35.783 main < o.a.w.Dump.shouldDumpOnExit false
14:10:35.783 [main] DEBUG org.aspectj.weaver.Dump - 14:10:35.783 main < o.a.w.Dump.dumpOnExit Excluded
14:10:35.783 [main] DEBUG org.aspectj.weaver.loadtime.Aj - 14:10:35.783 main < o.a.w.l.Aj.preProcess byte[692]
14:10:35.785 [main] DEBUG org.aspectj.weaver.loadtime.Aj - 14:10:35.785 main > o.a.w.l.Aj.preProcess o.a.w.l.Aj@b9afc07 org/junit/platform/engine/support/hierarchical/NodeTreeWalker, byte[8737], j.i.l.ClassLoaders$AppClassLoader@3cd1a2f1
14:10:35.785 [main] DEBUG org.aspectj.weaver.loadtime.Aj - 14:10:35.785 main - o.a.w.l.Aj.preProcess o.a.w.l.Aj@b9afc07 j.i.l.ClassLoaders$PlatformClassLoader@1ad282e0, j.i.l.ClassLoaders$AppClassLoader@3cd1a2f1
14:10:35.785 [main] DEBUG o.a.weaver.tools.WeavingAdaptor - 14:10:35.785 main > o.a.w.t.WeavingAdaptor.weaveClass o.a.w.l.ClassLoaderWeavingAdaptor@140e5a13 org/junit/platform/engine/support/hierarchical/NodeTreeWalker, byte[8737]
14:10:35.786 [main] DEBUG org.aspectj.weaver.bcel.BcelWeaver - 14:10:35.786 main > o.a.w.b.BcelWeaver.weave o.a.w.b.BcelWeaver@48524010 o.a.w.t.WeavingAdaptor$WeavingClassFileProvider@3456558
14:10:35.786 [main] DEBUG org.aspectj.weaver.bcel.BcelWeaver - 14:10:35.786 main > o.a.w.b.BcelWeaver.weaveAndNotify o.a.w.b.BcelWeaver@48524010 o.a.w.b.UnwovenClassFile@2dfb885e, o.a.w.b.BcelObjectType@6cbe7d4d, o.a.w.t.WeavingAdaptor$WeavingClassFileProvider$1@1e3e1014
14:10:35.788 [main] DEBUG org.aspectj.weaver.bcel.BcelWorld - 14:10:35.788 main - o.a.w.b.BcelWorld.lookupJavaClass o.a.w.l.LTWWorld@2b4a2ec7 org.junit.platform.engine.support.hierarchical.NodeExecutionAdvisor, o.a.a.b.c.JavaClass@4ee25d80
14:10:35.789 [main] DEBUG org.aspectj.weaver.bcel.BcelWorld - 14:10:35.789 main - o.a.w.b.BcelWorld.lookupJavaClass o.a.w.l.LTWWorld@2b4a2ec7 java.util.function.Consumer, o.a.a.b.c.JavaClass@58e85c6f
14:10:35.789 [main] DEBUG org.aspectj.weaver.bcel.BcelWorld - 14:10:35.789 main - o.a.w.b.BcelWorld.lookupJavaClass o.a.w.l.LTWWorld@2b4a2ec7 org.junit.platform.engine.support.hierarchical.ExclusiveResource, o.a.a.b.c.JavaClass@65e21ce3
14:10:35.789 [main] DEBUG org.aspectj.weaver.bcel.BcelWeaver - 14:10:35.789 main < o.a.w.b.BcelWeaver.weaveAndNotify
14:10:35.789 [main] DEBUG org.aspectj.weaver.bcel.BcelWeaver - 14:10:35.789 main < o.a.w.b.BcelWeaver.weave java.util.ArrayList(1)
14:10:35.789 [main] DEBUG o.a.weaver.tools.WeavingAdaptor - 14:10:35.789 main < o.a.w.t.WeavingAdaptor.weaveClass byte[8737]
14:10:35.789 [main] DEBUG org.aspectj.weaver.Dump - 14:10:35.789 main > o.a.w.Dump.dumpOnExit o.a.w.t.WeavingAdaptor$WeavingAdaptorMessageHolder@6a6afff2
14:10:35.789 [main] DEBUG org.aspectj.weaver.Dump - 14:10:35.789 main > o.a.w.Dump.shouldDumpOnExit o.a.w.t.WeavingAdaptor$WeavingAdaptorMessageHolder@6a6afff2
14:10:35.789 [main] DEBUG org.aspectj.weaver.Dump - 14:10:35.789 main - o.a.w.Dump.shouldDumpOnExit abort
14:10:35.789 [main] DEBUG org.aspectj.weaver.Dump - 14:10:35.789 main < o.a.w.Dump.shouldDumpOnExit false
14:10:35.789 [main] DEBUG org.aspectj.weaver.Dump - 14:10:35.789 main < o.a.w.Dump.dumpOnExit Excluded
14:10:35.789 [main] DEBUG org.aspectj.weaver.loadtime.Aj - 14:10:35.789 main < o.a.w.l.Aj.preProcess byte[8737]
14:10:35.792 [main] DEBUG org.aspectj.weaver.loadtime.Aj - 14:10:35.792 main > o.a.w.l.Aj.preProcess o.a.w.l.Aj@b9afc07 org/junit/platform/engine/support/hierarchical/LockManager, byte[7445], j.i.l.ClassLoaders$AppClassLoader@3cd1a2f1
14:10:35.793 [main] DEBUG org.aspectj.weaver.loadtime.Aj - 14:10:35.792 main - o.a.w.l.Aj.preProcess o.a.w.l.Aj@b9afc07 j.i.l.ClassLoaders$PlatformClassLoader@1ad282e0, j.i.l.ClassLoaders$AppClassLoader@3cd1a2f1
14:10:35.793 [main] DEBUG o.a.weaver.tools.WeavingAdaptor - 14:10:35.793 main > o.a.w.t.WeavingAdaptor.weaveClass o.a.w.l.ClassLoaderWeavingAdaptor@140e5a13 org/junit/platform/engine/support/hierarchical/LockManager, byte[7445]
14:10:35.793 [main] DEBUG org.aspectj.weaver.bcel.BcelWeaver - 14:10:35.793 main > o.a.w.b.BcelWeaver.weave o.a.w.b.BcelWeaver@48524010 o.a.w.t.WeavingAdaptor$WeavingClassFileProvider@633cc6b5
14:10:35.793 [main] DEBUG org.aspectj.weaver.bcel.BcelWeaver - 14:10:35.793 main > o.a.w.b.BcelWeaver.weaveAndNotify o.a.w.b.BcelWeaver@48524010 o.a.w.b.UnwovenClassFile@6342ff7f, o.a.w.b.BcelObjectType@403c3a01, o.a.w.t.WeavingAdaptor$WeavingClassFileProvider$1@2daf06fc
14:10:35.811 [main] DEBUG org.aspectj.weaver.bcel.BcelWorld - 14:10:35.811 main - o.a.w.b.BcelWorld.lookupJavaClass o.a.w.l.LTWWorld@2b4a2ec7 org.junit.platform.engine.support.hierarchical.ResourceLock, o.a.a.b.c.JavaClass@28ee7bee
14:10:35.813 [main] DEBUG org.aspectj.weaver.bcel.BcelWorld - 14:10:35.813 main - o.a.w.b.BcelWorld.lookupJavaClass o.a.w.l.LTWWorld@2b4a2ec7 java.util.concurrent.locks.Lock, o.a.a.b.c.JavaClass@1b5a1d85
14:10:35.813 [main] DEBUG org.aspectj.weaver.bcel.BcelWorld - 14:10:35.813 main - o.a.w.b.BcelWorld.lookupJavaClass o.a.w.l.LTWWorld@2b4a2ec7 java.util.concurrent.locks.ReadWriteLock, o.a.a.b.c.JavaClass@31e130bf
14:10:35.814 [main] DEBUG org.aspectj.weaver.bcel.BcelWeaver - 14:10:35.814 main < o.a.w.b.BcelWeaver.weaveAndNotify
14:10:35.814 [main] DEBUG org.aspectj.weaver.bcel.BcelWeaver - 14:10:35.814 main < o.a.w.b.BcelWeaver.weave java.util.ArrayList(1)
14:10:35.814 [main] DEBUG o.a.weaver.tools.WeavingAdaptor - 14:10:35.814 main < o.a.w.t.WeavingAdaptor.weaveClass byte[7445]
14:10:35.814 [main] DEBUG org.aspectj.weaver.Dump - 14:10:35.814 main > o.a.w.Dump.dumpOnExit o.a.w.t.WeavingAdaptor$WeavingAdaptorMessageHolder@6a6afff2
14:10:35.814 [main] DEBUG org.aspectj.weaver.Dump - 14:10:35.814 main > o.a.w.Dump.shouldDumpOnExit o.a.w.t.WeavingAdaptor$WeavingAdaptorMessageHolder@6a6afff2
14:10:35.814 [main] DEBUG org.aspectj.weaver.Dump - 14:10:35.814 main - o.a.w.Dump.shouldDumpOnExit abort
14:10:35.814 [main] DEBUG org.aspectj.weaver.Dump - 14:10:35.814 main < o.a.w.Dump.shouldDumpOnExit false
14:10:35.814 [main] DEBUG org.aspectj.weaver.Dump - 14:10:35.814 main < o.a.w.Dump.dumpOnExit Excluded
14:10:35.814 [main] DEBUG org.aspectj.weaver.loadtime.Aj - 14:10:35.814 main < o.a.w.l.Aj.preProcess byte[7445]
14:10:35.816 [main] DEBUG org.aspectj.weaver.loadtime.Aj - 14:10:35.816 main > o.a.w.l.Aj.preProcess o.a.w.l.Aj@b9afc07 org/junit/platform/engine/support/hierarchical/ResourceLock, byte[810], j.i.l.ClassLoaders$AppClassLoader@3cd1a2f1
14:10:35.816 [main] DEBUG org.aspectj.weaver.loadtime.Aj - 14:10:35.816 main - o.a.w.l.Aj.preProcess o.a.w.l.Aj@b9afc07 j.i.l.ClassLoaders$PlatformClassLoader@1ad282e0, j.i.l.ClassLoaders$AppClassLoader@3cd1a2f1
14:10:35.817 [main] DEBUG o.a.weaver.tools.WeavingAdaptor - 14:10:35.816 main > o.a.w.t.WeavingAdaptor.weaveClass o.a.w.l.ClassLoaderWeavingAdaptor@140e5a13 org/junit/platform/engine/support/hierarchical/ResourceLock, byte[810]
14:10:35.817 [main] DEBUG org.aspectj.weaver.bcel.BcelWeaver - 14:10:35.817 main > o.a.w.b.BcelWeaver.weave o.a.w.b.BcelWeaver@48524010 o.a.w.t.WeavingAdaptor$WeavingClassFileProvider@2db4ad1
14:10:35.817 [main] DEBUG org.aspectj.weaver.bcel.BcelWeaver - 14:10:35.817 main > o.a.w.b.BcelWeaver.weaveAndNotify o.a.w.b.BcelWeaver@48524010 o.a.w.b.UnwovenClassFile@765d55d5, o.a.w.b.BcelObjectType@2513a118, o.a.w.t.WeavingAdaptor$WeavingClassFileProvider$1@2bfb583b
14:10:35.819 [main] DEBUG org.aspectj.weaver.bcel.BcelWeaver - 14:10:35.819 main < o.a.w.b.BcelWeaver.weaveAndNotify
14:10:35.820 [main] DEBUG org.aspectj.weaver.bcel.BcelWeaver - 14:10:35.820 main < o.a.w.b.BcelWeaver.weave java.util.ArrayList(1)
14:10:35.820 [main] DEBUG o.a.weaver.tools.WeavingAdaptor - 14:10:35.820 main < o.a.w.t.WeavingAdaptor.weaveClass byte[810]
14:10:35.820 [main] DEBUG org.aspectj.weaver.Dump - 14:10:35.820 main > o.a.w.Dump.dumpOnExit o.a.w.t.WeavingAdaptor$WeavingAdaptorMessageHolder@6a6afff2
14:10:35.820 [main] DEBUG org.aspectj.weaver.Dump - 14:10:35.820 main > o.a.w.Dump.shouldDumpOnExit o.a.w.t.WeavingAdaptor$WeavingAdaptorMessageHolder@6a6afff2
14:10:35.820 [main] DEBUG org.aspectj.weaver.Dump - 14:10:35.820 main - o.a.w.Dump.shouldDumpOnExit abort
14:10:35.820 [main] DEBUG org.aspectj.weaver.Dump - 14:10:35.820 main < o.a.w.Dump.shouldDumpOnExit false
14:10:35.820 [main] DEBUG org.aspectj.weaver.Dump - 14:10:35.820 main < o.a.w.Dump.dumpOnExit Excluded
14:10:35.820 [main] DEBUG org.aspectj.weaver.loadtime.Aj - 14:10:35.820 main < o.a.w.l.Aj.preProcess byte[810]
14:10:35.823 [main] DEBUG org.aspectj.weaver.loadtime.Aj - 14:10:35.823 main > o.a.w.l.Aj.preProcess o.a.w.l.Aj@b9afc07 org/junit/platform/engine/support/hierarchical/ExclusiveResource, byte[2804], j.i.l.ClassLoaders$AppClassLoader@3cd1a2f1
14:10:35.823 [main] DEBUG org.aspectj.weaver.loadtime.Aj - 14:10:35.823 main - o.a.w.l.Aj.preProcess o.a.w.l.Aj@b9afc07 j.i.l.ClassLoaders$PlatformClassLoader@1ad282e0, j.i.l.ClassLoaders$AppClassLoader@3cd1a2f1
14:10:35.823 [main] DEBUG o.a.weaver.tools.WeavingAdaptor - 14:10:35.823 main > o.a.w.t.WeavingAdaptor.weaveClass o.a.w.l.ClassLoaderWeavingAdaptor@140e5a13 org/junit/platform/engine/support/hierarchical/ExclusiveResource, byte[2804]
14:10:35.824 [main] DEBUG org.aspectj.weaver.bcel.BcelWeaver - 14:10:35.824 main > o.a.w.b.BcelWeaver.weave o.a.w.b.BcelWeaver@48524010 o.a.w.t.WeavingAdaptor$WeavingClassFileProvider@2629d5dc
14:10:35.824 [main] DEBUG org.aspectj.weaver.bcel.BcelWeaver - 14:10:35.824 main > o.a.w.b.BcelWeaver.weaveAndNotify o.a.w.b.BcelWeaver@48524010 o.a.w.b.UnwovenClassFile@2596d7f4, o.a.w.b.BcelObjectType@42a0501e, o.a.w.t.WeavingAdaptor$WeavingClassFileProvider$1@6aa3bfc
14:10:35.839 [main] DEBUG org.aspectj.weaver.bcel.BcelWorld - 14:10:35.839 main - o.a.w.b.BcelWorld.lookupJavaClass o.a.w.l.LTWWorld@2b4a2ec7 org.junit.platform.engine.support.hierarchical.ExclusiveResource$LockMode, o.a.a.b.c.JavaClass@6cff61fc
14:10:35.839 [main] DEBUG org.aspectj.weaver.bcel.BcelWeaver - 14:10:35.839 main < o.a.w.b.BcelWeaver.weaveAndNotify
14:10:35.840 [main] DEBUG org.aspectj.weaver.bcel.BcelWeaver - 14:10:35.839 main < o.a.w.b.BcelWeaver.weave java.util.ArrayList(1)
14:10:35.840 [main] DEBUG o.a.weaver.tools.WeavingAdaptor - 14:10:35.840 main < o.a.w.t.WeavingAdaptor.weaveClass byte[2804]
14:10:35.840 [main] DEBUG org.aspectj.weaver.Dump - 14:10:35.840 main > o.a.w.Dump.dumpOnExit o.a.w.t.WeavingAdaptor$WeavingAdaptorMessageHolder@6a6afff2
14:10:35.840 [main] DEBUG org.aspectj.weaver.Dump - 14:10:35.840 main > o.a.w.Dump.shouldDumpOnExit o.a.w.t.WeavingAdaptor$WeavingAdaptorMessageHolder@6a6afff2
14:10:35.840 [main] DEBUG org.aspectj.weaver.Dump - 14:10:35.840 main - o.a.w.Dump.shouldDumpOnExit abort
14:10:35.840 [main] DEBUG org.aspectj.weaver.Dump - 14:10:35.840 main < o.a.w.Dump.shouldDumpOnExit false
14:10:35.840 [main] DEBUG org.aspectj.weaver.Dump - 14:10:35.840 main < o.a.w.Dump.dumpOnExit Excluded
14:10:35.840 [main] DEBUG org.aspectj.weaver.loadtime.Aj - 14:10:35.840 main < o.a.w.l.Aj.preProcess byte[2804]
14:10:35.857 [main] DEBUG org.aspectj.weaver.loadtime.Aj - 14:10:35.857 main > o.a.w.l.Aj.preProcess o.a.w.l.Aj@b9afc07 org/junit/platform/engine/support/hierarchical/ExclusiveResource$LockMode, byte[1438], j.i.l.ClassLoaders$AppClassLoader@3cd1a2f1
14:10:35.857 [main] DEBUG org.aspectj.weaver.loadtime.Aj - 14:10:35.857 main - o.a.w.l.Aj.preProcess o.a.w.l.Aj@b9afc07 j.i.l.ClassLoaders$PlatformClassLoader@1ad282e0, j.i.l.ClassLoaders$AppClassLoader@3cd1a2f1
14:10:35.857 [main] DEBUG o.a.weaver.tools.WeavingAdaptor - 14:10:35.857 main > o.a.w.t.WeavingAdaptor.weaveClass o.a.w.l.ClassLoaderWeavingAdaptor@140e5a13 org/junit/platform/engine/support/hierarchical/ExclusiveResource$LockMode, byte[1438]
14:10:35.858 [main] DEBUG org.aspectj.weaver.bcel.BcelWeaver - 14:10:35.858 main > o.a.w.b.BcelWeaver.weave o.a.w.b.BcelWeaver@48524010 o.a.w.t.WeavingAdaptor$WeavingClassFileProvider@78a515e4
14:10:35.858 [main] DEBUG org.aspectj.weaver.bcel.BcelWeaver - 14:10:35.858 main > o.a.w.b.BcelWeaver.weaveAndNotify o.a.w.b.BcelWeaver@48524010 o.a.w.b.UnwovenClassFile@d2291de, o.a.w.b.BcelObjectType@51c8f62c, o.a.w.t.WeavingAdaptor$WeavingClassFileProvider$1@41a374be
14:10:35.859 [main] DEBUG org.aspectj.weaver.bcel.BcelWeaver - 14:10:35.859 main < o.a.w.b.BcelWeaver.weaveAndNotify
14:10:35.859 [main] DEBUG org.aspectj.weaver.bcel.BcelWeaver - 14:10:35.859 main < o.a.w.b.BcelWeaver.weave java.util.ArrayList(1)
14:10:35.859 [main] DEBUG o.a.weaver.tools.WeavingAdaptor - 14:10:35.859 main < o.a.w.t.WeavingAdaptor.weaveClass byte[1438]
14:10:35.859 [main] DEBUG org.aspectj.weaver.Dump - 14:10:35.859 main > o.a.w.Dump.dumpOnExit o.a.w.t.WeavingAdaptor$WeavingAdaptorMessageHolder@6a6afff2
14:10:35.859 [main] DEBUG org.aspectj.weaver.Dump - 14:10:35.859 main > o.a.w.Dump.shouldDumpOnExit o.a.w.t.WeavingAdaptor$WeavingAdaptorMessageHolder@6a6afff2
14:10:35.861 [main] DEBUG org.aspectj.weaver.Dump - 14:10:35.861 main - o.a.w.Dump.shouldDumpOnExit abort
14:10:35.861 [main] DEBUG org.aspectj.weaver.Dump - 14:10:35.861 main < o.a.w.Dump.shouldDumpOnExit false
14:10:35.861 [main] DEBUG org.aspectj.weaver.Dump - 14:10:35.861 main < o.a.w.Dump.dumpOnExit Excluded
14:10:35.861 [main] DEBUG org.aspectj.weaver.loadtime.Aj - 14:10:35.861 main < o.a.w.l.Aj.preProcess byte[1438]
14:10:35.866 [main] DEBUG org.aspectj.weaver.loadtime.Aj - 14:10:35.865 main > o.a.w.l.Aj.preProcess o.a.w.l.Aj@b9afc07 org/junit/platform/engine/support/hierarchical/SingleLock, byte[1723], j.i.l.ClassLoaders$AppClassLoader@3cd1a2f1
14:10:35.866 [main] DEBUG org.aspectj.weaver.loadtime.Aj - 14:10:35.866 main - o.a.w.l.Aj.preProcess o.a.w.l.Aj@b9afc07 j.i.l.ClassLoaders$PlatformClassLoader@1ad282e0, j.i.l.ClassLoaders$AppClassLoader@3cd1a2f1
14:10:35.866 [main] DEBUG o.a.weaver.tools.WeavingAdaptor - 14:10:35.866 main > o.a.w.t.WeavingAdaptor.weaveClass o.a.w.l.ClassLoaderWeavingAdaptor@140e5a13 org/junit/platform/engine/support/hierarchical/SingleLock, byte[1723]
14:10:35.867 [main] DEBUG org.aspectj.weaver.bcel.BcelWeaver - 14:10:35.867 main > o.a.w.b.BcelWeaver.weave o.a.w.b.BcelWeaver@48524010 o.a.w.t.WeavingAdaptor$WeavingClassFileProvider@76b47204
14:10:35.869 [main] DEBUG org.aspectj.weaver.bcel.BcelWeaver - 14:10:35.867 main > o.a.w.b.BcelWeaver.weaveAndNotify o.a.w.b.BcelWeaver@48524010 o.a.w.b.UnwovenClassFile@4d6ccc97, o.a.w.b.BcelObjectType@6a12c7a8, o.a.w.t.WeavingAdaptor$WeavingClassFileProvider$1@161aa04a
14:10:35.870 [main] DEBUG org.aspectj.weaver.bcel.BcelWeaver - 14:10:35.870 main < o.a.w.b.BcelWeaver.weaveAndNotify
14:10:35.870 [main] DEBUG org.aspectj.weaver.bcel.BcelWeaver - 14:10:35.870 main < o.a.w.b.BcelWeaver.weave java.util.ArrayList(1)
14:10:35.870 [main] DEBUG o.a.weaver.tools.WeavingAdaptor - 14:10:35.870 main < o.a.w.t.WeavingAdaptor.weaveClass byte[1723]
14:10:35.870 [main] DEBUG org.aspectj.weaver.Dump - 14:10:35.870 main > o.a.w.Dump.dumpOnExit o.a.w.t.WeavingAdaptor$WeavingAdaptorMessageHolder@6a6afff2
14:10:35.870 [main] DEBUG org.aspectj.weaver.Dump - 14:10:35.870 main > o.a.w.Dump.shouldDumpOnExit o.a.w.t.WeavingAdaptor$WeavingAdaptorMessageHolder@6a6afff2
14:10:35.870 [main] DEBUG org.aspectj.weaver.Dump - 14:10:35.870 main - o.a.w.Dump.shouldDumpOnExit abort
14:10:35.870 [main] DEBUG org.aspectj.weaver.Dump - 14:10:35.870 main < o.a.w.Dump.shouldDumpOnExit false
14:10:35.870 [main] DEBUG org.aspectj.weaver.Dump - 14:10:35.870 main < o.a.w.Dump.dumpOnExit Excluded
14:10:35.870 [main] DEBUG org.aspectj.weaver.loadtime.Aj - 14:10:35.870 main < o.a.w.l.Aj.preProcess byte[1723]
14:10:35.890 [main] DEBUG org.aspectj.weaver.loadtime.Aj - 14:10:35.890 main > o.a.w.l.Aj.preProcess o.a.w.l.Aj@b9afc07 org/junit/platform/engine/support/hierarchical/NodeUtils, byte[1127], j.i.l.ClassLoaders$AppClassLoader@3cd1a2f1
14:10:35.891 [main] DEBUG org.aspectj.weaver.loadtime.Aj - 14:10:35.891 main - o.a.w.l.Aj.preProcess o.a.w.l.Aj@b9afc07 j.i.l.ClassLoaders$PlatformClassLoader@1ad282e0, j.i.l.ClassLoaders$AppClassLoader@3cd1a2f1
14:10:35.891 [main] DEBUG o.a.weaver.tools.WeavingAdaptor - 14:10:35.891 main > o.a.w.t.WeavingAdaptor.weaveClass o.a.w.l.ClassLoaderWeavingAdaptor@140e5a13 org/junit/platform/engine/support/hierarchical/NodeUtils, byte[1127]
14:10:35.891 [main] DEBUG org.aspectj.weaver.bcel.BcelWeaver - 14:10:35.891 main > o.a.w.b.BcelWeaver.weave o.a.w.b.BcelWeaver@48524010 o.a.w.t.WeavingAdaptor$WeavingClassFileProvider@7be1ce6a
14:10:35.891 [main] DEBUG org.aspectj.weaver.bcel.BcelWeaver - 14:10:35.891 main > o.a.w.b.BcelWeaver.weaveAndNotify o.a.w.b.BcelWeaver@48524010 o.a.w.b.UnwovenClassFile@3119cf6f, o.a.w.b.BcelObjectType@6dc9da2d, o.a.w.t.WeavingAdaptor$WeavingClassFileProvider$1@1d408060
14:10:35.892 [main] DEBUG org.aspectj.weaver.bcel.BcelWorld - 14:10:35.892 main - o.a.w.b.BcelWorld.lookupJavaClass o.a.w.l.LTWWorld@2b4a2ec7 org.junit.platform.engine.support.hierarchical.Node, o.a.a.b.c.JavaClass@6d025d1d
14:10:35.892 [main] DEBUG org.aspectj.weaver.bcel.BcelWeaver - 14:10:35.892 main < o.a.w.b.BcelWeaver.weaveAndNotify
14:10:35.892 [main] DEBUG org.aspectj.weaver.bcel.BcelWeaver - 14:10:35.892 main < o.a.w.b.BcelWeaver.weave java.util.ArrayList(1)
14:10:35.892 [main] DEBUG o.a.weaver.tools.WeavingAdaptor - 14:10:35.892 main < o.a.w.t.WeavingAdaptor.weaveClass byte[1127]
14:10:35.892 [main] DEBUG org.aspectj.weaver.Dump - 14:10:35.892 main > o.a.w.Dump.dumpOnExit o.a.w.t.WeavingAdaptor$WeavingAdaptorMessageHolder@6a6afff2
14:10:35.892 [main] DEBUG org.aspectj.weaver.Dump - 14:10:35.892 main > o.a.w.Dump.shouldDumpOnExit o.a.w.t.WeavingAdaptor$WeavingAdaptorMessageHolder@6a6afff2
14:10:35.892 [main] DEBUG org.aspectj.weaver.Dump - 14:10:35.892 main - o.a.w.Dump.shouldDumpOnExit abort
14:10:35.892 [main] DEBUG org.aspectj.weaver.Dump - 14:10:35.892 main < o.a.w.Dump.shouldDumpOnExit false
14:10:35.892 [main] DEBUG org.aspectj.weaver.Dump - 14:10:35.892 main < o.a.w.Dump.dumpOnExit Excluded
14:10:35.892 [main] DEBUG org.aspectj.weaver.loadtime.Aj - 14:10:35.892 main < o.a.w.l.Aj.preProcess byte[1127]
14:10:35.894 [main] DEBUG org.aspectj.weaver.loadtime.Aj - 14:10:35.894 main > o.a.w.l.Aj.preProcess o.a.w.l.Aj@b9afc07 org/junit/platform/engine/support/hierarchical/NodeUtils$1, byte[530], j.i.l.ClassLoaders$AppClassLoader@3cd1a2f1
14:10:35.894 [main] DEBUG org.aspectj.weaver.loadtime.Aj - 14:10:35.894 main - o.a.w.l.Aj.preProcess o.a.w.l.Aj@b9afc07 j.i.l.ClassLoaders$PlatformClassLoader@1ad282e0, j.i.l.ClassLoaders$AppClassLoader@3cd1a2f1
14:10:35.894 [main] DEBUG o.a.weaver.tools.WeavingAdaptor - 14:10:35.894 main > o.a.w.t.WeavingAdaptor.weaveClass o.a.w.l.ClassLoaderWeavingAdaptor@140e5a13 org/junit/platform/engine/support/hierarchical/NodeUtils$1, byte[530]
14:10:35.894 [main] DEBUG org.aspectj.weaver.bcel.BcelWeaver - 14:10:35.894 main > o.a.w.b.BcelWeaver.weave o.a.w.b.BcelWeaver@48524010 o.a.w.t.WeavingAdaptor$WeavingClassFileProvider@3c91530d
14:10:35.894 [main] DEBUG org.aspectj.weaver.bcel.BcelWeaver - 14:10:35.894 main > o.a.w.b.BcelWeaver.weaveAndNotify o.a.w.b.BcelWeaver@48524010 o.a.w.b.UnwovenClassFile@7d70638, o.a.w.b.BcelObjectType@732f6050, o.a.w.t.WeavingAdaptor$WeavingClassFileProvider$1@6fbc1bb
14:10:35.895 [main] DEBUG org.aspectj.weaver.bcel.BcelWeaver - 14:10:35.895 main < o.a.w.b.BcelWeaver.weaveAndNotify
14:10:35.895 [main] DEBUG org.aspectj.weaver.bcel.BcelWeaver - 14:10:35.895 main < o.a.w.b.BcelWeaver.weave java.util.ArrayList(1)
14:10:35.895 [main] DEBUG o.a.weaver.tools.WeavingAdaptor - 14:10:35.895 main < o.a.w.t.WeavingAdaptor.weaveClass byte[530]
14:10:35.895 [main] DEBUG org.aspectj.weaver.Dump - 14:10:35.895 main > o.a.w.Dump.dumpOnExit o.a.w.t.WeavingAdaptor$WeavingAdaptorMessageHolder@6a6afff2
14:10:35.895 [main] DEBUG org.aspectj.weaver.Dump - 14:10:35.895 main > o.a.w.Dump.shouldDumpOnExit o.a.w.t.WeavingAdaptor$WeavingAdaptorMessageHolder@6a6afff2
14:10:35.895 [main] DEBUG org.aspectj.weaver.Dump - 14:10:35.895 main - o.a.w.Dump.shouldDumpOnExit abort
14:10:35.895 [main] DEBUG org.aspectj.weaver.Dump - 14:10:35.895 main < o.a.w.Dump.shouldDumpOnExit false
14:10:35.895 [main] DEBUG org.aspectj.weaver.Dump - 14:10:35.895 main < o.a.w.Dump.dumpOnExit Excluded
14:10:35.895 [main] DEBUG org.aspectj.weaver.loadtime.Aj - 14:10:35.895 main < o.a.w.l.Aj.preProcess byte[530]
14:10:35.897 [main] DEBUG org.aspectj.weaver.loadtime.Aj - 14:10:35.897 main > o.a.w.l.Aj.preProcess o.a.w.l.Aj@b9afc07 org/junit/platform/engine/support/hierarchical/NodeExecutionAdvisor, byte[3570], j.i.l.ClassLoaders$AppClassLoader@3cd1a2f1
14:10:35.897 [main] DEBUG org.aspectj.weaver.loadtime.Aj - 14:10:35.897 main - o.a.w.l.Aj.preProcess o.a.w.l.Aj@b9afc07 j.i.l.ClassLoaders$PlatformClassLoader@1ad282e0, j.i.l.ClassLoaders$AppClassLoader@3cd1a2f1
14:10:35.897 [main] DEBUG o.a.weaver.tools.WeavingAdaptor - 14:10:35.897 main > o.a.w.t.WeavingAdaptor.weaveClass o.a.w.l.ClassLoaderWeavingAdaptor@140e5a13 org/junit/platform/engine/support/hierarchical/NodeExecutionAdvisor, byte[3570]
14:10:35.897 [main] DEBUG org.aspectj.weaver.bcel.BcelWeaver - 14:10:35.897 main > o.a.w.b.BcelWeaver.weave o.a.w.b.BcelWeaver@48524010 o.a.w.t.WeavingAdaptor$WeavingClassFileProvider@290e8cab
14:10:35.898 [main] DEBUG org.aspectj.weaver.bcel.BcelWeaver - 14:10:35.897 main > o.a.w.b.BcelWeaver.weaveAndNotify o.a.w.b.BcelWeaver@48524010 o.a.w.b.UnwovenClassFile@6e3ecf5c, o.a.w.b.BcelObjectType@67507df, o.a.w.t.WeavingAdaptor$WeavingClassFileProvider$1@341b13a8
14:10:35.898 [main] DEBUG org.aspectj.weaver.bcel.BcelWorld - 14:10:35.898 main - o.a.w.b.BcelWorld.lookupJavaClass o.a.w.l.LTWWorld@2b4a2ec7 org.junit.platform.engine.support.hierarchical.Node$ExecutionMode, o.a.a.b.c.JavaClass@70f822e
14:10:35.898 [main] DEBUG org.aspectj.weaver.bcel.BcelWeaver - 14:10:35.898 main < o.a.w.b.BcelWeaver.weaveAndNotify
14:10:35.898 [main] DEBUG org.aspectj.weaver.bcel.BcelWeaver - 14:10:35.898 main < o.a.w.b.BcelWeaver.weave java.util.ArrayList(1)
14:10:35.898 [main] DEBUG o.a.weaver.tools.WeavingAdaptor - 14:10:35.898 main < o.a.w.t.WeavingAdaptor.weaveClass byte[3570]
14:10:35.898 [main] DEBUG org.aspectj.weaver.Dump - 14:10:35.898 main > o.a.w.Dump.dumpOnExit o.a.w.t.WeavingAdaptor$WeavingAdaptorMessageHolder@6a6afff2
14:10:35.899 [main] DEBUG org.aspectj.weaver.Dump - 14:10:35.898 main > o.a.w.Dump.shouldDumpOnExit o.a.w.t.WeavingAdaptor$WeavingAdaptorMessageHolder@6a6afff2
14:10:35.899 [main] DEBUG org.aspectj.weaver.Dump - 14:10:35.899 main - o.a.w.Dump.shouldDumpOnExit abort
14:10:35.899 [main] DEBUG org.aspectj.weaver.Dump - 14:10:35.899 main < o.a.w.Dump.shouldDumpOnExit false
14:10:35.899 [main] DEBUG org.aspectj.weaver.Dump - 14:10:35.899 main < o.a.w.Dump.dumpOnExit Excluded
14:10:35.899 [main] DEBUG org.aspectj.weaver.loadtime.Aj - 14:10:35.899 main < o.a.w.l.Aj.preProcess byte[3570]
14:10:35.902 [main] DEBUG org.aspectj.weaver.loadtime.Aj - 14:10:35.902 main > o.a.w.l.Aj.preProcess o.a.w.l.Aj@b9afc07 org/junit/jupiter/api/parallel/ResourceLock, byte[975], j.i.l.ClassLoaders$AppClassLoader@3cd1a2f1
14:10:35.902 [main] DEBUG org.aspectj.weaver.loadtime.Aj - 14:10:35.902 main - o.a.w.l.Aj.preProcess o.a.w.l.Aj@b9afc07 j.i.l.ClassLoaders$PlatformClassLoader@1ad282e0, j.i.l.ClassLoaders$AppClassLoader@3cd1a2f1
14:10:35.902 [main] DEBUG o.a.weaver.tools.WeavingAdaptor - 14:10:35.902 main > o.a.w.t.WeavingAdaptor.weaveClass o.a.w.l.ClassLoaderWeavingAdaptor@140e5a13 org/junit/jupiter/api/parallel/ResourceLock, byte[975]
14:10:35.903 [main] DEBUG org.aspectj.weaver.bcel.BcelWeaver - 14:10:35.903 main > o.a.w.b.BcelWeaver.weave o.a.w.b.BcelWeaver@48524010 o.a.w.t.WeavingAdaptor$WeavingClassFileProvider@34332b8d
14:10:35.904 [main] DEBUG org.aspectj.weaver.bcel.BcelWeaver - 14:10:35.903 main > o.a.w.b.BcelWeaver.weaveAndNotify o.a.w.b.BcelWeaver@48524010 o.a.w.b.UnwovenClassFile@724b939e, o.a.w.b.BcelObjectType@6f8aba08, o.a.w.t.WeavingAdaptor$WeavingClassFileProvider$1@7ff19c33
14:10:35.904 [main] DEBUG org.aspectj.weaver.bcel.BcelWeaver - 14:10:35.904 main < o.a.w.b.BcelWeaver.weaveAndNotify
14:10:35.904 [main] DEBUG org.aspectj.weaver.bcel.BcelWeaver - 14:10:35.904 main < o.a.w.b.BcelWeaver.weave java.util.ArrayList(1)
14:10:35.904 [main] DEBUG o.a.weaver.tools.WeavingAdaptor - 14:10:35.904 main < o.a.w.t.WeavingAdaptor.weaveClass byte[975]
14:10:35.904 [main] DEBUG org.aspectj.weaver.Dump - 14:10:35.904 main > o.a.w.Dump.dumpOnExit o.a.w.t.WeavingAdaptor$WeavingAdaptorMessageHolder@6a6afff2
14:10:35.904 [main] DEBUG org.aspectj.weaver.Dump - 14:10:35.904 main > o.a.w.Dump.shouldDumpOnExit o.a.w.t.WeavingAdaptor$WeavingAdaptorMessageHolder@6a6afff2
14:10:35.904 [main] DEBUG org.aspectj.weaver.Dump - 14:10:35.904 main - o.a.w.Dump.shouldDumpOnExit abort
14:10:35.904 [main] DEBUG org.aspectj.weaver.Dump - 14:10:35.904 main < o.a.w.Dump.shouldDumpOnExit false
14:10:35.904 [main] DEBUG org.aspectj.weaver.Dump - 14:10:35.904 main < o.a.w.Dump.dumpOnExit Excluded
14:10:35.904 [main] DEBUG org.aspectj.weaver.loadtime.Aj - 14:10:35.904 main < o.a.w.l.Aj.preProcess byte[975]
14:10:35.907 [main] DEBUG org.aspectj.weaver.loadtime.Aj - 14:10:35.906 main > o.a.w.l.Aj.preProcess o.a.w.l.Aj@b9afc07 org/junit/jupiter/api/parallel/ResourceLocks, byte[742], j.i.l.ClassLoaders$AppClassLoader@3cd1a2f1
14:10:35.907 [main] DEBUG org.aspectj.weaver.loadtime.Aj - 14:10:35.907 main - o.a.w.l.Aj.preProcess o.a.w.l.Aj@b9afc07 j.i.l.ClassLoaders$PlatformClassLoader@1ad282e0, j.i.l.ClassLoaders$AppClassLoader@3cd1a2f1
14:10:35.907 [main] DEBUG o.a.weaver.tools.WeavingAdaptor - 14:10:35.907 main > o.a.w.t.WeavingAdaptor.weaveClass o.a.w.l.ClassLoaderWeavingAdaptor@140e5a13 org/junit/jupiter/api/parallel/ResourceLocks, byte[742]
14:10:35.907 [main] DEBUG org.aspectj.weaver.bcel.BcelWeaver - 14:10:35.907 main > o.a.w.b.BcelWeaver.weave o.a.w.b.BcelWeaver@48524010 o.a.w.t.WeavingAdaptor$WeavingClassFileProvider@35c9a231
14:10:35.907 [main] DEBUG org.aspectj.weaver.bcel.BcelWeaver - 14:10:35.907 main > o.a.w.b.BcelWeaver.weaveAndNotify o.a.w.b.BcelWeaver@48524010 o.a.w.b.UnwovenClassFile@7a4d582c, o.a.w.b.BcelObjectType@5626d18c, o.a.w.t.WeavingAdaptor$WeavingClassFileProvider$1@45e9b12d
14:10:35.907 [main] DEBUG org.aspectj.weaver.bcel.BcelWeaver - 14:10:35.907 main < o.a.w.b.BcelWeaver.weaveAndNotify
14:10:35.908 [main] DEBUG org.aspectj.weaver.bcel.BcelWeaver - 14:10:35.908 main < o.a.w.b.BcelWeaver.weave java.util.ArrayList(1)
14:10:35.908 [main] DEBUG o.a.weaver.tools.WeavingAdaptor - 14:10:35.908 main < o.a.w.t.WeavingAdaptor.weaveClass byte[742]
14:10:35.908 [main] DEBUG org.aspectj.weaver.Dump - 14:10:35.908 main > o.a.w.Dump.dumpOnExit o.a.w.t.WeavingAdaptor$WeavingAdaptorMessageHolder@6a6afff2
14:10:35.908 [main] DEBUG org.aspectj.weaver.Dump - 14:10:35.908 main > o.a.w.Dump.shouldDumpOnExit o.a.w.t.WeavingAdaptor$WeavingAdaptorMessageHolder@6a6afff2
14:10:35.908 [main] DEBUG org.aspectj.weaver.Dump - 14:10:35.908 main - o.a.w.Dump.shouldDumpOnExit abort
14:10:35.908 [main] DEBUG org.aspectj.weaver.Dump - 14:10:35.908 main < o.a.w.Dump.shouldDumpOnExit false
14:10:35.908 [main] DEBUG org.aspectj.weaver.Dump - 14:10:35.908 main < o.a.w.Dump.dumpOnExit Excluded
14:10:35.908 [main] DEBUG org.aspectj.weaver.loadtime.Aj - 14:10:35.908 main < o.a.w.l.Aj.preProcess byte[742]
14:10:35.915 [main] DEBUG org.aspectj.weaver.loadtime.Aj - 14:10:35.915 main > o.a.w.l.Aj.preProcess o.a.w.l.Aj@b9afc07 org/junit/platform/engine/support/hierarchical/NodeTestTaskContext, byte[2270], j.i.l.ClassLoaders$AppClassLoader@3cd1a2f1
14:10:35.915 [main] DEBUG org.aspectj.weaver.loadtime.Aj - 14:10:35.915 main - o.a.w.l.Aj.preProcess o.a.w.l.Aj@b9afc07 j.i.l.ClassLoaders$PlatformClassLoader@1ad282e0, j.i.l.ClassLoaders$AppClassLoader@3cd1a2f1
14:10:35.915 [main] DEBUG o.a.weaver.tools.WeavingAdaptor - 14:10:35.915 main > o.a.w.t.WeavingAdaptor.weaveClass o.a.w.l.ClassLoaderWeavingAdaptor@140e5a13 org/junit/platform/engine/support/hierarchical/NodeTestTaskContext, byte[2270]
14:10:35.915 [main] DEBUG org.aspectj.weaver.bcel.BcelWeaver - 14:10:35.915 main > o.a.w.b.BcelWeaver.weave o.a.w.b.BcelWeaver@48524010 o.a.w.t.WeavingAdaptor$WeavingClassFileProvider@29b40b3
14:10:35.916 [main] DEBUG org.aspectj.weaver.bcel.BcelWeaver - 14:10:35.915 main > o.a.w.b.BcelWeaver.weaveAndNotify o.a.w.b.BcelWeaver@48524010 o.a.w.b.UnwovenClassFile@7d247660, o.a.w.b.BcelObjectType@656f62dc, o.a.w.t.WeavingAdaptor$WeavingClassFileProvider$1@49d30c6f
14:10:35.916 [main] DEBUG org.aspectj.weaver.bcel.BcelWeaver - 14:10:35.916 main < o.a.w.b.BcelWeaver.weaveAndNotify
14:10:35.916 [main] DEBUG org.aspectj.weaver.bcel.BcelWeaver - 14:10:35.916 main < o.a.w.b.BcelWeaver.weave java.util.ArrayList(1)
14:10:35.916 [main] DEBUG o.a.weaver.tools.WeavingAdaptor - 14:10:35.916 main < o.a.w.t.WeavingAdaptor.weaveClass byte[2270]
14:10:35.916 [main] DEBUG org.aspectj.weaver.Dump - 14:10:35.916 main > o.a.w.Dump.dumpOnExit o.a.w.t.WeavingAdaptor$WeavingAdaptorMessageHolder@6a6afff2
14:10:35.916 [main] DEBUG org.aspectj.weaver.Dump - 14:10:35.916 main > o.a.w.Dump.shouldDumpOnExit o.a.w.t.WeavingAdaptor$WeavingAdaptorMessageHolder@6a6afff2
14:10:35.916 [main] DEBUG org.aspectj.weaver.Dump - 14:10:35.916 main - o.a.w.Dump.shouldDumpOnExit abort
14:10:35.916 [main] DEBUG org.aspectj.weaver.Dump - 14:10:35.916 main < o.a.w.Dump.shouldDumpOnExit false
14:10:35.916 [main] DEBUG org.aspectj.weaver.Dump - 14:10:35.916 main < o.a.w.Dump.dumpOnExit Excluded
14:10:35.916 [main] DEBUG org.aspectj.weaver.loadtime.Aj - 14:10:35.916 main < o.a.w.l.Aj.preProcess byte[2270]
14:10:35.918 [main] DEBUG org.aspectj.weaver.loadtime.Aj - 14:10:35.918 main > o.a.w.l.Aj.preProcess o.a.w.l.Aj@b9afc07 org/junit/platform/engine/support/hierarchical/NodeTestTask, byte[14586], j.i.l.ClassLoaders$AppClassLoader@3cd1a2f1
14:10:35.919 [main] DEBUG org.aspectj.weaver.loadtime.Aj - 14:10:35.918 main - o.a.w.l.Aj.preProcess o.a.w.l.Aj@b9afc07 j.i.l.ClassLoaders$PlatformClassLoader@1ad282e0, j.i.l.ClassLoaders$AppClassLoader@3cd1a2f1
14:10:35.919 [main] DEBUG o.a.weaver.tools.WeavingAdaptor - 14:10:35.919 main > o.a.w.t.WeavingAdaptor.weaveClass o.a.w.l.ClassLoaderWeavingAdaptor@140e5a13 org/junit/platform/engine/support/hierarchical/NodeTestTask, byte[14586]
14:10:35.919 [main] DEBUG org.aspectj.weaver.bcel.BcelWeaver - 14:10:35.919 main > o.a.w.b.BcelWeaver.weave o.a.w.b.BcelWeaver@48524010 o.a.w.t.WeavingAdaptor$WeavingClassFileProvider@119b0892
14:10:35.920 [main] DEBUG org.aspectj.weaver.bcel.BcelWeaver - 14:10:35.920 main > o.a.w.b.BcelWeaver.weaveAndNotify o.a.w.b.BcelWeaver@48524010 o.a.w.b.UnwovenClassFile@1a3e8e24, o.a.w.b.BcelObjectType@4ed4a7e4, o.a.w.t.WeavingAdaptor$WeavingClassFileProvider$1@1c7350b0
14:10:35.920 [main] DEBUG org.aspectj.weaver.bcel.BcelWeaver - 14:10:35.920 main < o.a.w.b.BcelWeaver.weaveAndNotify
14:10:35.920 [main] DEBUG org.aspectj.weaver.bcel.BcelWeaver - 14:10:35.920 main < o.a.w.b.BcelWeaver.weave java.util.ArrayList(1)
14:10:35.920 [main] DEBUG o.a.weaver.tools.WeavingAdaptor - 14:10:35.920 main < o.a.w.t.WeavingAdaptor.weaveClass byte[14586]
14:10:35.921 [main] DEBUG org.aspectj.weaver.Dump - 14:10:35.920 main > o.a.w.Dump.dumpOnExit o.a.w.t.WeavingAdaptor$WeavingAdaptorMessageHolder@6a6afff2
14:10:35.921 [main] DEBUG org.aspectj.weaver.Dump - 14:10:35.921 main > o.a.w.Dump.shouldDumpOnExit o.a.w.t.WeavingAdaptor$WeavingAdaptorMessageHolder@6a6afff2
14:10:35.921 [main] DEBUG org.aspectj.weaver.Dump - 14:10:35.921 main - o.a.w.Dump.shouldDumpOnExit abort
14:10:35.921 [main] DEBUG org.aspectj.weaver.Dump - 14:10:35.921 main < o.a.w.Dump.shouldDumpOnExit false
14:10:35.921 [main] DEBUG org.aspectj.weaver.Dump - 14:10:35.921 main < o.a.w.Dump.dumpOnExit Excluded
14:10:35.921 [main] DEBUG org.aspectj.weaver.loadtime.Aj - 14:10:35.921 main < o.a.w.l.Aj.preProcess byte[14586]
14:10:35.929 [main] DEBUG org.aspectj.weaver.loadtime.Aj - 14:10:35.928 main > o.a.w.l.Aj.preProcess o.a.w.l.Aj@b9afc07 org/junit/platform/engine/support/hierarchical/Node$DynamicTestExecutor, byte[941], j.i.l.ClassLoaders$AppClassLoader@3cd1a2f1
14:10:35.929 [main] DEBUG org.aspectj.weaver.loadtime.Aj - 14:10:35.929 main - o.a.w.l.Aj.preProcess o.a.w.l.Aj@b9afc07 j.i.l.ClassLoaders$PlatformClassLoader@1ad282e0, j.i.l.ClassLoaders$AppClassLoader@3cd1a2f1
14:10:35.929 [main] DEBUG o.a.weaver.tools.WeavingAdaptor - 14:10:35.929 main > o.a.w.t.WeavingAdaptor.weaveClass o.a.w.l.ClassLoaderWeavingAdaptor@140e5a13 org/junit/platform/engine/support/hierarchical/Node$DynamicTestExecutor, byte[941]
14:10:35.929 [main] DEBUG org.aspectj.weaver.bcel.BcelWeaver - 14:10:35.929 main > o.a.w.b.BcelWeaver.weave o.a.w.b.BcelWeaver@48524010 o.a.w.t.WeavingAdaptor$WeavingClassFileProvider@30b975ad
14:10:35.929 [main] DEBUG org.aspectj.weaver.bcel.BcelWeaver - 14:10:35.929 main > o.a.w.b.BcelWeaver.weaveAndNotify o.a.w.b.BcelWeaver@48524010 o.a.w.b.UnwovenClassFile@75e09567, o.a.w.b.BcelObjectType@2a334bac, o.a.w.t.WeavingAdaptor$WeavingClassFileProvider$1@470d183
14:10:35.930 [main] DEBUG org.aspectj.weaver.bcel.BcelWeaver - 14:10:35.930 main < o.a.w.b.BcelWeaver.weaveAndNotify
14:10:35.930 [main] DEBUG org.aspectj.weaver.bcel.BcelWeaver - 14:10:35.930 main < o.a.w.b.BcelWeaver.weave java.util.ArrayList(1)
14:10:35.930 [main] DEBUG o.a.weaver.tools.WeavingAdaptor - 14:10:35.930 main < o.a.w.t.WeavingAdaptor.weaveClass byte[941]
14:10:35.930 [main] DEBUG org.aspectj.weaver.Dump - 14:10:35.930 main > o.a.w.Dump.dumpOnExit o.a.w.t.WeavingAdaptor$WeavingAdaptorMessageHolder@6a6afff2
14:10:35.930 [main] DEBUG org.aspectj.weaver.Dump - 14:10:35.930 main > o.a.w.Dump.shouldDumpOnExit o.a.w.t.WeavingAdaptor$WeavingAdaptorMessageHolder@6a6afff2
14:10:35.930 [main] DEBUG org.aspectj.weaver.Dump - 14:10:35.930 main - o.a.w.Dump.shouldDumpOnExit abort
14:10:35.930 [main] DEBUG org.aspectj.weaver.Dump - 14:10:35.930 main < o.a.w.Dump.shouldDumpOnExit false
14:10:35.930 [main] DEBUG org.aspectj.weaver.Dump - 14:10:35.930 main < o.a.w.Dump.dumpOnExit Excluded
14:10:35.930 [main] DEBUG org.aspectj.weaver.loadtime.Aj - 14:10:35.930 main < o.a.w.l.Aj.preProcess byte[941]
14:10:35.952 [main] DEBUG org.aspectj.weaver.loadtime.Aj - 14:10:35.951 main > o.a.w.l.Aj.preProcess o.a.w.l.Aj@b9afc07 org/opentest4j/TestAbortedException, byte[725], j.i.l.ClassLoaders$AppClassLoader@3cd1a2f1
14:10:35.952 [main] DEBUG org.aspectj.weaver.loadtime.Aj - 14:10:35.952 main - o.a.w.l.Aj.preProcess o.a.w.l.Aj@b9afc07 j.i.l.ClassLoaders$PlatformClassLoader@1ad282e0, j.i.l.ClassLoaders$AppClassLoader@3cd1a2f1
14:10:35.952 [main] DEBUG o.a.weaver.tools.WeavingAdaptor - 14:10:35.952 main > o.a.w.t.WeavingAdaptor.weaveClass o.a.w.l.ClassLoaderWeavingAdaptor@140e5a13 org/opentest4j/TestAbortedException, byte[725]
14:10:35.952 [main] DEBUG org.aspectj.weaver.bcel.BcelWeaver - 14:10:35.952 main > o.a.w.b.BcelWeaver.weave o.a.w.b.BcelWeaver@48524010 o.a.w.t.WeavingAdaptor$WeavingClassFileProvider@3bec5821
14:10:35.954 [main] DEBUG org.aspectj.weaver.bcel.BcelWorld - 14:10:35.954 main - o.a.w.b.BcelWorld.lookupJavaClass o.a.w.l.LTWWorld@2b4a2ec7 org.opentest4j.IncompleteExecutionException, o.a.a.b.c.JavaClass@7c781c42
14:10:35.954 [main] DEBUG org.aspectj.weaver.bcel.BcelWeaver - 14:10:35.954 main > o.a.w.b.BcelWeaver.weaveAndNotify o.a.w.b.BcelWeaver@48524010 o.a.w.b.UnwovenClassFile@795f8317, o.a.w.b.BcelObjectType@633fd91, o.a.w.t.WeavingAdaptor$WeavingClassFileProvider$1@355c94be
14:10:35.954 [main] DEBUG org.aspectj.weaver.bcel.BcelWeaver - 14:10:35.954 main < o.a.w.b.BcelWeaver.weaveAndNotify
14:10:35.954 [main] DEBUG org.aspectj.weaver.bcel.BcelWeaver - 14:10:35.954 main < o.a.w.b.BcelWeaver.weave java.util.ArrayList(1)
14:10:35.954 [main] DEBUG o.a.weaver.tools.WeavingAdaptor - 14:10:35.954 main < o.a.w.t.WeavingAdaptor.weaveClass byte[725]
14:10:35.955 [main] DEBUG org.aspectj.weaver.Dump - 14:10:35.954 main > o.a.w.Dump.dumpOnExit o.a.w.t.WeavingAdaptor$WeavingAdaptorMessageHolder@6a6afff2
14:10:35.955 [main] DEBUG org.aspectj.weaver.Dump - 14:10:35.955 main > o.a.w.Dump.shouldDumpOnExit o.a.w.t.WeavingAdaptor$WeavingAdaptorMessageHolder@6a6afff2
14:10:35.955 [main] DEBUG org.aspectj.weaver.Dump - 14:10:35.955 main - o.a.w.Dump.shouldDumpOnExit abort
14:10:35.955 [main] DEBUG org.aspectj.weaver.Dump - 14:10:35.955 main < o.a.w.Dump.shouldDumpOnExit false
14:10:35.955 [main] DEBUG org.aspectj.weaver.Dump - 14:10:35.955 main < o.a.w.Dump.dumpOnExit Excluded
14:10:35.955 [main] DEBUG org.aspectj.weaver.loadtime.Aj - 14:10:35.955 main < o.a.w.l.Aj.preProcess byte[725]
14:10:35.956 [main] DEBUG org.aspectj.weaver.loadtime.Aj - 14:10:35.956 main > o.a.w.l.Aj.preProcess o.a.w.l.Aj@b9afc07 org/opentest4j/IncompleteExecutionException, byte[732], j.i.l.ClassLoaders$AppClassLoader@3cd1a2f1
14:10:35.956 [main] DEBUG org.aspectj.weaver.loadtime.Aj - 14:10:35.956 main - o.a.w.l.Aj.preProcess o.a.w.l.Aj@b9afc07 j.i.l.ClassLoaders$PlatformClassLoader@1ad282e0, j.i.l.ClassLoaders$AppClassLoader@3cd1a2f1
14:10:35.956 [main] DEBUG o.a.weaver.tools.WeavingAdaptor - 14:10:35.956 main > o.a.w.t.WeavingAdaptor.weaveClass o.a.w.l.ClassLoaderWeavingAdaptor@140e5a13 org/opentest4j/IncompleteExecutionException, byte[732]
14:10:35.956 [main] DEBUG org.aspectj.weaver.bcel.BcelWeaver - 14:10:35.956 main > o.a.w.b.BcelWeaver.weave o.a.w.b.BcelWeaver@48524010 o.a.w.t.WeavingAdaptor$WeavingClassFileProvider@3166f664
14:10:35.956 [main] DEBUG org.aspectj.weaver.bcel.BcelWeaver - 14:10:35.956 main > o.a.w.b.BcelWeaver.weaveAndNotify o.a.w.b.BcelWeaver@48524010 o.a.w.b.UnwovenClassFile@47ac613b, o.a.w.b.BcelObjectType@60d6fdd4, o.a.w.t.WeavingAdaptor$WeavingClassFileProvider$1@66f28a1f
14:10:35.958 [main] DEBUG org.aspectj.weaver.bcel.BcelWeaver - 14:10:35.957 main < o.a.w.b.BcelWeaver.weaveAndNotify
14:10:35.958 [main] DEBUG org.aspectj.weaver.bcel.BcelWeaver - 14:10:35.958 main < o.a.w.b.BcelWeaver.weave java.util.ArrayList(1)
14:10:35.958 [main] DEBUG o.a.weaver.tools.WeavingAdaptor - 14:10:35.958 main < o.a.w.t.WeavingAdaptor.weaveClass byte[732]
14:10:35.958 [main] DEBUG org.aspectj.weaver.Dump - 14:10:35.958 main > o.a.w.Dump.dumpOnExit o.a.w.t.WeavingAdaptor$WeavingAdaptorMessageHolder@6a6afff2
14:10:35.958 [main] DEBUG org.aspectj.weaver.Dump - 14:10:35.958 main > o.a.w.Dump.shouldDumpOnExit o.a.w.t.WeavingAdaptor$WeavingAdaptorMessageHolder@6a6afff2
14:10:35.958 [main] DEBUG org.aspectj.weaver.Dump - 14:10:35.958 main - o.a.w.Dump.shouldDumpOnExit abort
14:10:35.958 [main] DEBUG org.aspectj.weaver.Dump - 14:10:35.958 main < o.a.w.Dump.shouldDumpOnExit false
14:10:35.958 [main] DEBUG org.aspectj.weaver.Dump - 14:10:35.958 main < o.a.w.Dump.dumpOnExit Excluded
14:10:35.958 [main] DEBUG org.aspectj.weaver.loadtime.Aj - 14:10:35.958 main < o.a.w.l.Aj.preProcess byte[732]
14:10:35.963 [main] DEBUG org.aspectj.weaver.loadtime.Aj - 14:10:35.963 main > o.a.w.l.Aj.preProcess o.a.w.l.Aj@b9afc07 org/junit/platform/commons/util/UnrecoverableExceptions, byte[982], j.i.l.ClassLoaders$AppClassLoader@3cd1a2f1
14:10:35.964 [main] DEBUG org.aspectj.weaver.loadtime.Aj - 14:10:35.963 main - o.a.w.l.Aj.preProcess o.a.w.l.Aj@b9afc07 j.i.l.ClassLoaders$PlatformClassLoader@1ad282e0, j.i.l.ClassLoaders$AppClassLoader@3cd1a2f1
14:10:35.964 [main] DEBUG o.a.weaver.tools.WeavingAdaptor - 14:10:35.964 main > o.a.w.t.WeavingAdaptor.weaveClass o.a.w.l.ClassLoaderWeavingAdaptor@140e5a13 org/junit/platform/commons/util/UnrecoverableExceptions, byte[982]
14:10:35.964 [main] DEBUG org.aspectj.weaver.bcel.BcelWeaver - 14:10:35.964 main > o.a.w.b.BcelWeaver.weave o.a.w.b.BcelWeaver@48524010 o.a.w.t.WeavingAdaptor$WeavingClassFileProvider@7d32e714
14:10:35.965 [main] DEBUG org.aspectj.weaver.bcel.BcelWeaver - 14:10:35.965 main > o.a.w.b.BcelWeaver.weaveAndNotify o.a.w.b.BcelWeaver@48524010 o.a.w.b.UnwovenClassFile@eb6ec6, o.a.w.b.BcelObjectType@34d45ec0, o.a.w.t.WeavingAdaptor$WeavingClassFileProvider$1@18137eab
14:10:35.965 [main] DEBUG org.aspectj.weaver.bcel.BcelWeaver - 14:10:35.965 main < o.a.w.b.BcelWeaver.weaveAndNotify
14:10:35.965 [main] DEBUG org.aspectj.weaver.bcel.BcelWeaver - 14:10:35.965 main < o.a.w.b.BcelWeaver.weave java.util.ArrayList(1)
14:10:35.965 [main] DEBUG o.a.weaver.tools.WeavingAdaptor - 14:10:35.965 main < o.a.w.t.WeavingAdaptor.weaveClass byte[982]
14:10:35.966 [main] DEBUG org.aspectj.weaver.Dump - 14:10:35.965 main > o.a.w.Dump.dumpOnExit o.a.w.t.WeavingAdaptor$WeavingAdaptorMessageHolder@6a6afff2
14:10:35.966 [main] DEBUG org.aspectj.weaver.Dump - 14:10:35.966 main > o.a.w.Dump.shouldDumpOnExit o.a.w.t.WeavingAdaptor$WeavingAdaptorMessageHolder@6a6afff2
14:10:35.966 [main] DEBUG org.aspectj.weaver.Dump - 14:10:35.966 main - o.a.w.Dump.shouldDumpOnExit abort
14:10:35.966 [main] DEBUG org.aspectj.weaver.Dump - 14:10:35.966 main < o.a.w.Dump.shouldDumpOnExit false
14:10:35.966 [main] DEBUG org.aspectj.weaver.Dump - 14:10:35.966 main < o.a.w.Dump.dumpOnExit Excluded
14:10:35.966 [main] DEBUG org.aspectj.weaver.loadtime.Aj - 14:10:35.966 main < o.a.w.l.Aj.preProcess byte[982]
14:10:35.968 [main] DEBUG org.aspectj.weaver.loadtime.Aj - 14:10:35.968 main > o.a.w.l.Aj.preProcess o.a.w.l.Aj@b9afc07 org/junit/platform/engine/support/hierarchical/ThrowableCollector$Executable, byte[436], j.i.l.ClassLoaders$AppClassLoader@3cd1a2f1
14:10:35.968 [main] DEBUG org.aspectj.weaver.loadtime.Aj - 14:10:35.968 main - o.a.w.l.Aj.preProcess o.a.w.l.Aj@b9afc07 j.i.l.ClassLoaders$PlatformClassLoader@1ad282e0, j.i.l.ClassLoaders$AppClassLoader@3cd1a2f1
14:10:35.968 [main] DEBUG o.a.weaver.tools.WeavingAdaptor - 14:10:35.968 main > o.a.w.t.WeavingAdaptor.weaveClass o.a.w.l.ClassLoaderWeavingAdaptor@140e5a13 org/junit/platform/engine/support/hierarchical/ThrowableCollector$Executable, byte[436]
14:10:35.969 [main] DEBUG org.aspectj.weaver.bcel.BcelWeaver - 14:10:35.969 main > o.a.w.b.BcelWeaver.weave o.a.w.b.BcelWeaver@48524010 o.a.w.t.WeavingAdaptor$WeavingClassFileProvider@62b790a5
14:10:35.969 [main] DEBUG org.aspectj.weaver.bcel.BcelWeaver - 14:10:35.969 main > o.a.w.b.BcelWeaver.weaveAndNotify o.a.w.b.BcelWeaver@48524010 o.a.w.b.UnwovenClassFile@7c52fc81, o.a.w.b.BcelObjectType@7523a3dc, o.a.w.t.WeavingAdaptor$WeavingClassFileProvider$1@2806d6da
14:10:35.969 [main] DEBUG org.aspectj.weaver.bcel.BcelWeaver - 14:10:35.969 main < o.a.w.b.BcelWeaver.weaveAndNotify
14:10:35.969 [main] DEBUG org.aspectj.weaver.bcel.BcelWeaver - 14:10:35.969 main < o.a.w.b.BcelWeaver.weave java.util.ArrayList(1)
14:10:35.969 [main] DEBUG o.a.weaver.tools.WeavingAdaptor - 14:10:35.969 main < o.a.w.t.WeavingAdaptor.weaveClass byte[436]
14:10:35.969 [main] DEBUG org.aspectj.weaver.Dump - 14:10:35.969 main > o.a.w.Dump.dumpOnExit o.a.w.t.WeavingAdaptor$WeavingAdaptorMessageHolder@6a6afff2
14:10:35.969 [main] DEBUG org.aspectj.weaver.Dump - 14:10:35.969 main > o.a.w.Dump.shouldDumpOnExit o.a.w.t.WeavingAdaptor$WeavingAdaptorMessageHolder@6a6afff2
14:10:35.969 [main] DEBUG org.aspectj.weaver.Dump - 14:10:35.969 main - o.a.w.Dump.shouldDumpOnExit abort
14:10:35.969 [main] DEBUG org.aspectj.weaver.Dump - 14:10:35.969 main < o.a.w.Dump.shouldDumpOnExit false
14:10:35.969 [main] DEBUG org.aspectj.weaver.Dump - 14:10:35.969 main < o.a.w.Dump.dumpOnExit Excluded
14:10:35.969 [main] DEBUG org.aspectj.weaver.loadtime.Aj - 14:10:35.969 main < o.a.w.l.Aj.preProcess byte[436]
14:10:35.978 [main] DEBUG org.aspectj.weaver.loadtime.Aj - 14:10:35.978 main > o.a.w.l.Aj.preProcess o.a.w.l.Aj@b9afc07 org/junit/jupiter/engine/extension/MutableExtensionRegistry, byte[9918], j.i.l.ClassLoaders$AppClassLoader@3cd1a2f1
14:10:35.978 [main] DEBUG org.aspectj.weaver.loadtime.Aj - 14:10:35.978 main - o.a.w.l.Aj.preProcess o.a.w.l.Aj@b9afc07 j.i.l.ClassLoaders$PlatformClassLoader@1ad282e0, j.i.l.ClassLoaders$AppClassLoader@3cd1a2f1
14:10:35.978 [main] DEBUG o.a.weaver.tools.WeavingAdaptor - 14:10:35.978 main > o.a.w.t.WeavingAdaptor.weaveClass o.a.w.l.ClassLoaderWeavingAdaptor@140e5a13 org/junit/jupiter/engine/extension/MutableExtensionRegistry, byte[9918]
14:10:35.978 [main] DEBUG org.aspectj.weaver.bcel.BcelWeaver - 14:10:35.978 main > o.a.w.b.BcelWeaver.weave o.a.w.b.BcelWeaver@48524010 o.a.w.t.WeavingAdaptor$WeavingClassFileProvider@6a756082
14:10:35.978 [main] DEBUG org.aspectj.weaver.bcel.BcelWorld - 14:10:35.978 main - o.a.w.b.BcelWorld.lookupJavaClass o.a.w.l.LTWWorld@2b4a2ec7 org.junit.jupiter.engine.extension.ExtensionRegistry, o.a.a.b.c.JavaClass@71a06021
14:10:35.978 [main] DEBUG org.aspectj.weaver.bcel.BcelWorld - 14:10:35.978 main - o.a.w.b.BcelWorld.lookupJavaClass o.a.w.l.LTWWorld@2b4a2ec7 org.junit.jupiter.engine.extension.ExtensionRegistrar, o.a.a.b.c.JavaClass@4c6007fb
14:10:35.979 [main] DEBUG org.aspectj.weaver.bcel.BcelWeaver - 14:10:35.978 main > o.a.w.b.BcelWeaver.weaveAndNotify o.a.w.b.BcelWeaver@48524010 o.a.w.b.UnwovenClassFile@cb39552, o.a.w.b.BcelObjectType@1f3b992, o.a.w.t.WeavingAdaptor$WeavingClassFileProvider$1@2a53f215
14:10:35.979 [main] DEBUG org.aspectj.weaver.bcel.BcelWorld - 14:10:35.979 main - o.a.w.b.BcelWorld.lookupJavaClass o.a.w.l.LTWWorld@2b4a2ec7 java.util.stream.Stream, o.a.a.b.c.JavaClass@19c65cdc
14:10:35.985 [main] DEBUG org.aspectj.weaver.bcel.BcelWorld - 14:10:35.980 main - o.a.w.b.BcelWorld.lookupJavaClass o.a.w.l.LTWWorld@2b4a2ec7 org.junit.jupiter.api.extension.Extension, o.a.a.b.c.JavaClass@7e0bc8a3
14:10:35.986 [main] DEBUG org.aspectj.weaver.bcel.BcelWeaver - 14:10:35.986 main < o.a.w.b.BcelWeaver.weaveAndNotify
14:10:35.986 [main] DEBUG org.aspectj.weaver.bcel.BcelWeaver - 14:10:35.986 main < o.a.w.b.BcelWeaver.weave java.util.ArrayList(1)
14:10:35.986 [main] DEBUG o.a.weaver.tools.WeavingAdaptor - 14:10:35.986 main < o.a.w.t.WeavingAdaptor.weaveClass byte[9918]
14:10:35.986 [main] DEBUG org.aspectj.weaver.Dump - 14:10:35.986 main > o.a.w.Dump.dumpOnExit o.a.w.t.WeavingAdaptor$WeavingAdaptorMessageHolder@6a6afff2
14:10:35.986 [main] DEBUG org.aspectj.weaver.Dump - 14:10:35.986 main > o.a.w.Dump.shouldDumpOnExit o.a.w.t.WeavingAdaptor$WeavingAdaptorMessageHolder@6a6afff2
14:10:35.986 [main] DEBUG org.aspectj.weaver.Dump - 14:10:35.986 main - o.a.w.Dump.shouldDumpOnExit abort
14:10:35.986 [main] DEBUG org.aspectj.weaver.Dump - 14:10:35.986 main < o.a.w.Dump.shouldDumpOnExit false
14:10:35.986 [main] DEBUG org.aspectj.weaver.Dump - 14:10:35.986 main < o.a.w.Dump.dumpOnExit Excluded
14:10:35.986 [main] DEBUG org.aspectj.weaver.loadtime.Aj - 14:10:35.986 main < o.a.w.l.Aj.preProcess byte[9918]
14:10:35.989 [main] DEBUG org.aspectj.weaver.loadtime.Aj - 14:10:35.989 main > o.a.w.l.Aj.preProcess o.a.w.l.Aj@b9afc07 org/junit/jupiter/engine/extension/DisabledCondition, byte[3227], j.i.l.ClassLoaders$AppClassLoader@3cd1a2f1
14:10:35.989 [main] DEBUG org.aspectj.weaver.loadtime.Aj - 14:10:35.989 main - o.a.w.l.Aj.preProcess o.a.w.l.Aj@b9afc07 j.i.l.ClassLoaders$PlatformClassLoader@1ad282e0, j.i.l.ClassLoaders$AppClassLoader@3cd1a2f1
14:10:35.990 [main] DEBUG o.a.weaver.tools.WeavingAdaptor - 14:10:35.989 main > o.a.w.t.WeavingAdaptor.weaveClass o.a.w.l.ClassLoaderWeavingAdaptor@140e5a13 org/junit/jupiter/engine/extension/DisabledCondition, byte[3227]
14:10:35.990 [main] DEBUG org.aspectj.weaver.bcel.BcelWeaver - 14:10:35.990 main > o.a.w.b.BcelWeaver.weave o.a.w.b.BcelWeaver@48524010 o.a.w.t.WeavingAdaptor$WeavingClassFileProvider@bbd4791
14:10:35.990 [main] DEBUG org.aspectj.weaver.bcel.BcelWorld - 14:10:35.990 main - o.a.w.b.BcelWorld.lookupJavaClass o.a.w.l.LTWWorld@2b4a2ec7 org.junit.jupiter.api.extension.ExecutionCondition, o.a.a.b.c.JavaClass@dc4a691
14:10:35.990 [main] DEBUG org.aspectj.weaver.bcel.BcelWeaver - 14:10:35.990 main > o.a.w.b.BcelWeaver.weaveAndNotify o.a.w.b.BcelWeaver@48524010 o.a.w.b.UnwovenClassFile@40a72ecd, o.a.w.b.BcelObjectType@73971965, o.a.w.t.WeavingAdaptor$WeavingClassFileProvider$1@76a14c8d
14:10:35.992 [main] DEBUG org.aspectj.weaver.bcel.BcelWorld - 14:10:35.992 main - o.a.w.b.BcelWorld.lookupJavaClass o.a.w.l.LTWWorld@2b4a2ec7 org.junit.jupiter.api.extension.ConditionEvaluationResult, o.a.a.b.c.JavaClass@7baf1f5a
14:10:36.040 [main] DEBUG org.aspectj.weaver.bcel.BcelWorld - 14:10:36.040 main - o.a.w.b.BcelWorld.lookupJavaClass o.a.w.l.LTWWorld@2b4a2ec7 org.junit.jupiter.api.Disabled, o.a.a.b.c.JavaClass@59c70ceb
14:10:36.040 [main] DEBUG org.aspectj.weaver.bcel.BcelWeaver - 14:10:36.040 main < o.a.w.b.BcelWeaver.weaveAndNotify
14:10:36.040 [main] DEBUG org.aspectj.weaver.bcel.BcelWeaver - 14:10:36.040 main < o.a.w.b.BcelWeaver.weave java.util.ArrayList(1)
14:10:36.040 [main] DEBUG o.a.weaver.tools.WeavingAdaptor - 14:10:36.040 main < o.a.w.t.WeavingAdaptor.weaveClass byte[3227]
14:10:36.040 [main] DEBUG org.aspectj.weaver.Dump - 14:10:36.040 main > o.a.w.Dump.dumpOnExit o.a.w.t.WeavingAdaptor$WeavingAdaptorMessageHolder@6a6afff2
14:10:36.040 [main] DEBUG org.aspectj.weaver.Dump - 14:10:36.040 main > o.a.w.Dump.shouldDumpOnExit o.a.w.t.WeavingAdaptor$WeavingAdaptorMessageHolder@6a6afff2
14:10:36.041 [main] DEBUG org.aspectj.weaver.Dump - 14:10:36.041 main - o.a.w.Dump.shouldDumpOnExit abort
14:10:36.041 [main] DEBUG org.aspectj.weaver.Dump - 14:10:36.041 main < o.a.w.Dump.shouldDumpOnExit false
14:10:36.041 [main] DEBUG org.aspectj.weaver.Dump - 14:10:36.041 main < o.a.w.Dump.dumpOnExit Excluded
14:10:36.041 [main] DEBUG org.aspectj.weaver.loadtime.Aj - 14:10:36.041 main < o.a.w.l.Aj.preProcess byte[3227]
14:10:36.042 [main] DEBUG org.aspectj.weaver.loadtime.Aj - 14:10:36.042 main > o.a.w.l.Aj.preProcess o.a.w.l.Aj@b9afc07 org/junit/jupiter/api/extension/ExecutionCondition, byte[639], j.i.l.ClassLoaders$AppClassLoader@3cd1a2f1
14:10:36.042 [main] DEBUG org.aspectj.weaver.loadtime.Aj - 14:10:36.042 main - o.a.w.l.Aj.preProcess o.a.w.l.Aj@b9afc07 j.i.l.ClassLoaders$PlatformClassLoader@1ad282e0, j.i.l.ClassLoaders$AppClassLoader@3cd1a2f1
14:10:36.042 [main] DEBUG o.a.weaver.tools.WeavingAdaptor - 14:10:36.042 main > o.a.w.t.WeavingAdaptor.weaveClass o.a.w.l.ClassLoaderWeavingAdaptor@140e5a13 org/junit/jupiter/api/extension/ExecutionCondition, byte[639]
14:10:36.043 [main] DEBUG org.aspectj.weaver.bcel.BcelWeaver - 14:10:36.042 main > o.a.w.b.BcelWeaver.weave o.a.w.b.BcelWeaver@48524010 o.a.w.t.WeavingAdaptor$WeavingClassFileProvider@575b5f7d
14:10:36.043 [main] DEBUG org.aspectj.weaver.bcel.BcelWeaver - 14:10:36.043 main > o.a.w.b.BcelWeaver.weaveAndNotify o.a.w.b.BcelWeaver@48524010 o.a.w.b.UnwovenClassFile@59bbb974, o.a.w.b.BcelObjectType@7165d530, o.a.w.t.WeavingAdaptor$WeavingClassFileProvider$1@12f49ca8
14:10:36.043 [main] DEBUG org.aspectj.weaver.bcel.BcelWeaver - 14:10:36.043 main < o.a.w.b.BcelWeaver.weaveAndNotify
14:10:36.043 [main] DEBUG org.aspectj.weaver.bcel.BcelWeaver - 14:10:36.043 main < o.a.w.b.BcelWeaver.weave java.util.ArrayList(1)
14:10:36.043 [main] DEBUG o.a.weaver.tools.WeavingAdaptor - 14:10:36.043 main < o.a.w.t.WeavingAdaptor.weaveClass byte[639]
14:10:36.043 [main] DEBUG org.aspectj.weaver.Dump - 14:10:36.043 main > o.a.w.Dump.dumpOnExit o.a.w.t.WeavingAdaptor$WeavingAdaptorMessageHolder@6a6afff2
14:10:36.043 [main] DEBUG org.aspectj.weaver.Dump - 14:10:36.043 main > o.a.w.Dump.shouldDumpOnExit o.a.w.t.WeavingAdaptor$WeavingAdaptorMessageHolder@6a6afff2
14:10:36.043 [main] DEBUG org.aspectj.weaver.Dump - 14:10:36.043 main - o.a.w.Dump.shouldDumpOnExit abort
14:10:36.043 [main] DEBUG org.aspectj.weaver.Dump - 14:10:36.043 main < o.a.w.Dump.shouldDumpOnExit false
14:10:36.043 [main] DEBUG org.aspectj.weaver.Dump - 14:10:36.043 main < o.a.w.Dump.dumpOnExit Excluded
14:10:36.043 [main] DEBUG org.aspectj.weaver.loadtime.Aj - 14:10:36.043 main < o.a.w.l.Aj.preProcess byte[639]
14:10:36.092 [main] DEBUG org.aspectj.weaver.loadtime.Aj - 14:10:36.092 main > o.a.w.l.Aj.preProcess o.a.w.l.Aj@b9afc07 org/junit/jupiter/engine/extension/TimeoutExtension, byte[17739], j.i.l.ClassLoaders$AppClassLoader@3cd1a2f1
14:10:36.093 [main] DEBUG org.aspectj.weaver.loadtime.Aj - 14:10:36.092 main - o.a.w.l.Aj.preProcess o.a.w.l.Aj@b9afc07 j.i.l.ClassLoaders$PlatformClassLoader@1ad282e0, j.i.l.ClassLoaders$AppClassLoader@3cd1a2f1
14:10:36.093 [main] DEBUG o.a.weaver.tools.WeavingAdaptor - 14:10:36.093 main > o.a.w.t.WeavingAdaptor.weaveClass o.a.w.l.ClassLoaderWeavingAdaptor@140e5a13 org/junit/jupiter/engine/extension/TimeoutExtension, byte[17739]
14:10:36.093 [main] DEBUG org.aspectj.weaver.bcel.BcelWeaver - 14:10:36.093 main > o.a.w.b.BcelWeaver.weave o.a.w.b.BcelWeaver@48524010 o.a.w.t.WeavingAdaptor$WeavingClassFileProvider@551e4c6d
14:10:36.093 [main] DEBUG org.aspectj.weaver.bcel.BcelWorld - 14:10:36.093 main - o.a.w.b.BcelWorld.lookupJavaClass o.a.w.l.LTWWorld@2b4a2ec7 org.junit.jupiter.api.extension.BeforeAllCallback, o.a.a.b.c.JavaClass@56a4f272
14:10:36.093 [main] DEBUG org.aspectj.weaver.bcel.BcelWorld - 14:10:36.093 main - o.a.w.b.BcelWorld.lookupJavaClass o.a.w.l.LTWWorld@2b4a2ec7 org.junit.jupiter.api.extension.BeforeEachCallback, o.a.a.b.c.JavaClass@6192a5d5
14:10:36.094 [main] DEBUG org.aspectj.weaver.bcel.BcelWeaver - 14:10:36.093 main > o.a.w.b.BcelWeaver.weaveAndNotify o.a.w.b.BcelWeaver@48524010 o.a.w.b.UnwovenClassFile@625a9c5d, o.a.w.b.BcelObjectType@5d1e0fbb, o.a.w.t.WeavingAdaptor$WeavingClassFileProvider$1@2eed37f4
14:10:36.098 [main] DEBUG org.aspectj.weaver.bcel.BcelWorld - 14:10:36.098 main - o.a.w.b.BcelWorld.lookupJavaClass o.a.w.l.LTWWorld@2b4a2ec7 org.junit.jupiter.engine.extension.TimeoutExtension$TimeoutProvider, o.a.a.b.c.JavaClass@5562c2c9
14:10:36.100 [main] DEBUG org.aspectj.weaver.bcel.BcelWorld - 14:10:36.100 main - o.a.w.b.BcelWorld.lookupJavaClass o.a.w.l.LTWWorld@2b4a2ec7 org.junit.jupiter.engine.extension.TimeoutDuration, o.a.a.b.c.JavaClass@3f36e8d1
14:10:36.103 [main] DEBUG org.aspectj.weaver.bcel.BcelWorld - 14:10:36.102 main - o.a.w.b.BcelWorld.lookupJavaClass o.a.w.l.LTWWorld@2b4a2ec7 org.junit.jupiter.engine.extension.TimeoutConfiguration, o.a.a.b.c.JavaClass@480b57e2
14:10:36.104 [main] DEBUG org.aspectj.weaver.bcel.BcelWorld - 14:10:36.104 main - o.a.w.b.BcelWorld.lookupJavaClass o.a.w.l.LTWWorld@2b4a2ec7 org.junit.jupiter.api.Timeout$ThreadMode, o.a.a.b.c.JavaClass@561953e3
14:10:36.104 [main] DEBUG org.aspectj.weaver.bcel.BcelWeaver - 14:10:36.104 main < o.a.w.b.BcelWeaver.weaveAndNotify
14:10:36.104 [main] DEBUG org.aspectj.weaver.bcel.BcelWeaver - 14:10:36.104 main < o.a.w.b.BcelWeaver.weave java.util.ArrayList(1)
14:10:36.104 [main] DEBUG o.a.weaver.tools.WeavingAdaptor - 14:10:36.104 main < o.a.w.t.WeavingAdaptor.weaveClass byte[17739]
14:10:36.104 [main] DEBUG org.aspectj.weaver.Dump - 14:10:36.104 main > o.a.w.Dump.dumpOnExit o.a.w.t.WeavingAdaptor$WeavingAdaptorMessageHolder@6a6afff2
14:10:36.104 [main] DEBUG org.aspectj.weaver.Dump - 14:10:36.104 main > o.a.w.Dump.shouldDumpOnExit o.a.w.t.WeavingAdaptor$WeavingAdaptorMessageHolder@6a6afff2
14:10:36.104 [main] DEBUG org.aspectj.weaver.Dump - 14:10:36.104 main - o.a.w.Dump.shouldDumpOnExit abort
14:10:36.104 [main] DEBUG org.aspectj.weaver.Dump - 14:10:36.104 main < o.a.w.Dump.shouldDumpOnExit false
14:10:36.104 [main] DEBUG org.aspectj.weaver.Dump - 14:10:36.104 main < o.a.w.Dump.dumpOnExit Excluded
14:10:36.104 [main] DEBUG org.aspectj.weaver.loadtime.Aj - 14:10:36.104 main < o.a.w.l.Aj.preProcess byte[17739]
14:10:36.106 [main] DEBUG org.aspectj.weaver.loadtime.Aj - 14:10:36.106 main > o.a.w.l.Aj.preProcess o.a.w.l.Aj@b9afc07 org/junit/jupiter/api/extension/BeforeAllCallback, byte[610], j.i.l.ClassLoaders$AppClassLoader@3cd1a2f1
14:10:36.106 [main] DEBUG org.aspectj.weaver.loadtime.Aj - 14:10:36.106 main - o.a.w.l.Aj.preProcess o.a.w.l.Aj@b9afc07 j.i.l.ClassLoaders$PlatformClassLoader@1ad282e0, j.i.l.ClassLoaders$AppClassLoader@3cd1a2f1
14:10:36.106 [main] DEBUG o.a.weaver.tools.WeavingAdaptor - 14:10:36.106 main > o.a.w.t.WeavingAdaptor.weaveClass o.a.w.l.ClassLoaderWeavingAdaptor@140e5a13 org/junit/jupiter/api/extension/BeforeAllCallback, byte[610]
14:10:36.106 [main] DEBUG org.aspectj.weaver.bcel.BcelWeaver - 14:10:36.106 main > o.a.w.b.BcelWeaver.weave o.a.w.b.BcelWeaver@48524010 o.a.w.t.WeavingAdaptor$WeavingClassFileProvider@5dc0ff7d
14:10:36.107 [main] DEBUG org.aspectj.weaver.bcel.BcelWeaver - 14:10:36.106 main > o.a.w.b.BcelWeaver.weaveAndNotify o.a.w.b.BcelWeaver@48524010 o.a.w.b.UnwovenClassFile@64920dc2, o.a.w.b.BcelObjectType@59a79443, o.a.w.t.WeavingAdaptor$WeavingClassFileProvider$1@493ac8d3
14:10:36.107 [main] DEBUG org.aspectj.weaver.bcel.BcelWeaver - 14:10:36.107 main < o.a.w.b.BcelWeaver.weaveAndNotify
14:10:36.107 [main] DEBUG org.aspectj.weaver.bcel.BcelWeaver - 14:10:36.107 main < o.a.w.b.BcelWeaver.weave java.util.ArrayList(1)
14:10:36.107 [main] DEBUG o.a.weaver.tools.WeavingAdaptor - 14:10:36.107 main < o.a.w.t.WeavingAdaptor.weaveClass byte[610]
14:10:36.107 [main] DEBUG org.aspectj.weaver.Dump - 14:10:36.107 main > o.a.w.Dump.dumpOnExit o.a.w.t.WeavingAdaptor$WeavingAdaptorMessageHolder@6a6afff2
14:10:36.107 [main] DEBUG org.aspectj.weaver.Dump - 14:10:36.107 main > o.a.w.Dump.shouldDumpOnExit o.a.w.t.WeavingAdaptor$WeavingAdaptorMessageHolder@6a6afff2
14:10:36.107 [main] DEBUG org.aspectj.weaver.Dump - 14:10:36.107 main - o.a.w.Dump.shouldDumpOnExit abort
14:10:36.107 [main] DEBUG org.aspectj.weaver.Dump - 14:10:36.107 main < o.a.w.Dump.shouldDumpOnExit false
14:10:36.107 [main] DEBUG org.aspectj.weaver.Dump - 14:10:36.107 main < o.a.w.Dump.dumpOnExit Excluded
14:10:36.107 [main] DEBUG org.aspectj.weaver.loadtime.Aj - 14:10:36.107 main < o.a.w.l.Aj.preProcess byte[610]
14:10:36.112 [main] DEBUG org.aspectj.weaver.loadtime.Aj - 14:10:36.112 main > o.a.w.l.Aj.preProcess o.a.w.l.Aj@b9afc07 org/junit/jupiter/api/extension/BeforeEachCallback, byte[613], j.i.l.ClassLoaders$AppClassLoader@3cd1a2f1
14:10:36.112 [main] DEBUG org.aspectj.weaver.loadtime.Aj - 14:10:36.112 main - o.a.w.l.Aj.preProcess o.a.w.l.Aj@b9afc07 j.i.l.ClassLoaders$PlatformClassLoader@1ad282e0, j.i.l.ClassLoaders$AppClassLoader@3cd1a2f1
14:10:36.113 [main] DEBUG o.a.weaver.tools.WeavingAdaptor - 14:10:36.112 main > o.a.w.t.WeavingAdaptor.weaveClass o.a.w.l.ClassLoaderWeavingAdaptor@140e5a13 org/junit/jupiter/api/extension/BeforeEachCallback, byte[613]
14:10:36.113 [main] DEBUG org.aspectj.weaver.bcel.BcelWeaver - 14:10:36.113 main > o.a.w.b.BcelWeaver.weave o.a.w.b.BcelWeaver@48524010 o.a.w.t.WeavingAdaptor$WeavingClassFileProvider@1d50a7ca
14:10:36.113 [main] DEBUG org.aspectj.weaver.bcel.BcelWeaver - 14:10:36.113 main > o.a.w.b.BcelWeaver.weaveAndNotify o.a.w.b.BcelWeaver@48524010 o.a.w.b.UnwovenClassFile@51ab1ee3, o.a.w.b.BcelObjectType@2e766822, o.a.w.t.WeavingAdaptor$WeavingClassFileProvider$1@3003e580
14:10:36.114 [main] DEBUG org.aspectj.weaver.bcel.BcelWeaver - 14:10:36.114 main < o.a.w.b.BcelWeaver.weaveAndNotify
14:10:36.114 [main] DEBUG org.aspectj.weaver.bcel.BcelWeaver - 14:10:36.114 main < o.a.w.b.BcelWeaver.weave java.util.ArrayList(1)
14:10:36.114 [main] DEBUG o.a.weaver.tools.WeavingAdaptor - 14:10:36.114 main < o.a.w.t.WeavingAdaptor.weaveClass byte[613]
14:10:36.114 [main] DEBUG org.aspectj.weaver.Dump - 14:10:36.114 main > o.a.w.Dump.dumpOnExit o.a.w.t.WeavingAdaptor$WeavingAdaptorMessageHolder@6a6afff2
14:10:36.116 [main] DEBUG org.aspectj.weaver.Dump - 14:10:36.116 main > o.a.w.Dump.shouldDumpOnExit o.a.w.t.WeavingAdaptor$WeavingAdaptorMessageHolder@6a6afff2
14:10:36.116 [main] DEBUG org.aspectj.weaver.Dump - 14:10:36.116 main - o.a.w.Dump.shouldDumpOnExit abort
14:10:36.116 [main] DEBUG org.aspectj.weaver.Dump - 14:10:36.116 main < o.a.w.Dump.shouldDumpOnExit false
14:10:36.116 [main] DEBUG org.aspectj.weaver.Dump - 14:10:36.116 main < o.a.w.Dump.dumpOnExit Excluded
14:10:36.116 [main] DEBUG org.aspectj.weaver.loadtime.Aj - 14:10:36.116 main < o.a.w.l.Aj.preProcess byte[613]
14:10:36.136 [main] DEBUG org.aspectj.weaver.loadtime.Aj - 14:10:36.136 main > o.a.w.l.Aj.preProcess o.a.w.l.Aj@b9afc07 org/junit/jupiter/api/Timeout, byte[2852], j.i.l.ClassLoaders$AppClassLoader@3cd1a2f1
14:10:36.136 [main] DEBUG org.aspectj.weaver.loadtime.Aj - 14:10:36.136 main - o.a.w.l.Aj.preProcess o.a.w.l.Aj@b9afc07 j.i.l.ClassLoaders$PlatformClassLoader@1ad282e0, j.i.l.ClassLoaders$AppClassLoader@3cd1a2f1
14:10:36.136 [main] DEBUG o.a.weaver.tools.WeavingAdaptor - 14:10:36.136 main > o.a.w.t.WeavingAdaptor.weaveClass o.a.w.l.ClassLoaderWeavingAdaptor@140e5a13 org/junit/jupiter/api/Timeout, byte[2852]
14:10:36.136 [main] DEBUG org.aspectj.weaver.bcel.BcelWeaver - 14:10:36.136 main > o.a.w.b.BcelWeaver.weave o.a.w.b.BcelWeaver@48524010 o.a.w.t.WeavingAdaptor$WeavingClassFileProvider@5f174dd2
14:10:36.137 [main] DEBUG org.aspectj.weaver.bcel.BcelWeaver - 14:10:36.137 main > o.a.w.b.BcelWeaver.weaveAndNotify o.a.w.b.BcelWeaver@48524010 o.a.w.b.UnwovenClassFile@1945113f, o.a.w.b.BcelObjectType@45aca496, o.a.w.t.WeavingAdaptor$WeavingClassFileProvider$1@697173d9
14:10:36.138 [main] DEBUG org.aspectj.weaver.bcel.BcelWeaver - 14:10:36.138 main < o.a.w.b.BcelWeaver.weaveAndNotify
14:10:36.138 [main] DEBUG org.aspectj.weaver.bcel.BcelWeaver - 14:10:36.138 main < o.a.w.b.BcelWeaver.weave java.util.ArrayList(1)
14:10:36.138 [main] DEBUG o.a.weaver.tools.WeavingAdaptor - 14:10:36.138 main < o.a.w.t.WeavingAdaptor.weaveClass byte[2852]
14:10:36.138 [main] DEBUG org.aspectj.weaver.Dump - 14:10:36.138 main > o.a.w.Dump.dumpOnExit o.a.w.t.WeavingAdaptor$WeavingAdaptorMessageHolder@6a6afff2
14:10:36.138 [main] DEBUG org.aspectj.weaver.Dump - 14:10:36.138 main > o.a.w.Dump.shouldDumpOnExit o.a.w.t.WeavingAdaptor$WeavingAdaptorMessageHolder@6a6afff2
14:10:36.138 [main] DEBUG org.aspectj.weaver.Dump - 14:10:36.138 main - o.a.w.Dump.shouldDumpOnExit abort
14:10:36.138 [main] DEBUG org.aspectj.weaver.Dump - 14:10:36.138 main < o.a.w.Dump.shouldDumpOnExit false
14:10:36.138 [main] DEBUG org.aspectj.weaver.Dump - 14:10:36.138 main < o.a.w.Dump.dumpOnExit Excluded
14:10:36.138 [main] DEBUG org.aspectj.weaver.loadtime.Aj - 14:10:36.138 main < o.a.w.l.Aj.preProcess byte[2852]
14:10:36.140 [main] DEBUG org.aspectj.weaver.loadtime.Aj - 14:10:36.140 main > o.a.w.l.Aj.preProcess o.a.w.l.Aj@b9afc07 org/junit/jupiter/api/extension/ExtensionContext$Namespace, byte[2476], j.i.l.ClassLoaders$AppClassLoader@3cd1a2f1
14:10:36.140 [main] DEBUG org.aspectj.weaver.loadtime.Aj - 14:10:36.140 main - o.a.w.l.Aj.preProcess o.a.w.l.Aj@b9afc07 j.i.l.ClassLoaders$PlatformClassLoader@1ad282e0, j.i.l.ClassLoaders$AppClassLoader@3cd1a2f1
14:10:36.140 [main] DEBUG o.a.weaver.tools.WeavingAdaptor - 14:10:36.140 main > o.a.w.t.WeavingAdaptor.weaveClass o.a.w.l.ClassLoaderWeavingAdaptor@140e5a13 org/junit/jupiter/api/extension/ExtensionContext$Namespace, byte[2476]
14:10:36.140 [main] DEBUG org.aspectj.weaver.bcel.BcelWeaver - 14:10:36.140 main > o.a.w.b.BcelWeaver.weave o.a.w.b.BcelWeaver@48524010 o.a.w.t.WeavingAdaptor$WeavingClassFileProvider@7fb53256
14:10:36.141 [main] DEBUG org.aspectj.weaver.bcel.BcelWeaver - 14:10:36.141 main > o.a.w.b.BcelWeaver.weaveAndNotify o.a.w.b.BcelWeaver@48524010 o.a.w.b.UnwovenClassFile@1d6d1d42, o.a.w.b.BcelObjectType@27329d2a, o.a.w.t.WeavingAdaptor$WeavingClassFileProvider$1@7978e022
14:10:36.141 [main] DEBUG org.aspectj.weaver.bcel.BcelWeaver - 14:10:36.141 main < o.a.w.b.BcelWeaver.weaveAndNotify
14:10:36.141 [main] DEBUG org.aspectj.weaver.bcel.BcelWeaver - 14:10:36.141 main < o.a.w.b.BcelWeaver.weave java.util.ArrayList(1)
14:10:36.141 [main] DEBUG o.a.weaver.tools.WeavingAdaptor - 14:10:36.141 main < o.a.w.t.WeavingAdaptor.weaveClass byte[2476]
14:10:36.141 [main] DEBUG org.aspectj.weaver.Dump - 14:10:36.141 main > o.a.w.Dump.dumpOnExit o.a.w.t.WeavingAdaptor$WeavingAdaptorMessageHolder@6a6afff2
14:10:36.141 [main] DEBUG org.aspectj.weaver.Dump - 14:10:36.141 main > o.a.w.Dump.shouldDumpOnExit o.a.w.t.WeavingAdaptor$WeavingAdaptorMessageHolder@6a6afff2
14:10:36.141 [main] DEBUG org.aspectj.weaver.Dump - 14:10:36.141 main - o.a.w.Dump.shouldDumpOnExit abort
14:10:36.141 [main] DEBUG org.aspectj.weaver.Dump - 14:10:36.141 main < o.a.w.Dump.shouldDumpOnExit false
14:10:36.141 [main] DEBUG org.aspectj.weaver.Dump - 14:10:36.141 main < o.a.w.Dump.dumpOnExit Excluded
14:10:36.141 [main] DEBUG org.aspectj.weaver.loadtime.Aj - 14:10:36.141 main < o.a.w.l.Aj.preProcess byte[2476]
14:10:36.145 [main] DEBUG org.aspectj.weaver.loadtime.Aj - 14:10:36.145 main > o.a.w.l.Aj.preProcess o.a.w.l.Aj@b9afc07 org/junit/jupiter/engine/extension/RepeatedTestExtension, byte[4864], j.i.l.ClassLoaders$AppClassLoader@3cd1a2f1
14:10:36.145 [main] DEBUG org.aspectj.weaver.loadtime.Aj - 14:10:36.145 main - o.a.w.l.Aj.preProcess o.a.w.l.Aj@b9afc07 j.i.l.ClassLoaders$PlatformClassLoader@1ad282e0, j.i.l.ClassLoaders$AppClassLoader@3cd1a2f1
14:10:36.145 [main] DEBUG o.a.weaver.tools.WeavingAdaptor - 14:10:36.145 main > o.a.w.t.WeavingAdaptor.weaveClass o.a.w.l.ClassLoaderWeavingAdaptor@140e5a13 org/junit/jupiter/engine/extension/RepeatedTestExtension, byte[4864]
14:10:36.145 [main] DEBUG org.aspectj.weaver.bcel.BcelWeaver - 14:10:36.145 main > o.a.w.b.BcelWeaver.weave o.a.w.b.BcelWeaver@48524010 o.a.w.t.WeavingAdaptor$WeavingClassFileProvider@36baa049
14:10:36.146 [main] DEBUG org.aspectj.weaver.bcel.BcelWorld - 14:10:36.146 main - o.a.w.b.BcelWorld.lookupJavaClass o.a.w.l.LTWWorld@2b4a2ec7 org.junit.jupiter.api.extension.TestTemplateInvocationContextProvider, o.a.a.b.c.JavaClass@76a805b7
14:10:36.146 [main] DEBUG org.aspectj.weaver.bcel.BcelWeaver - 14:10:36.146 main > o.a.w.b.BcelWeaver.weaveAndNotify o.a.w.b.BcelWeaver@48524010 o.a.w.b.UnwovenClassFile@15f35bc3, o.a.w.b.BcelObjectType@167381c7, o.a.w.t.WeavingAdaptor$WeavingClassFileProvider$1@608b1fd2
14:10:36.153 [main] DEBUG org.aspectj.weaver.bcel.BcelWorld - 14:10:36.153 main - o.a.w.b.BcelWorld.lookupJavaClass o.a.w.l.LTWWorld@2b4a2ec7 org.junit.jupiter.api.RepeatedTest, o.a.a.b.c.JavaClass@6ba060f3
14:10:36.154 [main] DEBUG org.aspectj.weaver.bcel.BcelWorld - 14:10:36.154 main - o.a.w.b.BcelWorld.lookupJavaClass o.a.w.l.LTWWorld@2b4a2ec7 org.junit.jupiter.engine.extension.RepeatedTestDisplayNameFormatter, o.a.a.b.c.JavaClass@48e8c32a
14:10:36.156 [main] DEBUG org.aspectj.weaver.bcel.BcelWorld - 14:10:36.156 main - o.a.w.b.BcelWorld.lookupJavaClass o.a.w.l.LTWWorld@2b4a2ec7 org.junit.jupiter.api.extension.TestTemplateInvocationContext, o.a.a.b.c.JavaClass@411a5965
14:10:36.156 [main] DEBUG org.aspectj.weaver.bcel.BcelWeaver - 14:10:36.156 main < o.a.w.b.BcelWeaver.weaveAndNotify
14:10:36.156 [main] DEBUG org.aspectj.weaver.bcel.BcelWeaver - 14:10:36.156 main < o.a.w.b.BcelWeaver.weave java.util.ArrayList(1)
14:10:36.156 [main] DEBUG o.a.weaver.tools.WeavingAdaptor - 14:10:36.156 main < o.a.w.t.WeavingAdaptor.weaveClass byte[4864]
14:10:36.157 [main] DEBUG org.aspectj.weaver.Dump - 14:10:36.156 main > o.a.w.Dump.dumpOnExit o.a.w.t.WeavingAdaptor$WeavingAdaptorMessageHolder@6a6afff2
14:10:36.157 [main] DEBUG org.aspectj.weaver.Dump - 14:10:36.157 main > o.a.w.Dump.shouldDumpOnExit o.a.w.t.WeavingAdaptor$WeavingAdaptorMessageHolder@6a6afff2
14:10:36.157 [main] DEBUG org.aspectj.weaver.Dump - 14:10:36.157 main - o.a.w.Dump.shouldDumpOnExit abort
14:10:36.157 [main] DEBUG org.aspectj.weaver.Dump - 14:10:36.157 main < o.a.w.Dump.shouldDumpOnExit false
14:10:36.157 [main] DEBUG org.aspectj.weaver.Dump - 14:10:36.157 main < o.a.w.Dump.dumpOnExit Excluded
14:10:36.157 [main] DEBUG org.aspectj.weaver.loadtime.Aj - 14:10:36.157 main < o.a.w.l.Aj.preProcess byte[4864]
14:10:36.158 [main] DEBUG org.aspectj.weaver.loadtime.Aj - 14:10:36.158 main > o.a.w.l.Aj.preProcess o.a.w.l.Aj@b9afc07 org/junit/jupiter/api/extension/TestTemplateInvocationContextProvider, byte[868], j.i.l.ClassLoaders$AppClassLoader@3cd1a2f1
14:10:36.158 [main] DEBUG org.aspectj.weaver.loadtime.Aj - 14:10:36.158 main - o.a.w.l.Aj.preProcess o.a.w.l.Aj@b9afc07 j.i.l.ClassLoaders$PlatformClassLoader@1ad282e0, j.i.l.ClassLoaders$AppClassLoader@3cd1a2f1
14:10:36.159 [main] DEBUG o.a.weaver.tools.WeavingAdaptor - 14:10:36.158 main > o.a.w.t.WeavingAdaptor.weaveClass o.a.w.l.ClassLoaderWeavingAdaptor@140e5a13 org/junit/jupiter/api/extension/TestTemplateInvocationContextProvider, byte[868]
14:10:36.160 [main] DEBUG org.aspectj.weaver.bcel.BcelWeaver - 14:10:36.159 main > o.a.w.b.BcelWeaver.weave o.a.w.b.BcelWeaver@48524010 o.a.w.t.WeavingAdaptor$WeavingClassFileProvider@17aa8a11
14:10:36.161 [main] DEBUG org.aspectj.weaver.bcel.BcelWeaver - 14:10:36.161 main > o.a.w.b.BcelWeaver.weaveAndNotify o.a.w.b.BcelWeaver@48524010 o.a.w.b.UnwovenClassFile@71b639d0, o.a.w.b.BcelObjectType@18a25bbd, o.a.w.t.WeavingAdaptor$WeavingClassFileProvider$1@5d5b9ecb
14:10:36.161 [main] DEBUG org.aspectj.weaver.bcel.BcelWeaver - 14:10:36.161 main < o.a.w.b.BcelWeaver.weaveAndNotify
14:10:36.161 [main] DEBUG org.aspectj.weaver.bcel.BcelWeaver - 14:10:36.161 main < o.a.w.b.BcelWeaver.weave java.util.ArrayList(1)
14:10:36.162 [main] DEBUG o.a.weaver.tools.WeavingAdaptor - 14:10:36.161 main < o.a.w.t.WeavingAdaptor.weaveClass byte[868]
14:10:36.162 [main] DEBUG org.aspectj.weaver.Dump - 14:10:36.162 main > o.a.w.Dump.dumpOnExit o.a.w.t.WeavingAdaptor$WeavingAdaptorMessageHolder@6a6afff2
14:10:36.162 [main] DEBUG org.aspectj.weaver.Dump - 14:10:36.162 main > o.a.w.Dump.shouldDumpOnExit o.a.w.t.WeavingAdaptor$WeavingAdaptorMessageHolder@6a6afff2
14:10:36.162 [main] DEBUG org.aspectj.weaver.Dump - 14:10:36.162 main - o.a.w.Dump.shouldDumpOnExit abort
14:10:36.162 [main] DEBUG org.aspectj.weaver.Dump - 14:10:36.162 main < o.a.w.Dump.shouldDumpOnExit false
14:10:36.162 [main] DEBUG org.aspectj.weaver.Dump - 14:10:36.162 main < o.a.w.Dump.dumpOnExit Excluded
14:10:36.162 [main] DEBUG org.aspectj.weaver.loadtime.Aj - 14:10:36.162 main < o.a.w.l.Aj.preProcess byte[868]
14:10:36.163 [main] DEBUG org.aspectj.weaver.loadtime.Aj - 14:10:36.163 main > o.a.w.l.Aj.preProcess o.a.w.l.Aj@b9afc07 org/junit/jupiter/api/extension/TestTemplateInvocationContext, byte[1158], j.i.l.ClassLoaders$AppClassLoader@3cd1a2f1
14:10:36.163 [main] DEBUG org.aspectj.weaver.loadtime.Aj - 14:10:36.163 main - o.a.w.l.Aj.preProcess o.a.w.l.Aj@b9afc07 j.i.l.ClassLoaders$PlatformClassLoader@1ad282e0, j.i.l.ClassLoaders$AppClassLoader@3cd1a2f1
14:10:36.163 [main] DEBUG o.a.weaver.tools.WeavingAdaptor - 14:10:36.163 main > o.a.w.t.WeavingAdaptor.weaveClass o.a.w.l.ClassLoaderWeavingAdaptor@140e5a13 org/junit/jupiter/api/extension/TestTemplateInvocationContext, byte[1158]
14:10:36.164 [main] DEBUG org.aspectj.weaver.bcel.BcelWeaver - 14:10:36.164 main > o.a.w.b.BcelWeaver.weave o.a.w.b.BcelWeaver@48524010 o.a.w.t.WeavingAdaptor$WeavingClassFileProvider@53a84ff4
14:10:36.164 [main] DEBUG org.aspectj.weaver.bcel.BcelWeaver - 14:10:36.164 main > o.a.w.b.BcelWeaver.weaveAndNotify o.a.w.b.BcelWeaver@48524010 o.a.w.b.UnwovenClassFile@7ce85af2, o.a.w.b.BcelObjectType@316acbb5, o.a.w.t.WeavingAdaptor$WeavingClassFileProvider$1@56f730b2
14:10:36.164 [main] DEBUG org.aspectj.weaver.bcel.BcelWeaver - 14:10:36.164 main < o.a.w.b.BcelWeaver.weaveAndNotify
14:10:36.164 [main] DEBUG org.aspectj.weaver.bcel.BcelWeaver - 14:10:36.164 main < o.a.w.b.BcelWeaver.weave java.util.ArrayList(1)
14:10:36.164 [main] DEBUG o.a.weaver.tools.WeavingAdaptor - 14:10:36.164 main < o.a.w.t.WeavingAdaptor.weaveClass byte[1158]
14:10:36.164 [main] DEBUG org.aspectj.weaver.Dump - 14:10:36.164 main > o.a.w.Dump.dumpOnExit o.a.w.t.WeavingAdaptor$WeavingAdaptorMessageHolder@6a6afff2
14:10:36.164 [main] DEBUG org.aspectj.weaver.Dump - 14:10:36.164 main > o.a.w.Dump.shouldDumpOnExit o.a.w.t.WeavingAdaptor$WeavingAdaptorMessageHolder@6a6afff2
14:10:36.164 [main] DEBUG org.aspectj.weaver.Dump - 14:10:36.164 main - o.a.w.Dump.shouldDumpOnExit abort
14:10:36.164 [main] DEBUG org.aspectj.weaver.Dump - 14:10:36.164 main < o.a.w.Dump.shouldDumpOnExit false
14:10:36.164 [main] DEBUG org.aspectj.weaver.Dump - 14:10:36.164 main < o.a.w.Dump.dumpOnExit Excluded
14:10:36.164 [main] DEBUG org.aspectj.weaver.loadtime.Aj - 14:10:36.164 main < o.a.w.l.Aj.preProcess byte[1158]
14:10:36.166 [main] DEBUG org.aspectj.weaver.loadtime.Aj - 14:10:36.166 main > o.a.w.l.Aj.preProcess o.a.w.l.Aj@b9afc07 org/junit/jupiter/engine/extension/TestInfoParameterResolver, byte[1767], j.i.l.ClassLoaders$AppClassLoader@3cd1a2f1
14:10:36.166 [main] DEBUG org.aspectj.weaver.loadtime.Aj - 14:10:36.166 main - o.a.w.l.Aj.preProcess o.a.w.l.Aj@b9afc07 j.i.l.ClassLoaders$PlatformClassLoader@1ad282e0, j.i.l.ClassLoaders$AppClassLoader@3cd1a2f1
14:10:36.166 [main] DEBUG o.a.weaver.tools.WeavingAdaptor - 14:10:36.166 main > o.a.w.t.WeavingAdaptor.weaveClass o.a.w.l.ClassLoaderWeavingAdaptor@140e5a13 org/junit/jupiter/engine/extension/TestInfoParameterResolver, byte[1767]
14:10:36.166 [main] DEBUG org.aspectj.weaver.bcel.BcelWeaver - 14:10:36.166 main > o.a.w.b.BcelWeaver.weave o.a.w.b.BcelWeaver@48524010 o.a.w.t.WeavingAdaptor$WeavingClassFileProvider@717d7587
14:10:36.167 [main] DEBUG org.aspectj.weaver.bcel.BcelWorld - 14:10:36.167 main - o.a.w.b.BcelWorld.lookupJavaClass o.a.w.l.LTWWorld@2b4a2ec7 org.junit.jupiter.api.extension.ParameterResolver, o.a.a.b.c.JavaClass@5b7aa898
14:10:36.168 [main] DEBUG org.aspectj.weaver.bcel.BcelWeaver - 14:10:36.167 main > o.a.w.b.BcelWeaver.weaveAndNotify o.a.w.b.BcelWeaver@48524010 o.a.w.b.UnwovenClassFile@41b13f3d, o.a.w.b.BcelObjectType@7c0777b5, o.a.w.t.WeavingAdaptor$WeavingClassFileProvider$1@2489e84a
14:10:36.170 [main] DEBUG org.aspectj.weaver.bcel.BcelWorld - 14:10:36.170 main - o.a.w.b.BcelWorld.lookupJavaClass o.a.w.l.LTWWorld@2b4a2ec7 org.junit.jupiter.api.extension.ParameterContext, o.a.a.b.c.JavaClass@4e642ee1
14:10:36.172 [main] DEBUG org.aspectj.weaver.bcel.BcelWorld - 14:10:36.171 main - o.a.w.b.BcelWorld.lookupJavaClass o.a.w.l.LTWWorld@2b4a2ec7 org.junit.jupiter.api.TestInfo, o.a.a.b.c.JavaClass@5731d3a
14:10:36.172 [main] DEBUG org.aspectj.weaver.bcel.BcelWeaver - 14:10:36.172 main < o.a.w.b.BcelWeaver.weaveAndNotify
14:10:36.172 [main] DEBUG org.aspectj.weaver.bcel.BcelWeaver - 14:10:36.172 main < o.a.w.b.BcelWeaver.weave java.util.ArrayList(1)
14:10:36.172 [main] DEBUG o.a.weaver.tools.WeavingAdaptor - 14:10:36.172 main < o.a.w.t.WeavingAdaptor.weaveClass byte[1767]
14:10:36.172 [main] DEBUG org.aspectj.weaver.Dump - 14:10:36.172 main > o.a.w.Dump.dumpOnExit o.a.w.t.WeavingAdaptor$WeavingAdaptorMessageHolder@6a6afff2
14:10:36.172 [main] DEBUG org.aspectj.weaver.Dump - 14:10:36.172 main > o.a.w.Dump.shouldDumpOnExit o.a.w.t.WeavingAdaptor$WeavingAdaptorMessageHolder@6a6afff2
14:10:36.172 [main] DEBUG org.aspectj.weaver.Dump - 14:10:36.172 main - o.a.w.Dump.shouldDumpOnExit abort
14:10:36.172 [main] DEBUG org.aspectj.weaver.Dump - 14:10:36.172 main < o.a.w.Dump.shouldDumpOnExit false
14:10:36.172 [main] DEBUG org.aspectj.weaver.Dump - 14:10:36.172 main < o.a.w.Dump.dumpOnExit Excluded
14:10:36.172 [main] DEBUG org.aspectj.weaver.loadtime.Aj - 14:10:36.172 main < o.a.w.l.Aj.preProcess byte[1767]
14:10:36.173 [main] DEBUG org.aspectj.weaver.loadtime.Aj - 14:10:36.173 main > o.a.w.l.Aj.preProcess o.a.w.l.Aj@b9afc07 org/junit/jupiter/api/extension/ParameterResolver, byte[831], j.i.l.ClassLoaders$AppClassLoader@3cd1a2f1
14:10:36.173 [main] DEBUG org.aspectj.weaver.loadtime.Aj - 14:10:36.173 main - o.a.w.l.Aj.preProcess o.a.w.l.Aj@b9afc07 j.i.l.ClassLoaders$PlatformClassLoader@1ad282e0, j.i.l.ClassLoaders$AppClassLoader@3cd1a2f1
14:10:36.173 [main] DEBUG o.a.weaver.tools.WeavingAdaptor - 14:10:36.173 main > o.a.w.t.WeavingAdaptor.weaveClass o.a.w.l.ClassLoaderWeavingAdaptor@140e5a13 org/junit/jupiter/api/extension/ParameterResolver, byte[831]
14:10:36.174 [main] DEBUG org.aspectj.weaver.bcel.BcelWeaver - 14:10:36.173 main > o.a.w.b.BcelWeaver.weave o.a.w.b.BcelWeaver@48524010 o.a.w.t.WeavingAdaptor$WeavingClassFileProvider@6dc1dc69
14:10:36.174 [main] DEBUG org.aspectj.weaver.bcel.BcelWeaver - 14:10:36.174 main > o.a.w.b.BcelWeaver.weaveAndNotify o.a.w.b.BcelWeaver@48524010 o.a.w.b.UnwovenClassFile@7e9f2c32, o.a.w.b.BcelObjectType@19e0dffe, o.a.w.t.WeavingAdaptor$WeavingClassFileProvider$1@5d4e13e1
14:10:36.174 [main] DEBUG org.aspectj.weaver.bcel.BcelWeaver - 14:10:36.174 main < o.a.w.b.BcelWeaver.weaveAndNotify
14:10:36.174 [main] DEBUG org.aspectj.weaver.bcel.BcelWeaver - 14:10:36.174 main < o.a.w.b.BcelWeaver.weave java.util.ArrayList(1)
14:10:36.174 [main] DEBUG o.a.weaver.tools.WeavingAdaptor - 14:10:36.174 main < o.a.w.t.WeavingAdaptor.weaveClass byte[831]
14:10:36.174 [main] DEBUG org.aspectj.weaver.Dump - 14:10:36.174 main > o.a.w.Dump.dumpOnExit o.a.w.t.WeavingAdaptor$WeavingAdaptorMessageHolder@6a6afff2
14:10:36.174 [main] DEBUG org.aspectj.weaver.Dump - 14:10:36.174 main > o.a.w.Dump.shouldDumpOnExit o.a.w.t.WeavingAdaptor$WeavingAdaptorMessageHolder@6a6afff2
14:10:36.174 [main] DEBUG org.aspectj.weaver.Dump - 14:10:36.174 main - o.a.w.Dump.shouldDumpOnExit abort
14:10:36.174 [main] DEBUG org.aspectj.weaver.Dump - 14:10:36.174 main < o.a.w.Dump.shouldDumpOnExit false
14:10:36.174 [main] DEBUG org.aspectj.weaver.Dump - 14:10:36.174 main < o.a.w.Dump.dumpOnExit Excluded
14:10:36.174 [main] DEBUG org.aspectj.weaver.loadtime.Aj - 14:10:36.174 main < o.a.w.l.Aj.preProcess byte[831]
14:10:36.175 [main] DEBUG org.aspectj.weaver.loadtime.Aj - 14:10:36.175 main > o.a.w.l.Aj.preProcess o.a.w.l.Aj@b9afc07 org/junit/jupiter/api/TestInfo, byte[705], j.i.l.ClassLoaders$AppClassLoader@3cd1a2f1
14:10:36.175 [main] DEBUG org.aspectj.weaver.loadtime.Aj - 14:10:36.175 main - o.a.w.l.Aj.preProcess o.a.w.l.Aj@b9afc07 j.i.l.ClassLoaders$PlatformClassLoader@1ad282e0, j.i.l.ClassLoaders$AppClassLoader@3cd1a2f1
14:10:36.176 [main] DEBUG o.a.weaver.tools.WeavingAdaptor - 14:10:36.176 main > o.a.w.t.WeavingAdaptor.weaveClass o.a.w.l.ClassLoaderWeavingAdaptor@140e5a13 org/junit/jupiter/api/TestInfo, byte[705]
14:10:36.176 [main] DEBUG org.aspectj.weaver.bcel.BcelWeaver - 14:10:36.176 main > o.a.w.b.BcelWeaver.weave o.a.w.b.BcelWeaver@48524010 o.a.w.t.WeavingAdaptor$WeavingClassFileProvider@4694f434
14:10:36.177 [main] DEBUG org.aspectj.weaver.bcel.BcelWeaver - 14:10:36.176 main > o.a.w.b.BcelWeaver.weaveAndNotify o.a.w.b.BcelWeaver@48524010 o.a.w.b.UnwovenClassFile@56928e17, o.a.w.b.BcelObjectType@dd2856e, o.a.w.t.WeavingAdaptor$WeavingClassFileProvider$1@5a49af50
14:10:36.177 [main] DEBUG org.aspectj.weaver.bcel.BcelWeaver - 14:10:36.177 main < o.a.w.b.BcelWeaver.weaveAndNotify
14:10:36.177 [main] DEBUG org.aspectj.weaver.bcel.BcelWeaver - 14:10:36.177 main < o.a.w.b.BcelWeaver.weave java.util.ArrayList(1)
14:10:36.177 [main] DEBUG o.a.weaver.tools.WeavingAdaptor - 14:10:36.177 main < o.a.w.t.WeavingAdaptor.weaveClass byte[705]
14:10:36.177 [main] DEBUG org.aspectj.weaver.Dump - 14:10:36.177 main > o.a.w.Dump.dumpOnExit o.a.w.t.WeavingAdaptor$WeavingAdaptorMessageHolder@6a6afff2
14:10:36.177 [main] DEBUG org.aspectj.weaver.Dump - 14:10:36.177 main > o.a.w.Dump.shouldDumpOnExit o.a.w.t.WeavingAdaptor$WeavingAdaptorMessageHolder@6a6afff2
14:10:36.177 [main] DEBUG org.aspectj.weaver.Dump - 14:10:36.177 main - o.a.w.Dump.shouldDumpOnExit abort
14:10:36.177 [main] DEBUG org.aspectj.weaver.Dump - 14:10:36.177 main < o.a.w.Dump.shouldDumpOnExit false
14:10:36.177 [main] DEBUG org.aspectj.weaver.Dump - 14:10:36.177 main < o.a.w.Dump.dumpOnExit Excluded
14:10:36.177 [main] DEBUG org.aspectj.weaver.loadtime.Aj - 14:10:36.177 main < o.a.w.l.Aj.preProcess byte[705]
14:10:36.179 [main] DEBUG org.aspectj.weaver.loadtime.Aj - 14:10:36.179 main > o.a.w.l.Aj.preProcess o.a.w.l.Aj@b9afc07 org/junit/jupiter/engine/extension/TestReporterParameterResolver, byte[2344], j.i.l.ClassLoaders$AppClassLoader@3cd1a2f1
14:10:36.179 [main] DEBUG org.aspectj.weaver.loadtime.Aj - 14:10:36.179 main - o.a.w.l.Aj.preProcess o.a.w.l.Aj@b9afc07 j.i.l.ClassLoaders$PlatformClassLoader@1ad282e0, j.i.l.ClassLoaders$AppClassLoader@3cd1a2f1
14:10:36.179 [main] DEBUG o.a.weaver.tools.WeavingAdaptor - 14:10:36.179 main > o.a.w.t.WeavingAdaptor.weaveClass o.a.w.l.ClassLoaderWeavingAdaptor@140e5a13 org/junit/jupiter/engine/extension/TestReporterParameterResolver, byte[2344]
14:10:36.180 [main] DEBUG org.aspectj.weaver.bcel.BcelWeaver - 14:10:36.180 main > o.a.w.b.BcelWeaver.weave o.a.w.b.BcelWeaver@48524010 o.a.w.t.WeavingAdaptor$WeavingClassFileProvider@77f905e3
14:10:36.180 [main] DEBUG org.aspectj.weaver.bcel.BcelWeaver - 14:10:36.180 main > o.a.w.b.BcelWeaver.weaveAndNotify o.a.w.b.BcelWeaver@48524010 o.a.w.b.UnwovenClassFile@221a2068, o.a.w.b.BcelObjectType@338766de, o.a.w.t.WeavingAdaptor$WeavingClassFileProvider$1@3b7eac14
14:10:36.181 [main] DEBUG org.aspectj.weaver.bcel.BcelWorld - 14:10:36.181 main - o.a.w.b.BcelWorld.lookupJavaClass o.a.w.l.LTWWorld@2b4a2ec7 org.junit.jupiter.api.TestReporter, o.a.a.b.c.JavaClass@31142d58
14:10:36.181 [main] DEBUG org.aspectj.weaver.bcel.BcelWeaver - 14:10:36.181 main < o.a.w.b.BcelWeaver.weaveAndNotify
14:10:36.181 [main] DEBUG org.aspectj.weaver.bcel.BcelWeaver - 14:10:36.181 main < o.a.w.b.BcelWeaver.weave java.util.ArrayList(1)
14:10:36.182 [main] DEBUG o.a.weaver.tools.WeavingAdaptor - 14:10:36.181 main < o.a.w.t.WeavingAdaptor.weaveClass byte[2344]
14:10:36.182 [main] DEBUG org.aspectj.weaver.Dump - 14:10:36.182 main > o.a.w.Dump.dumpOnExit o.a.w.t.WeavingAdaptor$WeavingAdaptorMessageHolder@6a6afff2
14:10:36.182 [main] DEBUG org.aspectj.weaver.Dump - 14:10:36.182 main > o.a.w.Dump.shouldDumpOnExit o.a.w.t.WeavingAdaptor$WeavingAdaptorMessageHolder@6a6afff2
14:10:36.182 [main] DEBUG org.aspectj.weaver.Dump - 14:10:36.182 main - o.a.w.Dump.shouldDumpOnExit abort
14:10:36.182 [main] DEBUG org.aspectj.weaver.Dump - 14:10:36.182 main < o.a.w.Dump.shouldDumpOnExit false
14:10:36.182 [main] DEBUG org.aspectj.weaver.Dump - 14:10:36.182 main < o.a.w.Dump.dumpOnExit Excluded
14:10:36.182 [main] DEBUG org.aspectj.weaver.loadtime.Aj - 14:10:36.182 main < o.a.w.l.Aj.preProcess byte[2344]
14:10:36.189 [main] DEBUG org.aspectj.weaver.loadtime.Aj - 14:10:36.189 main > o.a.w.l.Aj.preProcess o.a.w.l.Aj@b9afc07 org/junit/jupiter/engine/extension/TempDirectory, byte[13777], j.i.l.ClassLoaders$AppClassLoader@3cd1a2f1
14:10:36.189 [main] DEBUG org.aspectj.weaver.loadtime.Aj - 14:10:36.189 main - o.a.w.l.Aj.preProcess o.a.w.l.Aj@b9afc07 j.i.l.ClassLoaders$PlatformClassLoader@1ad282e0, j.i.l.ClassLoaders$AppClassLoader@3cd1a2f1
14:10:36.189 [main] DEBUG o.a.weaver.tools.WeavingAdaptor - 14:10:36.189 main > o.a.w.t.WeavingAdaptor.weaveClass o.a.w.l.ClassLoaderWeavingAdaptor@140e5a13 org/junit/jupiter/engine/extension/TempDirectory, byte[13777]
14:10:36.190 [main] DEBUG org.aspectj.weaver.bcel.BcelWeaver - 14:10:36.190 main > o.a.w.b.BcelWeaver.weave o.a.w.b.BcelWeaver@48524010 o.a.w.t.WeavingAdaptor$WeavingClassFileProvider@3134153d
14:10:36.190 [main] DEBUG org.aspectj.weaver.bcel.BcelWeaver - 14:10:36.190 main > o.a.w.b.BcelWeaver.weaveAndNotify o.a.w.b.BcelWeaver@48524010 o.a.w.b.UnwovenClassFile@767599a7, o.a.w.b.BcelObjectType@5f5effb0, o.a.w.t.WeavingAdaptor$WeavingClassFileProvider$1@25d0cb3a
14:10:36.191 [main] DEBUG org.aspectj.weaver.bcel.BcelWorld - 14:10:36.191 main - o.a.w.b.BcelWorld.lookupJavaClass o.a.w.l.LTWWorld@2b4a2ec7 org.junit.jupiter.api.io.CleanupMode, o.a.a.b.c.JavaClass@6428591a
14:10:36.192 [main] DEBUG org.aspectj.weaver.bcel.BcelWorld - 14:10:36.192 main - o.a.w.b.BcelWorld.lookupJavaClass o.a.w.l.LTWWorld@2b4a2ec7 org.junit.jupiter.api.io.TempDir, o.a.a.b.c.JavaClass@659feb22
14:10:36.193 [main] DEBUG org.aspectj.weaver.bcel.BcelWorld - 14:10:36.193 main - o.a.w.b.BcelWorld.lookupJavaClass o.a.w.l.LTWWorld@2b4a2ec7 org.junit.jupiter.engine.extension.TempDirectory$Scope, o.a.a.b.c.JavaClass@421def93
14:10:36.194 [main] DEBUG org.aspectj.weaver.bcel.BcelWorld - 14:10:36.194 main - o.a.w.b.BcelWorld.lookupJavaClass o.a.w.l.LTWWorld@2b4a2ec7 org.junit.jupiter.engine.extension.TempDirectory$CloseablePath, o.a.a.b.c.JavaClass@58d6e55a
14:10:36.195 [main] DEBUG org.aspectj.weaver.bcel.BcelWorld - 14:10:36.195 main - o.a.w.b.BcelWorld.lookupJavaClass o.a.w.l.LTWWorld@2b4a2ec7 org.junit.platform.commons.JUnitException, o.a.a.b.c.JavaClass@6f19ac19
14:10:36.195 [main] DEBUG org.aspectj.weaver.bcel.BcelWeaver - 14:10:36.195 main < o.a.w.b.BcelWeaver.weaveAndNotify
14:10:36.195 [main] DEBUG org.aspectj.weaver.bcel.BcelWeaver - 14:10:36.195 main < o.a.w.b.BcelWeaver.weave java.util.ArrayList(1)
14:10:36.195 [main] DEBUG o.a.weaver.tools.WeavingAdaptor - 14:10:36.195 main < o.a.w.t.WeavingAdaptor.weaveClass byte[13777]
14:10:36.195 [main] DEBUG org.aspectj.weaver.Dump - 14:10:36.195 main > o.a.w.Dump.dumpOnExit o.a.w.t.WeavingAdaptor$WeavingAdaptorMessageHolder@6a6afff2
14:10:36.195 [main] DEBUG org.aspectj.weaver.Dump - 14:10:36.195 main > o.a.w.Dump.shouldDumpOnExit o.a.w.t.WeavingAdaptor$WeavingAdaptorMessageHolder@6a6afff2
14:10:36.195 [main] DEBUG org.aspectj.weaver.Dump - 14:10:36.195 main - o.a.w.Dump.shouldDumpOnExit abort
14:10:36.195 [main] DEBUG org.aspectj.weaver.Dump - 14:10:36.195 main < o.a.w.Dump.shouldDumpOnExit false
14:10:36.195 [main] DEBUG org.aspectj.weaver.Dump - 14:10:36.195 main < o.a.w.Dump.dumpOnExit Excluded
14:10:36.195 [main] DEBUG org.aspectj.weaver.loadtime.Aj - 14:10:36.195 main < o.a.w.l.Aj.preProcess byte[13777]
14:10:36.197 [main] DEBUG org.aspectj.weaver.loadtime.Aj - 14:10:36.197 main > o.a.w.l.Aj.preProcess o.a.w.l.Aj@b9afc07 org/junit/jupiter/api/extension/ParameterResolutionException, byte[952], j.i.l.ClassLoaders$AppClassLoader@3cd1a2f1
14:10:36.197 [main] DEBUG org.aspectj.weaver.loadtime.Aj - 14:10:36.197 main - o.a.w.l.Aj.preProcess o.a.w.l.Aj@b9afc07 j.i.l.ClassLoaders$PlatformClassLoader@1ad282e0, j.i.l.ClassLoaders$AppClassLoader@3cd1a2f1
14:10:36.197 [main] DEBUG o.a.weaver.tools.WeavingAdaptor - 14:10:36.197 main > o.a.w.t.WeavingAdaptor.weaveClass o.a.w.l.ClassLoaderWeavingAdaptor@140e5a13 org/junit/jupiter/api/extension/ParameterResolutionException, byte[952]
14:10:36.197 [main] DEBUG org.aspectj.weaver.bcel.BcelWeaver - 14:10:36.197 main > o.a.w.b.BcelWeaver.weave o.a.w.b.BcelWeaver@48524010 o.a.w.t.WeavingAdaptor$WeavingClassFileProvider@f5ce0bb
14:10:36.198 [main] DEBUG org.aspectj.weaver.bcel.BcelWeaver - 14:10:36.197 main > o.a.w.b.BcelWeaver.weaveAndNotify o.a.w.b.BcelWeaver@48524010 o.a.w.b.UnwovenClassFile@47e51549, o.a.w.b.BcelObjectType@101a461c, o.a.w.t.WeavingAdaptor$WeavingClassFileProvider$1@360e9c06
14:10:36.198 [main] DEBUG org.aspectj.weaver.bcel.BcelWeaver - 14:10:36.198 main < o.a.w.b.BcelWeaver.weaveAndNotify
14:10:36.198 [main] DEBUG org.aspectj.weaver.bcel.BcelWeaver - 14:10:36.198 main < o.a.w.b.BcelWeaver.weave java.util.ArrayList(1)
14:10:36.198 [main] DEBUG o.a.weaver.tools.WeavingAdaptor - 14:10:36.198 main < o.a.w.t.WeavingAdaptor.weaveClass byte[952]
14:10:36.198 [main] DEBUG org.aspectj.weaver.Dump - 14:10:36.198 main > o.a.w.Dump.dumpOnExit o.a.w.t.WeavingAdaptor$WeavingAdaptorMessageHolder@6a6afff2
14:10:36.198 [main] DEBUG org.aspectj.weaver.Dump - 14:10:36.198 main > o.a.w.Dump.shouldDumpOnExit o.a.w.t.WeavingAdaptor$WeavingAdaptorMessageHolder@6a6afff2
14:10:36.198 [main] DEBUG org.aspectj.weaver.Dump - 14:10:36.198 main - o.a.w.Dump.shouldDumpOnExit abort
14:10:36.198 [main] DEBUG org.aspectj.weaver.Dump - 14:10:36.198 main < o.a.w.Dump.shouldDumpOnExit false
14:10:36.198 [main] DEBUG org.aspectj.weaver.Dump - 14:10:36.198 main < o.a.w.Dump.dumpOnExit Excluded
14:10:36.198 [main] DEBUG org.aspectj.weaver.loadtime.Aj - 14:10:36.198 main < o.a.w.l.Aj.preProcess byte[952]
14:10:36.200 [main] DEBUG org.aspectj.weaver.loadtime.Aj - 14:10:36.200 main > o.a.w.l.Aj.preProcess o.a.w.l.Aj@b9afc07 org/junit/jupiter/engine/extension/TempDirectory$Scope, byte[1313], j.i.l.ClassLoaders$AppClassLoader@3cd1a2f1
14:10:36.200 [main] DEBUG org.aspectj.weaver.loadtime.Aj - 14:10:36.200 main - o.a.w.l.Aj.preProcess o.a.w.l.Aj@b9afc07 j.i.l.ClassLoaders$PlatformClassLoader@1ad282e0, j.i.l.ClassLoaders$AppClassLoader@3cd1a2f1
14:10:36.200 [main] DEBUG o.a.weaver.tools.WeavingAdaptor - 14:10:36.200 main > o.a.w.t.WeavingAdaptor.weaveClass o.a.w.l.ClassLoaderWeavingAdaptor@140e5a13 org/junit/jupiter/engine/extension/TempDirectory$Scope, byte[1313]
14:10:36.200 [main] DEBUG org.aspectj.weaver.bcel.BcelWeaver - 14:10:36.200 main > o.a.w.b.BcelWeaver.weave o.a.w.b.BcelWeaver@48524010 o.a.w.t.WeavingAdaptor$WeavingClassFileProvider@5edacf20
14:10:36.200 [main] DEBUG org.aspectj.weaver.bcel.BcelWeaver - 14:10:36.200 main > o.a.w.b.BcelWeaver.weaveAndNotify o.a.w.b.BcelWeaver@48524010 o.a.w.b.UnwovenClassFile@16a5eb6d, o.a.w.b.BcelObjectType@7e307087, o.a.w.t.WeavingAdaptor$WeavingClassFileProvider$1@1220ef43
14:10:36.201 [main] DEBUG org.aspectj.weaver.bcel.BcelWeaver - 14:10:36.201 main < o.a.w.b.BcelWeaver.weaveAndNotify
14:10:36.201 [main] DEBUG org.aspectj.weaver.bcel.BcelWeaver - 14:10:36.201 main < o.a.w.b.BcelWeaver.weave java.util.ArrayList(1)
14:10:36.201 [main] DEBUG o.a.weaver.tools.WeavingAdaptor - 14:10:36.201 main < o.a.w.t.WeavingAdaptor.weaveClass byte[1313]
14:10:36.201 [main] DEBUG org.aspectj.weaver.Dump - 14:10:36.201 main > o.a.w.Dump.dumpOnExit o.a.w.t.WeavingAdaptor$WeavingAdaptorMessageHolder@6a6afff2
14:10:36.201 [main] DEBUG org.aspectj.weaver.Dump - 14:10:36.201 main > o.a.w.Dump.shouldDumpOnExit o.a.w.t.WeavingAdaptor$WeavingAdaptorMessageHolder@6a6afff2
14:10:36.201 [main] DEBUG org.aspectj.weaver.Dump - 14:10:36.201 main - o.a.w.Dump.shouldDumpOnExit abort
14:10:36.201 [main] DEBUG org.aspectj.weaver.Dump - 14:10:36.201 main < o.a.w.Dump.shouldDumpOnExit false
14:10:36.201 [main] DEBUG org.aspectj.weaver.Dump - 14:10:36.201 main < o.a.w.Dump.dumpOnExit Excluded
14:10:36.201 [main] DEBUG org.aspectj.weaver.loadtime.Aj - 14:10:36.201 main < o.a.w.l.Aj.preProcess byte[1313]
14:10:36.240 [main] DEBUG org.aspectj.weaver.loadtime.Aj - 14:10:36.240 main > o.a.w.l.Aj.preProcess o.a.w.l.Aj@b9afc07 io/qameta/allure/junit5/AllureJunit5, byte[11065], j.i.l.ClassLoaders$AppClassLoader@3cd1a2f1
14:10:36.240 [main] DEBUG org.aspectj.weaver.loadtime.Aj - 14:10:36.240 main - o.a.w.l.Aj.preProcess o.a.w.l.Aj@b9afc07 j.i.l.ClassLoaders$PlatformClassLoader@1ad282e0, j.i.l.ClassLoaders$AppClassLoader@3cd1a2f1
14:10:36.240 [main] DEBUG o.a.weaver.tools.WeavingAdaptor - 14:10:36.240 main > o.a.w.t.WeavingAdaptor.weaveClass o.a.w.l.ClassLoaderWeavingAdaptor@140e5a13 io/qameta/allure/junit5/AllureJunit5, byte[11065]
14:10:36.240 [main] DEBUG org.aspectj.weaver.bcel.BcelWeaver - 14:10:36.240 main > o.a.w.b.BcelWeaver.weave o.a.w.b.BcelWeaver@48524010 o.a.w.t.WeavingAdaptor$WeavingClassFileProvider@7650ded6
14:10:36.241 [main] DEBUG org.aspectj.weaver.bcel.BcelWeaver - 14:10:36.240 main > o.a.w.b.BcelWeaver.weaveAndNotify o.a.w.b.BcelWeaver@48524010 o.a.w.b.UnwovenClassFile@5034f5dd, o.a.w.b.BcelObjectType@31b7d869, o.a.w.t.WeavingAdaptor$WeavingClassFileProvider$1@6a916402
14:10:36.242 [main] DEBUG org.aspectj.weaver.bcel.BcelWorld - 14:10:36.242 main - o.a.w.b.BcelWorld.lookupJavaClass o.a.w.l.LTWWorld@2b4a2ec7 io.qameta.allure.Param, o.a.a.b.c.JavaClass@3811510
14:10:36.243 [main] DEBUG org.aspectj.weaver.bcel.BcelWeaver - 14:10:36.243 main < o.a.w.b.BcelWeaver.weaveAndNotify
14:10:36.243 [main] DEBUG org.aspectj.weaver.bcel.BcelWeaver - 14:10:36.243 main < o.a.w.b.BcelWeaver.weave java.util.ArrayList(1)
14:10:36.243 [main] DEBUG o.a.weaver.tools.WeavingAdaptor - 14:10:36.243 main < o.a.w.t.WeavingAdaptor.weaveClass byte[11065]
14:10:36.243 [main] DEBUG org.aspectj.weaver.Dump - 14:10:36.243 main > o.a.w.Dump.dumpOnExit o.a.w.t.WeavingAdaptor$WeavingAdaptorMessageHolder@6a6afff2
14:10:36.243 [main] DEBUG org.aspectj.weaver.Dump - 14:10:36.243 main > o.a.w.Dump.shouldDumpOnExit o.a.w.t.WeavingAdaptor$WeavingAdaptorMessageHolder@6a6afff2
14:10:36.243 [main] DEBUG org.aspectj.weaver.Dump - 14:10:36.243 main - o.a.w.Dump.shouldDumpOnExit abort
14:10:36.243 [main] DEBUG org.aspectj.weaver.Dump - 14:10:36.243 main < o.a.w.Dump.shouldDumpOnExit false
14:10:36.243 [main] DEBUG org.aspectj.weaver.Dump - 14:10:36.243 main < o.a.w.Dump.dumpOnExit Excluded
14:10:36.243 [main] DEBUG org.aspectj.weaver.loadtime.Aj - 14:10:36.243 main < o.a.w.l.Aj.preProcess byte[11065]
14:10:36.246 [main] DEBUG org.aspectj.weaver.loadtime.Aj - 14:10:36.246 main > o.a.w.l.Aj.preProcess o.a.w.l.Aj@b9afc07 org/junit/jupiter/engine/execution/DefaultExecutableInvoker, byte[3116], j.i.l.ClassLoaders$AppClassLoader@3cd1a2f1
14:10:36.246 [main] DEBUG org.aspectj.weaver.loadtime.Aj - 14:10:36.246 main - o.a.w.l.Aj.preProcess o.a.w.l.Aj@b9afc07 j.i.l.ClassLoaders$PlatformClassLoader@1ad282e0, j.i.l.ClassLoaders$AppClassLoader@3cd1a2f1
14:10:36.246 [main] DEBUG o.a.weaver.tools.WeavingAdaptor - 14:10:36.246 main > o.a.w.t.WeavingAdaptor.weaveClass o.a.w.l.ClassLoaderWeavingAdaptor@140e5a13 org/junit/jupiter/engine/execution/DefaultExecutableInvoker, byte[3116]
14:10:36.246 [main] DEBUG org.aspectj.weaver.bcel.BcelWeaver - 14:10:36.246 main > o.a.w.b.BcelWeaver.weave o.a.w.b.BcelWeaver@48524010 o.a.w.t.WeavingAdaptor$WeavingClassFileProvider@2e7157c7
14:10:36.247 [main] DEBUG org.aspectj.weaver.bcel.BcelWorld - 14:10:36.247 main - o.a.w.b.BcelWorld.lookupJavaClass o.a.w.l.LTWWorld@2b4a2ec7 org.junit.jupiter.api.extension.ExecutableInvoker, o.a.a.b.c.JavaClass@346f41a9
14:10:36.248 [main] DEBUG org.aspectj.weaver.bcel.BcelWeaver - 14:10:36.248 main > o.a.w.b.BcelWeaver.weaveAndNotify o.a.w.b.BcelWeaver@48524010 o.a.w.b.UnwovenClassFile@1084f78c, o.a.w.b.BcelObjectType@25f723b0, o.a.w.t.WeavingAdaptor$WeavingClassFileProvider$1@4aa11206
14:10:36.248 [main] DEBUG org.aspectj.weaver.bcel.BcelWeaver - 14:10:36.248 main < o.a.w.b.BcelWeaver.weaveAndNotify
14:10:36.248 [main] DEBUG org.aspectj.weaver.bcel.BcelWeaver - 14:10:36.248 main < o.a.w.b.BcelWeaver.weave java.util.ArrayList(1)
14:10:36.248 [main] DEBUG o.a.weaver.tools.WeavingAdaptor - 14:10:36.248 main < o.a.w.t.WeavingAdaptor.weaveClass byte[3116]
14:10:36.249 [main] DEBUG org.aspectj.weaver.Dump - 14:10:36.248 main > o.a.w.Dump.dumpOnExit o.a.w.t.WeavingAdaptor$WeavingAdaptorMessageHolder@6a6afff2
14:10:36.249 [main] DEBUG org.aspectj.weaver.Dump - 14:10:36.249 main > o.a.w.Dump.shouldDumpOnExit o.a.w.t.WeavingAdaptor$WeavingAdaptorMessageHolder@6a6afff2
14:10:36.249 [main] DEBUG org.aspectj.weaver.Dump - 14:10:36.249 main - o.a.w.Dump.shouldDumpOnExit abort
14:10:36.249 [main] DEBUG org.aspectj.weaver.Dump - 14:10:36.249 main < o.a.w.Dump.shouldDumpOnExit false
14:10:36.249 [main] DEBUG org.aspectj.weaver.Dump - 14:10:36.249 main < o.a.w.Dump.dumpOnExit Excluded
14:10:36.249 [main] DEBUG org.aspectj.weaver.loadtime.Aj - 14:10:36.249 main < o.a.w.l.Aj.preProcess byte[3116]
14:10:36.251 [main] DEBUG org.aspectj.weaver.loadtime.Aj - 14:10:36.251 main > o.a.w.l.Aj.preProcess o.a.w.l.Aj@b9afc07 org/junit/jupiter/engine/descriptor/JupiterEngineExtensionContext, byte[3105], j.i.l.ClassLoaders$AppClassLoader@3cd1a2f1
14:10:36.251 [main] DEBUG org.aspectj.weaver.loadtime.Aj - 14:10:36.251 main - o.a.w.l.Aj.preProcess o.a.w.l.Aj@b9afc07 j.i.l.ClassLoaders$PlatformClassLoader@1ad282e0, j.i.l.ClassLoaders$AppClassLoader@3cd1a2f1
14:10:36.251 [main] DEBUG o.a.weaver.tools.WeavingAdaptor - 14:10:36.251 main > o.a.w.t.WeavingAdaptor.weaveClass o.a.w.l.ClassLoaderWeavingAdaptor@140e5a13 org/junit/jupiter/engine/descriptor/JupiterEngineExtensionContext, byte[3105]
14:10:36.251 [main] DEBUG org.aspectj.weaver.bcel.BcelWeaver - 14:10:36.251 main > o.a.w.b.BcelWeaver.weave o.a.w.b.BcelWeaver@48524010 o.a.w.t.WeavingAdaptor$WeavingClassFileProvider@7d21852b
14:10:36.256 [main] DEBUG org.aspectj.weaver.bcel.BcelWorld - 14:10:36.255 main - o.a.w.b.BcelWorld.lookupJavaClass o.a.w.l.LTWWorld@2b4a2ec7 org.junit.jupiter.engine.descriptor.AbstractExtensionContext, o.a.a.b.c.JavaClass@1e95b653
14:10:36.256 [main] DEBUG org.aspectj.weaver.bcel.BcelWeaver - 14:10:36.256 main > o.a.w.b.BcelWeaver.weaveAndNotify o.a.w.b.BcelWeaver@48524010 o.a.w.b.UnwovenClassFile@6f6c6077, o.a.w.b.BcelObjectType@4fc5563d, o.a.w.t.WeavingAdaptor$WeavingClassFileProvider$1@286090c
14:10:36.257 [main] DEBUG org.aspectj.weaver.bcel.BcelWeaver - 14:10:36.257 main < o.a.w.b.BcelWeaver.weaveAndNotify
14:10:36.257 [main] DEBUG org.aspectj.weaver.bcel.BcelWeaver - 14:10:36.257 main < o.a.w.b.BcelWeaver.weave java.util.ArrayList(1)
14:10:36.257 [main] DEBUG o.a.weaver.tools.WeavingAdaptor - 14:10:36.257 main < o.a.w.t.WeavingAdaptor.weaveClass byte[3105]
14:10:36.257 [main] DEBUG org.aspectj.weaver.Dump - 14:10:36.257 main > o.a.w.Dump.dumpOnExit o.a.w.t.WeavingAdaptor$WeavingAdaptorMessageHolder@6a6afff2
14:10:36.257 [main] DEBUG org.aspectj.weaver.Dump - 14:10:36.257 main > o.a.w.Dump.shouldDumpOnExit o.a.w.t.WeavingAdaptor$WeavingAdaptorMessageHolder@6a6afff2
14:10:36.257 [main] DEBUG org.aspectj.weaver.Dump - 14:10:36.257 main - o.a.w.Dump.shouldDumpOnExit abort
14:10:36.257 [main] DEBUG org.aspectj.weaver.Dump - 14:10:36.257 main < o.a.w.Dump.shouldDumpOnExit false
14:10:36.257 [main] DEBUG org.aspectj.weaver.Dump - 14:10:36.257 main < o.a.w.Dump.dumpOnExit Excluded
14:10:36.257 [main] DEBUG org.aspectj.weaver.loadtime.Aj - 14:10:36.257 main < o.a.w.l.Aj.preProcess byte[3105]
14:10:36.258 [main] DEBUG org.aspectj.weaver.loadtime.Aj - 14:10:36.258 main > o.a.w.l.Aj.preProcess o.a.w.l.Aj@b9afc07 org/junit/jupiter/engine/descriptor/AbstractExtensionContext, byte[9277], j.i.l.ClassLoaders$AppClassLoader@3cd1a2f1
14:10:36.258 [main] DEBUG org.aspectj.weaver.loadtime.Aj - 14:10:36.258 main - o.a.w.l.Aj.preProcess o.a.w.l.Aj@b9afc07 j.i.l.ClassLoaders$PlatformClassLoader@1ad282e0, j.i.l.ClassLoaders$AppClassLoader@3cd1a2f1
14:10:36.258 [main] DEBUG o.a.weaver.tools.WeavingAdaptor - 14:10:36.258 main > o.a.w.t.WeavingAdaptor.weaveClass o.a.w.l.ClassLoaderWeavingAdaptor@140e5a13 org/junit/jupiter/engine/descriptor/AbstractExtensionContext, byte[9277]
14:10:36.263 [main] DEBUG org.aspectj.weaver.bcel.BcelWeaver - 14:10:36.262 main > o.a.w.b.BcelWeaver.weave o.a.w.b.BcelWeaver@48524010 o.a.w.t.WeavingAdaptor$WeavingClassFileProvider@4baed682
14:10:36.263 [main] DEBUG org.aspectj.weaver.bcel.BcelWeaver - 14:10:36.263 main > o.a.w.b.BcelWeaver.weaveAndNotify o.a.w.b.BcelWeaver@48524010 o.a.w.b.UnwovenClassFile@7be2f29a, o.a.w.b.BcelObjectType@203d1d93, o.a.w.t.WeavingAdaptor$WeavingClassFileProvider$1@2c2a027c
14:10:36.273 [main] DEBUG org.aspectj.weaver.bcel.BcelWorld - 14:10:36.273 main - o.a.w.b.BcelWorld.lookupJavaClass o.a.w.l.LTWWorld@2b4a2ec7 org.junit.jupiter.engine.execution.ExtensionValuesStore, o.a.a.b.c.JavaClass@49cb1baf
14:10:36.274 [main] DEBUG org.aspectj.weaver.bcel.BcelWorld - 14:10:36.274 main - o.a.w.b.BcelWorld.lookupJavaClass o.a.w.l.LTWWorld@2b4a2ec7 org.junit.jupiter.api.extension.ExtensionContext$Store, o.a.a.b.c.JavaClass@34a2d6e0
14:10:36.274 [main] DEBUG org.aspectj.weaver.bcel.BcelWorld - 14:10:36.274 main - o.a.w.b.BcelWorld.lookupJavaClass o.a.w.l.LTWWorld@2b4a2ec7 java.util.function.Function, o.a.a.b.c.JavaClass@44d52de2
14:10:36.274 [main] DEBUG org.aspectj.weaver.bcel.BcelWorld - 14:10:36.274 main - o.a.w.b.BcelWorld.lookupJavaClass o.a.w.l.LTWWorld@2b4a2ec7 org.junit.jupiter.api.parallel.ExecutionMode, o.a.a.b.c.JavaClass@642505c7
14:10:36.274 [main] DEBUG org.aspectj.weaver.bcel.BcelWeaver - 14:10:36.274 main < o.a.w.b.BcelWeaver.weaveAndNotify
14:10:36.274 [main] DEBUG org.aspectj.weaver.bcel.BcelWeaver - 14:10:36.274 main < o.a.w.b.BcelWeaver.weave java.util.ArrayList(1)
14:10:36.274 [main] DEBUG o.a.weaver.tools.WeavingAdaptor - 14:10:36.274 main < o.a.w.t.WeavingAdaptor.weaveClass byte[9277]
14:10:36.274 [main] DEBUG org.aspectj.weaver.Dump - 14:10:36.274 main > o.a.w.Dump.dumpOnExit o.a.w.t.WeavingAdaptor$WeavingAdaptorMessageHolder@6a6afff2
14:10:36.275 [main] DEBUG org.aspectj.weaver.Dump - 14:10:36.274 main > o.a.w.Dump.shouldDumpOnExit o.a.w.t.WeavingAdaptor$WeavingAdaptorMessageHolder@6a6afff2
14:10:36.275 [main] DEBUG org.aspectj.weaver.Dump - 14:10:36.275 main - o.a.w.Dump.shouldDumpOnExit abort
14:10:36.277 [main] DEBUG org.aspectj.weaver.Dump - 14:10:36.275 main < o.a.w.Dump.shouldDumpOnExit false
14:10:36.277 [main] DEBUG org.aspectj.weaver.Dump - 14:10:36.277 main < o.a.w.Dump.dumpOnExit Excluded
14:10:36.277 [main] DEBUG org.aspectj.weaver.loadtime.Aj - 14:10:36.277 main < o.a.w.l.Aj.preProcess byte[9277]
14:10:36.279 [main] DEBUG org.aspectj.weaver.loadtime.Aj - 14:10:36.279 main > o.a.w.l.Aj.preProcess o.a.w.l.Aj@b9afc07 org/junit/jupiter/api/extension/ExtensionContext$Store, byte[2906], j.i.l.ClassLoaders$AppClassLoader@3cd1a2f1
14:10:36.279 [main] DEBUG org.aspectj.weaver.loadtime.Aj - 14:10:36.279 main - o.a.w.l.Aj.preProcess o.a.w.l.Aj@b9afc07 j.i.l.ClassLoaders$PlatformClassLoader@1ad282e0, j.i.l.ClassLoaders$AppClassLoader@3cd1a2f1
14:10:36.279 [main] DEBUG o.a.weaver.tools.WeavingAdaptor - 14:10:36.279 main > o.a.w.t.WeavingAdaptor.weaveClass o.a.w.l.ClassLoaderWeavingAdaptor@140e5a13 org/junit/jupiter/api/extension/ExtensionContext$Store, byte[2906]
14:10:36.282 [main] DEBUG org.aspectj.weaver.bcel.BcelWeaver - 14:10:36.282 main > o.a.w.b.BcelWeaver.weave o.a.w.b.BcelWeaver@48524010 o.a.w.t.WeavingAdaptor$WeavingClassFileProvider@34b87182
14:10:36.283 [main] DEBUG org.aspectj.weaver.bcel.BcelWeaver - 14:10:36.282 main > o.a.w.b.BcelWeaver.weaveAndNotify o.a.w.b.BcelWeaver@48524010 o.a.w.b.UnwovenClassFile@47768e74, o.a.w.b.BcelObjectType@2740e316, o.a.w.t.WeavingAdaptor$WeavingClassFileProvider$1@5b5a4aed
14:10:36.283 [main] DEBUG org.aspectj.weaver.bcel.BcelWeaver - 14:10:36.283 main < o.a.w.b.BcelWeaver.weaveAndNotify
14:10:36.283 [main] DEBUG org.aspectj.weaver.bcel.BcelWeaver - 14:10:36.283 main < o.a.w.b.BcelWeaver.weave java.util.ArrayList(1)
14:10:36.283 [main] DEBUG o.a.weaver.tools.WeavingAdaptor - 14:10:36.283 main < o.a.w.t.WeavingAdaptor.weaveClass byte[2906]
14:10:36.283 [main] DEBUG org.aspectj.weaver.Dump - 14:10:36.283 main > o.a.w.Dump.dumpOnExit o.a.w.t.WeavingAdaptor$WeavingAdaptorMessageHolder@6a6afff2
14:10:36.283 [main] DEBUG org.aspectj.weaver.Dump - 14:10:36.283 main > o.a.w.Dump.shouldDumpOnExit o.a.w.t.WeavingAdaptor$WeavingAdaptorMessageHolder@6a6afff2
14:10:36.283 [main] DEBUG org.aspectj.weaver.Dump - 14:10:36.283 main - o.a.w.Dump.shouldDumpOnExit abort
14:10:36.283 [main] DEBUG org.aspectj.weaver.Dump - 14:10:36.283 main < o.a.w.Dump.shouldDumpOnExit false
14:10:36.283 [main] DEBUG org.aspectj.weaver.Dump - 14:10:36.283 main < o.a.w.Dump.dumpOnExit Excluded
14:10:36.283 [main] DEBUG org.aspectj.weaver.loadtime.Aj - 14:10:36.283 main < o.a.w.l.Aj.preProcess byte[2906]
14:10:36.286 [main] DEBUG org.aspectj.weaver.loadtime.Aj - 14:10:36.286 main > o.a.w.l.Aj.preProcess o.a.w.l.Aj@b9afc07 org/junit/jupiter/engine/execution/ExtensionValuesStore, byte[11579], j.i.l.ClassLoaders$AppClassLoader@3cd1a2f1
14:10:36.286 [main] DEBUG org.aspectj.weaver.loadtime.Aj - 14:10:36.286 main - o.a.w.l.Aj.preProcess o.a.w.l.Aj@b9afc07 j.i.l.ClassLoaders$PlatformClassLoader@1ad282e0, j.i.l.ClassLoaders$AppClassLoader@3cd1a2f1
14:10:36.286 [main] DEBUG o.a.weaver.tools.WeavingAdaptor - 14:10:36.286 main > o.a.w.t.WeavingAdaptor.weaveClass o.a.w.l.ClassLoaderWeavingAdaptor@140e5a13 org/junit/jupiter/engine/execution/ExtensionValuesStore, byte[11579]
14:10:36.287 [main] DEBUG org.aspectj.weaver.bcel.BcelWeaver - 14:10:36.287 main > o.a.w.b.BcelWeaver.weave o.a.w.b.BcelWeaver@48524010 o.a.w.t.WeavingAdaptor$WeavingClassFileProvider@124d02b2
14:10:36.312 [main] DEBUG org.aspectj.weaver.bcel.BcelWeaver - 14:10:36.312 main > o.a.w.b.BcelWeaver.weaveAndNotify o.a.w.b.BcelWeaver@48524010 o.a.w.b.UnwovenClassFile@3451f01d, o.a.w.b.BcelObjectType@72503b19, o.a.w.t.WeavingAdaptor$WeavingClassFileProvider$1@1cfc2538
14:10:36.330 [main] DEBUG org.aspectj.weaver.bcel.BcelWorld - 14:10:36.330 main - o.a.w.b.BcelWorld.lookupJavaClass o.a.w.l.LTWWorld@2b4a2ec7 java.util.function.Supplier, o.a.a.b.c.JavaClass@68dc098b
14:10:36.331 [main] DEBUG org.aspectj.weaver.bcel.BcelWorld - 14:10:36.331 main - o.a.w.b.BcelWorld.lookupJavaClass o.a.w.l.LTWWorld@2b4a2ec7 org.junit.jupiter.engine.execution.ExtensionValuesStore$StoredValue, o.a.a.b.c.JavaClass@53e76c11
14:10:36.332 [main] DEBUG org.aspectj.weaver.bcel.BcelWorld - 14:10:36.332 main - o.a.w.b.BcelWorld.lookupJavaClass o.a.w.l.LTWWorld@2b4a2ec7 org.junit.jupiter.engine.execution.ExtensionValuesStore$CompositeKey, o.a.a.b.c.JavaClass@6a1d6ef2
14:10:36.333 [main] DEBUG org.aspectj.weaver.bcel.BcelWorld - 14:10:36.333 main - o.a.w.b.BcelWorld.lookupJavaClass o.a.w.l.LTWWorld@2b4a2ec7 org.junit.jupiter.api.extension.ExtensionContext$Store$CloseableResource, o.a.a.b.c.JavaClass@6aa7b67f
14:10:36.333 [main] DEBUG org.aspectj.weaver.bcel.BcelWeaver - 14:10:36.333 main < o.a.w.b.BcelWeaver.weaveAndNotify
14:10:36.333 [main] DEBUG org.aspectj.weaver.bcel.BcelWeaver - 14:10:36.333 main < o.a.w.b.BcelWeaver.weave java.util.ArrayList(1)
14:10:36.333 [main] DEBUG o.a.weaver.tools.WeavingAdaptor - 14:10:36.333 main < o.a.w.t.WeavingAdaptor.weaveClass byte[11579]
14:10:36.333 [main] DEBUG org.aspectj.weaver.Dump - 14:10:36.333 main > o.a.w.Dump.dumpOnExit o.a.w.t.WeavingAdaptor$WeavingAdaptorMessageHolder@6a6afff2
14:10:36.333 [main] DEBUG org.aspectj.weaver.Dump - 14:10:36.333 main > o.a.w.Dump.shouldDumpOnExit o.a.w.t.WeavingAdaptor$WeavingAdaptorMessageHolder@6a6afff2
14:10:36.333 [main] DEBUG org.aspectj.weaver.Dump - 14:10:36.333 main - o.a.w.Dump.shouldDumpOnExit abort
14:10:36.333 [main] DEBUG org.aspectj.weaver.Dump - 14:10:36.333 main < o.a.w.Dump.shouldDumpOnExit false
14:10:36.334 [main] DEBUG org.aspectj.weaver.Dump - 14:10:36.334 main < o.a.w.Dump.dumpOnExit Excluded
14:10:36.334 [main] DEBUG org.aspectj.weaver.loadtime.Aj - 14:10:36.334 main < o.a.w.l.Aj.preProcess byte[11579]
14:10:36.336 [main] DEBUG org.aspectj.weaver.loadtime.Aj - 14:10:36.336 main > o.a.w.l.Aj.preProcess o.a.w.l.Aj@b9afc07 org/junit/jupiter/api/extension/ExtensionContextException, byte[769], j.i.l.ClassLoaders$AppClassLoader@3cd1a2f1
14:10:36.336 [main] DEBUG org.aspectj.weaver.loadtime.Aj - 14:10:36.336 main - o.a.w.l.Aj.preProcess o.a.w.l.Aj@b9afc07 j.i.l.ClassLoaders$PlatformClassLoader@1ad282e0, j.i.l.ClassLoaders$AppClassLoader@3cd1a2f1
14:10:36.336 [main] DEBUG o.a.weaver.tools.WeavingAdaptor - 14:10:36.336 main > o.a.w.t.WeavingAdaptor.weaveClass o.a.w.l.ClassLoaderWeavingAdaptor@140e5a13 org/junit/jupiter/api/extension/ExtensionContextException, byte[769]
14:10:36.337 [main] DEBUG org.aspectj.weaver.bcel.BcelWeaver - 14:10:36.337 main > o.a.w.b.BcelWeaver.weave o.a.w.b.BcelWeaver@48524010 o.a.w.t.WeavingAdaptor$WeavingClassFileProvider@6bee793f
14:10:36.337 [main] DEBUG org.aspectj.weaver.bcel.BcelWeaver - 14:10:36.337 main > o.a.w.b.BcelWeaver.weaveAndNotify o.a.w.b.BcelWeaver@48524010 o.a.w.b.UnwovenClassFile@655f69da, o.a.w.b.BcelObjectType@43b5021c, o.a.w.t.WeavingAdaptor$WeavingClassFileProvider$1@28369db0
14:10:36.337 [main] DEBUG org.aspectj.weaver.bcel.BcelWeaver - 14:10:36.337 main < o.a.w.b.BcelWeaver.weaveAndNotify
14:10:36.337 [main] DEBUG org.aspectj.weaver.bcel.BcelWeaver - 14:10:36.337 main < o.a.w.b.BcelWeaver.weave java.util.ArrayList(1)
14:10:36.337 [main] DEBUG o.a.weaver.tools.WeavingAdaptor - 14:10:36.337 main < o.a.w.t.WeavingAdaptor.weaveClass byte[769]
14:10:36.338 [main] DEBUG org.aspectj.weaver.Dump - 14:10:36.337 main > o.a.w.Dump.dumpOnExit o.a.w.t.WeavingAdaptor$WeavingAdaptorMessageHolder@6a6afff2
14:10:36.338 [main] DEBUG org.aspectj.weaver.Dump - 14:10:36.338 main > o.a.w.Dump.shouldDumpOnExit o.a.w.t.WeavingAdaptor$WeavingAdaptorMessageHolder@6a6afff2
14:10:36.338 [main] DEBUG org.aspectj.weaver.Dump - 14:10:36.338 main - o.a.w.Dump.shouldDumpOnExit abort
14:10:36.338 [main] DEBUG org.aspectj.weaver.Dump - 14:10:36.338 main < o.a.w.Dump.shouldDumpOnExit false
14:10:36.338 [main] DEBUG org.aspectj.weaver.Dump - 14:10:36.338 main < o.a.w.Dump.dumpOnExit Excluded
14:10:36.338 [main] DEBUG org.aspectj.weaver.loadtime.Aj - 14:10:36.338 main < o.a.w.l.Aj.preProcess byte[769]
14:10:36.339 [main] DEBUG org.aspectj.weaver.loadtime.Aj - 14:10:36.339 main > o.a.w.l.Aj.preProcess o.a.w.l.Aj@b9afc07 org/junit/jupiter/engine/execution/ExtensionValuesStore$StoredValue, byte[1598], j.i.l.ClassLoaders$AppClassLoader@3cd1a2f1
14:10:36.339 [main] DEBUG org.aspectj.weaver.loadtime.Aj - 14:10:36.339 main - o.a.w.l.Aj.preProcess o.a.w.l.Aj@b9afc07 j.i.l.ClassLoaders$PlatformClassLoader@1ad282e0, j.i.l.ClassLoaders$AppClassLoader@3cd1a2f1
14:10:36.339 [main] DEBUG o.a.weaver.tools.WeavingAdaptor - 14:10:36.339 main > o.a.w.t.WeavingAdaptor.weaveClass o.a.w.l.ClassLoaderWeavingAdaptor@140e5a13 org/junit/jupiter/engine/execution/ExtensionValuesStore$StoredValue, byte[1598]
14:10:36.340 [main] DEBUG org.aspectj.weaver.bcel.BcelWeaver - 14:10:36.340 main > o.a.w.b.BcelWeaver.weave o.a.w.b.BcelWeaver@48524010 o.a.w.t.WeavingAdaptor$WeavingClassFileProvider@208f0007
14:10:36.340 [main] DEBUG org.aspectj.weaver.bcel.BcelWeaver - 14:10:36.340 main > o.a.w.b.BcelWeaver.weaveAndNotify o.a.w.b.BcelWeaver@48524010 o.a.w.b.UnwovenClassFile@3a90c13c, o.a.w.b.BcelObjectType@39c96e48, o.a.w.t.WeavingAdaptor$WeavingClassFileProvider$1@188598ad
14:10:36.340 [main] DEBUG org.aspectj.weaver.bcel.BcelWeaver - 14:10:36.340 main < o.a.w.b.BcelWeaver.weaveAndNotify
14:10:36.340 [main] DEBUG org.aspectj.weaver.bcel.BcelWeaver - 14:10:36.340 main < o.a.w.b.BcelWeaver.weave java.util.ArrayList(1)
14:10:36.340 [main] DEBUG o.a.weaver.tools.WeavingAdaptor - 14:10:36.340 main < o.a.w.t.WeavingAdaptor.weaveClass byte[1598]
14:10:36.340 [main] DEBUG org.aspectj.weaver.Dump - 14:10:36.340 main > o.a.w.Dump.dumpOnExit o.a.w.t.WeavingAdaptor$WeavingAdaptorMessageHolder@6a6afff2
14:10:36.341 [main] DEBUG org.aspectj.weaver.Dump - 14:10:36.340 main > o.a.w.Dump.shouldDumpOnExit o.a.w.t.WeavingAdaptor$WeavingAdaptorMessageHolder@6a6afff2
14:10:36.341 [main] DEBUG org.aspectj.weaver.Dump - 14:10:36.341 main - o.a.w.Dump.shouldDumpOnExit abort
14:10:36.341 [main] DEBUG org.aspectj.weaver.Dump - 14:10:36.341 main < o.a.w.Dump.shouldDumpOnExit false
14:10:36.341 [main] DEBUG org.aspectj.weaver.Dump - 14:10:36.341 main < o.a.w.Dump.dumpOnExit Excluded
14:10:36.341 [main] DEBUG org.aspectj.weaver.loadtime.Aj - 14:10:36.341 main < o.a.w.l.Aj.preProcess byte[1598]
14:10:36.348 [main] DEBUG org.aspectj.weaver.loadtime.Aj - 14:10:36.348 main > o.a.w.l.Aj.preProcess o.a.w.l.Aj@b9afc07 org/junit/jupiter/engine/execution/JupiterEngineExecutionContext$Builder, byte[3008], j.i.l.ClassLoaders$AppClassLoader@3cd1a2f1
14:10:36.348 [main] DEBUG org.aspectj.weaver.loadtime.Aj - 14:10:36.348 main - o.a.w.l.Aj.preProcess o.a.w.l.Aj@b9afc07 j.i.l.ClassLoaders$PlatformClassLoader@1ad282e0, j.i.l.ClassLoaders$AppClassLoader@3cd1a2f1
14:10:36.348 [main] DEBUG o.a.weaver.tools.WeavingAdaptor - 14:10:36.348 main > o.a.w.t.WeavingAdaptor.weaveClass o.a.w.l.ClassLoaderWeavingAdaptor@140e5a13 org/junit/jupiter/engine/execution/JupiterEngineExecutionContext$Builder, byte[3008]
14:10:36.348 [main] DEBUG org.aspectj.weaver.bcel.BcelWeaver - 14:10:36.348 main > o.a.w.b.BcelWeaver.weave o.a.w.b.BcelWeaver@48524010 o.a.w.t.WeavingAdaptor$WeavingClassFileProvider@5befbac1
14:10:36.348 [main] DEBUG org.aspectj.weaver.bcel.BcelWeaver - 14:10:36.348 main > o.a.w.b.BcelWeaver.weaveAndNotify o.a.w.b.BcelWeaver@48524010 o.a.w.b.UnwovenClassFile@5e9f73b, o.a.w.b.BcelObjectType@1a565afb, o.a.w.t.WeavingAdaptor$WeavingClassFileProvider$1@2fd64b11
14:10:36.349 [main] DEBUG org.aspectj.weaver.bcel.BcelWeaver - 14:10:36.349 main < o.a.w.b.BcelWeaver.weaveAndNotify
14:10:36.349 [main] DEBUG org.aspectj.weaver.bcel.BcelWeaver - 14:10:36.349 main < o.a.w.b.BcelWeaver.weave java.util.ArrayList(1)
14:10:36.349 [main] DEBUG o.a.weaver.tools.WeavingAdaptor - 14:10:36.349 main < o.a.w.t.WeavingAdaptor.weaveClass byte[3008]
14:10:36.349 [main] DEBUG org.aspectj.weaver.Dump - 14:10:36.349 main > o.a.w.Dump.dumpOnExit o.a.w.t.WeavingAdaptor$WeavingAdaptorMessageHolder@6a6afff2
14:10:36.349 [main] DEBUG org.aspectj.weaver.Dump - 14:10:36.349 main > o.a.w.Dump.shouldDumpOnExit o.a.w.t.WeavingAdaptor$WeavingAdaptorMessageHolder@6a6afff2
14:10:36.349 [main] DEBUG org.aspectj.weaver.Dump - 14:10:36.349 main - o.a.w.Dump.shouldDumpOnExit abort
14:10:36.349 [main] DEBUG org.aspectj.weaver.Dump - 14:10:36.349 main < o.a.w.Dump.shouldDumpOnExit false
14:10:36.349 [main] DEBUG org.aspectj.weaver.Dump - 14:10:36.349 main < o.a.w.Dump.dumpOnExit Excluded
14:10:36.349 [main] DEBUG org.aspectj.weaver.loadtime.Aj - 14:10:36.349 main < o.a.w.l.Aj.preProcess byte[3008]
14:10:36.354 [main] DEBUG org.aspectj.weaver.loadtime.Aj - 14:10:36.354 main > o.a.w.l.Aj.preProcess o.a.w.l.Aj@b9afc07 org/junit/platform/engine/support/hierarchical/Node$SkipResult, byte[1908], j.i.l.ClassLoaders$AppClassLoader@3cd1a2f1
14:10:36.355 [main] DEBUG org.aspectj.weaver.loadtime.Aj - 14:10:36.354 main - o.a.w.l.Aj.preProcess o.a.w.l.Aj@b9afc07 j.i.l.ClassLoaders$PlatformClassLoader@1ad282e0, j.i.l.ClassLoaders$AppClassLoader@3cd1a2f1
14:10:36.355 [main] DEBUG o.a.weaver.tools.WeavingAdaptor - 14:10:36.355 main > o.a.w.t.WeavingAdaptor.weaveClass o.a.w.l.ClassLoaderWeavingAdaptor@140e5a13 org/junit/platform/engine/support/hierarchical/Node$SkipResult, byte[1908]
14:10:36.355 [main] DEBUG org.aspectj.weaver.bcel.BcelWeaver - 14:10:36.355 main > o.a.w.b.BcelWeaver.weave o.a.w.b.BcelWeaver@48524010 o.a.w.t.WeavingAdaptor$WeavingClassFileProvider@688a2c09
14:10:36.355 [main] DEBUG org.aspectj.weaver.bcel.BcelWeaver - 14:10:36.355 main > o.a.w.b.BcelWeaver.weaveAndNotify o.a.w.b.BcelWeaver@48524010 o.a.w.b.UnwovenClassFile@5de5e95, o.a.w.b.BcelObjectType@365cdacf, o.a.w.t.WeavingAdaptor$WeavingClassFileProvider$1@303c55fa
14:10:36.356 [main] DEBUG org.aspectj.weaver.bcel.BcelWeaver - 14:10:36.356 main < o.a.w.b.BcelWeaver.weaveAndNotify
14:10:36.356 [main] DEBUG org.aspectj.weaver.bcel.BcelWeaver - 14:10:36.356 main < o.a.w.b.BcelWeaver.weave java.util.ArrayList(1)
14:10:36.356 [main] DEBUG o.a.weaver.tools.WeavingAdaptor - 14:10:36.356 main < o.a.w.t.WeavingAdaptor.weaveClass byte[1908]
14:10:36.356 [main] DEBUG org.aspectj.weaver.Dump - 14:10:36.356 main > o.a.w.Dump.dumpOnExit o.a.w.t.WeavingAdaptor$WeavingAdaptorMessageHolder@6a6afff2
14:10:36.356 [main] DEBUG org.aspectj.weaver.Dump - 14:10:36.356 main > o.a.w.Dump.shouldDumpOnExit o.a.w.t.WeavingAdaptor$WeavingAdaptorMessageHolder@6a6afff2
14:10:36.356 [main] DEBUG org.aspectj.weaver.Dump - 14:10:36.356 main - o.a.w.Dump.shouldDumpOnExit abort
14:10:36.356 [main] DEBUG org.aspectj.weaver.Dump - 14:10:36.356 main < o.a.w.Dump.shouldDumpOnExit false
14:10:36.356 [main] DEBUG org.aspectj.weaver.Dump - 14:10:36.356 main < o.a.w.Dump.dumpOnExit Excluded
14:10:36.356 [main] DEBUG org.aspectj.weaver.loadtime.Aj - 14:10:36.356 main < o.a.w.l.Aj.preProcess byte[1908]
14:10:36.370 [main] DEBUG org.aspectj.weaver.loadtime.Aj - 14:10:36.369 main > o.a.w.l.Aj.preProcess o.a.w.l.Aj@b9afc07 org/junit/platform/engine/support/hierarchical/Node$Invocation, byte[759], j.i.l.ClassLoaders$AppClassLoader@3cd1a2f1
14:10:36.371 [main] DEBUG org.aspectj.weaver.loadtime.Aj - 14:10:36.370 main - o.a.w.l.Aj.preProcess o.a.w.l.Aj@b9afc07 j.i.l.ClassLoaders$PlatformClassLoader@1ad282e0, j.i.l.ClassLoaders$AppClassLoader@3cd1a2f1
14:10:36.371 [main] DEBUG o.a.weaver.tools.WeavingAdaptor - 14:10:36.371 main > o.a.w.t.WeavingAdaptor.weaveClass o.a.w.l.ClassLoaderWeavingAdaptor@140e5a13 org/junit/platform/engine/support/hierarchical/Node$Invocation, byte[759]
14:10:36.373 [main] DEBUG org.aspectj.weaver.bcel.BcelWeaver - 14:10:36.371 main > o.a.w.b.BcelWeaver.weave o.a.w.b.BcelWeaver@48524010 o.a.w.t.WeavingAdaptor$WeavingClassFileProvider@40fa8766
14:10:36.373 [main] DEBUG org.aspectj.weaver.bcel.BcelWeaver - 14:10:36.373 main > o.a.w.b.BcelWeaver.weaveAndNotify o.a.w.b.BcelWeaver@48524010 o.a.w.b.UnwovenClassFile@67774e29, o.a.w.b.BcelObjectType@663f237a, o.a.w.t.WeavingAdaptor$WeavingClassFileProvider$1@5d7399f9
14:10:36.374 [main] DEBUG org.aspectj.weaver.bcel.BcelWeaver - 14:10:36.374 main < o.a.w.b.BcelWeaver.weaveAndNotify
14:10:36.374 [main] DEBUG org.aspectj.weaver.bcel.BcelWeaver - 14:10:36.374 main < o.a.w.b.BcelWeaver.weave java.util.ArrayList(1)
14:10:36.374 [main] DEBUG o.a.weaver.tools.WeavingAdaptor - 14:10:36.374 main < o.a.w.t.WeavingAdaptor.weaveClass byte[759]
14:10:36.374 [main] DEBUG org.aspectj.weaver.Dump - 14:10:36.374 main > o.a.w.Dump.dumpOnExit o.a.w.t.WeavingAdaptor$WeavingAdaptorMessageHolder@6a6afff2
14:10:36.375 [main] DEBUG org.aspectj.weaver.Dump - 14:10:36.374 main > o.a.w.Dump.shouldDumpOnExit o.a.w.t.WeavingAdaptor$WeavingAdaptorMessageHolder@6a6afff2
14:10:36.375 [main] DEBUG org.aspectj.weaver.Dump - 14:10:36.375 main - o.a.w.Dump.shouldDumpOnExit abort
14:10:36.375 [main] DEBUG org.aspectj.weaver.Dump - 14:10:36.375 main < o.a.w.Dump.shouldDumpOnExit false
14:10:36.375 [main] DEBUG org.aspectj.weaver.Dump - 14:10:36.375 main < o.a.w.Dump.dumpOnExit Excluded
14:10:36.375 [main] DEBUG org.aspectj.weaver.loadtime.Aj - 14:10:36.375 main < o.a.w.l.Aj.preProcess byte[759]
14:10:36.380 [main] DEBUG org.aspectj.weaver.loadtime.Aj - 14:10:36.380 main > o.a.w.l.Aj.preProcess o.a.w.l.Aj@b9afc07 org/junit/platform/engine/support/hierarchical/NodeTestTask$DefaultDynamicTestExecutor, byte[8823], j.i.l.ClassLoaders$AppClassLoader@3cd1a2f1
14:10:36.381 [main] DEBUG org.aspectj.weaver.loadtime.Aj - 14:10:36.380 main - o.a.w.l.Aj.preProcess o.a.w.l.Aj@b9afc07 j.i.l.ClassLoaders$PlatformClassLoader@1ad282e0, j.i.l.ClassLoaders$AppClassLoader@3cd1a2f1
14:10:36.381 [main] DEBUG o.a.weaver.tools.WeavingAdaptor - 14:10:36.381 main > o.a.w.t.WeavingAdaptor.weaveClass o.a.w.l.ClassLoaderWeavingAdaptor@140e5a13 org/junit/platform/engine/support/hierarchical/NodeTestTask$DefaultDynamicTestExecutor, byte[8823]
14:10:36.382 [main] DEBUG org.aspectj.weaver.bcel.BcelWeaver - 14:10:36.382 main > o.a.w.b.BcelWeaver.weave o.a.w.b.BcelWeaver@48524010 o.a.w.t.WeavingAdaptor$WeavingClassFileProvider@6d099323
14:10:36.383 [main] DEBUG org.aspectj.weaver.bcel.BcelWeaver - 14:10:36.382 main > o.a.w.b.BcelWeaver.weaveAndNotify o.a.w.b.BcelWeaver@48524010 o.a.w.b.UnwovenClassFile@4ecd00b5, o.a.w.b.BcelObjectType@10947c4e, o.a.w.t.WeavingAdaptor$WeavingClassFileProvider$1@3667faa8
14:10:36.385 [main] DEBUG org.aspectj.weaver.bcel.BcelWorld - 14:10:36.385 main - o.a.w.b.BcelWorld.lookupJavaClass o.a.w.l.LTWWorld@2b4a2ec7 org.junit.platform.engine.support.hierarchical.NodeTestTask$DynamicTaskState, o.a.a.b.c.JavaClass@b46e103
14:10:36.385 [main] DEBUG org.aspectj.weaver.bcel.BcelWeaver - 14:10:36.385 main < o.a.w.b.BcelWeaver.weaveAndNotify
14:10:36.385 [main] DEBUG org.aspectj.weaver.bcel.BcelWeaver - 14:10:36.385 main < o.a.w.b.BcelWeaver.weave java.util.ArrayList(1)
14:10:36.385 [main] DEBUG o.a.weaver.tools.WeavingAdaptor - 14:10:36.385 main < o.a.w.t.WeavingAdaptor.weaveClass byte[8823]
14:10:36.386 [main] DEBUG org.aspectj.weaver.Dump - 14:10:36.385 main > o.a.w.Dump.dumpOnExit o.a.w.t.WeavingAdaptor$WeavingAdaptorMessageHolder@6a6afff2
14:10:36.404 [main] DEBUG org.aspectj.weaver.Dump - 14:10:36.386 main > o.a.w.Dump.shouldDumpOnExit o.a.w.t.WeavingAdaptor$WeavingAdaptorMessageHolder@6a6afff2
14:10:36.404 [main] DEBUG org.aspectj.weaver.Dump - 14:10:36.404 main - o.a.w.Dump.shouldDumpOnExit abort
14:10:36.404 [main] DEBUG org.aspectj.weaver.Dump - 14:10:36.404 main < o.a.w.Dump.shouldDumpOnExit false
14:10:36.404 [main] DEBUG org.aspectj.weaver.Dump - 14:10:36.404 main < o.a.w.Dump.dumpOnExit Excluded
14:10:36.404 [main] DEBUG org.aspectj.weaver.loadtime.Aj - 14:10:36.404 main < o.a.w.l.Aj.preProcess byte[8823]
14:10:36.409 [main] DEBUG org.aspectj.weaver.loadtime.Aj - 14:10:36.409 main > o.a.w.l.Aj.preProcess o.a.w.l.Aj@b9afc07 org/junit/jupiter/engine/descriptor/ExtensionUtils, byte[11443], j.i.l.ClassLoaders$AppClassLoader@3cd1a2f1
14:10:36.410 [main] DEBUG org.aspectj.weaver.loadtime.Aj - 14:10:36.409 main - o.a.w.l.Aj.preProcess o.a.w.l.Aj@b9afc07 j.i.l.ClassLoaders$PlatformClassLoader@1ad282e0, j.i.l.ClassLoaders$AppClassLoader@3cd1a2f1
14:10:36.410 [main] DEBUG o.a.weaver.tools.WeavingAdaptor - 14:10:36.410 main > o.a.w.t.WeavingAdaptor.weaveClass o.a.w.l.ClassLoaderWeavingAdaptor@140e5a13 org/junit/jupiter/engine/descriptor/ExtensionUtils, byte[11443]
14:10:36.411 [main] DEBUG org.aspectj.weaver.bcel.BcelWeaver - 14:10:36.410 main > o.a.w.b.BcelWeaver.weave o.a.w.b.BcelWeaver@48524010 o.a.w.t.WeavingAdaptor$WeavingClassFileProvider@705a8dbc
14:10:36.412 [main] DEBUG org.aspectj.weaver.bcel.BcelWeaver - 14:10:36.411 main > o.a.w.b.BcelWeaver.weaveAndNotify o.a.w.b.BcelWeaver@48524010 o.a.w.b.UnwovenClassFile@40729f01, o.a.w.b.BcelObjectType@d535a3d, o.a.w.t.WeavingAdaptor$WeavingClassFileProvider$1@2d760326
14:10:36.415 [main] DEBUG org.aspectj.weaver.bcel.BcelWorld - 14:10:36.414 main - o.a.w.b.BcelWorld.lookupJavaClass o.a.w.l.LTWWorld@2b4a2ec7 java.lang.reflect.Executable, o.a.a.b.c.JavaClass@5dbb50f3
14:10:36.415 [main] DEBUG org.aspectj.weaver.bcel.BcelWorld - 14:10:36.415 main - o.a.w.b.BcelWorld.lookupJavaClass o.a.w.l.LTWWorld@2b4a2ec7 java.util.concurrent.atomic.AtomicInteger, o.a.a.b.c.JavaClass@4b2d44bc
14:10:36.415 [main] DEBUG org.aspectj.weaver.bcel.BcelWorld - 14:10:36.415 main - o.a.w.b.BcelWorld.lookupJavaClass o.a.w.l.LTWWorld@2b4a2ec7 java.lang.reflect.Parameter, o.a.a.b.c.JavaClass@46185a1b
14:10:36.415 [main] DEBUG org.aspectj.weaver.bcel.BcelWeaver - 14:10:36.415 main < o.a.w.b.BcelWeaver.weaveAndNotify
14:10:36.415 [main] DEBUG org.aspectj.weaver.bcel.BcelWeaver - 14:10:36.415 main < o.a.w.b.BcelWeaver.weave java.util.ArrayList(1)
14:10:36.415 [main] DEBUG o.a.weaver.tools.WeavingAdaptor - 14:10:36.415 main < o.a.w.t.WeavingAdaptor.weaveClass byte[11443]
14:10:36.415 [main] DEBUG org.aspectj.weaver.Dump - 14:10:36.415 main > o.a.w.Dump.dumpOnExit o.a.w.t.WeavingAdaptor$WeavingAdaptorMessageHolder@6a6afff2
14:10:36.416 [main] DEBUG org.aspectj.weaver.Dump - 14:10:36.416 main > o.a.w.Dump.shouldDumpOnExit o.a.w.t.WeavingAdaptor$WeavingAdaptorMessageHolder@6a6afff2
14:10:36.416 [main] DEBUG org.aspectj.weaver.Dump - 14:10:36.416 main - o.a.w.Dump.shouldDumpOnExit abort
14:10:36.416 [main] DEBUG org.aspectj.weaver.Dump - 14:10:36.416 main < o.a.w.Dump.shouldDumpOnExit false
14:10:36.416 [main] DEBUG org.aspectj.weaver.Dump - 14:10:36.416 main < o.a.w.Dump.dumpOnExit Excluded
14:10:36.416 [main] DEBUG org.aspectj.weaver.loadtime.Aj - 14:10:36.416 main < o.a.w.l.Aj.preProcess byte[11443]
14:10:36.429 [main] DEBUG org.aspectj.weaver.loadtime.Aj - 14:10:36.429 main > o.a.w.l.Aj.preProcess o.a.w.l.Aj@b9afc07 org/junit/jupiter/api/extension/ExtendWith, byte[954], j.i.l.ClassLoaders$AppClassLoader@3cd1a2f1
14:10:36.429 [main] DEBUG org.aspectj.weaver.loadtime.Aj - 14:10:36.429 main - o.a.w.l.Aj.preProcess o.a.w.l.Aj@b9afc07 j.i.l.ClassLoaders$PlatformClassLoader@1ad282e0, j.i.l.ClassLoaders$AppClassLoader@3cd1a2f1
14:10:36.429 [main] DEBUG o.a.weaver.tools.WeavingAdaptor - 14:10:36.429 main > o.a.w.t.WeavingAdaptor.weaveClass o.a.w.l.ClassLoaderWeavingAdaptor@140e5a13 org/junit/jupiter/api/extension/ExtendWith, byte[954]
14:10:36.429 [main] DEBUG org.aspectj.weaver.bcel.BcelWeaver - 14:10:36.429 main > o.a.w.b.BcelWeaver.weave o.a.w.b.BcelWeaver@48524010 o.a.w.t.WeavingAdaptor$WeavingClassFileProvider@3e36b7a0
14:10:36.430 [main] DEBUG org.aspectj.weaver.bcel.BcelWeaver - 14:10:36.429 main > o.a.w.b.BcelWeaver.weaveAndNotify o.a.w.b.BcelWeaver@48524010 o.a.w.b.UnwovenClassFile@60c1663c, o.a.w.b.BcelObjectType@f5cf29b, o.a.w.t.WeavingAdaptor$WeavingClassFileProvider$1@3c66b7d8
14:10:36.430 [main] DEBUG org.aspectj.weaver.bcel.BcelWeaver - 14:10:36.430 main < o.a.w.b.BcelWeaver.weaveAndNotify
14:10:36.430 [main] DEBUG org.aspectj.weaver.bcel.BcelWeaver - 14:10:36.430 main < o.a.w.b.BcelWeaver.weave java.util.ArrayList(1)
14:10:36.430 [main] DEBUG o.a.weaver.tools.WeavingAdaptor - 14:10:36.430 main < o.a.w.t.WeavingAdaptor.weaveClass byte[954]
14:10:36.430 [main] DEBUG org.aspectj.weaver.Dump - 14:10:36.430 main > o.a.w.Dump.dumpOnExit o.a.w.t.WeavingAdaptor$WeavingAdaptorMessageHolder@6a6afff2
14:10:36.430 [main] DEBUG org.aspectj.weaver.Dump - 14:10:36.430 main > o.a.w.Dump.shouldDumpOnExit o.a.w.t.WeavingAdaptor$WeavingAdaptorMessageHolder@6a6afff2
14:10:36.430 [main] DEBUG org.aspectj.weaver.Dump - 14:10:36.430 main - o.a.w.Dump.shouldDumpOnExit abort
14:10:36.430 [main] DEBUG org.aspectj.weaver.Dump - 14:10:36.430 main < o.a.w.Dump.shouldDumpOnExit false
14:10:36.430 [main] DEBUG org.aspectj.weaver.Dump - 14:10:36.430 main < o.a.w.Dump.dumpOnExit Excluded
14:10:36.430 [main] DEBUG org.aspectj.weaver.loadtime.Aj - 14:10:36.430 main < o.a.w.l.Aj.preProcess byte[954]
14:10:36.433 [main] DEBUG org.aspectj.weaver.loadtime.Aj - 14:10:36.433 main > o.a.w.l.Aj.preProcess o.a.w.l.Aj@b9afc07 org/junit/jupiter/api/extension/Extensions, byte[770], j.i.l.ClassLoaders$AppClassLoader@3cd1a2f1
14:10:36.433 [main] DEBUG org.aspectj.weaver.loadtime.Aj - 14:10:36.433 main - o.a.w.l.Aj.preProcess o.a.w.l.Aj@b9afc07 j.i.l.ClassLoaders$PlatformClassLoader@1ad282e0, j.i.l.ClassLoaders$AppClassLoader@3cd1a2f1
14:10:36.433 [main] DEBUG o.a.weaver.tools.WeavingAdaptor - 14:10:36.433 main > o.a.w.t.WeavingAdaptor.weaveClass o.a.w.l.ClassLoaderWeavingAdaptor@140e5a13 org/junit/jupiter/api/extension/Extensions, byte[770]
14:10:36.434 [main] DEBUG org.aspectj.weaver.bcel.BcelWeaver - 14:10:36.434 main > o.a.w.b.BcelWeaver.weave o.a.w.b.BcelWeaver@48524010 o.a.w.t.WeavingAdaptor$WeavingClassFileProvider@3d0cac1f
14:10:36.434 [main] DEBUG org.aspectj.weaver.bcel.BcelWeaver - 14:10:36.434 main > o.a.w.b.BcelWeaver.weaveAndNotify o.a.w.b.BcelWeaver@48524010 o.a.w.b.UnwovenClassFile@3e8b3b79, o.a.w.b.BcelObjectType@d257579, o.a.w.t.WeavingAdaptor$WeavingClassFileProvider$1@518ddd3b
14:10:36.437 [main] DEBUG org.aspectj.weaver.bcel.BcelWeaver - 14:10:36.437 main < o.a.w.b.BcelWeaver.weaveAndNotify
14:10:36.437 [main] DEBUG org.aspectj.weaver.bcel.BcelWeaver - 14:10:36.437 main < o.a.w.b.BcelWeaver.weave java.util.ArrayList(1)
14:10:36.437 [main] DEBUG o.a.weaver.tools.WeavingAdaptor - 14:10:36.437 main < o.a.w.t.WeavingAdaptor.weaveClass byte[770]
14:10:36.437 [main] DEBUG org.aspectj.weaver.Dump - 14:10:36.437 main > o.a.w.Dump.dumpOnExit o.a.w.t.WeavingAdaptor$WeavingAdaptorMessageHolder@6a6afff2
14:10:36.438 [main] DEBUG org.aspectj.weaver.Dump - 14:10:36.437 main > o.a.w.Dump.shouldDumpOnExit o.a.w.t.WeavingAdaptor$WeavingAdaptorMessageHolder@6a6afff2
14:10:36.438 [main] DEBUG org.aspectj.weaver.Dump - 14:10:36.438 main - o.a.w.Dump.shouldDumpOnExit abort
14:10:36.438 [main] DEBUG org.aspectj.weaver.Dump - 14:10:36.438 main < o.a.w.Dump.shouldDumpOnExit false
14:10:36.438 [main] DEBUG org.aspectj.weaver.Dump - 14:10:36.438 main < o.a.w.Dump.dumpOnExit Excluded
14:10:36.438 [main] DEBUG org.aspectj.weaver.loadtime.Aj - 14:10:36.438 main < o.a.w.l.Aj.preProcess byte[770]
14:10:36.487 [main] DEBUG org.aspectj.weaver.loadtime.Aj - 14:10:36.485 main > o.a.w.l.Aj.preProcess o.a.w.l.Aj@b9afc07 org/junit/jupiter/api/extension/RegisterExtension, byte[674], j.i.l.ClassLoaders$AppClassLoader@3cd1a2f1
14:10:36.487 [main] DEBUG org.aspectj.weaver.loadtime.Aj - 14:10:36.487 main - o.a.w.l.Aj.preProcess o.a.w.l.Aj@b9afc07 j.i.l.ClassLoaders$PlatformClassLoader@1ad282e0, j.i.l.ClassLoaders$AppClassLoader@3cd1a2f1
14:10:36.487 [main] DEBUG o.a.weaver.tools.WeavingAdaptor - 14:10:36.487 main > o.a.w.t.WeavingAdaptor.weaveClass o.a.w.l.ClassLoaderWeavingAdaptor@140e5a13 org/junit/jupiter/api/extension/RegisterExtension, byte[674]
14:10:36.487 [main] DEBUG org.aspectj.weaver.bcel.BcelWeaver - 14:10:36.487 main > o.a.w.b.BcelWeaver.weave o.a.w.b.BcelWeaver@48524010 o.a.w.t.WeavingAdaptor$WeavingClassFileProvider@7102ac3e
14:10:36.487 [main] DEBUG org.aspectj.weaver.bcel.BcelWeaver - 14:10:36.487 main > o.a.w.b.BcelWeaver.weaveAndNotify o.a.w.b.BcelWeaver@48524010 o.a.w.b.UnwovenClassFile@3f598450, o.a.w.b.BcelObjectType@2db2a05f, o.a.w.t.WeavingAdaptor$WeavingClassFileProvider$1@695c938d
14:10:36.488 [main] DEBUG org.aspectj.weaver.bcel.BcelWeaver - 14:10:36.488 main < o.a.w.b.BcelWeaver.weaveAndNotify
14:10:36.488 [main] DEBUG org.aspectj.weaver.bcel.BcelWeaver - 14:10:36.488 main < o.a.w.b.BcelWeaver.weave java.util.ArrayList(1)
14:10:36.488 [main] DEBUG o.a.weaver.tools.WeavingAdaptor - 14:10:36.488 main < o.a.w.t.WeavingAdaptor.weaveClass byte[674]
14:10:36.488 [main] DEBUG org.aspectj.weaver.Dump - 14:10:36.488 main > o.a.w.Dump.dumpOnExit o.a.w.t.WeavingAdaptor$WeavingAdaptorMessageHolder@6a6afff2
14:10:36.488 [main] DEBUG org.aspectj.weaver.Dump - 14:10:36.488 main > o.a.w.Dump.shouldDumpOnExit o.a.w.t.WeavingAdaptor$WeavingAdaptorMessageHolder@6a6afff2
14:10:36.488 [main] DEBUG org.aspectj.weaver.Dump - 14:10:36.488 main - o.a.w.Dump.shouldDumpOnExit abort
14:10:36.488 [main] DEBUG org.aspectj.weaver.Dump - 14:10:36.488 main < o.a.w.Dump.shouldDumpOnExit false
14:10:36.488 [main] DEBUG org.aspectj.weaver.Dump - 14:10:36.488 main < o.a.w.Dump.dumpOnExit Excluded
14:10:36.488 [main] DEBUG org.aspectj.weaver.loadtime.Aj - 14:10:36.488 main < o.a.w.l.Aj.preProcess byte[674]
14:10:36.492 [main] DEBUG org.aspectj.weaver.loadtime.Aj - 14:10:36.492 main > o.a.w.l.Aj.preProcess o.a.w.l.Aj@b9afc07 org/junit/jupiter/api/extension/TestInstanceFactory, byte[739], j.i.l.ClassLoaders$AppClassLoader@3cd1a2f1
14:10:36.492 [main] DEBUG org.aspectj.weaver.loadtime.Aj - 14:10:36.492 main - o.a.w.l.Aj.preProcess o.a.w.l.Aj@b9afc07 j.i.l.ClassLoaders$PlatformClassLoader@1ad282e0, j.i.l.ClassLoaders$AppClassLoader@3cd1a2f1
14:10:36.492 [main] DEBUG o.a.weaver.tools.WeavingAdaptor - 14:10:36.492 main > o.a.w.t.WeavingAdaptor.weaveClass o.a.w.l.ClassLoaderWeavingAdaptor@140e5a13 org/junit/jupiter/api/extension/TestInstanceFactory, byte[739]
14:10:36.492 [main] DEBUG org.aspectj.weaver.bcel.BcelWeaver - 14:10:36.492 main > o.a.w.b.BcelWeaver.weave o.a.w.b.BcelWeaver@48524010 o.a.w.t.WeavingAdaptor$WeavingClassFileProvider@4b960b5b
14:10:36.492 [main] DEBUG org.aspectj.weaver.bcel.BcelWeaver - 14:10:36.492 main > o.a.w.b.BcelWeaver.weaveAndNotify o.a.w.b.BcelWeaver@48524010 o.a.w.b.UnwovenClassFile@1b13467c, o.a.w.b.BcelObjectType@7bd96822, o.a.w.t.WeavingAdaptor$WeavingClassFileProvider$1@64dae3b7
14:10:36.493 [main] DEBUG org.aspectj.weaver.bcel.BcelWeaver - 14:10:36.493 main < o.a.w.b.BcelWeaver.weaveAndNotify
14:10:36.493 [main] DEBUG org.aspectj.weaver.bcel.BcelWeaver - 14:10:36.493 main < o.a.w.b.BcelWeaver.weave java.util.ArrayList(1)
14:10:36.493 [main] DEBUG o.a.weaver.tools.WeavingAdaptor - 14:10:36.493 main < o.a.w.t.WeavingAdaptor.weaveClass byte[739]
14:10:36.493 [main] DEBUG org.aspectj.weaver.Dump - 14:10:36.493 main > o.a.w.Dump.dumpOnExit o.a.w.t.WeavingAdaptor$WeavingAdaptorMessageHolder@6a6afff2
14:10:36.493 [main] DEBUG org.aspectj.weaver.Dump - 14:10:36.493 main > o.a.w.Dump.shouldDumpOnExit o.a.w.t.WeavingAdaptor$WeavingAdaptorMessageHolder@6a6afff2
14:10:36.493 [main] DEBUG org.aspectj.weaver.Dump - 14:10:36.493 main - o.a.w.Dump.shouldDumpOnExit abort
14:10:36.493 [main] DEBUG org.aspectj.weaver.Dump - 14:10:36.493 main < o.a.w.Dump.shouldDumpOnExit false
14:10:36.493 [main] DEBUG org.aspectj.weaver.Dump - 14:10:36.493 main < o.a.w.Dump.dumpOnExit Excluded
14:10:36.493 [main] DEBUG org.aspectj.weaver.loadtime.Aj - 14:10:36.493 main < o.a.w.l.Aj.preProcess byte[739]
14:10:36.510 [main] DEBUG org.aspectj.weaver.loadtime.Aj - 14:10:36.510 main > o.a.w.l.Aj.preProcess o.a.w.l.Aj@b9afc07 org/junit/jupiter/engine/descriptor/LifecycleMethodUtils, byte[6046], j.i.l.ClassLoaders$AppClassLoader@3cd1a2f1
14:10:36.510 [main] DEBUG org.aspectj.weaver.loadtime.Aj - 14:10:36.510 main - o.a.w.l.Aj.preProcess o.a.w.l.Aj@b9afc07 j.i.l.ClassLoaders$PlatformClassLoader@1ad282e0, j.i.l.ClassLoaders$AppClassLoader@3cd1a2f1
14:10:36.510 [main] DEBUG o.a.weaver.tools.WeavingAdaptor - 14:10:36.510 main > o.a.w.t.WeavingAdaptor.weaveClass o.a.w.l.ClassLoaderWeavingAdaptor@140e5a13 org/junit/jupiter/engine/descriptor/LifecycleMethodUtils, byte[6046]
14:10:36.510 [main] DEBUG org.aspectj.weaver.bcel.BcelWeaver - 14:10:36.510 main > o.a.w.b.BcelWeaver.weave o.a.w.b.BcelWeaver@48524010 o.a.w.t.WeavingAdaptor$WeavingClassFileProvider@42505474
14:10:36.511 [main] DEBUG org.aspectj.weaver.bcel.BcelWeaver - 14:10:36.510 main > o.a.w.b.BcelWeaver.weaveAndNotify o.a.w.b.BcelWeaver@48524010 o.a.w.b.UnwovenClassFile@7b477141, o.a.w.b.BcelObjectType@784223e9, o.a.w.t.WeavingAdaptor$WeavingClassFileProvider$1@7316523a
14:10:36.511 [main] DEBUG org.aspectj.weaver.bcel.BcelWorld - 14:10:36.511 main - o.a.w.b.BcelWorld.lookupJavaClass o.a.w.l.LTWWorld@2b4a2ec7 org.junit.platform.commons.util.ReflectionUtils$HierarchyTraversalMode, o.a.a.b.c.JavaClass@4edef76c
14:10:36.511 [main] DEBUG org.aspectj.weaver.bcel.BcelWeaver - 14:10:36.511 main < o.a.w.b.BcelWeaver.weaveAndNotify
14:10:36.511 [main] DEBUG org.aspectj.weaver.bcel.BcelWeaver - 14:10:36.511 main < o.a.w.b.BcelWeaver.weave java.util.ArrayList(1)
14:10:36.511 [main] DEBUG o.a.weaver.tools.WeavingAdaptor - 14:10:36.511 main < o.a.w.t.WeavingAdaptor.weaveClass byte[6046]
14:10:36.511 [main] DEBUG org.aspectj.weaver.Dump - 14:10:36.511 main > o.a.w.Dump.dumpOnExit o.a.w.t.WeavingAdaptor$WeavingAdaptorMessageHolder@6a6afff2
14:10:36.511 [main] DEBUG org.aspectj.weaver.Dump - 14:10:36.511 main > o.a.w.Dump.shouldDumpOnExit o.a.w.t.WeavingAdaptor$WeavingAdaptorMessageHolder@6a6afff2
14:10:36.511 [main] DEBUG org.aspectj.weaver.Dump - 14:10:36.511 main - o.a.w.Dump.shouldDumpOnExit abort
14:10:36.511 [main] DEBUG org.aspectj.weaver.Dump - 14:10:36.511 main < o.a.w.Dump.shouldDumpOnExit false
14:10:36.511 [main] DEBUG org.aspectj.weaver.Dump - 14:10:36.511 main < o.a.w.Dump.dumpOnExit Excluded
14:10:36.511 [main] DEBUG org.aspectj.weaver.loadtime.Aj - 14:10:36.511 main < o.a.w.l.Aj.preProcess byte[6046]
14:10:36.516 [main] DEBUG org.aspectj.weaver.loadtime.Aj - 14:10:36.516 main > o.a.w.l.Aj.preProcess o.a.w.l.Aj@b9afc07 org/junit/jupiter/api/BeforeAll, byte[672], j.i.l.ClassLoaders$AppClassLoader@3cd1a2f1
14:10:36.516 [main] DEBUG org.aspectj.weaver.loadtime.Aj - 14:10:36.516 main - o.a.w.l.Aj.preProcess o.a.w.l.Aj@b9afc07 j.i.l.ClassLoaders$PlatformClassLoader@1ad282e0, j.i.l.ClassLoaders$AppClassLoader@3cd1a2f1
14:10:36.516 [main] DEBUG o.a.weaver.tools.WeavingAdaptor - 14:10:36.516 main > o.a.w.t.WeavingAdaptor.weaveClass o.a.w.l.ClassLoaderWeavingAdaptor@140e5a13 org/junit/jupiter/api/BeforeAll, byte[672]
14:10:36.517 [main] DEBUG org.aspectj.weaver.bcel.BcelWeaver - 14:10:36.516 main > o.a.w.b.BcelWeaver.weave o.a.w.b.BcelWeaver@48524010 o.a.w.t.WeavingAdaptor$WeavingClassFileProvider@7668892a
14:10:36.517 [main] DEBUG org.aspectj.weaver.bcel.BcelWeaver - 14:10:36.517 main > o.a.w.b.BcelWeaver.weaveAndNotify o.a.w.b.BcelWeaver@48524010 o.a.w.b.UnwovenClassFile@a83495d, o.a.w.b.BcelObjectType@7e83992, o.a.w.t.WeavingAdaptor$WeavingClassFileProvider$1@4364863
14:10:36.517 [main] DEBUG org.aspectj.weaver.bcel.BcelWeaver - 14:10:36.517 main < o.a.w.b.BcelWeaver.weaveAndNotify
14:10:36.518 [main] DEBUG org.aspectj.weaver.bcel.BcelWeaver - 14:10:36.517 main < o.a.w.b.BcelWeaver.weave java.util.ArrayList(1)
14:10:36.518 [main] DEBUG o.a.weaver.tools.WeavingAdaptor - 14:10:36.518 main < o.a.w.t.WeavingAdaptor.weaveClass byte[672]
14:10:36.518 [main] DEBUG org.aspectj.weaver.Dump - 14:10:36.518 main > o.a.w.Dump.dumpOnExit o.a.w.t.WeavingAdaptor$WeavingAdaptorMessageHolder@6a6afff2
14:10:36.518 [main] DEBUG org.aspectj.weaver.Dump - 14:10:36.518 main > o.a.w.Dump.shouldDumpOnExit o.a.w.t.WeavingAdaptor$WeavingAdaptorMessageHolder@6a6afff2
14:10:36.518 [main] DEBUG org.aspectj.weaver.Dump - 14:10:36.518 main - o.a.w.Dump.shouldDumpOnExit abort
14:10:36.518 [main] DEBUG org.aspectj.weaver.Dump - 14:10:36.518 main < o.a.w.Dump.shouldDumpOnExit false
14:10:36.518 [main] DEBUG org.aspectj.weaver.Dump - 14:10:36.518 main < o.a.w.Dump.dumpOnExit Excluded
14:10:36.518 [main] DEBUG org.aspectj.weaver.loadtime.Aj - 14:10:36.518 main < o.a.w.l.Aj.preProcess byte[672]
14:10:36.528 [main] DEBUG org.aspectj.weaver.loadtime.Aj - 14:10:36.528 main > o.a.w.l.Aj.preProcess o.a.w.l.Aj@b9afc07 org/junit/jupiter/api/AfterAll, byte[670], j.i.l.ClassLoaders$AppClassLoader@3cd1a2f1
14:10:36.528 [main] DEBUG org.aspectj.weaver.loadtime.Aj - 14:10:36.528 main - o.a.w.l.Aj.preProcess o.a.w.l.Aj@b9afc07 j.i.l.ClassLoaders$PlatformClassLoader@1ad282e0, j.i.l.ClassLoaders$AppClassLoader@3cd1a2f1
14:10:36.528 [main] DEBUG o.a.weaver.tools.WeavingAdaptor - 14:10:36.528 main > o.a.w.t.WeavingAdaptor.weaveClass o.a.w.l.ClassLoaderWeavingAdaptor@140e5a13 org/junit/jupiter/api/AfterAll, byte[670]
14:10:36.528 [main] DEBUG org.aspectj.weaver.bcel.BcelWeaver - 14:10:36.528 main > o.a.w.b.BcelWeaver.weave o.a.w.b.BcelWeaver@48524010 o.a.w.t.WeavingAdaptor$WeavingClassFileProvider@75b6dd5b
14:10:36.528 [main] DEBUG org.aspectj.weaver.bcel.BcelWeaver - 14:10:36.528 main > o.a.w.b.BcelWeaver.weaveAndNotify o.a.w.b.BcelWeaver@48524010 o.a.w.b.UnwovenClassFile@b3e86d5, o.a.w.b.BcelObjectType@72b43104, o.a.w.t.WeavingAdaptor$WeavingClassFileProvider$1@e111c7c
14:10:36.528 [main] DEBUG org.aspectj.weaver.bcel.BcelWeaver - 14:10:36.528 main < o.a.w.b.BcelWeaver.weaveAndNotify
14:10:36.529 [main] DEBUG org.aspectj.weaver.bcel.BcelWeaver - 14:10:36.528 main < o.a.w.b.BcelWeaver.weave java.util.ArrayList(1)
14:10:36.529 [main] DEBUG o.a.weaver.tools.WeavingAdaptor - 14:10:36.529 main < o.a.w.t.WeavingAdaptor.weaveClass byte[670]
14:10:36.529 [main] DEBUG org.aspectj.weaver.Dump - 14:10:36.529 main > o.a.w.Dump.dumpOnExit o.a.w.t.WeavingAdaptor$WeavingAdaptorMessageHolder@6a6afff2
14:10:36.529 [main] DEBUG org.aspectj.weaver.Dump - 14:10:36.529 main > o.a.w.Dump.shouldDumpOnExit o.a.w.t.WeavingAdaptor$WeavingAdaptorMessageHolder@6a6afff2
14:10:36.529 [main] DEBUG org.aspectj.weaver.Dump - 14:10:36.529 main - o.a.w.Dump.shouldDumpOnExit abort
14:10:36.529 [main] DEBUG org.aspectj.weaver.Dump - 14:10:36.529 main < o.a.w.Dump.shouldDumpOnExit false
14:10:36.529 [main] DEBUG org.aspectj.weaver.Dump - 14:10:36.529 main < o.a.w.Dump.dumpOnExit Excluded
14:10:36.529 [main] DEBUG org.aspectj.weaver.loadtime.Aj - 14:10:36.529 main < o.a.w.l.Aj.preProcess byte[670]
14:10:36.542 [main] DEBUG org.aspectj.weaver.loadtime.Aj - 14:10:36.542 main > o.a.w.l.Aj.preProcess o.a.w.l.Aj@b9afc07 org/junit/jupiter/engine/execution/BeforeEachMethodAdapter, byte[694], j.i.l.ClassLoaders$AppClassLoader@3cd1a2f1
14:10:36.542 [main] DEBUG org.aspectj.weaver.loadtime.Aj - 14:10:36.542 main - o.a.w.l.Aj.preProcess o.a.w.l.Aj@b9afc07 j.i.l.ClassLoaders$PlatformClassLoader@1ad282e0, j.i.l.ClassLoaders$AppClassLoader@3cd1a2f1
14:10:36.542 [main] DEBUG o.a.weaver.tools.WeavingAdaptor - 14:10:36.542 main > o.a.w.t.WeavingAdaptor.weaveClass o.a.w.l.ClassLoaderWeavingAdaptor@140e5a13 org/junit/jupiter/engine/execution/BeforeEachMethodAdapter, byte[694]
14:10:36.543 [main] DEBUG org.aspectj.weaver.bcel.BcelWeaver - 14:10:36.542 main > o.a.w.b.BcelWeaver.weave o.a.w.b.BcelWeaver@48524010 o.a.w.t.WeavingAdaptor$WeavingClassFileProvider@72eb6200
14:10:36.543 [main] DEBUG org.aspectj.weaver.bcel.BcelWeaver - 14:10:36.543 main > o.a.w.b.BcelWeaver.weaveAndNotify o.a.w.b.BcelWeaver@48524010 o.a.w.b.UnwovenClassFile@76ececd, o.a.w.b.BcelObjectType@7affc159, o.a.w.t.WeavingAdaptor$WeavingClassFileProvider$1@1682c08c
14:10:36.544 [main] DEBUG org.aspectj.weaver.bcel.BcelWeaver - 14:10:36.544 main < o.a.w.b.BcelWeaver.weaveAndNotify
14:10:36.544 [main] DEBUG org.aspectj.weaver.bcel.BcelWeaver - 14:10:36.544 main < o.a.w.b.BcelWeaver.weave java.util.ArrayList(1)
14:10:36.544 [main] DEBUG o.a.weaver.tools.WeavingAdaptor - 14:10:36.544 main < o.a.w.t.WeavingAdaptor.weaveClass byte[694]
14:10:36.544 [main] DEBUG org.aspectj.weaver.Dump - 14:10:36.544 main > o.a.w.Dump.dumpOnExit o.a.w.t.WeavingAdaptor$WeavingAdaptorMessageHolder@6a6afff2
14:10:36.545 [main] DEBUG org.aspectj.weaver.Dump - 14:10:36.545 main > o.a.w.Dump.shouldDumpOnExit o.a.w.t.WeavingAdaptor$WeavingAdaptorMessageHolder@6a6afff2
14:10:36.545 [main] DEBUG org.aspectj.weaver.Dump - 14:10:36.545 main - o.a.w.Dump.shouldDumpOnExit abort
14:10:36.545 [main] DEBUG org.aspectj.weaver.Dump - 14:10:36.545 main < o.a.w.Dump.shouldDumpOnExit false
14:10:36.545 [main] DEBUG org.aspectj.weaver.Dump - 14:10:36.545 main < o.a.w.Dump.dumpOnExit Excluded
14:10:36.545 [main] DEBUG org.aspectj.weaver.loadtime.Aj - 14:10:36.545 main < o.a.w.l.Aj.preProcess byte[694]
14:10:36.550 [main] DEBUG org.aspectj.weaver.loadtime.Aj - 14:10:36.550 main > o.a.w.l.Aj.preProcess o.a.w.l.Aj@b9afc07 org/junit/jupiter/engine/execution/AfterEachMethodAdapter, byte[691], j.i.l.ClassLoaders$AppClassLoader@3cd1a2f1
14:10:36.550 [main] DEBUG org.aspectj.weaver.loadtime.Aj - 14:10:36.550 main - o.a.w.l.Aj.preProcess o.a.w.l.Aj@b9afc07 j.i.l.ClassLoaders$PlatformClassLoader@1ad282e0, j.i.l.ClassLoaders$AppClassLoader@3cd1a2f1
14:10:36.550 [main] DEBUG o.a.weaver.tools.WeavingAdaptor - 14:10:36.550 main > o.a.w.t.WeavingAdaptor.weaveClass o.a.w.l.ClassLoaderWeavingAdaptor@140e5a13 org/junit/jupiter/engine/execution/AfterEachMethodAdapter, byte[691]
14:10:36.550 [main] DEBUG org.aspectj.weaver.bcel.BcelWeaver - 14:10:36.550 main > o.a.w.b.BcelWeaver.weave o.a.w.b.BcelWeaver@48524010 o.a.w.t.WeavingAdaptor$WeavingClassFileProvider@7cac93fe
14:10:36.550 [main] DEBUG org.aspectj.weaver.bcel.BcelWeaver - 14:10:36.550 main > o.a.w.b.BcelWeaver.weaveAndNotify o.a.w.b.BcelWeaver@48524010 o.a.w.b.UnwovenClassFile@479b5066, o.a.w.b.BcelObjectType@64deb58f, o.a.w.t.WeavingAdaptor$WeavingClassFileProvider$1@2b1cd7bc
14:10:36.551 [main] DEBUG org.aspectj.weaver.bcel.BcelWeaver - 14:10:36.551 main < o.a.w.b.BcelWeaver.weaveAndNotify
14:10:36.551 [main] DEBUG org.aspectj.weaver.bcel.BcelWeaver - 14:10:36.551 main < o.a.w.b.BcelWeaver.weave java.util.ArrayList(1)
14:10:36.551 [main] DEBUG o.a.weaver.tools.WeavingAdaptor - 14:10:36.551 main < o.a.w.t.WeavingAdaptor.weaveClass byte[691]
14:10:36.551 [main] DEBUG org.aspectj.weaver.Dump - 14:10:36.551 main > o.a.w.Dump.dumpOnExit o.a.w.t.WeavingAdaptor$WeavingAdaptorMessageHolder@6a6afff2
14:10:36.551 [main] DEBUG org.aspectj.weaver.Dump - 14:10:36.551 main > o.a.w.Dump.shouldDumpOnExit o.a.w.t.WeavingAdaptor$WeavingAdaptorMessageHolder@6a6afff2
14:10:36.551 [main] DEBUG org.aspectj.weaver.Dump - 14:10:36.551 main - o.a.w.Dump.shouldDumpOnExit abort
14:10:36.551 [main] DEBUG org.aspectj.weaver.Dump - 14:10:36.551 main < o.a.w.Dump.shouldDumpOnExit false
14:10:36.551 [main] DEBUG org.aspectj.weaver.Dump - 14:10:36.551 main < o.a.w.Dump.dumpOnExit Excluded
14:10:36.551 [main] DEBUG org.aspectj.weaver.loadtime.Aj - 14:10:36.551 main < o.a.w.l.Aj.preProcess byte[691]
14:10:36.555 [main] DEBUG org.aspectj.weaver.loadtime.Aj - 14:10:36.555 main > o.a.w.l.Aj.preProcess o.a.w.l.Aj@b9afc07 org/junit/jupiter/engine/descriptor/ClassExtensionContext, byte[5339], j.i.l.ClassLoaders$AppClassLoader@3cd1a2f1
14:10:36.555 [main] DEBUG org.aspectj.weaver.loadtime.Aj - 14:10:36.555 main - o.a.w.l.Aj.preProcess o.a.w.l.Aj@b9afc07 j.i.l.ClassLoaders$PlatformClassLoader@1ad282e0, j.i.l.ClassLoaders$AppClassLoader@3cd1a2f1
14:10:36.555 [main] DEBUG o.a.weaver.tools.WeavingAdaptor - 14:10:36.555 main > o.a.w.t.WeavingAdaptor.weaveClass o.a.w.l.ClassLoaderWeavingAdaptor@140e5a13 org/junit/jupiter/engine/descriptor/ClassExtensionContext, byte[5339]
14:10:36.555 [main] DEBUG org.aspectj.weaver.bcel.BcelWeaver - 14:10:36.555 main > o.a.w.b.BcelWeaver.weave o.a.w.b.BcelWeaver@48524010 o.a.w.t.WeavingAdaptor$WeavingClassFileProvider@712c5463
14:10:36.555 [main] DEBUG org.aspectj.weaver.bcel.BcelWeaver - 14:10:36.555 main > o.a.w.b.BcelWeaver.weaveAndNotify o.a.w.b.BcelWeaver@48524010 o.a.w.b.UnwovenClassFile@6d33a66e, o.a.w.b.BcelObjectType@2f14b0f6, o.a.w.t.WeavingAdaptor$WeavingClassFileProvider$1@5b20706
14:10:36.556 [main] DEBUG org.aspectj.weaver.bcel.BcelWorld - 14:10:36.556 main - o.a.w.b.BcelWorld.lookupJavaClass o.a.w.l.LTWWorld@2b4a2ec7 org.junit.jupiter.api.extension.TestInstances, o.a.a.b.c.JavaClass@3901f6af
14:10:36.556 [main] DEBUG org.aspectj.weaver.bcel.BcelWeaver - 14:10:36.556 main < o.a.w.b.BcelWeaver.weaveAndNotify
14:10:36.556 [main] DEBUG org.aspectj.weaver.bcel.BcelWeaver - 14:10:36.556 main < o.a.w.b.BcelWeaver.weave java.util.ArrayList(1)
14:10:36.556 [main] DEBUG o.a.weaver.tools.WeavingAdaptor - 14:10:36.556 main < o.a.w.t.WeavingAdaptor.weaveClass byte[5339]
14:10:36.556 [main] DEBUG org.aspectj.weaver.Dump - 14:10:36.556 main > o.a.w.Dump.dumpOnExit o.a.w.t.WeavingAdaptor$WeavingAdaptorMessageHolder@6a6afff2
14:10:36.556 [main] DEBUG org.aspectj.weaver.Dump - 14:10:36.556 main > o.a.w.Dump.shouldDumpOnExit o.a.w.t.WeavingAdaptor$WeavingAdaptorMessageHolder@6a6afff2
14:10:36.557 [main] DEBUG org.aspectj.weaver.Dump - 14:10:36.556 main - o.a.w.Dump.shouldDumpOnExit abort
14:10:36.557 [main] DEBUG org.aspectj.weaver.Dump - 14:10:36.557 main < o.a.w.Dump.shouldDumpOnExit false
14:10:36.557 [main] DEBUG org.aspectj.weaver.Dump - 14:10:36.557 main < o.a.w.Dump.dumpOnExit Excluded
14:10:36.557 [main] DEBUG org.aspectj.weaver.loadtime.Aj - 14:10:36.557 main < o.a.w.l.Aj.preProcess byte[5339]
14:10:36.558 [main] DEBUG org.aspectj.weaver.loadtime.Aj - 14:10:36.558 main > o.a.w.l.Aj.preProcess o.a.w.l.Aj@b9afc07 org/junit/jupiter/engine/execution/TestInstancesProvider, byte[1270], j.i.l.ClassLoaders$AppClassLoader@3cd1a2f1
14:10:36.559 [main] DEBUG org.aspectj.weaver.loadtime.Aj - 14:10:36.559 main - o.a.w.l.Aj.preProcess o.a.w.l.Aj@b9afc07 j.i.l.ClassLoaders$PlatformClassLoader@1ad282e0, j.i.l.ClassLoaders$AppClassLoader@3cd1a2f1
14:10:36.559 [main] DEBUG o.a.weaver.tools.WeavingAdaptor - 14:10:36.559 main > o.a.w.t.WeavingAdaptor.weaveClass o.a.w.l.ClassLoaderWeavingAdaptor@140e5a13 org/junit/jupiter/engine/execution/TestInstancesProvider, byte[1270]
14:10:36.559 [main] DEBUG org.aspectj.weaver.bcel.BcelWeaver - 14:10:36.559 main > o.a.w.b.BcelWeaver.weave o.a.w.b.BcelWeaver@48524010 o.a.w.t.WeavingAdaptor$WeavingClassFileProvider@5f1483fd
14:10:36.559 [main] DEBUG org.aspectj.weaver.bcel.BcelWeaver - 14:10:36.559 main > o.a.w.b.BcelWeaver.weaveAndNotify o.a.w.b.BcelWeaver@48524010 o.a.w.b.UnwovenClassFile@670f2466, o.a.w.b.BcelObjectType@6e03db1f, o.a.w.t.WeavingAdaptor$WeavingClassFileProvider$1@bfec2f9
14:10:36.559 [main] DEBUG org.aspectj.weaver.bcel.BcelWeaver - 14:10:36.559 main < o.a.w.b.BcelWeaver.weaveAndNotify
14:10:36.559 [main] DEBUG org.aspectj.weaver.bcel.BcelWeaver - 14:10:36.559 main < o.a.w.b.BcelWeaver.weave java.util.ArrayList(1)
14:10:36.559 [main] DEBUG o.a.weaver.tools.WeavingAdaptor - 14:10:36.559 main < o.a.w.t.WeavingAdaptor.weaveClass byte[1270]
14:10:36.559 [main] DEBUG org.aspectj.weaver.Dump - 14:10:36.559 main > o.a.w.Dump.dumpOnExit o.a.w.t.WeavingAdaptor$WeavingAdaptorMessageHolder@6a6afff2
14:10:36.559 [main] DEBUG org.aspectj.weaver.Dump - 14:10:36.559 main > o.a.w.Dump.shouldDumpOnExit o.a.w.t.WeavingAdaptor$WeavingAdaptorMessageHolder@6a6afff2
14:10:36.559 [main] DEBUG org.aspectj.weaver.Dump - 14:10:36.559 main - o.a.w.Dump.shouldDumpOnExit abort
14:10:36.560 [main] DEBUG org.aspectj.weaver.Dump - 14:10:36.560 main < o.a.w.Dump.shouldDumpOnExit false
14:10:36.560 [main] DEBUG org.aspectj.weaver.Dump - 14:10:36.560 main < o.a.w.Dump.dumpOnExit Excluded
14:10:36.560 [main] DEBUG org.aspectj.weaver.loadtime.Aj - 14:10:36.560 main < o.a.w.l.Aj.preProcess byte[1270]
14:10:36.561 [main] DEBUG org.aspectj.weaver.loadtime.Aj - 14:10:36.561 main > o.a.w.l.Aj.preProcess o.a.w.l.Aj@b9afc07 org/junit/jupiter/api/extension/TestInstances, byte[740], j.i.l.ClassLoaders$AppClassLoader@3cd1a2f1
14:10:36.561 [main] DEBUG org.aspectj.weaver.loadtime.Aj - 14:10:36.561 main - o.a.w.l.Aj.preProcess o.a.w.l.Aj@b9afc07 j.i.l.ClassLoaders$PlatformClassLoader@1ad282e0, j.i.l.ClassLoaders$AppClassLoader@3cd1a2f1
14:10:36.561 [main] DEBUG o.a.weaver.tools.WeavingAdaptor - 14:10:36.561 main > o.a.w.t.WeavingAdaptor.weaveClass o.a.w.l.ClassLoaderWeavingAdaptor@140e5a13 org/junit/jupiter/api/extension/TestInstances, byte[740]
14:10:36.561 [main] DEBUG org.aspectj.weaver.bcel.BcelWeaver - 14:10:36.561 main > o.a.w.b.BcelWeaver.weave o.a.w.b.BcelWeaver@48524010 o.a.w.t.WeavingAdaptor$WeavingClassFileProvider@6690b9fa
14:10:36.561 [main] DEBUG org.aspectj.weaver.bcel.BcelWeaver - 14:10:36.561 main > o.a.w.b.BcelWeaver.weaveAndNotify o.a.w.b.BcelWeaver@48524010 o.a.w.b.UnwovenClassFile@6c8dbf56, o.a.w.b.BcelObjectType@493b01ef, o.a.w.t.WeavingAdaptor$WeavingClassFileProvider$1@36c2d629
14:10:36.562 [main] DEBUG org.aspectj.weaver.bcel.BcelWeaver - 14:10:36.562 main < o.a.w.b.BcelWeaver.weaveAndNotify
14:10:36.562 [main] DEBUG org.aspectj.weaver.bcel.BcelWeaver - 14:10:36.562 main < o.a.w.b.BcelWeaver.weave java.util.ArrayList(1)
14:10:36.562 [main] DEBUG o.a.weaver.tools.WeavingAdaptor - 14:10:36.562 main < o.a.w.t.WeavingAdaptor.weaveClass byte[740]
14:10:36.562 [main] DEBUG org.aspectj.weaver.Dump - 14:10:36.562 main > o.a.w.Dump.dumpOnExit o.a.w.t.WeavingAdaptor$WeavingAdaptorMessageHolder@6a6afff2
14:10:36.562 [main] DEBUG org.aspectj.weaver.Dump - 14:10:36.562 main > o.a.w.Dump.shouldDumpOnExit o.a.w.t.WeavingAdaptor$WeavingAdaptorMessageHolder@6a6afff2
14:10:36.562 [main] DEBUG org.aspectj.weaver.Dump - 14:10:36.562 main - o.a.w.Dump.shouldDumpOnExit abort
14:10:36.562 [main] DEBUG org.aspectj.weaver.Dump - 14:10:36.562 main < o.a.w.Dump.shouldDumpOnExit false
14:10:36.562 [main] DEBUG org.aspectj.weaver.Dump - 14:10:36.562 main < o.a.w.Dump.dumpOnExit Excluded
14:10:36.562 [main] DEBUG org.aspectj.weaver.loadtime.Aj - 14:10:36.562 main < o.a.w.l.Aj.preProcess byte[740]
14:10:36.569 [main] DEBUG org.aspectj.weaver.loadtime.Aj - 14:10:36.569 main > o.a.w.l.Aj.preProcess o.a.w.l.Aj@b9afc07 org/junit/jupiter/api/Disabled, byte[722], j.i.l.ClassLoaders$AppClassLoader@3cd1a2f1
14:10:36.569 [main] DEBUG org.aspectj.weaver.loadtime.Aj - 14:10:36.569 main - o.a.w.l.Aj.preProcess o.a.w.l.Aj@b9afc07 j.i.l.ClassLoaders$PlatformClassLoader@1ad282e0, j.i.l.ClassLoaders$AppClassLoader@3cd1a2f1
14:10:36.569 [main] DEBUG o.a.weaver.tools.WeavingAdaptor - 14:10:36.569 main > o.a.w.t.WeavingAdaptor.weaveClass o.a.w.l.ClassLoaderWeavingAdaptor@140e5a13 org/junit/jupiter/api/Disabled, byte[722]
14:10:36.569 [main] DEBUG org.aspectj.weaver.bcel.BcelWeaver - 14:10:36.569 main > o.a.w.b.BcelWeaver.weave o.a.w.b.BcelWeaver@48524010 o.a.w.t.WeavingAdaptor$WeavingClassFileProvider@7f4701b1
14:10:36.570 [main] DEBUG org.aspectj.weaver.bcel.BcelWeaver - 14:10:36.569 main > o.a.w.b.BcelWeaver.weaveAndNotify o.a.w.b.BcelWeaver@48524010 o.a.w.b.UnwovenClassFile@adcfad9, o.a.w.b.BcelObjectType@fb49fdf, o.a.w.t.WeavingAdaptor$WeavingClassFileProvider$1@3a2e9f5b
14:10:36.570 [main] DEBUG org.aspectj.weaver.bcel.BcelWeaver - 14:10:36.570 main < o.a.w.b.BcelWeaver.weaveAndNotify
14:10:36.570 [main] DEBUG org.aspectj.weaver.bcel.BcelWeaver - 14:10:36.570 main < o.a.w.b.BcelWeaver.weave java.util.ArrayList(1)
14:10:36.570 [main] DEBUG o.a.weaver.tools.WeavingAdaptor - 14:10:36.570 main < o.a.w.t.WeavingAdaptor.weaveClass byte[722]
14:10:36.570 [main] DEBUG org.aspectj.weaver.Dump - 14:10:36.570 main > o.a.w.Dump.dumpOnExit o.a.w.t.WeavingAdaptor$WeavingAdaptorMessageHolder@6a6afff2
14:10:36.570 [main] DEBUG org.aspectj.weaver.Dump - 14:10:36.570 main > o.a.w.Dump.shouldDumpOnExit o.a.w.t.WeavingAdaptor$WeavingAdaptorMessageHolder@6a6afff2
14:10:36.570 [main] DEBUG org.aspectj.weaver.Dump - 14:10:36.570 main - o.a.w.Dump.shouldDumpOnExit abort
14:10:36.570 [main] DEBUG org.aspectj.weaver.Dump - 14:10:36.570 main < o.a.w.Dump.shouldDumpOnExit false
14:10:36.570 [main] DEBUG org.aspectj.weaver.Dump - 14:10:36.570 main < o.a.w.Dump.dumpOnExit Excluded
14:10:36.570 [main] DEBUG org.aspectj.weaver.loadtime.Aj - 14:10:36.570 main < o.a.w.l.Aj.preProcess byte[722]
14:10:36.970 [main] DEBUG org.aspectj.weaver.loadtime.Aj - 14:10:36.970 main > o.a.w.l.Aj.preProcess o.a.w.l.Aj@b9afc07 io/qameta/allure/model/TestResultContainer, byte[4091], j.i.l.ClassLoaders$AppClassLoader@3cd1a2f1
14:10:36.970 [main] DEBUG org.aspectj.weaver.loadtime.Aj - 14:10:36.970 main - o.a.w.l.Aj.preProcess o.a.w.l.Aj@b9afc07 j.i.l.ClassLoaders$PlatformClassLoader@1ad282e0, j.i.l.ClassLoaders$AppClassLoader@3cd1a2f1
14:10:36.970 [main] DEBUG o.a.weaver.tools.WeavingAdaptor - 14:10:36.970 main > o.a.w.t.WeavingAdaptor.weaveClass o.a.w.l.ClassLoaderWeavingAdaptor@140e5a13 io/qameta/allure/model/TestResultContainer, byte[4091]
14:10:36.971 [main] DEBUG org.aspectj.weaver.bcel.BcelWeaver - 14:10:36.970 main > o.a.w.b.BcelWeaver.weave o.a.w.b.BcelWeaver@48524010 o.a.w.t.WeavingAdaptor$WeavingClassFileProvider@2f10f633
14:10:36.977 [main] DEBUG org.aspectj.weaver.bcel.BcelWorld - 14:10:36.977 main - o.a.w.b.BcelWorld.lookupJavaClass o.a.w.l.LTWWorld@2b4a2ec7 io.qameta.allure.model.WithLinks, o.a.a.b.c.JavaClass@28a9494b
14:10:36.977 [main] DEBUG org.aspectj.weaver.bcel.BcelWeaver - 14:10:36.977 main > o.a.w.b.BcelWeaver.weaveAndNotify o.a.w.b.BcelWeaver@48524010 o.a.w.b.UnwovenClassFile@a09303, o.a.w.b.BcelObjectType@1163a27, o.a.w.t.WeavingAdaptor$WeavingClassFileProvider$1@322ba549
14:10:36.981 [main] DEBUG org.aspectj.weaver.bcel.BcelWorld - 14:10:36.981 main - o.a.w.b.BcelWorld.lookupJavaClass o.a.w.l.LTWWorld@2b4a2ec7 java.lang.Long, o.a.a.b.c.JavaClass@6a84a97d
14:10:36.982 [main] DEBUG org.aspectj.weaver.bcel.BcelWeaver - 14:10:36.982 main < o.a.w.b.BcelWeaver.weaveAndNotify
14:10:36.982 [main] DEBUG org.aspectj.weaver.bcel.BcelWeaver - 14:10:36.982 main < o.a.w.b.BcelWeaver.weave java.util.ArrayList(1)
14:10:36.982 [main] DEBUG o.a.weaver.tools.WeavingAdaptor - 14:10:36.982 main < o.a.w.t.WeavingAdaptor.weaveClass byte[4091]
14:10:36.983 [main] DEBUG org.aspectj.weaver.Dump - 14:10:36.983 main > o.a.w.Dump.dumpOnExit o.a.w.t.WeavingAdaptor$WeavingAdaptorMessageHolder@6a6afff2
14:10:36.983 [main] DEBUG org.aspectj.weaver.Dump - 14:10:36.983 main > o.a.w.Dump.shouldDumpOnExit o.a.w.t.WeavingAdaptor$WeavingAdaptorMessageHolder@6a6afff2
14:10:36.983 [main] DEBUG org.aspectj.weaver.Dump - 14:10:36.983 main - o.a.w.Dump.shouldDumpOnExit abort
14:10:36.983 [main] DEBUG org.aspectj.weaver.Dump - 14:10:36.983 main < o.a.w.Dump.shouldDumpOnExit false
14:10:36.983 [main] DEBUG org.aspectj.weaver.Dump - 14:10:36.983 main < o.a.w.Dump.dumpOnExit Excluded
14:10:36.983 [main] DEBUG org.aspectj.weaver.loadtime.Aj - 14:10:36.983 main < o.a.w.l.Aj.preProcess byte[4091]
14:10:36.984 [main] DEBUG org.aspectj.weaver.loadtime.Aj - 14:10:36.984 main > o.a.w.l.Aj.preProcess o.a.w.l.Aj@b9afc07 io/qameta/allure/model/WithLinks, byte[234], j.i.l.ClassLoaders$AppClassLoader@3cd1a2f1
14:10:36.984 [main] DEBUG org.aspectj.weaver.loadtime.Aj - 14:10:36.984 main - o.a.w.l.Aj.preProcess o.a.w.l.Aj@b9afc07 j.i.l.ClassLoaders$PlatformClassLoader@1ad282e0, j.i.l.ClassLoaders$AppClassLoader@3cd1a2f1
14:10:36.984 [main] DEBUG o.a.weaver.tools.WeavingAdaptor - 14:10:36.984 main > o.a.w.t.WeavingAdaptor.weaveClass o.a.w.l.ClassLoaderWeavingAdaptor@140e5a13 io/qameta/allure/model/WithLinks, byte[234]
14:10:36.984 [main] DEBUG org.aspectj.weaver.bcel.BcelWeaver - 14:10:36.984 main > o.a.w.b.BcelWeaver.weave o.a.w.b.BcelWeaver@48524010 o.a.w.t.WeavingAdaptor$WeavingClassFileProvider@92d1782
14:10:36.984 [main] DEBUG org.aspectj.weaver.bcel.BcelWeaver - 14:10:36.984 main > o.a.w.b.BcelWeaver.weaveAndNotify o.a.w.b.BcelWeaver@48524010 o.a.w.b.UnwovenClassFile@6a1ef65c, o.a.w.b.BcelObjectType@72976b4, o.a.w.t.WeavingAdaptor$WeavingClassFileProvider$1@726934e2
14:10:36.985 [main] DEBUG org.aspectj.weaver.bcel.BcelWeaver - 14:10:36.985 main < o.a.w.b.BcelWeaver.weaveAndNotify
14:10:36.985 [main] DEBUG org.aspectj.weaver.bcel.BcelWeaver - 14:10:36.985 main < o.a.w.b.BcelWeaver.weave java.util.ArrayList(1)
14:10:36.985 [main] DEBUG o.a.weaver.tools.WeavingAdaptor - 14:10:36.985 main < o.a.w.t.WeavingAdaptor.weaveClass byte[234]
14:10:36.985 [main] DEBUG org.aspectj.weaver.Dump - 14:10:36.985 main > o.a.w.Dump.dumpOnExit o.a.w.t.WeavingAdaptor$WeavingAdaptorMessageHolder@6a6afff2
14:10:36.985 [main] DEBUG org.aspectj.weaver.Dump - 14:10:36.985 main > o.a.w.Dump.shouldDumpOnExit o.a.w.t.WeavingAdaptor$WeavingAdaptorMessageHolder@6a6afff2
14:10:36.985 [main] DEBUG org.aspectj.weaver.Dump - 14:10:36.985 main - o.a.w.Dump.shouldDumpOnExit abort
14:10:36.985 [main] DEBUG org.aspectj.weaver.Dump - 14:10:36.985 main < o.a.w.Dump.shouldDumpOnExit false
14:10:36.985 [main] DEBUG org.aspectj.weaver.Dump - 14:10:36.985 main < o.a.w.Dump.dumpOnExit Excluded
14:10:36.985 [main] DEBUG org.aspectj.weaver.loadtime.Aj - 14:10:36.985 main < o.a.w.l.Aj.preProcess byte[234]
14:10:36.994 [main] DEBUG org.aspectj.weaver.loadtime.Aj - 14:10:36.994 main > o.a.w.l.Aj.preProcess o.a.w.l.Aj@b9afc07 org/apache/maven/surefire/api/report/SimpleReportEntry, byte[10593], j.i.l.ClassLoaders$AppClassLoader@3cd1a2f1
14:10:36.995 [main] DEBUG org.aspectj.weaver.loadtime.Aj - 14:10:36.994 main - o.a.w.l.Aj.preProcess o.a.w.l.Aj@b9afc07 j.i.l.ClassLoaders$PlatformClassLoader@1ad282e0, j.i.l.ClassLoaders$AppClassLoader@3cd1a2f1
14:10:36.995 [main] DEBUG o.a.weaver.tools.WeavingAdaptor - 14:10:36.995 main > o.a.w.t.WeavingAdaptor.weaveClass o.a.w.l.ClassLoaderWeavingAdaptor@140e5a13 org/apache/maven/surefire/api/report/SimpleReportEntry, byte[10593]
14:10:36.995 [main] DEBUG org.aspectj.weaver.bcel.BcelWeaver - 14:10:36.995 main > o.a.w.b.BcelWeaver.weave o.a.w.b.BcelWeaver@48524010 o.a.w.t.WeavingAdaptor$WeavingClassFileProvider@12a470dd
14:10:36.995 [main] DEBUG org.aspectj.weaver.bcel.BcelWorld - 14:10:36.995 main - o.a.w.b.BcelWorld.lookupJavaClass o.a.w.l.LTWWorld@2b4a2ec7 org.apache.maven.surefire.api.report.TestSetReportEntry, o.a.a.b.c.JavaClass@2657d4dd
14:10:36.996 [main] DEBUG org.aspectj.weaver.bcel.BcelWeaver - 14:10:36.995 main > o.a.w.b.BcelWeaver.weaveAndNotify o.a.w.b.BcelWeaver@48524010 o.a.w.b.UnwovenClassFile@6968bcec, o.a.w.b.BcelObjectType@5568c66f, o.a.w.t.WeavingAdaptor$WeavingClassFileProvider$1@e784320
14:10:36.996 [main] DEBUG org.aspectj.weaver.bcel.BcelWorld - 14:10:36.996 main - o.a.w.b.BcelWorld.lookupJavaClass o.a.w.l.LTWWorld@2b4a2ec7 org.apache.maven.surefire.api.report.ReportEntry, o.a.a.b.c.JavaClass@7139992f
14:10:36.997 [main] DEBUG org.aspectj.weaver.bcel.BcelWorld - 14:10:36.997 main - o.a.w.b.BcelWorld.lookupJavaClass o.a.w.l.LTWWorld@2b4a2ec7 org.apache.maven.surefire.api.report.RunMode, o.a.a.b.c.JavaClass@58e1d9d
14:10:36.998 [main] DEBUG org.aspectj.weaver.bcel.BcelWorld - 14:10:36.998 main - o.a.w.b.BcelWorld.lookupJavaClass o.a.w.l.LTWWorld@2b4a2ec7 org.apache.maven.surefire.api.report.StackTraceWriter, o.a.a.b.c.JavaClass@5c86a017
14:10:36.998 [main] DEBUG org.aspectj.weaver.bcel.BcelWorld - 14:10:36.998 main - o.a.w.b.BcelWorld.lookupJavaClass o.a.w.l.LTWWorld@2b4a2ec7 javax.annotation.Nonnull, o.a.a.b.c.JavaClass@2f8dad04
14:10:36.998 [main] DEBUG org.aspectj.weaver.bcel.BcelWeaver - 14:10:36.998 main < o.a.w.b.BcelWeaver.weaveAndNotify
14:10:36.998 [main] DEBUG org.aspectj.weaver.bcel.BcelWeaver - 14:10:36.998 main < o.a.w.b.BcelWeaver.weave java.util.ArrayList(1)
14:10:36.998 [main] DEBUG o.a.weaver.tools.WeavingAdaptor - 14:10:36.998 main < o.a.w.t.WeavingAdaptor.weaveClass byte[10593]
14:10:36.998 [main] DEBUG org.aspectj.weaver.Dump - 14:10:36.998 main > o.a.w.Dump.dumpOnExit o.a.w.t.WeavingAdaptor$WeavingAdaptorMessageHolder@6a6afff2
14:10:36.998 [main] DEBUG org.aspectj.weaver.Dump - 14:10:36.998 main > o.a.w.Dump.shouldDumpOnExit o.a.w.t.WeavingAdaptor$WeavingAdaptorMessageHolder@6a6afff2
14:10:36.998 [main] DEBUG org.aspectj.weaver.Dump - 14:10:36.998 main - o.a.w.Dump.shouldDumpOnExit abort
14:10:36.998 [main] DEBUG org.aspectj.weaver.Dump - 14:10:36.998 main < o.a.w.Dump.shouldDumpOnExit false
14:10:36.998 [main] DEBUG org.aspectj.weaver.Dump - 14:10:36.998 main < o.a.w.Dump.dumpOnExit Excluded
14:10:36.998 [main] DEBUG org.aspectj.weaver.loadtime.Aj - 14:10:36.998 main < o.a.w.l.Aj.preProcess byte[10593]
14:10:37.000 [main] DEBUG org.aspectj.weaver.loadtime.Aj - 14:10:37.000 main > o.a.w.l.Aj.preProcess o.a.w.l.Aj@b9afc07 org/apache/maven/surefire/api/util/internal/ClassMethod, byte[1407], j.i.l.ClassLoaders$AppClassLoader@3cd1a2f1
14:10:37.000 [main] DEBUG org.aspectj.weaver.loadtime.Aj - 14:10:37.000 main - o.a.w.l.Aj.preProcess o.a.w.l.Aj@b9afc07 j.i.l.ClassLoaders$PlatformClassLoader@1ad282e0, j.i.l.ClassLoaders$AppClassLoader@3cd1a2f1
14:10:37.000 [main] DEBUG o.a.weaver.tools.WeavingAdaptor - 14:10:37.000 main > o.a.w.t.WeavingAdaptor.weaveClass o.a.w.l.ClassLoaderWeavingAdaptor@140e5a13 org/apache/maven/surefire/api/util/internal/ClassMethod, byte[1407]
14:10:37.000 [main] DEBUG org.aspectj.weaver.bcel.BcelWeaver - 14:10:37.000 main > o.a.w.b.BcelWeaver.weave o.a.w.b.BcelWeaver@48524010 o.a.w.t.WeavingAdaptor$WeavingClassFileProvider@1a256d80
14:10:37.000 [main] DEBUG org.aspectj.weaver.bcel.BcelWeaver - 14:10:37.000 main > o.a.w.b.BcelWeaver.weaveAndNotify o.a.w.b.BcelWeaver@48524010 o.a.w.b.UnwovenClassFile@3069a360, o.a.w.b.BcelObjectType@7235f92b, o.a.w.t.WeavingAdaptor$WeavingClassFileProvider$1@7885776b
14:10:37.001 [main] DEBUG org.aspectj.weaver.bcel.BcelWeaver - 14:10:37.001 main < o.a.w.b.BcelWeaver.weaveAndNotify
14:10:37.001 [main] DEBUG org.aspectj.weaver.bcel.BcelWeaver - 14:10:37.001 main < o.a.w.b.BcelWeaver.weave java.util.ArrayList(1)
14:10:37.001 [main] DEBUG o.a.weaver.tools.WeavingAdaptor - 14:10:37.001 main < o.a.w.t.WeavingAdaptor.weaveClass byte[1407]
14:10:37.001 [main] DEBUG org.aspectj.weaver.Dump - 14:10:37.001 main > o.a.w.Dump.dumpOnExit o.a.w.t.WeavingAdaptor$WeavingAdaptorMessageHolder@6a6afff2
14:10:37.001 [main] DEBUG org.aspectj.weaver.Dump - 14:10:37.001 main > o.a.w.Dump.shouldDumpOnExit o.a.w.t.WeavingAdaptor$WeavingAdaptorMessageHolder@6a6afff2
14:10:37.001 [main] DEBUG org.aspectj.weaver.Dump - 14:10:37.001 main - o.a.w.Dump.shouldDumpOnExit abort
14:10:37.001 [main] DEBUG org.aspectj.weaver.Dump - 14:10:37.001 main < o.a.w.Dump.shouldDumpOnExit false
14:10:37.001 [main] DEBUG org.aspectj.weaver.Dump - 14:10:37.001 main < o.a.w.Dump.dumpOnExit Excluded
14:10:37.001 [main] DEBUG org.aspectj.weaver.loadtime.Aj - 14:10:37.001 main < o.a.w.l.Aj.preProcess byte[1407]
14:10:37.004 [main] DEBUG org.aspectj.weaver.loadtime.Aj - 14:10:37.004 main > o.a.w.l.Aj.preProcess o.a.w.l.Aj@b9afc07 org/apache/maven/surefire/api/util/internal/ImmutableMap, byte[2167], j.i.l.ClassLoaders$AppClassLoader@3cd1a2f1
14:10:37.005 [main] DEBUG org.aspectj.weaver.loadtime.Aj - 14:10:37.004 main - o.a.w.l.Aj.preProcess o.a.w.l.Aj@b9afc07 j.i.l.ClassLoaders$PlatformClassLoader@1ad282e0, j.i.l.ClassLoaders$AppClassLoader@3cd1a2f1
14:10:37.005 [main] DEBUG o.a.weaver.tools.WeavingAdaptor - 14:10:37.005 main > o.a.w.t.WeavingAdaptor.weaveClass o.a.w.l.ClassLoaderWeavingAdaptor@140e5a13 org/apache/maven/surefire/api/util/internal/ImmutableMap, byte[2167]
14:10:37.005 [main] DEBUG org.aspectj.weaver.bcel.BcelWeaver - 14:10:37.005 main > o.a.w.b.BcelWeaver.weave o.a.w.b.BcelWeaver@48524010 o.a.w.t.WeavingAdaptor$WeavingClassFileProvider@2404b5a
14:10:37.006 [main] DEBUG org.aspectj.weaver.bcel.BcelWorld - 14:10:37.006 main - o.a.w.b.BcelWorld.lookupJavaClass o.a.w.l.LTWWorld@2b4a2ec7 java.util.AbstractMap, o.a.a.b.c.JavaClass@3af58f76
14:10:37.007 [main] DEBUG org.aspectj.weaver.bcel.BcelWeaver - 14:10:37.006 main > o.a.w.b.BcelWeaver.weaveAndNotify o.a.w.b.BcelWeaver@48524010 o.a.w.b.UnwovenClassFile@2ead6ba4, o.a.w.b.BcelObjectType@31a2a9fa, o.a.w.t.WeavingAdaptor$WeavingClassFileProvider$1@31b82e0f
14:10:37.007 [main] DEBUG org.aspectj.weaver.bcel.BcelWeaver - 14:10:37.007 main < o.a.w.b.BcelWeaver.weaveAndNotify
14:10:37.007 [main] DEBUG org.aspectj.weaver.bcel.BcelWeaver - 14:10:37.007 main < o.a.w.b.BcelWeaver.weave java.util.ArrayList(1)
14:10:37.007 [main] DEBUG o.a.weaver.tools.WeavingAdaptor - 14:10:37.007 main < o.a.w.t.WeavingAdaptor.weaveClass byte[2167]
14:10:37.007 [main] DEBUG org.aspectj.weaver.Dump - 14:10:37.007 main > o.a.w.Dump.dumpOnExit o.a.w.t.WeavingAdaptor$WeavingAdaptorMessageHolder@6a6afff2
14:10:37.008 [main] DEBUG org.aspectj.weaver.Dump - 14:10:37.008 main > o.a.w.Dump.shouldDumpOnExit o.a.w.t.WeavingAdaptor$WeavingAdaptorMessageHolder@6a6afff2
14:10:37.008 [main] DEBUG org.aspectj.weaver.Dump - 14:10:37.008 main - o.a.w.Dump.shouldDumpOnExit abort
14:10:37.008 [main] DEBUG org.aspectj.weaver.Dump - 14:10:37.008 main < o.a.w.Dump.shouldDumpOnExit false
14:10:37.008 [main] DEBUG org.aspectj.weaver.Dump - 14:10:37.008 main < o.a.w.Dump.dumpOnExit Excluded
14:10:37.008 [main] DEBUG org.aspectj.weaver.loadtime.Aj - 14:10:37.008 main < o.a.w.l.Aj.preProcess byte[2167]
14:10:37.009 [main] DEBUG org.aspectj.weaver.loadtime.Aj - 14:10:37.009 main > o.a.w.l.Aj.preProcess o.a.w.l.Aj@b9afc07 org/apache/maven/surefire/booter/spi/EventChannelEncoder$StackTrace, byte[1476], j.i.l.ClassLoaders$AppClassLoader@3cd1a2f1
14:10:37.009 [main] DEBUG org.aspectj.weaver.loadtime.Aj - 14:10:37.009 main - o.a.w.l.Aj.preProcess o.a.w.l.Aj@b9afc07 j.i.l.ClassLoaders$PlatformClassLoader@1ad282e0, j.i.l.ClassLoaders$AppClassLoader@3cd1a2f1
14:10:37.009 [main] DEBUG o.a.weaver.tools.WeavingAdaptor - 14:10:37.009 main > o.a.w.t.WeavingAdaptor.weaveClass o.a.w.l.ClassLoaderWeavingAdaptor@140e5a13 org/apache/maven/surefire/booter/spi/EventChannelEncoder$StackTrace, byte[1476]
14:10:37.009 [main] DEBUG org.aspectj.weaver.bcel.BcelWeaver - 14:10:37.009 main > o.a.w.b.BcelWeaver.weave o.a.w.b.BcelWeaver@48524010 o.a.w.t.WeavingAdaptor$WeavingClassFileProvider@5ec1963c
14:10:37.010 [main] DEBUG org.aspectj.weaver.bcel.BcelWeaver - 14:10:37.010 main > o.a.w.b.BcelWeaver.weaveAndNotify o.a.w.b.BcelWeaver@48524010 o.a.w.b.UnwovenClassFile@7dcb42a9, o.a.w.b.BcelObjectType@6af90849, o.a.w.t.WeavingAdaptor$WeavingClassFileProvider$1@1d06f16f
14:10:37.010 [main] DEBUG org.aspectj.weaver.bcel.BcelWeaver - 14:10:37.010 main < o.a.w.b.BcelWeaver.weaveAndNotify
14:10:37.011 [main] DEBUG org.aspectj.weaver.bcel.BcelWeaver - 14:10:37.011 main < o.a.w.b.BcelWeaver.weave java.util.ArrayList(1)
14:10:37.011 [main] DEBUG o.a.weaver.tools.WeavingAdaptor - 14:10:37.011 main < o.a.w.t.WeavingAdaptor.weaveClass byte[1476]
14:10:37.011 [main] DEBUG org.aspectj.weaver.Dump - 14:10:37.011 main > o.a.w.Dump.dumpOnExit o.a.w.t.WeavingAdaptor$WeavingAdaptorMessageHolder@6a6afff2
14:10:37.011 [main] DEBUG org.aspectj.weaver.Dump - 14:10:37.011 main > o.a.w.Dump.shouldDumpOnExit o.a.w.t.WeavingAdaptor$WeavingAdaptorMessageHolder@6a6afff2
14:10:37.011 [main] DEBUG org.aspectj.weaver.Dump - 14:10:37.011 main - o.a.w.Dump.shouldDumpOnExit abort
14:10:37.011 [main] DEBUG org.aspectj.weaver.Dump - 14:10:37.011 main < o.a.w.Dump.shouldDumpOnExit false
14:10:37.011 [main] DEBUG org.aspectj.weaver.Dump - 14:10:37.011 main < o.a.w.Dump.dumpOnExit Excluded
14:10:37.011 [main] DEBUG org.aspectj.weaver.loadtime.Aj - 14:10:37.011 main < o.a.w.l.Aj.preProcess byte[1476]
14:10:37.017 [main] DEBUG org.aspectj.weaver.loadtime.Aj - 14:10:37.017 main > o.a.w.l.Aj.preProcess o.a.w.l.Aj@b9afc07 org/junit/jupiter/engine/extension/TimeoutDuration, byte[4079], j.i.l.ClassLoaders$AppClassLoader@3cd1a2f1
14:10:37.017 [main] DEBUG org.aspectj.weaver.loadtime.Aj - 14:10:37.017 main - o.a.w.l.Aj.preProcess o.a.w.l.Aj@b9afc07 j.i.l.ClassLoaders$PlatformClassLoader@1ad282e0, j.i.l.ClassLoaders$AppClassLoader@3cd1a2f1
14:10:37.018 [main] DEBUG o.a.weaver.tools.WeavingAdaptor - 14:10:37.018 main > o.a.w.t.WeavingAdaptor.weaveClass o.a.w.l.ClassLoaderWeavingAdaptor@140e5a13 org/junit/jupiter/engine/extension/TimeoutDuration, byte[4079]
14:10:37.018 [main] DEBUG org.aspectj.weaver.bcel.BcelWeaver - 14:10:37.018 main > o.a.w.b.BcelWeaver.weave o.a.w.b.BcelWeaver@48524010 o.a.w.t.WeavingAdaptor$WeavingClassFileProvider@65cf4d6d
14:10:37.020 [main] DEBUG org.aspectj.weaver.bcel.BcelWeaver - 14:10:37.020 main > o.a.w.b.BcelWeaver.weaveAndNotify o.a.w.b.BcelWeaver@48524010 o.a.w.b.UnwovenClassFile@1b410308, o.a.w.b.BcelObjectType@4b0bd001, o.a.w.t.WeavingAdaptor$WeavingClassFileProvider$1@f9cab00
14:10:37.021 [main] DEBUG org.aspectj.weaver.bcel.BcelWorld - 14:10:37.021 main - o.a.w.b.BcelWorld.lookupJavaClass o.a.w.l.LTWWorld@2b4a2ec7 java.util.concurrent.TimeUnit, o.a.a.b.c.JavaClass@36d33f4
14:10:37.022 [main] DEBUG org.aspectj.weaver.bcel.BcelWorld - 14:10:37.022 main - o.a.w.b.BcelWorld.lookupJavaClass o.a.w.l.LTWWorld@2b4a2ec7 java.time.Duration, o.a.a.b.c.JavaClass@16736040
14:10:37.025 [main] DEBUG org.aspectj.weaver.bcel.BcelWorld - 14:10:37.025 main - o.a.w.b.BcelWorld.lookupJavaClass o.a.w.l.LTWWorld@2b4a2ec7 java.time.temporal.ChronoUnit, o.a.a.b.c.JavaClass@7c5d1d25
14:10:37.025 [main] DEBUG org.aspectj.weaver.bcel.BcelWeaver - 14:10:37.025 main < o.a.w.b.BcelWeaver.weaveAndNotify
14:10:37.025 [main] DEBUG org.aspectj.weaver.bcel.BcelWeaver - 14:10:37.025 main < o.a.w.b.BcelWeaver.weave java.util.ArrayList(1)
14:10:37.025 [main] DEBUG o.a.weaver.tools.WeavingAdaptor - 14:10:37.025 main < o.a.w.t.WeavingAdaptor.weaveClass byte[4079]
14:10:37.026 [main] DEBUG org.aspectj.weaver.Dump - 14:10:37.025 main > o.a.w.Dump.dumpOnExit o.a.w.t.WeavingAdaptor$WeavingAdaptorMessageHolder@6a6afff2
14:10:37.026 [main] DEBUG org.aspectj.weaver.Dump - 14:10:37.026 main > o.a.w.Dump.shouldDumpOnExit o.a.w.t.WeavingAdaptor$WeavingAdaptorMessageHolder@6a6afff2
14:10:37.026 [main] DEBUG org.aspectj.weaver.Dump - 14:10:37.026 main - o.a.w.Dump.shouldDumpOnExit abort
14:10:37.026 [main] DEBUG org.aspectj.weaver.Dump - 14:10:37.026 main < o.a.w.Dump.shouldDumpOnExit false
14:10:37.026 [main] DEBUG org.aspectj.weaver.Dump - 14:10:37.026 main < o.a.w.Dump.dumpOnExit Excluded
14:10:37.026 [main] DEBUG org.aspectj.weaver.loadtime.Aj - 14:10:37.026 main < o.a.w.l.Aj.preProcess byte[4079]
14:10:37.029 [main] DEBUG org.aspectj.weaver.loadtime.Aj - 14:10:37.029 main > o.a.w.l.Aj.preProcess o.a.w.l.Aj@b9afc07 org/junit/jupiter/api/Timeout$ThreadMode, byte[1499], j.i.l.ClassLoaders$AppClassLoader@3cd1a2f1
14:10:37.030 [main] DEBUG org.aspectj.weaver.loadtime.Aj - 14:10:37.029 main - o.a.w.l.Aj.preProcess o.a.w.l.Aj@b9afc07 j.i.l.ClassLoaders$PlatformClassLoader@1ad282e0, j.i.l.ClassLoaders$AppClassLoader@3cd1a2f1
14:10:37.030 [main] DEBUG o.a.weaver.tools.WeavingAdaptor - 14:10:37.030 main > o.a.w.t.WeavingAdaptor.weaveClass o.a.w.l.ClassLoaderWeavingAdaptor@140e5a13 org/junit/jupiter/api/Timeout$ThreadMode, byte[1499]
14:10:37.030 [main] DEBUG org.aspectj.weaver.bcel.BcelWeaver - 14:10:37.030 main > o.a.w.b.BcelWeaver.weave o.a.w.b.BcelWeaver@48524010 o.a.w.t.WeavingAdaptor$WeavingClassFileProvider@1f2f0109
14:10:37.030 [main] DEBUG org.aspectj.weaver.bcel.BcelWeaver - 14:10:37.030 main > o.a.w.b.BcelWeaver.weaveAndNotify o.a.w.b.BcelWeaver@48524010 o.a.w.b.UnwovenClassFile@483b0690, o.a.w.b.BcelObjectType@687e6293, o.a.w.t.WeavingAdaptor$WeavingClassFileProvider$1@6870c3c2
14:10:37.031 [main] DEBUG org.aspectj.weaver.bcel.BcelWeaver - 14:10:37.031 main < o.a.w.b.BcelWeaver.weaveAndNotify
14:10:37.031 [main] DEBUG org.aspectj.weaver.bcel.BcelWeaver - 14:10:37.031 main < o.a.w.b.BcelWeaver.weave java.util.ArrayList(1)
14:10:37.031 [main] DEBUG o.a.weaver.tools.WeavingAdaptor - 14:10:37.031 main < o.a.w.t.WeavingAdaptor.weaveClass byte[1499]
14:10:37.031 [main] DEBUG org.aspectj.weaver.Dump - 14:10:37.031 main > o.a.w.Dump.dumpOnExit o.a.w.t.WeavingAdaptor$WeavingAdaptorMessageHolder@6a6afff2
14:10:37.031 [main] DEBUG org.aspectj.weaver.Dump - 14:10:37.031 main > o.a.w.Dump.shouldDumpOnExit o.a.w.t.WeavingAdaptor$WeavingAdaptorMessageHolder@6a6afff2
14:10:37.031 [main] DEBUG org.aspectj.weaver.Dump - 14:10:37.031 main - o.a.w.Dump.shouldDumpOnExit abort
14:10:37.031 [main] DEBUG org.aspectj.weaver.Dump - 14:10:37.031 main < o.a.w.Dump.shouldDumpOnExit false
14:10:37.031 [main] DEBUG org.aspectj.weaver.Dump - 14:10:37.031 main < o.a.w.Dump.dumpOnExit Excluded
14:10:37.031 [main] DEBUG org.aspectj.weaver.loadtime.Aj - 14:10:37.031 main < o.a.w.l.Aj.preProcess byte[1499]
14:10:37.039 [main] DEBUG org.aspectj.weaver.loadtime.Aj - 14:10:37.039 main > o.a.w.l.Aj.preProcess o.a.w.l.Aj@b9afc07 org/junit/jupiter/api/io/TempDir, byte[1161], j.i.l.ClassLoaders$AppClassLoader@3cd1a2f1
14:10:37.039 [main] DEBUG org.aspectj.weaver.loadtime.Aj - 14:10:37.039 main - o.a.w.l.Aj.preProcess o.a.w.l.Aj@b9afc07 j.i.l.ClassLoaders$PlatformClassLoader@1ad282e0, j.i.l.ClassLoaders$AppClassLoader@3cd1a2f1
14:10:37.039 [main] DEBUG o.a.weaver.tools.WeavingAdaptor - 14:10:37.039 main > o.a.w.t.WeavingAdaptor.weaveClass o.a.w.l.ClassLoaderWeavingAdaptor@140e5a13 org/junit/jupiter/api/io/TempDir, byte[1161]
14:10:37.039 [main] DEBUG org.aspectj.weaver.bcel.BcelWeaver - 14:10:37.039 main > o.a.w.b.BcelWeaver.weave o.a.w.b.BcelWeaver@48524010 o.a.w.t.WeavingAdaptor$WeavingClassFileProvider@e95595b
14:10:37.040 [main] DEBUG org.aspectj.weaver.bcel.BcelWeaver - 14:10:37.040 main > o.a.w.b.BcelWeaver.weaveAndNotify o.a.w.b.BcelWeaver@48524010 o.a.w.b.UnwovenClassFile@5a917723, o.a.w.b.BcelObjectType@7e4579c7, o.a.w.t.WeavingAdaptor$WeavingClassFileProvider$1@796f632b
14:10:37.040 [main] DEBUG org.aspectj.weaver.bcel.BcelWeaver - 14:10:37.040 main < o.a.w.b.BcelWeaver.weaveAndNotify
14:10:37.040 [main] DEBUG org.aspectj.weaver.bcel.BcelWeaver - 14:10:37.040 main < o.a.w.b.BcelWeaver.weave java.util.ArrayList(1)
14:10:37.040 [main] DEBUG o.a.weaver.tools.WeavingAdaptor - 14:10:37.040 main < o.a.w.t.WeavingAdaptor.weaveClass byte[1161]
14:10:37.040 [main] DEBUG org.aspectj.weaver.Dump - 14:10:37.040 main > o.a.w.Dump.dumpOnExit o.a.w.t.WeavingAdaptor$WeavingAdaptorMessageHolder@6a6afff2
14:10:37.040 [main] DEBUG org.aspectj.weaver.Dump - 14:10:37.040 main > o.a.w.Dump.shouldDumpOnExit o.a.w.t.WeavingAdaptor$WeavingAdaptorMessageHolder@6a6afff2
14:10:37.041 [main] DEBUG org.aspectj.weaver.Dump - 14:10:37.040 main - o.a.w.Dump.shouldDumpOnExit abort
14:10:37.041 [main] DEBUG org.aspectj.weaver.Dump - 14:10:37.041 main < o.a.w.Dump.shouldDumpOnExit false
14:10:37.041 [main] DEBUG org.aspectj.weaver.Dump - 14:10:37.041 main < o.a.w.Dump.dumpOnExit Excluded
14:10:37.041 [main] DEBUG org.aspectj.weaver.loadtime.Aj - 14:10:37.041 main < o.a.w.l.Aj.preProcess byte[1161]
14:10:37.054 [main] DEBUG org.aspectj.weaver.loadtime.Aj - 14:10:37.053 main > o.a.w.l.Aj.preProcess o.a.w.l.Aj@b9afc07 org/junit/jupiter/engine/descriptor/MethodExtensionContext, byte[4927], j.i.l.ClassLoaders$AppClassLoader@3cd1a2f1
14:10:37.054 [main] DEBUG org.aspectj.weaver.loadtime.Aj - 14:10:37.054 main - o.a.w.l.Aj.preProcess o.a.w.l.Aj@b9afc07 j.i.l.ClassLoaders$PlatformClassLoader@1ad282e0, j.i.l.ClassLoaders$AppClassLoader@3cd1a2f1
14:10:37.054 [main] DEBUG o.a.weaver.tools.WeavingAdaptor - 14:10:37.054 main > o.a.w.t.WeavingAdaptor.weaveClass o.a.w.l.ClassLoaderWeavingAdaptor@140e5a13 org/junit/jupiter/engine/descriptor/MethodExtensionContext, byte[4927]
14:10:37.056 [main] DEBUG org.aspectj.weaver.bcel.BcelWeaver - 14:10:37.056 main > o.a.w.b.BcelWeaver.weave o.a.w.b.BcelWeaver@48524010 o.a.w.t.WeavingAdaptor$WeavingClassFileProvider@60a7e509
14:10:37.056 [main] DEBUG org.aspectj.weaver.bcel.BcelWeaver - 14:10:37.056 main > o.a.w.b.BcelWeaver.weaveAndNotify o.a.w.b.BcelWeaver@48524010 o.a.w.b.UnwovenClassFile@2e13f304, o.a.w.b.BcelObjectType@787508ca, o.a.w.t.WeavingAdaptor$WeavingClassFileProvider$1@3d24420b
14:10:37.057 [main] DEBUG org.aspectj.weaver.bcel.BcelWeaver - 14:10:37.057 main < o.a.w.b.BcelWeaver.weaveAndNotify
14:10:37.057 [main] DEBUG org.aspectj.weaver.bcel.BcelWeaver - 14:10:37.057 main < o.a.w.b.BcelWeaver.weave java.util.ArrayList(1)
14:10:37.057 [main] DEBUG o.a.weaver.tools.WeavingAdaptor - 14:10:37.057 main < o.a.w.t.WeavingAdaptor.weaveClass byte[4927]
14:10:37.057 [main] DEBUG org.aspectj.weaver.Dump - 14:10:37.057 main > o.a.w.Dump.dumpOnExit o.a.w.t.WeavingAdaptor$WeavingAdaptorMessageHolder@6a6afff2
14:10:37.057 [main] DEBUG org.aspectj.weaver.Dump - 14:10:37.057 main > o.a.w.Dump.shouldDumpOnExit o.a.w.t.WeavingAdaptor$WeavingAdaptorMessageHolder@6a6afff2
14:10:37.057 [main] DEBUG org.aspectj.weaver.Dump - 14:10:37.057 main - o.a.w.Dump.shouldDumpOnExit abort
14:10:37.057 [main] DEBUG org.aspectj.weaver.Dump - 14:10:37.057 main < o.a.w.Dump.shouldDumpOnExit false
14:10:37.057 [main] DEBUG org.aspectj.weaver.Dump - 14:10:37.057 main < o.a.w.Dump.dumpOnExit Excluded
14:10:37.057 [main] DEBUG org.aspectj.weaver.loadtime.Aj - 14:10:37.057 main < o.a.w.l.Aj.preProcess byte[4927]
14:10:37.102 [main] DEBUG org.aspectj.weaver.loadtime.Aj - 14:10:37.102 main > o.a.w.l.Aj.preProcess o.a.w.l.Aj@b9afc07 org/junit/jupiter/engine/descriptor/DefaultTestInstanceFactoryContext, byte[1512], j.i.l.ClassLoaders$AppClassLoader@3cd1a2f1
14:10:37.105 [main] DEBUG org.aspectj.weaver.loadtime.Aj - 14:10:37.103 main - o.a.w.l.Aj.preProcess o.a.w.l.Aj@b9afc07 j.i.l.ClassLoaders$PlatformClassLoader@1ad282e0, j.i.l.ClassLoaders$AppClassLoader@3cd1a2f1
14:10:37.106 [main] DEBUG o.a.weaver.tools.WeavingAdaptor - 14:10:37.105 main > o.a.w.t.WeavingAdaptor.weaveClass o.a.w.l.ClassLoaderWeavingAdaptor@140e5a13 org/junit/jupiter/engine/descriptor/DefaultTestInstanceFactoryContext, byte[1512]
14:10:37.106 [main] DEBUG org.aspectj.weaver.bcel.BcelWeaver - 14:10:37.106 main > o.a.w.b.BcelWeaver.weave o.a.w.b.BcelWeaver@48524010 o.a.w.t.WeavingAdaptor$WeavingClassFileProvider@6cd15072
14:10:37.106 [main] DEBUG org.aspectj.weaver.bcel.BcelWorld - 14:10:37.106 main - o.a.w.b.BcelWorld.lookupJavaClass o.a.w.l.LTWWorld@2b4a2ec7 org.junit.jupiter.api.extension.TestInstanceFactoryContext, o.a.a.b.c.JavaClass@561b61ed
14:10:37.106 [main] DEBUG org.aspectj.weaver.bcel.BcelWeaver - 14:10:37.106 main > o.a.w.b.BcelWeaver.weaveAndNotify o.a.w.b.BcelWeaver@48524010 o.a.w.b.UnwovenClassFile@78cfa264, o.a.w.b.BcelObjectType@3408f695, o.a.w.t.WeavingAdaptor$WeavingClassFileProvider$1@2b6a0ea9
14:10:37.107 [main] DEBUG org.aspectj.weaver.bcel.BcelWeaver - 14:10:37.107 main < o.a.w.b.BcelWeaver.weaveAndNotify
14:10:37.107 [main] DEBUG org.aspectj.weaver.bcel.BcelWeaver - 14:10:37.107 main < o.a.w.b.BcelWeaver.weave java.util.ArrayList(1)
14:10:37.107 [main] DEBUG o.a.weaver.tools.WeavingAdaptor - 14:10:37.107 main < o.a.w.t.WeavingAdaptor.weaveClass byte[1512]
14:10:37.107 [main] DEBUG org.aspectj.weaver.Dump - 14:10:37.107 main > o.a.w.Dump.dumpOnExit o.a.w.t.WeavingAdaptor$WeavingAdaptorMessageHolder@6a6afff2
14:10:37.107 [main] DEBUG org.aspectj.weaver.Dump - 14:10:37.107 main > o.a.w.Dump.shouldDumpOnExit o.a.w.t.WeavingAdaptor$WeavingAdaptorMessageHolder@6a6afff2
14:10:37.107 [main] DEBUG org.aspectj.weaver.Dump - 14:10:37.107 main - o.a.w.Dump.shouldDumpOnExit abort
14:10:37.107 [main] DEBUG org.aspectj.weaver.Dump - 14:10:37.107 main < o.a.w.Dump.shouldDumpOnExit false
14:10:37.107 [main] DEBUG org.aspectj.weaver.Dump - 14:10:37.107 main < o.a.w.Dump.dumpOnExit Excluded
14:10:37.107 [main] DEBUG org.aspectj.weaver.loadtime.Aj - 14:10:37.107 main < o.a.w.l.Aj.preProcess byte[1512]
14:10:37.109 [main] DEBUG org.aspectj.weaver.loadtime.Aj - 14:10:37.109 main > o.a.w.l.Aj.preProcess o.a.w.l.Aj@b9afc07 org/junit/jupiter/api/extension/TestInstancePreConstructCallback, byte[721], j.i.l.ClassLoaders$AppClassLoader@3cd1a2f1
14:10:37.109 [main] DEBUG org.aspectj.weaver.loadtime.Aj - 14:10:37.109 main - o.a.w.l.Aj.preProcess o.a.w.l.Aj@b9afc07 j.i.l.ClassLoaders$PlatformClassLoader@1ad282e0, j.i.l.ClassLoaders$AppClassLoader@3cd1a2f1
14:10:37.109 [main] DEBUG o.a.weaver.tools.WeavingAdaptor - 14:10:37.109 main > o.a.w.t.WeavingAdaptor.weaveClass o.a.w.l.ClassLoaderWeavingAdaptor@140e5a13 org/junit/jupiter/api/extension/TestInstancePreConstructCallback, byte[721]
14:10:37.109 [main] DEBUG org.aspectj.weaver.bcel.BcelWeaver - 14:10:37.109 main > o.a.w.b.BcelWeaver.weave o.a.w.b.BcelWeaver@48524010 o.a.w.t.WeavingAdaptor$WeavingClassFileProvider@759de304
14:10:37.110 [main] DEBUG org.aspectj.weaver.bcel.BcelWeaver - 14:10:37.109 main > o.a.w.b.BcelWeaver.weaveAndNotify o.a.w.b.BcelWeaver@48524010 o.a.w.b.UnwovenClassFile@5649d11a, o.a.w.b.BcelObjectType@294f9d50, o.a.w.t.WeavingAdaptor$WeavingClassFileProvider$1@27443560
14:10:37.110 [main] DEBUG org.aspectj.weaver.bcel.BcelWeaver - 14:10:37.110 main < o.a.w.b.BcelWeaver.weaveAndNotify
14:10:37.110 [main] DEBUG org.aspectj.weaver.bcel.BcelWeaver - 14:10:37.110 main < o.a.w.b.BcelWeaver.weave java.util.ArrayList(1)
14:10:37.110 [main] DEBUG o.a.weaver.tools.WeavingAdaptor - 14:10:37.110 main < o.a.w.t.WeavingAdaptor.weaveClass byte[721]
14:10:37.110 [main] DEBUG org.aspectj.weaver.Dump - 14:10:37.110 main > o.a.w.Dump.dumpOnExit o.a.w.t.WeavingAdaptor$WeavingAdaptorMessageHolder@6a6afff2
14:10:37.110 [main] DEBUG org.aspectj.weaver.Dump - 14:10:37.110 main > o.a.w.Dump.shouldDumpOnExit o.a.w.t.WeavingAdaptor$WeavingAdaptorMessageHolder@6a6afff2
14:10:37.110 [main] DEBUG org.aspectj.weaver.Dump - 14:10:37.110 main - o.a.w.Dump.shouldDumpOnExit abort
14:10:37.110 [main] DEBUG org.aspectj.weaver.Dump - 14:10:37.110 main < o.a.w.Dump.shouldDumpOnExit false
14:10:37.110 [main] DEBUG org.aspectj.weaver.Dump - 14:10:37.110 main < o.a.w.Dump.dumpOnExit Excluded
14:10:37.110 [main] DEBUG org.aspectj.weaver.loadtime.Aj - 14:10:37.110 main < o.a.w.l.Aj.preProcess byte[721]
14:10:37.124 [main] DEBUG org.aspectj.weaver.loadtime.Aj - 14:10:37.124 main > o.a.w.l.Aj.preProcess o.a.w.l.Aj@b9afc07 org/junit/jupiter/engine/execution/ParameterResolutionUtils, byte[10097], j.i.l.ClassLoaders$AppClassLoader@3cd1a2f1
14:10:37.124 [main] DEBUG org.aspectj.weaver.loadtime.Aj - 14:10:37.124 main - o.a.w.l.Aj.preProcess o.a.w.l.Aj@b9afc07 j.i.l.ClassLoaders$PlatformClassLoader@1ad282e0, j.i.l.ClassLoaders$AppClassLoader@3cd1a2f1
14:10:37.124 [main] DEBUG o.a.weaver.tools.WeavingAdaptor - 14:10:37.124 main > o.a.w.t.WeavingAdaptor.weaveClass o.a.w.l.ClassLoaderWeavingAdaptor@140e5a13 org/junit/jupiter/engine/execution/ParameterResolutionUtils, byte[10097]
14:10:37.125 [main] DEBUG org.aspectj.weaver.bcel.BcelWeaver - 14:10:37.125 main > o.a.w.b.BcelWeaver.weave o.a.w.b.BcelWeaver@48524010 o.a.w.t.WeavingAdaptor$WeavingClassFileProvider@682abca7
14:10:37.125 [main] DEBUG org.aspectj.weaver.bcel.BcelWeaver - 14:10:37.125 main > o.a.w.b.BcelWeaver.weaveAndNotify o.a.w.b.BcelWeaver@48524010 o.a.w.b.UnwovenClassFile@1d858300, o.a.w.b.BcelObjectType@76f881d9, o.a.w.t.WeavingAdaptor$WeavingClassFileProvider$1@6dd36ab6
14:10:37.126 [main] DEBUG org.aspectj.weaver.bcel.BcelWeaver - 14:10:37.126 main < o.a.w.b.BcelWeaver.weaveAndNotify
14:10:37.126 [main] DEBUG org.aspectj.weaver.bcel.BcelWeaver - 14:10:37.126 main < o.a.w.b.BcelWeaver.weave java.util.ArrayList(1)
14:10:37.126 [main] DEBUG o.a.weaver.tools.WeavingAdaptor - 14:10:37.126 main < o.a.w.t.WeavingAdaptor.weaveClass byte[10097]
14:10:37.126 [main] DEBUG org.aspectj.weaver.Dump - 14:10:37.126 main > o.a.w.Dump.dumpOnExit o.a.w.t.WeavingAdaptor$WeavingAdaptorMessageHolder@6a6afff2
14:10:37.126 [main] DEBUG org.aspectj.weaver.Dump - 14:10:37.126 main > o.a.w.Dump.shouldDumpOnExit o.a.w.t.WeavingAdaptor$WeavingAdaptorMessageHolder@6a6afff2
14:10:37.126 [main] DEBUG org.aspectj.weaver.Dump - 14:10:37.126 main - o.a.w.Dump.shouldDumpOnExit abort
14:10:37.126 [main] DEBUG org.aspectj.weaver.Dump - 14:10:37.126 main < o.a.w.Dump.shouldDumpOnExit false
14:10:37.126 [main] DEBUG org.aspectj.weaver.Dump - 14:10:37.126 main < o.a.w.Dump.dumpOnExit Excluded
14:10:37.126 [main] DEBUG org.aspectj.weaver.loadtime.Aj - 14:10:37.126 main < o.a.w.l.Aj.preProcess byte[10097]
14:10:37.128 [main] DEBUG org.aspectj.weaver.loadtime.Aj - 14:10:37.128 main > o.a.w.l.Aj.preProcess o.a.w.l.Aj@b9afc07 org/junit/jupiter/api/extension/ParameterContext, byte[1319], j.i.l.ClassLoaders$AppClassLoader@3cd1a2f1
14:10:37.128 [main] DEBUG org.aspectj.weaver.loadtime.Aj - 14:10:37.128 main - o.a.w.l.Aj.preProcess o.a.w.l.Aj@b9afc07 j.i.l.ClassLoaders$PlatformClassLoader@1ad282e0, j.i.l.ClassLoaders$AppClassLoader@3cd1a2f1
14:10:37.129 [main] DEBUG o.a.weaver.tools.WeavingAdaptor - 14:10:37.129 main > o.a.w.t.WeavingAdaptor.weaveClass o.a.w.l.ClassLoaderWeavingAdaptor@140e5a13 org/junit/jupiter/api/extension/ParameterContext, byte[1319]
14:10:37.129 [main] DEBUG org.aspectj.weaver.bcel.BcelWeaver - 14:10:37.129 main > o.a.w.b.BcelWeaver.weave o.a.w.b.BcelWeaver@48524010 o.a.w.t.WeavingAdaptor$WeavingClassFileProvider@74606204
14:10:37.129 [main] DEBUG org.aspectj.weaver.bcel.BcelWeaver - 14:10:37.129 main > o.a.w.b.BcelWeaver.weaveAndNotify o.a.w.b.BcelWeaver@48524010 o.a.w.b.UnwovenClassFile@6b6eae52, o.a.w.b.BcelObjectType@d4df0e, o.a.w.t.WeavingAdaptor$WeavingClassFileProvider$1@7ae0cc89
14:10:37.129 [main] DEBUG org.aspectj.weaver.bcel.BcelWeaver - 14:10:37.129 main < o.a.w.b.BcelWeaver.weaveAndNotify
14:10:37.129 [main] DEBUG org.aspectj.weaver.bcel.BcelWeaver - 14:10:37.129 main < o.a.w.b.BcelWeaver.weave java.util.ArrayList(1)
14:10:37.129 [main] DEBUG o.a.weaver.tools.WeavingAdaptor - 14:10:37.129 main < o.a.w.t.WeavingAdaptor.weaveClass byte[1319]
14:10:37.129 [main] DEBUG org.aspectj.weaver.Dump - 14:10:37.129 main > o.a.w.Dump.dumpOnExit o.a.w.t.WeavingAdaptor$WeavingAdaptorMessageHolder@6a6afff2
14:10:37.129 [main] DEBUG org.aspectj.weaver.Dump - 14:10:37.129 main > o.a.w.Dump.shouldDumpOnExit o.a.w.t.WeavingAdaptor$WeavingAdaptorMessageHolder@6a6afff2
14:10:37.130 [main] DEBUG org.aspectj.weaver.Dump - 14:10:37.130 main - o.a.w.Dump.shouldDumpOnExit abort
14:10:37.130 [main] DEBUG org.aspectj.weaver.Dump - 14:10:37.130 main < o.a.w.Dump.shouldDumpOnExit false
14:10:37.130 [main] DEBUG org.aspectj.weaver.Dump - 14:10:37.130 main < o.a.w.Dump.dumpOnExit Excluded
14:10:37.130 [main] DEBUG org.aspectj.weaver.loadtime.Aj - 14:10:37.130 main < o.a.w.l.Aj.preProcess byte[1319]
14:10:37.132 [main] DEBUG org.aspectj.weaver.loadtime.Aj - 14:10:37.132 main > o.a.w.l.Aj.preProcess o.a.w.l.Aj@b9afc07 org/junit/jupiter/engine/execution/ConstructorInvocation, byte[2646], j.i.l.ClassLoaders$AppClassLoader@3cd1a2f1
14:10:37.133 [main] DEBUG org.aspectj.weaver.loadtime.Aj - 14:10:37.133 main - o.a.w.l.Aj.preProcess o.a.w.l.Aj@b9afc07 j.i.l.ClassLoaders$PlatformClassLoader@1ad282e0, j.i.l.ClassLoaders$AppClassLoader@3cd1a2f1
14:10:37.133 [main] DEBUG o.a.weaver.tools.WeavingAdaptor - 14:10:37.133 main > o.a.w.t.WeavingAdaptor.weaveClass o.a.w.l.ClassLoaderWeavingAdaptor@140e5a13 org/junit/jupiter/engine/execution/ConstructorInvocation, byte[2646]
14:10:37.133 [main] DEBUG org.aspectj.weaver.bcel.BcelWeaver - 14:10:37.133 main > o.a.w.b.BcelWeaver.weave o.a.w.b.BcelWeaver@48524010 o.a.w.t.WeavingAdaptor$WeavingClassFileProvider@4997552e
14:10:37.133 [main] DEBUG org.aspectj.weaver.bcel.BcelWeaver - 14:10:37.133 main > o.a.w.b.BcelWeaver.weaveAndNotify o.a.w.b.BcelWeaver@48524010 o.a.w.b.UnwovenClassFile@7bcecef6, o.a.w.b.BcelObjectType@46046c06, o.a.w.t.WeavingAdaptor$WeavingClassFileProvider$1@93824eb
14:10:37.135 [main] DEBUG org.aspectj.weaver.bcel.BcelWeaver - 14:10:37.135 main < o.a.w.b.BcelWeaver.weaveAndNotify
14:10:37.135 [main] DEBUG org.aspectj.weaver.bcel.BcelWeaver - 14:10:37.135 main < o.a.w.b.BcelWeaver.weave java.util.ArrayList(1)
14:10:37.135 [main] DEBUG o.a.weaver.tools.WeavingAdaptor - 14:10:37.135 main < o.a.w.t.WeavingAdaptor.weaveClass byte[2646]
14:10:37.135 [main] DEBUG org.aspectj.weaver.Dump - 14:10:37.135 main > o.a.w.Dump.dumpOnExit o.a.w.t.WeavingAdaptor$WeavingAdaptorMessageHolder@6a6afff2
14:10:37.135 [main] DEBUG org.aspectj.weaver.Dump - 14:10:37.135 main > o.a.w.Dump.shouldDumpOnExit o.a.w.t.WeavingAdaptor$WeavingAdaptorMessageHolder@6a6afff2
14:10:37.135 [main] DEBUG org.aspectj.weaver.Dump - 14:10:37.135 main - o.a.w.Dump.shouldDumpOnExit abort
14:10:37.136 [main] DEBUG org.aspectj.weaver.Dump - 14:10:37.135 main < o.a.w.Dump.shouldDumpOnExit false
14:10:37.136 [main] DEBUG org.aspectj.weaver.Dump - 14:10:37.136 main < o.a.w.Dump.dumpOnExit Excluded
14:10:37.136 [main] DEBUG org.aspectj.weaver.loadtime.Aj - 14:10:37.136 main < o.a.w.l.Aj.preProcess byte[2646]
14:10:37.140 [main] DEBUG org.aspectj.weaver.loadtime.Aj - 14:10:37.140 main > o.a.w.l.Aj.preProcess o.a.w.l.Aj@b9afc07 org/junit/jupiter/engine/execution/InvocationInterceptorChain$InterceptorCall, byte[2844], j.i.l.ClassLoaders$AppClassLoader@3cd1a2f1
14:10:37.140 [main] DEBUG org.aspectj.weaver.loadtime.Aj - 14:10:37.140 main - o.a.w.l.Aj.preProcess o.a.w.l.Aj@b9afc07 j.i.l.ClassLoaders$PlatformClassLoader@1ad282e0, j.i.l.ClassLoaders$AppClassLoader@3cd1a2f1
14:10:37.140 [main] DEBUG o.a.weaver.tools.WeavingAdaptor - 14:10:37.140 main > o.a.w.t.WeavingAdaptor.weaveClass o.a.w.l.ClassLoaderWeavingAdaptor@140e5a13 org/junit/jupiter/engine/execution/InvocationInterceptorChain$InterceptorCall, byte[2844]
14:10:37.140 [main] DEBUG org.aspectj.weaver.bcel.BcelWeaver - 14:10:37.140 main > o.a.w.b.BcelWeaver.weave o.a.w.b.BcelWeaver@48524010 o.a.w.t.WeavingAdaptor$WeavingClassFileProvider@71cea1b8
14:10:37.140 [main] DEBUG org.aspectj.weaver.bcel.BcelWeaver - 14:10:37.140 main > o.a.w.b.BcelWeaver.weaveAndNotify o.a.w.b.BcelWeaver@48524010 o.a.w.b.UnwovenClassFile@659f226a, o.a.w.b.BcelObjectType@2e463f4, o.a.w.t.WeavingAdaptor$WeavingClassFileProvider$1@32ec9c90
14:10:37.143 [main] DEBUG org.aspectj.weaver.bcel.BcelWorld - 14:10:37.143 main - o.a.w.b.BcelWorld.lookupJavaClass o.a.w.l.LTWWorld@2b4a2ec7 org.junit.jupiter.engine.execution.InvocationInterceptorChain$VoidInterceptorCall, o.a.a.b.c.JavaClass@b61edb9
14:10:37.143 [main] DEBUG org.aspectj.weaver.bcel.BcelWeaver - 14:10:37.143 main < o.a.w.b.BcelWeaver.weaveAndNotify
14:10:37.143 [main] DEBUG org.aspectj.weaver.bcel.BcelWeaver - 14:10:37.143 main < o.a.w.b.BcelWeaver.weave java.util.ArrayList(1)
14:10:37.143 [main] DEBUG o.a.weaver.tools.WeavingAdaptor - 14:10:37.143 main < o.a.w.t.WeavingAdaptor.weaveClass byte[2844]
14:10:37.143 [main] DEBUG org.aspectj.weaver.Dump - 14:10:37.143 main > o.a.w.Dump.dumpOnExit o.a.w.t.WeavingAdaptor$WeavingAdaptorMessageHolder@6a6afff2
14:10:37.143 [main] DEBUG org.aspectj.weaver.Dump - 14:10:37.143 main > o.a.w.Dump.shouldDumpOnExit o.a.w.t.WeavingAdaptor$WeavingAdaptorMessageHolder@6a6afff2
14:10:37.143 [main] DEBUG org.aspectj.weaver.Dump - 14:10:37.143 main - o.a.w.Dump.shouldDumpOnExit abort
14:10:37.143 [main] DEBUG org.aspectj.weaver.Dump - 14:10:37.143 main < o.a.w.Dump.shouldDumpOnExit false
14:10:37.143 [main] DEBUG org.aspectj.weaver.Dump - 14:10:37.143 main < o.a.w.Dump.dumpOnExit Excluded
14:10:37.143 [main] DEBUG org.aspectj.weaver.loadtime.Aj - 14:10:37.143 main < o.a.w.l.Aj.preProcess byte[2844]
14:10:37.148 [main] DEBUG org.aspectj.weaver.loadtime.Aj - 14:10:37.148 main > o.a.w.l.Aj.preProcess o.a.w.l.Aj@b9afc07 org/junit/jupiter/engine/execution/InvocationInterceptorChain$ValidatingInvocation, byte[4706], j.i.l.ClassLoaders$AppClassLoader@3cd1a2f1
14:10:37.148 [main] DEBUG org.aspectj.weaver.loadtime.Aj - 14:10:37.148 main - o.a.w.l.Aj.preProcess o.a.w.l.Aj@b9afc07 j.i.l.ClassLoaders$PlatformClassLoader@1ad282e0, j.i.l.ClassLoaders$AppClassLoader@3cd1a2f1
14:10:37.148 [main] DEBUG o.a.weaver.tools.WeavingAdaptor - 14:10:37.148 main > o.a.w.t.WeavingAdaptor.weaveClass o.a.w.l.ClassLoaderWeavingAdaptor@140e5a13 org/junit/jupiter/engine/execution/InvocationInterceptorChain$ValidatingInvocation, byte[4706]
14:10:37.166 [main] DEBUG org.aspectj.weaver.bcel.BcelWeaver - 14:10:37.166 main > o.a.w.b.BcelWeaver.weave o.a.w.b.BcelWeaver@48524010 o.a.w.t.WeavingAdaptor$WeavingClassFileProvider@af7e376
14:10:37.166 [main] DEBUG org.aspectj.weaver.bcel.BcelWeaver - 14:10:37.166 main > o.a.w.b.BcelWeaver.weaveAndNotify o.a.w.b.BcelWeaver@48524010 o.a.w.b.UnwovenClassFile@5dcd0cdf, o.a.w.b.BcelObjectType@4fb04a72, o.a.w.t.WeavingAdaptor$WeavingClassFileProvider$1@1e79d43
14:10:37.167 [main] DEBUG org.aspectj.weaver.bcel.BcelWeaver - 14:10:37.167 main < o.a.w.b.BcelWeaver.weaveAndNotify
14:10:37.168 [main] DEBUG org.aspectj.weaver.bcel.BcelWeaver - 14:10:37.167 main < o.a.w.b.BcelWeaver.weave java.util.ArrayList(1)
14:10:37.168 [main] DEBUG o.a.weaver.tools.WeavingAdaptor - 14:10:37.168 main < o.a.w.t.WeavingAdaptor.weaveClass byte[4706]
14:10:37.168 [main] DEBUG org.aspectj.weaver.Dump - 14:10:37.168 main > o.a.w.Dump.dumpOnExit o.a.w.t.WeavingAdaptor$WeavingAdaptorMessageHolder@6a6afff2
14:10:37.168 [main] DEBUG org.aspectj.weaver.Dump - 14:10:37.168 main > o.a.w.Dump.shouldDumpOnExit o.a.w.t.WeavingAdaptor$WeavingAdaptorMessageHolder@6a6afff2
14:10:37.168 [main] DEBUG org.aspectj.weaver.Dump - 14:10:37.168 main - o.a.w.Dump.shouldDumpOnExit abort
14:10:37.168 [main] DEBUG org.aspectj.weaver.Dump - 14:10:37.168 main < o.a.w.Dump.shouldDumpOnExit false
14:10:37.168 [main] DEBUG org.aspectj.weaver.Dump - 14:10:37.168 main < o.a.w.Dump.dumpOnExit Excluded
14:10:37.168 [main] DEBUG org.aspectj.weaver.loadtime.Aj - 14:10:37.168 main < o.a.w.l.Aj.preProcess byte[4706]
14:10:37.175 [main] DEBUG org.aspectj.weaver.loadtime.Aj - 14:10:37.175 main > o.a.w.l.Aj.preProcess o.a.w.l.Aj@b9afc07 org/junit/jupiter/engine/execution/InvocationInterceptorChain$InterceptedInvocation, byte[2511], j.i.l.ClassLoaders$AppClassLoader@3cd1a2f1
14:10:37.175 [main] DEBUG org.aspectj.weaver.loadtime.Aj - 14:10:37.175 main - o.a.w.l.Aj.preProcess o.a.w.l.Aj@b9afc07 j.i.l.ClassLoaders$PlatformClassLoader@1ad282e0, j.i.l.ClassLoaders$AppClassLoader@3cd1a2f1
14:10:37.175 [main] DEBUG o.a.weaver.tools.WeavingAdaptor - 14:10:37.175 main > o.a.w.t.WeavingAdaptor.weaveClass o.a.w.l.ClassLoaderWeavingAdaptor@140e5a13 org/junit/jupiter/engine/execution/InvocationInterceptorChain$InterceptedInvocation, byte[2511]
14:10:37.176 [main] DEBUG org.aspectj.weaver.bcel.BcelWeaver - 14:10:37.176 main > o.a.w.b.BcelWeaver.weave o.a.w.b.BcelWeaver@48524010 o.a.w.t.WeavingAdaptor$WeavingClassFileProvider@889a8a8
14:10:37.176 [main] DEBUG org.aspectj.weaver.bcel.BcelWeaver - 14:10:37.176 main > o.a.w.b.BcelWeaver.weaveAndNotify o.a.w.b.BcelWeaver@48524010 o.a.w.b.UnwovenClassFile@f29353f, o.a.w.b.BcelObjectType@36f7d7b, o.a.w.t.WeavingAdaptor$WeavingClassFileProvider$1@60aec68a
14:10:37.177 [main] DEBUG org.aspectj.weaver.bcel.BcelWeaver - 14:10:37.177 main < o.a.w.b.BcelWeaver.weaveAndNotify
14:10:37.177 [main] DEBUG org.aspectj.weaver.bcel.BcelWeaver - 14:10:37.177 main < o.a.w.b.BcelWeaver.weave java.util.ArrayList(1)
14:10:37.177 [main] DEBUG o.a.weaver.tools.WeavingAdaptor - 14:10:37.177 main < o.a.w.t.WeavingAdaptor.weaveClass byte[2511]
14:10:37.177 [main] DEBUG org.aspectj.weaver.Dump - 14:10:37.177 main > o.a.w.Dump.dumpOnExit o.a.w.t.WeavingAdaptor$WeavingAdaptorMessageHolder@6a6afff2
14:10:37.177 [main] DEBUG org.aspectj.weaver.Dump - 14:10:37.177 main > o.a.w.Dump.shouldDumpOnExit o.a.w.t.WeavingAdaptor$WeavingAdaptorMessageHolder@6a6afff2
14:10:37.177 [main] DEBUG org.aspectj.weaver.Dump - 14:10:37.177 main - o.a.w.Dump.shouldDumpOnExit abort
14:10:37.177 [main] DEBUG org.aspectj.weaver.Dump - 14:10:37.177 main < o.a.w.Dump.shouldDumpOnExit false
14:10:37.177 [main] DEBUG org.aspectj.weaver.Dump - 14:10:37.177 main < o.a.w.Dump.dumpOnExit Excluded
14:10:37.177 [main] DEBUG org.aspectj.weaver.loadtime.Aj - 14:10:37.177 main < o.a.w.l.Aj.preProcess byte[2511]
14:10:37.180 [main] DEBUG org.aspectj.weaver.loadtime.Aj - 14:10:37.180 main > o.a.w.l.Aj.preProcess o.a.w.l.Aj@b9afc07 org/junit/jupiter/engine/execution/DefaultTestInstances, byte[3400], j.i.l.ClassLoaders$AppClassLoader@3cd1a2f1
14:10:37.180 [main] DEBUG org.aspectj.weaver.loadtime.Aj - 14:10:37.180 main - o.a.w.l.Aj.preProcess o.a.w.l.Aj@b9afc07 j.i.l.ClassLoaders$PlatformClassLoader@1ad282e0, j.i.l.ClassLoaders$AppClassLoader@3cd1a2f1
14:10:37.180 [main] DEBUG o.a.weaver.tools.WeavingAdaptor - 14:10:37.180 main > o.a.w.t.WeavingAdaptor.weaveClass o.a.w.l.ClassLoaderWeavingAdaptor@140e5a13 org/junit/jupiter/engine/execution/DefaultTestInstances, byte[3400]
14:10:37.180 [main] DEBUG org.aspectj.weaver.bcel.BcelWeaver - 14:10:37.180 main > o.a.w.b.BcelWeaver.weave o.a.w.b.BcelWeaver@48524010 o.a.w.t.WeavingAdaptor$WeavingClassFileProvider@79696332
14:10:37.180 [main] DEBUG org.aspectj.weaver.bcel.BcelWeaver - 14:10:37.180 main > o.a.w.b.BcelWeaver.weaveAndNotify o.a.w.b.BcelWeaver@48524010 o.a.w.b.UnwovenClassFile@ed2f2f6, o.a.w.b.BcelObjectType@fe87ddd, o.a.w.t.WeavingAdaptor$WeavingClassFileProvider$1@4eea94a4
14:10:37.181 [main] DEBUG org.aspectj.weaver.bcel.BcelWeaver - 14:10:37.181 main < o.a.w.b.BcelWeaver.weaveAndNotify
14:10:37.181 [main] DEBUG org.aspectj.weaver.bcel.BcelWeaver - 14:10:37.181 main < o.a.w.b.BcelWeaver.weave java.util.ArrayList(1)
14:10:37.181 [main] DEBUG o.a.weaver.tools.WeavingAdaptor - 14:10:37.181 main < o.a.w.t.WeavingAdaptor.weaveClass byte[3400]
14:10:37.181 [main] DEBUG org.aspectj.weaver.Dump - 14:10:37.181 main > o.a.w.Dump.dumpOnExit o.a.w.t.WeavingAdaptor$WeavingAdaptorMessageHolder@6a6afff2
14:10:37.181 [main] DEBUG org.aspectj.weaver.Dump - 14:10:37.181 main > o.a.w.Dump.shouldDumpOnExit o.a.w.t.WeavingAdaptor$WeavingAdaptorMessageHolder@6a6afff2
14:10:37.181 [main] DEBUG org.aspectj.weaver.Dump - 14:10:37.181 main - o.a.w.Dump.shouldDumpOnExit abort
14:10:37.181 [main] DEBUG org.aspectj.weaver.Dump - 14:10:37.181 main < o.a.w.Dump.shouldDumpOnExit false
14:10:37.181 [main] DEBUG org.aspectj.weaver.Dump - 14:10:37.181 main < o.a.w.Dump.dumpOnExit Excluded
14:10:37.181 [main] DEBUG org.aspectj.weaver.loadtime.Aj - 14:10:37.181 main < o.a.w.l.Aj.preProcess byte[3400]
14:10:37.185 [main] DEBUG org.aspectj.weaver.loadtime.Aj - 14:10:37.185 main > o.a.w.l.Aj.preProcess o.a.w.l.Aj@b9afc07 org/junit/jupiter/api/extension/TestInstancePostProcessor, byte[658], j.i.l.ClassLoaders$AppClassLoader@3cd1a2f1
14:10:37.185 [main] DEBUG org.aspectj.weaver.loadtime.Aj - 14:10:37.185 main - o.a.w.l.Aj.preProcess o.a.w.l.Aj@b9afc07 j.i.l.ClassLoaders$PlatformClassLoader@1ad282e0, j.i.l.ClassLoaders$AppClassLoader@3cd1a2f1
14:10:37.185 [main] DEBUG o.a.weaver.tools.WeavingAdaptor - 14:10:37.185 main > o.a.w.t.WeavingAdaptor.weaveClass o.a.w.l.ClassLoaderWeavingAdaptor@140e5a13 org/junit/jupiter/api/extension/TestInstancePostProcessor, byte[658]
14:10:37.188 [main] DEBUG org.aspectj.weaver.bcel.BcelWeaver - 14:10:37.187 main > o.a.w.b.BcelWeaver.weave o.a.w.b.BcelWeaver@48524010 o.a.w.t.WeavingAdaptor$WeavingClassFileProvider@7f9e8421
14:10:37.189 [main] DEBUG org.aspectj.weaver.bcel.BcelWeaver - 14:10:37.189 main > o.a.w.b.BcelWeaver.weaveAndNotify o.a.w.b.BcelWeaver@48524010 o.a.w.b.UnwovenClassFile@23da79eb, o.a.w.b.BcelObjectType@168b4cb0, o.a.w.t.WeavingAdaptor$WeavingClassFileProvider$1@3e05586b
14:10:37.189 [main] DEBUG org.aspectj.weaver.bcel.BcelWeaver - 14:10:37.189 main < o.a.w.b.BcelWeaver.weaveAndNotify
14:10:37.189 [main] DEBUG org.aspectj.weaver.bcel.BcelWeaver - 14:10:37.189 main < o.a.w.b.BcelWeaver.weave java.util.ArrayList(1)
14:10:37.189 [main] DEBUG o.a.weaver.tools.WeavingAdaptor - 14:10:37.189 main < o.a.w.t.WeavingAdaptor.weaveClass byte[658]
14:10:37.189 [main] DEBUG org.aspectj.weaver.Dump - 14:10:37.189 main > o.a.w.Dump.dumpOnExit o.a.w.t.WeavingAdaptor$WeavingAdaptorMessageHolder@6a6afff2
14:10:37.189 [main] DEBUG org.aspectj.weaver.Dump - 14:10:37.189 main > o.a.w.Dump.shouldDumpOnExit o.a.w.t.WeavingAdaptor$WeavingAdaptorMessageHolder@6a6afff2
14:10:37.189 [main] DEBUG org.aspectj.weaver.Dump - 14:10:37.189 main - o.a.w.Dump.shouldDumpOnExit abort
14:10:37.190 [main] DEBUG org.aspectj.weaver.Dump - 14:10:37.189 main < o.a.w.Dump.shouldDumpOnExit false
14:10:37.190 [main] DEBUG org.aspectj.weaver.Dump - 14:10:37.190 main < o.a.w.Dump.dumpOnExit Excluded
14:10:37.190 [main] DEBUG org.aspectj.weaver.loadtime.Aj - 14:10:37.190 main < o.a.w.l.Aj.preProcess byte[658]
14:10:37.196 [main] DEBUG org.aspectj.weaver.loadtime.Aj - 14:10:37.196 main > o.a.w.l.Aj.preProcess o.a.w.l.Aj@b9afc07 io/qameta/allure/junitplatform/AllureJunitPlatformUtils, byte[4514], j.i.l.ClassLoaders$AppClassLoader@3cd1a2f1
14:10:37.197 [main] DEBUG org.aspectj.weaver.loadtime.Aj - 14:10:37.197 main - o.a.w.l.Aj.preProcess o.a.w.l.Aj@b9afc07 j.i.l.ClassLoaders$PlatformClassLoader@1ad282e0, j.i.l.ClassLoaders$AppClassLoader@3cd1a2f1
14:10:37.197 [main] DEBUG o.a.weaver.tools.WeavingAdaptor - 14:10:37.197 main > o.a.w.t.WeavingAdaptor.weaveClass o.a.w.l.ClassLoaderWeavingAdaptor@140e5a13 io/qameta/allure/junitplatform/AllureJunitPlatformUtils, byte[4514]
14:10:37.198 [main] DEBUG org.aspectj.weaver.bcel.BcelWeaver - 14:10:37.197 main > o.a.w.b.BcelWeaver.weave o.a.w.b.BcelWeaver@48524010 o.a.w.t.WeavingAdaptor$WeavingClassFileProvider@7e62cfa3
14:10:37.198 [main] DEBUG org.aspectj.weaver.bcel.BcelWeaver - 14:10:37.198 main > o.a.w.b.BcelWeaver.weaveAndNotify o.a.w.b.BcelWeaver@48524010 o.a.w.b.UnwovenClassFile@46e190ed, o.a.w.b.BcelObjectType@383c3eb3, o.a.w.t.WeavingAdaptor$WeavingClassFileProvider$1@20ab76ee
14:10:37.198 [main] DEBUG org.aspectj.weaver.bcel.BcelWeaver - 14:10:37.198 main < o.a.w.b.BcelWeaver.weaveAndNotify
14:10:37.198 [main] DEBUG org.aspectj.weaver.bcel.BcelWeaver - 14:10:37.198 main < o.a.w.b.BcelWeaver.weave java.util.ArrayList(1)
14:10:37.198 [main] DEBUG o.a.weaver.tools.WeavingAdaptor - 14:10:37.198 main < o.a.w.t.WeavingAdaptor.weaveClass byte[4514]
14:10:37.198 [main] DEBUG org.aspectj.weaver.Dump - 14:10:37.198 main > o.a.w.Dump.dumpOnExit o.a.w.t.WeavingAdaptor$WeavingAdaptorMessageHolder@6a6afff2
14:10:37.199 [main] DEBUG org.aspectj.weaver.Dump - 14:10:37.198 main > o.a.w.Dump.shouldDumpOnExit o.a.w.t.WeavingAdaptor$WeavingAdaptorMessageHolder@6a6afff2
14:10:37.199 [main] DEBUG org.aspectj.weaver.Dump - 14:10:37.199 main - o.a.w.Dump.shouldDumpOnExit abort
14:10:37.199 [main] DEBUG org.aspectj.weaver.Dump - 14:10:37.199 main < o.a.w.Dump.shouldDumpOnExit false
14:10:37.199 [main] DEBUG org.aspectj.weaver.Dump - 14:10:37.199 main < o.a.w.Dump.dumpOnExit Excluded
14:10:37.199 [main] DEBUG org.aspectj.weaver.loadtime.Aj - 14:10:37.199 main < o.a.w.l.Aj.preProcess byte[4514]
14:10:37.247 [main] DEBUG org.aspectj.weaver.loadtime.Aj - 14:10:37.246 main > o.a.w.l.Aj.preProcess o.a.w.l.Aj@b9afc07 io/qameta/allure/model/TestResult, byte[6679], j.i.l.ClassLoaders$AppClassLoader@3cd1a2f1
14:10:37.247 [main] DEBUG org.aspectj.weaver.loadtime.Aj - 14:10:37.247 main - o.a.w.l.Aj.preProcess o.a.w.l.Aj@b9afc07 j.i.l.ClassLoaders$PlatformClassLoader@1ad282e0, j.i.l.ClassLoaders$AppClassLoader@3cd1a2f1
14:10:37.247 [main] DEBUG o.a.weaver.tools.WeavingAdaptor - 14:10:37.247 main > o.a.w.t.WeavingAdaptor.weaveClass o.a.w.l.ClassLoaderWeavingAdaptor@140e5a13 io/qameta/allure/model/TestResult, byte[6679]
14:10:37.247 [main] DEBUG org.aspectj.weaver.bcel.BcelWeaver - 14:10:37.247 main > o.a.w.b.BcelWeaver.weave o.a.w.b.BcelWeaver@48524010 o.a.w.t.WeavingAdaptor$WeavingClassFileProvider@75023c53
14:10:37.249 [main] DEBUG org.aspectj.weaver.bcel.BcelWorld - 14:10:37.249 main - o.a.w.b.BcelWorld.lookupJavaClass o.a.w.l.LTWWorld@2b4a2ec7 io.qameta.allure.model.ExecutableItem, o.a.a.b.c.JavaClass@3a17b2e3
14:10:37.249 [main] DEBUG org.aspectj.weaver.bcel.BcelWeaver - 14:10:37.249 main > o.a.w.b.BcelWeaver.weaveAndNotify o.a.w.b.BcelWeaver@48524010 o.a.w.b.UnwovenClassFile@5e13f156, o.a.w.b.BcelObjectType@310ed6b4, o.a.w.t.WeavingAdaptor$WeavingClassFileProvider$1@640cc04b
14:10:37.249 [main] DEBUG org.aspectj.weaver.bcel.BcelWorld - 14:10:37.249 main - o.a.w.b.BcelWorld.lookupJavaClass o.a.w.l.LTWWorld@2b4a2ec7 io.qameta.allure.model.WithAttachments, o.a.a.b.c.JavaClass@71f96dfb
14:10:37.251 [main] DEBUG org.aspectj.weaver.bcel.BcelWorld - 14:10:37.251 main - o.a.w.b.BcelWorld.lookupJavaClass o.a.w.l.LTWWorld@2b4a2ec7 io.qameta.allure.model.WithParameters, o.a.a.b.c.JavaClass@65afeb6d
14:10:37.253 [main] DEBUG org.aspectj.weaver.bcel.BcelWorld - 14:10:37.253 main - o.a.w.b.BcelWorld.lookupJavaClass o.a.w.l.LTWWorld@2b4a2ec7 io.qameta.allure.model.WithStatusDetails, o.a.a.b.c.JavaClass@60df7989
14:10:37.253 [main] DEBUG org.aspectj.weaver.bcel.BcelWorld - 14:10:37.253 main - o.a.w.b.BcelWorld.lookupJavaClass o.a.w.l.LTWWorld@2b4a2ec7 io.qameta.allure.model.WithSteps, o.a.a.b.c.JavaClass@49a26d19
14:10:37.257 [main] DEBUG org.aspectj.weaver.bcel.BcelWorld - 14:10:37.257 main - o.a.w.b.BcelWorld.lookupJavaClass o.a.w.l.LTWWorld@2b4a2ec7 io.qameta.allure.model.WithStatus, o.a.a.b.c.JavaClass@5cf8676a
14:10:37.261 [main] DEBUG org.aspectj.weaver.bcel.BcelWorld - 14:10:37.261 main - o.a.w.b.BcelWorld.lookupJavaClass o.a.w.l.LTWWorld@2b4a2ec7 io.qameta.allure.model.Status, o.a.a.b.c.JavaClass@661c46bc
14:10:37.261 [main] DEBUG org.aspectj.weaver.bcel.BcelWorld - 14:10:37.261 main - o.a.w.b.BcelWorld.lookupJavaClass o.a.w.l.LTWWorld@2b4a2ec7 io.qameta.allure.model.StatusDetails, o.a.a.b.c.JavaClass@540b0448
14:10:37.261 [main] DEBUG org.aspectj.weaver.bcel.BcelWorld - 14:10:37.261 main - o.a.w.b.BcelWorld.lookupJavaClass o.a.w.l.LTWWorld@2b4a2ec7 io.qameta.allure.model.Stage, o.a.a.b.c.JavaClass@4b7c4456
14:10:37.262 [main] DEBUG org.aspectj.weaver.bcel.BcelWeaver - 14:10:37.262 main < o.a.w.b.BcelWeaver.weaveAndNotify
14:10:37.262 [main] DEBUG org.aspectj.weaver.bcel.BcelWeaver - 14:10:37.262 main < o.a.w.b.BcelWeaver.weave java.util.ArrayList(1)
14:10:37.262 [main] DEBUG o.a.weaver.tools.WeavingAdaptor - 14:10:37.262 main < o.a.w.t.WeavingAdaptor.weaveClass byte[6679]
14:10:37.262 [main] DEBUG org.aspectj.weaver.Dump - 14:10:37.262 main > o.a.w.Dump.dumpOnExit o.a.w.t.WeavingAdaptor$WeavingAdaptorMessageHolder@6a6afff2
14:10:37.262 [main] DEBUG org.aspectj.weaver.Dump - 14:10:37.262 main > o.a.w.Dump.shouldDumpOnExit o.a.w.t.WeavingAdaptor$WeavingAdaptorMessageHolder@6a6afff2
14:10:37.262 [main] DEBUG org.aspectj.weaver.Dump - 14:10:37.262 main - o.a.w.Dump.shouldDumpOnExit abort
14:10:37.262 [main] DEBUG org.aspectj.weaver.Dump - 14:10:37.262 main < o.a.w.Dump.shouldDumpOnExit false
14:10:37.262 [main] DEBUG org.aspectj.weaver.Dump - 14:10:37.262 main < o.a.w.Dump.dumpOnExit Excluded
14:10:37.262 [main] DEBUG org.aspectj.weaver.loadtime.Aj - 14:10:37.262 main < o.a.w.l.Aj.preProcess byte[6679]
14:10:37.279 [main] DEBUG org.aspectj.weaver.loadtime.Aj - 14:10:37.279 main > o.a.w.l.Aj.preProcess o.a.w.l.Aj@b9afc07 io/qameta/allure/model/ExecutableItem, byte[311], j.i.l.ClassLoaders$AppClassLoader@3cd1a2f1
14:10:37.279 [main] DEBUG org.aspectj.weaver.loadtime.Aj - 14:10:37.279 main - o.a.w.l.Aj.preProcess o.a.w.l.Aj@b9afc07 j.i.l.ClassLoaders$PlatformClassLoader@1ad282e0, j.i.l.ClassLoaders$AppClassLoader@3cd1a2f1
14:10:37.279 [main] DEBUG o.a.weaver.tools.WeavingAdaptor - 14:10:37.279 main > o.a.w.t.WeavingAdaptor.weaveClass o.a.w.l.ClassLoaderWeavingAdaptor@140e5a13 io/qameta/allure/model/ExecutableItem, byte[311]
14:10:37.279 [main] DEBUG org.aspectj.weaver.bcel.BcelWeaver - 14:10:37.279 main > o.a.w.b.BcelWeaver.weave o.a.w.b.BcelWeaver@48524010 o.a.w.t.WeavingAdaptor$WeavingClassFileProvider@59939293
14:10:37.279 [main] DEBUG org.aspectj.weaver.bcel.BcelWeaver - 14:10:37.279 main > o.a.w.b.BcelWeaver.weaveAndNotify o.a.w.b.BcelWeaver@48524010 o.a.w.b.UnwovenClassFile@68b366e2, o.a.w.b.BcelObjectType@2d74c81b, o.a.w.t.WeavingAdaptor$WeavingClassFileProvider$1@10b687f2
14:10:37.280 [main] DEBUG org.aspectj.weaver.bcel.BcelWeaver - 14:10:37.280 main < o.a.w.b.BcelWeaver.weaveAndNotify
14:10:37.280 [main] DEBUG org.aspectj.weaver.bcel.BcelWeaver - 14:10:37.280 main < o.a.w.b.BcelWeaver.weave java.util.ArrayList(1)
14:10:37.280 [main] DEBUG o.a.weaver.tools.WeavingAdaptor - 14:10:37.280 main < o.a.w.t.WeavingAdaptor.weaveClass byte[311]
14:10:37.280 [main] DEBUG org.aspectj.weaver.Dump - 14:10:37.280 main > o.a.w.Dump.dumpOnExit o.a.w.t.WeavingAdaptor$WeavingAdaptorMessageHolder@6a6afff2
14:10:37.280 [main] DEBUG org.aspectj.weaver.Dump - 14:10:37.280 main > o.a.w.Dump.shouldDumpOnExit o.a.w.t.WeavingAdaptor$WeavingAdaptorMessageHolder@6a6afff2
14:10:37.280 [main] DEBUG org.aspectj.weaver.Dump - 14:10:37.280 main - o.a.w.Dump.shouldDumpOnExit abort
14:10:37.280 [main] DEBUG org.aspectj.weaver.Dump - 14:10:37.280 main < o.a.w.Dump.shouldDumpOnExit false
14:10:37.280 [main] DEBUG org.aspectj.weaver.Dump - 14:10:37.280 main < o.a.w.Dump.dumpOnExit Excluded
14:10:37.280 [main] DEBUG org.aspectj.weaver.loadtime.Aj - 14:10:37.280 main < o.a.w.l.Aj.preProcess byte[311]
14:10:37.281 [main] DEBUG org.aspectj.weaver.loadtime.Aj - 14:10:37.281 main > o.a.w.l.Aj.preProcess o.a.w.l.Aj@b9afc07 io/qameta/allure/model/WithAttachments, byte[258], j.i.l.ClassLoaders$AppClassLoader@3cd1a2f1
14:10:37.281 [main] DEBUG org.aspectj.weaver.loadtime.Aj - 14:10:37.281 main - o.a.w.l.Aj.preProcess o.a.w.l.Aj@b9afc07 j.i.l.ClassLoaders$PlatformClassLoader@1ad282e0, j.i.l.ClassLoaders$AppClassLoader@3cd1a2f1
14:10:37.281 [main] DEBUG o.a.weaver.tools.WeavingAdaptor - 14:10:37.281 main > o.a.w.t.WeavingAdaptor.weaveClass o.a.w.l.ClassLoaderWeavingAdaptor@140e5a13 io/qameta/allure/model/WithAttachments, byte[258]
14:10:37.282 [main] DEBUG org.aspectj.weaver.bcel.BcelWeaver - 14:10:37.281 main > o.a.w.b.BcelWeaver.weave o.a.w.b.BcelWeaver@48524010 o.a.w.t.WeavingAdaptor$WeavingClassFileProvider@991cbde
14:10:37.282 [main] DEBUG org.aspectj.weaver.bcel.BcelWeaver - 14:10:37.282 main > o.a.w.b.BcelWeaver.weaveAndNotify o.a.w.b.BcelWeaver@48524010 o.a.w.b.UnwovenClassFile@78d71df1, o.a.w.b.BcelObjectType@456bcb74, o.a.w.t.WeavingAdaptor$WeavingClassFileProvider$1@a9c5b75
14:10:37.283 [main] DEBUG org.aspectj.weaver.bcel.BcelWeaver - 14:10:37.283 main < o.a.w.b.BcelWeaver.weaveAndNotify
14:10:37.283 [main] DEBUG org.aspectj.weaver.bcel.BcelWeaver - 14:10:37.283 main < o.a.w.b.BcelWeaver.weave java.util.ArrayList(1)
14:10:37.283 [main] DEBUG o.a.weaver.tools.WeavingAdaptor - 14:10:37.283 main < o.a.w.t.WeavingAdaptor.weaveClass byte[258]
14:10:37.283 [main] DEBUG org.aspectj.weaver.Dump - 14:10:37.283 main > o.a.w.Dump.dumpOnExit o.a.w.t.WeavingAdaptor$WeavingAdaptorMessageHolder@6a6afff2
14:10:37.283 [main] DEBUG org.aspectj.weaver.Dump - 14:10:37.283 main > o.a.w.Dump.shouldDumpOnExit o.a.w.t.WeavingAdaptor$WeavingAdaptorMessageHolder@6a6afff2
14:10:37.283 [main] DEBUG org.aspectj.weaver.Dump - 14:10:37.283 main - o.a.w.Dump.shouldDumpOnExit abort
14:10:37.283 [main] DEBUG org.aspectj.weaver.Dump - 14:10:37.283 main < o.a.w.Dump.shouldDumpOnExit false
14:10:37.283 [main] DEBUG org.aspectj.weaver.Dump - 14:10:37.283 main < o.a.w.Dump.dumpOnExit Excluded
14:10:37.283 [main] DEBUG org.aspectj.weaver.loadtime.Aj - 14:10:37.283 main < o.a.w.l.Aj.preProcess byte[258]
14:10:37.284 [main] DEBUG org.aspectj.weaver.loadtime.Aj - 14:10:37.284 main > o.a.w.l.Aj.preProcess o.a.w.l.Aj@b9afc07 io/qameta/allure/model/WithParameters, byte[254], j.i.l.ClassLoaders$AppClassLoader@3cd1a2f1
14:10:37.285 [main] DEBUG org.aspectj.weaver.loadtime.Aj - 14:10:37.284 main - o.a.w.l.Aj.preProcess o.a.w.l.Aj@b9afc07 j.i.l.ClassLoaders$PlatformClassLoader@1ad282e0, j.i.l.ClassLoaders$AppClassLoader@3cd1a2f1
14:10:37.285 [main] DEBUG o.a.weaver.tools.WeavingAdaptor - 14:10:37.285 main > o.a.w.t.WeavingAdaptor.weaveClass o.a.w.l.ClassLoaderWeavingAdaptor@140e5a13 io/qameta/allure/model/WithParameters, byte[254]
14:10:37.285 [main] DEBUG org.aspectj.weaver.bcel.BcelWeaver - 14:10:37.285 main > o.a.w.b.BcelWeaver.weave o.a.w.b.BcelWeaver@48524010 o.a.w.t.WeavingAdaptor$WeavingClassFileProvider@3e28fee1
14:10:37.285 [main] DEBUG org.aspectj.weaver.bcel.BcelWeaver - 14:10:37.285 main > o.a.w.b.BcelWeaver.weaveAndNotify o.a.w.b.BcelWeaver@48524010 o.a.w.b.UnwovenClassFile@16a2ed51, o.a.w.b.BcelObjectType@3b332962, o.a.w.t.WeavingAdaptor$WeavingClassFileProvider$1@57ddd45b
14:10:37.286 [main] DEBUG org.aspectj.weaver.bcel.BcelWeaver - 14:10:37.286 main < o.a.w.b.BcelWeaver.weaveAndNotify
14:10:37.293 [main] DEBUG org.aspectj.weaver.bcel.BcelWeaver - 14:10:37.293 main < o.a.w.b.BcelWeaver.weave java.util.ArrayList(1)
14:10:37.293 [main] DEBUG o.a.weaver.tools.WeavingAdaptor - 14:10:37.293 main < o.a.w.t.WeavingAdaptor.weaveClass byte[254]
14:10:37.294 [main] DEBUG org.aspectj.weaver.Dump - 14:10:37.294 main > o.a.w.Dump.dumpOnExit o.a.w.t.WeavingAdaptor$WeavingAdaptorMessageHolder@6a6afff2
14:10:37.294 [main] DEBUG org.aspectj.weaver.Dump - 14:10:37.294 main > o.a.w.Dump.shouldDumpOnExit o.a.w.t.WeavingAdaptor$WeavingAdaptorMessageHolder@6a6afff2
14:10:37.294 [main] DEBUG org.aspectj.weaver.Dump - 14:10:37.294 main - o.a.w.Dump.shouldDumpOnExit abort
14:10:37.294 [main] DEBUG org.aspectj.weaver.Dump - 14:10:37.294 main < o.a.w.Dump.shouldDumpOnExit false
14:10:37.294 [main] DEBUG org.aspectj.weaver.Dump - 14:10:37.294 main < o.a.w.Dump.dumpOnExit Excluded
14:10:37.294 [main] DEBUG org.aspectj.weaver.loadtime.Aj - 14:10:37.294 main < o.a.w.l.Aj.preProcess byte[254]
14:10:37.295 [main] DEBUG org.aspectj.weaver.loadtime.Aj - 14:10:37.295 main > o.a.w.l.Aj.preProcess o.a.w.l.Aj@b9afc07 io/qameta/allure/model/WithStatusDetails, byte[249], j.i.l.ClassLoaders$AppClassLoader@3cd1a2f1
14:10:37.295 [main] DEBUG org.aspectj.weaver.loadtime.Aj - 14:10:37.295 main - o.a.w.l.Aj.preProcess o.a.w.l.Aj@b9afc07 j.i.l.ClassLoaders$PlatformClassLoader@1ad282e0, j.i.l.ClassLoaders$AppClassLoader@3cd1a2f1
14:10:37.295 [main] DEBUG o.a.weaver.tools.WeavingAdaptor - 14:10:37.295 main > o.a.w.t.WeavingAdaptor.weaveClass o.a.w.l.ClassLoaderWeavingAdaptor@140e5a13 io/qameta/allure/model/WithStatusDetails, byte[249]
14:10:37.296 [main] DEBUG org.aspectj.weaver.bcel.BcelWeaver - 14:10:37.296 main > o.a.w.b.BcelWeaver.weave o.a.w.b.BcelWeaver@48524010 o.a.w.t.WeavingAdaptor$WeavingClassFileProvider@342e690b
14:10:37.296 [main] DEBUG org.aspectj.weaver.bcel.BcelWeaver - 14:10:37.296 main > o.a.w.b.BcelWeaver.weaveAndNotify o.a.w.b.BcelWeaver@48524010 o.a.w.b.UnwovenClassFile@4519f676, o.a.w.b.BcelObjectType@78ec89a6, o.a.w.t.WeavingAdaptor$WeavingClassFileProvider$1@3596b249
14:10:37.296 [main] DEBUG org.aspectj.weaver.bcel.BcelWeaver - 14:10:37.296 main < o.a.w.b.BcelWeaver.weaveAndNotify
14:10:37.296 [main] DEBUG org.aspectj.weaver.bcel.BcelWeaver - 14:10:37.296 main < o.a.w.b.BcelWeaver.weave java.util.ArrayList(1)
14:10:37.296 [main] DEBUG o.a.weaver.tools.WeavingAdaptor - 14:10:37.296 main < o.a.w.t.WeavingAdaptor.weaveClass byte[249]
14:10:37.296 [main] DEBUG org.aspectj.weaver.Dump - 14:10:37.296 main > o.a.w.Dump.dumpOnExit o.a.w.t.WeavingAdaptor$WeavingAdaptorMessageHolder@6a6afff2
14:10:37.296 [main] DEBUG org.aspectj.weaver.Dump - 14:10:37.296 main > o.a.w.Dump.shouldDumpOnExit o.a.w.t.WeavingAdaptor$WeavingAdaptorMessageHolder@6a6afff2
14:10:37.296 [main] DEBUG org.aspectj.weaver.Dump - 14:10:37.296 main - o.a.w.Dump.shouldDumpOnExit abort
14:10:37.296 [main] DEBUG org.aspectj.weaver.Dump - 14:10:37.296 main < o.a.w.Dump.shouldDumpOnExit false
14:10:37.296 [main] DEBUG org.aspectj.weaver.Dump - 14:10:37.296 main < o.a.w.Dump.dumpOnExit Excluded
14:10:37.297 [main] DEBUG org.aspectj.weaver.loadtime.Aj - 14:10:37.297 main < o.a.w.l.Aj.preProcess byte[249]
14:10:37.297 [main] DEBUG org.aspectj.weaver.loadtime.Aj - 14:10:37.297 main > o.a.w.l.Aj.preProcess o.a.w.l.Aj@b9afc07 io/qameta/allure/model/WithStatus, byte[180], j.i.l.ClassLoaders$AppClassLoader@3cd1a2f1
14:10:37.298 [main] DEBUG org.aspectj.weaver.loadtime.Aj - 14:10:37.298 main - o.a.w.l.Aj.preProcess o.a.w.l.Aj@b9afc07 j.i.l.ClassLoaders$PlatformClassLoader@1ad282e0, j.i.l.ClassLoaders$AppClassLoader@3cd1a2f1
14:10:37.298 [main] DEBUG o.a.weaver.tools.WeavingAdaptor - 14:10:37.298 main > o.a.w.t.WeavingAdaptor.weaveClass o.a.w.l.ClassLoaderWeavingAdaptor@140e5a13 io/qameta/allure/model/WithStatus, byte[180]
14:10:37.298 [main] DEBUG org.aspectj.weaver.bcel.BcelWeaver - 14:10:37.298 main > o.a.w.b.BcelWeaver.weave o.a.w.b.BcelWeaver@48524010 o.a.w.t.WeavingAdaptor$WeavingClassFileProvider@642ee49c
14:10:37.298 [main] DEBUG org.aspectj.weaver.bcel.BcelWeaver - 14:10:37.298 main > o.a.w.b.BcelWeaver.weaveAndNotify o.a.w.b.BcelWeaver@48524010 o.a.w.b.UnwovenClassFile@294aba23, o.a.w.b.BcelObjectType@69909c14, o.a.w.t.WeavingAdaptor$WeavingClassFileProvider$1@5d3b58ca
14:10:37.298 [main] DEBUG org.aspectj.weaver.bcel.BcelWeaver - 14:10:37.298 main < o.a.w.b.BcelWeaver.weaveAndNotify
14:10:37.298 [main] DEBUG org.aspectj.weaver.bcel.BcelWeaver - 14:10:37.298 main < o.a.w.b.BcelWeaver.weave java.util.ArrayList(1)
14:10:37.298 [main] DEBUG o.a.weaver.tools.WeavingAdaptor - 14:10:37.298 main < o.a.w.t.WeavingAdaptor.weaveClass byte[180]
14:10:37.298 [main] DEBUG org.aspectj.weaver.Dump - 14:10:37.298 main > o.a.w.Dump.dumpOnExit o.a.w.t.WeavingAdaptor$WeavingAdaptorMessageHolder@6a6afff2
14:10:37.299 [main] DEBUG org.aspectj.weaver.Dump - 14:10:37.298 main > o.a.w.Dump.shouldDumpOnExit o.a.w.t.WeavingAdaptor$WeavingAdaptorMessageHolder@6a6afff2
14:10:37.299 [main] DEBUG org.aspectj.weaver.Dump - 14:10:37.299 main - o.a.w.Dump.shouldDumpOnExit abort
14:10:37.299 [main] DEBUG org.aspectj.weaver.Dump - 14:10:37.299 main < o.a.w.Dump.shouldDumpOnExit false
14:10:37.299 [main] DEBUG org.aspectj.weaver.Dump - 14:10:37.299 main < o.a.w.Dump.dumpOnExit Excluded
14:10:37.299 [main] DEBUG org.aspectj.weaver.loadtime.Aj - 14:10:37.299 main < o.a.w.l.Aj.preProcess byte[180]
14:10:37.301 [main] DEBUG org.aspectj.weaver.loadtime.Aj - 14:10:37.301 main > o.a.w.l.Aj.preProcess o.a.w.l.Aj@b9afc07 io/qameta/allure/model/WithSteps, byte[240], j.i.l.ClassLoaders$AppClassLoader@3cd1a2f1
14:10:37.301 [main] DEBUG org.aspectj.weaver.loadtime.Aj - 14:10:37.301 main - o.a.w.l.Aj.preProcess o.a.w.l.Aj@b9afc07 j.i.l.ClassLoaders$PlatformClassLoader@1ad282e0, j.i.l.ClassLoaders$AppClassLoader@3cd1a2f1
14:10:37.301 [main] DEBUG o.a.weaver.tools.WeavingAdaptor - 14:10:37.301 main > o.a.w.t.WeavingAdaptor.weaveClass o.a.w.l.ClassLoaderWeavingAdaptor@140e5a13 io/qameta/allure/model/WithSteps, byte[240]
14:10:37.301 [main] DEBUG org.aspectj.weaver.bcel.BcelWeaver - 14:10:37.301 main > o.a.w.b.BcelWeaver.weave o.a.w.b.BcelWeaver@48524010 o.a.w.t.WeavingAdaptor$WeavingClassFileProvider@58a2d9f9
14:10:37.301 [main] DEBUG org.aspectj.weaver.bcel.BcelWeaver - 14:10:37.301 main > o.a.w.b.BcelWeaver.weaveAndNotify o.a.w.b.BcelWeaver@48524010 o.a.w.b.UnwovenClassFile@4337afd, o.a.w.b.BcelObjectType@1d02af26, o.a.w.t.WeavingAdaptor$WeavingClassFileProvider$1@3fa7df1
14:10:37.302 [main] DEBUG org.aspectj.weaver.bcel.BcelWeaver - 14:10:37.302 main < o.a.w.b.BcelWeaver.weaveAndNotify
14:10:37.302 [main] DEBUG org.aspectj.weaver.bcel.BcelWeaver - 14:10:37.302 main < o.a.w.b.BcelWeaver.weave java.util.ArrayList(1)
14:10:37.302 [main] DEBUG o.a.weaver.tools.WeavingAdaptor - 14:10:37.302 main < o.a.w.t.WeavingAdaptor.weaveClass byte[240]
14:10:37.302 [main] DEBUG org.aspectj.weaver.Dump - 14:10:37.302 main > o.a.w.Dump.dumpOnExit o.a.w.t.WeavingAdaptor$WeavingAdaptorMessageHolder@6a6afff2
14:10:37.302 [main] DEBUG org.aspectj.weaver.Dump - 14:10:37.302 main > o.a.w.Dump.shouldDumpOnExit o.a.w.t.WeavingAdaptor$WeavingAdaptorMessageHolder@6a6afff2
14:10:37.302 [main] DEBUG org.aspectj.weaver.Dump - 14:10:37.302 main - o.a.w.Dump.shouldDumpOnExit abort
14:10:37.302 [main] DEBUG org.aspectj.weaver.Dump - 14:10:37.302 main < o.a.w.Dump.shouldDumpOnExit false
14:10:37.302 [main] DEBUG org.aspectj.weaver.Dump - 14:10:37.302 main < o.a.w.Dump.dumpOnExit Excluded
14:10:37.302 [main] DEBUG org.aspectj.weaver.loadtime.Aj - 14:10:37.302 main < o.a.w.l.Aj.preProcess byte[240]
14:10:37.309 [main] DEBUG org.aspectj.weaver.loadtime.Aj - 14:10:37.308 main > o.a.w.l.Aj.preProcess o.a.w.l.Aj@b9afc07 io/qameta/allure/util/ResultsUtils, byte[20373], j.i.l.ClassLoaders$AppClassLoader@3cd1a2f1
14:10:37.309 [main] DEBUG org.aspectj.weaver.loadtime.Aj - 14:10:37.309 main - o.a.w.l.Aj.preProcess o.a.w.l.Aj@b9afc07 j.i.l.ClassLoaders$PlatformClassLoader@1ad282e0, j.i.l.ClassLoaders$AppClassLoader@3cd1a2f1
14:10:37.309 [main] DEBUG o.a.weaver.tools.WeavingAdaptor - 14:10:37.309 main > o.a.w.t.WeavingAdaptor.weaveClass o.a.w.l.ClassLoaderWeavingAdaptor@140e5a13 io/qameta/allure/util/ResultsUtils, byte[20373]
14:10:37.309 [main] DEBUG org.aspectj.weaver.bcel.BcelWeaver - 14:10:37.309 main > o.a.w.b.BcelWeaver.weave o.a.w.b.BcelWeaver@48524010 o.a.w.t.WeavingAdaptor$WeavingClassFileProvider@45900b64
14:10:37.310 [main] DEBUG org.aspectj.weaver.bcel.BcelWeaver - 14:10:37.310 main > o.a.w.b.BcelWeaver.weaveAndNotify o.a.w.b.BcelWeaver@48524010 o.a.w.b.UnwovenClassFile@f2a1813, o.a.w.b.BcelObjectType@79f90a3a, o.a.w.t.WeavingAdaptor$WeavingClassFileProvider$1@22bdb1d0
14:10:37.310 [main] DEBUG org.aspectj.weaver.bcel.BcelWorld - 14:10:37.310 main - o.a.w.b.BcelWorld.lookupJavaClass o.a.w.l.LTWWorld@2b4a2ec7 io.qameta.allure.model.Parameter, o.a.a.b.c.JavaClass@4a7a965d
14:10:37.352 [main] DEBUG org.aspectj.weaver.bcel.BcelWorld - 14:10:37.352 main - o.a.w.b.BcelWorld.lookupJavaClass o.a.w.l.LTWWorld@2b4a2ec7 io.qameta.allure.model.Parameter$Mode, o.a.a.b.c.JavaClass@365a6a43
14:10:37.352 [main] DEBUG org.aspectj.weaver.bcel.BcelWorld - 14:10:37.352 main - o.a.w.b.BcelWorld.lookupJavaClass o.a.w.l.LTWWorld@2b4a2ec7 io.qameta.allure.model.Label, o.a.a.b.c.JavaClass@4983159f
14:10:37.353 [main] DEBUG org.aspectj.weaver.bcel.BcelWorld - 14:10:37.353 main - o.a.w.b.BcelWorld.lookupJavaClass o.a.w.l.LTWWorld@2b4a2ec7 io.qameta.allure.SeverityLevel, o.a.a.b.c.JavaClass@46e3559f
14:10:37.356 [main] DEBUG org.aspectj.weaver.bcel.BcelWorld - 14:10:37.355 main - o.a.w.b.BcelWorld.lookupJavaClass o.a.w.l.LTWWorld@2b4a2ec7 io.qameta.allure.Owner, o.a.a.b.c.JavaClass@414f87a9
14:10:37.357 [main] DEBUG org.aspectj.weaver.bcel.BcelWorld - 14:10:37.357 main - o.a.w.b.BcelWorld.lookupJavaClass o.a.w.l.LTWWorld@2b4a2ec7 io.qameta.allure.Severity, o.a.a.b.c.JavaClass@2eda072
14:10:37.358 [main] DEBUG org.aspectj.weaver.bcel.BcelWorld - 14:10:37.358 main - o.a.w.b.BcelWorld.lookupJavaClass o.a.w.l.LTWWorld@2b4a2ec7 io.qameta.allure.Story, o.a.a.b.c.JavaClass@6e31d989
14:10:37.359 [main] DEBUG org.aspectj.weaver.bcel.BcelWorld - 14:10:37.359 main - o.a.w.b.BcelWorld.lookupJavaClass o.a.w.l.LTWWorld@2b4a2ec7 io.qameta.allure.Feature, o.a.a.b.c.JavaClass@5261ec9
14:10:37.360 [main] DEBUG org.aspectj.weaver.bcel.BcelWorld - 14:10:37.360 main - o.a.w.b.BcelWorld.lookupJavaClass o.a.w.l.LTWWorld@2b4a2ec7 io.qameta.allure.Epic, o.a.a.b.c.JavaClass@72a2312e
14:10:37.361 [main] DEBUG org.aspectj.weaver.bcel.BcelWorld - 14:10:37.361 main - o.a.w.b.BcelWorld.lookupJavaClass o.a.w.l.LTWWorld@2b4a2ec7 io.qameta.allure.model.Link, o.a.a.b.c.JavaClass@409986fe
14:10:37.362 [main] DEBUG org.aspectj.weaver.bcel.BcelWorld - 14:10:37.362 main - o.a.w.b.BcelWorld.lookupJavaClass o.a.w.l.LTWWorld@2b4a2ec7 io.qameta.allure.Link, o.a.a.b.c.JavaClass@4ed9f7b1
14:10:37.363 [main] DEBUG org.aspectj.weaver.bcel.BcelWorld - 14:10:37.363 main - o.a.w.b.BcelWorld.lookupJavaClass o.a.w.l.LTWWorld@2b4a2ec7 io.qameta.allure.Issue, o.a.a.b.c.JavaClass@20580d4e
14:10:37.364 [main] DEBUG org.aspectj.weaver.bcel.BcelWorld - 14:10:37.364 main - o.a.w.b.BcelWorld.lookupJavaClass o.a.w.l.LTWWorld@2b4a2ec7 io.qameta.allure.TmsLink, o.a.a.b.c.JavaClass@4b432e53
14:10:37.365 [main] DEBUG org.aspectj.weaver.bcel.BcelWorld - 14:10:37.365 main - o.a.w.b.BcelWorld.lookupJavaClass o.a.w.l.LTWWorld@2b4a2ec7 java.security.MessageDigest, o.a.a.b.c.JavaClass@2b916808
14:10:37.365 [main] DEBUG org.aspectj.weaver.bcel.BcelWorld - 14:10:37.365 main - o.a.w.b.BcelWorld.lookupJavaClass o.a.w.l.LTWWorld@2b4a2ec7 java.io.InputStream, o.a.a.b.c.JavaClass@52102734
14:10:37.366 [main] DEBUG org.aspectj.weaver.bcel.BcelWorld - 14:10:37.365 main - o.a.w.b.BcelWorld.lookupJavaClass o.a.w.l.LTWWorld@2b4a2ec7 java.util.Properties, o.a.a.b.c.JavaClass@27ff5d15
14:10:37.366 [main] DEBUG org.aspectj.weaver.bcel.BcelWeaver - 14:10:37.366 main < o.a.w.b.BcelWeaver.weaveAndNotify
14:10:37.366 [main] DEBUG org.aspectj.weaver.bcel.BcelWeaver - 14:10:37.366 main < o.a.w.b.BcelWeaver.weave java.util.ArrayList(1)
14:10:37.366 [main] DEBUG o.a.weaver.tools.WeavingAdaptor - 14:10:37.366 main < o.a.w.t.WeavingAdaptor.weaveClass byte[20373]
14:10:37.366 [main] DEBUG org.aspectj.weaver.Dump - 14:10:37.366 main > o.a.w.Dump.dumpOnExit o.a.w.t.WeavingAdaptor$WeavingAdaptorMessageHolder@6a6afff2
14:10:37.366 [main] DEBUG org.aspectj.weaver.Dump - 14:10:37.366 main > o.a.w.Dump.shouldDumpOnExit o.a.w.t.WeavingAdaptor$WeavingAdaptorMessageHolder@6a6afff2
14:10:37.366 [main] DEBUG org.aspectj.weaver.Dump - 14:10:37.366 main - o.a.w.Dump.shouldDumpOnExit abort
14:10:37.366 [main] DEBUG org.aspectj.weaver.Dump - 14:10:37.366 main < o.a.w.Dump.shouldDumpOnExit false
14:10:37.366 [main] DEBUG org.aspectj.weaver.Dump - 14:10:37.366 main < o.a.w.Dump.dumpOnExit Excluded
14:10:37.366 [main] DEBUG org.aspectj.weaver.loadtime.Aj - 14:10:37.366 main < o.a.w.l.Aj.preProcess byte[20373]
14:10:37.370 [main] DEBUG org.aspectj.weaver.loadtime.Aj - 14:10:37.370 main > o.a.w.l.Aj.preProcess o.a.w.l.Aj@b9afc07 io/qameta/allure/model/Label, byte[1362], j.i.l.ClassLoaders$AppClassLoader@3cd1a2f1
14:10:37.372 [main] DEBUG org.aspectj.weaver.loadtime.Aj - 14:10:37.372 main - o.a.w.l.Aj.preProcess o.a.w.l.Aj@b9afc07 j.i.l.ClassLoaders$PlatformClassLoader@1ad282e0, j.i.l.ClassLoaders$AppClassLoader@3cd1a2f1
14:10:37.372 [main] DEBUG o.a.weaver.tools.WeavingAdaptor - 14:10:37.372 main > o.a.w.t.WeavingAdaptor.weaveClass o.a.w.l.ClassLoaderWeavingAdaptor@140e5a13 io/qameta/allure/model/Label, byte[1362]
14:10:37.372 [main] DEBUG org.aspectj.weaver.bcel.BcelWeaver - 14:10:37.372 main > o.a.w.b.BcelWeaver.weave o.a.w.b.BcelWeaver@48524010 o.a.w.t.WeavingAdaptor$WeavingClassFileProvider@1290ed28
14:10:37.372 [main] DEBUG org.aspectj.weaver.bcel.BcelWeaver - 14:10:37.372 main > o.a.w.b.BcelWeaver.weaveAndNotify o.a.w.b.BcelWeaver@48524010 o.a.w.b.UnwovenClassFile@7a3269f5, o.a.w.b.BcelObjectType@5c887052, o.a.w.t.WeavingAdaptor$WeavingClassFileProvider$1@55fdf7f9
14:10:37.373 [main] DEBUG org.aspectj.weaver.bcel.BcelWeaver - 14:10:37.373 main < o.a.w.b.BcelWeaver.weaveAndNotify
14:10:37.373 [main] DEBUG org.aspectj.weaver.bcel.BcelWeaver - 14:10:37.373 main < o.a.w.b.BcelWeaver.weave java.util.ArrayList(1)
14:10:37.373 [main] DEBUG o.a.weaver.tools.WeavingAdaptor - 14:10:37.373 main < o.a.w.t.WeavingAdaptor.weaveClass byte[1362]
14:10:37.373 [main] DEBUG org.aspectj.weaver.Dump - 14:10:37.373 main > o.a.w.Dump.dumpOnExit o.a.w.t.WeavingAdaptor$WeavingAdaptorMessageHolder@6a6afff2
14:10:37.373 [main] DEBUG org.aspectj.weaver.Dump - 14:10:37.373 main > o.a.w.Dump.shouldDumpOnExit o.a.w.t.WeavingAdaptor$WeavingAdaptorMessageHolder@6a6afff2
14:10:37.373 [main] DEBUG org.aspectj.weaver.Dump - 14:10:37.373 main - o.a.w.Dump.shouldDumpOnExit abort
14:10:37.373 [main] DEBUG org.aspectj.weaver.Dump - 14:10:37.373 main < o.a.w.Dump.shouldDumpOnExit false
14:10:37.373 [main] DEBUG org.aspectj.weaver.Dump - 14:10:37.373 main < o.a.w.Dump.dumpOnExit Excluded
14:10:37.373 [main] DEBUG org.aspectj.weaver.loadtime.Aj - 14:10:37.373 main < o.a.w.l.Aj.preProcess byte[1362]
14:10:37.385 [main] DEBUG org.aspectj.weaver.loadtime.Aj - 14:10:37.385 main > o.a.w.l.Aj.preProcess o.a.w.l.Aj@b9afc07 io/qameta/allure/util/AnnotationUtils, byte[13164], j.i.l.ClassLoaders$AppClassLoader@3cd1a2f1
14:10:37.386 [main] DEBUG org.aspectj.weaver.loadtime.Aj - 14:10:37.386 main - o.a.w.l.Aj.preProcess o.a.w.l.Aj@b9afc07 j.i.l.ClassLoaders$PlatformClassLoader@1ad282e0, j.i.l.ClassLoaders$AppClassLoader@3cd1a2f1
14:10:37.386 [main] DEBUG o.a.weaver.tools.WeavingAdaptor - 14:10:37.386 main > o.a.w.t.WeavingAdaptor.weaveClass o.a.w.l.ClassLoaderWeavingAdaptor@140e5a13 io/qameta/allure/util/AnnotationUtils, byte[13164]
14:10:37.386 [main] DEBUG org.aspectj.weaver.bcel.BcelWeaver - 14:10:37.386 main > o.a.w.b.BcelWeaver.weave o.a.w.b.BcelWeaver@48524010 o.a.w.t.WeavingAdaptor$WeavingClassFileProvider@6bedd4e4
14:10:37.386 [main] DEBUG org.aspectj.weaver.bcel.BcelWeaver - 14:10:37.386 main > o.a.w.b.BcelWeaver.weaveAndNotify o.a.w.b.BcelWeaver@48524010 o.a.w.b.UnwovenClassFile@4570d7b6, o.a.w.b.BcelObjectType@72b6832e, o.a.w.t.WeavingAdaptor$WeavingClassFileProvider$1@3850e90c
14:10:37.387 [main] DEBUG org.aspectj.weaver.bcel.BcelWorld - 14:10:37.387 main - o.a.w.b.BcelWorld.lookupJavaClass o.a.w.l.LTWWorld@2b4a2ec7 java.util.function.BiFunction, o.a.a.b.c.JavaClass@13741d5a
14:10:37.389 [main] DEBUG org.aspectj.weaver.bcel.BcelWorld - 14:10:37.389 main - o.a.w.b.BcelWorld.lookupJavaClass o.a.w.l.LTWWorld@2b4a2ec7 io.qameta.allure.LabelAnnotation, o.a.a.b.c.JavaClass@7df28f1
14:10:37.390 [main] DEBUG org.aspectj.weaver.bcel.BcelWorld - 14:10:37.390 main - o.a.w.b.BcelWorld.lookupJavaClass o.a.w.l.LTWWorld@2b4a2ec7 io.qameta.allure.LinkAnnotation, o.a.a.b.c.JavaClass@4cfa83f9
14:10:37.390 [main] DEBUG org.aspectj.weaver.bcel.BcelWeaver - 14:10:37.390 main < o.a.w.b.BcelWeaver.weaveAndNotify
14:10:37.390 [main] DEBUG org.aspectj.weaver.bcel.BcelWeaver - 14:10:37.390 main < o.a.w.b.BcelWeaver.weave java.util.ArrayList(1)
14:10:37.390 [main] DEBUG o.a.weaver.tools.WeavingAdaptor - 14:10:37.390 main < o.a.w.t.WeavingAdaptor.weaveClass byte[13164]
14:10:37.391 [main] DEBUG org.aspectj.weaver.Dump - 14:10:37.390 main > o.a.w.Dump.dumpOnExit o.a.w.t.WeavingAdaptor$WeavingAdaptorMessageHolder@6a6afff2
14:10:37.391 [main] DEBUG org.aspectj.weaver.Dump - 14:10:37.391 main > o.a.w.Dump.shouldDumpOnExit o.a.w.t.WeavingAdaptor$WeavingAdaptorMessageHolder@6a6afff2
14:10:37.391 [main] DEBUG org.aspectj.weaver.Dump - 14:10:37.391 main - o.a.w.Dump.shouldDumpOnExit abort
14:10:37.391 [main] DEBUG org.aspectj.weaver.Dump - 14:10:37.391 main < o.a.w.Dump.shouldDumpOnExit false
14:10:37.391 [main] DEBUG org.aspectj.weaver.Dump - 14:10:37.391 main < o.a.w.Dump.dumpOnExit Excluded
14:10:37.391 [main] DEBUG org.aspectj.weaver.loadtime.Aj - 14:10:37.391 main < o.a.w.l.Aj.preProcess byte[13164]
14:10:37.396 [main] DEBUG org.aspectj.weaver.loadtime.Aj - 14:10:37.396 main > o.a.w.l.Aj.preProcess o.a.w.l.Aj@b9afc07 io/qameta/allure/LabelAnnotation, byte[746], j.i.l.ClassLoaders$AppClassLoader@3cd1a2f1
14:10:37.396 [main] DEBUG org.aspectj.weaver.loadtime.Aj - 14:10:37.396 main - o.a.w.l.Aj.preProcess o.a.w.l.Aj@b9afc07 j.i.l.ClassLoaders$PlatformClassLoader@1ad282e0, j.i.l.ClassLoaders$AppClassLoader@3cd1a2f1
14:10:37.396 [main] DEBUG o.a.weaver.tools.WeavingAdaptor - 14:10:37.396 main > o.a.w.t.WeavingAdaptor.weaveClass o.a.w.l.ClassLoaderWeavingAdaptor@140e5a13 io/qameta/allure/LabelAnnotation, byte[746]
14:10:37.396 [main] DEBUG org.aspectj.weaver.bcel.BcelWeaver - 14:10:37.396 main > o.a.w.b.BcelWeaver.weave o.a.w.b.BcelWeaver@48524010 o.a.w.t.WeavingAdaptor$WeavingClassFileProvider@4cffcc61
14:10:37.396 [main] DEBUG org.aspectj.weaver.bcel.BcelWeaver - 14:10:37.396 main > o.a.w.b.BcelWeaver.weaveAndNotify o.a.w.b.BcelWeaver@48524010 o.a.w.b.UnwovenClassFile@4373f66f, o.a.w.b.BcelObjectType@399ca607, o.a.w.t.WeavingAdaptor$WeavingClassFileProvider$1@44114b9f
14:10:37.397 [main] DEBUG org.aspectj.weaver.bcel.BcelWeaver - 14:10:37.397 main < o.a.w.b.BcelWeaver.weaveAndNotify
14:10:37.397 [main] DEBUG org.aspectj.weaver.bcel.BcelWeaver - 14:10:37.397 main < o.a.w.b.BcelWeaver.weave java.util.ArrayList(1)
14:10:37.397 [main] DEBUG o.a.weaver.tools.WeavingAdaptor - 14:10:37.397 main < o.a.w.t.WeavingAdaptor.weaveClass byte[746]
14:10:37.397 [main] DEBUG org.aspectj.weaver.Dump - 14:10:37.397 main > o.a.w.Dump.dumpOnExit o.a.w.t.WeavingAdaptor$WeavingAdaptorMessageHolder@6a6afff2
14:10:37.397 [main] DEBUG org.aspectj.weaver.Dump - 14:10:37.397 main > o.a.w.Dump.shouldDumpOnExit o.a.w.t.WeavingAdaptor$WeavingAdaptorMessageHolder@6a6afff2
14:10:37.397 [main] DEBUG org.aspectj.weaver.Dump - 14:10:37.397 main - o.a.w.Dump.shouldDumpOnExit abort
14:10:37.397 [main] DEBUG org.aspectj.weaver.Dump - 14:10:37.397 main < o.a.w.Dump.shouldDumpOnExit false
14:10:37.397 [main] DEBUG org.aspectj.weaver.Dump - 14:10:37.397 main < o.a.w.Dump.dumpOnExit Excluded
14:10:37.397 [main] DEBUG org.aspectj.weaver.loadtime.Aj - 14:10:37.397 main < o.a.w.l.Aj.preProcess byte[746]
14:10:37.423 [main] DEBUG org.aspectj.weaver.loadtime.Aj - 14:10:37.423 main > o.a.w.l.Aj.preProcess o.a.w.l.Aj@b9afc07 io/qameta/allure/LabelAnnotations, byte[538], j.i.l.ClassLoaders$AppClassLoader@3cd1a2f1
14:10:37.423 [main] DEBUG org.aspectj.weaver.loadtime.Aj - 14:10:37.423 main - o.a.w.l.Aj.preProcess o.a.w.l.Aj@b9afc07 j.i.l.ClassLoaders$PlatformClassLoader@1ad282e0, j.i.l.ClassLoaders$AppClassLoader@3cd1a2f1
14:10:37.423 [main] DEBUG o.a.weaver.tools.WeavingAdaptor - 14:10:37.423 main > o.a.w.t.WeavingAdaptor.weaveClass o.a.w.l.ClassLoaderWeavingAdaptor@140e5a13 io/qameta/allure/LabelAnnotations, byte[538]
14:10:37.424 [main] DEBUG org.aspectj.weaver.bcel.BcelWeaver - 14:10:37.424 main > o.a.w.b.BcelWeaver.weave o.a.w.b.BcelWeaver@48524010 o.a.w.t.WeavingAdaptor$WeavingClassFileProvider@3b353651
14:10:37.424 [main] DEBUG org.aspectj.weaver.bcel.BcelWeaver - 14:10:37.424 main > o.a.w.b.BcelWeaver.weaveAndNotify o.a.w.b.BcelWeaver@48524010 o.a.w.b.UnwovenClassFile@270d43a7, o.a.w.b.BcelObjectType@1280682, o.a.w.t.WeavingAdaptor$WeavingClassFileProvider$1@41ccb3b9
14:10:37.424 [main] DEBUG org.aspectj.weaver.bcel.BcelWeaver - 14:10:37.424 main < o.a.w.b.BcelWeaver.weaveAndNotify
14:10:37.424 [main] DEBUG org.aspectj.weaver.bcel.BcelWeaver - 14:10:37.424 main < o.a.w.b.BcelWeaver.weave java.util.ArrayList(1)
14:10:37.424 [main] DEBUG o.a.weaver.tools.WeavingAdaptor - 14:10:37.424 main < o.a.w.t.WeavingAdaptor.weaveClass byte[538]
14:10:37.425 [main] DEBUG org.aspectj.weaver.Dump - 14:10:37.425 main > o.a.w.Dump.dumpOnExit o.a.w.t.WeavingAdaptor$WeavingAdaptorMessageHolder@6a6afff2
14:10:37.425 [main] DEBUG org.aspectj.weaver.Dump - 14:10:37.425 main > o.a.w.Dump.shouldDumpOnExit o.a.w.t.WeavingAdaptor$WeavingAdaptorMessageHolder@6a6afff2
14:10:37.425 [main] DEBUG org.aspectj.weaver.Dump - 14:10:37.425 main - o.a.w.Dump.shouldDumpOnExit abort
14:10:37.425 [main] DEBUG org.aspectj.weaver.Dump - 14:10:37.425 main < o.a.w.Dump.shouldDumpOnExit false
14:10:37.425 [main] DEBUG org.aspectj.weaver.Dump - 14:10:37.425 main < o.a.w.Dump.dumpOnExit Excluded
14:10:37.425 [main] DEBUG org.aspectj.weaver.loadtime.Aj - 14:10:37.425 main < o.a.w.l.Aj.preProcess byte[538]
14:10:37.432 [main] DEBUG org.aspectj.weaver.loadtime.Aj - 14:10:37.432 main > o.a.w.l.Aj.preProcess o.a.w.l.Aj@b9afc07 io/qameta/allure/LinkAnnotation, byte[787], j.i.l.ClassLoaders$AppClassLoader@3cd1a2f1
14:10:37.432 [main] DEBUG org.aspectj.weaver.loadtime.Aj - 14:10:37.432 main - o.a.w.l.Aj.preProcess o.a.w.l.Aj@b9afc07 j.i.l.ClassLoaders$PlatformClassLoader@1ad282e0, j.i.l.ClassLoaders$AppClassLoader@3cd1a2f1
14:10:37.432 [main] DEBUG o.a.weaver.tools.WeavingAdaptor - 14:10:37.432 main > o.a.w.t.WeavingAdaptor.weaveClass o.a.w.l.ClassLoaderWeavingAdaptor@140e5a13 io/qameta/allure/LinkAnnotation, byte[787]
14:10:37.432 [main] DEBUG org.aspectj.weaver.bcel.BcelWeaver - 14:10:37.432 main > o.a.w.b.BcelWeaver.weave o.a.w.b.BcelWeaver@48524010 o.a.w.t.WeavingAdaptor$WeavingClassFileProvider@50ab56e2
14:10:37.432 [main] DEBUG org.aspectj.weaver.bcel.BcelWeaver - 14:10:37.432 main > o.a.w.b.BcelWeaver.weaveAndNotify o.a.w.b.BcelWeaver@48524010 o.a.w.b.UnwovenClassFile@7b5b5bfe, o.a.w.b.BcelObjectType@74834afd, o.a.w.t.WeavingAdaptor$WeavingClassFileProvider$1@75fd65c
14:10:37.433 [main] DEBUG org.aspectj.weaver.bcel.BcelWeaver - 14:10:37.433 main < o.a.w.b.BcelWeaver.weaveAndNotify
14:10:37.433 [main] DEBUG org.aspectj.weaver.bcel.BcelWeaver - 14:10:37.433 main < o.a.w.b.BcelWeaver.weave java.util.ArrayList(1)
14:10:37.433 [main] DEBUG o.a.weaver.tools.WeavingAdaptor - 14:10:37.433 main < o.a.w.t.WeavingAdaptor.weaveClass byte[787]
14:10:37.433 [main] DEBUG org.aspectj.weaver.Dump - 14:10:37.433 main > o.a.w.Dump.dumpOnExit o.a.w.t.WeavingAdaptor$WeavingAdaptorMessageHolder@6a6afff2
14:10:37.433 [main] DEBUG org.aspectj.weaver.Dump - 14:10:37.433 main > o.a.w.Dump.shouldDumpOnExit o.a.w.t.WeavingAdaptor$WeavingAdaptorMessageHolder@6a6afff2
14:10:37.433 [main] DEBUG org.aspectj.weaver.Dump - 14:10:37.433 main - o.a.w.Dump.shouldDumpOnExit abort
14:10:37.433 [main] DEBUG org.aspectj.weaver.Dump - 14:10:37.433 main < o.a.w.Dump.shouldDumpOnExit false
14:10:37.433 [main] DEBUG org.aspectj.weaver.Dump - 14:10:37.433 main < o.a.w.Dump.dumpOnExit Excluded
14:10:37.433 [main] DEBUG org.aspectj.weaver.loadtime.Aj - 14:10:37.433 main < o.a.w.l.Aj.preProcess byte[787]
14:10:37.444 [main] DEBUG org.aspectj.weaver.loadtime.Aj - 14:10:37.444 main > o.a.w.l.Aj.preProcess o.a.w.l.Aj@b9afc07 io/qameta/allure/LinkAnnotations, byte[535], j.i.l.ClassLoaders$AppClassLoader@3cd1a2f1
14:10:37.444 [main] DEBUG org.aspectj.weaver.loadtime.Aj - 14:10:37.444 main - o.a.w.l.Aj.preProcess o.a.w.l.Aj@b9afc07 j.i.l.ClassLoaders$PlatformClassLoader@1ad282e0, j.i.l.ClassLoaders$AppClassLoader@3cd1a2f1
14:10:37.444 [main] DEBUG o.a.weaver.tools.WeavingAdaptor - 14:10:37.444 main > o.a.w.t.WeavingAdaptor.weaveClass o.a.w.l.ClassLoaderWeavingAdaptor@140e5a13 io/qameta/allure/LinkAnnotations, byte[535]
14:10:37.445 [main] DEBUG org.aspectj.weaver.bcel.BcelWeaver - 14:10:37.445 main > o.a.w.b.BcelWeaver.weave o.a.w.b.BcelWeaver@48524010 o.a.w.t.WeavingAdaptor$WeavingClassFileProvider@6ccac6f4
14:10:37.445 [main] DEBUG org.aspectj.weaver.bcel.BcelWeaver - 14:10:37.445 main > o.a.w.b.BcelWeaver.weaveAndNotify o.a.w.b.BcelWeaver@48524010 o.a.w.b.UnwovenClassFile@438c9aa7, o.a.w.b.BcelObjectType@3453acd2, o.a.w.t.WeavingAdaptor$WeavingClassFileProvider$1@6c8f60f3
14:10:37.445 [main] DEBUG org.aspectj.weaver.bcel.BcelWeaver - 14:10:37.445 main < o.a.w.b.BcelWeaver.weaveAndNotify
14:10:37.445 [main] DEBUG org.aspectj.weaver.bcel.BcelWeaver - 14:10:37.445 main < o.a.w.b.BcelWeaver.weave java.util.ArrayList(1)
14:10:37.445 [main] DEBUG o.a.weaver.tools.WeavingAdaptor - 14:10:37.445 main < o.a.w.t.WeavingAdaptor.weaveClass byte[535]
14:10:37.445 [main] DEBUG org.aspectj.weaver.Dump - 14:10:37.445 main > o.a.w.Dump.dumpOnExit o.a.w.t.WeavingAdaptor$WeavingAdaptorMessageHolder@6a6afff2
14:10:37.445 [main] DEBUG org.aspectj.weaver.Dump - 14:10:37.445 main > o.a.w.Dump.shouldDumpOnExit o.a.w.t.WeavingAdaptor$WeavingAdaptorMessageHolder@6a6afff2
14:10:37.445 [main] DEBUG org.aspectj.weaver.Dump - 14:10:37.445 main - o.a.w.Dump.shouldDumpOnExit abort
14:10:37.445 [main] DEBUG org.aspectj.weaver.Dump - 14:10:37.445 main < o.a.w.Dump.shouldDumpOnExit false
14:10:37.445 [main] DEBUG org.aspectj.weaver.Dump - 14:10:37.445 main < o.a.w.Dump.dumpOnExit Excluded
14:10:37.445 [main] DEBUG org.aspectj.weaver.loadtime.Aj - 14:10:37.445 main < o.a.w.l.Aj.preProcess byte[535]
14:10:37.579 [main] DEBUG org.aspectj.weaver.loadtime.Aj - 14:10:37.579 main > o.a.w.l.Aj.preProcess o.a.w.l.Aj@b9afc07 io/qameta/allure/Description, byte[496], j.i.l.ClassLoaders$AppClassLoader@3cd1a2f1
14:10:37.579 [main] DEBUG org.aspectj.weaver.loadtime.Aj - 14:10:37.579 main - o.a.w.l.Aj.preProcess o.a.w.l.Aj@b9afc07 j.i.l.ClassLoaders$PlatformClassLoader@1ad282e0, j.i.l.ClassLoaders$AppClassLoader@3cd1a2f1
14:10:37.579 [main] DEBUG o.a.weaver.tools.WeavingAdaptor - 14:10:37.579 main > o.a.w.t.WeavingAdaptor.weaveClass o.a.w.l.ClassLoaderWeavingAdaptor@140e5a13 io/qameta/allure/Description, byte[496]
14:10:37.579 [main] DEBUG org.aspectj.weaver.bcel.BcelWeaver - 14:10:37.579 main > o.a.w.b.BcelWeaver.weave o.a.w.b.BcelWeaver@48524010 o.a.w.t.WeavingAdaptor$WeavingClassFileProvider@5426cb36
14:10:37.580 [main] DEBUG org.aspectj.weaver.bcel.BcelWeaver - 14:10:37.580 main > o.a.w.b.BcelWeaver.weaveAndNotify o.a.w.b.BcelWeaver@48524010 o.a.w.b.UnwovenClassFile@65e22def, o.a.w.b.BcelObjectType@4b1ec694, o.a.w.t.WeavingAdaptor$WeavingClassFileProvider$1@3d299393
14:10:37.580 [main] DEBUG org.aspectj.weaver.bcel.BcelWeaver - 14:10:37.580 main < o.a.w.b.BcelWeaver.weaveAndNotify
14:10:37.580 [main] DEBUG org.aspectj.weaver.bcel.BcelWeaver - 14:10:37.580 main < o.a.w.b.BcelWeaver.weave java.util.ArrayList(1)
14:10:37.580 [main] DEBUG o.a.weaver.tools.WeavingAdaptor - 14:10:37.580 main < o.a.w.t.WeavingAdaptor.weaveClass byte[496]
14:10:37.580 [main] DEBUG org.aspectj.weaver.Dump - 14:10:37.580 main > o.a.w.Dump.dumpOnExit o.a.w.t.WeavingAdaptor$WeavingAdaptorMessageHolder@6a6afff2
14:10:37.580 [main] DEBUG org.aspectj.weaver.Dump - 14:10:37.580 main > o.a.w.Dump.shouldDumpOnExit o.a.w.t.WeavingAdaptor$WeavingAdaptorMessageHolder@6a6afff2
14:10:37.580 [main] DEBUG org.aspectj.weaver.Dump - 14:10:37.580 main - o.a.w.Dump.shouldDumpOnExit abort
14:10:37.580 [main] DEBUG org.aspectj.weaver.Dump - 14:10:37.580 main < o.a.w.Dump.shouldDumpOnExit false
14:10:37.580 [main] DEBUG org.aspectj.weaver.Dump - 14:10:37.580 main < o.a.w.Dump.dumpOnExit Excluded
14:10:37.580 [main] DEBUG org.aspectj.weaver.loadtime.Aj - 14:10:37.580 main < o.a.w.l.Aj.preProcess byte[496]
14:10:37.591 [main] DEBUG org.aspectj.weaver.loadtime.Aj - 14:10:37.591 main > o.a.w.l.Aj.preProcess o.a.w.l.Aj@b9afc07 io/qameta/allure/Severity, byte[522], j.i.l.ClassLoaders$AppClassLoader@3cd1a2f1
14:10:37.591 [main] DEBUG org.aspectj.weaver.loadtime.Aj - 14:10:37.591 main - o.a.w.l.Aj.preProcess o.a.w.l.Aj@b9afc07 j.i.l.ClassLoaders$PlatformClassLoader@1ad282e0, j.i.l.ClassLoaders$AppClassLoader@3cd1a2f1
14:10:37.591 [main] DEBUG o.a.weaver.tools.WeavingAdaptor - 14:10:37.591 main > o.a.w.t.WeavingAdaptor.weaveClass o.a.w.l.ClassLoaderWeavingAdaptor@140e5a13 io/qameta/allure/Severity, byte[522]
14:10:37.592 [main] DEBUG org.aspectj.weaver.bcel.BcelWeaver - 14:10:37.592 main > o.a.w.b.BcelWeaver.weave o.a.w.b.BcelWeaver@48524010 o.a.w.t.WeavingAdaptor$WeavingClassFileProvider@61ae0d43
14:10:37.592 [main] DEBUG org.aspectj.weaver.bcel.BcelWeaver - 14:10:37.592 main > o.a.w.b.BcelWeaver.weaveAndNotify o.a.w.b.BcelWeaver@48524010 o.a.w.b.UnwovenClassFile@ef718de, o.a.w.b.BcelObjectType@287ae90c, o.a.w.t.WeavingAdaptor$WeavingClassFileProvider$1@2e1b374c
14:10:37.592 [main] DEBUG org.aspectj.weaver.bcel.BcelWeaver - 14:10:37.592 main < o.a.w.b.BcelWeaver.weaveAndNotify
14:10:37.592 [main] DEBUG org.aspectj.weaver.bcel.BcelWeaver - 14:10:37.592 main < o.a.w.b.BcelWeaver.weave java.util.ArrayList(1)
14:10:37.592 [main] DEBUG o.a.weaver.tools.WeavingAdaptor - 14:10:37.592 main < o.a.w.t.WeavingAdaptor.weaveClass byte[522]
14:10:37.592 [main] DEBUG org.aspectj.weaver.Dump - 14:10:37.592 main > o.a.w.Dump.dumpOnExit o.a.w.t.WeavingAdaptor$WeavingAdaptorMessageHolder@6a6afff2
14:10:37.592 [main] DEBUG org.aspectj.weaver.Dump - 14:10:37.592 main > o.a.w.Dump.shouldDumpOnExit o.a.w.t.WeavingAdaptor$WeavingAdaptorMessageHolder@6a6afff2
14:10:37.592 [main] DEBUG org.aspectj.weaver.Dump - 14:10:37.592 main - o.a.w.Dump.shouldDumpOnExit abort
14:10:37.592 [main] DEBUG org.aspectj.weaver.Dump - 14:10:37.592 main < o.a.w.Dump.shouldDumpOnExit false
14:10:37.592 [main] DEBUG org.aspectj.weaver.Dump - 14:10:37.592 main < o.a.w.Dump.dumpOnExit Excluded
14:10:37.592 [main] DEBUG org.aspectj.weaver.loadtime.Aj - 14:10:37.592 main < o.a.w.l.Aj.preProcess byte[522]
14:10:37.594 [main] DEBUG org.aspectj.weaver.loadtime.Aj - 14:10:37.594 main > o.a.w.l.Aj.preProcess o.a.w.l.Aj@b9afc07 io/qameta/allure/SeverityLevel, byte[1526], j.i.l.ClassLoaders$AppClassLoader@3cd1a2f1
14:10:37.594 [main] DEBUG org.aspectj.weaver.loadtime.Aj - 14:10:37.594 main - o.a.w.l.Aj.preProcess o.a.w.l.Aj@b9afc07 j.i.l.ClassLoaders$PlatformClassLoader@1ad282e0, j.i.l.ClassLoaders$AppClassLoader@3cd1a2f1
14:10:37.595 [main] DEBUG o.a.weaver.tools.WeavingAdaptor - 14:10:37.595 main > o.a.w.t.WeavingAdaptor.weaveClass o.a.w.l.ClassLoaderWeavingAdaptor@140e5a13 io/qameta/allure/SeverityLevel, byte[1526]
14:10:37.595 [main] DEBUG org.aspectj.weaver.bcel.BcelWeaver - 14:10:37.595 main > o.a.w.b.BcelWeaver.weave o.a.w.b.BcelWeaver@48524010 o.a.w.t.WeavingAdaptor$WeavingClassFileProvider@49ca94a9
14:10:37.595 [main] DEBUG org.aspectj.weaver.bcel.BcelWeaver - 14:10:37.595 main > o.a.w.b.BcelWeaver.weaveAndNotify o.a.w.b.BcelWeaver@48524010 o.a.w.b.UnwovenClassFile@9ab310b, o.a.w.b.BcelObjectType@5b40de43, o.a.w.t.WeavingAdaptor$WeavingClassFileProvider$1@49fb0bbd
14:10:37.595 [main] DEBUG org.aspectj.weaver.bcel.BcelWorld - 14:10:37.595 main - o.a.w.b.BcelWorld.lookupJavaClass o.a.w.l.LTWWorld@2b4a2ec7 java.lang.constant.Constable, o.a.a.b.c.JavaClass@316bcf94
14:10:37.595 [main] DEBUG org.aspectj.weaver.bcel.BcelWorld - 14:10:37.595 main - o.a.w.b.BcelWorld.lookupJavaClass o.a.w.l.LTWWorld@2b4a2ec7 java.lang.Comparable, o.a.a.b.c.JavaClass@6404f418
14:10:37.595 [main] DEBUG org.aspectj.weaver.bcel.BcelWorld - 14:10:37.595 main - o.a.w.b.BcelWorld.lookupJavaClass o.a.w.l.LTWWorld@2b4a2ec7 java.io.Serializable, o.a.a.b.c.JavaClass@3e11f9e9
14:10:37.596 [main] DEBUG org.aspectj.weaver.bcel.BcelWeaver - 14:10:37.596 main < o.a.w.b.BcelWeaver.weaveAndNotify
14:10:37.596 [main] DEBUG org.aspectj.weaver.bcel.BcelWeaver - 14:10:37.596 main < o.a.w.b.BcelWeaver.weave java.util.ArrayList(1)
14:10:37.596 [main] DEBUG o.a.weaver.tools.WeavingAdaptor - 14:10:37.596 main < o.a.w.t.WeavingAdaptor.weaveClass byte[1526]
14:10:37.596 [main] DEBUG org.aspectj.weaver.Dump - 14:10:37.596 main > o.a.w.Dump.dumpOnExit o.a.w.t.WeavingAdaptor$WeavingAdaptorMessageHolder@6a6afff2
14:10:37.596 [main] DEBUG org.aspectj.weaver.Dump - 14:10:37.596 main > o.a.w.Dump.shouldDumpOnExit o.a.w.t.WeavingAdaptor$WeavingAdaptorMessageHolder@6a6afff2
14:10:37.596 [main] DEBUG org.aspectj.weaver.Dump - 14:10:37.596 main - o.a.w.Dump.shouldDumpOnExit abort
14:10:37.596 [main] DEBUG org.aspectj.weaver.Dump - 14:10:37.596 main < o.a.w.Dump.shouldDumpOnExit false
14:10:37.596 [main] DEBUG org.aspectj.weaver.Dump - 14:10:37.596 main < o.a.w.Dump.dumpOnExit Excluded
14:10:37.596 [main] DEBUG org.aspectj.weaver.loadtime.Aj - 14:10:37.596 main < o.a.w.l.Aj.preProcess byte[1526]
14:10:37.633 [main] DEBUG org.aspectj.weaver.loadtime.Aj - 14:10:37.633 main > o.a.w.l.Aj.preProcess o.a.w.l.Aj@b9afc07 org/apache/maven/surefire/shared/lang3/StringUtils, byte[63153], j.i.l.ClassLoaders$AppClassLoader@3cd1a2f1
14:10:37.633 [main] DEBUG org.aspectj.weaver.loadtime.Aj - 14:10:37.633 main - o.a.w.l.Aj.preProcess o.a.w.l.Aj@b9afc07 j.i.l.ClassLoaders$PlatformClassLoader@1ad282e0, j.i.l.ClassLoaders$AppClassLoader@3cd1a2f1
14:10:37.633 [main] DEBUG o.a.weaver.tools.WeavingAdaptor - 14:10:37.633 main > o.a.w.t.WeavingAdaptor.weaveClass o.a.w.l.ClassLoaderWeavingAdaptor@140e5a13 org/apache/maven/surefire/shared/lang3/StringUtils, byte[63153]
14:10:37.635 [main] DEBUG org.aspectj.weaver.bcel.BcelWeaver - 14:10:37.635 main > o.a.w.b.BcelWeaver.weave o.a.w.b.BcelWeaver@48524010 o.a.w.t.WeavingAdaptor$WeavingClassFileProvider@41d16cc3
14:10:37.635 [main] DEBUG org.aspectj.weaver.bcel.BcelWeaver - 14:10:37.635 main > o.a.w.b.BcelWeaver.weaveAndNotify o.a.w.b.BcelWeaver@48524010 o.a.w.b.UnwovenClassFile@662e682a, o.a.w.b.BcelObjectType@2e43c38d, o.a.w.t.WeavingAdaptor$WeavingClassFileProvider$1@649f25f3
14:10:37.637 [main] DEBUG org.aspectj.weaver.bcel.BcelWorld - 14:10:37.637 main - o.a.w.b.BcelWorld.lookupJavaClass o.a.w.l.LTWWorld@2b4a2ec7 java.lang.CharSequence, o.a.a.b.c.JavaClass@1458ed9c
14:10:37.639 [main] DEBUG org.aspectj.weaver.bcel.BcelWorld - 14:10:37.639 main - o.a.w.b.BcelWorld.lookupJavaClass o.a.w.l.LTWWorld@2b4a2ec7 org.apache.maven.surefire.shared.lang3.function.ToBooleanBiFunction, o.a.a.b.c.JavaClass@bf75b5c
14:10:37.639 [main] DEBUG org.aspectj.weaver.bcel.BcelWorld - 14:10:37.639 main - o.a.w.b.BcelWorld.lookupJavaClass o.a.w.l.LTWWorld@2b4a2ec7 java.lang.SafeVarargs, o.a.a.b.c.JavaClass@304bb45b
14:10:37.639 [main] DEBUG org.aspectj.weaver.bcel.BcelWorld - 14:10:37.639 main - o.a.w.b.BcelWorld.lookupJavaClass o.a.w.l.LTWWorld@2b4a2ec7 java.nio.charset.Charset, o.a.a.b.c.JavaClass@7d3e8655
14:10:37.639 [main] DEBUG org.aspectj.weaver.bcel.BcelWorld - 14:10:37.639 main - o.a.w.b.BcelWorld.lookupJavaClass o.a.w.l.LTWWorld@2b4a2ec7 java.util.function.Supplier, o.a.a.b.c.JavaClass@68dc098b
14:10:37.640 [main] DEBUG org.aspectj.weaver.bcel.BcelWorld - 14:10:37.640 main - o.a.w.b.BcelWorld.lookupJavaClass o.a.w.l.LTWWorld@2b4a2ec7 java.util.Iterator, o.a.a.b.c.JavaClass@1de76cc7
14:10:37.641 [main] DEBUG org.aspectj.weaver.bcel.BcelWorld - 14:10:37.641 main - o.a.w.b.BcelWorld.lookupJavaClass o.a.w.l.LTWWorld@2b4a2ec7 java.util.StringJoiner, o.a.a.b.c.JavaClass@16da476c
14:10:37.643 [main] DEBUG org.aspectj.weaver.bcel.BcelWeaver - 14:10:37.643 main < o.a.w.b.BcelWeaver.weaveAndNotify
14:10:37.643 [main] DEBUG org.aspectj.weaver.bcel.BcelWeaver - 14:10:37.643 main < o.a.w.b.BcelWeaver.weave java.util.ArrayList(1)
14:10:37.643 [main] DEBUG o.a.weaver.tools.WeavingAdaptor - 14:10:37.643 main < o.a.w.t.WeavingAdaptor.weaveClass byte[63153]
14:10:37.643 [main] DEBUG org.aspectj.weaver.Dump - 14:10:37.643 main > o.a.w.Dump.dumpOnExit o.a.w.t.WeavingAdaptor$WeavingAdaptorMessageHolder@6a6afff2
14:10:37.643 [main] DEBUG org.aspectj.weaver.Dump - 14:10:37.643 main > o.a.w.Dump.shouldDumpOnExit o.a.w.t.WeavingAdaptor$WeavingAdaptorMessageHolder@6a6afff2
14:10:37.643 [main] DEBUG org.aspectj.weaver.Dump - 14:10:37.643 main - o.a.w.Dump.shouldDumpOnExit abort
14:10:37.643 [main] DEBUG org.aspectj.weaver.Dump - 14:10:37.643 main < o.a.w.Dump.shouldDumpOnExit false
14:10:37.643 [main] DEBUG org.aspectj.weaver.Dump - 14:10:37.643 main < o.a.w.Dump.dumpOnExit Excluded
14:10:37.643 [main] DEBUG org.aspectj.weaver.loadtime.Aj - 14:10:37.643 main < o.a.w.l.Aj.preProcess byte[63153]
14:10:37.665 [main] DEBUG org.aspectj.weaver.loadtime.Aj - 14:10:37.665 main > o.a.w.l.Aj.preProcess o.a.w.l.Aj@b9afc07 org/junit/jupiter/engine/descriptor/TestMethodTestDescriptor$CallbackInvoker, byte[690], j.i.l.ClassLoaders$AppClassLoader@3cd1a2f1
14:10:37.665 [main] DEBUG org.aspectj.weaver.loadtime.Aj - 14:10:37.665 main - o.a.w.l.Aj.preProcess o.a.w.l.Aj@b9afc07 j.i.l.ClassLoaders$PlatformClassLoader@1ad282e0, j.i.l.ClassLoaders$AppClassLoader@3cd1a2f1
14:10:37.665 [main] DEBUG o.a.weaver.tools.WeavingAdaptor - 14:10:37.665 main > o.a.w.t.WeavingAdaptor.weaveClass o.a.w.l.ClassLoaderWeavingAdaptor@140e5a13 org/junit/jupiter/engine/descriptor/TestMethodTestDescriptor$CallbackInvoker, byte[690]
14:10:37.666 [main] DEBUG org.aspectj.weaver.bcel.BcelWeaver - 14:10:37.665 main > o.a.w.b.BcelWeaver.weave o.a.w.b.BcelWeaver@48524010 o.a.w.t.WeavingAdaptor$WeavingClassFileProvider@2bbb44da
14:10:37.666 [main] DEBUG org.aspectj.weaver.bcel.BcelWeaver - 14:10:37.666 main > o.a.w.b.BcelWeaver.weaveAndNotify o.a.w.b.BcelWeaver@48524010 o.a.w.b.UnwovenClassFile@2f80cb79, o.a.w.b.BcelObjectType@4816ee24, o.a.w.t.WeavingAdaptor$WeavingClassFileProvider$1@20d33ea
14:10:37.667 [main] DEBUG org.aspectj.weaver.bcel.BcelWeaver - 14:10:37.667 main < o.a.w.b.BcelWeaver.weaveAndNotify
14:10:37.667 [main] DEBUG org.aspectj.weaver.bcel.BcelWeaver - 14:10:37.667 main < o.a.w.b.BcelWeaver.weave java.util.ArrayList(1)
14:10:37.667 [main] DEBUG o.a.weaver.tools.WeavingAdaptor - 14:10:37.667 main < o.a.w.t.WeavingAdaptor.weaveClass byte[690]
14:10:37.667 [main] DEBUG org.aspectj.weaver.Dump - 14:10:37.667 main > o.a.w.Dump.dumpOnExit o.a.w.t.WeavingAdaptor$WeavingAdaptorMessageHolder@6a6afff2
14:10:37.667 [main] DEBUG org.aspectj.weaver.Dump - 14:10:37.667 main > o.a.w.Dump.shouldDumpOnExit o.a.w.t.WeavingAdaptor$WeavingAdaptorMessageHolder@6a6afff2
14:10:37.667 [main] DEBUG org.aspectj.weaver.Dump - 14:10:37.667 main - o.a.w.Dump.shouldDumpOnExit abort
14:10:37.667 [main] DEBUG org.aspectj.weaver.Dump - 14:10:37.667 main < o.a.w.Dump.shouldDumpOnExit false
14:10:37.667 [main] DEBUG org.aspectj.weaver.Dump - 14:10:37.667 main < o.a.w.Dump.dumpOnExit Excluded
14:10:37.667 [main] DEBUG org.aspectj.weaver.loadtime.Aj - 14:10:37.667 main < o.a.w.l.Aj.preProcess byte[690]
14:10:37.684 [main] DEBUG org.aspectj.weaver.loadtime.Aj - 14:10:37.683 main > o.a.w.l.Aj.preProcess o.a.w.l.Aj@b9afc07 org/junit/jupiter/api/extension/BeforeTestExecutionCallback, byte[640], j.i.l.ClassLoaders$AppClassLoader@3cd1a2f1
14:10:37.684 [main] DEBUG org.aspectj.weaver.loadtime.Aj - 14:10:37.684 main - o.a.w.l.Aj.preProcess o.a.w.l.Aj@b9afc07 j.i.l.ClassLoaders$PlatformClassLoader@1ad282e0, j.i.l.ClassLoaders$AppClassLoader@3cd1a2f1
14:10:37.684 [main] DEBUG o.a.weaver.tools.WeavingAdaptor - 14:10:37.684 main > o.a.w.t.WeavingAdaptor.weaveClass o.a.w.l.ClassLoaderWeavingAdaptor@140e5a13 org/junit/jupiter/api/extension/BeforeTestExecutionCallback, byte[640]
14:10:37.684 [main] DEBUG org.aspectj.weaver.bcel.BcelWeaver - 14:10:37.684 main > o.a.w.b.BcelWeaver.weave o.a.w.b.BcelWeaver@48524010 o.a.w.t.WeavingAdaptor$WeavingClassFileProvider@1c33e528
14:10:37.684 [main] DEBUG org.aspectj.weaver.bcel.BcelWorld - 14:10:37.684 main - o.a.w.b.BcelWorld.lookupJavaClass o.a.w.l.LTWWorld@2b4a2ec7 org.junit.jupiter.api.extension.Extension, o.a.a.b.c.JavaClass@7e0bc8a3
14:10:37.685 [main] DEBUG org.aspectj.weaver.bcel.BcelWeaver - 14:10:37.684 main > o.a.w.b.BcelWeaver.weaveAndNotify o.a.w.b.BcelWeaver@48524010 o.a.w.b.UnwovenClassFile@5df63359, o.a.w.b.BcelObjectType@53d2d002, o.a.w.t.WeavingAdaptor$WeavingClassFileProvider$1@5b39a3e6
14:10:37.685 [main] DEBUG org.aspectj.weaver.bcel.BcelWeaver - 14:10:37.685 main < o.a.w.b.BcelWeaver.weaveAndNotify
14:10:37.685 [main] DEBUG org.aspectj.weaver.bcel.BcelWeaver - 14:10:37.685 main < o.a.w.b.BcelWeaver.weave java.util.ArrayList(1)
14:10:37.685 [main] DEBUG o.a.weaver.tools.WeavingAdaptor - 14:10:37.685 main < o.a.w.t.WeavingAdaptor.weaveClass byte[640]
14:10:37.686 [main] DEBUG org.aspectj.weaver.Dump - 14:10:37.686 main > o.a.w.Dump.dumpOnExit o.a.w.t.WeavingAdaptor$WeavingAdaptorMessageHolder@6a6afff2
14:10:37.687 [main] DEBUG org.aspectj.weaver.Dump - 14:10:37.686 main > o.a.w.Dump.shouldDumpOnExit o.a.w.t.WeavingAdaptor$WeavingAdaptorMessageHolder@6a6afff2
14:10:37.687 [main] DEBUG org.aspectj.weaver.Dump - 14:10:37.687 main - o.a.w.Dump.shouldDumpOnExit abort
14:10:37.687 [main] DEBUG org.aspectj.weaver.Dump - 14:10:37.687 main < o.a.w.Dump.shouldDumpOnExit false
14:10:37.688 [main] DEBUG org.aspectj.weaver.Dump - 14:10:37.688 main < o.a.w.Dump.dumpOnExit Excluded
14:10:37.688 [main] DEBUG org.aspectj.weaver.loadtime.Aj - 14:10:37.688 main < o.a.w.l.Aj.preProcess byte[640]
14:10:37.696 [main] DEBUG org.aspectj.weaver.loadtime.Aj - 14:10:37.696 main > o.a.w.l.Aj.preProcess o.a.w.l.Aj@b9afc07 org/junit/jupiter/engine/execution/MethodInvocation, byte[3597], j.i.l.ClassLoaders$AppClassLoader@3cd1a2f1
14:10:37.697 [main] DEBUG org.aspectj.weaver.loadtime.Aj - 14:10:37.697 main - o.a.w.l.Aj.preProcess o.a.w.l.Aj@b9afc07 j.i.l.ClassLoaders$PlatformClassLoader@1ad282e0, j.i.l.ClassLoaders$AppClassLoader@3cd1a2f1
14:10:37.697 [main] DEBUG o.a.weaver.tools.WeavingAdaptor - 14:10:37.697 main > o.a.w.t.WeavingAdaptor.weaveClass o.a.w.l.ClassLoaderWeavingAdaptor@140e5a13 org/junit/jupiter/engine/execution/MethodInvocation, byte[3597]
14:10:37.698 [main] DEBUG org.aspectj.weaver.bcel.BcelWeaver - 14:10:37.698 main > o.a.w.b.BcelWeaver.weave o.a.w.b.BcelWeaver@48524010 o.a.w.t.WeavingAdaptor$WeavingClassFileProvider@1cf336fd
14:10:37.698 [main] DEBUG org.aspectj.weaver.bcel.BcelWorld - 14:10:37.698 main - o.a.w.b.BcelWorld.lookupJavaClass o.a.w.l.LTWWorld@2b4a2ec7 org.junit.jupiter.api.extension.InvocationInterceptor$Invocation, o.a.a.b.c.JavaClass@7640a5b1
14:10:37.698 [main] DEBUG org.aspectj.weaver.bcel.BcelWorld - 14:10:37.698 main - o.a.w.b.BcelWorld.lookupJavaClass o.a.w.l.LTWWorld@2b4a2ec7 org.junit.jupiter.api.extension.ReflectiveInvocationContext, o.a.a.b.c.JavaClass@5634d0f4
14:10:37.698 [main] DEBUG org.aspectj.weaver.bcel.BcelWeaver - 14:10:37.698 main > o.a.w.b.BcelWeaver.weaveAndNotify o.a.w.b.BcelWeaver@48524010 o.a.w.b.UnwovenClassFile@1d0cac30, o.a.w.b.BcelObjectType@41ef1ea2, o.a.w.t.WeavingAdaptor$WeavingClassFileProvider$1@5dfe23e8
14:10:37.699 [main] DEBUG org.aspectj.weaver.bcel.BcelWorld - 14:10:37.699 main - o.a.w.b.BcelWorld.lookupJavaClass o.a.w.l.LTWWorld@2b4a2ec7 java.util.Optional, o.a.a.b.c.JavaClass@6676f6a0
14:10:37.699 [main] DEBUG org.aspectj.weaver.bcel.BcelWeaver - 14:10:37.699 main < o.a.w.b.BcelWeaver.weaveAndNotify
14:10:37.699 [main] DEBUG org.aspectj.weaver.bcel.BcelWeaver - 14:10:37.699 main < o.a.w.b.BcelWeaver.weave java.util.ArrayList(1)
14:10:37.699 [main] DEBUG o.a.weaver.tools.WeavingAdaptor - 14:10:37.699 main < o.a.w.t.WeavingAdaptor.weaveClass byte[3597]
14:10:37.699 [main] DEBUG org.aspectj.weaver.Dump - 14:10:37.699 main > o.a.w.Dump.dumpOnExit o.a.w.t.WeavingAdaptor$WeavingAdaptorMessageHolder@6a6afff2
14:10:37.699 [main] DEBUG org.aspectj.weaver.Dump - 14:10:37.699 main > o.a.w.Dump.shouldDumpOnExit o.a.w.t.WeavingAdaptor$WeavingAdaptorMessageHolder@6a6afff2
14:10:37.699 [main] DEBUG org.aspectj.weaver.Dump - 14:10:37.699 main - o.a.w.Dump.shouldDumpOnExit abort
14:10:37.699 [main] DEBUG org.aspectj.weaver.Dump - 14:10:37.699 main < o.a.w.Dump.shouldDumpOnExit false
14:10:37.699 [main] DEBUG org.aspectj.weaver.Dump - 14:10:37.699 main < o.a.w.Dump.dumpOnExit Excluded
14:10:37.699 [main] DEBUG org.aspectj.weaver.loadtime.Aj - 14:10:37.699 main < o.a.w.l.Aj.preProcess byte[3597]
14:10:37.705 [main] DEBUG org.aspectj.weaver.loadtime.Aj - 14:10:37.705 main > o.a.w.l.Aj.preProcess o.a.w.l.Aj@b9afc07 org/junit/jupiter/engine/extension/TimeoutExtension$TimeoutProvider, byte[582], j.i.l.ClassLoaders$AppClassLoader@3cd1a2f1
14:10:37.705 [main] DEBUG org.aspectj.weaver.loadtime.Aj - 14:10:37.705 main - o.a.w.l.Aj.preProcess o.a.w.l.Aj@b9afc07 j.i.l.ClassLoaders$PlatformClassLoader@1ad282e0, j.i.l.ClassLoaders$AppClassLoader@3cd1a2f1
14:10:37.705 [main] DEBUG o.a.weaver.tools.WeavingAdaptor - 14:10:37.705 main > o.a.w.t.WeavingAdaptor.weaveClass o.a.w.l.ClassLoaderWeavingAdaptor@140e5a13 org/junit/jupiter/engine/extension/TimeoutExtension$TimeoutProvider, byte[582]
14:10:37.706 [main] DEBUG org.aspectj.weaver.bcel.BcelWeaver - 14:10:37.706 main > o.a.w.b.BcelWeaver.weave o.a.w.b.BcelWeaver@48524010 o.a.w.t.WeavingAdaptor$WeavingClassFileProvider@67d32a54
14:10:37.706 [main] DEBUG org.aspectj.weaver.bcel.BcelWorld - 14:10:37.706 main - o.a.w.b.BcelWorld.lookupJavaClass o.a.w.l.LTWWorld@2b4a2ec7 java.util.function.Function, o.a.a.b.c.JavaClass@44d52de2
14:10:37.706 [main] DEBUG org.aspectj.weaver.bcel.BcelWeaver - 14:10:37.706 main > o.a.w.b.BcelWeaver.weaveAndNotify o.a.w.b.BcelWeaver@48524010 o.a.w.b.UnwovenClassFile@314a31b0, o.a.w.b.BcelObjectType@2753316c, o.a.w.t.WeavingAdaptor$WeavingClassFileProvider$1@59edb4f5
14:10:37.707 [main] DEBUG org.aspectj.weaver.bcel.BcelWeaver - 14:10:37.707 main < o.a.w.b.BcelWeaver.weaveAndNotify
14:10:37.707 [main] DEBUG org.aspectj.weaver.bcel.BcelWeaver - 14:10:37.707 main < o.a.w.b.BcelWeaver.weave java.util.ArrayList(1)
14:10:37.707 [main] DEBUG o.a.weaver.tools.WeavingAdaptor - 14:10:37.707 main < o.a.w.t.WeavingAdaptor.weaveClass byte[582]
14:10:37.707 [main] DEBUG org.aspectj.weaver.Dump - 14:10:37.707 main > o.a.w.Dump.dumpOnExit o.a.w.t.WeavingAdaptor$WeavingAdaptorMessageHolder@6a6afff2
14:10:37.707 [main] DEBUG org.aspectj.weaver.Dump - 14:10:37.707 main > o.a.w.Dump.shouldDumpOnExit o.a.w.t.WeavingAdaptor$WeavingAdaptorMessageHolder@6a6afff2
14:10:37.707 [main] DEBUG org.aspectj.weaver.Dump - 14:10:37.707 main - o.a.w.Dump.shouldDumpOnExit abort
14:10:37.707 [main] DEBUG org.aspectj.weaver.Dump - 14:10:37.707 main < o.a.w.Dump.shouldDumpOnExit false
14:10:37.707 [main] DEBUG org.aspectj.weaver.Dump - 14:10:37.707 main < o.a.w.Dump.dumpOnExit Excluded
14:10:37.707 [main] DEBUG org.aspectj.weaver.loadtime.Aj - 14:10:37.707 main < o.a.w.l.Aj.preProcess byte[582]
14:10:37.709 [main] DEBUG org.aspectj.weaver.loadtime.Aj - 14:10:37.709 main > o.a.w.l.Aj.preProcess o.a.w.l.Aj@b9afc07 org/junit/jupiter/engine/extension/TimeoutConfiguration, byte[8808], j.i.l.ClassLoaders$AppClassLoader@3cd1a2f1
14:10:37.709 [main] DEBUG org.aspectj.weaver.loadtime.Aj - 14:10:37.709 main - o.a.w.l.Aj.preProcess o.a.w.l.Aj@b9afc07 j.i.l.ClassLoaders$PlatformClassLoader@1ad282e0, j.i.l.ClassLoaders$AppClassLoader@3cd1a2f1
14:10:37.709 [main] DEBUG o.a.weaver.tools.WeavingAdaptor - 14:10:37.709 main > o.a.w.t.WeavingAdaptor.weaveClass o.a.w.l.ClassLoaderWeavingAdaptor@140e5a13 org/junit/jupiter/engine/extension/TimeoutConfiguration, byte[8808]
14:10:37.709 [main] DEBUG org.aspectj.weaver.bcel.BcelWeaver - 14:10:37.709 main > o.a.w.b.BcelWeaver.weave o.a.w.b.BcelWeaver@48524010 o.a.w.t.WeavingAdaptor$WeavingClassFileProvider@7fad214a
14:10:37.710 [main] DEBUG org.aspectj.weaver.bcel.BcelWeaver - 14:10:37.710 main > o.a.w.b.BcelWeaver.weaveAndNotify o.a.w.b.BcelWeaver@48524010 o.a.w.b.UnwovenClassFile@164642a4, o.a.w.b.BcelObjectType@75cf0de5, o.a.w.t.WeavingAdaptor$WeavingClassFileProvider$1@50b0afd7
14:10:37.710 [main] DEBUG org.aspectj.weaver.bcel.BcelWorld - 14:10:37.710 main - o.a.w.b.BcelWorld.lookupJavaClass o.a.w.l.LTWWorld@2b4a2ec7 org.junit.jupiter.api.Timeout$ThreadMode, o.a.a.b.c.JavaClass@561953e3
14:10:37.710 [main] DEBUG org.aspectj.weaver.bcel.BcelWorld - 14:10:37.710 main - o.a.w.b.BcelWorld.lookupJavaClass o.a.w.l.LTWWorld@2b4a2ec7 org.junit.jupiter.engine.extension.TimeoutDuration, o.a.a.b.c.JavaClass@3f36e8d1
14:10:37.711 [main] DEBUG org.aspectj.weaver.bcel.BcelWeaver - 14:10:37.711 main < o.a.w.b.BcelWeaver.weaveAndNotify
14:10:37.711 [main] DEBUG org.aspectj.weaver.bcel.BcelWeaver - 14:10:37.711 main < o.a.w.b.BcelWeaver.weave java.util.ArrayList(1)
14:10:37.711 [main] DEBUG o.a.weaver.tools.WeavingAdaptor - 14:10:37.711 main < o.a.w.t.WeavingAdaptor.weaveClass byte[8808]
14:10:37.711 [main] DEBUG org.aspectj.weaver.Dump - 14:10:37.711 main > o.a.w.Dump.dumpOnExit o.a.w.t.WeavingAdaptor$WeavingAdaptorMessageHolder@6a6afff2
14:10:37.711 [main] DEBUG org.aspectj.weaver.Dump - 14:10:37.711 main > o.a.w.Dump.shouldDumpOnExit o.a.w.t.WeavingAdaptor$WeavingAdaptorMessageHolder@6a6afff2
14:10:37.711 [main] DEBUG org.aspectj.weaver.Dump - 14:10:37.711 main - o.a.w.Dump.shouldDumpOnExit abort
14:10:37.711 [main] DEBUG org.aspectj.weaver.Dump - 14:10:37.711 main < o.a.w.Dump.shouldDumpOnExit false
14:10:37.711 [main] DEBUG org.aspectj.weaver.Dump - 14:10:37.711 main < o.a.w.Dump.dumpOnExit Excluded
14:10:37.711 [main] DEBUG org.aspectj.weaver.loadtime.Aj - 14:10:37.711 main < o.a.w.l.Aj.preProcess byte[8808]
14:10:37.716 [main] DEBUG org.aspectj.weaver.loadtime.Aj - 14:10:37.716 main > o.a.w.l.Aj.preProcess o.a.w.l.Aj@b9afc07 org/junit/jupiter/engine/execution/NamespaceAwareStore, byte[3908], j.i.l.ClassLoaders$AppClassLoader@3cd1a2f1
14:10:37.716 [main] DEBUG org.aspectj.weaver.loadtime.Aj - 14:10:37.716 main - o.a.w.l.Aj.preProcess o.a.w.l.Aj@b9afc07 j.i.l.ClassLoaders$PlatformClassLoader@1ad282e0, j.i.l.ClassLoaders$AppClassLoader@3cd1a2f1
14:10:37.716 [main] DEBUG o.a.weaver.tools.WeavingAdaptor - 14:10:37.716 main > o.a.w.t.WeavingAdaptor.weaveClass o.a.w.l.ClassLoaderWeavingAdaptor@140e5a13 org/junit/jupiter/engine/execution/NamespaceAwareStore, byte[3908]
14:10:37.716 [main] DEBUG org.aspectj.weaver.bcel.BcelWeaver - 14:10:37.716 main > o.a.w.b.BcelWeaver.weave o.a.w.b.BcelWeaver@48524010 o.a.w.t.WeavingAdaptor$WeavingClassFileProvider@16132f21
14:10:37.717 [main] DEBUG org.aspectj.weaver.bcel.BcelWorld - 14:10:37.716 main - o.a.w.b.BcelWorld.lookupJavaClass o.a.w.l.LTWWorld@2b4a2ec7 org.junit.jupiter.api.extension.ExtensionContext$Store, o.a.a.b.c.JavaClass@34a2d6e0
14:10:37.717 [main] DEBUG org.aspectj.weaver.bcel.BcelWeaver - 14:10:37.717 main > o.a.w.b.BcelWeaver.weaveAndNotify o.a.w.b.BcelWeaver@48524010 o.a.w.b.UnwovenClassFile@2cd388f5, o.a.w.b.BcelObjectType@4640195a, o.a.w.t.WeavingAdaptor$WeavingClassFileProvider$1@70d77826
14:10:37.717 [main] DEBUG org.aspectj.weaver.bcel.BcelWeaver - 14:10:37.717 main < o.a.w.b.BcelWeaver.weaveAndNotify
14:10:37.717 [main] DEBUG org.aspectj.weaver.bcel.BcelWeaver - 14:10:37.717 main < o.a.w.b.BcelWeaver.weave java.util.ArrayList(1)
14:10:37.717 [main] DEBUG o.a.weaver.tools.WeavingAdaptor - 14:10:37.717 main < o.a.w.t.WeavingAdaptor.weaveClass byte[3908]
14:10:37.717 [main] DEBUG org.aspectj.weaver.Dump - 14:10:37.717 main > o.a.w.Dump.dumpOnExit o.a.w.t.WeavingAdaptor$WeavingAdaptorMessageHolder@6a6afff2
14:10:37.718 [main] DEBUG org.aspectj.weaver.Dump - 14:10:37.717 main > o.a.w.Dump.shouldDumpOnExit o.a.w.t.WeavingAdaptor$WeavingAdaptorMessageHolder@6a6afff2
14:10:37.718 [main] DEBUG org.aspectj.weaver.Dump - 14:10:37.718 main - o.a.w.Dump.shouldDumpOnExit abort
14:10:37.718 [main] DEBUG org.aspectj.weaver.Dump - 14:10:37.718 main < o.a.w.Dump.shouldDumpOnExit false
14:10:37.718 [main] DEBUG org.aspectj.weaver.Dump - 14:10:37.718 main < o.a.w.Dump.dumpOnExit Excluded
14:10:37.718 [main] DEBUG org.aspectj.weaver.loadtime.Aj - 14:10:37.718 main < o.a.w.l.Aj.preProcess byte[3908]
14:10:37.721 [main] DEBUG org.aspectj.weaver.loadtime.Aj - 14:10:37.721 main > o.a.w.l.Aj.preProcess o.a.w.l.Aj@b9afc07 org/junit/jupiter/engine/execution/ExtensionValuesStore$CompositeKey, byte[1740], j.i.l.ClassLoaders$AppClassLoader@3cd1a2f1
14:10:37.721 [main] DEBUG org.aspectj.weaver.loadtime.Aj - 14:10:37.721 main - o.a.w.l.Aj.preProcess o.a.w.l.Aj@b9afc07 j.i.l.ClassLoaders$PlatformClassLoader@1ad282e0, j.i.l.ClassLoaders$AppClassLoader@3cd1a2f1
14:10:37.721 [main] DEBUG o.a.weaver.tools.WeavingAdaptor - 14:10:37.721 main > o.a.w.t.WeavingAdaptor.weaveClass o.a.w.l.ClassLoaderWeavingAdaptor@140e5a13 org/junit/jupiter/engine/execution/ExtensionValuesStore$CompositeKey, byte[1740]
14:10:37.722 [main] DEBUG org.aspectj.weaver.bcel.BcelWeaver - 14:10:37.722 main > o.a.w.b.BcelWeaver.weave o.a.w.b.BcelWeaver@48524010 o.a.w.t.WeavingAdaptor$WeavingClassFileProvider@839df62
14:10:37.723 [main] DEBUG org.aspectj.weaver.bcel.BcelWeaver - 14:10:37.723 main > o.a.w.b.BcelWeaver.weaveAndNotify o.a.w.b.BcelWeaver@48524010 o.a.w.b.UnwovenClassFile@76e90da5, o.a.w.b.BcelObjectType@4e3e11b9, o.a.w.t.WeavingAdaptor$WeavingClassFileProvider$1@67cffead
14:10:37.723 [main] DEBUG org.aspectj.weaver.bcel.BcelWeaver - 14:10:37.723 main < o.a.w.b.BcelWeaver.weaveAndNotify
14:10:37.723 [main] DEBUG org.aspectj.weaver.bcel.BcelWeaver - 14:10:37.723 main < o.a.w.b.BcelWeaver.weave java.util.ArrayList(1)
14:10:37.723 [main] DEBUG o.a.weaver.tools.WeavingAdaptor - 14:10:37.723 main < o.a.w.t.WeavingAdaptor.weaveClass byte[1740]
14:10:37.723 [main] DEBUG org.aspectj.weaver.Dump - 14:10:37.723 main > o.a.w.Dump.dumpOnExit o.a.w.t.WeavingAdaptor$WeavingAdaptorMessageHolder@6a6afff2
14:10:37.724 [main] DEBUG org.aspectj.weaver.Dump - 14:10:37.723 main > o.a.w.Dump.shouldDumpOnExit o.a.w.t.WeavingAdaptor$WeavingAdaptorMessageHolder@6a6afff2
14:10:37.724 [main] DEBUG org.aspectj.weaver.Dump - 14:10:37.724 main - o.a.w.Dump.shouldDumpOnExit abort
14:10:37.724 [main] DEBUG org.aspectj.weaver.Dump - 14:10:37.724 main < o.a.w.Dump.shouldDumpOnExit false
14:10:37.724 [main] DEBUG org.aspectj.weaver.Dump - 14:10:37.724 main < o.a.w.Dump.dumpOnExit Excluded
14:10:37.724 [main] DEBUG org.aspectj.weaver.loadtime.Aj - 14:10:37.724 main < o.a.w.l.Aj.preProcess byte[1740]
14:10:37.727 [main] DEBUG org.aspectj.weaver.loadtime.Aj - 14:10:37.727 main > o.a.w.l.Aj.preProcess o.a.w.l.Aj@b9afc07 org/junit/jupiter/engine/execution/ExtensionValuesStore$MemoizingSupplier, byte[2402], j.i.l.ClassLoaders$AppClassLoader@3cd1a2f1
14:10:37.727 [main] DEBUG org.aspectj.weaver.loadtime.Aj - 14:10:37.727 main - o.a.w.l.Aj.preProcess o.a.w.l.Aj@b9afc07 j.i.l.ClassLoaders$PlatformClassLoader@1ad282e0, j.i.l.ClassLoaders$AppClassLoader@3cd1a2f1
14:10:37.727 [main] DEBUG o.a.weaver.tools.WeavingAdaptor - 14:10:37.727 main > o.a.w.t.WeavingAdaptor.weaveClass o.a.w.l.ClassLoaderWeavingAdaptor@140e5a13 org/junit/jupiter/engine/execution/ExtensionValuesStore$MemoizingSupplier, byte[2402]
14:10:37.727 [main] DEBUG org.aspectj.weaver.bcel.BcelWeaver - 14:10:37.727 main > o.a.w.b.BcelWeaver.weave o.a.w.b.BcelWeaver@48524010 o.a.w.t.WeavingAdaptor$WeavingClassFileProvider@5fcd1c5f
14:10:37.727 [main] DEBUG org.aspectj.weaver.bcel.BcelWeaver - 14:10:37.727 main > o.a.w.b.BcelWeaver.weaveAndNotify o.a.w.b.BcelWeaver@48524010 o.a.w.b.UnwovenClassFile@3cc30dee, o.a.w.b.BcelObjectType@7d528cf7, o.a.w.t.WeavingAdaptor$WeavingClassFileProvider$1@6dee8ae6
14:10:37.728 [main] DEBUG org.aspectj.weaver.bcel.BcelWeaver - 14:10:37.728 main < o.a.w.b.BcelWeaver.weaveAndNotify
14:10:37.728 [main] DEBUG org.aspectj.weaver.bcel.BcelWeaver - 14:10:37.728 main < o.a.w.b.BcelWeaver.weave java.util.ArrayList(1)
14:10:37.729 [main] DEBUG o.a.weaver.tools.WeavingAdaptor - 14:10:37.729 main < o.a.w.t.WeavingAdaptor.weaveClass byte[2402]
14:10:37.729 [main] DEBUG org.aspectj.weaver.Dump - 14:10:37.729 main > o.a.w.Dump.dumpOnExit o.a.w.t.WeavingAdaptor$WeavingAdaptorMessageHolder@6a6afff2
14:10:37.729 [main] DEBUG org.aspectj.weaver.Dump - 14:10:37.729 main > o.a.w.Dump.shouldDumpOnExit o.a.w.t.WeavingAdaptor$WeavingAdaptorMessageHolder@6a6afff2
14:10:37.729 [main] DEBUG org.aspectj.weaver.Dump - 14:10:37.729 main - o.a.w.Dump.shouldDumpOnExit abort
14:10:37.729 [main] DEBUG org.aspectj.weaver.Dump - 14:10:37.729 main < o.a.w.Dump.shouldDumpOnExit false
14:10:37.729 [main] DEBUG org.aspectj.weaver.Dump - 14:10:37.729 main < o.a.w.Dump.dumpOnExit Excluded
14:10:37.729 [main] DEBUG org.aspectj.weaver.loadtime.Aj - 14:10:37.729 main < o.a.w.l.Aj.preProcess byte[2402]
14:10:37.732 [main] DEBUG org.aspectj.weaver.loadtime.Aj - 14:10:37.732 main > o.a.w.l.Aj.preProcess o.a.w.l.Aj@b9afc07 org/junit/jupiter/engine/extension/TimeoutDurationParser, byte[2694], j.i.l.ClassLoaders$AppClassLoader@3cd1a2f1
14:10:37.732 [main] DEBUG org.aspectj.weaver.loadtime.Aj - 14:10:37.732 main - o.a.w.l.Aj.preProcess o.a.w.l.Aj@b9afc07 j.i.l.ClassLoaders$PlatformClassLoader@1ad282e0, j.i.l.ClassLoaders$AppClassLoader@3cd1a2f1
14:10:37.732 [main] DEBUG o.a.weaver.tools.WeavingAdaptor - 14:10:37.732 main > o.a.w.t.WeavingAdaptor.weaveClass o.a.w.l.ClassLoaderWeavingAdaptor@140e5a13 org/junit/jupiter/engine/extension/TimeoutDurationParser, byte[2694]
14:10:37.732 [main] DEBUG org.aspectj.weaver.bcel.BcelWeaver - 14:10:37.732 main > o.a.w.b.BcelWeaver.weave o.a.w.b.BcelWeaver@48524010 o.a.w.t.WeavingAdaptor$WeavingClassFileProvider@750a04ec
14:10:37.733 [main] DEBUG org.aspectj.weaver.bcel.BcelWeaver - 14:10:37.733 main > o.a.w.b.BcelWeaver.weaveAndNotify o.a.w.b.BcelWeaver@48524010 o.a.w.b.UnwovenClassFile@49e2b3c5, o.a.w.b.BcelObjectType@56846330, o.a.w.t.WeavingAdaptor$WeavingClassFileProvider$1@49f3ff41
14:10:37.733 [main] DEBUG org.aspectj.weaver.bcel.BcelWeaver - 14:10:37.733 main < o.a.w.b.BcelWeaver.weaveAndNotify
14:10:37.733 [main] DEBUG org.aspectj.weaver.bcel.BcelWeaver - 14:10:37.733 main < o.a.w.b.BcelWeaver.weave java.util.ArrayList(1)
14:10:37.733 [main] DEBUG o.a.weaver.tools.WeavingAdaptor - 14:10:37.733 main < o.a.w.t.WeavingAdaptor.weaveClass byte[2694]
14:10:37.733 [main] DEBUG org.aspectj.weaver.Dump - 14:10:37.733 main > o.a.w.Dump.dumpOnExit o.a.w.t.WeavingAdaptor$WeavingAdaptorMessageHolder@6a6afff2
14:10:37.733 [main] DEBUG org.aspectj.weaver.Dump - 14:10:37.733 main > o.a.w.Dump.shouldDumpOnExit o.a.w.t.WeavingAdaptor$WeavingAdaptorMessageHolder@6a6afff2
14:10:37.733 [main] DEBUG org.aspectj.weaver.Dump - 14:10:37.733 main - o.a.w.Dump.shouldDumpOnExit abort
14:10:37.733 [main] DEBUG org.aspectj.weaver.Dump - 14:10:37.733 main < o.a.w.Dump.shouldDumpOnExit false
14:10:37.733 [main] DEBUG org.aspectj.weaver.Dump - 14:10:37.733 main < o.a.w.Dump.dumpOnExit Excluded
14:10:37.733 [main] DEBUG org.aspectj.weaver.loadtime.Aj - 14:10:37.733 main < o.a.w.l.Aj.preProcess byte[2694]
14:10:37.743 [main] DEBUG org.aspectj.weaver.loadtime.Aj - 14:10:37.743 main > o.a.w.l.Aj.preProcess o.a.w.l.Aj@b9afc07 org/junit/jupiter/engine/execution/ExtensionValuesStore$MemoizingSupplier$Failure, byte[929], j.i.l.ClassLoaders$AppClassLoader@3cd1a2f1
14:10:37.743 [main] DEBUG org.aspectj.weaver.loadtime.Aj - 14:10:37.743 main - o.a.w.l.Aj.preProcess o.a.w.l.Aj@b9afc07 j.i.l.ClassLoaders$PlatformClassLoader@1ad282e0, j.i.l.ClassLoaders$AppClassLoader@3cd1a2f1
14:10:37.743 [main] DEBUG o.a.weaver.tools.WeavingAdaptor - 14:10:37.743 main > o.a.w.t.WeavingAdaptor.weaveClass o.a.w.l.ClassLoaderWeavingAdaptor@140e5a13 org/junit/jupiter/engine/execution/ExtensionValuesStore$MemoizingSupplier$Failure, byte[929]
14:10:37.743 [main] DEBUG org.aspectj.weaver.bcel.BcelWeaver - 14:10:37.743 main > o.a.w.b.BcelWeaver.weave o.a.w.b.BcelWeaver@48524010 o.a.w.t.WeavingAdaptor$WeavingClassFileProvider@d611f1c
14:10:37.743 [main] DEBUG org.aspectj.weaver.bcel.BcelWeaver - 14:10:37.743 main > o.a.w.b.BcelWeaver.weaveAndNotify o.a.w.b.BcelWeaver@48524010 o.a.w.b.UnwovenClassFile@4f2d014a, o.a.w.b.BcelObjectType@51fc862e, o.a.w.t.WeavingAdaptor$WeavingClassFileProvider$1@a7cf42f
14:10:37.744 [main] DEBUG org.aspectj.weaver.bcel.BcelWorld - 14:10:37.744 main - o.a.w.b.BcelWorld.lookupJavaClass o.a.w.l.LTWWorld@2b4a2ec7 java.lang.RuntimeException, o.a.a.b.c.JavaClass@df6620a
14:10:37.744 [main] DEBUG org.aspectj.weaver.bcel.BcelWeaver - 14:10:37.744 main < o.a.w.b.BcelWeaver.weaveAndNotify
14:10:37.744 [main] DEBUG org.aspectj.weaver.bcel.BcelWeaver - 14:10:37.744 main < o.a.w.b.BcelWeaver.weave java.util.ArrayList(1)
14:10:37.744 [main] DEBUG o.a.weaver.tools.WeavingAdaptor - 14:10:37.744 main < o.a.w.t.WeavingAdaptor.weaveClass byte[929]
14:10:37.744 [main] DEBUG org.aspectj.weaver.Dump - 14:10:37.744 main > o.a.w.Dump.dumpOnExit o.a.w.t.WeavingAdaptor$WeavingAdaptorMessageHolder@6a6afff2
14:10:37.744 [main] DEBUG org.aspectj.weaver.Dump - 14:10:37.744 main > o.a.w.Dump.shouldDumpOnExit o.a.w.t.WeavingAdaptor$WeavingAdaptorMessageHolder@6a6afff2
14:10:37.744 [main] DEBUG org.aspectj.weaver.Dump - 14:10:37.744 main - o.a.w.Dump.shouldDumpOnExit abort
14:10:37.744 [main] DEBUG org.aspectj.weaver.Dump - 14:10:37.744 main < o.a.w.Dump.shouldDumpOnExit false
14:10:37.745 [main] DEBUG org.aspectj.weaver.Dump - 14:10:37.745 main < o.a.w.Dump.dumpOnExit Excluded
14:10:37.745 [main] DEBUG org.aspectj.weaver.loadtime.Aj - 14:10:37.745 main < o.a.w.l.Aj.preProcess byte[929]
14:10:37.759 [main] DEBUG org.aspectj.weaver.loadtime.Aj - 14:10:37.759 main > o.a.w.l.Aj.preProcess o.a.w.l.Aj@b9afc07 ru/gb/lesson4/TringleArea, byte[1321], j.i.l.ClassLoaders$AppClassLoader@3cd1a2f1
14:10:37.759 [main] DEBUG org.aspectj.weaver.loadtime.Aj - 14:10:37.759 main - o.a.w.l.Aj.preProcess o.a.w.l.Aj@b9afc07 j.i.l.ClassLoaders$PlatformClassLoader@1ad282e0, j.i.l.ClassLoaders$AppClassLoader@3cd1a2f1
14:10:37.760 [main] DEBUG o.a.weaver.tools.WeavingAdaptor - 14:10:37.759 main > o.a.w.t.WeavingAdaptor.weaveClass o.a.w.l.ClassLoaderWeavingAdaptor@140e5a13 ru/gb/lesson4/TringleArea, byte[1321]
14:10:37.760 [main] DEBUG org.aspectj.weaver.bcel.BcelWeaver - 14:10:37.760 main > o.a.w.b.BcelWeaver.weave o.a.w.b.BcelWeaver@48524010 o.a.w.t.WeavingAdaptor$WeavingClassFileProvider@5438c17a
14:10:37.760 [main] DEBUG org.aspectj.weaver.bcel.BcelWeaver - 14:10:37.760 main > o.a.w.b.BcelWeaver.weaveAndNotify o.a.w.b.BcelWeaver@48524010 o.a.w.b.UnwovenClassFile@b9d018b, o.a.w.b.BcelObjectType@429aeac1, o.a.w.t.WeavingAdaptor$WeavingClassFileProvider$1@79eeff87
14:10:37.761 [main] DEBUG org.aspectj.weaver.bcel.BcelWeaver - 14:10:37.761 main < o.a.w.b.BcelWeaver.weaveAndNotify
14:10:37.762 [main] DEBUG org.aspectj.weaver.bcel.BcelWeaver - 14:10:37.762 main < o.a.w.b.BcelWeaver.weave java.util.ArrayList(1)
14:10:37.762 [main] DEBUG o.a.weaver.tools.WeavingAdaptor - 14:10:37.762 main < o.a.w.t.WeavingAdaptor.weaveClass byte[1321]
14:10:37.762 [main] DEBUG org.aspectj.weaver.Dump - 14:10:37.762 main > o.a.w.Dump.dumpOnExit o.a.w.t.WeavingAdaptor$WeavingAdaptorMessageHolder@6a6afff2
14:10:37.762 [main] DEBUG org.aspectj.weaver.Dump - 14:10:37.762 main > o.a.w.Dump.shouldDumpOnExit o.a.w.t.WeavingAdaptor$WeavingAdaptorMessageHolder@6a6afff2
14:10:37.762 [main] DEBUG org.aspectj.weaver.Dump - 14:10:37.762 main - o.a.w.Dump.shouldDumpOnExit abort
14:10:37.762 [main] DEBUG org.aspectj.weaver.Dump - 14:10:37.762 main < o.a.w.Dump.shouldDumpOnExit false
14:10:37.762 [main] DEBUG org.aspectj.weaver.Dump - 14:10:37.762 main < o.a.w.Dump.dumpOnExit Excluded
14:10:37.762 [main] DEBUG org.aspectj.weaver.loadtime.Aj - 14:10:37.762 main < o.a.w.l.Aj.preProcess byte[1321]
14:10:37.765 [main] DEBUG org.aspectj.weaver.loadtime.Aj - 14:10:37.765 main > o.a.w.l.Aj.preProcess o.a.w.l.Aj@b9afc07 org/junit/jupiter/api/function/Executable, byte[494], j.i.l.ClassLoaders$AppClassLoader@3cd1a2f1
14:10:37.765 [main] DEBUG org.aspectj.weaver.loadtime.Aj - 14:10:37.765 main - o.a.w.l.Aj.preProcess o.a.w.l.Aj@b9afc07 j.i.l.ClassLoaders$PlatformClassLoader@1ad282e0, j.i.l.ClassLoaders$AppClassLoader@3cd1a2f1
14:10:37.765 [main] DEBUG o.a.weaver.tools.WeavingAdaptor - 14:10:37.765 main > o.a.w.t.WeavingAdaptor.weaveClass o.a.w.l.ClassLoaderWeavingAdaptor@140e5a13 org/junit/jupiter/api/function/Executable, byte[494]
14:10:37.765 [main] DEBUG org.aspectj.weaver.bcel.BcelWeaver - 14:10:37.765 main > o.a.w.b.BcelWeaver.weave o.a.w.b.BcelWeaver@48524010 o.a.w.t.WeavingAdaptor$WeavingClassFileProvider@66522ead
14:10:37.765 [main] DEBUG org.aspectj.weaver.bcel.BcelWeaver - 14:10:37.765 main > o.a.w.b.BcelWeaver.weaveAndNotify o.a.w.b.BcelWeaver@48524010 o.a.w.b.UnwovenClassFile@5a484ce1, o.a.w.b.BcelObjectType@e91b4f4, o.a.w.t.WeavingAdaptor$WeavingClassFileProvider$1@2ffe243f
14:10:37.766 [main] DEBUG org.aspectj.weaver.bcel.BcelWeaver - 14:10:37.766 main < o.a.w.b.BcelWeaver.weaveAndNotify
14:10:37.766 [main] DEBUG org.aspectj.weaver.bcel.BcelWeaver - 14:10:37.766 main < o.a.w.b.BcelWeaver.weave java.util.ArrayList(1)
14:10:37.766 [main] DEBUG o.a.weaver.tools.WeavingAdaptor - 14:10:37.766 main < o.a.w.t.WeavingAdaptor.weaveClass byte[494]
14:10:37.766 [main] DEBUG org.aspectj.weaver.Dump - 14:10:37.766 main > o.a.w.Dump.dumpOnExit o.a.w.t.WeavingAdaptor$WeavingAdaptorMessageHolder@6a6afff2
14:10:37.766 [main] DEBUG org.aspectj.weaver.Dump - 14:10:37.766 main > o.a.w.Dump.shouldDumpOnExit o.a.w.t.WeavingAdaptor$WeavingAdaptorMessageHolder@6a6afff2
14:10:37.766 [main] DEBUG org.aspectj.weaver.Dump - 14:10:37.766 main - o.a.w.Dump.shouldDumpOnExit abort
14:10:37.766 [main] DEBUG org.aspectj.weaver.Dump - 14:10:37.766 main < o.a.w.Dump.shouldDumpOnExit false
14:10:37.766 [main] DEBUG org.aspectj.weaver.Dump - 14:10:37.766 main < o.a.w.Dump.dumpOnExit Excluded
14:10:37.766 [main] DEBUG org.aspectj.weaver.loadtime.Aj - 14:10:37.766 main < o.a.w.l.Aj.preProcess byte[494]
14:10:37.770 [main] DEBUG org.aspectj.weaver.loadtime.Aj - 14:10:37.770 main > o.a.w.l.Aj.preProcess o.a.w.l.Aj@b9afc07 org/junit/jupiter/api/Assertions, byte[49584], j.i.l.ClassLoaders$AppClassLoader@3cd1a2f1
14:10:37.771 [main] DEBUG org.aspectj.weaver.loadtime.Aj - 14:10:37.771 main - o.a.w.l.Aj.preProcess o.a.w.l.Aj@b9afc07 j.i.l.ClassLoaders$PlatformClassLoader@1ad282e0, j.i.l.ClassLoaders$AppClassLoader@3cd1a2f1
14:10:37.771 [main] DEBUG o.a.weaver.tools.WeavingAdaptor - 14:10:37.771 main > o.a.w.t.WeavingAdaptor.weaveClass o.a.w.l.ClassLoaderWeavingAdaptor@140e5a13 org/junit/jupiter/api/Assertions, byte[49584]
14:10:37.775 [main] DEBUG org.aspectj.weaver.bcel.BcelWeaver - 14:10:37.774 main > o.a.w.b.BcelWeaver.weave o.a.w.b.BcelWeaver@48524010 o.a.w.t.WeavingAdaptor$WeavingClassFileProvider@1de0641b
14:10:37.775 [main] DEBUG org.aspectj.weaver.bcel.BcelWeaver - 14:10:37.775 main > o.a.w.b.BcelWeaver.weaveAndNotify o.a.w.b.BcelWeaver@48524010 o.a.w.b.UnwovenClassFile@68b734a8, o.a.w.b.BcelObjectType@1a464fa3, o.a.w.t.WeavingAdaptor$WeavingClassFileProvider$1@4215e133
14:10:37.778 [main] DEBUG org.aspectj.weaver.bcel.BcelWorld - 14:10:37.777 main - o.a.w.b.BcelWorld.lookupJavaClass o.a.w.l.LTWWorld@2b4a2ec7 java.lang.Throwable, o.a.a.b.c.JavaClass@5e600dd5
14:10:37.778 [main] DEBUG org.aspectj.weaver.bcel.BcelWorld - 14:10:37.778 main - o.a.w.b.BcelWorld.lookupJavaClass o.a.w.l.LTWWorld@2b4a2ec7 java.util.function.BooleanSupplier, o.a.a.b.c.JavaClass@d88f893
14:10:37.778 [main] DEBUG org.aspectj.weaver.bcel.BcelWorld - 14:10:37.778 main - o.a.w.b.BcelWorld.lookupJavaClass o.a.w.l.LTWWorld@2b4a2ec7 java.lang.Short, o.a.a.b.c.JavaClass@6dc1484
14:10:37.778 [main] DEBUG org.aspectj.weaver.bcel.BcelWorld - 14:10:37.778 main - o.a.w.b.BcelWorld.lookupJavaClass o.a.w.l.LTWWorld@2b4a2ec7 org.apiguardian.api.API, o.a.a.b.c.JavaClass@1a20270e
14:10:37.779 [main] DEBUG org.aspectj.weaver.bcel.BcelWorld - 14:10:37.779 main - o.a.w.b.BcelWorld.lookupJavaClass o.a.w.l.LTWWorld@2b4a2ec7 java.lang.Byte, o.a.a.b.c.JavaClass@7ff2b8d2
14:10:37.779 [main] DEBUG org.aspectj.weaver.bcel.BcelWorld - 14:10:37.779 main - o.a.w.b.BcelWorld.lookupJavaClass o.a.w.l.LTWWorld@2b4a2ec7 java.lang.Long, o.a.a.b.c.JavaClass@6a84a97d
14:10:37.779 [main] DEBUG org.aspectj.weaver.bcel.BcelWorld - 14:10:37.779 main - o.a.w.b.BcelWorld.lookupJavaClass o.a.w.l.LTWWorld@2b4a2ec7 java.lang.Float, o.a.a.b.c.JavaClass@a37aefe
14:10:37.779 [main] DEBUG org.aspectj.weaver.bcel.BcelWorld - 14:10:37.779 main - o.a.w.b.BcelWorld.lookupJavaClass o.a.w.l.LTWWorld@2b4a2ec7 java.lang.Double, o.a.a.b.c.JavaClass@5d99c6b5
14:10:37.780 [main] DEBUG org.aspectj.weaver.bcel.BcelWorld - 14:10:37.780 main - o.a.w.b.BcelWorld.lookupJavaClass o.a.w.l.LTWWorld@2b4a2ec7 java.lang.Character, o.a.a.b.c.JavaClass@259b85d6
14:10:37.780 [main] DEBUG org.aspectj.weaver.bcel.BcelWorld - 14:10:37.780 main - o.a.w.b.BcelWorld.lookupJavaClass o.a.w.l.LTWWorld@2b4a2ec7 java.util.stream.Stream, o.a.a.b.c.JavaClass@19c65cdc
14:10:37.781 [main] DEBUG org.aspectj.weaver.bcel.BcelWorld - 14:10:37.781 main - o.a.w.b.BcelWorld.lookupJavaClass o.a.w.l.LTWWorld@2b4a2ec7 java.util.Collection, o.a.a.b.c.JavaClass@7e7be63f
14:10:37.782 [main] DEBUG org.aspectj.weaver.bcel.BcelWorld - 14:10:37.782 main - o.a.w.b.BcelWorld.lookupJavaClass o.a.w.l.LTWWorld@2b4a2ec7 org.junit.jupiter.api.function.ThrowingSupplier, o.a.a.b.c.JavaClass@2091833
14:10:37.783 [main] DEBUG org.aspectj.weaver.bcel.BcelWorld - 14:10:37.783 main - o.a.w.b.BcelWorld.lookupJavaClass o.a.w.l.LTWWorld@2b4a2ec7 java.time.Duration, o.a.a.b.c.JavaClass@16736040
14:10:37.783 [main] DEBUG org.aspectj.weaver.bcel.BcelWeaver - 14:10:37.783 main < o.a.w.b.BcelWeaver.weaveAndNotify
14:10:37.783 [main] DEBUG org.aspectj.weaver.bcel.BcelWeaver - 14:10:37.783 main < o.a.w.b.BcelWeaver.weave java.util.ArrayList(1)
14:10:37.783 [main] DEBUG o.a.weaver.tools.WeavingAdaptor - 14:10:37.783 main < o.a.w.t.WeavingAdaptor.weaveClass byte[49584]
14:10:37.783 [main] DEBUG org.aspectj.weaver.Dump - 14:10:37.783 main > o.a.w.Dump.dumpOnExit o.a.w.t.WeavingAdaptor$WeavingAdaptorMessageHolder@6a6afff2
14:10:37.783 [main] DEBUG org.aspectj.weaver.Dump - 14:10:37.783 main > o.a.w.Dump.shouldDumpOnExit o.a.w.t.WeavingAdaptor$WeavingAdaptorMessageHolder@6a6afff2
14:10:37.783 [main] DEBUG org.aspectj.weaver.Dump - 14:10:37.783 main - o.a.w.Dump.shouldDumpOnExit abort
14:10:37.783 [main] DEBUG org.aspectj.weaver.Dump - 14:10:37.783 main < o.a.w.Dump.shouldDumpOnExit false
14:10:37.783 [main] DEBUG org.aspectj.weaver.Dump - 14:10:37.783 main < o.a.w.Dump.dumpOnExit Excluded
14:10:37.783 [main] DEBUG org.aspectj.weaver.loadtime.Aj - 14:10:37.783 main < o.a.w.l.Aj.preProcess byte[49584]
14:10:37.789 [main] DEBUG org.aspectj.weaver.loadtime.Aj - 14:10:37.789 main > o.a.w.l.Aj.preProcess o.a.w.l.Aj@b9afc07 org/junit/jupiter/api/AssertThrows, byte[3348], j.i.l.ClassLoaders$AppClassLoader@3cd1a2f1
14:10:37.789 [main] DEBUG org.aspectj.weaver.loadtime.Aj - 14:10:37.789 main - o.a.w.l.Aj.preProcess o.a.w.l.Aj@b9afc07 j.i.l.ClassLoaders$PlatformClassLoader@1ad282e0, j.i.l.ClassLoaders$AppClassLoader@3cd1a2f1
14:10:37.789 [main] DEBUG o.a.weaver.tools.WeavingAdaptor - 14:10:37.789 main > o.a.w.t.WeavingAdaptor.weaveClass o.a.w.l.ClassLoaderWeavingAdaptor@140e5a13 org/junit/jupiter/api/AssertThrows, byte[3348]
14:10:37.790 [main] DEBUG org.aspectj.weaver.bcel.BcelWeaver - 14:10:37.790 main > o.a.w.b.BcelWeaver.weave o.a.w.b.BcelWeaver@48524010 o.a.w.t.WeavingAdaptor$WeavingClassFileProvider@481558ce
14:10:37.790 [main] DEBUG org.aspectj.weaver.bcel.BcelWeaver - 14:10:37.790 main > o.a.w.b.BcelWeaver.weaveAndNotify o.a.w.b.BcelWeaver@48524010 o.a.w.b.UnwovenClassFile@2668c286, o.a.w.b.BcelObjectType@7f353a0f, o.a.w.t.WeavingAdaptor$WeavingClassFileProvider$1@7ea2412c
14:10:37.791 [main] DEBUG org.aspectj.weaver.bcel.BcelWeaver - 14:10:37.791 main < o.a.w.b.BcelWeaver.weaveAndNotify
14:10:37.791 [main] DEBUG org.aspectj.weaver.bcel.BcelWeaver - 14:10:37.791 main < o.a.w.b.BcelWeaver.weave java.util.ArrayList(1)
14:10:37.791 [main] DEBUG o.a.weaver.tools.WeavingAdaptor - 14:10:37.791 main < o.a.w.t.WeavingAdaptor.weaveClass byte[3348]
14:10:37.791 [main] DEBUG org.aspectj.weaver.Dump - 14:10:37.791 main > o.a.w.Dump.dumpOnExit o.a.w.t.WeavingAdaptor$WeavingAdaptorMessageHolder@6a6afff2
14:10:37.791 [main] DEBUG org.aspectj.weaver.Dump - 14:10:37.791 main > o.a.w.Dump.shouldDumpOnExit o.a.w.t.WeavingAdaptor$WeavingAdaptorMessageHolder@6a6afff2
14:10:37.791 [main] DEBUG org.aspectj.weaver.Dump - 14:10:37.791 main - o.a.w.Dump.shouldDumpOnExit abort
14:10:37.791 [main] DEBUG org.aspectj.weaver.Dump - 14:10:37.791 main < o.a.w.Dump.shouldDumpOnExit false
14:10:37.791 [main] DEBUG org.aspectj.weaver.Dump - 14:10:37.791 main < o.a.w.Dump.dumpOnExit Excluded
14:10:37.791 [main] DEBUG org.aspectj.weaver.loadtime.Aj - 14:10:37.791 main < o.a.w.l.Aj.preProcess byte[3348]
14:10:37.792 [main] DEBUG org.aspectj.weaver.loadtime.Aj - 14:10:37.792 main > o.a.w.l.Aj.preProcess o.a.w.l.Aj@b9afc07 org/opentest4j/AssertionFailedError, byte[2688], j.i.l.ClassLoaders$AppClassLoader@3cd1a2f1
14:10:37.793 [main] DEBUG org.aspectj.weaver.loadtime.Aj - 14:10:37.793 main - o.a.w.l.Aj.preProcess o.a.w.l.Aj@b9afc07 j.i.l.ClassLoaders$PlatformClassLoader@1ad282e0, j.i.l.ClassLoaders$AppClassLoader@3cd1a2f1
14:10:37.793 [main] DEBUG o.a.weaver.tools.WeavingAdaptor - 14:10:37.793 main > o.a.w.t.WeavingAdaptor.weaveClass o.a.w.l.ClassLoaderWeavingAdaptor@140e5a13 org/opentest4j/AssertionFailedError, byte[2688]
14:10:37.793 [main] DEBUG org.aspectj.weaver.bcel.BcelWeaver - 14:10:37.793 main > o.a.w.b.BcelWeaver.weave o.a.w.b.BcelWeaver@48524010 o.a.w.t.WeavingAdaptor$WeavingClassFileProvider@420cd102
14:10:37.794 [main] DEBUG org.aspectj.weaver.bcel.BcelWorld - 14:10:37.794 main - o.a.w.b.BcelWorld.lookupJavaClass o.a.w.l.LTWWorld@2b4a2ec7 java.lang.AssertionError, o.a.a.b.c.JavaClass@c7f4457
14:10:37.794 [main] DEBUG org.aspectj.weaver.bcel.BcelWeaver - 14:10:37.794 main > o.a.w.b.BcelWeaver.weaveAndNotify o.a.w.b.BcelWeaver@48524010 o.a.w.b.UnwovenClassFile@12e12ac9, o.a.w.b.BcelObjectType@5e230fc6, o.a.w.t.WeavingAdaptor$WeavingClassFileProvider$1@7a8341c1
14:10:37.795 [main] DEBUG org.aspectj.weaver.bcel.BcelWorld - 14:10:37.794 main - o.a.w.b.BcelWorld.lookupJavaClass o.a.w.l.LTWWorld@2b4a2ec7 java.lang.Error, o.a.a.b.c.JavaClass@ca8ef3a
14:10:37.796 [main] DEBUG org.aspectj.weaver.bcel.BcelWorld - 14:10:37.796 main - o.a.w.b.BcelWorld.lookupJavaClass o.a.w.l.LTWWorld@2b4a2ec7 org.opentest4j.ValueWrapper, o.a.a.b.c.JavaClass@22dc59b2
14:10:37.797 [main] DEBUG org.aspectj.weaver.bcel.BcelWeaver - 14:10:37.797 main < o.a.w.b.BcelWeaver.weaveAndNotify
14:10:37.797 [main] DEBUG org.aspectj.weaver.bcel.BcelWeaver - 14:10:37.797 main < o.a.w.b.BcelWeaver.weave java.util.ArrayList(1)
14:10:37.797 [main] DEBUG o.a.weaver.tools.WeavingAdaptor - 14:10:37.797 main < o.a.w.t.WeavingAdaptor.weaveClass byte[2688]
14:10:37.797 [main] DEBUG org.aspectj.weaver.Dump - 14:10:37.797 main > o.a.w.Dump.dumpOnExit o.a.w.t.WeavingAdaptor$WeavingAdaptorMessageHolder@6a6afff2
14:10:37.797 [main] DEBUG org.aspectj.weaver.Dump - 14:10:37.797 main > o.a.w.Dump.shouldDumpOnExit o.a.w.t.WeavingAdaptor$WeavingAdaptorMessageHolder@6a6afff2
14:10:37.797 [main] DEBUG org.aspectj.weaver.Dump - 14:10:37.797 main - o.a.w.Dump.shouldDumpOnExit abort
14:10:37.797 [main] DEBUG org.aspectj.weaver.Dump - 14:10:37.797 main < o.a.w.Dump.shouldDumpOnExit false
14:10:37.797 [main] DEBUG org.aspectj.weaver.Dump - 14:10:37.797 main < o.a.w.Dump.dumpOnExit Excluded
14:10:37.797 [main] DEBUG org.aspectj.weaver.loadtime.Aj - 14:10:37.797 main < o.a.w.l.Aj.preProcess byte[2688]
Одна из сторон треугольника <= 0
14:10:37.798 [main] DEBUG ru.gb.lesson4.TestTriangleArea - Проверка появления исключения, когда одна из сторон = 0
14:10:37.799 [main] DEBUG org.aspectj.weaver.loadtime.Aj - 14:10:37.799 main > o.a.w.l.Aj.preProcess o.a.w.l.Aj@b9afc07 org/junit/jupiter/api/extension/AfterTestExecutionCallback, byte[637], j.i.l.ClassLoaders$AppClassLoader@3cd1a2f1
14:10:37.799 [main] DEBUG org.aspectj.weaver.loadtime.Aj - 14:10:37.799 main - o.a.w.l.Aj.preProcess o.a.w.l.Aj@b9afc07 j.i.l.ClassLoaders$PlatformClassLoader@1ad282e0, j.i.l.ClassLoaders$AppClassLoader@3cd1a2f1
14:10:37.799 [main] DEBUG o.a.weaver.tools.WeavingAdaptor - 14:10:37.799 main > o.a.w.t.WeavingAdaptor.weaveClass o.a.w.l.ClassLoaderWeavingAdaptor@140e5a13 org/junit/jupiter/api/extension/AfterTestExecutionCallback, byte[637]
14:10:37.800 [main] DEBUG org.aspectj.weaver.bcel.BcelWeaver - 14:10:37.800 main > o.a.w.b.BcelWeaver.weave o.a.w.b.BcelWeaver@48524010 o.a.w.t.WeavingAdaptor$WeavingClassFileProvider@3443e476
14:10:37.800 [main] DEBUG org.aspectj.weaver.bcel.BcelWeaver - 14:10:37.800 main > o.a.w.b.BcelWeaver.weaveAndNotify o.a.w.b.BcelWeaver@48524010 o.a.w.b.UnwovenClassFile@7ccfdaef, o.a.w.b.BcelObjectType@a6e4897, o.a.w.t.WeavingAdaptor$WeavingClassFileProvider$1@32f5ecc4
14:10:37.801 [main] DEBUG org.aspectj.weaver.bcel.BcelWeaver - 14:10:37.801 main < o.a.w.b.BcelWeaver.weaveAndNotify
14:10:37.801 [main] DEBUG org.aspectj.weaver.bcel.BcelWeaver - 14:10:37.801 main < o.a.w.b.BcelWeaver.weave java.util.ArrayList(1)
14:10:37.801 [main] DEBUG o.a.weaver.tools.WeavingAdaptor - 14:10:37.801 main < o.a.w.t.WeavingAdaptor.weaveClass byte[637]
14:10:37.801 [main] DEBUG org.aspectj.weaver.Dump - 14:10:37.801 main > o.a.w.Dump.dumpOnExit o.a.w.t.WeavingAdaptor$WeavingAdaptorMessageHolder@6a6afff2
14:10:37.801 [main] DEBUG org.aspectj.weaver.Dump - 14:10:37.801 main > o.a.w.Dump.shouldDumpOnExit o.a.w.t.WeavingAdaptor$WeavingAdaptorMessageHolder@6a6afff2
14:10:37.801 [main] DEBUG org.aspectj.weaver.Dump - 14:10:37.801 main - o.a.w.Dump.shouldDumpOnExit abort
14:10:37.801 [main] DEBUG org.aspectj.weaver.Dump - 14:10:37.801 main < o.a.w.Dump.shouldDumpOnExit false
14:10:37.801 [main] DEBUG org.aspectj.weaver.Dump - 14:10:37.801 main < o.a.w.Dump.dumpOnExit Excluded
14:10:37.801 [main] DEBUG org.aspectj.weaver.loadtime.Aj - 14:10:37.801 main < o.a.w.l.Aj.preProcess byte[637]
14:10:37.809 [main] DEBUG org.aspectj.weaver.loadtime.Aj - 14:10:37.809 main > o.a.w.l.Aj.preProcess o.a.w.l.Aj@b9afc07 org/junit/jupiter/api/extension/AfterEachCallback, byte[610], j.i.l.ClassLoaders$AppClassLoader@3cd1a2f1
14:10:37.810 [main] DEBUG org.aspectj.weaver.loadtime.Aj - 14:10:37.810 main - o.a.w.l.Aj.preProcess o.a.w.l.Aj@b9afc07 j.i.l.ClassLoaders$PlatformClassLoader@1ad282e0, j.i.l.ClassLoaders$AppClassLoader@3cd1a2f1
14:10:37.810 [main] DEBUG o.a.weaver.tools.WeavingAdaptor - 14:10:37.810 main > o.a.w.t.WeavingAdaptor.weaveClass o.a.w.l.ClassLoaderWeavingAdaptor@140e5a13 org/junit/jupiter/api/extension/AfterEachCallback, byte[610]
14:10:37.810 [main] DEBUG org.aspectj.weaver.bcel.BcelWeaver - 14:10:37.810 main > o.a.w.b.BcelWeaver.weave o.a.w.b.BcelWeaver@48524010 o.a.w.t.WeavingAdaptor$WeavingClassFileProvider@4684240f
14:10:37.811 [main] DEBUG org.aspectj.weaver.bcel.BcelWeaver - 14:10:37.811 main > o.a.w.b.BcelWeaver.weaveAndNotify o.a.w.b.BcelWeaver@48524010 o.a.w.b.UnwovenClassFile@32120956, o.a.w.b.BcelObjectType@6975fb1c, o.a.w.t.WeavingAdaptor$WeavingClassFileProvider$1@553da911
14:10:37.812 [main] DEBUG org.aspectj.weaver.bcel.BcelWeaver - 14:10:37.811 main < o.a.w.b.BcelWeaver.weaveAndNotify
14:10:37.812 [main] DEBUG org.aspectj.weaver.bcel.BcelWeaver - 14:10:37.812 main < o.a.w.b.BcelWeaver.weave java.util.ArrayList(1)
14:10:37.812 [main] DEBUG o.a.weaver.tools.WeavingAdaptor - 14:10:37.812 main < o.a.w.t.WeavingAdaptor.weaveClass byte[610]
14:10:37.812 [main] DEBUG org.aspectj.weaver.Dump - 14:10:37.812 main > o.a.w.Dump.dumpOnExit o.a.w.t.WeavingAdaptor$WeavingAdaptorMessageHolder@6a6afff2
14:10:37.812 [main] DEBUG org.aspectj.weaver.Dump - 14:10:37.812 main > o.a.w.Dump.shouldDumpOnExit o.a.w.t.WeavingAdaptor$WeavingAdaptorMessageHolder@6a6afff2
14:10:37.812 [main] DEBUG org.aspectj.weaver.Dump - 14:10:37.812 main - o.a.w.Dump.shouldDumpOnExit abort
14:10:37.812 [main] DEBUG org.aspectj.weaver.Dump - 14:10:37.812 main < o.a.w.Dump.shouldDumpOnExit false
14:10:37.812 [main] DEBUG org.aspectj.weaver.Dump - 14:10:37.812 main < o.a.w.Dump.dumpOnExit Excluded
14:10:37.812 [main] DEBUG org.aspectj.weaver.loadtime.Aj - 14:10:37.812 main < o.a.w.l.Aj.preProcess byte[610]
14:10:37.822 [main] DEBUG org.aspectj.weaver.loadtime.Aj - 14:10:37.822 main > o.a.w.l.Aj.preProcess o.a.w.l.Aj@b9afc07 org/junit/jupiter/api/extension/TestInstancePreDestroyCallback, byte[3145], j.i.l.ClassLoaders$AppClassLoader@3cd1a2f1
14:10:37.823 [main] DEBUG org.aspectj.weaver.loadtime.Aj - 14:10:37.823 main - o.a.w.l.Aj.preProcess o.a.w.l.Aj@b9afc07 j.i.l.ClassLoaders$PlatformClassLoader@1ad282e0, j.i.l.ClassLoaders$AppClassLoader@3cd1a2f1
14:10:37.823 [main] DEBUG o.a.weaver.tools.WeavingAdaptor - 14:10:37.823 main > o.a.w.t.WeavingAdaptor.weaveClass o.a.w.l.ClassLoaderWeavingAdaptor@140e5a13 org/junit/jupiter/api/extension/TestInstancePreDestroyCallback, byte[3145]
14:10:37.823 [main] DEBUG org.aspectj.weaver.bcel.BcelWeaver - 14:10:37.823 main > o.a.w.b.BcelWeaver.weave o.a.w.b.BcelWeaver@48524010 o.a.w.t.WeavingAdaptor$WeavingClassFileProvider@67bd351e
14:10:37.823 [main] DEBUG org.aspectj.weaver.bcel.BcelWeaver - 14:10:37.823 main > o.a.w.b.BcelWeaver.weaveAndNotify o.a.w.b.BcelWeaver@48524010 o.a.w.b.UnwovenClassFile@4cc7d00d, o.a.w.b.BcelObjectType@468e8565, o.a.w.t.WeavingAdaptor$WeavingClassFileProvider$1@91da29b
14:10:37.824 [main] DEBUG org.aspectj.weaver.bcel.BcelWorld - 14:10:37.824 main - o.a.w.b.BcelWorld.lookupJavaClass o.a.w.l.LTWWorld@2b4a2ec7 org.junit.jupiter.api.extension.ExtensionContext, o.a.a.b.c.JavaClass@26bbe604
14:10:37.824 [main] DEBUG org.aspectj.weaver.bcel.BcelWorld - 14:10:37.824 main - o.a.w.b.BcelWorld.lookupJavaClass o.a.w.l.LTWWorld@2b4a2ec7 java.util.function.Consumer, o.a.a.b.c.JavaClass@58e85c6f
14:10:37.824 [main] DEBUG org.aspectj.weaver.bcel.BcelWeaver - 14:10:37.824 main < o.a.w.b.BcelWeaver.weaveAndNotify
14:10:37.824 [main] DEBUG org.aspectj.weaver.bcel.BcelWeaver - 14:10:37.824 main < o.a.w.b.BcelWeaver.weave java.util.ArrayList(1)
14:10:37.824 [main] DEBUG o.a.weaver.tools.WeavingAdaptor - 14:10:37.824 main < o.a.w.t.WeavingAdaptor.weaveClass byte[3145]
14:10:37.824 [main] DEBUG org.aspectj.weaver.Dump - 14:10:37.824 main > o.a.w.Dump.dumpOnExit o.a.w.t.WeavingAdaptor$WeavingAdaptorMessageHolder@6a6afff2
14:10:37.824 [main] DEBUG org.aspectj.weaver.Dump - 14:10:37.824 main > o.a.w.Dump.shouldDumpOnExit o.a.w.t.WeavingAdaptor$WeavingAdaptorMessageHolder@6a6afff2
14:10:37.824 [main] DEBUG org.aspectj.weaver.Dump - 14:10:37.824 main - o.a.w.Dump.shouldDumpOnExit abort
14:10:37.824 [main] DEBUG org.aspectj.weaver.Dump - 14:10:37.824 main < o.a.w.Dump.shouldDumpOnExit false
14:10:37.824 [main] DEBUG org.aspectj.weaver.Dump - 14:10:37.824 main < o.a.w.Dump.dumpOnExit Excluded
14:10:37.824 [main] DEBUG org.aspectj.weaver.loadtime.Aj - 14:10:37.824 main < o.a.w.l.Aj.preProcess byte[3145]
14:10:37.830 [main] DEBUG org.aspectj.weaver.loadtime.Aj - 14:10:37.830 main > o.a.w.l.Aj.preProcess o.a.w.l.Aj@b9afc07 org/junit/jupiter/api/extension/ExtensionContext$Store$CloseableResource, byte[649], j.i.l.ClassLoaders$AppClassLoader@3cd1a2f1
14:10:37.830 [main] DEBUG org.aspectj.weaver.loadtime.Aj - 14:10:37.830 main - o.a.w.l.Aj.preProcess o.a.w.l.Aj@b9afc07 j.i.l.ClassLoaders$PlatformClassLoader@1ad282e0, j.i.l.ClassLoaders$AppClassLoader@3cd1a2f1
14:10:37.830 [main] DEBUG o.a.weaver.tools.WeavingAdaptor - 14:10:37.830 main > o.a.w.t.WeavingAdaptor.weaveClass o.a.w.l.ClassLoaderWeavingAdaptor@140e5a13 org/junit/jupiter/api/extension/ExtensionContext$Store$CloseableResource, byte[649]
14:10:37.830 [main] DEBUG org.aspectj.weaver.bcel.BcelWeaver - 14:10:37.830 main > o.a.w.b.BcelWeaver.weave o.a.w.b.BcelWeaver@48524010 o.a.w.t.WeavingAdaptor$WeavingClassFileProvider@628b819d
14:10:37.831 [main] DEBUG org.aspectj.weaver.bcel.BcelWeaver - 14:10:37.831 main > o.a.w.b.BcelWeaver.weaveAndNotify o.a.w.b.BcelWeaver@48524010 o.a.w.b.UnwovenClassFile@478b0739, o.a.w.b.BcelObjectType@2cca611f, o.a.w.t.WeavingAdaptor$WeavingClassFileProvider$1@51f95f0d
14:10:37.831 [main] DEBUG org.aspectj.weaver.bcel.BcelWeaver - 14:10:37.831 main < o.a.w.b.BcelWeaver.weaveAndNotify
14:10:37.831 [main] DEBUG org.aspectj.weaver.bcel.BcelWeaver - 14:10:37.831 main < o.a.w.b.BcelWeaver.weave java.util.ArrayList(1)
14:10:37.831 [main] DEBUG o.a.weaver.tools.WeavingAdaptor - 14:10:37.831 main < o.a.w.t.WeavingAdaptor.weaveClass byte[649]
14:10:37.831 [main] DEBUG org.aspectj.weaver.Dump - 14:10:37.831 main > o.a.w.Dump.dumpOnExit o.a.w.t.WeavingAdaptor$WeavingAdaptorMessageHolder@6a6afff2
14:10:37.831 [main] DEBUG org.aspectj.weaver.Dump - 14:10:37.831 main > o.a.w.Dump.shouldDumpOnExit o.a.w.t.WeavingAdaptor$WeavingAdaptorMessageHolder@6a6afff2
14:10:37.831 [main] DEBUG org.aspectj.weaver.Dump - 14:10:37.831 main - o.a.w.Dump.shouldDumpOnExit abort
14:10:37.832 [main] DEBUG org.aspectj.weaver.Dump - 14:10:37.832 main < o.a.w.Dump.shouldDumpOnExit false
14:10:37.832 [main] DEBUG org.aspectj.weaver.Dump - 14:10:37.832 main < o.a.w.Dump.dumpOnExit Excluded
14:10:37.832 [main] DEBUG org.aspectj.weaver.loadtime.Aj - 14:10:37.832 main < o.a.w.l.Aj.preProcess byte[649]
14:10:37.836 [main] DEBUG org.aspectj.weaver.loadtime.Aj - 14:10:37.836 main > o.a.w.l.Aj.preProcess o.a.w.l.Aj@b9afc07 org/junit/platform/engine/TestExecutionResult, byte[2322], j.i.l.ClassLoaders$AppClassLoader@3cd1a2f1
14:10:37.836 [main] DEBUG org.aspectj.weaver.loadtime.Aj - 14:10:37.836 main - o.a.w.l.Aj.preProcess o.a.w.l.Aj@b9afc07 j.i.l.ClassLoaders$PlatformClassLoader@1ad282e0, j.i.l.ClassLoaders$AppClassLoader@3cd1a2f1
14:10:37.836 [main] DEBUG o.a.weaver.tools.WeavingAdaptor - 14:10:37.836 main > o.a.w.t.WeavingAdaptor.weaveClass o.a.w.l.ClassLoaderWeavingAdaptor@140e5a13 org/junit/platform/engine/TestExecutionResult, byte[2322]
14:10:37.837 [main] DEBUG org.aspectj.weaver.bcel.BcelWeaver - 14:10:37.837 main > o.a.w.b.BcelWeaver.weave o.a.w.b.BcelWeaver@48524010 o.a.w.t.WeavingAdaptor$WeavingClassFileProvider@25be445f
14:10:37.837 [main] DEBUG org.aspectj.weaver.bcel.BcelWeaver - 14:10:37.837 main > o.a.w.b.BcelWeaver.weaveAndNotify o.a.w.b.BcelWeaver@48524010 o.a.w.b.UnwovenClassFile@5d1b1c2a, o.a.w.b.BcelObjectType@6397248c, o.a.w.t.WeavingAdaptor$WeavingClassFileProvider$1@25f61c2c
14:10:37.839 [main] DEBUG org.aspectj.weaver.bcel.BcelWorld - 14:10:37.839 main - o.a.w.b.BcelWorld.lookupJavaClass o.a.w.l.LTWWorld@2b4a2ec7 org.junit.platform.engine.TestExecutionResult$Status, o.a.a.b.c.JavaClass@5d497a91
14:10:37.840 [main] DEBUG org.aspectj.weaver.bcel.BcelWeaver - 14:10:37.840 main < o.a.w.b.BcelWeaver.weaveAndNotify
14:10:37.840 [main] DEBUG org.aspectj.weaver.bcel.BcelWeaver - 14:10:37.840 main < o.a.w.b.BcelWeaver.weave java.util.ArrayList(1)
14:10:37.840 [main] DEBUG o.a.weaver.tools.WeavingAdaptor - 14:10:37.840 main < o.a.w.t.WeavingAdaptor.weaveClass byte[2322]
14:10:37.840 [main] DEBUG org.aspectj.weaver.Dump - 14:10:37.840 main > o.a.w.Dump.dumpOnExit o.a.w.t.WeavingAdaptor$WeavingAdaptorMessageHolder@6a6afff2
14:10:37.841 [main] DEBUG org.aspectj.weaver.Dump - 14:10:37.840 main > o.a.w.Dump.shouldDumpOnExit o.a.w.t.WeavingAdaptor$WeavingAdaptorMessageHolder@6a6afff2
14:10:37.841 [main] DEBUG org.aspectj.weaver.Dump - 14:10:37.841 main - o.a.w.Dump.shouldDumpOnExit abort
14:10:37.841 [main] DEBUG org.aspectj.weaver.Dump - 14:10:37.841 main < o.a.w.Dump.shouldDumpOnExit false
14:10:37.841 [main] DEBUG org.aspectj.weaver.Dump - 14:10:37.841 main < o.a.w.Dump.dumpOnExit Excluded
14:10:37.841 [main] DEBUG org.aspectj.weaver.loadtime.Aj - 14:10:37.841 main < o.a.w.l.Aj.preProcess byte[2322]
14:10:37.842 [main] DEBUG org.aspectj.weaver.loadtime.Aj - 14:10:37.842 main > o.a.w.l.Aj.preProcess o.a.w.l.Aj@b9afc07 org/junit/platform/engine/TestExecutionResult$Status, byte[1349], j.i.l.ClassLoaders$AppClassLoader@3cd1a2f1
14:10:37.842 [main] DEBUG org.aspectj.weaver.loadtime.Aj - 14:10:37.842 main - o.a.w.l.Aj.preProcess o.a.w.l.Aj@b9afc07 j.i.l.ClassLoaders$PlatformClassLoader@1ad282e0, j.i.l.ClassLoaders$AppClassLoader@3cd1a2f1
14:10:37.843 [main] DEBUG o.a.weaver.tools.WeavingAdaptor - 14:10:37.842 main > o.a.w.t.WeavingAdaptor.weaveClass o.a.w.l.ClassLoaderWeavingAdaptor@140e5a13 org/junit/platform/engine/TestExecutionResult$Status, byte[1349]
14:10:37.843 [main] DEBUG org.aspectj.weaver.bcel.BcelWeaver - 14:10:37.843 main > o.a.w.b.BcelWeaver.weave o.a.w.b.BcelWeaver@48524010 o.a.w.t.WeavingAdaptor$WeavingClassFileProvider@40ef0af8
14:10:37.843 [main] DEBUG org.aspectj.weaver.bcel.BcelWeaver - 14:10:37.843 main > o.a.w.b.BcelWeaver.weaveAndNotify o.a.w.b.BcelWeaver@48524010 o.a.w.b.UnwovenClassFile@36790bec, o.a.w.b.BcelObjectType@461c3709, o.a.w.t.WeavingAdaptor$WeavingClassFileProvider$1@7e3d7dd
14:10:37.845 [main] DEBUG org.aspectj.weaver.bcel.BcelWeaver - 14:10:37.845 main < o.a.w.b.BcelWeaver.weaveAndNotify
14:10:37.845 [main] DEBUG org.aspectj.weaver.bcel.BcelWeaver - 14:10:37.845 main < o.a.w.b.BcelWeaver.weave java.util.ArrayList(1)
14:10:37.845 [main] DEBUG o.a.weaver.tools.WeavingAdaptor - 14:10:37.845 main < o.a.w.t.WeavingAdaptor.weaveClass byte[1349]
14:10:37.845 [main] DEBUG org.aspectj.weaver.Dump - 14:10:37.845 main > o.a.w.Dump.dumpOnExit o.a.w.t.WeavingAdaptor$WeavingAdaptorMessageHolder@6a6afff2
14:10:37.845 [main] DEBUG org.aspectj.weaver.Dump - 14:10:37.845 main > o.a.w.Dump.shouldDumpOnExit o.a.w.t.WeavingAdaptor$WeavingAdaptorMessageHolder@6a6afff2
14:10:37.845 [main] DEBUG org.aspectj.weaver.Dump - 14:10:37.845 main - o.a.w.Dump.shouldDumpOnExit abort
14:10:37.845 [main] DEBUG org.aspectj.weaver.Dump - 14:10:37.845 main < o.a.w.Dump.shouldDumpOnExit false
14:10:37.845 [main] DEBUG org.aspectj.weaver.Dump - 14:10:37.845 main < o.a.w.Dump.dumpOnExit Excluded
14:10:37.845 [main] DEBUG org.aspectj.weaver.loadtime.Aj - 14:10:37.845 main < o.a.w.l.Aj.preProcess byte[1349]
14:10:37.872 [main] DEBUG org.aspectj.weaver.loadtime.Aj - 14:10:37.871 main > o.a.w.l.Aj.preProcess o.a.w.l.Aj@b9afc07 org/junit/jupiter/api/extension/TestWatcher, byte[1432], j.i.l.ClassLoaders$AppClassLoader@3cd1a2f1
14:10:37.872 [main] DEBUG org.aspectj.weaver.loadtime.Aj - 14:10:37.872 main - o.a.w.l.Aj.preProcess o.a.w.l.Aj@b9afc07 j.i.l.ClassLoaders$PlatformClassLoader@1ad282e0, j.i.l.ClassLoaders$AppClassLoader@3cd1a2f1
14:10:37.872 [main] DEBUG o.a.weaver.tools.WeavingAdaptor - 14:10:37.872 main > o.a.w.t.WeavingAdaptor.weaveClass o.a.w.l.ClassLoaderWeavingAdaptor@140e5a13 org/junit/jupiter/api/extension/TestWatcher, byte[1432]
14:10:37.872 [main] DEBUG org.aspectj.weaver.bcel.BcelWeaver - 14:10:37.872 main > o.a.w.b.BcelWeaver.weave o.a.w.b.BcelWeaver@48524010 o.a.w.t.WeavingAdaptor$WeavingClassFileProvider@43cb5f38
14:10:37.872 [main] DEBUG org.aspectj.weaver.bcel.BcelWeaver - 14:10:37.872 main > o.a.w.b.BcelWeaver.weaveAndNotify o.a.w.b.BcelWeaver@48524010 o.a.w.b.UnwovenClassFile@6435fa1c, o.a.w.b.BcelObjectType@7944b8b4, o.a.w.t.WeavingAdaptor$WeavingClassFileProvider$1@d7bbf12
14:10:37.874 [main] DEBUG org.aspectj.weaver.bcel.BcelWeaver - 14:10:37.874 main < o.a.w.b.BcelWeaver.weaveAndNotify
14:10:37.874 [main] DEBUG org.aspectj.weaver.bcel.BcelWeaver - 14:10:37.874 main < o.a.w.b.BcelWeaver.weave java.util.ArrayList(1)
14:10:37.874 [main] DEBUG o.a.weaver.tools.WeavingAdaptor - 14:10:37.874 main < o.a.w.t.WeavingAdaptor.weaveClass byte[1432]
14:10:37.874 [main] DEBUG org.aspectj.weaver.Dump - 14:10:37.874 main > o.a.w.Dump.dumpOnExit o.a.w.t.WeavingAdaptor$WeavingAdaptorMessageHolder@6a6afff2
14:10:37.874 [main] DEBUG org.aspectj.weaver.Dump - 14:10:37.874 main > o.a.w.Dump.shouldDumpOnExit o.a.w.t.WeavingAdaptor$WeavingAdaptorMessageHolder@6a6afff2
14:10:37.874 [main] DEBUG org.aspectj.weaver.Dump - 14:10:37.874 main - o.a.w.Dump.shouldDumpOnExit abort
14:10:37.874 [main] DEBUG org.aspectj.weaver.Dump - 14:10:37.874 main < o.a.w.Dump.shouldDumpOnExit false
14:10:37.874 [main] DEBUG org.aspectj.weaver.Dump - 14:10:37.874 main < o.a.w.Dump.dumpOnExit Excluded
14:10:37.874 [main] DEBUG org.aspectj.weaver.loadtime.Aj - 14:10:37.874 main < o.a.w.l.Aj.preProcess byte[1432]
14:10:37.889 [main] DEBUG org.aspectj.weaver.loadtime.Aj - 14:10:37.889 main > o.a.w.l.Aj.preProcess o.a.w.l.Aj@b9afc07 io/qameta/allure/junitplatform/AllureJunitPlatform$3, byte[920], j.i.l.ClassLoaders$AppClassLoader@3cd1a2f1
14:10:37.891 [main] DEBUG org.aspectj.weaver.loadtime.Aj - 14:10:37.891 main - o.a.w.l.Aj.preProcess o.a.w.l.Aj@b9afc07 j.i.l.ClassLoaders$PlatformClassLoader@1ad282e0, j.i.l.ClassLoaders$AppClassLoader@3cd1a2f1
14:10:37.891 [main] DEBUG o.a.weaver.tools.WeavingAdaptor - 14:10:37.891 main > o.a.w.t.WeavingAdaptor.weaveClass o.a.w.l.ClassLoaderWeavingAdaptor@140e5a13 io/qameta/allure/junitplatform/AllureJunitPlatform$3, byte[920]
14:10:37.892 [main] DEBUG org.aspectj.weaver.bcel.BcelWeaver - 14:10:37.891 main > o.a.w.b.BcelWeaver.weave o.a.w.b.BcelWeaver@48524010 o.a.w.t.WeavingAdaptor$WeavingClassFileProvider@733c464f
14:10:37.892 [main] DEBUG org.aspectj.weaver.bcel.BcelWeaver - 14:10:37.892 main > o.a.w.b.BcelWeaver.weaveAndNotify o.a.w.b.BcelWeaver@48524010 o.a.w.b.UnwovenClassFile@47272cd3, o.a.w.b.BcelObjectType@73fbdf68, o.a.w.t.WeavingAdaptor$WeavingClassFileProvider$1@32f1fafe
14:10:37.892 [main] DEBUG org.aspectj.weaver.bcel.BcelWeaver - 14:10:37.892 main < o.a.w.b.BcelWeaver.weaveAndNotify
14:10:37.892 [main] DEBUG org.aspectj.weaver.bcel.BcelWeaver - 14:10:37.892 main < o.a.w.b.BcelWeaver.weave java.util.ArrayList(1)
14:10:37.892 [main] DEBUG o.a.weaver.tools.WeavingAdaptor - 14:10:37.892 main < o.a.w.t.WeavingAdaptor.weaveClass byte[920]
14:10:37.892 [main] DEBUG org.aspectj.weaver.Dump - 14:10:37.892 main > o.a.w.Dump.dumpOnExit o.a.w.t.WeavingAdaptor$WeavingAdaptorMessageHolder@6a6afff2
14:10:37.893 [main] DEBUG org.aspectj.weaver.Dump - 14:10:37.892 main > o.a.w.Dump.shouldDumpOnExit o.a.w.t.WeavingAdaptor$WeavingAdaptorMessageHolder@6a6afff2
14:10:37.893 [main] DEBUG org.aspectj.weaver.Dump - 14:10:37.893 main - o.a.w.Dump.shouldDumpOnExit abort
14:10:37.893 [main] DEBUG org.aspectj.weaver.Dump - 14:10:37.893 main < o.a.w.Dump.shouldDumpOnExit false
14:10:37.893 [main] DEBUG org.aspectj.weaver.Dump - 14:10:37.893 main < o.a.w.Dump.dumpOnExit Excluded
14:10:37.893 [main] DEBUG org.aspectj.weaver.loadtime.Aj - 14:10:37.893 main < o.a.w.l.Aj.preProcess byte[920]
14:10:37.896 [main] DEBUG org.aspectj.weaver.loadtime.Aj - 14:10:37.896 main > o.a.w.l.Aj.preProcess o.a.w.l.Aj@b9afc07 io/qameta/allure/model/StatusDetails, byte[2027], j.i.l.ClassLoaders$AppClassLoader@3cd1a2f1
14:10:37.897 [main] DEBUG org.aspectj.weaver.loadtime.Aj - 14:10:37.897 main - o.a.w.l.Aj.preProcess o.a.w.l.Aj@b9afc07 j.i.l.ClassLoaders$PlatformClassLoader@1ad282e0, j.i.l.ClassLoaders$AppClassLoader@3cd1a2f1
14:10:37.897 [main] DEBUG o.a.weaver.tools.WeavingAdaptor - 14:10:37.897 main > o.a.w.t.WeavingAdaptor.weaveClass o.a.w.l.ClassLoaderWeavingAdaptor@140e5a13 io/qameta/allure/model/StatusDetails, byte[2027]
14:10:37.897 [main] DEBUG org.aspectj.weaver.bcel.BcelWeaver - 14:10:37.897 main > o.a.w.b.BcelWeaver.weave o.a.w.b.BcelWeaver@48524010 o.a.w.t.WeavingAdaptor$WeavingClassFileProvider@60f21960
14:10:37.897 [main] DEBUG org.aspectj.weaver.bcel.BcelWeaver - 14:10:37.897 main > o.a.w.b.BcelWeaver.weaveAndNotify o.a.w.b.BcelWeaver@48524010 o.a.w.b.UnwovenClassFile@6a6c7f42, o.a.w.b.BcelObjectType@5a515e5d, o.a.w.t.WeavingAdaptor$WeavingClassFileProvider$1@423a0e1d
14:10:37.899 [main] DEBUG org.aspectj.weaver.bcel.BcelWeaver - 14:10:37.899 main < o.a.w.b.BcelWeaver.weaveAndNotify
14:10:37.899 [main] DEBUG org.aspectj.weaver.bcel.BcelWeaver - 14:10:37.899 main < o.a.w.b.BcelWeaver.weave java.util.ArrayList(1)
14:10:37.899 [main] DEBUG o.a.weaver.tools.WeavingAdaptor - 14:10:37.899 main < o.a.w.t.WeavingAdaptor.weaveClass byte[2027]
14:10:37.899 [main] DEBUG org.aspectj.weaver.Dump - 14:10:37.899 main > o.a.w.Dump.dumpOnExit o.a.w.t.WeavingAdaptor$WeavingAdaptorMessageHolder@6a6afff2
14:10:37.899 [main] DEBUG org.aspectj.weaver.Dump - 14:10:37.899 main > o.a.w.Dump.shouldDumpOnExit o.a.w.t.WeavingAdaptor$WeavingAdaptorMessageHolder@6a6afff2
14:10:37.899 [main] DEBUG org.aspectj.weaver.Dump - 14:10:37.899 main - o.a.w.Dump.shouldDumpOnExit abort
14:10:37.899 [main] DEBUG org.aspectj.weaver.Dump - 14:10:37.899 main < o.a.w.Dump.shouldDumpOnExit false
14:10:37.901 [main] DEBUG org.aspectj.weaver.Dump - 14:10:37.901 main < o.a.w.Dump.dumpOnExit Excluded
14:10:37.901 [main] DEBUG org.aspectj.weaver.loadtime.Aj - 14:10:37.901 main < o.a.w.l.Aj.preProcess byte[2027]
14:10:37.914 [main] DEBUG org.aspectj.weaver.loadtime.Aj - 14:10:37.914 main > o.a.w.l.Aj.preProcess o.a.w.l.Aj@b9afc07 io/qameta/allure/internal/shadowed/jackson/core/JsonEncoding, byte[1946], j.i.l.ClassLoaders$AppClassLoader@3cd1a2f1
14:10:37.914 [main] DEBUG org.aspectj.weaver.loadtime.Aj - 14:10:37.914 main - o.a.w.l.Aj.preProcess o.a.w.l.Aj@b9afc07 j.i.l.ClassLoaders$PlatformClassLoader@1ad282e0, j.i.l.ClassLoaders$AppClassLoader@3cd1a2f1
14:10:37.914 [main] DEBUG o.a.weaver.tools.WeavingAdaptor - 14:10:37.914 main > o.a.w.t.WeavingAdaptor.weaveClass o.a.w.l.ClassLoaderWeavingAdaptor@140e5a13 io/qameta/allure/internal/shadowed/jackson/core/JsonEncoding, byte[1946]
14:10:37.915 [main] DEBUG org.aspectj.weaver.bcel.BcelWeaver - 14:10:37.915 main > o.a.w.b.BcelWeaver.weave o.a.w.b.BcelWeaver@48524010 o.a.w.t.WeavingAdaptor$WeavingClassFileProvider@52ea0269
14:10:37.915 [main] DEBUG org.aspectj.weaver.bcel.BcelWeaver - 14:10:37.915 main > o.a.w.b.BcelWeaver.weaveAndNotify o.a.w.b.BcelWeaver@48524010 o.a.w.b.UnwovenClassFile@746c411c, o.a.w.b.BcelObjectType@43ecfeb5, o.a.w.t.WeavingAdaptor$WeavingClassFileProvider$1@51efb731
14:10:37.915 [main] DEBUG org.aspectj.weaver.bcel.BcelWeaver - 14:10:37.915 main < o.a.w.b.BcelWeaver.weaveAndNotify
14:10:37.915 [main] DEBUG org.aspectj.weaver.bcel.BcelWeaver - 14:10:37.915 main < o.a.w.b.BcelWeaver.weave java.util.ArrayList(1)
14:10:37.915 [main] DEBUG o.a.weaver.tools.WeavingAdaptor - 14:10:37.915 main < o.a.w.t.WeavingAdaptor.weaveClass byte[1946]
14:10:37.916 [main] DEBUG org.aspectj.weaver.Dump - 14:10:37.916 main > o.a.w.Dump.dumpOnExit o.a.w.t.WeavingAdaptor$WeavingAdaptorMessageHolder@6a6afff2
14:10:37.916 [main] DEBUG org.aspectj.weaver.Dump - 14:10:37.916 main > o.a.w.Dump.shouldDumpOnExit o.a.w.t.WeavingAdaptor$WeavingAdaptorMessageHolder@6a6afff2
14:10:37.916 [main] DEBUG org.aspectj.weaver.Dump - 14:10:37.916 main - o.a.w.Dump.shouldDumpOnExit abort
14:10:37.916 [main] DEBUG org.aspectj.weaver.Dump - 14:10:37.916 main < o.a.w.Dump.shouldDumpOnExit false
14:10:37.916 [main] DEBUG org.aspectj.weaver.Dump - 14:10:37.916 main < o.a.w.Dump.dumpOnExit Excluded
14:10:37.916 [main] DEBUG org.aspectj.weaver.loadtime.Aj - 14:10:37.916 main < o.a.w.l.Aj.preProcess byte[1946]
14:10:37.929 [main] DEBUG org.aspectj.weaver.loadtime.Aj - 14:10:37.928 main > o.a.w.l.Aj.preProcess o.a.w.l.Aj@b9afc07 io/qameta/allure/internal/shadowed/jackson/core/io/ContentReference, byte[7111], j.i.l.ClassLoaders$AppClassLoader@3cd1a2f1
14:10:37.929 [main] DEBUG org.aspectj.weaver.loadtime.Aj - 14:10:37.929 main - o.a.w.l.Aj.preProcess o.a.w.l.Aj@b9afc07 j.i.l.ClassLoaders$PlatformClassLoader@1ad282e0, j.i.l.ClassLoaders$AppClassLoader@3cd1a2f1
14:10:37.929 [main] DEBUG o.a.weaver.tools.WeavingAdaptor - 14:10:37.929 main > o.a.w.t.WeavingAdaptor.weaveClass o.a.w.l.ClassLoaderWeavingAdaptor@140e5a13 io/qameta/allure/internal/shadowed/jackson/core/io/ContentReference, byte[7111]
14:10:37.931 [main] DEBUG org.aspectj.weaver.bcel.BcelWeaver - 14:10:37.930 main > o.a.w.b.BcelWeaver.weave o.a.w.b.BcelWeaver@48524010 o.a.w.t.WeavingAdaptor$WeavingClassFileProvider@4dadd690
14:10:37.931 [main] DEBUG org.aspectj.weaver.bcel.BcelWeaver - 14:10:37.931 main > o.a.w.b.BcelWeaver.weaveAndNotify o.a.w.b.BcelWeaver@48524010 o.a.w.b.UnwovenClassFile@707e4fe4, o.a.w.b.BcelObjectType@3281dfc2, o.a.w.t.WeavingAdaptor$WeavingClassFileProvider$1@377874b4
14:10:37.932 [main] DEBUG org.aspectj.weaver.bcel.BcelWorld - 14:10:37.932 main - o.a.w.b.BcelWorld.lookupJavaClass o.a.w.l.LTWWorld@2b4a2ec7 java.io.ObjectInputStream, o.a.a.b.c.JavaClass@3676ac27
14:10:37.933 [main] DEBUG org.aspectj.weaver.bcel.BcelWorld - 14:10:37.933 main - o.a.w.b.BcelWorld.lookupJavaClass o.a.w.l.LTWWorld@2b4a2ec7 java.io.ObjectOutputStream, o.a.a.b.c.JavaClass@62f87c44
14:10:37.933 [main] DEBUG org.aspectj.weaver.bcel.BcelWeaver - 14:10:37.933 main < o.a.w.b.BcelWeaver.weaveAndNotify
14:10:37.933 [main] DEBUG org.aspectj.weaver.bcel.BcelWeaver - 14:10:37.933 main < o.a.w.b.BcelWeaver.weave java.util.ArrayList(1)
14:10:37.933 [main] DEBUG o.a.weaver.tools.WeavingAdaptor - 14:10:37.933 main < o.a.w.t.WeavingAdaptor.weaveClass byte[7111]
14:10:37.933 [main] DEBUG org.aspectj.weaver.Dump - 14:10:37.933 main > o.a.w.Dump.dumpOnExit o.a.w.t.WeavingAdaptor$WeavingAdaptorMessageHolder@6a6afff2
14:10:37.934 [main] DEBUG org.aspectj.weaver.Dump - 14:10:37.933 main > o.a.w.Dump.shouldDumpOnExit o.a.w.t.WeavingAdaptor$WeavingAdaptorMessageHolder@6a6afff2
14:10:37.934 [main] DEBUG org.aspectj.weaver.Dump - 14:10:37.934 main - o.a.w.Dump.shouldDumpOnExit abort
14:10:37.934 [main] DEBUG org.aspectj.weaver.Dump - 14:10:37.934 main < o.a.w.Dump.shouldDumpOnExit false
14:10:37.934 [main] DEBUG org.aspectj.weaver.Dump - 14:10:37.934 main < o.a.w.Dump.dumpOnExit Excluded
14:10:37.934 [main] DEBUG org.aspectj.weaver.loadtime.Aj - 14:10:37.934 main < o.a.w.l.Aj.preProcess byte[7111]
14:10:37.936 [main] DEBUG org.aspectj.weaver.loadtime.Aj - 14:10:37.936 main > o.a.w.l.Aj.preProcess o.a.w.l.Aj@b9afc07 io/qameta/allure/internal/shadowed/jackson/core/io/IOContext, byte[5955], j.i.l.ClassLoaders$AppClassLoader@3cd1a2f1
14:10:37.937 [main] DEBUG org.aspectj.weaver.loadtime.Aj - 14:10:37.936 main - o.a.w.l.Aj.preProcess o.a.w.l.Aj@b9afc07 j.i.l.ClassLoaders$PlatformClassLoader@1ad282e0, j.i.l.ClassLoaders$AppClassLoader@3cd1a2f1
14:10:37.937 [main] DEBUG o.a.weaver.tools.WeavingAdaptor - 14:10:37.937 main > o.a.w.t.WeavingAdaptor.weaveClass o.a.w.l.ClassLoaderWeavingAdaptor@140e5a13 io/qameta/allure/internal/shadowed/jackson/core/io/IOContext, byte[5955]
14:10:37.937 [main] DEBUG org.aspectj.weaver.bcel.BcelWeaver - 14:10:37.937 main > o.a.w.b.BcelWeaver.weave o.a.w.b.BcelWeaver@48524010 o.a.w.t.WeavingAdaptor$WeavingClassFileProvider@7af443a3
14:10:37.937 [main] DEBUG org.aspectj.weaver.bcel.BcelWeaver - 14:10:37.937 main > o.a.w.b.BcelWeaver.weaveAndNotify o.a.w.b.BcelWeaver@48524010 o.a.w.b.UnwovenClassFile@7b25ab31, o.a.w.b.BcelObjectType@2001e48c, o.a.w.t.WeavingAdaptor$WeavingClassFileProvider$1@68ddd415
14:10:37.941 [main] DEBUG org.aspectj.weaver.bcel.BcelWorld - 14:10:37.941 main - o.a.w.b.BcelWorld.lookupJavaClass o.a.w.l.LTWWorld@2b4a2ec7 io.qameta.allure.internal.shadowed.jackson.core.util.TextBuffer, o.a.a.b.c.JavaClass@1c57f6b2
14:10:37.942 [main] DEBUG org.aspectj.weaver.bcel.BcelWorld - 14:10:37.942 main - o.a.w.b.BcelWorld.lookupJavaClass o.a.w.l.LTWWorld@2b4a2ec7 java.lang.IllegalArgumentException, o.a.a.b.c.JavaClass@3ee37e5a
14:10:37.942 [main] DEBUG org.aspectj.weaver.bcel.BcelWeaver - 14:10:37.942 main < o.a.w.b.BcelWeaver.weaveAndNotify
14:10:37.942 [main] DEBUG org.aspectj.weaver.bcel.BcelWeaver - 14:10:37.942 main < o.a.w.b.BcelWeaver.weave java.util.ArrayList(1)
14:10:37.942 [main] DEBUG o.a.weaver.tools.WeavingAdaptor - 14:10:37.942 main < o.a.w.t.WeavingAdaptor.weaveClass byte[5955]
14:10:37.942 [main] DEBUG org.aspectj.weaver.Dump - 14:10:37.942 main > o.a.w.Dump.dumpOnExit o.a.w.t.WeavingAdaptor$WeavingAdaptorMessageHolder@6a6afff2
14:10:37.942 [main] DEBUG org.aspectj.weaver.Dump - 14:10:37.942 main > o.a.w.Dump.shouldDumpOnExit o.a.w.t.WeavingAdaptor$WeavingAdaptorMessageHolder@6a6afff2
14:10:37.942 [main] DEBUG org.aspectj.weaver.Dump - 14:10:37.942 main - o.a.w.Dump.shouldDumpOnExit abort
14:10:37.942 [main] DEBUG org.aspectj.weaver.Dump - 14:10:37.942 main < o.a.w.Dump.shouldDumpOnExit false
14:10:37.942 [main] DEBUG org.aspectj.weaver.Dump - 14:10:37.942 main < o.a.w.Dump.dumpOnExit Excluded
14:10:37.942 [main] DEBUG org.aspectj.weaver.loadtime.Aj - 14:10:37.942 main < o.a.w.l.Aj.preProcess byte[5955]
14:10:37.944 [main] DEBUG org.aspectj.weaver.loadtime.Aj - 14:10:37.944 main > o.a.w.l.Aj.preProcess o.a.w.l.Aj@b9afc07 io/qameta/allure/internal/shadowed/jackson/core/util/BufferRecyclers, byte[3481], j.i.l.ClassLoaders$AppClassLoader@3cd1a2f1
14:10:37.944 [main] DEBUG org.aspectj.weaver.loadtime.Aj - 14:10:37.944 main - o.a.w.l.Aj.preProcess o.a.w.l.Aj@b9afc07 j.i.l.ClassLoaders$PlatformClassLoader@1ad282e0, j.i.l.ClassLoaders$AppClassLoader@3cd1a2f1
14:10:37.944 [main] DEBUG o.a.weaver.tools.WeavingAdaptor - 14:10:37.944 main > o.a.w.t.WeavingAdaptor.weaveClass o.a.w.l.ClassLoaderWeavingAdaptor@140e5a13 io/qameta/allure/internal/shadowed/jackson/core/util/BufferRecyclers, byte[3481]
14:10:37.944 [main] DEBUG org.aspectj.weaver.bcel.BcelWeaver - 14:10:37.944 main > o.a.w.b.BcelWeaver.weave o.a.w.b.BcelWeaver@48524010 o.a.w.t.WeavingAdaptor$WeavingClassFileProvider@7792d851
14:10:37.945 [main] DEBUG org.aspectj.weaver.bcel.BcelWeaver - 14:10:37.944 main > o.a.w.b.BcelWeaver.weaveAndNotify o.a.w.b.BcelWeaver@48524010 o.a.w.b.UnwovenClassFile@5cd96b41, o.a.w.b.BcelObjectType@7e1ffe70, o.a.w.t.WeavingAdaptor$WeavingClassFileProvider$1@73041b7d
14:10:37.947 [main] DEBUG org.aspectj.weaver.bcel.BcelWorld - 14:10:37.947 main - o.a.w.b.BcelWorld.lookupJavaClass o.a.w.l.LTWWorld@2b4a2ec7 io.qameta.allure.internal.shadowed.jackson.core.util.BufferRecycler, o.a.a.b.c.JavaClass@5c00384f
14:10:37.949 [main] DEBUG org.aspectj.weaver.bcel.BcelWorld - 14:10:37.949 main - o.a.w.b.BcelWorld.lookupJavaClass o.a.w.l.LTWWorld@2b4a2ec7 io.qameta.allure.internal.shadowed.jackson.core.io.JsonStringEncoder, o.a.a.b.c.JavaClass@5529ff44
14:10:37.950 [main] DEBUG org.aspectj.weaver.bcel.BcelWeaver - 14:10:37.950 main < o.a.w.b.BcelWeaver.weaveAndNotify
14:10:37.950 [main] DEBUG org.aspectj.weaver.bcel.BcelWeaver - 14:10:37.950 main < o.a.w.b.BcelWeaver.weave java.util.ArrayList(1)
14:10:37.950 [main] DEBUG o.a.weaver.tools.WeavingAdaptor - 14:10:37.950 main < o.a.w.t.WeavingAdaptor.weaveClass byte[3481]
14:10:37.950 [main] DEBUG org.aspectj.weaver.Dump - 14:10:37.950 main > o.a.w.Dump.dumpOnExit o.a.w.t.WeavingAdaptor$WeavingAdaptorMessageHolder@6a6afff2
14:10:37.950 [main] DEBUG org.aspectj.weaver.Dump - 14:10:37.950 main > o.a.w.Dump.shouldDumpOnExit o.a.w.t.WeavingAdaptor$WeavingAdaptorMessageHolder@6a6afff2
14:10:37.950 [main] DEBUG org.aspectj.weaver.Dump - 14:10:37.950 main - o.a.w.Dump.shouldDumpOnExit abort
14:10:37.950 [main] DEBUG org.aspectj.weaver.Dump - 14:10:37.950 main < o.a.w.Dump.shouldDumpOnExit false
14:10:37.950 [main] DEBUG org.aspectj.weaver.Dump - 14:10:37.950 main < o.a.w.Dump.dumpOnExit Excluded
14:10:37.950 [main] DEBUG org.aspectj.weaver.loadtime.Aj - 14:10:37.950 main < o.a.w.l.Aj.preProcess byte[3481]
14:10:37.951 [main] DEBUG org.aspectj.weaver.loadtime.Aj - 14:10:37.951 main > o.a.w.l.Aj.preProcess o.a.w.l.Aj@b9afc07 io/qameta/allure/internal/shadowed/jackson/core/util/BufferRecycler, byte[2838], j.i.l.ClassLoaders$AppClassLoader@3cd1a2f1
14:10:37.952 [main] DEBUG org.aspectj.weaver.loadtime.Aj - 14:10:37.952 main - o.a.w.l.Aj.preProcess o.a.w.l.Aj@b9afc07 j.i.l.ClassLoaders$PlatformClassLoader@1ad282e0, j.i.l.ClassLoaders$AppClassLoader@3cd1a2f1
14:10:37.952 [main] DEBUG o.a.weaver.tools.WeavingAdaptor - 14:10:37.952 main > o.a.w.t.WeavingAdaptor.weaveClass o.a.w.l.ClassLoaderWeavingAdaptor@140e5a13 io/qameta/allure/internal/shadowed/jackson/core/util/BufferRecycler, byte[2838]
14:10:37.952 [main] DEBUG org.aspectj.weaver.bcel.BcelWeaver - 14:10:37.952 main > o.a.w.b.BcelWeaver.weave o.a.w.b.BcelWeaver@48524010 o.a.w.t.WeavingAdaptor$WeavingClassFileProvider@73c31181
14:10:37.952 [main] DEBUG org.aspectj.weaver.bcel.BcelWeaver - 14:10:37.952 main > o.a.w.b.BcelWeaver.weaveAndNotify o.a.w.b.BcelWeaver@48524010 o.a.w.b.UnwovenClassFile@3d620a1, o.a.w.b.BcelObjectType@4f486211, o.a.w.t.WeavingAdaptor$WeavingClassFileProvider$1@51e3d37e
14:10:37.954 [main] DEBUG org.aspectj.weaver.bcel.BcelWeaver - 14:10:37.954 main < o.a.w.b.BcelWeaver.weaveAndNotify
14:10:37.954 [main] DEBUG org.aspectj.weaver.bcel.BcelWeaver - 14:10:37.954 main < o.a.w.b.BcelWeaver.weave java.util.ArrayList(1)
14:10:37.954 [main] DEBUG o.a.weaver.tools.WeavingAdaptor - 14:10:37.954 main < o.a.w.t.WeavingAdaptor.weaveClass byte[2838]
14:10:37.954 [main] DEBUG org.aspectj.weaver.Dump - 14:10:37.954 main > o.a.w.Dump.dumpOnExit o.a.w.t.WeavingAdaptor$WeavingAdaptorMessageHolder@6a6afff2
14:10:37.955 [main] DEBUG org.aspectj.weaver.Dump - 14:10:37.955 main > o.a.w.Dump.shouldDumpOnExit o.a.w.t.WeavingAdaptor$WeavingAdaptorMessageHolder@6a6afff2
14:10:37.957 [main] DEBUG org.aspectj.weaver.Dump - 14:10:37.957 main - o.a.w.Dump.shouldDumpOnExit abort
14:10:37.957 [main] DEBUG org.aspectj.weaver.Dump - 14:10:37.957 main < o.a.w.Dump.shouldDumpOnExit false
14:10:37.957 [main] DEBUG org.aspectj.weaver.Dump - 14:10:37.957 main < o.a.w.Dump.dumpOnExit Excluded
14:10:37.957 [main] DEBUG org.aspectj.weaver.loadtime.Aj - 14:10:37.957 main < o.a.w.l.Aj.preProcess byte[2838]
14:10:37.961 [main] DEBUG org.aspectj.weaver.loadtime.Aj - 14:10:37.961 main > o.a.w.l.Aj.preProcess o.a.w.l.Aj@b9afc07 io/qameta/allure/internal/shadowed/jackson/core/JsonGenerationException, byte[2338], j.i.l.ClassLoaders$AppClassLoader@3cd1a2f1
14:10:37.961 [main] DEBUG org.aspectj.weaver.loadtime.Aj - 14:10:37.961 main - o.a.w.l.Aj.preProcess o.a.w.l.Aj@b9afc07 j.i.l.ClassLoaders$PlatformClassLoader@1ad282e0, j.i.l.ClassLoaders$AppClassLoader@3cd1a2f1
14:10:37.961 [main] DEBUG o.a.weaver.tools.WeavingAdaptor - 14:10:37.961 main > o.a.w.t.WeavingAdaptor.weaveClass o.a.w.l.ClassLoaderWeavingAdaptor@140e5a13 io/qameta/allure/internal/shadowed/jackson/core/JsonGenerationException, byte[2338]
14:10:37.962 [main] DEBUG org.aspectj.weaver.bcel.BcelWeaver - 14:10:37.962 main > o.a.w.b.BcelWeaver.weave o.a.w.b.BcelWeaver@48524010 o.a.w.t.WeavingAdaptor$WeavingClassFileProvider@1095d23a
14:10:37.963 [main] DEBUG org.aspectj.weaver.bcel.BcelWorld - 14:10:37.963 main - o.a.w.b.BcelWorld.lookupJavaClass o.a.w.l.LTWWorld@2b4a2ec7 io.qameta.allure.internal.shadowed.jackson.core.exc.StreamWriteException, o.a.a.b.c.JavaClass@3e39baf0
14:10:37.963 [main] DEBUG org.aspectj.weaver.bcel.BcelWeaver - 14:10:37.963 main > o.a.w.b.BcelWeaver.weaveAndNotify o.a.w.b.BcelWeaver@48524010 o.a.w.b.UnwovenClassFile@83bb0f, o.a.w.b.BcelObjectType@25a94b55, o.a.w.t.WeavingAdaptor$WeavingClassFileProvider$1@6adc5b9c
14:10:37.963 [main] DEBUG org.aspectj.weaver.bcel.BcelWorld - 14:10:37.963 main - o.a.w.b.BcelWorld.lookupJavaClass o.a.w.l.LTWWorld@2b4a2ec7 io.qameta.allure.internal.shadowed.jackson.core.JsonProcessingException, o.a.a.b.c.JavaClass@66434cc8
14:10:37.964 [main] DEBUG org.aspectj.weaver.bcel.BcelWorld - 14:10:37.964 main - o.a.w.b.BcelWorld.lookupJavaClass o.a.w.l.LTWWorld@2b4a2ec7 io.qameta.allure.internal.shadowed.jackson.core.JacksonException, o.a.a.b.c.JavaClass@3efe7086
14:10:37.964 [main] DEBUG org.aspectj.weaver.bcel.BcelWorld - 14:10:37.964 main - o.a.w.b.BcelWorld.lookupJavaClass o.a.w.l.LTWWorld@2b4a2ec7 java.io.IOException, o.a.a.b.c.JavaClass@42f48531
14:10:37.964 [main] DEBUG org.aspectj.weaver.bcel.BcelWorld - 14:10:37.964 main - o.a.w.b.BcelWorld.lookupJavaClass o.a.w.l.LTWWorld@2b4a2ec7 java.lang.Exception, o.a.a.b.c.JavaClass@712625fd
14:10:37.966 [main] DEBUG org.aspectj.weaver.bcel.BcelWorld - 14:10:37.966 main - o.a.w.b.BcelWorld.lookupJavaClass o.a.w.l.LTWWorld@2b4a2ec7 io.qameta.allure.internal.shadowed.jackson.core.JsonGenerator, o.a.a.b.c.JavaClass@1a9c38eb
14:10:37.967 [main] DEBUG org.aspectj.weaver.bcel.BcelWeaver - 14:10:37.967 main < o.a.w.b.BcelWeaver.weaveAndNotify
14:10:37.967 [main] DEBUG org.aspectj.weaver.bcel.BcelWeaver - 14:10:37.967 main < o.a.w.b.BcelWeaver.weave java.util.ArrayList(1)
14:10:37.967 [main] DEBUG o.a.weaver.tools.WeavingAdaptor - 14:10:37.967 main < o.a.w.t.WeavingAdaptor.weaveClass byte[2338]
14:10:37.967 [main] DEBUG org.aspectj.weaver.Dump - 14:10:37.967 main > o.a.w.Dump.dumpOnExit o.a.w.t.WeavingAdaptor$WeavingAdaptorMessageHolder@6a6afff2
14:10:37.967 [main] DEBUG org.aspectj.weaver.Dump - 14:10:37.967 main > o.a.w.Dump.shouldDumpOnExit o.a.w.t.WeavingAdaptor$WeavingAdaptorMessageHolder@6a6afff2
14:10:37.967 [main] DEBUG org.aspectj.weaver.Dump - 14:10:37.967 main - o.a.w.Dump.shouldDumpOnExit abort
14:10:37.967 [main] DEBUG org.aspectj.weaver.Dump - 14:10:37.967 main < o.a.w.Dump.shouldDumpOnExit false
14:10:37.967 [main] DEBUG org.aspectj.weaver.Dump - 14:10:37.967 main < o.a.w.Dump.dumpOnExit Excluded
14:10:37.967 [main] DEBUG org.aspectj.weaver.loadtime.Aj - 14:10:37.967 main < o.a.w.l.Aj.preProcess byte[2338]
14:10:37.969 [main] DEBUG org.aspectj.weaver.loadtime.Aj - 14:10:37.969 main > o.a.w.l.Aj.preProcess o.a.w.l.Aj@b9afc07 io/qameta/allure/internal/shadowed/jackson/core/exc/StreamWriteException, byte[1901], j.i.l.ClassLoaders$AppClassLoader@3cd1a2f1
14:10:37.970 [main] DEBUG org.aspectj.weaver.loadtime.Aj - 14:10:37.970 main - o.a.w.l.Aj.preProcess o.a.w.l.Aj@b9afc07 j.i.l.ClassLoaders$PlatformClassLoader@1ad282e0, j.i.l.ClassLoaders$AppClassLoader@3cd1a2f1
14:10:37.970 [main] DEBUG o.a.weaver.tools.WeavingAdaptor - 14:10:37.970 main > o.a.w.t.WeavingAdaptor.weaveClass o.a.w.l.ClassLoaderWeavingAdaptor@140e5a13 io/qameta/allure/internal/shadowed/jackson/core/exc/StreamWriteException, byte[1901]
14:10:37.970 [main] DEBUG org.aspectj.weaver.bcel.BcelWeaver - 14:10:37.970 main > o.a.w.b.BcelWeaver.weave o.a.w.b.BcelWeaver@48524010 o.a.w.t.WeavingAdaptor$WeavingClassFileProvider@1f87607c
14:10:37.970 [main] DEBUG org.aspectj.weaver.bcel.BcelWeaver - 14:10:37.970 main > o.a.w.b.BcelWeaver.weaveAndNotify o.a.w.b.BcelWeaver@48524010 o.a.w.b.UnwovenClassFile@4b862408, o.a.w.b.BcelObjectType@6ddee60f, o.a.w.t.WeavingAdaptor$WeavingClassFileProvider$1@6e829e50
14:10:37.995 [main] DEBUG org.aspectj.weaver.bcel.BcelWeaver - 14:10:37.995 main < o.a.w.b.BcelWeaver.weaveAndNotify
14:10:37.995 [main] DEBUG org.aspectj.weaver.bcel.BcelWeaver - 14:10:37.995 main < o.a.w.b.BcelWeaver.weave java.util.ArrayList(1)
14:10:37.995 [main] DEBUG o.a.weaver.tools.WeavingAdaptor - 14:10:37.995 main < o.a.w.t.WeavingAdaptor.weaveClass byte[1901]
14:10:37.995 [main] DEBUG org.aspectj.weaver.Dump - 14:10:37.995 main > o.a.w.Dump.dumpOnExit o.a.w.t.WeavingAdaptor$WeavingAdaptorMessageHolder@6a6afff2
14:10:37.995 [main] DEBUG org.aspectj.weaver.Dump - 14:10:37.995 main > o.a.w.Dump.shouldDumpOnExit o.a.w.t.WeavingAdaptor$WeavingAdaptorMessageHolder@6a6afff2
14:10:37.995 [main] DEBUG org.aspectj.weaver.Dump - 14:10:37.995 main - o.a.w.Dump.shouldDumpOnExit abort
14:10:37.995 [main] DEBUG org.aspectj.weaver.Dump - 14:10:37.995 main < o.a.w.Dump.shouldDumpOnExit false
14:10:37.997 [main] DEBUG org.aspectj.weaver.Dump - 14:10:37.996 main < o.a.w.Dump.dumpOnExit Excluded
14:10:37.997 [main] DEBUG org.aspectj.weaver.loadtime.Aj - 14:10:37.997 main < o.a.w.l.Aj.preProcess byte[1901]
14:10:37.999 [main] DEBUG org.aspectj.weaver.loadtime.Aj - 14:10:37.999 main > o.a.w.l.Aj.preProcess o.a.w.l.Aj@b9afc07 io/qameta/allure/internal/shadowed/jackson/core/JsonStreamContext, byte[4418], j.i.l.ClassLoaders$AppClassLoader@3cd1a2f1
14:10:38.000 [main] DEBUG org.aspectj.weaver.loadtime.Aj - 14:10:37.999 main - o.a.w.l.Aj.preProcess o.a.w.l.Aj@b9afc07 j.i.l.ClassLoaders$PlatformClassLoader@1ad282e0, j.i.l.ClassLoaders$AppClassLoader@3cd1a2f1
14:10:38.000 [main] DEBUG o.a.weaver.tools.WeavingAdaptor - 14:10:38.000 main > o.a.w.t.WeavingAdaptor.weaveClass o.a.w.l.ClassLoaderWeavingAdaptor@140e5a13 io/qameta/allure/internal/shadowed/jackson/core/JsonStreamContext, byte[4418]
14:10:38.000 [main] DEBUG org.aspectj.weaver.bcel.BcelWeaver - 14:10:38.000 main > o.a.w.b.BcelWeaver.weave o.a.w.b.BcelWeaver@48524010 o.a.w.t.WeavingAdaptor$WeavingClassFileProvider@65629ac6
14:10:38.000 [main] DEBUG org.aspectj.weaver.bcel.BcelWeaver - 14:10:38.000 main > o.a.w.b.BcelWeaver.weaveAndNotify o.a.w.b.BcelWeaver@48524010 o.a.w.b.UnwovenClassFile@56b8aaf1, o.a.w.b.BcelObjectType@5482bcac, o.a.w.t.WeavingAdaptor$WeavingClassFileProvider$1@10244722
14:10:38.001 [main] DEBUG org.aspectj.weaver.bcel.BcelWorld - 14:10:38.001 main - o.a.w.b.BcelWorld.lookupJavaClass o.a.w.l.LTWWorld@2b4a2ec7 io.qameta.allure.internal.shadowed.jackson.core.JsonPointer, o.a.a.b.c.JavaClass@72bd06ca
14:10:38.001 [main] DEBUG org.aspectj.weaver.bcel.BcelWorld - 14:10:38.001 main - o.a.w.b.BcelWorld.lookupJavaClass o.a.w.l.LTWWorld@2b4a2ec7 io.qameta.allure.internal.shadowed.jackson.core.JsonLocation, o.a.a.b.c.JavaClass@24faea88
14:10:38.001 [main] DEBUG org.aspectj.weaver.bcel.BcelWeaver - 14:10:38.001 main < o.a.w.b.BcelWeaver.weaveAndNotify
14:10:38.001 [main] DEBUG org.aspectj.weaver.bcel.BcelWeaver - 14:10:38.001 main < o.a.w.b.BcelWeaver.weave java.util.ArrayList(1)
14:10:38.001 [main] DEBUG o.a.weaver.tools.WeavingAdaptor - 14:10:38.001 main < o.a.w.t.WeavingAdaptor.weaveClass byte[4418]
14:10:38.001 [main] DEBUG org.aspectj.weaver.Dump - 14:10:38.001 main > o.a.w.Dump.dumpOnExit o.a.w.t.WeavingAdaptor$WeavingAdaptorMessageHolder@6a6afff2
14:10:38.001 [main] DEBUG org.aspectj.weaver.Dump - 14:10:38.001 main > o.a.w.Dump.shouldDumpOnExit o.a.w.t.WeavingAdaptor$WeavingAdaptorMessageHolder@6a6afff2
14:10:38.001 [main] DEBUG org.aspectj.weaver.Dump - 14:10:38.001 main - o.a.w.Dump.shouldDumpOnExit abort
14:10:38.001 [main] DEBUG org.aspectj.weaver.Dump - 14:10:38.001 main < o.a.w.Dump.shouldDumpOnExit false
14:10:38.001 [main] DEBUG org.aspectj.weaver.Dump - 14:10:38.001 main < o.a.w.Dump.dumpOnExit Excluded
14:10:38.001 [main] DEBUG org.aspectj.weaver.loadtime.Aj - 14:10:38.001 main < o.a.w.l.Aj.preProcess byte[4418]
14:10:38.006 [main] DEBUG org.aspectj.weaver.loadtime.Aj - 14:10:38.006 main > o.a.w.l.Aj.preProcess o.a.w.l.Aj@b9afc07 io/qameta/allure/internal/shadowed/jackson/core/json/JsonWriteContext, byte[6045], j.i.l.ClassLoaders$AppClassLoader@3cd1a2f1
14:10:38.006 [main] DEBUG org.aspectj.weaver.loadtime.Aj - 14:10:38.006 main - o.a.w.l.Aj.preProcess o.a.w.l.Aj@b9afc07 j.i.l.ClassLoaders$PlatformClassLoader@1ad282e0, j.i.l.ClassLoaders$AppClassLoader@3cd1a2f1
14:10:38.006 [main] DEBUG o.a.weaver.tools.WeavingAdaptor - 14:10:38.006 main > o.a.w.t.WeavingAdaptor.weaveClass o.a.w.l.ClassLoaderWeavingAdaptor@140e5a13 io/qameta/allure/internal/shadowed/jackson/core/json/JsonWriteContext, byte[6045]
14:10:38.007 [main] DEBUG org.aspectj.weaver.bcel.BcelWeaver - 14:10:38.007 main > o.a.w.b.BcelWeaver.weave o.a.w.b.BcelWeaver@48524010 o.a.w.t.WeavingAdaptor$WeavingClassFileProvider@1e3ff233
14:10:38.007 [main] DEBUG org.aspectj.weaver.bcel.BcelWeaver - 14:10:38.007 main > o.a.w.b.BcelWeaver.weaveAndNotify o.a.w.b.BcelWeaver@48524010 o.a.w.b.UnwovenClassFile@3c952a33, o.a.w.b.BcelObjectType@70029d2d, o.a.w.t.WeavingAdaptor$WeavingClassFileProvider$1@1150d471
14:10:38.013 [main] DEBUG org.aspectj.weaver.bcel.BcelWorld - 14:10:38.013 main - o.a.w.b.BcelWorld.lookupJavaClass o.a.w.l.LTWWorld@2b4a2ec7 io.qameta.allure.internal.shadowed.jackson.core.json.DupDetector, o.a.a.b.c.JavaClass@1e225820
14:10:38.013 [main] DEBUG org.aspectj.weaver.bcel.BcelWeaver - 14:10:38.013 main < o.a.w.b.BcelWeaver.weaveAndNotify
14:10:38.013 [main] DEBUG org.aspectj.weaver.bcel.BcelWeaver - 14:10:38.013 main < o.a.w.b.BcelWeaver.weave java.util.ArrayList(1)
14:10:38.013 [main] DEBUG o.a.weaver.tools.WeavingAdaptor - 14:10:38.013 main < o.a.w.t.WeavingAdaptor.weaveClass byte[6045]
14:10:38.014 [main] DEBUG org.aspectj.weaver.Dump - 14:10:38.013 main > o.a.w.Dump.dumpOnExit o.a.w.t.WeavingAdaptor$WeavingAdaptorMessageHolder@6a6afff2
14:10:38.014 [main] DEBUG org.aspectj.weaver.Dump - 14:10:38.014 main > o.a.w.Dump.shouldDumpOnExit o.a.w.t.WeavingAdaptor$WeavingAdaptorMessageHolder@6a6afff2
14:10:38.014 [main] DEBUG org.aspectj.weaver.Dump - 14:10:38.014 main - o.a.w.Dump.shouldDumpOnExit abort
14:10:38.014 [main] DEBUG org.aspectj.weaver.Dump - 14:10:38.014 main < o.a.w.Dump.shouldDumpOnExit false
14:10:38.014 [main] DEBUG org.aspectj.weaver.Dump - 14:10:38.014 main < o.a.w.Dump.dumpOnExit Excluded
14:10:38.014 [main] DEBUG org.aspectj.weaver.loadtime.Aj - 14:10:38.014 main < o.a.w.l.Aj.preProcess byte[6045]
14:10:38.017 [main] DEBUG org.aspectj.weaver.loadtime.Aj - 14:10:38.017 main > o.a.w.l.Aj.preProcess o.a.w.l.Aj@b9afc07 io/qameta/allure/internal/shadowed/jackson/core/StreamWriteCapability, byte[1904], j.i.l.ClassLoaders$AppClassLoader@3cd1a2f1
14:10:38.017 [main] DEBUG org.aspectj.weaver.loadtime.Aj - 14:10:38.017 main - o.a.w.l.Aj.preProcess o.a.w.l.Aj@b9afc07 j.i.l.ClassLoaders$PlatformClassLoader@1ad282e0, j.i.l.ClassLoaders$AppClassLoader@3cd1a2f1
14:10:38.017 [main] DEBUG o.a.weaver.tools.WeavingAdaptor - 14:10:38.017 main > o.a.w.t.WeavingAdaptor.weaveClass o.a.w.l.ClassLoaderWeavingAdaptor@140e5a13 io/qameta/allure/internal/shadowed/jackson/core/StreamWriteCapability, byte[1904]
14:10:38.018 [main] DEBUG org.aspectj.weaver.bcel.BcelWeaver - 14:10:38.018 main > o.a.w.b.BcelWeaver.weave o.a.w.b.BcelWeaver@48524010 o.a.w.t.WeavingAdaptor$WeavingClassFileProvider@5f366587
14:10:38.018 [main] DEBUG org.aspectj.weaver.bcel.BcelWorld - 14:10:38.018 main - o.a.w.b.BcelWorld.lookupJavaClass o.a.w.l.LTWWorld@2b4a2ec7 io.qameta.allure.internal.shadowed.jackson.core.util.JacksonFeature, o.a.a.b.c.JavaClass@6a175569
14:10:38.018 [main] DEBUG org.aspectj.weaver.bcel.BcelWeaver - 14:10:38.018 main > o.a.w.b.BcelWeaver.weaveAndNotify o.a.w.b.BcelWeaver@48524010 o.a.w.b.UnwovenClassFile@6003ad65, o.a.w.b.BcelObjectType@2ec99035, o.a.w.t.WeavingAdaptor$WeavingClassFileProvider$1@60743cdb
14:10:38.019 [main] DEBUG org.aspectj.weaver.bcel.BcelWeaver - 14:10:38.019 main < o.a.w.b.BcelWeaver.weaveAndNotify
14:10:38.019 [main] DEBUG org.aspectj.weaver.bcel.BcelWeaver - 14:10:38.019 main < o.a.w.b.BcelWeaver.weave java.util.ArrayList(1)
14:10:38.019 [main] DEBUG o.a.weaver.tools.WeavingAdaptor - 14:10:38.019 main < o.a.w.t.WeavingAdaptor.weaveClass byte[1904]
14:10:38.019 [main] DEBUG org.aspectj.weaver.Dump - 14:10:38.019 main > o.a.w.Dump.dumpOnExit o.a.w.t.WeavingAdaptor$WeavingAdaptorMessageHolder@6a6afff2
14:10:38.019 [main] DEBUG org.aspectj.weaver.Dump - 14:10:38.019 main > o.a.w.Dump.shouldDumpOnExit o.a.w.t.WeavingAdaptor$WeavingAdaptorMessageHolder@6a6afff2
14:10:38.019 [main] DEBUG org.aspectj.weaver.Dump - 14:10:38.019 main - o.a.w.Dump.shouldDumpOnExit abort
14:10:38.019 [main] DEBUG org.aspectj.weaver.Dump - 14:10:38.019 main < o.a.w.Dump.shouldDumpOnExit false
14:10:38.019 [main] DEBUG org.aspectj.weaver.Dump - 14:10:38.019 main < o.a.w.Dump.dumpOnExit Excluded
14:10:38.019 [main] DEBUG org.aspectj.weaver.loadtime.Aj - 14:10:38.019 main < o.a.w.l.Aj.preProcess byte[1904]
14:10:38.021 [main] DEBUG org.aspectj.weaver.loadtime.Aj - 14:10:38.021 main > o.a.w.l.Aj.preProcess o.a.w.l.Aj@b9afc07 io/qameta/allure/internal/shadowed/jackson/core/util/JacksonFeatureSet, byte[3354], j.i.l.ClassLoaders$AppClassLoader@3cd1a2f1
14:10:38.021 [main] DEBUG org.aspectj.weaver.loadtime.Aj - 14:10:38.021 main - o.a.w.l.Aj.preProcess o.a.w.l.Aj@b9afc07 j.i.l.ClassLoaders$PlatformClassLoader@1ad282e0, j.i.l.ClassLoaders$AppClassLoader@3cd1a2f1
14:10:38.021 [main] DEBUG o.a.weaver.tools.WeavingAdaptor - 14:10:38.021 main > o.a.w.t.WeavingAdaptor.weaveClass o.a.w.l.ClassLoaderWeavingAdaptor@140e5a13 io/qameta/allure/internal/shadowed/jackson/core/util/JacksonFeatureSet, byte[3354]
14:10:38.021 [main] DEBUG org.aspectj.weaver.bcel.BcelWeaver - 14:10:38.021 main > o.a.w.b.BcelWeaver.weave o.a.w.b.BcelWeaver@48524010 o.a.w.t.WeavingAdaptor$WeavingClassFileProvider@4a9860
14:10:38.021 [main] DEBUG org.aspectj.weaver.bcel.BcelWeaver - 14:10:38.021 main > o.a.w.b.BcelWeaver.weaveAndNotify o.a.w.b.BcelWeaver@48524010 o.a.w.b.UnwovenClassFile@7ca16adc, o.a.w.b.BcelObjectType@5ae1c281, o.a.w.t.WeavingAdaptor$WeavingClassFileProvider$1@4ac8768e
14:10:38.022 [main] DEBUG org.aspectj.weaver.bcel.BcelWeaver - 14:10:38.022 main < o.a.w.b.BcelWeaver.weaveAndNotify
14:10:38.022 [main] DEBUG org.aspectj.weaver.bcel.BcelWeaver - 14:10:38.022 main < o.a.w.b.BcelWeaver.weave java.util.ArrayList(1)
14:10:38.022 [main] DEBUG o.a.weaver.tools.WeavingAdaptor - 14:10:38.022 main < o.a.w.t.WeavingAdaptor.weaveClass byte[3354]
14:10:38.023 [main] DEBUG org.aspectj.weaver.Dump - 14:10:38.022 main > o.a.w.Dump.dumpOnExit o.a.w.t.WeavingAdaptor$WeavingAdaptorMessageHolder@6a6afff2
14:10:38.023 [main] DEBUG org.aspectj.weaver.Dump - 14:10:38.023 main > o.a.w.Dump.shouldDumpOnExit o.a.w.t.WeavingAdaptor$WeavingAdaptorMessageHolder@6a6afff2
14:10:38.023 [main] DEBUG org.aspectj.weaver.Dump - 14:10:38.023 main - o.a.w.Dump.shouldDumpOnExit abort
14:10:38.023 [main] DEBUG org.aspectj.weaver.Dump - 14:10:38.023 main < o.a.w.Dump.shouldDumpOnExit false
14:10:38.023 [main] DEBUG org.aspectj.weaver.Dump - 14:10:38.023 main < o.a.w.Dump.dumpOnExit Excluded
14:10:38.023 [main] DEBUG org.aspectj.weaver.loadtime.Aj - 14:10:38.023 main < o.a.w.l.Aj.preProcess byte[3354]
14:10:38.026 [main] DEBUG org.aspectj.weaver.loadtime.Aj - 14:10:38.026 main > o.a.w.l.Aj.preProcess o.a.w.l.Aj@b9afc07 io/qameta/allure/internal/shadowed/jackson/databind/ser/impl/ReadOnlyClassToSerializerMap, byte[5479], j.i.l.ClassLoaders$AppClassLoader@3cd1a2f1
14:10:38.026 [main] DEBUG org.aspectj.weaver.loadtime.Aj - 14:10:38.026 main - o.a.w.l.Aj.preProcess o.a.w.l.Aj@b9afc07 j.i.l.ClassLoaders$PlatformClassLoader@1ad282e0, j.i.l.ClassLoaders$AppClassLoader@3cd1a2f1
14:10:38.026 [main] DEBUG o.a.weaver.tools.WeavingAdaptor - 14:10:38.026 main > o.a.w.t.WeavingAdaptor.weaveClass o.a.w.l.ClassLoaderWeavingAdaptor@140e5a13 io/qameta/allure/internal/shadowed/jackson/databind/ser/impl/ReadOnlyClassToSerializerMap, byte[5479]
14:10:38.026 [main] DEBUG org.aspectj.weaver.bcel.BcelWeaver - 14:10:38.026 main > o.a.w.b.BcelWeaver.weave o.a.w.b.BcelWeaver@48524010 o.a.w.t.WeavingAdaptor$WeavingClassFileProvider@627ff1b8
14:10:38.027 [main] DEBUG org.aspectj.weaver.bcel.BcelWeaver - 14:10:38.027 main > o.a.w.b.BcelWeaver.weaveAndNotify o.a.w.b.BcelWeaver@48524010 o.a.w.b.UnwovenClassFile@62b57479, o.a.w.b.BcelObjectType@29a33620, o.a.w.t.WeavingAdaptor$WeavingClassFileProvider$1@ea04cab
14:10:38.027 [main] DEBUG org.aspectj.weaver.bcel.BcelWorld - 14:10:38.027 main - o.a.w.b.BcelWorld.lookupJavaClass o.a.w.l.LTWWorld@2b4a2ec7 java.util.HashMap, o.a.a.b.c.JavaClass@1698fc68
14:10:38.028 [main] DEBUG org.aspectj.weaver.bcel.BcelWorld - 14:10:38.028 main - o.a.w.b.BcelWorld.lookupJavaClass o.a.w.l.LTWWorld@2b4a2ec7 io.qameta.allure.internal.shadowed.jackson.databind.JsonSerializer, o.a.a.b.c.JavaClass@2fc0cc3
14:10:38.028 [main] DEBUG org.aspectj.weaver.bcel.BcelWeaver - 14:10:38.028 main < o.a.w.b.BcelWeaver.weaveAndNotify
14:10:38.028 [main] DEBUG org.aspectj.weaver.bcel.BcelWeaver - 14:10:38.028 main < o.a.w.b.BcelWeaver.weave java.util.ArrayList(1)
14:10:38.028 [main] DEBUG o.a.weaver.tools.WeavingAdaptor - 14:10:38.028 main < o.a.w.t.WeavingAdaptor.weaveClass byte[5479]
14:10:38.028 [main] DEBUG org.aspectj.weaver.Dump - 14:10:38.028 main > o.a.w.Dump.dumpOnExit o.a.w.t.WeavingAdaptor$WeavingAdaptorMessageHolder@6a6afff2
14:10:38.028 [main] DEBUG org.aspectj.weaver.Dump - 14:10:38.028 main > o.a.w.Dump.shouldDumpOnExit o.a.w.t.WeavingAdaptor$WeavingAdaptorMessageHolder@6a6afff2
14:10:38.028 [main] DEBUG org.aspectj.weaver.Dump - 14:10:38.028 main - o.a.w.Dump.shouldDumpOnExit abort
14:10:38.028 [main] DEBUG org.aspectj.weaver.Dump - 14:10:38.028 main < o.a.w.Dump.shouldDumpOnExit false
14:10:38.028 [main] DEBUG org.aspectj.weaver.Dump - 14:10:38.028 main < o.a.w.Dump.dumpOnExit Excluded
14:10:38.028 [main] DEBUG org.aspectj.weaver.loadtime.Aj - 14:10:38.028 main < o.a.w.l.Aj.preProcess byte[5479]
14:10:38.030 [main] DEBUG org.aspectj.weaver.loadtime.Aj - 14:10:38.030 main > o.a.w.l.Aj.preProcess o.a.w.l.Aj@b9afc07 io/qameta/allure/internal/shadowed/jackson/databind/ser/impl/ReadOnlyClassToSerializerMap$Bucket, byte[2677], j.i.l.ClassLoaders$AppClassLoader@3cd1a2f1
14:10:38.030 [main] DEBUG org.aspectj.weaver.loadtime.Aj - 14:10:38.030 main - o.a.w.l.Aj.preProcess o.a.w.l.Aj@b9afc07 j.i.l.ClassLoaders$PlatformClassLoader@1ad282e0, j.i.l.ClassLoaders$AppClassLoader@3cd1a2f1
14:10:38.030 [main] DEBUG o.a.weaver.tools.WeavingAdaptor - 14:10:38.030 main > o.a.w.t.WeavingAdaptor.weaveClass o.a.w.l.ClassLoaderWeavingAdaptor@140e5a13 io/qameta/allure/internal/shadowed/jackson/databind/ser/impl/ReadOnlyClassToSerializerMap$Bucket, byte[2677]
14:10:38.030 [main] DEBUG org.aspectj.weaver.bcel.BcelWeaver - 14:10:38.030 main > o.a.w.b.BcelWeaver.weave o.a.w.b.BcelWeaver@48524010 o.a.w.t.WeavingAdaptor$WeavingClassFileProvider@52559a69
14:10:38.031 [main] DEBUG org.aspectj.weaver.bcel.BcelWeaver - 14:10:38.030 main > o.a.w.b.BcelWeaver.weaveAndNotify o.a.w.b.BcelWeaver@48524010 o.a.w.b.UnwovenClassFile@285583d4, o.a.w.b.BcelObjectType@1039bfc4, o.a.w.t.WeavingAdaptor$WeavingClassFileProvider$1@7f85217c
14:10:38.031 [main] DEBUG org.aspectj.weaver.bcel.BcelWeaver - 14:10:38.031 main < o.a.w.b.BcelWeaver.weaveAndNotify
14:10:38.031 [main] DEBUG org.aspectj.weaver.bcel.BcelWeaver - 14:10:38.031 main < o.a.w.b.BcelWeaver.weave java.util.ArrayList(1)
14:10:38.031 [main] DEBUG o.a.weaver.tools.WeavingAdaptor - 14:10:38.031 main < o.a.w.t.WeavingAdaptor.weaveClass byte[2677]
14:10:38.031 [main] DEBUG org.aspectj.weaver.Dump - 14:10:38.031 main > o.a.w.Dump.dumpOnExit o.a.w.t.WeavingAdaptor$WeavingAdaptorMessageHolder@6a6afff2
14:10:38.031 [main] DEBUG org.aspectj.weaver.Dump - 14:10:38.031 main > o.a.w.Dump.shouldDumpOnExit o.a.w.t.WeavingAdaptor$WeavingAdaptorMessageHolder@6a6afff2
14:10:38.031 [main] DEBUG org.aspectj.weaver.Dump - 14:10:38.031 main - o.a.w.Dump.shouldDumpOnExit abort
14:10:38.031 [main] DEBUG org.aspectj.weaver.Dump - 14:10:38.031 main < o.a.w.Dump.shouldDumpOnExit false
14:10:38.031 [main] DEBUG org.aspectj.weaver.Dump - 14:10:38.031 main < o.a.w.Dump.dumpOnExit Excluded
14:10:38.031 [main] DEBUG org.aspectj.weaver.loadtime.Aj - 14:10:38.031 main < o.a.w.l.Aj.preProcess byte[2677]
14:10:38.033 [main] DEBUG org.aspectj.weaver.loadtime.Aj - 14:10:38.033 main > o.a.w.l.Aj.preProcess o.a.w.l.Aj@b9afc07 io/qameta/allure/internal/shadowed/jackson/databind/util/TypeKey, byte[3823], j.i.l.ClassLoaders$AppClassLoader@3cd1a2f1
14:10:38.033 [main] DEBUG org.aspectj.weaver.loadtime.Aj - 14:10:38.033 main - o.a.w.l.Aj.preProcess o.a.w.l.Aj@b9afc07 j.i.l.ClassLoaders$PlatformClassLoader@1ad282e0, j.i.l.ClassLoaders$AppClassLoader@3cd1a2f1
14:10:38.033 [main] DEBUG o.a.weaver.tools.WeavingAdaptor - 14:10:38.033 main > o.a.w.t.WeavingAdaptor.weaveClass o.a.w.l.ClassLoaderWeavingAdaptor@140e5a13 io/qameta/allure/internal/shadowed/jackson/databind/util/TypeKey, byte[3823]
14:10:38.034 [main] DEBUG org.aspectj.weaver.bcel.BcelWeaver - 14:10:38.033 main > o.a.w.b.BcelWeaver.weave o.a.w.b.BcelWeaver@48524010 o.a.w.t.WeavingAdaptor$WeavingClassFileProvider@6436e181
14:10:38.034 [main] DEBUG org.aspectj.weaver.bcel.BcelWeaver - 14:10:38.034 main > o.a.w.b.BcelWeaver.weaveAndNotify o.a.w.b.BcelWeaver@48524010 o.a.w.b.UnwovenClassFile@7186b202, o.a.w.b.BcelObjectType@6b649efa, o.a.w.t.WeavingAdaptor$WeavingClassFileProvider$1@65ef48f2
14:10:38.034 [main] DEBUG org.aspectj.weaver.bcel.BcelWeaver - 14:10:38.034 main < o.a.w.b.BcelWeaver.weaveAndNotify
14:10:38.034 [main] DEBUG org.aspectj.weaver.bcel.BcelWeaver - 14:10:38.034 main < o.a.w.b.BcelWeaver.weave java.util.ArrayList(1)
14:10:38.034 [main] DEBUG o.a.weaver.tools.WeavingAdaptor - 14:10:38.034 main < o.a.w.t.WeavingAdaptor.weaveClass byte[3823]
14:10:38.035 [main] DEBUG org.aspectj.weaver.Dump - 14:10:38.034 main > o.a.w.Dump.dumpOnExit o.a.w.t.WeavingAdaptor$WeavingAdaptorMessageHolder@6a6afff2
14:10:38.035 [main] DEBUG org.aspectj.weaver.Dump - 14:10:38.035 main > o.a.w.Dump.shouldDumpOnExit o.a.w.t.WeavingAdaptor$WeavingAdaptorMessageHolder@6a6afff2
14:10:38.035 [main] DEBUG org.aspectj.weaver.Dump - 14:10:38.035 main - o.a.w.Dump.shouldDumpOnExit abort
14:10:38.035 [main] DEBUG org.aspectj.weaver.Dump - 14:10:38.035 main < o.a.w.Dump.shouldDumpOnExit false
14:10:38.035 [main] DEBUG org.aspectj.weaver.Dump - 14:10:38.035 main < o.a.w.Dump.dumpOnExit Excluded
14:10:38.035 [main] DEBUG org.aspectj.weaver.loadtime.Aj - 14:10:38.035 main < o.a.w.l.Aj.preProcess byte[3823]
14:10:38.038 [main] DEBUG org.aspectj.weaver.loadtime.Aj - 14:10:38.036 main > o.a.w.l.Aj.preProcess o.a.w.l.Aj@b9afc07 io/qameta/allure/internal/shadowed/jackson/databind/type/ClassStack, byte[3208], j.i.l.ClassLoaders$AppClassLoader@3cd1a2f1
14:10:38.040 [main] DEBUG org.aspectj.weaver.loadtime.Aj - 14:10:38.040 main - o.a.w.l.Aj.preProcess o.a.w.l.Aj@b9afc07 j.i.l.ClassLoaders$PlatformClassLoader@1ad282e0, j.i.l.ClassLoaders$AppClassLoader@3cd1a2f1
14:10:38.040 [main] DEBUG o.a.weaver.tools.WeavingAdaptor - 14:10:38.040 main > o.a.w.t.WeavingAdaptor.weaveClass o.a.w.l.ClassLoaderWeavingAdaptor@140e5a13 io/qameta/allure/internal/shadowed/jackson/databind/type/ClassStack, byte[3208]
14:10:38.041 [main] DEBUG org.aspectj.weaver.bcel.BcelWeaver - 14:10:38.041 main > o.a.w.b.BcelWeaver.weave o.a.w.b.BcelWeaver@48524010 o.a.w.t.WeavingAdaptor$WeavingClassFileProvider@671d03bb
14:10:38.041 [main] DEBUG org.aspectj.weaver.bcel.BcelWeaver - 14:10:38.041 main > o.a.w.b.BcelWeaver.weaveAndNotify o.a.w.b.BcelWeaver@48524010 o.a.w.b.UnwovenClassFile@6babffb5, o.a.w.b.BcelObjectType@2173a742, o.a.w.t.WeavingAdaptor$WeavingClassFileProvider$1@706ceca6
14:10:38.043 [main] DEBUG org.aspectj.weaver.bcel.BcelWorld - 14:10:38.042 main - o.a.w.b.BcelWorld.lookupJavaClass o.a.w.l.LTWWorld@2b4a2ec7 io.qameta.allure.internal.shadowed.jackson.databind.type.ResolvedRecursiveType, o.a.a.b.c.JavaClass@6a15b73
14:10:38.043 [main] DEBUG org.aspectj.weaver.bcel.BcelWeaver - 14:10:38.043 main < o.a.w.b.BcelWeaver.weaveAndNotify
14:10:38.043 [main] DEBUG org.aspectj.weaver.bcel.BcelWeaver - 14:10:38.043 main < o.a.w.b.BcelWeaver.weave java.util.ArrayList(1)
14:10:38.043 [main] DEBUG o.a.weaver.tools.WeavingAdaptor - 14:10:38.043 main < o.a.w.t.WeavingAdaptor.weaveClass byte[3208]
14:10:38.043 [main] DEBUG org.aspectj.weaver.Dump - 14:10:38.043 main > o.a.w.Dump.dumpOnExit o.a.w.t.WeavingAdaptor$WeavingAdaptorMessageHolder@6a6afff2
14:10:38.043 [main] DEBUG org.aspectj.weaver.Dump - 14:10:38.043 main > o.a.w.Dump.shouldDumpOnExit o.a.w.t.WeavingAdaptor$WeavingAdaptorMessageHolder@6a6afff2
14:10:38.043 [main] DEBUG org.aspectj.weaver.Dump - 14:10:38.043 main - o.a.w.Dump.shouldDumpOnExit abort
14:10:38.043 [main] DEBUG org.aspectj.weaver.Dump - 14:10:38.043 main < o.a.w.Dump.shouldDumpOnExit false
14:10:38.043 [main] DEBUG org.aspectj.weaver.Dump - 14:10:38.043 main < o.a.w.Dump.dumpOnExit Excluded
14:10:38.043 [main] DEBUG org.aspectj.weaver.loadtime.Aj - 14:10:38.043 main < o.a.w.l.Aj.preProcess byte[3208]
14:10:38.061 [main] DEBUG org.aspectj.weaver.loadtime.Aj - 14:10:38.061 main > o.a.w.l.Aj.preProcess o.a.w.l.Aj@b9afc07 io/qameta/allure/internal/shadowed/jackson/databind/introspect/AnnotationCollector$OneCollector, byte[2622], j.i.l.ClassLoaders$AppClassLoader@3cd1a2f1
14:10:38.061 [main] DEBUG org.aspectj.weaver.loadtime.Aj - 14:10:38.061 main - o.a.w.l.Aj.preProcess o.a.w.l.Aj@b9afc07 j.i.l.ClassLoaders$PlatformClassLoader@1ad282e0, j.i.l.ClassLoaders$AppClassLoader@3cd1a2f1
14:10:38.061 [main] DEBUG o.a.weaver.tools.WeavingAdaptor - 14:10:38.061 main > o.a.w.t.WeavingAdaptor.weaveClass o.a.w.l.ClassLoaderWeavingAdaptor@140e5a13 io/qameta/allure/internal/shadowed/jackson/databind/introspect/AnnotationCollector$OneCollector, byte[2622]
14:10:38.061 [main] DEBUG org.aspectj.weaver.bcel.BcelWeaver - 14:10:38.061 main > o.a.w.b.BcelWeaver.weave o.a.w.b.BcelWeaver@48524010 o.a.w.t.WeavingAdaptor$WeavingClassFileProvider@3cdc7b09
14:10:38.061 [main] DEBUG org.aspectj.weaver.bcel.BcelWorld - 14:10:38.061 main - o.a.w.b.BcelWorld.lookupJavaClass o.a.w.l.LTWWorld@2b4a2ec7 io.qameta.allure.internal.shadowed.jackson.databind.introspect.AnnotationCollector, o.a.a.b.c.JavaClass@718607eb
14:10:38.062 [main] DEBUG org.aspectj.weaver.bcel.BcelWeaver - 14:10:38.061 main > o.a.w.b.BcelWeaver.weaveAndNotify o.a.w.b.BcelWeaver@48524010 o.a.w.b.UnwovenClassFile@7364eed1, o.a.w.b.BcelObjectType@684e8c9d, o.a.w.t.WeavingAdaptor$WeavingClassFileProvider$1@6ecc02bb
14:10:38.062 [main] DEBUG org.aspectj.weaver.bcel.BcelWeaver - 14:10:38.062 main < o.a.w.b.BcelWeaver.weaveAndNotify
14:10:38.062 [main] DEBUG org.aspectj.weaver.bcel.BcelWeaver - 14:10:38.062 main < o.a.w.b.BcelWeaver.weave java.util.ArrayList(1)
14:10:38.062 [main] DEBUG o.a.weaver.tools.WeavingAdaptor - 14:10:38.062 main < o.a.w.t.WeavingAdaptor.weaveClass byte[2622]
14:10:38.062 [main] DEBUG org.aspectj.weaver.Dump - 14:10:38.062 main > o.a.w.Dump.dumpOnExit o.a.w.t.WeavingAdaptor$WeavingAdaptorMessageHolder@6a6afff2
14:10:38.063 [main] DEBUG org.aspectj.weaver.Dump - 14:10:38.062 main > o.a.w.Dump.shouldDumpOnExit o.a.w.t.WeavingAdaptor$WeavingAdaptorMessageHolder@6a6afff2
14:10:38.063 [main] DEBUG org.aspectj.weaver.Dump - 14:10:38.063 main - o.a.w.Dump.shouldDumpOnExit abort
14:10:38.063 [main] DEBUG org.aspectj.weaver.Dump - 14:10:38.063 main < o.a.w.Dump.shouldDumpOnExit false
14:10:38.063 [main] DEBUG org.aspectj.weaver.Dump - 14:10:38.063 main < o.a.w.Dump.dumpOnExit Excluded
14:10:38.063 [main] DEBUG org.aspectj.weaver.loadtime.Aj - 14:10:38.063 main < o.a.w.l.Aj.preProcess byte[2622]
14:10:38.065 [main] DEBUG org.aspectj.weaver.loadtime.Aj - 14:10:38.065 main > o.a.w.l.Aj.preProcess o.a.w.l.Aj@b9afc07 io/qameta/allure/internal/shadowed/jackson/databind/introspect/POJOPropertiesCollector, byte[40448], j.i.l.ClassLoaders$AppClassLoader@3cd1a2f1
14:10:38.065 [main] DEBUG org.aspectj.weaver.loadtime.Aj - 14:10:38.065 main - o.a.w.l.Aj.preProcess o.a.w.l.Aj@b9afc07 j.i.l.ClassLoaders$PlatformClassLoader@1ad282e0, j.i.l.ClassLoaders$AppClassLoader@3cd1a2f1
14:10:38.065 [main] DEBUG o.a.weaver.tools.WeavingAdaptor - 14:10:38.065 main > o.a.w.t.WeavingAdaptor.weaveClass o.a.w.l.ClassLoaderWeavingAdaptor@140e5a13 io/qameta/allure/internal/shadowed/jackson/databind/introspect/POJOPropertiesCollector, byte[40448]
14:10:38.066 [main] DEBUG org.aspectj.weaver.bcel.BcelWeaver - 14:10:38.066 main > o.a.w.b.BcelWeaver.weave o.a.w.b.BcelWeaver@48524010 o.a.w.t.WeavingAdaptor$WeavingClassFileProvider@51e754e1
14:10:38.066 [main] DEBUG org.aspectj.weaver.bcel.BcelWeaver - 14:10:38.066 main > o.a.w.b.BcelWeaver.weaveAndNotify o.a.w.b.BcelWeaver@48524010 o.a.w.b.UnwovenClassFile@26865482, o.a.w.b.BcelObjectType@34451ed8, o.a.w.t.WeavingAdaptor$WeavingClassFileProvider$1@c1050f2
14:10:38.067 [main] DEBUG org.aspectj.weaver.bcel.BcelWorld - 14:10:38.067 main - o.a.w.b.BcelWorld.lookupJavaClass o.a.w.l.LTWWorld@2b4a2ec7 io.qameta.allure.internal.shadowed.jackson.databind.introspect.AccessorNamingStrategy, o.a.a.b.c.JavaClass@39dcf4b0
14:10:38.067 [main] DEBUG org.aspectj.weaver.bcel.BcelWorld - 14:10:38.067 main - o.a.w.b.BcelWorld.lookupJavaClass o.a.w.l.LTWWorld@2b4a2ec7 java.util.Map, o.a.a.b.c.JavaClass@48974e45
14:10:38.067 [main] DEBUG org.aspectj.weaver.bcel.BcelWorld - 14:10:38.067 main - o.a.w.b.BcelWorld.lookupJavaClass o.a.w.l.LTWWorld@2b4a2ec7 java.util.Set, o.a.a.b.c.JavaClass@3f6b0be5
14:10:38.067 [main] DEBUG org.aspectj.weaver.bcel.BcelWorld - 14:10:38.067 main - o.a.w.b.BcelWorld.lookupJavaClass o.a.w.l.LTWWorld@2b4a2ec7 io.qameta.allure.internal.shadowed.jackson.databind.introspect.AnnotatedParameter, o.a.a.b.c.JavaClass@388ba540
14:10:38.069 [main] DEBUG org.aspectj.weaver.bcel.BcelWorld - 14:10:38.069 main - o.a.w.b.BcelWorld.lookupJavaClass o.a.w.l.LTWWorld@2b4a2ec7 io.qameta.allure.internal.shadowed.jackson.databind.introspect.POJOPropertyBuilder, o.a.a.b.c.JavaClass@5c53f292
14:10:38.070 [main] DEBUG org.aspectj.weaver.bcel.BcelWeaver - 14:10:38.070 main < o.a.w.b.BcelWeaver.weaveAndNotify
14:10:38.070 [main] DEBUG org.aspectj.weaver.bcel.BcelWeaver - 14:10:38.070 main < o.a.w.b.BcelWeaver.weave java.util.ArrayList(1)
14:10:38.070 [main] DEBUG o.a.weaver.tools.WeavingAdaptor - 14:10:38.070 main < o.a.w.t.WeavingAdaptor.weaveClass byte[40448]
14:10:38.070 [main] DEBUG org.aspectj.weaver.Dump - 14:10:38.070 main > o.a.w.Dump.dumpOnExit o.a.w.t.WeavingAdaptor$WeavingAdaptorMessageHolder@6a6afff2
14:10:38.070 [main] DEBUG org.aspectj.weaver.Dump - 14:10:38.070 main > o.a.w.Dump.shouldDumpOnExit o.a.w.t.WeavingAdaptor$WeavingAdaptorMessageHolder@6a6afff2
14:10:38.070 [main] DEBUG org.aspectj.weaver.Dump - 14:10:38.070 main - o.a.w.Dump.shouldDumpOnExit abort
14:10:38.070 [main] DEBUG org.aspectj.weaver.Dump - 14:10:38.070 main < o.a.w.Dump.shouldDumpOnExit false
14:10:38.070 [main] DEBUG org.aspectj.weaver.Dump - 14:10:38.070 main < o.a.w.Dump.dumpOnExit Excluded
14:10:38.070 [main] DEBUG org.aspectj.weaver.loadtime.Aj - 14:10:38.070 main < o.a.w.l.Aj.preProcess byte[40448]
14:10:38.074 [main] DEBUG org.aspectj.weaver.loadtime.Aj - 14:10:38.074 main > o.a.w.l.Aj.preProcess o.a.w.l.Aj@b9afc07 io/qameta/allure/internal/shadowed/jackson/annotation/JsonAutoDetect, byte[1237], j.i.l.ClassLoaders$AppClassLoader@3cd1a2f1
14:10:38.074 [main] DEBUG org.aspectj.weaver.loadtime.Aj - 14:10:38.074 main - o.a.w.l.Aj.preProcess o.a.w.l.Aj@b9afc07 j.i.l.ClassLoaders$PlatformClassLoader@1ad282e0, j.i.l.ClassLoaders$AppClassLoader@3cd1a2f1
14:10:38.074 [main] DEBUG o.a.weaver.tools.WeavingAdaptor - 14:10:38.074 main > o.a.w.t.WeavingAdaptor.weaveClass o.a.w.l.ClassLoaderWeavingAdaptor@140e5a13 io/qameta/allure/internal/shadowed/jackson/annotation/JsonAutoDetect, byte[1237]
14:10:38.074 [main] DEBUG org.aspectj.weaver.bcel.BcelWeaver - 14:10:38.074 main > o.a.w.b.BcelWeaver.weave o.a.w.b.BcelWeaver@48524010 o.a.w.t.WeavingAdaptor$WeavingClassFileProvider@5ff00507
14:10:38.075 [main] DEBUG org.aspectj.weaver.bcel.BcelWeaver - 14:10:38.074 main > o.a.w.b.BcelWeaver.weaveAndNotify o.a.w.b.BcelWeaver@48524010 o.a.w.b.UnwovenClassFile@603cabc4, o.a.w.b.BcelObjectType@67fa5045, o.a.w.t.WeavingAdaptor$WeavingClassFileProvider$1@6f347d7
14:10:38.075 [main] DEBUG org.aspectj.weaver.bcel.BcelWeaver - 14:10:38.075 main < o.a.w.b.BcelWeaver.weaveAndNotify
14:10:38.075 [main] DEBUG org.aspectj.weaver.bcel.BcelWeaver - 14:10:38.075 main < o.a.w.b.BcelWeaver.weave java.util.ArrayList(1)
14:10:38.075 [main] DEBUG o.a.weaver.tools.WeavingAdaptor - 14:10:38.075 main < o.a.w.t.WeavingAdaptor.weaveClass byte[1237]
14:10:38.075 [main] DEBUG org.aspectj.weaver.Dump - 14:10:38.075 main > o.a.w.Dump.dumpOnExit o.a.w.t.WeavingAdaptor$WeavingAdaptorMessageHolder@6a6afff2
14:10:38.075 [main] DEBUG org.aspectj.weaver.Dump - 14:10:38.075 main > o.a.w.Dump.shouldDumpOnExit o.a.w.t.WeavingAdaptor$WeavingAdaptorMessageHolder@6a6afff2
14:10:38.075 [main] DEBUG org.aspectj.weaver.Dump - 14:10:38.075 main - o.a.w.Dump.shouldDumpOnExit abort
14:10:38.075 [main] DEBUG org.aspectj.weaver.Dump - 14:10:38.075 main < o.a.w.Dump.shouldDumpOnExit false
14:10:38.075 [main] DEBUG org.aspectj.weaver.Dump - 14:10:38.075 main < o.a.w.Dump.dumpOnExit Excluded
14:10:38.075 [main] DEBUG org.aspectj.weaver.loadtime.Aj - 14:10:38.075 main < o.a.w.l.Aj.preProcess byte[1237]
14:10:38.076 [main] DEBUG org.aspectj.weaver.loadtime.Aj - 14:10:38.076 main > o.a.w.l.Aj.preProcess o.a.w.l.Aj@b9afc07 io/qameta/allure/internal/shadowed/jackson/annotation/JsonIdentityInfo, byte[1117], j.i.l.ClassLoaders$AppClassLoader@3cd1a2f1
14:10:38.077 [main] DEBUG org.aspectj.weaver.loadtime.Aj - 14:10:38.077 main - o.a.w.l.Aj.preProcess o.a.w.l.Aj@b9afc07 j.i.l.ClassLoaders$PlatformClassLoader@1ad282e0, j.i.l.ClassLoaders$AppClassLoader@3cd1a2f1
14:10:38.077 [main] DEBUG o.a.weaver.tools.WeavingAdaptor - 14:10:38.077 main > o.a.w.t.WeavingAdaptor.weaveClass o.a.w.l.ClassLoaderWeavingAdaptor@140e5a13 io/qameta/allure/internal/shadowed/jackson/annotation/JsonIdentityInfo, byte[1117]
14:10:38.077 [main] DEBUG org.aspectj.weaver.bcel.BcelWeaver - 14:10:38.077 main > o.a.w.b.BcelWeaver.weave o.a.w.b.BcelWeaver@48524010 o.a.w.t.WeavingAdaptor$WeavingClassFileProvider@750f64fe
14:10:38.077 [main] DEBUG org.aspectj.weaver.bcel.BcelWeaver - 14:10:38.077 main > o.a.w.b.BcelWeaver.weaveAndNotify o.a.w.b.BcelWeaver@48524010 o.a.w.b.UnwovenClassFile@996a546, o.a.w.b.BcelObjectType@4fc165f6, o.a.w.t.WeavingAdaptor$WeavingClassFileProvider$1@545b5ed0
14:10:38.077 [main] DEBUG org.aspectj.weaver.bcel.BcelWeaver - 14:10:38.077 main < o.a.w.b.BcelWeaver.weaveAndNotify
14:10:38.077 [main] DEBUG org.aspectj.weaver.bcel.BcelWeaver - 14:10:38.077 main < o.a.w.b.BcelWeaver.weave java.util.ArrayList(1)
14:10:38.077 [main] DEBUG o.a.weaver.tools.WeavingAdaptor - 14:10:38.077 main < o.a.w.t.WeavingAdaptor.weaveClass byte[1117]
14:10:38.077 [main] DEBUG org.aspectj.weaver.Dump - 14:10:38.077 main > o.a.w.Dump.dumpOnExit o.a.w.t.WeavingAdaptor$WeavingAdaptorMessageHolder@6a6afff2
14:10:38.078 [main] DEBUG org.aspectj.weaver.Dump - 14:10:38.077 main > o.a.w.Dump.shouldDumpOnExit o.a.w.t.WeavingAdaptor$WeavingAdaptorMessageHolder@6a6afff2
14:10:38.078 [main] DEBUG org.aspectj.weaver.Dump - 14:10:38.078 main - o.a.w.Dump.shouldDumpOnExit abort
14:10:38.078 [main] DEBUG org.aspectj.weaver.Dump - 14:10:38.078 main < o.a.w.Dump.shouldDumpOnExit false
14:10:38.078 [main] DEBUG org.aspectj.weaver.Dump - 14:10:38.078 main < o.a.w.Dump.dumpOnExit Excluded
14:10:38.078 [main] DEBUG org.aspectj.weaver.loadtime.Aj - 14:10:38.078 main < o.a.w.l.Aj.preProcess byte[1117]
14:10:38.079 [main] DEBUG org.aspectj.weaver.loadtime.Aj - 14:10:38.079 main > o.a.w.l.Aj.preProcess o.a.w.l.Aj@b9afc07 io/qameta/allure/internal/shadowed/jackson/databind/util/ArrayIterator, byte[1489], j.i.l.ClassLoaders$AppClassLoader@3cd1a2f1
14:10:38.079 [main] DEBUG org.aspectj.weaver.loadtime.Aj - 14:10:38.079 main - o.a.w.l.Aj.preProcess o.a.w.l.Aj@b9afc07 j.i.l.ClassLoaders$PlatformClassLoader@1ad282e0, j.i.l.ClassLoaders$AppClassLoader@3cd1a2f1
14:10:38.079 [main] DEBUG o.a.weaver.tools.WeavingAdaptor - 14:10:38.079 main > o.a.w.t.WeavingAdaptor.weaveClass o.a.w.l.ClassLoaderWeavingAdaptor@140e5a13 io/qameta/allure/internal/shadowed/jackson/databind/util/ArrayIterator, byte[1489]
14:10:38.080 [main] DEBUG org.aspectj.weaver.bcel.BcelWeaver - 14:10:38.079 main > o.a.w.b.BcelWeaver.weave o.a.w.b.BcelWeaver@48524010 o.a.w.t.WeavingAdaptor$WeavingClassFileProvider@2c748a15
14:10:38.080 [main] DEBUG org.aspectj.weaver.bcel.BcelWeaver - 14:10:38.080 main > o.a.w.b.BcelWeaver.weaveAndNotify o.a.w.b.BcelWeaver@48524010 o.a.w.b.UnwovenClassFile@19fd43da, o.a.w.b.BcelObjectType@115dcaea, o.a.w.t.WeavingAdaptor$WeavingClassFileProvider$1@cfd1075
14:10:38.080 [main] DEBUG org.aspectj.weaver.bcel.BcelWeaver - 14:10:38.080 main < o.a.w.b.BcelWeaver.weaveAndNotify
14:10:38.080 [main] DEBUG org.aspectj.weaver.bcel.BcelWeaver - 14:10:38.080 main < o.a.w.b.BcelWeaver.weave java.util.ArrayList(1)
14:10:38.080 [main] DEBUG o.a.weaver.tools.WeavingAdaptor - 14:10:38.080 main < o.a.w.t.WeavingAdaptor.weaveClass byte[1489]
14:10:38.080 [main] DEBUG org.aspectj.weaver.Dump - 14:10:38.080 main > o.a.w.Dump.dumpOnExit o.a.w.t.WeavingAdaptor$WeavingAdaptorMessageHolder@6a6afff2
14:10:38.080 [main] DEBUG org.aspectj.weaver.Dump - 14:10:38.080 main > o.a.w.Dump.shouldDumpOnExit o.a.w.t.WeavingAdaptor$WeavingAdaptorMessageHolder@6a6afff2
14:10:38.080 [main] DEBUG org.aspectj.weaver.Dump - 14:10:38.080 main - o.a.w.Dump.shouldDumpOnExit abort
14:10:38.080 [main] DEBUG org.aspectj.weaver.Dump - 14:10:38.080 main < o.a.w.Dump.shouldDumpOnExit false
14:10:38.080 [main] DEBUG org.aspectj.weaver.Dump - 14:10:38.080 main < o.a.w.Dump.dumpOnExit Excluded
14:10:38.080 [main] DEBUG org.aspectj.weaver.loadtime.Aj - 14:10:38.080 main < o.a.w.l.Aj.preProcess byte[1489]
14:10:38.091 [main] DEBUG org.aspectj.weaver.loadtime.Aj - 14:10:38.091 main > o.a.w.l.Aj.preProcess o.a.w.l.Aj@b9afc07 io/qameta/allure/internal/shadowed/jackson/databind/introspect/AnnotatedFieldCollector, byte[9015], j.i.l.ClassLoaders$AppClassLoader@3cd1a2f1
14:10:38.092 [main] DEBUG org.aspectj.weaver.loadtime.Aj - 14:10:38.091 main - o.a.w.l.Aj.preProcess o.a.w.l.Aj@b9afc07 j.i.l.ClassLoaders$PlatformClassLoader@1ad282e0, j.i.l.ClassLoaders$AppClassLoader@3cd1a2f1
14:10:38.092 [main] DEBUG o.a.weaver.tools.WeavingAdaptor - 14:10:38.092 main > o.a.w.t.WeavingAdaptor.weaveClass o.a.w.l.ClassLoaderWeavingAdaptor@140e5a13 io/qameta/allure/internal/shadowed/jackson/databind/introspect/AnnotatedFieldCollector, byte[9015]
14:10:38.092 [main] DEBUG org.aspectj.weaver.bcel.BcelWeaver - 14:10:38.092 main > o.a.w.b.BcelWeaver.weave o.a.w.b.BcelWeaver@48524010 o.a.w.t.WeavingAdaptor$WeavingClassFileProvider@1cc8416a
14:10:38.093 [main] DEBUG org.aspectj.weaver.bcel.BcelWorld - 14:10:38.093 main - o.a.w.b.BcelWorld.lookupJavaClass o.a.w.l.LTWWorld@2b4a2ec7 io.qameta.allure.internal.shadowed.jackson.databind.introspect.CollectorBase, o.a.a.b.c.JavaClass@2785db06
14:10:38.094 [main] DEBUG org.aspectj.weaver.bcel.BcelWeaver - 14:10:38.094 main > o.a.w.b.BcelWeaver.weaveAndNotify o.a.w.b.BcelWeaver@48524010 o.a.w.b.UnwovenClassFile@79980d8d, o.a.w.b.BcelObjectType@35d60381, o.a.w.t.WeavingAdaptor$WeavingClassFileProvider$1@68ab6ab0
14:10:38.142 [main] DEBUG org.aspectj.weaver.bcel.BcelWeaver - 14:10:38.142 main < o.a.w.b.BcelWeaver.weaveAndNotify
14:10:38.143 [main] DEBUG org.aspectj.weaver.bcel.BcelWeaver - 14:10:38.143 main < o.a.w.b.BcelWeaver.weave java.util.ArrayList(1)
14:10:38.143 [main] DEBUG o.a.weaver.tools.WeavingAdaptor - 14:10:38.143 main < o.a.w.t.WeavingAdaptor.weaveClass byte[9015]
14:10:38.143 [main] DEBUG org.aspectj.weaver.Dump - 14:10:38.143 main > o.a.w.Dump.dumpOnExit o.a.w.t.WeavingAdaptor$WeavingAdaptorMessageHolder@6a6afff2
14:10:38.143 [main] DEBUG org.aspectj.weaver.Dump - 14:10:38.143 main > o.a.w.Dump.shouldDumpOnExit o.a.w.t.WeavingAdaptor$WeavingAdaptorMessageHolder@6a6afff2
14:10:38.143 [main] DEBUG org.aspectj.weaver.Dump - 14:10:38.143 main - o.a.w.Dump.shouldDumpOnExit abort
14:10:38.143 [main] DEBUG org.aspectj.weaver.Dump - 14:10:38.143 main < o.a.w.Dump.shouldDumpOnExit false
14:10:38.143 [main] DEBUG org.aspectj.weaver.Dump - 14:10:38.143 main < o.a.w.Dump.dumpOnExit Excluded
14:10:38.143 [main] DEBUG org.aspectj.weaver.loadtime.Aj - 14:10:38.143 main < o.a.w.l.Aj.preProcess byte[9015]
14:10:38.144 [main] DEBUG org.aspectj.weaver.loadtime.Aj - 14:10:38.144 main > o.a.w.l.Aj.preProcess o.a.w.l.Aj@b9afc07 io/qameta/allure/internal/shadowed/jackson/databind/introspect/CollectorBase, byte[4368], j.i.l.ClassLoaders$AppClassLoader@3cd1a2f1
14:10:38.144 [main] DEBUG org.aspectj.weaver.loadtime.Aj - 14:10:38.144 main - o.a.w.l.Aj.preProcess o.a.w.l.Aj@b9afc07 j.i.l.ClassLoaders$PlatformClassLoader@1ad282e0, j.i.l.ClassLoaders$AppClassLoader@3cd1a2f1
14:10:38.145 [main] DEBUG o.a.weaver.tools.WeavingAdaptor - 14:10:38.144 main > o.a.w.t.WeavingAdaptor.weaveClass o.a.w.l.ClassLoaderWeavingAdaptor@140e5a13 io/qameta/allure/internal/shadowed/jackson/databind/introspect/CollectorBase, byte[4368]
14:10:38.145 [main] DEBUG org.aspectj.weaver.bcel.BcelWeaver - 14:10:38.145 main > o.a.w.b.BcelWeaver.weave o.a.w.b.BcelWeaver@48524010 o.a.w.t.WeavingAdaptor$WeavingClassFileProvider@715a70e9
14:10:38.145 [main] DEBUG org.aspectj.weaver.bcel.BcelWeaver - 14:10:38.145 main > o.a.w.b.BcelWeaver.weaveAndNotify o.a.w.b.BcelWeaver@48524010 o.a.w.b.UnwovenClassFile@3bc69ce9, o.a.w.b.BcelObjectType@abad89c, o.a.w.t.WeavingAdaptor$WeavingClassFileProvider$1@602f8f94
14:10:38.146 [main] DEBUG org.aspectj.weaver.bcel.BcelWeaver - 14:10:38.146 main < o.a.w.b.BcelWeaver.weaveAndNotify
14:10:38.146 [main] DEBUG org.aspectj.weaver.bcel.BcelWeaver - 14:10:38.146 main < o.a.w.b.BcelWeaver.weave java.util.ArrayList(1)
14:10:38.146 [main] DEBUG o.a.weaver.tools.WeavingAdaptor - 14:10:38.146 main < o.a.w.t.WeavingAdaptor.weaveClass byte[4368]
14:10:38.146 [main] DEBUG org.aspectj.weaver.Dump - 14:10:38.146 main > o.a.w.Dump.dumpOnExit o.a.w.t.WeavingAdaptor$WeavingAdaptorMessageHolder@6a6afff2
14:10:38.146 [main] DEBUG org.aspectj.weaver.Dump - 14:10:38.146 main > o.a.w.Dump.shouldDumpOnExit o.a.w.t.WeavingAdaptor$WeavingAdaptorMessageHolder@6a6afff2
14:10:38.146 [main] DEBUG org.aspectj.weaver.Dump - 14:10:38.146 main - o.a.w.Dump.shouldDumpOnExit abort
14:10:38.146 [main] DEBUG org.aspectj.weaver.Dump - 14:10:38.146 main < o.a.w.Dump.shouldDumpOnExit false
14:10:38.146 [main] DEBUG org.aspectj.weaver.Dump - 14:10:38.146 main < o.a.w.Dump.dumpOnExit Excluded
14:10:38.146 [main] DEBUG org.aspectj.weaver.loadtime.Aj - 14:10:38.146 main < o.a.w.l.Aj.preProcess byte[4368]
14:10:38.149 [main] DEBUG org.aspectj.weaver.loadtime.Aj - 14:10:38.149 main > o.a.w.l.Aj.preProcess o.a.w.l.Aj@b9afc07 io/qameta/allure/internal/shadowed/jackson/databind/introspect/AnnotationMap, byte[4426], j.i.l.ClassLoaders$AppClassLoader@3cd1a2f1
14:10:38.150 [main] DEBUG org.aspectj.weaver.loadtime.Aj - 14:10:38.149 main - o.a.w.l.Aj.preProcess o.a.w.l.Aj@b9afc07 j.i.l.ClassLoaders$PlatformClassLoader@1ad282e0, j.i.l.ClassLoaders$AppClassLoader@3cd1a2f1
14:10:38.150 [main] DEBUG o.a.weaver.tools.WeavingAdaptor - 14:10:38.150 main > o.a.w.t.WeavingAdaptor.weaveClass o.a.w.l.ClassLoaderWeavingAdaptor@140e5a13 io/qameta/allure/internal/shadowed/jackson/databind/introspect/AnnotationMap, byte[4426]
14:10:38.150 [main] DEBUG org.aspectj.weaver.bcel.BcelWeaver - 14:10:38.150 main > o.a.w.b.BcelWeaver.weave o.a.w.b.BcelWeaver@48524010 o.a.w.t.WeavingAdaptor$WeavingClassFileProvider@2a47597
14:10:38.150 [main] DEBUG org.aspectj.weaver.bcel.BcelWeaver - 14:10:38.150 main > o.a.w.b.BcelWeaver.weaveAndNotify o.a.w.b.BcelWeaver@48524010 o.a.w.b.UnwovenClassFile@12f279b5, o.a.w.b.BcelObjectType@5ff6dd3c, o.a.w.t.WeavingAdaptor$WeavingClassFileProvider$1@5fcd1f0a
14:10:38.151 [main] DEBUG org.aspectj.weaver.bcel.BcelWeaver - 14:10:38.151 main < o.a.w.b.BcelWeaver.weaveAndNotify
14:10:38.151 [main] DEBUG org.aspectj.weaver.bcel.BcelWeaver - 14:10:38.151 main < o.a.w.b.BcelWeaver.weave java.util.ArrayList(1)
14:10:38.151 [main] DEBUG o.a.weaver.tools.WeavingAdaptor - 14:10:38.151 main < o.a.w.t.WeavingAdaptor.weaveClass byte[4426]
14:10:38.151 [main] DEBUG org.aspectj.weaver.Dump - 14:10:38.151 main > o.a.w.Dump.dumpOnExit o.a.w.t.WeavingAdaptor$WeavingAdaptorMessageHolder@6a6afff2
14:10:38.151 [main] DEBUG org.aspectj.weaver.Dump - 14:10:38.151 main > o.a.w.Dump.shouldDumpOnExit o.a.w.t.WeavingAdaptor$WeavingAdaptorMessageHolder@6a6afff2
14:10:38.151 [main] DEBUG org.aspectj.weaver.Dump - 14:10:38.151 main - o.a.w.Dump.shouldDumpOnExit abort
14:10:38.151 [main] DEBUG org.aspectj.weaver.Dump - 14:10:38.151 main < o.a.w.Dump.shouldDumpOnExit false
14:10:38.151 [main] DEBUG org.aspectj.weaver.Dump - 14:10:38.151 main < o.a.w.Dump.dumpOnExit Excluded
14:10:38.151 [main] DEBUG org.aspectj.weaver.loadtime.Aj - 14:10:38.151 main < o.a.w.l.Aj.preProcess byte[4426]
14:10:38.153 [main] DEBUG org.aspectj.weaver.loadtime.Aj - 14:10:38.153 main > o.a.w.l.Aj.preProcess o.a.w.l.Aj@b9afc07 io/qameta/allure/internal/shadowed/jackson/databind/introspect/TypeResolutionContext$Basic, byte[1449], j.i.l.ClassLoaders$AppClassLoader@3cd1a2f1
14:10:38.153 [main] DEBUG org.aspectj.weaver.loadtime.Aj - 14:10:38.153 main - o.a.w.l.Aj.preProcess o.a.w.l.Aj@b9afc07 j.i.l.ClassLoaders$PlatformClassLoader@1ad282e0, j.i.l.ClassLoaders$AppClassLoader@3cd1a2f1
14:10:38.153 [main] DEBUG o.a.weaver.tools.WeavingAdaptor - 14:10:38.153 main > o.a.w.t.WeavingAdaptor.weaveClass o.a.w.l.ClassLoaderWeavingAdaptor@140e5a13 io/qameta/allure/internal/shadowed/jackson/databind/introspect/TypeResolutionContext$Basic, byte[1449]
14:10:38.154 [main] DEBUG org.aspectj.weaver.bcel.BcelWeaver - 14:10:38.154 main > o.a.w.b.BcelWeaver.weave o.a.w.b.BcelWeaver@48524010 o.a.w.t.WeavingAdaptor$WeavingClassFileProvider@576b7c74
14:10:38.154 [main] DEBUG org.aspectj.weaver.bcel.BcelWeaver - 14:10:38.154 main > o.a.w.b.BcelWeaver.weaveAndNotify o.a.w.b.BcelWeaver@48524010 o.a.w.b.UnwovenClassFile@21de60a7, o.a.w.b.BcelObjectType@73894c5a, o.a.w.t.WeavingAdaptor$WeavingClassFileProvider$1@7698b7a4
14:10:38.155 [main] DEBUG org.aspectj.weaver.bcel.BcelWeaver - 14:10:38.155 main < o.a.w.b.BcelWeaver.weaveAndNotify
14:10:38.155 [main] DEBUG org.aspectj.weaver.bcel.BcelWeaver - 14:10:38.155 main < o.a.w.b.BcelWeaver.weave java.util.ArrayList(1)
14:10:38.157 [main] DEBUG o.a.weaver.tools.WeavingAdaptor - 14:10:38.157 main < o.a.w.t.WeavingAdaptor.weaveClass byte[1449]
14:10:38.157 [main] DEBUG org.aspectj.weaver.Dump - 14:10:38.157 main > o.a.w.Dump.dumpOnExit o.a.w.t.WeavingAdaptor$WeavingAdaptorMessageHolder@6a6afff2
14:10:38.157 [main] DEBUG org.aspectj.weaver.Dump - 14:10:38.157 main > o.a.w.Dump.shouldDumpOnExit o.a.w.t.WeavingAdaptor$WeavingAdaptorMessageHolder@6a6afff2
14:10:38.157 [main] DEBUG org.aspectj.weaver.Dump - 14:10:38.157 main - o.a.w.Dump.shouldDumpOnExit abort
14:10:38.157 [main] DEBUG org.aspectj.weaver.Dump - 14:10:38.157 main < o.a.w.Dump.shouldDumpOnExit false
14:10:38.157 [main] DEBUG org.aspectj.weaver.Dump - 14:10:38.157 main < o.a.w.Dump.dumpOnExit Excluded
14:10:38.157 [main] DEBUG org.aspectj.weaver.loadtime.Aj - 14:10:38.157 main < o.a.w.l.Aj.preProcess byte[1449]
14:10:38.159 [main] DEBUG org.aspectj.weaver.loadtime.Aj - 14:10:38.159 main > o.a.w.l.Aj.preProcess o.a.w.l.Aj@b9afc07 io/qameta/allure/internal/shadowed/jackson/databind/introspect/AnnotatedFieldCollector$FieldBuilder, byte[1831], j.i.l.ClassLoaders$AppClassLoader@3cd1a2f1
14:10:38.159 [main] DEBUG org.aspectj.weaver.loadtime.Aj - 14:10:38.159 main - o.a.w.l.Aj.preProcess o.a.w.l.Aj@b9afc07 j.i.l.ClassLoaders$PlatformClassLoader@1ad282e0, j.i.l.ClassLoaders$AppClassLoader@3cd1a2f1
14:10:38.160 [main] DEBUG o.a.weaver.tools.WeavingAdaptor - 14:10:38.159 main > o.a.w.t.WeavingAdaptor.weaveClass o.a.w.l.ClassLoaderWeavingAdaptor@140e5a13 io/qameta/allure/internal/shadowed/jackson/databind/introspect/AnnotatedFieldCollector$FieldBuilder, byte[1831]
14:10:38.163 [main] DEBUG org.aspectj.weaver.bcel.BcelWeaver - 14:10:38.163 main > o.a.w.b.BcelWeaver.weave o.a.w.b.BcelWeaver@48524010 o.a.w.t.WeavingAdaptor$WeavingClassFileProvider@3c232051
14:10:38.164 [main] DEBUG org.aspectj.weaver.bcel.BcelWeaver - 14:10:38.163 main > o.a.w.b.BcelWeaver.weaveAndNotify o.a.w.b.BcelWeaver@48524010 o.a.w.b.UnwovenClassFile@15d0d6c9, o.a.w.b.BcelObjectType@3ab35b9c, o.a.w.t.WeavingAdaptor$WeavingClassFileProvider$1@7741d346
14:10:38.164 [main] DEBUG org.aspectj.weaver.bcel.BcelWeaver - 14:10:38.164 main < o.a.w.b.BcelWeaver.weaveAndNotify
14:10:38.164 [main] DEBUG org.aspectj.weaver.bcel.BcelWeaver - 14:10:38.164 main < o.a.w.b.BcelWeaver.weave java.util.ArrayList(1)
14:10:38.164 [main] DEBUG o.a.weaver.tools.WeavingAdaptor - 14:10:38.164 main < o.a.w.t.WeavingAdaptor.weaveClass byte[1831]
14:10:38.164 [main] DEBUG org.aspectj.weaver.Dump - 14:10:38.164 main > o.a.w.Dump.dumpOnExit o.a.w.t.WeavingAdaptor$WeavingAdaptorMessageHolder@6a6afff2
14:10:38.164 [main] DEBUG org.aspectj.weaver.Dump - 14:10:38.164 main > o.a.w.Dump.shouldDumpOnExit o.a.w.t.WeavingAdaptor$WeavingAdaptorMessageHolder@6a6afff2
14:10:38.164 [main] DEBUG org.aspectj.weaver.Dump - 14:10:38.164 main - o.a.w.Dump.shouldDumpOnExit abort
14:10:38.167 [main] DEBUG org.aspectj.weaver.Dump - 14:10:38.167 main < o.a.w.Dump.shouldDumpOnExit false
14:10:38.171 [main] DEBUG org.aspectj.weaver.Dump - 14:10:38.171 main < o.a.w.Dump.dumpOnExit Excluded
14:10:38.171 [main] DEBUG org.aspectj.weaver.loadtime.Aj - 14:10:38.171 main < o.a.w.l.Aj.preProcess byte[1831]
14:10:38.175 [main] DEBUG org.aspectj.weaver.loadtime.Aj - 14:10:38.175 main > o.a.w.l.Aj.preProcess o.a.w.l.Aj@b9afc07 io/qameta/allure/internal/shadowed/jackson/annotation/JsonKey, byte[585], j.i.l.ClassLoaders$AppClassLoader@3cd1a2f1
14:10:38.176 [main] DEBUG org.aspectj.weaver.loadtime.Aj - 14:10:38.176 main - o.a.w.l.Aj.preProcess o.a.w.l.Aj@b9afc07 j.i.l.ClassLoaders$PlatformClassLoader@1ad282e0, j.i.l.ClassLoaders$AppClassLoader@3cd1a2f1
14:10:38.176 [main] DEBUG o.a.weaver.tools.WeavingAdaptor - 14:10:38.176 main > o.a.w.t.WeavingAdaptor.weaveClass o.a.w.l.ClassLoaderWeavingAdaptor@140e5a13 io/qameta/allure/internal/shadowed/jackson/annotation/JsonKey, byte[585]
14:10:38.176 [main] DEBUG org.aspectj.weaver.bcel.BcelWeaver - 14:10:38.176 main > o.a.w.b.BcelWeaver.weave o.a.w.b.BcelWeaver@48524010 o.a.w.t.WeavingAdaptor$WeavingClassFileProvider@3aed69dd
14:10:38.176 [main] DEBUG org.aspectj.weaver.bcel.BcelWeaver - 14:10:38.176 main > o.a.w.b.BcelWeaver.weaveAndNotify o.a.w.b.BcelWeaver@48524010 o.a.w.b.UnwovenClassFile@3f1a9a53, o.a.w.b.BcelObjectType@1ca3d25b, o.a.w.t.WeavingAdaptor$WeavingClassFileProvider$1@2287395
14:10:38.181 [main] DEBUG org.aspectj.weaver.bcel.BcelWeaver - 14:10:38.180 main < o.a.w.b.BcelWeaver.weaveAndNotify
14:10:38.181 [main] DEBUG org.aspectj.weaver.bcel.BcelWeaver - 14:10:38.181 main < o.a.w.b.BcelWeaver.weave java.util.ArrayList(1)
14:10:38.181 [main] DEBUG o.a.weaver.tools.WeavingAdaptor - 14:10:38.181 main < o.a.w.t.WeavingAdaptor.weaveClass byte[585]
14:10:38.181 [main] DEBUG org.aspectj.weaver.Dump - 14:10:38.181 main > o.a.w.Dump.dumpOnExit o.a.w.t.WeavingAdaptor$WeavingAdaptorMessageHolder@6a6afff2
14:10:38.181 [main] DEBUG org.aspectj.weaver.Dump - 14:10:38.181 main > o.a.w.Dump.shouldDumpOnExit o.a.w.t.WeavingAdaptor$WeavingAdaptorMessageHolder@6a6afff2
14:10:38.181 [main] DEBUG org.aspectj.weaver.Dump - 14:10:38.181 main - o.a.w.Dump.shouldDumpOnExit abort
14:10:38.181 [main] DEBUG org.aspectj.weaver.Dump - 14:10:38.181 main < o.a.w.Dump.shouldDumpOnExit false
14:10:38.181 [main] DEBUG org.aspectj.weaver.Dump - 14:10:38.181 main < o.a.w.Dump.dumpOnExit Excluded
14:10:38.181 [main] DEBUG org.aspectj.weaver.loadtime.Aj - 14:10:38.181 main < o.a.w.l.Aj.preProcess byte[585]
14:10:38.184 [main] DEBUG org.aspectj.weaver.loadtime.Aj - 14:10:38.184 main > o.a.w.l.Aj.preProcess o.a.w.l.Aj@b9afc07 io/qameta/allure/internal/shadowed/jackson/annotation/JsonValue, byte[589], j.i.l.ClassLoaders$AppClassLoader@3cd1a2f1
14:10:38.184 [main] DEBUG org.aspectj.weaver.loadtime.Aj - 14:10:38.184 main - o.a.w.l.Aj.preProcess o.a.w.l.Aj@b9afc07 j.i.l.ClassLoaders$PlatformClassLoader@1ad282e0, j.i.l.ClassLoaders$AppClassLoader@3cd1a2f1
14:10:38.184 [main] DEBUG o.a.weaver.tools.WeavingAdaptor - 14:10:38.184 main > o.a.w.t.WeavingAdaptor.weaveClass o.a.w.l.ClassLoaderWeavingAdaptor@140e5a13 io/qameta/allure/internal/shadowed/jackson/annotation/JsonValue, byte[589]
14:10:38.185 [main] DEBUG org.aspectj.weaver.bcel.BcelWeaver - 14:10:38.184 main > o.a.w.b.BcelWeaver.weave o.a.w.b.BcelWeaver@48524010 o.a.w.t.WeavingAdaptor$WeavingClassFileProvider@7bbfc5ff
14:10:38.185 [main] DEBUG org.aspectj.weaver.bcel.BcelWeaver - 14:10:38.185 main > o.a.w.b.BcelWeaver.weaveAndNotify o.a.w.b.BcelWeaver@48524010 o.a.w.b.UnwovenClassFile@7a682d35, o.a.w.b.BcelObjectType@ee8e7ff, o.a.w.t.WeavingAdaptor$WeavingClassFileProvider$1@61a2aeb7
14:10:38.185 [main] DEBUG org.aspectj.weaver.bcel.BcelWeaver - 14:10:38.185 main < o.a.w.b.BcelWeaver.weaveAndNotify
14:10:38.185 [main] DEBUG org.aspectj.weaver.bcel.BcelWeaver - 14:10:38.185 main < o.a.w.b.BcelWeaver.weave java.util.ArrayList(1)
14:10:38.185 [main] DEBUG o.a.weaver.tools.WeavingAdaptor - 14:10:38.185 main < o.a.w.t.WeavingAdaptor.weaveClass byte[589]
14:10:38.185 [main] DEBUG org.aspectj.weaver.Dump - 14:10:38.185 main > o.a.w.Dump.dumpOnExit o.a.w.t.WeavingAdaptor$WeavingAdaptorMessageHolder@6a6afff2
14:10:38.185 [main] DEBUG org.aspectj.weaver.Dump - 14:10:38.185 main > o.a.w.Dump.shouldDumpOnExit o.a.w.t.WeavingAdaptor$WeavingAdaptorMessageHolder@6a6afff2
14:10:38.185 [main] DEBUG org.aspectj.weaver.Dump - 14:10:38.185 main - o.a.w.Dump.shouldDumpOnExit abort
14:10:38.185 [main] DEBUG org.aspectj.weaver.Dump - 14:10:38.185 main < o.a.w.Dump.shouldDumpOnExit false
14:10:38.185 [main] DEBUG org.aspectj.weaver.Dump - 14:10:38.185 main < o.a.w.Dump.dumpOnExit Excluded
14:10:38.185 [main] DEBUG org.aspectj.weaver.loadtime.Aj - 14:10:38.185 main < o.a.w.l.Aj.preProcess byte[589]
14:10:38.187 [main] DEBUG org.aspectj.weaver.loadtime.Aj - 14:10:38.186 main > o.a.w.l.Aj.preProcess o.a.w.l.Aj@b9afc07 io/qameta/allure/internal/shadowed/jackson/annotation/JsonAnyGetter, byte[607], j.i.l.ClassLoaders$AppClassLoader@3cd1a2f1
14:10:38.187 [main] DEBUG org.aspectj.weaver.loadtime.Aj - 14:10:38.187 main - o.a.w.l.Aj.preProcess o.a.w.l.Aj@b9afc07 j.i.l.ClassLoaders$PlatformClassLoader@1ad282e0, j.i.l.ClassLoaders$AppClassLoader@3cd1a2f1
14:10:38.187 [main] DEBUG o.a.weaver.tools.WeavingAdaptor - 14:10:38.187 main > o.a.w.t.WeavingAdaptor.weaveClass o.a.w.l.ClassLoaderWeavingAdaptor@140e5a13 io/qameta/allure/internal/shadowed/jackson/annotation/JsonAnyGetter, byte[607]
14:10:38.187 [main] DEBUG org.aspectj.weaver.bcel.BcelWeaver - 14:10:38.187 main > o.a.w.b.BcelWeaver.weave o.a.w.b.BcelWeaver@48524010 o.a.w.t.WeavingAdaptor$WeavingClassFileProvider@62b09715
14:10:38.187 [main] DEBUG org.aspectj.weaver.bcel.BcelWeaver - 14:10:38.187 main > o.a.w.b.BcelWeaver.weaveAndNotify o.a.w.b.BcelWeaver@48524010 o.a.w.b.UnwovenClassFile@3e214105, o.a.w.b.BcelObjectType@da4cf09, o.a.w.t.WeavingAdaptor$WeavingClassFileProvider$1@1980a3f
14:10:38.187 [main] DEBUG org.aspectj.weaver.bcel.BcelWeaver - 14:10:38.187 main < o.a.w.b.BcelWeaver.weaveAndNotify
14:10:38.187 [main] DEBUG org.aspectj.weaver.bcel.BcelWeaver - 14:10:38.187 main < o.a.w.b.BcelWeaver.weave java.util.ArrayList(1)
14:10:38.187 [main] DEBUG o.a.weaver.tools.WeavingAdaptor - 14:10:38.187 main < o.a.w.t.WeavingAdaptor.weaveClass byte[607]
14:10:38.192 [main] DEBUG org.aspectj.weaver.Dump - 14:10:38.188 main > o.a.w.Dump.dumpOnExit o.a.w.t.WeavingAdaptor$WeavingAdaptorMessageHolder@6a6afff2
14:10:38.199 [main] DEBUG org.aspectj.weaver.Dump - 14:10:38.192 main > o.a.w.Dump.shouldDumpOnExit o.a.w.t.WeavingAdaptor$WeavingAdaptorMessageHolder@6a6afff2
14:10:38.199 [main] DEBUG org.aspectj.weaver.Dump - 14:10:38.199 main - o.a.w.Dump.shouldDumpOnExit abort
14:10:38.199 [main] DEBUG org.aspectj.weaver.Dump - 14:10:38.199 main < o.a.w.Dump.shouldDumpOnExit false
14:10:38.199 [main] DEBUG org.aspectj.weaver.Dump - 14:10:38.199 main < o.a.w.Dump.dumpOnExit Excluded
14:10:38.199 [main] DEBUG org.aspectj.weaver.loadtime.Aj - 14:10:38.199 main < o.a.w.l.Aj.preProcess byte[607]
14:10:38.201 [main] DEBUG org.aspectj.weaver.loadtime.Aj - 14:10:38.200 main > o.a.w.l.Aj.preProcess o.a.w.l.Aj@b9afc07 io/qameta/allure/internal/shadowed/jackson/annotation/JsonAnySetter, byte[607], j.i.l.ClassLoaders$AppClassLoader@3cd1a2f1
14:10:38.201 [main] DEBUG org.aspectj.weaver.loadtime.Aj - 14:10:38.201 main - o.a.w.l.Aj.preProcess o.a.w.l.Aj@b9afc07 j.i.l.ClassLoaders$PlatformClassLoader@1ad282e0, j.i.l.ClassLoaders$AppClassLoader@3cd1a2f1
14:10:38.201 [main] DEBUG o.a.weaver.tools.WeavingAdaptor - 14:10:38.201 main > o.a.w.t.WeavingAdaptor.weaveClass o.a.w.l.ClassLoaderWeavingAdaptor@140e5a13 io/qameta/allure/internal/shadowed/jackson/annotation/JsonAnySetter, byte[607]
14:10:38.201 [main] DEBUG org.aspectj.weaver.bcel.BcelWeaver - 14:10:38.201 main > o.a.w.b.BcelWeaver.weave o.a.w.b.BcelWeaver@48524010 o.a.w.t.WeavingAdaptor$WeavingClassFileProvider@39941489
14:10:38.201 [main] DEBUG org.aspectj.weaver.bcel.BcelWeaver - 14:10:38.201 main > o.a.w.b.BcelWeaver.weaveAndNotify o.a.w.b.BcelWeaver@48524010 o.a.w.b.UnwovenClassFile@6f5d0190, o.a.w.b.BcelObjectType@67332b1e, o.a.w.t.WeavingAdaptor$WeavingClassFileProvider$1@7e34b127
14:10:38.202 [main] DEBUG org.aspectj.weaver.bcel.BcelWeaver - 14:10:38.202 main < o.a.w.b.BcelWeaver.weaveAndNotify
14:10:38.202 [main] DEBUG org.aspectj.weaver.bcel.BcelWeaver - 14:10:38.202 main < o.a.w.b.BcelWeaver.weave java.util.ArrayList(1)
14:10:38.202 [main] DEBUG o.a.weaver.tools.WeavingAdaptor - 14:10:38.202 main < o.a.w.t.WeavingAdaptor.weaveClass byte[607]
14:10:38.202 [main] DEBUG org.aspectj.weaver.Dump - 14:10:38.202 main > o.a.w.Dump.dumpOnExit o.a.w.t.WeavingAdaptor$WeavingAdaptorMessageHolder@6a6afff2
14:10:38.202 [main] DEBUG org.aspectj.weaver.Dump - 14:10:38.202 main > o.a.w.Dump.shouldDumpOnExit o.a.w.t.WeavingAdaptor$WeavingAdaptorMessageHolder@6a6afff2
14:10:38.202 [main] DEBUG org.aspectj.weaver.Dump - 14:10:38.202 main - o.a.w.Dump.shouldDumpOnExit abort
14:10:38.202 [main] DEBUG org.aspectj.weaver.Dump - 14:10:38.202 main < o.a.w.Dump.shouldDumpOnExit false
14:10:38.202 [main] DEBUG org.aspectj.weaver.Dump - 14:10:38.202 main < o.a.w.Dump.dumpOnExit Excluded
14:10:38.202 [main] DEBUG org.aspectj.weaver.loadtime.Aj - 14:10:38.202 main < o.a.w.l.Aj.preProcess byte[607]
14:10:38.203 [main] DEBUG org.aspectj.weaver.loadtime.Aj - 14:10:38.203 main > o.a.w.l.Aj.preProcess o.a.w.l.Aj@b9afc07 io/qameta/allure/internal/shadowed/jackson/core/util/InternCache, byte[1385], j.i.l.ClassLoaders$AppClassLoader@3cd1a2f1
14:10:38.203 [main] DEBUG org.aspectj.weaver.loadtime.Aj - 14:10:38.203 main - o.a.w.l.Aj.preProcess o.a.w.l.Aj@b9afc07 j.i.l.ClassLoaders$PlatformClassLoader@1ad282e0, j.i.l.ClassLoaders$AppClassLoader@3cd1a2f1
14:10:38.203 [main] DEBUG o.a.weaver.tools.WeavingAdaptor - 14:10:38.203 main > o.a.w.t.WeavingAdaptor.weaveClass o.a.w.l.ClassLoaderWeavingAdaptor@140e5a13 io/qameta/allure/internal/shadowed/jackson/core/util/InternCache, byte[1385]
14:10:38.204 [main] DEBUG org.aspectj.weaver.bcel.BcelWeaver - 14:10:38.204 main > o.a.w.b.BcelWeaver.weave o.a.w.b.BcelWeaver@48524010 o.a.w.t.WeavingAdaptor$WeavingClassFileProvider@4538856f
14:10:38.214 [main] DEBUG org.aspectj.weaver.bcel.BcelWorld - 14:10:38.214 main - o.a.w.b.BcelWorld.lookupJavaClass o.a.w.l.LTWWorld@2b4a2ec7 java.util.concurrent.ConcurrentHashMap, o.a.a.b.c.JavaClass@4c3de38e
14:10:38.214 [main] DEBUG org.aspectj.weaver.bcel.BcelWeaver - 14:10:38.214 main > o.a.w.b.BcelWeaver.weaveAndNotify o.a.w.b.BcelWeaver@48524010 o.a.w.b.UnwovenClassFile@74b86971, o.a.w.b.BcelObjectType@1f9d4b0e, o.a.w.t.WeavingAdaptor$WeavingClassFileProvider$1@1e8fb66f
14:10:38.216 [main] DEBUG org.aspectj.weaver.bcel.BcelWorld - 14:10:38.216 main - o.a.w.b.BcelWorld.lookupJavaClass o.a.w.l.LTWWorld@2b4a2ec7 java.util.concurrent.ConcurrentMap, o.a.a.b.c.JavaClass@3d8d17a3
14:10:38.216 [main] DEBUG org.aspectj.weaver.bcel.BcelWorld - 14:10:38.216 main - o.a.w.b.BcelWorld.lookupJavaClass o.a.w.l.LTWWorld@2b4a2ec7 java.util.AbstractMap, o.a.a.b.c.JavaClass@3af58f76
14:10:38.216 [main] DEBUG org.aspectj.weaver.bcel.BcelWeaver - 14:10:38.216 main < o.a.w.b.BcelWeaver.weaveAndNotify
14:10:38.216 [main] DEBUG org.aspectj.weaver.bcel.BcelWeaver - 14:10:38.216 main < o.a.w.b.BcelWeaver.weave java.util.ArrayList(1)
14:10:38.216 [main] DEBUG o.a.weaver.tools.WeavingAdaptor - 14:10:38.216 main < o.a.w.t.WeavingAdaptor.weaveClass byte[1385]
14:10:38.216 [main] DEBUG org.aspectj.weaver.Dump - 14:10:38.216 main > o.a.w.Dump.dumpOnExit o.a.w.t.WeavingAdaptor$WeavingAdaptorMessageHolder@6a6afff2
14:10:38.216 [main] DEBUG org.aspectj.weaver.Dump - 14:10:38.216 main > o.a.w.Dump.shouldDumpOnExit o.a.w.t.WeavingAdaptor$WeavingAdaptorMessageHolder@6a6afff2
14:10:38.216 [main] DEBUG org.aspectj.weaver.Dump - 14:10:38.216 main - o.a.w.Dump.shouldDumpOnExit abort
14:10:38.216 [main] DEBUG org.aspectj.weaver.Dump - 14:10:38.216 main < o.a.w.Dump.shouldDumpOnExit false
14:10:38.216 [main] DEBUG org.aspectj.weaver.Dump - 14:10:38.216 main < o.a.w.Dump.dumpOnExit Excluded
14:10:38.217 [main] DEBUG org.aspectj.weaver.loadtime.Aj - 14:10:38.217 main < o.a.w.l.Aj.preProcess byte[1385]
14:10:38.219 [main] DEBUG org.aspectj.weaver.loadtime.Aj - 14:10:38.219 main > o.a.w.l.Aj.preProcess o.a.w.l.Aj@b9afc07 io/qameta/allure/internal/shadowed/jackson/annotation/JsonGetter, byte[593], j.i.l.ClassLoaders$AppClassLoader@3cd1a2f1
14:10:38.219 [main] DEBUG org.aspectj.weaver.loadtime.Aj - 14:10:38.219 main - o.a.w.l.Aj.preProcess o.a.w.l.Aj@b9afc07 j.i.l.ClassLoaders$PlatformClassLoader@1ad282e0, j.i.l.ClassLoaders$AppClassLoader@3cd1a2f1
14:10:38.219 [main] DEBUG o.a.weaver.tools.WeavingAdaptor - 14:10:38.219 main > o.a.w.t.WeavingAdaptor.weaveClass o.a.w.l.ClassLoaderWeavingAdaptor@140e5a13 io/qameta/allure/internal/shadowed/jackson/annotation/JsonGetter, byte[593]
14:10:38.220 [main] DEBUG org.aspectj.weaver.bcel.BcelWeaver - 14:10:38.220 main > o.a.w.b.BcelWeaver.weave o.a.w.b.BcelWeaver@48524010 o.a.w.t.WeavingAdaptor$WeavingClassFileProvider@3bfae028
14:10:38.220 [main] DEBUG org.aspectj.weaver.bcel.BcelWeaver - 14:10:38.220 main > o.a.w.b.BcelWeaver.weaveAndNotify o.a.w.b.BcelWeaver@48524010 o.a.w.b.UnwovenClassFile@1775c4e7, o.a.w.b.BcelObjectType@47829d6d, o.a.w.t.WeavingAdaptor$WeavingClassFileProvider$1@2f677247
14:10:38.220 [main] DEBUG org.aspectj.weaver.bcel.BcelWeaver - 14:10:38.220 main < o.a.w.b.BcelWeaver.weaveAndNotify
14:10:38.220 [main] DEBUG org.aspectj.weaver.bcel.BcelWeaver - 14:10:38.220 main < o.a.w.b.BcelWeaver.weave java.util.ArrayList(1)
14:10:38.220 [main] DEBUG o.a.weaver.tools.WeavingAdaptor - 14:10:38.220 main < o.a.w.t.WeavingAdaptor.weaveClass byte[593]
14:10:38.220 [main] DEBUG org.aspectj.weaver.Dump - 14:10:38.220 main > o.a.w.Dump.dumpOnExit o.a.w.t.WeavingAdaptor$WeavingAdaptorMessageHolder@6a6afff2
14:10:38.220 [main] DEBUG org.aspectj.weaver.Dump - 14:10:38.220 main > o.a.w.Dump.shouldDumpOnExit o.a.w.t.WeavingAdaptor$WeavingAdaptorMessageHolder@6a6afff2
14:10:38.220 [main] DEBUG org.aspectj.weaver.Dump - 14:10:38.220 main - o.a.w.Dump.shouldDumpOnExit abort
14:10:38.220 [main] DEBUG org.aspectj.weaver.Dump - 14:10:38.220 main < o.a.w.Dump.shouldDumpOnExit false
14:10:38.220 [main] DEBUG org.aspectj.weaver.Dump - 14:10:38.220 main < o.a.w.Dump.dumpOnExit Excluded
14:10:38.220 [main] DEBUG org.aspectj.weaver.loadtime.Aj - 14:10:38.220 main < o.a.w.l.Aj.preProcess byte[593]
14:10:38.222 [main] DEBUG org.aspectj.weaver.loadtime.Aj - 14:10:38.222 main > o.a.w.l.Aj.preProcess o.a.w.l.Aj@b9afc07 io/qameta/allure/internal/shadowed/jackson/annotation/JsonProperty, byte[1186], j.i.l.ClassLoaders$AppClassLoader@3cd1a2f1
14:10:38.222 [main] DEBUG org.aspectj.weaver.loadtime.Aj - 14:10:38.222 main - o.a.w.l.Aj.preProcess o.a.w.l.Aj@b9afc07 j.i.l.ClassLoaders$PlatformClassLoader@1ad282e0, j.i.l.ClassLoaders$AppClassLoader@3cd1a2f1
14:10:38.222 [main] DEBUG o.a.weaver.tools.WeavingAdaptor - 14:10:38.222 main > o.a.w.t.WeavingAdaptor.weaveClass o.a.w.l.ClassLoaderWeavingAdaptor@140e5a13 io/qameta/allure/internal/shadowed/jackson/annotation/JsonProperty, byte[1186]
14:10:38.222 [main] DEBUG org.aspectj.weaver.bcel.BcelWeaver - 14:10:38.222 main > o.a.w.b.BcelWeaver.weave o.a.w.b.BcelWeaver@48524010 o.a.w.t.WeavingAdaptor$WeavingClassFileProvider@3d40a3b4
14:10:38.223 [main] DEBUG org.aspectj.weaver.bcel.BcelWeaver - 14:10:38.223 main > o.a.w.b.BcelWeaver.weaveAndNotify o.a.w.b.BcelWeaver@48524010 o.a.w.b.UnwovenClassFile@7f13811b, o.a.w.b.BcelObjectType@59fc6d05, o.a.w.t.WeavingAdaptor$WeavingClassFileProvider$1@78307a56
14:10:38.223 [main] DEBUG org.aspectj.weaver.bcel.BcelWeaver - 14:10:38.223 main < o.a.w.b.BcelWeaver.weaveAndNotify
14:10:38.223 [main] DEBUG org.aspectj.weaver.bcel.BcelWeaver - 14:10:38.223 main < o.a.w.b.BcelWeaver.weave java.util.ArrayList(1)
14:10:38.223 [main] DEBUG o.a.weaver.tools.WeavingAdaptor - 14:10:38.223 main < o.a.w.t.WeavingAdaptor.weaveClass byte[1186]
14:10:38.223 [main] DEBUG org.aspectj.weaver.Dump - 14:10:38.223 main > o.a.w.Dump.dumpOnExit o.a.w.t.WeavingAdaptor$WeavingAdaptorMessageHolder@6a6afff2
14:10:38.224 [main] DEBUG org.aspectj.weaver.Dump - 14:10:38.223 main > o.a.w.Dump.shouldDumpOnExit o.a.w.t.WeavingAdaptor$WeavingAdaptorMessageHolder@6a6afff2
14:10:38.224 [main] DEBUG org.aspectj.weaver.Dump - 14:10:38.224 main - o.a.w.Dump.shouldDumpOnExit abort
14:10:38.224 [main] DEBUG org.aspectj.weaver.Dump - 14:10:38.224 main < o.a.w.Dump.shouldDumpOnExit false
14:10:38.224 [main] DEBUG org.aspectj.weaver.Dump - 14:10:38.224 main < o.a.w.Dump.dumpOnExit Excluded
14:10:38.224 [main] DEBUG org.aspectj.weaver.loadtime.Aj - 14:10:38.224 main < o.a.w.l.Aj.preProcess byte[1186]
14:10:38.225 [main] DEBUG org.aspectj.weaver.loadtime.Aj - 14:10:38.225 main > o.a.w.l.Aj.preProcess o.a.w.l.Aj@b9afc07 io/qameta/allure/internal/shadowed/jackson/annotation/JsonAutoDetect$1, byte[1775], j.i.l.ClassLoaders$AppClassLoader@3cd1a2f1
14:10:38.225 [main] DEBUG org.aspectj.weaver.loadtime.Aj - 14:10:38.225 main - o.a.w.l.Aj.preProcess o.a.w.l.Aj@b9afc07 j.i.l.ClassLoaders$PlatformClassLoader@1ad282e0, j.i.l.ClassLoaders$AppClassLoader@3cd1a2f1
14:10:38.225 [main] DEBUG o.a.weaver.tools.WeavingAdaptor - 14:10:38.225 main > o.a.w.t.WeavingAdaptor.weaveClass o.a.w.l.ClassLoaderWeavingAdaptor@140e5a13 io/qameta/allure/internal/shadowed/jackson/annotation/JsonAutoDetect$1, byte[1775]
14:10:38.226 [main] DEBUG org.aspectj.weaver.bcel.BcelWeaver - 14:10:38.226 main > o.a.w.b.BcelWeaver.weave o.a.w.b.BcelWeaver@48524010 o.a.w.t.WeavingAdaptor$WeavingClassFileProvider@629a9f26
14:10:38.226 [main] DEBUG org.aspectj.weaver.bcel.BcelWeaver - 14:10:38.226 main > o.a.w.b.BcelWeaver.weaveAndNotify o.a.w.b.BcelWeaver@48524010 o.a.w.b.UnwovenClassFile@b791a81, o.a.w.b.BcelObjectType@4391a2d8, o.a.w.t.WeavingAdaptor$WeavingClassFileProvider$1@47b269c4
14:10:38.227 [main] DEBUG org.aspectj.weaver.bcel.BcelWeaver - 14:10:38.227 main < o.a.w.b.BcelWeaver.weaveAndNotify
14:10:38.227 [main] DEBUG org.aspectj.weaver.bcel.BcelWeaver - 14:10:38.227 main < o.a.w.b.BcelWeaver.weave java.util.ArrayList(1)
14:10:38.227 [main] DEBUG o.a.weaver.tools.WeavingAdaptor - 14:10:38.227 main < o.a.w.t.WeavingAdaptor.weaveClass byte[1775]
14:10:38.227 [main] DEBUG org.aspectj.weaver.Dump - 14:10:38.227 main > o.a.w.Dump.dumpOnExit o.a.w.t.WeavingAdaptor$WeavingAdaptorMessageHolder@6a6afff2
14:10:38.227 [main] DEBUG org.aspectj.weaver.Dump - 14:10:38.227 main > o.a.w.Dump.shouldDumpOnExit o.a.w.t.WeavingAdaptor$WeavingAdaptorMessageHolder@6a6afff2
14:10:38.227 [main] DEBUG org.aspectj.weaver.Dump - 14:10:38.227 main - o.a.w.Dump.shouldDumpOnExit abort
14:10:38.227 [main] DEBUG org.aspectj.weaver.Dump - 14:10:38.227 main < o.a.w.Dump.shouldDumpOnExit false
14:10:38.227 [main] DEBUG org.aspectj.weaver.Dump - 14:10:38.227 main < o.a.w.Dump.dumpOnExit Excluded
14:10:38.227 [main] DEBUG org.aspectj.weaver.loadtime.Aj - 14:10:38.227 main < o.a.w.l.Aj.preProcess byte[1775]
14:10:38.228 [main] DEBUG org.aspectj.weaver.loadtime.Aj - 14:10:38.228 main > o.a.w.l.Aj.preProcess o.a.w.l.Aj@b9afc07 io/qameta/allure/internal/shadowed/jackson/annotation/PropertyAccessor, byte[2053], j.i.l.ClassLoaders$AppClassLoader@3cd1a2f1
14:10:38.229 [main] DEBUG org.aspectj.weaver.loadtime.Aj - 14:10:38.228 main - o.a.w.l.Aj.preProcess o.a.w.l.Aj@b9afc07 j.i.l.ClassLoaders$PlatformClassLoader@1ad282e0, j.i.l.ClassLoaders$AppClassLoader@3cd1a2f1
14:10:38.229 [main] DEBUG o.a.weaver.tools.WeavingAdaptor - 14:10:38.229 main > o.a.w.t.WeavingAdaptor.weaveClass o.a.w.l.ClassLoaderWeavingAdaptor@140e5a13 io/qameta/allure/internal/shadowed/jackson/annotation/PropertyAccessor, byte[2053]
14:10:38.229 [main] DEBUG org.aspectj.weaver.bcel.BcelWeaver - 14:10:38.229 main > o.a.w.b.BcelWeaver.weave o.a.w.b.BcelWeaver@48524010 o.a.w.t.WeavingAdaptor$WeavingClassFileProvider@673e76b3
14:10:38.229 [main] DEBUG org.aspectj.weaver.bcel.BcelWeaver - 14:10:38.229 main > o.a.w.b.BcelWeaver.weaveAndNotify o.a.w.b.BcelWeaver@48524010 o.a.w.b.UnwovenClassFile@1bedc703, o.a.w.b.BcelObjectType@18d11527, o.a.w.t.WeavingAdaptor$WeavingClassFileProvider$1@4998e74b
14:10:38.230 [main] DEBUG org.aspectj.weaver.bcel.BcelWeaver - 14:10:38.230 main < o.a.w.b.BcelWeaver.weaveAndNotify
14:10:38.230 [main] DEBUG org.aspectj.weaver.bcel.BcelWeaver - 14:10:38.230 main < o.a.w.b.BcelWeaver.weave java.util.ArrayList(1)
14:10:38.230 [main] DEBUG o.a.weaver.tools.WeavingAdaptor - 14:10:38.230 main < o.a.w.t.WeavingAdaptor.weaveClass byte[2053]
14:10:38.230 [main] DEBUG org.aspectj.weaver.Dump - 14:10:38.230 main > o.a.w.Dump.dumpOnExit o.a.w.t.WeavingAdaptor$WeavingAdaptorMessageHolder@6a6afff2
14:10:38.230 [main] DEBUG org.aspectj.weaver.Dump - 14:10:38.230 main > o.a.w.Dump.shouldDumpOnExit o.a.w.t.WeavingAdaptor$WeavingAdaptorMessageHolder@6a6afff2
14:10:38.230 [main] DEBUG org.aspectj.weaver.Dump - 14:10:38.230 main - o.a.w.Dump.shouldDumpOnExit abort
14:10:38.230 [main] DEBUG org.aspectj.weaver.Dump - 14:10:38.230 main < o.a.w.Dump.shouldDumpOnExit false
14:10:38.230 [main] DEBUG org.aspectj.weaver.Dump - 14:10:38.230 main < o.a.w.Dump.dumpOnExit Excluded
14:10:38.230 [main] DEBUG org.aspectj.weaver.loadtime.Aj - 14:10:38.230 main < o.a.w.l.Aj.preProcess byte[2053]
14:10:38.232 [main] DEBUG org.aspectj.weaver.loadtime.Aj - 14:10:38.232 main > o.a.w.l.Aj.preProcess o.a.w.l.Aj@b9afc07 io/qameta/allure/internal/shadowed/jackson/annotation/JsonIgnore, byte[610], j.i.l.ClassLoaders$AppClassLoader@3cd1a2f1
14:10:38.232 [main] DEBUG org.aspectj.weaver.loadtime.Aj - 14:10:38.232 main - o.a.w.l.Aj.preProcess o.a.w.l.Aj@b9afc07 j.i.l.ClassLoaders$PlatformClassLoader@1ad282e0, j.i.l.ClassLoaders$AppClassLoader@3cd1a2f1
14:10:38.232 [main] DEBUG o.a.weaver.tools.WeavingAdaptor - 14:10:38.232 main > o.a.w.t.WeavingAdaptor.weaveClass o.a.w.l.ClassLoaderWeavingAdaptor@140e5a13 io/qameta/allure/internal/shadowed/jackson/annotation/JsonIgnore, byte[610]
14:10:38.232 [main] DEBUG org.aspectj.weaver.bcel.BcelWeaver - 14:10:38.232 main > o.a.w.b.BcelWeaver.weave o.a.w.b.BcelWeaver@48524010 o.a.w.t.WeavingAdaptor$WeavingClassFileProvider@433d9680
14:10:38.233 [main] DEBUG org.aspectj.weaver.bcel.BcelWeaver - 14:10:38.233 main > o.a.w.b.BcelWeaver.weaveAndNotify o.a.w.b.BcelWeaver@48524010 o.a.w.b.UnwovenClassFile@566e142, o.a.w.b.BcelObjectType@2da81754, o.a.w.t.WeavingAdaptor$WeavingClassFileProvider$1@1f992a3a
14:10:38.233 [main] DEBUG org.aspectj.weaver.bcel.BcelWeaver - 14:10:38.233 main < o.a.w.b.BcelWeaver.weaveAndNotify
14:10:38.233 [main] DEBUG org.aspectj.weaver.bcel.BcelWeaver - 14:10:38.233 main < o.a.w.b.BcelWeaver.weave java.util.ArrayList(1)
14:10:38.233 [main] DEBUG o.a.weaver.tools.WeavingAdaptor - 14:10:38.233 main < o.a.w.t.WeavingAdaptor.weaveClass byte[610]
14:10:38.233 [main] DEBUG org.aspectj.weaver.Dump - 14:10:38.233 main > o.a.w.Dump.dumpOnExit o.a.w.t.WeavingAdaptor$WeavingAdaptorMessageHolder@6a6afff2
14:10:38.233 [main] DEBUG org.aspectj.weaver.Dump - 14:10:38.233 main > o.a.w.Dump.shouldDumpOnExit o.a.w.t.WeavingAdaptor$WeavingAdaptorMessageHolder@6a6afff2
14:10:38.233 [main] DEBUG org.aspectj.weaver.Dump - 14:10:38.233 main - o.a.w.Dump.shouldDumpOnExit abort
14:10:38.233 [main] DEBUG org.aspectj.weaver.Dump - 14:10:38.233 main < o.a.w.Dump.shouldDumpOnExit false
14:10:38.233 [main] DEBUG org.aspectj.weaver.Dump - 14:10:38.233 main < o.a.w.Dump.dumpOnExit Excluded
14:10:38.233 [main] DEBUG org.aspectj.weaver.loadtime.Aj - 14:10:38.233 main < o.a.w.l.Aj.preProcess byte[610]
14:10:38.235 [main] DEBUG org.aspectj.weaver.loadtime.Aj - 14:10:38.235 main > o.a.w.l.Aj.preProcess o.a.w.l.Aj@b9afc07 io/qameta/allure/internal/shadowed/jackson/databind/introspect/POJOPropertyBuilder, byte[42384], j.i.l.ClassLoaders$AppClassLoader@3cd1a2f1
14:10:38.235 [main] DEBUG org.aspectj.weaver.loadtime.Aj - 14:10:38.235 main - o.a.w.l.Aj.preProcess o.a.w.l.Aj@b9afc07 j.i.l.ClassLoaders$PlatformClassLoader@1ad282e0, j.i.l.ClassLoaders$AppClassLoader@3cd1a2f1
14:10:38.235 [main] DEBUG o.a.weaver.tools.WeavingAdaptor - 14:10:38.235 main > o.a.w.t.WeavingAdaptor.weaveClass o.a.w.l.ClassLoaderWeavingAdaptor@140e5a13 io/qameta/allure/internal/shadowed/jackson/databind/introspect/POJOPropertyBuilder, byte[42384]
14:10:38.236 [main] DEBUG org.aspectj.weaver.bcel.BcelWeaver - 14:10:38.236 main > o.a.w.b.BcelWeaver.weave o.a.w.b.BcelWeaver@48524010 o.a.w.t.WeavingAdaptor$WeavingClassFileProvider@390037e7
14:10:38.236 [main] DEBUG org.aspectj.weaver.bcel.BcelWorld - 14:10:38.236 main - o.a.w.b.BcelWorld.lookupJavaClass o.a.w.l.LTWWorld@2b4a2ec7 io.qameta.allure.internal.shadowed.jackson.databind.introspect.BeanPropertyDefinition, o.a.a.b.c.JavaClass@42e3ede4
14:10:38.237 [main] DEBUG org.aspectj.weaver.bcel.BcelWeaver - 14:10:38.237 main > o.a.w.b.BcelWeaver.weaveAndNotify o.a.w.b.BcelWeaver@48524010 o.a.w.b.UnwovenClassFile@704067c6, o.a.w.b.BcelObjectType@7f4596d0, o.a.w.t.WeavingAdaptor$WeavingClassFileProvider$1@6002e944
14:10:38.237 [main] DEBUG org.aspectj.weaver.bcel.BcelWorld - 14:10:38.237 main - o.a.w.b.BcelWorld.lookupJavaClass o.a.w.l.LTWWorld@2b4a2ec7 io.qameta.allure.internal.shadowed.jackson.databind.util.Named, o.a.a.b.c.JavaClass@1eef9aef
14:10:38.238 [main] DEBUG org.aspectj.weaver.bcel.BcelWorld - 14:10:38.238 main - o.a.w.b.BcelWorld.lookupJavaClass o.a.w.l.LTWWorld@2b4a2ec7 io.qameta.allure.internal.shadowed.jackson.databind.PropertyMetadata, o.a.a.b.c.JavaClass@1dd0e7c4
14:10:38.239 [main] DEBUG org.aspectj.weaver.bcel.BcelWorld - 14:10:38.239 main - o.a.w.b.BcelWorld.lookupJavaClass o.a.w.l.LTWWorld@2b4a2ec7 io.qameta.allure.internal.shadowed.jackson.databind.introspect.POJOPropertyBuilder$Linked, o.a.a.b.c.JavaClass@159424e2
14:10:38.242 [main] DEBUG org.aspectj.weaver.bcel.BcelWorld - 14:10:38.242 main - o.a.w.b.BcelWorld.lookupJavaClass o.a.w.l.LTWWorld@2b4a2ec7 io.qameta.allure.internal.shadowed.jackson.databind.introspect.POJOPropertyBuilder$WithMember, o.a.a.b.c.JavaClass@f238e4f
14:10:38.242 [main] DEBUG org.aspectj.weaver.bcel.BcelWeaver - 14:10:38.242 main < o.a.w.b.BcelWeaver.weaveAndNotify
14:10:38.242 [main] DEBUG org.aspectj.weaver.bcel.BcelWeaver - 14:10:38.242 main < o.a.w.b.BcelWeaver.weave java.util.ArrayList(1)
14:10:38.242 [main] DEBUG o.a.weaver.tools.WeavingAdaptor - 14:10:38.242 main < o.a.w.t.WeavingAdaptor.weaveClass byte[42384]
14:10:38.242 [main] DEBUG org.aspectj.weaver.Dump - 14:10:38.242 main > o.a.w.Dump.dumpOnExit o.a.w.t.WeavingAdaptor$WeavingAdaptorMessageHolder@6a6afff2
14:10:38.242 [main] DEBUG org.aspectj.weaver.Dump - 14:10:38.242 main > o.a.w.Dump.shouldDumpOnExit o.a.w.t.WeavingAdaptor$WeavingAdaptorMessageHolder@6a6afff2
14:10:38.242 [main] DEBUG org.aspectj.weaver.Dump - 14:10:38.242 main - o.a.w.Dump.shouldDumpOnExit abort
14:10:38.242 [main] DEBUG org.aspectj.weaver.Dump - 14:10:38.242 main < o.a.w.Dump.shouldDumpOnExit false
14:10:38.242 [main] DEBUG org.aspectj.weaver.Dump - 14:10:38.242 main < o.a.w.Dump.dumpOnExit Excluded
14:10:38.242 [main] DEBUG org.aspectj.weaver.loadtime.Aj - 14:10:38.242 main < o.a.w.l.Aj.preProcess byte[42384]
14:10:38.245 [main] DEBUG org.aspectj.weaver.loadtime.Aj - 14:10:38.245 main > o.a.w.l.Aj.preProcess o.a.w.l.Aj@b9afc07 io/qameta/allure/internal/shadowed/jackson/databind/introspect/POJOPropertyBuilder$WithMember, byte[608], j.i.l.ClassLoaders$AppClassLoader@3cd1a2f1
14:10:38.245 [main] DEBUG org.aspectj.weaver.loadtime.Aj - 14:10:38.245 main - o.a.w.l.Aj.preProcess o.a.w.l.Aj@b9afc07 j.i.l.ClassLoaders$PlatformClassLoader@1ad282e0, j.i.l.ClassLoaders$AppClassLoader@3cd1a2f1
14:10:38.245 [main] DEBUG o.a.weaver.tools.WeavingAdaptor - 14:10:38.245 main > o.a.w.t.WeavingAdaptor.weaveClass o.a.w.l.ClassLoaderWeavingAdaptor@140e5a13 io/qameta/allure/internal/shadowed/jackson/databind/introspect/POJOPropertyBuilder$WithMember, byte[608]
14:10:38.245 [main] DEBUG org.aspectj.weaver.bcel.BcelWeaver - 14:10:38.245 main > o.a.w.b.BcelWeaver.weave o.a.w.b.BcelWeaver@48524010 o.a.w.t.WeavingAdaptor$WeavingClassFileProvider@2f20f7ad
14:10:38.246 [main] DEBUG org.aspectj.weaver.bcel.BcelWeaver - 14:10:38.245 main > o.a.w.b.BcelWeaver.weaveAndNotify o.a.w.b.BcelWeaver@48524010 o.a.w.b.UnwovenClassFile@45e617c4, o.a.w.b.BcelObjectType@5042e3d0, o.a.w.t.WeavingAdaptor$WeavingClassFileProvider$1@1c34365c
14:10:38.246 [main] DEBUG org.aspectj.weaver.bcel.BcelWeaver - 14:10:38.246 main < o.a.w.b.BcelWeaver.weaveAndNotify
14:10:38.246 [main] DEBUG org.aspectj.weaver.bcel.BcelWeaver - 14:10:38.246 main < o.a.w.b.BcelWeaver.weave java.util.ArrayList(1)
14:10:38.246 [main] DEBUG o.a.weaver.tools.WeavingAdaptor - 14:10:38.246 main < o.a.w.t.WeavingAdaptor.weaveClass byte[608]
14:10:38.246 [main] DEBUG org.aspectj.weaver.Dump - 14:10:38.246 main > o.a.w.Dump.dumpOnExit o.a.w.t.WeavingAdaptor$WeavingAdaptorMessageHolder@6a6afff2
14:10:38.246 [main] DEBUG org.aspectj.weaver.Dump - 14:10:38.246 main > o.a.w.Dump.shouldDumpOnExit o.a.w.t.WeavingAdaptor$WeavingAdaptorMessageHolder@6a6afff2
14:10:38.246 [main] DEBUG org.aspectj.weaver.Dump - 14:10:38.246 main - o.a.w.Dump.shouldDumpOnExit abort
14:10:38.246 [main] DEBUG org.aspectj.weaver.Dump - 14:10:38.246 main < o.a.w.Dump.shouldDumpOnExit false
14:10:38.246 [main] DEBUG org.aspectj.weaver.Dump - 14:10:38.246 main < o.a.w.Dump.dumpOnExit Excluded
14:10:38.246 [main] DEBUG org.aspectj.weaver.loadtime.Aj - 14:10:38.246 main < o.a.w.l.Aj.preProcess byte[608]
14:10:38.250 [main] DEBUG org.aspectj.weaver.loadtime.Aj - 14:10:38.250 main > o.a.w.l.Aj.preProcess o.a.w.l.Aj@b9afc07 io/qameta/allure/internal/shadowed/jackson/databind/AnnotationIntrospector$ReferenceProperty, byte[1868], j.i.l.ClassLoaders$AppClassLoader@3cd1a2f1
14:10:38.250 [main] DEBUG org.aspectj.weaver.loadtime.Aj - 14:10:38.250 main - o.a.w.l.Aj.preProcess o.a.w.l.Aj@b9afc07 j.i.l.ClassLoaders$PlatformClassLoader@1ad282e0, j.i.l.ClassLoaders$AppClassLoader@3cd1a2f1
14:10:38.250 [main] DEBUG o.a.weaver.tools.WeavingAdaptor - 14:10:38.250 main > o.a.w.t.WeavingAdaptor.weaveClass o.a.w.l.ClassLoaderWeavingAdaptor@140e5a13 io/qameta/allure/internal/shadowed/jackson/databind/AnnotationIntrospector$ReferenceProperty, byte[1868]
14:10:38.250 [main] DEBUG org.aspectj.weaver.bcel.BcelWeaver - 14:10:38.250 main > o.a.w.b.BcelWeaver.weave o.a.w.b.BcelWeaver@48524010 o.a.w.t.WeavingAdaptor$WeavingClassFileProvider@3b0c3951
14:10:38.250 [main] DEBUG org.aspectj.weaver.bcel.BcelWeaver - 14:10:38.250 main > o.a.w.b.BcelWeaver.weaveAndNotify o.a.w.b.BcelWeaver@48524010 o.a.w.b.UnwovenClassFile@60f77af, o.a.w.b.BcelObjectType@2574a9e3, o.a.w.t.WeavingAdaptor$WeavingClassFileProvider$1@18b6d3c1
14:10:38.253 [main] DEBUG org.aspectj.weaver.bcel.BcelWorld - 14:10:38.253 main - o.a.w.b.BcelWorld.lookupJavaClass o.a.w.l.LTWWorld@2b4a2ec7 io.qameta.allure.internal.shadowed.jackson.databind.AnnotationIntrospector$ReferenceProperty$Type, o.a.a.b.c.JavaClass@11d86b9d
14:10:38.253 [main] DEBUG org.aspectj.weaver.bcel.BcelWeaver - 14:10:38.253 main < o.a.w.b.BcelWeaver.weaveAndNotify
14:10:38.253 [main] DEBUG org.aspectj.weaver.bcel.BcelWeaver - 14:10:38.253 main < o.a.w.b.BcelWeaver.weave java.util.ArrayList(1)
14:10:38.253 [main] DEBUG o.a.weaver.tools.WeavingAdaptor - 14:10:38.253 main < o.a.w.t.WeavingAdaptor.weaveClass byte[1868]
14:10:38.253 [main] DEBUG org.aspectj.weaver.Dump - 14:10:38.253 main > o.a.w.Dump.dumpOnExit o.a.w.t.WeavingAdaptor$WeavingAdaptorMessageHolder@6a6afff2
14:10:38.253 [main] DEBUG org.aspectj.weaver.Dump - 14:10:38.253 main > o.a.w.Dump.shouldDumpOnExit o.a.w.t.WeavingAdaptor$WeavingAdaptorMessageHolder@6a6afff2
14:10:38.253 [main] DEBUG org.aspectj.weaver.Dump - 14:10:38.253 main - o.a.w.Dump.shouldDumpOnExit abort
14:10:38.253 [main] DEBUG org.aspectj.weaver.Dump - 14:10:38.253 main < o.a.w.Dump.shouldDumpOnExit false
14:10:38.253 [main] DEBUG org.aspectj.weaver.Dump - 14:10:38.253 main < o.a.w.Dump.dumpOnExit Excluded
14:10:38.253 [main] DEBUG org.aspectj.weaver.loadtime.Aj - 14:10:38.253 main < o.a.w.l.Aj.preProcess byte[1868]
14:10:38.255 [main] DEBUG org.aspectj.weaver.loadtime.Aj - 14:10:38.255 main > o.a.w.l.Aj.preProcess o.a.w.l.Aj@b9afc07 io/qameta/allure/internal/shadowed/jackson/databind/AnnotationIntrospector$ReferenceProperty$Type, byte[1674], j.i.l.ClassLoaders$AppClassLoader@3cd1a2f1
14:10:38.255 [main] DEBUG org.aspectj.weaver.loadtime.Aj - 14:10:38.255 main - o.a.w.l.Aj.preProcess o.a.w.l.Aj@b9afc07 j.i.l.ClassLoaders$PlatformClassLoader@1ad282e0, j.i.l.ClassLoaders$AppClassLoader@3cd1a2f1
14:10:38.255 [main] DEBUG o.a.weaver.tools.WeavingAdaptor - 14:10:38.255 main > o.a.w.t.WeavingAdaptor.weaveClass o.a.w.l.ClassLoaderWeavingAdaptor@140e5a13 io/qameta/allure/internal/shadowed/jackson/databind/AnnotationIntrospector$ReferenceProperty$Type, byte[1674]
14:10:38.256 [main] DEBUG org.aspectj.weaver.bcel.BcelWeaver - 14:10:38.256 main > o.a.w.b.BcelWeaver.weave o.a.w.b.BcelWeaver@48524010 o.a.w.t.WeavingAdaptor$WeavingClassFileProvider@691124ee
14:10:38.256 [main] DEBUG org.aspectj.weaver.bcel.BcelWeaver - 14:10:38.256 main > o.a.w.b.BcelWeaver.weaveAndNotify o.a.w.b.BcelWeaver@48524010 o.a.w.b.UnwovenClassFile@38d80d65, o.a.w.b.BcelObjectType@5403799b, o.a.w.t.WeavingAdaptor$WeavingClassFileProvider$1@5a0e0886
14:10:38.257 [main] DEBUG org.aspectj.weaver.bcel.BcelWeaver - 14:10:38.257 main < o.a.w.b.BcelWeaver.weaveAndNotify
14:10:38.257 [main] DEBUG org.aspectj.weaver.bcel.BcelWeaver - 14:10:38.257 main < o.a.w.b.BcelWeaver.weave java.util.ArrayList(1)
14:10:38.257 [main] DEBUG o.a.weaver.tools.WeavingAdaptor - 14:10:38.257 main < o.a.w.t.WeavingAdaptor.weaveClass byte[1674]
14:10:38.257 [main] DEBUG org.aspectj.weaver.Dump - 14:10:38.257 main > o.a.w.Dump.dumpOnExit o.a.w.t.WeavingAdaptor$WeavingAdaptorMessageHolder@6a6afff2
14:10:38.257 [main] DEBUG org.aspectj.weaver.Dump - 14:10:38.257 main > o.a.w.Dump.shouldDumpOnExit o.a.w.t.WeavingAdaptor$WeavingAdaptorMessageHolder@6a6afff2
14:10:38.257 [main] DEBUG org.aspectj.weaver.Dump - 14:10:38.257 main - o.a.w.Dump.shouldDumpOnExit abort
14:10:38.257 [main] DEBUG org.aspectj.weaver.Dump - 14:10:38.257 main < o.a.w.Dump.shouldDumpOnExit false
14:10:38.257 [main] DEBUG org.aspectj.weaver.Dump - 14:10:38.257 main < o.a.w.Dump.dumpOnExit Excluded
14:10:38.257 [main] DEBUG org.aspectj.weaver.loadtime.Aj - 14:10:38.257 main < o.a.w.l.Aj.preProcess byte[1674]
14:10:38.259 [main] DEBUG org.aspectj.weaver.loadtime.Aj - 14:10:38.259 main > o.a.w.l.Aj.preProcess o.a.w.l.Aj@b9afc07 io/qameta/allure/internal/shadowed/jackson/databind/introspect/POJOPropertyBuilder$Linked, byte[4813], j.i.l.ClassLoaders$AppClassLoader@3cd1a2f1
14:10:38.260 [main] DEBUG org.aspectj.weaver.loadtime.Aj - 14:10:38.260 main - o.a.w.l.Aj.preProcess o.a.w.l.Aj@b9afc07 j.i.l.ClassLoaders$PlatformClassLoader@1ad282e0, j.i.l.ClassLoaders$AppClassLoader@3cd1a2f1
14:10:38.260 [main] DEBUG o.a.weaver.tools.WeavingAdaptor - 14:10:38.260 main > o.a.w.t.WeavingAdaptor.weaveClass o.a.w.l.ClassLoaderWeavingAdaptor@140e5a13 io/qameta/allure/internal/shadowed/jackson/databind/introspect/POJOPropertyBuilder$Linked, byte[4813]
14:10:38.261 [main] DEBUG org.aspectj.weaver.bcel.BcelWeaver - 14:10:38.260 main > o.a.w.b.BcelWeaver.weave o.a.w.b.BcelWeaver@48524010 o.a.w.t.WeavingAdaptor$WeavingClassFileProvider@3946075
14:10:38.261 [main] DEBUG org.aspectj.weaver.bcel.BcelWeaver - 14:10:38.261 main > o.a.w.b.BcelWeaver.weaveAndNotify o.a.w.b.BcelWeaver@48524010 o.a.w.b.UnwovenClassFile@122635ef, o.a.w.b.BcelObjectType@2ac519dc, o.a.w.t.WeavingAdaptor$WeavingClassFileProvider$1@3d53e6f7
14:10:38.261 [main] DEBUG org.aspectj.weaver.bcel.BcelWeaver - 14:10:38.261 main < o.a.w.b.BcelWeaver.weaveAndNotify
14:10:38.261 [main] DEBUG org.aspectj.weaver.bcel.BcelWeaver - 14:10:38.261 main < o.a.w.b.BcelWeaver.weave java.util.ArrayList(1)
14:10:38.261 [main] DEBUG o.a.weaver.tools.WeavingAdaptor - 14:10:38.261 main < o.a.w.t.WeavingAdaptor.weaveClass byte[4813]
14:10:38.261 [main] DEBUG org.aspectj.weaver.Dump - 14:10:38.261 main > o.a.w.Dump.dumpOnExit o.a.w.t.WeavingAdaptor$WeavingAdaptorMessageHolder@6a6afff2
14:10:38.261 [main] DEBUG org.aspectj.weaver.Dump - 14:10:38.261 main > o.a.w.Dump.shouldDumpOnExit o.a.w.t.WeavingAdaptor$WeavingAdaptorMessageHolder@6a6afff2
14:10:38.261 [main] DEBUG org.aspectj.weaver.Dump - 14:10:38.261 main - o.a.w.Dump.shouldDumpOnExit abort
14:10:38.261 [main] DEBUG org.aspectj.weaver.Dump - 14:10:38.261 main < o.a.w.Dump.shouldDumpOnExit false
14:10:38.262 [main] DEBUG org.aspectj.weaver.Dump - 14:10:38.261 main < o.a.w.Dump.dumpOnExit Excluded
14:10:38.262 [main] DEBUG org.aspectj.weaver.loadtime.Aj - 14:10:38.262 main < o.a.w.l.Aj.preProcess byte[4813]
14:10:38.268 [main] DEBUG org.aspectj.weaver.loadtime.Aj - 14:10:38.268 main > o.a.w.l.Aj.preProcess o.a.w.l.Aj@b9afc07 io/qameta/allure/internal/shadowed/jackson/databind/introspect/AnnotatedMethodCollector, byte[11551], j.i.l.ClassLoaders$AppClassLoader@3cd1a2f1
14:10:38.268 [main] DEBUG org.aspectj.weaver.loadtime.Aj - 14:10:38.268 main - o.a.w.l.Aj.preProcess o.a.w.l.Aj@b9afc07 j.i.l.ClassLoaders$PlatformClassLoader@1ad282e0, j.i.l.ClassLoaders$AppClassLoader@3cd1a2f1
14:10:38.268 [main] DEBUG o.a.weaver.tools.WeavingAdaptor - 14:10:38.268 main > o.a.w.t.WeavingAdaptor.weaveClass o.a.w.l.ClassLoaderWeavingAdaptor@140e5a13 io/qameta/allure/internal/shadowed/jackson/databind/introspect/AnnotatedMethodCollector, byte[11551]
14:10:38.268 [main] DEBUG org.aspectj.weaver.bcel.BcelWeaver - 14:10:38.268 main > o.a.w.b.BcelWeaver.weave o.a.w.b.BcelWeaver@48524010 o.a.w.t.WeavingAdaptor$WeavingClassFileProvider@6be6931f
14:10:38.268 [main] DEBUG org.aspectj.weaver.bcel.BcelWeaver - 14:10:38.268 main > o.a.w.b.BcelWeaver.weaveAndNotify o.a.w.b.BcelWeaver@48524010 o.a.w.b.UnwovenClassFile@6b4125ed, o.a.w.b.BcelObjectType@78da899f, o.a.w.t.WeavingAdaptor$WeavingClassFileProvider$1@e7b265e
14:10:38.270 [main] DEBUG org.aspectj.weaver.bcel.BcelWeaver - 14:10:38.270 main < o.a.w.b.BcelWeaver.weaveAndNotify
14:10:38.270 [main] DEBUG org.aspectj.weaver.bcel.BcelWeaver - 14:10:38.270 main < o.a.w.b.BcelWeaver.weave java.util.ArrayList(1)
14:10:38.270 [main] DEBUG o.a.weaver.tools.WeavingAdaptor - 14:10:38.270 main < o.a.w.t.WeavingAdaptor.weaveClass byte[11551]
14:10:38.270 [main] DEBUG org.aspectj.weaver.Dump - 14:10:38.270 main > o.a.w.Dump.dumpOnExit o.a.w.t.WeavingAdaptor$WeavingAdaptorMessageHolder@6a6afff2
14:10:38.270 [main] DEBUG org.aspectj.weaver.Dump - 14:10:38.270 main > o.a.w.Dump.shouldDumpOnExit o.a.w.t.WeavingAdaptor$WeavingAdaptorMessageHolder@6a6afff2
14:10:38.270 [main] DEBUG org.aspectj.weaver.Dump - 14:10:38.270 main - o.a.w.Dump.shouldDumpOnExit abort
14:10:38.270 [main] DEBUG org.aspectj.weaver.Dump - 14:10:38.270 main < o.a.w.Dump.shouldDumpOnExit false
14:10:38.270 [main] DEBUG org.aspectj.weaver.Dump - 14:10:38.270 main < o.a.w.Dump.dumpOnExit Excluded
14:10:38.270 [main] DEBUG org.aspectj.weaver.loadtime.Aj - 14:10:38.270 main < o.a.w.l.Aj.preProcess byte[11551]
14:10:38.280 [main] DEBUG org.aspectj.weaver.loadtime.Aj - 14:10:38.280 main > o.a.w.l.Aj.preProcess o.a.w.l.Aj@b9afc07 io/qameta/allure/internal/shadowed/jackson/databind/introspect/MemberKey, byte[2628], j.i.l.ClassLoaders$AppClassLoader@3cd1a2f1
14:10:38.281 [main] DEBUG org.aspectj.weaver.loadtime.Aj - 14:10:38.280 main - o.a.w.l.Aj.preProcess o.a.w.l.Aj@b9afc07 j.i.l.ClassLoaders$PlatformClassLoader@1ad282e0, j.i.l.ClassLoaders$AppClassLoader@3cd1a2f1
14:10:38.281 [main] DEBUG o.a.weaver.tools.WeavingAdaptor - 14:10:38.281 main > o.a.w.t.WeavingAdaptor.weaveClass o.a.w.l.ClassLoaderWeavingAdaptor@140e5a13 io/qameta/allure/internal/shadowed/jackson/databind/introspect/MemberKey, byte[2628]
14:10:38.281 [main] DEBUG org.aspectj.weaver.bcel.BcelWeaver - 14:10:38.281 main > o.a.w.b.BcelWeaver.weave o.a.w.b.BcelWeaver@48524010 o.a.w.t.WeavingAdaptor$WeavingClassFileProvider@4bb147ec
14:10:38.281 [main] DEBUG org.aspectj.weaver.bcel.BcelWeaver - 14:10:38.281 main > o.a.w.b.BcelWeaver.weaveAndNotify o.a.w.b.BcelWeaver@48524010 o.a.w.b.UnwovenClassFile@33f2cfda, o.a.w.b.BcelObjectType@68ef01a5, o.a.w.t.WeavingAdaptor$WeavingClassFileProvider$1@59a2388e
14:10:38.281 [main] DEBUG org.aspectj.weaver.bcel.BcelWeaver - 14:10:38.281 main < o.a.w.b.BcelWeaver.weaveAndNotify
14:10:38.282 [main] DEBUG org.aspectj.weaver.bcel.BcelWeaver - 14:10:38.282 main < o.a.w.b.BcelWeaver.weave java.util.ArrayList(1)
14:10:38.282 [main] DEBUG o.a.weaver.tools.WeavingAdaptor - 14:10:38.282 main < o.a.w.t.WeavingAdaptor.weaveClass byte[2628]
14:10:38.282 [main] DEBUG org.aspectj.weaver.Dump - 14:10:38.282 main > o.a.w.Dump.dumpOnExit o.a.w.t.WeavingAdaptor$WeavingAdaptorMessageHolder@6a6afff2
14:10:38.282 [main] DEBUG org.aspectj.weaver.Dump - 14:10:38.282 main > o.a.w.Dump.shouldDumpOnExit o.a.w.t.WeavingAdaptor$WeavingAdaptorMessageHolder@6a6afff2
14:10:38.282 [main] DEBUG org.aspectj.weaver.Dump - 14:10:38.282 main - o.a.w.Dump.shouldDumpOnExit abort
14:10:38.282 [main] DEBUG org.aspectj.weaver.Dump - 14:10:38.282 main < o.a.w.Dump.shouldDumpOnExit false
14:10:38.282 [main] DEBUG org.aspectj.weaver.Dump - 14:10:38.282 main < o.a.w.Dump.dumpOnExit Excluded
14:10:38.282 [main] DEBUG org.aspectj.weaver.loadtime.Aj - 14:10:38.282 main < o.a.w.l.Aj.preProcess byte[2628]
14:10:38.286 [main] DEBUG org.aspectj.weaver.loadtime.Aj - 14:10:38.285 main > o.a.w.l.Aj.preProcess o.a.w.l.Aj@b9afc07 io/qameta/allure/internal/shadowed/jackson/databind/introspect/AnnotatedMethodCollector$MethodBuilder, byte[1948], j.i.l.ClassLoaders$AppClassLoader@3cd1a2f1
14:10:38.286 [main] DEBUG org.aspectj.weaver.loadtime.Aj - 14:10:38.286 main - o.a.w.l.Aj.preProcess o.a.w.l.Aj@b9afc07 j.i.l.ClassLoaders$PlatformClassLoader@1ad282e0, j.i.l.ClassLoaders$AppClassLoader@3cd1a2f1
14:10:38.286 [main] DEBUG o.a.weaver.tools.WeavingAdaptor - 14:10:38.286 main > o.a.w.t.WeavingAdaptor.weaveClass o.a.w.l.ClassLoaderWeavingAdaptor@140e5a13 io/qameta/allure/internal/shadowed/jackson/databind/introspect/AnnotatedMethodCollector$MethodBuilder, byte[1948]
14:10:38.286 [main] DEBUG org.aspectj.weaver.bcel.BcelWeaver - 14:10:38.286 main > o.a.w.b.BcelWeaver.weave o.a.w.b.BcelWeaver@48524010 o.a.w.t.WeavingAdaptor$WeavingClassFileProvider@3592c1c4
14:10:38.286 [main] DEBUG org.aspectj.weaver.bcel.BcelWeaver - 14:10:38.286 main > o.a.w.b.BcelWeaver.weaveAndNotify o.a.w.b.BcelWeaver@48524010 o.a.w.b.UnwovenClassFile@322e49ee, o.a.w.b.BcelObjectType@4aeb0e2b, o.a.w.t.WeavingAdaptor$WeavingClassFileProvider$1@648c5fb3
14:10:38.287 [main] DEBUG org.aspectj.weaver.bcel.BcelWeaver - 14:10:38.287 main < o.a.w.b.BcelWeaver.weaveAndNotify
14:10:38.287 [main] DEBUG org.aspectj.weaver.bcel.BcelWeaver - 14:10:38.287 main < o.a.w.b.BcelWeaver.weave java.util.ArrayList(1)
14:10:38.287 [main] DEBUG o.a.weaver.tools.WeavingAdaptor - 14:10:38.287 main < o.a.w.t.WeavingAdaptor.weaveClass byte[1948]
14:10:38.287 [main] DEBUG org.aspectj.weaver.Dump - 14:10:38.287 main > o.a.w.Dump.dumpOnExit o.a.w.t.WeavingAdaptor$WeavingAdaptorMessageHolder@6a6afff2
14:10:38.287 [main] DEBUG org.aspectj.weaver.Dump - 14:10:38.287 main > o.a.w.Dump.shouldDumpOnExit o.a.w.t.WeavingAdaptor$WeavingAdaptorMessageHolder@6a6afff2
14:10:38.287 [main] DEBUG org.aspectj.weaver.Dump - 14:10:38.287 main - o.a.w.Dump.shouldDumpOnExit abort
14:10:38.287 [main] DEBUG org.aspectj.weaver.Dump - 14:10:38.287 main < o.a.w.Dump.shouldDumpOnExit false
14:10:38.287 [main] DEBUG org.aspectj.weaver.Dump - 14:10:38.287 main < o.a.w.Dump.dumpOnExit Excluded
14:10:38.287 [main] DEBUG org.aspectj.weaver.loadtime.Aj - 14:10:38.287 main < o.a.w.l.Aj.preProcess byte[1948]
14:10:38.291 [main] DEBUG org.aspectj.weaver.loadtime.Aj - 14:10:38.291 main > o.a.w.l.Aj.preProcess o.a.w.l.Aj@b9afc07 io/qameta/allure/internal/shadowed/jackson/databind/introspect/AnnotatedMethodMap, byte[2725], j.i.l.ClassLoaders$AppClassLoader@3cd1a2f1
14:10:38.291 [main] DEBUG org.aspectj.weaver.loadtime.Aj - 14:10:38.291 main - o.a.w.l.Aj.preProcess o.a.w.l.Aj@b9afc07 j.i.l.ClassLoaders$PlatformClassLoader@1ad282e0, j.i.l.ClassLoaders$AppClassLoader@3cd1a2f1
14:10:38.291 [main] DEBUG o.a.weaver.tools.WeavingAdaptor - 14:10:38.291 main > o.a.w.t.WeavingAdaptor.weaveClass o.a.w.l.ClassLoaderWeavingAdaptor@140e5a13 io/qameta/allure/internal/shadowed/jackson/databind/introspect/AnnotatedMethodMap, byte[2725]
14:10:38.291 [main] DEBUG org.aspectj.weaver.bcel.BcelWeaver - 14:10:38.291 main > o.a.w.b.BcelWeaver.weave o.a.w.b.BcelWeaver@48524010 o.a.w.t.WeavingAdaptor$WeavingClassFileProvider@626d2016
14:10:38.292 [main] DEBUG org.aspectj.weaver.bcel.BcelWeaver - 14:10:38.291 main > o.a.w.b.BcelWeaver.weaveAndNotify o.a.w.b.BcelWeaver@48524010 o.a.w.b.UnwovenClassFile@2d5a1588, o.a.w.b.BcelObjectType@4f116ca2, o.a.w.t.WeavingAdaptor$WeavingClassFileProvider$1@125d47c4
14:10:38.292 [main] DEBUG org.aspectj.weaver.bcel.BcelWeaver - 14:10:38.292 main < o.a.w.b.BcelWeaver.weaveAndNotify
14:10:38.292 [main] DEBUG org.aspectj.weaver.bcel.BcelWeaver - 14:10:38.292 main < o.a.w.b.BcelWeaver.weave java.util.ArrayList(1)
14:10:38.292 [main] DEBUG o.a.weaver.tools.WeavingAdaptor - 14:10:38.292 main < o.a.w.t.WeavingAdaptor.weaveClass byte[2725]
14:10:38.292 [main] DEBUG org.aspectj.weaver.Dump - 14:10:38.292 main > o.a.w.Dump.dumpOnExit o.a.w.t.WeavingAdaptor$WeavingAdaptorMessageHolder@6a6afff2
14:10:38.292 [main] DEBUG org.aspectj.weaver.Dump - 14:10:38.292 main > o.a.w.Dump.shouldDumpOnExit o.a.w.t.WeavingAdaptor$WeavingAdaptorMessageHolder@6a6afff2
14:10:38.292 [main] DEBUG org.aspectj.weaver.Dump - 14:10:38.292 main - o.a.w.Dump.shouldDumpOnExit abort
14:10:38.292 [main] DEBUG org.aspectj.weaver.Dump - 14:10:38.292 main < o.a.w.Dump.shouldDumpOnExit false
14:10:38.292 [main] DEBUG org.aspectj.weaver.Dump - 14:10:38.292 main < o.a.w.Dump.dumpOnExit Excluded
14:10:38.292 [main] DEBUG org.aspectj.weaver.loadtime.Aj - 14:10:38.292 main < o.a.w.l.Aj.preProcess byte[2725]
14:10:38.294 [main] DEBUG org.aspectj.weaver.loadtime.Aj - 14:10:38.294 main > o.a.w.l.Aj.preProcess o.a.w.l.Aj@b9afc07 io/qameta/allure/internal/shadowed/jackson/annotation/JsonSetter, byte[939], j.i.l.ClassLoaders$AppClassLoader@3cd1a2f1
14:10:38.294 [main] DEBUG org.aspectj.weaver.loadtime.Aj - 14:10:38.294 main - o.a.w.l.Aj.preProcess o.a.w.l.Aj@b9afc07 j.i.l.ClassLoaders$PlatformClassLoader@1ad282e0, j.i.l.ClassLoaders$AppClassLoader@3cd1a2f1
14:10:38.294 [main] DEBUG o.a.weaver.tools.WeavingAdaptor - 14:10:38.294 main > o.a.w.t.WeavingAdaptor.weaveClass o.a.w.l.ClassLoaderWeavingAdaptor@140e5a13 io/qameta/allure/internal/shadowed/jackson/annotation/JsonSetter, byte[939]
14:10:38.294 [main] DEBUG org.aspectj.weaver.bcel.BcelWeaver - 14:10:38.294 main > o.a.w.b.BcelWeaver.weave o.a.w.b.BcelWeaver@48524010 o.a.w.t.WeavingAdaptor$WeavingClassFileProvider@58f2466c
14:10:38.295 [main] DEBUG org.aspectj.weaver.bcel.BcelWeaver - 14:10:38.295 main > o.a.w.b.BcelWeaver.weaveAndNotify o.a.w.b.BcelWeaver@48524010 o.a.w.b.UnwovenClassFile@5809fa26, o.a.w.b.BcelObjectType@64763e49, o.a.w.t.WeavingAdaptor$WeavingClassFileProvider$1@23468512
14:10:38.295 [main] DEBUG org.aspectj.weaver.bcel.BcelWeaver - 14:10:38.295 main < o.a.w.b.BcelWeaver.weaveAndNotify
14:10:38.295 [main] DEBUG org.aspectj.weaver.bcel.BcelWeaver - 14:10:38.295 main < o.a.w.b.BcelWeaver.weave java.util.ArrayList(1)
14:10:38.295 [main] DEBUG o.a.weaver.tools.WeavingAdaptor - 14:10:38.295 main < o.a.w.t.WeavingAdaptor.weaveClass byte[939]
14:10:38.295 [main] DEBUG org.aspectj.weaver.Dump - 14:10:38.295 main > o.a.w.Dump.dumpOnExit o.a.w.t.WeavingAdaptor$WeavingAdaptorMessageHolder@6a6afff2
14:10:38.295 [main] DEBUG org.aspectj.weaver.Dump - 14:10:38.295 main > o.a.w.Dump.shouldDumpOnExit o.a.w.t.WeavingAdaptor$WeavingAdaptorMessageHolder@6a6afff2
14:10:38.295 [main] DEBUG org.aspectj.weaver.Dump - 14:10:38.295 main - o.a.w.Dump.shouldDumpOnExit abort
14:10:38.295 [main] DEBUG org.aspectj.weaver.Dump - 14:10:38.295 main < o.a.w.Dump.shouldDumpOnExit false
14:10:38.295 [main] DEBUG org.aspectj.weaver.Dump - 14:10:38.295 main < o.a.w.Dump.dumpOnExit Excluded
14:10:38.295 [main] DEBUG org.aspectj.weaver.loadtime.Aj - 14:10:38.295 main < o.a.w.l.Aj.preProcess byte[939]
14:10:38.475 [main] DEBUG org.aspectj.weaver.loadtime.Aj - 14:10:38.475 main > o.a.w.l.Aj.preProcess o.a.w.l.Aj@b9afc07 io/qameta/allure/internal/shadowed/jackson/databind/introspect/AnnotatedCreatorCollector, byte[16420], j.i.l.ClassLoaders$AppClassLoader@3cd1a2f1
14:10:38.475 [main] DEBUG org.aspectj.weaver.loadtime.Aj - 14:10:38.475 main - o.a.w.l.Aj.preProcess o.a.w.l.Aj@b9afc07 j.i.l.ClassLoaders$PlatformClassLoader@1ad282e0, j.i.l.ClassLoaders$AppClassLoader@3cd1a2f1
14:10:38.475 [main] DEBUG o.a.weaver.tools.WeavingAdaptor - 14:10:38.475 main > o.a.w.t.WeavingAdaptor.weaveClass o.a.w.l.ClassLoaderWeavingAdaptor@140e5a13 io/qameta/allure/internal/shadowed/jackson/databind/introspect/AnnotatedCreatorCollector, byte[16420]
14:10:38.476 [main] DEBUG org.aspectj.weaver.bcel.BcelWeaver - 14:10:38.476 main > o.a.w.b.BcelWeaver.weave o.a.w.b.BcelWeaver@48524010 o.a.w.t.WeavingAdaptor$WeavingClassFileProvider@3caafa67
14:10:38.476 [main] DEBUG org.aspectj.weaver.bcel.BcelWeaver - 14:10:38.476 main > o.a.w.b.BcelWeaver.weaveAndNotify o.a.w.b.BcelWeaver@48524010 o.a.w.b.UnwovenClassFile@3e546734, o.a.w.b.BcelObjectType@53747c4a, o.a.w.t.WeavingAdaptor$WeavingClassFileProvider$1@64b0d1fa
14:10:38.476 [main] DEBUG org.aspectj.weaver.bcel.BcelWorld - 14:10:38.476 main - o.a.w.b.BcelWorld.lookupJavaClass o.a.w.l.LTWWorld@2b4a2ec7 io.qameta.allure.internal.shadowed.jackson.databind.util.ClassUtil$Ctor, o.a.a.b.c.JavaClass@c00fff0
14:10:38.476 [main] DEBUG org.aspectj.weaver.bcel.BcelWorld - 14:10:38.476 main - o.a.w.b.BcelWorld.lookupJavaClass o.a.w.l.LTWWorld@2b4a2ec7 java.lang.reflect.AnnotatedElement, o.a.a.b.c.JavaClass@347bdeef
14:10:38.477 [main] DEBUG org.aspectj.weaver.bcel.BcelWeaver - 14:10:38.477 main < o.a.w.b.BcelWeaver.weaveAndNotify
14:10:38.477 [main] DEBUG org.aspectj.weaver.bcel.BcelWeaver - 14:10:38.477 main < o.a.w.b.BcelWeaver.weave java.util.ArrayList(1)
14:10:38.477 [main] DEBUG o.a.weaver.tools.WeavingAdaptor - 14:10:38.477 main < o.a.w.t.WeavingAdaptor.weaveClass byte[16420]
14:10:38.477 [main] DEBUG org.aspectj.weaver.Dump - 14:10:38.477 main > o.a.w.Dump.dumpOnExit o.a.w.t.WeavingAdaptor$WeavingAdaptorMessageHolder@6a6afff2
14:10:38.477 [main] DEBUG org.aspectj.weaver.Dump - 14:10:38.477 main > o.a.w.Dump.shouldDumpOnExit o.a.w.t.WeavingAdaptor$WeavingAdaptorMessageHolder@6a6afff2
14:10:38.477 [main] DEBUG org.aspectj.weaver.Dump - 14:10:38.477 main - o.a.w.Dump.shouldDumpOnExit abort
14:10:38.477 [main] DEBUG org.aspectj.weaver.Dump - 14:10:38.477 main < o.a.w.Dump.shouldDumpOnExit false
14:10:38.477 [main] DEBUG org.aspectj.weaver.Dump - 14:10:38.477 main < o.a.w.Dump.dumpOnExit Excluded
14:10:38.477 [main] DEBUG org.aspectj.weaver.loadtime.Aj - 14:10:38.477 main < o.a.w.l.Aj.preProcess byte[16420]
14:10:38.481 [main] DEBUG org.aspectj.weaver.loadtime.Aj - 14:10:38.481 main > o.a.w.l.Aj.preProcess o.a.w.l.Aj@b9afc07 io/qameta/allure/internal/shadowed/jackson/databind/introspect/POJOPropertyBuilder$5, byte[2277], j.i.l.ClassLoaders$AppClassLoader@3cd1a2f1
14:10:38.481 [main] DEBUG org.aspectj.weaver.loadtime.Aj - 14:10:38.481 main - o.a.w.l.Aj.preProcess o.a.w.l.Aj@b9afc07 j.i.l.ClassLoaders$PlatformClassLoader@1ad282e0, j.i.l.ClassLoaders$AppClassLoader@3cd1a2f1
14:10:38.481 [main] DEBUG o.a.weaver.tools.WeavingAdaptor - 14:10:38.481 main > o.a.w.t.WeavingAdaptor.weaveClass o.a.w.l.ClassLoaderWeavingAdaptor@140e5a13 io/qameta/allure/internal/shadowed/jackson/databind/introspect/POJOPropertyBuilder$5, byte[2277]
14:10:38.482 [main] DEBUG org.aspectj.weaver.bcel.BcelWeaver - 14:10:38.482 main > o.a.w.b.BcelWeaver.weave o.a.w.b.BcelWeaver@48524010 o.a.w.t.WeavingAdaptor$WeavingClassFileProvider@131a7516
14:10:38.482 [main] DEBUG org.aspectj.weaver.bcel.BcelWeaver - 14:10:38.482 main > o.a.w.b.BcelWeaver.weaveAndNotify o.a.w.b.BcelWeaver@48524010 o.a.w.b.UnwovenClassFile@5ae15, o.a.w.b.BcelObjectType@577536e0, o.a.w.t.WeavingAdaptor$WeavingClassFileProvider$1@12219f6a
14:10:38.482 [main] DEBUG org.aspectj.weaver.bcel.BcelWeaver - 14:10:38.482 main < o.a.w.b.BcelWeaver.weaveAndNotify
14:10:38.482 [main] DEBUG org.aspectj.weaver.bcel.BcelWeaver - 14:10:38.482 main < o.a.w.b.BcelWeaver.weave java.util.ArrayList(1)
14:10:38.482 [main] DEBUG o.a.weaver.tools.WeavingAdaptor - 14:10:38.482 main < o.a.w.t.WeavingAdaptor.weaveClass byte[2277]
14:10:38.482 [main] DEBUG org.aspectj.weaver.Dump - 14:10:38.482 main > o.a.w.Dump.dumpOnExit o.a.w.t.WeavingAdaptor$WeavingAdaptorMessageHolder@6a6afff2
14:10:38.482 [main] DEBUG org.aspectj.weaver.Dump - 14:10:38.482 main > o.a.w.Dump.shouldDumpOnExit o.a.w.t.WeavingAdaptor$WeavingAdaptorMessageHolder@6a6afff2
14:10:38.482 [main] DEBUG org.aspectj.weaver.Dump - 14:10:38.482 main - o.a.w.Dump.shouldDumpOnExit abort
14:10:38.482 [main] DEBUG org.aspectj.weaver.Dump - 14:10:38.482 main < o.a.w.Dump.shouldDumpOnExit false
14:10:38.482 [main] DEBUG org.aspectj.weaver.Dump - 14:10:38.482 main < o.a.w.Dump.dumpOnExit Excluded
14:10:38.483 [main] DEBUG org.aspectj.weaver.loadtime.Aj - 14:10:38.483 main < o.a.w.l.Aj.preProcess byte[2277]
14:10:38.484 [main] DEBUG org.aspectj.weaver.loadtime.Aj - 14:10:38.484 main > o.a.w.l.Aj.preProcess o.a.w.l.Aj@b9afc07 io/qameta/allure/internal/shadowed/jackson/annotation/JsonProperty$Access, byte[1484], j.i.l.ClassLoaders$AppClassLoader@3cd1a2f1
14:10:38.485 [main] DEBUG org.aspectj.weaver.loadtime.Aj - 14:10:38.485 main - o.a.w.l.Aj.preProcess o.a.w.l.Aj@b9afc07 j.i.l.ClassLoaders$PlatformClassLoader@1ad282e0, j.i.l.ClassLoaders$AppClassLoader@3cd1a2f1
14:10:38.485 [main] DEBUG o.a.weaver.tools.WeavingAdaptor - 14:10:38.485 main > o.a.w.t.WeavingAdaptor.weaveClass o.a.w.l.ClassLoaderWeavingAdaptor@140e5a13 io/qameta/allure/internal/shadowed/jackson/annotation/JsonProperty$Access, byte[1484]
14:10:38.485 [main] DEBUG org.aspectj.weaver.bcel.BcelWeaver - 14:10:38.485 main > o.a.w.b.BcelWeaver.weave o.a.w.b.BcelWeaver@48524010 o.a.w.t.WeavingAdaptor$WeavingClassFileProvider@4bc6da03
14:10:38.485 [main] DEBUG org.aspectj.weaver.bcel.BcelWeaver - 14:10:38.485 main > o.a.w.b.BcelWeaver.weaveAndNotify o.a.w.b.BcelWeaver@48524010 o.a.w.b.UnwovenClassFile@4f59a516, o.a.w.b.BcelObjectType@4e22368c, o.a.w.t.WeavingAdaptor$WeavingClassFileProvider$1@411cd156
14:10:38.486 [main] DEBUG org.aspectj.weaver.bcel.BcelWeaver - 14:10:38.486 main < o.a.w.b.BcelWeaver.weaveAndNotify
14:10:38.486 [main] DEBUG org.aspectj.weaver.bcel.BcelWeaver - 14:10:38.486 main < o.a.w.b.BcelWeaver.weave java.util.ArrayList(1)
14:10:38.486 [main] DEBUG o.a.weaver.tools.WeavingAdaptor - 14:10:38.486 main < o.a.w.t.WeavingAdaptor.weaveClass byte[1484]
14:10:38.486 [main] DEBUG org.aspectj.weaver.Dump - 14:10:38.486 main > o.a.w.Dump.dumpOnExit o.a.w.t.WeavingAdaptor$WeavingAdaptorMessageHolder@6a6afff2
14:10:38.486 [main] DEBUG org.aspectj.weaver.Dump - 14:10:38.486 main > o.a.w.Dump.shouldDumpOnExit o.a.w.t.WeavingAdaptor$WeavingAdaptorMessageHolder@6a6afff2
14:10:38.486 [main] DEBUG org.aspectj.weaver.Dump - 14:10:38.486 main - o.a.w.Dump.shouldDumpOnExit abort
14:10:38.486 [main] DEBUG org.aspectj.weaver.Dump - 14:10:38.486 main < o.a.w.Dump.shouldDumpOnExit false
14:10:38.486 [main] DEBUG org.aspectj.weaver.Dump - 14:10:38.486 main < o.a.w.Dump.dumpOnExit Excluded
14:10:38.486 [main] DEBUG org.aspectj.weaver.loadtime.Aj - 14:10:38.486 main < o.a.w.l.Aj.preProcess byte[1484]
14:10:38.488 [main] DEBUG org.aspectj.weaver.loadtime.Aj - 14:10:38.488 main > o.a.w.l.Aj.preProcess o.a.w.l.Aj@b9afc07 io/qameta/allure/internal/shadowed/jackson/databind/introspect/POJOPropertyBuilder$6, byte[1135], j.i.l.ClassLoaders$AppClassLoader@3cd1a2f1
14:10:38.489 [main] DEBUG org.aspectj.weaver.loadtime.Aj - 14:10:38.489 main - o.a.w.l.Aj.preProcess o.a.w.l.Aj@b9afc07 j.i.l.ClassLoaders$PlatformClassLoader@1ad282e0, j.i.l.ClassLoaders$AppClassLoader@3cd1a2f1
14:10:38.489 [main] DEBUG o.a.weaver.tools.WeavingAdaptor - 14:10:38.489 main > o.a.w.t.WeavingAdaptor.weaveClass o.a.w.l.ClassLoaderWeavingAdaptor@140e5a13 io/qameta/allure/internal/shadowed/jackson/databind/introspect/POJOPropertyBuilder$6, byte[1135]
14:10:38.489 [main] DEBUG org.aspectj.weaver.bcel.BcelWeaver - 14:10:38.489 main > o.a.w.b.BcelWeaver.weave o.a.w.b.BcelWeaver@48524010 o.a.w.t.WeavingAdaptor$WeavingClassFileProvider@5f0a2638
14:10:38.489 [main] DEBUG org.aspectj.weaver.bcel.BcelWeaver - 14:10:38.489 main > o.a.w.b.BcelWeaver.weaveAndNotify o.a.w.b.BcelWeaver@48524010 o.a.w.b.UnwovenClassFile@5382184b, o.a.w.b.BcelObjectType@77cb452c, o.a.w.t.WeavingAdaptor$WeavingClassFileProvider$1@2213639b
14:10:38.492 [main] DEBUG org.aspectj.weaver.bcel.BcelWeaver - 14:10:38.492 main < o.a.w.b.BcelWeaver.weaveAndNotify
14:10:38.492 [main] DEBUG org.aspectj.weaver.bcel.BcelWeaver - 14:10:38.492 main < o.a.w.b.BcelWeaver.weave java.util.ArrayList(1)
14:10:38.492 [main] DEBUG o.a.weaver.tools.WeavingAdaptor - 14:10:38.492 main < o.a.w.t.WeavingAdaptor.weaveClass byte[1135]
14:10:38.492 [main] DEBUG org.aspectj.weaver.Dump - 14:10:38.492 main > o.a.w.Dump.dumpOnExit o.a.w.t.WeavingAdaptor$WeavingAdaptorMessageHolder@6a6afff2
14:10:38.492 [main] DEBUG org.aspectj.weaver.Dump - 14:10:38.492 main > o.a.w.Dump.shouldDumpOnExit o.a.w.t.WeavingAdaptor$WeavingAdaptorMessageHolder@6a6afff2
14:10:38.492 [main] DEBUG org.aspectj.weaver.Dump - 14:10:38.492 main - o.a.w.Dump.shouldDumpOnExit abort
14:10:38.492 [main] DEBUG org.aspectj.weaver.Dump - 14:10:38.492 main < o.a.w.Dump.shouldDumpOnExit false
14:10:38.492 [main] DEBUG org.aspectj.weaver.Dump - 14:10:38.492 main < o.a.w.Dump.dumpOnExit Excluded
14:10:38.492 [main] DEBUG org.aspectj.weaver.loadtime.Aj - 14:10:38.492 main < o.a.w.l.Aj.preProcess byte[1135]
14:10:38.495 [main] DEBUG org.aspectj.weaver.loadtime.Aj - 14:10:38.495 main > o.a.w.l.Aj.preProcess o.a.w.l.Aj@b9afc07 io/qameta/allure/internal/shadowed/jackson/annotation/JacksonInject, byte[927], j.i.l.ClassLoaders$AppClassLoader@3cd1a2f1
14:10:38.495 [main] DEBUG org.aspectj.weaver.loadtime.Aj - 14:10:38.495 main - o.a.w.l.Aj.preProcess o.a.w.l.Aj@b9afc07 j.i.l.ClassLoaders$PlatformClassLoader@1ad282e0, j.i.l.ClassLoaders$AppClassLoader@3cd1a2f1
14:10:38.495 [main] DEBUG o.a.weaver.tools.WeavingAdaptor - 14:10:38.495 main > o.a.w.t.WeavingAdaptor.weaveClass o.a.w.l.ClassLoaderWeavingAdaptor@140e5a13 io/qameta/allure/internal/shadowed/jackson/annotation/JacksonInject, byte[927]
14:10:38.495 [main] DEBUG org.aspectj.weaver.bcel.BcelWeaver - 14:10:38.495 main > o.a.w.b.BcelWeaver.weave o.a.w.b.BcelWeaver@48524010 o.a.w.t.WeavingAdaptor$WeavingClassFileProvider@75d366c2
14:10:38.495 [main] DEBUG org.aspectj.weaver.bcel.BcelWeaver - 14:10:38.495 main > o.a.w.b.BcelWeaver.weaveAndNotify o.a.w.b.BcelWeaver@48524010 o.a.w.b.UnwovenClassFile@8f40022, o.a.w.b.BcelObjectType@5232e3f1, o.a.w.t.WeavingAdaptor$WeavingClassFileProvider$1@6c8fe7a4
14:10:38.495 [main] DEBUG org.aspectj.weaver.bcel.BcelWeaver - 14:10:38.495 main < o.a.w.b.BcelWeaver.weaveAndNotify
14:10:38.496 [main] DEBUG org.aspectj.weaver.bcel.BcelWeaver - 14:10:38.495 main < o.a.w.b.BcelWeaver.weave java.util.ArrayList(1)
14:10:38.496 [main] DEBUG o.a.weaver.tools.WeavingAdaptor - 14:10:38.496 main < o.a.w.t.WeavingAdaptor.weaveClass byte[927]
14:10:38.496 [main] DEBUG org.aspectj.weaver.Dump - 14:10:38.496 main > o.a.w.Dump.dumpOnExit o.a.w.t.WeavingAdaptor$WeavingAdaptorMessageHolder@6a6afff2
14:10:38.496 [main] DEBUG org.aspectj.weaver.Dump - 14:10:38.496 main > o.a.w.Dump.shouldDumpOnExit o.a.w.t.WeavingAdaptor$WeavingAdaptorMessageHolder@6a6afff2
14:10:38.496 [main] DEBUG org.aspectj.weaver.Dump - 14:10:38.496 main - o.a.w.Dump.shouldDumpOnExit abort
14:10:38.496 [main] DEBUG org.aspectj.weaver.Dump - 14:10:38.496 main < o.a.w.Dump.shouldDumpOnExit false
14:10:38.496 [main] DEBUG org.aspectj.weaver.Dump - 14:10:38.496 main < o.a.w.Dump.dumpOnExit Excluded
14:10:38.496 [main] DEBUG org.aspectj.weaver.loadtime.Aj - 14:10:38.496 main < o.a.w.l.Aj.preProcess byte[927]
14:10:38.498 [main] DEBUG org.aspectj.weaver.loadtime.Aj - 14:10:38.497 main > o.a.w.l.Aj.preProcess o.a.w.l.Aj@b9afc07 io/qameta/allure/internal/shadowed/jackson/databind/annotation/JsonNaming, byte[796], j.i.l.ClassLoaders$AppClassLoader@3cd1a2f1
14:10:38.498 [main] DEBUG org.aspectj.weaver.loadtime.Aj - 14:10:38.498 main - o.a.w.l.Aj.preProcess o.a.w.l.Aj@b9afc07 j.i.l.ClassLoaders$PlatformClassLoader@1ad282e0, j.i.l.ClassLoaders$AppClassLoader@3cd1a2f1
14:10:38.498 [main] DEBUG o.a.weaver.tools.WeavingAdaptor - 14:10:38.498 main > o.a.w.t.WeavingAdaptor.weaveClass o.a.w.l.ClassLoaderWeavingAdaptor@140e5a13 io/qameta/allure/internal/shadowed/jackson/databind/annotation/JsonNaming, byte[796]
14:10:38.498 [main] DEBUG org.aspectj.weaver.bcel.BcelWeaver - 14:10:38.498 main > o.a.w.b.BcelWeaver.weave o.a.w.b.BcelWeaver@48524010 o.a.w.t.WeavingAdaptor$WeavingClassFileProvider@7c90b7b7
14:10:38.498 [main] DEBUG org.aspectj.weaver.bcel.BcelWeaver - 14:10:38.498 main > o.a.w.b.BcelWeaver.weaveAndNotify o.a.w.b.BcelWeaver@48524010 o.a.w.b.UnwovenClassFile@5d7911d5, o.a.w.b.BcelObjectType@3ba1308d, o.a.w.t.WeavingAdaptor$WeavingClassFileProvider$1@5a08b084
14:10:38.499 [main] DEBUG org.aspectj.weaver.bcel.BcelWeaver - 14:10:38.499 main < o.a.w.b.BcelWeaver.weaveAndNotify
14:10:38.499 [main] DEBUG org.aspectj.weaver.bcel.BcelWeaver - 14:10:38.499 main < o.a.w.b.BcelWeaver.weave java.util.ArrayList(1)
14:10:38.499 [main] DEBUG o.a.weaver.tools.WeavingAdaptor - 14:10:38.499 main < o.a.w.t.WeavingAdaptor.weaveClass byte[796]
14:10:38.499 [main] DEBUG org.aspectj.weaver.Dump - 14:10:38.499 main > o.a.w.Dump.dumpOnExit o.a.w.t.WeavingAdaptor$WeavingAdaptorMessageHolder@6a6afff2
14:10:38.499 [main] DEBUG org.aspectj.weaver.Dump - 14:10:38.499 main > o.a.w.Dump.shouldDumpOnExit o.a.w.t.WeavingAdaptor$WeavingAdaptorMessageHolder@6a6afff2
14:10:38.499 [main] DEBUG org.aspectj.weaver.Dump - 14:10:38.499 main - o.a.w.Dump.shouldDumpOnExit abort
14:10:38.499 [main] DEBUG org.aspectj.weaver.Dump - 14:10:38.499 main < o.a.w.Dump.shouldDumpOnExit false
14:10:38.499 [main] DEBUG org.aspectj.weaver.Dump - 14:10:38.499 main < o.a.w.Dump.dumpOnExit Excluded
14:10:38.499 [main] DEBUG org.aspectj.weaver.loadtime.Aj - 14:10:38.499 main < o.a.w.l.Aj.preProcess byte[796]
14:10:38.500 [main] DEBUG org.aspectj.weaver.loadtime.Aj - 14:10:38.500 main > o.a.w.l.Aj.preProcess o.a.w.l.Aj@b9afc07 io/qameta/allure/internal/shadowed/jackson/annotation/JsonPropertyOrder, byte[690], j.i.l.ClassLoaders$AppClassLoader@3cd1a2f1
14:10:38.501 [main] DEBUG org.aspectj.weaver.loadtime.Aj - 14:10:38.500 main - o.a.w.l.Aj.preProcess o.a.w.l.Aj@b9afc07 j.i.l.ClassLoaders$PlatformClassLoader@1ad282e0, j.i.l.ClassLoaders$AppClassLoader@3cd1a2f1
14:10:38.501 [main] DEBUG o.a.weaver.tools.WeavingAdaptor - 14:10:38.501 main > o.a.w.t.WeavingAdaptor.weaveClass o.a.w.l.ClassLoaderWeavingAdaptor@140e5a13 io/qameta/allure/internal/shadowed/jackson/annotation/JsonPropertyOrder, byte[690]
14:10:38.501 [main] DEBUG org.aspectj.weaver.bcel.BcelWeaver - 14:10:38.501 main > o.a.w.b.BcelWeaver.weave o.a.w.b.BcelWeaver@48524010 o.a.w.t.WeavingAdaptor$WeavingClassFileProvider@1b3ab4f9
14:10:38.501 [main] DEBUG org.aspectj.weaver.bcel.BcelWeaver - 14:10:38.501 main > o.a.w.b.BcelWeaver.weaveAndNotify o.a.w.b.BcelWeaver@48524010 o.a.w.b.UnwovenClassFile@5c6a5192, o.a.w.b.BcelObjectType@1c8f6c66, o.a.w.t.WeavingAdaptor$WeavingClassFileProvider$1@552cede7
14:10:38.501 [main] DEBUG org.aspectj.weaver.bcel.BcelWeaver - 14:10:38.501 main < o.a.w.b.BcelWeaver.weaveAndNotify
14:10:38.501 [main] DEBUG org.aspectj.weaver.bcel.BcelWeaver - 14:10:38.501 main < o.a.w.b.BcelWeaver.weave java.util.ArrayList(1)
14:10:38.501 [main] DEBUG o.a.weaver.tools.WeavingAdaptor - 14:10:38.501 main < o.a.w.t.WeavingAdaptor.weaveClass byte[690]
14:10:38.501 [main] DEBUG org.aspectj.weaver.Dump - 14:10:38.501 main > o.a.w.Dump.dumpOnExit o.a.w.t.WeavingAdaptor$WeavingAdaptorMessageHolder@6a6afff2
14:10:38.501 [main] DEBUG org.aspectj.weaver.Dump - 14:10:38.501 main > o.a.w.Dump.shouldDumpOnExit o.a.w.t.WeavingAdaptor$WeavingAdaptorMessageHolder@6a6afff2
14:10:38.502 [main] DEBUG org.aspectj.weaver.Dump - 14:10:38.502 main - o.a.w.Dump.shouldDumpOnExit abort
14:10:38.502 [main] DEBUG org.aspectj.weaver.Dump - 14:10:38.502 main < o.a.w.Dump.shouldDumpOnExit false
14:10:38.502 [main] DEBUG org.aspectj.weaver.Dump - 14:10:38.502 main < o.a.w.Dump.dumpOnExit Excluded
14:10:38.502 [main] DEBUG org.aspectj.weaver.loadtime.Aj - 14:10:38.502 main < o.a.w.l.Aj.preProcess byte[690]
14:10:38.505 [main] DEBUG org.aspectj.weaver.loadtime.Aj - 14:10:38.504 main > o.a.w.l.Aj.preProcess o.a.w.l.Aj@b9afc07 io/qameta/allure/internal/shadowed/jackson/annotation/JsonPropertyDescription, byte[689], j.i.l.ClassLoaders$AppClassLoader@3cd1a2f1
14:10:38.505 [main] DEBUG org.aspectj.weaver.loadtime.Aj - 14:10:38.505 main - o.a.w.l.Aj.preProcess o.a.w.l.Aj@b9afc07 j.i.l.ClassLoaders$PlatformClassLoader@1ad282e0, j.i.l.ClassLoaders$AppClassLoader@3cd1a2f1
14:10:38.505 [main] DEBUG o.a.weaver.tools.WeavingAdaptor - 14:10:38.505 main > o.a.w.t.WeavingAdaptor.weaveClass o.a.w.l.ClassLoaderWeavingAdaptor@140e5a13 io/qameta/allure/internal/shadowed/jackson/annotation/JsonPropertyDescription, byte[689]
14:10:38.505 [main] DEBUG org.aspectj.weaver.bcel.BcelWeaver - 14:10:38.505 main > o.a.w.b.BcelWeaver.weave o.a.w.b.BcelWeaver@48524010 o.a.w.t.WeavingAdaptor$WeavingClassFileProvider@40ed1802
14:10:38.505 [main] DEBUG org.aspectj.weaver.bcel.BcelWeaver - 14:10:38.505 main > o.a.w.b.BcelWeaver.weaveAndNotify o.a.w.b.BcelWeaver@48524010 o.a.w.b.UnwovenClassFile@23c767e6, o.a.w.b.BcelObjectType@feb098f, o.a.w.t.WeavingAdaptor$WeavingClassFileProvider$1@19e21f89
14:10:38.505 [main] DEBUG org.aspectj.weaver.bcel.BcelWeaver - 14:10:38.505 main < o.a.w.b.BcelWeaver.weaveAndNotify
14:10:38.505 [main] DEBUG org.aspectj.weaver.bcel.BcelWeaver - 14:10:38.505 main < o.a.w.b.BcelWeaver.weave java.util.ArrayList(1)
14:10:38.505 [main] DEBUG o.a.weaver.tools.WeavingAdaptor - 14:10:38.505 main < o.a.w.t.WeavingAdaptor.weaveClass byte[689]
14:10:38.505 [main] DEBUG org.aspectj.weaver.Dump - 14:10:38.505 main > o.a.w.Dump.dumpOnExit o.a.w.t.WeavingAdaptor$WeavingAdaptorMessageHolder@6a6afff2
14:10:38.505 [main] DEBUG org.aspectj.weaver.Dump - 14:10:38.505 main > o.a.w.Dump.shouldDumpOnExit o.a.w.t.WeavingAdaptor$WeavingAdaptorMessageHolder@6a6afff2
14:10:38.506 [main] DEBUG org.aspectj.weaver.Dump - 14:10:38.505 main - o.a.w.Dump.shouldDumpOnExit abort
14:10:38.506 [main] DEBUG org.aspectj.weaver.Dump - 14:10:38.506 main < o.a.w.Dump.shouldDumpOnExit false
14:10:38.506 [main] DEBUG org.aspectj.weaver.Dump - 14:10:38.506 main < o.a.w.Dump.dumpOnExit Excluded
14:10:38.506 [main] DEBUG org.aspectj.weaver.loadtime.Aj - 14:10:38.506 main < o.a.w.l.Aj.preProcess byte[689]
14:10:38.507 [main] DEBUG org.aspectj.weaver.loadtime.Aj - 14:10:38.507 main > o.a.w.l.Aj.preProcess o.a.w.l.Aj@b9afc07 io/qameta/allure/internal/shadowed/jackson/databind/PropertyMetadata, byte[5608], j.i.l.ClassLoaders$AppClassLoader@3cd1a2f1
14:10:38.507 [main] DEBUG org.aspectj.weaver.loadtime.Aj - 14:10:38.507 main - o.a.w.l.Aj.preProcess o.a.w.l.Aj@b9afc07 j.i.l.ClassLoaders$PlatformClassLoader@1ad282e0, j.i.l.ClassLoaders$AppClassLoader@3cd1a2f1
14:10:38.507 [main] DEBUG o.a.weaver.tools.WeavingAdaptor - 14:10:38.507 main > o.a.w.t.WeavingAdaptor.weaveClass o.a.w.l.ClassLoaderWeavingAdaptor@140e5a13 io/qameta/allure/internal/shadowed/jackson/databind/PropertyMetadata, byte[5608]
14:10:38.508 [main] DEBUG org.aspectj.weaver.bcel.BcelWeaver - 14:10:38.508 main > o.a.w.b.BcelWeaver.weave o.a.w.b.BcelWeaver@48524010 o.a.w.t.WeavingAdaptor$WeavingClassFileProvider@776015fc
14:10:38.508 [main] DEBUG org.aspectj.weaver.bcel.BcelWeaver - 14:10:38.508 main > o.a.w.b.BcelWeaver.weaveAndNotify o.a.w.b.BcelWeaver@48524010 o.a.w.b.UnwovenClassFile@7f42e06e, o.a.w.b.BcelObjectType@6ad179b4, o.a.w.t.WeavingAdaptor$WeavingClassFileProvider$1@2efd2f21
14:10:38.510 [main] DEBUG org.aspectj.weaver.bcel.BcelWorld - 14:10:38.510 main - o.a.w.b.BcelWorld.lookupJavaClass o.a.w.l.LTWWorld@2b4a2ec7 io.qameta.allure.internal.shadowed.jackson.databind.PropertyMetadata$MergeInfo, o.a.a.b.c.JavaClass@17d2b075
14:10:38.510 [main] DEBUG org.aspectj.weaver.bcel.BcelWorld - 14:10:38.510 main - o.a.w.b.BcelWorld.lookupJavaClass o.a.w.l.LTWWorld@2b4a2ec7 io.qameta.allure.internal.shadowed.jackson.annotation.Nulls, o.a.a.b.c.JavaClass@e044b4a
14:10:38.510 [main] DEBUG org.aspectj.weaver.bcel.BcelWeaver - 14:10:38.510 main < o.a.w.b.BcelWeaver.weaveAndNotify
14:10:38.510 [main] DEBUG org.aspectj.weaver.bcel.BcelWeaver - 14:10:38.510 main < o.a.w.b.BcelWeaver.weave java.util.ArrayList(1)
14:10:38.510 [main] DEBUG o.a.weaver.tools.WeavingAdaptor - 14:10:38.510 main < o.a.w.t.WeavingAdaptor.weaveClass byte[5608]
14:10:38.511 [main] DEBUG org.aspectj.weaver.Dump - 14:10:38.510 main > o.a.w.Dump.dumpOnExit o.a.w.t.WeavingAdaptor$WeavingAdaptorMessageHolder@6a6afff2
14:10:38.511 [main] DEBUG org.aspectj.weaver.Dump - 14:10:38.511 main > o.a.w.Dump.shouldDumpOnExit o.a.w.t.WeavingAdaptor$WeavingAdaptorMessageHolder@6a6afff2
14:10:38.511 [main] DEBUG org.aspectj.weaver.Dump - 14:10:38.511 main - o.a.w.Dump.shouldDumpOnExit abort
14:10:38.511 [main] DEBUG org.aspectj.weaver.Dump - 14:10:38.511 main < o.a.w.Dump.shouldDumpOnExit false
14:10:38.511 [main] DEBUG org.aspectj.weaver.Dump - 14:10:38.511 main < o.a.w.Dump.dumpOnExit Excluded
14:10:38.511 [main] DEBUG org.aspectj.weaver.loadtime.Aj - 14:10:38.511 main < o.a.w.l.Aj.preProcess byte[5608]
14:10:38.541 [main] DEBUG org.aspectj.weaver.loadtime.Aj - 14:10:38.540 main > o.a.w.l.Aj.preProcess o.a.w.l.Aj@b9afc07 io/qameta/allure/internal/shadowed/jackson/databind/ext/OptionalHandlerFactory, byte[9872], j.i.l.ClassLoaders$AppClassLoader@3cd1a2f1
14:10:38.541 [main] DEBUG org.aspectj.weaver.loadtime.Aj - 14:10:38.541 main - o.a.w.l.Aj.preProcess o.a.w.l.Aj@b9afc07 j.i.l.ClassLoaders$PlatformClassLoader@1ad282e0, j.i.l.ClassLoaders$AppClassLoader@3cd1a2f1
14:10:38.541 [main] DEBUG o.a.weaver.tools.WeavingAdaptor - 14:10:38.541 main > o.a.w.t.WeavingAdaptor.weaveClass o.a.w.l.ClassLoaderWeavingAdaptor@140e5a13 io/qameta/allure/internal/shadowed/jackson/databind/ext/OptionalHandlerFactory, byte[9872]
14:10:38.541 [main] DEBUG org.aspectj.weaver.bcel.BcelWeaver - 14:10:38.541 main > o.a.w.b.BcelWeaver.weave o.a.w.b.BcelWeaver@48524010 o.a.w.t.WeavingAdaptor$WeavingClassFileProvider@315c081
14:10:38.541 [main] DEBUG org.aspectj.weaver.bcel.BcelWeaver - 14:10:38.541 main > o.a.w.b.BcelWeaver.weaveAndNotify o.a.w.b.BcelWeaver@48524010 o.a.w.b.UnwovenClassFile@6b2dd3df, o.a.w.b.BcelObjectType@4db77402, o.a.w.t.WeavingAdaptor$WeavingClassFileProvider$1@73c48264
14:10:38.542 [main] DEBUG org.aspectj.weaver.bcel.BcelWorld - 14:10:38.542 main - o.a.w.b.BcelWorld.lookupJavaClass o.a.w.l.LTWWorld@2b4a2ec7 io.qameta.allure.internal.shadowed.jackson.databind.SerializationConfig, o.a.a.b.c.JavaClass@c055c54
14:10:38.542 [main] DEBUG org.aspectj.weaver.bcel.BcelWorld - 14:10:38.542 main - o.a.w.b.BcelWorld.lookupJavaClass o.a.w.l.LTWWorld@2b4a2ec7 io.qameta.allure.internal.shadowed.jackson.databind.DeserializationConfig, o.a.a.b.c.JavaClass@4566d049
14:10:38.542 [main] DEBUG org.aspectj.weaver.bcel.BcelWorld - 14:10:38.542 main - o.a.w.b.BcelWorld.lookupJavaClass o.a.w.l.LTWWorld@2b4a2ec7 io.qameta.allure.internal.shadowed.jackson.databind.JsonDeserializer, o.a.a.b.c.JavaClass@b6b1987
14:10:38.542 [main] DEBUG org.aspectj.weaver.bcel.BcelWeaver - 14:10:38.542 main < o.a.w.b.BcelWeaver.weaveAndNotify
14:10:38.542 [main] DEBUG org.aspectj.weaver.bcel.BcelWeaver - 14:10:38.542 main < o.a.w.b.BcelWeaver.weave java.util.ArrayList(1)
14:10:38.542 [main] DEBUG o.a.weaver.tools.WeavingAdaptor - 14:10:38.542 main < o.a.w.t.WeavingAdaptor.weaveClass byte[9872]
14:10:38.543 [main] DEBUG org.aspectj.weaver.Dump - 14:10:38.542 main > o.a.w.Dump.dumpOnExit o.a.w.t.WeavingAdaptor$WeavingAdaptorMessageHolder@6a6afff2
14:10:38.543 [main] DEBUG org.aspectj.weaver.Dump - 14:10:38.543 main > o.a.w.Dump.shouldDumpOnExit o.a.w.t.WeavingAdaptor$WeavingAdaptorMessageHolder@6a6afff2
14:10:38.543 [main] DEBUG org.aspectj.weaver.Dump - 14:10:38.543 main - o.a.w.Dump.shouldDumpOnExit abort
14:10:38.543 [main] DEBUG org.aspectj.weaver.Dump - 14:10:38.543 main < o.a.w.Dump.shouldDumpOnExit false
14:10:38.543 [main] DEBUG org.aspectj.weaver.Dump - 14:10:38.543 main < o.a.w.Dump.dumpOnExit Excluded
14:10:38.543 [main] DEBUG org.aspectj.weaver.loadtime.Aj - 14:10:38.543 main < o.a.w.l.Aj.preProcess byte[9872]
14:10:38.546 [main] DEBUG org.aspectj.weaver.loadtime.Aj - 14:10:38.546 main > o.a.w.l.Aj.preProcess o.a.w.l.Aj@b9afc07 io/qameta/allure/internal/shadowed/jackson/databind/ext/Java7Handlers, byte[1706], j.i.l.ClassLoaders$AppClassLoader@3cd1a2f1
14:10:38.546 [main] DEBUG org.aspectj.weaver.loadtime.Aj - 14:10:38.546 main - o.a.w.l.Aj.preProcess o.a.w.l.Aj@b9afc07 j.i.l.ClassLoaders$PlatformClassLoader@1ad282e0, j.i.l.ClassLoaders$AppClassLoader@3cd1a2f1
14:10:38.546 [main] DEBUG o.a.weaver.tools.WeavingAdaptor - 14:10:38.546 main > o.a.w.t.WeavingAdaptor.weaveClass o.a.w.l.ClassLoaderWeavingAdaptor@140e5a13 io/qameta/allure/internal/shadowed/jackson/databind/ext/Java7Handlers, byte[1706]
14:10:38.546 [main] DEBUG org.aspectj.weaver.bcel.BcelWeaver - 14:10:38.546 main > o.a.w.b.BcelWeaver.weave o.a.w.b.BcelWeaver@48524010 o.a.w.t.WeavingAdaptor$WeavingClassFileProvider@4a070cf0
14:10:38.547 [main] DEBUG org.aspectj.weaver.bcel.BcelWeaver - 14:10:38.547 main > o.a.w.b.BcelWeaver.weaveAndNotify o.a.w.b.BcelWeaver@48524010 o.a.w.b.UnwovenClassFile@764b14b8, o.a.w.b.BcelObjectType@202d9236, o.a.w.t.WeavingAdaptor$WeavingClassFileProvider$1@1f782c05
14:10:38.547 [main] DEBUG org.aspectj.weaver.bcel.BcelWeaver - 14:10:38.547 main < o.a.w.b.BcelWeaver.weaveAndNotify
14:10:38.547 [main] DEBUG org.aspectj.weaver.bcel.BcelWeaver - 14:10:38.547 main < o.a.w.b.BcelWeaver.weave java.util.ArrayList(1)
14:10:38.547 [main] DEBUG o.a.weaver.tools.WeavingAdaptor - 14:10:38.547 main < o.a.w.t.WeavingAdaptor.weaveClass byte[1706]
14:10:38.547 [main] DEBUG org.aspectj.weaver.Dump - 14:10:38.547 main > o.a.w.Dump.dumpOnExit o.a.w.t.WeavingAdaptor$WeavingAdaptorMessageHolder@6a6afff2
14:10:38.547 [main] DEBUG org.aspectj.weaver.Dump - 14:10:38.547 main > o.a.w.Dump.shouldDumpOnExit o.a.w.t.WeavingAdaptor$WeavingAdaptorMessageHolder@6a6afff2
14:10:38.547 [main] DEBUG org.aspectj.weaver.Dump - 14:10:38.547 main - o.a.w.Dump.shouldDumpOnExit abort
14:10:38.547 [main] DEBUG org.aspectj.weaver.Dump - 14:10:38.547 main < o.a.w.Dump.shouldDumpOnExit false
14:10:38.547 [main] DEBUG org.aspectj.weaver.Dump - 14:10:38.547 main < o.a.w.Dump.dumpOnExit Excluded
14:10:38.547 [main] DEBUG org.aspectj.weaver.loadtime.Aj - 14:10:38.547 main < o.a.w.l.Aj.preProcess byte[1706]
14:10:38.553 [main] DEBUG org.aspectj.weaver.loadtime.Aj - 14:10:38.552 main > o.a.w.l.Aj.preProcess o.a.w.l.Aj@b9afc07 io/qameta/allure/internal/shadowed/jackson/databind/ext/Java7HandlersImpl, byte[1712], j.i.l.ClassLoaders$AppClassLoader@3cd1a2f1
14:10:38.553 [main] DEBUG org.aspectj.weaver.loadtime.Aj - 14:10:38.553 main - o.a.w.l.Aj.preProcess o.a.w.l.Aj@b9afc07 j.i.l.ClassLoaders$PlatformClassLoader@1ad282e0, j.i.l.ClassLoaders$AppClassLoader@3cd1a2f1
14:10:38.553 [main] DEBUG o.a.weaver.tools.WeavingAdaptor - 14:10:38.553 main > o.a.w.t.WeavingAdaptor.weaveClass o.a.w.l.ClassLoaderWeavingAdaptor@140e5a13 io/qameta/allure/internal/shadowed/jackson/databind/ext/Java7HandlersImpl, byte[1712]
14:10:38.555 [main] DEBUG org.aspectj.weaver.bcel.BcelWeaver - 14:10:38.555 main > o.a.w.b.BcelWeaver.weave o.a.w.b.BcelWeaver@48524010 o.a.w.t.WeavingAdaptor$WeavingClassFileProvider@62aeddc8
14:10:38.555 [main] DEBUG org.aspectj.weaver.bcel.BcelWeaver - 14:10:38.555 main > o.a.w.b.BcelWeaver.weaveAndNotify o.a.w.b.BcelWeaver@48524010 o.a.w.b.UnwovenClassFile@11787b64, o.a.w.b.BcelObjectType@5707f613, o.a.w.t.WeavingAdaptor$WeavingClassFileProvider$1@77b3752b
14:10:38.555 [main] DEBUG org.aspectj.weaver.bcel.BcelWeaver - 14:10:38.555 main < o.a.w.b.BcelWeaver.weaveAndNotify
14:10:38.555 [main] DEBUG org.aspectj.weaver.bcel.BcelWeaver - 14:10:38.555 main < o.a.w.b.BcelWeaver.weave java.util.ArrayList(1)
14:10:38.555 [main] DEBUG o.a.weaver.tools.WeavingAdaptor - 14:10:38.555 main < o.a.w.t.WeavingAdaptor.weaveClass byte[1712]
14:10:38.555 [main] DEBUG org.aspectj.weaver.Dump - 14:10:38.555 main > o.a.w.Dump.dumpOnExit o.a.w.t.WeavingAdaptor$WeavingAdaptorMessageHolder@6a6afff2
14:10:38.556 [main] DEBUG org.aspectj.weaver.Dump - 14:10:38.555 main > o.a.w.Dump.shouldDumpOnExit o.a.w.t.WeavingAdaptor$WeavingAdaptorMessageHolder@6a6afff2
14:10:38.556 [main] DEBUG org.aspectj.weaver.Dump - 14:10:38.556 main - o.a.w.Dump.shouldDumpOnExit abort
14:10:38.556 [main] DEBUG org.aspectj.weaver.Dump - 14:10:38.556 main < o.a.w.Dump.shouldDumpOnExit false
14:10:38.556 [main] DEBUG org.aspectj.weaver.Dump - 14:10:38.556 main < o.a.w.Dump.dumpOnExit Excluded
14:10:38.556 [main] DEBUG org.aspectj.weaver.loadtime.Aj - 14:10:38.556 main < o.a.w.l.Aj.preProcess byte[1712]
14:10:38.558 [main] DEBUG org.aspectj.weaver.loadtime.Aj - 14:10:38.558 main > o.a.w.l.Aj.preProcess o.a.w.l.Aj@b9afc07 io/qameta/allure/internal/shadowed/jackson/databind/ext/NioPathSerializer, byte[3291], j.i.l.ClassLoaders$AppClassLoader@3cd1a2f1
14:10:38.558 [main] DEBUG org.aspectj.weaver.loadtime.Aj - 14:10:38.558 main - o.a.w.l.Aj.preProcess o.a.w.l.Aj@b9afc07 j.i.l.ClassLoaders$PlatformClassLoader@1ad282e0, j.i.l.ClassLoaders$AppClassLoader@3cd1a2f1
14:10:38.558 [main] DEBUG o.a.weaver.tools.WeavingAdaptor - 14:10:38.558 main > o.a.w.t.WeavingAdaptor.weaveClass o.a.w.l.ClassLoaderWeavingAdaptor@140e5a13 io/qameta/allure/internal/shadowed/jackson/databind/ext/NioPathSerializer, byte[3291]
14:10:38.558 [main] DEBUG org.aspectj.weaver.bcel.BcelWeaver - 14:10:38.558 main > o.a.w.b.BcelWeaver.weave o.a.w.b.BcelWeaver@48524010 o.a.w.t.WeavingAdaptor$WeavingClassFileProvider@68b11545
14:10:38.559 [main] DEBUG org.aspectj.weaver.bcel.BcelWorld - 14:10:38.558 main - o.a.w.b.BcelWorld.lookupJavaClass o.a.w.l.LTWWorld@2b4a2ec7 io.qameta.allure.internal.shadowed.jackson.databind.ser.std.StdScalarSerializer, o.a.a.b.c.JavaClass@4a6c18ad
14:10:38.559 [main] DEBUG org.aspectj.weaver.bcel.BcelWeaver - 14:10:38.559 main > o.a.w.b.BcelWeaver.weaveAndNotify o.a.w.b.BcelWeaver@48524010 o.a.w.b.UnwovenClassFile@7d0100ea, o.a.w.b.BcelObjectType@357bc488, o.a.w.t.WeavingAdaptor$WeavingClassFileProvider$1@4ea17147
14:10:38.559 [main] DEBUG org.aspectj.weaver.bcel.BcelWorld - 14:10:38.559 main - o.a.w.b.BcelWorld.lookupJavaClass o.a.w.l.LTWWorld@2b4a2ec7 io.qameta.allure.internal.shadowed.jackson.databind.ser.std.StdSerializer, o.a.a.b.c.JavaClass@6331250e
14:10:38.559 [main] DEBUG org.aspectj.weaver.bcel.BcelWorld - 14:10:38.559 main - o.a.w.b.BcelWorld.lookupJavaClass o.a.w.l.LTWWorld@2b4a2ec7 io.qameta.allure.internal.shadowed.jackson.databind.jsonFormatVisitors.JsonFormatVisitable, o.a.a.b.c.JavaClass@3eba57a7
14:10:38.559 [main] DEBUG org.aspectj.weaver.bcel.BcelWorld - 14:10:38.559 main - o.a.w.b.BcelWorld.lookupJavaClass o.a.w.l.LTWWorld@2b4a2ec7 io.qameta.allure.internal.shadowed.jackson.databind.jsonschema.SchemaAware, o.a.a.b.c.JavaClass@4d847d32
14:10:52.960 [main] DEBUG org.aspectj.weaver.bcel.BcelWorld - 14:10:52.960 main - o.a.w.b.BcelWorld.lookupJavaClass o.a.w.l.LTWWorld@2b4a2ec7 java.nio.file.Path, o.a.a.b.c.JavaClass@47f9738
14:10:52.962 [main] DEBUG org.aspectj.weaver.bcel.BcelWorld - 14:10:52.962 main - o.a.w.b.BcelWorld.lookupJavaClass o.a.w.l.LTWWorld@2b4a2ec7 io.qameta.allure.internal.shadowed.jackson.databind.SerializerProvider, o.a.a.b.c.JavaClass@23d1e5d0
14:10:52.962 [main] DEBUG org.aspectj.weaver.bcel.BcelWorld - 14:10:52.962 main - o.a.w.b.BcelWorld.lookupJavaClass o.a.w.l.LTWWorld@2b4a2ec7 io.qameta.allure.internal.shadowed.jackson.databind.jsontype.TypeSerializer, o.a.a.b.c.JavaClass@2a3c96e3
14:10:52.962 [main] DEBUG org.aspectj.weaver.bcel.BcelWeaver - 14:10:52.962 main < o.a.w.b.BcelWeaver.weaveAndNotify
14:10:52.962 [main] DEBUG org.aspectj.weaver.bcel.BcelWeaver - 14:10:52.962 main < o.a.w.b.BcelWeaver.weave java.util.ArrayList(1)
14:10:52.962 [main] DEBUG o.a.weaver.tools.WeavingAdaptor - 14:10:52.962 main < o.a.w.t.WeavingAdaptor.weaveClass byte[3291]
14:10:52.962 [main] DEBUG org.aspectj.weaver.Dump - 14:10:52.962 main > o.a.w.Dump.dumpOnExit o.a.w.t.WeavingAdaptor$WeavingAdaptorMessageHolder@6a6afff2
14:10:52.962 [main] DEBUG org.aspectj.weaver.Dump - 14:10:52.962 main > o.a.w.Dump.shouldDumpOnExit o.a.w.t.WeavingAdaptor$WeavingAdaptorMessageHolder@6a6afff2
14:10:52.962 [main] DEBUG org.aspectj.weaver.Dump - 14:10:52.962 main - o.a.w.Dump.shouldDumpOnExit abort
14:10:52.962 [main] DEBUG org.aspectj.weaver.Dump - 14:10:52.962 main < o.a.w.Dump.shouldDumpOnExit false
14:10:52.962 [main] DEBUG org.aspectj.weaver.Dump - 14:10:52.962 main < o.a.w.Dump.dumpOnExit Excluded
14:10:52.962 [main] DEBUG org.aspectj.weaver.loadtime.Aj - 14:10:52.962 main < o.a.w.l.Aj.preProcess byte[3291]
14:10:52.964 [main] DEBUG org.aspectj.weaver.loadtime.Aj - 14:10:52.964 main > o.a.w.l.Aj.preProcess o.a.w.l.Aj@b9afc07 io/qameta/allure/internal/shadowed/jackson/databind/ext/NioPathDeserializer, byte[4306], j.i.l.ClassLoaders$AppClassLoader@3cd1a2f1
14:10:52.964 [main] DEBUG org.aspectj.weaver.loadtime.Aj - 14:10:52.964 main - o.a.w.l.Aj.preProcess o.a.w.l.Aj@b9afc07 j.i.l.ClassLoaders$PlatformClassLoader@1ad282e0, j.i.l.ClassLoaders$AppClassLoader@3cd1a2f1
14:10:52.964 [main] DEBUG o.a.weaver.tools.WeavingAdaptor - 14:10:52.964 main > o.a.w.t.WeavingAdaptor.weaveClass o.a.w.l.ClassLoaderWeavingAdaptor@140e5a13 io/qameta/allure/internal/shadowed/jackson/databind/ext/NioPathDeserializer, byte[4306]
14:10:52.966 [main] DEBUG org.aspectj.weaver.bcel.BcelWeaver - 14:10:52.966 main > o.a.w.b.BcelWeaver.weave o.a.w.b.BcelWeaver@48524010 o.a.w.t.WeavingAdaptor$WeavingClassFileProvider@9a20cbd
14:10:52.966 [main] DEBUG org.aspectj.weaver.bcel.BcelWorld - 14:10:52.966 main - o.a.w.b.BcelWorld.lookupJavaClass o.a.w.l.LTWWorld@2b4a2ec7 io.qameta.allure.internal.shadowed.jackson.databind.deser.std.StdScalarDeserializer, o.a.a.b.c.JavaClass@6050462a
14:10:52.966 [main] DEBUG org.aspectj.weaver.bcel.BcelWeaver - 14:10:52.966 main > o.a.w.b.BcelWeaver.weaveAndNotify o.a.w.b.BcelWeaver@48524010 o.a.w.b.UnwovenClassFile@1af4955e, o.a.w.b.BcelObjectType@445821a6, o.a.w.t.WeavingAdaptor$WeavingClassFileProvider$1@2c0c4c0a
14:10:52.966 [main] DEBUG org.aspectj.weaver.bcel.BcelWorld - 14:10:52.966 main - o.a.w.b.BcelWorld.lookupJavaClass o.a.w.l.LTWWorld@2b4a2ec7 io.qameta.allure.internal.shadowed.jackson.databind.deser.std.StdDeserializer, o.a.a.b.c.JavaClass@5ca1f591
14:10:52.966 [main] DEBUG org.aspectj.weaver.bcel.BcelWorld - 14:10:52.966 main - o.a.w.b.BcelWorld.lookupJavaClass o.a.w.l.LTWWorld@2b4a2ec7 io.qameta.allure.internal.shadowed.jackson.databind.deser.ValueInstantiator$Gettable, o.a.a.b.c.JavaClass@bb095
14:10:52.967 [main] DEBUG org.aspectj.weaver.bcel.BcelWorld - 14:10:52.967 main - o.a.w.b.BcelWorld.lookupJavaClass o.a.w.l.LTWWorld@2b4a2ec7 io.qameta.allure.internal.shadowed.jackson.databind.deser.NullValueProvider, o.a.a.b.c.JavaClass@5486887b
14:10:52.971 [main] DEBUG org.aspectj.weaver.bcel.BcelWorld - 14:10:52.971 main - o.a.w.b.BcelWorld.lookupJavaClass o.a.w.l.LTWWorld@2b4a2ec7 io.qameta.allure.internal.shadowed.jackson.core.JsonParser, o.a.a.b.c.JavaClass@6b98a075
14:10:52.971 [main] DEBUG org.aspectj.weaver.bcel.BcelWorld - 14:10:52.971 main - o.a.w.b.BcelWorld.lookupJavaClass o.a.w.l.LTWWorld@2b4a2ec7 io.qameta.allure.internal.shadowed.jackson.databind.DeserializationContext, o.a.a.b.c.JavaClass@2e554a3b
14:10:52.971 [main] DEBUG org.aspectj.weaver.bcel.BcelWeaver - 14:10:52.971 main < o.a.w.b.BcelWeaver.weaveAndNotify
14:10:52.971 [main] DEBUG org.aspectj.weaver.bcel.BcelWeaver - 14:10:52.971 main < o.a.w.b.BcelWeaver.weave java.util.ArrayList(1)
14:10:52.971 [main] DEBUG o.a.weaver.tools.WeavingAdaptor - 14:10:52.971 main < o.a.w.t.WeavingAdaptor.weaveClass byte[4306]
14:10:52.971 [main] DEBUG org.aspectj.weaver.Dump - 14:10:52.971 main > o.a.w.Dump.dumpOnExit o.a.w.t.WeavingAdaptor$WeavingAdaptorMessageHolder@6a6afff2
14:10:52.972 [main] DEBUG org.aspectj.weaver.Dump - 14:10:52.971 main > o.a.w.Dump.shouldDumpOnExit o.a.w.t.WeavingAdaptor$WeavingAdaptorMessageHolder@6a6afff2
14:10:52.972 [main] DEBUG org.aspectj.weaver.Dump - 14:10:52.972 main - o.a.w.Dump.shouldDumpOnExit abort
14:10:52.972 [main] DEBUG org.aspectj.weaver.Dump - 14:10:52.972 main < o.a.w.Dump.shouldDumpOnExit false
14:10:52.972 [main] DEBUG org.aspectj.weaver.Dump - 14:10:52.972 main < o.a.w.Dump.dumpOnExit Excluded
14:10:52.972 [main] DEBUG org.aspectj.weaver.loadtime.Aj - 14:10:52.972 main < o.a.w.l.Aj.preProcess byte[4306]
14:10:52.974 [main] DEBUG org.aspectj.weaver.loadtime.Aj - 14:10:52.974 main > o.a.w.l.Aj.preProcess o.a.w.l.Aj@b9afc07 io/qameta/allure/internal/shadowed/jackson/databind/util/BeanUtil, byte[6788], j.i.l.ClassLoaders$AppClassLoader@3cd1a2f1
14:10:52.974 [main] DEBUG org.aspectj.weaver.loadtime.Aj - 14:10:52.974 main - o.a.w.l.Aj.preProcess o.a.w.l.Aj@b9afc07 j.i.l.ClassLoaders$PlatformClassLoader@1ad282e0, j.i.l.ClassLoaders$AppClassLoader@3cd1a2f1
14:10:52.974 [main] DEBUG o.a.weaver.tools.WeavingAdaptor - 14:10:52.974 main > o.a.w.t.WeavingAdaptor.weaveClass o.a.w.l.ClassLoaderWeavingAdaptor@140e5a13 io/qameta/allure/internal/shadowed/jackson/databind/util/BeanUtil, byte[6788]
14:10:52.974 [main] DEBUG org.aspectj.weaver.bcel.BcelWeaver - 14:10:52.974 main > o.a.w.b.BcelWeaver.weave o.a.w.b.BcelWeaver@48524010 o.a.w.t.WeavingAdaptor$WeavingClassFileProvider@66e21568
14:10:52.975 [main] DEBUG org.aspectj.weaver.bcel.BcelWeaver - 14:10:52.974 main > o.a.w.b.BcelWeaver.weaveAndNotify o.a.w.b.BcelWeaver@48524010 o.a.w.b.UnwovenClassFile@7f73ce28, o.a.w.b.BcelObjectType@611b35d6, o.a.w.t.WeavingAdaptor$WeavingClassFileProvider$1@2282400e
14:10:52.975 [main] DEBUG org.aspectj.weaver.bcel.BcelWeaver - 14:10:52.975 main < o.a.w.b.BcelWeaver.weaveAndNotify
14:10:52.975 [main] DEBUG org.aspectj.weaver.bcel.BcelWeaver - 14:10:52.975 main < o.a.w.b.BcelWeaver.weave java.util.ArrayList(1)
14:10:52.975 [main] DEBUG o.a.weaver.tools.WeavingAdaptor - 14:10:52.975 main < o.a.w.t.WeavingAdaptor.weaveClass byte[6788]
14:10:52.975 [main] DEBUG org.aspectj.weaver.Dump - 14:10:52.975 main > o.a.w.Dump.dumpOnExit o.a.w.t.WeavingAdaptor$WeavingAdaptorMessageHolder@6a6afff2
14:10:52.975 [main] DEBUG org.aspectj.weaver.Dump - 14:10:52.975 main > o.a.w.Dump.shouldDumpOnExit o.a.w.t.WeavingAdaptor$WeavingAdaptorMessageHolder@6a6afff2
14:10:52.975 [main] DEBUG org.aspectj.weaver.Dump - 14:10:52.975 main - o.a.w.Dump.shouldDumpOnExit abort
14:10:52.975 [main] DEBUG org.aspectj.weaver.Dump - 14:10:52.975 main < o.a.w.Dump.shouldDumpOnExit false
14:10:52.975 [main] DEBUG org.aspectj.weaver.Dump - 14:10:52.975 main < o.a.w.Dump.dumpOnExit Excluded
14:10:52.975 [main] DEBUG org.aspectj.weaver.loadtime.Aj - 14:10:52.975 main < o.a.w.l.Aj.preProcess byte[6788]
14:10:52.978 [main] DEBUG org.aspectj.weaver.loadtime.Aj - 14:10:52.978 main > o.a.w.l.Aj.preProcess o.a.w.l.Aj@b9afc07 io/qameta/allure/internal/shadowed/jackson/databind/ObjectReader, byte[61116], j.i.l.ClassLoaders$AppClassLoader@3cd1a2f1
14:10:52.978 [main] DEBUG org.aspectj.weaver.loadtime.Aj - 14:10:52.978 main - o.a.w.l.Aj.preProcess o.a.w.l.Aj@b9afc07 j.i.l.ClassLoaders$PlatformClassLoader@1ad282e0, j.i.l.ClassLoaders$AppClassLoader@3cd1a2f1
14:10:52.978 [main] DEBUG o.a.weaver.tools.WeavingAdaptor - 14:10:52.978 main > o.a.w.t.WeavingAdaptor.weaveClass o.a.w.l.ClassLoaderWeavingAdaptor@140e5a13 io/qameta/allure/internal/shadowed/jackson/databind/ObjectReader, byte[61116]
14:10:52.980 [main] DEBUG org.aspectj.weaver.bcel.BcelWeaver - 14:10:52.980 main > o.a.w.b.BcelWeaver.weave o.a.w.b.BcelWeaver@48524010 o.a.w.t.WeavingAdaptor$WeavingClassFileProvider@40ce9049
14:10:52.985 [main] DEBUG org.aspectj.weaver.bcel.BcelWorld - 14:10:52.985 main - o.a.w.b.BcelWorld.lookupJavaClass o.a.w.l.LTWWorld@2b4a2ec7 io.qameta.allure.internal.shadowed.jackson.core.ObjectCodec, o.a.a.b.c.JavaClass@3b0c9195
14:10:52.985 [main] DEBUG org.aspectj.weaver.bcel.BcelWorld - 14:10:52.985 main - o.a.w.b.BcelWorld.lookupJavaClass o.a.w.l.LTWWorld@2b4a2ec7 io.qameta.allure.internal.shadowed.jackson.core.Versioned, o.a.a.b.c.JavaClass@302a07d
14:10:52.985 [main] DEBUG org.aspectj.weaver.bcel.BcelWeaver - 14:10:52.985 main > o.a.w.b.BcelWeaver.weaveAndNotify o.a.w.b.BcelWeaver@48524010 o.a.w.b.UnwovenClassFile@52ca2652, o.a.w.b.BcelObjectType@65c5bf0e, o.a.w.t.WeavingAdaptor$WeavingClassFileProvider$1@697d6ded
14:10:52.985 [main] DEBUG org.aspectj.weaver.bcel.BcelWorld - 14:10:52.985 main - o.a.w.b.BcelWorld.lookupJavaClass o.a.w.l.LTWWorld@2b4a2ec7 io.qameta.allure.internal.shadowed.jackson.core.TreeCodec, o.a.a.b.c.JavaClass@5c08c46a
14:10:52.987 [main] DEBUG org.aspectj.weaver.bcel.BcelWorld - 14:10:52.987 main - o.a.w.b.BcelWorld.lookupJavaClass o.a.w.l.LTWWorld@2b4a2ec7 io.qameta.allure.internal.shadowed.jackson.core.JsonFactory, o.a.a.b.c.JavaClass@32c8e539
14:10:52.988 [main] DEBUG org.aspectj.weaver.bcel.BcelWorld - 14:10:52.988 main - o.a.w.b.BcelWorld.lookupJavaClass o.a.w.l.LTWWorld@2b4a2ec7 io.qameta.allure.internal.shadowed.jackson.core.FormatSchema, o.a.a.b.c.JavaClass@52d645b1
14:10:52.988 [main] DEBUG org.aspectj.weaver.bcel.BcelWorld - 14:10:52.988 main - o.a.w.b.BcelWorld.lookupJavaClass o.a.w.l.LTWWorld@2b4a2ec7 io.qameta.allure.internal.shadowed.jackson.databind.InjectableValues, o.a.a.b.c.JavaClass@710b18a6
14:10:52.989 [main] DEBUG org.aspectj.weaver.bcel.BcelWorld - 14:10:52.989 main - o.a.w.b.BcelWorld.lookupJavaClass o.a.w.l.LTWWorld@2b4a2ec7 io.qameta.allure.internal.shadowed.jackson.databind.deser.DataFormatReaders, o.a.a.b.c.JavaClass@5d508d22
14:10:52.989 [main] DEBUG org.aspectj.weaver.bcel.BcelWorld - 14:10:52.989 main - o.a.w.b.BcelWorld.lookupJavaClass o.a.w.l.LTWWorld@2b4a2ec7 io.qameta.allure.internal.shadowed.jackson.databind.MappingIterator, o.a.a.b.c.JavaClass@4409e975
14:10:52.989 [main] DEBUG org.aspectj.weaver.bcel.BcelWorld - 14:10:52.989 main - o.a.w.b.BcelWorld.lookupJavaClass o.a.w.l.LTWWorld@2b4a2ec7 io.qameta.allure.internal.shadowed.jackson.core.JsonToken, o.a.a.b.c.JavaClass@31aa3ca5
14:10:52.989 [main] DEBUG org.aspectj.weaver.bcel.BcelWorld - 14:10:52.989 main - o.a.w.b.BcelWorld.lookupJavaClass o.a.w.l.LTWWorld@2b4a2ec7 io.qameta.allure.internal.shadowed.jackson.databind.DeserializationFeature, o.a.a.b.c.JavaClass@784b990c
14:10:52.990 [main] DEBUG org.aspectj.weaver.bcel.BcelWorld - 14:10:52.990 main - o.a.w.b.BcelWorld.lookupJavaClass o.a.w.l.LTWWorld@2b4a2ec7 io.qameta.allure.internal.shadowed.jackson.core.JsonParser$Feature, o.a.a.b.c.JavaClass@5d1659ea
14:10:52.990 [main] DEBUG org.aspectj.weaver.bcel.BcelWorld - 14:10:52.990 main - o.a.w.b.BcelWorld.lookupJavaClass o.a.w.l.LTWWorld@2b4a2ec7 io.qameta.allure.internal.shadowed.jackson.core.StreamReadFeature, o.a.a.b.c.JavaClass@1ae67cad
14:10:52.990 [main] DEBUG org.aspectj.weaver.bcel.BcelWorld - 14:10:52.990 main - o.a.w.b.BcelWorld.lookupJavaClass o.a.w.l.LTWWorld@2b4a2ec7 io.qameta.allure.internal.shadowed.jackson.core.FormatFeature, o.a.a.b.c.JavaClass@7a9c84a5
14:10:52.990 [main] DEBUG org.aspectj.weaver.bcel.BcelWorld - 14:10:52.990 main - o.a.w.b.BcelWorld.lookupJavaClass o.a.w.l.LTWWorld@2b4a2ec7 io.qameta.allure.internal.shadowed.jackson.databind.node.JsonNodeFactory, o.a.a.b.c.JavaClass@4e858e0a
14:10:52.990 [main] DEBUG org.aspectj.weaver.bcel.BcelWorld - 14:10:52.990 main - o.a.w.b.BcelWorld.lookupJavaClass o.a.w.l.LTWWorld@2b4a2ec7 io.qameta.allure.internal.shadowed.jackson.databind.deser.DeserializationProblemHandler, o.a.a.b.c.JavaClass@1c3146bc
14:10:52.991 [main] DEBUG org.aspectj.weaver.bcel.BcelWorld - 14:10:52.991 main - o.a.w.b.BcelWorld.lookupJavaClass o.a.w.l.LTWWorld@2b4a2ec7 io.qameta.allure.internal.shadowed.jackson.databind.cfg.ContextAttributes, o.a.a.b.c.JavaClass@42f33b5d
14:10:52.991 [main] DEBUG org.aspectj.weaver.bcel.BcelWorld - 14:10:52.991 main - o.a.w.b.BcelWorld.lookupJavaClass o.a.w.l.LTWWorld@2b4a2ec7 java.io.File, o.a.a.b.c.JavaClass@6631f5ca
14:10:52.991 [main] DEBUG org.aspectj.weaver.bcel.BcelWorld - 14:10:52.991 main - o.a.w.b.BcelWorld.lookupJavaClass o.a.w.l.LTWWorld@2b4a2ec7 java.net.URL, o.a.a.b.c.JavaClass@548d708a
14:10:52.991 [main] DEBUG org.aspectj.weaver.bcel.BcelWorld - 14:10:52.991 main - o.a.w.b.BcelWorld.lookupJavaClass o.a.w.l.LTWWorld@2b4a2ec7 java.io.InputStream, o.a.a.b.c.JavaClass@52102734
14:10:52.991 [main] DEBUG org.aspectj.weaver.bcel.BcelWorld - 14:10:52.991 main - o.a.w.b.BcelWorld.lookupJavaClass o.a.w.l.LTWWorld@2b4a2ec7 java.io.Reader, o.a.a.b.c.JavaClass@2e61d218
14:10:52.991 [main] DEBUG org.aspectj.weaver.bcel.BcelWorld - 14:10:52.991 main - o.a.w.b.BcelWorld.lookupJavaClass o.a.w.l.LTWWorld@2b4a2ec7 java.io.DataInput, o.a.a.b.c.JavaClass@3569fc08
14:10:52.991 [main] DEBUG org.aspectj.weaver.bcel.BcelWorld - 14:10:52.991 main - o.a.w.b.BcelWorld.lookupJavaClass o.a.w.l.LTWWorld@2b4a2ec7 io.qameta.allure.internal.shadowed.jackson.core.type.ResolvedType, o.a.a.b.c.JavaClass@765f05af
14:10:52.991 [main] DEBUG org.aspectj.weaver.bcel.BcelWorld - 14:10:52.991 main - o.a.w.b.BcelWorld.lookupJavaClass o.a.w.l.LTWWorld@2b4a2ec7 io.qameta.allure.internal.shadowed.jackson.databind.JsonNode, o.a.a.b.c.JavaClass@758a34ce
14:10:52.992 [main] DEBUG org.aspectj.weaver.bcel.BcelWorld - 14:10:52.992 main - o.a.w.b.BcelWorld.lookupJavaClass o.a.w.l.LTWWorld@2b4a2ec7 io.qameta.allure.internal.shadowed.jackson.core.TreeNode, o.a.a.b.c.JavaClass@13f17eb4
14:10:52.993 [main] DEBUG org.aspectj.weaver.bcel.BcelWorld - 14:10:52.993 main - o.a.w.b.BcelWorld.lookupJavaClass o.a.w.l.LTWWorld@2b4a2ec7 io.qameta.allure.internal.shadowed.jackson.databind.deser.DataFormatReaders$Match, o.a.a.b.c.JavaClass@24c685e7
14:10:52.993 [main] DEBUG org.aspectj.weaver.bcel.BcelWorld - 14:10:52.993 main - o.a.w.b.BcelWorld.lookupJavaClass o.a.w.l.LTWWorld@2b4a2ec7 io.qameta.allure.internal.shadowed.jackson.databind.deser.DefaultDeserializationContext, o.a.a.b.c.JavaClass@55342f40
14:10:52.994 [main] DEBUG org.aspectj.weaver.bcel.BcelWeaver - 14:10:52.994 main < o.a.w.b.BcelWeaver.weaveAndNotify
14:10:52.994 [main] DEBUG org.aspectj.weaver.bcel.BcelWeaver - 14:10:52.994 main < o.a.w.b.BcelWeaver.weave java.util.ArrayList(1)
14:10:52.994 [main] DEBUG o.a.weaver.tools.WeavingAdaptor - 14:10:52.994 main < o.a.w.t.WeavingAdaptor.weaveClass byte[61116]
14:10:52.994 [main] DEBUG org.aspectj.weaver.Dump - 14:10:52.994 main > o.a.w.Dump.dumpOnExit o.a.w.t.WeavingAdaptor$WeavingAdaptorMessageHolder@6a6afff2
14:10:52.994 [main] DEBUG org.aspectj.weaver.Dump - 14:10:52.994 main > o.a.w.Dump.shouldDumpOnExit o.a.w.t.WeavingAdaptor$WeavingAdaptorMessageHolder@6a6afff2
14:10:52.994 [main] DEBUG org.aspectj.weaver.Dump - 14:10:52.994 main - o.a.w.Dump.shouldDumpOnExit abort
14:10:52.994 [main] DEBUG org.aspectj.weaver.Dump - 14:10:52.994 main < o.a.w.Dump.shouldDumpOnExit false
14:10:52.994 [main] DEBUG org.aspectj.weaver.Dump - 14:10:52.994 main < o.a.w.Dump.dumpOnExit Excluded
14:10:52.994 [main] DEBUG org.aspectj.weaver.loadtime.Aj - 14:10:52.994 main < o.a.w.l.Aj.preProcess byte[61116]
14:10:52.998 [main] DEBUG org.aspectj.weaver.loadtime.Aj - 14:10:52.998 main > o.a.w.l.Aj.preProcess o.a.w.l.Aj@b9afc07 io/qameta/allure/internal/shadowed/jackson/databind/ObjectWriter, byte[34458], j.i.l.ClassLoaders$AppClassLoader@3cd1a2f1
14:10:52.998 [main] DEBUG org.aspectj.weaver.loadtime.Aj - 14:10:52.998 main - o.a.w.l.Aj.preProcess o.a.w.l.Aj@b9afc07 j.i.l.ClassLoaders$PlatformClassLoader@1ad282e0, j.i.l.ClassLoaders$AppClassLoader@3cd1a2f1
14:10:52.998 [main] DEBUG o.a.weaver.tools.WeavingAdaptor - 14:10:52.998 main > o.a.w.t.WeavingAdaptor.weaveClass o.a.w.l.ClassLoaderWeavingAdaptor@140e5a13 io/qameta/allure/internal/shadowed/jackson/databind/ObjectWriter, byte[34458]
14:10:52.999 [main] DEBUG org.aspectj.weaver.bcel.BcelWeaver - 14:10:52.999 main > o.a.w.b.BcelWeaver.weave o.a.w.b.BcelWeaver@48524010 o.a.w.t.WeavingAdaptor$WeavingClassFileProvider@35650279
14:10:52.999 [main] DEBUG org.aspectj.weaver.bcel.BcelWeaver - 14:10:52.999 main > o.a.w.b.BcelWeaver.weaveAndNotify o.a.w.b.BcelWeaver@48524010 o.a.w.b.UnwovenClassFile@79a13920, o.a.w.b.BcelObjectType@182e7eda, o.a.w.t.WeavingAdaptor$WeavingClassFileProvider$1@5f61371d
14:10:53.002 [main] DEBUG org.aspectj.weaver.bcel.BcelWorld - 14:10:53.002 main - o.a.w.b.BcelWorld.lookupJavaClass o.a.w.l.LTWWorld@2b4a2ec7 io.qameta.allure.internal.shadowed.jackson.databind.ObjectWriter$GeneratorSettings, o.a.a.b.c.JavaClass@b4732dc
14:10:53.003 [main] DEBUG org.aspectj.weaver.bcel.BcelWorld - 14:10:53.003 main - o.a.w.b.BcelWorld.lookupJavaClass o.a.w.l.LTWWorld@2b4a2ec7 io.qameta.allure.internal.shadowed.jackson.databind.ObjectWriter$Prefetch, o.a.a.b.c.JavaClass@28babeca
14:10:53.005 [main] DEBUG org.aspectj.weaver.bcel.BcelWorld - 14:10:53.005 main - o.a.w.b.BcelWorld.lookupJavaClass o.a.w.l.LTWWorld@2b4a2ec7 io.qameta.allure.internal.shadowed.jackson.databind.SequenceWriter, o.a.a.b.c.JavaClass@4f93bf0a
14:10:53.005 [main] DEBUG org.aspectj.weaver.bcel.BcelWorld - 14:10:53.005 main - o.a.w.b.BcelWorld.lookupJavaClass o.a.w.l.LTWWorld@2b4a2ec7 io.qameta.allure.internal.shadowed.jackson.databind.SerializationFeature, o.a.a.b.c.JavaClass@7096b474
14:10:53.005 [main] DEBUG org.aspectj.weaver.bcel.BcelWorld - 14:10:53.005 main - o.a.w.b.BcelWorld.lookupJavaClass o.a.w.l.LTWWorld@2b4a2ec7 io.qameta.allure.internal.shadowed.jackson.core.JsonGenerator$Feature, o.a.a.b.c.JavaClass@5c18016b
14:10:53.005 [main] DEBUG org.aspectj.weaver.bcel.BcelWorld - 14:10:53.005 main - o.a.w.b.BcelWorld.lookupJavaClass o.a.w.l.LTWWorld@2b4a2ec7 io.qameta.allure.internal.shadowed.jackson.core.StreamWriteFeature, o.a.a.b.c.JavaClass@31e4bb20
14:10:53.005 [main] DEBUG org.aspectj.weaver.bcel.BcelWorld - 14:10:53.005 main - o.a.w.b.BcelWorld.lookupJavaClass o.a.w.l.LTWWorld@2b4a2ec7 io.qameta.allure.internal.shadowed.jackson.databind.ser.FilterProvider, o.a.a.b.c.JavaClass@f478a81
14:10:53.005 [main] DEBUG org.aspectj.weaver.bcel.BcelWorld - 14:10:53.005 main - o.a.w.b.BcelWorld.lookupJavaClass o.a.w.l.LTWWorld@2b4a2ec7 io.qameta.allure.internal.shadowed.jackson.core.PrettyPrinter, o.a.a.b.c.JavaClass@7e276594
14:10:53.006 [main] DEBUG org.aspectj.weaver.bcel.BcelWorld - 14:10:53.006 main - o.a.w.b.BcelWorld.lookupJavaClass o.a.w.l.LTWWorld@2b4a2ec7 io.qameta.allure.internal.shadowed.jackson.core.io.CharacterEscapes, o.a.a.b.c.JavaClass@3381b4fc
14:10:53.006 [main] DEBUG org.aspectj.weaver.bcel.BcelWorld - 14:10:53.006 main - o.a.w.b.BcelWorld.lookupJavaClass o.a.w.l.LTWWorld@2b4a2ec7 java.io.OutputStream, o.a.a.b.c.JavaClass@7a5ceedd
14:10:53.006 [main] DEBUG org.aspectj.weaver.bcel.BcelWorld - 14:10:53.006 main - o.a.w.b.BcelWorld.lookupJavaClass o.a.w.l.LTWWorld@2b4a2ec7 java.io.Writer, o.a.a.b.c.JavaClass@6221a451
14:10:53.006 [main] DEBUG org.aspectj.weaver.bcel.BcelWorld - 14:10:53.006 main - o.a.w.b.BcelWorld.lookupJavaClass o.a.w.l.LTWWorld@2b4a2ec7 java.io.DataOutput, o.a.a.b.c.JavaClass@54e22bdd
14:10:53.006 [main] DEBUG org.aspectj.weaver.bcel.BcelWorld - 14:10:53.006 main - o.a.w.b.BcelWorld.lookupJavaClass o.a.w.l.LTWWorld@2b4a2ec7 io.qameta.allure.internal.shadowed.jackson.databind.jsonFormatVisitors.JsonFormatVisitorWrapper, o.a.a.b.c.JavaClass@aeab9a1
14:10:53.006 [main] DEBUG org.aspectj.weaver.bcel.BcelWorld - 14:10:53.006 main - o.a.w.b.BcelWorld.lookupJavaClass o.a.w.l.LTWWorld@2b4a2ec7 java.util.concurrent.atomic.AtomicReference, o.a.a.b.c.JavaClass@cd1e646
14:10:53.006 [main] DEBUG org.aspectj.weaver.bcel.BcelWorld - 14:10:53.006 main - o.a.w.b.BcelWorld.lookupJavaClass o.a.w.l.LTWWorld@2b4a2ec7 io.qameta.allure.internal.shadowed.jackson.databind.ser.DefaultSerializerProvider, o.a.a.b.c.JavaClass@5e01a982
14:10:53.006 [main] DEBUG org.aspectj.weaver.bcel.BcelWeaver - 14:10:53.006 main < o.a.w.b.BcelWeaver.weaveAndNotify
14:10:53.007 [main] DEBUG org.aspectj.weaver.bcel.BcelWeaver - 14:10:53.007 main < o.a.w.b.BcelWeaver.weave java.util.ArrayList(1)
14:10:53.007 [main] DEBUG o.a.weaver.tools.WeavingAdaptor - 14:10:53.007 main < o.a.w.t.WeavingAdaptor.weaveClass byte[34458]
14:10:53.007 [main] DEBUG org.aspectj.weaver.Dump - 14:10:53.007 main > o.a.w.Dump.dumpOnExit o.a.w.t.WeavingAdaptor$WeavingAdaptorMessageHolder@6a6afff2
14:10:53.007 [main] DEBUG org.aspectj.weaver.Dump - 14:10:53.007 main > o.a.w.Dump.shouldDumpOnExit o.a.w.t.WeavingAdaptor$WeavingAdaptorMessageHolder@6a6afff2
14:10:53.007 [main] DEBUG org.aspectj.weaver.Dump - 14:10:53.007 main - o.a.w.Dump.shouldDumpOnExit abort
14:10:53.007 [main] DEBUG org.aspectj.weaver.Dump - 14:10:53.007 main < o.a.w.Dump.shouldDumpOnExit false
14:10:53.007 [main] DEBUG org.aspectj.weaver.Dump - 14:10:53.007 main < o.a.w.Dump.dumpOnExit Excluded
14:10:53.007 [main] DEBUG org.aspectj.weaver.loadtime.Aj - 14:10:53.007 main < o.a.w.l.Aj.preProcess byte[34458]
14:10:53.011 [main] DEBUG org.aspectj.weaver.loadtime.Aj - 14:10:53.011 main > o.a.w.l.Aj.preProcess o.a.w.l.Aj@b9afc07 io/qameta/allure/internal/shadowed/jackson/databind/ser/BeanSerializerBuilder, byte[7764], j.i.l.ClassLoaders$AppClassLoader@3cd1a2f1
14:10:53.011 [main] DEBUG org.aspectj.weaver.loadtime.Aj - 14:10:53.011 main - o.a.w.l.Aj.preProcess o.a.w.l.Aj@b9afc07 j.i.l.ClassLoaders$PlatformClassLoader@1ad282e0, j.i.l.ClassLoaders$AppClassLoader@3cd1a2f1
14:10:53.012 [main] DEBUG o.a.weaver.tools.WeavingAdaptor - 14:10:53.012 main > o.a.w.t.WeavingAdaptor.weaveClass o.a.w.l.ClassLoaderWeavingAdaptor@140e5a13 io/qameta/allure/internal/shadowed/jackson/databind/ser/BeanSerializerBuilder, byte[7764]
14:10:53.012 [main] DEBUG org.aspectj.weaver.bcel.BcelWeaver - 14:10:53.012 main > o.a.w.b.BcelWeaver.weave o.a.w.b.BcelWeaver@48524010 o.a.w.t.WeavingAdaptor$WeavingClassFileProvider@778a1250
14:10:53.012 [main] DEBUG org.aspectj.weaver.bcel.BcelWeaver - 14:10:53.012 main > o.a.w.b.BcelWeaver.weaveAndNotify o.a.w.b.BcelWeaver@48524010 o.a.w.b.UnwovenClassFile@55acec99, o.a.w.b.BcelObjectType@61191222, o.a.w.t.WeavingAdaptor$WeavingClassFileProvider$1@58833798
14:10:53.013 [main] DEBUG org.aspectj.weaver.bcel.BcelWorld - 14:10:53.013 main - o.a.w.b.BcelWorld.lookupJavaClass o.a.w.l.LTWWorld@2b4a2ec7 io.qameta.allure.internal.shadowed.jackson.databind.ser.BeanPropertyWriter, o.a.a.b.c.JavaClass@56276db8
14:10:53.014 [main] DEBUG org.aspectj.weaver.bcel.BcelWorld - 14:10:53.014 main - o.a.w.b.BcelWorld.lookupJavaClass o.a.w.l.LTWWorld@2b4a2ec7 io.qameta.allure.internal.shadowed.jackson.databind.ser.AnyGetterWriter, o.a.a.b.c.JavaClass@3f8dfe74
14:10:53.014 [main] DEBUG org.aspectj.weaver.bcel.BcelWorld - 14:10:53.014 main - o.a.w.b.BcelWorld.lookupJavaClass o.a.w.l.LTWWorld@2b4a2ec7 io.qameta.allure.internal.shadowed.jackson.databind.ser.impl.ObjectIdWriter, o.a.a.b.c.JavaClass@15c25153
14:10:53.017 [main] DEBUG org.aspectj.weaver.bcel.BcelWorld - 14:10:53.017 main - o.a.w.b.BcelWorld.lookupJavaClass o.a.w.l.LTWWorld@2b4a2ec7 io.qameta.allure.internal.shadowed.jackson.databind.ser.BeanSerializer, o.a.a.b.c.JavaClass@77724cbe
14:10:53.017 [main] DEBUG org.aspectj.weaver.bcel.BcelWeaver - 14:10:53.017 main < o.a.w.b.BcelWeaver.weaveAndNotify
14:10:53.017 [main] DEBUG org.aspectj.weaver.bcel.BcelWeaver - 14:10:53.017 main < o.a.w.b.BcelWeaver.weave java.util.ArrayList(1)
14:10:53.017 [main] DEBUG o.a.weaver.tools.WeavingAdaptor - 14:10:53.017 main < o.a.w.t.WeavingAdaptor.weaveClass byte[7764]
14:10:53.017 [main] DEBUG org.aspectj.weaver.Dump - 14:10:53.017 main > o.a.w.Dump.dumpOnExit o.a.w.t.WeavingAdaptor$WeavingAdaptorMessageHolder@6a6afff2
14:10:53.017 [main] DEBUG org.aspectj.weaver.Dump - 14:10:53.017 main > o.a.w.Dump.shouldDumpOnExit o.a.w.t.WeavingAdaptor$WeavingAdaptorMessageHolder@6a6afff2
14:10:53.017 [main] DEBUG org.aspectj.weaver.Dump - 14:10:53.017 main - o.a.w.Dump.shouldDumpOnExit abort
14:10:53.017 [main] DEBUG org.aspectj.weaver.Dump - 14:10:53.017 main < o.a.w.Dump.shouldDumpOnExit false
14:10:53.017 [main] DEBUG org.aspectj.weaver.Dump - 14:10:53.017 main < o.a.w.Dump.dumpOnExit Excluded
14:10:53.017 [main] DEBUG org.aspectj.weaver.loadtime.Aj - 14:10:53.017 main < o.a.w.l.Aj.preProcess byte[7764]
14:10:53.022 [main] DEBUG org.aspectj.weaver.loadtime.Aj - 14:10:53.022 main > o.a.w.l.Aj.preProcess o.a.w.l.Aj@b9afc07 io/qameta/allure/internal/shadowed/jackson/annotation/JsonIgnoreType, byte[584], j.i.l.ClassLoaders$AppClassLoader@3cd1a2f1
14:10:53.022 [main] DEBUG org.aspectj.weaver.loadtime.Aj - 14:10:53.022 main - o.a.w.l.Aj.preProcess o.a.w.l.Aj@b9afc07 j.i.l.ClassLoaders$PlatformClassLoader@1ad282e0, j.i.l.ClassLoaders$AppClassLoader@3cd1a2f1
14:10:53.023 [main] DEBUG o.a.weaver.tools.WeavingAdaptor - 14:10:53.023 main > o.a.w.t.WeavingAdaptor.weaveClass o.a.w.l.ClassLoaderWeavingAdaptor@140e5a13 io/qameta/allure/internal/shadowed/jackson/annotation/JsonIgnoreType, byte[584]
14:10:53.023 [main] DEBUG org.aspectj.weaver.bcel.BcelWeaver - 14:10:53.023 main > o.a.w.b.BcelWeaver.weave o.a.w.b.BcelWeaver@48524010 o.a.w.t.WeavingAdaptor$WeavingClassFileProvider@16d07cf3
14:10:53.023 [main] DEBUG org.aspectj.weaver.bcel.BcelWeaver - 14:10:53.023 main > o.a.w.b.BcelWeaver.weaveAndNotify o.a.w.b.BcelWeaver@48524010 o.a.w.b.UnwovenClassFile@16f0ec18, o.a.w.b.BcelObjectType@6c977dcf, o.a.w.t.WeavingAdaptor$WeavingClassFileProvider$1@661d6bb6
14:10:53.023 [main] DEBUG org.aspectj.weaver.bcel.BcelWeaver - 14:10:53.023 main < o.a.w.b.BcelWeaver.weaveAndNotify
14:10:53.023 [main] DEBUG org.aspectj.weaver.bcel.BcelWeaver - 14:10:53.023 main < o.a.w.b.BcelWeaver.weave java.util.ArrayList(1)
14:10:53.023 [main] DEBUG o.a.weaver.tools.WeavingAdaptor - 14:10:53.023 main < o.a.w.t.WeavingAdaptor.weaveClass byte[584]
14:10:53.023 [main] DEBUG org.aspectj.weaver.Dump - 14:10:53.023 main > o.a.w.Dump.dumpOnExit o.a.w.t.WeavingAdaptor$WeavingAdaptorMessageHolder@6a6afff2
14:10:53.024 [main] DEBUG org.aspectj.weaver.Dump - 14:10:53.023 main > o.a.w.Dump.shouldDumpOnExit o.a.w.t.WeavingAdaptor$WeavingAdaptorMessageHolder@6a6afff2
14:10:53.024 [main] DEBUG org.aspectj.weaver.Dump - 14:10:53.024 main - o.a.w.Dump.shouldDumpOnExit abort
14:10:53.024 [main] DEBUG org.aspectj.weaver.Dump - 14:10:53.024 main < o.a.w.Dump.shouldDumpOnExit false
14:10:53.024 [main] DEBUG org.aspectj.weaver.Dump - 14:10:53.024 main < o.a.w.Dump.dumpOnExit Excluded
14:10:53.024 [main] DEBUG org.aspectj.weaver.loadtime.Aj - 14:10:53.024 main < o.a.w.l.Aj.preProcess byte[584]
14:10:53.037 [main] DEBUG org.aspectj.weaver.loadtime.Aj - 14:10:53.035 main > o.a.w.l.Aj.preProcess o.a.w.l.Aj@b9afc07 io/qameta/allure/internal/shadowed/jackson/databind/type/TypeBindings$TypeParamStash, byte[1964], j.i.l.ClassLoaders$AppClassLoader@3cd1a2f1
14:10:53.037 [main] DEBUG org.aspectj.weaver.loadtime.Aj - 14:10:53.037 main - o.a.w.l.Aj.preProcess o.a.w.l.Aj@b9afc07 j.i.l.ClassLoaders$PlatformClassLoader@1ad282e0, j.i.l.ClassLoaders$AppClassLoader@3cd1a2f1
14:10:53.037 [main] DEBUG o.a.weaver.tools.WeavingAdaptor - 14:10:53.037 main > o.a.w.t.WeavingAdaptor.weaveClass o.a.w.l.ClassLoaderWeavingAdaptor@140e5a13 io/qameta/allure/internal/shadowed/jackson/databind/type/TypeBindings$TypeParamStash, byte[1964]
14:10:53.037 [main] DEBUG org.aspectj.weaver.bcel.BcelWeaver - 14:10:53.037 main > o.a.w.b.BcelWeaver.weave o.a.w.b.BcelWeaver@48524010 o.a.w.t.WeavingAdaptor$WeavingClassFileProvider@3fcbc766
14:10:53.037 [main] DEBUG org.aspectj.weaver.bcel.BcelWeaver - 14:10:53.037 main > o.a.w.b.BcelWeaver.weaveAndNotify o.a.w.b.BcelWeaver@48524010 o.a.w.b.UnwovenClassFile@28cd2c2, o.a.w.b.BcelObjectType@8e25d3f, o.a.w.t.WeavingAdaptor$WeavingClassFileProvider$1@18a096b5
14:10:53.038 [main] DEBUG org.aspectj.weaver.bcel.BcelWeaver - 14:10:53.038 main < o.a.w.b.BcelWeaver.weaveAndNotify
14:10:53.038 [main] DEBUG org.aspectj.weaver.bcel.BcelWeaver - 14:10:53.038 main < o.a.w.b.BcelWeaver.weave java.util.ArrayList(1)
14:10:53.038 [main] DEBUG o.a.weaver.tools.WeavingAdaptor - 14:10:53.038 main < o.a.w.t.WeavingAdaptor.weaveClass byte[1964]
14:10:53.038 [main] DEBUG org.aspectj.weaver.Dump - 14:10:53.038 main > o.a.w.Dump.dumpOnExit o.a.w.t.WeavingAdaptor$WeavingAdaptorMessageHolder@6a6afff2
14:10:53.038 [main] DEBUG org.aspectj.weaver.Dump - 14:10:53.038 main > o.a.w.Dump.shouldDumpOnExit o.a.w.t.WeavingAdaptor$WeavingAdaptorMessageHolder@6a6afff2
14:10:53.038 [main] DEBUG org.aspectj.weaver.Dump - 14:10:53.038 main - o.a.w.Dump.shouldDumpOnExit abort
14:10:53.038 [main] DEBUG org.aspectj.weaver.Dump - 14:10:53.038 main < o.a.w.Dump.shouldDumpOnExit false
14:10:53.038 [main] DEBUG org.aspectj.weaver.Dump - 14:10:53.038 main < o.a.w.Dump.dumpOnExit Excluded
14:10:53.038 [main] DEBUG org.aspectj.weaver.loadtime.Aj - 14:10:53.038 main < o.a.w.l.Aj.preProcess byte[1964]
14:10:53.041 [main] DEBUG org.aspectj.weaver.loadtime.Aj - 14:10:53.040 main > o.a.w.l.Aj.preProcess o.a.w.l.Aj@b9afc07 io/qameta/allure/internal/shadowed/jackson/databind/type/TypeBindings$AsKey, byte[1914], j.i.l.ClassLoaders$AppClassLoader@3cd1a2f1
14:10:53.041 [main] DEBUG org.aspectj.weaver.loadtime.Aj - 14:10:53.041 main - o.a.w.l.Aj.preProcess o.a.w.l.Aj@b9afc07 j.i.l.ClassLoaders$PlatformClassLoader@1ad282e0, j.i.l.ClassLoaders$AppClassLoader@3cd1a2f1
14:10:53.041 [main] DEBUG o.a.weaver.tools.WeavingAdaptor - 14:10:53.041 main > o.a.w.t.WeavingAdaptor.weaveClass o.a.w.l.ClassLoaderWeavingAdaptor@140e5a13 io/qameta/allure/internal/shadowed/jackson/databind/type/TypeBindings$AsKey, byte[1914]
14:10:53.041 [main] DEBUG org.aspectj.weaver.bcel.BcelWeaver - 14:10:53.041 main > o.a.w.b.BcelWeaver.weave o.a.w.b.BcelWeaver@48524010 o.a.w.t.WeavingAdaptor$WeavingClassFileProvider@902fdbe
14:10:53.042 [main] DEBUG org.aspectj.weaver.bcel.BcelWeaver - 14:10:53.041 main > o.a.w.b.BcelWeaver.weaveAndNotify o.a.w.b.BcelWeaver@48524010 o.a.w.b.UnwovenClassFile@796d33eb, o.a.w.b.BcelObjectType@5c059a68, o.a.w.t.WeavingAdaptor$WeavingClassFileProvider$1@21ea996f
14:10:53.042 [main] DEBUG org.aspectj.weaver.bcel.BcelWeaver - 14:10:53.042 main < o.a.w.b.BcelWeaver.weaveAndNotify
14:10:53.042 [main] DEBUG org.aspectj.weaver.bcel.BcelWeaver - 14:10:53.042 main < o.a.w.b.BcelWeaver.weave java.util.ArrayList(1)
14:10:53.042 [main] DEBUG o.a.weaver.tools.WeavingAdaptor - 14:10:53.042 main < o.a.w.t.WeavingAdaptor.weaveClass byte[1914]
14:10:53.042 [main] DEBUG org.aspectj.weaver.Dump - 14:10:53.042 main > o.a.w.Dump.dumpOnExit o.a.w.t.WeavingAdaptor$WeavingAdaptorMessageHolder@6a6afff2
14:10:53.042 [main] DEBUG org.aspectj.weaver.Dump - 14:10:53.042 main > o.a.w.Dump.shouldDumpOnExit o.a.w.t.WeavingAdaptor$WeavingAdaptorMessageHolder@6a6afff2
14:10:53.042 [main] DEBUG org.aspectj.weaver.Dump - 14:10:53.042 main - o.a.w.Dump.shouldDumpOnExit abort
14:10:53.042 [main] DEBUG org.aspectj.weaver.Dump - 14:10:53.042 main < o.a.w.Dump.shouldDumpOnExit false
14:10:53.042 [main] DEBUG org.aspectj.weaver.Dump - 14:10:53.042 main < o.a.w.Dump.dumpOnExit Excluded
14:10:53.042 [main] DEBUG org.aspectj.weaver.loadtime.Aj - 14:10:53.042 main < o.a.w.l.Aj.preProcess byte[1914]
14:10:53.048 [main] DEBUG org.aspectj.weaver.loadtime.Aj - 14:10:53.048 main > o.a.w.l.Aj.preProcess o.a.w.l.Aj@b9afc07 io/qameta/allure/model/Link, byte[1575], j.i.l.ClassLoaders$AppClassLoader@3cd1a2f1
14:10:53.048 [main] DEBUG org.aspectj.weaver.loadtime.Aj - 14:10:53.048 main - o.a.w.l.Aj.preProcess o.a.w.l.Aj@b9afc07 j.i.l.ClassLoaders$PlatformClassLoader@1ad282e0, j.i.l.ClassLoaders$AppClassLoader@3cd1a2f1
14:10:53.048 [main] DEBUG o.a.weaver.tools.WeavingAdaptor - 14:10:53.048 main > o.a.w.t.WeavingAdaptor.weaveClass o.a.w.l.ClassLoaderWeavingAdaptor@140e5a13 io/qameta/allure/model/Link, byte[1575]
14:10:53.048 [main] DEBUG org.aspectj.weaver.bcel.BcelWeaver - 14:10:53.048 main > o.a.w.b.BcelWeaver.weave o.a.w.b.BcelWeaver@48524010 o.a.w.t.WeavingAdaptor$WeavingClassFileProvider@7d42404e
14:10:53.048 [main] DEBUG org.aspectj.weaver.bcel.BcelWeaver - 14:10:53.048 main > o.a.w.b.BcelWeaver.weaveAndNotify o.a.w.b.BcelWeaver@48524010 o.a.w.b.UnwovenClassFile@6af5b246, o.a.w.b.BcelObjectType@31723307, o.a.w.t.WeavingAdaptor$WeavingClassFileProvider$1@2401856
14:10:53.049 [main] DEBUG org.aspectj.weaver.bcel.BcelWeaver - 14:10:53.049 main < o.a.w.b.BcelWeaver.weaveAndNotify
14:10:53.049 [main] DEBUG org.aspectj.weaver.bcel.BcelWeaver - 14:10:53.049 main < o.a.w.b.BcelWeaver.weave java.util.ArrayList(1)
14:10:53.049 [main] DEBUG o.a.weaver.tools.WeavingAdaptor - 14:10:53.049 main < o.a.w.t.WeavingAdaptor.weaveClass byte[1575]
14:10:53.049 [main] DEBUG org.aspectj.weaver.Dump - 14:10:53.049 main > o.a.w.Dump.dumpOnExit o.a.w.t.WeavingAdaptor$WeavingAdaptorMessageHolder@6a6afff2
14:10:53.049 [main] DEBUG org.aspectj.weaver.Dump - 14:10:53.049 main > o.a.w.Dump.shouldDumpOnExit o.a.w.t.WeavingAdaptor$WeavingAdaptorMessageHolder@6a6afff2
14:10:53.049 [main] DEBUG org.aspectj.weaver.Dump - 14:10:53.049 main - o.a.w.Dump.shouldDumpOnExit abort
14:10:53.049 [main] DEBUG org.aspectj.weaver.Dump - 14:10:53.049 main < o.a.w.Dump.shouldDumpOnExit false
14:10:53.049 [main] DEBUG org.aspectj.weaver.Dump - 14:10:53.049 main < o.a.w.Dump.dumpOnExit Excluded
14:10:53.049 [main] DEBUG org.aspectj.weaver.loadtime.Aj - 14:10:53.049 main < o.a.w.l.Aj.preProcess byte[1575]
14:10:53.127 [main] DEBUG org.aspectj.weaver.loadtime.Aj - 14:10:53.127 main > o.a.w.l.Aj.preProcess o.a.w.l.Aj@b9afc07 io/qameta/allure/model/StepResult, byte[4699], j.i.l.ClassLoaders$AppClassLoader@3cd1a2f1
14:10:53.127 [main] DEBUG org.aspectj.weaver.loadtime.Aj - 14:10:53.127 main - o.a.w.l.Aj.preProcess o.a.w.l.Aj@b9afc07 j.i.l.ClassLoaders$PlatformClassLoader@1ad282e0, j.i.l.ClassLoaders$AppClassLoader@3cd1a2f1
14:10:53.127 [main] DEBUG o.a.weaver.tools.WeavingAdaptor - 14:10:53.127 main > o.a.w.t.WeavingAdaptor.weaveClass o.a.w.l.ClassLoaderWeavingAdaptor@140e5a13 io/qameta/allure/model/StepResult, byte[4699]
14:10:53.127 [main] DEBUG org.aspectj.weaver.bcel.BcelWeaver - 14:10:53.127 main > o.a.w.b.BcelWeaver.weave o.a.w.b.BcelWeaver@48524010 o.a.w.t.WeavingAdaptor$WeavingClassFileProvider@48268eec
14:10:53.128 [main] DEBUG org.aspectj.weaver.bcel.BcelWorld - 14:10:53.127 main - o.a.w.b.BcelWorld.lookupJavaClass o.a.w.l.LTWWorld@2b4a2ec7 io.qameta.allure.model.ExecutableItem, o.a.a.b.c.JavaClass@3a17b2e3
14:10:53.128 [main] DEBUG org.aspectj.weaver.bcel.BcelWeaver - 14:10:53.128 main > o.a.w.b.BcelWeaver.weaveAndNotify o.a.w.b.BcelWeaver@48524010 o.a.w.b.UnwovenClassFile@69a024a0, o.a.w.b.BcelObjectType@4bf80c29, o.a.w.t.WeavingAdaptor$WeavingClassFileProvider$1@2d7637e6
14:10:53.128 [main] DEBUG org.aspectj.weaver.bcel.BcelWorld - 14:10:53.128 main - o.a.w.b.BcelWorld.lookupJavaClass o.a.w.l.LTWWorld@2b4a2ec7 io.qameta.allure.model.WithAttachments, o.a.a.b.c.JavaClass@71f96dfb
14:10:53.128 [main] DEBUG org.aspectj.weaver.bcel.BcelWorld - 14:10:53.128 main - o.a.w.b.BcelWorld.lookupJavaClass o.a.w.l.LTWWorld@2b4a2ec7 io.qameta.allure.model.WithParameters, o.a.a.b.c.JavaClass@65afeb6d
14:10:53.128 [main] DEBUG org.aspectj.weaver.bcel.BcelWorld - 14:10:53.128 main - o.a.w.b.BcelWorld.lookupJavaClass o.a.w.l.LTWWorld@2b4a2ec7 io.qameta.allure.model.WithStatusDetails, o.a.a.b.c.JavaClass@60df7989
14:10:53.128 [main] DEBUG org.aspectj.weaver.bcel.BcelWorld - 14:10:53.128 main - o.a.w.b.BcelWorld.lookupJavaClass o.a.w.l.LTWWorld@2b4a2ec7 io.qameta.allure.model.WithSteps, o.a.a.b.c.JavaClass@49a26d19
14:10:53.128 [main] DEBUG org.aspectj.weaver.bcel.BcelWorld - 14:10:53.128 main - o.a.w.b.BcelWorld.lookupJavaClass o.a.w.l.LTWWorld@2b4a2ec7 io.qameta.allure.model.WithStatus, o.a.a.b.c.JavaClass@5cf8676a
14:10:53.129 [main] DEBUG org.aspectj.weaver.bcel.BcelWorld - 14:10:53.129 main - o.a.w.b.BcelWorld.lookupJavaClass o.a.w.l.LTWWorld@2b4a2ec7 io.qameta.allure.model.Status, o.a.a.b.c.JavaClass@661c46bc
14:10:53.129 [main] DEBUG org.aspectj.weaver.bcel.BcelWorld - 14:10:53.129 main - o.a.w.b.BcelWorld.lookupJavaClass o.a.w.l.LTWWorld@2b4a2ec7 io.qameta.allure.model.Stage, o.a.a.b.c.JavaClass@4b7c4456
14:10:53.129 [main] DEBUG org.aspectj.weaver.bcel.BcelWeaver - 14:10:53.129 main < o.a.w.b.BcelWeaver.weaveAndNotify
14:10:53.129 [main] DEBUG org.aspectj.weaver.bcel.BcelWeaver - 14:10:53.129 main < o.a.w.b.BcelWeaver.weave java.util.ArrayList(1)
14:10:53.130 [main] DEBUG o.a.weaver.tools.WeavingAdaptor - 14:10:53.129 main < o.a.w.t.WeavingAdaptor.weaveClass byte[4699]
14:10:53.130 [main] DEBUG org.aspectj.weaver.Dump - 14:10:53.130 main > o.a.w.Dump.dumpOnExit o.a.w.t.WeavingAdaptor$WeavingAdaptorMessageHolder@6a6afff2
14:10:53.130 [main] DEBUG org.aspectj.weaver.Dump - 14:10:53.130 main > o.a.w.Dump.shouldDumpOnExit o.a.w.t.WeavingAdaptor$WeavingAdaptorMessageHolder@6a6afff2
14:10:53.130 [main] DEBUG org.aspectj.weaver.Dump - 14:10:53.130 main - o.a.w.Dump.shouldDumpOnExit abort
14:10:53.130 [main] DEBUG org.aspectj.weaver.Dump - 14:10:53.130 main < o.a.w.Dump.shouldDumpOnExit false
14:10:53.130 [main] DEBUG org.aspectj.weaver.Dump - 14:10:53.130 main < o.a.w.Dump.dumpOnExit Excluded
14:10:53.130 [main] DEBUG org.aspectj.weaver.loadtime.Aj - 14:10:53.130 main < o.a.w.l.Aj.preProcess byte[4699]
14:10:53.136 [main] DEBUG org.aspectj.weaver.loadtime.Aj - 14:10:53.135 main > o.a.w.l.Aj.preProcess o.a.w.l.Aj@b9afc07 io/qameta/allure/model/Attachment, byte[1058], j.i.l.ClassLoaders$AppClassLoader@3cd1a2f1
14:10:53.136 [main] DEBUG org.aspectj.weaver.loadtime.Aj - 14:10:53.136 main - o.a.w.l.Aj.preProcess o.a.w.l.Aj@b9afc07 j.i.l.ClassLoaders$PlatformClassLoader@1ad282e0, j.i.l.ClassLoaders$AppClassLoader@3cd1a2f1
14:10:53.136 [main] DEBUG o.a.weaver.tools.WeavingAdaptor - 14:10:53.136 main > o.a.w.t.WeavingAdaptor.weaveClass o.a.w.l.ClassLoaderWeavingAdaptor@140e5a13 io/qameta/allure/model/Attachment, byte[1058]
14:10:53.136 [main] DEBUG org.aspectj.weaver.bcel.BcelWeaver - 14:10:53.136 main > o.a.w.b.BcelWeaver.weave o.a.w.b.BcelWeaver@48524010 o.a.w.t.WeavingAdaptor$WeavingClassFileProvider@2b44d6d0
14:10:53.137 [main] DEBUG org.aspectj.weaver.bcel.BcelWeaver - 14:10:53.136 main > o.a.w.b.BcelWeaver.weaveAndNotify o.a.w.b.BcelWeaver@48524010 o.a.w.b.UnwovenClassFile@3e900e1a, o.a.w.b.BcelObjectType@196624bf, o.a.w.t.WeavingAdaptor$WeavingClassFileProvider$1@50085d9c
14:10:53.138 [main] DEBUG org.aspectj.weaver.bcel.BcelWeaver - 14:10:53.138 main < o.a.w.b.BcelWeaver.weaveAndNotify
14:10:53.138 [main] DEBUG org.aspectj.weaver.bcel.BcelWeaver - 14:10:53.138 main < o.a.w.b.BcelWeaver.weave java.util.ArrayList(1)
14:10:53.138 [main] DEBUG o.a.weaver.tools.WeavingAdaptor - 14:10:53.138 main < o.a.w.t.WeavingAdaptor.weaveClass byte[1058]
14:10:53.138 [main] DEBUG org.aspectj.weaver.Dump - 14:10:53.138 main > o.a.w.Dump.dumpOnExit o.a.w.t.WeavingAdaptor$WeavingAdaptorMessageHolder@6a6afff2
14:10:53.138 [main] DEBUG org.aspectj.weaver.Dump - 14:10:53.138 main > o.a.w.Dump.shouldDumpOnExit o.a.w.t.WeavingAdaptor$WeavingAdaptorMessageHolder@6a6afff2
14:10:53.138 [main] DEBUG org.aspectj.weaver.Dump - 14:10:53.138 main - o.a.w.Dump.shouldDumpOnExit abort
14:10:53.138 [main] DEBUG org.aspectj.weaver.Dump - 14:10:53.138 main < o.a.w.Dump.shouldDumpOnExit false
14:10:53.138 [main] DEBUG org.aspectj.weaver.Dump - 14:10:53.138 main < o.a.w.Dump.dumpOnExit Excluded
14:10:53.138 [main] DEBUG org.aspectj.weaver.loadtime.Aj - 14:10:53.138 main < o.a.w.l.Aj.preProcess byte[1058]
14:10:53.140 [main] DEBUG org.aspectj.weaver.loadtime.Aj - 14:10:53.140 main > o.a.w.l.Aj.preProcess o.a.w.l.Aj@b9afc07 io/qameta/allure/model/Parameter, byte[2117], j.i.l.ClassLoaders$AppClassLoader@3cd1a2f1
14:10:53.140 [main] DEBUG org.aspectj.weaver.loadtime.Aj - 14:10:53.140 main - o.a.w.l.Aj.preProcess o.a.w.l.Aj@b9afc07 j.i.l.ClassLoaders$PlatformClassLoader@1ad282e0, j.i.l.ClassLoaders$AppClassLoader@3cd1a2f1
14:10:53.140 [main] DEBUG o.a.weaver.tools.WeavingAdaptor - 14:10:53.140 main > o.a.w.t.WeavingAdaptor.weaveClass o.a.w.l.ClassLoaderWeavingAdaptor@140e5a13 io/qameta/allure/model/Parameter, byte[2117]
14:10:53.140 [main] DEBUG org.aspectj.weaver.bcel.BcelWeaver - 14:10:53.140 main > o.a.w.b.BcelWeaver.weave o.a.w.b.BcelWeaver@48524010 o.a.w.t.WeavingAdaptor$WeavingClassFileProvider@160e99e0
14:10:53.142 [main] DEBUG org.aspectj.weaver.bcel.BcelWeaver - 14:10:53.140 main > o.a.w.b.BcelWeaver.weaveAndNotify o.a.w.b.BcelWeaver@48524010 o.a.w.b.UnwovenClassFile@4f3e9fbb, o.a.w.b.BcelObjectType@365afe87, o.a.w.t.WeavingAdaptor$WeavingClassFileProvider$1@43471a7e
14:10:53.143 [main] DEBUG org.aspectj.weaver.bcel.BcelWorld - 14:10:53.143 main - o.a.w.b.BcelWorld.lookupJavaClass o.a.w.l.LTWWorld@2b4a2ec7 io.qameta.allure.model.Parameter$Mode, o.a.a.b.c.JavaClass@365a6a43
14:10:53.144 [main] DEBUG org.aspectj.weaver.bcel.BcelWeaver - 14:10:53.144 main < o.a.w.b.BcelWeaver.weaveAndNotify
14:10:53.144 [main] DEBUG org.aspectj.weaver.bcel.BcelWeaver - 14:10:53.144 main < o.a.w.b.BcelWeaver.weave java.util.ArrayList(1)
14:10:53.144 [main] DEBUG o.a.weaver.tools.WeavingAdaptor - 14:10:53.144 main < o.a.w.t.WeavingAdaptor.weaveClass byte[2117]
14:10:53.144 [main] DEBUG org.aspectj.weaver.Dump - 14:10:53.144 main > o.a.w.Dump.dumpOnExit o.a.w.t.WeavingAdaptor$WeavingAdaptorMessageHolder@6a6afff2
14:10:53.144 [main] DEBUG org.aspectj.weaver.Dump - 14:10:53.144 main > o.a.w.Dump.shouldDumpOnExit o.a.w.t.WeavingAdaptor$WeavingAdaptorMessageHolder@6a6afff2
14:10:53.144 [main] DEBUG org.aspectj.weaver.Dump - 14:10:53.144 main - o.a.w.Dump.shouldDumpOnExit abort
14:10:53.144 [main] DEBUG org.aspectj.weaver.Dump - 14:10:53.144 main < o.a.w.Dump.shouldDumpOnExit false
14:10:53.144 [main] DEBUG org.aspectj.weaver.Dump - 14:10:53.144 main < o.a.w.Dump.dumpOnExit Excluded
14:10:53.144 [main] DEBUG org.aspectj.weaver.loadtime.Aj - 14:10:53.144 main < o.a.w.l.Aj.preProcess byte[2117]
14:10:53.147 [main] DEBUG org.aspectj.weaver.loadtime.Aj - 14:10:53.147 main > o.a.w.l.Aj.preProcess o.a.w.l.Aj@b9afc07 io/qameta/allure/internal/shadowed/jackson/databind/ser/PropertyBuilder, byte[17617], j.i.l.ClassLoaders$AppClassLoader@3cd1a2f1
14:10:53.147 [main] DEBUG org.aspectj.weaver.loadtime.Aj - 14:10:53.147 main - o.a.w.l.Aj.preProcess o.a.w.l.Aj@b9afc07 j.i.l.ClassLoaders$PlatformClassLoader@1ad282e0, j.i.l.ClassLoaders$AppClassLoader@3cd1a2f1
14:10:53.147 [main] DEBUG o.a.weaver.tools.WeavingAdaptor - 14:10:53.147 main > o.a.w.t.WeavingAdaptor.weaveClass o.a.w.l.ClassLoaderWeavingAdaptor@140e5a13 io/qameta/allure/internal/shadowed/jackson/databind/ser/PropertyBuilder, byte[17617]
14:10:53.148 [main] DEBUG org.aspectj.weaver.bcel.BcelWeaver - 14:10:53.148 main > o.a.w.b.BcelWeaver.weave o.a.w.b.BcelWeaver@48524010 o.a.w.t.WeavingAdaptor$WeavingClassFileProvider@3a38f122
14:10:53.148 [main] DEBUG org.aspectj.weaver.bcel.BcelWeaver - 14:10:53.148 main > o.a.w.b.BcelWeaver.weaveAndNotify o.a.w.b.BcelWeaver@48524010 o.a.w.b.UnwovenClassFile@2ce03e86, o.a.w.b.BcelObjectType@1c628f6a, o.a.w.t.WeavingAdaptor$WeavingClassFileProvider$1@9b47400
14:10:53.149 [main] DEBUG org.aspectj.weaver.bcel.BcelWeaver - 14:10:53.149 main < o.a.w.b.BcelWeaver.weaveAndNotify
14:10:53.149 [main] DEBUG org.aspectj.weaver.bcel.BcelWeaver - 14:10:53.149 main < o.a.w.b.BcelWeaver.weave java.util.ArrayList(1)
14:10:53.149 [main] DEBUG o.a.weaver.tools.WeavingAdaptor - 14:10:53.149 main < o.a.w.t.WeavingAdaptor.weaveClass byte[17617]
14:10:53.149 [main] DEBUG org.aspectj.weaver.Dump - 14:10:53.149 main > o.a.w.Dump.dumpOnExit o.a.w.t.WeavingAdaptor$WeavingAdaptorMessageHolder@6a6afff2
14:10:53.149 [main] DEBUG org.aspectj.weaver.Dump - 14:10:53.149 main > o.a.w.Dump.shouldDumpOnExit o.a.w.t.WeavingAdaptor$WeavingAdaptorMessageHolder@6a6afff2
14:10:53.149 [main] DEBUG org.aspectj.weaver.Dump - 14:10:53.149 main - o.a.w.Dump.shouldDumpOnExit abort
14:10:53.149 [main] DEBUG org.aspectj.weaver.Dump - 14:10:53.149 main < o.a.w.Dump.shouldDumpOnExit false
14:10:53.149 [main] DEBUG org.aspectj.weaver.Dump - 14:10:53.149 main < o.a.w.Dump.dumpOnExit Excluded
14:10:53.149 [main] DEBUG org.aspectj.weaver.loadtime.Aj - 14:10:53.149 main < o.a.w.l.Aj.preProcess byte[17617]
14:10:53.152 [main] DEBUG org.aspectj.weaver.loadtime.Aj - 14:10:53.152 main > o.a.w.l.Aj.preProcess o.a.w.l.Aj@b9afc07 io/qameta/allure/internal/shadowed/jackson/annotation/JsonInclude, byte[1180], j.i.l.ClassLoaders$AppClassLoader@3cd1a2f1
14:10:53.152 [main] DEBUG org.aspectj.weaver.loadtime.Aj - 14:10:53.152 main - o.a.w.l.Aj.preProcess o.a.w.l.Aj@b9afc07 j.i.l.ClassLoaders$PlatformClassLoader@1ad282e0, j.i.l.ClassLoaders$AppClassLoader@3cd1a2f1
14:10:53.152 [main] DEBUG o.a.weaver.tools.WeavingAdaptor - 14:10:53.152 main > o.a.w.t.WeavingAdaptor.weaveClass o.a.w.l.ClassLoaderWeavingAdaptor@140e5a13 io/qameta/allure/internal/shadowed/jackson/annotation/JsonInclude, byte[1180]
14:10:53.153 [main] DEBUG org.aspectj.weaver.bcel.BcelWeaver - 14:10:53.152 main > o.a.w.b.BcelWeaver.weave o.a.w.b.BcelWeaver@48524010 o.a.w.t.WeavingAdaptor$WeavingClassFileProvider@1e12a5a6
14:10:53.153 [main] DEBUG org.aspectj.weaver.bcel.BcelWeaver - 14:10:53.153 main > o.a.w.b.BcelWeaver.weaveAndNotify o.a.w.b.BcelWeaver@48524010 o.a.w.b.UnwovenClassFile@4877919f, o.a.w.b.BcelObjectType@47a7c93e, o.a.w.t.WeavingAdaptor$WeavingClassFileProvider$1@6f9ab79d
14:10:53.154 [main] DEBUG org.aspectj.weaver.bcel.BcelWeaver - 14:10:53.154 main < o.a.w.b.BcelWeaver.weaveAndNotify
14:10:53.154 [main] DEBUG org.aspectj.weaver.bcel.BcelWeaver - 14:10:53.154 main < o.a.w.b.BcelWeaver.weave java.util.ArrayList(1)
14:10:53.154 [main] DEBUG o.a.weaver.tools.WeavingAdaptor - 14:10:53.154 main < o.a.w.t.WeavingAdaptor.weaveClass byte[1180]
14:10:53.154 [main] DEBUG org.aspectj.weaver.Dump - 14:10:53.154 main > o.a.w.Dump.dumpOnExit o.a.w.t.WeavingAdaptor$WeavingAdaptorMessageHolder@6a6afff2
14:10:53.154 [main] DEBUG org.aspectj.weaver.Dump - 14:10:53.154 main > o.a.w.Dump.shouldDumpOnExit o.a.w.t.WeavingAdaptor$WeavingAdaptorMessageHolder@6a6afff2
14:10:53.154 [main] DEBUG org.aspectj.weaver.Dump - 14:10:53.154 main - o.a.w.Dump.shouldDumpOnExit abort
14:10:53.154 [main] DEBUG org.aspectj.weaver.Dump - 14:10:53.154 main < o.a.w.Dump.shouldDumpOnExit false
14:10:53.154 [main] DEBUG org.aspectj.weaver.Dump - 14:10:53.154 main < o.a.w.Dump.dumpOnExit Excluded
14:10:53.154 [main] DEBUG org.aspectj.weaver.loadtime.Aj - 14:10:53.154 main < o.a.w.l.Aj.preProcess byte[1180]
14:10:53.156 [main] DEBUG org.aspectj.weaver.loadtime.Aj - 14:10:53.156 main > o.a.w.l.Aj.preProcess o.a.w.l.Aj@b9afc07 io/qameta/allure/internal/shadowed/jackson/databind/introspect/POJOPropertyBuilder$3, byte[1746], j.i.l.ClassLoaders$AppClassLoader@3cd1a2f1
14:10:53.156 [main] DEBUG org.aspectj.weaver.loadtime.Aj - 14:10:53.156 main - o.a.w.l.Aj.preProcess o.a.w.l.Aj@b9afc07 j.i.l.ClassLoaders$PlatformClassLoader@1ad282e0, j.i.l.ClassLoaders$AppClassLoader@3cd1a2f1
14:10:53.156 [main] DEBUG o.a.weaver.tools.WeavingAdaptor - 14:10:53.156 main > o.a.w.t.WeavingAdaptor.weaveClass o.a.w.l.ClassLoaderWeavingAdaptor@140e5a13 io/qameta/allure/internal/shadowed/jackson/databind/introspect/POJOPropertyBuilder$3, byte[1746]
14:10:53.156 [main] DEBUG org.aspectj.weaver.bcel.BcelWeaver - 14:10:53.156 main > o.a.w.b.BcelWeaver.weave o.a.w.b.BcelWeaver@48524010 o.a.w.t.WeavingAdaptor$WeavingClassFileProvider@53aa2fc9
14:10:53.157 [main] DEBUG org.aspectj.weaver.bcel.BcelWeaver - 14:10:53.157 main > o.a.w.b.BcelWeaver.weaveAndNotify o.a.w.b.BcelWeaver@48524010 o.a.w.b.UnwovenClassFile@4792f119, o.a.w.b.BcelObjectType@5bde57ab, o.a.w.t.WeavingAdaptor$WeavingClassFileProvider$1@ea00de
14:10:53.157 [main] DEBUG org.aspectj.weaver.bcel.BcelWeaver - 14:10:53.157 main < o.a.w.b.BcelWeaver.weaveAndNotify
14:10:53.157 [main] DEBUG org.aspectj.weaver.bcel.BcelWeaver - 14:10:53.157 main < o.a.w.b.BcelWeaver.weave java.util.ArrayList(1)
14:10:53.157 [main] DEBUG o.a.weaver.tools.WeavingAdaptor - 14:10:53.157 main < o.a.w.t.WeavingAdaptor.weaveClass byte[1746]
14:10:53.157 [main] DEBUG org.aspectj.weaver.Dump - 14:10:53.157 main > o.a.w.Dump.dumpOnExit o.a.w.t.WeavingAdaptor$WeavingAdaptorMessageHolder@6a6afff2
14:10:53.157 [main] DEBUG org.aspectj.weaver.Dump - 14:10:53.157 main > o.a.w.Dump.shouldDumpOnExit o.a.w.t.WeavingAdaptor$WeavingAdaptorMessageHolder@6a6afff2
14:10:53.157 [main] DEBUG org.aspectj.weaver.Dump - 14:10:53.157 main - o.a.w.Dump.shouldDumpOnExit abort
14:10:53.157 [main] DEBUG org.aspectj.weaver.Dump - 14:10:53.157 main < o.a.w.Dump.shouldDumpOnExit false
14:10:53.157 [main] DEBUG org.aspectj.weaver.Dump - 14:10:53.157 main < o.a.w.Dump.dumpOnExit Excluded
14:10:53.157 [main] DEBUG org.aspectj.weaver.loadtime.Aj - 14:10:53.157 main < o.a.w.l.Aj.preProcess byte[1746]
14:10:53.161 [main] DEBUG org.aspectj.weaver.loadtime.Aj - 14:10:53.161 main > o.a.w.l.Aj.preProcess o.a.w.l.Aj@b9afc07 io/qameta/allure/internal/shadowed/jackson/annotation/JsonTypeId, byte[560], j.i.l.ClassLoaders$AppClassLoader@3cd1a2f1
14:10:53.161 [main] DEBUG org.aspectj.weaver.loadtime.Aj - 14:10:53.161 main - o.a.w.l.Aj.preProcess o.a.w.l.Aj@b9afc07 j.i.l.ClassLoaders$PlatformClassLoader@1ad282e0, j.i.l.ClassLoaders$AppClassLoader@3cd1a2f1
14:10:53.162 [main] DEBUG o.a.weaver.tools.WeavingAdaptor - 14:10:53.162 main > o.a.w.t.WeavingAdaptor.weaveClass o.a.w.l.ClassLoaderWeavingAdaptor@140e5a13 io/qameta/allure/internal/shadowed/jackson/annotation/JsonTypeId, byte[560]
14:10:53.162 [main] DEBUG org.aspectj.weaver.bcel.BcelWeaver - 14:10:53.162 main > o.a.w.b.BcelWeaver.weave o.a.w.b.BcelWeaver@48524010 o.a.w.t.WeavingAdaptor$WeavingClassFileProvider@2a50b32d
14:10:53.163 [main] DEBUG org.aspectj.weaver.bcel.BcelWeaver - 14:10:53.163 main > o.a.w.b.BcelWeaver.weaveAndNotify o.a.w.b.BcelWeaver@48524010 o.a.w.b.UnwovenClassFile@36c7cbe1, o.a.w.b.BcelObjectType@1ac6dd3d, o.a.w.t.WeavingAdaptor$WeavingClassFileProvider$1@562919fe
14:10:53.163 [main] DEBUG org.aspectj.weaver.bcel.BcelWeaver - 14:10:53.163 main < o.a.w.b.BcelWeaver.weaveAndNotify
14:10:53.163 [main] DEBUG org.aspectj.weaver.bcel.BcelWeaver - 14:10:53.163 main < o.a.w.b.BcelWeaver.weave java.util.ArrayList(1)
14:10:53.163 [main] DEBUG o.a.weaver.tools.WeavingAdaptor - 14:10:53.163 main < o.a.w.t.WeavingAdaptor.weaveClass byte[560]
14:10:53.163 [main] DEBUG org.aspectj.weaver.Dump - 14:10:53.163 main > o.a.w.Dump.dumpOnExit o.a.w.t.WeavingAdaptor$WeavingAdaptorMessageHolder@6a6afff2
14:10:53.163 [main] DEBUG org.aspectj.weaver.Dump - 14:10:53.163 main > o.a.w.Dump.shouldDumpOnExit o.a.w.t.WeavingAdaptor$WeavingAdaptorMessageHolder@6a6afff2
14:10:53.163 [main] DEBUG org.aspectj.weaver.Dump - 14:10:53.163 main - o.a.w.Dump.shouldDumpOnExit abort
14:10:53.163 [main] DEBUG org.aspectj.weaver.Dump - 14:10:53.163 main < o.a.w.Dump.shouldDumpOnExit false
14:10:53.163 [main] DEBUG org.aspectj.weaver.Dump - 14:10:53.163 main < o.a.w.Dump.dumpOnExit Excluded
14:10:53.163 [main] DEBUG org.aspectj.weaver.loadtime.Aj - 14:10:53.163 main < o.a.w.l.Aj.preProcess byte[560]
14:10:53.164 [main] DEBUG org.aspectj.weaver.loadtime.Aj - 14:10:53.164 main > o.a.w.l.Aj.preProcess o.a.w.l.Aj@b9afc07 io/qameta/allure/internal/shadowed/jackson/databind/introspect/POJOPropertyBuilder$2, byte[2124], j.i.l.ClassLoaders$AppClassLoader@3cd1a2f1
14:10:53.165 [main] DEBUG org.aspectj.weaver.loadtime.Aj - 14:10:53.165 main - o.a.w.l.Aj.preProcess o.a.w.l.Aj@b9afc07 j.i.l.ClassLoaders$PlatformClassLoader@1ad282e0, j.i.l.ClassLoaders$AppClassLoader@3cd1a2f1
14:10:53.165 [main] DEBUG o.a.weaver.tools.WeavingAdaptor - 14:10:53.165 main > o.a.w.t.WeavingAdaptor.weaveClass o.a.w.l.ClassLoaderWeavingAdaptor@140e5a13 io/qameta/allure/internal/shadowed/jackson/databind/introspect/POJOPropertyBuilder$2, byte[2124]
14:10:53.165 [main] DEBUG org.aspectj.weaver.bcel.BcelWeaver - 14:10:53.165 main > o.a.w.b.BcelWeaver.weave o.a.w.b.BcelWeaver@48524010 o.a.w.t.WeavingAdaptor$WeavingClassFileProvider@43245559
14:10:53.165 [main] DEBUG org.aspectj.weaver.bcel.BcelWeaver - 14:10:53.165 main > o.a.w.b.BcelWeaver.weaveAndNotify o.a.w.b.BcelWeaver@48524010 o.a.w.b.UnwovenClassFile@42e4e589, o.a.w.b.BcelObjectType@499ee966, o.a.w.t.WeavingAdaptor$WeavingClassFileProvider$1@76f2dad9
14:10:53.166 [main] DEBUG org.aspectj.weaver.bcel.BcelWeaver - 14:10:53.166 main < o.a.w.b.BcelWeaver.weaveAndNotify
14:10:53.166 [main] DEBUG org.aspectj.weaver.bcel.BcelWeaver - 14:10:53.166 main < o.a.w.b.BcelWeaver.weave java.util.ArrayList(1)
14:10:53.166 [main] DEBUG o.a.weaver.tools.WeavingAdaptor - 14:10:53.166 main < o.a.w.t.WeavingAdaptor.weaveClass byte[2124]
14:10:53.166 [main] DEBUG org.aspectj.weaver.Dump - 14:10:53.166 main > o.a.w.Dump.dumpOnExit o.a.w.t.WeavingAdaptor$WeavingAdaptorMessageHolder@6a6afff2
14:10:53.166 [main] DEBUG org.aspectj.weaver.Dump - 14:10:53.166 main > o.a.w.Dump.shouldDumpOnExit o.a.w.t.WeavingAdaptor$WeavingAdaptorMessageHolder@6a6afff2
14:10:53.166 [main] DEBUG org.aspectj.weaver.Dump - 14:10:53.166 main - o.a.w.Dump.shouldDumpOnExit abort
14:10:53.166 [main] DEBUG org.aspectj.weaver.Dump - 14:10:53.166 main < o.a.w.Dump.shouldDumpOnExit false
14:10:53.166 [main] DEBUG org.aspectj.weaver.Dump - 14:10:53.166 main < o.a.w.Dump.dumpOnExit Excluded
14:10:53.166 [main] DEBUG org.aspectj.weaver.loadtime.Aj - 14:10:53.166 main < o.a.w.l.Aj.preProcess byte[2124]
14:10:53.168 [main] DEBUG org.aspectj.weaver.loadtime.Aj - 14:10:53.168 main > o.a.w.l.Aj.preProcess o.a.w.l.Aj@b9afc07 io/qameta/allure/internal/shadowed/jackson/databind/BeanProperty$Std, byte[9350], j.i.l.ClassLoaders$AppClassLoader@3cd1a2f1
14:10:53.168 [main] DEBUG org.aspectj.weaver.loadtime.Aj - 14:10:53.168 main - o.a.w.l.Aj.preProcess o.a.w.l.Aj@b9afc07 j.i.l.ClassLoaders$PlatformClassLoader@1ad282e0, j.i.l.ClassLoaders$AppClassLoader@3cd1a2f1
14:10:53.168 [main] DEBUG o.a.weaver.tools.WeavingAdaptor - 14:10:53.168 main > o.a.w.t.WeavingAdaptor.weaveClass o.a.w.l.ClassLoaderWeavingAdaptor@140e5a13 io/qameta/allure/internal/shadowed/jackson/databind/BeanProperty$Std, byte[9350]
14:10:53.170 [main] DEBUG org.aspectj.weaver.bcel.BcelWeaver - 14:10:53.170 main > o.a.w.b.BcelWeaver.weave o.a.w.b.BcelWeaver@48524010 o.a.w.t.WeavingAdaptor$WeavingClassFileProvider@22825e1e
14:10:53.170 [main] DEBUG org.aspectj.weaver.bcel.BcelWorld - 14:10:53.170 main - o.a.w.b.BcelWorld.lookupJavaClass o.a.w.l.LTWWorld@2b4a2ec7 io.qameta.allure.internal.shadowed.jackson.databind.BeanProperty, o.a.a.b.c.JavaClass@4ee37ca3
14:10:53.170 [main] DEBUG org.aspectj.weaver.bcel.BcelWeaver - 14:10:53.170 main > o.a.w.b.BcelWeaver.weaveAndNotify o.a.w.b.BcelWeaver@48524010 o.a.w.b.UnwovenClassFile@335f5c69, o.a.w.b.BcelObjectType@63fd4dda, o.a.w.t.WeavingAdaptor$WeavingClassFileProvider$1@1d6751e3
14:10:53.171 [main] DEBUG org.aspectj.weaver.bcel.BcelWorld - 14:10:53.171 main - o.a.w.b.BcelWorld.lookupJavaClass o.a.w.l.LTWWorld@2b4a2ec7 io.qameta.allure.internal.shadowed.jackson.databind.jsonFormatVisitors.JsonObjectFormatVisitor, o.a.a.b.c.JavaClass@3f093abe
14:10:53.171 [main] DEBUG org.aspectj.weaver.bcel.BcelWeaver - 14:10:53.171 main < o.a.w.b.BcelWeaver.weaveAndNotify
14:10:53.171 [main] DEBUG org.aspectj.weaver.bcel.BcelWeaver - 14:10:53.171 main < o.a.w.b.BcelWeaver.weave java.util.ArrayList(1)
14:10:53.171 [main] DEBUG o.a.weaver.tools.WeavingAdaptor - 14:10:53.171 main < o.a.w.t.WeavingAdaptor.weaveClass byte[9350]
14:10:53.171 [main] DEBUG org.aspectj.weaver.Dump - 14:10:53.171 main > o.a.w.Dump.dumpOnExit o.a.w.t.WeavingAdaptor$WeavingAdaptorMessageHolder@6a6afff2
14:10:53.174 [main] DEBUG org.aspectj.weaver.Dump - 14:10:53.171 main > o.a.w.Dump.shouldDumpOnExit o.a.w.t.WeavingAdaptor$WeavingAdaptorMessageHolder@6a6afff2
14:10:53.174 [main] DEBUG org.aspectj.weaver.Dump - 14:10:53.174 main - o.a.w.Dump.shouldDumpOnExit abort
14:10:53.174 [main] DEBUG org.aspectj.weaver.Dump - 14:10:53.174 main < o.a.w.Dump.shouldDumpOnExit false
14:10:53.174 [main] DEBUG org.aspectj.weaver.Dump - 14:10:53.174 main < o.a.w.Dump.dumpOnExit Excluded
14:10:53.174 [main] DEBUG org.aspectj.weaver.loadtime.Aj - 14:10:53.174 main < o.a.w.l.Aj.preProcess byte[9350]
14:10:53.178 [main] DEBUG org.aspectj.weaver.loadtime.Aj - 14:10:53.178 main > o.a.w.l.Aj.preProcess o.a.w.l.Aj@b9afc07 io/qameta/allure/internal/shadowed/jackson/databind/annotation/JsonTypeResolver, byte[753], j.i.l.ClassLoaders$AppClassLoader@3cd1a2f1
14:10:53.178 [main] DEBUG org.aspectj.weaver.loadtime.Aj - 14:10:53.178 main - o.a.w.l.Aj.preProcess o.a.w.l.Aj@b9afc07 j.i.l.ClassLoaders$PlatformClassLoader@1ad282e0, j.i.l.ClassLoaders$AppClassLoader@3cd1a2f1
14:10:53.178 [main] DEBUG o.a.weaver.tools.WeavingAdaptor - 14:10:53.178 main > o.a.w.t.WeavingAdaptor.weaveClass o.a.w.l.ClassLoaderWeavingAdaptor@140e5a13 io/qameta/allure/internal/shadowed/jackson/databind/annotation/JsonTypeResolver, byte[753]
14:10:53.179 [main] DEBUG org.aspectj.weaver.bcel.BcelWeaver - 14:10:53.179 main > o.a.w.b.BcelWeaver.weave o.a.w.b.BcelWeaver@48524010 o.a.w.t.WeavingAdaptor$WeavingClassFileProvider@aa61e4e
14:10:53.179 [main] DEBUG org.aspectj.weaver.bcel.BcelWeaver - 14:10:53.179 main > o.a.w.b.BcelWeaver.weaveAndNotify o.a.w.b.BcelWeaver@48524010 o.a.w.b.UnwovenClassFile@733e6df7, o.a.w.b.BcelObjectType@7fe07361, o.a.w.t.WeavingAdaptor$WeavingClassFileProvider$1@741ac284
14:10:53.179 [main] DEBUG org.aspectj.weaver.bcel.BcelWeaver - 14:10:53.179 main < o.a.w.b.BcelWeaver.weaveAndNotify
14:10:53.179 [main] DEBUG org.aspectj.weaver.bcel.BcelWeaver - 14:10:53.179 main < o.a.w.b.BcelWeaver.weave java.util.ArrayList(1)
14:10:53.179 [main] DEBUG o.a.weaver.tools.WeavingAdaptor - 14:10:53.179 main < o.a.w.t.WeavingAdaptor.weaveClass byte[753]
14:10:53.179 [main] DEBUG org.aspectj.weaver.Dump - 14:10:53.179 main > o.a.w.Dump.dumpOnExit o.a.w.t.WeavingAdaptor$WeavingAdaptorMessageHolder@6a6afff2
14:10:53.179 [main] DEBUG org.aspectj.weaver.Dump - 14:10:53.179 main > o.a.w.Dump.shouldDumpOnExit o.a.w.t.WeavingAdaptor$WeavingAdaptorMessageHolder@6a6afff2
14:10:53.179 [main] DEBUG org.aspectj.weaver.Dump - 14:10:53.179 main - o.a.w.Dump.shouldDumpOnExit abort
14:10:53.179 [main] DEBUG org.aspectj.weaver.Dump - 14:10:53.179 main < o.a.w.Dump.shouldDumpOnExit false
14:10:53.179 [main] DEBUG org.aspectj.weaver.Dump - 14:10:53.179 main < o.a.w.Dump.dumpOnExit Excluded
14:10:53.179 [main] DEBUG org.aspectj.weaver.loadtime.Aj - 14:10:53.179 main < o.a.w.l.Aj.preProcess byte[753]
14:10:53.183 [main] DEBUG org.aspectj.weaver.loadtime.Aj - 14:10:53.183 main > o.a.w.l.Aj.preProcess o.a.w.l.Aj@b9afc07 io/qameta/allure/internal/shadowed/jackson/databind/ser/PropertyBuilder$1, byte[1209], j.i.l.ClassLoaders$AppClassLoader@3cd1a2f1
14:10:53.183 [main] DEBUG org.aspectj.weaver.loadtime.Aj - 14:10:53.183 main - o.a.w.l.Aj.preProcess o.a.w.l.Aj@b9afc07 j.i.l.ClassLoaders$PlatformClassLoader@1ad282e0, j.i.l.ClassLoaders$AppClassLoader@3cd1a2f1
14:10:53.183 [main] DEBUG o.a.weaver.tools.WeavingAdaptor - 14:10:53.183 main > o.a.w.t.WeavingAdaptor.weaveClass o.a.w.l.ClassLoaderWeavingAdaptor@140e5a13 io/qameta/allure/internal/shadowed/jackson/databind/ser/PropertyBuilder$1, byte[1209]
14:10:53.184 [main] DEBUG org.aspectj.weaver.bcel.BcelWeaver - 14:10:53.184 main > o.a.w.b.BcelWeaver.weave o.a.w.b.BcelWeaver@48524010 o.a.w.t.WeavingAdaptor$WeavingClassFileProvider@108e9837
14:10:53.184 [main] DEBUG org.aspectj.weaver.bcel.BcelWeaver - 14:10:53.184 main > o.a.w.b.BcelWeaver.weaveAndNotify o.a.w.b.BcelWeaver@48524010 o.a.w.b.UnwovenClassFile@79a201cf, o.a.w.b.BcelObjectType@1cbc5693, o.a.w.t.WeavingAdaptor$WeavingClassFileProvider$1@3d2f3dcb
14:10:53.184 [main] DEBUG org.aspectj.weaver.bcel.BcelWeaver - 14:10:53.184 main < o.a.w.b.BcelWeaver.weaveAndNotify
14:10:53.184 [main] DEBUG org.aspectj.weaver.bcel.BcelWeaver - 14:10:53.184 main < o.a.w.b.BcelWeaver.weave java.util.ArrayList(1)
14:10:53.184 [main] DEBUG o.a.weaver.tools.WeavingAdaptor - 14:10:53.184 main < o.a.w.t.WeavingAdaptor.weaveClass byte[1209]
14:10:53.184 [main] DEBUG org.aspectj.weaver.Dump - 14:10:53.184 main > o.a.w.Dump.dumpOnExit o.a.w.t.WeavingAdaptor$WeavingAdaptorMessageHolder@6a6afff2
14:10:53.184 [main] DEBUG org.aspectj.weaver.Dump - 14:10:53.184 main > o.a.w.Dump.shouldDumpOnExit o.a.w.t.WeavingAdaptor$WeavingAdaptorMessageHolder@6a6afff2
14:10:53.184 [main] DEBUG org.aspectj.weaver.Dump - 14:10:53.184 main - o.a.w.Dump.shouldDumpOnExit abort
14:10:53.184 [main] DEBUG org.aspectj.weaver.Dump - 14:10:53.184 main < o.a.w.Dump.shouldDumpOnExit false
14:10:53.184 [main] DEBUG org.aspectj.weaver.Dump - 14:10:53.184 main < o.a.w.Dump.dumpOnExit Excluded
14:10:53.184 [main] DEBUG org.aspectj.weaver.loadtime.Aj - 14:10:53.184 main < o.a.w.l.Aj.preProcess byte[1209]
14:10:53.187 [main] DEBUG org.aspectj.weaver.loadtime.Aj - 14:10:53.187 main > o.a.w.l.Aj.preProcess o.a.w.l.Aj@b9afc07 io/qameta/allure/internal/shadowed/jackson/databind/introspect/POJOPropertyBuilder$1, byte[1976], j.i.l.ClassLoaders$AppClassLoader@3cd1a2f1
14:10:53.187 [main] DEBUG org.aspectj.weaver.loadtime.Aj - 14:10:53.187 main - o.a.w.l.Aj.preProcess o.a.w.l.Aj@b9afc07 j.i.l.ClassLoaders$PlatformClassLoader@1ad282e0, j.i.l.ClassLoaders$AppClassLoader@3cd1a2f1
14:10:53.188 [main] DEBUG o.a.weaver.tools.WeavingAdaptor - 14:10:53.187 main > o.a.w.t.WeavingAdaptor.weaveClass o.a.w.l.ClassLoaderWeavingAdaptor@140e5a13 io/qameta/allure/internal/shadowed/jackson/databind/introspect/POJOPropertyBuilder$1, byte[1976]
14:10:53.188 [main] DEBUG org.aspectj.weaver.bcel.BcelWeaver - 14:10:53.188 main > o.a.w.b.BcelWeaver.weave o.a.w.b.BcelWeaver@48524010 o.a.w.t.WeavingAdaptor$WeavingClassFileProvider@40bf4386
14:10:53.188 [main] DEBUG org.aspectj.weaver.bcel.BcelWeaver - 14:10:53.188 main > o.a.w.b.BcelWeaver.weaveAndNotify o.a.w.b.BcelWeaver@48524010 o.a.w.b.UnwovenClassFile@14d25b6e, o.a.w.b.BcelObjectType@51c65a43, o.a.w.t.WeavingAdaptor$WeavingClassFileProvider$1@740dcae3
14:10:53.188 [main] DEBUG org.aspectj.weaver.bcel.BcelWeaver - 14:10:53.188 main < o.a.w.b.BcelWeaver.weaveAndNotify
14:10:53.188 [main] DEBUG org.aspectj.weaver.bcel.BcelWeaver - 14:10:53.188 main < o.a.w.b.BcelWeaver.weave java.util.ArrayList(1)
14:10:53.189 [main] DEBUG o.a.weaver.tools.WeavingAdaptor - 14:10:53.189 main < o.a.w.t.WeavingAdaptor.weaveClass byte[1976]
14:10:53.189 [main] DEBUG org.aspectj.weaver.Dump - 14:10:53.189 main > o.a.w.Dump.dumpOnExit o.a.w.t.WeavingAdaptor$WeavingAdaptorMessageHolder@6a6afff2
14:10:53.189 [main] DEBUG org.aspectj.weaver.Dump - 14:10:53.189 main > o.a.w.Dump.shouldDumpOnExit o.a.w.t.WeavingAdaptor$WeavingAdaptorMessageHolder@6a6afff2
14:10:53.189 [main] DEBUG org.aspectj.weaver.Dump - 14:10:53.189 main - o.a.w.Dump.shouldDumpOnExit abort
14:10:53.189 [main] DEBUG org.aspectj.weaver.Dump - 14:10:53.189 main < o.a.w.Dump.shouldDumpOnExit false
14:10:53.189 [main] DEBUG org.aspectj.weaver.Dump - 14:10:53.189 main < o.a.w.Dump.dumpOnExit Excluded
14:10:53.189 [main] DEBUG org.aspectj.weaver.loadtime.Aj - 14:10:53.189 main < o.a.w.l.Aj.preProcess byte[1976]
14:10:53.191 [main] DEBUG org.aspectj.weaver.loadtime.Aj - 14:10:53.191 main > o.a.w.l.Aj.preProcess o.a.w.l.Aj@b9afc07 io/qameta/allure/internal/shadowed/jackson/databind/ser/impl/UnwrappingBeanPropertyWriter, byte[11432], j.i.l.ClassLoaders$AppClassLoader@3cd1a2f1
14:10:53.192 [main] DEBUG org.aspectj.weaver.loadtime.Aj - 14:10:53.191 main - o.a.w.l.Aj.preProcess o.a.w.l.Aj@b9afc07 j.i.l.ClassLoaders$PlatformClassLoader@1ad282e0, j.i.l.ClassLoaders$AppClassLoader@3cd1a2f1
14:10:53.192 [main] DEBUG o.a.weaver.tools.WeavingAdaptor - 14:10:53.192 main > o.a.w.t.WeavingAdaptor.weaveClass o.a.w.l.ClassLoaderWeavingAdaptor@140e5a13 io/qameta/allure/internal/shadowed/jackson/databind/ser/impl/UnwrappingBeanPropertyWriter, byte[11432]
14:10:53.192 [main] DEBUG org.aspectj.weaver.bcel.BcelWeaver - 14:10:53.192 main > o.a.w.b.BcelWeaver.weave o.a.w.b.BcelWeaver@48524010 o.a.w.t.WeavingAdaptor$WeavingClassFileProvider@1c30cb85
14:10:53.192 [main] DEBUG org.aspectj.weaver.bcel.BcelWeaver - 14:10:53.192 main > o.a.w.b.BcelWeaver.weaveAndNotify o.a.w.b.BcelWeaver@48524010 o.a.w.b.UnwovenClassFile@577bf0aa, o.a.w.b.BcelObjectType@7455dacb, o.a.w.t.WeavingAdaptor$WeavingClassFileProvider$1@7634f2b
14:10:53.192 [main] DEBUG org.aspectj.weaver.bcel.BcelWorld - 14:10:53.192 main - o.a.w.b.BcelWorld.lookupJavaClass o.a.w.l.LTWWorld@2b4a2ec7 io.qameta.allure.internal.shadowed.jackson.databind.ser.PropertyWriter, o.a.a.b.c.JavaClass@5398edd0
14:10:53.193 [main] DEBUG org.aspectj.weaver.bcel.BcelWorld - 14:10:53.192 main - o.a.w.b.BcelWorld.lookupJavaClass o.a.w.l.LTWWorld@2b4a2ec7 io.qameta.allure.internal.shadowed.jackson.databind.introspect.ConcreteBeanPropertyBase, o.a.a.b.c.JavaClass@6928f576
14:10:53.196 [main] DEBUG org.aspectj.weaver.bcel.BcelWorld - 14:10:53.196 main - o.a.w.b.BcelWorld.lookupJavaClass o.a.w.l.LTWWorld@2b4a2ec7 io.qameta.allure.internal.shadowed.jackson.core.io.SerializedString, o.a.a.b.c.JavaClass@611e5819
14:10:53.196 [main] DEBUG org.aspectj.weaver.bcel.BcelWorld - 14:10:53.196 main - o.a.w.b.BcelWorld.lookupJavaClass o.a.w.l.LTWWorld@2b4a2ec7 io.qameta.allure.internal.shadowed.jackson.databind.node.ObjectNode, o.a.a.b.c.JavaClass@1522d8a0
14:10:53.196 [main] DEBUG org.aspectj.weaver.bcel.BcelWorld - 14:10:53.196 main - o.a.w.b.BcelWorld.lookupJavaClass o.a.w.l.LTWWorld@2b4a2ec7 io.qameta.allure.internal.shadowed.jackson.databind.ser.impl.PropertySerializerMap, o.a.a.b.c.JavaClass@780ec4a5
14:10:53.196 [main] DEBUG org.aspectj.weaver.bcel.BcelWeaver - 14:10:53.196 main < o.a.w.b.BcelWeaver.weaveAndNotify
14:10:53.196 [main] DEBUG org.aspectj.weaver.bcel.BcelWeaver - 14:10:53.196 main < o.a.w.b.BcelWeaver.weave java.util.ArrayList(1)
14:10:53.196 [main] DEBUG o.a.weaver.tools.WeavingAdaptor - 14:10:53.196 main < o.a.w.t.WeavingAdaptor.weaveClass byte[11432]
14:10:53.196 [main] DEBUG org.aspectj.weaver.Dump - 14:10:53.196 main > o.a.w.Dump.dumpOnExit o.a.w.t.WeavingAdaptor$WeavingAdaptorMessageHolder@6a6afff2
14:10:53.197 [main] DEBUG org.aspectj.weaver.Dump - 14:10:53.197 main > o.a.w.Dump.shouldDumpOnExit o.a.w.t.WeavingAdaptor$WeavingAdaptorMessageHolder@6a6afff2
14:10:53.197 [main] DEBUG org.aspectj.weaver.Dump - 14:10:53.197 main - o.a.w.Dump.shouldDumpOnExit abort
14:10:53.197 [main] DEBUG org.aspectj.weaver.Dump - 14:10:53.197 main < o.a.w.Dump.shouldDumpOnExit false
14:10:53.197 [main] DEBUG org.aspectj.weaver.Dump - 14:10:53.197 main < o.a.w.Dump.dumpOnExit Excluded
14:10:53.197 [main] DEBUG org.aspectj.weaver.loadtime.Aj - 14:10:53.197 main < o.a.w.l.Aj.preProcess byte[11432]
14:10:53.199 [main] DEBUG org.aspectj.weaver.loadtime.Aj - 14:10:53.199 main > o.a.w.l.Aj.preProcess o.a.w.l.Aj@b9afc07 io/qameta/allure/internal/shadowed/jackson/databind/ser/impl/PropertySerializerMap, byte[8195], j.i.l.ClassLoaders$AppClassLoader@3cd1a2f1
14:10:53.200 [main] DEBUG org.aspectj.weaver.loadtime.Aj - 14:10:53.200 main - o.a.w.l.Aj.preProcess o.a.w.l.Aj@b9afc07 j.i.l.ClassLoaders$PlatformClassLoader@1ad282e0, j.i.l.ClassLoaders$AppClassLoader@3cd1a2f1
14:10:53.200 [main] DEBUG o.a.weaver.tools.WeavingAdaptor - 14:10:53.200 main > o.a.w.t.WeavingAdaptor.weaveClass o.a.w.l.ClassLoaderWeavingAdaptor@140e5a13 io/qameta/allure/internal/shadowed/jackson/databind/ser/impl/PropertySerializerMap, byte[8195]
14:10:53.200 [main] DEBUG org.aspectj.weaver.bcel.BcelWeaver - 14:10:53.200 main > o.a.w.b.BcelWeaver.weave o.a.w.b.BcelWeaver@48524010 o.a.w.t.WeavingAdaptor$WeavingClassFileProvider@5ed5b321
14:10:53.200 [main] DEBUG org.aspectj.weaver.bcel.BcelWeaver - 14:10:53.200 main > o.a.w.b.BcelWeaver.weaveAndNotify o.a.w.b.BcelWeaver@48524010 o.a.w.b.UnwovenClassFile@5696c927, o.a.w.b.BcelObjectType@7459a21e, o.a.w.t.WeavingAdaptor$WeavingClassFileProvider$1@7eeb38b2
14:10:53.202 [main] DEBUG org.aspectj.weaver.bcel.BcelWorld - 14:10:53.202 main - o.a.w.b.BcelWorld.lookupJavaClass o.a.w.l.LTWWorld@2b4a2ec7 io.qameta.allure.internal.shadowed.jackson.databind.ser.impl.PropertySerializerMap$SerializerAndMapResult, o.a.a.b.c.JavaClass@58eac00e
14:10:53.202 [main] DEBUG org.aspectj.weaver.bcel.BcelWeaver - 14:10:53.202 main < o.a.w.b.BcelWeaver.weaveAndNotify
14:10:53.203 [main] DEBUG org.aspectj.weaver.bcel.BcelWeaver - 14:10:53.202 main < o.a.w.b.BcelWeaver.weave java.util.ArrayList(1)
14:10:53.203 [main] DEBUG o.a.weaver.tools.WeavingAdaptor - 14:10:53.203 main < o.a.w.t.WeavingAdaptor.weaveClass byte[8195]
14:10:53.203 [main] DEBUG org.aspectj.weaver.Dump - 14:10:53.203 main > o.a.w.Dump.dumpOnExit o.a.w.t.WeavingAdaptor$WeavingAdaptorMessageHolder@6a6afff2
14:10:53.203 [main] DEBUG org.aspectj.weaver.Dump - 14:10:53.203 main > o.a.w.Dump.shouldDumpOnExit o.a.w.t.WeavingAdaptor$WeavingAdaptorMessageHolder@6a6afff2
14:10:53.203 [main] DEBUG org.aspectj.weaver.Dump - 14:10:53.203 main - o.a.w.Dump.shouldDumpOnExit abort
14:10:53.203 [main] DEBUG org.aspectj.weaver.Dump - 14:10:53.203 main < o.a.w.Dump.shouldDumpOnExit false
14:10:53.203 [main] DEBUG org.aspectj.weaver.Dump - 14:10:53.203 main < o.a.w.Dump.dumpOnExit Excluded
14:10:53.203 [main] DEBUG org.aspectj.weaver.loadtime.Aj - 14:10:53.203 main < o.a.w.l.Aj.preProcess byte[8195]
14:10:53.204 [main] DEBUG org.aspectj.weaver.loadtime.Aj - 14:10:53.204 main > o.a.w.l.Aj.preProcess o.a.w.l.Aj@b9afc07 io/qameta/allure/internal/shadowed/jackson/databind/ser/impl/PropertySerializerMap$Empty, byte[2097], j.i.l.ClassLoaders$AppClassLoader@3cd1a2f1
14:10:53.204 [main] DEBUG org.aspectj.weaver.loadtime.Aj - 14:10:53.204 main - o.a.w.l.Aj.preProcess o.a.w.l.Aj@b9afc07 j.i.l.ClassLoaders$PlatformClassLoader@1ad282e0, j.i.l.ClassLoaders$AppClassLoader@3cd1a2f1
14:10:53.204 [main] DEBUG o.a.weaver.tools.WeavingAdaptor - 14:10:53.204 main > o.a.w.t.WeavingAdaptor.weaveClass o.a.w.l.ClassLoaderWeavingAdaptor@140e5a13 io/qameta/allure/internal/shadowed/jackson/databind/ser/impl/PropertySerializerMap$Empty, byte[2097]
14:10:53.205 [main] DEBUG org.aspectj.weaver.bcel.BcelWeaver - 14:10:53.205 main > o.a.w.b.BcelWeaver.weave o.a.w.b.BcelWeaver@48524010 o.a.w.t.WeavingAdaptor$WeavingClassFileProvider@1a2e0d57
14:10:53.205 [main] DEBUG org.aspectj.weaver.bcel.BcelWeaver - 14:10:53.205 main > o.a.w.b.BcelWeaver.weaveAndNotify o.a.w.b.BcelWeaver@48524010 o.a.w.b.UnwovenClassFile@5f025000, o.a.w.b.BcelObjectType@10980560, o.a.w.t.WeavingAdaptor$WeavingClassFileProvider$1@739e8b96
14:10:53.205 [main] DEBUG org.aspectj.weaver.bcel.BcelWeaver - 14:10:53.205 main < o.a.w.b.BcelWeaver.weaveAndNotify
14:10:53.205 [main] DEBUG org.aspectj.weaver.bcel.BcelWeaver - 14:10:53.205 main < o.a.w.b.BcelWeaver.weave java.util.ArrayList(1)
14:10:53.205 [main] DEBUG o.a.weaver.tools.WeavingAdaptor - 14:10:53.205 main < o.a.w.t.WeavingAdaptor.weaveClass byte[2097]
14:10:53.205 [main] DEBUG org.aspectj.weaver.Dump - 14:10:53.205 main > o.a.w.Dump.dumpOnExit o.a.w.t.WeavingAdaptor$WeavingAdaptorMessageHolder@6a6afff2
14:10:53.206 [main] DEBUG org.aspectj.weaver.Dump - 14:10:53.205 main > o.a.w.Dump.shouldDumpOnExit o.a.w.t.WeavingAdaptor$WeavingAdaptorMessageHolder@6a6afff2
14:10:53.206 [main] DEBUG org.aspectj.weaver.Dump - 14:10:53.206 main - o.a.w.Dump.shouldDumpOnExit abort
14:10:53.206 [main] DEBUG org.aspectj.weaver.Dump - 14:10:53.206 main < o.a.w.Dump.shouldDumpOnExit false
14:10:53.206 [main] DEBUG org.aspectj.weaver.Dump - 14:10:53.206 main < o.a.w.Dump.dumpOnExit Excluded
14:10:53.206 [main] DEBUG org.aspectj.weaver.loadtime.Aj - 14:10:53.206 main < o.a.w.l.Aj.preProcess byte[2097]
14:10:53.207 [main] DEBUG org.aspectj.weaver.loadtime.Aj - 14:10:53.207 main > o.a.w.l.Aj.preProcess o.a.w.l.Aj@b9afc07 io/qameta/allure/internal/shadowed/jackson/databind/ser/impl/PropertySerializerMap$Single, byte[2759], j.i.l.ClassLoaders$AppClassLoader@3cd1a2f1
14:10:53.207 [main] DEBUG org.aspectj.weaver.loadtime.Aj - 14:10:53.207 main - o.a.w.l.Aj.preProcess o.a.w.l.Aj@b9afc07 j.i.l.ClassLoaders$PlatformClassLoader@1ad282e0, j.i.l.ClassLoaders$AppClassLoader@3cd1a2f1
14:10:53.207 [main] DEBUG o.a.weaver.tools.WeavingAdaptor - 14:10:53.207 main > o.a.w.t.WeavingAdaptor.weaveClass o.a.w.l.ClassLoaderWeavingAdaptor@140e5a13 io/qameta/allure/internal/shadowed/jackson/databind/ser/impl/PropertySerializerMap$Single, byte[2759]
14:10:53.208 [main] DEBUG org.aspectj.weaver.bcel.BcelWeaver - 14:10:53.207 main > o.a.w.b.BcelWeaver.weave o.a.w.b.BcelWeaver@48524010 o.a.w.t.WeavingAdaptor$WeavingClassFileProvider@30aec673
14:10:53.208 [main] DEBUG org.aspectj.weaver.bcel.BcelWeaver - 14:10:53.208 main > o.a.w.b.BcelWeaver.weaveAndNotify o.a.w.b.BcelWeaver@48524010 o.a.w.b.UnwovenClassFile@549ac12c, o.a.w.b.BcelObjectType@188a5fc2, o.a.w.t.WeavingAdaptor$WeavingClassFileProvider$1@1cb9ef52
14:10:53.208 [main] DEBUG org.aspectj.weaver.bcel.BcelWeaver - 14:10:53.208 main < o.a.w.b.BcelWeaver.weaveAndNotify
14:10:53.208 [main] DEBUG org.aspectj.weaver.bcel.BcelWeaver - 14:10:53.208 main < o.a.w.b.BcelWeaver.weave java.util.ArrayList(1)
14:10:53.208 [main] DEBUG o.a.weaver.tools.WeavingAdaptor - 14:10:53.208 main < o.a.w.t.WeavingAdaptor.weaveClass byte[2759]
14:10:53.208 [main] DEBUG org.aspectj.weaver.Dump - 14:10:53.208 main > o.a.w.Dump.dumpOnExit o.a.w.t.WeavingAdaptor$WeavingAdaptorMessageHolder@6a6afff2
14:10:53.208 [main] DEBUG org.aspectj.weaver.Dump - 14:10:53.208 main > o.a.w.Dump.shouldDumpOnExit o.a.w.t.WeavingAdaptor$WeavingAdaptorMessageHolder@6a6afff2
14:10:53.208 [main] DEBUG org.aspectj.weaver.Dump - 14:10:53.208 main - o.a.w.Dump.shouldDumpOnExit abort
14:10:53.208 [main] DEBUG org.aspectj.weaver.Dump - 14:10:53.208 main < o.a.w.Dump.shouldDumpOnExit false
14:10:53.208 [main] DEBUG org.aspectj.weaver.Dump - 14:10:53.208 main < o.a.w.Dump.dumpOnExit Excluded
14:10:53.208 [main] DEBUG org.aspectj.weaver.loadtime.Aj - 14:10:53.208 main < o.a.w.l.Aj.preProcess byte[2759]
14:10:53.212 [main] DEBUG org.aspectj.weaver.loadtime.Aj - 14:10:53.212 main > o.a.w.l.Aj.preProcess o.a.w.l.Aj@b9afc07 io/qameta/allure/internal/shadowed/jackson/databind/annotation/JsonAppend, byte[1038], j.i.l.ClassLoaders$AppClassLoader@3cd1a2f1
14:10:53.212 [main] DEBUG org.aspectj.weaver.loadtime.Aj - 14:10:53.212 main - o.a.w.l.Aj.preProcess o.a.w.l.Aj@b9afc07 j.i.l.ClassLoaders$PlatformClassLoader@1ad282e0, j.i.l.ClassLoaders$AppClassLoader@3cd1a2f1
14:10:53.212 [main] DEBUG o.a.weaver.tools.WeavingAdaptor - 14:10:53.212 main > o.a.w.t.WeavingAdaptor.weaveClass o.a.w.l.ClassLoaderWeavingAdaptor@140e5a13 io/qameta/allure/internal/shadowed/jackson/databind/annotation/JsonAppend, byte[1038]
14:10:53.212 [main] DEBUG org.aspectj.weaver.bcel.BcelWeaver - 14:10:53.212 main > o.a.w.b.BcelWeaver.weave o.a.w.b.BcelWeaver@48524010 o.a.w.t.WeavingAdaptor$WeavingClassFileProvider@a0bf272
14:10:53.213 [main] DEBUG org.aspectj.weaver.bcel.BcelWeaver - 14:10:53.213 main > o.a.w.b.BcelWeaver.weaveAndNotify o.a.w.b.BcelWeaver@48524010 o.a.w.b.UnwovenClassFile@4a89ef44, o.a.w.b.BcelObjectType@310a7859, o.a.w.t.WeavingAdaptor$WeavingClassFileProvider$1@1cbc1dde
14:10:53.213 [main] DEBUG org.aspectj.weaver.bcel.BcelWeaver - 14:10:53.213 main < o.a.w.b.BcelWeaver.weaveAndNotify
14:10:53.213 [main] DEBUG org.aspectj.weaver.bcel.BcelWeaver - 14:10:53.213 main < o.a.w.b.BcelWeaver.weave java.util.ArrayList(1)
14:10:53.213 [main] DEBUG o.a.weaver.tools.WeavingAdaptor - 14:10:53.213 main < o.a.w.t.WeavingAdaptor.weaveClass byte[1038]
14:10:53.213 [main] DEBUG org.aspectj.weaver.Dump - 14:10:53.213 main > o.a.w.Dump.dumpOnExit o.a.w.t.WeavingAdaptor$WeavingAdaptorMessageHolder@6a6afff2
14:10:53.213 [main] DEBUG org.aspectj.weaver.Dump - 14:10:53.213 main > o.a.w.Dump.shouldDumpOnExit o.a.w.t.WeavingAdaptor$WeavingAdaptorMessageHolder@6a6afff2
14:10:53.213 [main] DEBUG org.aspectj.weaver.Dump - 14:10:53.213 main - o.a.w.Dump.shouldDumpOnExit abort
14:10:53.213 [main] DEBUG org.aspectj.weaver.Dump - 14:10:53.213 main < o.a.w.Dump.shouldDumpOnExit false
14:10:53.213 [main] DEBUG org.aspectj.weaver.Dump - 14:10:53.213 main < o.a.w.Dump.dumpOnExit Excluded
14:10:53.213 [main] DEBUG org.aspectj.weaver.loadtime.Aj - 14:10:53.213 main < o.a.w.l.Aj.preProcess byte[1038]
14:10:53.219 [main] DEBUG org.aspectj.weaver.loadtime.Aj - 14:10:53.219 main > o.a.w.l.Aj.preProcess o.a.w.l.Aj@b9afc07 io/qameta/allure/internal/shadowed/jackson/annotation/JsonIgnoreProperties, byte[888], j.i.l.ClassLoaders$AppClassLoader@3cd1a2f1
14:10:53.219 [main] DEBUG org.aspectj.weaver.loadtime.Aj - 14:10:53.219 main - o.a.w.l.Aj.preProcess o.a.w.l.Aj@b9afc07 j.i.l.ClassLoaders$PlatformClassLoader@1ad282e0, j.i.l.ClassLoaders$AppClassLoader@3cd1a2f1
14:10:53.219 [main] DEBUG o.a.weaver.tools.WeavingAdaptor - 14:10:53.219 main > o.a.w.t.WeavingAdaptor.weaveClass o.a.w.l.ClassLoaderWeavingAdaptor@140e5a13 io/qameta/allure/internal/shadowed/jackson/annotation/JsonIgnoreProperties, byte[888]
14:10:53.219 [main] DEBUG org.aspectj.weaver.bcel.BcelWeaver - 14:10:53.219 main > o.a.w.b.BcelWeaver.weave o.a.w.b.BcelWeaver@48524010 o.a.w.t.WeavingAdaptor$WeavingClassFileProvider@52831a73
14:10:53.219 [main] DEBUG org.aspectj.weaver.bcel.BcelWeaver - 14:10:53.219 main > o.a.w.b.BcelWeaver.weaveAndNotify o.a.w.b.BcelWeaver@48524010 o.a.w.b.UnwovenClassFile@1416ff46, o.a.w.b.BcelObjectType@66ec4409, o.a.w.t.WeavingAdaptor$WeavingClassFileProvider$1@2506e949
14:10:53.219 [main] DEBUG org.aspectj.weaver.bcel.BcelWeaver - 14:10:53.219 main < o.a.w.b.BcelWeaver.weaveAndNotify
14:10:53.219 [main] DEBUG org.aspectj.weaver.bcel.BcelWeaver - 14:10:53.219 main < o.a.w.b.BcelWeaver.weave java.util.ArrayList(1)
14:10:53.219 [main] DEBUG o.a.weaver.tools.WeavingAdaptor - 14:10:53.219 main < o.a.w.t.WeavingAdaptor.weaveClass byte[888]
14:10:53.219 [main] DEBUG org.aspectj.weaver.Dump - 14:10:53.219 main > o.a.w.Dump.dumpOnExit o.a.w.t.WeavingAdaptor$WeavingAdaptorMessageHolder@6a6afff2
14:10:53.220 [main] DEBUG org.aspectj.weaver.Dump - 14:10:53.220 main > o.a.w.Dump.shouldDumpOnExit o.a.w.t.WeavingAdaptor$WeavingAdaptorMessageHolder@6a6afff2
14:10:53.220 [main] DEBUG org.aspectj.weaver.Dump - 14:10:53.220 main - o.a.w.Dump.shouldDumpOnExit abort
14:10:53.220 [main] DEBUG org.aspectj.weaver.Dump - 14:10:53.220 main < o.a.w.Dump.shouldDumpOnExit false
14:10:53.220 [main] DEBUG org.aspectj.weaver.Dump - 14:10:53.220 main < o.a.w.Dump.dumpOnExit Excluded
14:10:53.220 [main] DEBUG org.aspectj.weaver.loadtime.Aj - 14:10:53.220 main < o.a.w.l.Aj.preProcess byte[888]
14:10:53.221 [main] DEBUG org.aspectj.weaver.loadtime.Aj - 14:10:53.221 main > o.a.w.l.Aj.preProcess o.a.w.l.Aj@b9afc07 io/qameta/allure/internal/shadowed/jackson/annotation/JsonIgnoreProperties$Value, byte[9717], j.i.l.ClassLoaders$AppClassLoader@3cd1a2f1
14:10:53.222 [main] DEBUG org.aspectj.weaver.loadtime.Aj - 14:10:53.221 main - o.a.w.l.Aj.preProcess o.a.w.l.Aj@b9afc07 j.i.l.ClassLoaders$PlatformClassLoader@1ad282e0, j.i.l.ClassLoaders$AppClassLoader@3cd1a2f1
14:10:53.222 [main] DEBUG o.a.weaver.tools.WeavingAdaptor - 14:10:53.222 main > o.a.w.t.WeavingAdaptor.weaveClass o.a.w.l.ClassLoaderWeavingAdaptor@140e5a13 io/qameta/allure/internal/shadowed/jackson/annotation/JsonIgnoreProperties$Value, byte[9717]
14:10:53.222 [main] DEBUG org.aspectj.weaver.bcel.BcelWeaver - 14:10:53.222 main > o.a.w.b.BcelWeaver.weave o.a.w.b.BcelWeaver@48524010 o.a.w.t.WeavingAdaptor$WeavingClassFileProvider@5ac53c06
14:10:53.222 [main] DEBUG org.aspectj.weaver.bcel.BcelWorld - 14:10:53.222 main - o.a.w.b.BcelWorld.lookupJavaClass o.a.w.l.LTWWorld@2b4a2ec7 io.qameta.allure.internal.shadowed.jackson.annotation.JacksonAnnotationValue, o.a.a.b.c.JavaClass@194152cf
14:10:53.222 [main] DEBUG org.aspectj.weaver.bcel.BcelWeaver - 14:10:53.222 main > o.a.w.b.BcelWeaver.weaveAndNotify o.a.w.b.BcelWeaver@48524010 o.a.w.b.UnwovenClassFile@54af3cb9, o.a.w.b.BcelObjectType@236fdf, o.a.w.t.WeavingAdaptor$WeavingClassFileProvider$1@16e99306
14:10:53.223 [main] DEBUG org.aspectj.weaver.bcel.BcelWeaver - 14:10:53.223 main < o.a.w.b.BcelWeaver.weaveAndNotify
14:10:53.223 [main] DEBUG org.aspectj.weaver.bcel.BcelWeaver - 14:10:53.223 main < o.a.w.b.BcelWeaver.weave java.util.ArrayList(1)
14:10:53.223 [main] DEBUG o.a.weaver.tools.WeavingAdaptor - 14:10:53.223 main < o.a.w.t.WeavingAdaptor.weaveClass byte[9717]
14:10:53.223 [main] DEBUG org.aspectj.weaver.Dump - 14:10:53.223 main > o.a.w.Dump.dumpOnExit o.a.w.t.WeavingAdaptor$WeavingAdaptorMessageHolder@6a6afff2
14:10:53.223 [main] DEBUG org.aspectj.weaver.Dump - 14:10:53.223 main > o.a.w.Dump.shouldDumpOnExit o.a.w.t.WeavingAdaptor$WeavingAdaptorMessageHolder@6a6afff2
14:10:53.223 [main] DEBUG org.aspectj.weaver.Dump - 14:10:53.223 main - o.a.w.Dump.shouldDumpOnExit abort
14:10:53.223 [main] DEBUG org.aspectj.weaver.Dump - 14:10:53.223 main < o.a.w.Dump.shouldDumpOnExit false
14:10:53.223 [main] DEBUG org.aspectj.weaver.Dump - 14:10:53.223 main < o.a.w.Dump.dumpOnExit Excluded
14:10:53.223 [main] DEBUG org.aspectj.weaver.loadtime.Aj - 14:10:53.223 main < o.a.w.l.Aj.preProcess byte[9717]
14:10:53.227 [main] DEBUG org.aspectj.weaver.loadtime.Aj - 14:10:53.226 main > o.a.w.l.Aj.preProcess o.a.w.l.Aj@b9afc07 io/qameta/allure/internal/shadowed/jackson/annotation/JsonIncludeProperties, byte[783], j.i.l.ClassLoaders$AppClassLoader@3cd1a2f1
14:10:53.227 [main] DEBUG org.aspectj.weaver.loadtime.Aj - 14:10:53.227 main - o.a.w.l.Aj.preProcess o.a.w.l.Aj@b9afc07 j.i.l.ClassLoaders$PlatformClassLoader@1ad282e0, j.i.l.ClassLoaders$AppClassLoader@3cd1a2f1
14:10:53.227 [main] DEBUG o.a.weaver.tools.WeavingAdaptor - 14:10:53.227 main > o.a.w.t.WeavingAdaptor.weaveClass o.a.w.l.ClassLoaderWeavingAdaptor@140e5a13 io/qameta/allure/internal/shadowed/jackson/annotation/JsonIncludeProperties, byte[783]
14:10:53.228 [main] DEBUG org.aspectj.weaver.bcel.BcelWeaver - 14:10:53.228 main > o.a.w.b.BcelWeaver.weave o.a.w.b.BcelWeaver@48524010 o.a.w.t.WeavingAdaptor$WeavingClassFileProvider@195580ba
14:10:53.228 [main] DEBUG org.aspectj.weaver.bcel.BcelWeaver - 14:10:53.228 main > o.a.w.b.BcelWeaver.weaveAndNotify o.a.w.b.BcelWeaver@48524010 o.a.w.b.UnwovenClassFile@3c25cfe1, o.a.w.b.BcelObjectType@1d3c112a, o.a.w.t.WeavingAdaptor$WeavingClassFileProvider$1@2a140ce5
14:10:53.229 [main] DEBUG org.aspectj.weaver.bcel.BcelWeaver - 14:10:53.228 main < o.a.w.b.BcelWeaver.weaveAndNotify
14:10:53.229 [main] DEBUG org.aspectj.weaver.bcel.BcelWeaver - 14:10:53.229 main < o.a.w.b.BcelWeaver.weave java.util.ArrayList(1)
14:10:53.229 [main] DEBUG o.a.weaver.tools.WeavingAdaptor - 14:10:53.229 main < o.a.w.t.WeavingAdaptor.weaveClass byte[783]
14:10:53.229 [main] DEBUG org.aspectj.weaver.Dump - 14:10:53.229 main > o.a.w.Dump.dumpOnExit o.a.w.t.WeavingAdaptor$WeavingAdaptorMessageHolder@6a6afff2
14:10:53.229 [main] DEBUG org.aspectj.weaver.Dump - 14:10:53.229 main > o.a.w.Dump.shouldDumpOnExit o.a.w.t.WeavingAdaptor$WeavingAdaptorMessageHolder@6a6afff2
14:10:53.229 [main] DEBUG org.aspectj.weaver.Dump - 14:10:53.229 main - o.a.w.Dump.shouldDumpOnExit abort
14:10:53.229 [main] DEBUG org.aspectj.weaver.Dump - 14:10:53.229 main < o.a.w.Dump.shouldDumpOnExit false
14:10:53.229 [main] DEBUG org.aspectj.weaver.Dump - 14:10:53.229 main < o.a.w.Dump.dumpOnExit Excluded
14:10:53.229 [main] DEBUG org.aspectj.weaver.loadtime.Aj - 14:10:53.229 main < o.a.w.l.Aj.preProcess byte[783]
14:10:53.234 [main] DEBUG org.aspectj.weaver.loadtime.Aj - 14:10:53.234 main > o.a.w.l.Aj.preProcess o.a.w.l.Aj@b9afc07 io/qameta/allure/internal/shadowed/jackson/annotation/JsonIncludeProperties$Value, byte[4335], j.i.l.ClassLoaders$AppClassLoader@3cd1a2f1
14:10:53.234 [main] DEBUG org.aspectj.weaver.loadtime.Aj - 14:10:53.234 main - o.a.w.l.Aj.preProcess o.a.w.l.Aj@b9afc07 j.i.l.ClassLoaders$PlatformClassLoader@1ad282e0, j.i.l.ClassLoaders$AppClassLoader@3cd1a2f1
14:10:53.235 [main] DEBUG o.a.weaver.tools.WeavingAdaptor - 14:10:53.234 main > o.a.w.t.WeavingAdaptor.weaveClass o.a.w.l.ClassLoaderWeavingAdaptor@140e5a13 io/qameta/allure/internal/shadowed/jackson/annotation/JsonIncludeProperties$Value, byte[4335]
14:10:53.235 [main] DEBUG org.aspectj.weaver.bcel.BcelWeaver - 14:10:53.235 main > o.a.w.b.BcelWeaver.weave o.a.w.b.BcelWeaver@48524010 o.a.w.t.WeavingAdaptor$WeavingClassFileProvider@7a083b96
14:10:53.235 [main] DEBUG org.aspectj.weaver.bcel.BcelWeaver - 14:10:53.235 main > o.a.w.b.BcelWeaver.weaveAndNotify o.a.w.b.BcelWeaver@48524010 o.a.w.b.UnwovenClassFile@6da4feeb, o.a.w.b.BcelObjectType@2c604965, o.a.w.t.WeavingAdaptor$WeavingClassFileProvider$1@57f8951a
14:10:53.236 [main] DEBUG org.aspectj.weaver.bcel.BcelWeaver - 14:10:53.236 main < o.a.w.b.BcelWeaver.weaveAndNotify
14:10:53.236 [main] DEBUG org.aspectj.weaver.bcel.BcelWeaver - 14:10:53.236 main < o.a.w.b.BcelWeaver.weave java.util.ArrayList(1)
14:10:53.236 [main] DEBUG o.a.weaver.tools.WeavingAdaptor - 14:10:53.236 main < o.a.w.t.WeavingAdaptor.weaveClass byte[4335]
14:10:53.236 [main] DEBUG org.aspectj.weaver.Dump - 14:10:53.236 main > o.a.w.Dump.dumpOnExit o.a.w.t.WeavingAdaptor$WeavingAdaptorMessageHolder@6a6afff2
14:10:53.236 [main] DEBUG org.aspectj.weaver.Dump - 14:10:53.236 main > o.a.w.Dump.shouldDumpOnExit o.a.w.t.WeavingAdaptor$WeavingAdaptorMessageHolder@6a6afff2
14:10:53.236 [main] DEBUG org.aspectj.weaver.Dump - 14:10:53.236 main - o.a.w.Dump.shouldDumpOnExit abort
14:10:53.236 [main] DEBUG org.aspectj.weaver.Dump - 14:10:53.236 main < o.a.w.Dump.shouldDumpOnExit false
14:10:53.236 [main] DEBUG org.aspectj.weaver.Dump - 14:10:53.236 main < o.a.w.Dump.dumpOnExit Excluded
14:10:53.236 [main] DEBUG org.aspectj.weaver.loadtime.Aj - 14:10:53.236 main < o.a.w.l.Aj.preProcess byte[4335]
14:10:53.238 [main] DEBUG org.aspectj.weaver.loadtime.Aj - 14:10:53.238 main > o.a.w.l.Aj.preProcess o.a.w.l.Aj@b9afc07 io/qameta/allure/internal/shadowed/jackson/annotation/JsonFilter, byte[603], j.i.l.ClassLoaders$AppClassLoader@3cd1a2f1
14:10:53.238 [main] DEBUG org.aspectj.weaver.loadtime.Aj - 14:10:53.238 main - o.a.w.l.Aj.preProcess o.a.w.l.Aj@b9afc07 j.i.l.ClassLoaders$PlatformClassLoader@1ad282e0, j.i.l.ClassLoaders$AppClassLoader@3cd1a2f1
14:10:53.238 [main] DEBUG o.a.weaver.tools.WeavingAdaptor - 14:10:53.238 main > o.a.w.t.WeavingAdaptor.weaveClass o.a.w.l.ClassLoaderWeavingAdaptor@140e5a13 io/qameta/allure/internal/shadowed/jackson/annotation/JsonFilter, byte[603]
14:10:53.238 [main] DEBUG org.aspectj.weaver.bcel.BcelWeaver - 14:10:53.238 main > o.a.w.b.BcelWeaver.weave o.a.w.b.BcelWeaver@48524010 o.a.w.t.WeavingAdaptor$WeavingClassFileProvider@1e1237ab
14:10:53.239 [main] DEBUG org.aspectj.weaver.bcel.BcelWeaver - 14:10:53.239 main > o.a.w.b.BcelWeaver.weaveAndNotify o.a.w.b.BcelWeaver@48524010 o.a.w.b.UnwovenClassFile@4dfdfe7d, o.a.w.b.BcelObjectType@1578b8ec, o.a.w.t.WeavingAdaptor$WeavingClassFileProvider$1@f613067
14:10:53.239 [main] DEBUG org.aspectj.weaver.bcel.BcelWeaver - 14:10:53.239 main < o.a.w.b.BcelWeaver.weaveAndNotify
14:10:53.239 [main] DEBUG org.aspectj.weaver.bcel.BcelWeaver - 14:10:53.239 main < o.a.w.b.BcelWeaver.weave java.util.ArrayList(1)
14:10:53.239 [main] DEBUG o.a.weaver.tools.WeavingAdaptor - 14:10:53.239 main < o.a.w.t.WeavingAdaptor.weaveClass byte[603]
14:10:53.239 [main] DEBUG org.aspectj.weaver.Dump - 14:10:53.239 main > o.a.w.Dump.dumpOnExit o.a.w.t.WeavingAdaptor$WeavingAdaptorMessageHolder@6a6afff2
14:10:53.239 [main] DEBUG org.aspectj.weaver.Dump - 14:10:53.239 main > o.a.w.Dump.shouldDumpOnExit o.a.w.t.WeavingAdaptor$WeavingAdaptorMessageHolder@6a6afff2
14:10:53.239 [main] DEBUG org.aspectj.weaver.Dump - 14:10:53.239 main - o.a.w.Dump.shouldDumpOnExit abort
14:10:53.239 [main] DEBUG org.aspectj.weaver.Dump - 14:10:53.239 main < o.a.w.Dump.shouldDumpOnExit false
14:10:53.239 [main] DEBUG org.aspectj.weaver.Dump - 14:10:53.239 main < o.a.w.Dump.dumpOnExit Excluded
14:10:53.239 [main] DEBUG org.aspectj.weaver.loadtime.Aj - 14:10:53.239 main < o.a.w.l.Aj.preProcess byte[603]
14:10:53.244 [main] DEBUG org.aspectj.weaver.loadtime.Aj - 14:10:53.244 main > o.a.w.l.Aj.preProcess o.a.w.l.Aj@b9afc07 io/qameta/allure/internal/shadowed/jackson/databind/ser/impl/UnwrappingBeanSerializer, byte[8446], j.i.l.ClassLoaders$AppClassLoader@3cd1a2f1
14:10:53.244 [main] DEBUG org.aspectj.weaver.loadtime.Aj - 14:10:53.244 main - o.a.w.l.Aj.preProcess o.a.w.l.Aj@b9afc07 j.i.l.ClassLoaders$PlatformClassLoader@1ad282e0, j.i.l.ClassLoaders$AppClassLoader@3cd1a2f1
14:10:53.244 [main] DEBUG o.a.weaver.tools.WeavingAdaptor - 14:10:53.244 main > o.a.w.t.WeavingAdaptor.weaveClass o.a.w.l.ClassLoaderWeavingAdaptor@140e5a13 io/qameta/allure/internal/shadowed/jackson/databind/ser/impl/UnwrappingBeanSerializer, byte[8446]
14:10:53.245 [main] DEBUG org.aspectj.weaver.bcel.BcelWeaver - 14:10:53.244 main > o.a.w.b.BcelWeaver.weave o.a.w.b.BcelWeaver@48524010 o.a.w.t.WeavingAdaptor$WeavingClassFileProvider@50fdf44f
14:10:53.245 [main] DEBUG org.aspectj.weaver.bcel.BcelWorld - 14:10:53.245 main - o.a.w.b.BcelWorld.lookupJavaClass o.a.w.l.LTWWorld@2b4a2ec7 io.qameta.allure.internal.shadowed.jackson.databind.ser.std.BeanSerializerBase, o.a.a.b.c.JavaClass@7bb35cc6
14:10:53.245 [main] DEBUG org.aspectj.weaver.bcel.BcelWeaver - 14:10:53.245 main > o.a.w.b.BcelWeaver.weaveAndNotify o.a.w.b.BcelWeaver@48524010 o.a.w.b.UnwovenClassFile@172f4514, o.a.w.b.BcelObjectType@7df6d663, o.a.w.t.WeavingAdaptor$WeavingClassFileProvider$1@13d019a4
14:10:53.245 [main] DEBUG org.aspectj.weaver.bcel.BcelWorld - 14:10:53.245 main - o.a.w.b.BcelWorld.lookupJavaClass o.a.w.l.LTWWorld@2b4a2ec7 io.qameta.allure.internal.shadowed.jackson.databind.ser.ContextualSerializer, o.a.a.b.c.JavaClass@5b78fdb1
14:10:53.245 [main] DEBUG org.aspectj.weaver.bcel.BcelWorld - 14:10:53.245 main - o.a.w.b.BcelWorld.lookupJavaClass o.a.w.l.LTWWorld@2b4a2ec7 io.qameta.allure.internal.shadowed.jackson.databind.ser.ResolvableSerializer, o.a.a.b.c.JavaClass@4b1abd11
14:10:53.246 [main] DEBUG org.aspectj.weaver.bcel.BcelWeaver - 14:10:53.246 main < o.a.w.b.BcelWeaver.weaveAndNotify
14:10:53.246 [main] DEBUG org.aspectj.weaver.bcel.BcelWeaver - 14:10:53.246 main < o.a.w.b.BcelWeaver.weave java.util.ArrayList(1)
14:10:53.248 [main] DEBUG o.a.weaver.tools.WeavingAdaptor - 14:10:53.248 main < o.a.w.t.WeavingAdaptor.weaveClass byte[8446]
14:10:53.248 [main] DEBUG org.aspectj.weaver.Dump - 14:10:53.248 main > o.a.w.Dump.dumpOnExit o.a.w.t.WeavingAdaptor$WeavingAdaptorMessageHolder@6a6afff2
14:10:53.248 [main] DEBUG org.aspectj.weaver.Dump - 14:10:53.248 main > o.a.w.Dump.shouldDumpOnExit o.a.w.t.WeavingAdaptor$WeavingAdaptorMessageHolder@6a6afff2
14:10:53.248 [main] DEBUG org.aspectj.weaver.Dump - 14:10:53.248 main - o.a.w.Dump.shouldDumpOnExit abort
14:10:53.248 [main] DEBUG org.aspectj.weaver.Dump - 14:10:53.248 main < o.a.w.Dump.shouldDumpOnExit false
14:10:53.248 [main] DEBUG org.aspectj.weaver.Dump - 14:10:53.248 main < o.a.w.Dump.dumpOnExit Excluded
14:10:53.248 [main] DEBUG org.aspectj.weaver.loadtime.Aj - 14:10:53.248 main < o.a.w.l.Aj.preProcess byte[8446]
14:10:53.250 [main] DEBUG org.aspectj.weaver.loadtime.Aj - 14:10:53.250 main > o.a.w.l.Aj.preProcess o.a.w.l.Aj@b9afc07 io/qameta/allure/internal/shadowed/jackson/databind/ser/impl/BeanAsArraySerializer, byte[9597], j.i.l.ClassLoaders$AppClassLoader@3cd1a2f1
14:10:53.250 [main] DEBUG org.aspectj.weaver.loadtime.Aj - 14:10:53.250 main - o.a.w.l.Aj.preProcess o.a.w.l.Aj@b9afc07 j.i.l.ClassLoaders$PlatformClassLoader@1ad282e0, j.i.l.ClassLoaders$AppClassLoader@3cd1a2f1
14:10:53.250 [main] DEBUG o.a.weaver.tools.WeavingAdaptor - 14:10:53.250 main > o.a.w.t.WeavingAdaptor.weaveClass o.a.w.l.ClassLoaderWeavingAdaptor@140e5a13 io/qameta/allure/internal/shadowed/jackson/databind/ser/impl/BeanAsArraySerializer, byte[9597]
14:10:53.251 [main] DEBUG org.aspectj.weaver.bcel.BcelWeaver - 14:10:53.251 main > o.a.w.b.BcelWeaver.weave o.a.w.b.BcelWeaver@48524010 o.a.w.t.WeavingAdaptor$WeavingClassFileProvider@5f9f3e58
14:10:53.251 [main] DEBUG org.aspectj.weaver.bcel.BcelWeaver - 14:10:53.251 main > o.a.w.b.BcelWeaver.weaveAndNotify o.a.w.b.BcelWeaver@48524010 o.a.w.b.UnwovenClassFile@3c19592c, o.a.w.b.BcelObjectType@60e1d87c, o.a.w.t.WeavingAdaptor$WeavingClassFileProvider$1@2eb60c71
14:10:53.251 [main] DEBUG org.aspectj.weaver.bcel.BcelWeaver - 14:10:53.251 main < o.a.w.b.BcelWeaver.weaveAndNotify
14:10:53.252 [main] DEBUG org.aspectj.weaver.bcel.BcelWeaver - 14:10:53.252 main < o.a.w.b.BcelWeaver.weave java.util.ArrayList(1)
14:10:53.252 [main] DEBUG o.a.weaver.tools.WeavingAdaptor - 14:10:53.252 main < o.a.w.t.WeavingAdaptor.weaveClass byte[9597]
14:10:53.252 [main] DEBUG org.aspectj.weaver.Dump - 14:10:53.252 main > o.a.w.Dump.dumpOnExit o.a.w.t.WeavingAdaptor$WeavingAdaptorMessageHolder@6a6afff2
14:10:53.252 [main] DEBUG org.aspectj.weaver.Dump - 14:10:53.252 main > o.a.w.Dump.shouldDumpOnExit o.a.w.t.WeavingAdaptor$WeavingAdaptorMessageHolder@6a6afff2
14:10:53.252 [main] DEBUG org.aspectj.weaver.Dump - 14:10:53.252 main - o.a.w.Dump.shouldDumpOnExit abort
14:10:53.252 [main] DEBUG org.aspectj.weaver.Dump - 14:10:53.252 main < o.a.w.Dump.shouldDumpOnExit false
14:10:53.252 [main] DEBUG org.aspectj.weaver.Dump - 14:10:53.252 main < o.a.w.Dump.dumpOnExit Excluded
14:10:53.252 [main] DEBUG org.aspectj.weaver.loadtime.Aj - 14:10:53.252 main < o.a.w.l.Aj.preProcess byte[9597]
14:10:53.256 [main] DEBUG org.aspectj.weaver.loadtime.Aj - 14:10:53.256 main > o.a.w.l.Aj.preProcess o.a.w.l.Aj@b9afc07 io/qameta/allure/internal/shadowed/jackson/databind/ser/std/NumberSerializers$1, byte[958], j.i.l.ClassLoaders$AppClassLoader@3cd1a2f1
14:10:53.256 [main] DEBUG org.aspectj.weaver.loadtime.Aj - 14:10:53.256 main - o.a.w.l.Aj.preProcess o.a.w.l.Aj@b9afc07 j.i.l.ClassLoaders$PlatformClassLoader@1ad282e0, j.i.l.ClassLoaders$AppClassLoader@3cd1a2f1
14:10:53.256 [main] DEBUG o.a.weaver.tools.WeavingAdaptor - 14:10:53.256 main > o.a.w.t.WeavingAdaptor.weaveClass o.a.w.l.ClassLoaderWeavingAdaptor@140e5a13 io/qameta/allure/internal/shadowed/jackson/databind/ser/std/NumberSerializers$1, byte[958]
14:10:53.256 [main] DEBUG org.aspectj.weaver.bcel.BcelWeaver - 14:10:53.256 main > o.a.w.b.BcelWeaver.weave o.a.w.b.BcelWeaver@48524010 o.a.w.t.WeavingAdaptor$WeavingClassFileProvider@b6bccb4
14:10:53.256 [main] DEBUG org.aspectj.weaver.bcel.BcelWeaver - 14:10:53.256 main > o.a.w.b.BcelWeaver.weaveAndNotify o.a.w.b.BcelWeaver@48524010 o.a.w.b.UnwovenClassFile@49edcb30, o.a.w.b.BcelObjectType@59303963, o.a.w.t.WeavingAdaptor$WeavingClassFileProvider$1@61e86192
14:10:53.256 [main] DEBUG org.aspectj.weaver.bcel.BcelWeaver - 14:10:53.256 main < o.a.w.b.BcelWeaver.weaveAndNotify
14:10:53.257 [main] DEBUG org.aspectj.weaver.bcel.BcelWeaver - 14:10:53.257 main < o.a.w.b.BcelWeaver.weave java.util.ArrayList(1)
14:10:53.257 [main] DEBUG o.a.weaver.tools.WeavingAdaptor - 14:10:53.257 main < o.a.w.t.WeavingAdaptor.weaveClass byte[958]
14:10:53.257 [main] DEBUG org.aspectj.weaver.Dump - 14:10:53.257 main > o.a.w.Dump.dumpOnExit o.a.w.t.WeavingAdaptor$WeavingAdaptorMessageHolder@6a6afff2
14:10:53.257 [main] DEBUG org.aspectj.weaver.Dump - 14:10:53.257 main > o.a.w.Dump.shouldDumpOnExit o.a.w.t.WeavingAdaptor$WeavingAdaptorMessageHolder@6a6afff2
14:10:53.257 [main] DEBUG org.aspectj.weaver.Dump - 14:10:53.257 main - o.a.w.Dump.shouldDumpOnExit abort
14:10:53.257 [main] DEBUG org.aspectj.weaver.Dump - 14:10:53.257 main < o.a.w.Dump.shouldDumpOnExit false
14:10:53.257 [main] DEBUG org.aspectj.weaver.Dump - 14:10:53.257 main < o.a.w.Dump.dumpOnExit Excluded
14:10:53.257 [main] DEBUG org.aspectj.weaver.loadtime.Aj - 14:10:53.257 main < o.a.w.l.Aj.preProcess byte[958]
14:10:53.321 [main] DEBUG org.aspectj.weaver.loadtime.Aj - 14:10:53.321 main > o.a.w.l.Aj.preProcess o.a.w.l.Aj@b9afc07 io/qameta/allure/internal/shadowed/jackson/annotation/JsonFormat$Feature, byte[1878], j.i.l.ClassLoaders$AppClassLoader@3cd1a2f1
14:10:53.321 [main] DEBUG org.aspectj.weaver.loadtime.Aj - 14:10:53.321 main - o.a.w.l.Aj.preProcess o.a.w.l.Aj@b9afc07 j.i.l.ClassLoaders$PlatformClassLoader@1ad282e0, j.i.l.ClassLoaders$AppClassLoader@3cd1a2f1
14:10:53.321 [main] DEBUG o.a.weaver.tools.WeavingAdaptor - 14:10:53.321 main > o.a.w.t.WeavingAdaptor.weaveClass o.a.w.l.ClassLoaderWeavingAdaptor@140e5a13 io/qameta/allure/internal/shadowed/jackson/annotation/JsonFormat$Feature, byte[1878]
14:10:53.322 [main] DEBUG org.aspectj.weaver.bcel.BcelWeaver - 14:10:53.322 main > o.a.w.b.BcelWeaver.weave o.a.w.b.BcelWeaver@48524010 o.a.w.t.WeavingAdaptor$WeavingClassFileProvider@236ae13d
14:10:53.322 [main] DEBUG org.aspectj.weaver.bcel.BcelWeaver - 14:10:53.322 main > o.a.w.b.BcelWeaver.weaveAndNotify o.a.w.b.BcelWeaver@48524010 o.a.w.b.UnwovenClassFile@193eb1ba, o.a.w.b.BcelObjectType@2be818da, o.a.w.t.WeavingAdaptor$WeavingClassFileProvider$1@46320c9a
14:10:53.322 [main] DEBUG org.aspectj.weaver.bcel.BcelWeaver - 14:10:53.322 main < o.a.w.b.BcelWeaver.weaveAndNotify
14:10:53.322 [main] DEBUG org.aspectj.weaver.bcel.BcelWeaver - 14:10:53.322 main < o.a.w.b.BcelWeaver.weave java.util.ArrayList(1)
14:10:53.322 [main] DEBUG o.a.weaver.tools.WeavingAdaptor - 14:10:53.322 main < o.a.w.t.WeavingAdaptor.weaveClass byte[1878]
14:10:53.322 [main] DEBUG org.aspectj.weaver.Dump - 14:10:53.322 main > o.a.w.Dump.dumpOnExit o.a.w.t.WeavingAdaptor$WeavingAdaptorMessageHolder@6a6afff2
14:10:53.322 [main] DEBUG org.aspectj.weaver.Dump - 14:10:53.322 main > o.a.w.Dump.shouldDumpOnExit o.a.w.t.WeavingAdaptor$WeavingAdaptorMessageHolder@6a6afff2
14:10:53.322 [main] DEBUG org.aspectj.weaver.Dump - 14:10:53.322 main - o.a.w.Dump.shouldDumpOnExit abort
14:10:53.322 [main] DEBUG org.aspectj.weaver.Dump - 14:10:53.322 main < o.a.w.Dump.shouldDumpOnExit false
14:10:53.322 [main] DEBUG org.aspectj.weaver.Dump - 14:10:53.322 main < o.a.w.Dump.dumpOnExit Excluded
14:10:53.322 [main] DEBUG org.aspectj.weaver.loadtime.Aj - 14:10:53.322 main < o.a.w.l.Aj.preProcess byte[1878]
14:10:53.325 [main] DEBUG org.aspectj.weaver.loadtime.Aj - 14:10:53.325 main > o.a.w.l.Aj.preProcess o.a.w.l.Aj@b9afc07 io/qameta/allure/internal/shadowed/jackson/databind/ser/impl/PropertySerializerMap$SerializerAndMapResult, byte[1353], j.i.l.ClassLoaders$AppClassLoader@3cd1a2f1
14:10:53.325 [main] DEBUG org.aspectj.weaver.loadtime.Aj - 14:10:53.325 main - o.a.w.l.Aj.preProcess o.a.w.l.Aj@b9afc07 j.i.l.ClassLoaders$PlatformClassLoader@1ad282e0, j.i.l.ClassLoaders$AppClassLoader@3cd1a2f1
14:10:53.325 [main] DEBUG o.a.weaver.tools.WeavingAdaptor - 14:10:53.325 main > o.a.w.t.WeavingAdaptor.weaveClass o.a.w.l.ClassLoaderWeavingAdaptor@140e5a13 io/qameta/allure/internal/shadowed/jackson/databind/ser/impl/PropertySerializerMap$SerializerAndMapResult, byte[1353]
14:10:53.325 [main] DEBUG org.aspectj.weaver.bcel.BcelWeaver - 14:10:53.325 main > o.a.w.b.BcelWeaver.weave o.a.w.b.BcelWeaver@48524010 o.a.w.t.WeavingAdaptor$WeavingClassFileProvider@23e3f5cd
14:10:53.326 [main] DEBUG org.aspectj.weaver.bcel.BcelWeaver - 14:10:53.325 main > o.a.w.b.BcelWeaver.weaveAndNotify o.a.w.b.BcelWeaver@48524010 o.a.w.b.UnwovenClassFile@5c931134, o.a.w.b.BcelObjectType@1d7eb170, o.a.w.t.WeavingAdaptor$WeavingClassFileProvider$1@5b251fb9
14:10:53.326 [main] DEBUG org.aspectj.weaver.bcel.BcelWeaver - 14:10:53.326 main < o.a.w.b.BcelWeaver.weaveAndNotify
14:10:53.326 [main] DEBUG org.aspectj.weaver.bcel.BcelWeaver - 14:10:53.326 main < o.a.w.b.BcelWeaver.weave java.util.ArrayList(1)
14:10:53.326 [main] DEBUG o.a.weaver.tools.WeavingAdaptor - 14:10:53.326 main < o.a.w.t.WeavingAdaptor.weaveClass byte[1353]
14:10:53.327 [main] DEBUG org.aspectj.weaver.Dump - 14:10:53.326 main > o.a.w.Dump.dumpOnExit o.a.w.t.WeavingAdaptor$WeavingAdaptorMessageHolder@6a6afff2
14:10:53.327 [main] DEBUG org.aspectj.weaver.Dump - 14:10:53.327 main > o.a.w.Dump.shouldDumpOnExit o.a.w.t.WeavingAdaptor$WeavingAdaptorMessageHolder@6a6afff2
14:10:53.327 [main] DEBUG org.aspectj.weaver.Dump - 14:10:53.327 main - o.a.w.Dump.shouldDumpOnExit abort
14:10:53.327 [main] DEBUG org.aspectj.weaver.Dump - 14:10:53.327 main < o.a.w.Dump.shouldDumpOnExit false
14:10:53.327 [main] DEBUG org.aspectj.weaver.Dump - 14:10:53.327 main < o.a.w.Dump.dumpOnExit Excluded
14:10:53.327 [main] DEBUG org.aspectj.weaver.loadtime.Aj - 14:10:53.327 main < o.a.w.l.Aj.preProcess byte[1353]
14:10:53.328 [main] DEBUG org.aspectj.weaver.loadtime.Aj - 14:10:53.328 main > o.a.w.l.Aj.preProcess o.a.w.l.Aj@b9afc07 io/qameta/allure/internal/shadowed/jackson/databind/ser/impl/PropertySerializerMap$Double, byte[3503], j.i.l.ClassLoaders$AppClassLoader@3cd1a2f1
14:10:53.328 [main] DEBUG org.aspectj.weaver.loadtime.Aj - 14:10:53.328 main - o.a.w.l.Aj.preProcess o.a.w.l.Aj@b9afc07 j.i.l.ClassLoaders$PlatformClassLoader@1ad282e0, j.i.l.ClassLoaders$AppClassLoader@3cd1a2f1
14:10:53.328 [main] DEBUG o.a.weaver.tools.WeavingAdaptor - 14:10:53.328 main > o.a.w.t.WeavingAdaptor.weaveClass o.a.w.l.ClassLoaderWeavingAdaptor@140e5a13 io/qameta/allure/internal/shadowed/jackson/databind/ser/impl/PropertySerializerMap$Double, byte[3503]
14:10:53.329 [main] DEBUG org.aspectj.weaver.bcel.BcelWeaver - 14:10:53.329 main > o.a.w.b.BcelWeaver.weave o.a.w.b.BcelWeaver@48524010 o.a.w.t.WeavingAdaptor$WeavingClassFileProvider@7f97bc14
14:10:53.329 [main] DEBUG org.aspectj.weaver.bcel.BcelWeaver - 14:10:53.329 main > o.a.w.b.BcelWeaver.weaveAndNotify o.a.w.b.BcelWeaver@48524010 o.a.w.b.UnwovenClassFile@22d8f4ed, o.a.w.b.BcelObjectType@3434a4f0, o.a.w.t.WeavingAdaptor$WeavingClassFileProvider$1@79afa369
14:10:53.330 [main] DEBUG org.aspectj.weaver.bcel.BcelWeaver - 14:10:53.330 main < o.a.w.b.BcelWeaver.weaveAndNotify
14:10:53.330 [main] DEBUG org.aspectj.weaver.bcel.BcelWeaver - 14:10:53.330 main < o.a.w.b.BcelWeaver.weave java.util.ArrayList(1)
14:10:53.330 [main] DEBUG o.a.weaver.tools.WeavingAdaptor - 14:10:53.330 main < o.a.w.t.WeavingAdaptor.weaveClass byte[3503]
14:10:53.330 [main] DEBUG org.aspectj.weaver.Dump - 14:10:53.330 main > o.a.w.Dump.dumpOnExit o.a.w.t.WeavingAdaptor$WeavingAdaptorMessageHolder@6a6afff2
14:10:53.330 [main] DEBUG org.aspectj.weaver.Dump - 14:10:53.330 main > o.a.w.Dump.shouldDumpOnExit o.a.w.t.WeavingAdaptor$WeavingAdaptorMessageHolder@6a6afff2
14:10:53.349 [main] DEBUG org.aspectj.weaver.Dump - 14:10:53.349 main - o.a.w.Dump.shouldDumpOnExit abort
14:10:53.349 [main] DEBUG org.aspectj.weaver.Dump - 14:10:53.349 main < o.a.w.Dump.shouldDumpOnExit false
14:10:53.349 [main] DEBUG org.aspectj.weaver.Dump - 14:10:53.349 main < o.a.w.Dump.dumpOnExit Excluded
14:10:53.349 [main] DEBUG org.aspectj.weaver.loadtime.Aj - 14:10:53.349 main < o.a.w.l.Aj.preProcess byte[3503]
14:10:53.359 [main] DEBUG org.aspectj.weaver.loadtime.Aj - 14:10:53.359 main > o.a.w.l.Aj.preProcess o.a.w.l.Aj@b9afc07 io/qameta/allure/internal/shadowed/jackson/core/io/NumberOutput, byte[7677], j.i.l.ClassLoaders$AppClassLoader@3cd1a2f1
14:10:53.359 [main] DEBUG org.aspectj.weaver.loadtime.Aj - 14:10:53.359 main - o.a.w.l.Aj.preProcess o.a.w.l.Aj@b9afc07 j.i.l.ClassLoaders$PlatformClassLoader@1ad282e0, j.i.l.ClassLoaders$AppClassLoader@3cd1a2f1
14:10:53.359 [main] DEBUG o.a.weaver.tools.WeavingAdaptor - 14:10:53.359 main > o.a.w.t.WeavingAdaptor.weaveClass o.a.w.l.ClassLoaderWeavingAdaptor@140e5a13 io/qameta/allure/internal/shadowed/jackson/core/io/NumberOutput, byte[7677]
14:10:53.359 [main] DEBUG org.aspectj.weaver.bcel.BcelWeaver - 14:10:53.359 main > o.a.w.b.BcelWeaver.weave o.a.w.b.BcelWeaver@48524010 o.a.w.t.WeavingAdaptor$WeavingClassFileProvider@25a1a012
14:10:53.359 [main] DEBUG org.aspectj.weaver.bcel.BcelWeaver - 14:10:53.359 main > o.a.w.b.BcelWeaver.weaveAndNotify o.a.w.b.BcelWeaver@48524010 o.a.w.b.UnwovenClassFile@ce12fbb, o.a.w.b.BcelObjectType@4525e9e8, o.a.w.t.WeavingAdaptor$WeavingClassFileProvider$1@443a53df
14:10:53.360 [main] DEBUG org.aspectj.weaver.bcel.BcelWeaver - 14:10:53.360 main < o.a.w.b.BcelWeaver.weaveAndNotify
14:10:53.360 [main] DEBUG org.aspectj.weaver.bcel.BcelWeaver - 14:10:53.360 main < o.a.w.b.BcelWeaver.weave java.util.ArrayList(1)
14:10:53.360 [main] DEBUG o.a.weaver.tools.WeavingAdaptor - 14:10:53.360 main < o.a.w.t.WeavingAdaptor.weaveClass byte[7677]
14:10:53.360 [main] DEBUG org.aspectj.weaver.Dump - 14:10:53.360 main > o.a.w.Dump.dumpOnExit o.a.w.t.WeavingAdaptor$WeavingAdaptorMessageHolder@6a6afff2
14:10:53.361 [main] DEBUG org.aspectj.weaver.Dump - 14:10:53.360 main > o.a.w.Dump.shouldDumpOnExit o.a.w.t.WeavingAdaptor$WeavingAdaptorMessageHolder@6a6afff2
14:10:53.361 [main] DEBUG org.aspectj.weaver.Dump - 14:10:53.361 main - o.a.w.Dump.shouldDumpOnExit abort
14:10:53.361 [main] DEBUG org.aspectj.weaver.Dump - 14:10:53.361 main < o.a.w.Dump.shouldDumpOnExit false
14:10:53.361 [main] DEBUG org.aspectj.weaver.Dump - 14:10:53.361 main < o.a.w.Dump.dumpOnExit Excluded
14:10:53.361 [main] DEBUG org.aspectj.weaver.loadtime.Aj - 14:10:53.361 main < o.a.w.l.Aj.preProcess byte[7677]
14:10:53.407 [main] DEBUG org.aspectj.weaver.loadtime.Aj - 14:10:53.407 main > o.a.w.l.Aj.preProcess o.a.w.l.Aj@b9afc07 io/qameta/allure/model/FixtureResult, byte[4735], j.i.l.ClassLoaders$AppClassLoader@3cd1a2f1
14:10:53.407 [main] DEBUG org.aspectj.weaver.loadtime.Aj - 14:10:53.407 main - o.a.w.l.Aj.preProcess o.a.w.l.Aj@b9afc07 j.i.l.ClassLoaders$PlatformClassLoader@1ad282e0, j.i.l.ClassLoaders$AppClassLoader@3cd1a2f1
14:10:53.407 [main] DEBUG o.a.weaver.tools.WeavingAdaptor - 14:10:53.407 main > o.a.w.t.WeavingAdaptor.weaveClass o.a.w.l.ClassLoaderWeavingAdaptor@140e5a13 io/qameta/allure/model/FixtureResult, byte[4735]
14:10:53.407 [main] DEBUG org.aspectj.weaver.bcel.BcelWeaver - 14:10:53.407 main > o.a.w.b.BcelWeaver.weave o.a.w.b.BcelWeaver@48524010 o.a.w.t.WeavingAdaptor$WeavingClassFileProvider@55736cfe
14:10:53.408 [main] DEBUG org.aspectj.weaver.bcel.BcelWorld - 14:10:53.408 main - o.a.w.b.BcelWorld.lookupJavaClass o.a.w.l.LTWWorld@2b4a2ec7 java.io.Serializable, o.a.a.b.c.JavaClass@3e11f9e9
14:10:53.408 [main] DEBUG org.aspectj.weaver.bcel.BcelWorld - 14:10:53.408 main - o.a.w.b.BcelWorld.lookupJavaClass o.a.w.l.LTWWorld@2b4a2ec7 io.qameta.allure.model.ExecutableItem, o.a.a.b.c.JavaClass@3a17b2e3
14:10:53.408 [main] DEBUG org.aspectj.weaver.bcel.BcelWeaver - 14:10:53.408 main > o.a.w.b.BcelWeaver.weaveAndNotify o.a.w.b.BcelWeaver@48524010 o.a.w.b.UnwovenClassFile@5a566922, o.a.w.b.BcelObjectType@6f7a2a5, o.a.w.t.WeavingAdaptor$WeavingClassFileProvider$1@42ed89da
14:10:53.408 [main] DEBUG org.aspectj.weaver.bcel.BcelWorld - 14:10:53.408 main - o.a.w.b.BcelWorld.lookupJavaClass o.a.w.l.LTWWorld@2b4a2ec7 io.qameta.allure.model.WithAttachments, o.a.a.b.c.JavaClass@71f96dfb
14:10:53.408 [main] DEBUG org.aspectj.weaver.bcel.BcelWorld - 14:10:53.408 main - o.a.w.b.BcelWorld.lookupJavaClass o.a.w.l.LTWWorld@2b4a2ec7 io.qameta.allure.model.WithParameters, o.a.a.b.c.JavaClass@65afeb6d
14:10:53.408 [main] DEBUG org.aspectj.weaver.bcel.BcelWorld - 14:10:53.408 main - o.a.w.b.BcelWorld.lookupJavaClass o.a.w.l.LTWWorld@2b4a2ec7 io.qameta.allure.model.WithStatusDetails, o.a.a.b.c.JavaClass@60df7989
14:10:53.408 [main] DEBUG org.aspectj.weaver.bcel.BcelWorld - 14:10:53.408 main - o.a.w.b.BcelWorld.lookupJavaClass o.a.w.l.LTWWorld@2b4a2ec7 io.qameta.allure.model.WithSteps, o.a.a.b.c.JavaClass@49a26d19
14:10:53.408 [main] DEBUG org.aspectj.weaver.bcel.BcelWorld - 14:10:53.408 main - o.a.w.b.BcelWorld.lookupJavaClass o.a.w.l.LTWWorld@2b4a2ec7 io.qameta.allure.model.WithStatus, o.a.a.b.c.JavaClass@5cf8676a
14:10:53.409 [main] DEBUG org.aspectj.weaver.bcel.BcelWorld - 14:10:53.409 main - o.a.w.b.BcelWorld.lookupJavaClass o.a.w.l.LTWWorld@2b4a2ec7 io.qameta.allure.model.Status, o.a.a.b.c.JavaClass@661c46bc
14:10:53.409 [main] DEBUG org.aspectj.weaver.bcel.BcelWorld - 14:10:53.409 main - o.a.w.b.BcelWorld.lookupJavaClass o.a.w.l.LTWWorld@2b4a2ec7 io.qameta.allure.model.StatusDetails, o.a.a.b.c.JavaClass@540b0448
14:10:53.409 [main] DEBUG org.aspectj.weaver.bcel.BcelWorld - 14:10:53.409 main - o.a.w.b.BcelWorld.lookupJavaClass o.a.w.l.LTWWorld@2b4a2ec7 io.qameta.allure.model.Stage, o.a.a.b.c.JavaClass@4b7c4456
14:10:53.409 [main] DEBUG org.aspectj.weaver.bcel.BcelWorld - 14:10:53.409 main - o.a.w.b.BcelWorld.lookupJavaClass o.a.w.l.LTWWorld@2b4a2ec7 java.lang.Long, o.a.a.b.c.JavaClass@6a84a97d
14:10:53.409 [main] DEBUG org.aspectj.weaver.bcel.BcelWeaver - 14:10:53.409 main < o.a.w.b.BcelWeaver.weaveAndNotify
14:10:53.409 [main] DEBUG org.aspectj.weaver.bcel.BcelWeaver - 14:10:53.409 main < o.a.w.b.BcelWeaver.weave java.util.ArrayList(1)
14:10:53.409 [main] DEBUG o.a.weaver.tools.WeavingAdaptor - 14:10:53.409 main < o.a.w.t.WeavingAdaptor.weaveClass byte[4735]
14:10:53.410 [main] DEBUG org.aspectj.weaver.Dump - 14:10:53.409 main > o.a.w.Dump.dumpOnExit o.a.w.t.WeavingAdaptor$WeavingAdaptorMessageHolder@6a6afff2
14:10:53.410 [main] DEBUG org.aspectj.weaver.Dump - 14:10:53.410 main > o.a.w.Dump.shouldDumpOnExit o.a.w.t.WeavingAdaptor$WeavingAdaptorMessageHolder@6a6afff2
14:10:53.410 [main] DEBUG org.aspectj.weaver.Dump - 14:10:53.410 main - o.a.w.Dump.shouldDumpOnExit abort
14:10:53.410 [main] DEBUG org.aspectj.weaver.Dump - 14:10:53.410 main < o.a.w.Dump.shouldDumpOnExit false
14:10:53.410 [main] DEBUG org.aspectj.weaver.Dump - 14:10:53.410 main < o.a.w.Dump.dumpOnExit Excluded
14:10:53.410 [main] DEBUG org.aspectj.weaver.loadtime.Aj - 14:10:53.410 main < o.a.w.l.Aj.preProcess byte[4735]
14:10:53.416 [main] DEBUG org.aspectj.weaver.loadtime.Aj - 14:10:53.416 main > o.a.w.l.Aj.preProcess o.a.w.l.Aj@b9afc07 io/qameta/allure/internal/shadowed/jackson/databind/annotation/JacksonStdImpl, byte[522], j.i.l.ClassLoaders$AppClassLoader@3cd1a2f1
14:10:53.416 [main] DEBUG org.aspectj.weaver.loadtime.Aj - 14:10:53.416 main - o.a.w.l.Aj.preProcess o.a.w.l.Aj@b9afc07 j.i.l.ClassLoaders$PlatformClassLoader@1ad282e0, j.i.l.ClassLoaders$AppClassLoader@3cd1a2f1
14:10:53.416 [main] DEBUG o.a.weaver.tools.WeavingAdaptor - 14:10:53.416 main > o.a.w.t.WeavingAdaptor.weaveClass o.a.w.l.ClassLoaderWeavingAdaptor@140e5a13 io/qameta/allure/internal/shadowed/jackson/databind/annotation/JacksonStdImpl, byte[522]
14:10:53.417 [main] DEBUG org.aspectj.weaver.bcel.BcelWeaver - 14:10:53.417 main > o.a.w.b.BcelWeaver.weave o.a.w.b.BcelWeaver@48524010 o.a.w.t.WeavingAdaptor$WeavingClassFileProvider@66749eea
14:10:53.417 [main] DEBUG org.aspectj.weaver.bcel.BcelWeaver - 14:10:53.417 main > o.a.w.b.BcelWeaver.weaveAndNotify o.a.w.b.BcelWeaver@48524010 o.a.w.b.UnwovenClassFile@7135ce0a, o.a.w.b.BcelObjectType@617449dd, o.a.w.t.WeavingAdaptor$WeavingClassFileProvider$1@2e590b
14:10:53.417 [main] DEBUG org.aspectj.weaver.bcel.BcelWeaver - 14:10:53.417 main < o.a.w.b.BcelWeaver.weaveAndNotify
14:10:53.417 [main] DEBUG org.aspectj.weaver.bcel.BcelWeaver - 14:10:53.417 main < o.a.w.b.BcelWeaver.weave java.util.ArrayList(1)
14:10:53.417 [main] DEBUG o.a.weaver.tools.WeavingAdaptor - 14:10:53.417 main < o.a.w.t.WeavingAdaptor.weaveClass byte[522]
14:10:53.417 [main] DEBUG org.aspectj.weaver.Dump - 14:10:53.417 main > o.a.w.Dump.dumpOnExit o.a.w.t.WeavingAdaptor$WeavingAdaptorMessageHolder@6a6afff2
14:10:53.418 [main] DEBUG org.aspectj.weaver.Dump - 14:10:53.417 main > o.a.w.Dump.shouldDumpOnExit o.a.w.t.WeavingAdaptor$WeavingAdaptorMessageHolder@6a6afff2
14:10:53.418 [main] DEBUG org.aspectj.weaver.Dump - 14:10:53.418 main - o.a.w.Dump.shouldDumpOnExit abort
14:10:53.418 [main] DEBUG org.aspectj.weaver.Dump - 14:10:53.418 main < o.a.w.Dump.shouldDumpOnExit false
14:10:53.418 [main] DEBUG org.aspectj.weaver.Dump - 14:10:53.418 main < o.a.w.Dump.dumpOnExit Excluded
14:10:53.418 [main] DEBUG org.aspectj.weaver.loadtime.Aj - 14:10:53.418 main < o.a.w.l.Aj.preProcess byte[522]
14:10:53.420 [main] DEBUG org.aspectj.weaver.loadtime.Aj - 14:10:53.420 main > o.a.w.l.Aj.preProcess o.a.w.l.Aj@b9afc07 io/qameta/allure/internal/shadowed/jackson/annotation/JacksonAnnotation, byte[450], j.i.l.ClassLoaders$AppClassLoader@3cd1a2f1
14:10:53.420 [main] DEBUG org.aspectj.weaver.loadtime.Aj - 14:10:53.420 main - o.a.w.l.Aj.preProcess o.a.w.l.Aj@b9afc07 j.i.l.ClassLoaders$PlatformClassLoader@1ad282e0, j.i.l.ClassLoaders$AppClassLoader@3cd1a2f1
14:10:53.420 [main] DEBUG o.a.weaver.tools.WeavingAdaptor - 14:10:53.420 main > o.a.w.t.WeavingAdaptor.weaveClass o.a.w.l.ClassLoaderWeavingAdaptor@140e5a13 io/qameta/allure/internal/shadowed/jackson/annotation/JacksonAnnotation, byte[450]
14:10:53.420 [main] DEBUG org.aspectj.weaver.bcel.BcelWeaver - 14:10:53.420 main > o.a.w.b.BcelWeaver.weave o.a.w.b.BcelWeaver@48524010 o.a.w.t.WeavingAdaptor$WeavingClassFileProvider@166c2c17
14:10:53.421 [main] DEBUG org.aspectj.weaver.bcel.BcelWeaver - 14:10:53.421 main > o.a.w.b.BcelWeaver.weaveAndNotify o.a.w.b.BcelWeaver@48524010 o.a.w.b.UnwovenClassFile@25953be6, o.a.w.b.BcelObjectType@19dc0d32, o.a.w.t.WeavingAdaptor$WeavingClassFileProvider$1@70b2fa10
14:10:53.421 [main] DEBUG org.aspectj.weaver.bcel.BcelWeaver - 14:10:53.421 main < o.a.w.b.BcelWeaver.weaveAndNotify
14:10:53.421 [main] DEBUG org.aspectj.weaver.bcel.BcelWeaver - 14:10:53.421 main < o.a.w.b.BcelWeaver.weave java.util.ArrayList(1)
14:10:53.421 [main] DEBUG o.a.weaver.tools.WeavingAdaptor - 14:10:53.421 main < o.a.w.t.WeavingAdaptor.weaveClass byte[450]
14:10:53.421 [main] DEBUG org.aspectj.weaver.Dump - 14:10:53.421 main > o.a.w.Dump.dumpOnExit o.a.w.t.WeavingAdaptor$WeavingAdaptorMessageHolder@6a6afff2
14:10:53.421 [main] DEBUG org.aspectj.weaver.Dump - 14:10:53.421 main > o.a.w.Dump.shouldDumpOnExit o.a.w.t.WeavingAdaptor$WeavingAdaptorMessageHolder@6a6afff2
14:10:53.421 [main] DEBUG org.aspectj.weaver.Dump - 14:10:53.421 main - o.a.w.Dump.shouldDumpOnExit abort
14:10:53.421 [main] DEBUG org.aspectj.weaver.Dump - 14:10:53.421 main < o.a.w.Dump.shouldDumpOnExit false
14:10:53.421 [main] DEBUG org.aspectj.weaver.Dump - 14:10:53.421 main < o.a.w.Dump.dumpOnExit Excluded
14:10:53.421 [main] DEBUG org.aspectj.weaver.loadtime.Aj - 14:10:53.421 main < o.a.w.l.Aj.preProcess byte[450]
14:10:53.423 [main] DEBUG org.aspectj.weaver.loadtime.Aj - 14:10:53.423 main > o.a.w.l.Aj.preProcess o.a.w.l.Aj@b9afc07 jdk/proxy2/$Proxy11, byte[2575], j.i.l.ClassLoaders$AppClassLoader@3cd1a2f1
14:10:53.423 [main] DEBUG org.aspectj.weaver.loadtime.Aj - 14:10:53.423 main - o.a.w.l.Aj.preProcess o.a.w.l.Aj@b9afc07 j.i.l.ClassLoaders$PlatformClassLoader@1ad282e0, j.i.l.ClassLoaders$AppClassLoader@3cd1a2f1
14:10:53.423 [main] DEBUG o.a.weaver.tools.WeavingAdaptor - 14:10:53.423 main > o.a.w.t.WeavingAdaptor.weaveClass o.a.w.l.ClassLoaderWeavingAdaptor@140e5a13 jdk/proxy2/$Proxy11, byte[2575]
14:10:53.424 [main] DEBUG org.aspectj.weaver.bcel.BcelWeaver - 14:10:53.424 main > o.a.w.b.BcelWeaver.weave o.a.w.b.BcelWeaver@48524010 o.a.w.t.WeavingAdaptor$WeavingClassFileProvider@b0f2d91
14:10:53.424 [main] DEBUG org.aspectj.weaver.bcel.BcelWorld - 14:10:53.424 main - o.a.w.b.BcelWorld.lookupJavaClass o.a.w.l.LTWWorld@2b4a2ec7 java.lang.reflect.Proxy, o.a.a.b.c.JavaClass@3374b5bc
14:10:53.424 [main] DEBUG org.aspectj.weaver.bcel.BcelWeaver - 14:10:53.424 main > o.a.w.b.BcelWeaver.weaveAndNotify o.a.w.b.BcelWeaver@48524010 o.a.w.b.UnwovenClassFile@7243145f, o.a.w.b.BcelObjectType@15c6027d, o.a.w.t.WeavingAdaptor$WeavingClassFileProvider$1@5927f904
14:10:53.424 [main] DEBUG org.aspectj.weaver.bcel.BcelWorld - 14:10:53.424 main - o.a.w.b.BcelWorld.lookupJavaClass o.a.w.l.LTWWorld@2b4a2ec7 java.lang.invoke.MethodHandles$Lookup, o.a.a.b.c.JavaClass@4a734c04
14:10:53.425 [main] DEBUG org.aspectj.weaver.bcel.BcelWeaver - 14:10:53.425 main < o.a.w.b.BcelWeaver.weaveAndNotify
14:10:53.425 [main] DEBUG org.aspectj.weaver.bcel.BcelWeaver - 14:10:53.425 main < o.a.w.b.BcelWeaver.weave java.util.ArrayList(1)
14:10:53.425 [main] DEBUG o.a.weaver.tools.WeavingAdaptor - 14:10:53.425 main < o.a.w.t.WeavingAdaptor.weaveClass byte[2575]
14:10:53.425 [main] DEBUG org.aspectj.weaver.Dump - 14:10:53.425 main > o.a.w.Dump.dumpOnExit o.a.w.t.WeavingAdaptor$WeavingAdaptorMessageHolder@6a6afff2
14:10:53.425 [main] DEBUG org.aspectj.weaver.Dump - 14:10:53.425 main > o.a.w.Dump.shouldDumpOnExit o.a.w.t.WeavingAdaptor$WeavingAdaptorMessageHolder@6a6afff2
14:10:53.425 [main] DEBUG org.aspectj.weaver.Dump - 14:10:53.425 main - o.a.w.Dump.shouldDumpOnExit abort
14:10:53.425 [main] DEBUG org.aspectj.weaver.Dump - 14:10:53.425 main < o.a.w.Dump.shouldDumpOnExit false
14:10:53.425 [main] DEBUG org.aspectj.weaver.Dump - 14:10:53.425 main < o.a.w.Dump.dumpOnExit Excluded
14:10:53.425 [main] DEBUG org.aspectj.weaver.loadtime.Aj - 14:10:53.425 main < o.a.w.l.Aj.preProcess byte[2575]
14:10:53.567 [main] DEBUG org.aspectj.weaver.loadtime.Aj - 14:10:53.567 main > o.a.w.l.Aj.preProcess o.a.w.l.Aj@b9afc07 org/apache/maven/surefire/junitplatform/RunListenerAdapter$1, byte[929], j.i.l.ClassLoaders$AppClassLoader@3cd1a2f1
14:10:53.567 [main] DEBUG org.aspectj.weaver.loadtime.Aj - 14:10:53.567 main - o.a.w.l.Aj.preProcess o.a.w.l.Aj@b9afc07 j.i.l.ClassLoaders$PlatformClassLoader@1ad282e0, j.i.l.ClassLoaders$AppClassLoader@3cd1a2f1
14:10:53.567 [main] DEBUG o.a.weaver.tools.WeavingAdaptor - 14:10:53.567 main > o.a.w.t.WeavingAdaptor.weaveClass o.a.w.l.ClassLoaderWeavingAdaptor@140e5a13 org/apache/maven/surefire/junitplatform/RunListenerAdapter$1, byte[929]
14:10:53.568 [main] DEBUG org.aspectj.weaver.bcel.BcelWeaver - 14:10:53.568 main > o.a.w.b.BcelWeaver.weave o.a.w.b.BcelWeaver@48524010 o.a.w.t.WeavingAdaptor$WeavingClassFileProvider@6097fca9
14:10:53.568 [main] DEBUG org.aspectj.weaver.bcel.BcelWeaver - 14:10:53.568 main > o.a.w.b.BcelWeaver.weaveAndNotify o.a.w.b.BcelWeaver@48524010 o.a.w.b.UnwovenClassFile@35eee641, o.a.w.b.BcelObjectType@5729b410, o.a.w.t.WeavingAdaptor$WeavingClassFileProvider$1@64518270
14:10:53.571 [main] DEBUG org.aspectj.weaver.bcel.BcelWeaver - 14:10:53.571 main < o.a.w.b.BcelWeaver.weaveAndNotify
14:10:53.572 [main] DEBUG org.aspectj.weaver.bcel.BcelWeaver - 14:10:53.572 main < o.a.w.b.BcelWeaver.weave java.util.ArrayList(1)
14:10:53.572 [main] DEBUG o.a.weaver.tools.WeavingAdaptor - 14:10:53.572 main < o.a.w.t.WeavingAdaptor.weaveClass byte[929]
14:10:53.572 [main] DEBUG org.aspectj.weaver.Dump - 14:10:53.572 main > o.a.w.Dump.dumpOnExit o.a.w.t.WeavingAdaptor$WeavingAdaptorMessageHolder@6a6afff2
14:10:53.572 [main] DEBUG org.aspectj.weaver.Dump - 14:10:53.572 main > o.a.w.Dump.shouldDumpOnExit o.a.w.t.WeavingAdaptor$WeavingAdaptorMessageHolder@6a6afff2
14:10:53.572 [main] DEBUG org.aspectj.weaver.Dump - 14:10:53.572 main - o.a.w.Dump.shouldDumpOnExit abort
14:10:53.572 [main] DEBUG org.aspectj.weaver.Dump - 14:10:53.572 main < o.a.w.Dump.shouldDumpOnExit false
14:10:53.572 [main] DEBUG org.aspectj.weaver.Dump - 14:10:53.572 main < o.a.w.Dump.dumpOnExit Excluded
14:10:53.572 [main] DEBUG org.aspectj.weaver.loadtime.Aj - 14:10:53.572 main < o.a.w.l.Aj.preProcess byte[929]
]]></system-out>
    <system-err><![CDATA[[DelegatingClassLoader@46a488c2] error at io\qameta\allure\aspects\StepsAspects.java::0 the @annotation pointcut expression is only supported at Java 5 compliance level or above
[DelegatingClassLoader@46a488c2] error at io\qameta\allure\aspects\AttachmentsAspects.java::0 the @annotation pointcut expression is only supported at Java 5 compliance level or above
]]></system-err>
  </testcase>
  <testcase name="CalculatingTriangleArea" classname="ru.gb.lesson4.TestTriangleArea" time="0.117">
    <system-out><![CDATA[14:10:53.593 [main] DEBUG org.aspectj.weaver.loadtime.Aj - 14:10:53.593 main > o.a.w.l.Aj.preProcess o.a.w.l.Aj@b9afc07 org/junit/jupiter/api/AssertEquals, byte[6605], j.i.l.ClassLoaders$AppClassLoader@3cd1a2f1
14:10:53.593 [main] DEBUG org.aspectj.weaver.loadtime.Aj - 14:10:53.593 main - o.a.w.l.Aj.preProcess o.a.w.l.Aj@b9afc07 j.i.l.ClassLoaders$PlatformClassLoader@1ad282e0, j.i.l.ClassLoaders$AppClassLoader@3cd1a2f1
14:10:53.594 [main] DEBUG o.a.weaver.tools.WeavingAdaptor - 14:10:53.593 main > o.a.w.t.WeavingAdaptor.weaveClass o.a.w.l.ClassLoaderWeavingAdaptor@140e5a13 org/junit/jupiter/api/AssertEquals, byte[6605]
14:10:53.595 [main] DEBUG org.aspectj.weaver.bcel.BcelWeaver - 14:10:53.595 main > o.a.w.b.BcelWeaver.weave o.a.w.b.BcelWeaver@48524010 o.a.w.t.WeavingAdaptor$WeavingClassFileProvider@3c9ef6e9
14:10:53.595 [main] DEBUG org.aspectj.weaver.bcel.BcelWeaver - 14:10:53.595 main > o.a.w.b.BcelWeaver.weaveAndNotify o.a.w.b.BcelWeaver@48524010 o.a.w.b.UnwovenClassFile@3cdff901, o.a.w.b.BcelObjectType@57e5396b, o.a.w.t.WeavingAdaptor$WeavingClassFileProvider$1@2f054f70
14:10:53.595 [main] DEBUG org.aspectj.weaver.bcel.BcelWorld - 14:10:53.595 main - o.a.w.b.BcelWorld.lookupJavaClass o.a.w.l.LTWWorld@2b4a2ec7 java.util.function.Supplier, o.a.a.b.c.JavaClass@68dc098b
14:10:53.595 [main] DEBUG org.aspectj.weaver.bcel.BcelWeaver - 14:10:53.595 main < o.a.w.b.BcelWeaver.weaveAndNotify
14:10:53.596 [main] DEBUG org.aspectj.weaver.bcel.BcelWeaver - 14:10:53.595 main < o.a.w.b.BcelWeaver.weave java.util.ArrayList(1)
14:10:53.598 [main] DEBUG o.a.weaver.tools.WeavingAdaptor - 14:10:53.598 main < o.a.w.t.WeavingAdaptor.weaveClass byte[6605]
14:10:53.598 [main] DEBUG org.aspectj.weaver.Dump - 14:10:53.598 main > o.a.w.Dump.dumpOnExit o.a.w.t.WeavingAdaptor$WeavingAdaptorMessageHolder@6a6afff2
14:10:53.598 [main] DEBUG org.aspectj.weaver.Dump - 14:10:53.598 main > o.a.w.Dump.shouldDumpOnExit o.a.w.t.WeavingAdaptor$WeavingAdaptorMessageHolder@6a6afff2
14:10:53.598 [main] DEBUG org.aspectj.weaver.Dump - 14:10:53.598 main - o.a.w.Dump.shouldDumpOnExit abort
14:10:53.598 [main] DEBUG org.aspectj.weaver.Dump - 14:10:53.598 main < o.a.w.Dump.shouldDumpOnExit false
14:10:53.598 [main] DEBUG org.aspectj.weaver.Dump - 14:10:53.598 main < o.a.w.Dump.dumpOnExit Excluded
14:10:53.598 [main] DEBUG org.aspectj.weaver.loadtime.Aj - 14:10:53.598 main < o.a.w.l.Aj.preProcess byte[6605]
14:10:53.599 [main] DEBUG org.aspectj.weaver.loadtime.Aj - 14:10:53.599 main > o.a.w.l.Aj.preProcess o.a.w.l.Aj@b9afc07 org/junit/jupiter/api/AssertionUtils, byte[5122], j.i.l.ClassLoaders$AppClassLoader@3cd1a2f1
14:10:53.600 [main] DEBUG org.aspectj.weaver.loadtime.Aj - 14:10:53.600 main - o.a.w.l.Aj.preProcess o.a.w.l.Aj@b9afc07 j.i.l.ClassLoaders$PlatformClassLoader@1ad282e0, j.i.l.ClassLoaders$AppClassLoader@3cd1a2f1
14:10:53.600 [main] DEBUG o.a.weaver.tools.WeavingAdaptor - 14:10:53.600 main > o.a.w.t.WeavingAdaptor.weaveClass o.a.w.l.ClassLoaderWeavingAdaptor@140e5a13 org/junit/jupiter/api/AssertionUtils, byte[5122]
14:10:53.600 [main] DEBUG org.aspectj.weaver.bcel.BcelWeaver - 14:10:53.600 main > o.a.w.b.BcelWeaver.weave o.a.w.b.BcelWeaver@48524010 o.a.w.t.WeavingAdaptor$WeavingClassFileProvider@38fb50f8
14:10:53.600 [main] DEBUG org.aspectj.weaver.bcel.BcelWeaver - 14:10:53.600 main > o.a.w.b.BcelWeaver.weaveAndNotify o.a.w.b.BcelWeaver@48524010 o.a.w.b.UnwovenClassFile@7ab802f4, o.a.w.b.BcelObjectType@608cd501, o.a.w.t.WeavingAdaptor$WeavingClassFileProvider$1@3b97907c
14:10:53.602 [main] DEBUG org.aspectj.weaver.bcel.BcelWorld - 14:10:53.601 main - o.a.w.b.BcelWorld.lookupJavaClass o.a.w.l.LTWWorld@2b4a2ec7 java.lang.Throwable, o.a.a.b.c.JavaClass@5e600dd5
14:10:53.603 [main] DEBUG org.aspectj.weaver.bcel.BcelWorld - 14:10:53.603 main - o.a.w.b.BcelWorld.lookupJavaClass o.a.w.l.LTWWorld@2b4a2ec7 java.util.Deque, o.a.a.b.c.JavaClass@631c6d11
14:10:53.605 [main] DEBUG org.aspectj.weaver.bcel.BcelWeaver - 14:10:53.605 main < o.a.w.b.BcelWeaver.weaveAndNotify
14:10:53.605 [main] DEBUG org.aspectj.weaver.bcel.BcelWeaver - 14:10:53.605 main < o.a.w.b.BcelWeaver.weave java.util.ArrayList(1)
14:10:53.605 [main] DEBUG o.a.weaver.tools.WeavingAdaptor - 14:10:53.605 main < o.a.w.t.WeavingAdaptor.weaveClass byte[5122]
14:10:53.605 [main] DEBUG org.aspectj.weaver.Dump - 14:10:53.605 main > o.a.w.Dump.dumpOnExit o.a.w.t.WeavingAdaptor$WeavingAdaptorMessageHolder@6a6afff2
14:10:53.605 [main] DEBUG org.aspectj.weaver.Dump - 14:10:53.605 main > o.a.w.Dump.shouldDumpOnExit o.a.w.t.WeavingAdaptor$WeavingAdaptorMessageHolder@6a6afff2
14:10:53.605 [main] DEBUG org.aspectj.weaver.Dump - 14:10:53.605 main - o.a.w.Dump.shouldDumpOnExit abort
14:10:53.605 [main] DEBUG org.aspectj.weaver.Dump - 14:10:53.605 main < o.a.w.Dump.shouldDumpOnExit false
14:10:53.605 [main] DEBUG org.aspectj.weaver.Dump - 14:10:53.605 main < o.a.w.Dump.dumpOnExit Excluded
14:10:53.605 [main] DEBUG org.aspectj.weaver.loadtime.Aj - 14:10:53.605 main < o.a.w.l.Aj.preProcess byte[5122]
]]></system-out>
  </testcase>
</testsuite>