<?xml version="1.0" encoding="UTF-8"?>
<testsuite xmlns:xsi="http://www.w3.org/2001/XMLSchema-instance" xsi:noNamespaceSchemaLocation="https://maven.apache.org/surefire/maven-surefire-plugin/xsd/surefire-test-report-3.0.xsd" version="3.0" name="ru.gb.lesson6.PantsTest" time="27.086" tests="1" errors="1" skipped="0" failures="0">
  <properties>
    <property name="java.specification.version" value="18"/>
    <property name="webdriver.chrome.driver" value="C:\Users\admin\.cache\selenium\chromedriver\win32\105.0.5195.52\chromedriver.exe"/>
    <property name="sun.cpu.isalist" value="amd64"/>
    <property name="sun.jnu.encoding" value="Cp1251"/>
    <property name="java.class.path" value="C:\Users\admin\WebUI\HomeWork2\target\test-classes;C:\Users\admin\WebUI\HomeWork2\target\classes;C:\Users\admin\.m2\repository\io\github\bonigarcia\webdrivermanager\5.3.0\webdrivermanager-5.3.0.jar;C:\Users\admin\.m2\repository\org\slf4j\slf4j-api\1.7.36\slf4j-api-1.7.36.jar;C:\Users\admin\.m2\repository\com\google\code\gson\gson\2.9.1\gson-2.9.1.jar;C:\Users\admin\.m2\repository\com\github\docker-java\docker-java\3.2.13\docker-java-3.2.13.jar;C:\Users\admin\.m2\repository\com\github\docker-java\docker-java-core\3.2.13\docker-java-core-3.2.13.jar;C:\Users\admin\.m2\repository\com\github\docker-java\docker-java-api\3.2.13\docker-java-api-3.2.13.jar;C:\Users\admin\.m2\repository\com\fasterxml\jackson\core\jackson-annotations\2.10.3\jackson-annotations-2.10.3.jar;C:\Users\admin\.m2\repository\commons-io\commons-io\2.6\commons-io-2.6.jar;C:\Users\admin\.m2\repository\org\apache\commons\commons-compress\1.21\commons-compress-1.21.jar;C:\Users\admin\.m2\repository\com\fasterxml\jackson\core\jackson-databind\2.10.3\jackson-databind-2.10.3.jar;C:\Users\admin\.m2\repository\com\fasterxml\jackson\core\jackson-core\2.10.3\jackson-core-2.10.3.jar;C:\Users\admin\.m2\repository\org\bouncycastle\bcpkix-jdk15on\1.64\bcpkix-jdk15on-1.64.jar;C:\Users\admin\.m2\repository\org\bouncycastle\bcprov-jdk15on\1.64\bcprov-jdk15on-1.64.jar;C:\Users\admin\.m2\repository\org\slf4j\jcl-over-slf4j\1.7.30\jcl-over-slf4j-1.7.30.jar;C:\Users\admin\.m2\repository\com\github\docker-java\docker-java-transport-httpclient5\3.2.13\docker-java-transport-httpclient5-3.2.13.jar;C:\Users\admin\.m2\repository\com\github\docker-java\docker-java-transport\3.2.13\docker-java-transport-3.2.13.jar;C:\Users\admin\.m2\repository\net\java\dev\jna\jna\5.8.0\jna-5.8.0.jar;C:\Users\admin\.m2\repository\org\brotli\dec\0.1.2\dec-0.1.2.jar;C:\Users\admin\.m2\repository\org\apache\commons\commons-lang3\3.12.0\commons-lang3-3.12.0.jar;C:\Users\admin\.m2\repository\org\apache\httpcomponents\client5\httpclient5\5.1.3\httpclient5-5.1.3.jar;C:\Users\admin\.m2\repository\org\apache\httpcomponents\core5\httpcore5\5.1.3\httpcore5-5.1.3.jar;C:\Users\admin\.m2\repository\org\apache\httpcomponents\core5\httpcore5-h2\5.1.3\httpcore5-h2-5.1.3.jar;C:\Users\admin\.m2\repository\commons-codec\commons-codec\1.15\commons-codec-1.15.jar;C:\Users\admin\.m2\repository\org\junit\jupiter\junit-jupiter-api\5.9.0\junit-jupiter-api-5.9.0.jar;C:\Users\admin\.m2\repository\org\opentest4j\opentest4j\1.2.0\opentest4j-1.2.0.jar;C:\Users\admin\.m2\repository\org\junit\platform\junit-platform-commons\1.9.0\junit-platform-commons-1.9.0.jar;C:\Users\admin\.m2\repository\org\apiguardian\apiguardian-api\1.1.2\apiguardian-api-1.1.2.jar;C:\Users\admin\.m2\repository\org\junit\jupiter\junit-jupiter-params\5.9.0\junit-jupiter-params-5.9.0.jar;C:\Users\admin\.m2\repository\org\assertj\assertj-core\3.23.1\assertj-core-3.23.1.jar;C:\Users\admin\.m2\repository\net\bytebuddy\byte-buddy\1.12.10\byte-buddy-1.12.10.jar;C:\Users\admin\.m2\repository\ch\qos\logback\logback-classic\1.2.11\logback-classic-1.2.11.jar;C:\Users\admin\.m2\repository\ch\qos\logback\logback-core\1.2.11\logback-core-1.2.11.jar;C:\Users\admin\.m2\repository\org\seleniumhq\selenium\selenium-java\4.4.0\selenium-java-4.4.0.jar;C:\Users\admin\.m2\repository\org\seleniumhq\selenium\selenium-api\4.4.0\selenium-api-4.4.0.jar;C:\Users\admin\.m2\repository\org\seleniumhq\selenium\selenium-chrome-driver\4.4.0\selenium-chrome-driver-4.4.0.jar;C:\Users\admin\.m2\repository\com\google\auto\service\auto-service-annotations\1.0.1\auto-service-annotations-1.0.1.jar;C:\Users\admin\.m2\repository\com\google\auto\service\auto-service\1.0.1\auto-service-1.0.1.jar;C:\Users\admin\.m2\repository\com\google\auto\auto-common\1.2\auto-common-1.2.jar;C:\Users\admin\.m2\repository\com\google\guava\guava\31.1-jre\guava-31.1-jre.jar;C:\Users\admin\.m2\repository\com\google\guava\failureaccess\1.0.1\failureaccess-1.0.1.jar;C:\Users\admin\.m2\repository\com\google\guava\listenablefuture\9999.0-empty-to-avoid-conflict-with-guava\listenablefuture-9999.0-empty-to-avoid-conflict-with-guava.jar;C:\Users\admin\.m2\repository\com\google\code\findbugs\jsr305\3.0.2\jsr305-3.0.2.jar;C:\Users\admin\.m2\repository\org\checkerframework\checker-qual\3.12.0\checker-qual-3.12.0.jar;C:\Users\admin\.m2\repository\com\google\errorprone\error_prone_annotations\2.11.0\error_prone_annotations-2.11.0.jar;C:\Users\admin\.m2\repository\com\google\j2objc\j2objc-annotations\1.3\j2objc-annotations-1.3.jar;C:\Users\admin\.m2\repository\org\seleniumhq\selenium\selenium-chromium-driver\4.4.0\selenium-chromium-driver-4.4.0.jar;C:\Users\admin\.m2\repository\org\seleniumhq\selenium\selenium-json\4.4.0\selenium-json-4.4.0.jar;C:\Users\admin\.m2\repository\org\seleniumhq\selenium\selenium-devtools-v102\4.4.0\selenium-devtools-v102-4.4.0.jar;C:\Users\admin\.m2\repository\org\seleniumhq\selenium\selenium-devtools-v103\4.4.0\selenium-devtools-v103-4.4.0.jar;C:\Users\admin\.m2\repository\org\seleniumhq\selenium\selenium-devtools-v104\4.4.0\selenium-devtools-v104-4.4.0.jar;C:\Users\admin\.m2\repository\org\seleniumhq\selenium\selenium-devtools-v85\4.4.0\selenium-devtools-v85-4.4.0.jar;C:\Users\admin\.m2\repository\org\seleniumhq\selenium\selenium-edge-driver\4.4.0\selenium-edge-driver-4.4.0.jar;C:\Users\admin\.m2\repository\org\seleniumhq\selenium\selenium-firefox-driver\4.4.0\selenium-firefox-driver-4.4.0.jar;C:\Users\admin\.m2\repository\org\seleniumhq\selenium\selenium-ie-driver\4.4.0\selenium-ie-driver-4.4.0.jar;C:\Users\admin\.m2\repository\org\seleniumhq\selenium\selenium-opera-driver\4.4.0\selenium-opera-driver-4.4.0.jar;C:\Users\admin\.m2\repository\org\seleniumhq\selenium\selenium-remote-driver\4.4.0\selenium-remote-driver-4.4.0.jar;C:\Users\admin\.m2\repository\com\beust\jcommander\1.82\jcommander-1.82.jar;C:\Users\admin\.m2\repository\io\netty\netty-buffer\4.1.78.Final\netty-buffer-4.1.78.Final.jar;C:\Users\admin\.m2\repository\io\netty\netty-codec-http\4.1.78.Final\netty-codec-http-4.1.78.Final.jar;C:\Users\admin\.m2\repository\io\netty\netty-codec\4.1.78.Final\netty-codec-4.1.78.Final.jar;C:\Users\admin\.m2\repository\io\netty\netty-handler\4.1.78.Final\netty-handler-4.1.78.Final.jar;C:\Users\admin\.m2\repository\io\netty\netty-common\4.1.78.Final\netty-common-4.1.78.Final.jar;C:\Users\admin\.m2\repository\io\netty\netty-transport-classes-epoll\4.1.78.Final\netty-transport-classes-epoll-4.1.78.Final.jar;C:\Users\admin\.m2\repository\io\netty\netty-transport-classes-kqueue\4.1.78.Final\netty-transport-classes-kqueue-4.1.78.Final.jar;C:\Users\admin\.m2\repository\io\netty\netty-transport-native-epoll\4.1.78.Final\netty-transport-native-epoll-4.1.78.Final.jar;C:\Users\admin\.m2\repository\io\netty\netty-transport-native-kqueue\4.1.78.Final\netty-transport-native-kqueue-4.1.78.Final.jar;C:\Users\admin\.m2\repository\io\netty\netty-transport-native-unix-common\4.1.78.Final\netty-transport-native-unix-common-4.1.78.Final.jar;C:\Users\admin\.m2\repository\io\netty\netty-transport\4.1.78.Final\netty-transport-4.1.78.Final.jar;C:\Users\admin\.m2\repository\io\netty\netty-resolver\4.1.78.Final\netty-resolver-4.1.78.Final.jar;C:\Users\admin\.m2\repository\io\opentelemetry\opentelemetry-api\1.16.0\opentelemetry-api-1.16.0.jar;C:\Users\admin\.m2\repository\io\opentelemetry\opentelemetry-context\1.16.0\opentelemetry-context-1.16.0.jar;C:\Users\admin\.m2\repository\io\opentelemetry\opentelemetry-exporter-logging\1.16.0\opentelemetry-exporter-logging-1.16.0.jar;C:\Users\admin\.m2\repository\io\opentelemetry\opentelemetry-sdk-metrics\1.16.0\opentelemetry-sdk-metrics-1.16.0.jar;C:\Users\admin\.m2\repository\io\opentelemetry\opentelemetry-sdk-logs\1.16.0-alpha\opentelemetry-sdk-logs-1.16.0-alpha.jar;C:\Users\admin\.m2\repository\io\opentelemetry\opentelemetry-sdk-common\1.16.0\opentelemetry-sdk-common-1.16.0.jar;C:\Users\admin\.m2\repository\io\opentelemetry\opentelemetry-sdk-extension-autoconfigure-spi\1.16.0\opentelemetry-sdk-extension-autoconfigure-spi-1.16.0.jar;C:\Users\admin\.m2\repository\io\opentelemetry\opentelemetry-sdk-extension-autoconfigure\1.16.0-alpha\opentelemetry-sdk-extension-autoconfigure-1.16.0-alpha.jar;C:\Users\admin\.m2\repository\io\opentelemetry\opentelemetry-sdk-trace\1.16.0\opentelemetry-sdk-trace-1.16.0.jar;C:\Users\admin\.m2\repository\io\opentelemetry\opentelemetry-sdk\1.16.0\opentelemetry-sdk-1.16.0.jar;C:\Users\admin\.m2\repository\io\opentelemetry\opentelemetry-semconv\1.16.0-alpha\opentelemetry-semconv-1.16.0-alpha.jar;C:\Users\admin\.m2\repository\io\ous\jtoml\2.0.0\jtoml-2.0.0.jar;C:\Users\admin\.m2\repository\org\apache\commons\commons-exec\1.3\commons-exec-1.3.jar;C:\Users\admin\.m2\repository\org\asynchttpclient\async-http-client\2.12.3\async-http-client-2.12.3.jar;C:\Users\admin\.m2\repository\org\asynchttpclient\async-http-client-netty-utils\2.12.3\async-http-client-netty-utils-2.12.3.jar;C:\Users\admin\.m2\repository\io\netty\netty-codec-socks\4.1.60.Final\netty-codec-socks-4.1.60.Final.jar;C:\Users\admin\.m2\repository\io\netty\netty-handler-proxy\4.1.60.Final\netty-handler-proxy-4.1.60.Final.jar;C:\Users\admin\.m2\repository\io\netty\netty-transport-native-epoll\4.1.60.Final\netty-transport-native-epoll-4.1.60.Final-linux-x86_64.jar;C:\Users\admin\.m2\repository\io\netty\netty-transport-native-kqueue\4.1.60.Final\netty-transport-native-kqueue-4.1.60.Final-osx-x86_64.jar;C:\Users\admin\.m2\repository\org\reactivestreams\reactive-streams\1.0.3\reactive-streams-1.0.3.jar;C:\Users\admin\.m2\repository\com\typesafe\netty\netty-reactive-streams\2.0.4\netty-reactive-streams-2.0.4.jar;C:\Users\admin\.m2\repository\com\sun\activation\jakarta.activation\1.2.2\jakarta.activation-1.2.2.jar;C:\Users\admin\.m2\repository\org\seleniumhq\selenium\selenium-http\4.4.0\selenium-http-4.4.0.jar;C:\Users\admin\.m2\repository\dev\failsafe\failsafe\3.2.4\failsafe-3.2.4.jar;C:\Users\admin\.m2\repository\org\seleniumhq\selenium\selenium-safari-driver\4.4.0\selenium-safari-driver-4.4.0.jar;C:\Users\admin\.m2\repository\org\seleniumhq\selenium\selenium-support\4.4.0\selenium-support-4.4.0.jar;C:\Users\admin\.m2\repository\io\qameta\allure\allure-junit5\2.19.0\allure-junit5-2.19.0.jar;C:\Users\admin\.m2\repository\io\qameta\allure\allure-junit-platform\2.19.0\allure-junit-platform-2.19.0.jar;C:\Users\admin\.m2\repository\io\qameta\allure\allure-java-commons\2.19.0\allure-java-commons-2.19.0.jar;C:\Users\admin\.m2\repository\io\qameta\allure\allure-model\2.19.0\allure-model-2.19.0.jar;C:\Users\admin\.m2\repository\io\qameta\allure\allure-test-filter\2.19.0\allure-test-filter-2.19.0.jar;C:\Users\admin\.m2\repository\org\junit\platform\junit-platform-launcher\1.8.2\junit-platform-launcher-1.8.2.jar;C:\Users\admin\.m2\repository\org\junit\platform\junit-platform-engine\1.8.2\junit-platform-engine-1.8.2.jar;"/>
    <property name="java.vm.vendor" value="Oracle Corporation"/>
    <property name="sun.arch.data.model" value="64"/>
    <property name="user.variant" value=""/>
    <property name="java.vendor.url" value="https://java.oracle.com/"/>
    <property name="user.timezone" value="Europe/Moscow"/>
    <property name="os.name" value="Windows 10"/>
    <property name="java.vm.specification.version" value="18"/>
    <property name="sun.java.launcher" value="SUN_STANDARD"/>
    <property name="user.country" value="RU"/>
    <property name="sun.boot.library.path" value="C:\Program Files\Java\jdk-18\bin"/>
    <property name="sun.java.command" value="C:\Users\admin\AppData\Local\Temp\surefire10747121340958579243\surefirebooter-20220924141019594_3.jar C:\Users\admin\AppData\Local\Temp\surefire10747121340958579243 2022-09-24T14-10-13_376-jvmRun1 surefire-20220924141019594_1tmp surefire_0-20220924141019594_2tmp"/>
    <property name="jdk.debug" value="release"/>
    <property name="surefire.test.class.path" value="C:\Users\admin\WebUI\HomeWork2\target\test-classes;C:\Users\admin\WebUI\HomeWork2\target\classes;C:\Users\admin\.m2\repository\io\github\bonigarcia\webdrivermanager\5.3.0\webdrivermanager-5.3.0.jar;C:\Users\admin\.m2\repository\org\slf4j\slf4j-api\1.7.36\slf4j-api-1.7.36.jar;C:\Users\admin\.m2\repository\com\google\code\gson\gson\2.9.1\gson-2.9.1.jar;C:\Users\admin\.m2\repository\com\github\docker-java\docker-java\3.2.13\docker-java-3.2.13.jar;C:\Users\admin\.m2\repository\com\github\docker-java\docker-java-core\3.2.13\docker-java-core-3.2.13.jar;C:\Users\admin\.m2\repository\com\github\docker-java\docker-java-api\3.2.13\docker-java-api-3.2.13.jar;C:\Users\admin\.m2\repository\com\fasterxml\jackson\core\jackson-annotations\2.10.3\jackson-annotations-2.10.3.jar;C:\Users\admin\.m2\repository\commons-io\commons-io\2.6\commons-io-2.6.jar;C:\Users\admin\.m2\repository\org\apache\commons\commons-compress\1.21\commons-compress-1.21.jar;C:\Users\admin\.m2\repository\com\fasterxml\jackson\core\jackson-databind\2.10.3\jackson-databind-2.10.3.jar;C:\Users\admin\.m2\repository\com\fasterxml\jackson\core\jackson-core\2.10.3\jackson-core-2.10.3.jar;C:\Users\admin\.m2\repository\org\bouncycastle\bcpkix-jdk15on\1.64\bcpkix-jdk15on-1.64.jar;C:\Users\admin\.m2\repository\org\bouncycastle\bcprov-jdk15on\1.64\bcprov-jdk15on-1.64.jar;C:\Users\admin\.m2\repository\org\slf4j\jcl-over-slf4j\1.7.30\jcl-over-slf4j-1.7.30.jar;C:\Users\admin\.m2\repository\com\github\docker-java\docker-java-transport-httpclient5\3.2.13\docker-java-transport-httpclient5-3.2.13.jar;C:\Users\admin\.m2\repository\com\github\docker-java\docker-java-transport\3.2.13\docker-java-transport-3.2.13.jar;C:\Users\admin\.m2\repository\net\java\dev\jna\jna\5.8.0\jna-5.8.0.jar;C:\Users\admin\.m2\repository\org\brotli\dec\0.1.2\dec-0.1.2.jar;C:\Users\admin\.m2\repository\org\apache\commons\commons-lang3\3.12.0\commons-lang3-3.12.0.jar;C:\Users\admin\.m2\repository\org\apache\httpcomponents\client5\httpclient5\5.1.3\httpclient5-5.1.3.jar;C:\Users\admin\.m2\repository\org\apache\httpcomponents\core5\httpcore5\5.1.3\httpcore5-5.1.3.jar;C:\Users\admin\.m2\repository\org\apache\httpcomponents\core5\httpcore5-h2\5.1.3\httpcore5-h2-5.1.3.jar;C:\Users\admin\.m2\repository\commons-codec\commons-codec\1.15\commons-codec-1.15.jar;C:\Users\admin\.m2\repository\org\junit\jupiter\junit-jupiter-api\5.9.0\junit-jupiter-api-5.9.0.jar;C:\Users\admin\.m2\repository\org\opentest4j\opentest4j\1.2.0\opentest4j-1.2.0.jar;C:\Users\admin\.m2\repository\org\junit\platform\junit-platform-commons\1.9.0\junit-platform-commons-1.9.0.jar;C:\Users\admin\.m2\repository\org\apiguardian\apiguardian-api\1.1.2\apiguardian-api-1.1.2.jar;C:\Users\admin\.m2\repository\org\junit\jupiter\junit-jupiter-params\5.9.0\junit-jupiter-params-5.9.0.jar;C:\Users\admin\.m2\repository\org\assertj\assertj-core\3.23.1\assertj-core-3.23.1.jar;C:\Users\admin\.m2\repository\net\bytebuddy\byte-buddy\1.12.10\byte-buddy-1.12.10.jar;C:\Users\admin\.m2\repository\ch\qos\logback\logback-classic\1.2.11\logback-classic-1.2.11.jar;C:\Users\admin\.m2\repository\ch\qos\logback\logback-core\1.2.11\logback-core-1.2.11.jar;C:\Users\admin\.m2\repository\org\seleniumhq\selenium\selenium-java\4.4.0\selenium-java-4.4.0.jar;C:\Users\admin\.m2\repository\org\seleniumhq\selenium\selenium-api\4.4.0\selenium-api-4.4.0.jar;C:\Users\admin\.m2\repository\org\seleniumhq\selenium\selenium-chrome-driver\4.4.0\selenium-chrome-driver-4.4.0.jar;C:\Users\admin\.m2\repository\com\google\auto\service\auto-service-annotations\1.0.1\auto-service-annotations-1.0.1.jar;C:\Users\admin\.m2\repository\com\google\auto\service\auto-service\1.0.1\auto-service-1.0.1.jar;C:\Users\admin\.m2\repository\com\google\auto\auto-common\1.2\auto-common-1.2.jar;C:\Users\admin\.m2\repository\com\google\guava\guava\31.1-jre\guava-31.1-jre.jar;C:\Users\admin\.m2\repository\com\google\guava\failureaccess\1.0.1\failureaccess-1.0.1.jar;C:\Users\admin\.m2\repository\com\google\guava\listenablefuture\9999.0-empty-to-avoid-conflict-with-guava\listenablefuture-9999.0-empty-to-avoid-conflict-with-guava.jar;C:\Users\admin\.m2\repository\com\google\code\findbugs\jsr305\3.0.2\jsr305-3.0.2.jar;C:\Users\admin\.m2\repository\org\checkerframework\checker-qual\3.12.0\checker-qual-3.12.0.jar;C:\Users\admin\.m2\repository\com\google\errorprone\error_prone_annotations\2.11.0\error_prone_annotations-2.11.0.jar;C:\Users\admin\.m2\repository\com\google\j2objc\j2objc-annotations\1.3\j2objc-annotations-1.3.jar;C:\Users\admin\.m2\repository\org\seleniumhq\selenium\selenium-chromium-driver\4.4.0\selenium-chromium-driver-4.4.0.jar;C:\Users\admin\.m2\repository\org\seleniumhq\selenium\selenium-json\4.4.0\selenium-json-4.4.0.jar;C:\Users\admin\.m2\repository\org\seleniumhq\selenium\selenium-devtools-v102\4.4.0\selenium-devtools-v102-4.4.0.jar;C:\Users\admin\.m2\repository\org\seleniumhq\selenium\selenium-devtools-v103\4.4.0\selenium-devtools-v103-4.4.0.jar;C:\Users\admin\.m2\repository\org\seleniumhq\selenium\selenium-devtools-v104\4.4.0\selenium-devtools-v104-4.4.0.jar;C:\Users\admin\.m2\repository\org\seleniumhq\selenium\selenium-devtools-v85\4.4.0\selenium-devtools-v85-4.4.0.jar;C:\Users\admin\.m2\repository\org\seleniumhq\selenium\selenium-edge-driver\4.4.0\selenium-edge-driver-4.4.0.jar;C:\Users\admin\.m2\repository\org\seleniumhq\selenium\selenium-firefox-driver\4.4.0\selenium-firefox-driver-4.4.0.jar;C:\Users\admin\.m2\repository\org\seleniumhq\selenium\selenium-ie-driver\4.4.0\selenium-ie-driver-4.4.0.jar;C:\Users\admin\.m2\repository\org\seleniumhq\selenium\selenium-opera-driver\4.4.0\selenium-opera-driver-4.4.0.jar;C:\Users\admin\.m2\repository\org\seleniumhq\selenium\selenium-remote-driver\4.4.0\selenium-remote-driver-4.4.0.jar;C:\Users\admin\.m2\repository\com\beust\jcommander\1.82\jcommander-1.82.jar;C:\Users\admin\.m2\repository\io\netty\netty-buffer\4.1.78.Final\netty-buffer-4.1.78.Final.jar;C:\Users\admin\.m2\repository\io\netty\netty-codec-http\4.1.78.Final\netty-codec-http-4.1.78.Final.jar;C:\Users\admin\.m2\repository\io\netty\netty-codec\4.1.78.Final\netty-codec-4.1.78.Final.jar;C:\Users\admin\.m2\repository\io\netty\netty-handler\4.1.78.Final\netty-handler-4.1.78.Final.jar;C:\Users\admin\.m2\repository\io\netty\netty-common\4.1.78.Final\netty-common-4.1.78.Final.jar;C:\Users\admin\.m2\repository\io\netty\netty-transport-classes-epoll\4.1.78.Final\netty-transport-classes-epoll-4.1.78.Final.jar;C:\Users\admin\.m2\repository\io\netty\netty-transport-classes-kqueue\4.1.78.Final\netty-transport-classes-kqueue-4.1.78.Final.jar;C:\Users\admin\.m2\repository\io\netty\netty-transport-native-epoll\4.1.78.Final\netty-transport-native-epoll-4.1.78.Final.jar;C:\Users\admin\.m2\repository\io\netty\netty-transport-native-kqueue\4.1.78.Final\netty-transport-native-kqueue-4.1.78.Final.jar;C:\Users\admin\.m2\repository\io\netty\netty-transport-native-unix-common\4.1.78.Final\netty-transport-native-unix-common-4.1.78.Final.jar;C:\Users\admin\.m2\repository\io\netty\netty-transport\4.1.78.Final\netty-transport-4.1.78.Final.jar;C:\Users\admin\.m2\repository\io\netty\netty-resolver\4.1.78.Final\netty-resolver-4.1.78.Final.jar;C:\Users\admin\.m2\repository\io\opentelemetry\opentelemetry-api\1.16.0\opentelemetry-api-1.16.0.jar;C:\Users\admin\.m2\repository\io\opentelemetry\opentelemetry-context\1.16.0\opentelemetry-context-1.16.0.jar;C:\Users\admin\.m2\repository\io\opentelemetry\opentelemetry-exporter-logging\1.16.0\opentelemetry-exporter-logging-1.16.0.jar;C:\Users\admin\.m2\repository\io\opentelemetry\opentelemetry-sdk-metrics\1.16.0\opentelemetry-sdk-metrics-1.16.0.jar;C:\Users\admin\.m2\repository\io\opentelemetry\opentelemetry-sdk-logs\1.16.0-alpha\opentelemetry-sdk-logs-1.16.0-alpha.jar;C:\Users\admin\.m2\repository\io\opentelemetry\opentelemetry-sdk-common\1.16.0\opentelemetry-sdk-common-1.16.0.jar;C:\Users\admin\.m2\repository\io\opentelemetry\opentelemetry-sdk-extension-autoconfigure-spi\1.16.0\opentelemetry-sdk-extension-autoconfigure-spi-1.16.0.jar;C:\Users\admin\.m2\repository\io\opentelemetry\opentelemetry-sdk-extension-autoconfigure\1.16.0-alpha\opentelemetry-sdk-extension-autoconfigure-1.16.0-alpha.jar;C:\Users\admin\.m2\repository\io\opentelemetry\opentelemetry-sdk-trace\1.16.0\opentelemetry-sdk-trace-1.16.0.jar;C:\Users\admin\.m2\repository\io\opentelemetry\opentelemetry-sdk\1.16.0\opentelemetry-sdk-1.16.0.jar;C:\Users\admin\.m2\repository\io\opentelemetry\opentelemetry-semconv\1.16.0-alpha\opentelemetry-semconv-1.16.0-alpha.jar;C:\Users\admin\.m2\repository\io\ous\jtoml\2.0.0\jtoml-2.0.0.jar;C:\Users\admin\.m2\repository\org\apache\commons\commons-exec\1.3\commons-exec-1.3.jar;C:\Users\admin\.m2\repository\org\asynchttpclient\async-http-client\2.12.3\async-http-client-2.12.3.jar;C:\Users\admin\.m2\repository\org\asynchttpclient\async-http-client-netty-utils\2.12.3\async-http-client-netty-utils-2.12.3.jar;C:\Users\admin\.m2\repository\io\netty\netty-codec-socks\4.1.60.Final\netty-codec-socks-4.1.60.Final.jar;C:\Users\admin\.m2\repository\io\netty\netty-handler-proxy\4.1.60.Final\netty-handler-proxy-4.1.60.Final.jar;C:\Users\admin\.m2\repository\io\netty\netty-transport-native-epoll\4.1.60.Final\netty-transport-native-epoll-4.1.60.Final-linux-x86_64.jar;C:\Users\admin\.m2\repository\io\netty\netty-transport-native-kqueue\4.1.60.Final\netty-transport-native-kqueue-4.1.60.Final-osx-x86_64.jar;C:\Users\admin\.m2\repository\org\reactivestreams\reactive-streams\1.0.3\reactive-streams-1.0.3.jar;C:\Users\admin\.m2\repository\com\typesafe\netty\netty-reactive-streams\2.0.4\netty-reactive-streams-2.0.4.jar;C:\Users\admin\.m2\repository\com\sun\activation\jakarta.activation\1.2.2\jakarta.activation-1.2.2.jar;C:\Users\admin\.m2\repository\org\seleniumhq\selenium\selenium-http\4.4.0\selenium-http-4.4.0.jar;C:\Users\admin\.m2\repository\dev\failsafe\failsafe\3.2.4\failsafe-3.2.4.jar;C:\Users\admin\.m2\repository\org\seleniumhq\selenium\selenium-safari-driver\4.4.0\selenium-safari-driver-4.4.0.jar;C:\Users\admin\.m2\repository\org\seleniumhq\selenium\selenium-support\4.4.0\selenium-support-4.4.0.jar;C:\Users\admin\.m2\repository\io\qameta\allure\allure-junit5\2.19.0\allure-junit5-2.19.0.jar;C:\Users\admin\.m2\repository\io\qameta\allure\allure-junit-platform\2.19.0\allure-junit-platform-2.19.0.jar;C:\Users\admin\.m2\repository\io\qameta\allure\allure-java-commons\2.19.0\allure-java-commons-2.19.0.jar;C:\Users\admin\.m2\repository\io\qameta\allure\allure-model\2.19.0\allure-model-2.19.0.jar;C:\Users\admin\.m2\repository\io\qameta\allure\allure-test-filter\2.19.0\allure-test-filter-2.19.0.jar;C:\Users\admin\.m2\repository\org\junit\platform\junit-platform-launcher\1.8.2\junit-platform-launcher-1.8.2.jar;C:\Users\admin\.m2\repository\org\junit\platform\junit-platform-engine\1.8.2\junit-platform-engine-1.8.2.jar;"/>
    <property name="sun.cpu.endian" value="little"/>
    <property name="user.home" value="C:\Users\admin"/>
    <property name="user.language" value="ru"/>
    <property name="java.specification.vendor" value="Oracle Corporation"/>
    <property name="java.version.date" value="2022-03-22"/>
    <property name="java.home" value="C:\Program Files\Java\jdk-18"/>
    <property name="file.separator" value="\"/>
    <property name="basedir" value="C:\Users\admin\WebUI\HomeWork2"/>
    <property name="java.vm.compressedOopsMode" value="32-bit"/>
    <property name="line.separator" value="&#10;"/>
    <property name="java.vm.specification.vendor" value="Oracle Corporation"/>
    <property name="java.specification.name" value="Java Platform API Specification"/>
    <property name="surefire.real.class.path" value="C:\Users\admin\AppData\Local\Temp\surefire10747121340958579243\surefirebooter-20220924141019594_3.jar"/>
    <property name="user.script" value=""/>
    <property name="sun.management.compiler" value="HotSpot 64-Bit Tiered Compilers"/>
    <property name="java.runtime.version" value="18+36-2087"/>
    <property name="user.name" value="admin"/>
    <property name="path.separator" value=";"/>
    <property name="os.version" value="10.0"/>
    <property name="java.runtime.name" value="Java(TM) SE Runtime Environment"/>
    <property name="file.encoding" value="UTF-8"/>
    <property name="java.vm.name" value="Java HotSpot(TM) 64-Bit Server VM"/>
    <property name="localRepository" value="C:\Users\admin\.m2\repository"/>
    <property name="java.vendor.url.bug" value="https://bugreport.java.com/bugreport/"/>
    <property name="java.io.tmpdir" value="C:\Users\admin\AppData\Local\Temp\"/>
    <property name="idea.version" value="2022.2.1"/>
    <property name="java.version" value="18"/>
    <property name="user.dir" value="C:\Users\admin\WebUI\HomeWork2"/>
    <property name="os.arch" value="amd64"/>
    <property name="java.vm.specification.name" value="Java Virtual Machine Specification"/>
    <property name="sun.os.patch.level" value=""/>
    <property name="native.encoding" value="Cp1251"/>
    <property name="java.library.path" value="C:\Program Files\Java\jdk-18\bin;C:\WINDOWS\Sun\Java\bin;C:\WINDOWS\system32;C:\WINDOWS;C:\Program Files (x86)\Common Files\Oracle\Java\javapath;C:\sqlite\;C:\Program Files\JetBrains\IntelliJ IDEA Community Edition 2021.3.3;C:\sqlite\;C:\Users\admin\AppData\Local\Programs\Microsoft VS Code\bin;C:\Program Files\JetBrains\IntelliJ IDEA 2022.1.3\bin;;C:\Users\admin\AppData\Local\GitHubDesktop\bin;."/>
    <property name="junit.jupiter.extensions.autodetection.enabled" value="true"/>
    <property name="java.vm.info" value="mixed mode, sharing"/>
    <property name="java.vendor" value="Oracle Corporation"/>
    <property name="java.vm.version" value="18+36-2087"/>
    <property name="sun.io.unicode.encoding" value="UnicodeLittle"/>
    <property name="java.class.version" value="62.0"/>
  </properties>
  <testcase name="PantsTest" classname="ru.gb.lesson6.PantsTest" time="26.888">
    <error message="Expected condition failed: waiting for presence of element located by: By.xpath: //div[contains(@class,&apos;item--active&apos;)]//ul[contains(@class, &apos;menu-burger__set&apos;)]//a[.=&apos;Брюки&apos;] (tried for 15 second(s) with 500 milliseconds interval)" type="org.openqa.selenium.TimeoutException"><![CDATA[org.openqa.selenium.TimeoutException: Expected condition failed: waiting for presence of element located by: By.xpath: //div[contains(@class,'item--active')]//ul[contains(@class, 'menu-burger__set')]//a[.='Брюки'] (tried for 15 second(s) with 500 milliseconds interval)
	at org.openqa.selenium.support.ui.WebDriverWait.timeoutException(WebDriverWait.java:87)
	at org.openqa.selenium.support.ui.FluentWait.until(FluentWait.java:231)
	at ru.gb.lesson6.NavigationBlock.GoToPantsForWomanPage(NavigationBlock.java:26)
	at ru.gb.lesson6.PantsTest.PantsTest(PantsTest.java:34)
	at java.base/jdk.internal.reflect.DirectMethodHandleAccessor.invoke(DirectMethodHandleAccessor.java:104)
	at java.base/java.lang.reflect.Method.invoke(Method.java:577)
	at org.junit.platform.commons.util.ReflectionUtils.invokeMethod(ReflectionUtils.java:727)
	at org.junit.jupiter.engine.execution.MethodInvocation.proceed(MethodInvocation.java:60)
	at org.junit.jupiter.engine.execution.InvocationInterceptorChain$ValidatingInvocation.proceed(InvocationInterceptorChain.java:131)
	at org.junit.jupiter.api.extension.InvocationInterceptor.interceptTestMethod(InvocationInterceptor.java:118)
	at org.junit.jupiter.engine.execution.InterceptingExecutableInvoker$ReflectiveInterceptorCall.lambda$ofVoidMethod$0(InterceptingExecutableInvoker.java:103)
	at org.junit.jupiter.engine.execution.InterceptingExecutableInvoker.lambda$invoke$0(InterceptingExecutableInvoker.java:93)
	at org.junit.jupiter.engine.execution.InvocationInterceptorChain$InterceptedInvocation.proceed(InvocationInterceptorChain.java:106)
	at org.junit.jupiter.engine.extension.TimeoutExtension.intercept(TimeoutExtension.java:156)
	at org.junit.jupiter.engine.extension.TimeoutExtension.interceptTestableMethod(TimeoutExtension.java:147)
	at org.junit.jupiter.engine.extension.TimeoutExtension.interceptTestMethod(TimeoutExtension.java:86)
	at org.junit.jupiter.engine.execution.InterceptingExecutableInvoker$ReflectiveInterceptorCall.lambda$ofVoidMethod$0(InterceptingExecutableInvoker.java:103)
	at org.junit.jupiter.engine.execution.InterceptingExecutableInvoker.lambda$invoke$0(InterceptingExecutableInvoker.java:93)
	at org.junit.jupiter.engine.execution.InvocationInterceptorChain$InterceptedInvocation.proceed(InvocationInterceptorChain.java:106)
	at org.junit.jupiter.engine.execution.InvocationInterceptorChain.proceed(InvocationInterceptorChain.java:64)
	at org.junit.jupiter.engine.execution.InvocationInterceptorChain.chainAndInvoke(InvocationInterceptorChain.java:45)
	at org.junit.jupiter.engine.execution.InvocationInterceptorChain.invoke(InvocationInterceptorChain.java:37)
	at org.junit.jupiter.engine.execution.InterceptingExecutableInvoker.invoke(InterceptingExecutableInvoker.java:92)
	at org.junit.jupiter.engine.execution.InterceptingExecutableInvoker.invoke(InterceptingExecutableInvoker.java:86)
	at org.junit.jupiter.engine.descriptor.TestMethodTestDescriptor.lambda$invokeTestMethod$7(TestMethodTestDescriptor.java:217)
	at org.junit.platform.engine.support.hierarchical.ThrowableCollector.execute(ThrowableCollector.java:73)
	at org.junit.jupiter.engine.descriptor.TestMethodTestDescriptor.invokeTestMethod(TestMethodTestDescriptor.java:213)
	at org.junit.jupiter.engine.descriptor.TestMethodTestDescriptor.execute(TestMethodTestDescriptor.java:138)
	at org.junit.jupiter.engine.descriptor.TestMethodTestDescriptor.execute(TestMethodTestDescriptor.java:68)
	at org.junit.platform.engine.support.hierarchical.NodeTestTask.lambda$executeRecursively$6(NodeTestTask.java:151)
	at org.junit.platform.engine.support.hierarchical.ThrowableCollector.execute(ThrowableCollector.java:73)
	at org.junit.platform.engine.support.hierarchical.NodeTestTask.lambda$executeRecursively$8(NodeTestTask.java:141)
	at org.junit.platform.engine.support.hierarchical.Node.around(Node.java:137)
	at org.junit.platform.engine.support.hierarchical.NodeTestTask.lambda$executeRecursively$9(NodeTestTask.java:139)
	at org.junit.platform.engine.support.hierarchical.ThrowableCollector.execute(ThrowableCollector.java:73)
	at org.junit.platform.engine.support.hierarchical.NodeTestTask.executeRecursively(NodeTestTask.java:138)
	at org.junit.platform.engine.support.hierarchical.NodeTestTask.execute(NodeTestTask.java:95)
	at java.base/java.util.ArrayList.forEach(ArrayList.java:1511)
	at org.junit.platform.engine.support.hierarchical.SameThreadHierarchicalTestExecutorService.invokeAll(SameThreadHierarchicalTestExecutorService.java:41)
	at org.junit.platform.engine.support.hierarchical.NodeTestTask.lambda$executeRecursively$6(NodeTestTask.java:155)
	at org.junit.platform.engine.support.hierarchical.ThrowableCollector.execute(ThrowableCollector.java:73)
	at org.junit.platform.engine.support.hierarchical.NodeTestTask.lambda$executeRecursively$8(NodeTestTask.java:141)
	at org.junit.platform.engine.support.hierarchical.Node.around(Node.java:137)
	at org.junit.platform.engine.support.hierarchical.NodeTestTask.lambda$executeRecursively$9(NodeTestTask.java:139)
	at org.junit.platform.engine.support.hierarchical.ThrowableCollector.execute(ThrowableCollector.java:73)
	at org.junit.platform.engine.support.hierarchical.NodeTestTask.executeRecursively(NodeTestTask.java:138)
	at org.junit.platform.engine.support.hierarchical.NodeTestTask.execute(NodeTestTask.java:95)
	at java.base/java.util.ArrayList.forEach(ArrayList.java:1511)
	at org.junit.platform.engine.support.hierarchical.SameThreadHierarchicalTestExecutorService.invokeAll(SameThreadHierarchicalTestExecutorService.java:41)
	at org.junit.platform.engine.support.hierarchical.NodeTestTask.lambda$executeRecursively$6(NodeTestTask.java:155)
	at org.junit.platform.engine.support.hierarchical.ThrowableCollector.execute(ThrowableCollector.java:73)
	at org.junit.platform.engine.support.hierarchical.NodeTestTask.lambda$executeRecursively$8(NodeTestTask.java:141)
	at org.junit.platform.engine.support.hierarchical.Node.around(Node.java:137)
	at org.junit.platform.engine.support.hierarchical.NodeTestTask.lambda$executeRecursively$9(NodeTestTask.java:139)
	at org.junit.platform.engine.support.hierarchical.ThrowableCollector.execute(ThrowableCollector.java:73)
	at org.junit.platform.engine.support.hierarchical.NodeTestTask.executeRecursively(NodeTestTask.java:138)
	at org.junit.platform.engine.support.hierarchical.NodeTestTask.execute(NodeTestTask.java:95)
	at org.junit.platform.engine.support.hierarchical.SameThreadHierarchicalTestExecutorService.submit(SameThreadHierarchicalTestExecutorService.java:35)
	at org.junit.platform.engine.support.hierarchical.HierarchicalTestExecutor.execute(HierarchicalTestExecutor.java:57)
	at org.junit.platform.engine.support.hierarchical.HierarchicalTestEngine.execute(HierarchicalTestEngine.java:54)
	at org.junit.platform.launcher.core.EngineExecutionOrchestrator.execute(EngineExecutionOrchestrator.java:107)
	at org.junit.platform.launcher.core.EngineExecutionOrchestrator.execute(EngineExecutionOrchestrator.java:88)
	at org.junit.platform.launcher.core.EngineExecutionOrchestrator.lambda$execute$0(EngineExecutionOrchestrator.java:54)
	at org.junit.platform.launcher.core.EngineExecutionOrchestrator.withInterceptedStreams(EngineExecutionOrchestrator.java:67)
	at org.junit.platform.launcher.core.EngineExecutionOrchestrator.execute(EngineExecutionOrchestrator.java:52)
	at org.junit.platform.launcher.core.DefaultLauncher.execute(DefaultLauncher.java:114)
	at org.junit.platform.launcher.core.DefaultLauncher.execute(DefaultLauncher.java:86)
	at org.junit.platform.launcher.core.DefaultLauncherSession$DelegatingLauncher.execute(DefaultLauncherSession.java:86)
	at org.apache.maven.surefire.junitplatform.LazyLauncher.execute(LazyLauncher.java:55)
	at org.apache.maven.surefire.junitplatform.JUnitPlatformProvider.execute(JUnitPlatformProvider.java:223)
	at org.apache.maven.surefire.junitplatform.JUnitPlatformProvider.invokeAllTests(JUnitPlatformProvider.java:175)
	at org.apache.maven.surefire.junitplatform.JUnitPlatformProvider.invoke(JUnitPlatformProvider.java:139)
	at org.apache.maven.surefire.booter.ForkedBooter.runSuitesInProcess(ForkedBooter.java:456)
	at org.apache.maven.surefire.booter.ForkedBooter.execute(ForkedBooter.java:169)
	at org.apache.maven.surefire.booter.ForkedBooter.run(ForkedBooter.java:595)
	at org.apache.maven.surefire.booter.ForkedBooter.main(ForkedBooter.java:581)
Caused by: org.openqa.selenium.NoSuchElementException: no such element: Unable to locate element: {"method":"xpath","selector":"//div[contains(@class,'item--active')]//ul[contains(@class, 'menu-burger__set')]//a[.='Брюки']"}
  (Session info: chrome=105.0.5195.127)
For documentation on this error, please visit: https://selenium.dev/exceptions/#no_such_element
Build info: version: '4.4.0', revision: 'e5c75ed026a'
System info: host: 'DESKTOP-MSQ9EED', ip: '192.168.1.68', os.name: 'Windows 10', os.arch: 'amd64', os.version: '10.0', java.version: '18'
Driver info: org.openqa.selenium.chrome.ChromeDriver
Command: [7f7237f6b7b416b55350c5691275deb2, findElement {using=xpath, value=//div[contains(@class,'item--active')]//ul[contains(@class, 'menu-burger__set')]//a[.='Брюки']}]
Capabilities {acceptInsecureCerts: false, browserName: chrome, browserVersion: 105.0.5195.127, chrome: {chromedriverVersion: 105.0.5195.52 (412c95e51883..., userDataDir: C:\Users\admin\AppData\Loca...}, goog:chromeOptions: {debuggerAddress: localhost:64396}, networkConnectionEnabled: false, pageLoadStrategy: normal, platformName: WINDOWS, proxy: Proxy(), se:cdp: ws://localhost:64396/devtoo..., se:cdpVersion: 105.0.5195.127, setWindowRect: true, strictFileInteractability: false, timeouts: {implicit: 0, pageLoad: 300000, script: 30000}, unhandledPromptBehavior: dismiss and notify, webauthn:extension:credBlob: true, webauthn:extension:largeBlob: true, webauthn:virtualAuthenticators: true}
Session ID: 7f7237f6b7b416b55350c5691275deb2
	at java.base/jdk.internal.reflect.DirectConstructorHandleAccessor.newInstance(DirectConstructorHandleAccessor.java:67)
	at java.base/java.lang.reflect.Constructor.newInstanceWithCaller(Constructor.java:499)
	at java.base/java.lang.reflect.Constructor.newInstance(Constructor.java:483)
	at org.openqa.selenium.remote.codec.w3c.W3CHttpResponseCodec.createException(W3CHttpResponseCodec.java:200)
	at org.openqa.selenium.remote.codec.w3c.W3CHttpResponseCodec.decode(W3CHttpResponseCodec.java:133)
	at org.openqa.selenium.remote.codec.w3c.W3CHttpResponseCodec.decode(W3CHttpResponseCodec.java:53)
	at org.openqa.selenium.remote.HttpCommandExecutor.execute(HttpCommandExecutor.java:184)
	at org.openqa.selenium.remote.service.DriverCommandExecutor.invokeExecute(DriverCommandExecutor.java:167)
	at org.openqa.selenium.remote.service.DriverCommandExecutor.execute(DriverCommandExecutor.java:142)
	at org.openqa.selenium.remote.RemoteWebDriver.execute(RemoteWebDriver.java:547)
	at org.openqa.selenium.remote.ElementLocation$ElementFinder$2.findElement(ElementLocation.java:162)
	at org.openqa.selenium.remote.ElementLocation.findElement(ElementLocation.java:60)
	at org.openqa.selenium.remote.RemoteWebDriver.findElement(RemoteWebDriver.java:365)
	at org.openqa.selenium.remote.RemoteWebDriver.findElement(RemoteWebDriver.java:357)
	at org.openqa.selenium.support.ui.ExpectedConditions$6.apply(ExpectedConditions.java:174)
	at org.openqa.selenium.support.ui.ExpectedConditions$6.apply(ExpectedConditions.java:171)
	at org.openqa.selenium.support.ui.FluentWait.until(FluentWait.java:208)
	... 74 more
]]></error>
    <system-out><![CDATA[14:12:55.545 [main] DEBUG org.aspectj.weaver.loadtime.Aj - 14:12:55.545 main > o.a.w.l.Aj.preProcess o.a.w.l.Aj@b9afc07 ru/gb/lesson6/MainPage, byte[1408], j.i.l.ClassLoaders$AppClassLoader@3cd1a2f1
14:12:55.545 [main] DEBUG org.aspectj.weaver.loadtime.Aj - 14:12:55.545 main - o.a.w.l.Aj.preProcess o.a.w.l.Aj@b9afc07 j.i.l.ClassLoaders$PlatformClassLoader@1ad282e0, j.i.l.ClassLoaders$AppClassLoader@3cd1a2f1
14:12:55.545 [main] DEBUG o.a.weaver.tools.WeavingAdaptor - 14:12:55.545 main > o.a.w.t.WeavingAdaptor.weaveClass o.a.w.l.ClassLoaderWeavingAdaptor@140e5a13 ru/gb/lesson6/MainPage, byte[1408]
14:12:55.545 [main] DEBUG org.aspectj.weaver.bcel.BcelWeaver - 14:12:55.545 main > o.a.w.b.BcelWeaver.weave o.a.w.b.BcelWeaver@48524010 o.a.w.t.WeavingAdaptor$WeavingClassFileProvider@78ba0a57
14:12:55.553 [main] DEBUG org.aspectj.weaver.bcel.BcelWorld - 14:12:55.553 main - o.a.w.b.BcelWorld.lookupJavaClass o.a.w.l.LTWWorld@2b4a2ec7 ru.gb.lesson6.BaseView, o.a.a.b.c.JavaClass@33ea437a
14:12:55.553 [main] DEBUG org.aspectj.weaver.bcel.BcelWeaver - 14:12:55.553 main > o.a.w.b.BcelWeaver.weaveAndNotify o.a.w.b.BcelWeaver@48524010 o.a.w.b.UnwovenClassFile@360b6ea1, o.a.w.b.BcelObjectType@7aead157, o.a.w.t.WeavingAdaptor$WeavingClassFileProvider$1@52aa84ef
14:12:55.553 [main] DEBUG org.aspectj.weaver.bcel.BcelWeaver - 14:12:55.553 main < o.a.w.b.BcelWeaver.weaveAndNotify
14:12:55.553 [main] DEBUG org.aspectj.weaver.bcel.BcelWeaver - 14:12:55.553 main < o.a.w.b.BcelWeaver.weave java.util.ArrayList(1)
14:12:55.554 [main] DEBUG o.a.weaver.tools.WeavingAdaptor - 14:12:55.553 main < o.a.w.t.WeavingAdaptor.weaveClass byte[1408]
14:12:55.554 [main] DEBUG org.aspectj.weaver.Dump - 14:12:55.554 main > o.a.w.Dump.dumpOnExit o.a.w.t.WeavingAdaptor$WeavingAdaptorMessageHolder@6a6afff2
14:12:55.554 [main] DEBUG org.aspectj.weaver.Dump - 14:12:55.554 main > o.a.w.Dump.shouldDumpOnExit o.a.w.t.WeavingAdaptor$WeavingAdaptorMessageHolder@6a6afff2
14:12:55.554 [main] DEBUG org.aspectj.weaver.Dump - 14:12:55.554 main - o.a.w.Dump.shouldDumpOnExit abort
14:12:55.554 [main] DEBUG org.aspectj.weaver.Dump - 14:12:55.554 main < o.a.w.Dump.shouldDumpOnExit false
14:12:55.554 [main] DEBUG org.aspectj.weaver.Dump - 14:12:55.554 main < o.a.w.Dump.dumpOnExit Excluded
14:12:55.554 [main] DEBUG org.aspectj.weaver.loadtime.Aj - 14:12:55.554 main < o.a.w.l.Aj.preProcess byte[1408]
14:12:55.557 [main] DEBUG org.aspectj.weaver.loadtime.Aj - 14:12:55.557 main > o.a.w.l.Aj.preProcess o.a.w.l.Aj@b9afc07 ru/gb/lesson6/BaseView, byte[984], j.i.l.ClassLoaders$AppClassLoader@3cd1a2f1
14:12:55.557 [main] DEBUG org.aspectj.weaver.loadtime.Aj - 14:12:55.557 main - o.a.w.l.Aj.preProcess o.a.w.l.Aj@b9afc07 j.i.l.ClassLoaders$PlatformClassLoader@1ad282e0, j.i.l.ClassLoaders$AppClassLoader@3cd1a2f1
14:12:55.557 [main] DEBUG o.a.weaver.tools.WeavingAdaptor - 14:12:55.557 main > o.a.w.t.WeavingAdaptor.weaveClass o.a.w.l.ClassLoaderWeavingAdaptor@140e5a13 ru/gb/lesson6/BaseView, byte[984]
14:12:55.557 [main] DEBUG org.aspectj.weaver.bcel.BcelWeaver - 14:12:55.557 main > o.a.w.b.BcelWeaver.weave o.a.w.b.BcelWeaver@48524010 o.a.w.t.WeavingAdaptor$WeavingClassFileProvider@72e5f018
14:12:55.557 [main] DEBUG org.aspectj.weaver.bcel.BcelWeaver - 14:12:55.557 main > o.a.w.b.BcelWeaver.weaveAndNotify o.a.w.b.BcelWeaver@48524010 o.a.w.b.UnwovenClassFile@74ee8f57, o.a.w.b.BcelObjectType@10522dfd, o.a.w.t.WeavingAdaptor$WeavingClassFileProvider$1@17d6b6e
14:12:55.557 [main] DEBUG org.aspectj.weaver.bcel.BcelWeaver - 14:12:55.557 main < o.a.w.b.BcelWeaver.weaveAndNotify
14:12:55.557 [main] DEBUG org.aspectj.weaver.bcel.BcelWeaver - 14:12:55.557 main < o.a.w.b.BcelWeaver.weave java.util.ArrayList(1)
14:12:55.557 [main] DEBUG o.a.weaver.tools.WeavingAdaptor - 14:12:55.557 main < o.a.w.t.WeavingAdaptor.weaveClass byte[984]
14:12:55.557 [main] DEBUG org.aspectj.weaver.Dump - 14:12:55.557 main > o.a.w.Dump.dumpOnExit o.a.w.t.WeavingAdaptor$WeavingAdaptorMessageHolder@6a6afff2
14:12:55.557 [main] DEBUG org.aspectj.weaver.Dump - 14:12:55.557 main > o.a.w.Dump.shouldDumpOnExit o.a.w.t.WeavingAdaptor$WeavingAdaptorMessageHolder@6a6afff2
14:12:55.557 [main] DEBUG org.aspectj.weaver.Dump - 14:12:55.557 main - o.a.w.Dump.shouldDumpOnExit abort
14:12:55.557 [main] DEBUG org.aspectj.weaver.Dump - 14:12:55.557 main < o.a.w.Dump.shouldDumpOnExit false
14:12:55.557 [main] DEBUG org.aspectj.weaver.Dump - 14:12:55.557 main < o.a.w.Dump.dumpOnExit Excluded
14:12:55.557 [main] DEBUG org.aspectj.weaver.loadtime.Aj - 14:12:55.557 main < o.a.w.l.Aj.preProcess byte[984]
14:12:55.653 [main] DEBUG i.g.b.wdm.cache.ResolutionCache - Resolution chrome=105 in cache (valid until 15:11:04 24/09/2022 MSK)
14:12:55.655 [main] DEBUG i.g.b.wdm.cache.ResolutionCache - Resolution chrome105=105.0.5195.52 in cache (valid until 15:57:09 24/09/2022 MSK)
14:12:55.655 [main] INFO  i.g.bonigarcia.wdm.WebDriverManager - Using chromedriver 105.0.5195.52 (resolved driver for Chrome 105)
14:12:55.682 [main] TRACE i.g.b.wdm.cache.CacheHandler - Checking if chromedriver exists in cache
14:12:55.689 [main] TRACE i.g.b.wdm.cache.CacheHandler - Filter cache by chromedriver -- input list [C:\Users\admin\.cache\selenium\chromedriver\win32\105.0.5195.52\chromedriver.exe, C:\Users\admin\.cache\selenium\resolution.properties] -- output list [C:\Users\admin\.cache\selenium\chromedriver\win32\105.0.5195.52\chromedriver.exe] 
14:12:55.689 [main] TRACE i.g.b.wdm.cache.CacheHandler - Filter cache by 105.0.5195.52 -- input list [C:\Users\admin\.cache\selenium\chromedriver\win32\105.0.5195.52\chromedriver.exe] -- output list [C:\Users\admin\.cache\selenium\chromedriver\win32\105.0.5195.52\chromedriver.exe] 
14:12:55.689 [main] TRACE i.g.b.wdm.cache.CacheHandler - Filter cache by WIN -- input list [C:\Users\admin\.cache\selenium\chromedriver\win32\105.0.5195.52\chromedriver.exe] -- output list [C:\Users\admin\.cache\selenium\chromedriver\win32\105.0.5195.52\chromedriver.exe] 
14:12:55.690 [main] DEBUG i.g.bonigarcia.wdm.WebDriverManager - Driver chromedriver 105.0.5195.52 found in cache
14:12:55.692 [main] INFO  i.g.bonigarcia.wdm.WebDriverManager - Exporting webdriver.chrome.driver as C:\Users\admin\.cache\selenium\chromedriver\win32\105.0.5195.52\chromedriver.exe
14:12:56.173 [AsyncHttpClient-1-8] TRACE i.n.handler.logging.LoggingHandler - [id: 0xa6657862] REGISTERED
14:12:56.173 [AsyncHttpClient-1-8] TRACE i.n.handler.logging.LoggingHandler - [id: 0xa6657862] CONNECT: localhost/127.0.0.1:53550
14:12:56.174 [AsyncHttpClient-1-8] DEBUG o.a.n.channel.NettyConnectListener - Using new Channel '[id: 0xa6657862, L:/127.0.0.1:64395 - R:localhost/127.0.0.1:53550]' for 'POST' to '/session'
14:12:56.182 [AsyncHttpClient-1-8] TRACE i.n.handler.logging.LoggingHandler - [id: 0xa6657862, L:/127.0.0.1:64395 - R:localhost/127.0.0.1:53550] WRITE: 173B
         +-------------------------------------------------+
         |  0  1  2  3  4  5  6  7  8  9  a  b  c  d  e  f |
+--------+-------------------------------------------------+----------------+
|00000000| 50 4f 53 54 20 2f 73 65 73 73 69 6f 6e 20 48 54 |POST /session HT|
|00000010| 54 50 2f 31 2e 31 0d 0a 55 73 65 72 2d 41 67 65 |TP/1.1..User-Age|
|00000020| 6e 74 3a 20 73 65 6c 65 6e 69 75 6d 2f 34 2e 34 |nt: selenium/4.4|
|00000030| 2e 30 20 28 6a 61 76 61 20 77 69 6e 64 6f 77 73 |.0 (java windows|
|00000040| 29 0d 0a 43 6f 6e 74 65 6e 74 2d 4c 65 6e 67 74 |)..Content-Lengt|
|00000050| 68 3a 20 33 36 35 0d 0a 43 6f 6e 74 65 6e 74 2d |h: 365..Content-|
|00000060| 54 79 70 65 3a 20 61 70 70 6c 69 63 61 74 69 6f |Type: applicatio|
|00000070| 6e 2f 6a 73 6f 6e 3b 20 63 68 61 72 73 65 74 3d |n/json; charset=|
|00000080| 75 74 66 2d 38 0d 0a 68 6f 73 74 3a 20 6c 6f 63 |utf-8..host: loc|
|00000090| 61 6c 68 6f 73 74 3a 35 33 35 35 30 0d 0a 61 63 |alhost:53550..ac|
|000000a0| 63 65 70 74 3a 20 2a 2f 2a 0d 0a 0d 0a          |cept: */*....   |
+--------+-------------------------------------------------+----------------+
14:12:56.221 [AsyncHttpClient-1-8] TRACE i.n.handler.logging.LoggingHandler - [id: 0xa6657862, L:/127.0.0.1:64395 - R:localhost/127.0.0.1:53550] WRITE: 365B
         +-------------------------------------------------+
         |  0  1  2  3  4  5  6  7  8  9  a  b  c  d  e  f |
+--------+-------------------------------------------------+----------------+
|00000000| 7b 0a 20 20 22 64 65 73 69 72 65 64 43 61 70 61 |{.  "desiredCapa|
|00000010| 62 69 6c 69 74 69 65 73 22 3a 20 7b 0a 20 20 20 |bilities": {.   |
|00000020| 20 22 62 72 6f 77 73 65 72 4e 61 6d 65 22 3a 20 | "browserName": |
|00000030| 22 63 68 72 6f 6d 65 22 2c 0a 20 20 20 20 22 67 |"chrome",.    "g|
|00000040| 6f 6f 67 3a 63 68 72 6f 6d 65 4f 70 74 69 6f 6e |oog:chromeOption|
|00000050| 73 22 3a 20 7b 0a 20 20 20 20 20 20 22 61 72 67 |s": {.      "arg|
|00000060| 73 22 3a 20 5b 0a 20 20 20 20 20 20 5d 2c 0a 20 |s": [.      ],. |
|00000070| 20 20 20 20 20 22 65 78 74 65 6e 73 69 6f 6e 73 |     "extensions|
|00000080| 22 3a 20 5b 0a 20 20 20 20 20 20 5d 0a 20 20 20 |": [.      ].   |
|00000090| 20 7d 0a 20 20 7d 2c 0a 20 20 22 63 61 70 61 62 | }.  },.  "capab|
|000000a0| 69 6c 69 74 69 65 73 22 3a 20 7b 0a 20 20 20 20 |ilities": {.    |
|000000b0| 22 66 69 72 73 74 4d 61 74 63 68 22 3a 20 5b 0a |"firstMatch": [.|
|000000c0| 20 20 20 20 20 20 7b 0a 20 20 20 20 20 20 20 20 |      {.        |
|000000d0| 22 62 72 6f 77 73 65 72 4e 61 6d 65 22 3a 20 22 |"browserName": "|
|000000e0| 63 68 72 6f 6d 65 22 2c 0a 20 20 20 20 20 20 20 |chrome",.       |
|000000f0| 20 22 67 6f 6f 67 3a 63 68 72 6f 6d 65 4f 70 74 | "goog:chromeOpt|
|00000100| 69 6f 6e 73 22 3a 20 7b 0a 20 20 20 20 20 20 20 |ions": {.       |
|00000110| 20 20 20 22 61 72 67 73 22 3a 20 5b 0a 20 20 20 |   "args": [.   |
|00000120| 20 20 20 20 20 20 20 5d 2c 0a 20 20 20 20 20 20 |       ],.      |
|00000130| 20 20 20 20 22 65 78 74 65 6e 73 69 6f 6e 73 22 |    "extensions"|
|00000140| 3a 20 5b 0a 20 20 20 20 20 20 20 20 20 20 5d 0a |: [.          ].|
|00000150| 20 20 20 20 20 20 20 20 7d 0a 20 20 20 20 20 20 |        }.      |
|00000160| 7d 0a 20 20 20 20 5d 0a 20 20 7d 0a 7d          |}.    ].  }.}   |
+--------+-------------------------------------------------+----------------+
14:12:56.221 [AsyncHttpClient-1-8] TRACE i.n.handler.logging.LoggingHandler - [id: 0xa6657862, L:/127.0.0.1:64395 - R:localhost/127.0.0.1:53550] FLUSH
14:12:56.221 [AsyncHttpClient-1-8] TRACE i.n.handler.logging.LoggingHandler - [id: 0xa6657862, L:/127.0.0.1:64395 - R:localhost/127.0.0.1:53550] WRITE: 0B
14:12:56.221 [AsyncHttpClient-1-8] TRACE i.n.handler.logging.LoggingHandler - [id: 0xa6657862, L:/127.0.0.1:64395 - R:localhost/127.0.0.1:53550] FLUSH
14:12:56.221 [AsyncHttpClient-1-8] TRACE i.n.handler.logging.LoggingHandler - [id: 0xa6657862, L:/127.0.0.1:64395 - R:localhost/127.0.0.1:53550] ACTIVE
14:12:58.289 [AsyncHttpClient-1-8] TRACE i.n.handler.logging.LoggingHandler - [id: 0xa6657862, L:/127.0.0.1:64395 - R:localhost/127.0.0.1:53550] READ: 899B
         +-------------------------------------------------+
         |  0  1  2  3  4  5  6  7  8  9  a  b  c  d  e  f |
+--------+-------------------------------------------------+----------------+
|00000000| 48 54 54 50 2f 31 2e 31 20 32 30 30 20 4f 4b 0d |HTTP/1.1 200 OK.|
|00000010| 0a 43 6f 6e 74 65 6e 74 2d 4c 65 6e 67 74 68 3a |.Content-Length:|
|00000020| 37 39 30 0d 0a 43 6f 6e 74 65 6e 74 2d 54 79 70 |790..Content-Typ|
|00000030| 65 3a 61 70 70 6c 69 63 61 74 69 6f 6e 2f 6a 73 |e:application/js|
|00000040| 6f 6e 3b 20 63 68 61 72 73 65 74 3d 75 74 66 2d |on; charset=utf-|
|00000050| 38 0d 0a 63 61 63 68 65 2d 63 6f 6e 74 72 6f 6c |8..cache-control|
|00000060| 3a 6e 6f 2d 63 61 63 68 65 0d 0a 0d 0a 7b 22 76 |:no-cache....{"v|
|00000070| 61 6c 75 65 22 3a 7b 22 63 61 70 61 62 69 6c 69 |alue":{"capabili|
|00000080| 74 69 65 73 22 3a 7b 22 61 63 63 65 70 74 49 6e |ties":{"acceptIn|
|00000090| 73 65 63 75 72 65 43 65 72 74 73 22 3a 66 61 6c |secureCerts":fal|
|000000a0| 73 65 2c 22 62 72 6f 77 73 65 72 4e 61 6d 65 22 |se,"browserName"|
|000000b0| 3a 22 63 68 72 6f 6d 65 22 2c 22 62 72 6f 77 73 |:"chrome","brows|
|000000c0| 65 72 56 65 72 73 69 6f 6e 22 3a 22 31 30 35 2e |erVersion":"105.|
|000000d0| 30 2e 35 31 39 35 2e 31 32 37 22 2c 22 63 68 72 |0.5195.127","chr|
|000000e0| 6f 6d 65 22 3a 7b 22 63 68 72 6f 6d 65 64 72 69 |ome":{"chromedri|
|000000f0| 76 65 72 56 65 72 73 69 6f 6e 22 3a 22 31 30 35 |verVersion":"105|
|00000100| 2e 30 2e 35 31 39 35 2e 35 32 20 28 34 31 32 63 |.0.5195.52 (412c|
|00000110| 39 35 65 35 31 38 38 33 36 64 38 61 37 64 39 37 |95e518836d8a7d97|
|00000120| 32 35 30 64 36 32 62 32 39 63 32 61 65 36 61 32 |250d62b29c2ae6a2|
|00000130| 36 61 38 35 2d 72 65 66 73 2f 62 72 61 6e 63 68 |6a85-refs/branch|
|00000140| 2d 68 65 61 64 73 2f 35 31 39 35 40 7b 23 38 35 |-heads/5195@{#85|
|00000150| 33 7d 29 22 2c 22 75 73 65 72 44 61 74 61 44 69 |3})","userDataDi|
|00000160| 72 22 3a 22 43 3a 5c 5c 55 73 65 72 73 5c 5c 61 |r":"C:\\Users\\a|
|00000170| 64 6d 69 6e 5c 5c 41 70 70 44 61 74 61 5c 5c 4c |dmin\\AppData\\L|
|00000180| 6f 63 61 6c 5c 5c 54 65 6d 70 5c 5c 73 63 6f 70 |ocal\\Temp\\scop|
|00000190| 65 64 5f 64 69 72 38 37 38 38 5f 31 35 37 31 30 |ed_dir8788_15710|
|000001a0| 38 32 34 35 32 22 7d 2c 22 67 6f 6f 67 3a 63 68 |82452"},"goog:ch|
|000001b0| 72 6f 6d 65 4f 70 74 69 6f 6e 73 22 3a 7b 22 64 |romeOptions":{"d|
|000001c0| 65 62 75 67 67 65 72 41 64 64 72 65 73 73 22 3a |ebuggerAddress":|
|000001d0| 22 6c 6f 63 61 6c 68 6f 73 74 3a 36 34 33 39 36 |"localhost:64396|
|000001e0| 22 7d 2c 22 6e 65 74 77 6f 72 6b 43 6f 6e 6e 65 |"},"networkConne|
|000001f0| 63 74 69 6f 6e 45 6e 61 62 6c 65 64 22 3a 66 61 |ctionEnabled":fa|
|00000200| 6c 73 65 2c 22 70 61 67 65 4c 6f 61 64 53 74 72 |lse,"pageLoadStr|
|00000210| 61 74 65 67 79 22 3a 22 6e 6f 72 6d 61 6c 22 2c |ategy":"normal",|
|00000220| 22 70 6c 61 74 66 6f 72 6d 4e 61 6d 65 22 3a 22 |"platformName":"|
|00000230| 77 69 6e 64 6f 77 73 22 2c 22 70 72 6f 78 79 22 |windows","proxy"|
|00000240| 3a 7b 7d 2c 22 73 65 74 57 69 6e 64 6f 77 52 65 |:{},"setWindowRe|
|00000250| 63 74 22 3a 74 72 75 65 2c 22 73 74 72 69 63 74 |ct":true,"strict|
|00000260| 46 69 6c 65 49 6e 74 65 72 61 63 74 61 62 69 6c |FileInteractabil|
|00000270| 69 74 79 22 3a 66 61 6c 73 65 2c 22 74 69 6d 65 |ity":false,"time|
|00000280| 6f 75 74 73 22 3a 7b 22 69 6d 70 6c 69 63 69 74 |outs":{"implicit|
|00000290| 22 3a 30 2c 22 70 61 67 65 4c 6f 61 64 22 3a 33 |":0,"pageLoad":3|
|000002a0| 30 30 30 30 30 2c 22 73 63 72 69 70 74 22 3a 33 |00000,"script":3|
|000002b0| 30 30 30 30 7d 2c 22 75 6e 68 61 6e 64 6c 65 64 |0000},"unhandled|
|000002c0| 50 72 6f 6d 70 74 42 65 68 61 76 69 6f 72 22 3a |PromptBehavior":|
|000002d0| 22 64 69 73 6d 69 73 73 20 61 6e 64 20 6e 6f 74 |"dismiss and not|
|000002e0| 69 66 79 22 2c 22 77 65 62 61 75 74 68 6e 3a 65 |ify","webauthn:e|
|000002f0| 78 74 65 6e 73 69 6f 6e 3a 63 72 65 64 42 6c 6f |xtension:credBlo|
|00000300| 62 22 3a 74 72 75 65 2c 22 77 65 62 61 75 74 68 |b":true,"webauth|
|00000310| 6e 3a 65 78 74 65 6e 73 69 6f 6e 3a 6c 61 72 67 |n:extension:larg|
|00000320| 65 42 6c 6f 62 22 3a 74 72 75 65 2c 22 77 65 62 |eBlob":true,"web|
|00000330| 61 75 74 68 6e 3a 76 69 72 74 75 61 6c 41 75 74 |authn:virtualAut|
|00000340| 68 65 6e 74 69 63 61 74 6f 72 73 22 3a 74 72 75 |henticators":tru|
|00000350| 65 7d 2c 22 73 65 73 73 69 6f 6e 49 64 22 3a 22 |e},"sessionId":"|
|00000360| 37 66 37 32 33 37 66 36 62 37 62 34 31 36 62 35 |7f7237f6b7b416b5|
|00000370| 35 33 35 30 63 35 36 39 31 32 37 35 64 65 62 32 |5350c5691275deb2|
|00000380| 22 7d 7d                                        |"}}             |
+--------+-------------------------------------------------+----------------+
14:12:58.289 [AsyncHttpClient-1-8] DEBUG o.a.netty.handler.HttpHandler - 

Request DefaultHttpRequest(decodeResult: success, version: HTTP/1.1)
POST /session HTTP/1.1
User-Agent: selenium/4.4.0 (java windows)
Content-Length: 365
Content-Type: application/json; charset=utf-8
host: localhost:53550
accept: */*

Response DefaultHttpResponse(decodeResult: success, version: HTTP/1.1)
HTTP/1.1 200 OK
Content-Type: application/json; charset=utf-8
cache-control: no-cache
content-length: 790

14:12:58.290 [AsyncHttpClient-1-8] DEBUG o.a.netty.channel.ChannelManager - Adding key: http://localhost:53550 for channel [id: 0xa6657862, L:/127.0.0.1:64395 - R:localhost/127.0.0.1:53550]
14:12:58.290 [AsyncHttpClient-1-8] TRACE i.n.handler.logging.LoggingHandler - [id: 0xa6657862, L:/127.0.0.1:64395 - R:localhost/127.0.0.1:53550] READ COMPLETE
14:12:58.383 [AsyncHttpClient-1-9] TRACE i.n.handler.logging.LoggingHandler - [id: 0xc9c3afbf] REGISTERED
14:12:58.383 [AsyncHttpClient-1-9] TRACE i.n.handler.logging.LoggingHandler - [id: 0xc9c3afbf] CONNECT: localhost/127.0.0.1:64396
14:12:58.389 [AsyncHttpClient-1-9] DEBUG o.a.n.channel.NettyConnectListener - Using new Channel '[id: 0xc9c3afbf, L:/127.0.0.1:64402 - R:localhost/127.0.0.1:64396]' for 'GET' to '/json/version'
14:12:58.399 [AsyncHttpClient-1-9] TRACE i.n.handler.logging.LoggingHandler - [id: 0xc9c3afbf, L:/127.0.0.1:64402 - R:localhost/127.0.0.1:64396] WRITE: 109B
         +-------------------------------------------------+
         |  0  1  2  3  4  5  6  7  8  9  a  b  c  d  e  f |
+--------+-------------------------------------------------+----------------+
|00000000| 47 45 54 20 2f 6a 73 6f 6e 2f 76 65 72 73 69 6f |GET /json/versio|
|00000010| 6e 20 48 54 54 50 2f 31 2e 31 0d 0a 55 73 65 72 |n HTTP/1.1..User|
|00000020| 2d 41 67 65 6e 74 3a 20 73 65 6c 65 6e 69 75 6d |-Agent: selenium|
|00000030| 2f 34 2e 34 2e 30 20 28 6a 61 76 61 20 77 69 6e |/4.4.0 (java win|
|00000040| 64 6f 77 73 29 0d 0a 68 6f 73 74 3a 20 6c 6f 63 |dows)..host: loc|
|00000050| 61 6c 68 6f 73 74 3a 36 34 33 39 36 0d 0a 61 63 |alhost:64396..ac|
|00000060| 63 65 70 74 3a 20 2a 2f 2a 0d 0a 0d 0a          |cept: */*....   |
+--------+-------------------------------------------------+----------------+
14:12:58.399 [AsyncHttpClient-1-9] TRACE i.n.handler.logging.LoggingHandler - [id: 0xc9c3afbf, L:/127.0.0.1:64402 - R:localhost/127.0.0.1:64396] FLUSH
14:12:58.404 [AsyncHttpClient-1-9] TRACE i.n.handler.logging.LoggingHandler - [id: 0xc9c3afbf, L:/127.0.0.1:64402 - R:localhost/127.0.0.1:64396] ACTIVE
14:12:58.405 [AsyncHttpClient-1-9] TRACE i.n.handler.logging.LoggingHandler - [id: 0xc9c3afbf, L:/127.0.0.1:64402 - R:localhost/127.0.0.1:64396] READ: 508B
         +-------------------------------------------------+
         |  0  1  2  3  4  5  6  7  8  9  a  b  c  d  e  f |
+--------+-------------------------------------------------+----------------+
|00000000| 48 54 54 50 2f 31 2e 31 20 32 30 30 20 4f 4b 0d |HTTP/1.1 200 OK.|
|00000010| 0a 43 6f 6e 74 65 6e 74 2d 4c 65 6e 67 74 68 3a |.Content-Length:|
|00000020| 34 32 33 0d 0a 43 6f 6e 74 65 6e 74 2d 54 79 70 |423..Content-Typ|
|00000030| 65 3a 61 70 70 6c 69 63 61 74 69 6f 6e 2f 6a 73 |e:application/js|
|00000040| 6f 6e 3b 20 63 68 61 72 73 65 74 3d 55 54 46 2d |on; charset=UTF-|
|00000050| 38 0d 0a 0d 0a 7b 0d 0a 20 20 20 22 42 72 6f 77 |8....{..   "Brow|
|00000060| 73 65 72 22 3a 20 22 43 68 72 6f 6d 65 2f 31 30 |ser": "Chrome/10|
|00000070| 35 2e 30 2e 35 31 39 35 2e 31 32 37 22 2c 0d 0a |5.0.5195.127",..|
|00000080| 20 20 20 22 50 72 6f 74 6f 63 6f 6c 2d 56 65 72 |   "Protocol-Ver|
|00000090| 73 69 6f 6e 22 3a 20 22 31 2e 33 22 2c 0d 0a 20 |sion": "1.3",.. |
|000000a0| 20 20 22 55 73 65 72 2d 41 67 65 6e 74 22 3a 20 |  "User-Agent": |
|000000b0| 22 4d 6f 7a 69 6c 6c 61 2f 35 2e 30 20 28 57 69 |"Mozilla/5.0 (Wi|
|000000c0| 6e 64 6f 77 73 20 4e 54 20 31 30 2e 30 3b 20 57 |ndows NT 10.0; W|
|000000d0| 69 6e 36 34 3b 20 78 36 34 29 20 41 70 70 6c 65 |in64; x64) Apple|
|000000e0| 57 65 62 4b 69 74 2f 35 33 37 2e 33 36 20 28 4b |WebKit/537.36 (K|
|000000f0| 48 54 4d 4c 2c 20 6c 69 6b 65 20 47 65 63 6b 6f |HTML, like Gecko|
|00000100| 29 20 43 68 72 6f 6d 65 2f 31 30 35 2e 30 2e 30 |) Chrome/105.0.0|
|00000110| 2e 30 20 53 61 66 61 72 69 2f 35 33 37 2e 33 36 |.0 Safari/537.36|
|00000120| 22 2c 0d 0a 20 20 20 22 56 38 2d 56 65 72 73 69 |",..   "V8-Versi|
|00000130| 6f 6e 22 3a 20 22 31 30 2e 35 2e 32 31 38 2e 38 |on": "10.5.218.8|
|00000140| 22 2c 0d 0a 20 20 20 22 57 65 62 4b 69 74 2d 56 |",..   "WebKit-V|
|00000150| 65 72 73 69 6f 6e 22 3a 20 22 35 33 37 2e 33 36 |ersion": "537.36|
|00000160| 20 28 40 31 65 38 39 34 39 30 33 33 63 63 36 35 | (@1e8949033cc65|
|00000170| 30 63 38 34 39 36 62 33 62 30 61 66 37 63 64 35 |0c8496b3b0af7cd5|
|00000180| 34 33 37 32 66 37 66 66 36 32 62 29 22 2c 0d 0a |4372f7ff62b)",..|
|00000190| 20 20 20 22 77 65 62 53 6f 63 6b 65 74 44 65 62 |   "webSocketDeb|
|000001a0| 75 67 67 65 72 55 72 6c 22 3a 20 22 77 73 3a 2f |uggerUrl": "ws:/|
|000001b0| 2f 6c 6f 63 61 6c 68 6f 73 74 3a 36 34 33 39 36 |/localhost:64396|
|000001c0| 2f 64 65 76 74 6f 6f 6c 73 2f 62 72 6f 77 73 65 |/devtools/browse|
|000001d0| 72 2f 66 33 33 36 63 63 61 37 2d 35 33 32 63 2d |r/f336cca7-532c-|
|000001e0| 34 33 36 66 2d 38 30 31 33 2d 36 62 36 34 63 31 |436f-8013-6b64c1|
|000001f0| 39 35 63 35 63 30 22 0d 0a 7d 0d 0a             |95c5c0"..}..    |
+--------+-------------------------------------------------+----------------+
14:12:58.405 [AsyncHttpClient-1-9] DEBUG o.a.netty.handler.HttpHandler - 

Request DefaultFullHttpRequest(decodeResult: success, version: HTTP/1.1, content: EmptyByteBufBE)
GET /json/version HTTP/1.1
User-Agent: selenium/4.4.0 (java windows)
host: localhost:64396
accept: */*

Response DefaultHttpResponse(decodeResult: success, version: HTTP/1.1)
HTTP/1.1 200 OK
Content-Type: application/json; charset=UTF-8
content-length: 423

14:12:58.406 [AsyncHttpClient-1-9] DEBUG o.a.netty.channel.ChannelManager - Adding key: http://localhost:64396 for channel [id: 0xc9c3afbf, L:/127.0.0.1:64402 - R:localhost/127.0.0.1:64396]
14:12:58.410 [AsyncHttpClient-1-9] TRACE i.n.handler.logging.LoggingHandler - [id: 0xc9c3afbf, L:/127.0.0.1:64402 - R:localhost/127.0.0.1:64396] READ COMPLETE
14:12:58.412 [AsyncHttpClient-1-2] TRACE i.n.handler.logging.LoggingHandler - [id: 0x2e4ed919] REGISTERED
14:12:58.412 [AsyncHttpClient-1-2] TRACE i.n.handler.logging.LoggingHandler - [id: 0x2e4ed919] CONNECT: localhost/127.0.0.1:64396
14:12:58.413 [AsyncHttpClient-1-2] DEBUG o.a.n.channel.NettyConnectListener - Using new Channel '[id: 0x2e4ed919, L:/127.0.0.1:64403 - R:localhost/127.0.0.1:64396]' for 'GET' to '/devtools/browser/f336cca7-532c-436f-8013-6b64c195c5c0'
14:12:58.415 [AsyncHttpClient-1-2] TRACE i.n.handler.logging.LoggingHandler - [id: 0x2e4ed919, L:/127.0.0.1:64403 - R:localhost/127.0.0.1:64396] WRITE: 273B
         +-------------------------------------------------+
         |  0  1  2  3  4  5  6  7  8  9  a  b  c  d  e  f |
+--------+-------------------------------------------------+----------------+
|00000000| 47 45 54 20 2f 64 65 76 74 6f 6f 6c 73 2f 62 72 |GET /devtools/br|
|00000010| 6f 77 73 65 72 2f 66 33 33 36 63 63 61 37 2d 35 |owser/f336cca7-5|
|00000020| 33 32 63 2d 34 33 36 66 2d 38 30 31 33 2d 36 62 |32c-436f-8013-6b|
|00000030| 36 34 63 31 39 35 63 35 63 30 20 48 54 54 50 2f |64c195c5c0 HTTP/|
|00000040| 31 2e 31 0d 0a 75 70 67 72 61 64 65 3a 20 77 65 |1.1..upgrade: we|
|00000050| 62 73 6f 63 6b 65 74 0d 0a 63 6f 6e 6e 65 63 74 |bsocket..connect|
|00000060| 69 6f 6e 3a 20 75 70 67 72 61 64 65 0d 0a 73 65 |ion: upgrade..se|
|00000070| 63 2d 77 65 62 73 6f 63 6b 65 74 2d 6b 65 79 3a |c-websocket-key:|
|00000080| 20 66 37 66 4f 49 41 53 36 57 49 64 74 36 78 6d | f7fOIAS6WIdt6xm|
|00000090| 68 4d 78 48 57 7a 51 3d 3d 0d 0a 73 65 63 2d 77 |hMxHWzQ==..sec-w|
|000000a0| 65 62 73 6f 63 6b 65 74 2d 76 65 72 73 69 6f 6e |ebsocket-version|
|000000b0| 3a 20 31 33 0d 0a 6f 72 69 67 69 6e 3a 20 68 74 |: 13..origin: ht|
|000000c0| 74 70 3a 2f 2f 6c 6f 63 61 6c 68 6f 73 74 3a 36 |tp://localhost:6|
|000000d0| 34 33 39 36 0d 0a 68 6f 73 74 3a 20 6c 6f 63 61 |4396..host: loca|
|000000e0| 6c 68 6f 73 74 3a 36 34 33 39 36 0d 0a 61 63 63 |lhost:64396..acc|
|000000f0| 65 70 74 3a 20 2a 2f 2a 0d 0a 75 73 65 72 2d 61 |ept: */*..user-a|
|00000100| 67 65 6e 74 3a 20 41 48 43 2f 32 2e 31 0d 0a 0d |gent: AHC/2.1...|
|00000110| 0a                                              |.               |
+--------+-------------------------------------------------+----------------+
14:12:58.415 [AsyncHttpClient-1-2] TRACE i.n.handler.logging.LoggingHandler - [id: 0x2e4ed919, L:/127.0.0.1:64403 - R:localhost/127.0.0.1:64396] FLUSH
14:12:58.415 [AsyncHttpClient-1-2] TRACE i.n.handler.logging.LoggingHandler - [id: 0x2e4ed919, L:/127.0.0.1:64403 - R:localhost/127.0.0.1:64396] ACTIVE
14:12:58.416 [AsyncHttpClient-1-2] TRACE i.n.handler.logging.LoggingHandler - [id: 0x2e4ed919, L:/127.0.0.1:64403 - R:localhost/127.0.0.1:64396] READ: 138B
         +-------------------------------------------------+
         |  0  1  2  3  4  5  6  7  8  9  a  b  c  d  e  f |
+--------+-------------------------------------------------+----------------+
|00000000| 48 54 54 50 2f 31 2e 31 20 31 30 31 20 57 65 62 |HTTP/1.1 101 Web|
|00000010| 53 6f 63 6b 65 74 20 50 72 6f 74 6f 63 6f 6c 20 |Socket Protocol |
|00000020| 48 61 6e 64 73 68 61 6b 65 0d 0a 55 70 67 72 61 |Handshake..Upgra|
|00000030| 64 65 3a 20 57 65 62 53 6f 63 6b 65 74 0d 0a 43 |de: WebSocket..C|
|00000040| 6f 6e 6e 65 63 74 69 6f 6e 3a 20 55 70 67 72 61 |onnection: Upgra|
|00000050| 64 65 0d 0a 53 65 63 2d 57 65 62 53 6f 63 6b 65 |de..Sec-WebSocke|
|00000060| 74 2d 41 63 63 65 70 74 3a 20 4b 63 41 64 42 2f |t-Accept: KcAdB/|
|00000070| 62 49 6d 76 6a 6f 4b 4e 69 69 6f 55 4b 78 5a 33 |bImvjoKNiioUKxZ3|
|00000080| 2f 42 7a 69 4d 3d 0d 0a 0d 0a                   |/BziM=....      |
+--------+-------------------------------------------------+----------------+
14:12:58.416 [AsyncHttpClient-1-2] DEBUG o.a.netty.handler.WebSocketHandler - 

Request DefaultFullHttpRequest(decodeResult: success, version: HTTP/1.1, content: EmptyByteBufBE)
GET /devtools/browser/f336cca7-532c-436f-8013-6b64c195c5c0 HTTP/1.1
upgrade: websocket
connection: upgrade
sec-websocket-key: f7fOIAS6WIdt6xmhMxHWzQ==
sec-websocket-version: 13
origin: http://localhost:64396
host: localhost:64396
accept: */*
user-agent: AHC/2.1

Response DefaultHttpResponse(decodeResult: success, version: HTTP/1.1)
HTTP/1.1 101 WebSocket Protocol Handshake
Upgrade: WebSocket
Connection: Upgrade
Sec-WebSocket-Accept: KcAdB/bImvjoKNiioUKxZ3/BziM=

14:12:58.418 [AsyncHttpClient-1-2] TRACE i.n.handler.logging.LoggingHandler - [id: 0x2e4ed919, L:/127.0.0.1:64403 - R:localhost/127.0.0.1:64396] READ COMPLETE
14:12:58.439 [main] DEBUG org.aspectj.weaver.loadtime.Aj - 14:12:58.439 main > o.a.w.l.Aj.preProcess o.a.w.l.Aj@b9afc07 org/openqa/selenium/support/PageFactory, byte[4020], j.i.l.ClassLoaders$AppClassLoader@3cd1a2f1
14:12:58.439 [main] DEBUG org.aspectj.weaver.loadtime.Aj - 14:12:58.439 main - o.a.w.l.Aj.preProcess o.a.w.l.Aj@b9afc07 j.i.l.ClassLoaders$PlatformClassLoader@1ad282e0, j.i.l.ClassLoaders$AppClassLoader@3cd1a2f1
14:12:58.439 [main] DEBUG o.a.weaver.tools.WeavingAdaptor - 14:12:58.439 main > o.a.w.t.WeavingAdaptor.weaveClass o.a.w.l.ClassLoaderWeavingAdaptor@140e5a13 org/openqa/selenium/support/PageFactory, byte[4020]
14:12:58.439 [main] DEBUG org.aspectj.weaver.bcel.BcelWeaver - 14:12:58.439 main > o.a.w.b.BcelWeaver.weave o.a.w.b.BcelWeaver@48524010 o.a.w.t.WeavingAdaptor$WeavingClassFileProvider@1f6af096
14:12:58.439 [main] DEBUG org.aspectj.weaver.bcel.BcelWeaver - 14:12:58.439 main > o.a.w.b.BcelWeaver.weaveAndNotify o.a.w.b.BcelWeaver@48524010 o.a.w.b.UnwovenClassFile@54b3407b, o.a.w.b.BcelObjectType@2fc698a9, o.a.w.t.WeavingAdaptor$WeavingClassFileProvider$1@4823f3b8
14:12:58.440 [main] DEBUG org.aspectj.weaver.bcel.BcelWorld - 14:12:58.440 main - o.a.w.b.BcelWorld.lookupJavaClass o.a.w.l.LTWWorld@2b4a2ec7 org.openqa.selenium.SearchContext, o.a.a.b.c.JavaClass@95eb320
14:12:58.443 [main] DEBUG org.aspectj.weaver.bcel.BcelWorld - 14:12:58.443 main - o.a.w.b.BcelWorld.lookupJavaClass o.a.w.l.LTWWorld@2b4a2ec7 org.openqa.selenium.support.pagefactory.ElementLocatorFactory, o.a.a.b.c.JavaClass@20a3118
14:12:58.444 [main] DEBUG org.aspectj.weaver.bcel.BcelWorld - 14:12:58.444 main - o.a.w.b.BcelWorld.lookupJavaClass o.a.w.l.LTWWorld@2b4a2ec7 org.openqa.selenium.support.pagefactory.FieldDecorator, o.a.a.b.c.JavaClass@751636da
14:12:58.444 [main] DEBUG org.aspectj.weaver.bcel.BcelWeaver - 14:12:58.444 main < o.a.w.b.BcelWeaver.weaveAndNotify
14:12:58.444 [main] DEBUG org.aspectj.weaver.bcel.BcelWeaver - 14:12:58.444 main < o.a.w.b.BcelWeaver.weave java.util.ArrayList(1)
14:12:58.444 [main] DEBUG o.a.weaver.tools.WeavingAdaptor - 14:12:58.444 main < o.a.w.t.WeavingAdaptor.weaveClass byte[4020]
14:12:58.444 [main] DEBUG org.aspectj.weaver.Dump - 14:12:58.444 main > o.a.w.Dump.dumpOnExit o.a.w.t.WeavingAdaptor$WeavingAdaptorMessageHolder@6a6afff2
14:12:58.444 [main] DEBUG org.aspectj.weaver.Dump - 14:12:58.444 main > o.a.w.Dump.shouldDumpOnExit o.a.w.t.WeavingAdaptor$WeavingAdaptorMessageHolder@6a6afff2
14:12:58.444 [main] DEBUG org.aspectj.weaver.Dump - 14:12:58.444 main - o.a.w.Dump.shouldDumpOnExit abort
14:12:58.444 [main] DEBUG org.aspectj.weaver.Dump - 14:12:58.444 main < o.a.w.Dump.shouldDumpOnExit false
14:12:58.444 [main] DEBUG org.aspectj.weaver.Dump - 14:12:58.444 main < o.a.w.Dump.dumpOnExit Excluded
14:12:58.444 [main] DEBUG org.aspectj.weaver.loadtime.Aj - 14:12:58.444 main < o.a.w.l.Aj.preProcess byte[4020]
14:12:58.446 [main] DEBUG org.aspectj.weaver.loadtime.Aj - 14:12:58.446 main > o.a.w.l.Aj.preProcess o.a.w.l.Aj@b9afc07 org/openqa/selenium/support/pagefactory/FieldDecorator, byte[290], j.i.l.ClassLoaders$AppClassLoader@3cd1a2f1
14:12:58.446 [main] DEBUG org.aspectj.weaver.loadtime.Aj - 14:12:58.446 main - o.a.w.l.Aj.preProcess o.a.w.l.Aj@b9afc07 j.i.l.ClassLoaders$PlatformClassLoader@1ad282e0, j.i.l.ClassLoaders$AppClassLoader@3cd1a2f1
14:12:58.446 [main] DEBUG o.a.weaver.tools.WeavingAdaptor - 14:12:58.446 main > o.a.w.t.WeavingAdaptor.weaveClass o.a.w.l.ClassLoaderWeavingAdaptor@140e5a13 org/openqa/selenium/support/pagefactory/FieldDecorator, byte[290]
14:12:58.446 [main] DEBUG org.aspectj.weaver.bcel.BcelWeaver - 14:12:58.446 main > o.a.w.b.BcelWeaver.weave o.a.w.b.BcelWeaver@48524010 o.a.w.t.WeavingAdaptor$WeavingClassFileProvider@3e1f6318
14:12:58.447 [main] DEBUG org.aspectj.weaver.bcel.BcelWeaver - 14:12:58.446 main > o.a.w.b.BcelWeaver.weaveAndNotify o.a.w.b.BcelWeaver@48524010 o.a.w.b.UnwovenClassFile@23182d4d, o.a.w.b.BcelObjectType@22ca5fe1, o.a.w.t.WeavingAdaptor$WeavingClassFileProvider$1@45cd5c56
14:12:58.447 [main] DEBUG org.aspectj.weaver.bcel.BcelWeaver - 14:12:58.447 main < o.a.w.b.BcelWeaver.weaveAndNotify
14:12:58.447 [main] DEBUG org.aspectj.weaver.bcel.BcelWeaver - 14:12:58.447 main < o.a.w.b.BcelWeaver.weave java.util.ArrayList(1)
14:12:58.447 [main] DEBUG o.a.weaver.tools.WeavingAdaptor - 14:12:58.447 main < o.a.w.t.WeavingAdaptor.weaveClass byte[290]
14:12:58.447 [main] DEBUG org.aspectj.weaver.Dump - 14:12:58.447 main > o.a.w.Dump.dumpOnExit o.a.w.t.WeavingAdaptor$WeavingAdaptorMessageHolder@6a6afff2
14:12:58.447 [main] DEBUG org.aspectj.weaver.Dump - 14:12:58.447 main > o.a.w.Dump.shouldDumpOnExit o.a.w.t.WeavingAdaptor$WeavingAdaptorMessageHolder@6a6afff2
14:12:58.447 [main] DEBUG org.aspectj.weaver.Dump - 14:12:58.447 main - o.a.w.Dump.shouldDumpOnExit abort
14:12:58.447 [main] DEBUG org.aspectj.weaver.Dump - 14:12:58.447 main < o.a.w.Dump.shouldDumpOnExit false
14:12:58.447 [main] DEBUG org.aspectj.weaver.Dump - 14:12:58.447 main < o.a.w.Dump.dumpOnExit Excluded
14:12:58.447 [main] DEBUG org.aspectj.weaver.loadtime.Aj - 14:12:58.447 main < o.a.w.l.Aj.preProcess byte[290]
14:12:58.449 [main] DEBUG org.aspectj.weaver.loadtime.Aj - 14:12:58.449 main > o.a.w.l.Aj.preProcess o.a.w.l.Aj@b9afc07 org/openqa/selenium/support/pagefactory/ElementLocatorFactory, byte[311], j.i.l.ClassLoaders$AppClassLoader@3cd1a2f1
14:12:58.449 [main] DEBUG org.aspectj.weaver.loadtime.Aj - 14:12:58.449 main - o.a.w.l.Aj.preProcess o.a.w.l.Aj@b9afc07 j.i.l.ClassLoaders$PlatformClassLoader@1ad282e0, j.i.l.ClassLoaders$AppClassLoader@3cd1a2f1
14:12:58.449 [main] DEBUG o.a.weaver.tools.WeavingAdaptor - 14:12:58.449 main > o.a.w.t.WeavingAdaptor.weaveClass o.a.w.l.ClassLoaderWeavingAdaptor@140e5a13 org/openqa/selenium/support/pagefactory/ElementLocatorFactory, byte[311]
14:12:58.449 [main] DEBUG org.aspectj.weaver.bcel.BcelWeaver - 14:12:58.449 main > o.a.w.b.BcelWeaver.weave o.a.w.b.BcelWeaver@48524010 o.a.w.t.WeavingAdaptor$WeavingClassFileProvider@3d5a6849
14:12:58.449 [main] DEBUG org.aspectj.weaver.bcel.BcelWeaver - 14:12:58.449 main > o.a.w.b.BcelWeaver.weaveAndNotify o.a.w.b.BcelWeaver@48524010 o.a.w.b.UnwovenClassFile@4228a2f6, o.a.w.b.BcelObjectType@5e91b051, o.a.w.t.WeavingAdaptor$WeavingClassFileProvider$1@19c145d2
14:12:58.449 [main] DEBUG org.aspectj.weaver.bcel.BcelWeaver - 14:12:58.449 main < o.a.w.b.BcelWeaver.weaveAndNotify
14:12:58.449 [main] DEBUG org.aspectj.weaver.bcel.BcelWeaver - 14:12:58.449 main < o.a.w.b.BcelWeaver.weave java.util.ArrayList(1)
14:12:58.449 [main] DEBUG o.a.weaver.tools.WeavingAdaptor - 14:12:58.449 main < o.a.w.t.WeavingAdaptor.weaveClass byte[311]
14:12:58.449 [main] DEBUG org.aspectj.weaver.Dump - 14:12:58.449 main > o.a.w.Dump.dumpOnExit o.a.w.t.WeavingAdaptor$WeavingAdaptorMessageHolder@6a6afff2
14:12:58.449 [main] DEBUG org.aspectj.weaver.Dump - 14:12:58.449 main > o.a.w.Dump.shouldDumpOnExit o.a.w.t.WeavingAdaptor$WeavingAdaptorMessageHolder@6a6afff2
14:12:58.449 [main] DEBUG org.aspectj.weaver.Dump - 14:12:58.449 main - o.a.w.Dump.shouldDumpOnExit abort
14:12:58.449 [main] DEBUG org.aspectj.weaver.Dump - 14:12:58.449 main < o.a.w.Dump.shouldDumpOnExit false
14:12:58.449 [main] DEBUG org.aspectj.weaver.Dump - 14:12:58.449 main < o.a.w.Dump.dumpOnExit Excluded
14:12:58.449 [main] DEBUG org.aspectj.weaver.loadtime.Aj - 14:12:58.449 main < o.a.w.l.Aj.preProcess byte[311]
14:12:58.451 [main] DEBUG org.aspectj.weaver.loadtime.Aj - 14:12:58.451 main > o.a.w.l.Aj.preProcess o.a.w.l.Aj@b9afc07 org/openqa/selenium/support/pagefactory/DefaultElementLocatorFactory, byte[995], j.i.l.ClassLoaders$AppClassLoader@3cd1a2f1
14:12:58.451 [main] DEBUG org.aspectj.weaver.loadtime.Aj - 14:12:58.451 main - o.a.w.l.Aj.preProcess o.a.w.l.Aj@b9afc07 j.i.l.ClassLoaders$PlatformClassLoader@1ad282e0, j.i.l.ClassLoaders$AppClassLoader@3cd1a2f1
14:12:58.451 [main] DEBUG o.a.weaver.tools.WeavingAdaptor - 14:12:58.451 main > o.a.w.t.WeavingAdaptor.weaveClass o.a.w.l.ClassLoaderWeavingAdaptor@140e5a13 org/openqa/selenium/support/pagefactory/DefaultElementLocatorFactory, byte[995]
14:12:58.451 [main] DEBUG org.aspectj.weaver.bcel.BcelWeaver - 14:12:58.451 main > o.a.w.b.BcelWeaver.weave o.a.w.b.BcelWeaver@48524010 o.a.w.t.WeavingAdaptor$WeavingClassFileProvider@30b35687
14:12:58.451 [main] DEBUG org.aspectj.weaver.bcel.BcelWeaver - 14:12:58.451 main > o.a.w.b.BcelWeaver.weaveAndNotify o.a.w.b.BcelWeaver@48524010 o.a.w.b.UnwovenClassFile@7c3c6564, o.a.w.b.BcelObjectType@7655dc27, o.a.w.t.WeavingAdaptor$WeavingClassFileProvider$1@2e856aa4
14:12:58.453 [main] DEBUG org.aspectj.weaver.bcel.BcelWorld - 14:12:58.453 main - o.a.w.b.BcelWorld.lookupJavaClass o.a.w.l.LTWWorld@2b4a2ec7 java.lang.reflect.Field, o.a.a.b.c.JavaClass@a50b09c
14:12:58.455 [main] DEBUG org.aspectj.weaver.bcel.BcelWorld - 14:12:58.455 main - o.a.w.b.BcelWorld.lookupJavaClass o.a.w.l.LTWWorld@2b4a2ec7 org.openqa.selenium.support.pagefactory.ElementLocator, o.a.a.b.c.JavaClass@46199519
14:12:58.455 [main] DEBUG org.aspectj.weaver.bcel.BcelWeaver - 14:12:58.455 main < o.a.w.b.BcelWeaver.weaveAndNotify
14:12:58.455 [main] DEBUG org.aspectj.weaver.bcel.BcelWeaver - 14:12:58.455 main < o.a.w.b.BcelWeaver.weave java.util.ArrayList(1)
14:12:58.455 [main] DEBUG o.a.weaver.tools.WeavingAdaptor - 14:12:58.455 main < o.a.w.t.WeavingAdaptor.weaveClass byte[995]
14:12:58.455 [main] DEBUG org.aspectj.weaver.Dump - 14:12:58.455 main > o.a.w.Dump.dumpOnExit o.a.w.t.WeavingAdaptor$WeavingAdaptorMessageHolder@6a6afff2
14:12:58.455 [main] DEBUG org.aspectj.weaver.Dump - 14:12:58.455 main > o.a.w.Dump.shouldDumpOnExit o.a.w.t.WeavingAdaptor$WeavingAdaptorMessageHolder@6a6afff2
14:12:58.455 [main] DEBUG org.aspectj.weaver.Dump - 14:12:58.455 main - o.a.w.Dump.shouldDumpOnExit abort
14:12:58.455 [main] DEBUG org.aspectj.weaver.Dump - 14:12:58.455 main < o.a.w.Dump.shouldDumpOnExit false
14:12:58.455 [main] DEBUG org.aspectj.weaver.Dump - 14:12:58.455 main < o.a.w.Dump.dumpOnExit Excluded
14:12:58.455 [main] DEBUG org.aspectj.weaver.loadtime.Aj - 14:12:58.455 main < o.a.w.l.Aj.preProcess byte[995]
14:12:58.457 [main] DEBUG org.aspectj.weaver.loadtime.Aj - 14:12:58.457 main > o.a.w.l.Aj.preProcess o.a.w.l.Aj@b9afc07 org/openqa/selenium/support/pagefactory/ElementLocator, byte[327], j.i.l.ClassLoaders$AppClassLoader@3cd1a2f1
14:12:58.457 [main] DEBUG org.aspectj.weaver.loadtime.Aj - 14:12:58.457 main - o.a.w.l.Aj.preProcess o.a.w.l.Aj@b9afc07 j.i.l.ClassLoaders$PlatformClassLoader@1ad282e0, j.i.l.ClassLoaders$AppClassLoader@3cd1a2f1
14:12:58.457 [main] DEBUG o.a.weaver.tools.WeavingAdaptor - 14:12:58.457 main > o.a.w.t.WeavingAdaptor.weaveClass o.a.w.l.ClassLoaderWeavingAdaptor@140e5a13 org/openqa/selenium/support/pagefactory/ElementLocator, byte[327]
14:12:58.457 [main] DEBUG org.aspectj.weaver.bcel.BcelWeaver - 14:12:58.457 main > o.a.w.b.BcelWeaver.weave o.a.w.b.BcelWeaver@48524010 o.a.w.t.WeavingAdaptor$WeavingClassFileProvider@6f1b0ead
14:12:58.457 [main] DEBUG org.aspectj.weaver.bcel.BcelWeaver - 14:12:58.457 main > o.a.w.b.BcelWeaver.weaveAndNotify o.a.w.b.BcelWeaver@48524010 o.a.w.b.UnwovenClassFile@4487dce, o.a.w.b.BcelObjectType@3aafa1c1, o.a.w.t.WeavingAdaptor$WeavingClassFileProvider$1@192f807
14:12:58.457 [main] DEBUG org.aspectj.weaver.bcel.BcelWeaver - 14:12:58.457 main < o.a.w.b.BcelWeaver.weaveAndNotify
14:12:58.457 [main] DEBUG org.aspectj.weaver.bcel.BcelWeaver - 14:12:58.457 main < o.a.w.b.BcelWeaver.weave java.util.ArrayList(1)
14:12:58.457 [main] DEBUG o.a.weaver.tools.WeavingAdaptor - 14:12:58.457 main < o.a.w.t.WeavingAdaptor.weaveClass byte[327]
14:12:58.457 [main] DEBUG org.aspectj.weaver.Dump - 14:12:58.457 main > o.a.w.Dump.dumpOnExit o.a.w.t.WeavingAdaptor$WeavingAdaptorMessageHolder@6a6afff2
14:12:58.457 [main] DEBUG org.aspectj.weaver.Dump - 14:12:58.457 main > o.a.w.Dump.shouldDumpOnExit o.a.w.t.WeavingAdaptor$WeavingAdaptorMessageHolder@6a6afff2
14:12:58.457 [main] DEBUG org.aspectj.weaver.Dump - 14:12:58.457 main - o.a.w.Dump.shouldDumpOnExit abort
14:12:58.457 [main] DEBUG org.aspectj.weaver.Dump - 14:12:58.457 main < o.a.w.Dump.shouldDumpOnExit false
14:12:58.457 [main] DEBUG org.aspectj.weaver.Dump - 14:12:58.457 main < o.a.w.Dump.dumpOnExit Excluded
14:12:58.457 [main] DEBUG org.aspectj.weaver.loadtime.Aj - 14:12:58.457 main < o.a.w.l.Aj.preProcess byte[327]
14:12:58.460 [main] DEBUG org.aspectj.weaver.loadtime.Aj - 14:12:58.460 main > o.a.w.l.Aj.preProcess o.a.w.l.Aj@b9afc07 org/openqa/selenium/support/pagefactory/DefaultFieldDecorator, byte[3787], j.i.l.ClassLoaders$AppClassLoader@3cd1a2f1
14:12:58.460 [main] DEBUG org.aspectj.weaver.loadtime.Aj - 14:12:58.460 main - o.a.w.l.Aj.preProcess o.a.w.l.Aj@b9afc07 j.i.l.ClassLoaders$PlatformClassLoader@1ad282e0, j.i.l.ClassLoaders$AppClassLoader@3cd1a2f1
14:12:58.460 [main] DEBUG o.a.weaver.tools.WeavingAdaptor - 14:12:58.460 main > o.a.w.t.WeavingAdaptor.weaveClass o.a.w.l.ClassLoaderWeavingAdaptor@140e5a13 org/openqa/selenium/support/pagefactory/DefaultFieldDecorator, byte[3787]
14:12:58.460 [main] DEBUG org.aspectj.weaver.bcel.BcelWeaver - 14:12:58.460 main > o.a.w.b.BcelWeaver.weave o.a.w.b.BcelWeaver@48524010 o.a.w.t.WeavingAdaptor$WeavingClassFileProvider@2008dfa7
14:12:58.461 [main] DEBUG org.aspectj.weaver.bcel.BcelWeaver - 14:12:58.461 main > o.a.w.b.BcelWeaver.weaveAndNotify o.a.w.b.BcelWeaver@48524010 o.a.w.b.UnwovenClassFile@492d0748, o.a.w.b.BcelObjectType@6a4ba6f4, o.a.w.t.WeavingAdaptor$WeavingClassFileProvider$1@3e0eb917
14:12:58.462 [main] DEBUG org.aspectj.weaver.bcel.BcelWorld - 14:12:58.461 main - o.a.w.b.BcelWorld.lookupJavaClass o.a.w.l.LTWWorld@2b4a2ec7 java.lang.ClassLoader, o.a.a.b.c.JavaClass@6497b078
14:12:58.465 [main] DEBUG org.aspectj.weaver.bcel.BcelWorld - 14:12:58.464 main - o.a.w.b.BcelWorld.lookupJavaClass o.a.w.l.LTWWorld@2b4a2ec7 org.openqa.selenium.WebElement, o.a.a.b.c.JavaClass@6637a365
14:12:58.465 [main] DEBUG org.aspectj.weaver.bcel.BcelWeaver - 14:12:58.465 main < o.a.w.b.BcelWeaver.weaveAndNotify
14:12:58.465 [main] DEBUG org.aspectj.weaver.bcel.BcelWeaver - 14:12:58.465 main < o.a.w.b.BcelWeaver.weave java.util.ArrayList(1)
14:12:58.465 [main] DEBUG o.a.weaver.tools.WeavingAdaptor - 14:12:58.465 main < o.a.w.t.WeavingAdaptor.weaveClass byte[3787]
14:12:58.465 [main] DEBUG org.aspectj.weaver.Dump - 14:12:58.465 main > o.a.w.Dump.dumpOnExit o.a.w.t.WeavingAdaptor$WeavingAdaptorMessageHolder@6a6afff2
14:12:58.465 [main] DEBUG org.aspectj.weaver.Dump - 14:12:58.465 main > o.a.w.Dump.shouldDumpOnExit o.a.w.t.WeavingAdaptor$WeavingAdaptorMessageHolder@6a6afff2
14:12:58.465 [main] DEBUG org.aspectj.weaver.Dump - 14:12:58.465 main - o.a.w.Dump.shouldDumpOnExit abort
14:12:58.465 [main] DEBUG org.aspectj.weaver.Dump - 14:12:58.465 main < o.a.w.Dump.shouldDumpOnExit false
14:12:58.465 [main] DEBUG org.aspectj.weaver.Dump - 14:12:58.465 main < o.a.w.Dump.dumpOnExit Excluded
14:12:58.465 [main] DEBUG org.aspectj.weaver.loadtime.Aj - 14:12:58.465 main < o.a.w.l.Aj.preProcess byte[3787]
14:12:58.470 [main] DEBUG org.aspectj.weaver.loadtime.Aj - 14:12:58.470 main > o.a.w.l.Aj.preProcess o.a.w.l.Aj@b9afc07 ru/gb/lesson6/NavigationBlock, byte[1941], j.i.l.ClassLoaders$AppClassLoader@3cd1a2f1
14:12:58.471 [main] DEBUG org.aspectj.weaver.loadtime.Aj - 14:12:58.470 main - o.a.w.l.Aj.preProcess o.a.w.l.Aj@b9afc07 j.i.l.ClassLoaders$PlatformClassLoader@1ad282e0, j.i.l.ClassLoaders$AppClassLoader@3cd1a2f1
14:12:58.471 [main] DEBUG o.a.weaver.tools.WeavingAdaptor - 14:12:58.471 main > o.a.w.t.WeavingAdaptor.weaveClass o.a.w.l.ClassLoaderWeavingAdaptor@140e5a13 ru/gb/lesson6/NavigationBlock, byte[1941]
14:12:58.471 [main] DEBUG org.aspectj.weaver.bcel.BcelWeaver - 14:12:58.471 main > o.a.w.b.BcelWeaver.weave o.a.w.b.BcelWeaver@48524010 o.a.w.t.WeavingAdaptor$WeavingClassFileProvider@30a1b9b0
14:12:58.471 [main] DEBUG org.aspectj.weaver.bcel.BcelWeaver - 14:12:58.471 main > o.a.w.b.BcelWeaver.weaveAndNotify o.a.w.b.BcelWeaver@48524010 o.a.w.b.UnwovenClassFile@16908f89, o.a.w.b.BcelObjectType@5ca8157c, o.a.w.t.WeavingAdaptor$WeavingClassFileProvider$1@33cee31a
14:12:58.479 [main] DEBUG org.aspectj.weaver.bcel.BcelWorld - 14:12:58.479 main - o.a.w.b.BcelWorld.lookupJavaClass o.a.w.l.LTWWorld@2b4a2ec7 ru.gb.lesson6.PantsPage, o.a.a.b.c.JavaClass@1c619a77
14:12:58.479 [main] DEBUG org.aspectj.weaver.bcel.BcelWeaver - 14:12:58.479 main < o.a.w.b.BcelWeaver.weaveAndNotify
14:12:58.479 [main] DEBUG org.aspectj.weaver.bcel.BcelWeaver - 14:12:58.479 main < o.a.w.b.BcelWeaver.weave java.util.ArrayList(1)
14:12:58.479 [main] DEBUG o.a.weaver.tools.WeavingAdaptor - 14:12:58.479 main < o.a.w.t.WeavingAdaptor.weaveClass byte[1941]
14:12:58.480 [main] DEBUG org.aspectj.weaver.Dump - 14:12:58.479 main > o.a.w.Dump.dumpOnExit o.a.w.t.WeavingAdaptor$WeavingAdaptorMessageHolder@6a6afff2
14:12:58.480 [main] DEBUG org.aspectj.weaver.Dump - 14:12:58.480 main > o.a.w.Dump.shouldDumpOnExit o.a.w.t.WeavingAdaptor$WeavingAdaptorMessageHolder@6a6afff2
14:12:58.480 [main] DEBUG org.aspectj.weaver.Dump - 14:12:58.480 main - o.a.w.Dump.shouldDumpOnExit abort
14:12:58.480 [main] DEBUG org.aspectj.weaver.Dump - 14:12:58.480 main < o.a.w.Dump.shouldDumpOnExit false
14:12:58.480 [main] DEBUG org.aspectj.weaver.Dump - 14:12:58.480 main < o.a.w.Dump.dumpOnExit Excluded
14:12:58.480 [main] DEBUG org.aspectj.weaver.loadtime.Aj - 14:12:58.480 main < o.a.w.l.Aj.preProcess byte[1941]
14:12:58.482 [main] DEBUG org.aspectj.weaver.loadtime.Aj - 14:12:58.482 main > o.a.w.l.Aj.preProcess o.a.w.l.Aj@b9afc07 org/openqa/selenium/support/pagefactory/DefaultElementLocator, byte[2744], j.i.l.ClassLoaders$AppClassLoader@3cd1a2f1
14:12:58.482 [main] DEBUG org.aspectj.weaver.loadtime.Aj - 14:12:58.482 main - o.a.w.l.Aj.preProcess o.a.w.l.Aj@b9afc07 j.i.l.ClassLoaders$PlatformClassLoader@1ad282e0, j.i.l.ClassLoaders$AppClassLoader@3cd1a2f1
14:12:58.482 [main] DEBUG o.a.weaver.tools.WeavingAdaptor - 14:12:58.482 main > o.a.w.t.WeavingAdaptor.weaveClass o.a.w.l.ClassLoaderWeavingAdaptor@140e5a13 org/openqa/selenium/support/pagefactory/DefaultElementLocator, byte[2744]
14:12:58.482 [main] DEBUG org.aspectj.weaver.bcel.BcelWeaver - 14:12:58.482 main > o.a.w.b.BcelWeaver.weave o.a.w.b.BcelWeaver@48524010 o.a.w.t.WeavingAdaptor$WeavingClassFileProvider@27a57c66
14:12:58.482 [main] DEBUG org.aspectj.weaver.bcel.BcelWeaver - 14:12:58.482 main > o.a.w.b.BcelWeaver.weaveAndNotify o.a.w.b.BcelWeaver@48524010 o.a.w.b.UnwovenClassFile@5453020f, o.a.w.b.BcelObjectType@744d0cfb, o.a.w.t.WeavingAdaptor$WeavingClassFileProvider$1@7c943143
14:12:58.482 [main] DEBUG org.aspectj.weaver.bcel.BcelWeaver - 14:12:58.482 main < o.a.w.b.BcelWeaver.weaveAndNotify
14:12:58.482 [main] DEBUG org.aspectj.weaver.bcel.BcelWeaver - 14:12:58.482 main < o.a.w.b.BcelWeaver.weave java.util.ArrayList(1)
14:12:58.482 [main] DEBUG o.a.weaver.tools.WeavingAdaptor - 14:12:58.482 main < o.a.w.t.WeavingAdaptor.weaveClass byte[2744]
14:12:58.482 [main] DEBUG org.aspectj.weaver.Dump - 14:12:58.482 main > o.a.w.Dump.dumpOnExit o.a.w.t.WeavingAdaptor$WeavingAdaptorMessageHolder@6a6afff2
14:12:58.483 [main] DEBUG org.aspectj.weaver.Dump - 14:12:58.482 main > o.a.w.Dump.shouldDumpOnExit o.a.w.t.WeavingAdaptor$WeavingAdaptorMessageHolder@6a6afff2
14:12:58.483 [main] DEBUG org.aspectj.weaver.Dump - 14:12:58.483 main - o.a.w.Dump.shouldDumpOnExit abort
14:12:58.483 [main] DEBUG org.aspectj.weaver.Dump - 14:12:58.483 main < o.a.w.Dump.shouldDumpOnExit false
14:12:58.483 [main] DEBUG org.aspectj.weaver.Dump - 14:12:58.483 main < o.a.w.Dump.dumpOnExit Excluded
14:12:58.483 [main] DEBUG org.aspectj.weaver.loadtime.Aj - 14:12:58.483 main < o.a.w.l.Aj.preProcess byte[2744]
14:12:58.485 [main] DEBUG org.aspectj.weaver.loadtime.Aj - 14:12:58.485 main > o.a.w.l.Aj.preProcess o.a.w.l.Aj@b9afc07 org/openqa/selenium/support/pagefactory/AbstractAnnotations, byte[440], j.i.l.ClassLoaders$AppClassLoader@3cd1a2f1
14:12:58.485 [main] DEBUG org.aspectj.weaver.loadtime.Aj - 14:12:58.485 main - o.a.w.l.Aj.preProcess o.a.w.l.Aj@b9afc07 j.i.l.ClassLoaders$PlatformClassLoader@1ad282e0, j.i.l.ClassLoaders$AppClassLoader@3cd1a2f1
14:12:58.485 [main] DEBUG o.a.weaver.tools.WeavingAdaptor - 14:12:58.485 main > o.a.w.t.WeavingAdaptor.weaveClass o.a.w.l.ClassLoaderWeavingAdaptor@140e5a13 org/openqa/selenium/support/pagefactory/AbstractAnnotations, byte[440]
14:12:58.485 [main] DEBUG org.aspectj.weaver.bcel.BcelWeaver - 14:12:58.485 main > o.a.w.b.BcelWeaver.weave o.a.w.b.BcelWeaver@48524010 o.a.w.t.WeavingAdaptor$WeavingClassFileProvider@c3972d0
14:12:58.485 [main] DEBUG org.aspectj.weaver.bcel.BcelWeaver - 14:12:58.485 main > o.a.w.b.BcelWeaver.weaveAndNotify o.a.w.b.BcelWeaver@48524010 o.a.w.b.UnwovenClassFile@1264dbc9, o.a.w.b.BcelObjectType@77f2807f, o.a.w.t.WeavingAdaptor$WeavingClassFileProvider$1@47b6f580
14:12:58.486 [main] DEBUG org.aspectj.weaver.bcel.BcelWeaver - 14:12:58.486 main < o.a.w.b.BcelWeaver.weaveAndNotify
14:12:58.486 [main] DEBUG org.aspectj.weaver.bcel.BcelWeaver - 14:12:58.486 main < o.a.w.b.BcelWeaver.weave java.util.ArrayList(1)
14:12:58.486 [main] DEBUG o.a.weaver.tools.WeavingAdaptor - 14:12:58.486 main < o.a.w.t.WeavingAdaptor.weaveClass byte[440]
14:12:58.486 [main] DEBUG org.aspectj.weaver.Dump - 14:12:58.486 main > o.a.w.Dump.dumpOnExit o.a.w.t.WeavingAdaptor$WeavingAdaptorMessageHolder@6a6afff2
14:12:58.486 [main] DEBUG org.aspectj.weaver.Dump - 14:12:58.486 main > o.a.w.Dump.shouldDumpOnExit o.a.w.t.WeavingAdaptor$WeavingAdaptorMessageHolder@6a6afff2
14:12:58.486 [main] DEBUG org.aspectj.weaver.Dump - 14:12:58.486 main - o.a.w.Dump.shouldDumpOnExit abort
14:12:58.486 [main] DEBUG org.aspectj.weaver.Dump - 14:12:58.486 main < o.a.w.Dump.shouldDumpOnExit false
14:12:58.486 [main] DEBUG org.aspectj.weaver.Dump - 14:12:58.486 main < o.a.w.Dump.dumpOnExit Excluded
14:12:58.486 [main] DEBUG org.aspectj.weaver.loadtime.Aj - 14:12:58.486 main < o.a.w.l.Aj.preProcess byte[440]
14:12:58.487 [main] DEBUG org.aspectj.weaver.loadtime.Aj - 14:12:58.487 main > o.a.w.l.Aj.preProcess o.a.w.l.Aj@b9afc07 org/openqa/selenium/support/pagefactory/Annotations, byte[3286], j.i.l.ClassLoaders$AppClassLoader@3cd1a2f1
14:12:58.487 [main] DEBUG org.aspectj.weaver.loadtime.Aj - 14:12:58.487 main - o.a.w.l.Aj.preProcess o.a.w.l.Aj@b9afc07 j.i.l.ClassLoaders$PlatformClassLoader@1ad282e0, j.i.l.ClassLoaders$AppClassLoader@3cd1a2f1
14:12:58.488 [main] DEBUG o.a.weaver.tools.WeavingAdaptor - 14:12:58.488 main > o.a.w.t.WeavingAdaptor.weaveClass o.a.w.l.ClassLoaderWeavingAdaptor@140e5a13 org/openqa/selenium/support/pagefactory/Annotations, byte[3286]
14:12:58.488 [main] DEBUG org.aspectj.weaver.bcel.BcelWeaver - 14:12:58.488 main > o.a.w.b.BcelWeaver.weave o.a.w.b.BcelWeaver@48524010 o.a.w.t.WeavingAdaptor$WeavingClassFileProvider@52813ba4
14:12:58.488 [main] DEBUG org.aspectj.weaver.bcel.BcelWeaver - 14:12:58.488 main > o.a.w.b.BcelWeaver.weaveAndNotify o.a.w.b.BcelWeaver@48524010 o.a.w.b.UnwovenClassFile@62291850, o.a.w.b.BcelObjectType@2518245b, o.a.w.t.WeavingAdaptor$WeavingClassFileProvider$1@45c8db36
14:12:58.489 [main] DEBUG org.aspectj.weaver.bcel.BcelWorld - 14:12:58.489 main - o.a.w.b.BcelWorld.lookupJavaClass o.a.w.l.LTWWorld@2b4a2ec7 org.openqa.selenium.By, o.a.a.b.c.JavaClass@1aa59698
14:12:58.489 [main] DEBUG org.aspectj.weaver.bcel.BcelWeaver - 14:12:58.489 main < o.a.w.b.BcelWeaver.weaveAndNotify
14:12:58.489 [main] DEBUG org.aspectj.weaver.bcel.BcelWeaver - 14:12:58.489 main < o.a.w.b.BcelWeaver.weave java.util.ArrayList(1)
14:12:58.489 [main] DEBUG o.a.weaver.tools.WeavingAdaptor - 14:12:58.489 main < o.a.w.t.WeavingAdaptor.weaveClass byte[3286]
14:12:58.489 [main] DEBUG org.aspectj.weaver.Dump - 14:12:58.489 main > o.a.w.Dump.dumpOnExit o.a.w.t.WeavingAdaptor$WeavingAdaptorMessageHolder@6a6afff2
14:12:58.489 [main] DEBUG org.aspectj.weaver.Dump - 14:12:58.489 main > o.a.w.Dump.shouldDumpOnExit o.a.w.t.WeavingAdaptor$WeavingAdaptorMessageHolder@6a6afff2
14:12:58.489 [main] DEBUG org.aspectj.weaver.Dump - 14:12:58.489 main - o.a.w.Dump.shouldDumpOnExit abort
14:12:58.489 [main] DEBUG org.aspectj.weaver.Dump - 14:12:58.489 main < o.a.w.Dump.shouldDumpOnExit false
14:12:58.489 [main] DEBUG org.aspectj.weaver.Dump - 14:12:58.489 main < o.a.w.Dump.dumpOnExit Excluded
14:12:58.489 [main] DEBUG org.aspectj.weaver.loadtime.Aj - 14:12:58.489 main < o.a.w.l.Aj.preProcess byte[3286]
14:12:58.492 [main] DEBUG org.aspectj.weaver.loadtime.Aj - 14:12:58.492 main > o.a.w.l.Aj.preProcess o.a.w.l.Aj@b9afc07 org/openqa/selenium/support/ByIdOrName, byte[1963], j.i.l.ClassLoaders$AppClassLoader@3cd1a2f1
14:12:58.492 [main] DEBUG org.aspectj.weaver.loadtime.Aj - 14:12:58.492 main - o.a.w.l.Aj.preProcess o.a.w.l.Aj@b9afc07 j.i.l.ClassLoaders$PlatformClassLoader@1ad282e0, j.i.l.ClassLoaders$AppClassLoader@3cd1a2f1
14:12:58.492 [main] DEBUG o.a.weaver.tools.WeavingAdaptor - 14:12:58.492 main > o.a.w.t.WeavingAdaptor.weaveClass o.a.w.l.ClassLoaderWeavingAdaptor@140e5a13 org/openqa/selenium/support/ByIdOrName, byte[1963]
14:12:58.492 [main] DEBUG org.aspectj.weaver.bcel.BcelWeaver - 14:12:58.492 main > o.a.w.b.BcelWeaver.weave o.a.w.b.BcelWeaver@48524010 o.a.w.t.WeavingAdaptor$WeavingClassFileProvider@230383a7
14:12:58.493 [main] DEBUG org.aspectj.weaver.bcel.BcelWorld - 14:12:58.493 main - o.a.w.b.BcelWorld.lookupJavaClass o.a.w.l.LTWWorld@2b4a2ec7 java.io.Serializable, o.a.a.b.c.JavaClass@3e11f9e9
14:12:58.493 [main] DEBUG org.aspectj.weaver.bcel.BcelWeaver - 14:12:58.493 main > o.a.w.b.BcelWeaver.weaveAndNotify o.a.w.b.BcelWeaver@48524010 o.a.w.b.UnwovenClassFile@6222a343, o.a.w.b.BcelObjectType@228c854f, o.a.w.t.WeavingAdaptor$WeavingClassFileProvider$1@47c019d7
14:12:58.493 [main] DEBUG org.aspectj.weaver.bcel.BcelWeaver - 14:12:58.493 main < o.a.w.b.BcelWeaver.weaveAndNotify
14:12:58.493 [main] DEBUG org.aspectj.weaver.bcel.BcelWeaver - 14:12:58.493 main < o.a.w.b.BcelWeaver.weave java.util.ArrayList(1)
14:12:58.493 [main] DEBUG o.a.weaver.tools.WeavingAdaptor - 14:12:58.493 main < o.a.w.t.WeavingAdaptor.weaveClass byte[1963]
14:12:58.493 [main] DEBUG org.aspectj.weaver.Dump - 14:12:58.493 main > o.a.w.Dump.dumpOnExit o.a.w.t.WeavingAdaptor$WeavingAdaptorMessageHolder@6a6afff2
14:12:58.493 [main] DEBUG org.aspectj.weaver.Dump - 14:12:58.493 main > o.a.w.Dump.shouldDumpOnExit o.a.w.t.WeavingAdaptor$WeavingAdaptorMessageHolder@6a6afff2
14:12:58.493 [main] DEBUG org.aspectj.weaver.Dump - 14:12:58.493 main - o.a.w.Dump.shouldDumpOnExit abort
14:12:58.493 [main] DEBUG org.aspectj.weaver.Dump - 14:12:58.493 main < o.a.w.Dump.shouldDumpOnExit false
14:12:58.493 [main] DEBUG org.aspectj.weaver.Dump - 14:12:58.493 main < o.a.w.Dump.dumpOnExit Excluded
14:12:58.493 [main] DEBUG org.aspectj.weaver.loadtime.Aj - 14:12:58.493 main < o.a.w.l.Aj.preProcess byte[1963]
14:12:58.495 [main] DEBUG org.aspectj.weaver.loadtime.Aj - 14:12:58.495 main > o.a.w.l.Aj.preProcess o.a.w.l.Aj@b9afc07 org/openqa/selenium/support/CacheLookup, byte[402], j.i.l.ClassLoaders$AppClassLoader@3cd1a2f1
14:12:58.495 [main] DEBUG org.aspectj.weaver.loadtime.Aj - 14:12:58.495 main - o.a.w.l.Aj.preProcess o.a.w.l.Aj@b9afc07 j.i.l.ClassLoaders$PlatformClassLoader@1ad282e0, j.i.l.ClassLoaders$AppClassLoader@3cd1a2f1
14:12:58.495 [main] DEBUG o.a.weaver.tools.WeavingAdaptor - 14:12:58.495 main > o.a.w.t.WeavingAdaptor.weaveClass o.a.w.l.ClassLoaderWeavingAdaptor@140e5a13 org/openqa/selenium/support/CacheLookup, byte[402]
14:12:58.495 [main] DEBUG org.aspectj.weaver.bcel.BcelWeaver - 14:12:58.495 main > o.a.w.b.BcelWeaver.weave o.a.w.b.BcelWeaver@48524010 o.a.w.t.WeavingAdaptor$WeavingClassFileProvider@7bb2b910
14:12:58.496 [main] DEBUG org.aspectj.weaver.bcel.BcelWorld - 14:12:58.496 main - o.a.w.b.BcelWorld.lookupJavaClass o.a.w.l.LTWWorld@2b4a2ec7 java.lang.annotation.Annotation, o.a.a.b.c.JavaClass@69637b10
14:12:58.496 [main] DEBUG org.aspectj.weaver.bcel.BcelWeaver - 14:12:58.496 main > o.a.w.b.BcelWeaver.weaveAndNotify o.a.w.b.BcelWeaver@48524010 o.a.w.b.UnwovenClassFile@5a4ceb1, o.a.w.b.BcelObjectType@3fc4e667, o.a.w.t.WeavingAdaptor$WeavingClassFileProvider$1@f55ecec
14:12:58.497 [main] DEBUG org.aspectj.weaver.bcel.BcelWeaver - 14:12:58.497 main < o.a.w.b.BcelWeaver.weaveAndNotify
14:12:58.497 [main] DEBUG org.aspectj.weaver.bcel.BcelWeaver - 14:12:58.497 main < o.a.w.b.BcelWeaver.weave java.util.ArrayList(1)
14:12:58.497 [main] DEBUG o.a.weaver.tools.WeavingAdaptor - 14:12:58.497 main < o.a.w.t.WeavingAdaptor.weaveClass byte[402]
14:12:58.497 [main] DEBUG org.aspectj.weaver.Dump - 14:12:58.497 main > o.a.w.Dump.dumpOnExit o.a.w.t.WeavingAdaptor$WeavingAdaptorMessageHolder@6a6afff2
14:12:58.497 [main] DEBUG org.aspectj.weaver.Dump - 14:12:58.497 main > o.a.w.Dump.shouldDumpOnExit o.a.w.t.WeavingAdaptor$WeavingAdaptorMessageHolder@6a6afff2
14:12:58.497 [main] DEBUG org.aspectj.weaver.Dump - 14:12:58.497 main - o.a.w.Dump.shouldDumpOnExit abort
14:12:58.497 [main] DEBUG org.aspectj.weaver.Dump - 14:12:58.497 main < o.a.w.Dump.shouldDumpOnExit false
14:12:58.497 [main] DEBUG org.aspectj.weaver.Dump - 14:12:58.497 main < o.a.w.Dump.dumpOnExit Excluded
14:12:58.497 [main] DEBUG org.aspectj.weaver.loadtime.Aj - 14:12:58.497 main < o.a.w.l.Aj.preProcess byte[402]
14:12:58.500 [main] DEBUG org.aspectj.weaver.loadtime.Aj - 14:12:58.500 main > o.a.w.l.Aj.preProcess o.a.w.l.Aj@b9afc07 org/openqa/selenium/support/FindBy, byte[1008], j.i.l.ClassLoaders$AppClassLoader@3cd1a2f1
14:12:58.500 [main] DEBUG org.aspectj.weaver.loadtime.Aj - 14:12:58.500 main - o.a.w.l.Aj.preProcess o.a.w.l.Aj@b9afc07 j.i.l.ClassLoaders$PlatformClassLoader@1ad282e0, j.i.l.ClassLoaders$AppClassLoader@3cd1a2f1
14:12:58.500 [main] DEBUG o.a.weaver.tools.WeavingAdaptor - 14:12:58.500 main > o.a.w.t.WeavingAdaptor.weaveClass o.a.w.l.ClassLoaderWeavingAdaptor@140e5a13 org/openqa/selenium/support/FindBy, byte[1008]
14:12:58.501 [main] DEBUG org.aspectj.weaver.bcel.BcelWeaver - 14:12:58.500 main > o.a.w.b.BcelWeaver.weave o.a.w.b.BcelWeaver@48524010 o.a.w.t.WeavingAdaptor$WeavingClassFileProvider@7a4ea134
14:12:58.501 [main] DEBUG org.aspectj.weaver.bcel.BcelWeaver - 14:12:58.501 main > o.a.w.b.BcelWeaver.weaveAndNotify o.a.w.b.BcelWeaver@48524010 o.a.w.b.UnwovenClassFile@16124894, o.a.w.b.BcelObjectType@4dd56393, o.a.w.t.WeavingAdaptor$WeavingClassFileProvider$1@7793eaca
14:12:58.501 [main] DEBUG org.aspectj.weaver.bcel.BcelWeaver - 14:12:58.501 main < o.a.w.b.BcelWeaver.weaveAndNotify
14:12:58.501 [main] DEBUG org.aspectj.weaver.bcel.BcelWeaver - 14:12:58.501 main < o.a.w.b.BcelWeaver.weave java.util.ArrayList(1)
14:12:58.501 [main] DEBUG o.a.weaver.tools.WeavingAdaptor - 14:12:58.501 main < o.a.w.t.WeavingAdaptor.weaveClass byte[1008]
14:12:58.501 [main] DEBUG org.aspectj.weaver.Dump - 14:12:58.501 main > o.a.w.Dump.dumpOnExit o.a.w.t.WeavingAdaptor$WeavingAdaptorMessageHolder@6a6afff2
14:12:58.501 [main] DEBUG org.aspectj.weaver.Dump - 14:12:58.501 main > o.a.w.Dump.shouldDumpOnExit o.a.w.t.WeavingAdaptor$WeavingAdaptorMessageHolder@6a6afff2
14:12:58.501 [main] DEBUG org.aspectj.weaver.Dump - 14:12:58.501 main - o.a.w.Dump.shouldDumpOnExit abort
14:12:58.501 [main] DEBUG org.aspectj.weaver.Dump - 14:12:58.501 main < o.a.w.Dump.shouldDumpOnExit false
14:12:58.501 [main] DEBUG org.aspectj.weaver.Dump - 14:12:58.501 main < o.a.w.Dump.dumpOnExit Excluded
14:12:58.501 [main] DEBUG org.aspectj.weaver.loadtime.Aj - 14:12:58.501 main < o.a.w.l.Aj.preProcess byte[1008]
14:12:58.503 [main] DEBUG org.aspectj.weaver.loadtime.Aj - 14:12:58.503 main > o.a.w.l.Aj.preProcess o.a.w.l.Aj@b9afc07 org/openqa/selenium/support/How, byte[2357], j.i.l.ClassLoaders$AppClassLoader@3cd1a2f1
14:12:58.503 [main] DEBUG org.aspectj.weaver.loadtime.Aj - 14:12:58.503 main - o.a.w.l.Aj.preProcess o.a.w.l.Aj@b9afc07 j.i.l.ClassLoaders$PlatformClassLoader@1ad282e0, j.i.l.ClassLoaders$AppClassLoader@3cd1a2f1
14:12:58.503 [main] DEBUG o.a.weaver.tools.WeavingAdaptor - 14:12:58.503 main > o.a.w.t.WeavingAdaptor.weaveClass o.a.w.l.ClassLoaderWeavingAdaptor@140e5a13 org/openqa/selenium/support/How, byte[2357]
14:12:58.503 [main] DEBUG org.aspectj.weaver.bcel.BcelWeaver - 14:12:58.503 main > o.a.w.b.BcelWeaver.weave o.a.w.b.BcelWeaver@48524010 o.a.w.t.WeavingAdaptor$WeavingClassFileProvider@5765cd21
14:12:58.504 [main] DEBUG org.aspectj.weaver.bcel.BcelWorld - 14:12:58.504 main - o.a.w.b.BcelWorld.lookupJavaClass o.a.w.l.LTWWorld@2b4a2ec7 java.lang.Enum, o.a.a.b.c.JavaClass@f0da945
14:12:58.504 [main] DEBUG org.aspectj.weaver.bcel.BcelWeaver - 14:12:58.504 main > o.a.w.b.BcelWeaver.weaveAndNotify o.a.w.b.BcelWeaver@48524010 o.a.w.b.UnwovenClassFile@63c31664, o.a.w.b.BcelObjectType@48bafe39, o.a.w.t.WeavingAdaptor$WeavingClassFileProvider$1@608c03e3
14:12:58.504 [main] DEBUG org.aspectj.weaver.bcel.BcelWorld - 14:12:58.504 main - o.a.w.b.BcelWorld.lookupJavaClass o.a.w.l.LTWWorld@2b4a2ec7 java.lang.constant.Constable, o.a.a.b.c.JavaClass@316bcf94
14:12:58.504 [main] DEBUG org.aspectj.weaver.bcel.BcelWorld - 14:12:58.504 main - o.a.w.b.BcelWorld.lookupJavaClass o.a.w.l.LTWWorld@2b4a2ec7 java.lang.Comparable, o.a.a.b.c.JavaClass@6404f418
14:12:58.504 [main] DEBUG org.aspectj.weaver.bcel.BcelWeaver - 14:12:58.504 main < o.a.w.b.BcelWeaver.weaveAndNotify
14:12:58.504 [main] DEBUG org.aspectj.weaver.bcel.BcelWeaver - 14:12:58.504 main < o.a.w.b.BcelWeaver.weave java.util.ArrayList(1)
14:12:58.504 [main] DEBUG o.a.weaver.tools.WeavingAdaptor - 14:12:58.504 main < o.a.w.t.WeavingAdaptor.weaveClass byte[2357]
14:12:58.506 [main] DEBUG org.aspectj.weaver.Dump - 14:12:58.504 main > o.a.w.Dump.dumpOnExit o.a.w.t.WeavingAdaptor$WeavingAdaptorMessageHolder@6a6afff2
14:12:58.514 [main] DEBUG org.aspectj.weaver.Dump - 14:12:58.506 main > o.a.w.Dump.shouldDumpOnExit o.a.w.t.WeavingAdaptor$WeavingAdaptorMessageHolder@6a6afff2
14:12:58.514 [main] DEBUG org.aspectj.weaver.Dump - 14:12:58.514 main - o.a.w.Dump.shouldDumpOnExit abort
14:12:58.514 [main] DEBUG org.aspectj.weaver.Dump - 14:12:58.514 main < o.a.w.Dump.shouldDumpOnExit false
14:12:58.514 [main] DEBUG org.aspectj.weaver.Dump - 14:12:58.514 main < o.a.w.Dump.dumpOnExit Excluded
14:12:58.514 [main] DEBUG org.aspectj.weaver.loadtime.Aj - 14:12:58.514 main < o.a.w.l.Aj.preProcess byte[2357]
14:12:58.517 [main] DEBUG org.aspectj.weaver.loadtime.Aj - 14:12:58.517 main > o.a.w.l.Aj.preProcess o.a.w.l.Aj@b9afc07 org/openqa/selenium/support/How$1, byte[731], j.i.l.ClassLoaders$AppClassLoader@3cd1a2f1
14:12:58.517 [main] DEBUG org.aspectj.weaver.loadtime.Aj - 14:12:58.517 main - o.a.w.l.Aj.preProcess o.a.w.l.Aj@b9afc07 j.i.l.ClassLoaders$PlatformClassLoader@1ad282e0, j.i.l.ClassLoaders$AppClassLoader@3cd1a2f1
14:12:58.518 [main] DEBUG o.a.weaver.tools.WeavingAdaptor - 14:12:58.518 main > o.a.w.t.WeavingAdaptor.weaveClass o.a.w.l.ClassLoaderWeavingAdaptor@140e5a13 org/openqa/selenium/support/How$1, byte[731]
14:12:58.518 [main] DEBUG org.aspectj.weaver.bcel.BcelWeaver - 14:12:58.518 main > o.a.w.b.BcelWeaver.weave o.a.w.b.BcelWeaver@48524010 o.a.w.t.WeavingAdaptor$WeavingClassFileProvider@16c9ec5b
14:12:58.518 [main] DEBUG org.aspectj.weaver.bcel.BcelWeaver - 14:12:58.518 main > o.a.w.b.BcelWeaver.weaveAndNotify o.a.w.b.BcelWeaver@48524010 o.a.w.b.UnwovenClassFile@4001a5a1, o.a.w.b.BcelObjectType@34f37ed4, o.a.w.t.WeavingAdaptor$WeavingClassFileProvider$1@4fae8455
14:12:58.518 [main] DEBUG org.aspectj.weaver.bcel.BcelWeaver - 14:12:58.518 main < o.a.w.b.BcelWeaver.weaveAndNotify
14:12:58.518 [main] DEBUG org.aspectj.weaver.bcel.BcelWeaver - 14:12:58.518 main < o.a.w.b.BcelWeaver.weave java.util.ArrayList(1)
14:12:58.518 [main] DEBUG o.a.weaver.tools.WeavingAdaptor - 14:12:58.518 main < o.a.w.t.WeavingAdaptor.weaveClass byte[731]
14:12:58.518 [main] DEBUG org.aspectj.weaver.Dump - 14:12:58.518 main > o.a.w.Dump.dumpOnExit o.a.w.t.WeavingAdaptor$WeavingAdaptorMessageHolder@6a6afff2
14:12:58.518 [main] DEBUG org.aspectj.weaver.Dump - 14:12:58.518 main > o.a.w.Dump.shouldDumpOnExit o.a.w.t.WeavingAdaptor$WeavingAdaptorMessageHolder@6a6afff2
14:12:58.518 [main] DEBUG org.aspectj.weaver.Dump - 14:12:58.518 main - o.a.w.Dump.shouldDumpOnExit abort
14:12:58.518 [main] DEBUG org.aspectj.weaver.Dump - 14:12:58.518 main < o.a.w.Dump.shouldDumpOnExit false
14:12:58.518 [main] DEBUG org.aspectj.weaver.Dump - 14:12:58.518 main < o.a.w.Dump.dumpOnExit Excluded
14:12:58.518 [main] DEBUG org.aspectj.weaver.loadtime.Aj - 14:12:58.518 main < o.a.w.l.Aj.preProcess byte[731]
14:12:58.520 [main] DEBUG org.aspectj.weaver.loadtime.Aj - 14:12:58.520 main > o.a.w.l.Aj.preProcess o.a.w.l.Aj@b9afc07 org/openqa/selenium/support/How$2, byte[780], j.i.l.ClassLoaders$AppClassLoader@3cd1a2f1
14:12:58.520 [main] DEBUG org.aspectj.weaver.loadtime.Aj - 14:12:58.520 main - o.a.w.l.Aj.preProcess o.a.w.l.Aj@b9afc07 j.i.l.ClassLoaders$PlatformClassLoader@1ad282e0, j.i.l.ClassLoaders$AppClassLoader@3cd1a2f1
14:12:58.520 [main] DEBUG o.a.weaver.tools.WeavingAdaptor - 14:12:58.520 main > o.a.w.t.WeavingAdaptor.weaveClass o.a.w.l.ClassLoaderWeavingAdaptor@140e5a13 org/openqa/selenium/support/How$2, byte[780]
14:12:58.520 [main] DEBUG org.aspectj.weaver.bcel.BcelWeaver - 14:12:58.520 main > o.a.w.b.BcelWeaver.weave o.a.w.b.BcelWeaver@48524010 o.a.w.t.WeavingAdaptor$WeavingClassFileProvider@391cc6cf
14:12:58.520 [main] DEBUG org.aspectj.weaver.bcel.BcelWeaver - 14:12:58.520 main > o.a.w.b.BcelWeaver.weaveAndNotify o.a.w.b.BcelWeaver@48524010 o.a.w.b.UnwovenClassFile@e9e25b5, o.a.w.b.BcelObjectType@404cc16a, o.a.w.t.WeavingAdaptor$WeavingClassFileProvider$1@8588a62
14:12:58.520 [main] DEBUG org.aspectj.weaver.bcel.BcelWeaver - 14:12:58.520 main < o.a.w.b.BcelWeaver.weaveAndNotify
14:12:58.520 [main] DEBUG org.aspectj.weaver.bcel.BcelWeaver - 14:12:58.520 main < o.a.w.b.BcelWeaver.weave java.util.ArrayList(1)
14:12:58.520 [main] DEBUG o.a.weaver.tools.WeavingAdaptor - 14:12:58.520 main < o.a.w.t.WeavingAdaptor.weaveClass byte[780]
14:12:58.520 [main] DEBUG org.aspectj.weaver.Dump - 14:12:58.520 main > o.a.w.Dump.dumpOnExit o.a.w.t.WeavingAdaptor$WeavingAdaptorMessageHolder@6a6afff2
14:12:58.521 [main] DEBUG org.aspectj.weaver.Dump - 14:12:58.520 main > o.a.w.Dump.shouldDumpOnExit o.a.w.t.WeavingAdaptor$WeavingAdaptorMessageHolder@6a6afff2
14:12:58.521 [main] DEBUG org.aspectj.weaver.Dump - 14:12:58.521 main - o.a.w.Dump.shouldDumpOnExit abort
14:12:58.521 [main] DEBUG org.aspectj.weaver.Dump - 14:12:58.521 main < o.a.w.Dump.shouldDumpOnExit false
14:12:58.521 [main] DEBUG org.aspectj.weaver.Dump - 14:12:58.521 main < o.a.w.Dump.dumpOnExit Excluded
14:12:58.521 [main] DEBUG org.aspectj.weaver.loadtime.Aj - 14:12:58.521 main < o.a.w.l.Aj.preProcess byte[780]
14:12:58.522 [main] DEBUG org.aspectj.weaver.loadtime.Aj - 14:12:58.522 main > o.a.w.l.Aj.preProcess o.a.w.l.Aj@b9afc07 org/openqa/selenium/support/How$3, byte[771], j.i.l.ClassLoaders$AppClassLoader@3cd1a2f1
14:12:58.522 [main] DEBUG org.aspectj.weaver.loadtime.Aj - 14:12:58.522 main - o.a.w.l.Aj.preProcess o.a.w.l.Aj@b9afc07 j.i.l.ClassLoaders$PlatformClassLoader@1ad282e0, j.i.l.ClassLoaders$AppClassLoader@3cd1a2f1
14:12:58.522 [main] DEBUG o.a.weaver.tools.WeavingAdaptor - 14:12:58.522 main > o.a.w.t.WeavingAdaptor.weaveClass o.a.w.l.ClassLoaderWeavingAdaptor@140e5a13 org/openqa/selenium/support/How$3, byte[771]
14:12:58.522 [main] DEBUG org.aspectj.weaver.bcel.BcelWeaver - 14:12:58.522 main > o.a.w.b.BcelWeaver.weave o.a.w.b.BcelWeaver@48524010 o.a.w.t.WeavingAdaptor$WeavingClassFileProvider@7d2d7a85
14:12:58.523 [main] DEBUG org.aspectj.weaver.bcel.BcelWeaver - 14:12:58.522 main > o.a.w.b.BcelWeaver.weaveAndNotify o.a.w.b.BcelWeaver@48524010 o.a.w.b.UnwovenClassFile@5cb3c9e6, o.a.w.b.BcelObjectType@55fbebba, o.a.w.t.WeavingAdaptor$WeavingClassFileProvider$1@2c855eb7
14:12:58.523 [main] DEBUG org.aspectj.weaver.bcel.BcelWeaver - 14:12:58.523 main < o.a.w.b.BcelWeaver.weaveAndNotify
14:12:58.523 [main] DEBUG org.aspectj.weaver.bcel.BcelWeaver - 14:12:58.523 main < o.a.w.b.BcelWeaver.weave java.util.ArrayList(1)
14:12:58.523 [main] DEBUG o.a.weaver.tools.WeavingAdaptor - 14:12:58.523 main < o.a.w.t.WeavingAdaptor.weaveClass byte[771]
14:12:58.523 [main] DEBUG org.aspectj.weaver.Dump - 14:12:58.523 main > o.a.w.Dump.dumpOnExit o.a.w.t.WeavingAdaptor$WeavingAdaptorMessageHolder@6a6afff2
14:12:58.523 [main] DEBUG org.aspectj.weaver.Dump - 14:12:58.523 main > o.a.w.Dump.shouldDumpOnExit o.a.w.t.WeavingAdaptor$WeavingAdaptorMessageHolder@6a6afff2
14:12:58.523 [main] DEBUG org.aspectj.weaver.Dump - 14:12:58.523 main - o.a.w.Dump.shouldDumpOnExit abort
14:12:58.523 [main] DEBUG org.aspectj.weaver.Dump - 14:12:58.523 main < o.a.w.Dump.shouldDumpOnExit false
14:12:58.523 [main] DEBUG org.aspectj.weaver.Dump - 14:12:58.523 main < o.a.w.Dump.dumpOnExit Excluded
14:12:58.523 [main] DEBUG org.aspectj.weaver.loadtime.Aj - 14:12:58.523 main < o.a.w.l.Aj.preProcess byte[771]
14:12:58.524 [main] DEBUG org.aspectj.weaver.loadtime.Aj - 14:12:58.524 main > o.a.w.l.Aj.preProcess o.a.w.l.Aj@b9afc07 org/openqa/selenium/support/How$4, byte[810], j.i.l.ClassLoaders$AppClassLoader@3cd1a2f1
14:12:58.524 [main] DEBUG org.aspectj.weaver.loadtime.Aj - 14:12:58.524 main - o.a.w.l.Aj.preProcess o.a.w.l.Aj@b9afc07 j.i.l.ClassLoaders$PlatformClassLoader@1ad282e0, j.i.l.ClassLoaders$AppClassLoader@3cd1a2f1
14:12:58.524 [main] DEBUG o.a.weaver.tools.WeavingAdaptor - 14:12:58.524 main > o.a.w.t.WeavingAdaptor.weaveClass o.a.w.l.ClassLoaderWeavingAdaptor@140e5a13 org/openqa/selenium/support/How$4, byte[810]
14:12:58.524 [main] DEBUG org.aspectj.weaver.bcel.BcelWeaver - 14:12:58.524 main > o.a.w.b.BcelWeaver.weave o.a.w.b.BcelWeaver@48524010 o.a.w.t.WeavingAdaptor$WeavingClassFileProvider@198eeb36
14:12:58.525 [main] DEBUG org.aspectj.weaver.bcel.BcelWeaver - 14:12:58.524 main > o.a.w.b.BcelWeaver.weaveAndNotify o.a.w.b.BcelWeaver@48524010 o.a.w.b.UnwovenClassFile@4690cb47, o.a.w.b.BcelObjectType@77d80294, o.a.w.t.WeavingAdaptor$WeavingClassFileProvider$1@74940388
14:12:58.525 [main] DEBUG org.aspectj.weaver.bcel.BcelWeaver - 14:12:58.525 main < o.a.w.b.BcelWeaver.weaveAndNotify
14:12:58.525 [main] DEBUG org.aspectj.weaver.bcel.BcelWeaver - 14:12:58.525 main < o.a.w.b.BcelWeaver.weave java.util.ArrayList(1)
14:12:58.525 [main] DEBUG o.a.weaver.tools.WeavingAdaptor - 14:12:58.525 main < o.a.w.t.WeavingAdaptor.weaveClass byte[810]
14:12:58.525 [main] DEBUG org.aspectj.weaver.Dump - 14:12:58.525 main > o.a.w.Dump.dumpOnExit o.a.w.t.WeavingAdaptor$WeavingAdaptorMessageHolder@6a6afff2
14:12:58.525 [main] DEBUG org.aspectj.weaver.Dump - 14:12:58.525 main > o.a.w.Dump.shouldDumpOnExit o.a.w.t.WeavingAdaptor$WeavingAdaptorMessageHolder@6a6afff2
14:12:58.525 [main] DEBUG org.aspectj.weaver.Dump - 14:12:58.525 main - o.a.w.Dump.shouldDumpOnExit abort
14:12:58.525 [main] DEBUG org.aspectj.weaver.Dump - 14:12:58.525 main < o.a.w.Dump.shouldDumpOnExit false
14:12:58.525 [main] DEBUG org.aspectj.weaver.Dump - 14:12:58.525 main < o.a.w.Dump.dumpOnExit Excluded
14:12:58.525 [main] DEBUG org.aspectj.weaver.loadtime.Aj - 14:12:58.525 main < o.a.w.l.Aj.preProcess byte[810]
14:12:58.527 [main] DEBUG org.aspectj.weaver.loadtime.Aj - 14:12:58.527 main > o.a.w.l.Aj.preProcess o.a.w.l.Aj@b9afc07 org/openqa/selenium/support/How$5, byte[777], j.i.l.ClassLoaders$AppClassLoader@3cd1a2f1
14:12:58.527 [main] DEBUG org.aspectj.weaver.loadtime.Aj - 14:12:58.527 main - o.a.w.l.Aj.preProcess o.a.w.l.Aj@b9afc07 j.i.l.ClassLoaders$PlatformClassLoader@1ad282e0, j.i.l.ClassLoaders$AppClassLoader@3cd1a2f1
14:12:58.527 [main] DEBUG o.a.weaver.tools.WeavingAdaptor - 14:12:58.527 main > o.a.w.t.WeavingAdaptor.weaveClass o.a.w.l.ClassLoaderWeavingAdaptor@140e5a13 org/openqa/selenium/support/How$5, byte[777]
14:12:58.527 [main] DEBUG org.aspectj.weaver.bcel.BcelWeaver - 14:12:58.527 main > o.a.w.b.BcelWeaver.weave o.a.w.b.BcelWeaver@48524010 o.a.w.t.WeavingAdaptor$WeavingClassFileProvider@4f5080ea
14:12:58.527 [main] DEBUG org.aspectj.weaver.bcel.BcelWeaver - 14:12:58.527 main > o.a.w.b.BcelWeaver.weaveAndNotify o.a.w.b.BcelWeaver@48524010 o.a.w.b.UnwovenClassFile@28cc690d, o.a.w.b.BcelObjectType@23ec291e, o.a.w.t.WeavingAdaptor$WeavingClassFileProvider$1@1a91d15f
14:12:58.527 [main] DEBUG org.aspectj.weaver.bcel.BcelWeaver - 14:12:58.527 main < o.a.w.b.BcelWeaver.weaveAndNotify
14:12:58.527 [main] DEBUG org.aspectj.weaver.bcel.BcelWeaver - 14:12:58.527 main < o.a.w.b.BcelWeaver.weave java.util.ArrayList(1)
14:12:58.527 [main] DEBUG o.a.weaver.tools.WeavingAdaptor - 14:12:58.527 main < o.a.w.t.WeavingAdaptor.weaveClass byte[777]
14:12:58.528 [main] DEBUG org.aspectj.weaver.Dump - 14:12:58.527 main > o.a.w.Dump.dumpOnExit o.a.w.t.WeavingAdaptor$WeavingAdaptorMessageHolder@6a6afff2
14:12:58.528 [main] DEBUG org.aspectj.weaver.Dump - 14:12:58.528 main > o.a.w.Dump.shouldDumpOnExit o.a.w.t.WeavingAdaptor$WeavingAdaptorMessageHolder@6a6afff2
14:12:58.528 [main] DEBUG org.aspectj.weaver.Dump - 14:12:58.528 main - o.a.w.Dump.shouldDumpOnExit abort
14:12:58.528 [main] DEBUG org.aspectj.weaver.Dump - 14:12:58.528 main < o.a.w.Dump.shouldDumpOnExit false
14:12:58.528 [main] DEBUG org.aspectj.weaver.Dump - 14:12:58.528 main < o.a.w.Dump.dumpOnExit Excluded
14:12:58.528 [main] DEBUG org.aspectj.weaver.loadtime.Aj - 14:12:58.528 main < o.a.w.l.Aj.preProcess byte[777]
14:12:58.529 [main] DEBUG org.aspectj.weaver.loadtime.Aj - 14:12:58.529 main > o.a.w.l.Aj.preProcess o.a.w.l.Aj@b9afc07 org/openqa/selenium/support/How$6, byte[773], j.i.l.ClassLoaders$AppClassLoader@3cd1a2f1
14:12:58.529 [main] DEBUG org.aspectj.weaver.loadtime.Aj - 14:12:58.529 main - o.a.w.l.Aj.preProcess o.a.w.l.Aj@b9afc07 j.i.l.ClassLoaders$PlatformClassLoader@1ad282e0, j.i.l.ClassLoaders$AppClassLoader@3cd1a2f1
14:12:58.529 [main] DEBUG o.a.weaver.tools.WeavingAdaptor - 14:12:58.529 main > o.a.w.t.WeavingAdaptor.weaveClass o.a.w.l.ClassLoaderWeavingAdaptor@140e5a13 org/openqa/selenium/support/How$6, byte[773]
14:12:58.529 [main] DEBUG org.aspectj.weaver.bcel.BcelWeaver - 14:12:58.529 main > o.a.w.b.BcelWeaver.weave o.a.w.b.BcelWeaver@48524010 o.a.w.t.WeavingAdaptor$WeavingClassFileProvider@7734ddb8
14:12:58.530 [main] DEBUG org.aspectj.weaver.bcel.BcelWeaver - 14:12:58.530 main > o.a.w.b.BcelWeaver.weaveAndNotify o.a.w.b.BcelWeaver@48524010 o.a.w.b.UnwovenClassFile@7b2adbde, o.a.w.b.BcelObjectType@6d7c8a2, o.a.w.t.WeavingAdaptor$WeavingClassFileProvider$1@1683b9ba
14:12:58.530 [main] DEBUG org.aspectj.weaver.bcel.BcelWeaver - 14:12:58.530 main < o.a.w.b.BcelWeaver.weaveAndNotify
14:12:58.530 [main] DEBUG org.aspectj.weaver.bcel.BcelWeaver - 14:12:58.530 main < o.a.w.b.BcelWeaver.weave java.util.ArrayList(1)
14:12:58.530 [main] DEBUG o.a.weaver.tools.WeavingAdaptor - 14:12:58.530 main < o.a.w.t.WeavingAdaptor.weaveClass byte[773]
14:12:58.530 [main] DEBUG org.aspectj.weaver.Dump - 14:12:58.530 main > o.a.w.Dump.dumpOnExit o.a.w.t.WeavingAdaptor$WeavingAdaptorMessageHolder@6a6afff2
14:12:58.530 [main] DEBUG org.aspectj.weaver.Dump - 14:12:58.530 main > o.a.w.Dump.shouldDumpOnExit o.a.w.t.WeavingAdaptor$WeavingAdaptorMessageHolder@6a6afff2
14:12:58.530 [main] DEBUG org.aspectj.weaver.Dump - 14:12:58.530 main - o.a.w.Dump.shouldDumpOnExit abort
14:12:58.530 [main] DEBUG org.aspectj.weaver.Dump - 14:12:58.530 main < o.a.w.Dump.shouldDumpOnExit false
14:12:58.530 [main] DEBUG org.aspectj.weaver.Dump - 14:12:58.530 main < o.a.w.Dump.dumpOnExit Excluded
14:12:58.530 [main] DEBUG org.aspectj.weaver.loadtime.Aj - 14:12:58.530 main < o.a.w.l.Aj.preProcess byte[773]
14:12:58.531 [main] DEBUG org.aspectj.weaver.loadtime.Aj - 14:12:58.531 main > o.a.w.l.Aj.preProcess o.a.w.l.Aj@b9afc07 org/openqa/selenium/support/How$7, byte[784], j.i.l.ClassLoaders$AppClassLoader@3cd1a2f1
14:12:58.531 [main] DEBUG org.aspectj.weaver.loadtime.Aj - 14:12:58.531 main - o.a.w.l.Aj.preProcess o.a.w.l.Aj@b9afc07 j.i.l.ClassLoaders$PlatformClassLoader@1ad282e0, j.i.l.ClassLoaders$AppClassLoader@3cd1a2f1
14:12:58.531 [main] DEBUG o.a.weaver.tools.WeavingAdaptor - 14:12:58.531 main > o.a.w.t.WeavingAdaptor.weaveClass o.a.w.l.ClassLoaderWeavingAdaptor@140e5a13 org/openqa/selenium/support/How$7, byte[784]
14:12:58.532 [main] DEBUG org.aspectj.weaver.bcel.BcelWeaver - 14:12:58.531 main > o.a.w.b.BcelWeaver.weave o.a.w.b.BcelWeaver@48524010 o.a.w.t.WeavingAdaptor$WeavingClassFileProvider@45543b88
14:12:58.532 [main] DEBUG org.aspectj.weaver.bcel.BcelWeaver - 14:12:58.532 main > o.a.w.b.BcelWeaver.weaveAndNotify o.a.w.b.BcelWeaver@48524010 o.a.w.b.UnwovenClassFile@3a3fc789, o.a.w.b.BcelObjectType@2fad7002, o.a.w.t.WeavingAdaptor$WeavingClassFileProvider$1@18b431ea
14:12:58.532 [main] DEBUG org.aspectj.weaver.bcel.BcelWeaver - 14:12:58.532 main < o.a.w.b.BcelWeaver.weaveAndNotify
14:12:58.532 [main] DEBUG org.aspectj.weaver.bcel.BcelWeaver - 14:12:58.532 main < o.a.w.b.BcelWeaver.weave java.util.ArrayList(1)
14:12:58.532 [main] DEBUG o.a.weaver.tools.WeavingAdaptor - 14:12:58.532 main < o.a.w.t.WeavingAdaptor.weaveClass byte[784]
14:12:58.532 [main] DEBUG org.aspectj.weaver.Dump - 14:12:58.532 main > o.a.w.Dump.dumpOnExit o.a.w.t.WeavingAdaptor$WeavingAdaptorMessageHolder@6a6afff2
14:12:58.532 [main] DEBUG org.aspectj.weaver.Dump - 14:12:58.532 main > o.a.w.Dump.shouldDumpOnExit o.a.w.t.WeavingAdaptor$WeavingAdaptorMessageHolder@6a6afff2
14:12:58.532 [main] DEBUG org.aspectj.weaver.Dump - 14:12:58.532 main - o.a.w.Dump.shouldDumpOnExit abort
14:12:58.532 [main] DEBUG org.aspectj.weaver.Dump - 14:12:58.532 main < o.a.w.Dump.shouldDumpOnExit false
14:12:58.532 [main] DEBUG org.aspectj.weaver.Dump - 14:12:58.532 main < o.a.w.Dump.dumpOnExit Excluded
14:12:58.532 [main] DEBUG org.aspectj.weaver.loadtime.Aj - 14:12:58.532 main < o.a.w.l.Aj.preProcess byte[784]
14:12:58.538 [main] DEBUG org.aspectj.weaver.loadtime.Aj - 14:12:58.538 main > o.a.w.l.Aj.preProcess o.a.w.l.Aj@b9afc07 org/openqa/selenium/support/How$8, byte[776], j.i.l.ClassLoaders$AppClassLoader@3cd1a2f1
14:12:58.538 [main] DEBUG org.aspectj.weaver.loadtime.Aj - 14:12:58.538 main - o.a.w.l.Aj.preProcess o.a.w.l.Aj@b9afc07 j.i.l.ClassLoaders$PlatformClassLoader@1ad282e0, j.i.l.ClassLoaders$AppClassLoader@3cd1a2f1
14:12:58.538 [main] DEBUG o.a.weaver.tools.WeavingAdaptor - 14:12:58.538 main > o.a.w.t.WeavingAdaptor.weaveClass o.a.w.l.ClassLoaderWeavingAdaptor@140e5a13 org/openqa/selenium/support/How$8, byte[776]
14:12:58.538 [main] DEBUG org.aspectj.weaver.bcel.BcelWeaver - 14:12:58.538 main > o.a.w.b.BcelWeaver.weave o.a.w.b.BcelWeaver@48524010 o.a.w.t.WeavingAdaptor$WeavingClassFileProvider@7f9ebcfe
14:12:58.538 [main] DEBUG org.aspectj.weaver.bcel.BcelWeaver - 14:12:58.538 main > o.a.w.b.BcelWeaver.weaveAndNotify o.a.w.b.BcelWeaver@48524010 o.a.w.b.UnwovenClassFile@3d577add, o.a.w.b.BcelObjectType@712adc04, o.a.w.t.WeavingAdaptor$WeavingClassFileProvider$1@165634aa
14:12:58.539 [main] DEBUG org.aspectj.weaver.bcel.BcelWeaver - 14:12:58.539 main < o.a.w.b.BcelWeaver.weaveAndNotify
14:12:58.539 [main] DEBUG org.aspectj.weaver.bcel.BcelWeaver - 14:12:58.539 main < o.a.w.b.BcelWeaver.weave java.util.ArrayList(1)
14:12:58.539 [main] DEBUG o.a.weaver.tools.WeavingAdaptor - 14:12:58.539 main < o.a.w.t.WeavingAdaptor.weaveClass byte[776]
14:12:58.539 [main] DEBUG org.aspectj.weaver.Dump - 14:12:58.539 main > o.a.w.Dump.dumpOnExit o.a.w.t.WeavingAdaptor$WeavingAdaptorMessageHolder@6a6afff2
14:12:58.539 [main] DEBUG org.aspectj.weaver.Dump - 14:12:58.539 main > o.a.w.Dump.shouldDumpOnExit o.a.w.t.WeavingAdaptor$WeavingAdaptorMessageHolder@6a6afff2
14:12:58.539 [main] DEBUG org.aspectj.weaver.Dump - 14:12:58.539 main - o.a.w.Dump.shouldDumpOnExit abort
14:12:58.539 [main] DEBUG org.aspectj.weaver.Dump - 14:12:58.539 main < o.a.w.Dump.shouldDumpOnExit false
14:12:58.539 [main] DEBUG org.aspectj.weaver.Dump - 14:12:58.539 main < o.a.w.Dump.dumpOnExit Excluded
14:12:58.539 [main] DEBUG org.aspectj.weaver.loadtime.Aj - 14:12:58.539 main < o.a.w.l.Aj.preProcess byte[776]
14:12:58.540 [main] DEBUG org.aspectj.weaver.loadtime.Aj - 14:12:58.540 main > o.a.w.l.Aj.preProcess o.a.w.l.Aj@b9afc07 org/openqa/selenium/support/How$9, byte[774], j.i.l.ClassLoaders$AppClassLoader@3cd1a2f1
14:12:58.540 [main] DEBUG org.aspectj.weaver.loadtime.Aj - 14:12:58.540 main - o.a.w.l.Aj.preProcess o.a.w.l.Aj@b9afc07 j.i.l.ClassLoaders$PlatformClassLoader@1ad282e0, j.i.l.ClassLoaders$AppClassLoader@3cd1a2f1
14:12:58.540 [main] DEBUG o.a.weaver.tools.WeavingAdaptor - 14:12:58.540 main > o.a.w.t.WeavingAdaptor.weaveClass o.a.w.l.ClassLoaderWeavingAdaptor@140e5a13 org/openqa/selenium/support/How$9, byte[774]
14:12:58.540 [main] DEBUG org.aspectj.weaver.bcel.BcelWeaver - 14:12:58.540 main > o.a.w.b.BcelWeaver.weave o.a.w.b.BcelWeaver@48524010 o.a.w.t.WeavingAdaptor$WeavingClassFileProvider@2e940dd0
14:12:58.540 [main] DEBUG org.aspectj.weaver.bcel.BcelWeaver - 14:12:58.540 main > o.a.w.b.BcelWeaver.weaveAndNotify o.a.w.b.BcelWeaver@48524010 o.a.w.b.UnwovenClassFile@24a4e9c0, o.a.w.b.BcelObjectType@609a996f, o.a.w.t.WeavingAdaptor$WeavingClassFileProvider$1@27f09e08
14:12:58.541 [main] DEBUG org.aspectj.weaver.bcel.BcelWeaver - 14:12:58.541 main < o.a.w.b.BcelWeaver.weaveAndNotify
14:12:58.541 [main] DEBUG org.aspectj.weaver.bcel.BcelWeaver - 14:12:58.541 main < o.a.w.b.BcelWeaver.weave java.util.ArrayList(1)
14:12:58.541 [main] DEBUG o.a.weaver.tools.WeavingAdaptor - 14:12:58.541 main < o.a.w.t.WeavingAdaptor.weaveClass byte[774]
14:12:58.541 [main] DEBUG org.aspectj.weaver.Dump - 14:12:58.541 main > o.a.w.Dump.dumpOnExit o.a.w.t.WeavingAdaptor$WeavingAdaptorMessageHolder@6a6afff2
14:12:58.541 [main] DEBUG org.aspectj.weaver.Dump - 14:12:58.541 main > o.a.w.Dump.shouldDumpOnExit o.a.w.t.WeavingAdaptor$WeavingAdaptorMessageHolder@6a6afff2
14:12:58.541 [main] DEBUG org.aspectj.weaver.Dump - 14:12:58.541 main - o.a.w.Dump.shouldDumpOnExit abort
14:12:58.541 [main] DEBUG org.aspectj.weaver.Dump - 14:12:58.541 main < o.a.w.Dump.shouldDumpOnExit false
14:12:58.541 [main] DEBUG org.aspectj.weaver.Dump - 14:12:58.541 main < o.a.w.Dump.dumpOnExit Excluded
14:12:58.541 [main] DEBUG org.aspectj.weaver.loadtime.Aj - 14:12:58.541 main < o.a.w.l.Aj.preProcess byte[774]
14:12:58.542 [main] DEBUG org.aspectj.weaver.loadtime.Aj - 14:12:58.542 main > o.a.w.l.Aj.preProcess o.a.w.l.Aj@b9afc07 org/openqa/selenium/support/How$10, byte[794], j.i.l.ClassLoaders$AppClassLoader@3cd1a2f1
14:12:58.543 [main] DEBUG org.aspectj.weaver.loadtime.Aj - 14:12:58.542 main - o.a.w.l.Aj.preProcess o.a.w.l.Aj@b9afc07 j.i.l.ClassLoaders$PlatformClassLoader@1ad282e0, j.i.l.ClassLoaders$AppClassLoader@3cd1a2f1
14:12:58.543 [main] DEBUG o.a.weaver.tools.WeavingAdaptor - 14:12:58.543 main > o.a.w.t.WeavingAdaptor.weaveClass o.a.w.l.ClassLoaderWeavingAdaptor@140e5a13 org/openqa/selenium/support/How$10, byte[794]
14:12:58.543 [main] DEBUG org.aspectj.weaver.bcel.BcelWeaver - 14:12:58.543 main > o.a.w.b.BcelWeaver.weave o.a.w.b.BcelWeaver@48524010 o.a.w.t.WeavingAdaptor$WeavingClassFileProvider@33ccc8cd
14:12:58.543 [main] DEBUG org.aspectj.weaver.bcel.BcelWeaver - 14:12:58.543 main > o.a.w.b.BcelWeaver.weaveAndNotify o.a.w.b.BcelWeaver@48524010 o.a.w.b.UnwovenClassFile@76b9056d, o.a.w.b.BcelObjectType@2a9e261d, o.a.w.t.WeavingAdaptor$WeavingClassFileProvider$1@4bcfa08b
14:12:58.543 [main] DEBUG org.aspectj.weaver.bcel.BcelWeaver - 14:12:58.543 main < o.a.w.b.BcelWeaver.weaveAndNotify
14:12:58.543 [main] DEBUG org.aspectj.weaver.bcel.BcelWeaver - 14:12:58.543 main < o.a.w.b.BcelWeaver.weave java.util.ArrayList(1)
14:12:58.543 [main] DEBUG o.a.weaver.tools.WeavingAdaptor - 14:12:58.543 main < o.a.w.t.WeavingAdaptor.weaveClass byte[794]
14:12:58.543 [main] DEBUG org.aspectj.weaver.Dump - 14:12:58.543 main > o.a.w.Dump.dumpOnExit o.a.w.t.WeavingAdaptor$WeavingAdaptorMessageHolder@6a6afff2
14:12:58.543 [main] DEBUG org.aspectj.weaver.Dump - 14:12:58.543 main > o.a.w.Dump.shouldDumpOnExit o.a.w.t.WeavingAdaptor$WeavingAdaptorMessageHolder@6a6afff2
14:12:58.543 [main] DEBUG org.aspectj.weaver.Dump - 14:12:58.543 main - o.a.w.Dump.shouldDumpOnExit abort
14:12:58.544 [main] DEBUG org.aspectj.weaver.Dump - 14:12:58.543 main < o.a.w.Dump.shouldDumpOnExit false
14:12:58.544 [main] DEBUG org.aspectj.weaver.Dump - 14:12:58.544 main < o.a.w.Dump.dumpOnExit Excluded
14:12:58.544 [main] DEBUG org.aspectj.weaver.loadtime.Aj - 14:12:58.544 main < o.a.w.l.Aj.preProcess byte[794]
14:12:58.550 [main] DEBUG org.aspectj.weaver.loadtime.Aj - 14:12:58.550 main > o.a.w.l.Aj.preProcess o.a.w.l.Aj@b9afc07 org/openqa/selenium/support/PageFactoryFinder, byte[449], j.i.l.ClassLoaders$AppClassLoader@3cd1a2f1
14:12:58.550 [main] DEBUG org.aspectj.weaver.loadtime.Aj - 14:12:58.550 main - o.a.w.l.Aj.preProcess o.a.w.l.Aj@b9afc07 j.i.l.ClassLoaders$PlatformClassLoader@1ad282e0, j.i.l.ClassLoaders$AppClassLoader@3cd1a2f1
14:12:58.550 [main] DEBUG o.a.weaver.tools.WeavingAdaptor - 14:12:58.550 main > o.a.w.t.WeavingAdaptor.weaveClass o.a.w.l.ClassLoaderWeavingAdaptor@140e5a13 org/openqa/selenium/support/PageFactoryFinder, byte[449]
14:12:58.550 [main] DEBUG org.aspectj.weaver.bcel.BcelWeaver - 14:12:58.550 main > o.a.w.b.BcelWeaver.weave o.a.w.b.BcelWeaver@48524010 o.a.w.t.WeavingAdaptor$WeavingClassFileProvider@13e76a91
14:12:58.550 [main] DEBUG org.aspectj.weaver.bcel.BcelWeaver - 14:12:58.550 main > o.a.w.b.BcelWeaver.weaveAndNotify o.a.w.b.BcelWeaver@48524010 o.a.w.b.UnwovenClassFile@69c03fa2, o.a.w.b.BcelObjectType@37c5a3c7, o.a.w.t.WeavingAdaptor$WeavingClassFileProvider$1@5f0b2fe1
14:12:58.551 [main] DEBUG org.aspectj.weaver.bcel.BcelWeaver - 14:12:58.551 main < o.a.w.b.BcelWeaver.weaveAndNotify
14:12:58.551 [main] DEBUG org.aspectj.weaver.bcel.BcelWeaver - 14:12:58.551 main < o.a.w.b.BcelWeaver.weave java.util.ArrayList(1)
14:12:58.551 [main] DEBUG o.a.weaver.tools.WeavingAdaptor - 14:12:58.551 main < o.a.w.t.WeavingAdaptor.weaveClass byte[449]
14:12:58.551 [main] DEBUG org.aspectj.weaver.Dump - 14:12:58.551 main > o.a.w.Dump.dumpOnExit o.a.w.t.WeavingAdaptor$WeavingAdaptorMessageHolder@6a6afff2
14:12:58.551 [main] DEBUG org.aspectj.weaver.Dump - 14:12:58.551 main > o.a.w.Dump.shouldDumpOnExit o.a.w.t.WeavingAdaptor$WeavingAdaptorMessageHolder@6a6afff2
14:12:58.551 [main] DEBUG org.aspectj.weaver.Dump - 14:12:58.551 main - o.a.w.Dump.shouldDumpOnExit abort
14:12:58.551 [main] DEBUG org.aspectj.weaver.Dump - 14:12:58.551 main < o.a.w.Dump.shouldDumpOnExit false
14:12:58.551 [main] DEBUG org.aspectj.weaver.Dump - 14:12:58.551 main < o.a.w.Dump.dumpOnExit Excluded
14:12:58.551 [main] DEBUG org.aspectj.weaver.loadtime.Aj - 14:12:58.551 main < o.a.w.l.Aj.preProcess byte[449]
14:12:58.567 [main] DEBUG org.aspectj.weaver.loadtime.Aj - 14:12:58.567 main > o.a.w.l.Aj.preProcess o.a.w.l.Aj@b9afc07 jdk/proxy2/$Proxy17, byte[4039], j.i.l.ClassLoaders$AppClassLoader@3cd1a2f1
14:12:58.568 [main] DEBUG org.aspectj.weaver.loadtime.Aj - 14:12:58.568 main - o.a.w.l.Aj.preProcess o.a.w.l.Aj@b9afc07 j.i.l.ClassLoaders$PlatformClassLoader@1ad282e0, j.i.l.ClassLoaders$AppClassLoader@3cd1a2f1
14:12:58.568 [main] DEBUG o.a.weaver.tools.WeavingAdaptor - 14:12:58.568 main > o.a.w.t.WeavingAdaptor.weaveClass o.a.w.l.ClassLoaderWeavingAdaptor@140e5a13 jdk/proxy2/$Proxy17, byte[4039]
14:12:58.568 [main] DEBUG org.aspectj.weaver.bcel.BcelWeaver - 14:12:58.568 main > o.a.w.b.BcelWeaver.weave o.a.w.b.BcelWeaver@48524010 o.a.w.t.WeavingAdaptor$WeavingClassFileProvider@5effc15d
14:12:58.569 [main] DEBUG org.aspectj.weaver.bcel.BcelWorld - 14:12:58.569 main - o.a.w.b.BcelWorld.lookupJavaClass o.a.w.l.LTWWorld@2b4a2ec7 java.lang.reflect.Proxy, o.a.a.b.c.JavaClass@3374b5bc
14:12:58.569 [main] DEBUG org.aspectj.weaver.bcel.BcelWeaver - 14:12:58.569 main > o.a.w.b.BcelWeaver.weaveAndNotify o.a.w.b.BcelWeaver@48524010 o.a.w.b.UnwovenClassFile@2a7ed9bd, o.a.w.b.BcelObjectType@7ba38cce, o.a.w.t.WeavingAdaptor$WeavingClassFileProvider$1@28dae87e
14:12:58.571 [main] DEBUG org.aspectj.weaver.bcel.BcelWorld - 14:12:58.571 main - o.a.w.b.BcelWorld.lookupJavaClass o.a.w.l.LTWWorld@2b4a2ec7 java.lang.invoke.MethodHandles$Lookup, o.a.a.b.c.JavaClass@4a734c04
14:12:58.571 [main] DEBUG org.aspectj.weaver.bcel.BcelWeaver - 14:12:58.571 main < o.a.w.b.BcelWeaver.weaveAndNotify
14:12:58.571 [main] DEBUG org.aspectj.weaver.bcel.BcelWeaver - 14:12:58.571 main < o.a.w.b.BcelWeaver.weave java.util.ArrayList(1)
14:12:58.571 [main] DEBUG o.a.weaver.tools.WeavingAdaptor - 14:12:58.571 main < o.a.w.t.WeavingAdaptor.weaveClass byte[4039]
14:12:58.572 [main] DEBUG org.aspectj.weaver.Dump - 14:12:58.571 main > o.a.w.Dump.dumpOnExit o.a.w.t.WeavingAdaptor$WeavingAdaptorMessageHolder@6a6afff2
14:12:58.572 [main] DEBUG org.aspectj.weaver.Dump - 14:12:58.572 main > o.a.w.Dump.shouldDumpOnExit o.a.w.t.WeavingAdaptor$WeavingAdaptorMessageHolder@6a6afff2
14:12:58.572 [main] DEBUG org.aspectj.weaver.Dump - 14:12:58.572 main - o.a.w.Dump.shouldDumpOnExit abort
14:12:58.572 [main] DEBUG org.aspectj.weaver.Dump - 14:12:58.572 main < o.a.w.Dump.shouldDumpOnExit false
14:12:58.572 [main] DEBUG org.aspectj.weaver.Dump - 14:12:58.572 main < o.a.w.Dump.dumpOnExit Excluded
14:12:58.572 [main] DEBUG org.aspectj.weaver.loadtime.Aj - 14:12:58.572 main < o.a.w.l.Aj.preProcess byte[4039]
14:12:58.575 [main] DEBUG org.aspectj.weaver.loadtime.Aj - 14:12:58.575 main > o.a.w.l.Aj.preProcess o.a.w.l.Aj@b9afc07 org/openqa/selenium/support/FindBys, byte[671], j.i.l.ClassLoaders$AppClassLoader@3cd1a2f1
14:12:58.575 [main] DEBUG org.aspectj.weaver.loadtime.Aj - 14:12:58.575 main - o.a.w.l.Aj.preProcess o.a.w.l.Aj@b9afc07 j.i.l.ClassLoaders$PlatformClassLoader@1ad282e0, j.i.l.ClassLoaders$AppClassLoader@3cd1a2f1
14:12:58.575 [main] DEBUG o.a.weaver.tools.WeavingAdaptor - 14:12:58.575 main > o.a.w.t.WeavingAdaptor.weaveClass o.a.w.l.ClassLoaderWeavingAdaptor@140e5a13 org/openqa/selenium/support/FindBys, byte[671]
14:12:58.576 [main] DEBUG org.aspectj.weaver.bcel.BcelWeaver - 14:12:58.576 main > o.a.w.b.BcelWeaver.weave o.a.w.b.BcelWeaver@48524010 o.a.w.t.WeavingAdaptor$WeavingClassFileProvider@651e3cc9
14:12:58.576 [main] DEBUG org.aspectj.weaver.bcel.BcelWeaver - 14:12:58.576 main > o.a.w.b.BcelWeaver.weaveAndNotify o.a.w.b.BcelWeaver@48524010 o.a.w.b.UnwovenClassFile@45dce9f7, o.a.w.b.BcelObjectType@9da20f1, o.a.w.t.WeavingAdaptor$WeavingClassFileProvider$1@4a52178
14:12:58.576 [main] DEBUG org.aspectj.weaver.bcel.BcelWeaver - 14:12:58.576 main < o.a.w.b.BcelWeaver.weaveAndNotify
14:12:58.576 [main] DEBUG org.aspectj.weaver.bcel.BcelWeaver - 14:12:58.576 main < o.a.w.b.BcelWeaver.weave java.util.ArrayList(1)
14:12:58.576 [main] DEBUG o.a.weaver.tools.WeavingAdaptor - 14:12:58.576 main < o.a.w.t.WeavingAdaptor.weaveClass byte[671]
14:12:58.576 [main] DEBUG org.aspectj.weaver.Dump - 14:12:58.576 main > o.a.w.Dump.dumpOnExit o.a.w.t.WeavingAdaptor$WeavingAdaptorMessageHolder@6a6afff2
14:12:58.576 [main] DEBUG org.aspectj.weaver.Dump - 14:12:58.576 main > o.a.w.Dump.shouldDumpOnExit o.a.w.t.WeavingAdaptor$WeavingAdaptorMessageHolder@6a6afff2
14:12:58.576 [main] DEBUG org.aspectj.weaver.Dump - 14:12:58.576 main - o.a.w.Dump.shouldDumpOnExit abort
14:12:58.576 [main] DEBUG org.aspectj.weaver.Dump - 14:12:58.576 main < o.a.w.Dump.shouldDumpOnExit false
14:12:58.576 [main] DEBUG org.aspectj.weaver.Dump - 14:12:58.576 main < o.a.w.Dump.dumpOnExit Excluded
14:12:58.576 [main] DEBUG org.aspectj.weaver.loadtime.Aj - 14:12:58.576 main < o.a.w.l.Aj.preProcess byte[671]
14:12:58.578 [main] DEBUG org.aspectj.weaver.loadtime.Aj - 14:12:58.577 main > o.a.w.l.Aj.preProcess o.a.w.l.Aj@b9afc07 org/openqa/selenium/support/FindAll, byte[671], j.i.l.ClassLoaders$AppClassLoader@3cd1a2f1
14:12:58.578 [main] DEBUG org.aspectj.weaver.loadtime.Aj - 14:12:58.578 main - o.a.w.l.Aj.preProcess o.a.w.l.Aj@b9afc07 j.i.l.ClassLoaders$PlatformClassLoader@1ad282e0, j.i.l.ClassLoaders$AppClassLoader@3cd1a2f1
14:12:58.578 [main] DEBUG o.a.weaver.tools.WeavingAdaptor - 14:12:58.578 main > o.a.w.t.WeavingAdaptor.weaveClass o.a.w.l.ClassLoaderWeavingAdaptor@140e5a13 org/openqa/selenium/support/FindAll, byte[671]
14:12:58.578 [main] DEBUG org.aspectj.weaver.bcel.BcelWeaver - 14:12:58.578 main > o.a.w.b.BcelWeaver.weave o.a.w.b.BcelWeaver@48524010 o.a.w.t.WeavingAdaptor$WeavingClassFileProvider@1a8042a5
14:12:58.578 [main] DEBUG org.aspectj.weaver.bcel.BcelWeaver - 14:12:58.578 main > o.a.w.b.BcelWeaver.weaveAndNotify o.a.w.b.BcelWeaver@48524010 o.a.w.b.UnwovenClassFile@6be6cb16, o.a.w.b.BcelObjectType@69ee825c, o.a.w.t.WeavingAdaptor$WeavingClassFileProvider$1@5c44bce3
14:12:58.578 [main] DEBUG org.aspectj.weaver.bcel.BcelWeaver - 14:12:58.578 main < o.a.w.b.BcelWeaver.weaveAndNotify
14:12:58.578 [main] DEBUG org.aspectj.weaver.bcel.BcelWeaver - 14:12:58.578 main < o.a.w.b.BcelWeaver.weave java.util.ArrayList(1)
14:12:58.578 [main] DEBUG o.a.weaver.tools.WeavingAdaptor - 14:12:58.578 main < o.a.w.t.WeavingAdaptor.weaveClass byte[671]
14:12:58.578 [main] DEBUG org.aspectj.weaver.Dump - 14:12:58.578 main > o.a.w.Dump.dumpOnExit o.a.w.t.WeavingAdaptor$WeavingAdaptorMessageHolder@6a6afff2
14:12:58.578 [main] DEBUG org.aspectj.weaver.Dump - 14:12:58.578 main > o.a.w.Dump.shouldDumpOnExit o.a.w.t.WeavingAdaptor$WeavingAdaptorMessageHolder@6a6afff2
14:12:58.578 [main] DEBUG org.aspectj.weaver.Dump - 14:12:58.578 main - o.a.w.Dump.shouldDumpOnExit abort
14:12:58.578 [main] DEBUG org.aspectj.weaver.Dump - 14:12:58.578 main < o.a.w.Dump.shouldDumpOnExit false
14:12:58.578 [main] DEBUG org.aspectj.weaver.Dump - 14:12:58.578 main < o.a.w.Dump.dumpOnExit Excluded
14:12:58.578 [main] DEBUG org.aspectj.weaver.loadtime.Aj - 14:12:58.578 main < o.a.w.l.Aj.preProcess byte[671]
14:12:58.581 [main] DEBUG org.aspectj.weaver.loadtime.Aj - 14:12:58.581 main > o.a.w.l.Aj.preProcess o.a.w.l.Aj@b9afc07 org/openqa/selenium/support/FindBy$FindByBuilder, byte[1129], j.i.l.ClassLoaders$AppClassLoader@3cd1a2f1
14:12:58.581 [main] DEBUG org.aspectj.weaver.loadtime.Aj - 14:12:58.581 main - o.a.w.l.Aj.preProcess o.a.w.l.Aj@b9afc07 j.i.l.ClassLoaders$PlatformClassLoader@1ad282e0, j.i.l.ClassLoaders$AppClassLoader@3cd1a2f1
14:12:58.581 [main] DEBUG o.a.weaver.tools.WeavingAdaptor - 14:12:58.581 main > o.a.w.t.WeavingAdaptor.weaveClass o.a.w.l.ClassLoaderWeavingAdaptor@140e5a13 org/openqa/selenium/support/FindBy$FindByBuilder, byte[1129]
14:12:58.581 [main] DEBUG org.aspectj.weaver.bcel.BcelWeaver - 14:12:58.581 main > o.a.w.b.BcelWeaver.weave o.a.w.b.BcelWeaver@48524010 o.a.w.t.WeavingAdaptor$WeavingClassFileProvider@3e5e7f4c
14:12:58.584 [main] DEBUG org.aspectj.weaver.bcel.BcelWorld - 14:12:58.584 main - o.a.w.b.BcelWorld.lookupJavaClass o.a.w.l.LTWWorld@2b4a2ec7 org.openqa.selenium.support.AbstractFindByBuilder, o.a.a.b.c.JavaClass@7b4b6dca
14:12:58.584 [main] DEBUG org.aspectj.weaver.bcel.BcelWeaver - 14:12:58.584 main > o.a.w.b.BcelWeaver.weaveAndNotify o.a.w.b.BcelWeaver@48524010 o.a.w.b.UnwovenClassFile@3622c9f0, o.a.w.b.BcelObjectType@99a89e9, o.a.w.t.WeavingAdaptor$WeavingClassFileProvider$1@5baabba
14:12:58.584 [main] DEBUG org.aspectj.weaver.bcel.BcelWeaver - 14:12:58.584 main < o.a.w.b.BcelWeaver.weaveAndNotify
14:12:58.584 [main] DEBUG org.aspectj.weaver.bcel.BcelWeaver - 14:12:58.584 main < o.a.w.b.BcelWeaver.weave java.util.ArrayList(1)
14:12:58.584 [main] DEBUG o.a.weaver.tools.WeavingAdaptor - 14:12:58.584 main < o.a.w.t.WeavingAdaptor.weaveClass byte[1129]
14:12:58.584 [main] DEBUG org.aspectj.weaver.Dump - 14:12:58.584 main > o.a.w.Dump.dumpOnExit o.a.w.t.WeavingAdaptor$WeavingAdaptorMessageHolder@6a6afff2
14:12:58.584 [main] DEBUG org.aspectj.weaver.Dump - 14:12:58.584 main > o.a.w.Dump.shouldDumpOnExit o.a.w.t.WeavingAdaptor$WeavingAdaptorMessageHolder@6a6afff2
14:12:58.584 [main] DEBUG org.aspectj.weaver.Dump - 14:12:58.584 main - o.a.w.Dump.shouldDumpOnExit abort
14:12:58.584 [main] DEBUG org.aspectj.weaver.Dump - 14:12:58.584 main < o.a.w.Dump.shouldDumpOnExit false
14:12:58.584 [main] DEBUG org.aspectj.weaver.Dump - 14:12:58.584 main < o.a.w.Dump.dumpOnExit Excluded
14:12:58.584 [main] DEBUG org.aspectj.weaver.loadtime.Aj - 14:12:58.584 main < o.a.w.l.Aj.preProcess byte[1129]
14:12:58.585 [main] DEBUG org.aspectj.weaver.loadtime.Aj - 14:12:58.585 main > o.a.w.l.Aj.preProcess o.a.w.l.Aj@b9afc07 org/openqa/selenium/support/AbstractFindByBuilder, byte[4187], j.i.l.ClassLoaders$AppClassLoader@3cd1a2f1
14:12:58.585 [main] DEBUG org.aspectj.weaver.loadtime.Aj - 14:12:58.585 main - o.a.w.l.Aj.preProcess o.a.w.l.Aj@b9afc07 j.i.l.ClassLoaders$PlatformClassLoader@1ad282e0, j.i.l.ClassLoaders$AppClassLoader@3cd1a2f1
14:12:58.585 [main] DEBUG o.a.weaver.tools.WeavingAdaptor - 14:12:58.585 main > o.a.w.t.WeavingAdaptor.weaveClass o.a.w.l.ClassLoaderWeavingAdaptor@140e5a13 org/openqa/selenium/support/AbstractFindByBuilder, byte[4187]
14:12:58.586 [main] DEBUG org.aspectj.weaver.bcel.BcelWeaver - 14:12:58.586 main > o.a.w.b.BcelWeaver.weave o.a.w.b.BcelWeaver@48524010 o.a.w.t.WeavingAdaptor$WeavingClassFileProvider@5035c23c
14:12:58.586 [main] DEBUG org.aspectj.weaver.bcel.BcelWeaver - 14:12:58.586 main > o.a.w.b.BcelWeaver.weaveAndNotify o.a.w.b.BcelWeaver@48524010 o.a.w.b.UnwovenClassFile@4149067d, o.a.w.b.BcelObjectType@4d8458a1, o.a.w.t.WeavingAdaptor$WeavingClassFileProvider$1@2d2c794d
14:12:58.586 [main] DEBUG org.aspectj.weaver.bcel.BcelWeaver - 14:12:58.586 main < o.a.w.b.BcelWeaver.weaveAndNotify
14:12:58.586 [main] DEBUG org.aspectj.weaver.bcel.BcelWeaver - 14:12:58.586 main < o.a.w.b.BcelWeaver.weave java.util.ArrayList(1)
14:12:58.586 [main] DEBUG o.a.weaver.tools.WeavingAdaptor - 14:12:58.586 main < o.a.w.t.WeavingAdaptor.weaveClass byte[4187]
14:12:58.586 [main] DEBUG org.aspectj.weaver.Dump - 14:12:58.586 main > o.a.w.Dump.dumpOnExit o.a.w.t.WeavingAdaptor$WeavingAdaptorMessageHolder@6a6afff2
14:12:58.586 [main] DEBUG org.aspectj.weaver.Dump - 14:12:58.586 main > o.a.w.Dump.shouldDumpOnExit o.a.w.t.WeavingAdaptor$WeavingAdaptorMessageHolder@6a6afff2
14:12:58.586 [main] DEBUG org.aspectj.weaver.Dump - 14:12:58.586 main - o.a.w.Dump.shouldDumpOnExit abort
14:12:58.586 [main] DEBUG org.aspectj.weaver.Dump - 14:12:58.586 main < o.a.w.Dump.shouldDumpOnExit false
14:12:58.586 [main] DEBUG org.aspectj.weaver.Dump - 14:12:58.586 main < o.a.w.Dump.dumpOnExit Excluded
14:12:58.586 [main] DEBUG org.aspectj.weaver.loadtime.Aj - 14:12:58.586 main < o.a.w.l.Aj.preProcess byte[4187]
14:12:58.588 [main] DEBUG org.aspectj.weaver.loadtime.Aj - 14:12:58.588 main > o.a.w.l.Aj.preProcess o.a.w.l.Aj@b9afc07 jdk/proxy2/$Proxy18, byte[2657], j.i.l.ClassLoaders$AppClassLoader@3cd1a2f1
14:12:58.588 [main] DEBUG org.aspectj.weaver.loadtime.Aj - 14:12:58.588 main - o.a.w.l.Aj.preProcess o.a.w.l.Aj@b9afc07 j.i.l.ClassLoaders$PlatformClassLoader@1ad282e0, j.i.l.ClassLoaders$AppClassLoader@3cd1a2f1
14:12:58.589 [main] DEBUG o.a.weaver.tools.WeavingAdaptor - 14:12:58.589 main > o.a.w.t.WeavingAdaptor.weaveClass o.a.w.l.ClassLoaderWeavingAdaptor@140e5a13 jdk/proxy2/$Proxy18, byte[2657]
14:12:58.589 [main] DEBUG org.aspectj.weaver.bcel.BcelWeaver - 14:12:58.589 main > o.a.w.b.BcelWeaver.weave o.a.w.b.BcelWeaver@48524010 o.a.w.t.WeavingAdaptor$WeavingClassFileProvider@35abfeba
14:12:58.589 [main] DEBUG org.aspectj.weaver.bcel.BcelWeaver - 14:12:58.589 main > o.a.w.b.BcelWeaver.weaveAndNotify o.a.w.b.BcelWeaver@48524010 o.a.w.b.UnwovenClassFile@7b031f53, o.a.w.b.BcelObjectType@1b42eb0f, o.a.w.t.WeavingAdaptor$WeavingClassFileProvider$1@6e92f150
14:12:58.590 [main] DEBUG org.aspectj.weaver.bcel.BcelWeaver - 14:12:58.590 main < o.a.w.b.BcelWeaver.weaveAndNotify
14:12:58.590 [main] DEBUG org.aspectj.weaver.bcel.BcelWeaver - 14:12:58.590 main < o.a.w.b.BcelWeaver.weave java.util.ArrayList(1)
14:12:58.590 [main] DEBUG o.a.weaver.tools.WeavingAdaptor - 14:12:58.590 main < o.a.w.t.WeavingAdaptor.weaveClass byte[2657]
14:12:58.590 [main] DEBUG org.aspectj.weaver.Dump - 14:12:58.590 main > o.a.w.Dump.dumpOnExit o.a.w.t.WeavingAdaptor$WeavingAdaptorMessageHolder@6a6afff2
14:12:58.590 [main] DEBUG org.aspectj.weaver.Dump - 14:12:58.590 main > o.a.w.Dump.shouldDumpOnExit o.a.w.t.WeavingAdaptor$WeavingAdaptorMessageHolder@6a6afff2
14:12:58.590 [main] DEBUG org.aspectj.weaver.Dump - 14:12:58.590 main - o.a.w.Dump.shouldDumpOnExit abort
14:12:58.590 [main] DEBUG org.aspectj.weaver.Dump - 14:12:58.590 main < o.a.w.Dump.shouldDumpOnExit false
14:12:58.590 [main] DEBUG org.aspectj.weaver.Dump - 14:12:58.590 main < o.a.w.Dump.dumpOnExit Excluded
14:12:58.590 [main] DEBUG org.aspectj.weaver.loadtime.Aj - 14:12:58.590 main < o.a.w.l.Aj.preProcess byte[2657]
14:12:58.594 [main] DEBUG org.aspectj.weaver.loadtime.Aj - 14:12:58.594 main > o.a.w.l.Aj.preProcess o.a.w.l.Aj@b9afc07 org/openqa/selenium/support/pagefactory/internal/LocatingElementHandler, byte[2062], j.i.l.ClassLoaders$AppClassLoader@3cd1a2f1
14:12:58.594 [main] DEBUG org.aspectj.weaver.loadtime.Aj - 14:12:58.594 main - o.a.w.l.Aj.preProcess o.a.w.l.Aj@b9afc07 j.i.l.ClassLoaders$PlatformClassLoader@1ad282e0, j.i.l.ClassLoaders$AppClassLoader@3cd1a2f1
14:12:58.594 [main] DEBUG o.a.weaver.tools.WeavingAdaptor - 14:12:58.594 main > o.a.w.t.WeavingAdaptor.weaveClass o.a.w.l.ClassLoaderWeavingAdaptor@140e5a13 org/openqa/selenium/support/pagefactory/internal/LocatingElementHandler, byte[2062]
14:12:58.594 [main] DEBUG org.aspectj.weaver.bcel.BcelWeaver - 14:12:58.594 main > o.a.w.b.BcelWeaver.weave o.a.w.b.BcelWeaver@48524010 o.a.w.t.WeavingAdaptor$WeavingClassFileProvider@1f9ec3e7
14:12:58.596 [main] DEBUG org.aspectj.weaver.bcel.BcelWorld - 14:12:58.596 main - o.a.w.b.BcelWorld.lookupJavaClass o.a.w.l.LTWWorld@2b4a2ec7 java.lang.reflect.InvocationHandler, o.a.a.b.c.JavaClass@4f86cd50
14:12:58.597 [main] DEBUG org.aspectj.weaver.bcel.BcelWeaver - 14:12:58.596 main > o.a.w.b.BcelWeaver.weaveAndNotify o.a.w.b.BcelWeaver@48524010 o.a.w.b.UnwovenClassFile@538c90bf, o.a.w.b.BcelObjectType@62bcfa01, o.a.w.t.WeavingAdaptor$WeavingClassFileProvider$1@b549c4a
14:12:58.597 [main] DEBUG org.aspectj.weaver.bcel.BcelWeaver - 14:12:58.597 main < o.a.w.b.BcelWeaver.weaveAndNotify
14:12:58.597 [main] DEBUG org.aspectj.weaver.bcel.BcelWeaver - 14:12:58.597 main < o.a.w.b.BcelWeaver.weave java.util.ArrayList(1)
14:12:58.597 [main] DEBUG o.a.weaver.tools.WeavingAdaptor - 14:12:58.597 main < o.a.w.t.WeavingAdaptor.weaveClass byte[2062]
14:12:58.597 [main] DEBUG org.aspectj.weaver.Dump - 14:12:58.597 main > o.a.w.Dump.dumpOnExit o.a.w.t.WeavingAdaptor$WeavingAdaptorMessageHolder@6a6afff2
14:12:58.597 [main] DEBUG org.aspectj.weaver.Dump - 14:12:58.597 main > o.a.w.Dump.shouldDumpOnExit o.a.w.t.WeavingAdaptor$WeavingAdaptorMessageHolder@6a6afff2
14:12:58.597 [main] DEBUG org.aspectj.weaver.Dump - 14:12:58.597 main - o.a.w.Dump.shouldDumpOnExit abort
14:12:58.597 [main] DEBUG org.aspectj.weaver.Dump - 14:12:58.597 main < o.a.w.Dump.shouldDumpOnExit false
14:12:58.597 [main] DEBUG org.aspectj.weaver.Dump - 14:12:58.597 main < o.a.w.Dump.dumpOnExit Excluded
14:12:58.597 [main] DEBUG org.aspectj.weaver.loadtime.Aj - 14:12:58.597 main < o.a.w.l.Aj.preProcess byte[2062]
14:12:58.604 [AsyncHttpClient-1-1] DEBUG o.a.netty.channel.DefaultChannelPool - Entry count for : http://localhost:53550 : 1
14:12:58.605 [AsyncHttpClient-1-1] DEBUG o.a.netty.channel.DefaultChannelPool - Entry count for : http://localhost:64396 : 1
14:12:58.622 [main] DEBUG org.aspectj.weaver.loadtime.Aj - 14:12:58.622 main > o.a.w.l.Aj.preProcess o.a.w.l.Aj@b9afc07 jdk/proxy2/$Proxy19, byte[7128], j.i.l.ClassLoaders$AppClassLoader@3cd1a2f1
14:12:58.622 [main] DEBUG org.aspectj.weaver.loadtime.Aj - 14:12:58.622 main - o.a.w.l.Aj.preProcess o.a.w.l.Aj@b9afc07 j.i.l.ClassLoaders$PlatformClassLoader@1ad282e0, j.i.l.ClassLoaders$AppClassLoader@3cd1a2f1
14:12:58.622 [main] DEBUG o.a.weaver.tools.WeavingAdaptor - 14:12:58.622 main > o.a.w.t.WeavingAdaptor.weaveClass o.a.w.l.ClassLoaderWeavingAdaptor@140e5a13 jdk/proxy2/$Proxy19, byte[7128]
14:12:58.632 [main] DEBUG org.aspectj.weaver.bcel.BcelWeaver - 14:12:58.627 main > o.a.w.b.BcelWeaver.weave o.a.w.b.BcelWeaver@48524010 o.a.w.t.WeavingAdaptor$WeavingClassFileProvider@2c6b36d7
14:12:58.634 [main] DEBUG org.aspectj.weaver.bcel.BcelWorld - 14:12:58.634 main - o.a.w.b.BcelWorld.lookupJavaClass o.a.w.l.LTWWorld@2b4a2ec7 org.openqa.selenium.WrapsElement, o.a.a.b.c.JavaClass@764bf20d
14:12:58.634 [main] DEBUG org.aspectj.weaver.bcel.BcelWorld - 14:12:58.634 main - o.a.w.b.BcelWorld.lookupJavaClass o.a.w.l.LTWWorld@2b4a2ec7 org.openqa.selenium.interactions.Locatable, o.a.a.b.c.JavaClass@5eabcf77
14:12:58.634 [main] DEBUG org.aspectj.weaver.bcel.BcelWeaver - 14:12:58.634 main > o.a.w.b.BcelWeaver.weaveAndNotify o.a.w.b.BcelWeaver@48524010 o.a.w.b.UnwovenClassFile@363bf9d, o.a.w.b.BcelObjectType@184218af, o.a.w.t.WeavingAdaptor$WeavingClassFileProvider$1@e7423bb
14:12:58.636 [main] DEBUG org.aspectj.weaver.bcel.BcelWorld - 14:12:58.636 main - o.a.w.b.BcelWorld.lookupJavaClass o.a.w.l.LTWWorld@2b4a2ec7 org.openqa.selenium.TakesScreenshot, o.a.a.b.c.JavaClass@520c3dcb
14:12:58.637 [main] DEBUG org.aspectj.weaver.bcel.BcelWorld - 14:12:58.637 main - o.a.w.b.BcelWorld.lookupJavaClass o.a.w.l.LTWWorld@2b4a2ec7 org.openqa.selenium.Point, o.a.a.b.c.JavaClass@5c7d675c
14:12:58.638 [main] DEBUG org.aspectj.weaver.bcel.BcelWorld - 14:12:58.638 main - o.a.w.b.BcelWorld.lookupJavaClass o.a.w.l.LTWWorld@2b4a2ec7 org.openqa.selenium.Dimension, o.a.a.b.c.JavaClass@ad6448e
14:12:58.638 [main] DEBUG org.aspectj.weaver.bcel.BcelWorld - 14:12:58.638 main - o.a.w.b.BcelWorld.lookupJavaClass o.a.w.l.LTWWorld@2b4a2ec7 java.lang.CharSequence, o.a.a.b.c.JavaClass@1458ed9c
14:12:58.639 [main] DEBUG org.aspectj.weaver.bcel.BcelWorld - 14:12:58.639 main - o.a.w.b.BcelWorld.lookupJavaClass o.a.w.l.LTWWorld@2b4a2ec7 org.openqa.selenium.Rectangle, o.a.a.b.c.JavaClass@35bfa7be
14:12:58.639 [main] DEBUG org.aspectj.weaver.bcel.BcelWorld - 14:12:58.639 main - o.a.w.b.BcelWorld.lookupJavaClass o.a.w.l.LTWWorld@2b4a2ec7 org.openqa.selenium.OutputType, o.a.a.b.c.JavaClass@16d61071
14:12:58.639 [main] DEBUG org.aspectj.weaver.bcel.BcelWorld - 14:12:58.639 main - o.a.w.b.BcelWorld.lookupJavaClass o.a.w.l.LTWWorld@2b4a2ec7 org.openqa.selenium.interactions.Coordinates, o.a.a.b.c.JavaClass@1d306d27
14:12:58.639 [main] DEBUG org.aspectj.weaver.bcel.BcelWeaver - 14:12:58.639 main < o.a.w.b.BcelWeaver.weaveAndNotify
14:12:58.640 [main] DEBUG org.aspectj.weaver.bcel.BcelWeaver - 14:12:58.640 main < o.a.w.b.BcelWeaver.weave java.util.ArrayList(1)
14:12:58.640 [main] DEBUG o.a.weaver.tools.WeavingAdaptor - 14:12:58.640 main < o.a.w.t.WeavingAdaptor.weaveClass byte[7128]
14:12:58.640 [main] DEBUG org.aspectj.weaver.Dump - 14:12:58.640 main > o.a.w.Dump.dumpOnExit o.a.w.t.WeavingAdaptor$WeavingAdaptorMessageHolder@6a6afff2
14:12:58.640 [main] DEBUG org.aspectj.weaver.Dump - 14:12:58.640 main > o.a.w.Dump.shouldDumpOnExit o.a.w.t.WeavingAdaptor$WeavingAdaptorMessageHolder@6a6afff2
14:12:58.640 [main] DEBUG org.aspectj.weaver.Dump - 14:12:58.640 main - o.a.w.Dump.shouldDumpOnExit abort
14:12:58.640 [main] DEBUG org.aspectj.weaver.Dump - 14:12:58.640 main < o.a.w.Dump.shouldDumpOnExit false
14:12:58.640 [main] DEBUG org.aspectj.weaver.Dump - 14:12:58.640 main < o.a.w.Dump.dumpOnExit Excluded
14:12:58.640 [main] DEBUG org.aspectj.weaver.loadtime.Aj - 14:12:58.640 main < o.a.w.l.Aj.preProcess byte[7128]
14:12:58.643 [main] DEBUG org.aspectj.weaver.loadtime.Aj - 14:12:58.643 main > o.a.w.l.Aj.preProcess o.a.w.l.Aj@b9afc07 org/openqa/selenium/OutputType$1, byte[1326], j.i.l.ClassLoaders$AppClassLoader@3cd1a2f1
14:12:58.643 [main] DEBUG org.aspectj.weaver.loadtime.Aj - 14:12:58.643 main - o.a.w.l.Aj.preProcess o.a.w.l.Aj@b9afc07 j.i.l.ClassLoaders$PlatformClassLoader@1ad282e0, j.i.l.ClassLoaders$AppClassLoader@3cd1a2f1
14:12:58.643 [main] DEBUG o.a.weaver.tools.WeavingAdaptor - 14:12:58.643 main > o.a.w.t.WeavingAdaptor.weaveClass o.a.w.l.ClassLoaderWeavingAdaptor@140e5a13 org/openqa/selenium/OutputType$1, byte[1326]
14:12:58.643 [main] DEBUG org.aspectj.weaver.bcel.BcelWeaver - 14:12:58.643 main > o.a.w.b.BcelWeaver.weave o.a.w.b.BcelWeaver@48524010 o.a.w.t.WeavingAdaptor$WeavingClassFileProvider@5c1dc4e9
14:12:58.644 [main] DEBUG org.aspectj.weaver.bcel.BcelWeaver - 14:12:58.643 main > o.a.w.b.BcelWeaver.weaveAndNotify o.a.w.b.BcelWeaver@48524010 o.a.w.b.UnwovenClassFile@7731fb94, o.a.w.b.BcelObjectType@48860fb8, o.a.w.t.WeavingAdaptor$WeavingClassFileProvider$1@3343997b
14:12:58.644 [main] DEBUG org.aspectj.weaver.bcel.BcelWeaver - 14:12:58.644 main < o.a.w.b.BcelWeaver.weaveAndNotify
14:12:58.644 [main] DEBUG org.aspectj.weaver.bcel.BcelWeaver - 14:12:58.644 main < o.a.w.b.BcelWeaver.weave java.util.ArrayList(1)
14:12:58.644 [main] DEBUG o.a.weaver.tools.WeavingAdaptor - 14:12:58.644 main < o.a.w.t.WeavingAdaptor.weaveClass byte[1326]
14:12:58.644 [main] DEBUG org.aspectj.weaver.Dump - 14:12:58.644 main > o.a.w.Dump.dumpOnExit o.a.w.t.WeavingAdaptor$WeavingAdaptorMessageHolder@6a6afff2
14:12:58.644 [main] DEBUG org.aspectj.weaver.Dump - 14:12:58.644 main > o.a.w.Dump.shouldDumpOnExit o.a.w.t.WeavingAdaptor$WeavingAdaptorMessageHolder@6a6afff2
14:12:58.644 [main] DEBUG org.aspectj.weaver.Dump - 14:12:58.644 main - o.a.w.Dump.shouldDumpOnExit abort
14:12:58.644 [main] DEBUG org.aspectj.weaver.Dump - 14:12:58.644 main < o.a.w.Dump.shouldDumpOnExit false
14:12:58.644 [main] DEBUG org.aspectj.weaver.Dump - 14:12:58.644 main < o.a.w.Dump.dumpOnExit Excluded
14:12:58.644 [main] DEBUG org.aspectj.weaver.loadtime.Aj - 14:12:58.644 main < o.a.w.l.Aj.preProcess byte[1326]
14:12:58.646 [main] DEBUG org.aspectj.weaver.loadtime.Aj - 14:12:58.646 main > o.a.w.l.Aj.preProcess o.a.w.l.Aj@b9afc07 org/openqa/selenium/OutputType$2, byte[1273], j.i.l.ClassLoaders$AppClassLoader@3cd1a2f1
14:12:58.646 [main] DEBUG org.aspectj.weaver.loadtime.Aj - 14:12:58.646 main - o.a.w.l.Aj.preProcess o.a.w.l.Aj@b9afc07 j.i.l.ClassLoaders$PlatformClassLoader@1ad282e0, j.i.l.ClassLoaders$AppClassLoader@3cd1a2f1
14:12:58.646 [main] DEBUG o.a.weaver.tools.WeavingAdaptor - 14:12:58.646 main > o.a.w.t.WeavingAdaptor.weaveClass o.a.w.l.ClassLoaderWeavingAdaptor@140e5a13 org/openqa/selenium/OutputType$2, byte[1273]
14:12:58.646 [main] DEBUG org.aspectj.weaver.bcel.BcelWeaver - 14:12:58.646 main > o.a.w.b.BcelWeaver.weave o.a.w.b.BcelWeaver@48524010 o.a.w.t.WeavingAdaptor$WeavingClassFileProvider@7b0d42b6
14:12:58.646 [main] DEBUG org.aspectj.weaver.bcel.BcelWeaver - 14:12:58.646 main > o.a.w.b.BcelWeaver.weaveAndNotify o.a.w.b.BcelWeaver@48524010 o.a.w.b.UnwovenClassFile@179af25f, o.a.w.b.BcelObjectType@6a73f164, o.a.w.t.WeavingAdaptor$WeavingClassFileProvider$1@fbb585e
14:12:58.647 [main] DEBUG org.aspectj.weaver.bcel.BcelWeaver - 14:12:58.647 main < o.a.w.b.BcelWeaver.weaveAndNotify
14:12:58.647 [main] DEBUG org.aspectj.weaver.bcel.BcelWeaver - 14:12:58.647 main < o.a.w.b.BcelWeaver.weave java.util.ArrayList(1)
14:12:58.647 [main] DEBUG o.a.weaver.tools.WeavingAdaptor - 14:12:58.647 main < o.a.w.t.WeavingAdaptor.weaveClass byte[1273]
14:12:58.647 [main] DEBUG org.aspectj.weaver.Dump - 14:12:58.647 main > o.a.w.Dump.dumpOnExit o.a.w.t.WeavingAdaptor$WeavingAdaptorMessageHolder@6a6afff2
14:12:58.647 [main] DEBUG org.aspectj.weaver.Dump - 14:12:58.647 main > o.a.w.Dump.shouldDumpOnExit o.a.w.t.WeavingAdaptor$WeavingAdaptorMessageHolder@6a6afff2
14:12:58.647 [main] DEBUG org.aspectj.weaver.Dump - 14:12:58.647 main - o.a.w.Dump.shouldDumpOnExit abort
14:12:58.647 [main] DEBUG org.aspectj.weaver.Dump - 14:12:58.647 main < o.a.w.Dump.shouldDumpOnExit false
14:12:58.647 [main] DEBUG org.aspectj.weaver.Dump - 14:12:58.647 main < o.a.w.Dump.dumpOnExit Excluded
14:12:58.647 [main] DEBUG org.aspectj.weaver.loadtime.Aj - 14:12:58.647 main < o.a.w.l.Aj.preProcess byte[1273]
14:12:58.648 [main] DEBUG org.aspectj.weaver.loadtime.Aj - 14:12:58.648 main > o.a.w.l.Aj.preProcess o.a.w.l.Aj@b9afc07 org/openqa/selenium/OutputType$3, byte[2117], j.i.l.ClassLoaders$AppClassLoader@3cd1a2f1
14:12:58.648 [main] DEBUG org.aspectj.weaver.loadtime.Aj - 14:12:58.648 main - o.a.w.l.Aj.preProcess o.a.w.l.Aj@b9afc07 j.i.l.ClassLoaders$PlatformClassLoader@1ad282e0, j.i.l.ClassLoaders$AppClassLoader@3cd1a2f1
14:12:58.648 [main] DEBUG o.a.weaver.tools.WeavingAdaptor - 14:12:58.648 main > o.a.w.t.WeavingAdaptor.weaveClass o.a.w.l.ClassLoaderWeavingAdaptor@140e5a13 org/openqa/selenium/OutputType$3, byte[2117]
14:12:58.648 [main] DEBUG org.aspectj.weaver.bcel.BcelWeaver - 14:12:58.648 main > o.a.w.b.BcelWeaver.weave o.a.w.b.BcelWeaver@48524010 o.a.w.t.WeavingAdaptor$WeavingClassFileProvider@7e1f88e2
14:12:58.649 [main] DEBUG org.aspectj.weaver.bcel.BcelWeaver - 14:12:58.649 main > o.a.w.b.BcelWeaver.weaveAndNotify o.a.w.b.BcelWeaver@48524010 o.a.w.b.UnwovenClassFile@697f4085, o.a.w.b.BcelObjectType@4d248692, o.a.w.t.WeavingAdaptor$WeavingClassFileProvider$1@55aabc72
14:12:58.649 [main] DEBUG org.aspectj.weaver.bcel.BcelWorld - 14:12:58.649 main - o.a.w.b.BcelWorld.lookupJavaClass o.a.w.l.LTWWorld@2b4a2ec7 java.io.File, o.a.a.b.c.JavaClass@6631f5ca
14:12:58.650 [main] DEBUG org.aspectj.weaver.bcel.BcelWeaver - 14:12:58.650 main < o.a.w.b.BcelWeaver.weaveAndNotify
14:12:58.650 [main] DEBUG org.aspectj.weaver.bcel.BcelWeaver - 14:12:58.650 main < o.a.w.b.BcelWeaver.weave java.util.ArrayList(1)
14:12:58.650 [main] DEBUG o.a.weaver.tools.WeavingAdaptor - 14:12:58.650 main < o.a.w.t.WeavingAdaptor.weaveClass byte[2117]
14:12:58.650 [main] DEBUG org.aspectj.weaver.Dump - 14:12:58.650 main > o.a.w.Dump.dumpOnExit o.a.w.t.WeavingAdaptor$WeavingAdaptorMessageHolder@6a6afff2
14:12:58.650 [main] DEBUG org.aspectj.weaver.Dump - 14:12:58.650 main > o.a.w.Dump.shouldDumpOnExit o.a.w.t.WeavingAdaptor$WeavingAdaptorMessageHolder@6a6afff2
14:12:58.650 [main] DEBUG org.aspectj.weaver.Dump - 14:12:58.650 main - o.a.w.Dump.shouldDumpOnExit abort
14:12:58.650 [main] DEBUG org.aspectj.weaver.Dump - 14:12:58.650 main < o.a.w.Dump.shouldDumpOnExit false
14:12:58.650 [main] DEBUG org.aspectj.weaver.Dump - 14:12:58.650 main < o.a.w.Dump.dumpOnExit Excluded
14:12:58.650 [main] DEBUG org.aspectj.weaver.loadtime.Aj - 14:12:58.650 main < o.a.w.l.Aj.preProcess byte[2117]
14:12:58.660 [Forwarding get on session 7f7237f6b7b416b55350c5691275deb2 to remote] DEBUG o.a.netty.request.NettyRequestSender - Using pooled Channel '[id: 0xa6657862, L:/127.0.0.1:64395 - R:localhost/127.0.0.1:53550]' for 'POST' to 'http://localhost:53550/session/7f7237f6b7b416b55350c5691275deb2/url'
14:12:58.661 [Forwarding get on session 7f7237f6b7b416b55350c5691275deb2 to remote] DEBUG o.a.netty.request.NettyRequestSender - Using open Channel [id: 0xa6657862, L:/127.0.0.1:64395 - R:localhost/127.0.0.1:53550] for POST '/session/7f7237f6b7b416b55350c5691275deb2/url'
14:12:58.662 [AsyncHttpClient-1-8] TRACE i.n.handler.logging.LoggingHandler - [id: 0xa6657862, L:/127.0.0.1:64395 - R:localhost/127.0.0.1:53550] WRITE: 209B
         +-------------------------------------------------+
         |  0  1  2  3  4  5  6  7  8  9  a  b  c  d  e  f |
+--------+-------------------------------------------------+----------------+
|00000000| 50 4f 53 54 20 2f 73 65 73 73 69 6f 6e 2f 37 66 |POST /session/7f|
|00000010| 37 32 33 37 66 36 62 37 62 34 31 36 62 35 35 33 |7237f6b7b416b553|
|00000020| 35 30 63 35 36 39 31 32 37 35 64 65 62 32 2f 75 |50c5691275deb2/u|
|00000030| 72 6c 20 48 54 54 50 2f 31 2e 31 0d 0a 55 73 65 |rl HTTP/1.1..Use|
|00000040| 72 2d 41 67 65 6e 74 3a 20 73 65 6c 65 6e 69 75 |r-Agent: seleniu|
|00000050| 6d 2f 34 2e 34 2e 30 20 28 6a 61 76 61 20 77 69 |m/4.4.0 (java wi|
|00000060| 6e 64 6f 77 73 29 0d 0a 43 6f 6e 74 65 6e 74 2d |ndows)..Content-|
|00000070| 4c 65 6e 67 74 68 3a 20 35 37 0d 0a 43 6f 6e 74 |Length: 57..Cont|
|00000080| 65 6e 74 2d 54 79 70 65 3a 20 61 70 70 6c 69 63 |ent-Type: applic|
|00000090| 61 74 69 6f 6e 2f 6a 73 6f 6e 3b 20 63 68 61 72 |ation/json; char|
|000000a0| 73 65 74 3d 75 74 66 2d 38 0d 0a 68 6f 73 74 3a |set=utf-8..host:|
|000000b0| 20 6c 6f 63 61 6c 68 6f 73 74 3a 35 33 35 35 30 | localhost:53550|
|000000c0| 0d 0a 61 63 63 65 70 74 3a 20 2a 2f 2a 0d 0a 0d |..accept: */*...|
|000000d0| 0a                                              |.               |
+--------+-------------------------------------------------+----------------+
14:12:58.663 [AsyncHttpClient-1-8] TRACE i.n.handler.logging.LoggingHandler - [id: 0xa6657862, L:/127.0.0.1:64395 - R:localhost/127.0.0.1:53550] WRITE: 57B
         +-------------------------------------------------+
         |  0  1  2  3  4  5  6  7  8  9  a  b  c  d  e  f |
+--------+-------------------------------------------------+----------------+
|00000000| 7b 0a 20 20 22 75 72 6c 22 3a 20 22 68 74 74 70 |{.  "url": "http|
|00000010| 73 3a 5c 75 30 30 32 66 5c 75 30 30 32 66 77 77 |s:\u002f\u002fww|
|00000020| 77 2e 77 69 6c 64 62 65 72 72 69 65 73 2e 72 75 |w.wildberries.ru|
|00000030| 5c 75 30 30 32 66 22 0a 7d                      |\u002f".}       |
+--------+-------------------------------------------------+----------------+
14:12:58.663 [AsyncHttpClient-1-8] TRACE i.n.handler.logging.LoggingHandler - [id: 0xa6657862, L:/127.0.0.1:64395 - R:localhost/127.0.0.1:53550] FLUSH
14:12:58.663 [AsyncHttpClient-1-8] TRACE i.n.handler.logging.LoggingHandler - [id: 0xa6657862, L:/127.0.0.1:64395 - R:localhost/127.0.0.1:53550] WRITE: 0B
14:12:58.663 [AsyncHttpClient-1-8] TRACE i.n.handler.logging.LoggingHandler - [id: 0xa6657862, L:/127.0.0.1:64395 - R:localhost/127.0.0.1:53550] FLUSH
14:12:59.686 [AsyncHttpClient-1-1] DEBUG o.a.netty.channel.DefaultChannelPool - Entry count for : http://localhost:64396 : 1
14:13:00.802 [AsyncHttpClient-1-1] DEBUG o.a.netty.channel.DefaultChannelPool - Entry count for : http://localhost:64396 : 1
14:13:01.893 [AsyncHttpClient-1-1] DEBUG o.a.netty.channel.DefaultChannelPool - Entry count for : http://localhost:64396 : 1
14:13:02.369 [AsyncHttpClient-1-8] TRACE i.n.handler.logging.LoggingHandler - [id: 0xa6657862, L:/127.0.0.1:64395 - R:localhost/127.0.0.1:53550] READ: 122B
         +-------------------------------------------------+
         |  0  1  2  3  4  5  6  7  8  9  a  b  c  d  e  f |
+--------+-------------------------------------------------+----------------+
|00000000| 48 54 54 50 2f 31 2e 31 20 32 30 30 20 4f 4b 0d |HTTP/1.1 200 OK.|
|00000010| 0a 43 6f 6e 74 65 6e 74 2d 4c 65 6e 67 74 68 3a |.Content-Length:|
|00000020| 31 34 0d 0a 43 6f 6e 74 65 6e 74 2d 54 79 70 65 |14..Content-Type|
|00000030| 3a 61 70 70 6c 69 63 61 74 69 6f 6e 2f 6a 73 6f |:application/jso|
|00000040| 6e 3b 20 63 68 61 72 73 65 74 3d 75 74 66 2d 38 |n; charset=utf-8|
|00000050| 0d 0a 63 61 63 68 65 2d 63 6f 6e 74 72 6f 6c 3a |..cache-control:|
|00000060| 6e 6f 2d 63 61 63 68 65 0d 0a 0d 0a 7b 22 76 61 |no-cache....{"va|
|00000070| 6c 75 65 22 3a 6e 75 6c 6c 7d                   |lue":null}      |
+--------+-------------------------------------------------+----------------+
14:13:02.370 [AsyncHttpClient-1-8] DEBUG o.a.netty.handler.HttpHandler - 

Request DefaultHttpRequest(decodeResult: success, version: HTTP/1.1)
POST /session/7f7237f6b7b416b55350c5691275deb2/url HTTP/1.1
User-Agent: selenium/4.4.0 (java windows)
Content-Length: 57
Content-Type: application/json; charset=utf-8
host: localhost:53550
accept: */*

Response DefaultHttpResponse(decodeResult: success, version: HTTP/1.1)
HTTP/1.1 200 OK
Content-Type: application/json; charset=utf-8
cache-control: no-cache
content-length: 14

14:13:02.370 [AsyncHttpClient-1-8] DEBUG o.a.netty.channel.ChannelManager - Adding key: http://localhost:53550 for channel [id: 0xa6657862, L:/127.0.0.1:64395 - R:localhost/127.0.0.1:53550]
14:13:02.371 [AsyncHttpClient-1-8] TRACE i.n.handler.logging.LoggingHandler - [id: 0xa6657862, L:/127.0.0.1:64395 - R:localhost/127.0.0.1:53550] READ COMPLETE
14:13:02.376 [Forwarding findElement on session 7f7237f6b7b416b55350c5691275deb2 to remote] DEBUG o.a.netty.request.NettyRequestSender - Using pooled Channel '[id: 0xa6657862, L:/127.0.0.1:64395 - R:localhost/127.0.0.1:53550]' for 'POST' to 'http://localhost:53550/session/7f7237f6b7b416b55350c5691275deb2/element'
14:13:02.376 [Forwarding findElement on session 7f7237f6b7b416b55350c5691275deb2 to remote] DEBUG o.a.netty.request.NettyRequestSender - Using open Channel [id: 0xa6657862, L:/127.0.0.1:64395 - R:localhost/127.0.0.1:53550] for POST '/session/7f7237f6b7b416b55350c5691275deb2/element'
14:13:02.379 [AsyncHttpClient-1-8] TRACE i.n.handler.logging.LoggingHandler - [id: 0xa6657862, L:/127.0.0.1:64395 - R:localhost/127.0.0.1:53550] WRITE: 214B
         +-------------------------------------------------+
         |  0  1  2  3  4  5  6  7  8  9  a  b  c  d  e  f |
+--------+-------------------------------------------------+----------------+
|00000000| 50 4f 53 54 20 2f 73 65 73 73 69 6f 6e 2f 37 66 |POST /session/7f|
|00000010| 37 32 33 37 66 36 62 37 62 34 31 36 62 35 35 33 |7237f6b7b416b553|
|00000020| 35 30 63 35 36 39 31 32 37 35 64 65 62 32 2f 65 |50c5691275deb2/e|
|00000030| 6c 65 6d 65 6e 74 20 48 54 54 50 2f 31 2e 31 0d |lement HTTP/1.1.|
|00000040| 0a 55 73 65 72 2d 41 67 65 6e 74 3a 20 73 65 6c |.User-Agent: sel|
|00000050| 65 6e 69 75 6d 2f 34 2e 34 2e 30 20 28 6a 61 76 |enium/4.4.0 (jav|
|00000060| 61 20 77 69 6e 64 6f 77 73 29 0d 0a 43 6f 6e 74 |a windows)..Cont|
|00000070| 65 6e 74 2d 4c 65 6e 67 74 68 3a 20 31 30 35 0d |ent-Length: 105.|
|00000080| 0a 43 6f 6e 74 65 6e 74 2d 54 79 70 65 3a 20 61 |.Content-Type: a|
|00000090| 70 70 6c 69 63 61 74 69 6f 6e 2f 6a 73 6f 6e 3b |pplication/json;|
|000000a0| 20 63 68 61 72 73 65 74 3d 75 74 66 2d 38 0d 0a | charset=utf-8..|
|000000b0| 68 6f 73 74 3a 20 6c 6f 63 61 6c 68 6f 73 74 3a |host: localhost:|
|000000c0| 35 33 35 35 30 0d 0a 61 63 63 65 70 74 3a 20 2a |53550..accept: *|
|000000d0| 2f 2a 0d 0a 0d 0a                               |/*....          |
+--------+-------------------------------------------------+----------------+
14:13:02.379 [AsyncHttpClient-1-8] TRACE i.n.handler.logging.LoggingHandler - [id: 0xa6657862, L:/127.0.0.1:64395 - R:localhost/127.0.0.1:53550] WRITE: 105B
         +-------------------------------------------------+
         |  0  1  2  3  4  5  6  7  8  9  a  b  c  d  e  f |
+--------+-------------------------------------------------+----------------+
|00000000| 7b 0a 20 20 22 75 73 69 6e 67 22 3a 20 22 78 70 |{.  "using": "xp|
|00000010| 61 74 68 22 2c 0a 20 20 22 76 61 6c 75 65 22 3a |ath",.  "value":|
|00000020| 20 22 5c 75 30 30 32 66 5c 75 30 30 32 66 62 75 | "\u002f\u002fbu|
|00000030| 74 74 6f 6e 5b 40 61 72 69 61 2d 6c 61 62 65 6c |tton[@aria-label|
|00000040| 3d 27 d0 9d d0 b0 d0 b2 d0 b8 d0 b3 d0 b0 d1 86 |='..............|
|00000050| d0 b8 d1 8f 20 d0 bf d0 be 20 d1 81 d0 b0 d0 b9 |.... .... ......|
|00000060| d1 82 d1 83 27 5d 22 0a 7d                      |....']".}       |
+--------+-------------------------------------------------+----------------+
14:13:02.379 [AsyncHttpClient-1-8] TRACE i.n.handler.logging.LoggingHandler - [id: 0xa6657862, L:/127.0.0.1:64395 - R:localhost/127.0.0.1:53550] FLUSH
14:13:02.379 [AsyncHttpClient-1-8] TRACE i.n.handler.logging.LoggingHandler - [id: 0xa6657862, L:/127.0.0.1:64395 - R:localhost/127.0.0.1:53550] WRITE: 0B
14:13:02.380 [AsyncHttpClient-1-8] TRACE i.n.handler.logging.LoggingHandler - [id: 0xa6657862, L:/127.0.0.1:64395 - R:localhost/127.0.0.1:53550] FLUSH
14:13:02.409 [AsyncHttpClient-1-8] TRACE i.n.handler.logging.LoggingHandler - [id: 0xa6657862, L:/127.0.0.1:64395 - R:localhost/127.0.0.1:53550] READ: 196B
         +-------------------------------------------------+
         |  0  1  2  3  4  5  6  7  8  9  a  b  c  d  e  f |
+--------+-------------------------------------------------+----------------+
|00000000| 48 54 54 50 2f 31 2e 31 20 32 30 30 20 4f 4b 0d |HTTP/1.1 200 OK.|
|00000010| 0a 43 6f 6e 74 65 6e 74 2d 4c 65 6e 67 74 68 3a |.Content-Length:|
|00000020| 38 38 0d 0a 43 6f 6e 74 65 6e 74 2d 54 79 70 65 |88..Content-Type|
|00000030| 3a 61 70 70 6c 69 63 61 74 69 6f 6e 2f 6a 73 6f |:application/jso|
|00000040| 6e 3b 20 63 68 61 72 73 65 74 3d 75 74 66 2d 38 |n; charset=utf-8|
|00000050| 0d 0a 63 61 63 68 65 2d 63 6f 6e 74 72 6f 6c 3a |..cache-control:|
|00000060| 6e 6f 2d 63 61 63 68 65 0d 0a 0d 0a 7b 22 76 61 |no-cache....{"va|
|00000070| 6c 75 65 22 3a 7b 22 65 6c 65 6d 65 6e 74 2d 36 |lue":{"element-6|
|00000080| 30 36 36 2d 31 31 65 34 2d 61 35 32 65 2d 34 66 |066-11e4-a52e-4f|
|00000090| 37 33 35 34 36 36 63 65 63 66 22 3a 22 62 34 30 |735466cecf":"b40|
|000000a0| 61 34 36 32 32 2d 33 65 35 39 2d 34 61 65 37 2d |a4622-3e59-4ae7-|
|000000b0| 38 35 35 62 2d 30 32 65 39 38 34 36 36 66 36 66 |855b-02e98466f6f|
|000000c0| 34 22 7d 7d                                     |4"}}            |
+--------+-------------------------------------------------+----------------+
14:13:02.410 [AsyncHttpClient-1-8] DEBUG o.a.netty.handler.HttpHandler - 

Request DefaultHttpRequest(decodeResult: success, version: HTTP/1.1)
POST /session/7f7237f6b7b416b55350c5691275deb2/element HTTP/1.1
User-Agent: selenium/4.4.0 (java windows)
Content-Length: 105
Content-Type: application/json; charset=utf-8
host: localhost:53550
accept: */*

Response DefaultHttpResponse(decodeResult: success, version: HTTP/1.1)
HTTP/1.1 200 OK
Content-Type: application/json; charset=utf-8
cache-control: no-cache
content-length: 88

14:13:02.410 [AsyncHttpClient-1-8] DEBUG o.a.netty.channel.ChannelManager - Adding key: http://localhost:53550 for channel [id: 0xa6657862, L:/127.0.0.1:64395 - R:localhost/127.0.0.1:53550]
14:13:02.410 [AsyncHttpClient-1-8] TRACE i.n.handler.logging.LoggingHandler - [id: 0xa6657862, L:/127.0.0.1:64395 - R:localhost/127.0.0.1:53550] READ COMPLETE
14:13:02.414 [Forwarding clickElement on session 7f7237f6b7b416b55350c5691275deb2 to remote] DEBUG o.a.netty.request.NettyRequestSender - Using pooled Channel '[id: 0xa6657862, L:/127.0.0.1:64395 - R:localhost/127.0.0.1:53550]' for 'POST' to 'http://localhost:53550/session/7f7237f6b7b416b55350c5691275deb2/element/b40a4622-3e59-4ae7-855b-02e98466f6f4/click'
14:13:02.415 [Forwarding clickElement on session 7f7237f6b7b416b55350c5691275deb2 to remote] DEBUG o.a.netty.request.NettyRequestSender - Using open Channel [id: 0xa6657862, L:/127.0.0.1:64395 - R:localhost/127.0.0.1:53550] for POST '/session/7f7237f6b7b416b55350c5691275deb2/element/b40a4622-3e59-4ae7-855b-02e98466f6f4/click'
14:13:02.415 [AsyncHttpClient-1-8] TRACE i.n.handler.logging.LoggingHandler - [id: 0xa6657862, L:/127.0.0.1:64395 - R:localhost/127.0.0.1:53550] WRITE: 256B
         +-------------------------------------------------+
         |  0  1  2  3  4  5  6  7  8  9  a  b  c  d  e  f |
+--------+-------------------------------------------------+----------------+
|00000000| 50 4f 53 54 20 2f 73 65 73 73 69 6f 6e 2f 37 66 |POST /session/7f|
|00000010| 37 32 33 37 66 36 62 37 62 34 31 36 62 35 35 33 |7237f6b7b416b553|
|00000020| 35 30 63 35 36 39 31 32 37 35 64 65 62 32 2f 65 |50c5691275deb2/e|
|00000030| 6c 65 6d 65 6e 74 2f 62 34 30 61 34 36 32 32 2d |lement/b40a4622-|
|00000040| 33 65 35 39 2d 34 61 65 37 2d 38 35 35 62 2d 30 |3e59-4ae7-855b-0|
|00000050| 32 65 39 38 34 36 36 66 36 66 34 2f 63 6c 69 63 |2e98466f6f4/clic|
|00000060| 6b 20 48 54 54 50 2f 31 2e 31 0d 0a 55 73 65 72 |k HTTP/1.1..User|
|00000070| 2d 41 67 65 6e 74 3a 20 73 65 6c 65 6e 69 75 6d |-Agent: selenium|
|00000080| 2f 34 2e 34 2e 30 20 28 6a 61 76 61 20 77 69 6e |/4.4.0 (java win|
|00000090| 64 6f 77 73 29 0d 0a 43 6f 6e 74 65 6e 74 2d 4c |dows)..Content-L|
|000000a0| 65 6e 67 74 68 3a 20 35 30 0d 0a 43 6f 6e 74 65 |ength: 50..Conte|
|000000b0| 6e 74 2d 54 79 70 65 3a 20 61 70 70 6c 69 63 61 |nt-Type: applica|
|000000c0| 74 69 6f 6e 2f 6a 73 6f 6e 3b 20 63 68 61 72 73 |tion/json; chars|
|000000d0| 65 74 3d 75 74 66 2d 38 0d 0a 68 6f 73 74 3a 20 |et=utf-8..host: |
|000000e0| 6c 6f 63 61 6c 68 6f 73 74 3a 35 33 35 35 30 0d |localhost:53550.|
|000000f0| 0a 61 63 63 65 70 74 3a 20 2a 2f 2a 0d 0a 0d 0a |.accept: */*....|
+--------+-------------------------------------------------+----------------+
14:13:02.416 [AsyncHttpClient-1-8] TRACE i.n.handler.logging.LoggingHandler - [id: 0xa6657862, L:/127.0.0.1:64395 - R:localhost/127.0.0.1:53550] WRITE: 50B
         +-------------------------------------------------+
         |  0  1  2  3  4  5  6  7  8  9  a  b  c  d  e  f |
+--------+-------------------------------------------------+----------------+
|00000000| 7b 0a 20 20 22 69 64 22 3a 20 22 62 34 30 61 34 |{.  "id": "b40a4|
|00000010| 36 32 32 2d 33 65 35 39 2d 34 61 65 37 2d 38 35 |622-3e59-4ae7-85|
|00000020| 35 62 2d 30 32 65 39 38 34 36 36 66 36 66 34 22 |5b-02e98466f6f4"|
|00000030| 0a 7d                                           |.}              |
+--------+-------------------------------------------------+----------------+
14:13:02.416 [AsyncHttpClient-1-8] TRACE i.n.handler.logging.LoggingHandler - [id: 0xa6657862, L:/127.0.0.1:64395 - R:localhost/127.0.0.1:53550] FLUSH
14:13:02.416 [AsyncHttpClient-1-8] TRACE i.n.handler.logging.LoggingHandler - [id: 0xa6657862, L:/127.0.0.1:64395 - R:localhost/127.0.0.1:53550] WRITE: 0B
14:13:02.416 [AsyncHttpClient-1-8] TRACE i.n.handler.logging.LoggingHandler - [id: 0xa6657862, L:/127.0.0.1:64395 - R:localhost/127.0.0.1:53550] FLUSH
14:13:02.516 [AsyncHttpClient-1-8] TRACE i.n.handler.logging.LoggingHandler - [id: 0xa6657862, L:/127.0.0.1:64395 - R:localhost/127.0.0.1:53550] READ: 122B
         +-------------------------------------------------+
         |  0  1  2  3  4  5  6  7  8  9  a  b  c  d  e  f |
+--------+-------------------------------------------------+----------------+
|00000000| 48 54 54 50 2f 31 2e 31 20 32 30 30 20 4f 4b 0d |HTTP/1.1 200 OK.|
|00000010| 0a 43 6f 6e 74 65 6e 74 2d 4c 65 6e 67 74 68 3a |.Content-Length:|
|00000020| 31 34 0d 0a 43 6f 6e 74 65 6e 74 2d 54 79 70 65 |14..Content-Type|
|00000030| 3a 61 70 70 6c 69 63 61 74 69 6f 6e 2f 6a 73 6f |:application/jso|
|00000040| 6e 3b 20 63 68 61 72 73 65 74 3d 75 74 66 2d 38 |n; charset=utf-8|
|00000050| 0d 0a 63 61 63 68 65 2d 63 6f 6e 74 72 6f 6c 3a |..cache-control:|
|00000060| 6e 6f 2d 63 61 63 68 65 0d 0a 0d 0a 7b 22 76 61 |no-cache....{"va|
|00000070| 6c 75 65 22 3a 6e 75 6c 6c 7d                   |lue":null}      |
+--------+-------------------------------------------------+----------------+
14:13:02.516 [AsyncHttpClient-1-8] DEBUG o.a.netty.handler.HttpHandler - 

Request DefaultHttpRequest(decodeResult: success, version: HTTP/1.1)
POST /session/7f7237f6b7b416b55350c5691275deb2/element/b40a4622-3e59-4ae7-855b-02e98466f6f4/click HTTP/1.1
User-Agent: selenium/4.4.0 (java windows)
Content-Length: 50
Content-Type: application/json; charset=utf-8
host: localhost:53550
accept: */*

Response DefaultHttpResponse(decodeResult: success, version: HTTP/1.1)
HTTP/1.1 200 OK
Content-Type: application/json; charset=utf-8
cache-control: no-cache
content-length: 14

14:13:02.517 [AsyncHttpClient-1-8] DEBUG o.a.netty.channel.ChannelManager - Adding key: http://localhost:53550 for channel [id: 0xa6657862, L:/127.0.0.1:64395 - R:localhost/127.0.0.1:53550]
14:13:02.517 [AsyncHttpClient-1-8] TRACE i.n.handler.logging.LoggingHandler - [id: 0xa6657862, L:/127.0.0.1:64395 - R:localhost/127.0.0.1:53550] READ COMPLETE
14:13:02.521 [Forwarding findElement on session 7f7237f6b7b416b55350c5691275deb2 to remote] DEBUG o.a.netty.request.NettyRequestSender - Using pooled Channel '[id: 0xa6657862, L:/127.0.0.1:64395 - R:localhost/127.0.0.1:53550]' for 'POST' to 'http://localhost:53550/session/7f7237f6b7b416b55350c5691275deb2/element'
14:13:02.521 [Forwarding findElement on session 7f7237f6b7b416b55350c5691275deb2 to remote] DEBUG o.a.netty.request.NettyRequestSender - Using open Channel [id: 0xa6657862, L:/127.0.0.1:64395 - R:localhost/127.0.0.1:53550] for POST '/session/7f7237f6b7b416b55350c5691275deb2/element'
14:13:02.522 [AsyncHttpClient-1-8] TRACE i.n.handler.logging.LoggingHandler - [id: 0xa6657862, L:/127.0.0.1:64395 - R:localhost/127.0.0.1:53550] WRITE: 213B
         +-------------------------------------------------+
         |  0  1  2  3  4  5  6  7  8  9  a  b  c  d  e  f |
+--------+-------------------------------------------------+----------------+
|00000000| 50 4f 53 54 20 2f 73 65 73 73 69 6f 6e 2f 37 66 |POST /session/7f|
|00000010| 37 32 33 37 66 36 62 37 62 34 31 36 62 35 35 33 |7237f6b7b416b553|
|00000020| 35 30 63 35 36 39 31 32 37 35 64 65 62 32 2f 65 |50c5691275deb2/e|
|00000030| 6c 65 6d 65 6e 74 20 48 54 54 50 2f 31 2e 31 0d |lement HTTP/1.1.|
|00000040| 0a 55 73 65 72 2d 41 67 65 6e 74 3a 20 73 65 6c |.User-Agent: sel|
|00000050| 65 6e 69 75 6d 2f 34 2e 34 2e 30 20 28 6a 61 76 |enium/4.4.0 (jav|
|00000060| 61 20 77 69 6e 64 6f 77 73 29 0d 0a 43 6f 6e 74 |a windows)..Cont|
|00000070| 65 6e 74 2d 4c 65 6e 67 74 68 3a 20 37 32 0d 0a |ent-Length: 72..|
|00000080| 43 6f 6e 74 65 6e 74 2d 54 79 70 65 3a 20 61 70 |Content-Type: ap|
|00000090| 70 6c 69 63 61 74 69 6f 6e 2f 6a 73 6f 6e 3b 20 |plication/json; |
|000000a0| 63 68 61 72 73 65 74 3d 75 74 66 2d 38 0d 0a 68 |charset=utf-8..h|
|000000b0| 6f 73 74 3a 20 6c 6f 63 61 6c 68 6f 73 74 3a 35 |ost: localhost:5|
|000000c0| 33 35 35 30 0d 0a 61 63 63 65 70 74 3a 20 2a 2f |3550..accept: */|
|000000d0| 2a 0d 0a 0d 0a                                  |*....           |
+--------+-------------------------------------------------+----------------+
14:13:02.522 [AsyncHttpClient-1-8] TRACE i.n.handler.logging.LoggingHandler - [id: 0xa6657862, L:/127.0.0.1:64395 - R:localhost/127.0.0.1:53550] WRITE: 72B
         +-------------------------------------------------+
         |  0  1  2  3  4  5  6  7  8  9  a  b  c  d  e  f |
+--------+-------------------------------------------------+----------------+
|00000000| 7b 0a 20 20 22 75 73 69 6e 67 22 3a 20 22 78 70 |{.  "using": "xp|
|00000010| 61 74 68 22 2c 0a 20 20 22 76 61 6c 75 65 22 3a |ath",.  "value":|
|00000020| 20 22 5c 75 30 30 32 66 5c 75 30 30 32 66 61 5b | "\u002f\u002fa[|
|00000030| 2e 3d 27 d0 96 d0 b5 d0 bd d1 89 d0 b8 d0 bd d0 |.='.............|
|00000040| b0 d0 bc 27 5d 22 0a 7d                         |...']".}        |
+--------+-------------------------------------------------+----------------+
14:13:02.522 [AsyncHttpClient-1-8] TRACE i.n.handler.logging.LoggingHandler - [id: 0xa6657862, L:/127.0.0.1:64395 - R:localhost/127.0.0.1:53550] FLUSH
14:13:02.523 [AsyncHttpClient-1-8] TRACE i.n.handler.logging.LoggingHandler - [id: 0xa6657862, L:/127.0.0.1:64395 - R:localhost/127.0.0.1:53550] WRITE: 0B
14:13:02.523 [AsyncHttpClient-1-8] TRACE i.n.handler.logging.LoggingHandler - [id: 0xa6657862, L:/127.0.0.1:64395 - R:localhost/127.0.0.1:53550] FLUSH
14:13:02.568 [AsyncHttpClient-1-8] TRACE i.n.handler.logging.LoggingHandler - [id: 0xa6657862, L:/127.0.0.1:64395 - R:localhost/127.0.0.1:53550] READ: 196B
         +-------------------------------------------------+
         |  0  1  2  3  4  5  6  7  8  9  a  b  c  d  e  f |
+--------+-------------------------------------------------+----------------+
|00000000| 48 54 54 50 2f 31 2e 31 20 32 30 30 20 4f 4b 0d |HTTP/1.1 200 OK.|
|00000010| 0a 43 6f 6e 74 65 6e 74 2d 4c 65 6e 67 74 68 3a |.Content-Length:|
|00000020| 38 38 0d 0a 43 6f 6e 74 65 6e 74 2d 54 79 70 65 |88..Content-Type|
|00000030| 3a 61 70 70 6c 69 63 61 74 69 6f 6e 2f 6a 73 6f |:application/jso|
|00000040| 6e 3b 20 63 68 61 72 73 65 74 3d 75 74 66 2d 38 |n; charset=utf-8|
|00000050| 0d 0a 63 61 63 68 65 2d 63 6f 6e 74 72 6f 6c 3a |..cache-control:|
|00000060| 6e 6f 2d 63 61 63 68 65 0d 0a 0d 0a 7b 22 76 61 |no-cache....{"va|
|00000070| 6c 75 65 22 3a 7b 22 65 6c 65 6d 65 6e 74 2d 36 |lue":{"element-6|
|00000080| 30 36 36 2d 31 31 65 34 2d 61 35 32 65 2d 34 66 |066-11e4-a52e-4f|
|00000090| 37 33 35 34 36 36 63 65 63 66 22 3a 22 39 35 65 |735466cecf":"95e|
|000000a0| 35 36 39 37 32 2d 37 63 37 63 2d 34 37 35 37 2d |56972-7c7c-4757-|
|000000b0| 38 30 32 39 2d 34 35 32 63 36 65 31 35 62 34 65 |8029-452c6e15b4e|
|000000c0| 37 22 7d 7d                                     |7"}}            |
+--------+-------------------------------------------------+----------------+
14:13:02.569 [AsyncHttpClient-1-8] DEBUG o.a.netty.handler.HttpHandler - 

Request DefaultHttpRequest(decodeResult: success, version: HTTP/1.1)
POST /session/7f7237f6b7b416b55350c5691275deb2/element HTTP/1.1
User-Agent: selenium/4.4.0 (java windows)
Content-Length: 72
Content-Type: application/json; charset=utf-8
host: localhost:53550
accept: */*

Response DefaultHttpResponse(decodeResult: success, version: HTTP/1.1)
HTTP/1.1 200 OK
Content-Type: application/json; charset=utf-8
cache-control: no-cache
content-length: 88

14:13:02.569 [AsyncHttpClient-1-8] DEBUG o.a.netty.channel.ChannelManager - Adding key: http://localhost:53550 for channel [id: 0xa6657862, L:/127.0.0.1:64395 - R:localhost/127.0.0.1:53550]
14:13:02.569 [AsyncHttpClient-1-8] TRACE i.n.handler.logging.LoggingHandler - [id: 0xa6657862, L:/127.0.0.1:64395 - R:localhost/127.0.0.1:53550] READ COMPLETE
14:13:02.573 [main] DEBUG org.aspectj.weaver.loadtime.Aj - 14:13:02.573 main > o.a.w.l.Aj.preProcess o.a.w.l.Aj@b9afc07 org/openqa/selenium/support/ui/ExpectedConditions$10, byte[1649], j.i.l.ClassLoaders$AppClassLoader@3cd1a2f1
14:13:02.573 [main] DEBUG org.aspectj.weaver.loadtime.Aj - 14:13:02.573 main - o.a.w.l.Aj.preProcess o.a.w.l.Aj@b9afc07 j.i.l.ClassLoaders$PlatformClassLoader@1ad282e0, j.i.l.ClassLoaders$AppClassLoader@3cd1a2f1
14:13:02.573 [main] DEBUG o.a.weaver.tools.WeavingAdaptor - 14:13:02.573 main > o.a.w.t.WeavingAdaptor.weaveClass o.a.w.l.ClassLoaderWeavingAdaptor@140e5a13 org/openqa/selenium/support/ui/ExpectedConditions$10, byte[1649]
14:13:02.574 [main] DEBUG org.aspectj.weaver.bcel.BcelWeaver - 14:13:02.573 main > o.a.w.b.BcelWeaver.weave o.a.w.b.BcelWeaver@48524010 o.a.w.t.WeavingAdaptor$WeavingClassFileProvider@5642cd03
14:13:02.574 [main] DEBUG org.aspectj.weaver.bcel.BcelWorld - 14:13:02.574 main - o.a.w.b.BcelWorld.lookupJavaClass o.a.w.l.LTWWorld@2b4a2ec7 org.openqa.selenium.support.ui.ExpectedCondition, o.a.a.b.c.JavaClass@18ce7872
14:13:02.574 [main] DEBUG org.aspectj.weaver.bcel.BcelWeaver - 14:13:02.574 main > o.a.w.b.BcelWeaver.weaveAndNotify o.a.w.b.BcelWeaver@48524010 o.a.w.b.UnwovenClassFile@7caa5387, o.a.w.b.BcelObjectType@7eeabaf3, o.a.w.t.WeavingAdaptor$WeavingClassFileProvider$1@6f5ae4e1
14:13:02.575 [main] DEBUG org.aspectj.weaver.bcel.BcelWorld - 14:13:02.575 main - o.a.w.b.BcelWorld.lookupJavaClass o.a.w.l.LTWWorld@2b4a2ec7 org.openqa.selenium.WebDriver, o.a.a.b.c.JavaClass@7f5614f9
14:13:02.576 [main] DEBUG org.aspectj.weaver.bcel.BcelWeaver - 14:13:02.576 main < o.a.w.b.BcelWeaver.weaveAndNotify
14:13:02.576 [main] DEBUG org.aspectj.weaver.bcel.BcelWeaver - 14:13:02.576 main < o.a.w.b.BcelWeaver.weave java.util.ArrayList(1)
14:13:02.576 [main] DEBUG o.a.weaver.tools.WeavingAdaptor - 14:13:02.576 main < o.a.w.t.WeavingAdaptor.weaveClass byte[1649]
14:13:02.576 [main] DEBUG org.aspectj.weaver.Dump - 14:13:02.576 main > o.a.w.Dump.dumpOnExit o.a.w.t.WeavingAdaptor$WeavingAdaptorMessageHolder@6a6afff2
14:13:02.576 [main] DEBUG org.aspectj.weaver.Dump - 14:13:02.576 main > o.a.w.Dump.shouldDumpOnExit o.a.w.t.WeavingAdaptor$WeavingAdaptorMessageHolder@6a6afff2
14:13:02.576 [main] DEBUG org.aspectj.weaver.Dump - 14:13:02.576 main - o.a.w.Dump.shouldDumpOnExit abort
14:13:02.576 [main] DEBUG org.aspectj.weaver.Dump - 14:13:02.576 main < o.a.w.Dump.shouldDumpOnExit false
14:13:02.576 [main] DEBUG org.aspectj.weaver.Dump - 14:13:02.576 main < o.a.w.Dump.dumpOnExit Excluded
14:13:02.576 [main] DEBUG org.aspectj.weaver.loadtime.Aj - 14:13:02.576 main < o.a.w.l.Aj.preProcess byte[1649]
14:13:02.579 [Forwarding findElement on session 7f7237f6b7b416b55350c5691275deb2 to remote] DEBUG o.a.netty.request.NettyRequestSender - Using pooled Channel '[id: 0xa6657862, L:/127.0.0.1:64395 - R:localhost/127.0.0.1:53550]' for 'POST' to 'http://localhost:53550/session/7f7237f6b7b416b55350c5691275deb2/element'
14:13:02.579 [Forwarding findElement on session 7f7237f6b7b416b55350c5691275deb2 to remote] DEBUG o.a.netty.request.NettyRequestSender - Using open Channel [id: 0xa6657862, L:/127.0.0.1:64395 - R:localhost/127.0.0.1:53550] for POST '/session/7f7237f6b7b416b55350c5691275deb2/element'
14:13:02.580 [AsyncHttpClient-1-8] TRACE i.n.handler.logging.LoggingHandler - [id: 0xa6657862, L:/127.0.0.1:64395 - R:localhost/127.0.0.1:53550] WRITE: 213B
         +-------------------------------------------------+
         |  0  1  2  3  4  5  6  7  8  9  a  b  c  d  e  f |
+--------+-------------------------------------------------+----------------+
|00000000| 50 4f 53 54 20 2f 73 65 73 73 69 6f 6e 2f 37 66 |POST /session/7f|
|00000010| 37 32 33 37 66 36 62 37 62 34 31 36 62 35 35 33 |7237f6b7b416b553|
|00000020| 35 30 63 35 36 39 31 32 37 35 64 65 62 32 2f 65 |50c5691275deb2/e|
|00000030| 6c 65 6d 65 6e 74 20 48 54 54 50 2f 31 2e 31 0d |lement HTTP/1.1.|
|00000040| 0a 55 73 65 72 2d 41 67 65 6e 74 3a 20 73 65 6c |.User-Agent: sel|
|00000050| 65 6e 69 75 6d 2f 34 2e 34 2e 30 20 28 6a 61 76 |enium/4.4.0 (jav|
|00000060| 61 20 77 69 6e 64 6f 77 73 29 0d 0a 43 6f 6e 74 |a windows)..Cont|
|00000070| 65 6e 74 2d 4c 65 6e 67 74 68 3a 20 37 32 0d 0a |ent-Length: 72..|
|00000080| 43 6f 6e 74 65 6e 74 2d 54 79 70 65 3a 20 61 70 |Content-Type: ap|
|00000090| 70 6c 69 63 61 74 69 6f 6e 2f 6a 73 6f 6e 3b 20 |plication/json; |
|000000a0| 63 68 61 72 73 65 74 3d 75 74 66 2d 38 0d 0a 68 |charset=utf-8..h|
|000000b0| 6f 73 74 3a 20 6c 6f 63 61 6c 68 6f 73 74 3a 35 |ost: localhost:5|
|000000c0| 33 35 35 30 0d 0a 61 63 63 65 70 74 3a 20 2a 2f |3550..accept: */|
|000000d0| 2a 0d 0a 0d 0a                                  |*....           |
+--------+-------------------------------------------------+----------------+
14:13:02.581 [AsyncHttpClient-1-8] TRACE i.n.handler.logging.LoggingHandler - [id: 0xa6657862, L:/127.0.0.1:64395 - R:localhost/127.0.0.1:53550] WRITE: 72B
         +-------------------------------------------------+
         |  0  1  2  3  4  5  6  7  8  9  a  b  c  d  e  f |
+--------+-------------------------------------------------+----------------+
|00000000| 7b 0a 20 20 22 75 73 69 6e 67 22 3a 20 22 78 70 |{.  "using": "xp|
|00000010| 61 74 68 22 2c 0a 20 20 22 76 61 6c 75 65 22 3a |ath",.  "value":|
|00000020| 20 22 5c 75 30 30 32 66 5c 75 30 30 32 66 61 5b | "\u002f\u002fa[|
|00000030| 2e 3d 27 d0 96 d0 b5 d0 bd d1 89 d0 b8 d0 bd d0 |.='.............|
|00000040| b0 d0 bc 27 5d 22 0a 7d                         |...']".}        |
+--------+-------------------------------------------------+----------------+
14:13:02.581 [AsyncHttpClient-1-8] TRACE i.n.handler.logging.LoggingHandler - [id: 0xa6657862, L:/127.0.0.1:64395 - R:localhost/127.0.0.1:53550] FLUSH
14:13:02.581 [AsyncHttpClient-1-8] TRACE i.n.handler.logging.LoggingHandler - [id: 0xa6657862, L:/127.0.0.1:64395 - R:localhost/127.0.0.1:53550] WRITE: 0B
14:13:02.581 [AsyncHttpClient-1-8] TRACE i.n.handler.logging.LoggingHandler - [id: 0xa6657862, L:/127.0.0.1:64395 - R:localhost/127.0.0.1:53550] FLUSH
14:13:02.600 [AsyncHttpClient-1-8] TRACE i.n.handler.logging.LoggingHandler - [id: 0xa6657862, L:/127.0.0.1:64395 - R:localhost/127.0.0.1:53550] READ: 196B
         +-------------------------------------------------+
         |  0  1  2  3  4  5  6  7  8  9  a  b  c  d  e  f |
+--------+-------------------------------------------------+----------------+
|00000000| 48 54 54 50 2f 31 2e 31 20 32 30 30 20 4f 4b 0d |HTTP/1.1 200 OK.|
|00000010| 0a 43 6f 6e 74 65 6e 74 2d 4c 65 6e 67 74 68 3a |.Content-Length:|
|00000020| 38 38 0d 0a 43 6f 6e 74 65 6e 74 2d 54 79 70 65 |88..Content-Type|
|00000030| 3a 61 70 70 6c 69 63 61 74 69 6f 6e 2f 6a 73 6f |:application/jso|
|00000040| 6e 3b 20 63 68 61 72 73 65 74 3d 75 74 66 2d 38 |n; charset=utf-8|
|00000050| 0d 0a 63 61 63 68 65 2d 63 6f 6e 74 72 6f 6c 3a |..cache-control:|
|00000060| 6e 6f 2d 63 61 63 68 65 0d 0a 0d 0a 7b 22 76 61 |no-cache....{"va|
|00000070| 6c 75 65 22 3a 7b 22 65 6c 65 6d 65 6e 74 2d 36 |lue":{"element-6|
|00000080| 30 36 36 2d 31 31 65 34 2d 61 35 32 65 2d 34 66 |066-11e4-a52e-4f|
|00000090| 37 33 35 34 36 36 63 65 63 66 22 3a 22 39 35 65 |735466cecf":"95e|
|000000a0| 35 36 39 37 32 2d 37 63 37 63 2d 34 37 35 37 2d |56972-7c7c-4757-|
|000000b0| 38 30 32 39 2d 34 35 32 63 36 65 31 35 62 34 65 |8029-452c6e15b4e|
|000000c0| 37 22 7d 7d                                     |7"}}            |
+--------+-------------------------------------------------+----------------+
14:13:02.601 [AsyncHttpClient-1-8] DEBUG o.a.netty.handler.HttpHandler - 

Request DefaultHttpRequest(decodeResult: success, version: HTTP/1.1)
POST /session/7f7237f6b7b416b55350c5691275deb2/element HTTP/1.1
User-Agent: selenium/4.4.0 (java windows)
Content-Length: 72
Content-Type: application/json; charset=utf-8
host: localhost:53550
accept: */*

Response DefaultHttpResponse(decodeResult: success, version: HTTP/1.1)
HTTP/1.1 200 OK
Content-Type: application/json; charset=utf-8
cache-control: no-cache
content-length: 88

14:13:02.601 [AsyncHttpClient-1-8] DEBUG o.a.netty.channel.ChannelManager - Adding key: http://localhost:53550 for channel [id: 0xa6657862, L:/127.0.0.1:64395 - R:localhost/127.0.0.1:53550]
14:13:02.601 [AsyncHttpClient-1-8] TRACE i.n.handler.logging.LoggingHandler - [id: 0xa6657862, L:/127.0.0.1:64395 - R:localhost/127.0.0.1:53550] READ COMPLETE
14:13:02.807 [Forwarding isElementDisplayed on session 7f7237f6b7b416b55350c5691275deb2 to remote] DEBUG o.a.netty.request.NettyRequestSender - Using pooled Channel '[id: 0xa6657862, L:/127.0.0.1:64395 - R:localhost/127.0.0.1:53550]' for 'POST' to 'http://localhost:53550/session/7f7237f6b7b416b55350c5691275deb2/execute/sync'
14:13:02.807 [Forwarding isElementDisplayed on session 7f7237f6b7b416b55350c5691275deb2 to remote] DEBUG o.a.netty.request.NettyRequestSender - Using open Channel [id: 0xa6657862, L:/127.0.0.1:64395 - R:localhost/127.0.0.1:53550] for POST '/session/7f7237f6b7b416b55350c5691275deb2/execute/sync'
14:13:02.808 [AsyncHttpClient-1-8] TRACE i.n.handler.logging.LoggingHandler - [id: 0xa6657862, L:/127.0.0.1:64395 - R:localhost/127.0.0.1:53550] WRITE: 221B
         +-------------------------------------------------+
         |  0  1  2  3  4  5  6  7  8  9  a  b  c  d  e  f |
+--------+-------------------------------------------------+----------------+
|00000000| 50 4f 53 54 20 2f 73 65 73 73 69 6f 6e 2f 37 66 |POST /session/7f|
|00000010| 37 32 33 37 66 36 62 37 62 34 31 36 62 35 35 33 |7237f6b7b416b553|
|00000020| 35 30 63 35 36 39 31 32 37 35 64 65 62 32 2f 65 |50c5691275deb2/e|
|00000030| 78 65 63 75 74 65 2f 73 79 6e 63 20 48 54 54 50 |xecute/sync HTTP|
|00000040| 2f 31 2e 31 0d 0a 55 73 65 72 2d 41 67 65 6e 74 |/1.1..User-Agent|
|00000050| 3a 20 73 65 6c 65 6e 69 75 6d 2f 34 2e 34 2e 30 |: selenium/4.4.0|
|00000060| 20 28 6a 61 76 61 20 77 69 6e 64 6f 77 73 29 0d | (java windows).|
|00000070| 0a 43 6f 6e 74 65 6e 74 2d 4c 65 6e 67 74 68 3a |.Content-Length:|
|00000080| 20 34 38 37 38 30 0d 0a 43 6f 6e 74 65 6e 74 2d | 48780..Content-|
|00000090| 54 79 70 65 3a 20 61 70 70 6c 69 63 61 74 69 6f |Type: applicatio|
|000000a0| 6e 2f 6a 73 6f 6e 3b 20 63 68 61 72 73 65 74 3d |n/json; charset=|
|000000b0| 75 74 66 2d 38 0d 0a 68 6f 73 74 3a 20 6c 6f 63 |utf-8..host: loc|
|000000c0| 61 6c 68 6f 73 74 3a 35 33 35 35 30 0d 0a 61 63 |alhost:53550..ac|
|000000d0| 63 65 70 74 3a 20 2a 2f 2a 0d 0a 0d 0a          |cept: */*....   |
+--------+-------------------------------------------------+----------------+
14:13:02.810 [AsyncHttpClient-1-8] TRACE i.n.handler.logging.LoggingHandler - [id: 0xa6657862, L:/127.0.0.1:64395 - R:localhost/127.0.0.1:53550] WRITE: 8192B
         +-------------------------------------------------+
         |  0  1  2  3  4  5  6  7  8  9  a  b  c  d  e  f |
+--------+-------------------------------------------------+----------------+
|00000000| 7b 0a 20 20 22 73 63 72 69 70 74 22 3a 20 22 72 |{.  "script": "r|
|00000010| 65 74 75 72 6e 20 28 66 75 6e 63 74 69 6f 6e 28 |eturn (function(|
|00000020| 29 7b 72 65 74 75 72 6e 20 28 66 75 6e 63 74 69 |){return (functi|
|00000030| 6f 6e 28 29 7b 76 61 72 20 6b 3d 74 68 69 73 7c |on(){var k=this||
|00000040| 7c 73 65 6c 66 3b 66 75 6e 63 74 69 6f 6e 20 61 ||self;function a|
|00000050| 61 28 61 29 7b 72 65 74 75 72 6e 5c 22 73 74 72 |a(a){return\"str|
|00000060| 69 6e 67 5c 22 3d 3d 74 79 70 65 6f 66 20 61 7d |ing\"==typeof a}|
|00000070| 66 75 6e 63 74 69 6f 6e 20 62 61 28 61 2c 62 29 |function ba(a,b)|
|00000080| 7b 61 3d 61 2e 73 70 6c 69 74 28 5c 22 2e 5c 22 |{a=a.split(\".\"|
|00000090| 29 3b 76 61 72 20 63 3d 6b 3b 61 5b 30 5d 69 6e |);var c=k;a[0]in|
|000000a0| 20 63 7c 7c 5c 22 75 6e 64 65 66 69 6e 65 64 5c | c||\"undefined\|
|000000b0| 22 3d 3d 74 79 70 65 6f 66 20 63 2e 65 78 65 63 |"==typeof c.exec|
|000000c0| 53 63 72 69 70 74 7c 7c 63 2e 65 78 65 63 53 63 |Script||c.execSc|
|000000d0| 72 69 70 74 28 5c 22 76 61 72 20 5c 22 2b 61 5b |ript(\"var \"+a[|
|000000e0| 30 5d 29 3b 66 6f 72 28 76 61 72 20 64 3b 61 2e |0]);for(var d;a.|
|000000f0| 6c 65 6e 67 74 68 5c 75 30 30 32 36 5c 75 30 30 |length\u0026\u00|
|00000100| 32 36 28 64 3d 61 2e 73 68 69 66 74 28 29 29 3b |26(d=a.shift());|
|00000110| 29 61 2e 6c 65 6e 67 74 68 7c 7c 76 6f 69 64 20 |)a.length||void |
|00000120| 30 3d 3d 3d 62 3f 63 5b 64 5d 5c 75 30 30 32 36 |0===b?c[d]\u0026|
|00000130| 5c 75 30 30 32 36 63 5b 64 5d 21 3d 3d 4f 62 6a |\u0026c[d]!==Obj|
|00000140| 65 63 74 2e 70 72 6f 74 6f 74 79 70 65 5b 64 5d |ect.prototype[d]|
|00000150| 3f 63 3d 63 5b 64 5d 3a 63 3d 63 5b 64 5d 3d 7b |?c=c[d]:c=c[d]={|
|00000160| 7d 3a 63 5b 64 5d 3d 62 7d 5c 6e 66 75 6e 63 74 |}:c[d]=b}\nfunct|
|00000170| 69 6f 6e 20 63 61 28 61 29 7b 76 61 72 20 62 3d |ion ca(a){var b=|
|00000180| 74 79 70 65 6f 66 20 61 3b 69 66 28 5c 22 6f 62 |typeof a;if(\"ob|
|00000190| 6a 65 63 74 5c 22 3d 3d 62 29 69 66 28 61 29 7b |ject\"==b)if(a){|
|000001a0| 69 66 28 61 20 69 6e 73 74 61 6e 63 65 6f 66 20 |if(a instanceof |
|000001b0| 41 72 72 61 79 29 72 65 74 75 72 6e 5c 22 61 72 |Array)return\"ar|
|000001c0| 72 61 79 5c 22 3b 69 66 28 61 20 69 6e 73 74 61 |ray\";if(a insta|
|000001d0| 6e 63 65 6f 66 20 4f 62 6a 65 63 74 29 72 65 74 |nceof Object)ret|
|000001e0| 75 72 6e 20 62 3b 76 61 72 20 63 3d 4f 62 6a 65 |urn b;var c=Obje|
|000001f0| 63 74 2e 70 72 6f 74 6f 74 79 70 65 2e 74 6f 53 |ct.prototype.toS|
|00000200| 74 72 69 6e 67 2e 63 61 6c 6c 28 61 29 3b 69 66 |tring.call(a);if|
|00000210| 28 5c 22 5b 6f 62 6a 65 63 74 20 57 69 6e 64 6f |(\"[object Windo|
|00000220| 77 5d 5c 22 3d 3d 63 29 72 65 74 75 72 6e 5c 22 |w]\"==c)return\"|
|00000230| 6f 62 6a 65 63 74 5c 22 3b 69 66 28 5c 22 5b 6f |object\";if(\"[o|
|00000240| 62 6a 65 63 74 20 41 72 72 61 79 5d 5c 22 3d 3d |bject Array]\"==|
|00000250| 63 7c 7c 5c 22 6e 75 6d 62 65 72 5c 22 3d 3d 74 |c||\"number\"==t|
|00000260| 79 70 65 6f 66 20 61 2e 6c 65 6e 67 74 68 5c 75 |ypeof a.length\u|
|00000270| 30 30 32 36 5c 75 30 30 32 36 5c 22 75 6e 64 65 |0026\u0026\"unde|
|00000280| 66 69 6e 65 64 5c 22 21 3d 74 79 70 65 6f 66 20 |fined\"!=typeof |
|00000290| 61 2e 73 70 6c 69 63 65 5c 75 30 30 32 36 5c 75 |a.splice\u0026\u|
|000002a0| 30 30 32 36 5c 22 75 6e 64 65 66 69 6e 65 64 5c |0026\"undefined\|
|000002b0| 22 21 3d 74 79 70 65 6f 66 20 61 2e 70 72 6f 70 |"!=typeof a.prop|
|000002c0| 65 72 74 79 49 73 45 6e 75 6d 65 72 61 62 6c 65 |ertyIsEnumerable|
|000002d0| 5c 75 30 30 32 36 5c 75 30 30 32 36 21 61 2e 70 |\u0026\u0026!a.p|
|000002e0| 72 6f 70 65 72 74 79 49 73 45 6e 75 6d 65 72 61 |ropertyIsEnumera|
|000002f0| 62 6c 65 28 5c 22 73 70 6c 69 63 65 5c 22 29 29 |ble(\"splice\"))|
|00000300| 72 65 74 75 72 6e 5c 22 61 72 72 61 79 5c 22 3b |return\"array\";|
|00000310| 69 66 28 5c 22 5b 6f 62 6a 65 63 74 20 46 75 6e |if(\"[object Fun|
|00000320| 63 74 69 6f 6e 5d 5c 22 3d 3d 63 7c 7c 5c 22 75 |ction]\"==c||\"u|
|00000330| 6e 64 65 66 69 6e 65 64 5c 22 21 3d 74 79 70 65 |ndefined\"!=type|
|00000340| 6f 66 20 61 2e 63 61 6c 6c 5c 75 30 30 32 36 5c |of a.call\u0026\|
|00000350| 75 30 30 32 36 5c 22 75 6e 64 65 66 69 6e 65 64 |u0026\"undefined|
|00000360| 5c 22 21 3d 74 79 70 65 6f 66 20 61 2e 70 72 6f |\"!=typeof a.pro|
|00000370| 70 65 72 74 79 49 73 45 6e 75 6d 65 72 61 62 6c |pertyIsEnumerabl|
|00000380| 65 5c 75 30 30 32 36 5c 75 30 30 32 36 21 61 2e |e\u0026\u0026!a.|
|00000390| 70 72 6f 70 65 72 74 79 49 73 45 6e 75 6d 65 72 |propertyIsEnumer|
|000003a0| 61 62 6c 65 28 5c 22 63 61 6c 6c 5c 22 29 29 72 |able(\"call\"))r|
|000003b0| 65 74 75 72 6e 5c 22 66 75 6e 63 74 69 6f 6e 5c |eturn\"function\|
|000003c0| 22 7d 65 6c 73 65 20 72 65 74 75 72 6e 5c 22 6e |"}else return\"n|
|000003d0| 75 6c 6c 5c 22 3b 5c 6e 65 6c 73 65 20 69 66 28 |ull\";\nelse if(|
|000003e0| 5c 22 66 75 6e 63 74 69 6f 6e 5c 22 3d 3d 62 5c |\"function\"==b\|
|000003f0| 75 30 30 32 36 5c 75 30 30 32 36 5c 22 75 6e 64 |u0026\u0026\"und|
|00000400| 65 66 69 6e 65 64 5c 22 3d 3d 74 79 70 65 6f 66 |efined\"==typeof|
|00000410| 20 61 2e 63 61 6c 6c 29 72 65 74 75 72 6e 5c 22 | a.call)return\"|
|00000420| 6f 62 6a 65 63 74 5c 22 3b 72 65 74 75 72 6e 20 |object\";return |
|00000430| 62 7d 66 75 6e 63 74 69 6f 6e 20 64 61 28 61 2c |b}function da(a,|
|00000440| 62 2c 63 29 7b 72 65 74 75 72 6e 20 61 2e 63 61 |b,c){return a.ca|
|00000450| 6c 6c 2e 61 70 70 6c 79 28 61 2e 62 69 6e 64 2c |ll.apply(a.bind,|
|00000460| 61 72 67 75 6d 65 6e 74 73 29 7d 66 75 6e 63 74 |arguments)}funct|
|00000470| 69 6f 6e 20 65 61 28 61 2c 62 2c 63 29 7b 69 66 |ion ea(a,b,c){if|
|00000480| 28 21 61 29 74 68 72 6f 77 20 45 72 72 6f 72 28 |(!a)throw Error(|
|00000490| 29 3b 69 66 28 32 5c 75 30 30 33 63 61 72 67 75 |);if(2\u003cargu|
|000004a0| 6d 65 6e 74 73 2e 6c 65 6e 67 74 68 29 7b 76 61 |ments.length){va|
|000004b0| 72 20 64 3d 41 72 72 61 79 2e 70 72 6f 74 6f 74 |r d=Array.protot|
|000004c0| 79 70 65 2e 73 6c 69 63 65 2e 63 61 6c 6c 28 61 |ype.slice.call(a|
|000004d0| 72 67 75 6d 65 6e 74 73 2c 32 29 3b 72 65 74 75 |rguments,2);retu|
|000004e0| 72 6e 20 66 75 6e 63 74 69 6f 6e 28 29 7b 76 61 |rn function(){va|
|000004f0| 72 20 65 3d 41 72 72 61 79 2e 70 72 6f 74 6f 74 |r e=Array.protot|
|00000500| 79 70 65 2e 73 6c 69 63 65 2e 63 61 6c 6c 28 61 |ype.slice.call(a|
|00000510| 72 67 75 6d 65 6e 74 73 29 3b 41 72 72 61 79 2e |rguments);Array.|
|00000520| 70 72 6f 74 6f 74 79 70 65 2e 75 6e 73 68 69 66 |prototype.unshif|
|00000530| 74 2e 61 70 70 6c 79 28 65 2c 64 29 3b 72 65 74 |t.apply(e,d);ret|
|00000540| 75 72 6e 20 61 2e 61 70 70 6c 79 28 62 2c 65 29 |urn a.apply(b,e)|
|00000550| 7d 7d 72 65 74 75 72 6e 20 66 75 6e 63 74 69 6f |}}return functio|
|00000560| 6e 28 29 7b 72 65 74 75 72 6e 20 61 2e 61 70 70 |n(){return a.app|
|00000570| 6c 79 28 62 2c 61 72 67 75 6d 65 6e 74 73 29 7d |ly(b,arguments)}|
|00000580| 7d 5c 6e 66 75 6e 63 74 69 6f 6e 20 66 61 28 61 |}\nfunction fa(a|
|00000590| 2c 62 2c 63 29 7b 46 75 6e 63 74 69 6f 6e 2e 70 |,b,c){Function.p|
|000005a0| 72 6f 74 6f 74 79 70 65 2e 62 69 6e 64 5c 75 30 |rototype.bind\u0|
|000005b0| 30 32 36 5c 75 30 30 32 36 2d 31 21 3d 46 75 6e |026\u0026-1!=Fun|
|000005c0| 63 74 69 6f 6e 2e 70 72 6f 74 6f 74 79 70 65 2e |ction.prototype.|
|000005d0| 62 69 6e 64 2e 74 6f 53 74 72 69 6e 67 28 29 2e |bind.toString().|
|000005e0| 69 6e 64 65 78 4f 66 28 5c 22 6e 61 74 69 76 65 |indexOf(\"native|
|000005f0| 20 63 6f 64 65 5c 22 29 3f 66 61 3d 64 61 3a 66 | code\")?fa=da:f|
|00000600| 61 3d 65 61 3b 72 65 74 75 72 6e 20 66 61 2e 61 |a=ea;return fa.a|
|00000610| 70 70 6c 79 28 6e 75 6c 6c 2c 61 72 67 75 6d 65 |pply(null,argume|
|00000620| 6e 74 73 29 7d 66 75 6e 63 74 69 6f 6e 20 68 61 |nts)}function ha|
|00000630| 28 61 2c 62 29 7b 76 61 72 20 63 3d 41 72 72 61 |(a,b){var c=Arra|
|00000640| 79 2e 70 72 6f 74 6f 74 79 70 65 2e 73 6c 69 63 |y.prototype.slic|
|00000650| 65 2e 63 61 6c 6c 28 61 72 67 75 6d 65 6e 74 73 |e.call(arguments|
|00000660| 2c 31 29 3b 72 65 74 75 72 6e 20 66 75 6e 63 74 |,1);return funct|
|00000670| 69 6f 6e 28 29 7b 76 61 72 20 64 3d 63 2e 73 6c |ion(){var d=c.sl|
|00000680| 69 63 65 28 29 3b 64 2e 70 75 73 68 2e 61 70 70 |ice();d.push.app|
|00000690| 6c 79 28 64 2c 61 72 67 75 6d 65 6e 74 73 29 3b |ly(d,arguments);|
|000006a0| 72 65 74 75 72 6e 20 61 2e 61 70 70 6c 79 28 74 |return a.apply(t|
|000006b0| 68 69 73 2c 64 29 7d 7d 66 75 6e 63 74 69 6f 6e |his,d)}}function|
|000006c0| 20 6c 28 61 2c 62 29 7b 66 75 6e 63 74 69 6f 6e | l(a,b){function|
|000006d0| 20 63 28 29 7b 7d 63 2e 70 72 6f 74 6f 74 79 70 | c(){}c.prototyp|
|000006e0| 65 3d 62 2e 70 72 6f 74 6f 74 79 70 65 3b 61 2e |e=b.prototype;a.|
|000006f0| 70 72 6f 74 6f 74 79 70 65 3d 6e 65 77 20 63 3b |prototype=new c;|
|00000700| 61 2e 70 72 6f 74 6f 74 79 70 65 2e 63 6f 6e 73 |a.prototype.cons|
|00000710| 74 72 75 63 74 6f 72 3d 61 7d 3b 5c 75 30 30 32 |tructor=a};\u002|
|00000720| 66 2a 5c 6e 5c 6e 20 54 68 65 20 4d 49 54 20 4c |f*\n\n The MIT L|
|00000730| 69 63 65 6e 73 65 5c 6e 5c 6e 20 43 6f 70 79 72 |icense\n\n Copyr|
|00000740| 69 67 68 74 20 28 63 29 20 32 30 30 37 20 43 79 |ight (c) 2007 Cy|
|00000750| 62 6f 7a 75 20 4c 61 62 73 2c 20 49 6e 63 2e 5c |bozu Labs, Inc.\|
|00000760| 6e 20 43 6f 70 79 72 69 67 68 74 20 28 63 29 20 |n Copyright (c) |
|00000770| 32 30 31 32 20 47 6f 6f 67 6c 65 20 49 6e 63 2e |2012 Google Inc.|
|00000780| 5c 6e 5c 6e 20 50 65 72 6d 69 73 73 69 6f 6e 20 |\n\n Permission |
|00000790| 69 73 20 68 65 72 65 62 79 20 67 72 61 6e 74 65 |is hereby grante|
|000007a0| 64 2c 20 66 72 65 65 20 6f 66 20 63 68 61 72 67 |d, free of charg|
|000007b0| 65 2c 20 74 6f 20 61 6e 79 20 70 65 72 73 6f 6e |e, to any person|
|000007c0| 20 6f 62 74 61 69 6e 69 6e 67 20 61 20 63 6f 70 | obtaining a cop|
|000007d0| 79 5c 6e 20 6f 66 20 74 68 69 73 20 73 6f 66 74 |y\n of this soft|
|000007e0| 77 61 72 65 20 61 6e 64 20 61 73 73 6f 63 69 61 |ware and associa|
|000007f0| 74 65 64 20 64 6f 63 75 6d 65 6e 74 61 74 69 6f |ted documentatio|
|00000800| 6e 20 66 69 6c 65 73 20 28 74 68 65 20 5c 22 53 |n files (the \"S|
|00000810| 6f 66 74 77 61 72 65 5c 22 29 2c 20 74 6f 5c 6e |oftware\"), to\n|
|00000820| 20 64 65 61 6c 20 69 6e 20 74 68 65 20 53 6f 66 | deal in the Sof|
|00000830| 74 77 61 72 65 20 77 69 74 68 6f 75 74 20 72 65 |tware without re|
|00000840| 73 74 72 69 63 74 69 6f 6e 2c 20 69 6e 63 6c 75 |striction, inclu|
|00000850| 64 69 6e 67 20 77 69 74 68 6f 75 74 20 6c 69 6d |ding without lim|
|00000860| 69 74 61 74 69 6f 6e 20 74 68 65 5c 6e 20 72 69 |itation the\n ri|
|00000870| 67 68 74 73 20 74 6f 20 75 73 65 2c 20 63 6f 70 |ghts to use, cop|
|00000880| 79 2c 20 6d 6f 64 69 66 79 2c 20 6d 65 72 67 65 |y, modify, merge|
|00000890| 2c 20 70 75 62 6c 69 73 68 2c 20 64 69 73 74 72 |, publish, distr|
|000008a0| 69 62 75 74 65 2c 20 73 75 62 6c 69 63 65 6e 73 |ibute, sublicens|
|000008b0| 65 2c 20 61 6e 64 5c 75 30 30 32 66 6f 72 5c 6e |e, and\u002for\n|
|000008c0| 20 73 65 6c 6c 20 63 6f 70 69 65 73 20 6f 66 20 | sell copies of |
|000008d0| 74 68 65 20 53 6f 66 74 77 61 72 65 2c 20 61 6e |the Software, an|
|000008e0| 64 20 74 6f 20 70 65 72 6d 69 74 20 70 65 72 73 |d to permit pers|
|000008f0| 6f 6e 73 20 74 6f 20 77 68 6f 6d 20 74 68 65 20 |ons to whom the |
|00000900| 53 6f 66 74 77 61 72 65 20 69 73 5c 6e 20 66 75 |Software is\n fu|
|00000910| 72 6e 69 73 68 65 64 20 74 6f 20 64 6f 20 73 6f |rnished to do so|
|00000920| 2c 20 73 75 62 6a 65 63 74 20 74 6f 20 74 68 65 |, subject to the|
|00000930| 20 66 6f 6c 6c 6f 77 69 6e 67 20 63 6f 6e 64 69 | following condi|
|00000940| 74 69 6f 6e 73 3a 5c 6e 5c 6e 20 54 68 65 20 61 |tions:\n\n The a|
|00000950| 62 6f 76 65 20 63 6f 70 79 72 69 67 68 74 20 6e |bove copyright n|
|00000960| 6f 74 69 63 65 20 61 6e 64 20 74 68 69 73 20 70 |otice and this p|
|00000970| 65 72 6d 69 73 73 69 6f 6e 20 6e 6f 74 69 63 65 |ermission notice|
|00000980| 20 73 68 61 6c 6c 20 62 65 20 69 6e 63 6c 75 64 | shall be includ|
|00000990| 65 64 20 69 6e 5c 6e 20 61 6c 6c 20 63 6f 70 69 |ed in\n all copi|
|000009a0| 65 73 20 6f 72 20 73 75 62 73 74 61 6e 74 69 61 |es or substantia|
|000009b0| 6c 20 70 6f 72 74 69 6f 6e 73 20 6f 66 20 74 68 |l portions of th|
|000009c0| 65 20 53 6f 66 74 77 61 72 65 2e 5c 6e 5c 6e 20 |e Software.\n\n |
|000009d0| 54 48 45 20 53 4f 46 54 57 41 52 45 20 49 53 20 |THE SOFTWARE IS |
|000009e0| 50 52 4f 56 49 44 45 44 20 5c 22 41 53 20 49 53 |PROVIDED \"AS IS|
|000009f0| 5c 22 2c 20 57 49 54 48 4f 55 54 20 57 41 52 52 |\", WITHOUT WARR|
|00000a00| 41 4e 54 59 20 4f 46 20 41 4e 59 20 4b 49 4e 44 |ANTY OF ANY KIND|
|00000a10| 2c 20 45 58 50 52 45 53 53 20 4f 52 5c 6e 20 49 |, EXPRESS OR\n I|
|00000a20| 4d 50 4c 49 45 44 2c 20 49 4e 43 4c 55 44 49 4e |MPLIED, INCLUDIN|
|00000a30| 47 20 42 55 54 20 4e 4f 54 20 4c 49 4d 49 54 45 |G BUT NOT LIMITE|
|00000a40| 44 20 54 4f 20 54 48 45 20 57 41 52 52 41 4e 54 |D TO THE WARRANT|
|00000a50| 49 45 53 20 4f 46 20 4d 45 52 43 48 41 4e 54 41 |IES OF MERCHANTA|
|00000a60| 42 49 4c 49 54 59 2c 5c 6e 20 46 49 54 4e 45 53 |BILITY,\n FITNES|
|00000a70| 53 20 46 4f 52 20 41 20 50 41 52 54 49 43 55 4c |S FOR A PARTICUL|
|00000a80| 41 52 20 50 55 52 50 4f 53 45 20 41 4e 44 20 4e |AR PURPOSE AND N|
|00000a90| 4f 4e 49 4e 46 52 49 4e 47 45 4d 45 4e 54 2e 20 |ONINFRINGEMENT. |
|00000aa0| 49 4e 20 4e 4f 20 45 56 45 4e 54 20 53 48 41 4c |IN NO EVENT SHAL|
|00000ab0| 4c 20 54 48 45 5c 6e 20 41 55 54 48 4f 52 53 20 |L THE\n AUTHORS |
|00000ac0| 4f 52 20 43 4f 50 59 52 49 47 48 54 20 48 4f 4c |OR COPYRIGHT HOL|
|00000ad0| 44 45 52 53 20 42 45 20 4c 49 41 42 4c 45 20 46 |DERS BE LIABLE F|
|00000ae0| 4f 52 20 41 4e 59 20 43 4c 41 49 4d 2c 20 44 41 |OR ANY CLAIM, DA|
|00000af0| 4d 41 47 45 53 20 4f 52 20 4f 54 48 45 52 5c 6e |MAGES OR OTHER\n|
|00000b00| 20 4c 49 41 42 49 4c 49 54 59 2c 20 57 48 45 54 | LIABILITY, WHET|
|00000b10| 48 45 52 20 49 4e 20 41 4e 20 41 43 54 49 4f 4e |HER IN AN ACTION|
|00000b20| 20 4f 46 20 43 4f 4e 54 52 41 43 54 2c 20 54 4f | OF CONTRACT, TO|
|00000b30| 52 54 20 4f 52 20 4f 54 48 45 52 57 49 53 45 2c |RT OR OTHERWISE,|
|00000b40| 20 41 52 49 53 49 4e 47 5c 6e 20 46 52 4f 4d 2c | ARISING\n FROM,|
|00000b50| 20 4f 55 54 20 4f 46 20 4f 52 20 49 4e 20 43 4f | OUT OF OR IN CO|
|00000b60| 4e 4e 45 43 54 49 4f 4e 20 57 49 54 48 20 54 48 |NNECTION WITH TH|
|00000b70| 45 20 53 4f 46 54 57 41 52 45 20 4f 52 20 54 48 |E SOFTWARE OR TH|
|00000b80| 45 20 55 53 45 20 4f 52 20 4f 54 48 45 52 20 44 |E USE OR OTHER D|
|00000b90| 45 41 4c 49 4e 47 53 5c 6e 20 49 4e 20 54 48 45 |EALINGS\n IN THE|
|00000ba0| 20 53 4f 46 54 57 41 52 45 2e 5c 6e 2a 5c 75 30 | SOFTWARE.\n*\u0|
|00000bb0| 30 32 66 5c 6e 66 75 6e 63 74 69 6f 6e 20 69 61 |02f\nfunction ia|
|00000bc0| 28 61 2c 62 2c 63 29 7b 74 68 69 73 2e 61 3d 61 |(a,b,c){this.a=a|
|00000bd0| 3b 74 68 69 73 2e 62 3d 62 7c 7c 31 3b 74 68 69 |;this.b=b||1;thi|
|00000be0| 73 2e 66 3d 63 7c 7c 31 7d 3b 76 61 72 20 6a 61 |s.f=c||1};var ja|
|00000bf0| 3d 41 72 72 61 79 2e 70 72 6f 74 6f 74 79 70 65 |=Array.prototype|
|00000c00| 2e 69 6e 64 65 78 4f 66 3f 66 75 6e 63 74 69 6f |.indexOf?functio|
|00000c10| 6e 28 61 2c 62 29 7b 72 65 74 75 72 6e 20 41 72 |n(a,b){return Ar|
|00000c20| 72 61 79 2e 70 72 6f 74 6f 74 79 70 65 2e 69 6e |ray.prototype.in|
|00000c30| 64 65 78 4f 66 2e 63 61 6c 6c 28 61 2c 62 2c 76 |dexOf.call(a,b,v|
|00000c40| 6f 69 64 20 30 29 7d 3a 66 75 6e 63 74 69 6f 6e |oid 0)}:function|
|00000c50| 28 61 2c 62 29 7b 69 66 28 5c 22 73 74 72 69 6e |(a,b){if(\"strin|
|00000c60| 67 5c 22 3d 3d 3d 74 79 70 65 6f 66 20 61 29 72 |g\"===typeof a)r|
|00000c70| 65 74 75 72 6e 5c 22 73 74 72 69 6e 67 5c 22 21 |eturn\"string\"!|
|00000c80| 3d 3d 74 79 70 65 6f 66 20 62 7c 7c 31 21 3d 62 |==typeof b||1!=b|
|00000c90| 2e 6c 65 6e 67 74 68 3f 2d 31 3a 61 2e 69 6e 64 |.length?-1:a.ind|
|00000ca0| 65 78 4f 66 28 62 2c 30 29 3b 66 6f 72 28 76 61 |exOf(b,0);for(va|
|00000cb0| 72 20 63 3d 30 3b 63 5c 75 30 30 33 63 61 2e 6c |r c=0;c\u003ca.l|
|00000cc0| 65 6e 67 74 68 3b 63 2b 2b 29 69 66 28 63 20 69 |ength;c++)if(c i|
|00000cd0| 6e 20 61 5c 75 30 30 32 36 5c 75 30 30 32 36 61 |n a\u0026\u0026a|
|00000ce0| 5b 63 5d 3d 3d 3d 62 29 72 65 74 75 72 6e 20 63 |[c]===b)return c|
|00000cf0| 3b 72 65 74 75 72 6e 2d 31 7d 2c 6e 3d 41 72 72 |;return-1},n=Arr|
|00000d00| 61 79 2e 70 72 6f 74 6f 74 79 70 65 2e 66 6f 72 |ay.prototype.for|
|00000d10| 45 61 63 68 3f 66 75 6e 63 74 69 6f 6e 28 61 2c |Each?function(a,|
|00000d20| 62 29 7b 41 72 72 61 79 2e 70 72 6f 74 6f 74 79 |b){Array.prototy|
|00000d30| 70 65 2e 66 6f 72 45 61 63 68 2e 63 61 6c 6c 28 |pe.forEach.call(|
|00000d40| 61 2c 62 2c 76 6f 69 64 20 30 29 7d 3a 66 75 6e |a,b,void 0)}:fun|
|00000d50| 63 74 69 6f 6e 28 61 2c 62 29 7b 66 6f 72 28 76 |ction(a,b){for(v|
|00000d60| 61 72 20 63 3d 61 2e 6c 65 6e 67 74 68 2c 64 3d |ar c=a.length,d=|
|00000d70| 5c 22 73 74 72 69 6e 67 5c 22 3d 3d 3d 74 79 70 |\"string\"===typ|
|00000d80| 65 6f 66 20 61 3f 61 2e 73 70 6c 69 74 28 5c 22 |eof a?a.split(\"|
|00000d90| 5c 22 29 3a 61 2c 65 3d 30 3b 65 5c 75 30 30 33 |\"):a,e=0;e\u003|
|00000da0| 63 63 3b 65 2b 2b 29 65 20 69 6e 20 64 5c 75 30 |cc;e++)e in d\u0|
|00000db0| 30 32 36 5c 75 30 30 32 36 62 2e 63 61 6c 6c 28 |026\u0026b.call(|
|00000dc0| 76 6f 69 64 20 30 2c 64 5b 65 5d 2c 65 2c 61 29 |void 0,d[e],e,a)|
|00000dd0| 7d 2c 6b 61 3d 41 72 72 61 79 2e 70 72 6f 74 6f |},ka=Array.proto|
|00000de0| 74 79 70 65 2e 66 69 6c 74 65 72 3f 66 75 6e 63 |type.filter?func|
|00000df0| 74 69 6f 6e 28 61 2c 62 29 7b 72 65 74 75 72 6e |tion(a,b){return|
|00000e00| 20 41 72 72 61 79 2e 70 72 6f 74 6f 74 79 70 65 | Array.prototype|
|00000e10| 2e 66 69 6c 74 65 72 2e 63 61 6c 6c 28 61 2c 5c |.filter.call(a,\|
|00000e20| 6e 62 2c 76 6f 69 64 20 30 29 7d 3a 66 75 6e 63 |nb,void 0)}:func|
|00000e30| 74 69 6f 6e 28 61 2c 62 29 7b 66 6f 72 28 76 61 |tion(a,b){for(va|
|00000e40| 72 20 63 3d 61 2e 6c 65 6e 67 74 68 2c 64 3d 5b |r c=a.length,d=[|
|00000e50| 5d 2c 65 3d 30 2c 66 3d 5c 22 73 74 72 69 6e 67 |],e=0,f=\"string|
|00000e60| 5c 22 3d 3d 3d 74 79 70 65 6f 66 20 61 3f 61 2e |\"===typeof a?a.|
|00000e70| 73 70 6c 69 74 28 5c 22 5c 22 29 3a 61 2c 67 3d |split(\"\"):a,g=|
|00000e80| 30 3b 67 5c 75 30 30 33 63 63 3b 67 2b 2b 29 69 |0;g\u003cc;g++)i|
|00000e90| 66 28 67 20 69 6e 20 66 29 7b 76 61 72 20 68 3d |f(g in f){var h=|
|00000ea0| 66 5b 67 5d 3b 62 2e 63 61 6c 6c 28 76 6f 69 64 |f[g];b.call(void|
|00000eb0| 20 30 2c 68 2c 67 2c 61 29 5c 75 30 30 32 36 5c | 0,h,g,a)\u0026\|
|00000ec0| 75 30 30 32 36 28 64 5b 65 2b 2b 5d 3d 68 29 7d |u0026(d[e++]=h)}|
|00000ed0| 72 65 74 75 72 6e 20 64 7d 2c 6c 61 3d 41 72 72 |return d},la=Arr|
|00000ee0| 61 79 2e 70 72 6f 74 6f 74 79 70 65 2e 72 65 64 |ay.prototype.red|
|00000ef0| 75 63 65 3f 66 75 6e 63 74 69 6f 6e 28 61 2c 62 |uce?function(a,b|
|00000f00| 2c 63 29 7b 72 65 74 75 72 6e 20 41 72 72 61 79 |,c){return Array|
|00000f10| 2e 70 72 6f 74 6f 74 79 70 65 2e 72 65 64 75 63 |.prototype.reduc|
|00000f20| 65 2e 63 61 6c 6c 28 61 2c 62 2c 63 29 7d 3a 66 |e.call(a,b,c)}:f|
|00000f30| 75 6e 63 74 69 6f 6e 28 61 2c 62 2c 63 29 7b 76 |unction(a,b,c){v|
|00000f40| 61 72 20 64 3d 63 3b 6e 28 61 2c 66 75 6e 63 74 |ar d=c;n(a,funct|
|00000f50| 69 6f 6e 28 65 2c 66 29 7b 64 3d 62 2e 63 61 6c |ion(e,f){d=b.cal|
|00000f60| 6c 28 76 6f 69 64 20 30 2c 64 2c 65 2c 66 2c 61 |l(void 0,d,e,f,a|
|00000f70| 29 7d 29 3b 72 65 74 75 72 6e 20 64 7d 2c 6d 61 |)});return d},ma|
|00000f80| 3d 41 72 72 61 79 2e 70 72 6f 74 6f 74 79 70 65 |=Array.prototype|
|00000f90| 2e 73 6f 6d 65 3f 66 75 6e 63 74 69 6f 6e 28 61 |.some?function(a|
|00000fa0| 2c 62 29 7b 72 65 74 75 72 6e 20 41 72 72 61 79 |,b){return Array|
|00000fb0| 2e 70 72 6f 74 6f 74 79 70 65 2e 73 6f 6d 65 2e |.prototype.some.|
|00000fc0| 63 61 6c 6c 28 61 2c 62 2c 76 6f 69 64 20 30 29 |call(a,b,void 0)|
|00000fd0| 7d 3a 66 75 6e 63 74 69 6f 6e 28 61 2c 62 29 7b |}:function(a,b){|
|00000fe0| 66 6f 72 28 76 61 72 20 63 3d 61 2e 6c 65 6e 67 |for(var c=a.leng|
|00000ff0| 74 68 2c 64 3d 5c 22 73 74 72 69 6e 67 5c 22 3d |th,d=\"string\"=|
|00001000| 3d 3d 74 79 70 65 6f 66 20 61 3f 61 2e 73 70 6c |==typeof a?a.spl|
|00001010| 69 74 28 5c 22 5c 22 29 3a 61 2c 65 3d 30 3b 65 |it(\"\"):a,e=0;e|
|00001020| 5c 75 30 30 33 63 63 3b 65 2b 2b 29 69 66 28 65 |\u003cc;e++)if(e|
|00001030| 20 69 6e 5c 6e 64 5c 75 30 30 32 36 5c 75 30 30 | in\nd\u0026\u00|
|00001040| 32 36 62 2e 63 61 6c 6c 28 76 6f 69 64 20 30 2c |26b.call(void 0,|
|00001050| 64 5b 65 5d 2c 65 2c 61 29 29 72 65 74 75 72 6e |d[e],e,a))return|
|00001060| 21 30 3b 72 65 74 75 72 6e 21 31 7d 2c 6e 61 3d |!0;return!1},na=|
|00001070| 41 72 72 61 79 2e 70 72 6f 74 6f 74 79 70 65 2e |Array.prototype.|
|00001080| 65 76 65 72 79 3f 66 75 6e 63 74 69 6f 6e 28 61 |every?function(a|
|00001090| 2c 62 29 7b 72 65 74 75 72 6e 20 41 72 72 61 79 |,b){return Array|
|000010a0| 2e 70 72 6f 74 6f 74 79 70 65 2e 65 76 65 72 79 |.prototype.every|
|000010b0| 2e 63 61 6c 6c 28 61 2c 62 2c 76 6f 69 64 20 30 |.call(a,b,void 0|
|000010c0| 29 7d 3a 66 75 6e 63 74 69 6f 6e 28 61 2c 62 29 |)}:function(a,b)|
|000010d0| 7b 66 6f 72 28 76 61 72 20 63 3d 61 2e 6c 65 6e |{for(var c=a.len|
|000010e0| 67 74 68 2c 64 3d 5c 22 73 74 72 69 6e 67 5c 22 |gth,d=\"string\"|
|000010f0| 3d 3d 3d 74 79 70 65 6f 66 20 61 3f 61 2e 73 70 |===typeof a?a.sp|
|00001100| 6c 69 74 28 5c 22 5c 22 29 3a 61 2c 65 3d 30 3b |lit(\"\"):a,e=0;|
|00001110| 65 5c 75 30 30 33 63 63 3b 65 2b 2b 29 69 66 28 |e\u003cc;e++)if(|
|00001120| 65 20 69 6e 20 64 5c 75 30 30 32 36 5c 75 30 30 |e in d\u0026\u00|
|00001130| 32 36 21 62 2e 63 61 6c 6c 28 76 6f 69 64 20 30 |26!b.call(void 0|
|00001140| 2c 64 5b 65 5d 2c 65 2c 61 29 29 72 65 74 75 72 |,d[e],e,a))retur|
|00001150| 6e 21 31 3b 72 65 74 75 72 6e 21 30 7d 3b 66 75 |n!1;return!0};fu|
|00001160| 6e 63 74 69 6f 6e 20 6f 61 28 61 2c 62 29 7b 61 |nction oa(a,b){a|
|00001170| 3a 7b 66 6f 72 28 76 61 72 20 63 3d 61 2e 6c 65 |:{for(var c=a.le|
|00001180| 6e 67 74 68 2c 64 3d 5c 22 73 74 72 69 6e 67 5c |ngth,d=\"string\|
|00001190| 22 3d 3d 3d 74 79 70 65 6f 66 20 61 3f 61 2e 73 |"===typeof a?a.s|
|000011a0| 70 6c 69 74 28 5c 22 5c 22 29 3a 61 2c 65 3d 30 |plit(\"\"):a,e=0|
|000011b0| 3b 65 5c 75 30 30 33 63 63 3b 65 2b 2b 29 69 66 |;e\u003cc;e++)if|
|000011c0| 28 65 20 69 6e 20 64 5c 75 30 30 32 36 5c 75 30 |(e in d\u0026\u0|
|000011d0| 30 32 36 62 2e 63 61 6c 6c 28 76 6f 69 64 20 30 |026b.call(void 0|
|000011e0| 2c 64 5b 65 5d 2c 65 2c 61 29 29 7b 62 3d 65 3b |,d[e],e,a)){b=e;|
|000011f0| 62 72 65 61 6b 20 61 7d 62 3d 2d 31 7d 72 65 74 |break a}b=-1}ret|
|00001200| 75 72 6e 20 30 3e 62 3f 6e 75 6c 6c 3a 5c 22 73 |urn 0>b?null:\"s|
|00001210| 74 72 69 6e 67 5c 22 3d 3d 3d 74 79 70 65 6f 66 |tring\"===typeof|
|00001220| 20 61 3f 61 2e 63 68 61 72 41 74 28 62 29 3a 61 | a?a.charAt(b):a|
|00001230| 5b 62 5d 7d 5c 6e 66 75 6e 63 74 69 6f 6e 20 70 |[b]}\nfunction p|
|00001240| 61 28 61 29 7b 72 65 74 75 72 6e 20 41 72 72 61 |a(a){return Arra|
|00001250| 79 2e 70 72 6f 74 6f 74 79 70 65 2e 63 6f 6e 63 |y.prototype.conc|
|00001260| 61 74 2e 61 70 70 6c 79 28 5b 5d 2c 61 72 67 75 |at.apply([],argu|
|00001270| 6d 65 6e 74 73 29 7d 66 75 6e 63 74 69 6f 6e 20 |ments)}function |
|00001280| 71 61 28 61 2c 62 2c 63 29 7b 72 65 74 75 72 6e |qa(a,b,c){return|
|00001290| 20 32 3e 3d 61 72 67 75 6d 65 6e 74 73 2e 6c 65 | 2>=arguments.le|
|000012a0| 6e 67 74 68 3f 41 72 72 61 79 2e 70 72 6f 74 6f |ngth?Array.proto|
|000012b0| 74 79 70 65 2e 73 6c 69 63 65 2e 63 61 6c 6c 28 |type.slice.call(|
|000012c0| 61 2c 62 29 3a 41 72 72 61 79 2e 70 72 6f 74 6f |a,b):Array.proto|
|000012d0| 74 79 70 65 2e 73 6c 69 63 65 2e 63 61 6c 6c 28 |type.slice.call(|
|000012e0| 61 2c 62 2c 63 29 7d 3b 76 61 72 20 72 61 3d 53 |a,b,c)};var ra=S|
|000012f0| 74 72 69 6e 67 2e 70 72 6f 74 6f 74 79 70 65 2e |tring.prototype.|
|00001300| 74 72 69 6d 3f 66 75 6e 63 74 69 6f 6e 28 61 29 |trim?function(a)|
|00001310| 7b 72 65 74 75 72 6e 20 61 2e 74 72 69 6d 28 29 |{return a.trim()|
|00001320| 7d 3a 66 75 6e 63 74 69 6f 6e 28 61 29 7b 72 65 |}:function(a){re|
|00001330| 74 75 72 6e 5c 75 30 30 32 66 5e 5b 5c 5c 73 5c |turn\u002f^[\\s\|
|00001340| 5c 78 61 30 5d 2a 28 5b 5c 5c 73 5c 5c 53 5d 2a |\xa0]*([\\s\\S]*|
|00001350| 3f 29 5b 5c 5c 73 5c 5c 78 61 30 5d 2a 24 5c 75 |?)[\\s\\xa0]*$\u|
|00001360| 30 30 32 66 2e 65 78 65 63 28 61 29 5b 31 5d 7d |002f.exec(a)[1]}|
|00001370| 3b 66 75 6e 63 74 69 6f 6e 20 73 61 28 61 2c 62 |;function sa(a,b|
|00001380| 29 7b 72 65 74 75 72 6e 20 61 5c 75 30 30 33 63 |){return a\u003c|
|00001390| 62 3f 2d 31 3a 61 3e 62 3f 31 3a 30 7d 3b 76 61 |b?-1:a>b?1:0};va|
|000013a0| 72 20 74 3b 61 3a 7b 76 61 72 20 74 61 3d 6b 2e |r t;a:{var ta=k.|
|000013b0| 6e 61 76 69 67 61 74 6f 72 3b 69 66 28 74 61 29 |navigator;if(ta)|
|000013c0| 7b 76 61 72 20 75 61 3d 74 61 2e 75 73 65 72 41 |{var ua=ta.userA|
|000013d0| 67 65 6e 74 3b 69 66 28 75 61 29 7b 74 3d 75 61 |gent;if(ua){t=ua|
|000013e0| 3b 62 72 65 61 6b 20 61 7d 7d 74 3d 5c 22 5c 22 |;break a}}t=\"\"|
|000013f0| 7d 66 75 6e 63 74 69 6f 6e 20 75 28 61 29 7b 72 |}function u(a){r|
|00001400| 65 74 75 72 6e 2d 31 21 3d 74 2e 69 6e 64 65 78 |eturn-1!=t.index|
|00001410| 4f 66 28 61 29 7d 3b 66 75 6e 63 74 69 6f 6e 20 |Of(a)};function |
|00001420| 76 61 28 29 7b 72 65 74 75 72 6e 20 75 28 5c 22 |va(){return u(\"|
|00001430| 46 69 72 65 66 6f 78 5c 22 29 7c 7c 75 28 5c 22 |Firefox\")||u(\"|
|00001440| 46 78 69 4f 53 5c 22 29 7d 66 75 6e 63 74 69 6f |FxiOS\")}functio|
|00001450| 6e 20 77 61 28 29 7b 72 65 74 75 72 6e 28 75 28 |n wa(){return(u(|
|00001460| 5c 22 43 68 72 6f 6d 65 5c 22 29 7c 7c 75 28 5c |\"Chrome\")||u(\|
|00001470| 22 43 72 69 4f 53 5c 22 29 29 5c 75 30 30 32 36 |"CriOS\"))\u0026|
|00001480| 5c 75 30 30 32 36 21 75 28 5c 22 45 64 67 65 5c |\u0026!u(\"Edge\|
|00001490| 22 29 7d 3b 66 75 6e 63 74 69 6f 6e 20 78 61 28 |")};function xa(|
|000014a0| 61 29 7b 72 65 74 75 72 6e 20 53 74 72 69 6e 67 |a){return String|
|000014b0| 28 61 29 2e 72 65 70 6c 61 63 65 28 5c 75 30 30 |(a).replace(\u00|
|000014c0| 32 66 5c 5c 2d 28 5b 61 2d 7a 5d 29 5c 75 30 30 |2f\\-([a-z])\u00|
|000014d0| 32 66 67 2c 66 75 6e 63 74 69 6f 6e 28 62 2c 63 |2fg,function(b,c|
|000014e0| 29 7b 72 65 74 75 72 6e 20 63 2e 74 6f 55 70 70 |){return c.toUpp|
|000014f0| 65 72 43 61 73 65 28 29 7d 29 7d 3b 66 75 6e 63 |erCase()})};func|
|00001500| 74 69 6f 6e 20 79 61 28 29 7b 72 65 74 75 72 6e |tion ya(){return|
|00001510| 20 75 28 5c 22 69 50 68 6f 6e 65 5c 22 29 5c 75 | u(\"iPhone\")\u|
|00001520| 30 30 32 36 5c 75 30 30 32 36 21 75 28 5c 22 69 |0026\u0026!u(\"i|
|00001530| 50 6f 64 5c 22 29 5c 75 30 30 32 36 5c 75 30 30 |Pod\")\u0026\u00|
|00001540| 32 36 21 75 28 5c 22 69 50 61 64 5c 22 29 7d 3b |26!u(\"iPad\")};|
|00001550| 66 75 6e 63 74 69 6f 6e 20 7a 61 28 61 2c 62 29 |function za(a,b)|
|00001560| 7b 76 61 72 20 63 3d 41 61 3b 72 65 74 75 72 6e |{var c=Aa;return|
|00001570| 20 4f 62 6a 65 63 74 2e 70 72 6f 74 6f 74 79 70 | Object.prototyp|
|00001580| 65 2e 68 61 73 4f 77 6e 50 72 6f 70 65 72 74 79 |e.hasOwnProperty|
|00001590| 2e 63 61 6c 6c 28 63 2c 61 29 3f 63 5b 61 5d 3a |.call(c,a)?c[a]:|
|000015a0| 63 5b 61 5d 3d 62 28 61 29 7d 3b 76 61 72 20 42 |c[a]=b(a)};var B|
|000015b0| 61 3d 75 28 5c 22 4f 70 65 72 61 5c 22 29 2c 76 |a=u(\"Opera\"),v|
|000015c0| 3d 75 28 5c 22 54 72 69 64 65 6e 74 5c 22 29 7c |=u(\"Trident\")||
|000015d0| 7c 75 28 5c 22 4d 53 49 45 5c 22 29 2c 43 61 3d ||u(\"MSIE\"),Ca=|
|000015e0| 75 28 5c 22 45 64 67 65 5c 22 29 2c 44 61 3d 75 |u(\"Edge\"),Da=u|
|000015f0| 28 5c 22 47 65 63 6b 6f 5c 22 29 5c 75 30 30 32 |(\"Gecko\")\u002|
|00001600| 36 5c 75 30 30 32 36 21 28 2d 31 21 3d 74 2e 74 |6\u0026!(-1!=t.t|
|00001610| 6f 4c 6f 77 65 72 43 61 73 65 28 29 2e 69 6e 64 |oLowerCase().ind|
|00001620| 65 78 4f 66 28 5c 22 77 65 62 6b 69 74 5c 22 29 |exOf(\"webkit\")|
|00001630| 5c 75 30 30 32 36 5c 75 30 30 32 36 21 75 28 5c |\u0026\u0026!u(\|
|00001640| 22 45 64 67 65 5c 22 29 29 5c 75 30 30 32 36 5c |"Edge\"))\u0026\|
|00001650| 75 30 30 32 36 21 28 75 28 5c 22 54 72 69 64 65 |u0026!(u(\"Tride|
|00001660| 6e 74 5c 22 29 7c 7c 75 28 5c 22 4d 53 49 45 5c |nt\")||u(\"MSIE\|
|00001670| 22 29 29 5c 75 30 30 32 36 5c 75 30 30 32 36 21 |"))\u0026\u0026!|
|00001680| 75 28 5c 22 45 64 67 65 5c 22 29 2c 45 61 3d 2d |u(\"Edge\"),Ea=-|
|00001690| 31 21 3d 74 2e 74 6f 4c 6f 77 65 72 43 61 73 65 |1!=t.toLowerCase|
|000016a0| 28 29 2e 69 6e 64 65 78 4f 66 28 5c 22 77 65 62 |().indexOf(\"web|
|000016b0| 6b 69 74 5c 22 29 5c 75 30 30 32 36 5c 75 30 30 |kit\")\u0026\u00|
|000016c0| 32 36 21 75 28 5c 22 45 64 67 65 5c 22 29 3b 66 |26!u(\"Edge\");f|
|000016d0| 75 6e 63 74 69 6f 6e 20 46 61 28 29 7b 76 61 72 |unction Fa(){var|
|000016e0| 20 61 3d 6b 2e 64 6f 63 75 6d 65 6e 74 3b 72 65 | a=k.document;re|
|000016f0| 74 75 72 6e 20 61 3f 61 2e 64 6f 63 75 6d 65 6e |turn a?a.documen|
|00001700| 74 4d 6f 64 65 3a 76 6f 69 64 20 30 7d 76 61 72 |tMode:void 0}var|
|00001710| 20 47 61 3b 5c 6e 61 3a 7b 76 61 72 20 48 61 3d | Ga;\na:{var Ha=|
|00001720| 5c 22 5c 22 2c 49 61 3d 66 75 6e 63 74 69 6f 6e |\"\",Ia=function|
|00001730| 28 29 7b 76 61 72 20 61 3d 74 3b 69 66 28 44 61 |(){var a=t;if(Da|
|00001740| 29 72 65 74 75 72 6e 5c 75 30 30 32 66 72 76 3a |)return\u002frv:|
|00001750| 28 5b 5e 5c 5c 29 3b 5d 2b 29 28 5c 5c 29 7c 3b |([^\\);]+)(\\)|;|
|00001760| 29 5c 75 30 30 32 66 2e 65 78 65 63 28 61 29 3b |)\u002f.exec(a);|
|00001770| 69 66 28 43 61 29 72 65 74 75 72 6e 5c 75 30 30 |if(Ca)return\u00|
|00001780| 32 66 45 64 67 65 5c 5c 5c 75 30 30 32 66 28 5b |2fEdge\\\u002f([|
|00001790| 5c 5c 64 5c 5c 2e 5d 2b 29 5c 75 30 30 32 66 2e |\\d\\.]+)\u002f.|
|000017a0| 65 78 65 63 28 61 29 3b 69 66 28 76 29 72 65 74 |exec(a);if(v)ret|
|000017b0| 75 72 6e 5c 75 30 30 32 66 5c 5c 62 28 3f 3a 4d |urn\u002f\\b(?:M|
|000017c0| 53 49 45 7c 72 76 29 5b 3a 20 5d 28 5b 5e 5c 5c |SIE|rv)[: ]([^\\|
|000017d0| 29 3b 5d 2b 29 28 5c 5c 29 7c 3b 29 5c 75 30 30 |);]+)(\\)|;)\u00|
|000017e0| 32 66 2e 65 78 65 63 28 61 29 3b 69 66 28 45 61 |2f.exec(a);if(Ea|
|000017f0| 29 72 65 74 75 72 6e 5c 75 30 30 32 66 57 65 62 |)return\u002fWeb|
|00001800| 4b 69 74 5c 5c 5c 75 30 30 32 66 28 5c 5c 53 2b |Kit\\\u002f(\\S+|
|00001810| 29 5c 75 30 30 32 66 2e 65 78 65 63 28 61 29 3b |)\u002f.exec(a);|
|00001820| 69 66 28 42 61 29 72 65 74 75 72 6e 5c 75 30 30 |if(Ba)return\u00|
|00001830| 32 66 28 3f 3a 56 65 72 73 69 6f 6e 29 5b 20 5c |2f(?:Version)[ \|
|00001840| 5c 5c 75 30 30 32 66 5d 3f 28 5c 5c 53 2b 29 5c |\\u002f]?(\\S+)\|
|00001850| 75 30 30 32 66 2e 65 78 65 63 28 61 29 7d 28 29 |u002f.exec(a)}()|
|00001860| 3b 49 61 5c 75 30 30 32 36 5c 75 30 30 32 36 28 |;Ia\u0026\u0026(|
|00001870| 48 61 3d 49 61 3f 49 61 5b 31 5d 3a 5c 22 5c 22 |Ha=Ia?Ia[1]:\"\"|
|00001880| 29 3b 69 66 28 76 29 7b 76 61 72 20 4a 61 3d 46 |);if(v){var Ja=F|
|00001890| 61 28 29 3b 69 66 28 6e 75 6c 6c 21 3d 4a 61 5c |a();if(null!=Ja\|
|000018a0| 75 30 30 32 36 5c 75 30 30 32 36 4a 61 3e 70 61 |u0026\u0026Ja>pa|
|000018b0| 72 73 65 46 6c 6f 61 74 28 48 61 29 29 7b 47 61 |rseFloat(Ha)){Ga|
|000018c0| 3d 53 74 72 69 6e 67 28 4a 61 29 3b 62 72 65 61 |=String(Ja);brea|
|000018d0| 6b 20 61 7d 7d 47 61 3d 48 61 7d 76 61 72 20 41 |k a}}Ga=Ha}var A|
|000018e0| 61 3d 7b 7d 3b 5c 6e 66 75 6e 63 74 69 6f 6e 20 |a={};\nfunction |
|000018f0| 4b 61 28 61 29 7b 72 65 74 75 72 6e 20 7a 61 28 |Ka(a){return za(|
|00001900| 61 2c 66 75 6e 63 74 69 6f 6e 28 29 7b 66 6f 72 |a,function(){for|
|00001910| 28 76 61 72 20 62 3d 30 2c 63 3d 72 61 28 53 74 |(var b=0,c=ra(St|
|00001920| 72 69 6e 67 28 47 61 29 29 2e 73 70 6c 69 74 28 |ring(Ga)).split(|
|00001930| 5c 22 2e 5c 22 29 2c 64 3d 72 61 28 53 74 72 69 |\".\"),d=ra(Stri|
|00001940| 6e 67 28 61 29 29 2e 73 70 6c 69 74 28 5c 22 2e |ng(a)).split(\".|
|00001950| 5c 22 29 2c 65 3d 4d 61 74 68 2e 6d 61 78 28 63 |\"),e=Math.max(c|
|00001960| 2e 6c 65 6e 67 74 68 2c 64 2e 6c 65 6e 67 74 68 |.length,d.length|
|00001970| 29 2c 66 3d 30 3b 30 3d 3d 62 5c 75 30 30 32 36 |),f=0;0==b\u0026|
|00001980| 5c 75 30 30 32 36 66 5c 75 30 30 33 63 65 3b 66 |\u0026f\u003ce;f|
|00001990| 2b 2b 29 7b 76 61 72 20 67 3d 63 5b 66 5d 7c 7c |++){var g=c[f]|||
|000019a0| 5c 22 5c 22 2c 68 3d 64 5b 66 5d 7c 7c 5c 22 5c |\"\",h=d[f]||\"\|
|000019b0| 22 3b 64 6f 7b 67 3d 5c 75 30 30 32 66 28 5c 5c |";do{g=\u002f(\\|
|000019c0| 64 2a 29 28 5c 5c 44 2a 29 28 2e 2a 29 5c 75 30 |d*)(\\D*)(.*)\u0|
|000019d0| 30 32 66 2e 65 78 65 63 28 67 29 7c 7c 5b 5c 22 |02f.exec(g)||[\"|
|000019e0| 5c 22 2c 5c 22 5c 22 2c 5c 22 5c 22 2c 5c 22 5c |\",\"\",\"\",\"\|
|000019f0| 22 5d 3b 68 3d 5c 75 30 30 32 66 28 5c 5c 64 2a |"];h=\u002f(\\d*|
|00001a00| 29 28 5c 5c 44 2a 29 28 2e 2a 29 5c 75 30 30 32 |)(\\D*)(.*)\u002|
|00001a10| 66 2e 65 78 65 63 28 68 29 7c 7c 5b 5c 22 5c 22 |f.exec(h)||[\"\"|
|00001a20| 2c 5c 22 5c 22 2c 5c 22 5c 22 2c 5c 22 5c 22 5d |,\"\",\"\",\"\"]|
|00001a30| 3b 69 66 28 30 3d 3d 67 5b 30 5d 2e 6c 65 6e 67 |;if(0==g[0].leng|
|00001a40| 74 68 5c 75 30 30 32 36 5c 75 30 30 32 36 30 3d |th\u0026\u00260=|
|00001a50| 3d 68 5b 30 5d 2e 6c 65 6e 67 74 68 29 62 72 65 |=h[0].length)bre|
|00001a60| 61 6b 3b 62 3d 73 61 28 30 3d 3d 67 5b 31 5d 2e |ak;b=sa(0==g[1].|
|00001a70| 6c 65 6e 67 74 68 3f 30 3a 70 61 72 73 65 49 6e |length?0:parseIn|
|00001a80| 74 28 67 5b 31 5d 2c 31 30 29 2c 30 3d 3d 68 5b |t(g[1],10),0==h[|
|00001a90| 31 5d 2e 6c 65 6e 67 74 68 3f 30 3a 70 61 72 73 |1].length?0:pars|
|00001aa0| 65 49 6e 74 28 68 5b 31 5d 2c 31 30 29 29 7c 7c |eInt(h[1],10))|||
|00001ab0| 73 61 28 30 3d 3d 67 5b 32 5d 2e 6c 65 6e 67 74 |sa(0==g[2].lengt|
|00001ac0| 68 2c 30 3d 3d 68 5b 32 5d 2e 6c 65 6e 67 74 68 |h,0==h[2].length|
|00001ad0| 29 7c 7c 73 61 28 67 5b 32 5d 2c 68 5b 32 5d 29 |)||sa(g[2],h[2])|
|00001ae0| 3b 67 3d 67 5b 33 5d 3b 68 3d 68 5b 33 5d 7d 77 |;g=g[3];h=h[3]}w|
|00001af0| 68 69 6c 65 28 30 3d 3d 62 29 7d 72 65 74 75 72 |hile(0==b)}retur|
|00001b00| 6e 20 30 5c 75 30 30 33 63 3d 62 7d 29 7d 76 61 |n 0\u003c=b})}va|
|00001b10| 72 20 4c 61 3b 5c 6e 4c 61 3d 6b 2e 64 6f 63 75 |r La;\nLa=k.docu|
|00001b20| 6d 65 6e 74 5c 75 30 30 32 36 5c 75 30 30 32 36 |ment\u0026\u0026|
|00001b30| 76 3f 46 61 28 29 3a 76 6f 69 64 20 30 3b 76 61 |v?Fa():void 0;va|
|00001b40| 72 20 78 3d 76 5c 75 30 30 32 36 5c 75 30 30 32 |r x=v\u0026\u002|
|00001b50| 36 21 28 39 5c 75 30 30 33 63 3d 4e 75 6d 62 65 |6!(9\u003c=Numbe|
|00001b60| 72 28 4c 61 29 29 2c 4d 61 3d 76 5c 75 30 30 32 |r(La)),Ma=v\u002|
|00001b70| 36 5c 75 30 30 32 36 21 28 38 5c 75 30 30 33 63 |6\u0026!(8\u003c|
|00001b80| 3d 4e 75 6d 62 65 72 28 4c 61 29 29 3b 66 75 6e |=Number(La));fun|
|00001b90| 63 74 69 6f 6e 20 4e 61 28 61 2c 62 2c 63 2c 64 |ction Na(a,b,c,d|
|00001ba0| 29 7b 74 68 69 73 2e 61 3d 61 3b 74 68 69 73 2e |){this.a=a;this.|
|00001bb0| 6e 6f 64 65 4e 61 6d 65 3d 63 3b 74 68 69 73 2e |nodeName=c;this.|
|00001bc0| 6e 6f 64 65 56 61 6c 75 65 3d 64 3b 74 68 69 73 |nodeValue=d;this|
|00001bd0| 2e 6e 6f 64 65 54 79 70 65 3d 32 3b 74 68 69 73 |.nodeType=2;this|
|00001be0| 2e 70 61 72 65 6e 74 4e 6f 64 65 3d 74 68 69 73 |.parentNode=this|
|00001bf0| 2e 6f 77 6e 65 72 45 6c 65 6d 65 6e 74 3d 62 7d |.ownerElement=b}|
|00001c00| 66 75 6e 63 74 69 6f 6e 20 4f 61 28 61 2c 62 29 |function Oa(a,b)|
|00001c10| 7b 76 61 72 20 63 3d 4d 61 5c 75 30 30 32 36 5c |{var c=Ma\u0026\|
|00001c20| 75 30 30 32 36 5c 22 68 72 65 66 5c 22 3d 3d 62 |u0026\"href\"==b|
|00001c30| 2e 6e 6f 64 65 4e 61 6d 65 3f 61 2e 67 65 74 41 |.nodeName?a.getA|
|00001c40| 74 74 72 69 62 75 74 65 28 62 2e 6e 6f 64 65 4e |ttribute(b.nodeN|
|00001c50| 61 6d 65 2c 32 29 3a 62 2e 6e 6f 64 65 56 61 6c |ame,2):b.nodeVal|
|00001c60| 75 65 3b 72 65 74 75 72 6e 20 6e 65 77 20 4e 61 |ue;return new Na|
|00001c70| 28 62 2c 61 2c 62 2e 6e 6f 64 65 4e 61 6d 65 2c |(b,a,b.nodeName,|
|00001c80| 63 29 7d 3b 66 75 6e 63 74 69 6f 6e 20 50 61 28 |c)};function Pa(|
|00001c90| 61 29 7b 74 68 69 73 2e 62 3d 61 3b 74 68 69 73 |a){this.b=a;this|
|00001ca0| 2e 61 3d 30 7d 66 75 6e 63 74 69 6f 6e 20 51 61 |.a=0}function Qa|
|00001cb0| 28 61 29 7b 61 3d 61 2e 6d 61 74 63 68 28 52 61 |(a){a=a.match(Ra|
|00001cc0| 29 3b 66 6f 72 28 76 61 72 20 62 3d 30 3b 62 5c |);for(var b=0;b\|
|00001cd0| 75 30 30 33 63 61 2e 6c 65 6e 67 74 68 3b 62 2b |u003ca.length;b+|
|00001ce0| 2b 29 53 61 2e 74 65 73 74 28 61 5b 62 5d 29 5c |+)Sa.test(a[b])\|
|00001cf0| 75 30 30 32 36 5c 75 30 30 32 36 61 2e 73 70 6c |u0026\u0026a.spl|
|00001d00| 69 63 65 28 62 2c 31 29 3b 72 65 74 75 72 6e 20 |ice(b,1);return |
|00001d10| 6e 65 77 20 50 61 28 61 29 7d 76 61 72 20 52 61 |new Pa(a)}var Ra|
|00001d20| 3d 5c 75 30 30 32 66 5c 5c 24 3f 28 3f 3a 28 3f |=\u002f\\$?(?:(?|
|00001d30| 21 5b 30 2d 39 2d 5c 5c 2e 5d 29 28 3f 3a 5c 5c |![0-9-\\.])(?:\\|
|00001d40| 2a 7c 5b 5c 5c 77 2d 5c 5c 2e 5d 2b 29 3a 29 3f |*|[\\w-\\.]+):)?|
|00001d50| 28 3f 21 5b 30 2d 39 2d 5c 5c 2e 5d 29 28 3f 3a |(?![0-9-\\.])(?:|
|00001d60| 5c 5c 2a 7c 5b 5c 5c 77 2d 5c 5c 2e 5d 2b 29 7c |\\*|[\\w-\\.]+)||
|00001d70| 5c 5c 5c 75 30 30 32 66 5c 5c 5c 75 30 30 32 66 |\\\u002f\\\u002f|
|00001d80| 7c 5c 5c 2e 5c 5c 2e 7c 3a 3a 7c 5c 5c 64 2b 28 ||\\.\\.|::|\\d+(|
|00001d90| 3f 3a 5c 5c 2e 5c 5c 64 2a 29 3f 7c 5c 5c 2e 5c |?:\\.\\d*)?|\\.\|
|00001da0| 5c 64 2b 7c 5c 22 5b 5e 5c 22 5d 2a 5c 22 7c 27 |\d+|\"[^\"]*\"|'|
|00001db0| 5b 5e 27 5d 2a 27 7c 5b 21 5c 75 30 30 33 63 3e |[^']*'|[!\u003c>|
|00001dc0| 5d 3d 7c 5c 5c 73 2b 7c 2e 5c 75 30 30 32 66 67 |]=|\\s+|.\u002fg|
|00001dd0| 2c 53 61 3d 5c 75 30 30 32 66 5e 5c 5c 73 5c 75 |,Sa=\u002f^\\s\u|
|00001de0| 30 30 32 66 3b 66 75 6e 63 74 69 6f 6e 20 79 28 |002f;function y(|
|00001df0| 61 2c 62 29 7b 72 65 74 75 72 6e 20 61 2e 62 5b |a,b){return a.b[|
|00001e00| 61 2e 61 2b 28 62 7c 7c 30 29 5d 7d 66 75 6e 63 |a.a+(b||0)]}func|
|00001e10| 74 69 6f 6e 20 7a 28 61 29 7b 72 65 74 75 72 6e |tion z(a){return|
|00001e20| 20 61 2e 62 5b 61 2e 61 2b 2b 5d 7d 66 75 6e 63 | a.b[a.a++]}func|
|00001e30| 74 69 6f 6e 20 54 61 28 61 29 7b 72 65 74 75 72 |tion Ta(a){retur|
|00001e40| 6e 20 61 2e 62 2e 6c 65 6e 67 74 68 5c 75 30 30 |n a.b.length\u00|
|00001e50| 33 63 3d 61 2e 61 7d 3b 66 75 6e 63 74 69 6f 6e |3c=a.a};function|
|00001e60| 20 55 61 28 61 2c 62 29 7b 74 68 69 73 2e 78 3d | Ua(a,b){this.x=|
|00001e70| 76 6f 69 64 20 30 21 3d 3d 61 3f 61 3a 30 3b 74 |void 0!==a?a:0;t|
|00001e80| 68 69 73 2e 79 3d 76 6f 69 64 20 30 21 3d 3d 62 |his.y=void 0!==b|
|00001e90| 3f 62 3a 30 7d 55 61 2e 70 72 6f 74 6f 74 79 70 |?b:0}Ua.prototyp|
|00001ea0| 65 2e 63 65 69 6c 3d 66 75 6e 63 74 69 6f 6e 28 |e.ceil=function(|
|00001eb0| 29 7b 74 68 69 73 2e 78 3d 4d 61 74 68 2e 63 65 |){this.x=Math.ce|
|00001ec0| 69 6c 28 74 68 69 73 2e 78 29 3b 74 68 69 73 2e |il(this.x);this.|
|00001ed0| 79 3d 4d 61 74 68 2e 63 65 69 6c 28 74 68 69 73 |y=Math.ceil(this|
|00001ee0| 2e 79 29 3b 72 65 74 75 72 6e 20 74 68 69 73 7d |.y);return this}|
|00001ef0| 3b 55 61 2e 70 72 6f 74 6f 74 79 70 65 2e 66 6c |;Ua.prototype.fl|
|00001f00| 6f 6f 72 3d 66 75 6e 63 74 69 6f 6e 28 29 7b 74 |oor=function(){t|
|00001f10| 68 69 73 2e 78 3d 4d 61 74 68 2e 66 6c 6f 6f 72 |his.x=Math.floor|
|00001f20| 28 74 68 69 73 2e 78 29 3b 74 68 69 73 2e 79 3d |(this.x);this.y=|
|00001f30| 4d 61 74 68 2e 66 6c 6f 6f 72 28 74 68 69 73 2e |Math.floor(this.|
|00001f40| 79 29 3b 72 65 74 75 72 6e 20 74 68 69 73 7d 3b |y);return this};|
|00001f50| 55 61 2e 70 72 6f 74 6f 74 79 70 65 2e 72 6f 75 |Ua.prototype.rou|
|00001f60| 6e 64 3d 66 75 6e 63 74 69 6f 6e 28 29 7b 74 68 |nd=function(){th|
|00001f70| 69 73 2e 78 3d 4d 61 74 68 2e 72 6f 75 6e 64 28 |is.x=Math.round(|
|00001f80| 74 68 69 73 2e 78 29 3b 74 68 69 73 2e 79 3d 4d |this.x);this.y=M|
|00001f90| 61 74 68 2e 72 6f 75 6e 64 28 74 68 69 73 2e 79 |ath.round(this.y|
|00001fa0| 29 3b 72 65 74 75 72 6e 20 74 68 69 73 7d 3b 66 |);return this};f|
|00001fb0| 75 6e 63 74 69 6f 6e 20 56 61 28 61 2c 62 29 7b |unction Va(a,b){|
|00001fc0| 74 68 69 73 2e 77 69 64 74 68 3d 61 3b 74 68 69 |this.width=a;thi|
|00001fd0| 73 2e 68 65 69 67 68 74 3d 62 7d 56 61 2e 70 72 |s.height=b}Va.pr|
|00001fe0| 6f 74 6f 74 79 70 65 2e 61 73 70 65 63 74 52 61 |ototype.aspectRa|
|00001ff0| 74 69 6f 3d 66 75 6e 63 74 69 6f 6e 28 29 7b 72 |tio=function(){r|
+--------+-------------------------------------------------+----------------+
14:13:02.811 [AsyncHttpClient-1-8] TRACE i.n.handler.logging.LoggingHandler - [id: 0xa6657862, L:/127.0.0.1:64395 - R:localhost/127.0.0.1:53550] FLUSH
14:13:02.813 [AsyncHttpClient-1-8] TRACE i.n.handler.logging.LoggingHandler - [id: 0xa6657862, L:/127.0.0.1:64395 - R:localhost/127.0.0.1:53550] WRITE: 8192B
         +-------------------------------------------------+
         |  0  1  2  3  4  5  6  7  8  9  a  b  c  d  e  f |
+--------+-------------------------------------------------+----------------+
|00000000| 65 74 75 72 6e 20 74 68 69 73 2e 77 69 64 74 68 |eturn this.width|
|00000010| 5c 75 30 30 32 66 74 68 69 73 2e 68 65 69 67 68 |\u002fthis.heigh|
|00000020| 74 7d 3b 56 61 2e 70 72 6f 74 6f 74 79 70 65 2e |t};Va.prototype.|
|00000030| 63 65 69 6c 3d 66 75 6e 63 74 69 6f 6e 28 29 7b |ceil=function(){|
|00000040| 74 68 69 73 2e 77 69 64 74 68 3d 4d 61 74 68 2e |this.width=Math.|
|00000050| 63 65 69 6c 28 74 68 69 73 2e 77 69 64 74 68 29 |ceil(this.width)|
|00000060| 3b 74 68 69 73 2e 68 65 69 67 68 74 3d 4d 61 74 |;this.height=Mat|
|00000070| 68 2e 63 65 69 6c 28 74 68 69 73 2e 68 65 69 67 |h.ceil(this.heig|
|00000080| 68 74 29 3b 72 65 74 75 72 6e 20 74 68 69 73 7d |ht);return this}|
|00000090| 3b 56 61 2e 70 72 6f 74 6f 74 79 70 65 2e 66 6c |;Va.prototype.fl|
|000000a0| 6f 6f 72 3d 66 75 6e 63 74 69 6f 6e 28 29 7b 74 |oor=function(){t|
|000000b0| 68 69 73 2e 77 69 64 74 68 3d 4d 61 74 68 2e 66 |his.width=Math.f|
|000000c0| 6c 6f 6f 72 28 74 68 69 73 2e 77 69 64 74 68 29 |loor(this.width)|
|000000d0| 3b 74 68 69 73 2e 68 65 69 67 68 74 3d 4d 61 74 |;this.height=Mat|
|000000e0| 68 2e 66 6c 6f 6f 72 28 74 68 69 73 2e 68 65 69 |h.floor(this.hei|
|000000f0| 67 68 74 29 3b 72 65 74 75 72 6e 20 74 68 69 73 |ght);return this|
|00000100| 7d 3b 56 61 2e 70 72 6f 74 6f 74 79 70 65 2e 72 |};Va.prototype.r|
|00000110| 6f 75 6e 64 3d 66 75 6e 63 74 69 6f 6e 28 29 7b |ound=function(){|
|00000120| 74 68 69 73 2e 77 69 64 74 68 3d 4d 61 74 68 2e |this.width=Math.|
|00000130| 72 6f 75 6e 64 28 74 68 69 73 2e 77 69 64 74 68 |round(this.width|
|00000140| 29 3b 74 68 69 73 2e 68 65 69 67 68 74 3d 4d 61 |);this.height=Ma|
|00000150| 74 68 2e 72 6f 75 6e 64 28 74 68 69 73 2e 68 65 |th.round(this.he|
|00000160| 69 67 68 74 29 3b 72 65 74 75 72 6e 20 74 68 69 |ight);return thi|
|00000170| 73 7d 3b 66 75 6e 63 74 69 6f 6e 20 57 61 28 61 |s};function Wa(a|
|00000180| 2c 62 29 7b 69 66 28 21 61 7c 7c 21 62 29 72 65 |,b){if(!a||!b)re|
|00000190| 74 75 72 6e 21 31 3b 69 66 28 61 2e 63 6f 6e 74 |turn!1;if(a.cont|
|000001a0| 61 69 6e 73 5c 75 30 30 32 36 5c 75 30 30 32 36 |ains\u0026\u0026|
|000001b0| 31 3d 3d 62 2e 6e 6f 64 65 54 79 70 65 29 72 65 |1==b.nodeType)re|
|000001c0| 74 75 72 6e 20 61 3d 3d 62 7c 7c 61 2e 63 6f 6e |turn a==b||a.con|
|000001d0| 74 61 69 6e 73 28 62 29 3b 69 66 28 5c 22 75 6e |tains(b);if(\"un|
|000001e0| 64 65 66 69 6e 65 64 5c 22 21 3d 74 79 70 65 6f |defined\"!=typeo|
|000001f0| 66 20 61 2e 63 6f 6d 70 61 72 65 44 6f 63 75 6d |f a.compareDocum|
|00000200| 65 6e 74 50 6f 73 69 74 69 6f 6e 29 72 65 74 75 |entPosition)retu|
|00000210| 72 6e 20 61 3d 3d 62 7c 7c 21 21 28 61 2e 63 6f |rn a==b||!!(a.co|
|00000220| 6d 70 61 72 65 44 6f 63 75 6d 65 6e 74 50 6f 73 |mpareDocumentPos|
|00000230| 69 74 69 6f 6e 28 62 29 5c 75 30 30 32 36 31 36 |ition(b)\u002616|
|00000240| 29 3b 66 6f 72 28 3b 62 5c 75 30 30 32 36 5c 75 |);for(;b\u0026\u|
|00000250| 30 30 32 36 61 21 3d 62 3b 29 62 3d 62 2e 70 61 |0026a!=b;)b=b.pa|
|00000260| 72 65 6e 74 4e 6f 64 65 3b 72 65 74 75 72 6e 20 |rentNode;return |
|00000270| 62 3d 3d 61 7d 5c 6e 66 75 6e 63 74 69 6f 6e 20 |b==a}\nfunction |
|00000280| 58 61 28 61 2c 62 29 7b 69 66 28 61 3d 3d 62 29 |Xa(a,b){if(a==b)|
|00000290| 72 65 74 75 72 6e 20 30 3b 69 66 28 61 2e 63 6f |return 0;if(a.co|
|000002a0| 6d 70 61 72 65 44 6f 63 75 6d 65 6e 74 50 6f 73 |mpareDocumentPos|
|000002b0| 69 74 69 6f 6e 29 72 65 74 75 72 6e 20 61 2e 63 |ition)return a.c|
|000002c0| 6f 6d 70 61 72 65 44 6f 63 75 6d 65 6e 74 50 6f |ompareDocumentPo|
|000002d0| 73 69 74 69 6f 6e 28 62 29 5c 75 30 30 32 36 32 |sition(b)\u00262|
|000002e0| 3f 31 3a 2d 31 3b 69 66 28 76 5c 75 30 30 32 36 |?1:-1;if(v\u0026|
|000002f0| 5c 75 30 30 32 36 21 28 39 5c 75 30 30 33 63 3d |\u0026!(9\u003c=|
|00000300| 4e 75 6d 62 65 72 28 4c 61 29 29 29 7b 69 66 28 |Number(La))){if(|
|00000310| 39 3d 3d 61 2e 6e 6f 64 65 54 79 70 65 29 72 65 |9==a.nodeType)re|
|00000320| 74 75 72 6e 2d 31 3b 69 66 28 39 3d 3d 62 2e 6e |turn-1;if(9==b.n|
|00000330| 6f 64 65 54 79 70 65 29 72 65 74 75 72 6e 20 31 |odeType)return 1|
|00000340| 7d 69 66 28 5c 22 73 6f 75 72 63 65 49 6e 64 65 |}if(\"sourceInde|
|00000350| 78 5c 22 69 6e 20 61 7c 7c 61 2e 70 61 72 65 6e |x\"in a||a.paren|
|00000360| 74 4e 6f 64 65 5c 75 30 30 32 36 5c 75 30 30 32 |tNode\u0026\u002|
|00000370| 36 5c 22 73 6f 75 72 63 65 49 6e 64 65 78 5c 22 |6\"sourceIndex\"|
|00000380| 69 6e 20 61 2e 70 61 72 65 6e 74 4e 6f 64 65 29 |in a.parentNode)|
|00000390| 7b 76 61 72 20 63 3d 31 3d 3d 61 2e 6e 6f 64 65 |{var c=1==a.node|
|000003a0| 54 79 70 65 2c 64 3d 31 3d 3d 62 2e 6e 6f 64 65 |Type,d=1==b.node|
|000003b0| 54 79 70 65 3b 69 66 28 63 5c 75 30 30 32 36 5c |Type;if(c\u0026\|
|000003c0| 75 30 30 32 36 64 29 72 65 74 75 72 6e 20 61 2e |u0026d)return a.|
|000003d0| 73 6f 75 72 63 65 49 6e 64 65 78 2d 62 2e 73 6f |sourceIndex-b.so|
|000003e0| 75 72 63 65 49 6e 64 65 78 3b 76 61 72 20 65 3d |urceIndex;var e=|
|000003f0| 61 2e 70 61 72 65 6e 74 4e 6f 64 65 2c 66 3d 62 |a.parentNode,f=b|
|00000400| 2e 70 61 72 65 6e 74 4e 6f 64 65 3b 72 65 74 75 |.parentNode;retu|
|00000410| 72 6e 20 65 3d 3d 66 3f 59 61 28 61 2c 62 29 3a |rn e==f?Ya(a,b):|
|00000420| 21 63 5c 75 30 30 32 36 5c 75 30 30 32 36 57 61 |!c\u0026\u0026Wa|
|00000430| 28 65 2c 62 29 3f 2d 31 2a 5a 61 28 61 2c 62 29 |(e,b)?-1*Za(a,b)|
|00000440| 3a 21 64 5c 75 30 30 32 36 5c 75 30 30 32 36 57 |:!d\u0026\u0026W|
|00000450| 61 28 66 2c 61 29 3f 5a 61 28 62 2c 61 29 3a 28 |a(f,a)?Za(b,a):(|
|00000460| 63 3f 61 2e 73 6f 75 72 63 65 49 6e 64 65 78 3a |c?a.sourceIndex:|
|00000470| 65 2e 73 6f 75 72 63 65 49 6e 64 65 78 29 2d 28 |e.sourceIndex)-(|
|00000480| 64 3f 62 2e 73 6f 75 72 63 65 49 6e 64 65 78 3a |d?b.sourceIndex:|
|00000490| 66 2e 73 6f 75 72 63 65 49 6e 64 65 78 29 7d 64 |f.sourceIndex)}d|
|000004a0| 3d 41 28 61 29 3b 63 3d 64 2e 63 72 65 61 74 65 |=A(a);c=d.create|
|000004b0| 52 61 6e 67 65 28 29 3b 5c 6e 63 2e 73 65 6c 65 |Range();\nc.sele|
|000004c0| 63 74 4e 6f 64 65 28 61 29 3b 63 2e 63 6f 6c 6c |ctNode(a);c.coll|
|000004d0| 61 70 73 65 28 21 30 29 3b 61 3d 64 2e 63 72 65 |apse(!0);a=d.cre|
|000004e0| 61 74 65 52 61 6e 67 65 28 29 3b 61 2e 73 65 6c |ateRange();a.sel|
|000004f0| 65 63 74 4e 6f 64 65 28 62 29 3b 61 2e 63 6f 6c |ectNode(b);a.col|
|00000500| 6c 61 70 73 65 28 21 30 29 3b 72 65 74 75 72 6e |lapse(!0);return|
|00000510| 20 63 2e 63 6f 6d 70 61 72 65 42 6f 75 6e 64 61 | c.compareBounda|
|00000520| 72 79 50 6f 69 6e 74 73 28 6b 2e 52 61 6e 67 65 |ryPoints(k.Range|
|00000530| 2e 53 54 41 52 54 5f 54 4f 5f 45 4e 44 2c 61 29 |.START_TO_END,a)|
|00000540| 7d 66 75 6e 63 74 69 6f 6e 20 5a 61 28 61 2c 62 |}function Za(a,b|
|00000550| 29 7b 76 61 72 20 63 3d 61 2e 70 61 72 65 6e 74 |){var c=a.parent|
|00000560| 4e 6f 64 65 3b 69 66 28 63 3d 3d 62 29 72 65 74 |Node;if(c==b)ret|
|00000570| 75 72 6e 2d 31 3b 66 6f 72 28 3b 62 2e 70 61 72 |urn-1;for(;b.par|
|00000580| 65 6e 74 4e 6f 64 65 21 3d 63 3b 29 62 3d 62 2e |entNode!=c;)b=b.|
|00000590| 70 61 72 65 6e 74 4e 6f 64 65 3b 72 65 74 75 72 |parentNode;retur|
|000005a0| 6e 20 59 61 28 62 2c 61 29 7d 66 75 6e 63 74 69 |n Ya(b,a)}functi|
|000005b0| 6f 6e 20 59 61 28 61 2c 62 29 7b 66 6f 72 28 3b |on Ya(a,b){for(;|
|000005c0| 62 3d 62 2e 70 72 65 76 69 6f 75 73 53 69 62 6c |b=b.previousSibl|
|000005d0| 69 6e 67 3b 29 69 66 28 62 3d 3d 61 29 72 65 74 |ing;)if(b==a)ret|
|000005e0| 75 72 6e 2d 31 3b 72 65 74 75 72 6e 20 31 7d 66 |urn-1;return 1}f|
|000005f0| 75 6e 63 74 69 6f 6e 20 41 28 61 29 7b 72 65 74 |unction A(a){ret|
|00000600| 75 72 6e 20 39 3d 3d 61 2e 6e 6f 64 65 54 79 70 |urn 9==a.nodeTyp|
|00000610| 65 3f 61 3a 61 2e 6f 77 6e 65 72 44 6f 63 75 6d |e?a:a.ownerDocum|
|00000620| 65 6e 74 7c 7c 61 2e 64 6f 63 75 6d 65 6e 74 7d |ent||a.document}|
|00000630| 66 75 6e 63 74 69 6f 6e 20 24 61 28 61 2c 62 29 |function $a(a,b)|
|00000640| 7b 61 5c 75 30 30 32 36 5c 75 30 30 32 36 28 61 |{a\u0026\u0026(a|
|00000650| 3d 61 2e 70 61 72 65 6e 74 4e 6f 64 65 29 3b 66 |=a.parentNode);f|
|00000660| 6f 72 28 76 61 72 20 63 3d 30 3b 61 3b 29 7b 69 |or(var c=0;a;){i|
|00000670| 66 28 62 28 61 29 29 72 65 74 75 72 6e 20 61 3b |f(b(a))return a;|
|00000680| 61 3d 61 2e 70 61 72 65 6e 74 4e 6f 64 65 3b 63 |a=a.parentNode;c|
|00000690| 2b 2b 7d 72 65 74 75 72 6e 20 6e 75 6c 6c 7d 5c |++}return null}\|
|000006a0| 6e 66 75 6e 63 74 69 6f 6e 20 61 62 28 61 29 7b |nfunction ab(a){|
|000006b0| 74 68 69 73 2e 61 3d 61 7c 7c 6b 2e 64 6f 63 75 |this.a=a||k.docu|
|000006c0| 6d 65 6e 74 7c 7c 64 6f 63 75 6d 65 6e 74 7d 61 |ment||document}a|
|000006d0| 62 2e 70 72 6f 74 6f 74 79 70 65 2e 67 65 74 45 |b.prototype.getE|
|000006e0| 6c 65 6d 65 6e 74 73 42 79 54 61 67 4e 61 6d 65 |lementsByTagName|
|000006f0| 3d 66 75 6e 63 74 69 6f 6e 28 61 2c 62 29 7b 72 |=function(a,b){r|
|00000700| 65 74 75 72 6e 28 62 7c 7c 74 68 69 73 2e 61 29 |eturn(b||this.a)|
|00000710| 2e 67 65 74 45 6c 65 6d 65 6e 74 73 42 79 54 61 |.getElementsByTa|
|00000720| 67 4e 61 6d 65 28 53 74 72 69 6e 67 28 61 29 29 |gName(String(a))|
|00000730| 7d 3b 66 75 6e 63 74 69 6f 6e 20 42 28 61 29 7b |};function B(a){|
|00000740| 76 61 72 20 62 3d 6e 75 6c 6c 2c 63 3d 61 2e 6e |var b=null,c=a.n|
|00000750| 6f 64 65 54 79 70 65 3b 31 3d 3d 63 5c 75 30 30 |odeType;1==c\u00|
|00000760| 32 36 5c 75 30 30 32 36 28 62 3d 61 2e 74 65 78 |26\u0026(b=a.tex|
|00000770| 74 43 6f 6e 74 65 6e 74 2c 62 3d 76 6f 69 64 20 |tContent,b=void |
|00000780| 30 3d 3d 62 7c 7c 6e 75 6c 6c 3d 3d 62 3f 61 2e |0==b||null==b?a.|
|00000790| 69 6e 6e 65 72 54 65 78 74 3a 62 2c 62 3d 76 6f |innerText:b,b=vo|
|000007a0| 69 64 20 30 3d 3d 62 7c 7c 6e 75 6c 6c 3d 3d 62 |id 0==b||null==b|
|000007b0| 3f 5c 22 5c 22 3a 62 29 3b 69 66 28 5c 22 73 74 |?\"\":b);if(\"st|
|000007c0| 72 69 6e 67 5c 22 21 3d 74 79 70 65 6f 66 20 62 |ring\"!=typeof b|
|000007d0| 29 69 66 28 78 5c 75 30 30 32 36 5c 75 30 30 32 |)if(x\u0026\u002|
|000007e0| 36 5c 22 74 69 74 6c 65 5c 22 3d 3d 61 2e 6e 6f |6\"title\"==a.no|
|000007f0| 64 65 4e 61 6d 65 2e 74 6f 4c 6f 77 65 72 43 61 |deName.toLowerCa|
|00000800| 73 65 28 29 5c 75 30 30 32 36 5c 75 30 30 32 36 |se()\u0026\u0026|
|00000810| 31 3d 3d 63 29 62 3d 61 2e 74 65 78 74 3b 65 6c |1==c)b=a.text;el|
|00000820| 73 65 20 69 66 28 39 3d 3d 63 7c 7c 31 3d 3d 63 |se if(9==c||1==c|
|00000830| 29 7b 61 3d 39 3d 3d 63 3f 61 2e 64 6f 63 75 6d |){a=9==c?a.docum|
|00000840| 65 6e 74 45 6c 65 6d 65 6e 74 3a 61 2e 66 69 72 |entElement:a.fir|
|00000850| 73 74 43 68 69 6c 64 3b 63 3d 30 3b 76 61 72 20 |stChild;c=0;var |
|00000860| 64 3d 5b 5d 3b 66 6f 72 28 62 3d 5c 22 5c 22 3b |d=[];for(b=\"\";|
|00000870| 61 3b 29 7b 64 6f 20 31 21 3d 61 2e 6e 6f 64 65 |a;){do 1!=a.node|
|00000880| 54 79 70 65 5c 75 30 30 32 36 5c 75 30 30 32 36 |Type\u0026\u0026|
|00000890| 28 62 2b 3d 61 2e 6e 6f 64 65 56 61 6c 75 65 29 |(b+=a.nodeValue)|
|000008a0| 2c 78 5c 75 30 30 32 36 5c 75 30 30 32 36 5c 22 |,x\u0026\u0026\"|
|000008b0| 74 69 74 6c 65 5c 22 3d 3d 61 2e 6e 6f 64 65 4e |title\"==a.nodeN|
|000008c0| 61 6d 65 2e 74 6f 4c 6f 77 65 72 43 61 73 65 28 |ame.toLowerCase(|
|000008d0| 29 5c 75 30 30 32 36 5c 75 30 30 32 36 28 62 2b |)\u0026\u0026(b+|
|000008e0| 3d 61 2e 74 65 78 74 29 2c 64 5b 63 2b 2b 5d 3d |=a.text),d[c++]=|
|000008f0| 61 3b 77 68 69 6c 65 28 61 3d 61 2e 66 69 72 73 |a;while(a=a.firs|
|00000900| 74 43 68 69 6c 64 29 3b 66 6f 72 28 3b 63 5c 75 |tChild);for(;c\u|
|00000910| 30 30 32 36 5c 75 30 30 32 36 21 28 61 3d 64 5b |0026\u0026!(a=d[|
|00000920| 2d 2d 63 5d 2e 6e 65 78 74 53 69 62 6c 69 6e 67 |--c].nextSibling|
|00000930| 29 3b 29 3b 7d 7d 65 6c 73 65 20 62 3d 61 2e 6e |););}}else b=a.n|
|00000940| 6f 64 65 56 61 6c 75 65 3b 72 65 74 75 72 6e 20 |odeValue;return |
|00000950| 62 7d 5c 6e 66 75 6e 63 74 69 6f 6e 20 43 28 61 |b}\nfunction C(a|
|00000960| 2c 62 2c 63 29 7b 69 66 28 6e 75 6c 6c 3d 3d 3d |,b,c){if(null===|
|00000970| 62 29 72 65 74 75 72 6e 21 30 3b 74 72 79 7b 69 |b)return!0;try{i|
|00000980| 66 28 21 61 2e 67 65 74 41 74 74 72 69 62 75 74 |f(!a.getAttribut|
|00000990| 65 29 72 65 74 75 72 6e 21 31 7d 63 61 74 63 68 |e)return!1}catch|
|000009a0| 28 64 29 7b 72 65 74 75 72 6e 21 31 7d 4d 61 5c |(d){return!1}Ma\|
|000009b0| 75 30 30 32 36 5c 75 30 30 32 36 5c 22 63 6c 61 |u0026\u0026\"cla|
|000009c0| 73 73 5c 22 3d 3d 62 5c 75 30 30 32 36 5c 75 30 |ss\"==b\u0026\u0|
|000009d0| 30 32 36 28 62 3d 5c 22 63 6c 61 73 73 4e 61 6d |026(b=\"classNam|
|000009e0| 65 5c 22 29 3b 72 65 74 75 72 6e 20 6e 75 6c 6c |e\");return null|
|000009f0| 3d 3d 63 3f 21 21 61 2e 67 65 74 41 74 74 72 69 |==c?!!a.getAttri|
|00000a00| 62 75 74 65 28 62 29 3a 61 2e 67 65 74 41 74 74 |bute(b):a.getAtt|
|00000a10| 72 69 62 75 74 65 28 62 2c 32 29 3d 3d 63 7d 66 |ribute(b,2)==c}f|
|00000a20| 75 6e 63 74 69 6f 6e 20 62 62 28 61 2c 62 2c 63 |unction bb(a,b,c|
|00000a30| 2c 64 2c 65 29 7b 72 65 74 75 72 6e 28 78 3f 63 |,d,e){return(x?c|
|00000a40| 62 3a 64 62 29 2e 63 61 6c 6c 28 6e 75 6c 6c 2c |b:db).call(null,|
|00000a50| 61 2c 62 2c 61 61 28 63 29 3f 63 3a 6e 75 6c 6c |a,b,aa(c)?c:null|
|00000a60| 2c 61 61 28 64 29 3f 64 3a 6e 75 6c 6c 2c 65 7c |,aa(d)?d:null,e||
|00000a70| 7c 6e 65 77 20 45 29 7d 5c 6e 66 75 6e 63 74 69 ||new E)}\nfuncti|
|00000a80| 6f 6e 20 63 62 28 61 2c 62 2c 63 2c 64 2c 65 29 |on cb(a,b,c,d,e)|
|00000a90| 7b 69 66 28 61 20 69 6e 73 74 61 6e 63 65 6f 66 |{if(a instanceof|
|00000aa0| 20 46 7c 7c 38 3d 3d 61 2e 62 7c 7c 63 5c 75 30 | F||8==a.b||c\u0|
|00000ab0| 30 32 36 5c 75 30 30 32 36 6e 75 6c 6c 3d 3d 3d |026\u0026null===|
|00000ac0| 61 2e 62 29 7b 76 61 72 20 66 3d 62 2e 61 6c 6c |a.b){var f=b.all|
|00000ad0| 3b 69 66 28 21 66 29 72 65 74 75 72 6e 20 65 3b |;if(!f)return e;|
|00000ae0| 61 3d 65 62 28 61 29 3b 69 66 28 5c 22 2a 5c 22 |a=eb(a);if(\"*\"|
|00000af0| 21 3d 61 5c 75 30 30 32 36 5c 75 30 30 32 36 28 |!=a\u0026\u0026(|
|00000b00| 66 3d 62 2e 67 65 74 45 6c 65 6d 65 6e 74 73 42 |f=b.getElementsB|
|00000b10| 79 54 61 67 4e 61 6d 65 28 61 29 2c 21 66 29 29 |yTagName(a),!f))|
|00000b20| 72 65 74 75 72 6e 20 65 3b 69 66 28 63 29 7b 66 |return e;if(c){f|
|00000b30| 6f 72 28 76 61 72 20 67 3d 5b 5d 2c 68 3d 30 3b |or(var g=[],h=0;|
|00000b40| 62 3d 66 5b 68 2b 2b 5d 3b 29 43 28 62 2c 63 2c |b=f[h++];)C(b,c,|
|00000b50| 64 29 5c 75 30 30 32 36 5c 75 30 30 32 36 67 2e |d)\u0026\u0026g.|
|00000b60| 70 75 73 68 28 62 29 3b 66 3d 67 7d 66 6f 72 28 |push(b);f=g}for(|
|00000b70| 68 3d 30 3b 62 3d 66 5b 68 2b 2b 5d 3b 29 5c 22 |h=0;b=f[h++];)\"|
|00000b80| 2a 5c 22 3d 3d 61 5c 75 30 30 32 36 5c 75 30 30 |*\"==a\u0026\u00|
|00000b90| 32 36 5c 22 21 5c 22 3d 3d 62 2e 74 61 67 4e 61 |26\"!\"==b.tagNa|
|00000ba0| 6d 65 7c 7c 65 2e 61 64 64 28 62 29 3b 72 65 74 |me||e.add(b);ret|
|00000bb0| 75 72 6e 20 65 7d 67 62 28 61 2c 62 2c 63 2c 64 |urn e}gb(a,b,c,d|
|00000bc0| 2c 65 29 3b 72 65 74 75 72 6e 20 65 7d 5c 6e 66 |,e);return e}\nf|
|00000bd0| 75 6e 63 74 69 6f 6e 20 64 62 28 61 2c 62 2c 63 |unction db(a,b,c|
|00000be0| 2c 64 2c 65 29 7b 62 2e 67 65 74 45 6c 65 6d 65 |,d,e){b.getEleme|
|00000bf0| 6e 74 73 42 79 4e 61 6d 65 5c 75 30 30 32 36 5c |ntsByName\u0026\|
|00000c00| 75 30 30 32 36 64 5c 75 30 30 32 36 5c 75 30 30 |u0026d\u0026\u00|
|00000c10| 32 36 5c 22 6e 61 6d 65 5c 22 3d 3d 63 5c 75 30 |26\"name\"==c\u0|
|00000c20| 30 32 36 5c 75 30 30 32 36 21 76 3f 28 62 3d 62 |026\u0026!v?(b=b|
|00000c30| 2e 67 65 74 45 6c 65 6d 65 6e 74 73 42 79 4e 61 |.getElementsByNa|
|00000c40| 6d 65 28 64 29 2c 6e 28 62 2c 66 75 6e 63 74 69 |me(d),n(b,functi|
|00000c50| 6f 6e 28 66 29 7b 61 2e 61 28 66 29 5c 75 30 30 |on(f){a.a(f)\u00|
|00000c60| 32 36 5c 75 30 30 32 36 65 2e 61 64 64 28 66 29 |26\u0026e.add(f)|
|00000c70| 7d 29 29 3a 62 2e 67 65 74 45 6c 65 6d 65 6e 74 |})):b.getElement|
|00000c80| 73 42 79 43 6c 61 73 73 4e 61 6d 65 5c 75 30 30 |sByClassName\u00|
|00000c90| 32 36 5c 75 30 30 32 36 64 5c 75 30 30 32 36 5c |26\u0026d\u0026\|
|00000ca0| 75 30 30 32 36 5c 22 63 6c 61 73 73 5c 22 3d 3d |u0026\"class\"==|
|00000cb0| 63 3f 28 62 3d 62 2e 67 65 74 45 6c 65 6d 65 6e |c?(b=b.getElemen|
|00000cc0| 74 73 42 79 43 6c 61 73 73 4e 61 6d 65 28 64 29 |tsByClassName(d)|
|00000cd0| 2c 6e 28 62 2c 66 75 6e 63 74 69 6f 6e 28 66 29 |,n(b,function(f)|
|00000ce0| 7b 66 2e 63 6c 61 73 73 4e 61 6d 65 3d 3d 64 5c |{f.className==d\|
|00000cf0| 75 30 30 32 36 5c 75 30 30 32 36 61 2e 61 28 66 |u0026\u0026a.a(f|
|00000d00| 29 5c 75 30 30 32 36 5c 75 30 30 32 36 65 2e 61 |)\u0026\u0026e.a|
|00000d10| 64 64 28 66 29 7d 29 29 3a 61 20 69 6e 73 74 61 |dd(f)})):a insta|
|00000d20| 6e 63 65 6f 66 20 47 3f 67 62 28 61 2c 62 2c 63 |nceof G?gb(a,b,c|
|00000d30| 2c 64 2c 65 29 3a 62 2e 67 65 74 45 6c 65 6d 65 |,d,e):b.getEleme|
|00000d40| 6e 74 73 42 79 54 61 67 4e 61 6d 65 5c 75 30 30 |ntsByTagName\u00|
|00000d50| 32 36 5c 75 30 30 32 36 28 62 3d 62 2e 67 65 74 |26\u0026(b=b.get|
|00000d60| 45 6c 65 6d 65 6e 74 73 42 79 54 61 67 4e 61 6d |ElementsByTagNam|
|00000d70| 65 28 61 2e 66 28 29 29 2c 6e 28 62 2c 66 75 6e |e(a.f()),n(b,fun|
|00000d80| 63 74 69 6f 6e 28 66 29 7b 43 28 66 2c 63 2c 64 |ction(f){C(f,c,d|
|00000d90| 29 5c 75 30 30 32 36 5c 75 30 30 32 36 65 2e 61 |)\u0026\u0026e.a|
|00000da0| 64 64 28 66 29 7d 29 29 3b 72 65 74 75 72 6e 20 |dd(f)}));return |
|00000db0| 65 7d 5c 6e 66 75 6e 63 74 69 6f 6e 20 68 62 28 |e}\nfunction hb(|
|00000dc0| 61 2c 62 2c 63 2c 64 2c 65 29 7b 76 61 72 20 66 |a,b,c,d,e){var f|
|00000dd0| 3b 69 66 28 28 61 20 69 6e 73 74 61 6e 63 65 6f |;if((a instanceo|
|00000de0| 66 20 46 7c 7c 38 3d 3d 61 2e 62 7c 7c 63 5c 75 |f F||8==a.b||c\u|
|00000df0| 30 30 32 36 5c 75 30 30 32 36 6e 75 6c 6c 3d 3d |0026\u0026null==|
|00000e00| 3d 61 2e 62 29 5c 75 30 30 32 36 5c 75 30 30 32 |=a.b)\u0026\u002|
|00000e10| 36 28 66 3d 62 2e 63 68 69 6c 64 4e 6f 64 65 73 |6(f=b.childNodes|
|00000e20| 29 29 7b 76 61 72 20 67 3d 65 62 28 61 29 3b 69 |)){var g=eb(a);i|
|00000e30| 66 28 5c 22 2a 5c 22 21 3d 67 5c 75 30 30 32 36 |f(\"*\"!=g\u0026|
|00000e40| 5c 75 30 30 32 36 28 66 3d 6b 61 28 66 2c 66 75 |\u0026(f=ka(f,fu|
|00000e50| 6e 63 74 69 6f 6e 28 68 29 7b 72 65 74 75 72 6e |nction(h){return|
|00000e60| 20 68 2e 74 61 67 4e 61 6d 65 5c 75 30 30 32 36 | h.tagName\u0026|
|00000e70| 5c 75 30 30 32 36 68 2e 74 61 67 4e 61 6d 65 2e |\u0026h.tagName.|
|00000e80| 74 6f 4c 6f 77 65 72 43 61 73 65 28 29 3d 3d 67 |toLowerCase()==g|
|00000e90| 7d 29 2c 21 66 29 29 72 65 74 75 72 6e 20 65 3b |}),!f))return e;|
|00000ea0| 63 5c 75 30 30 32 36 5c 75 30 30 32 36 28 66 3d |c\u0026\u0026(f=|
|00000eb0| 6b 61 28 66 2c 66 75 6e 63 74 69 6f 6e 28 68 29 |ka(f,function(h)|
|00000ec0| 7b 72 65 74 75 72 6e 20 43 28 68 2c 63 2c 64 29 |{return C(h,c,d)|
|00000ed0| 7d 29 29 3b 6e 28 66 2c 66 75 6e 63 74 69 6f 6e |}));n(f,function|
|00000ee0| 28 68 29 7b 5c 22 2a 5c 22 3d 3d 67 5c 75 30 30 |(h){\"*\"==g\u00|
|00000ef0| 32 36 5c 75 30 30 32 36 28 5c 22 21 5c 22 3d 3d |26\u0026(\"!\"==|
|00000f00| 68 2e 74 61 67 4e 61 6d 65 7c 7c 5c 22 2a 5c 22 |h.tagName||\"*\"|
|00000f10| 3d 3d 67 5c 75 30 30 32 36 5c 75 30 30 32 36 31 |==g\u0026\u00261|
|00000f20| 21 3d 68 2e 6e 6f 64 65 54 79 70 65 29 7c 7c 65 |!=h.nodeType)||e|
|00000f30| 2e 61 64 64 28 68 29 7d 29 3b 72 65 74 75 72 6e |.add(h)});return|
|00000f40| 20 65 7d 72 65 74 75 72 6e 20 69 62 28 61 2c 62 | e}return ib(a,b|
|00000f50| 2c 63 2c 64 2c 65 29 7d 66 75 6e 63 74 69 6f 6e |,c,d,e)}function|
|00000f60| 20 69 62 28 61 2c 62 2c 63 2c 64 2c 65 29 7b 66 | ib(a,b,c,d,e){f|
|00000f70| 6f 72 28 62 3d 62 2e 66 69 72 73 74 43 68 69 6c |or(b=b.firstChil|
|00000f80| 64 3b 62 3b 62 3d 62 2e 6e 65 78 74 53 69 62 6c |d;b;b=b.nextSibl|
|00000f90| 69 6e 67 29 43 28 62 2c 63 2c 64 29 5c 75 30 30 |ing)C(b,c,d)\u00|
|00000fa0| 32 36 5c 75 30 30 32 36 61 2e 61 28 62 29 5c 75 |26\u0026a.a(b)\u|
|00000fb0| 30 30 32 36 5c 75 30 30 32 36 65 2e 61 64 64 28 |0026\u0026e.add(|
|00000fc0| 62 29 3b 72 65 74 75 72 6e 20 65 7d 5c 6e 66 75 |b);return e}\nfu|
|00000fd0| 6e 63 74 69 6f 6e 20 67 62 28 61 2c 62 2c 63 2c |nction gb(a,b,c,|
|00000fe0| 64 2c 65 29 7b 66 6f 72 28 62 3d 62 2e 66 69 72 |d,e){for(b=b.fir|
|00000ff0| 73 74 43 68 69 6c 64 3b 62 3b 62 3d 62 2e 6e 65 |stChild;b;b=b.ne|
|00001000| 78 74 53 69 62 6c 69 6e 67 29 43 28 62 2c 63 2c |xtSibling)C(b,c,|
|00001010| 64 29 5c 75 30 30 32 36 5c 75 30 30 32 36 61 2e |d)\u0026\u0026a.|
|00001020| 61 28 62 29 5c 75 30 30 32 36 5c 75 30 30 32 36 |a(b)\u0026\u0026|
|00001030| 65 2e 61 64 64 28 62 29 2c 67 62 28 61 2c 62 2c |e.add(b),gb(a,b,|
|00001040| 63 2c 64 2c 65 29 7d 66 75 6e 63 74 69 6f 6e 20 |c,d,e)}function |
|00001050| 65 62 28 61 29 7b 69 66 28 61 20 69 6e 73 74 61 |eb(a){if(a insta|
|00001060| 6e 63 65 6f 66 20 47 29 7b 69 66 28 38 3d 3d 61 |nceof G){if(8==a|
|00001070| 2e 62 29 72 65 74 75 72 6e 5c 22 21 5c 22 3b 69 |.b)return\"!\";i|
|00001080| 66 28 6e 75 6c 6c 3d 3d 3d 61 2e 62 29 72 65 74 |f(null===a.b)ret|
|00001090| 75 72 6e 5c 22 2a 5c 22 7d 72 65 74 75 72 6e 20 |urn\"*\"}return |
|000010a0| 61 2e 66 28 29 7d 3b 66 75 6e 63 74 69 6f 6e 20 |a.f()};function |
|000010b0| 45 28 29 7b 74 68 69 73 2e 62 3d 74 68 69 73 2e |E(){this.b=this.|
|000010c0| 61 3d 6e 75 6c 6c 3b 74 68 69 73 2e 6c 3d 30 7d |a=null;this.l=0}|
|000010d0| 66 75 6e 63 74 69 6f 6e 20 6a 62 28 61 29 7b 74 |function jb(a){t|
|000010e0| 68 69 73 2e 66 3d 61 3b 74 68 69 73 2e 61 3d 74 |his.f=a;this.a=t|
|000010f0| 68 69 73 2e 62 3d 6e 75 6c 6c 7d 66 75 6e 63 74 |his.b=null}funct|
|00001100| 69 6f 6e 20 6b 62 28 61 2c 62 29 7b 69 66 28 21 |ion kb(a,b){if(!|
|00001110| 61 2e 61 29 72 65 74 75 72 6e 20 62 3b 69 66 28 |a.a)return b;if(|
|00001120| 21 62 2e 61 29 72 65 74 75 72 6e 20 61 3b 76 61 |!b.a)return a;va|
|00001130| 72 20 63 3d 61 2e 61 3b 62 3d 62 2e 61 3b 66 6f |r c=a.a;b=b.a;fo|
|00001140| 72 28 76 61 72 20 64 3d 6e 75 6c 6c 2c 65 2c 66 |r(var d=null,e,f|
|00001150| 3d 30 3b 63 5c 75 30 30 32 36 5c 75 30 30 32 36 |=0;c\u0026\u0026|
|00001160| 62 3b 29 7b 65 3d 63 2e 66 3b 76 61 72 20 67 3d |b;){e=c.f;var g=|
|00001170| 62 2e 66 3b 65 3d 3d 67 7c 7c 65 20 69 6e 73 74 |b.f;e==g||e inst|
|00001180| 61 6e 63 65 6f 66 20 4e 61 5c 75 30 30 32 36 5c |anceof Na\u0026\|
|00001190| 75 30 30 32 36 67 20 69 6e 73 74 61 6e 63 65 6f |u0026g instanceo|
|000011a0| 66 20 4e 61 5c 75 30 30 32 36 5c 75 30 30 32 36 |f Na\u0026\u0026|
|000011b0| 65 2e 61 3d 3d 67 2e 61 3f 28 65 3d 63 2c 63 3d |e.a==g.a?(e=c,c=|
|000011c0| 63 2e 61 2c 62 3d 62 2e 61 29 3a 30 5c 75 30 30 |c.a,b=b.a):0\u00|
|000011d0| 33 63 58 61 28 63 2e 66 2c 62 2e 66 29 3f 28 65 |3cXa(c.f,b.f)?(e|
|000011e0| 3d 62 2c 62 3d 62 2e 61 29 3a 28 65 3d 63 2c 63 |=b,b=b.a):(e=c,c|
|000011f0| 3d 63 2e 61 29 3b 28 65 2e 62 3d 64 29 3f 64 2e |=c.a);(e.b=d)?d.|
|00001200| 61 3d 65 3a 61 2e 61 3d 65 3b 64 3d 65 3b 66 2b |a=e:a.a=e;d=e;f+|
|00001210| 2b 7d 66 6f 72 28 65 3d 63 7c 7c 62 3b 65 3b 29 |+}for(e=c||b;e;)|
|00001220| 65 2e 62 3d 64 2c 64 3d 64 2e 61 3d 65 2c 66 2b |e.b=d,d=d.a=e,f+|
|00001230| 2b 2c 65 3d 65 2e 61 3b 61 2e 62 3d 64 3b 61 2e |+,e=e.a;a.b=d;a.|
|00001240| 6c 3d 66 3b 72 65 74 75 72 6e 20 61 7d 66 75 6e |l=f;return a}fun|
|00001250| 63 74 69 6f 6e 20 6c 62 28 61 2c 62 29 7b 62 3d |ction lb(a,b){b=|
|00001260| 6e 65 77 20 6a 62 28 62 29 3b 62 2e 61 3d 61 2e |new jb(b);b.a=a.|
|00001270| 61 3b 61 2e 62 3f 61 2e 61 2e 62 3d 62 3a 61 2e |a;a.b?a.a.b=b:a.|
|00001280| 61 3d 61 2e 62 3d 62 3b 61 2e 61 3d 62 3b 61 2e |a=a.b=b;a.a=b;a.|
|00001290| 6c 2b 2b 7d 5c 6e 45 2e 70 72 6f 74 6f 74 79 70 |l++}\nE.prototyp|
|000012a0| 65 2e 61 64 64 3d 66 75 6e 63 74 69 6f 6e 28 61 |e.add=function(a|
|000012b0| 29 7b 61 3d 6e 65 77 20 6a 62 28 61 29 3b 61 2e |){a=new jb(a);a.|
|000012c0| 62 3d 74 68 69 73 2e 62 3b 74 68 69 73 2e 61 3f |b=this.b;this.a?|
|000012d0| 74 68 69 73 2e 62 2e 61 3d 61 3a 74 68 69 73 2e |this.b.a=a:this.|
|000012e0| 61 3d 74 68 69 73 2e 62 3d 61 3b 74 68 69 73 2e |a=this.b=a;this.|
|000012f0| 62 3d 61 3b 74 68 69 73 2e 6c 2b 2b 7d 3b 66 75 |b=a;this.l++};fu|
|00001300| 6e 63 74 69 6f 6e 20 6d 62 28 61 29 7b 72 65 74 |nction mb(a){ret|
|00001310| 75 72 6e 28 61 3d 61 2e 61 29 3f 61 2e 66 3a 6e |urn(a=a.a)?a.f:n|
|00001320| 75 6c 6c 7d 66 75 6e 63 74 69 6f 6e 20 6e 62 28 |ull}function nb(|
|00001330| 61 29 7b 72 65 74 75 72 6e 28 61 3d 6d 62 28 61 |a){return(a=mb(a|
|00001340| 29 29 3f 42 28 61 29 3a 5c 22 5c 22 7d 66 75 6e |))?B(a):\"\"}fun|
|00001350| 63 74 69 6f 6e 20 48 28 61 2c 62 29 7b 72 65 74 |ction H(a,b){ret|
|00001360| 75 72 6e 20 6e 65 77 20 6f 62 28 61 2c 21 21 62 |urn new ob(a,!!b|
|00001370| 29 7d 66 75 6e 63 74 69 6f 6e 20 6f 62 28 61 2c |)}function ob(a,|
|00001380| 62 29 7b 74 68 69 73 2e 66 3d 61 3b 74 68 69 73 |b){this.f=a;this|
|00001390| 2e 62 3d 28 74 68 69 73 2e 73 3d 62 29 3f 61 2e |.b=(this.s=b)?a.|
|000013a0| 62 3a 61 2e 61 3b 74 68 69 73 2e 61 3d 6e 75 6c |b:a.a;this.a=nul|
|000013b0| 6c 7d 66 75 6e 63 74 69 6f 6e 20 49 28 61 29 7b |l}function I(a){|
|000013c0| 76 61 72 20 62 3d 61 2e 62 3b 69 66 28 6e 75 6c |var b=a.b;if(nul|
|000013d0| 6c 3d 3d 62 29 72 65 74 75 72 6e 20 6e 75 6c 6c |l==b)return null|
|000013e0| 3b 76 61 72 20 63 3d 61 2e 61 3d 62 3b 61 2e 62 |;var c=a.a=b;a.b|
|000013f0| 3d 61 2e 73 3f 62 2e 62 3a 62 2e 61 3b 72 65 74 |=a.s?b.b:b.a;ret|
|00001400| 75 72 6e 20 63 2e 66 7d 3b 66 75 6e 63 74 69 6f |urn c.f};functio|
|00001410| 6e 20 4a 28 61 29 7b 74 68 69 73 2e 69 3d 61 3b |n J(a){this.i=a;|
|00001420| 74 68 69 73 2e 62 3d 74 68 69 73 2e 67 3d 21 31 |this.b=this.g=!1|
|00001430| 3b 74 68 69 73 2e 66 3d 6e 75 6c 6c 7d 66 75 6e |;this.f=null}fun|
|00001440| 63 74 69 6f 6e 20 4b 28 61 29 7b 72 65 74 75 72 |ction K(a){retur|
|00001450| 6e 5c 22 5c 5c 6e 20 20 5c 22 2b 61 2e 74 6f 53 |n\"\\n  \"+a.toS|
|00001460| 74 72 69 6e 67 28 29 2e 73 70 6c 69 74 28 5c 22 |tring().split(\"|
|00001470| 5c 5c 6e 5c 22 29 2e 6a 6f 69 6e 28 5c 22 5c 5c |\\n\").join(\"\\|
|00001480| 6e 20 20 5c 22 29 7d 66 75 6e 63 74 69 6f 6e 20 |n  \")}function |
|00001490| 70 62 28 61 2c 62 29 7b 61 2e 67 3d 62 7d 66 75 |pb(a,b){a.g=b}fu|
|000014a0| 6e 63 74 69 6f 6e 20 71 62 28 61 2c 62 29 7b 61 |nction qb(a,b){a|
|000014b0| 2e 62 3d 62 7d 66 75 6e 63 74 69 6f 6e 20 4e 28 |.b=b}function N(|
|000014c0| 61 2c 62 29 7b 61 3d 61 2e 61 28 62 29 3b 72 65 |a,b){a=a.a(b);re|
|000014d0| 74 75 72 6e 20 61 20 69 6e 73 74 61 6e 63 65 6f |turn a instanceo|
|000014e0| 66 20 45 3f 2b 6e 62 28 61 29 3a 2b 61 7d 66 75 |f E?+nb(a):+a}fu|
|000014f0| 6e 63 74 69 6f 6e 20 4f 28 61 2c 62 29 7b 61 3d |nction O(a,b){a=|
|00001500| 61 2e 61 28 62 29 3b 72 65 74 75 72 6e 20 61 20 |a.a(b);return a |
|00001510| 69 6e 73 74 61 6e 63 65 6f 66 20 45 3f 6e 62 28 |instanceof E?nb(|
|00001520| 61 29 3a 5c 22 5c 22 2b 61 7d 66 75 6e 63 74 69 |a):\"\"+a}functi|
|00001530| 6f 6e 20 72 62 28 61 2c 62 29 7b 61 3d 61 2e 61 |on rb(a,b){a=a.a|
|00001540| 28 62 29 3b 72 65 74 75 72 6e 20 61 20 69 6e 73 |(b);return a ins|
|00001550| 74 61 6e 63 65 6f 66 20 45 3f 21 21 61 2e 6c 3a |tanceof E?!!a.l:|
|00001560| 21 21 61 7d 3b 66 75 6e 63 74 69 6f 6e 20 73 62 |!!a};function sb|
|00001570| 28 61 2c 62 2c 63 29 7b 4a 2e 63 61 6c 6c 28 74 |(a,b,c){J.call(t|
|00001580| 68 69 73 2c 61 2e 69 29 3b 74 68 69 73 2e 63 3d |his,a.i);this.c=|
|00001590| 61 3b 74 68 69 73 2e 68 3d 62 3b 74 68 69 73 2e |a;this.h=b;this.|
|000015a0| 6f 3d 63 3b 74 68 69 73 2e 67 3d 62 2e 67 7c 7c |o=c;this.g=b.g|||
|000015b0| 63 2e 67 3b 74 68 69 73 2e 62 3d 62 2e 62 7c 7c |c.g;this.b=b.b|||
|000015c0| 63 2e 62 3b 74 68 69 73 2e 63 3d 3d 74 62 5c 75 |c.b;this.c==tb\u|
|000015d0| 30 30 32 36 5c 75 30 30 32 36 28 63 2e 62 7c 7c |0026\u0026(c.b|||
|000015e0| 63 2e 67 7c 7c 34 3d 3d 63 2e 69 7c 7c 30 3d 3d |c.g||4==c.i||0==|
|000015f0| 63 2e 69 7c 7c 21 62 2e 66 3f 62 2e 62 7c 7c 62 |c.i||!b.f?b.b||b|
|00001600| 2e 67 7c 7c 34 3d 3d 62 2e 69 7c 7c 30 3d 3d 62 |.g||4==b.i||0==b|
|00001610| 2e 69 7c 7c 21 63 2e 66 7c 7c 28 74 68 69 73 2e |.i||!c.f||(this.|
|00001620| 66 3d 7b 6e 61 6d 65 3a 63 2e 66 2e 6e 61 6d 65 |f={name:c.f.name|
|00001630| 2c 75 3a 62 7d 29 3a 74 68 69 73 2e 66 3d 7b 6e |,u:b}):this.f={n|
|00001640| 61 6d 65 3a 62 2e 66 2e 6e 61 6d 65 2c 75 3a 63 |ame:b.f.name,u:c|
|00001650| 7d 29 7d 6c 28 73 62 2c 4a 29 3b 5c 6e 66 75 6e |})}l(sb,J);\nfun|
|00001660| 63 74 69 6f 6e 20 75 62 28 61 2c 62 2c 63 2c 64 |ction ub(a,b,c,d|
|00001670| 2c 65 29 7b 62 3d 62 2e 61 28 64 29 3b 63 3d 63 |,e){b=b.a(d);c=c|
|00001680| 2e 61 28 64 29 3b 76 61 72 20 66 3b 69 66 28 62 |.a(d);var f;if(b|
|00001690| 20 69 6e 73 74 61 6e 63 65 6f 66 20 45 5c 75 30 | instanceof E\u0|
|000016a0| 30 32 36 5c 75 30 30 32 36 63 20 69 6e 73 74 61 |026\u0026c insta|
|000016b0| 6e 63 65 6f 66 20 45 29 7b 62 3d 48 28 62 29 3b |nceof E){b=H(b);|
|000016c0| 66 6f 72 28 64 3d 49 28 62 29 3b 64 3b 64 3d 49 |for(d=I(b);d;d=I|
|000016d0| 28 62 29 29 66 6f 72 28 65 3d 48 28 63 29 2c 66 |(b))for(e=H(c),f|
|000016e0| 3d 49 28 65 29 3b 66 3b 66 3d 49 28 65 29 29 69 |=I(e);f;f=I(e))i|
|000016f0| 66 28 61 28 42 28 64 29 2c 42 28 66 29 29 29 72 |f(a(B(d),B(f)))r|
|00001700| 65 74 75 72 6e 21 30 3b 72 65 74 75 72 6e 21 31 |eturn!0;return!1|
|00001710| 7d 69 66 28 62 20 69 6e 73 74 61 6e 63 65 6f 66 |}if(b instanceof|
|00001720| 20 45 7c 7c 63 20 69 6e 73 74 61 6e 63 65 6f 66 | E||c instanceof|
|00001730| 20 45 29 7b 62 20 69 6e 73 74 61 6e 63 65 6f 66 | E){b instanceof|
|00001740| 20 45 3f 28 65 3d 62 2c 64 3d 63 29 3a 28 65 3d | E?(e=b,d=c):(e=|
|00001750| 63 2c 64 3d 62 29 3b 66 3d 48 28 65 29 3b 66 6f |c,d=b);f=H(e);fo|
|00001760| 72 28 76 61 72 20 67 3d 74 79 70 65 6f 66 20 64 |r(var g=typeof d|
|00001770| 2c 68 3d 49 28 66 29 3b 68 3b 68 3d 49 28 66 29 |,h=I(f);h;h=I(f)|
|00001780| 29 7b 73 77 69 74 63 68 28 67 29 7b 63 61 73 65 |){switch(g){case|
|00001790| 20 5c 22 6e 75 6d 62 65 72 5c 22 3a 68 3d 2b 42 | \"number\":h=+B|
|000017a0| 28 68 29 3b 62 72 65 61 6b 3b 63 61 73 65 20 5c |(h);break;case \|
|000017b0| 22 62 6f 6f 6c 65 61 6e 5c 22 3a 68 3d 21 21 42 |"boolean\":h=!!B|
|000017c0| 28 68 29 3b 62 72 65 61 6b 3b 63 61 73 65 20 5c |(h);break;case \|
|000017d0| 22 73 74 72 69 6e 67 5c 22 3a 68 3d 42 28 68 29 |"string\":h=B(h)|
|000017e0| 3b 62 72 65 61 6b 3b 64 65 66 61 75 6c 74 3a 74 |;break;default:t|
|000017f0| 68 72 6f 77 20 45 72 72 6f 72 28 5c 22 49 6c 6c |hrow Error(\"Ill|
|00001800| 65 67 61 6c 20 70 72 69 6d 69 74 69 76 65 20 74 |egal primitive t|
|00001810| 79 70 65 20 66 6f 72 20 63 6f 6d 70 61 72 69 73 |ype for comparis|
|00001820| 6f 6e 2e 5c 22 29 3b 7d 69 66 28 65 3d 3d 62 5c |on.\");}if(e==b\|
|00001830| 75 30 30 32 36 5c 75 30 30 32 36 61 28 68 2c 64 |u0026\u0026a(h,d|
|00001840| 29 7c 7c 65 3d 3d 63 5c 75 30 30 32 36 5c 75 30 |)||e==c\u0026\u0|
|00001850| 30 32 36 61 28 64 2c 68 29 29 72 65 74 75 72 6e |026a(d,h))return|
|00001860| 21 30 7d 72 65 74 75 72 6e 21 31 7d 72 65 74 75 |!0}return!1}retu|
|00001870| 72 6e 20 65 3f 5c 22 62 6f 6f 6c 65 61 6e 5c 22 |rn e?\"boolean\"|
|00001880| 3d 3d 5c 6e 74 79 70 65 6f 66 20 62 7c 7c 5c 22 |==\ntypeof b||\"|
|00001890| 62 6f 6f 6c 65 61 6e 5c 22 3d 3d 74 79 70 65 6f |boolean\"==typeo|
|000018a0| 66 20 63 3f 61 28 21 21 62 2c 21 21 63 29 3a 5c |f c?a(!!b,!!c):\|
|000018b0| 22 6e 75 6d 62 65 72 5c 22 3d 3d 74 79 70 65 6f |"number\"==typeo|
|000018c0| 66 20 62 7c 7c 5c 22 6e 75 6d 62 65 72 5c 22 3d |f b||\"number\"=|
|000018d0| 3d 74 79 70 65 6f 66 20 63 3f 61 28 2b 62 2c 2b |=typeof c?a(+b,+|
|000018e0| 63 29 3a 61 28 62 2c 63 29 3a 61 28 2b 62 2c 2b |c):a(b,c):a(+b,+|
|000018f0| 63 29 7d 73 62 2e 70 72 6f 74 6f 74 79 70 65 2e |c)}sb.prototype.|
|00001900| 61 3d 66 75 6e 63 74 69 6f 6e 28 61 29 7b 72 65 |a=function(a){re|
|00001910| 74 75 72 6e 20 74 68 69 73 2e 63 2e 6d 28 74 68 |turn this.c.m(th|
|00001920| 69 73 2e 68 2c 74 68 69 73 2e 6f 2c 61 29 7d 3b |is.h,this.o,a)};|
|00001930| 73 62 2e 70 72 6f 74 6f 74 79 70 65 2e 74 6f 53 |sb.prototype.toS|
|00001940| 74 72 69 6e 67 3d 66 75 6e 63 74 69 6f 6e 28 29 |tring=function()|
|00001950| 7b 76 61 72 20 61 3d 5c 22 42 69 6e 61 72 79 20 |{var a=\"Binary |
|00001960| 45 78 70 72 65 73 73 69 6f 6e 3a 20 5c 22 2b 74 |Expression: \"+t|
|00001970| 68 69 73 2e 63 3b 61 2b 3d 4b 28 74 68 69 73 2e |his.c;a+=K(this.|
|00001980| 68 29 3b 72 65 74 75 72 6e 20 61 2b 3d 4b 28 74 |h);return a+=K(t|
|00001990| 68 69 73 2e 6f 29 7d 3b 66 75 6e 63 74 69 6f 6e |his.o)};function|
|000019a0| 20 76 62 28 61 2c 62 2c 63 2c 64 29 7b 74 68 69 | vb(a,b,c,d){thi|
|000019b0| 73 2e 49 3d 61 3b 74 68 69 73 2e 44 3d 62 3b 74 |s.I=a;this.D=b;t|
|000019c0| 68 69 73 2e 69 3d 63 3b 74 68 69 73 2e 6d 3d 64 |his.i=c;this.m=d|
|000019d0| 7d 76 62 2e 70 72 6f 74 6f 74 79 70 65 2e 74 6f |}vb.prototype.to|
|000019e0| 53 74 72 69 6e 67 3d 66 75 6e 63 74 69 6f 6e 28 |String=function(|
|000019f0| 29 7b 72 65 74 75 72 6e 20 74 68 69 73 2e 49 7d |){return this.I}|
|00001a00| 3b 76 61 72 20 77 62 3d 7b 7d 3b 5c 6e 66 75 6e |;var wb={};\nfun|
|00001a10| 63 74 69 6f 6e 20 50 28 61 2c 62 2c 63 2c 64 29 |ction P(a,b,c,d)|
|00001a20| 7b 69 66 28 77 62 2e 68 61 73 4f 77 6e 50 72 6f |{if(wb.hasOwnPro|
|00001a30| 70 65 72 74 79 28 61 29 29 74 68 72 6f 77 20 45 |perty(a))throw E|
|00001a40| 72 72 6f 72 28 5c 22 42 69 6e 61 72 79 20 6f 70 |rror(\"Binary op|
|00001a50| 65 72 61 74 6f 72 20 61 6c 72 65 61 64 79 20 63 |erator already c|
|00001a60| 72 65 61 74 65 64 3a 20 5c 22 2b 61 29 3b 61 3d |reated: \"+a);a=|
|00001a70| 6e 65 77 20 76 62 28 61 2c 62 2c 63 2c 64 29 3b |new vb(a,b,c,d);|
|00001a80| 72 65 74 75 72 6e 20 77 62 5b 61 2e 74 6f 53 74 |return wb[a.toSt|
|00001a90| 72 69 6e 67 28 29 5d 3d 61 7d 50 28 5c 22 64 69 |ring()]=a}P(\"di|
|00001aa0| 76 5c 22 2c 36 2c 31 2c 66 75 6e 63 74 69 6f 6e |v\",6,1,function|
|00001ab0| 28 61 2c 62 2c 63 29 7b 72 65 74 75 72 6e 20 4e |(a,b,c){return N|
|00001ac0| 28 61 2c 63 29 5c 75 30 30 32 66 4e 28 62 2c 63 |(a,c)\u002fN(b,c|
|00001ad0| 29 7d 29 3b 50 28 5c 22 6d 6f 64 5c 22 2c 36 2c |)});P(\"mod\",6,|
|00001ae0| 31 2c 66 75 6e 63 74 69 6f 6e 28 61 2c 62 2c 63 |1,function(a,b,c|
|00001af0| 29 7b 72 65 74 75 72 6e 20 4e 28 61 2c 63 29 25 |){return N(a,c)%|
|00001b00| 4e 28 62 2c 63 29 7d 29 3b 50 28 5c 22 2a 5c 22 |N(b,c)});P(\"*\"|
|00001b10| 2c 36 2c 31 2c 66 75 6e 63 74 69 6f 6e 28 61 2c |,6,1,function(a,|
|00001b20| 62 2c 63 29 7b 72 65 74 75 72 6e 20 4e 28 61 2c |b,c){return N(a,|
|00001b30| 63 29 2a 4e 28 62 2c 63 29 7d 29 3b 50 28 5c 22 |c)*N(b,c)});P(\"|
|00001b40| 2b 5c 22 2c 35 2c 31 2c 66 75 6e 63 74 69 6f 6e |+\",5,1,function|
|00001b50| 28 61 2c 62 2c 63 29 7b 72 65 74 75 72 6e 20 4e |(a,b,c){return N|
|00001b60| 28 61 2c 63 29 2b 4e 28 62 2c 63 29 7d 29 3b 50 |(a,c)+N(b,c)});P|
|00001b70| 28 5c 22 2d 5c 22 2c 35 2c 31 2c 66 75 6e 63 74 |(\"-\",5,1,funct|
|00001b80| 69 6f 6e 28 61 2c 62 2c 63 29 7b 72 65 74 75 72 |ion(a,b,c){retur|
|00001b90| 6e 20 4e 28 61 2c 63 29 2d 4e 28 62 2c 63 29 7d |n N(a,c)-N(b,c)}|
|00001ba0| 29 3b 50 28 5c 22 5c 75 30 30 33 63 5c 22 2c 34 |);P(\"\u003c\",4|
|00001bb0| 2c 32 2c 66 75 6e 63 74 69 6f 6e 28 61 2c 62 2c |,2,function(a,b,|
|00001bc0| 63 29 7b 72 65 74 75 72 6e 20 75 62 28 66 75 6e |c){return ub(fun|
|00001bd0| 63 74 69 6f 6e 28 64 2c 65 29 7b 72 65 74 75 72 |ction(d,e){retur|
|00001be0| 6e 20 64 5c 75 30 30 33 63 65 7d 2c 61 2c 62 2c |n d\u003ce},a,b,|
|00001bf0| 63 29 7d 29 3b 5c 6e 50 28 5c 22 3e 5c 22 2c 34 |c)});\nP(\">\",4|
|00001c00| 2c 32 2c 66 75 6e 63 74 69 6f 6e 28 61 2c 62 2c |,2,function(a,b,|
|00001c10| 63 29 7b 72 65 74 75 72 6e 20 75 62 28 66 75 6e |c){return ub(fun|
|00001c20| 63 74 69 6f 6e 28 64 2c 65 29 7b 72 65 74 75 72 |ction(d,e){retur|
|00001c30| 6e 20 64 3e 65 7d 2c 61 2c 62 2c 63 29 7d 29 3b |n d>e},a,b,c)});|
|00001c40| 50 28 5c 22 5c 75 30 30 33 63 3d 5c 22 2c 34 2c |P(\"\u003c=\",4,|
|00001c50| 32 2c 66 75 6e 63 74 69 6f 6e 28 61 2c 62 2c 63 |2,function(a,b,c|
|00001c60| 29 7b 72 65 74 75 72 6e 20 75 62 28 66 75 6e 63 |){return ub(func|
|00001c70| 74 69 6f 6e 28 64 2c 65 29 7b 72 65 74 75 72 6e |tion(d,e){return|
|00001c80| 20 64 5c 75 30 30 33 63 3d 65 7d 2c 61 2c 62 2c | d\u003c=e},a,b,|
|00001c90| 63 29 7d 29 3b 50 28 5c 22 3e 3d 5c 22 2c 34 2c |c)});P(\">=\",4,|
|00001ca0| 32 2c 66 75 6e 63 74 69 6f 6e 28 61 2c 62 2c 63 |2,function(a,b,c|
|00001cb0| 29 7b 72 65 74 75 72 6e 20 75 62 28 66 75 6e 63 |){return ub(func|
|00001cc0| 74 69 6f 6e 28 64 2c 65 29 7b 72 65 74 75 72 6e |tion(d,e){return|
|00001cd0| 20 64 3e 3d 65 7d 2c 61 2c 62 2c 63 29 7d 29 3b | d>=e},a,b,c)});|
|00001ce0| 76 61 72 20 74 62 3d 50 28 5c 22 3d 5c 22 2c 33 |var tb=P(\"=\",3|
|00001cf0| 2c 32 2c 66 75 6e 63 74 69 6f 6e 28 61 2c 62 2c |,2,function(a,b,|
|00001d00| 63 29 7b 72 65 74 75 72 6e 20 75 62 28 66 75 6e |c){return ub(fun|
|00001d10| 63 74 69 6f 6e 28 64 2c 65 29 7b 72 65 74 75 72 |ction(d,e){retur|
|00001d20| 6e 20 64 3d 3d 65 7d 2c 61 2c 62 2c 63 2c 21 30 |n d==e},a,b,c,!0|
|00001d30| 29 7d 29 3b 50 28 5c 22 21 3d 5c 22 2c 33 2c 32 |)});P(\"!=\",3,2|
|00001d40| 2c 66 75 6e 63 74 69 6f 6e 28 61 2c 62 2c 63 29 |,function(a,b,c)|
|00001d50| 7b 72 65 74 75 72 6e 20 75 62 28 66 75 6e 63 74 |{return ub(funct|
|00001d60| 69 6f 6e 28 64 2c 65 29 7b 72 65 74 75 72 6e 20 |ion(d,e){return |
|00001d70| 64 21 3d 65 7d 2c 61 2c 62 2c 63 2c 21 30 29 7d |d!=e},a,b,c,!0)}|
|00001d80| 29 3b 50 28 5c 22 61 6e 64 5c 22 2c 32 2c 32 2c |);P(\"and\",2,2,|
|00001d90| 66 75 6e 63 74 69 6f 6e 28 61 2c 62 2c 63 29 7b |function(a,b,c){|
|00001da0| 72 65 74 75 72 6e 20 72 62 28 61 2c 63 29 5c 75 |return rb(a,c)\u|
|00001db0| 30 30 32 36 5c 75 30 30 32 36 72 62 28 62 2c 63 |0026\u0026rb(b,c|
|00001dc0| 29 7d 29 3b 50 28 5c 22 6f 72 5c 22 2c 31 2c 32 |)});P(\"or\",1,2|
|00001dd0| 2c 66 75 6e 63 74 69 6f 6e 28 61 2c 62 2c 63 29 |,function(a,b,c)|
|00001de0| 7b 72 65 74 75 72 6e 20 72 62 28 61 2c 63 29 7c |{return rb(a,c)||
|00001df0| 7c 72 62 28 62 2c 63 29 7d 29 3b 66 75 6e 63 74 ||rb(b,c)});funct|
|00001e00| 69 6f 6e 20 78 62 28 61 2c 62 29 7b 69 66 28 62 |ion xb(a,b){if(b|
|00001e10| 2e 61 2e 6c 65 6e 67 74 68 5c 75 30 30 32 36 5c |.a.length\u0026\|
|00001e20| 75 30 30 32 36 34 21 3d 61 2e 69 29 74 68 72 6f |u00264!=a.i)thro|
|00001e30| 77 20 45 72 72 6f 72 28 5c 22 50 72 69 6d 61 72 |w Error(\"Primar|
|00001e40| 79 20 65 78 70 72 65 73 73 69 6f 6e 20 6d 75 73 |y expression mus|
|00001e50| 74 20 65 76 61 6c 75 61 74 65 20 74 6f 20 6e 6f |t evaluate to no|
|00001e60| 64 65 73 65 74 20 69 66 20 66 69 6c 74 65 72 20 |deset if filter |
|00001e70| 68 61 73 20 70 72 65 64 69 63 61 74 65 28 73 29 |has predicate(s)|
|00001e80| 2e 5c 22 29 3b 4a 2e 63 61 6c 6c 28 74 68 69 73 |.\");J.call(this|
|00001e90| 2c 61 2e 69 29 3b 74 68 69 73 2e 63 3d 61 3b 74 |,a.i);this.c=a;t|
|00001ea0| 68 69 73 2e 68 3d 62 3b 74 68 69 73 2e 67 3d 61 |his.h=b;this.g=a|
|00001eb0| 2e 67 3b 74 68 69 73 2e 62 3d 61 2e 62 7d 6c 28 |.g;this.b=a.b}l(|
|00001ec0| 78 62 2c 4a 29 3b 78 62 2e 70 72 6f 74 6f 74 79 |xb,J);xb.prototy|
|00001ed0| 70 65 2e 61 3d 66 75 6e 63 74 69 6f 6e 28 61 29 |pe.a=function(a)|
|00001ee0| 7b 61 3d 74 68 69 73 2e 63 2e 61 28 61 29 3b 72 |{a=this.c.a(a);r|
|00001ef0| 65 74 75 72 6e 20 79 62 28 74 68 69 73 2e 68 2c |eturn yb(this.h,|
|00001f00| 61 29 7d 3b 78 62 2e 70 72 6f 74 6f 74 79 70 65 |a)};xb.prototype|
|00001f10| 2e 74 6f 53 74 72 69 6e 67 3d 66 75 6e 63 74 69 |.toString=functi|
|00001f20| 6f 6e 28 29 7b 76 61 72 20 61 3d 5c 22 46 69 6c |on(){var a=\"Fil|
|00001f30| 74 65 72 3a 5c 22 2b 4b 28 74 68 69 73 2e 63 29 |ter:\"+K(this.c)|
|00001f40| 3b 72 65 74 75 72 6e 20 61 2b 3d 4b 28 74 68 69 |;return a+=K(thi|
|00001f50| 73 2e 68 29 7d 3b 66 75 6e 63 74 69 6f 6e 20 7a |s.h)};function z|
|00001f60| 62 28 61 2c 62 29 7b 69 66 28 62 2e 6c 65 6e 67 |b(a,b){if(b.leng|
|00001f70| 74 68 5c 75 30 30 33 63 61 2e 43 29 74 68 72 6f |th\u003ca.C)thro|
|00001f80| 77 20 45 72 72 6f 72 28 5c 22 46 75 6e 63 74 69 |w Error(\"Functi|
|00001f90| 6f 6e 20 5c 22 2b 61 2e 6a 2b 5c 22 20 65 78 70 |on \"+a.j+\" exp|
|00001fa0| 65 63 74 73 20 61 74 20 6c 65 61 73 74 5c 22 2b |ects at least\"+|
|00001fb0| 61 2e 43 2b 5c 22 20 61 72 67 75 6d 65 6e 74 73 |a.C+\" arguments|
|00001fc0| 2c 20 5c 22 2b 62 2e 6c 65 6e 67 74 68 2b 5c 22 |, \"+b.length+\"|
|00001fd0| 20 67 69 76 65 6e 5c 22 29 3b 69 66 28 6e 75 6c | given\");if(nul|
|00001fe0| 6c 21 3d 3d 61 2e 42 5c 75 30 30 32 36 5c 75 30 |l!==a.B\u0026\u0|
|00001ff0| 30 32 36 62 2e 6c 65 6e 67 74 68 3e 61 2e 42 29 |026b.length>a.B)|
+--------+-------------------------------------------------+----------------+
14:13:02.814 [AsyncHttpClient-1-8] TRACE i.n.handler.logging.LoggingHandler - [id: 0xa6657862, L:/127.0.0.1:64395 - R:localhost/127.0.0.1:53550] FLUSH
14:13:02.816 [AsyncHttpClient-1-8] TRACE i.n.handler.logging.LoggingHandler - [id: 0xa6657862, L:/127.0.0.1:64395 - R:localhost/127.0.0.1:53550] WRITE: 8192B
         +-------------------------------------------------+
         |  0  1  2  3  4  5  6  7  8  9  a  b  c  d  e  f |
+--------+-------------------------------------------------+----------------+
|00000000| 74 68 72 6f 77 20 45 72 72 6f 72 28 5c 22 46 75 |throw Error(\"Fu|
|00000010| 6e 63 74 69 6f 6e 20 5c 22 2b 61 2e 6a 2b 5c 22 |nction \"+a.j+\"|
|00000020| 20 65 78 70 65 63 74 73 20 61 74 20 6d 6f 73 74 | expects at most|
|00000030| 20 5c 22 2b 61 2e 42 2b 5c 22 20 61 72 67 75 6d | \"+a.B+\" argum|
|00000040| 65 6e 74 73 2c 20 5c 22 2b 62 2e 6c 65 6e 67 74 |ents, \"+b.lengt|
|00000050| 68 2b 5c 22 20 67 69 76 65 6e 5c 22 29 3b 61 2e |h+\" given\");a.|
|00000060| 48 5c 75 30 30 32 36 5c 75 30 30 32 36 6e 28 62 |H\u0026\u0026n(b|
|00000070| 2c 66 75 6e 63 74 69 6f 6e 28 63 2c 64 29 7b 69 |,function(c,d){i|
|00000080| 66 28 34 21 3d 63 2e 69 29 74 68 72 6f 77 20 45 |f(4!=c.i)throw E|
|00000090| 72 72 6f 72 28 5c 22 41 72 67 75 6d 65 6e 74 20 |rror(\"Argument |
|000000a0| 5c 22 2b 64 2b 5c 22 20 74 6f 20 66 75 6e 63 74 |\"+d+\" to funct|
|000000b0| 69 6f 6e 20 5c 22 2b 61 2e 6a 2b 5c 22 20 69 73 |ion \"+a.j+\" is|
|000000c0| 20 6e 6f 74 20 6f 66 20 74 79 70 65 20 4e 6f 64 | not of type Nod|
|000000d0| 65 73 65 74 3a 20 5c 22 2b 63 29 3b 7d 29 3b 4a |eset: \"+c);});J|
|000000e0| 2e 63 61 6c 6c 28 74 68 69 73 2c 61 2e 69 29 3b |.call(this,a.i);|
|000000f0| 74 68 69 73 2e 76 3d 61 3b 74 68 69 73 2e 63 3d |this.v=a;this.c=|
|00000100| 62 3b 70 62 28 74 68 69 73 2c 61 2e 67 7c 7c 6d |b;pb(this,a.g||m|
|00000110| 61 28 62 2c 66 75 6e 63 74 69 6f 6e 28 63 29 7b |a(b,function(c){|
|00000120| 72 65 74 75 72 6e 20 63 2e 67 7d 29 29 3b 71 62 |return c.g}));qb|
|00000130| 28 74 68 69 73 2c 61 2e 47 5c 75 30 30 32 36 5c |(this,a.G\u0026\|
|00000140| 75 30 30 32 36 21 62 2e 6c 65 6e 67 74 68 7c 7c |u0026!b.length|||
|00000150| 61 2e 46 5c 75 30 30 32 36 5c 75 30 30 32 36 21 |a.F\u0026\u0026!|
|00000160| 21 62 2e 6c 65 6e 67 74 68 7c 7c 6d 61 28 62 2c |!b.length||ma(b,|
|00000170| 66 75 6e 63 74 69 6f 6e 28 63 29 7b 72 65 74 75 |function(c){retu|
|00000180| 72 6e 20 63 2e 62 7d 29 29 7d 5c 6e 6c 28 7a 62 |rn c.b}))}\nl(zb|
|00000190| 2c 4a 29 3b 7a 62 2e 70 72 6f 74 6f 74 79 70 65 |,J);zb.prototype|
|000001a0| 2e 61 3d 66 75 6e 63 74 69 6f 6e 28 61 29 7b 72 |.a=function(a){r|
|000001b0| 65 74 75 72 6e 20 74 68 69 73 2e 76 2e 6d 2e 61 |eturn this.v.m.a|
|000001c0| 70 70 6c 79 28 6e 75 6c 6c 2c 70 61 28 61 2c 74 |pply(null,pa(a,t|
|000001d0| 68 69 73 2e 63 29 29 7d 3b 7a 62 2e 70 72 6f 74 |his.c))};zb.prot|
|000001e0| 6f 74 79 70 65 2e 74 6f 53 74 72 69 6e 67 3d 66 |otype.toString=f|
|000001f0| 75 6e 63 74 69 6f 6e 28 29 7b 76 61 72 20 61 3d |unction(){var a=|
|00000200| 5c 22 46 75 6e 63 74 69 6f 6e 3a 20 5c 22 2b 74 |\"Function: \"+t|
|00000210| 68 69 73 2e 76 3b 69 66 28 74 68 69 73 2e 63 2e |his.v;if(this.c.|
|00000220| 6c 65 6e 67 74 68 29 7b 76 61 72 20 62 3d 6c 61 |length){var b=la|
|00000230| 28 74 68 69 73 2e 63 2c 66 75 6e 63 74 69 6f 6e |(this.c,function|
|00000240| 28 63 2c 64 29 7b 72 65 74 75 72 6e 20 63 2b 4b |(c,d){return c+K|
|00000250| 28 64 29 7d 2c 5c 22 41 72 67 75 6d 65 6e 74 73 |(d)},\"Arguments|
|00000260| 3a 5c 22 29 3b 61 2b 3d 4b 28 62 29 7d 72 65 74 |:\");a+=K(b)}ret|
|00000270| 75 72 6e 20 61 7d 3b 66 75 6e 63 74 69 6f 6e 20 |urn a};function |
|00000280| 41 62 28 61 2c 62 2c 63 2c 64 2c 65 2c 66 2c 67 |Ab(a,b,c,d,e,f,g|
|00000290| 2c 68 29 7b 74 68 69 73 2e 6a 3d 61 3b 74 68 69 |,h){this.j=a;thi|
|000002a0| 73 2e 69 3d 62 3b 74 68 69 73 2e 67 3d 63 3b 74 |s.i=b;this.g=c;t|
|000002b0| 68 69 73 2e 47 3d 64 3b 74 68 69 73 2e 46 3d 21 |his.G=d;this.F=!|
|000002c0| 31 3b 74 68 69 73 2e 6d 3d 65 3b 74 68 69 73 2e |1;this.m=e;this.|
|000002d0| 43 3d 66 3b 74 68 69 73 2e 42 3d 76 6f 69 64 20 |C=f;this.B=void |
|000002e0| 30 21 3d 3d 67 3f 67 3a 66 3b 74 68 69 73 2e 48 |0!==g?g:f;this.H|
|000002f0| 3d 21 21 68 7d 41 62 2e 70 72 6f 74 6f 74 79 70 |=!!h}Ab.prototyp|
|00000300| 65 2e 74 6f 53 74 72 69 6e 67 3d 66 75 6e 63 74 |e.toString=funct|
|00000310| 69 6f 6e 28 29 7b 72 65 74 75 72 6e 20 74 68 69 |ion(){return thi|
|00000320| 73 2e 6a 7d 3b 76 61 72 20 42 62 3d 7b 7d 3b 5c |s.j};var Bb={};\|
|00000330| 6e 66 75 6e 63 74 69 6f 6e 20 51 28 61 2c 62 2c |nfunction Q(a,b,|
|00000340| 63 2c 64 2c 65 2c 66 2c 67 2c 68 29 7b 69 66 28 |c,d,e,f,g,h){if(|
|00000350| 42 62 2e 68 61 73 4f 77 6e 50 72 6f 70 65 72 74 |Bb.hasOwnPropert|
|00000360| 79 28 61 29 29 74 68 72 6f 77 20 45 72 72 6f 72 |y(a))throw Error|
|00000370| 28 5c 22 46 75 6e 63 74 69 6f 6e 20 61 6c 72 65 |(\"Function alre|
|00000380| 61 64 79 20 63 72 65 61 74 65 64 3a 20 5c 22 2b |ady created: \"+|
|00000390| 61 2b 5c 22 2e 5c 22 29 3b 42 62 5b 61 5d 3d 6e |a+\".\");Bb[a]=n|
|000003a0| 65 77 20 41 62 28 61 2c 62 2c 63 2c 64 2c 65 2c |ew Ab(a,b,c,d,e,|
|000003b0| 66 2c 67 2c 68 29 7d 51 28 5c 22 62 6f 6f 6c 65 |f,g,h)}Q(\"boole|
|000003c0| 61 6e 5c 22 2c 32 2c 21 31 2c 21 31 2c 66 75 6e |an\",2,!1,!1,fun|
|000003d0| 63 74 69 6f 6e 28 61 2c 62 29 7b 72 65 74 75 72 |ction(a,b){retur|
|000003e0| 6e 20 72 62 28 62 2c 61 29 7d 2c 31 29 3b 51 28 |n rb(b,a)},1);Q(|
|000003f0| 5c 22 63 65 69 6c 69 6e 67 5c 22 2c 31 2c 21 31 |\"ceiling\",1,!1|
|00000400| 2c 21 31 2c 66 75 6e 63 74 69 6f 6e 28 61 2c 62 |,!1,function(a,b|
|00000410| 29 7b 72 65 74 75 72 6e 20 4d 61 74 68 2e 63 65 |){return Math.ce|
|00000420| 69 6c 28 4e 28 62 2c 61 29 29 7d 2c 31 29 3b 51 |il(N(b,a))},1);Q|
|00000430| 28 5c 22 63 6f 6e 63 61 74 5c 22 2c 33 2c 21 31 |(\"concat\",3,!1|
|00000440| 2c 21 31 2c 66 75 6e 63 74 69 6f 6e 28 61 2c 62 |,!1,function(a,b|
|00000450| 29 7b 72 65 74 75 72 6e 20 6c 61 28 71 61 28 61 |){return la(qa(a|
|00000460| 72 67 75 6d 65 6e 74 73 2c 31 29 2c 66 75 6e 63 |rguments,1),func|
|00000470| 74 69 6f 6e 28 63 2c 64 29 7b 72 65 74 75 72 6e |tion(c,d){return|
|00000480| 20 63 2b 4f 28 64 2c 61 29 7d 2c 5c 22 5c 22 29 | c+O(d,a)},\"\")|
|00000490| 7d 2c 32 2c 6e 75 6c 6c 29 3b 51 28 5c 22 63 6f |},2,null);Q(\"co|
|000004a0| 6e 74 61 69 6e 73 5c 22 2c 32 2c 21 31 2c 21 31 |ntains\",2,!1,!1|
|000004b0| 2c 66 75 6e 63 74 69 6f 6e 28 61 2c 62 2c 63 29 |,function(a,b,c)|
|000004c0| 7b 62 3d 4f 28 62 2c 61 29 3b 61 3d 4f 28 63 2c |{b=O(b,a);a=O(c,|
|000004d0| 61 29 3b 72 65 74 75 72 6e 2d 31 21 3d 62 2e 69 |a);return-1!=b.i|
|000004e0| 6e 64 65 78 4f 66 28 61 29 7d 2c 32 29 3b 51 28 |ndexOf(a)},2);Q(|
|000004f0| 5c 22 63 6f 75 6e 74 5c 22 2c 31 2c 21 31 2c 21 |\"count\",1,!1,!|
|00000500| 31 2c 66 75 6e 63 74 69 6f 6e 28 61 2c 62 29 7b |1,function(a,b){|
|00000510| 72 65 74 75 72 6e 20 62 2e 61 28 61 29 2e 6c 7d |return b.a(a).l}|
|00000520| 2c 31 2c 31 2c 21 30 29 3b 5c 6e 51 28 5c 22 66 |,1,1,!0);\nQ(\"f|
|00000530| 61 6c 73 65 5c 22 2c 32 2c 21 31 2c 21 31 2c 66 |alse\",2,!1,!1,f|
|00000540| 75 6e 63 74 69 6f 6e 28 29 7b 72 65 74 75 72 6e |unction(){return|
|00000550| 21 31 7d 2c 30 29 3b 51 28 5c 22 66 6c 6f 6f 72 |!1},0);Q(\"floor|
|00000560| 5c 22 2c 31 2c 21 31 2c 21 31 2c 66 75 6e 63 74 |\",1,!1,!1,funct|
|00000570| 69 6f 6e 28 61 2c 62 29 7b 72 65 74 75 72 6e 20 |ion(a,b){return |
|00000580| 4d 61 74 68 2e 66 6c 6f 6f 72 28 4e 28 62 2c 61 |Math.floor(N(b,a|
|00000590| 29 29 7d 2c 31 29 3b 51 28 5c 22 69 64 5c 22 2c |))},1);Q(\"id\",|
|000005a0| 34 2c 21 31 2c 21 31 2c 66 75 6e 63 74 69 6f 6e |4,!1,!1,function|
|000005b0| 28 61 2c 62 29 7b 66 75 6e 63 74 69 6f 6e 20 63 |(a,b){function c|
|000005c0| 28 68 29 7b 69 66 28 78 29 7b 76 61 72 20 6d 3d |(h){if(x){var m=|
|000005d0| 65 2e 61 6c 6c 5b 68 5d 3b 69 66 28 6d 29 7b 69 |e.all[h];if(m){i|
|000005e0| 66 28 6d 2e 6e 6f 64 65 54 79 70 65 5c 75 30 30 |f(m.nodeType\u00|
|000005f0| 32 36 5c 75 30 30 32 36 68 3d 3d 6d 2e 69 64 29 |26\u0026h==m.id)|
|00000600| 72 65 74 75 72 6e 20 6d 3b 69 66 28 6d 2e 6c 65 |return m;if(m.le|
|00000610| 6e 67 74 68 29 72 65 74 75 72 6e 20 6f 61 28 6d |ngth)return oa(m|
|00000620| 2c 66 75 6e 63 74 69 6f 6e 28 77 29 7b 72 65 74 |,function(w){ret|
|00000630| 75 72 6e 20 68 3d 3d 77 2e 69 64 7d 29 7d 72 65 |urn h==w.id})}re|
|00000640| 74 75 72 6e 20 6e 75 6c 6c 7d 72 65 74 75 72 6e |turn null}return|
|00000650| 20 65 2e 67 65 74 45 6c 65 6d 65 6e 74 42 79 49 | e.getElementByI|
|00000660| 64 28 68 29 7d 76 61 72 20 64 3d 61 2e 61 2c 65 |d(h)}var d=a.a,e|
|00000670| 3d 39 3d 3d 64 2e 6e 6f 64 65 54 79 70 65 3f 64 |=9==d.nodeType?d|
|00000680| 3a 64 2e 6f 77 6e 65 72 44 6f 63 75 6d 65 6e 74 |:d.ownerDocument|
|00000690| 3b 61 3d 4f 28 62 2c 61 29 2e 73 70 6c 69 74 28 |;a=O(b,a).split(|
|000006a0| 5c 75 30 30 32 66 5c 5c 73 2b 5c 75 30 30 32 66 |\u002f\\s+\u002f|
|000006b0| 29 3b 76 61 72 20 66 3d 5b 5d 3b 6e 28 61 2c 66 |);var f=[];n(a,f|
|000006c0| 75 6e 63 74 69 6f 6e 28 68 29 7b 68 3d 63 28 68 |unction(h){h=c(h|
|000006d0| 29 3b 21 68 7c 7c 30 5c 75 30 30 33 63 3d 6a 61 |);!h||0\u003c=ja|
|000006e0| 28 66 2c 68 29 7c 7c 66 2e 70 75 73 68 28 68 29 |(f,h)||f.push(h)|
|000006f0| 7d 29 3b 66 2e 73 6f 72 74 28 58 61 29 3b 76 61 |});f.sort(Xa);va|
|00000700| 72 20 67 3d 6e 65 77 20 45 3b 6e 28 66 2c 66 75 |r g=new E;n(f,fu|
|00000710| 6e 63 74 69 6f 6e 28 68 29 7b 67 2e 61 64 64 28 |nction(h){g.add(|
|00000720| 68 29 7d 29 3b 72 65 74 75 72 6e 20 67 7d 2c 31 |h)});return g},1|
|00000730| 29 3b 5c 6e 51 28 5c 22 6c 61 6e 67 5c 22 2c 32 |);\nQ(\"lang\",2|
|00000740| 2c 21 31 2c 21 31 2c 66 75 6e 63 74 69 6f 6e 28 |,!1,!1,function(|
|00000750| 29 7b 72 65 74 75 72 6e 21 31 7d 2c 31 29 3b 51 |){return!1},1);Q|
|00000760| 28 5c 22 6c 61 73 74 5c 22 2c 31 2c 21 30 2c 21 |(\"last\",1,!0,!|
|00000770| 31 2c 66 75 6e 63 74 69 6f 6e 28 61 29 7b 69 66 |1,function(a){if|
|00000780| 28 31 21 3d 61 72 67 75 6d 65 6e 74 73 2e 6c 65 |(1!=arguments.le|
|00000790| 6e 67 74 68 29 74 68 72 6f 77 20 45 72 72 6f 72 |ngth)throw Error|
|000007a0| 28 5c 22 46 75 6e 63 74 69 6f 6e 20 6c 61 73 74 |(\"Function last|
|000007b0| 20 65 78 70 65 63 74 73 20 28 29 5c 22 29 3b 72 | expects ()\");r|
|000007c0| 65 74 75 72 6e 20 61 2e 66 7d 2c 30 29 3b 51 28 |eturn a.f},0);Q(|
|000007d0| 5c 22 6c 6f 63 61 6c 2d 6e 61 6d 65 5c 22 2c 33 |\"local-name\",3|
|000007e0| 2c 21 31 2c 21 30 2c 66 75 6e 63 74 69 6f 6e 28 |,!1,!0,function(|
|000007f0| 61 2c 62 29 7b 72 65 74 75 72 6e 28 61 3d 62 3f |a,b){return(a=b?|
|00000800| 6d 62 28 62 2e 61 28 61 29 29 3a 61 2e 61 29 3f |mb(b.a(a)):a.a)?|
|00000810| 61 2e 6c 6f 63 61 6c 4e 61 6d 65 7c 7c 61 2e 6e |a.localName||a.n|
|00000820| 6f 64 65 4e 61 6d 65 2e 74 6f 4c 6f 77 65 72 43 |odeName.toLowerC|
|00000830| 61 73 65 28 29 3a 5c 22 5c 22 7d 2c 30 2c 31 2c |ase():\"\"},0,1,|
|00000840| 21 30 29 3b 51 28 5c 22 6e 61 6d 65 5c 22 2c 33 |!0);Q(\"name\",3|
|00000850| 2c 21 31 2c 21 30 2c 66 75 6e 63 74 69 6f 6e 28 |,!1,!0,function(|
|00000860| 61 2c 62 29 7b 72 65 74 75 72 6e 28 61 3d 62 3f |a,b){return(a=b?|
|00000870| 6d 62 28 62 2e 61 28 61 29 29 3a 61 2e 61 29 3f |mb(b.a(a)):a.a)?|
|00000880| 61 2e 6e 6f 64 65 4e 61 6d 65 2e 74 6f 4c 6f 77 |a.nodeName.toLow|
|00000890| 65 72 43 61 73 65 28 29 3a 5c 22 5c 22 7d 2c 30 |erCase():\"\"},0|
|000008a0| 2c 31 2c 21 30 29 3b 51 28 5c 22 6e 61 6d 65 73 |,1,!0);Q(\"names|
|000008b0| 70 61 63 65 2d 75 72 69 5c 22 2c 33 2c 21 30 2c |pace-uri\",3,!0,|
|000008c0| 21 31 2c 66 75 6e 63 74 69 6f 6e 28 29 7b 72 65 |!1,function(){re|
|000008d0| 74 75 72 6e 5c 22 5c 22 7d 2c 30 2c 31 2c 21 30 |turn\"\"},0,1,!0|
|000008e0| 29 3b 5c 6e 51 28 5c 22 6e 6f 72 6d 61 6c 69 7a |);\nQ(\"normaliz|
|000008f0| 65 2d 73 70 61 63 65 5c 22 2c 33 2c 21 31 2c 21 |e-space\",3,!1,!|
|00000900| 30 2c 66 75 6e 63 74 69 6f 6e 28 61 2c 62 29 7b |0,function(a,b){|
|00000910| 72 65 74 75 72 6e 28 62 3f 4f 28 62 2c 61 29 3a |return(b?O(b,a):|
|00000920| 42 28 61 2e 61 29 29 2e 72 65 70 6c 61 63 65 28 |B(a.a)).replace(|
|00000930| 5c 75 30 30 32 66 5b 5c 5c 73 5c 5c 78 61 30 5d |\u002f[\\s\\xa0]|
|00000940| 2b 5c 75 30 30 32 66 67 2c 5c 22 20 5c 22 29 2e |+\u002fg,\" \").|
|00000950| 72 65 70 6c 61 63 65 28 5c 75 30 30 32 66 5e 5c |replace(\u002f^\|
|00000960| 5c 73 2b 7c 5c 5c 73 2b 24 5c 75 30 30 32 66 67 |\s+|\\s+$\u002fg|
|00000970| 2c 5c 22 5c 22 29 7d 2c 30 2c 31 29 3b 51 28 5c |,\"\")},0,1);Q(\|
|00000980| 22 6e 6f 74 5c 22 2c 32 2c 21 31 2c 21 31 2c 66 |"not\",2,!1,!1,f|
|00000990| 75 6e 63 74 69 6f 6e 28 61 2c 62 29 7b 72 65 74 |unction(a,b){ret|
|000009a0| 75 72 6e 21 72 62 28 62 2c 61 29 7d 2c 31 29 3b |urn!rb(b,a)},1);|
|000009b0| 51 28 5c 22 6e 75 6d 62 65 72 5c 22 2c 31 2c 21 |Q(\"number\",1,!|
|000009c0| 31 2c 21 30 2c 66 75 6e 63 74 69 6f 6e 28 61 2c |1,!0,function(a,|
|000009d0| 62 29 7b 72 65 74 75 72 6e 20 62 3f 4e 28 62 2c |b){return b?N(b,|
|000009e0| 61 29 3a 2b 42 28 61 2e 61 29 7d 2c 30 2c 31 29 |a):+B(a.a)},0,1)|
|000009f0| 3b 51 28 5c 22 70 6f 73 69 74 69 6f 6e 5c 22 2c |;Q(\"position\",|
|00000a00| 31 2c 21 30 2c 21 31 2c 66 75 6e 63 74 69 6f 6e |1,!0,!1,function|
|00000a10| 28 61 29 7b 72 65 74 75 72 6e 20 61 2e 62 7d 2c |(a){return a.b},|
|00000a20| 30 29 3b 51 28 5c 22 72 6f 75 6e 64 5c 22 2c 31 |0);Q(\"round\",1|
|00000a30| 2c 21 31 2c 21 31 2c 66 75 6e 63 74 69 6f 6e 28 |,!1,!1,function(|
|00000a40| 61 2c 62 29 7b 72 65 74 75 72 6e 20 4d 61 74 68 |a,b){return Math|
|00000a50| 2e 72 6f 75 6e 64 28 4e 28 62 2c 61 29 29 7d 2c |.round(N(b,a))},|
|00000a60| 31 29 3b 51 28 5c 22 73 74 61 72 74 73 2d 77 69 |1);Q(\"starts-wi|
|00000a70| 74 68 5c 22 2c 32 2c 21 31 2c 21 31 2c 66 75 6e |th\",2,!1,!1,fun|
|00000a80| 63 74 69 6f 6e 28 61 2c 62 2c 63 29 7b 62 3d 4f |ction(a,b,c){b=O|
|00000a90| 28 62 2c 61 29 3b 61 3d 4f 28 63 2c 61 29 3b 72 |(b,a);a=O(c,a);r|
|00000aa0| 65 74 75 72 6e 20 30 3d 3d 62 2e 6c 61 73 74 49 |eturn 0==b.lastI|
|00000ab0| 6e 64 65 78 4f 66 28 61 2c 30 29 7d 2c 32 29 3b |ndexOf(a,0)},2);|
|00000ac0| 51 28 5c 22 73 74 72 69 6e 67 5c 22 2c 33 2c 21 |Q(\"string\",3,!|
|00000ad0| 31 2c 21 30 2c 66 75 6e 63 74 69 6f 6e 28 61 2c |1,!0,function(a,|
|00000ae0| 62 29 7b 72 65 74 75 72 6e 20 62 3f 4f 28 62 2c |b){return b?O(b,|
|00000af0| 61 29 3a 42 28 61 2e 61 29 7d 2c 30 2c 31 29 3b |a):B(a.a)},0,1);|
|00000b00| 5c 6e 51 28 5c 22 73 74 72 69 6e 67 2d 6c 65 6e |\nQ(\"string-len|
|00000b10| 67 74 68 5c 22 2c 31 2c 21 31 2c 21 30 2c 66 75 |gth\",1,!1,!0,fu|
|00000b20| 6e 63 74 69 6f 6e 28 61 2c 62 29 7b 72 65 74 75 |nction(a,b){retu|
|00000b30| 72 6e 28 62 3f 4f 28 62 2c 61 29 3a 42 28 61 2e |rn(b?O(b,a):B(a.|
|00000b40| 61 29 29 2e 6c 65 6e 67 74 68 7d 2c 30 2c 31 29 |a)).length},0,1)|
|00000b50| 3b 51 28 5c 22 73 75 62 73 74 72 69 6e 67 5c 22 |;Q(\"substring\"|
|00000b60| 2c 33 2c 21 31 2c 21 31 2c 66 75 6e 63 74 69 6f |,3,!1,!1,functio|
|00000b70| 6e 28 61 2c 62 2c 63 2c 64 29 7b 63 3d 4e 28 63 |n(a,b,c,d){c=N(c|
|00000b80| 2c 61 29 3b 69 66 28 69 73 4e 61 4e 28 63 29 7c |,a);if(isNaN(c)||
|00000b90| 7c 49 6e 66 69 6e 69 74 79 3d 3d 63 7c 7c 2d 49 ||Infinity==c||-I|
|00000ba0| 6e 66 69 6e 69 74 79 3d 3d 63 29 72 65 74 75 72 |nfinity==c)retur|
|00000bb0| 6e 5c 22 5c 22 3b 64 3d 64 3f 4e 28 64 2c 61 29 |n\"\";d=d?N(d,a)|
|00000bc0| 3a 49 6e 66 69 6e 69 74 79 3b 69 66 28 69 73 4e |:Infinity;if(isN|
|00000bd0| 61 4e 28 64 29 7c 7c 2d 49 6e 66 69 6e 69 74 79 |aN(d)||-Infinity|
|00000be0| 3d 3d 3d 64 29 72 65 74 75 72 6e 5c 22 5c 22 3b |===d)return\"\";|
|00000bf0| 63 3d 4d 61 74 68 2e 72 6f 75 6e 64 28 63 29 2d |c=Math.round(c)-|
|00000c00| 31 3b 76 61 72 20 65 3d 4d 61 74 68 2e 6d 61 78 |1;var e=Math.max|
|00000c10| 28 63 2c 30 29 3b 61 3d 4f 28 62 2c 61 29 3b 72 |(c,0);a=O(b,a);r|
|00000c20| 65 74 75 72 6e 20 49 6e 66 69 6e 69 74 79 3d 3d |eturn Infinity==|
|00000c30| 64 3f 61 2e 73 75 62 73 74 72 69 6e 67 28 65 29 |d?a.substring(e)|
|00000c40| 3a 61 2e 73 75 62 73 74 72 69 6e 67 28 65 2c 63 |:a.substring(e,c|
|00000c50| 2b 4d 61 74 68 2e 72 6f 75 6e 64 28 64 29 29 7d |+Math.round(d))}|
|00000c60| 2c 32 2c 33 29 3b 51 28 5c 22 73 75 62 73 74 72 |,2,3);Q(\"substr|
|00000c70| 69 6e 67 2d 61 66 74 65 72 5c 22 2c 33 2c 21 31 |ing-after\",3,!1|
|00000c80| 2c 21 31 2c 66 75 6e 63 74 69 6f 6e 28 61 2c 62 |,!1,function(a,b|
|00000c90| 2c 63 29 7b 62 3d 4f 28 62 2c 61 29 3b 61 3d 4f |,c){b=O(b,a);a=O|
|00000ca0| 28 63 2c 61 29 3b 63 3d 62 2e 69 6e 64 65 78 4f |(c,a);c=b.indexO|
|00000cb0| 66 28 61 29 3b 72 65 74 75 72 6e 2d 31 3d 3d 63 |f(a);return-1==c|
|00000cc0| 3f 5c 22 5c 22 3a 62 2e 73 75 62 73 74 72 69 6e |?\"\":b.substrin|
|00000cd0| 67 28 63 2b 61 2e 6c 65 6e 67 74 68 29 7d 2c 32 |g(c+a.length)},2|
|00000ce0| 29 3b 5c 6e 51 28 5c 22 73 75 62 73 74 72 69 6e |);\nQ(\"substrin|
|00000cf0| 67 2d 62 65 66 6f 72 65 5c 22 2c 33 2c 21 31 2c |g-before\",3,!1,|
|00000d00| 21 31 2c 66 75 6e 63 74 69 6f 6e 28 61 2c 62 2c |!1,function(a,b,|
|00000d10| 63 29 7b 62 3d 4f 28 62 2c 61 29 3b 61 3d 4f 28 |c){b=O(b,a);a=O(|
|00000d20| 63 2c 61 29 3b 61 3d 62 2e 69 6e 64 65 78 4f 66 |c,a);a=b.indexOf|
|00000d30| 28 61 29 3b 72 65 74 75 72 6e 2d 31 3d 3d 61 3f |(a);return-1==a?|
|00000d40| 5c 22 5c 22 3a 62 2e 73 75 62 73 74 72 69 6e 67 |\"\":b.substring|
|00000d50| 28 30 2c 61 29 7d 2c 32 29 3b 51 28 5c 22 73 75 |(0,a)},2);Q(\"su|
|00000d60| 6d 5c 22 2c 31 2c 21 31 2c 21 31 2c 66 75 6e 63 |m\",1,!1,!1,func|
|00000d70| 74 69 6f 6e 28 61 2c 62 29 7b 61 3d 48 28 62 2e |tion(a,b){a=H(b.|
|00000d80| 61 28 61 29 29 3b 62 3d 30 3b 66 6f 72 28 76 61 |a(a));b=0;for(va|
|00000d90| 72 20 63 3d 49 28 61 29 3b 63 3b 63 3d 49 28 61 |r c=I(a);c;c=I(a|
|00000da0| 29 29 62 2b 3d 2b 42 28 63 29 3b 72 65 74 75 72 |))b+=+B(c);retur|
|00000db0| 6e 20 62 7d 2c 31 2c 31 2c 21 30 29 3b 51 28 5c |n b},1,1,!0);Q(\|
|00000dc0| 22 74 72 61 6e 73 6c 61 74 65 5c 22 2c 33 2c 21 |"translate\",3,!|
|00000dd0| 31 2c 21 31 2c 66 75 6e 63 74 69 6f 6e 28 61 2c |1,!1,function(a,|
|00000de0| 62 2c 63 2c 64 29 7b 62 3d 4f 28 62 2c 61 29 3b |b,c,d){b=O(b,a);|
|00000df0| 63 3d 4f 28 63 2c 61 29 3b 76 61 72 20 65 3d 4f |c=O(c,a);var e=O|
|00000e00| 28 64 2c 61 29 3b 61 3d 7b 7d 3b 66 6f 72 28 64 |(d,a);a={};for(d|
|00000e10| 3d 30 3b 64 5c 75 30 30 33 63 63 2e 6c 65 6e 67 |=0;d\u003cc.leng|
|00000e20| 74 68 3b 64 2b 2b 29 7b 76 61 72 20 66 3d 63 2e |th;d++){var f=c.|
|00000e30| 63 68 61 72 41 74 28 64 29 3b 66 20 69 6e 20 61 |charAt(d);f in a|
|00000e40| 7c 7c 28 61 5b 66 5d 3d 65 2e 63 68 61 72 41 74 |||(a[f]=e.charAt|
|00000e50| 28 64 29 29 7d 63 3d 5c 22 5c 22 3b 66 6f 72 28 |(d))}c=\"\";for(|
|00000e60| 64 3d 30 3b 64 5c 75 30 30 33 63 62 2e 6c 65 6e |d=0;d\u003cb.len|
|00000e70| 67 74 68 3b 64 2b 2b 29 66 3d 62 2e 63 68 61 72 |gth;d++)f=b.char|
|00000e80| 41 74 28 64 29 2c 63 2b 3d 66 20 69 6e 20 61 3f |At(d),c+=f in a?|
|00000e90| 61 5b 66 5d 3a 66 3b 72 65 74 75 72 6e 20 63 7d |a[f]:f;return c}|
|00000ea0| 2c 33 29 3b 51 28 5c 22 74 72 75 65 5c 22 2c 32 |,3);Q(\"true\",2|
|00000eb0| 2c 21 31 2c 21 31 2c 66 75 6e 63 74 69 6f 6e 28 |,!1,!1,function(|
|00000ec0| 29 7b 72 65 74 75 72 6e 21 30 7d 2c 30 29 3b 66 |){return!0},0);f|
|00000ed0| 75 6e 63 74 69 6f 6e 20 47 28 61 2c 62 29 7b 74 |unction G(a,b){t|
|00000ee0| 68 69 73 2e 68 3d 61 3b 74 68 69 73 2e 63 3d 76 |his.h=a;this.c=v|
|00000ef0| 6f 69 64 20 30 21 3d 3d 62 3f 62 3a 6e 75 6c 6c |oid 0!==b?b:null|
|00000f00| 3b 74 68 69 73 2e 62 3d 6e 75 6c 6c 3b 73 77 69 |;this.b=null;swi|
|00000f10| 74 63 68 28 61 29 7b 63 61 73 65 20 5c 22 63 6f |tch(a){case \"co|
|00000f20| 6d 6d 65 6e 74 5c 22 3a 74 68 69 73 2e 62 3d 38 |mment\":this.b=8|
|00000f30| 3b 62 72 65 61 6b 3b 63 61 73 65 20 5c 22 74 65 |;break;case \"te|
|00000f40| 78 74 5c 22 3a 74 68 69 73 2e 62 3d 33 3b 62 72 |xt\":this.b=3;br|
|00000f50| 65 61 6b 3b 63 61 73 65 20 5c 22 70 72 6f 63 65 |eak;case \"proce|
|00000f60| 73 73 69 6e 67 2d 69 6e 73 74 72 75 63 74 69 6f |ssing-instructio|
|00000f70| 6e 5c 22 3a 74 68 69 73 2e 62 3d 37 3b 62 72 65 |n\":this.b=7;bre|
|00000f80| 61 6b 3b 63 61 73 65 20 5c 22 6e 6f 64 65 5c 22 |ak;case \"node\"|
|00000f90| 3a 62 72 65 61 6b 3b 64 65 66 61 75 6c 74 3a 74 |:break;default:t|
|00000fa0| 68 72 6f 77 20 45 72 72 6f 72 28 5c 22 55 6e 65 |hrow Error(\"Une|
|00000fb0| 78 70 65 63 74 65 64 20 61 72 67 75 6d 65 6e 74 |xpected argument|
|00000fc0| 5c 22 29 3b 7d 7d 66 75 6e 63 74 69 6f 6e 20 43 |\");}}function C|
|00000fd0| 62 28 61 29 7b 72 65 74 75 72 6e 5c 22 63 6f 6d |b(a){return\"com|
|00000fe0| 6d 65 6e 74 5c 22 3d 3d 61 7c 7c 5c 22 74 65 78 |ment\"==a||\"tex|
|00000ff0| 74 5c 22 3d 3d 61 7c 7c 5c 22 70 72 6f 63 65 73 |t\"==a||\"proces|
|00001000| 73 69 6e 67 2d 69 6e 73 74 72 75 63 74 69 6f 6e |sing-instruction|
|00001010| 5c 22 3d 3d 61 7c 7c 5c 22 6e 6f 64 65 5c 22 3d |\"==a||\"node\"=|
|00001020| 3d 61 7d 47 2e 70 72 6f 74 6f 74 79 70 65 2e 61 |=a}G.prototype.a|
|00001030| 3d 66 75 6e 63 74 69 6f 6e 28 61 29 7b 72 65 74 |=function(a){ret|
|00001040| 75 72 6e 20 6e 75 6c 6c 3d 3d 3d 74 68 69 73 2e |urn null===this.|
|00001050| 62 7c 7c 74 68 69 73 2e 62 3d 3d 61 2e 6e 6f 64 |b||this.b==a.nod|
|00001060| 65 54 79 70 65 7d 3b 47 2e 70 72 6f 74 6f 74 79 |eType};G.prototy|
|00001070| 70 65 2e 66 3d 66 75 6e 63 74 69 6f 6e 28 29 7b |pe.f=function(){|
|00001080| 72 65 74 75 72 6e 20 74 68 69 73 2e 68 7d 3b 5c |return this.h};\|
|00001090| 6e 47 2e 70 72 6f 74 6f 74 79 70 65 2e 74 6f 53 |nG.prototype.toS|
|000010a0| 74 72 69 6e 67 3d 66 75 6e 63 74 69 6f 6e 28 29 |tring=function()|
|000010b0| 7b 76 61 72 20 61 3d 5c 22 4b 69 6e 64 20 54 65 |{var a=\"Kind Te|
|000010c0| 73 74 3a 20 5c 22 2b 74 68 69 73 2e 68 3b 6e 75 |st: \"+this.h;nu|
|000010d0| 6c 6c 3d 3d 3d 74 68 69 73 2e 63 7c 7c 28 61 2b |ll===this.c||(a+|
|000010e0| 3d 4b 28 74 68 69 73 2e 63 29 29 3b 72 65 74 75 |=K(this.c));retu|
|000010f0| 72 6e 20 61 7d 3b 66 75 6e 63 74 69 6f 6e 20 44 |rn a};function D|
|00001100| 62 28 61 29 7b 4a 2e 63 61 6c 6c 28 74 68 69 73 |b(a){J.call(this|
|00001110| 2c 33 29 3b 74 68 69 73 2e 63 3d 61 2e 73 75 62 |,3);this.c=a.sub|
|00001120| 73 74 72 69 6e 67 28 31 2c 61 2e 6c 65 6e 67 74 |string(1,a.lengt|
|00001130| 68 2d 31 29 7d 6c 28 44 62 2c 4a 29 3b 44 62 2e |h-1)}l(Db,J);Db.|
|00001140| 70 72 6f 74 6f 74 79 70 65 2e 61 3d 66 75 6e 63 |prototype.a=func|
|00001150| 74 69 6f 6e 28 29 7b 72 65 74 75 72 6e 20 74 68 |tion(){return th|
|00001160| 69 73 2e 63 7d 3b 44 62 2e 70 72 6f 74 6f 74 79 |is.c};Db.prototy|
|00001170| 70 65 2e 74 6f 53 74 72 69 6e 67 3d 66 75 6e 63 |pe.toString=func|
|00001180| 74 69 6f 6e 28 29 7b 72 65 74 75 72 6e 5c 22 4c |tion(){return\"L|
|00001190| 69 74 65 72 61 6c 3a 20 5c 22 2b 74 68 69 73 2e |iteral: \"+this.|
|000011a0| 63 7d 3b 66 75 6e 63 74 69 6f 6e 20 46 28 61 2c |c};function F(a,|
|000011b0| 62 29 7b 74 68 69 73 2e 6a 3d 61 2e 74 6f 4c 6f |b){this.j=a.toLo|
|000011c0| 77 65 72 43 61 73 65 28 29 3b 61 3d 5c 22 2a 5c |werCase();a=\"*\|
|000011d0| 22 3d 3d 74 68 69 73 2e 6a 3f 5c 22 2a 5c 22 3a |"==this.j?\"*\":|
|000011e0| 5c 22 68 74 74 70 3a 5c 75 30 30 32 66 5c 75 30 |\"http:\u002f\u0|
|000011f0| 30 32 66 77 77 77 2e 77 33 2e 6f 72 67 5c 75 30 |02fwww.w3.org\u0|
|00001200| 30 32 66 31 39 39 39 5c 75 30 30 32 66 78 68 74 |02f1999\u002fxht|
|00001210| 6d 6c 5c 22 3b 74 68 69 73 2e 63 3d 62 3f 62 2e |ml\";this.c=b?b.|
|00001220| 74 6f 4c 6f 77 65 72 43 61 73 65 28 29 3a 61 7d |toLowerCase():a}|
|00001230| 46 2e 70 72 6f 74 6f 74 79 70 65 2e 61 3d 66 75 |F.prototype.a=fu|
|00001240| 6e 63 74 69 6f 6e 28 61 29 7b 76 61 72 20 62 3d |nction(a){var b=|
|00001250| 61 2e 6e 6f 64 65 54 79 70 65 3b 69 66 28 31 21 |a.nodeType;if(1!|
|00001260| 3d 62 5c 75 30 30 32 36 5c 75 30 30 32 36 32 21 |=b\u0026\u00262!|
|00001270| 3d 62 29 72 65 74 75 72 6e 21 31 3b 62 3d 76 6f |=b)return!1;b=vo|
|00001280| 69 64 20 30 21 3d 3d 61 2e 6c 6f 63 61 6c 4e 61 |id 0!==a.localNa|
|00001290| 6d 65 3f 61 2e 6c 6f 63 61 6c 4e 61 6d 65 3a 61 |me?a.localName:a|
|000012a0| 2e 6e 6f 64 65 4e 61 6d 65 3b 72 65 74 75 72 6e |.nodeName;return|
|000012b0| 5c 22 2a 5c 22 21 3d 74 68 69 73 2e 6a 5c 75 30 |\"*\"!=this.j\u0|
|000012c0| 30 32 36 5c 75 30 30 32 36 74 68 69 73 2e 6a 21 |026\u0026this.j!|
|000012d0| 3d 62 2e 74 6f 4c 6f 77 65 72 43 61 73 65 28 29 |=b.toLowerCase()|
|000012e0| 3f 21 31 3a 5c 22 2a 5c 22 3d 3d 74 68 69 73 2e |?!1:\"*\"==this.|
|000012f0| 63 3f 21 30 3a 74 68 69 73 2e 63 3d 3d 28 61 2e |c?!0:this.c==(a.|
|00001300| 6e 61 6d 65 73 70 61 63 65 55 52 49 3f 61 2e 6e |namespaceURI?a.n|
|00001310| 61 6d 65 73 70 61 63 65 55 52 49 2e 74 6f 4c 6f |amespaceURI.toLo|
|00001320| 77 65 72 43 61 73 65 28 29 3a 5c 22 68 74 74 70 |werCase():\"http|
|00001330| 3a 5c 75 30 30 32 66 5c 75 30 30 32 66 77 77 77 |:\u002f\u002fwww|
|00001340| 2e 77 33 2e 6f 72 67 5c 75 30 30 32 66 31 39 39 |.w3.org\u002f199|
|00001350| 39 5c 75 30 30 32 66 78 68 74 6d 6c 5c 22 29 7d |9\u002fxhtml\")}|
|00001360| 3b 46 2e 70 72 6f 74 6f 74 79 70 65 2e 66 3d 66 |;F.prototype.f=f|
|00001370| 75 6e 63 74 69 6f 6e 28 29 7b 72 65 74 75 72 6e |unction(){return|
|00001380| 20 74 68 69 73 2e 6a 7d 3b 5c 6e 46 2e 70 72 6f | this.j};\nF.pro|
|00001390| 74 6f 74 79 70 65 2e 74 6f 53 74 72 69 6e 67 3d |totype.toString=|
|000013a0| 66 75 6e 63 74 69 6f 6e 28 29 7b 72 65 74 75 72 |function(){retur|
|000013b0| 6e 5c 22 4e 61 6d 65 20 54 65 73 74 3a 20 5c 22 |n\"Name Test: \"|
|000013c0| 2b 28 5c 22 68 74 74 70 3a 5c 75 30 30 32 66 5c |+(\"http:\u002f\|
|000013d0| 75 30 30 32 66 77 77 77 2e 77 33 2e 6f 72 67 5c |u002fwww.w3.org\|
|000013e0| 75 30 30 32 66 31 39 39 39 5c 75 30 30 32 66 78 |u002f1999\u002fx|
|000013f0| 68 74 6d 6c 5c 22 3d 3d 74 68 69 73 2e 63 3f 5c |html\"==this.c?\|
|00001400| 22 5c 22 3a 74 68 69 73 2e 63 2b 5c 22 3a 5c 22 |"\":this.c+\":\"|
|00001410| 29 2b 74 68 69 73 2e 6a 7d 3b 66 75 6e 63 74 69 |)+this.j};functi|
|00001420| 6f 6e 20 45 62 28 61 29 7b 4a 2e 63 61 6c 6c 28 |on Eb(a){J.call(|
|00001430| 74 68 69 73 2c 31 29 3b 74 68 69 73 2e 63 3d 61 |this,1);this.c=a|
|00001440| 7d 6c 28 45 62 2c 4a 29 3b 45 62 2e 70 72 6f 74 |}l(Eb,J);Eb.prot|
|00001450| 6f 74 79 70 65 2e 61 3d 66 75 6e 63 74 69 6f 6e |otype.a=function|
|00001460| 28 29 7b 72 65 74 75 72 6e 20 74 68 69 73 2e 63 |(){return this.c|
|00001470| 7d 3b 45 62 2e 70 72 6f 74 6f 74 79 70 65 2e 74 |};Eb.prototype.t|
|00001480| 6f 53 74 72 69 6e 67 3d 66 75 6e 63 74 69 6f 6e |oString=function|
|00001490| 28 29 7b 72 65 74 75 72 6e 5c 22 4e 75 6d 62 65 |(){return\"Numbe|
|000014a0| 72 3a 20 5c 22 2b 74 68 69 73 2e 63 7d 3b 66 75 |r: \"+this.c};fu|
|000014b0| 6e 63 74 69 6f 6e 20 46 62 28 61 2c 62 29 7b 4a |nction Fb(a,b){J|
|000014c0| 2e 63 61 6c 6c 28 74 68 69 73 2c 61 2e 69 29 3b |.call(this,a.i);|
|000014d0| 74 68 69 73 2e 68 3d 61 3b 74 68 69 73 2e 63 3d |this.h=a;this.c=|
|000014e0| 62 3b 74 68 69 73 2e 67 3d 61 2e 67 3b 74 68 69 |b;this.g=a.g;thi|
|000014f0| 73 2e 62 3d 61 2e 62 3b 31 3d 3d 74 68 69 73 2e |s.b=a.b;1==this.|
|00001500| 63 2e 6c 65 6e 67 74 68 5c 75 30 30 32 36 5c 75 |c.length\u0026\u|
|00001510| 30 30 32 36 28 61 3d 74 68 69 73 2e 63 5b 30 5d |0026(a=this.c[0]|
|00001520| 2c 61 2e 41 7c 7c 61 2e 63 21 3d 47 62 7c 7c 28 |,a.A||a.c!=Gb||(|
|00001530| 61 3d 61 2e 6f 2c 5c 22 2a 5c 22 21 3d 61 2e 66 |a=a.o,\"*\"!=a.f|
|00001540| 28 29 5c 75 30 30 32 36 5c 75 30 30 32 36 28 74 |()\u0026\u0026(t|
|00001550| 68 69 73 2e 66 3d 7b 6e 61 6d 65 3a 61 2e 66 28 |his.f={name:a.f(|
|00001560| 29 2c 75 3a 6e 75 6c 6c 7d 29 29 29 7d 6c 28 46 |),u:null})))}l(F|
|00001570| 62 2c 4a 29 3b 66 75 6e 63 74 69 6f 6e 20 48 62 |b,J);function Hb|
|00001580| 28 29 7b 4a 2e 63 61 6c 6c 28 74 68 69 73 2c 34 |(){J.call(this,4|
|00001590| 29 7d 6c 28 48 62 2c 4a 29 3b 48 62 2e 70 72 6f |)}l(Hb,J);Hb.pro|
|000015a0| 74 6f 74 79 70 65 2e 61 3d 66 75 6e 63 74 69 6f |totype.a=functio|
|000015b0| 6e 28 61 29 7b 76 61 72 20 62 3d 6e 65 77 20 45 |n(a){var b=new E|
|000015c0| 3b 61 3d 61 2e 61 3b 39 3d 3d 61 2e 6e 6f 64 65 |;a=a.a;9==a.node|
|000015d0| 54 79 70 65 3f 62 2e 61 64 64 28 61 29 3a 62 2e |Type?b.add(a):b.|
|000015e0| 61 64 64 28 61 2e 6f 77 6e 65 72 44 6f 63 75 6d |add(a.ownerDocum|
|000015f0| 65 6e 74 29 3b 72 65 74 75 72 6e 20 62 7d 3b 48 |ent);return b};H|
|00001600| 62 2e 70 72 6f 74 6f 74 79 70 65 2e 74 6f 53 74 |b.prototype.toSt|
|00001610| 72 69 6e 67 3d 66 75 6e 63 74 69 6f 6e 28 29 7b |ring=function(){|
|00001620| 72 65 74 75 72 6e 5c 22 52 6f 6f 74 20 48 65 6c |return\"Root Hel|
|00001630| 70 65 72 20 45 78 70 72 65 73 73 69 6f 6e 5c 22 |per Expression\"|
|00001640| 7d 3b 66 75 6e 63 74 69 6f 6e 20 49 62 28 29 7b |};function Ib(){|
|00001650| 4a 2e 63 61 6c 6c 28 74 68 69 73 2c 34 29 7d 6c |J.call(this,4)}l|
|00001660| 28 49 62 2c 4a 29 3b 49 62 2e 70 72 6f 74 6f 74 |(Ib,J);Ib.protot|
|00001670| 79 70 65 2e 61 3d 66 75 6e 63 74 69 6f 6e 28 61 |ype.a=function(a|
|00001680| 29 7b 76 61 72 20 62 3d 6e 65 77 20 45 3b 62 2e |){var b=new E;b.|
|00001690| 61 64 64 28 61 2e 61 29 3b 72 65 74 75 72 6e 20 |add(a.a);return |
|000016a0| 62 7d 3b 49 62 2e 70 72 6f 74 6f 74 79 70 65 2e |b};Ib.prototype.|
|000016b0| 74 6f 53 74 72 69 6e 67 3d 66 75 6e 63 74 69 6f |toString=functio|
|000016c0| 6e 28 29 7b 72 65 74 75 72 6e 5c 22 43 6f 6e 74 |n(){return\"Cont|
|000016d0| 65 78 74 20 48 65 6c 70 65 72 20 45 78 70 72 65 |ext Helper Expre|
|000016e0| 73 73 69 6f 6e 5c 22 7d 3b 5c 6e 66 75 6e 63 74 |ssion\"};\nfunct|
|000016f0| 69 6f 6e 20 4a 62 28 61 29 7b 72 65 74 75 72 6e |ion Jb(a){return|
|00001700| 5c 22 5c 75 30 30 32 66 5c 22 3d 3d 61 7c 7c 5c |\"\u002f\"==a||\|
|00001710| 22 5c 75 30 30 32 66 5c 75 30 30 32 66 5c 22 3d |"\u002f\u002f\"=|
|00001720| 3d 61 7d 46 62 2e 70 72 6f 74 6f 74 79 70 65 2e |=a}Fb.prototype.|
|00001730| 61 3d 66 75 6e 63 74 69 6f 6e 28 61 29 7b 76 61 |a=function(a){va|
|00001740| 72 20 62 3d 74 68 69 73 2e 68 2e 61 28 61 29 3b |r b=this.h.a(a);|
|00001750| 69 66 28 21 28 62 20 69 6e 73 74 61 6e 63 65 6f |if(!(b instanceo|
|00001760| 66 20 45 29 29 74 68 72 6f 77 20 45 72 72 6f 72 |f E))throw Error|
|00001770| 28 5c 22 46 69 6c 74 65 72 20 65 78 70 72 65 73 |(\"Filter expres|
|00001780| 73 69 6f 6e 20 6d 75 73 74 20 65 76 61 6c 75 61 |sion must evalua|
|00001790| 74 65 20 74 6f 20 6e 6f 64 65 73 65 74 2e 5c 22 |te to nodeset.\"|
|000017a0| 29 3b 61 3d 74 68 69 73 2e 63 3b 66 6f 72 28 76 |);a=this.c;for(v|
|000017b0| 61 72 20 63 3d 30 2c 64 3d 61 2e 6c 65 6e 67 74 |ar c=0,d=a.lengt|
|000017c0| 68 3b 63 5c 75 30 30 33 63 64 5c 75 30 30 32 36 |h;c\u003cd\u0026|
|000017d0| 5c 75 30 30 32 36 62 2e 6c 3b 63 2b 2b 29 7b 76 |\u0026b.l;c++){v|
|000017e0| 61 72 20 65 3d 61 5b 63 5d 2c 66 3d 48 28 62 2c |ar e=a[c],f=H(b,|
|000017f0| 65 2e 63 2e 73 29 3b 69 66 28 65 2e 67 7c 7c 65 |e.c.s);if(e.g||e|
|00001800| 2e 63 21 3d 4b 62 29 69 66 28 65 2e 67 7c 7c 65 |.c!=Kb)if(e.g||e|
|00001810| 2e 63 21 3d 4c 62 29 7b 76 61 72 20 67 3d 49 28 |.c!=Lb){var g=I(|
|00001820| 66 29 3b 66 6f 72 28 62 3d 65 2e 61 28 6e 65 77 |f);for(b=e.a(new|
|00001830| 20 69 61 28 67 29 29 3b 6e 75 6c 6c 21 3d 28 67 | ia(g));null!=(g|
|00001840| 3d 49 28 66 29 29 3b 29 67 3d 65 2e 61 28 6e 65 |=I(f));)g=e.a(ne|
|00001850| 77 20 69 61 28 67 29 29 2c 62 3d 6b 62 28 62 2c |w ia(g)),b=kb(b,|
|00001860| 67 29 7d 65 6c 73 65 20 67 3d 49 28 66 29 2c 62 |g)}else g=I(f),b|
|00001870| 3d 65 2e 61 28 6e 65 77 20 69 61 28 67 29 29 3b |=e.a(new ia(g));|
|00001880| 65 6c 73 65 7b 66 6f 72 28 67 3d 49 28 66 29 3b |else{for(g=I(f);|
|00001890| 28 62 3d 49 28 66 29 29 5c 75 30 30 32 36 5c 75 |(b=I(f))\u0026\u|
|000018a0| 30 30 32 36 28 21 67 2e 63 6f 6e 74 61 69 6e 73 |0026(!g.contains|
|000018b0| 7c 7c 67 2e 63 6f 6e 74 61 69 6e 73 28 62 29 29 |||g.contains(b))|
|000018c0| 5c 75 30 30 32 36 5c 75 30 30 32 36 62 2e 63 6f |\u0026\u0026b.co|
|000018d0| 6d 70 61 72 65 44 6f 63 75 6d 65 6e 74 50 6f 73 |mpareDocumentPos|
|000018e0| 69 74 69 6f 6e 28 67 29 5c 75 30 30 32 36 38 3b |ition(g)\u00268;|
|000018f0| 67 3d 62 29 3b 62 3d 65 2e 61 28 6e 65 77 20 69 |g=b);b=e.a(new i|
|00001900| 61 28 67 29 29 7d 7d 72 65 74 75 72 6e 20 62 7d |a(g))}}return b}|
|00001910| 3b 5c 6e 46 62 2e 70 72 6f 74 6f 74 79 70 65 2e |;\nFb.prototype.|
|00001920| 74 6f 53 74 72 69 6e 67 3d 66 75 6e 63 74 69 6f |toString=functio|
|00001930| 6e 28 29 7b 76 61 72 20 61 3d 5c 22 50 61 74 68 |n(){var a=\"Path|
|00001940| 20 45 78 70 72 65 73 73 69 6f 6e 3a 5c 22 2b 4b | Expression:\"+K|
|00001950| 28 74 68 69 73 2e 68 29 3b 69 66 28 74 68 69 73 |(this.h);if(this|
|00001960| 2e 63 2e 6c 65 6e 67 74 68 29 7b 76 61 72 20 62 |.c.length){var b|
|00001970| 3d 6c 61 28 74 68 69 73 2e 63 2c 66 75 6e 63 74 |=la(this.c,funct|
|00001980| 69 6f 6e 28 63 2c 64 29 7b 72 65 74 75 72 6e 20 |ion(c,d){return |
|00001990| 63 2b 4b 28 64 29 7d 2c 5c 22 53 74 65 70 73 3a |c+K(d)},\"Steps:|
|000019a0| 5c 22 29 3b 61 2b 3d 4b 28 62 29 7d 72 65 74 75 |\");a+=K(b)}retu|
|000019b0| 72 6e 20 61 7d 3b 66 75 6e 63 74 69 6f 6e 20 4d |rn a};function M|
|000019c0| 62 28 61 2c 62 29 7b 74 68 69 73 2e 61 3d 61 3b |b(a,b){this.a=a;|
|000019d0| 74 68 69 73 2e 73 3d 21 21 62 7d 5c 6e 66 75 6e |this.s=!!b}\nfun|
|000019e0| 63 74 69 6f 6e 20 79 62 28 61 2c 62 2c 63 29 7b |ction yb(a,b,c){|
|000019f0| 66 6f 72 28 63 3d 63 7c 7c 30 3b 63 5c 75 30 30 |for(c=c||0;c\u00|
|00001a00| 33 63 61 2e 61 2e 6c 65 6e 67 74 68 3b 63 2b 2b |3ca.a.length;c++|
|00001a10| 29 66 6f 72 28 76 61 72 20 64 3d 61 2e 61 5b 63 |)for(var d=a.a[c|
|00001a20| 5d 2c 65 3d 48 28 62 29 2c 66 3d 62 2e 6c 2c 67 |],e=H(b),f=b.l,g|
|00001a30| 2c 68 3d 30 3b 67 3d 49 28 65 29 3b 68 2b 2b 29 |,h=0;g=I(e);h++)|
|00001a40| 7b 76 61 72 20 6d 3d 61 2e 73 3f 66 2d 68 3a 68 |{var m=a.s?f-h:h|
|00001a50| 2b 31 3b 67 3d 64 2e 61 28 6e 65 77 20 69 61 28 |+1;g=d.a(new ia(|
|00001a60| 67 2c 6d 2c 66 29 29 3b 69 66 28 5c 22 6e 75 6d |g,m,f));if(\"num|
|00001a70| 62 65 72 5c 22 3d 3d 74 79 70 65 6f 66 20 67 29 |ber\"==typeof g)|
|00001a80| 6d 3d 6d 3d 3d 67 3b 65 6c 73 65 20 69 66 28 5c |m=m==g;else if(\|
|00001a90| 22 73 74 72 69 6e 67 5c 22 3d 3d 74 79 70 65 6f |"string\"==typeo|
|00001aa0| 66 20 67 7c 7c 5c 22 62 6f 6f 6c 65 61 6e 5c 22 |f g||\"boolean\"|
|00001ab0| 3d 3d 74 79 70 65 6f 66 20 67 29 6d 3d 21 21 67 |==typeof g)m=!!g|
|00001ac0| 3b 65 6c 73 65 20 69 66 28 67 20 69 6e 73 74 61 |;else if(g insta|
|00001ad0| 6e 63 65 6f 66 20 45 29 6d 3d 30 5c 75 30 30 33 |nceof E)m=0\u003|
|00001ae0| 63 67 2e 6c 3b 65 6c 73 65 20 74 68 72 6f 77 20 |cg.l;else throw |
|00001af0| 45 72 72 6f 72 28 5c 22 50 72 65 64 69 63 61 74 |Error(\"Predicat|
|00001b00| 65 2e 65 76 61 6c 75 61 74 65 20 72 65 74 75 72 |e.evaluate retur|
|00001b10| 6e 65 64 20 61 6e 20 75 6e 65 78 70 65 63 74 65 |ned an unexpecte|
|00001b20| 64 20 74 79 70 65 2e 5c 22 29 3b 69 66 28 21 6d |d type.\");if(!m|
|00001b30| 29 7b 6d 3d 65 3b 67 3d 6d 2e 66 3b 76 61 72 20 |){m=e;g=m.f;var |
|00001b40| 77 3d 6d 2e 61 3b 69 66 28 21 77 29 74 68 72 6f |w=m.a;if(!w)thro|
|00001b50| 77 20 45 72 72 6f 72 28 5c 22 4e 65 78 74 20 6d |w Error(\"Next m|
|00001b60| 75 73 74 20 62 65 20 63 61 6c 6c 65 64 20 61 74 |ust be called at|
|00001b70| 20 6c 65 61 73 74 20 6f 6e 63 65 20 62 65 66 6f | least once befo|
|00001b80| 72 65 20 72 65 6d 6f 76 65 2e 5c 22 29 3b 76 61 |re remove.\");va|
|00001b90| 72 20 72 3d 77 2e 62 3b 77 3d 77 2e 61 3b 72 3f |r r=w.b;w=w.a;r?|
|00001ba0| 72 2e 61 3d 77 3a 67 2e 61 3d 77 3b 77 3f 77 2e |r.a=w:g.a=w;w?w.|
|00001bb0| 62 3d 72 3a 67 2e 62 3d 72 3b 67 2e 6c 2d 2d 3b |b=r:g.b=r;g.l--;|
|00001bc0| 6d 2e 61 3d 6e 75 6c 6c 7d 7d 72 65 74 75 72 6e |m.a=null}}return|
|00001bd0| 20 62 7d 5c 6e 4d 62 2e 70 72 6f 74 6f 74 79 70 | b}\nMb.prototyp|
|00001be0| 65 2e 74 6f 53 74 72 69 6e 67 3d 66 75 6e 63 74 |e.toString=funct|
|00001bf0| 69 6f 6e 28 29 7b 72 65 74 75 72 6e 20 6c 61 28 |ion(){return la(|
|00001c00| 74 68 69 73 2e 61 2c 66 75 6e 63 74 69 6f 6e 28 |this.a,function(|
|00001c10| 61 2c 62 29 7b 72 65 74 75 72 6e 20 61 2b 4b 28 |a,b){return a+K(|
|00001c20| 62 29 7d 2c 5c 22 50 72 65 64 69 63 61 74 65 73 |b)},\"Predicates|
|00001c30| 3a 5c 22 29 7d 3b 66 75 6e 63 74 69 6f 6e 20 52 |:\")};function R|
|00001c40| 28 61 2c 62 2c 63 2c 64 29 7b 4a 2e 63 61 6c 6c |(a,b,c,d){J.call|
|00001c50| 28 74 68 69 73 2c 34 29 3b 74 68 69 73 2e 63 3d |(this,4);this.c=|
|00001c60| 61 3b 74 68 69 73 2e 6f 3d 62 3b 74 68 69 73 2e |a;this.o=b;this.|
|00001c70| 68 3d 63 7c 7c 6e 65 77 20 4d 62 28 5b 5d 29 3b |h=c||new Mb([]);|
|00001c80| 74 68 69 73 2e 41 3d 21 21 64 3b 62 3d 74 68 69 |this.A=!!d;b=thi|
|00001c90| 73 2e 68 3b 62 3d 30 5c 75 30 30 33 63 62 2e 61 |s.h;b=0\u003cb.a|
|00001ca0| 2e 6c 65 6e 67 74 68 3f 62 2e 61 5b 30 5d 2e 66 |.length?b.a[0].f|
|00001cb0| 3a 6e 75 6c 6c 3b 61 2e 4a 5c 75 30 30 32 36 5c |:null;a.J\u0026\|
|00001cc0| 75 30 30 32 36 62 5c 75 30 30 32 36 5c 75 30 30 |u0026b\u0026\u00|
|00001cd0| 32 36 28 61 3d 62 2e 6e 61 6d 65 2c 61 3d 78 3f |26(a=b.name,a=x?|
|00001ce0| 61 2e 74 6f 4c 6f 77 65 72 43 61 73 65 28 29 3a |a.toLowerCase():|
|00001cf0| 61 2c 74 68 69 73 2e 66 3d 7b 6e 61 6d 65 3a 61 |a,this.f={name:a|
|00001d00| 2c 75 3a 62 2e 75 7d 29 3b 61 3a 7b 61 3d 74 68 |,u:b.u});a:{a=th|
|00001d10| 69 73 2e 68 3b 66 6f 72 28 62 3d 30 3b 62 5c 75 |is.h;for(b=0;b\u|
|00001d20| 30 30 33 63 61 2e 61 2e 6c 65 6e 67 74 68 3b 62 |003ca.a.length;b|
|00001d30| 2b 2b 29 69 66 28 63 3d 61 2e 61 5b 62 5d 2c 63 |++)if(c=a.a[b],c|
|00001d40| 2e 67 7c 7c 31 3d 3d 63 2e 69 7c 7c 30 3d 3d 63 |.g||1==c.i||0==c|
|00001d50| 2e 69 29 7b 61 3d 21 30 3b 62 72 65 61 6b 20 61 |.i){a=!0;break a|
|00001d60| 7d 61 3d 21 31 7d 74 68 69 73 2e 67 3d 61 7d 6c |}a=!1}this.g=a}l|
|00001d70| 28 52 2c 4a 29 3b 5c 6e 52 2e 70 72 6f 74 6f 74 |(R,J);\nR.protot|
|00001d80| 79 70 65 2e 61 3d 66 75 6e 63 74 69 6f 6e 28 61 |ype.a=function(a|
|00001d90| 29 7b 76 61 72 20 62 3d 61 2e 61 2c 63 3d 74 68 |){var b=a.a,c=th|
|00001da0| 69 73 2e 66 2c 64 3d 6e 75 6c 6c 2c 65 3d 6e 75 |is.f,d=null,e=nu|
|00001db0| 6c 6c 2c 66 3d 30 3b 63 5c 75 30 30 32 36 5c 75 |ll,f=0;c\u0026\u|
|00001dc0| 30 30 32 36 28 64 3d 63 2e 6e 61 6d 65 2c 65 3d |0026(d=c.name,e=|
|00001dd0| 63 2e 75 3f 4f 28 63 2e 75 2c 61 29 3a 6e 75 6c |c.u?O(c.u,a):nul|
|00001de0| 6c 2c 66 3d 31 29 3b 69 66 28 74 68 69 73 2e 41 |l,f=1);if(this.A|
|00001df0| 29 69 66 28 74 68 69 73 2e 67 7c 7c 74 68 69 73 |)if(this.g||this|
|00001e00| 2e 63 21 3d 4e 62 29 69 66 28 62 3d 48 28 28 6e |.c!=Nb)if(b=H((n|
|00001e10| 65 77 20 52 28 4f 62 2c 6e 65 77 20 47 28 5c 22 |ew R(Ob,new G(\"|
|00001e20| 6e 6f 64 65 5c 22 29 29 29 2e 61 28 61 29 29 2c |node\"))).a(a)),|
|00001e30| 63 3d 49 28 62 29 29 66 6f 72 28 61 3d 74 68 69 |c=I(b))for(a=thi|
|00001e40| 73 2e 6d 28 63 2c 64 2c 65 2c 66 29 3b 6e 75 6c |s.m(c,d,e,f);nul|
|00001e50| 6c 21 3d 28 63 3d 49 28 62 29 29 3b 29 61 3d 6b |l!=(c=I(b));)a=k|
|00001e60| 62 28 61 2c 74 68 69 73 2e 6d 28 63 2c 64 2c 65 |b(a,this.m(c,d,e|
|00001e70| 2c 66 29 29 3b 65 6c 73 65 20 61 3d 6e 65 77 20 |,f));else a=new |
|00001e80| 45 3b 65 6c 73 65 20 61 3d 62 62 28 74 68 69 73 |E;else a=bb(this|
|00001e90| 2e 6f 2c 62 2c 64 2c 65 29 2c 61 3d 79 62 28 74 |.o,b,d,e),a=yb(t|
|00001ea0| 68 69 73 2e 68 2c 61 2c 66 29 3b 65 6c 73 65 20 |his.h,a,f);else |
|00001eb0| 61 3d 74 68 69 73 2e 6d 28 61 2e 61 2c 64 2c 65 |a=this.m(a.a,d,e|
|00001ec0| 2c 66 29 3b 72 65 74 75 72 6e 20 61 7d 3b 52 2e |,f);return a};R.|
|00001ed0| 70 72 6f 74 6f 74 79 70 65 2e 6d 3d 66 75 6e 63 |prototype.m=func|
|00001ee0| 74 69 6f 6e 28 61 2c 62 2c 63 2c 64 29 7b 61 3d |tion(a,b,c,d){a=|
|00001ef0| 74 68 69 73 2e 63 2e 76 28 74 68 69 73 2e 6f 2c |this.c.v(this.o,|
|00001f00| 61 2c 62 2c 63 29 3b 72 65 74 75 72 6e 20 61 3d |a,b,c);return a=|
|00001f10| 79 62 28 74 68 69 73 2e 68 2c 61 2c 64 29 7d 3b |yb(this.h,a,d)};|
|00001f20| 5c 6e 52 2e 70 72 6f 74 6f 74 79 70 65 2e 74 6f |\nR.prototype.to|
|00001f30| 53 74 72 69 6e 67 3d 66 75 6e 63 74 69 6f 6e 28 |String=function(|
|00001f40| 29 7b 76 61 72 20 61 3d 5c 22 53 74 65 70 3a 5c |){var a=\"Step:\|
|00001f50| 22 2b 4b 28 5c 22 4f 70 65 72 61 74 6f 72 3a 20 |"+K(\"Operator: |
|00001f60| 5c 22 2b 28 74 68 69 73 2e 41 3f 5c 22 5c 75 30 |\"+(this.A?\"\u0|
|00001f70| 30 32 66 5c 75 30 30 32 66 5c 22 3a 5c 22 5c 75 |02f\u002f\":\"\u|
|00001f80| 30 30 32 66 5c 22 29 29 3b 74 68 69 73 2e 63 2e |002f\"));this.c.|
|00001f90| 6a 5c 75 30 30 32 36 5c 75 30 30 32 36 28 61 2b |j\u0026\u0026(a+|
|00001fa0| 3d 4b 28 5c 22 41 78 69 73 3a 20 5c 22 2b 74 68 |=K(\"Axis: \"+th|
|00001fb0| 69 73 2e 63 29 29 3b 61 2b 3d 4b 28 74 68 69 73 |is.c));a+=K(this|
|00001fc0| 2e 6f 29 3b 69 66 28 74 68 69 73 2e 68 2e 61 2e |.o);if(this.h.a.|
|00001fd0| 6c 65 6e 67 74 68 29 7b 76 61 72 20 62 3d 6c 61 |length){var b=la|
|00001fe0| 28 74 68 69 73 2e 68 2e 61 2c 66 75 6e 63 74 69 |(this.h.a,functi|
|00001ff0| 6f 6e 28 63 2c 64 29 7b 72 65 74 75 72 6e 20 63 |on(c,d){return c|
+--------+-------------------------------------------------+----------------+
14:13:02.817 [AsyncHttpClient-1-8] TRACE i.n.handler.logging.LoggingHandler - [id: 0xa6657862, L:/127.0.0.1:64395 - R:localhost/127.0.0.1:53550] FLUSH
14:13:02.818 [AsyncHttpClient-1-8] TRACE i.n.handler.logging.LoggingHandler - [id: 0xa6657862, L:/127.0.0.1:64395 - R:localhost/127.0.0.1:53550] WRITE: 8192B
         +-------------------------------------------------+
         |  0  1  2  3  4  5  6  7  8  9  a  b  c  d  e  f |
+--------+-------------------------------------------------+----------------+
|00000000| 2b 4b 28 64 29 7d 2c 5c 22 50 72 65 64 69 63 61 |+K(d)},\"Predica|
|00000010| 74 65 73 3a 5c 22 29 3b 61 2b 3d 4b 28 62 29 7d |tes:\");a+=K(b)}|
|00000020| 72 65 74 75 72 6e 20 61 7d 3b 66 75 6e 63 74 69 |return a};functi|
|00000030| 6f 6e 20 50 62 28 61 2c 62 2c 63 2c 64 29 7b 74 |on Pb(a,b,c,d){t|
|00000040| 68 69 73 2e 6a 3d 61 3b 74 68 69 73 2e 76 3d 62 |his.j=a;this.v=b|
|00000050| 3b 74 68 69 73 2e 73 3d 63 3b 74 68 69 73 2e 4a |;this.s=c;this.J|
|00000060| 3d 64 7d 50 62 2e 70 72 6f 74 6f 74 79 70 65 2e |=d}Pb.prototype.|
|00000070| 74 6f 53 74 72 69 6e 67 3d 66 75 6e 63 74 69 6f |toString=functio|
|00000080| 6e 28 29 7b 72 65 74 75 72 6e 20 74 68 69 73 2e |n(){return this.|
|00000090| 6a 7d 3b 76 61 72 20 51 62 3d 7b 7d 3b 66 75 6e |j};var Qb={};fun|
|000000a0| 63 74 69 6f 6e 20 53 28 61 2c 62 2c 63 2c 64 29 |ction S(a,b,c,d)|
|000000b0| 7b 69 66 28 51 62 2e 68 61 73 4f 77 6e 50 72 6f |{if(Qb.hasOwnPro|
|000000c0| 70 65 72 74 79 28 61 29 29 74 68 72 6f 77 20 45 |perty(a))throw E|
|000000d0| 72 72 6f 72 28 5c 22 41 78 69 73 20 61 6c 72 65 |rror(\"Axis alre|
|000000e0| 61 64 79 20 63 72 65 61 74 65 64 3a 20 5c 22 2b |ady created: \"+|
|000000f0| 61 29 3b 62 3d 6e 65 77 20 50 62 28 61 2c 62 2c |a);b=new Pb(a,b,|
|00000100| 63 2c 21 21 64 29 3b 72 65 74 75 72 6e 20 51 62 |c,!!d);return Qb|
|00000110| 5b 61 5d 3d 62 7d 5c 6e 53 28 5c 22 61 6e 63 65 |[a]=b}\nS(\"ance|
|00000120| 73 74 6f 72 5c 22 2c 66 75 6e 63 74 69 6f 6e 28 |stor\",function(|
|00000130| 61 2c 62 29 7b 66 6f 72 28 76 61 72 20 63 3d 6e |a,b){for(var c=n|
|00000140| 65 77 20 45 3b 62 3d 62 2e 70 61 72 65 6e 74 4e |ew E;b=b.parentN|
|00000150| 6f 64 65 3b 29 61 2e 61 28 62 29 5c 75 30 30 32 |ode;)a.a(b)\u002|
|00000160| 36 5c 75 30 30 32 36 6c 62 28 63 2c 62 29 3b 72 |6\u0026lb(c,b);r|
|00000170| 65 74 75 72 6e 20 63 7d 2c 21 30 29 3b 53 28 5c |eturn c},!0);S(\|
|00000180| 22 61 6e 63 65 73 74 6f 72 2d 6f 72 2d 73 65 6c |"ancestor-or-sel|
|00000190| 66 5c 22 2c 66 75 6e 63 74 69 6f 6e 28 61 2c 62 |f\",function(a,b|
|000001a0| 29 7b 76 61 72 20 63 3d 6e 65 77 20 45 3b 64 6f |){var c=new E;do|
|000001b0| 20 61 2e 61 28 62 29 5c 75 30 30 32 36 5c 75 30 | a.a(b)\u0026\u0|
|000001c0| 30 32 36 6c 62 28 63 2c 62 29 3b 77 68 69 6c 65 |026lb(c,b);while|
|000001d0| 28 62 3d 62 2e 70 61 72 65 6e 74 4e 6f 64 65 29 |(b=b.parentNode)|
|000001e0| 3b 72 65 74 75 72 6e 20 63 7d 2c 21 30 29 3b 5c |;return c},!0);\|
|000001f0| 6e 76 61 72 20 47 62 3d 53 28 5c 22 61 74 74 72 |nvar Gb=S(\"attr|
|00000200| 69 62 75 74 65 5c 22 2c 66 75 6e 63 74 69 6f 6e |ibute\",function|
|00000210| 28 61 2c 62 29 7b 76 61 72 20 63 3d 6e 65 77 20 |(a,b){var c=new |
|00000220| 45 2c 64 3d 61 2e 66 28 29 3b 69 66 28 5c 22 73 |E,d=a.f();if(\"s|
|00000230| 74 79 6c 65 5c 22 3d 3d 64 5c 75 30 30 32 36 5c |tyle\"==d\u0026\|
|00000240| 75 30 30 32 36 78 5c 75 30 30 32 36 5c 75 30 30 |u0026x\u0026\u00|
|00000250| 32 36 62 2e 73 74 79 6c 65 29 72 65 74 75 72 6e |26b.style)return|
|00000260| 20 63 2e 61 64 64 28 6e 65 77 20 4e 61 28 62 2e | c.add(new Na(b.|
|00000270| 73 74 79 6c 65 2c 62 2c 5c 22 73 74 79 6c 65 5c |style,b,\"style\|
|00000280| 22 2c 62 2e 73 74 79 6c 65 2e 63 73 73 54 65 78 |",b.style.cssTex|
|00000290| 74 29 29 2c 63 3b 76 61 72 20 65 3d 62 2e 61 74 |t)),c;var e=b.at|
|000002a0| 74 72 69 62 75 74 65 73 3b 69 66 28 65 29 69 66 |tributes;if(e)if|
|000002b0| 28 61 20 69 6e 73 74 61 6e 63 65 6f 66 20 47 5c |(a instanceof G\|
|000002c0| 75 30 30 32 36 5c 75 30 30 32 36 6e 75 6c 6c 3d |u0026\u0026null=|
|000002d0| 3d 3d 61 2e 62 7c 7c 5c 22 2a 5c 22 3d 3d 64 29 |==a.b||\"*\"==d)|
|000002e0| 66 6f 72 28 61 3d 30 3b 64 3d 65 5b 61 5d 3b 61 |for(a=0;d=e[a];a|
|000002f0| 2b 2b 29 78 3f 64 2e 6e 6f 64 65 56 61 6c 75 65 |++)x?d.nodeValue|
|00000300| 5c 75 30 30 32 36 5c 75 30 30 32 36 63 2e 61 64 |\u0026\u0026c.ad|
|00000310| 64 28 4f 61 28 62 2c 64 29 29 3a 63 2e 61 64 64 |d(Oa(b,d)):c.add|
|00000320| 28 64 29 3b 65 6c 73 65 28 64 3d 65 2e 67 65 74 |(d);else(d=e.get|
|00000330| 4e 61 6d 65 64 49 74 65 6d 28 64 29 29 5c 75 30 |NamedItem(d))\u0|
|00000340| 30 32 36 5c 75 30 30 32 36 28 78 3f 64 2e 6e 6f |026\u0026(x?d.no|
|00000350| 64 65 56 61 6c 75 65 5c 75 30 30 32 36 5c 75 30 |deValue\u0026\u0|
|00000360| 30 32 36 63 2e 61 64 64 28 4f 61 28 62 2c 64 29 |026c.add(Oa(b,d)|
|00000370| 29 3a 63 2e 61 64 64 28 64 29 29 3b 72 65 74 75 |):c.add(d));retu|
|00000380| 72 6e 20 63 7d 2c 21 31 29 2c 4e 62 3d 53 28 5c |rn c},!1),Nb=S(\|
|00000390| 22 63 68 69 6c 64 5c 22 2c 66 75 6e 63 74 69 6f |"child\",functio|
|000003a0| 6e 28 61 2c 62 2c 63 2c 64 2c 65 29 7b 72 65 74 |n(a,b,c,d,e){ret|
|000003b0| 75 72 6e 28 78 3f 68 62 3a 69 62 29 2e 63 61 6c |urn(x?hb:ib).cal|
|000003c0| 6c 28 6e 75 6c 6c 2c 61 2c 62 2c 61 61 28 63 29 |l(null,a,b,aa(c)|
|000003d0| 3f 63 3a 6e 75 6c 6c 2c 61 61 28 64 29 3f 64 3a |?c:null,aa(d)?d:|
|000003e0| 6e 75 6c 6c 2c 65 7c 7c 6e 65 77 20 45 29 7d 2c |null,e||new E)},|
|000003f0| 21 31 2c 21 30 29 3b 53 28 5c 22 64 65 73 63 65 |!1,!0);S(\"desce|
|00000400| 6e 64 61 6e 74 5c 22 2c 62 62 2c 21 31 2c 21 30 |ndant\",bb,!1,!0|
|00000410| 29 3b 5c 6e 76 61 72 20 4f 62 3d 53 28 5c 22 64 |);\nvar Ob=S(\"d|
|00000420| 65 73 63 65 6e 64 61 6e 74 2d 6f 72 2d 73 65 6c |escendant-or-sel|
|00000430| 66 5c 22 2c 66 75 6e 63 74 69 6f 6e 28 61 2c 62 |f\",function(a,b|
|00000440| 2c 63 2c 64 29 7b 76 61 72 20 65 3d 6e 65 77 20 |,c,d){var e=new |
|00000450| 45 3b 43 28 62 2c 63 2c 64 29 5c 75 30 30 32 36 |E;C(b,c,d)\u0026|
|00000460| 5c 75 30 30 32 36 61 2e 61 28 62 29 5c 75 30 30 |\u0026a.a(b)\u00|
|00000470| 32 36 5c 75 30 30 32 36 65 2e 61 64 64 28 62 29 |26\u0026e.add(b)|
|00000480| 3b 72 65 74 75 72 6e 20 62 62 28 61 2c 62 2c 63 |;return bb(a,b,c|
|00000490| 2c 64 2c 65 29 7d 2c 21 31 2c 21 30 29 2c 4b 62 |,d,e)},!1,!0),Kb|
|000004a0| 3d 53 28 5c 22 66 6f 6c 6c 6f 77 69 6e 67 5c 22 |=S(\"following\"|
|000004b0| 2c 66 75 6e 63 74 69 6f 6e 28 61 2c 62 2c 63 2c |,function(a,b,c,|
|000004c0| 64 29 7b 76 61 72 20 65 3d 6e 65 77 20 45 3b 64 |d){var e=new E;d|
|000004d0| 6f 20 66 6f 72 28 76 61 72 20 66 3d 62 3b 66 3d |o for(var f=b;f=|
|000004e0| 66 2e 6e 65 78 74 53 69 62 6c 69 6e 67 3b 29 43 |f.nextSibling;)C|
|000004f0| 28 66 2c 63 2c 64 29 5c 75 30 30 32 36 5c 75 30 |(f,c,d)\u0026\u0|
|00000500| 30 32 36 61 2e 61 28 66 29 5c 75 30 30 32 36 5c |026a.a(f)\u0026\|
|00000510| 75 30 30 32 36 65 2e 61 64 64 28 66 29 2c 65 3d |u0026e.add(f),e=|
|00000520| 62 62 28 61 2c 66 2c 63 2c 64 2c 65 29 3b 77 68 |bb(a,f,c,d,e);wh|
|00000530| 69 6c 65 28 62 3d 62 2e 70 61 72 65 6e 74 4e 6f |ile(b=b.parentNo|
|00000540| 64 65 29 3b 72 65 74 75 72 6e 20 65 7d 2c 21 31 |de);return e},!1|
|00000550| 2c 21 30 29 3b 53 28 5c 22 66 6f 6c 6c 6f 77 69 |,!0);S(\"followi|
|00000560| 6e 67 2d 73 69 62 6c 69 6e 67 5c 22 2c 66 75 6e |ng-sibling\",fun|
|00000570| 63 74 69 6f 6e 28 61 2c 62 29 7b 66 6f 72 28 76 |ction(a,b){for(v|
|00000580| 61 72 20 63 3d 6e 65 77 20 45 3b 62 3d 62 2e 6e |ar c=new E;b=b.n|
|00000590| 65 78 74 53 69 62 6c 69 6e 67 3b 29 61 2e 61 28 |extSibling;)a.a(|
|000005a0| 62 29 5c 75 30 30 32 36 5c 75 30 30 32 36 63 2e |b)\u0026\u0026c.|
|000005b0| 61 64 64 28 62 29 3b 72 65 74 75 72 6e 20 63 7d |add(b);return c}|
|000005c0| 2c 21 31 29 3b 53 28 5c 22 6e 61 6d 65 73 70 61 |,!1);S(\"namespa|
|000005d0| 63 65 5c 22 2c 66 75 6e 63 74 69 6f 6e 28 29 7b |ce\",function(){|
|000005e0| 72 65 74 75 72 6e 20 6e 65 77 20 45 7d 2c 21 31 |return new E},!1|
|000005f0| 29 3b 5c 6e 76 61 72 20 52 62 3d 53 28 5c 22 70 |);\nvar Rb=S(\"p|
|00000600| 61 72 65 6e 74 5c 22 2c 66 75 6e 63 74 69 6f 6e |arent\",function|
|00000610| 28 61 2c 62 29 7b 76 61 72 20 63 3d 6e 65 77 20 |(a,b){var c=new |
|00000620| 45 3b 69 66 28 39 3d 3d 62 2e 6e 6f 64 65 54 79 |E;if(9==b.nodeTy|
|00000630| 70 65 29 72 65 74 75 72 6e 20 63 3b 69 66 28 32 |pe)return c;if(2|
|00000640| 3d 3d 62 2e 6e 6f 64 65 54 79 70 65 29 72 65 74 |==b.nodeType)ret|
|00000650| 75 72 6e 20 63 2e 61 64 64 28 62 2e 6f 77 6e 65 |urn c.add(b.owne|
|00000660| 72 45 6c 65 6d 65 6e 74 29 2c 63 3b 62 3d 62 2e |rElement),c;b=b.|
|00000670| 70 61 72 65 6e 74 4e 6f 64 65 3b 61 2e 61 28 62 |parentNode;a.a(b|
|00000680| 29 5c 75 30 30 32 36 5c 75 30 30 32 36 63 2e 61 |)\u0026\u0026c.a|
|00000690| 64 64 28 62 29 3b 72 65 74 75 72 6e 20 63 7d 2c |dd(b);return c},|
|000006a0| 21 31 29 2c 4c 62 3d 53 28 5c 22 70 72 65 63 65 |!1),Lb=S(\"prece|
|000006b0| 64 69 6e 67 5c 22 2c 66 75 6e 63 74 69 6f 6e 28 |ding\",function(|
|000006c0| 61 2c 62 2c 63 2c 64 29 7b 76 61 72 20 65 3d 6e |a,b,c,d){var e=n|
|000006d0| 65 77 20 45 2c 66 3d 5b 5d 3b 64 6f 20 66 2e 75 |ew E,f=[];do f.u|
|000006e0| 6e 73 68 69 66 74 28 62 29 3b 77 68 69 6c 65 28 |nshift(b);while(|
|000006f0| 62 3d 62 2e 70 61 72 65 6e 74 4e 6f 64 65 29 3b |b=b.parentNode);|
|00000700| 66 6f 72 28 76 61 72 20 67 3d 31 2c 68 3d 66 2e |for(var g=1,h=f.|
|00000710| 6c 65 6e 67 74 68 3b 67 5c 75 30 30 33 63 68 3b |length;g\u003ch;|
|00000720| 67 2b 2b 29 7b 76 61 72 20 6d 3d 5b 5d 3b 66 6f |g++){var m=[];fo|
|00000730| 72 28 62 3d 66 5b 67 5d 3b 62 3d 62 2e 70 72 65 |r(b=f[g];b=b.pre|
|00000740| 76 69 6f 75 73 53 69 62 6c 69 6e 67 3b 29 6d 2e |viousSibling;)m.|
|00000750| 75 6e 73 68 69 66 74 28 62 29 3b 66 6f 72 28 76 |unshift(b);for(v|
|00000760| 61 72 20 77 3d 30 2c 72 3d 6d 2e 6c 65 6e 67 74 |ar w=0,r=m.lengt|
|00000770| 68 3b 77 5c 75 30 30 33 63 72 3b 77 2b 2b 29 62 |h;w\u003cr;w++)b|
|00000780| 3d 6d 5b 77 5d 2c 43 28 62 2c 63 2c 64 29 5c 75 |=m[w],C(b,c,d)\u|
|00000790| 30 30 32 36 5c 75 30 30 32 36 61 2e 61 28 62 29 |0026\u0026a.a(b)|
|000007a0| 5c 75 30 30 32 36 5c 75 30 30 32 36 65 2e 61 64 |\u0026\u0026e.ad|
|000007b0| 64 28 62 29 2c 65 3d 62 62 28 61 2c 62 2c 63 2c |d(b),e=bb(a,b,c,|
|000007c0| 64 2c 65 29 7d 72 65 74 75 72 6e 20 65 7d 2c 21 |d,e)}return e},!|
|000007d0| 30 2c 21 30 29 3b 5c 6e 53 28 5c 22 70 72 65 63 |0,!0);\nS(\"prec|
|000007e0| 65 64 69 6e 67 2d 73 69 62 6c 69 6e 67 5c 22 2c |eding-sibling\",|
|000007f0| 66 75 6e 63 74 69 6f 6e 28 61 2c 62 29 7b 66 6f |function(a,b){fo|
|00000800| 72 28 76 61 72 20 63 3d 6e 65 77 20 45 3b 62 3d |r(var c=new E;b=|
|00000810| 62 2e 70 72 65 76 69 6f 75 73 53 69 62 6c 69 6e |b.previousSiblin|
|00000820| 67 3b 29 61 2e 61 28 62 29 5c 75 30 30 32 36 5c |g;)a.a(b)\u0026\|
|00000830| 75 30 30 32 36 6c 62 28 63 2c 62 29 3b 72 65 74 |u0026lb(c,b);ret|
|00000840| 75 72 6e 20 63 7d 2c 21 30 29 3b 76 61 72 20 53 |urn c},!0);var S|
|00000850| 62 3d 53 28 5c 22 73 65 6c 66 5c 22 2c 66 75 6e |b=S(\"self\",fun|
|00000860| 63 74 69 6f 6e 28 61 2c 62 29 7b 76 61 72 20 63 |ction(a,b){var c|
|00000870| 3d 6e 65 77 20 45 3b 61 2e 61 28 62 29 5c 75 30 |=new E;a.a(b)\u0|
|00000880| 30 32 36 5c 75 30 30 32 36 63 2e 61 64 64 28 62 |026\u0026c.add(b|
|00000890| 29 3b 72 65 74 75 72 6e 20 63 7d 2c 21 31 29 3b |);return c},!1);|
|000008a0| 66 75 6e 63 74 69 6f 6e 20 54 62 28 61 29 7b 4a |function Tb(a){J|
|000008b0| 2e 63 61 6c 6c 28 74 68 69 73 2c 31 29 3b 74 68 |.call(this,1);th|
|000008c0| 69 73 2e 63 3d 61 3b 74 68 69 73 2e 67 3d 61 2e |is.c=a;this.g=a.|
|000008d0| 67 3b 74 68 69 73 2e 62 3d 61 2e 62 7d 6c 28 54 |g;this.b=a.b}l(T|
|000008e0| 62 2c 4a 29 3b 54 62 2e 70 72 6f 74 6f 74 79 70 |b,J);Tb.prototyp|
|000008f0| 65 2e 61 3d 66 75 6e 63 74 69 6f 6e 28 61 29 7b |e.a=function(a){|
|00000900| 72 65 74 75 72 6e 2d 4e 28 74 68 69 73 2e 63 2c |return-N(this.c,|
|00000910| 61 29 7d 3b 54 62 2e 70 72 6f 74 6f 74 79 70 65 |a)};Tb.prototype|
|00000920| 2e 74 6f 53 74 72 69 6e 67 3d 66 75 6e 63 74 69 |.toString=functi|
|00000930| 6f 6e 28 29 7b 72 65 74 75 72 6e 5c 22 55 6e 61 |on(){return\"Una|
|00000940| 72 79 20 45 78 70 72 65 73 73 69 6f 6e 3a 20 2d |ry Expression: -|
|00000950| 5c 22 2b 4b 28 74 68 69 73 2e 63 29 7d 3b 66 75 |\"+K(this.c)};fu|
|00000960| 6e 63 74 69 6f 6e 20 55 62 28 61 29 7b 4a 2e 63 |nction Ub(a){J.c|
|00000970| 61 6c 6c 28 74 68 69 73 2c 34 29 3b 74 68 69 73 |all(this,4);this|
|00000980| 2e 63 3d 61 3b 70 62 28 74 68 69 73 2c 6d 61 28 |.c=a;pb(this,ma(|
|00000990| 74 68 69 73 2e 63 2c 66 75 6e 63 74 69 6f 6e 28 |this.c,function(|
|000009a0| 62 29 7b 72 65 74 75 72 6e 20 62 2e 67 7d 29 29 |b){return b.g}))|
|000009b0| 3b 71 62 28 74 68 69 73 2c 6d 61 28 74 68 69 73 |;qb(this,ma(this|
|000009c0| 2e 63 2c 66 75 6e 63 74 69 6f 6e 28 62 29 7b 72 |.c,function(b){r|
|000009d0| 65 74 75 72 6e 20 62 2e 62 7d 29 29 7d 6c 28 55 |eturn b.b}))}l(U|
|000009e0| 62 2c 4a 29 3b 55 62 2e 70 72 6f 74 6f 74 79 70 |b,J);Ub.prototyp|
|000009f0| 65 2e 61 3d 66 75 6e 63 74 69 6f 6e 28 61 29 7b |e.a=function(a){|
|00000a00| 76 61 72 20 62 3d 6e 65 77 20 45 3b 6e 28 74 68 |var b=new E;n(th|
|00000a10| 69 73 2e 63 2c 66 75 6e 63 74 69 6f 6e 28 63 29 |is.c,function(c)|
|00000a20| 7b 63 3d 63 2e 61 28 61 29 3b 69 66 28 21 28 63 |{c=c.a(a);if(!(c|
|00000a30| 20 69 6e 73 74 61 6e 63 65 6f 66 20 45 29 29 74 | instanceof E))t|
|00000a40| 68 72 6f 77 20 45 72 72 6f 72 28 5c 22 50 61 74 |hrow Error(\"Pat|
|00000a50| 68 20 65 78 70 72 65 73 73 69 6f 6e 20 6d 75 73 |h expression mus|
|00000a60| 74 20 65 76 61 6c 75 61 74 65 20 74 6f 20 4e 6f |t evaluate to No|
|00000a70| 64 65 53 65 74 2e 5c 22 29 3b 62 3d 6b 62 28 62 |deSet.\");b=kb(b|
|00000a80| 2c 63 29 7d 29 3b 72 65 74 75 72 6e 20 62 7d 3b |,c)});return b};|
|00000a90| 55 62 2e 70 72 6f 74 6f 74 79 70 65 2e 74 6f 53 |Ub.prototype.toS|
|00000aa0| 74 72 69 6e 67 3d 66 75 6e 63 74 69 6f 6e 28 29 |tring=function()|
|00000ab0| 7b 72 65 74 75 72 6e 20 6c 61 28 74 68 69 73 2e |{return la(this.|
|00000ac0| 63 2c 66 75 6e 63 74 69 6f 6e 28 61 2c 62 29 7b |c,function(a,b){|
|00000ad0| 72 65 74 75 72 6e 20 61 2b 4b 28 62 29 7d 2c 5c |return a+K(b)},\|
|00000ae0| 22 55 6e 69 6f 6e 20 45 78 70 72 65 73 73 69 6f |"Union Expressio|
|00000af0| 6e 3a 5c 22 29 7d 3b 66 75 6e 63 74 69 6f 6e 20 |n:\")};function |
|00000b00| 56 62 28 61 2c 62 29 7b 74 68 69 73 2e 61 3d 61 |Vb(a,b){this.a=a|
|00000b10| 3b 74 68 69 73 2e 62 3d 62 7d 66 75 6e 63 74 69 |;this.b=b}functi|
|00000b20| 6f 6e 20 59 62 28 61 29 7b 66 6f 72 28 76 61 72 |on Yb(a){for(var|
|00000b30| 20 62 2c 63 3d 5b 5d 3b 3b 29 7b 54 28 61 2c 5c | b,c=[];;){T(a,\|
|00000b40| 22 4d 69 73 73 69 6e 67 20 72 69 67 68 74 20 68 |"Missing right h|
|00000b50| 61 6e 64 20 73 69 64 65 20 6f 66 20 62 69 6e 61 |and side of bina|
|00000b60| 72 79 20 65 78 70 72 65 73 73 69 6f 6e 2e 5c 22 |ry expression.\"|
|00000b70| 29 3b 62 3d 5a 62 28 61 29 3b 76 61 72 20 64 3d |);b=Zb(a);var d=|
|00000b80| 7a 28 61 2e 61 29 3b 69 66 28 21 64 29 62 72 65 |z(a.a);if(!d)bre|
|00000b90| 61 6b 3b 76 61 72 20 65 3d 28 64 3d 77 62 5b 64 |ak;var e=(d=wb[d|
|00000ba0| 5d 7c 7c 6e 75 6c 6c 29 5c 75 30 30 32 36 5c 75 |]||null)\u0026\u|
|00000bb0| 30 30 32 36 64 2e 44 3b 69 66 28 21 65 29 7b 61 |0026d.D;if(!e){a|
|00000bc0| 2e 61 2e 61 2d 2d 3b 62 72 65 61 6b 7d 66 6f 72 |.a.a--;break}for|
|00000bd0| 28 3b 63 2e 6c 65 6e 67 74 68 5c 75 30 30 32 36 |(;c.length\u0026|
|00000be0| 5c 75 30 30 32 36 65 5c 75 30 30 33 63 3d 63 5b |\u0026e\u003c=c[|
|00000bf0| 63 2e 6c 65 6e 67 74 68 2d 31 5d 2e 44 3b 29 62 |c.length-1].D;)b|
|00000c00| 3d 6e 65 77 20 73 62 28 63 2e 70 6f 70 28 29 2c |=new sb(c.pop(),|
|00000c10| 63 2e 70 6f 70 28 29 2c 62 29 3b 63 2e 70 75 73 |c.pop(),b);c.pus|
|00000c20| 68 28 62 2c 64 29 7d 66 6f 72 28 3b 63 2e 6c 65 |h(b,d)}for(;c.le|
|00000c30| 6e 67 74 68 3b 29 62 3d 6e 65 77 20 73 62 28 63 |ngth;)b=new sb(c|
|00000c40| 2e 70 6f 70 28 29 2c 63 2e 70 6f 70 28 29 2c 62 |.pop(),c.pop(),b|
|00000c50| 29 3b 72 65 74 75 72 6e 20 62 7d 66 75 6e 63 74 |);return b}funct|
|00000c60| 69 6f 6e 20 54 28 61 2c 62 29 7b 69 66 28 54 61 |ion T(a,b){if(Ta|
|00000c70| 28 61 2e 61 29 29 74 68 72 6f 77 20 45 72 72 6f |(a.a))throw Erro|
|00000c80| 72 28 62 29 3b 7d 66 75 6e 63 74 69 6f 6e 20 24 |r(b);}function $|
|00000c90| 62 28 61 2c 62 29 7b 61 3d 7a 28 61 2e 61 29 3b |b(a,b){a=z(a.a);|
|00000ca0| 69 66 28 61 21 3d 62 29 74 68 72 6f 77 20 45 72 |if(a!=b)throw Er|
|00000cb0| 72 6f 72 28 5c 22 42 61 64 20 74 6f 6b 65 6e 2c |ror(\"Bad token,|
|00000cc0| 20 65 78 70 65 63 74 65 64 3a 20 5c 22 2b 62 2b | expected: \"+b+|
|00000cd0| 5c 22 20 67 6f 74 3a 20 5c 22 2b 61 29 3b 7d 5c |\" got: \"+a);}\|
|00000ce0| 6e 66 75 6e 63 74 69 6f 6e 20 61 63 28 61 29 7b |nfunction ac(a){|
|00000cf0| 61 3d 7a 28 61 2e 61 29 3b 69 66 28 5c 22 29 5c |a=z(a.a);if(\")\|
|00000d00| 22 21 3d 61 29 74 68 72 6f 77 20 45 72 72 6f 72 |"!=a)throw Error|
|00000d10| 28 5c 22 42 61 64 20 74 6f 6b 65 6e 3a 20 5c 22 |(\"Bad token: \"|
|00000d20| 2b 61 29 3b 7d 66 75 6e 63 74 69 6f 6e 20 62 63 |+a);}function bc|
|00000d30| 28 61 29 7b 61 3d 7a 28 61 2e 61 29 3b 69 66 28 |(a){a=z(a.a);if(|
|00000d40| 32 3e 61 2e 6c 65 6e 67 74 68 29 74 68 72 6f 77 |2>a.length)throw|
|00000d50| 20 45 72 72 6f 72 28 5c 22 55 6e 63 6c 6f 73 65 | Error(\"Unclose|
|00000d60| 64 20 6c 69 74 65 72 61 6c 20 73 74 72 69 6e 67 |d literal string|
|00000d70| 5c 22 29 3b 72 65 74 75 72 6e 20 6e 65 77 20 44 |\");return new D|
|00000d80| 62 28 61 29 7d 5c 6e 66 75 6e 63 74 69 6f 6e 20 |b(a)}\nfunction |
|00000d90| 63 63 28 61 29 7b 76 61 72 20 62 3d 5b 5d 3b 69 |cc(a){var b=[];i|
|00000da0| 66 28 4a 62 28 79 28 61 2e 61 29 29 29 7b 76 61 |f(Jb(y(a.a))){va|
|00000db0| 72 20 63 3d 7a 28 61 2e 61 29 3b 76 61 72 20 64 |r c=z(a.a);var d|
|00000dc0| 3d 79 28 61 2e 61 29 3b 69 66 28 5c 22 5c 75 30 |=y(a.a);if(\"\u0|
|00000dd0| 30 32 66 5c 22 3d 3d 63 5c 75 30 30 32 36 5c 75 |02f\"==c\u0026\u|
|00000de0| 30 30 32 36 28 54 61 28 61 2e 61 29 7c 7c 5c 22 |0026(Ta(a.a)||\"|
|00000df0| 2e 5c 22 21 3d 64 5c 75 30 30 32 36 5c 75 30 30 |.\"!=d\u0026\u00|
|00000e00| 32 36 5c 22 2e 2e 5c 22 21 3d 64 5c 75 30 30 32 |26\"..\"!=d\u002|
|00000e10| 36 5c 75 30 30 32 36 5c 22 40 5c 22 21 3d 64 5c |6\u0026\"@\"!=d\|
|00000e20| 75 30 30 32 36 5c 75 30 30 32 36 5c 22 2a 5c 22 |u0026\u0026\"*\"|
|00000e30| 21 3d 64 5c 75 30 30 32 36 5c 75 30 30 32 36 21 |!=d\u0026\u0026!|
|00000e40| 5c 75 30 30 32 66 28 3f 21 5b 30 2d 39 5d 29 5b |\u002f(?![0-9])[|
|00000e50| 5c 5c 77 5d 5c 75 30 30 32 66 2e 74 65 73 74 28 |\\w]\u002f.test(|
|00000e60| 64 29 29 29 72 65 74 75 72 6e 20 6e 65 77 20 48 |d)))return new H|
|00000e70| 62 3b 64 3d 6e 65 77 20 48 62 3b 54 28 61 2c 5c |b;d=new Hb;T(a,\|
|00000e80| 22 4d 69 73 73 69 6e 67 20 6e 65 78 74 20 6c 6f |"Missing next lo|
|00000e90| 63 61 74 69 6f 6e 20 73 74 65 70 2e 5c 22 29 3b |cation step.\");|
|00000ea0| 63 3d 64 63 28 61 2c 63 29 3b 62 2e 70 75 73 68 |c=dc(a,c);b.push|
|00000eb0| 28 63 29 7d 65 6c 73 65 7b 61 3a 7b 63 3d 79 28 |(c)}else{a:{c=y(|
|00000ec0| 61 2e 61 29 3b 64 3d 63 2e 63 68 61 72 41 74 28 |a.a);d=c.charAt(|
|00000ed0| 30 29 3b 73 77 69 74 63 68 28 64 29 7b 63 61 73 |0);switch(d){cas|
|00000ee0| 65 20 5c 22 24 5c 22 3a 74 68 72 6f 77 20 45 72 |e \"$\":throw Er|
|00000ef0| 72 6f 72 28 5c 22 56 61 72 69 61 62 6c 65 20 72 |ror(\"Variable r|
|00000f00| 65 66 65 72 65 6e 63 65 20 6e 6f 74 20 61 6c 6c |eference not all|
|00000f10| 6f 77 65 64 20 69 6e 20 48 54 4d 4c 20 58 50 61 |owed in HTML XPa|
|00000f20| 74 68 5c 22 29 3b 63 61 73 65 20 5c 22 28 5c 22 |th\");case \"(\"|
|00000f30| 3a 7a 28 61 2e 61 29 3b 63 3d 59 62 28 61 29 3b |:z(a.a);c=Yb(a);|
|00000f40| 54 28 61 2c 27 75 6e 63 6c 6f 73 65 64 20 5c 22 |T(a,'unclosed \"|
|00000f50| 28 5c 22 27 29 3b 24 62 28 61 2c 5c 22 29 5c 22 |(\"');$b(a,\")\"|
|00000f60| 29 3b 62 72 65 61 6b 3b 63 61 73 65 20 27 5c 22 |);break;case '\"|
|00000f70| 27 3a 63 61 73 65 20 5c 22 27 5c 22 3a 63 3d 62 |':case \"'\":c=b|
|00000f80| 63 28 61 29 3b 62 72 65 61 6b 3b 64 65 66 61 75 |c(a);break;defau|
|00000f90| 6c 74 3a 69 66 28 69 73 4e 61 4e 28 2b 63 29 29 |lt:if(isNaN(+c))|
|00000fa0| 69 66 28 21 43 62 28 63 29 5c 75 30 30 32 36 5c |if(!Cb(c)\u0026\|
|00000fb0| 75 30 30 32 36 5c 75 30 30 32 66 28 3f 21 5b 30 |u0026\u002f(?![0|
|00000fc0| 2d 39 5d 29 5b 5c 5c 77 5d 5c 75 30 30 32 66 2e |-9])[\\w]\u002f.|
|00000fd0| 74 65 73 74 28 64 29 5c 75 30 30 32 36 5c 75 30 |test(d)\u0026\u0|
|00000fe0| 30 32 36 5c 22 28 5c 22 3d 3d 79 28 61 2e 61 2c |026\"(\"==y(a.a,|
|00000ff0| 31 29 29 7b 63 3d 7a 28 61 2e 61 29 3b 5c 6e 63 |1)){c=z(a.a);\nc|
|00001000| 3d 42 62 5b 63 5d 7c 7c 6e 75 6c 6c 3b 7a 28 61 |=Bb[c]||null;z(a|
|00001010| 2e 61 29 3b 66 6f 72 28 64 3d 5b 5d 3b 5c 22 29 |.a);for(d=[];\")|
|00001020| 5c 22 21 3d 79 28 61 2e 61 29 3b 29 7b 54 28 61 |\"!=y(a.a);){T(a|
|00001030| 2c 5c 22 4d 69 73 73 69 6e 67 20 66 75 6e 63 74 |,\"Missing funct|
|00001040| 69 6f 6e 20 61 72 67 75 6d 65 6e 74 20 6c 69 73 |ion argument lis|
|00001050| 74 2e 5c 22 29 3b 64 2e 70 75 73 68 28 59 62 28 |t.\");d.push(Yb(|
|00001060| 61 29 29 3b 69 66 28 5c 22 2c 5c 22 21 3d 79 28 |a));if(\",\"!=y(|
|00001070| 61 2e 61 29 29 62 72 65 61 6b 3b 7a 28 61 2e 61 |a.a))break;z(a.a|
|00001080| 29 7d 54 28 61 2c 5c 22 55 6e 63 6c 6f 73 65 64 |)}T(a,\"Unclosed|
|00001090| 20 66 75 6e 63 74 69 6f 6e 20 61 72 67 75 6d 65 | function argume|
|000010a0| 6e 74 20 6c 69 73 74 2e 5c 22 29 3b 61 63 28 61 |nt list.\");ac(a|
|000010b0| 29 3b 63 3d 6e 65 77 20 7a 62 28 63 2c 64 29 7d |);c=new zb(c,d)}|
|000010c0| 65 6c 73 65 7b 63 3d 6e 75 6c 6c 3b 62 72 65 61 |else{c=null;brea|
|000010d0| 6b 20 61 7d 65 6c 73 65 20 63 3d 6e 65 77 20 45 |k a}else c=new E|
|000010e0| 62 28 2b 7a 28 61 2e 61 29 29 7d 5c 22 5b 5c 22 |b(+z(a.a))}\"[\"|
|000010f0| 3d 3d 79 28 61 2e 61 29 5c 75 30 30 32 36 5c 75 |==y(a.a)\u0026\u|
|00001100| 30 30 32 36 28 64 3d 6e 65 77 20 4d 62 28 65 63 |0026(d=new Mb(ec|
|00001110| 28 61 29 29 2c 63 3d 6e 65 77 20 78 62 28 63 2c |(a)),c=new xb(c,|
|00001120| 64 29 29 7d 69 66 28 63 29 69 66 28 4a 62 28 79 |d))}if(c)if(Jb(y|
|00001130| 28 61 2e 61 29 29 29 64 3d 63 3b 65 6c 73 65 20 |(a.a)))d=c;else |
|00001140| 72 65 74 75 72 6e 20 63 3b 65 6c 73 65 20 63 3d |return c;else c=|
|00001150| 64 63 28 61 2c 5c 22 5c 75 30 30 32 66 5c 22 29 |dc(a,\"\u002f\")|
|00001160| 2c 64 3d 6e 65 77 20 49 62 2c 62 2e 70 75 73 68 |,d=new Ib,b.push|
|00001170| 28 63 29 7d 66 6f 72 28 3b 4a 62 28 79 28 61 2e |(c)}for(;Jb(y(a.|
|00001180| 61 29 29 3b 29 63 3d 7a 28 61 2e 61 29 2c 54 28 |a));)c=z(a.a),T(|
|00001190| 61 2c 5c 22 4d 69 73 73 69 6e 67 20 6e 65 78 74 |a,\"Missing next|
|000011a0| 20 6c 6f 63 61 74 69 6f 6e 20 73 74 65 70 2e 5c | location step.\|
|000011b0| 22 29 2c 63 3d 64 63 28 61 2c 63 29 2c 62 2e 70 |"),c=dc(a,c),b.p|
|000011c0| 75 73 68 28 63 29 3b 72 65 74 75 72 6e 20 6e 65 |ush(c);return ne|
|000011d0| 77 20 46 62 28 64 2c 62 29 7d 5c 6e 66 75 6e 63 |w Fb(d,b)}\nfunc|
|000011e0| 74 69 6f 6e 20 64 63 28 61 2c 62 29 7b 69 66 28 |tion dc(a,b){if(|
|000011f0| 5c 22 5c 75 30 30 32 66 5c 22 21 3d 62 5c 75 30 |\"\u002f\"!=b\u0|
|00001200| 30 32 36 5c 75 30 30 32 36 5c 22 5c 75 30 30 32 |026\u0026\"\u002|
|00001210| 66 5c 75 30 30 32 66 5c 22 21 3d 62 29 74 68 72 |f\u002f\"!=b)thr|
|00001220| 6f 77 20 45 72 72 6f 72 28 27 53 74 65 70 20 6f |ow Error('Step o|
|00001230| 70 20 73 68 6f 75 6c 64 20 62 65 20 5c 22 5c 75 |p should be \"\u|
|00001240| 30 30 32 66 5c 22 20 6f 72 20 5c 22 5c 75 30 30 |002f\" or \"\u00|
|00001250| 32 66 5c 75 30 30 32 66 5c 22 27 29 3b 69 66 28 |2f\u002f\"');if(|
|00001260| 5c 22 2e 5c 22 3d 3d 79 28 61 2e 61 29 29 7b 76 |\".\"==y(a.a)){v|
|00001270| 61 72 20 63 3d 6e 65 77 20 52 28 53 62 2c 6e 65 |ar c=new R(Sb,ne|
|00001280| 77 20 47 28 5c 22 6e 6f 64 65 5c 22 29 29 3b 7a |w G(\"node\"));z|
|00001290| 28 61 2e 61 29 3b 72 65 74 75 72 6e 20 63 7d 69 |(a.a);return c}i|
|000012a0| 66 28 5c 22 2e 2e 5c 22 3d 3d 79 28 61 2e 61 29 |f(\"..\"==y(a.a)|
|000012b0| 29 72 65 74 75 72 6e 20 63 3d 6e 65 77 20 52 28 |)return c=new R(|
|000012c0| 52 62 2c 6e 65 77 20 47 28 5c 22 6e 6f 64 65 5c |Rb,new G(\"node\|
|000012d0| 22 29 29 2c 7a 28 61 2e 61 29 2c 63 3b 69 66 28 |")),z(a.a),c;if(|
|000012e0| 5c 22 40 5c 22 3d 3d 79 28 61 2e 61 29 29 7b 76 |\"@\"==y(a.a)){v|
|000012f0| 61 72 20 64 3d 47 62 3b 7a 28 61 2e 61 29 3b 54 |ar d=Gb;z(a.a);T|
|00001300| 28 61 2c 5c 22 4d 69 73 73 69 6e 67 20 61 74 74 |(a,\"Missing att|
|00001310| 72 69 62 75 74 65 20 6e 61 6d 65 5c 22 29 7d 65 |ribute name\")}e|
|00001320| 6c 73 65 20 69 66 28 5c 22 3a 3a 5c 22 3d 3d 79 |lse if(\"::\"==y|
|00001330| 28 61 2e 61 2c 31 29 29 7b 69 66 28 21 5c 75 30 |(a.a,1)){if(!\u0|
|00001340| 30 32 66 28 3f 21 5b 30 2d 39 5d 29 5b 5c 5c 77 |02f(?![0-9])[\\w|
|00001350| 5d 5c 75 30 30 32 66 2e 74 65 73 74 28 79 28 61 |]\u002f.test(y(a|
|00001360| 2e 61 29 2e 63 68 61 72 41 74 28 30 29 29 29 74 |.a).charAt(0)))t|
|00001370| 68 72 6f 77 20 45 72 72 6f 72 28 5c 22 42 61 64 |hrow Error(\"Bad|
|00001380| 20 74 6f 6b 65 6e 3a 20 5c 22 2b 7a 28 61 2e 61 | token: \"+z(a.a|
|00001390| 29 29 3b 76 61 72 20 65 3d 7a 28 61 2e 61 29 3b |));var e=z(a.a);|
|000013a0| 64 3d 51 62 5b 65 5d 7c 7c 6e 75 6c 6c 3b 69 66 |d=Qb[e]||null;if|
|000013b0| 28 21 64 29 74 68 72 6f 77 20 45 72 72 6f 72 28 |(!d)throw Error(|
|000013c0| 5c 22 4e 6f 20 61 78 69 73 20 77 69 74 68 20 6e |\"No axis with n|
|000013d0| 61 6d 65 3a 20 5c 22 2b 65 29 3b 7a 28 61 2e 61 |ame: \"+e);z(a.a|
|000013e0| 29 3b 54 28 61 2c 5c 22 4d 69 73 73 69 6e 67 20 |);T(a,\"Missing |
|000013f0| 6e 6f 64 65 20 6e 61 6d 65 5c 22 29 7d 65 6c 73 |node name\")}els|
|00001400| 65 20 64 3d 4e 62 3b 65 3d 79 28 61 2e 61 29 3b |e d=Nb;e=y(a.a);|
|00001410| 69 66 28 5c 75 30 30 32 66 28 3f 21 5b 30 2d 39 |if(\u002f(?![0-9|
|00001420| 5d 29 5b 5c 5c 77 5c 5c 2a 5d 5c 75 30 30 32 66 |])[\\w\\*]\u002f|
|00001430| 2e 74 65 73 74 28 65 2e 63 68 61 72 41 74 28 30 |.test(e.charAt(0|
|00001440| 29 29 29 69 66 28 5c 22 28 5c 22 3d 3d 5c 6e 79 |)))if(\"(\"==\ny|
|00001450| 28 61 2e 61 2c 31 29 29 7b 69 66 28 21 43 62 28 |(a.a,1)){if(!Cb(|
|00001460| 65 29 29 74 68 72 6f 77 20 45 72 72 6f 72 28 5c |e))throw Error(\|
|00001470| 22 49 6e 76 61 6c 69 64 20 6e 6f 64 65 20 74 79 |"Invalid node ty|
|00001480| 70 65 3a 20 5c 22 2b 65 29 3b 65 3d 7a 28 61 2e |pe: \"+e);e=z(a.|
|00001490| 61 29 3b 69 66 28 21 43 62 28 65 29 29 74 68 72 |a);if(!Cb(e))thr|
|000014a0| 6f 77 20 45 72 72 6f 72 28 5c 22 49 6e 76 61 6c |ow Error(\"Inval|
|000014b0| 69 64 20 74 79 70 65 20 6e 61 6d 65 3a 20 5c 22 |id type name: \"|
|000014c0| 2b 65 29 3b 24 62 28 61 2c 5c 22 28 5c 22 29 3b |+e);$b(a,\"(\");|
|000014d0| 54 28 61 2c 5c 22 42 61 64 20 6e 6f 64 65 74 79 |T(a,\"Bad nodety|
|000014e0| 70 65 5c 22 29 3b 76 61 72 20 66 3d 79 28 61 2e |pe\");var f=y(a.|
|000014f0| 61 29 2e 63 68 61 72 41 74 28 30 29 2c 67 3d 6e |a).charAt(0),g=n|
|00001500| 75 6c 6c 3b 69 66 28 27 5c 22 27 3d 3d 66 7c 7c |ull;if('\"'==f|||
|00001510| 5c 22 27 5c 22 3d 3d 66 29 67 3d 62 63 28 61 29 |\"'\"==f)g=bc(a)|
|00001520| 3b 54 28 61 2c 5c 22 42 61 64 20 6e 6f 64 65 74 |;T(a,\"Bad nodet|
|00001530| 79 70 65 5c 22 29 3b 61 63 28 61 29 3b 65 3d 6e |ype\");ac(a);e=n|
|00001540| 65 77 20 47 28 65 2c 67 29 7d 65 6c 73 65 20 69 |ew G(e,g)}else i|
|00001550| 66 28 65 3d 7a 28 61 2e 61 29 2c 66 3d 65 2e 69 |f(e=z(a.a),f=e.i|
|00001560| 6e 64 65 78 4f 66 28 5c 22 3a 5c 22 29 2c 2d 31 |ndexOf(\":\"),-1|
|00001570| 3d 3d 66 29 65 3d 6e 65 77 20 46 28 65 29 3b 65 |==f)e=new F(e);e|
|00001580| 6c 73 65 7b 67 3d 65 2e 73 75 62 73 74 72 69 6e |lse{g=e.substrin|
|00001590| 67 28 30 2c 66 29 3b 69 66 28 5c 22 2a 5c 22 3d |g(0,f);if(\"*\"=|
|000015a0| 3d 67 29 76 61 72 20 68 3d 5c 22 2a 5c 22 3b 65 |=g)var h=\"*\";e|
|000015b0| 6c 73 65 20 69 66 28 68 3d 61 2e 62 28 67 29 2c |lse if(h=a.b(g),|
|000015c0| 21 68 29 74 68 72 6f 77 20 45 72 72 6f 72 28 5c |!h)throw Error(\|
|000015d0| 22 4e 61 6d 65 73 70 61 63 65 20 70 72 65 66 69 |"Namespace prefi|
|000015e0| 78 20 6e 6f 74 20 64 65 63 6c 61 72 65 64 3a 20 |x not declared: |
|000015f0| 5c 22 2b 67 29 3b 65 3d 65 2e 73 75 62 73 74 72 |\"+g);e=e.substr|
|00001600| 28 66 2b 31 29 3b 65 3d 6e 65 77 20 46 28 65 2c |(f+1);e=new F(e,|
|00001610| 68 29 7d 65 6c 73 65 20 74 68 72 6f 77 20 45 72 |h)}else throw Er|
|00001620| 72 6f 72 28 5c 22 42 61 64 20 74 6f 6b 65 6e 3a |ror(\"Bad token:|
|00001630| 20 5c 22 2b 7a 28 61 2e 61 29 29 3b 61 3d 6e 65 | \"+z(a.a));a=ne|
|00001640| 77 20 4d 62 28 65 63 28 61 29 2c 64 2e 73 29 3b |w Mb(ec(a),d.s);|
|00001650| 72 65 74 75 72 6e 20 63 7c 7c 6e 65 77 20 52 28 |return c||new R(|
|00001660| 64 2c 5c 6e 65 2c 61 2c 5c 22 5c 75 30 30 32 66 |d,\ne,a,\"\u002f|
|00001670| 5c 75 30 30 32 66 5c 22 3d 3d 62 29 7d 66 75 6e |\u002f\"==b)}fun|
|00001680| 63 74 69 6f 6e 20 65 63 28 61 29 7b 66 6f 72 28 |ction ec(a){for(|
|00001690| 76 61 72 20 62 3d 5b 5d 3b 5c 22 5b 5c 22 3d 3d |var b=[];\"[\"==|
|000016a0| 79 28 61 2e 61 29 3b 29 7b 7a 28 61 2e 61 29 3b |y(a.a);){z(a.a);|
|000016b0| 54 28 61 2c 5c 22 4d 69 73 73 69 6e 67 20 70 72 |T(a,\"Missing pr|
|000016c0| 65 64 69 63 61 74 65 20 65 78 70 72 65 73 73 69 |edicate expressi|
|000016d0| 6f 6e 2e 5c 22 29 3b 76 61 72 20 63 3d 59 62 28 |on.\");var c=Yb(|
|000016e0| 61 29 3b 62 2e 70 75 73 68 28 63 29 3b 54 28 61 |a);b.push(c);T(a|
|000016f0| 2c 5c 22 55 6e 63 6c 6f 73 65 64 20 70 72 65 64 |,\"Unclosed pred|
|00001700| 69 63 61 74 65 20 65 78 70 72 65 73 73 69 6f 6e |icate expression|
|00001710| 2e 5c 22 29 3b 24 62 28 61 2c 5c 22 5d 5c 22 29 |.\");$b(a,\"]\")|
|00001720| 7d 72 65 74 75 72 6e 20 62 7d 66 75 6e 63 74 69 |}return b}functi|
|00001730| 6f 6e 20 5a 62 28 61 29 7b 69 66 28 5c 22 2d 5c |on Zb(a){if(\"-\|
|00001740| 22 3d 3d 79 28 61 2e 61 29 29 72 65 74 75 72 6e |"==y(a.a))return|
|00001750| 20 7a 28 61 2e 61 29 2c 6e 65 77 20 54 62 28 5a | z(a.a),new Tb(Z|
|00001760| 62 28 61 29 29 3b 76 61 72 20 62 3d 63 63 28 61 |b(a));var b=cc(a|
|00001770| 29 3b 69 66 28 5c 22 7c 5c 22 21 3d 79 28 61 2e |);if(\"|\"!=y(a.|
|00001780| 61 29 29 61 3d 62 3b 65 6c 73 65 7b 66 6f 72 28 |a))a=b;else{for(|
|00001790| 62 3d 5b 62 5d 3b 5c 22 7c 5c 22 3d 3d 7a 28 61 |b=[b];\"|\"==z(a|
|000017a0| 2e 61 29 3b 29 54 28 61 2c 5c 22 4d 69 73 73 69 |.a);)T(a,\"Missi|
|000017b0| 6e 67 20 6e 65 78 74 20 75 6e 69 6f 6e 20 6c 6f |ng next union lo|
|000017c0| 63 61 74 69 6f 6e 20 70 61 74 68 2e 5c 22 29 2c |cation path.\"),|
|000017d0| 62 2e 70 75 73 68 28 63 63 28 61 29 29 3b 61 2e |b.push(cc(a));a.|
|000017e0| 61 2e 61 2d 2d 3b 61 3d 6e 65 77 20 55 62 28 62 |a.a--;a=new Ub(b|
|000017f0| 29 7d 72 65 74 75 72 6e 20 61 7d 3b 66 75 6e 63 |)}return a};func|
|00001800| 74 69 6f 6e 20 66 63 28 61 29 7b 73 77 69 74 63 |tion fc(a){switc|
|00001810| 68 28 61 2e 6e 6f 64 65 54 79 70 65 29 7b 63 61 |h(a.nodeType){ca|
|00001820| 73 65 20 31 3a 72 65 74 75 72 6e 20 68 61 28 67 |se 1:return ha(g|
|00001830| 63 2c 61 29 3b 63 61 73 65 20 39 3a 72 65 74 75 |c,a);case 9:retu|
|00001840| 72 6e 20 66 63 28 61 2e 64 6f 63 75 6d 65 6e 74 |rn fc(a.document|
|00001850| 45 6c 65 6d 65 6e 74 29 3b 63 61 73 65 20 31 31 |Element);case 11|
|00001860| 3a 63 61 73 65 20 31 30 3a 63 61 73 65 20 36 3a |:case 10:case 6:|
|00001870| 63 61 73 65 20 31 32 3a 72 65 74 75 72 6e 20 68 |case 12:return h|
|00001880| 63 3b 64 65 66 61 75 6c 74 3a 72 65 74 75 72 6e |c;default:return|
|00001890| 20 61 2e 70 61 72 65 6e 74 4e 6f 64 65 3f 66 63 | a.parentNode?fc|
|000018a0| 28 61 2e 70 61 72 65 6e 74 4e 6f 64 65 29 3a 68 |(a.parentNode):h|
|000018b0| 63 7d 7d 66 75 6e 63 74 69 6f 6e 20 68 63 28 29 |c}}function hc()|
|000018c0| 7b 72 65 74 75 72 6e 20 6e 75 6c 6c 7d 66 75 6e |{return null}fun|
|000018d0| 63 74 69 6f 6e 20 67 63 28 61 2c 62 29 7b 69 66 |ction gc(a,b){if|
|000018e0| 28 61 2e 70 72 65 66 69 78 3d 3d 62 29 72 65 74 |(a.prefix==b)ret|
|000018f0| 75 72 6e 20 61 2e 6e 61 6d 65 73 70 61 63 65 55 |urn a.namespaceU|
|00001900| 52 49 7c 7c 5c 22 68 74 74 70 3a 5c 75 30 30 32 |RI||\"http:\u002|
|00001910| 66 5c 75 30 30 32 66 77 77 77 2e 77 33 2e 6f 72 |f\u002fwww.w3.or|
|00001920| 67 5c 75 30 30 32 66 31 39 39 39 5c 75 30 30 32 |g\u002f1999\u002|
|00001930| 66 78 68 74 6d 6c 5c 22 3b 76 61 72 20 63 3d 61 |fxhtml\";var c=a|
|00001940| 2e 67 65 74 41 74 74 72 69 62 75 74 65 4e 6f 64 |.getAttributeNod|
|00001950| 65 28 5c 22 78 6d 6c 6e 73 3a 5c 22 2b 62 29 3b |e(\"xmlns:\"+b);|
|00001960| 72 65 74 75 72 6e 20 63 5c 75 30 30 32 36 5c 75 |return c\u0026\u|
|00001970| 30 30 32 36 63 2e 73 70 65 63 69 66 69 65 64 3f |0026c.specified?|
|00001980| 63 2e 76 61 6c 75 65 7c 7c 6e 75 6c 6c 3a 61 2e |c.value||null:a.|
|00001990| 70 61 72 65 6e 74 4e 6f 64 65 5c 75 30 30 32 36 |parentNode\u0026|
|000019a0| 5c 75 30 30 32 36 39 21 3d 61 2e 70 61 72 65 6e |\u00269!=a.paren|
|000019b0| 74 4e 6f 64 65 2e 6e 6f 64 65 54 79 70 65 3f 67 |tNode.nodeType?g|
|000019c0| 63 28 61 2e 70 61 72 65 6e 74 4e 6f 64 65 2c 62 |c(a.parentNode,b|
|000019d0| 29 3a 6e 75 6c 6c 7d 3b 66 75 6e 63 74 69 6f 6e |):null};function|
|000019e0| 20 69 63 28 61 2c 62 29 7b 69 66 28 21 61 2e 6c | ic(a,b){if(!a.l|
|000019f0| 65 6e 67 74 68 29 74 68 72 6f 77 20 45 72 72 6f |ength)throw Erro|
|00001a00| 72 28 5c 22 45 6d 70 74 79 20 58 50 61 74 68 20 |r(\"Empty XPath |
|00001a10| 65 78 70 72 65 73 73 69 6f 6e 2e 5c 22 29 3b 61 |expression.\");a|
|00001a20| 3d 51 61 28 61 29 3b 69 66 28 54 61 28 61 29 29 |=Qa(a);if(Ta(a))|
|00001a30| 74 68 72 6f 77 20 45 72 72 6f 72 28 5c 22 49 6e |throw Error(\"In|
|00001a40| 76 61 6c 69 64 20 58 50 61 74 68 20 65 78 70 72 |valid XPath expr|
|00001a50| 65 73 73 69 6f 6e 2e 5c 22 29 3b 62 3f 5c 22 66 |ession.\");b?\"f|
|00001a60| 75 6e 63 74 69 6f 6e 5c 22 3d 3d 63 61 28 62 29 |unction\"==ca(b)|
|00001a70| 7c 7c 28 62 3d 66 61 28 62 2e 6c 6f 6f 6b 75 70 |||(b=fa(b.lookup|
|00001a80| 4e 61 6d 65 73 70 61 63 65 55 52 49 2c 62 29 29 |NamespaceURI,b))|
|00001a90| 3a 62 3d 66 75 6e 63 74 69 6f 6e 28 29 7b 72 65 |:b=function(){re|
|00001aa0| 74 75 72 6e 20 6e 75 6c 6c 7d 3b 76 61 72 20 63 |turn null};var c|
|00001ab0| 3d 59 62 28 6e 65 77 20 56 62 28 61 2c 62 29 29 |=Yb(new Vb(a,b))|
|00001ac0| 3b 69 66 28 21 54 61 28 61 29 29 74 68 72 6f 77 |;if(!Ta(a))throw|
|00001ad0| 20 45 72 72 6f 72 28 5c 22 42 61 64 20 74 6f 6b | Error(\"Bad tok|
|00001ae0| 65 6e 3a 20 5c 22 2b 7a 28 61 29 29 3b 74 68 69 |en: \"+z(a));thi|
|00001af0| 73 2e 65 76 61 6c 75 61 74 65 3d 66 75 6e 63 74 |s.evaluate=funct|
|00001b00| 69 6f 6e 28 64 2c 65 29 7b 64 3d 63 2e 61 28 6e |ion(d,e){d=c.a(n|
|00001b10| 65 77 20 69 61 28 64 29 29 3b 72 65 74 75 72 6e |ew ia(d));return|
|00001b20| 20 6e 65 77 20 55 28 64 2c 65 29 7d 7d 5c 6e 66 | new U(d,e)}}\nf|
|00001b30| 75 6e 63 74 69 6f 6e 20 55 28 61 2c 62 29 7b 69 |unction U(a,b){i|
|00001b40| 66 28 30 3d 3d 62 29 69 66 28 61 20 69 6e 73 74 |f(0==b)if(a inst|
|00001b50| 61 6e 63 65 6f 66 20 45 29 62 3d 34 3b 65 6c 73 |anceof E)b=4;els|
|00001b60| 65 20 69 66 28 5c 22 73 74 72 69 6e 67 5c 22 3d |e if(\"string\"=|
|00001b70| 3d 74 79 70 65 6f 66 20 61 29 62 3d 32 3b 65 6c |=typeof a)b=2;el|
|00001b80| 73 65 20 69 66 28 5c 22 6e 75 6d 62 65 72 5c 22 |se if(\"number\"|
|00001b90| 3d 3d 74 79 70 65 6f 66 20 61 29 62 3d 31 3b 65 |==typeof a)b=1;e|
|00001ba0| 6c 73 65 20 69 66 28 5c 22 62 6f 6f 6c 65 61 6e |lse if(\"boolean|
|00001bb0| 5c 22 3d 3d 74 79 70 65 6f 66 20 61 29 62 3d 33 |\"==typeof a)b=3|
|00001bc0| 3b 65 6c 73 65 20 74 68 72 6f 77 20 45 72 72 6f |;else throw Erro|
|00001bd0| 72 28 5c 22 55 6e 65 78 70 65 63 74 65 64 20 65 |r(\"Unexpected e|
|00001be0| 76 61 6c 75 61 74 69 6f 6e 20 72 65 73 75 6c 74 |valuation result|
|00001bf0| 2e 5c 22 29 3b 69 66 28 32 21 3d 62 5c 75 30 30 |.\");if(2!=b\u00|
|00001c00| 32 36 5c 75 30 30 32 36 31 21 3d 62 5c 75 30 30 |26\u00261!=b\u00|
|00001c10| 32 36 5c 75 30 30 32 36 33 21 3d 62 5c 75 30 30 |26\u00263!=b\u00|
|00001c20| 32 36 5c 75 30 30 32 36 21 28 61 20 69 6e 73 74 |26\u0026!(a inst|
|00001c30| 61 6e 63 65 6f 66 20 45 29 29 74 68 72 6f 77 20 |anceof E))throw |
|00001c40| 45 72 72 6f 72 28 5c 22 76 61 6c 75 65 20 63 6f |Error(\"value co|
|00001c50| 75 6c 64 20 6e 6f 74 20 62 65 20 63 6f 6e 76 65 |uld not be conve|
|00001c60| 72 74 65 64 20 74 6f 20 74 68 65 20 73 70 65 63 |rted to the spec|
|00001c70| 69 66 69 65 64 20 74 79 70 65 5c 22 29 3b 74 68 |ified type\");th|
|00001c80| 69 73 2e 72 65 73 75 6c 74 54 79 70 65 3d 62 3b |is.resultType=b;|
|00001c90| 73 77 69 74 63 68 28 62 29 7b 63 61 73 65 20 32 |switch(b){case 2|
|00001ca0| 3a 74 68 69 73 2e 73 74 72 69 6e 67 56 61 6c 75 |:this.stringValu|
|00001cb0| 65 3d 61 20 69 6e 73 74 61 6e 63 65 6f 66 20 45 |e=a instanceof E|
|00001cc0| 3f 6e 62 28 61 29 3a 5c 22 5c 22 2b 61 3b 62 72 |?nb(a):\"\"+a;br|
|00001cd0| 65 61 6b 3b 63 61 73 65 20 31 3a 74 68 69 73 2e |eak;case 1:this.|
|00001ce0| 6e 75 6d 62 65 72 56 61 6c 75 65 3d 61 20 69 6e |numberValue=a in|
|00001cf0| 73 74 61 6e 63 65 6f 66 20 45 3f 2b 6e 62 28 61 |stanceof E?+nb(a|
|00001d00| 29 3a 2b 61 3b 62 72 65 61 6b 3b 63 61 73 65 20 |):+a;break;case |
|00001d10| 33 3a 74 68 69 73 2e 62 6f 6f 6c 65 61 6e 56 61 |3:this.booleanVa|
|00001d20| 6c 75 65 3d 61 20 69 6e 73 74 61 6e 63 65 6f 66 |lue=a instanceof|
|00001d30| 20 45 3f 30 5c 75 30 30 33 63 61 2e 6c 3a 21 21 | E?0\u003ca.l:!!|
|00001d40| 61 3b 62 72 65 61 6b 3b 63 61 73 65 20 34 3a 63 |a;break;case 4:c|
|00001d50| 61 73 65 20 35 3a 63 61 73 65 20 36 3a 63 61 73 |ase 5:case 6:cas|
|00001d60| 65 20 37 3a 76 61 72 20 63 3d 5c 6e 48 28 61 29 |e 7:var c=\nH(a)|
|00001d70| 3b 76 61 72 20 64 3d 5b 5d 3b 66 6f 72 28 76 61 |;var d=[];for(va|
|00001d80| 72 20 65 3d 49 28 63 29 3b 65 3b 65 3d 49 28 63 |r e=I(c);e;e=I(c|
|00001d90| 29 29 64 2e 70 75 73 68 28 65 20 69 6e 73 74 61 |))d.push(e insta|
|00001da0| 6e 63 65 6f 66 20 4e 61 3f 65 2e 61 3a 65 29 3b |nceof Na?e.a:e);|
|00001db0| 74 68 69 73 2e 73 6e 61 70 73 68 6f 74 4c 65 6e |this.snapshotLen|
|00001dc0| 67 74 68 3d 61 2e 6c 3b 74 68 69 73 2e 69 6e 76 |gth=a.l;this.inv|
|00001dd0| 61 6c 69 64 49 74 65 72 61 74 6f 72 53 74 61 74 |alidIteratorStat|
|00001de0| 65 3d 21 31 3b 62 72 65 61 6b 3b 63 61 73 65 20 |e=!1;break;case |
|00001df0| 38 3a 63 61 73 65 20 39 3a 61 3d 6d 62 28 61 29 |8:case 9:a=mb(a)|
|00001e00| 3b 74 68 69 73 2e 73 69 6e 67 6c 65 4e 6f 64 65 |;this.singleNode|
|00001e10| 56 61 6c 75 65 3d 61 20 69 6e 73 74 61 6e 63 65 |Value=a instance|
|00001e20| 6f 66 20 4e 61 3f 61 2e 61 3a 61 3b 62 72 65 61 |of Na?a.a:a;brea|
|00001e30| 6b 3b 64 65 66 61 75 6c 74 3a 74 68 72 6f 77 20 |k;default:throw |
|00001e40| 45 72 72 6f 72 28 5c 22 55 6e 6b 6e 6f 77 6e 20 |Error(\"Unknown |
|00001e50| 58 50 61 74 68 52 65 73 75 6c 74 20 74 79 70 65 |XPathResult type|
|00001e60| 2e 5c 22 29 3b 7d 76 61 72 20 66 3d 30 3b 74 68 |.\");}var f=0;th|
|00001e70| 69 73 2e 69 74 65 72 61 74 65 4e 65 78 74 3d 66 |is.iterateNext=f|
|00001e80| 75 6e 63 74 69 6f 6e 28 29 7b 69 66 28 34 21 3d |unction(){if(4!=|
|00001e90| 62 5c 75 30 30 32 36 5c 75 30 30 32 36 35 21 3d |b\u0026\u00265!=|
|00001ea0| 62 29 74 68 72 6f 77 20 45 72 72 6f 72 28 5c 22 |b)throw Error(\"|
|00001eb0| 69 74 65 72 61 74 65 4e 65 78 74 20 63 61 6c 6c |iterateNext call|
|00001ec0| 65 64 20 77 69 74 68 20 77 72 6f 6e 67 20 72 65 |ed with wrong re|
|00001ed0| 73 75 6c 74 20 74 79 70 65 5c 22 29 3b 72 65 74 |sult type\");ret|
|00001ee0| 75 72 6e 20 66 3e 3d 64 2e 6c 65 6e 67 74 68 3f |urn f>=d.length?|
|00001ef0| 6e 75 6c 6c 3a 64 5b 66 2b 2b 5d 7d 3b 74 68 69 |null:d[f++]};thi|
|00001f00| 73 2e 73 6e 61 70 73 68 6f 74 49 74 65 6d 3d 66 |s.snapshotItem=f|
|00001f10| 75 6e 63 74 69 6f 6e 28 67 29 7b 69 66 28 36 21 |unction(g){if(6!|
|00001f20| 3d 62 5c 75 30 30 32 36 5c 75 30 30 32 36 37 21 |=b\u0026\u00267!|
|00001f30| 3d 62 29 74 68 72 6f 77 20 45 72 72 6f 72 28 5c |=b)throw Error(\|
|00001f40| 22 73 6e 61 70 73 68 6f 74 49 74 65 6d 20 63 61 |"snapshotItem ca|
|00001f50| 6c 6c 65 64 20 77 69 74 68 20 77 72 6f 6e 67 20 |lled with wrong |
|00001f60| 72 65 73 75 6c 74 20 74 79 70 65 5c 22 29 3b 72 |result type\");r|
|00001f70| 65 74 75 72 6e 20 67 3e 3d 64 2e 6c 65 6e 67 74 |eturn g>=d.lengt|
|00001f80| 68 7c 7c 5c 6e 30 3e 67 3f 6e 75 6c 6c 3a 64 5b |h||\n0>g?null:d[|
|00001f90| 67 5d 7d 7d 55 2e 41 4e 59 5f 54 59 50 45 3d 30 |g]}}U.ANY_TYPE=0|
|00001fa0| 3b 55 2e 4e 55 4d 42 45 52 5f 54 59 50 45 3d 31 |;U.NUMBER_TYPE=1|
|00001fb0| 3b 55 2e 53 54 52 49 4e 47 5f 54 59 50 45 3d 32 |;U.STRING_TYPE=2|
|00001fc0| 3b 55 2e 42 4f 4f 4c 45 41 4e 5f 54 59 50 45 3d |;U.BOOLEAN_TYPE=|
|00001fd0| 33 3b 55 2e 55 4e 4f 52 44 45 52 45 44 5f 4e 4f |3;U.UNORDERED_NO|
|00001fe0| 44 45 5f 49 54 45 52 41 54 4f 52 5f 54 59 50 45 |DE_ITERATOR_TYPE|
|00001ff0| 3d 34 3b 55 2e 4f 52 44 45 52 45 44 5f 4e 4f 44 |=4;U.ORDERED_NOD|
+--------+-------------------------------------------------+----------------+
14:13:02.819 [AsyncHttpClient-1-8] TRACE i.n.handler.logging.LoggingHandler - [id: 0xa6657862, L:/127.0.0.1:64395 - R:localhost/127.0.0.1:53550] FLUSH
14:13:02.821 [AsyncHttpClient-1-8] TRACE i.n.handler.logging.LoggingHandler - [id: 0xa6657862, L:/127.0.0.1:64395 - R:localhost/127.0.0.1:53550] WRITE: 8192B
         +-------------------------------------------------+
         |  0  1  2  3  4  5  6  7  8  9  a  b  c  d  e  f |
+--------+-------------------------------------------------+----------------+
|00000000| 45 5f 49 54 45 52 41 54 4f 52 5f 54 59 50 45 3d |E_ITERATOR_TYPE=|
|00000010| 35 3b 55 2e 55 4e 4f 52 44 45 52 45 44 5f 4e 4f |5;U.UNORDERED_NO|
|00000020| 44 45 5f 53 4e 41 50 53 48 4f 54 5f 54 59 50 45 |DE_SNAPSHOT_TYPE|
|00000030| 3d 36 3b 55 2e 4f 52 44 45 52 45 44 5f 4e 4f 44 |=6;U.ORDERED_NOD|
|00000040| 45 5f 53 4e 41 50 53 48 4f 54 5f 54 59 50 45 3d |E_SNAPSHOT_TYPE=|
|00000050| 37 3b 55 2e 41 4e 59 5f 55 4e 4f 52 44 45 52 45 |7;U.ANY_UNORDERE|
|00000060| 44 5f 4e 4f 44 45 5f 54 59 50 45 3d 38 3b 55 2e |D_NODE_TYPE=8;U.|
|00000070| 46 49 52 53 54 5f 4f 52 44 45 52 45 44 5f 4e 4f |FIRST_ORDERED_NO|
|00000080| 44 45 5f 54 59 50 45 3d 39 3b 66 75 6e 63 74 69 |DE_TYPE=9;functi|
|00000090| 6f 6e 20 6a 63 28 61 29 7b 74 68 69 73 2e 6c 6f |on jc(a){this.lo|
|000000a0| 6f 6b 75 70 4e 61 6d 65 73 70 61 63 65 55 52 49 |okupNamespaceURI|
|000000b0| 3d 66 63 28 61 29 7d 5c 6e 66 75 6e 63 74 69 6f |=fc(a)}\nfunctio|
|000000c0| 6e 20 6b 63 28 61 2c 62 29 7b 61 3d 61 7c 7c 6b |n kc(a,b){a=a||k|
|000000d0| 3b 76 61 72 20 63 3d 61 2e 44 6f 63 75 6d 65 6e |;var c=a.Documen|
|000000e0| 74 5c 75 30 30 32 36 5c 75 30 30 32 36 61 2e 44 |t\u0026\u0026a.D|
|000000f0| 6f 63 75 6d 65 6e 74 2e 70 72 6f 74 6f 74 79 70 |ocument.prototyp|
|00000100| 65 7c 7c 61 2e 64 6f 63 75 6d 65 6e 74 3b 69 66 |e||a.document;if|
|00000110| 28 21 63 2e 65 76 61 6c 75 61 74 65 7c 7c 62 29 |(!c.evaluate||b)|
|00000120| 61 2e 58 50 61 74 68 52 65 73 75 6c 74 3d 55 2c |a.XPathResult=U,|
|00000130| 63 2e 65 76 61 6c 75 61 74 65 3d 66 75 6e 63 74 |c.evaluate=funct|
|00000140| 69 6f 6e 28 64 2c 65 2c 66 2c 67 29 7b 72 65 74 |ion(d,e,f,g){ret|
|00000150| 75 72 6e 28 6e 65 77 20 69 63 28 64 2c 66 29 29 |urn(new ic(d,f))|
|00000160| 2e 65 76 61 6c 75 61 74 65 28 65 2c 67 29 7d 2c |.evaluate(e,g)},|
|00000170| 63 2e 63 72 65 61 74 65 45 78 70 72 65 73 73 69 |c.createExpressi|
|00000180| 6f 6e 3d 66 75 6e 63 74 69 6f 6e 28 64 2c 65 29 |on=function(d,e)|
|00000190| 7b 72 65 74 75 72 6e 20 6e 65 77 20 69 63 28 64 |{return new ic(d|
|000001a0| 2c 65 29 7d 2c 63 2e 63 72 65 61 74 65 4e 53 52 |,e)},c.createNSR|
|000001b0| 65 73 6f 6c 76 65 72 3d 66 75 6e 63 74 69 6f 6e |esolver=function|
|000001c0| 28 64 29 7b 72 65 74 75 72 6e 20 6e 65 77 20 6a |(d){return new j|
|000001d0| 63 28 64 29 7d 7d 62 61 28 5c 22 77 67 78 70 61 |c(d)}}ba(\"wgxpa|
|000001e0| 74 68 2e 69 6e 73 74 61 6c 6c 5c 22 2c 6b 63 29 |th.install\",kc)|
|000001f0| 3b 62 61 28 5c 22 77 67 78 70 61 74 68 2e 69 6e |;ba(\"wgxpath.in|
|00000200| 73 74 61 6c 6c 5c 22 2c 6b 63 29 3b 76 61 72 20 |stall\",kc);var |
|00000210| 6c 63 3d 7b 61 6c 69 63 65 62 6c 75 65 3a 5c 22 |lc={aliceblue:\"|
|00000220| 23 66 30 66 38 66 66 5c 22 2c 61 6e 74 69 71 75 |#f0f8ff\",antiqu|
|00000230| 65 77 68 69 74 65 3a 5c 22 23 66 61 65 62 64 37 |ewhite:\"#faebd7|
|00000240| 5c 22 2c 61 71 75 61 3a 5c 22 23 30 30 66 66 66 |\",aqua:\"#00fff|
|00000250| 66 5c 22 2c 61 71 75 61 6d 61 72 69 6e 65 3a 5c |f\",aquamarine:\|
|00000260| 22 23 37 66 66 66 64 34 5c 22 2c 61 7a 75 72 65 |"#7fffd4\",azure|
|00000270| 3a 5c 22 23 66 30 66 66 66 66 5c 22 2c 62 65 69 |:\"#f0ffff\",bei|
|00000280| 67 65 3a 5c 22 23 66 35 66 35 64 63 5c 22 2c 62 |ge:\"#f5f5dc\",b|
|00000290| 69 73 71 75 65 3a 5c 22 23 66 66 65 34 63 34 5c |isque:\"#ffe4c4\|
|000002a0| 22 2c 62 6c 61 63 6b 3a 5c 22 23 30 30 30 30 30 |",black:\"#00000|
|000002b0| 30 5c 22 2c 62 6c 61 6e 63 68 65 64 61 6c 6d 6f |0\",blanchedalmo|
|000002c0| 6e 64 3a 5c 22 23 66 66 65 62 63 64 5c 22 2c 62 |nd:\"#ffebcd\",b|
|000002d0| 6c 75 65 3a 5c 22 23 30 30 30 30 66 66 5c 22 2c |lue:\"#0000ff\",|
|000002e0| 62 6c 75 65 76 69 6f 6c 65 74 3a 5c 22 23 38 61 |blueviolet:\"#8a|
|000002f0| 32 62 65 32 5c 22 2c 62 72 6f 77 6e 3a 5c 22 23 |2be2\",brown:\"#|
|00000300| 61 35 32 61 32 61 5c 22 2c 62 75 72 6c 79 77 6f |a52a2a\",burlywo|
|00000310| 6f 64 3a 5c 22 23 64 65 62 38 38 37 5c 22 2c 63 |od:\"#deb887\",c|
|00000320| 61 64 65 74 62 6c 75 65 3a 5c 22 23 35 66 39 65 |adetblue:\"#5f9e|
|00000330| 61 30 5c 22 2c 63 68 61 72 74 72 65 75 73 65 3a |a0\",chartreuse:|
|00000340| 5c 22 23 37 66 66 66 30 30 5c 22 2c 63 68 6f 63 |\"#7fff00\",choc|
|00000350| 6f 6c 61 74 65 3a 5c 22 23 64 32 36 39 31 65 5c |olate:\"#d2691e\|
|00000360| 22 2c 63 6f 72 61 6c 3a 5c 22 23 66 66 37 66 35 |",coral:\"#ff7f5|
|00000370| 30 5c 22 2c 63 6f 72 6e 66 6c 6f 77 65 72 62 6c |0\",cornflowerbl|
|00000380| 75 65 3a 5c 22 23 36 34 39 35 65 64 5c 22 2c 63 |ue:\"#6495ed\",c|
|00000390| 6f 72 6e 73 69 6c 6b 3a 5c 22 23 66 66 66 38 64 |ornsilk:\"#fff8d|
|000003a0| 63 5c 22 2c 63 72 69 6d 73 6f 6e 3a 5c 22 23 64 |c\",crimson:\"#d|
|000003b0| 63 31 34 33 63 5c 22 2c 63 79 61 6e 3a 5c 22 23 |c143c\",cyan:\"#|
|000003c0| 30 30 66 66 66 66 5c 22 2c 64 61 72 6b 62 6c 75 |00ffff\",darkblu|
|000003d0| 65 3a 5c 22 23 30 30 30 30 38 62 5c 22 2c 64 61 |e:\"#00008b\",da|
|000003e0| 72 6b 63 79 61 6e 3a 5c 22 23 30 30 38 62 38 62 |rkcyan:\"#008b8b|
|000003f0| 5c 22 2c 64 61 72 6b 67 6f 6c 64 65 6e 72 6f 64 |\",darkgoldenrod|
|00000400| 3a 5c 22 23 62 38 38 36 30 62 5c 22 2c 64 61 72 |:\"#b8860b\",dar|
|00000410| 6b 67 72 61 79 3a 5c 22 23 61 39 61 39 61 39 5c |kgray:\"#a9a9a9\|
|00000420| 22 2c 64 61 72 6b 67 72 65 65 6e 3a 5c 22 23 30 |",darkgreen:\"#0|
|00000430| 30 36 34 30 30 5c 22 2c 5c 6e 64 61 72 6b 67 72 |06400\",\ndarkgr|
|00000440| 65 79 3a 5c 22 23 61 39 61 39 61 39 5c 22 2c 64 |ey:\"#a9a9a9\",d|
|00000450| 61 72 6b 6b 68 61 6b 69 3a 5c 22 23 62 64 62 37 |arkkhaki:\"#bdb7|
|00000460| 36 62 5c 22 2c 64 61 72 6b 6d 61 67 65 6e 74 61 |6b\",darkmagenta|
|00000470| 3a 5c 22 23 38 62 30 30 38 62 5c 22 2c 64 61 72 |:\"#8b008b\",dar|
|00000480| 6b 6f 6c 69 76 65 67 72 65 65 6e 3a 5c 22 23 35 |kolivegreen:\"#5|
|00000490| 35 36 62 32 66 5c 22 2c 64 61 72 6b 6f 72 61 6e |56b2f\",darkoran|
|000004a0| 67 65 3a 5c 22 23 66 66 38 63 30 30 5c 22 2c 64 |ge:\"#ff8c00\",d|
|000004b0| 61 72 6b 6f 72 63 68 69 64 3a 5c 22 23 39 39 33 |arkorchid:\"#993|
|000004c0| 32 63 63 5c 22 2c 64 61 72 6b 72 65 64 3a 5c 22 |2cc\",darkred:\"|
|000004d0| 23 38 62 30 30 30 30 5c 22 2c 64 61 72 6b 73 61 |#8b0000\",darksa|
|000004e0| 6c 6d 6f 6e 3a 5c 22 23 65 39 39 36 37 61 5c 22 |lmon:\"#e9967a\"|
|000004f0| 2c 64 61 72 6b 73 65 61 67 72 65 65 6e 3a 5c 22 |,darkseagreen:\"|
|00000500| 23 38 66 62 63 38 66 5c 22 2c 64 61 72 6b 73 6c |#8fbc8f\",darksl|
|00000510| 61 74 65 62 6c 75 65 3a 5c 22 23 34 38 33 64 38 |ateblue:\"#483d8|
|00000520| 62 5c 22 2c 64 61 72 6b 73 6c 61 74 65 67 72 61 |b\",darkslategra|
|00000530| 79 3a 5c 22 23 32 66 34 66 34 66 5c 22 2c 64 61 |y:\"#2f4f4f\",da|
|00000540| 72 6b 73 6c 61 74 65 67 72 65 79 3a 5c 22 23 32 |rkslategrey:\"#2|
|00000550| 66 34 66 34 66 5c 22 2c 64 61 72 6b 74 75 72 71 |f4f4f\",darkturq|
|00000560| 75 6f 69 73 65 3a 5c 22 23 30 30 63 65 64 31 5c |uoise:\"#00ced1\|
|00000570| 22 2c 64 61 72 6b 76 69 6f 6c 65 74 3a 5c 22 23 |",darkviolet:\"#|
|00000580| 39 34 30 30 64 33 5c 22 2c 64 65 65 70 70 69 6e |9400d3\",deeppin|
|00000590| 6b 3a 5c 22 23 66 66 31 34 39 33 5c 22 2c 64 65 |k:\"#ff1493\",de|
|000005a0| 65 70 73 6b 79 62 6c 75 65 3a 5c 22 23 30 30 62 |epskyblue:\"#00b|
|000005b0| 66 66 66 5c 22 2c 64 69 6d 67 72 61 79 3a 5c 22 |fff\",dimgray:\"|
|000005c0| 23 36 39 36 39 36 39 5c 22 2c 64 69 6d 67 72 65 |#696969\",dimgre|
|000005d0| 79 3a 5c 22 23 36 39 36 39 36 39 5c 22 2c 64 6f |y:\"#696969\",do|
|000005e0| 64 67 65 72 62 6c 75 65 3a 5c 22 23 31 65 39 30 |dgerblue:\"#1e90|
|000005f0| 66 66 5c 22 2c 66 69 72 65 62 72 69 63 6b 3a 5c |ff\",firebrick:\|
|00000600| 22 23 62 32 32 32 32 32 5c 22 2c 66 6c 6f 72 61 |"#b22222\",flora|
|00000610| 6c 77 68 69 74 65 3a 5c 22 23 66 66 66 61 66 30 |lwhite:\"#fffaf0|
|00000620| 5c 22 2c 66 6f 72 65 73 74 67 72 65 65 6e 3a 5c |\",forestgreen:\|
|00000630| 22 23 32 32 38 62 32 32 5c 22 2c 66 75 63 68 73 |"#228b22\",fuchs|
|00000640| 69 61 3a 5c 22 23 66 66 30 30 66 66 5c 22 2c 67 |ia:\"#ff00ff\",g|
|00000650| 61 69 6e 73 62 6f 72 6f 3a 5c 22 23 64 63 64 63 |ainsboro:\"#dcdc|
|00000660| 64 63 5c 22 2c 5c 6e 67 68 6f 73 74 77 68 69 74 |dc\",\nghostwhit|
|00000670| 65 3a 5c 22 23 66 38 66 38 66 66 5c 22 2c 67 6f |e:\"#f8f8ff\",go|
|00000680| 6c 64 3a 5c 22 23 66 66 64 37 30 30 5c 22 2c 67 |ld:\"#ffd700\",g|
|00000690| 6f 6c 64 65 6e 72 6f 64 3a 5c 22 23 64 61 61 35 |oldenrod:\"#daa5|
|000006a0| 32 30 5c 22 2c 67 72 61 79 3a 5c 22 23 38 30 38 |20\",gray:\"#808|
|000006b0| 30 38 30 5c 22 2c 67 72 65 65 6e 3a 5c 22 23 30 |080\",green:\"#0|
|000006c0| 30 38 30 30 30 5c 22 2c 67 72 65 65 6e 79 65 6c |08000\",greenyel|
|000006d0| 6c 6f 77 3a 5c 22 23 61 64 66 66 32 66 5c 22 2c |low:\"#adff2f\",|
|000006e0| 67 72 65 79 3a 5c 22 23 38 30 38 30 38 30 5c 22 |grey:\"#808080\"|
|000006f0| 2c 68 6f 6e 65 79 64 65 77 3a 5c 22 23 66 30 66 |,honeydew:\"#f0f|
|00000700| 66 66 30 5c 22 2c 68 6f 74 70 69 6e 6b 3a 5c 22 |ff0\",hotpink:\"|
|00000710| 23 66 66 36 39 62 34 5c 22 2c 69 6e 64 69 61 6e |#ff69b4\",indian|
|00000720| 72 65 64 3a 5c 22 23 63 64 35 63 35 63 5c 22 2c |red:\"#cd5c5c\",|
|00000730| 69 6e 64 69 67 6f 3a 5c 22 23 34 62 30 30 38 32 |indigo:\"#4b0082|
|00000740| 5c 22 2c 69 76 6f 72 79 3a 5c 22 23 66 66 66 66 |\",ivory:\"#ffff|
|00000750| 66 30 5c 22 2c 6b 68 61 6b 69 3a 5c 22 23 66 30 |f0\",khaki:\"#f0|
|00000760| 65 36 38 63 5c 22 2c 6c 61 76 65 6e 64 65 72 3a |e68c\",lavender:|
|00000770| 5c 22 23 65 36 65 36 66 61 5c 22 2c 6c 61 76 65 |\"#e6e6fa\",lave|
|00000780| 6e 64 65 72 62 6c 75 73 68 3a 5c 22 23 66 66 66 |nderblush:\"#fff|
|00000790| 30 66 35 5c 22 2c 6c 61 77 6e 67 72 65 65 6e 3a |0f5\",lawngreen:|
|000007a0| 5c 22 23 37 63 66 63 30 30 5c 22 2c 6c 65 6d 6f |\"#7cfc00\",lemo|
|000007b0| 6e 63 68 69 66 66 6f 6e 3a 5c 22 23 66 66 66 61 |nchiffon:\"#fffa|
|000007c0| 63 64 5c 22 2c 6c 69 67 68 74 62 6c 75 65 3a 5c |cd\",lightblue:\|
|000007d0| 22 23 61 64 64 38 65 36 5c 22 2c 6c 69 67 68 74 |"#add8e6\",light|
|000007e0| 63 6f 72 61 6c 3a 5c 22 23 66 30 38 30 38 30 5c |coral:\"#f08080\|
|000007f0| 22 2c 6c 69 67 68 74 63 79 61 6e 3a 5c 22 23 65 |",lightcyan:\"#e|
|00000800| 30 66 66 66 66 5c 22 2c 6c 69 67 68 74 67 6f 6c |0ffff\",lightgol|
|00000810| 64 65 6e 72 6f 64 79 65 6c 6c 6f 77 3a 5c 22 23 |denrodyellow:\"#|
|00000820| 66 61 66 61 64 32 5c 22 2c 6c 69 67 68 74 67 72 |fafad2\",lightgr|
|00000830| 61 79 3a 5c 22 23 64 33 64 33 64 33 5c 22 2c 6c |ay:\"#d3d3d3\",l|
|00000840| 69 67 68 74 67 72 65 65 6e 3a 5c 22 23 39 30 65 |ightgreen:\"#90e|
|00000850| 65 39 30 5c 22 2c 6c 69 67 68 74 67 72 65 79 3a |e90\",lightgrey:|
|00000860| 5c 22 23 64 33 64 33 64 33 5c 22 2c 6c 69 67 68 |\"#d3d3d3\",ligh|
|00000870| 74 70 69 6e 6b 3a 5c 22 23 66 66 62 36 63 31 5c |tpink:\"#ffb6c1\|
|00000880| 22 2c 6c 69 67 68 74 73 61 6c 6d 6f 6e 3a 5c 22 |",lightsalmon:\"|
|00000890| 23 66 66 61 30 37 61 5c 22 2c 5c 6e 6c 69 67 68 |#ffa07a\",\nligh|
|000008a0| 74 73 65 61 67 72 65 65 6e 3a 5c 22 23 32 30 62 |tseagreen:\"#20b|
|000008b0| 32 61 61 5c 22 2c 6c 69 67 68 74 73 6b 79 62 6c |2aa\",lightskybl|
|000008c0| 75 65 3a 5c 22 23 38 37 63 65 66 61 5c 22 2c 6c |ue:\"#87cefa\",l|
|000008d0| 69 67 68 74 73 6c 61 74 65 67 72 61 79 3a 5c 22 |ightslategray:\"|
|000008e0| 23 37 37 38 38 39 39 5c 22 2c 6c 69 67 68 74 73 |#778899\",lights|
|000008f0| 6c 61 74 65 67 72 65 79 3a 5c 22 23 37 37 38 38 |lategrey:\"#7788|
|00000900| 39 39 5c 22 2c 6c 69 67 68 74 73 74 65 65 6c 62 |99\",lightsteelb|
|00000910| 6c 75 65 3a 5c 22 23 62 30 63 34 64 65 5c 22 2c |lue:\"#b0c4de\",|
|00000920| 6c 69 67 68 74 79 65 6c 6c 6f 77 3a 5c 22 23 66 |lightyellow:\"#f|
|00000930| 66 66 66 65 30 5c 22 2c 6c 69 6d 65 3a 5c 22 23 |fffe0\",lime:\"#|
|00000940| 30 30 66 66 30 30 5c 22 2c 6c 69 6d 65 67 72 65 |00ff00\",limegre|
|00000950| 65 6e 3a 5c 22 23 33 32 63 64 33 32 5c 22 2c 6c |en:\"#32cd32\",l|
|00000960| 69 6e 65 6e 3a 5c 22 23 66 61 66 30 65 36 5c 22 |inen:\"#faf0e6\"|
|00000970| 2c 6d 61 67 65 6e 74 61 3a 5c 22 23 66 66 30 30 |,magenta:\"#ff00|
|00000980| 66 66 5c 22 2c 6d 61 72 6f 6f 6e 3a 5c 22 23 38 |ff\",maroon:\"#8|
|00000990| 30 30 30 30 30 5c 22 2c 6d 65 64 69 75 6d 61 71 |00000\",mediumaq|
|000009a0| 75 61 6d 61 72 69 6e 65 3a 5c 22 23 36 36 63 64 |uamarine:\"#66cd|
|000009b0| 61 61 5c 22 2c 6d 65 64 69 75 6d 62 6c 75 65 3a |aa\",mediumblue:|
|000009c0| 5c 22 23 30 30 30 30 63 64 5c 22 2c 6d 65 64 69 |\"#0000cd\",medi|
|000009d0| 75 6d 6f 72 63 68 69 64 3a 5c 22 23 62 61 35 35 |umorchid:\"#ba55|
|000009e0| 64 33 5c 22 2c 6d 65 64 69 75 6d 70 75 72 70 6c |d3\",mediumpurpl|
|000009f0| 65 3a 5c 22 23 39 33 37 30 64 62 5c 22 2c 6d 65 |e:\"#9370db\",me|
|00000a00| 64 69 75 6d 73 65 61 67 72 65 65 6e 3a 5c 22 23 |diumseagreen:\"#|
|00000a10| 33 63 62 33 37 31 5c 22 2c 6d 65 64 69 75 6d 73 |3cb371\",mediums|
|00000a20| 6c 61 74 65 62 6c 75 65 3a 5c 22 23 37 62 36 38 |lateblue:\"#7b68|
|00000a30| 65 65 5c 22 2c 6d 65 64 69 75 6d 73 70 72 69 6e |ee\",mediumsprin|
|00000a40| 67 67 72 65 65 6e 3a 5c 22 23 30 30 66 61 39 61 |ggreen:\"#00fa9a|
|00000a50| 5c 22 2c 6d 65 64 69 75 6d 74 75 72 71 75 6f 69 |\",mediumturquoi|
|00000a60| 73 65 3a 5c 22 23 34 38 64 31 63 63 5c 22 2c 6d |se:\"#48d1cc\",m|
|00000a70| 65 64 69 75 6d 76 69 6f 6c 65 74 72 65 64 3a 5c |ediumvioletred:\|
|00000a80| 22 23 63 37 31 35 38 35 5c 22 2c 6d 69 64 6e 69 |"#c71585\",midni|
|00000a90| 67 68 74 62 6c 75 65 3a 5c 22 23 31 39 31 39 37 |ghtblue:\"#19197|
|00000aa0| 30 5c 22 2c 6d 69 6e 74 63 72 65 61 6d 3a 5c 22 |0\",mintcream:\"|
|00000ab0| 23 66 35 66 66 66 61 5c 22 2c 6d 69 73 74 79 72 |#f5fffa\",mistyr|
|00000ac0| 6f 73 65 3a 5c 22 23 66 66 65 34 65 31 5c 22 2c |ose:\"#ffe4e1\",|
|00000ad0| 5c 6e 6d 6f 63 63 61 73 69 6e 3a 5c 22 23 66 66 |\nmoccasin:\"#ff|
|00000ae0| 65 34 62 35 5c 22 2c 6e 61 76 61 6a 6f 77 68 69 |e4b5\",navajowhi|
|00000af0| 74 65 3a 5c 22 23 66 66 64 65 61 64 5c 22 2c 6e |te:\"#ffdead\",n|
|00000b00| 61 76 79 3a 5c 22 23 30 30 30 30 38 30 5c 22 2c |avy:\"#000080\",|
|00000b10| 6f 6c 64 6c 61 63 65 3a 5c 22 23 66 64 66 35 65 |oldlace:\"#fdf5e|
|00000b20| 36 5c 22 2c 6f 6c 69 76 65 3a 5c 22 23 38 30 38 |6\",olive:\"#808|
|00000b30| 30 30 30 5c 22 2c 6f 6c 69 76 65 64 72 61 62 3a |000\",olivedrab:|
|00000b40| 5c 22 23 36 62 38 65 32 33 5c 22 2c 6f 72 61 6e |\"#6b8e23\",oran|
|00000b50| 67 65 3a 5c 22 23 66 66 61 35 30 30 5c 22 2c 6f |ge:\"#ffa500\",o|
|00000b60| 72 61 6e 67 65 72 65 64 3a 5c 22 23 66 66 34 35 |rangered:\"#ff45|
|00000b70| 30 30 5c 22 2c 6f 72 63 68 69 64 3a 5c 22 23 64 |00\",orchid:\"#d|
|00000b80| 61 37 30 64 36 5c 22 2c 70 61 6c 65 67 6f 6c 64 |a70d6\",palegold|
|00000b90| 65 6e 72 6f 64 3a 5c 22 23 65 65 65 38 61 61 5c |enrod:\"#eee8aa\|
|00000ba0| 22 2c 70 61 6c 65 67 72 65 65 6e 3a 5c 22 23 39 |",palegreen:\"#9|
|00000bb0| 38 66 62 39 38 5c 22 2c 70 61 6c 65 74 75 72 71 |8fb98\",paleturq|
|00000bc0| 75 6f 69 73 65 3a 5c 22 23 61 66 65 65 65 65 5c |uoise:\"#afeeee\|
|00000bd0| 22 2c 70 61 6c 65 76 69 6f 6c 65 74 72 65 64 3a |",palevioletred:|
|00000be0| 5c 22 23 64 62 37 30 39 33 5c 22 2c 70 61 70 61 |\"#db7093\",papa|
|00000bf0| 79 61 77 68 69 70 3a 5c 22 23 66 66 65 66 64 35 |yawhip:\"#ffefd5|
|00000c00| 5c 22 2c 70 65 61 63 68 70 75 66 66 3a 5c 22 23 |\",peachpuff:\"#|
|00000c10| 66 66 64 61 62 39 5c 22 2c 70 65 72 75 3a 5c 22 |ffdab9\",peru:\"|
|00000c20| 23 63 64 38 35 33 66 5c 22 2c 70 69 6e 6b 3a 5c |#cd853f\",pink:\|
|00000c30| 22 23 66 66 63 30 63 62 5c 22 2c 70 6c 75 6d 3a |"#ffc0cb\",plum:|
|00000c40| 5c 22 23 64 64 61 30 64 64 5c 22 2c 70 6f 77 64 |\"#dda0dd\",powd|
|00000c50| 65 72 62 6c 75 65 3a 5c 22 23 62 30 65 30 65 36 |erblue:\"#b0e0e6|
|00000c60| 5c 22 2c 70 75 72 70 6c 65 3a 5c 22 23 38 30 30 |\",purple:\"#800|
|00000c70| 30 38 30 5c 22 2c 72 65 64 3a 5c 22 23 66 66 30 |080\",red:\"#ff0|
|00000c80| 30 30 30 5c 22 2c 72 6f 73 79 62 72 6f 77 6e 3a |000\",rosybrown:|
|00000c90| 5c 22 23 62 63 38 66 38 66 5c 22 2c 72 6f 79 61 |\"#bc8f8f\",roya|
|00000ca0| 6c 62 6c 75 65 3a 5c 22 23 34 31 36 39 65 31 5c |lblue:\"#4169e1\|
|00000cb0| 22 2c 73 61 64 64 6c 65 62 72 6f 77 6e 3a 5c 22 |",saddlebrown:\"|
|00000cc0| 23 38 62 34 35 31 33 5c 22 2c 73 61 6c 6d 6f 6e |#8b4513\",salmon|
|00000cd0| 3a 5c 22 23 66 61 38 30 37 32 5c 22 2c 73 61 6e |:\"#fa8072\",san|
|00000ce0| 64 79 62 72 6f 77 6e 3a 5c 22 23 66 34 61 34 36 |dybrown:\"#f4a46|
|00000cf0| 30 5c 22 2c 73 65 61 67 72 65 65 6e 3a 5c 22 23 |0\",seagreen:\"#|
|00000d00| 32 65 38 62 35 37 5c 22 2c 5c 6e 73 65 61 73 68 |2e8b57\",\nseash|
|00000d10| 65 6c 6c 3a 5c 22 23 66 66 66 35 65 65 5c 22 2c |ell:\"#fff5ee\",|
|00000d20| 73 69 65 6e 6e 61 3a 5c 22 23 61 30 35 32 32 64 |sienna:\"#a0522d|
|00000d30| 5c 22 2c 73 69 6c 76 65 72 3a 5c 22 23 63 30 63 |\",silver:\"#c0c|
|00000d40| 30 63 30 5c 22 2c 73 6b 79 62 6c 75 65 3a 5c 22 |0c0\",skyblue:\"|
|00000d50| 23 38 37 63 65 65 62 5c 22 2c 73 6c 61 74 65 62 |#87ceeb\",slateb|
|00000d60| 6c 75 65 3a 5c 22 23 36 61 35 61 63 64 5c 22 2c |lue:\"#6a5acd\",|
|00000d70| 73 6c 61 74 65 67 72 61 79 3a 5c 22 23 37 30 38 |slategray:\"#708|
|00000d80| 30 39 30 5c 22 2c 73 6c 61 74 65 67 72 65 79 3a |090\",slategrey:|
|00000d90| 5c 22 23 37 30 38 30 39 30 5c 22 2c 73 6e 6f 77 |\"#708090\",snow|
|00000da0| 3a 5c 22 23 66 66 66 61 66 61 5c 22 2c 73 70 72 |:\"#fffafa\",spr|
|00000db0| 69 6e 67 67 72 65 65 6e 3a 5c 22 23 30 30 66 66 |inggreen:\"#00ff|
|00000dc0| 37 66 5c 22 2c 73 74 65 65 6c 62 6c 75 65 3a 5c |7f\",steelblue:\|
|00000dd0| 22 23 34 36 38 32 62 34 5c 22 2c 74 61 6e 3a 5c |"#4682b4\",tan:\|
|00000de0| 22 23 64 32 62 34 38 63 5c 22 2c 74 65 61 6c 3a |"#d2b48c\",teal:|
|00000df0| 5c 22 23 30 30 38 30 38 30 5c 22 2c 74 68 69 73 |\"#008080\",this|
|00000e00| 74 6c 65 3a 5c 22 23 64 38 62 66 64 38 5c 22 2c |tle:\"#d8bfd8\",|
|00000e10| 74 6f 6d 61 74 6f 3a 5c 22 23 66 66 36 33 34 37 |tomato:\"#ff6347|
|00000e20| 5c 22 2c 74 75 72 71 75 6f 69 73 65 3a 5c 22 23 |\",turquoise:\"#|
|00000e30| 34 30 65 30 64 30 5c 22 2c 76 69 6f 6c 65 74 3a |40e0d0\",violet:|
|00000e40| 5c 22 23 65 65 38 32 65 65 5c 22 2c 77 68 65 61 |\"#ee82ee\",whea|
|00000e50| 74 3a 5c 22 23 66 35 64 65 62 33 5c 22 2c 77 68 |t:\"#f5deb3\",wh|
|00000e60| 69 74 65 3a 5c 22 23 66 66 66 66 66 66 5c 22 2c |ite:\"#ffffff\",|
|00000e70| 77 68 69 74 65 73 6d 6f 6b 65 3a 5c 22 23 66 35 |whitesmoke:\"#f5|
|00000e80| 66 35 66 35 5c 22 2c 79 65 6c 6c 6f 77 3a 5c 22 |f5f5\",yellow:\"|
|00000e90| 23 66 66 66 66 30 30 5c 22 2c 79 65 6c 6c 6f 77 |#ffff00\",yellow|
|00000ea0| 67 72 65 65 6e 3a 5c 22 23 39 61 63 64 33 32 5c |green:\"#9acd32\|
|00000eb0| 22 7d 3b 76 61 72 20 6d 63 3d 5c 22 62 61 63 6b |"};var mc=\"back|
|00000ec0| 67 72 6f 75 6e 64 43 6f 6c 6f 72 20 62 6f 72 64 |groundColor bord|
|00000ed0| 65 72 54 6f 70 43 6f 6c 6f 72 20 62 6f 72 64 65 |erTopColor borde|
|00000ee0| 72 52 69 67 68 74 43 6f 6c 6f 72 20 62 6f 72 64 |rRightColor bord|
|00000ef0| 65 72 42 6f 74 74 6f 6d 43 6f 6c 6f 72 20 62 6f |erBottomColor bo|
|00000f00| 72 64 65 72 4c 65 66 74 43 6f 6c 6f 72 20 63 6f |rderLeftColor co|
|00000f10| 6c 6f 72 20 6f 75 74 6c 69 6e 65 43 6f 6c 6f 72 |lor outlineColor|
|00000f20| 5c 22 2e 73 70 6c 69 74 28 5c 22 20 5c 22 29 2c |\".split(\" \"),|
|00000f30| 6e 63 3d 5c 75 30 30 32 66 23 28 5b 30 2d 39 61 |nc=\u002f#([0-9a|
|00000f40| 2d 66 41 2d 46 5d 29 28 5b 30 2d 39 61 2d 66 41 |-fA-F])([0-9a-fA|
|00000f50| 2d 46 5d 29 28 5b 30 2d 39 61 2d 66 41 2d 46 5d |-F])([0-9a-fA-F]|
|00000f60| 29 5c 75 30 30 32 66 2c 6f 63 3d 5c 75 30 30 32 |)\u002f,oc=\u002|
|00000f70| 66 5e 23 28 3f 3a 5b 30 2d 39 61 2d 66 5d 7b 33 |f^#(?:[0-9a-f]{3|
|00000f80| 7d 29 7b 31 2c 32 7d 24 5c 75 30 30 32 66 69 2c |}){1,2}$\u002fi,|
|00000f90| 70 63 3d 5c 75 30 30 32 66 5e 28 3f 3a 72 67 62 |pc=\u002f^(?:rgb|
|00000fa0| 61 29 3f 5c 5c 28 28 5c 5c 64 7b 31 2c 33 7d 29 |a)?\\((\\d{1,3})|
|00000fb0| 2c 5c 5c 73 3f 28 5c 5c 64 7b 31 2c 33 7d 29 2c |,\\s?(\\d{1,3}),|
|00000fc0| 5c 5c 73 3f 28 5c 5c 64 7b 31 2c 33 7d 29 2c 5c |\\s?(\\d{1,3}),\|
|00000fd0| 5c 73 3f 28 30 7c 31 7c 30 5c 5c 2e 5c 5c 64 2a |\s?(0|1|0\\.\\d*|
|00000fe0| 29 5c 5c 29 24 5c 75 30 30 32 66 69 2c 71 63 3d |)\\)$\u002fi,qc=|
|00000ff0| 5c 75 30 30 32 66 5e 28 3f 3a 72 67 62 29 3f 5c |\u002f^(?:rgb)?\|
|00001000| 5c 28 28 30 7c 5b 31 2d 39 5d 5c 5c 64 7b 30 2c |\((0|[1-9]\\d{0,|
|00001010| 32 7d 29 2c 5c 5c 73 3f 28 30 7c 5b 31 2d 39 5d |2}),\\s?(0|[1-9]|
|00001020| 5c 5c 64 7b 30 2c 32 7d 29 2c 5c 5c 73 3f 28 30 |\\d{0,2}),\\s?(0|
|00001030| 7c 5b 31 2d 39 5d 5c 5c 64 7b 30 2c 32 7d 29 5c ||[1-9]\\d{0,2})\|
|00001040| 5c 29 24 5c 75 30 30 32 66 69 3b 66 75 6e 63 74 |\)$\u002fi;funct|
|00001050| 69 6f 6e 20 72 63 28 61 2c 62 29 7b 74 68 69 73 |ion rc(a,b){this|
|00001060| 2e 63 6f 64 65 3d 61 3b 74 68 69 73 2e 61 3d 56 |.code=a;this.a=V|
|00001070| 5b 61 5d 7c 7c 73 63 3b 74 68 69 73 2e 6d 65 73 |[a]||sc;this.mes|
|00001080| 73 61 67 65 3d 62 7c 7c 5c 22 5c 22 3b 61 3d 74 |sage=b||\"\";a=t|
|00001090| 68 69 73 2e 61 2e 72 65 70 6c 61 63 65 28 5c 75 |his.a.replace(\u|
|000010a0| 30 30 32 66 28 28 3f 3a 5e 7c 5c 5c 73 2b 29 5b |002f((?:^|\\s+)[|
|000010b0| 61 2d 7a 5d 29 5c 75 30 30 32 66 67 2c 66 75 6e |a-z])\u002fg,fun|
|000010c0| 63 74 69 6f 6e 28 63 29 7b 72 65 74 75 72 6e 20 |ction(c){return |
|000010d0| 63 2e 74 6f 55 70 70 65 72 43 61 73 65 28 29 2e |c.toUpperCase().|
|000010e0| 72 65 70 6c 61 63 65 28 5c 75 30 30 32 66 5e 5b |replace(\u002f^[|
|000010f0| 5c 5c 73 5c 5c 78 61 30 5d 2b 5c 75 30 30 32 66 |\\s\\xa0]+\u002f|
|00001100| 67 2c 5c 22 5c 22 29 7d 29 3b 62 3d 61 2e 6c 65 |g,\"\")});b=a.le|
|00001110| 6e 67 74 68 2d 35 3b 69 66 28 30 3e 62 7c 7c 61 |ngth-5;if(0>b||a|
|00001120| 2e 69 6e 64 65 78 4f 66 28 5c 22 45 72 72 6f 72 |.indexOf(\"Error|
|00001130| 5c 22 2c 62 29 21 3d 62 29 61 2b 3d 5c 22 45 72 |\",b)!=b)a+=\"Er|
|00001140| 72 6f 72 5c 22 3b 74 68 69 73 2e 6e 61 6d 65 3d |ror\";this.name=|
|00001150| 61 3b 61 3d 45 72 72 6f 72 28 74 68 69 73 2e 6d |a;a=Error(this.m|
|00001160| 65 73 73 61 67 65 29 3b 61 2e 6e 61 6d 65 3d 74 |essage);a.name=t|
|00001170| 68 69 73 2e 6e 61 6d 65 3b 74 68 69 73 2e 73 74 |his.name;this.st|
|00001180| 61 63 6b 3d 61 2e 73 74 61 63 6b 7c 7c 5c 22 5c |ack=a.stack||\"\|
|00001190| 22 7d 6c 28 72 63 2c 45 72 72 6f 72 29 3b 76 61 |"}l(rc,Error);va|
|000011a0| 72 20 73 63 3d 5c 22 75 6e 6b 6e 6f 77 6e 20 65 |r sc=\"unknown e|
|000011b0| 72 72 6f 72 5c 22 2c 56 3d 7b 31 35 3a 5c 22 65 |rror\",V={15:\"e|
|000011c0| 6c 65 6d 65 6e 74 20 6e 6f 74 20 73 65 6c 65 63 |lement not selec|
|000011d0| 74 61 62 6c 65 5c 22 2c 31 31 3a 5c 22 65 6c 65 |table\",11:\"ele|
|000011e0| 6d 65 6e 74 20 6e 6f 74 20 76 69 73 69 62 6c 65 |ment not visible|
|000011f0| 5c 22 7d 3b 56 5b 33 31 5d 3d 73 63 3b 56 5b 33 |\"};V[31]=sc;V[3|
|00001200| 30 5d 3d 73 63 3b 56 5b 32 34 5d 3d 5c 22 69 6e |0]=sc;V[24]=\"in|
|00001210| 76 61 6c 69 64 20 63 6f 6f 6b 69 65 20 64 6f 6d |valid cookie dom|
|00001220| 61 69 6e 5c 22 3b 56 5b 32 39 5d 3d 5c 22 69 6e |ain\";V[29]=\"in|
|00001230| 76 61 6c 69 64 20 65 6c 65 6d 65 6e 74 20 63 6f |valid element co|
|00001240| 6f 72 64 69 6e 61 74 65 73 5c 22 3b 56 5b 31 32 |ordinates\";V[12|
|00001250| 5d 3d 5c 22 69 6e 76 61 6c 69 64 20 65 6c 65 6d |]=\"invalid elem|
|00001260| 65 6e 74 20 73 74 61 74 65 5c 22 3b 5c 6e 56 5b |ent state\";\nV[|
|00001270| 33 32 5d 3d 5c 22 69 6e 76 61 6c 69 64 20 73 65 |32]=\"invalid se|
|00001280| 6c 65 63 74 6f 72 5c 22 3b 56 5b 35 31 5d 3d 5c |lector\";V[51]=\|
|00001290| 22 69 6e 76 61 6c 69 64 20 73 65 6c 65 63 74 6f |"invalid selecto|
|000012a0| 72 5c 22 3b 56 5b 35 32 5d 3d 5c 22 69 6e 76 61 |r\";V[52]=\"inva|
|000012b0| 6c 69 64 20 73 65 6c 65 63 74 6f 72 5c 22 3b 56 |lid selector\";V|
|000012c0| 5b 31 37 5d 3d 5c 22 6a 61 76 61 73 63 72 69 70 |[17]=\"javascrip|
|000012d0| 74 20 65 72 72 6f 72 5c 22 3b 56 5b 34 30 35 5d |t error\";V[405]|
|000012e0| 3d 5c 22 75 6e 73 75 70 70 6f 72 74 65 64 20 6f |=\"unsupported o|
|000012f0| 70 65 72 61 74 69 6f 6e 5c 22 3b 56 5b 33 34 5d |peration\";V[34]|
|00001300| 3d 5c 22 6d 6f 76 65 20 74 61 72 67 65 74 20 6f |=\"move target o|
|00001310| 75 74 20 6f 66 20 62 6f 75 6e 64 73 5c 22 3b 56 |ut of bounds\";V|
|00001320| 5b 32 37 5d 3d 5c 22 6e 6f 20 73 75 63 68 20 61 |[27]=\"no such a|
|00001330| 6c 65 72 74 5c 22 3b 56 5b 37 5d 3d 5c 22 6e 6f |lert\";V[7]=\"no|
|00001340| 20 73 75 63 68 20 65 6c 65 6d 65 6e 74 5c 22 3b | such element\";|
|00001350| 56 5b 38 5d 3d 5c 22 6e 6f 20 73 75 63 68 20 66 |V[8]=\"no such f|
|00001360| 72 61 6d 65 5c 22 3b 56 5b 32 33 5d 3d 5c 22 6e |rame\";V[23]=\"n|
|00001370| 6f 20 73 75 63 68 20 77 69 6e 64 6f 77 5c 22 3b |o such window\";|
|00001380| 56 5b 32 38 5d 3d 5c 22 73 63 72 69 70 74 20 74 |V[28]=\"script t|
|00001390| 69 6d 65 6f 75 74 5c 22 3b 56 5b 33 33 5d 3d 5c |imeout\";V[33]=\|
|000013a0| 22 73 65 73 73 69 6f 6e 20 6e 6f 74 20 63 72 65 |"session not cre|
|000013b0| 61 74 65 64 5c 22 3b 56 5b 31 30 5d 3d 5c 22 73 |ated\";V[10]=\"s|
|000013c0| 74 61 6c 65 20 65 6c 65 6d 65 6e 74 20 72 65 66 |tale element ref|
|000013d0| 65 72 65 6e 63 65 5c 22 3b 56 5b 32 31 5d 3d 5c |erence\";V[21]=\|
|000013e0| 22 74 69 6d 65 6f 75 74 5c 22 3b 56 5b 32 35 5d |"timeout\";V[25]|
|000013f0| 3d 5c 22 75 6e 61 62 6c 65 20 74 6f 20 73 65 74 |=\"unable to set|
|00001400| 20 63 6f 6f 6b 69 65 5c 22 3b 56 5b 32 36 5d 3d | cookie\";V[26]=|
|00001410| 5c 22 75 6e 65 78 70 65 63 74 65 64 20 61 6c 65 |\"unexpected ale|
|00001420| 72 74 20 6f 70 65 6e 5c 22 3b 56 5b 31 33 5d 3d |rt open\";V[13]=|
|00001430| 73 63 3b 56 5b 39 5d 3d 5c 22 75 6e 6b 6e 6f 77 |sc;V[9]=\"unknow|
|00001440| 6e 20 63 6f 6d 6d 61 6e 64 5c 22 3b 76 61 72 20 |n command\";var |
|00001450| 74 63 3d 76 61 28 29 2c 75 63 3d 79 61 28 29 7c |tc=va(),uc=ya()||
|00001460| 7c 75 28 5c 22 69 50 6f 64 5c 22 29 2c 76 63 3d ||u(\"iPod\"),vc=|
|00001470| 75 28 5c 22 69 50 61 64 5c 22 29 2c 77 63 3d 75 |u(\"iPad\"),wc=u|
|00001480| 28 5c 22 41 6e 64 72 6f 69 64 5c 22 29 5c 75 30 |(\"Android\")\u0|
|00001490| 30 32 36 5c 75 30 30 32 36 21 28 77 61 28 29 7c |026\u0026!(wa()||
|000014a0| 7c 76 61 28 29 7c 7c 75 28 5c 22 4f 70 65 72 61 ||va()||u(\"Opera|
|000014b0| 5c 22 29 7c 7c 75 28 5c 22 53 69 6c 6b 5c 22 29 |\")||u(\"Silk\")|
|000014c0| 29 2c 78 63 3d 77 61 28 29 2c 79 63 3d 75 28 5c |),xc=wa(),yc=u(\|
|000014d0| 22 53 61 66 61 72 69 5c 22 29 5c 75 30 30 32 36 |"Safari\")\u0026|
|000014e0| 5c 75 30 30 32 36 21 28 77 61 28 29 7c 7c 75 28 |\u0026!(wa()||u(|
|000014f0| 5c 22 43 6f 61 73 74 5c 22 29 7c 7c 75 28 5c 22 |\"Coast\")||u(\"|
|00001500| 4f 70 65 72 61 5c 22 29 7c 7c 75 28 5c 22 45 64 |Opera\")||u(\"Ed|
|00001510| 67 65 5c 22 29 7c 7c 75 28 5c 22 45 64 67 5c 75 |ge\")||u(\"Edg\u|
|00001520| 30 30 32 66 5c 22 29 7c 7c 75 28 5c 22 4f 50 52 |002f\")||u(\"OPR|
|00001530| 5c 22 29 7c 7c 76 61 28 29 7c 7c 75 28 5c 22 53 |\")||va()||u(\"S|
|00001540| 69 6c 6b 5c 22 29 7c 7c 75 28 5c 22 41 6e 64 72 |ilk\")||u(\"Andr|
|00001550| 6f 69 64 5c 22 29 29 5c 75 30 30 32 36 5c 75 30 |oid\"))\u0026\u0|
|00001560| 30 32 36 21 28 79 61 28 29 7c 7c 75 28 5c 22 69 |026!(ya()||u(\"i|
|00001570| 50 61 64 5c 22 29 7c 7c 75 28 5c 22 69 50 6f 64 |Pad\")||u(\"iPod|
|00001580| 5c 22 29 29 3b 66 75 6e 63 74 69 6f 6e 20 7a 63 |\"));function zc|
|00001590| 28 61 29 7b 72 65 74 75 72 6e 28 61 3d 61 2e 65 |(a){return(a=a.e|
|000015a0| 78 65 63 28 74 29 29 3f 61 5b 31 5d 3a 5c 22 5c |xec(t))?a[1]:\"\|
|000015b0| 22 7d 28 66 75 6e 63 74 69 6f 6e 28 29 7b 69 66 |"}(function(){if|
|000015c0| 28 74 63 29 72 65 74 75 72 6e 20 7a 63 28 5c 75 |(tc)return zc(\u|
|000015d0| 30 30 32 66 46 69 72 65 66 6f 78 5c 5c 5c 75 30 |002fFirefox\\\u0|
|000015e0| 30 32 66 28 5b 30 2d 39 2e 5d 2b 29 5c 75 30 30 |02f([0-9.]+)\u00|
|000015f0| 32 66 29 3b 69 66 28 76 7c 7c 43 61 7c 7c 42 61 |2f);if(v||Ca||Ba|
|00001600| 29 72 65 74 75 72 6e 20 47 61 3b 69 66 28 78 63 |)return Ga;if(xc|
|00001610| 29 72 65 74 75 72 6e 20 79 61 28 29 7c 7c 75 28 |)return ya()||u(|
|00001620| 5c 22 69 50 61 64 5c 22 29 7c 7c 75 28 5c 22 69 |\"iPad\")||u(\"i|
|00001630| 50 6f 64 5c 22 29 3f 7a 63 28 5c 75 30 30 32 66 |Pod\")?zc(\u002f|
|00001640| 43 72 69 4f 53 5c 5c 5c 75 30 30 32 66 28 5b 30 |CriOS\\\u002f([0|
|00001650| 2d 39 2e 5d 2b 29 5c 75 30 30 32 66 29 3a 7a 63 |-9.]+)\u002f):zc|
|00001660| 28 5c 75 30 30 32 66 43 68 72 6f 6d 65 5c 5c 5c |(\u002fChrome\\\|
|00001670| 75 30 30 32 66 28 5b 30 2d 39 2e 5d 2b 29 5c 75 |u002f([0-9.]+)\u|
|00001680| 30 30 32 66 29 3b 69 66 28 79 63 5c 75 30 30 32 |002f);if(yc\u002|
|00001690| 36 5c 75 30 30 32 36 21 28 79 61 28 29 7c 7c 75 |6\u0026!(ya()||u|
|000016a0| 28 5c 22 69 50 61 64 5c 22 29 7c 7c 75 28 5c 22 |(\"iPad\")||u(\"|
|000016b0| 69 50 6f 64 5c 22 29 29 29 72 65 74 75 72 6e 20 |iPod\")))return |
|000016c0| 7a 63 28 5c 75 30 30 32 66 56 65 72 73 69 6f 6e |zc(\u002fVersion|
|000016d0| 5c 5c 5c 75 30 30 32 66 28 5b 30 2d 39 2e 5d 2b |\\\u002f([0-9.]+|
|000016e0| 29 5c 75 30 30 32 66 29 3b 69 66 28 75 63 7c 7c |)\u002f);if(uc|||
|000016f0| 76 63 29 7b 76 61 72 20 61 3d 5c 75 30 30 32 66 |vc){var a=\u002f|
|00001700| 56 65 72 73 69 6f 6e 5c 5c 5c 75 30 30 32 66 28 |Version\\\u002f(|
|00001710| 5c 5c 53 2b 29 2e 2a 4d 6f 62 69 6c 65 5c 5c 5c |\\S+).*Mobile\\\|
|00001720| 75 30 30 32 66 28 5c 5c 53 2b 29 5c 75 30 30 32 |u002f(\\S+)\u002|
|00001730| 66 2e 65 78 65 63 28 74 29 3b 69 66 28 61 29 72 |f.exec(t);if(a)r|
|00001740| 65 74 75 72 6e 20 61 5b 31 5d 2b 5c 22 2e 5c 22 |eturn a[1]+\".\"|
|00001750| 2b 61 5b 32 5d 7d 65 6c 73 65 20 69 66 28 77 63 |+a[2]}else if(wc|
|00001760| 29 72 65 74 75 72 6e 28 61 3d 7a 63 28 5c 75 30 |)return(a=zc(\u0|
|00001770| 30 32 66 41 6e 64 72 6f 69 64 5c 5c 73 2b 28 5b |02fAndroid\\s+([|
|00001780| 30 2d 39 2e 5d 2b 29 5c 75 30 30 32 66 29 29 3f |0-9.]+)\u002f))?|
|00001790| 61 3a 7a 63 28 5c 75 30 30 32 66 56 65 72 73 69 |a:zc(\u002fVersi|
|000017a0| 6f 6e 5c 5c 5c 75 30 30 32 66 28 5b 30 2d 39 2e |on\\\u002f([0-9.|
|000017b0| 5d 2b 29 5c 75 30 30 32 66 29 3b 72 65 74 75 72 |]+)\u002f);retur|
|000017c0| 6e 5c 22 5c 22 7d 29 28 29 3b 76 61 72 20 41 63 |n\"\"})();var Ac|
|000017d0| 3d 76 5c 75 30 30 32 36 5c 75 30 30 32 36 21 28 |=v\u0026\u0026!(|
|000017e0| 39 5c 75 30 30 33 63 3d 4e 75 6d 62 65 72 28 4c |9\u003c=Number(L|
|000017f0| 61 29 29 3b 66 75 6e 63 74 69 6f 6e 20 57 28 61 |a));function W(a|
|00001800| 2c 62 29 7b 62 5c 75 30 30 32 36 5c 75 30 30 32 |,b){b\u0026\u002|
|00001810| 36 5c 22 73 74 72 69 6e 67 5c 22 21 3d 3d 74 79 |6\"string\"!==ty|
|00001820| 70 65 6f 66 20 62 5c 75 30 30 32 36 5c 75 30 30 |peof b\u0026\u00|
|00001830| 32 36 28 62 3d 62 2e 74 6f 53 74 72 69 6e 67 28 |26(b=b.toString(|
|00001840| 29 29 3b 72 65 74 75 72 6e 21 21 61 5c 75 30 30 |));return!!a\u00|
|00001850| 32 36 5c 75 30 30 32 36 31 3d 3d 61 2e 6e 6f 64 |26\u00261==a.nod|
|00001860| 65 54 79 70 65 5c 75 30 30 32 36 5c 75 30 30 32 |eType\u0026\u002|
|00001870| 36 28 21 62 7c 7c 61 2e 74 61 67 4e 61 6d 65 2e |6(!b||a.tagName.|
|00001880| 74 6f 55 70 70 65 72 43 61 73 65 28 29 3d 3d 62 |toUpperCase()==b|
|00001890| 29 7d 3b 76 61 72 20 42 63 3d 66 75 6e 63 74 69 |)};var Bc=functi|
|000018a0| 6f 6e 28 29 7b 76 61 72 20 61 3d 7b 4b 3a 5c 22 |on(){var a={K:\"|
|000018b0| 68 74 74 70 3a 5c 75 30 30 32 66 5c 75 30 30 32 |http:\u002f\u002|
|000018c0| 66 77 77 77 2e 77 33 2e 6f 72 67 5c 75 30 30 32 |fwww.w3.org\u002|
|000018d0| 66 32 30 30 30 5c 75 30 30 32 66 73 76 67 5c 22 |f2000\u002fsvg\"|
|000018e0| 7d 3b 72 65 74 75 72 6e 20 66 75 6e 63 74 69 6f |};return functio|
|000018f0| 6e 28 62 29 7b 72 65 74 75 72 6e 20 61 5b 62 5d |n(b){return a[b]|
|00001900| 7c 7c 6e 75 6c 6c 7d 7d 28 29 3b 5c 6e 66 75 6e |||null}}();\nfun|
|00001910| 63 74 69 6f 6e 20 43 63 28 61 2c 62 29 7b 76 61 |ction Cc(a,b){va|
|00001920| 72 20 63 3d 41 28 61 29 3b 69 66 28 21 63 2e 64 |r c=A(a);if(!c.d|
|00001930| 6f 63 75 6d 65 6e 74 45 6c 65 6d 65 6e 74 29 72 |ocumentElement)r|
|00001940| 65 74 75 72 6e 20 6e 75 6c 6c 3b 28 76 7c 7c 77 |eturn null;(v||w|
|00001950| 63 29 5c 75 30 30 32 36 5c 75 30 30 32 36 6b 63 |c)\u0026\u0026kc|
|00001960| 28 63 3f 63 2e 70 61 72 65 6e 74 57 69 6e 64 6f |(c?c.parentWindo|
|00001970| 77 7c 7c 63 2e 64 65 66 61 75 6c 74 56 69 65 77 |w||c.defaultView|
|00001980| 3a 77 69 6e 64 6f 77 29 3b 74 72 79 7b 76 61 72 |:window);try{var|
|00001990| 20 64 3d 63 2e 63 72 65 61 74 65 4e 53 52 65 73 | d=c.createNSRes|
|000019a0| 6f 6c 76 65 72 3f 63 2e 63 72 65 61 74 65 4e 53 |olver?c.createNS|
|000019b0| 52 65 73 6f 6c 76 65 72 28 63 2e 64 6f 63 75 6d |Resolver(c.docum|
|000019c0| 65 6e 74 45 6c 65 6d 65 6e 74 29 3a 42 63 3b 69 |entElement):Bc;i|
|000019d0| 66 28 76 5c 75 30 30 32 36 5c 75 30 30 32 36 21 |f(v\u0026\u0026!|
|000019e0| 4b 61 28 37 29 29 72 65 74 75 72 6e 20 63 2e 65 |Ka(7))return c.e|
|000019f0| 76 61 6c 75 61 74 65 2e 63 61 6c 6c 28 63 2c 62 |valuate.call(c,b|
|00001a00| 2c 61 2c 64 2c 39 2c 6e 75 6c 6c 29 3b 69 66 28 |,a,d,9,null);if(|
|00001a10| 21 76 7c 7c 39 5c 75 30 30 33 63 3d 4e 75 6d 62 |!v||9\u003c=Numb|
|00001a20| 65 72 28 4c 61 29 29 7b 66 6f 72 28 76 61 72 20 |er(La)){for(var |
|00001a30| 65 3d 7b 7d 2c 66 3d 63 2e 67 65 74 45 6c 65 6d |e={},f=c.getElem|
|00001a40| 65 6e 74 73 42 79 54 61 67 4e 61 6d 65 28 5c 22 |entsByTagName(\"|
|00001a50| 2a 5c 22 29 2c 67 3d 30 3b 67 5c 75 30 30 33 63 |*\"),g=0;g\u003c|
|00001a60| 66 2e 6c 65 6e 67 74 68 3b 2b 2b 67 29 7b 76 61 |f.length;++g){va|
|00001a70| 72 20 68 3d 66 5b 67 5d 2c 6d 3d 68 2e 6e 61 6d |r h=f[g],m=h.nam|
|00001a80| 65 73 70 61 63 65 55 52 49 3b 69 66 28 6d 5c 75 |espaceURI;if(m\u|
|00001a90| 30 30 32 36 5c 75 30 30 32 36 21 65 5b 6d 5d 29 |0026\u0026!e[m])|
|00001aa0| 7b 76 61 72 20 77 3d 68 2e 6c 6f 6f 6b 75 70 50 |{var w=h.lookupP|
|00001ab0| 72 65 66 69 78 28 6d 29 3b 69 66 28 21 77 29 7b |refix(m);if(!w){|
|00001ac0| 76 61 72 20 72 3d 6d 2e 6d 61 74 63 68 28 5c 22 |var r=m.match(\"|
|00001ad0| 2e 2a 5c 75 30 30 32 66 28 5c 5c 5c 5c 77 2b 29 |.*\u002f(\\\\w+)|
|00001ae0| 5c 75 30 30 32 66 3f 24 5c 22 29 3b 77 3d 72 3f |\u002f?$\");w=r?|
|00001af0| 72 5b 31 5d 3a 5c 22 78 68 74 6d 6c 5c 22 7d 65 |r[1]:\"xhtml\"}e|
|00001b00| 5b 6d 5d 3d 77 7d 7d 76 61 72 20 44 3d 7b 7d 2c |[m]=w}}var D={},|
|00001b10| 4c 3b 66 6f 72 28 4c 20 69 6e 20 65 29 44 5b 65 |L;for(L in e)D[e|
|00001b20| 5b 4c 5d 5d 3d 4c 3b 64 3d 66 75 6e 63 74 69 6f |[L]]=L;d=functio|
|00001b30| 6e 28 4d 29 7b 72 65 74 75 72 6e 20 44 5b 4d 5d |n(M){return D[M]|
|00001b40| 7c 7c 5c 6e 6e 75 6c 6c 7d 7d 74 72 79 7b 72 65 |||\nnull}}try{re|
|00001b50| 74 75 72 6e 20 63 2e 65 76 61 6c 75 61 74 65 28 |turn c.evaluate(|
|00001b60| 62 2c 61 2c 64 2c 39 2c 6e 75 6c 6c 29 7d 63 61 |b,a,d,9,null)}ca|
|00001b70| 74 63 68 28 4d 29 7b 69 66 28 5c 22 54 79 70 65 |tch(M){if(\"Type|
|00001b80| 45 72 72 6f 72 5c 22 3d 3d 3d 4d 2e 6e 61 6d 65 |Error\"===M.name|
|00001b90| 29 72 65 74 75 72 6e 20 64 3d 63 2e 63 72 65 61 |)return d=c.crea|
|00001ba0| 74 65 4e 53 52 65 73 6f 6c 76 65 72 3f 63 2e 63 |teNSResolver?c.c|
|00001bb0| 72 65 61 74 65 4e 53 52 65 73 6f 6c 76 65 72 28 |reateNSResolver(|
|00001bc0| 63 2e 64 6f 63 75 6d 65 6e 74 45 6c 65 6d 65 6e |c.documentElemen|
|00001bd0| 74 29 3a 42 63 2c 63 2e 65 76 61 6c 75 61 74 65 |t):Bc,c.evaluate|
|00001be0| 28 62 2c 61 2c 64 2c 39 2c 6e 75 6c 6c 29 3b 74 |(b,a,d,9,null);t|
|00001bf0| 68 72 6f 77 20 4d 3b 7d 7d 63 61 74 63 68 28 4d |hrow M;}}catch(M|
|00001c00| 29 7b 69 66 28 21 44 61 7c 7c 5c 22 4e 53 5f 45 |){if(!Da||\"NS_E|
|00001c10| 52 52 4f 52 5f 49 4c 4c 45 47 41 4c 5f 56 41 4c |RROR_ILLEGAL_VAL|
|00001c20| 55 45 5c 22 21 3d 4d 2e 6e 61 6d 65 29 74 68 72 |UE\"!=M.name)thr|
|00001c30| 6f 77 20 6e 65 77 20 72 63 28 33 32 2c 5c 22 55 |ow new rc(32,\"U|
|00001c40| 6e 61 62 6c 65 20 74 6f 20 6c 6f 63 61 74 65 20 |nable to locate |
|00001c50| 61 6e 20 65 6c 65 6d 65 6e 74 20 77 69 74 68 20 |an element with |
|00001c60| 74 68 65 20 78 70 61 74 68 20 65 78 70 72 65 73 |the xpath expres|
|00001c70| 73 69 6f 6e 20 5c 22 2b 62 2b 5c 22 20 62 65 63 |sion \"+b+\" bec|
|00001c80| 61 75 73 65 20 6f 66 20 74 68 65 20 66 6f 6c 6c |ause of the foll|
|00001c90| 6f 77 69 6e 67 20 65 72 72 6f 72 3a 5c 5c 6e 5c |owing error:\\n\|
|00001ca0| 22 2b 4d 29 3b 7d 7d 5c 6e 66 75 6e 63 74 69 6f |"+M);}}\nfunctio|
|00001cb0| 6e 20 44 63 28 61 2c 62 29 7b 76 61 72 20 63 3d |n Dc(a,b){var c=|
|00001cc0| 66 75 6e 63 74 69 6f 6e 28 29 7b 76 61 72 20 64 |function(){var d|
|00001cd0| 3d 43 63 28 62 2c 61 29 3b 72 65 74 75 72 6e 20 |=Cc(b,a);return |
|00001ce0| 64 3f 64 2e 73 69 6e 67 6c 65 4e 6f 64 65 56 61 |d?d.singleNodeVa|
|00001cf0| 6c 75 65 7c 7c 6e 75 6c 6c 3a 62 2e 73 65 6c 65 |lue||null:b.sele|
|00001d00| 63 74 53 69 6e 67 6c 65 4e 6f 64 65 3f 28 64 3d |ctSingleNode?(d=|
|00001d10| 41 28 62 29 2c 64 2e 73 65 74 50 72 6f 70 65 72 |A(b),d.setProper|
|00001d20| 74 79 5c 75 30 30 32 36 5c 75 30 30 32 36 64 2e |ty\u0026\u0026d.|
|00001d30| 73 65 74 50 72 6f 70 65 72 74 79 28 5c 22 53 65 |setProperty(\"Se|
|00001d40| 6c 65 63 74 69 6f 6e 4c 61 6e 67 75 61 67 65 5c |lectionLanguage\|
|00001d50| 22 2c 5c 22 58 50 61 74 68 5c 22 29 2c 62 2e 73 |",\"XPath\"),b.s|
|00001d60| 65 6c 65 63 74 53 69 6e 67 6c 65 4e 6f 64 65 28 |electSingleNode(|
|00001d70| 61 29 29 3a 6e 75 6c 6c 7d 28 29 3b 69 66 28 6e |a)):null}();if(n|
|00001d80| 75 6c 6c 21 3d 3d 63 5c 75 30 30 32 36 5c 75 30 |ull!==c\u0026\u0|
|00001d90| 30 32 36 28 21 63 7c 7c 31 21 3d 63 2e 6e 6f 64 |026(!c||1!=c.nod|
|00001da0| 65 54 79 70 65 29 29 74 68 72 6f 77 20 6e 65 77 |eType))throw new|
|00001db0| 20 72 63 28 33 32 2c 27 54 68 65 20 72 65 73 75 | rc(32,'The resu|
|00001dc0| 6c 74 20 6f 66 20 74 68 65 20 78 70 61 74 68 20 |lt of the xpath |
|00001dd0| 65 78 70 72 65 73 73 69 6f 6e 20 5c 22 27 2b 61 |expression \"'+a|
|00001de0| 2b 27 5c 22 20 69 73 3a 20 27 2b 63 2b 5c 22 2e |+'\" is: '+c+\".|
|00001df0| 20 49 74 20 73 68 6f 75 6c 64 20 62 65 20 61 6e | It should be an|
|00001e00| 20 65 6c 65 6d 65 6e 74 2e 5c 22 29 3b 72 65 74 | element.\");ret|
|00001e10| 75 72 6e 20 63 7d 3b 66 75 6e 63 74 69 6f 6e 20 |urn c};function |
|00001e20| 45 63 28 61 2c 62 2c 63 2c 64 29 7b 74 68 69 73 |Ec(a,b,c,d){this|
|00001e30| 2e 63 3d 61 3b 74 68 69 73 2e 61 3d 62 3b 74 68 |.c=a;this.a=b;th|
|00001e40| 69 73 2e 62 3d 63 3b 74 68 69 73 2e 66 3d 64 7d |is.b=c;this.f=d}|
|00001e50| 45 63 2e 70 72 6f 74 6f 74 79 70 65 2e 63 65 69 |Ec.prototype.cei|
|00001e60| 6c 3d 66 75 6e 63 74 69 6f 6e 28 29 7b 74 68 69 |l=function(){thi|
|00001e70| 73 2e 63 3d 4d 61 74 68 2e 63 65 69 6c 28 74 68 |s.c=Math.ceil(th|
|00001e80| 69 73 2e 63 29 3b 74 68 69 73 2e 61 3d 4d 61 74 |is.c);this.a=Mat|
|00001e90| 68 2e 63 65 69 6c 28 74 68 69 73 2e 61 29 3b 74 |h.ceil(this.a);t|
|00001ea0| 68 69 73 2e 62 3d 4d 61 74 68 2e 63 65 69 6c 28 |his.b=Math.ceil(|
|00001eb0| 74 68 69 73 2e 62 29 3b 74 68 69 73 2e 66 3d 4d |this.b);this.f=M|
|00001ec0| 61 74 68 2e 63 65 69 6c 28 74 68 69 73 2e 66 29 |ath.ceil(this.f)|
|00001ed0| 3b 72 65 74 75 72 6e 20 74 68 69 73 7d 3b 45 63 |;return this};Ec|
|00001ee0| 2e 70 72 6f 74 6f 74 79 70 65 2e 66 6c 6f 6f 72 |.prototype.floor|
|00001ef0| 3d 66 75 6e 63 74 69 6f 6e 28 29 7b 74 68 69 73 |=function(){this|
|00001f00| 2e 63 3d 4d 61 74 68 2e 66 6c 6f 6f 72 28 74 68 |.c=Math.floor(th|
|00001f10| 69 73 2e 63 29 3b 74 68 69 73 2e 61 3d 4d 61 74 |is.c);this.a=Mat|
|00001f20| 68 2e 66 6c 6f 6f 72 28 74 68 69 73 2e 61 29 3b |h.floor(this.a);|
|00001f30| 74 68 69 73 2e 62 3d 4d 61 74 68 2e 66 6c 6f 6f |this.b=Math.floo|
|00001f40| 72 28 74 68 69 73 2e 62 29 3b 74 68 69 73 2e 66 |r(this.b);this.f|
|00001f50| 3d 4d 61 74 68 2e 66 6c 6f 6f 72 28 74 68 69 73 |=Math.floor(this|
|00001f60| 2e 66 29 3b 72 65 74 75 72 6e 20 74 68 69 73 7d |.f);return this}|
|00001f70| 3b 45 63 2e 70 72 6f 74 6f 74 79 70 65 2e 72 6f |;Ec.prototype.ro|
|00001f80| 75 6e 64 3d 66 75 6e 63 74 69 6f 6e 28 29 7b 74 |und=function(){t|
|00001f90| 68 69 73 2e 63 3d 4d 61 74 68 2e 72 6f 75 6e 64 |his.c=Math.round|
|00001fa0| 28 74 68 69 73 2e 63 29 3b 74 68 69 73 2e 61 3d |(this.c);this.a=|
|00001fb0| 4d 61 74 68 2e 72 6f 75 6e 64 28 74 68 69 73 2e |Math.round(this.|
|00001fc0| 61 29 3b 74 68 69 73 2e 62 3d 4d 61 74 68 2e 72 |a);this.b=Math.r|
|00001fd0| 6f 75 6e 64 28 74 68 69 73 2e 62 29 3b 74 68 69 |ound(this.b);thi|
|00001fe0| 73 2e 66 3d 4d 61 74 68 2e 72 6f 75 6e 64 28 74 |s.f=Math.round(t|
|00001ff0| 68 69 73 2e 66 29 3b 72 65 74 75 72 6e 20 74 68 |his.f);return th|
+--------+-------------------------------------------------+----------------+
14:13:02.822 [AsyncHttpClient-1-8] TRACE i.n.handler.logging.LoggingHandler - [id: 0xa6657862, L:/127.0.0.1:64395 - R:localhost/127.0.0.1:53550] FLUSH
14:13:02.823 [AsyncHttpClient-1-8] TRACE i.n.handler.logging.LoggingHandler - [id: 0xa6657862, L:/127.0.0.1:64395 - R:localhost/127.0.0.1:53550] WRITE: 7820B
         +-------------------------------------------------+
         |  0  1  2  3  4  5  6  7  8  9  a  b  c  d  e  f |
+--------+-------------------------------------------------+----------------+
|00000000| 69 73 7d 3b 66 75 6e 63 74 69 6f 6e 20 58 28 61 |is};function X(a|
|00000010| 2c 62 2c 63 2c 64 29 7b 74 68 69 73 2e 61 3d 61 |,b,c,d){this.a=a|
|00000020| 3b 74 68 69 73 2e 62 3d 62 3b 74 68 69 73 2e 77 |;this.b=b;this.w|
|00000030| 69 64 74 68 3d 63 3b 74 68 69 73 2e 68 65 69 67 |idth=c;this.heig|
|00000040| 68 74 3d 64 7d 58 2e 70 72 6f 74 6f 74 79 70 65 |ht=d}X.prototype|
|00000050| 2e 63 65 69 6c 3d 66 75 6e 63 74 69 6f 6e 28 29 |.ceil=function()|
|00000060| 7b 74 68 69 73 2e 61 3d 4d 61 74 68 2e 63 65 69 |{this.a=Math.cei|
|00000070| 6c 28 74 68 69 73 2e 61 29 3b 74 68 69 73 2e 62 |l(this.a);this.b|
|00000080| 3d 4d 61 74 68 2e 63 65 69 6c 28 74 68 69 73 2e |=Math.ceil(this.|
|00000090| 62 29 3b 74 68 69 73 2e 77 69 64 74 68 3d 4d 61 |b);this.width=Ma|
|000000a0| 74 68 2e 63 65 69 6c 28 74 68 69 73 2e 77 69 64 |th.ceil(this.wid|
|000000b0| 74 68 29 3b 74 68 69 73 2e 68 65 69 67 68 74 3d |th);this.height=|
|000000c0| 4d 61 74 68 2e 63 65 69 6c 28 74 68 69 73 2e 68 |Math.ceil(this.h|
|000000d0| 65 69 67 68 74 29 3b 72 65 74 75 72 6e 20 74 68 |eight);return th|
|000000e0| 69 73 7d 3b 58 2e 70 72 6f 74 6f 74 79 70 65 2e |is};X.prototype.|
|000000f0| 66 6c 6f 6f 72 3d 66 75 6e 63 74 69 6f 6e 28 29 |floor=function()|
|00000100| 7b 74 68 69 73 2e 61 3d 4d 61 74 68 2e 66 6c 6f |{this.a=Math.flo|
|00000110| 6f 72 28 74 68 69 73 2e 61 29 3b 74 68 69 73 2e |or(this.a);this.|
|00000120| 62 3d 4d 61 74 68 2e 66 6c 6f 6f 72 28 74 68 69 |b=Math.floor(thi|
|00000130| 73 2e 62 29 3b 74 68 69 73 2e 77 69 64 74 68 3d |s.b);this.width=|
|00000140| 4d 61 74 68 2e 66 6c 6f 6f 72 28 74 68 69 73 2e |Math.floor(this.|
|00000150| 77 69 64 74 68 29 3b 74 68 69 73 2e 68 65 69 67 |width);this.heig|
|00000160| 68 74 3d 4d 61 74 68 2e 66 6c 6f 6f 72 28 74 68 |ht=Math.floor(th|
|00000170| 69 73 2e 68 65 69 67 68 74 29 3b 72 65 74 75 72 |is.height);retur|
|00000180| 6e 20 74 68 69 73 7d 3b 5c 6e 58 2e 70 72 6f 74 |n this};\nX.prot|
|00000190| 6f 74 79 70 65 2e 72 6f 75 6e 64 3d 66 75 6e 63 |otype.round=func|
|000001a0| 74 69 6f 6e 28 29 7b 74 68 69 73 2e 61 3d 4d 61 |tion(){this.a=Ma|
|000001b0| 74 68 2e 72 6f 75 6e 64 28 74 68 69 73 2e 61 29 |th.round(this.a)|
|000001c0| 3b 74 68 69 73 2e 62 3d 4d 61 74 68 2e 72 6f 75 |;this.b=Math.rou|
|000001d0| 6e 64 28 74 68 69 73 2e 62 29 3b 74 68 69 73 2e |nd(this.b);this.|
|000001e0| 77 69 64 74 68 3d 4d 61 74 68 2e 72 6f 75 6e 64 |width=Math.round|
|000001f0| 28 74 68 69 73 2e 77 69 64 74 68 29 3b 74 68 69 |(this.width);thi|
|00000200| 73 2e 68 65 69 67 68 74 3d 4d 61 74 68 2e 72 6f |s.height=Math.ro|
|00000210| 75 6e 64 28 74 68 69 73 2e 68 65 69 67 68 74 29 |und(this.height)|
|00000220| 3b 72 65 74 75 72 6e 20 74 68 69 73 7d 3b 76 61 |;return this};va|
|00000230| 72 20 46 63 3d 5c 22 66 75 6e 63 74 69 6f 6e 5c |r Fc=\"function\|
|00000240| 22 3d 3d 3d 74 79 70 65 6f 66 20 53 68 61 64 6f |"===typeof Shado|
|00000250| 77 52 6f 6f 74 3b 66 75 6e 63 74 69 6f 6e 20 47 |wRoot;function G|
|00000260| 63 28 61 29 7b 66 6f 72 28 61 3d 61 2e 70 61 72 |c(a){for(a=a.par|
|00000270| 65 6e 74 4e 6f 64 65 3b 61 5c 75 30 30 32 36 5c |entNode;a\u0026\|
|00000280| 75 30 30 32 36 31 21 3d 61 2e 6e 6f 64 65 54 79 |u00261!=a.nodeTy|
|00000290| 70 65 5c 75 30 30 32 36 5c 75 30 30 32 36 39 21 |pe\u0026\u00269!|
|000002a0| 3d 61 2e 6e 6f 64 65 54 79 70 65 5c 75 30 30 32 |=a.nodeType\u002|
|000002b0| 36 5c 75 30 30 32 36 31 31 21 3d 61 2e 6e 6f 64 |6\u002611!=a.nod|
|000002c0| 65 54 79 70 65 3b 29 61 3d 61 2e 70 61 72 65 6e |eType;)a=a.paren|
|000002d0| 74 4e 6f 64 65 3b 72 65 74 75 72 6e 20 57 28 61 |tNode;return W(a|
|000002e0| 29 3f 61 3a 6e 75 6c 6c 7d 5c 6e 66 75 6e 63 74 |)?a:null}\nfunct|
|000002f0| 69 6f 6e 20 59 28 61 2c 62 29 7b 62 3d 78 61 28 |ion Y(a,b){b=xa(|
|00000300| 62 29 3b 69 66 28 5c 22 66 6c 6f 61 74 5c 22 3d |b);if(\"float\"=|
|00000310| 3d 62 7c 7c 5c 22 63 73 73 46 6c 6f 61 74 5c 22 |=b||\"cssFloat\"|
|00000320| 3d 3d 62 7c 7c 5c 22 73 74 79 6c 65 46 6c 6f 61 |==b||\"styleFloa|
|00000330| 74 5c 22 3d 3d 62 29 62 3d 41 63 3f 5c 22 73 74 |t\"==b)b=Ac?\"st|
|00000340| 79 6c 65 46 6c 6f 61 74 5c 22 3a 5c 22 63 73 73 |yleFloat\":\"css|
|00000350| 46 6c 6f 61 74 5c 22 3b 61 3a 7b 76 61 72 20 63 |Float\";a:{var c|
|00000360| 3d 62 3b 76 61 72 20 64 3d 41 28 61 29 3b 69 66 |=b;var d=A(a);if|
|00000370| 28 64 2e 64 65 66 61 75 6c 74 56 69 65 77 5c 75 |(d.defaultView\u|
|00000380| 30 30 32 36 5c 75 30 30 32 36 64 2e 64 65 66 61 |0026\u0026d.defa|
|00000390| 75 6c 74 56 69 65 77 2e 67 65 74 43 6f 6d 70 75 |ultView.getCompu|
|000003a0| 74 65 64 53 74 79 6c 65 5c 75 30 30 32 36 5c 75 |tedStyle\u0026\u|
|000003b0| 30 30 32 36 28 64 3d 64 2e 64 65 66 61 75 6c 74 |0026(d=d.default|
|000003c0| 56 69 65 77 2e 67 65 74 43 6f 6d 70 75 74 65 64 |View.getComputed|
|000003d0| 53 74 79 6c 65 28 61 2c 6e 75 6c 6c 29 29 29 7b |Style(a,null))){|
|000003e0| 63 3d 64 5b 63 5d 7c 7c 64 2e 67 65 74 50 72 6f |c=d[c]||d.getPro|
|000003f0| 70 65 72 74 79 56 61 6c 75 65 28 63 29 7c 7c 5c |pertyValue(c)||\|
|00000400| 22 5c 22 3b 62 72 65 61 6b 20 61 7d 63 3d 5c 22 |"\";break a}c=\"|
|00000410| 5c 22 7d 61 3d 63 7c 7c 48 63 28 61 2c 62 29 3b |\"}a=c||Hc(a,b);|
|00000420| 69 66 28 6e 75 6c 6c 3d 3d 3d 61 29 61 3d 6e 75 |if(null===a)a=nu|
|00000430| 6c 6c 3b 65 6c 73 65 20 69 66 28 30 5c 75 30 30 |ll;else if(0\u00|
|00000440| 33 63 3d 6a 61 28 6d 63 2c 62 29 29 7b 62 3a 7b |3c=ja(mc,b)){b:{|
|00000450| 76 61 72 20 65 3d 61 2e 6d 61 74 63 68 28 70 63 |var e=a.match(pc|
|00000460| 29 3b 69 66 28 65 5c 75 30 30 32 36 5c 75 30 30 |);if(e\u0026\u00|
|00000470| 32 36 28 62 3d 4e 75 6d 62 65 72 28 65 5b 31 5d |26(b=Number(e[1]|
|00000480| 29 2c 63 3d 4e 75 6d 62 65 72 28 65 5b 32 5d 29 |),c=Number(e[2])|
|00000490| 2c 64 3d 4e 75 6d 62 65 72 28 65 5b 33 5d 29 2c |,d=Number(e[3]),|
|000004a0| 65 3d 4e 75 6d 62 65 72 28 65 5b 34 5d 29 2c 30 |e=Number(e[4]),0|
|000004b0| 5c 75 30 30 33 63 3d 62 5c 75 30 30 32 36 5c 75 |\u003c=b\u0026\u|
|000004c0| 30 30 32 36 32 35 35 3e 3d 62 5c 75 30 30 32 36 |0026255>=b\u0026|
|000004d0| 5c 75 30 30 32 36 30 5c 75 30 30 33 63 3d 63 5c |\u00260\u003c=c\|
|000004e0| 75 30 30 32 36 5c 75 30 30 32 36 32 35 35 3e 3d |u0026\u0026255>=|
|000004f0| 63 5c 75 30 30 32 36 5c 75 30 30 32 36 30 5c 75 |c\u0026\u00260\u|
|00000500| 30 30 33 63 3d 64 5c 75 30 30 32 36 5c 75 30 30 |003c=d\u0026\u00|
|00000510| 32 36 32 35 35 3e 3d 64 5c 75 30 30 32 36 5c 75 |26255>=d\u0026\u|
|00000520| 30 30 32 36 30 5c 75 30 30 33 63 3d 65 5c 75 30 |00260\u003c=e\u0|
|00000530| 30 32 36 5c 75 30 30 32 36 31 3e 3d 65 29 29 7b |026\u00261>=e)){|
|00000540| 62 3d 5b 62 2c 63 2c 64 2c 65 5d 3b 62 72 65 61 |b=[b,c,d,e];brea|
|00000550| 6b 20 62 7d 62 3d 6e 75 6c 6c 7d 69 66 28 21 62 |k b}b=null}if(!b|
|00000560| 29 62 3a 7b 69 66 28 64 3d 61 2e 6d 61 74 63 68 |)b:{if(d=a.match|
|00000570| 28 71 63 29 29 69 66 28 62 3d 5c 6e 4e 75 6d 62 |(qc))if(b=\nNumb|
|00000580| 65 72 28 64 5b 31 5d 29 2c 63 3d 4e 75 6d 62 65 |er(d[1]),c=Numbe|
|00000590| 72 28 64 5b 32 5d 29 2c 64 3d 4e 75 6d 62 65 72 |r(d[2]),d=Number|
|000005a0| 28 64 5b 33 5d 29 2c 30 5c 75 30 30 33 63 3d 62 |(d[3]),0\u003c=b|
|000005b0| 5c 75 30 30 32 36 5c 75 30 30 32 36 32 35 35 3e |\u0026\u0026255>|
|000005c0| 3d 62 5c 75 30 30 32 36 5c 75 30 30 32 36 30 5c |=b\u0026\u00260\|
|000005d0| 75 30 30 33 63 3d 63 5c 75 30 30 32 36 5c 75 30 |u003c=c\u0026\u0|
|000005e0| 30 32 36 32 35 35 3e 3d 63 5c 75 30 30 32 36 5c |026255>=c\u0026\|
|000005f0| 75 30 30 32 36 30 5c 75 30 30 33 63 3d 64 5c 75 |u00260\u003c=d\u|
|00000600| 30 30 32 36 5c 75 30 30 32 36 32 35 35 3e 3d 64 |0026\u0026255>=d|
|00000610| 29 7b 62 3d 5b 62 2c 63 2c 64 2c 31 5d 3b 62 72 |){b=[b,c,d,1];br|
|00000620| 65 61 6b 20 62 7d 62 3d 6e 75 6c 6c 7d 69 66 28 |eak b}b=null}if(|
|00000630| 21 62 29 62 3a 7b 62 3d 61 2e 74 6f 4c 6f 77 65 |!b)b:{b=a.toLowe|
|00000640| 72 43 61 73 65 28 29 3b 63 3d 6c 63 5b 62 2e 74 |rCase();c=lc[b.t|
|00000650| 6f 4c 6f 77 65 72 43 61 73 65 28 29 5d 3b 69 66 |oLowerCase()];if|
|00000660| 28 21 63 5c 75 30 30 32 36 5c 75 30 30 32 36 28 |(!c\u0026\u0026(|
|00000670| 63 3d 5c 22 23 5c 22 3d 3d 62 2e 63 68 61 72 41 |c=\"#\"==b.charA|
|00000680| 74 28 30 29 3f 62 3a 5c 22 23 5c 22 2b 62 2c 34 |t(0)?b:\"#\"+b,4|
|00000690| 3d 3d 63 2e 6c 65 6e 67 74 68 5c 75 30 30 32 36 |==c.length\u0026|
|000006a0| 5c 75 30 30 32 36 28 63 3d 63 2e 72 65 70 6c 61 |\u0026(c=c.repla|
|000006b0| 63 65 28 6e 63 2c 5c 22 23 24 31 24 31 24 32 24 |ce(nc,\"#$1$1$2$|
|000006c0| 32 24 33 24 33 5c 22 29 29 2c 21 6f 63 2e 74 65 |2$3$3\")),!oc.te|
|000006d0| 73 74 28 63 29 29 29 7b 62 3d 6e 75 6c 6c 3b 62 |st(c))){b=null;b|
|000006e0| 72 65 61 6b 20 62 7d 62 3d 5b 70 61 72 73 65 49 |reak b}b=[parseI|
|000006f0| 6e 74 28 63 2e 73 75 62 73 74 72 28 31 2c 32 29 |nt(c.substr(1,2)|
|00000700| 2c 31 36 29 2c 70 61 72 73 65 49 6e 74 28 63 2e |,16),parseInt(c.|
|00000710| 73 75 62 73 74 72 28 33 2c 32 29 2c 31 36 29 2c |substr(3,2),16),|
|00000720| 70 61 72 73 65 49 6e 74 28 63 2e 73 75 62 73 74 |parseInt(c.subst|
|00000730| 72 28 35 2c 32 29 2c 31 36 29 2c 31 5d 7d 61 3d |r(5,2),16),1]}a=|
|00000740| 62 3f 5c 22 72 67 62 61 28 5c 22 2b 62 2e 6a 6f |b?\"rgba(\"+b.jo|
|00000750| 69 6e 28 5c 22 2c 20 5c 22 29 2b 5c 22 29 5c 22 |in(\", \")+\")\"|
|00000760| 3a 61 7d 72 65 74 75 72 6e 20 61 7d 5c 6e 66 75 |:a}return a}\nfu|
|00000770| 6e 63 74 69 6f 6e 20 48 63 28 61 2c 62 29 7b 76 |nction Hc(a,b){v|
|00000780| 61 72 20 63 3d 61 2e 63 75 72 72 65 6e 74 53 74 |ar c=a.currentSt|
|00000790| 79 6c 65 7c 7c 61 2e 73 74 79 6c 65 2c 64 3d 63 |yle||a.style,d=c|
|000007a0| 5b 62 5d 3b 76 6f 69 64 20 30 3d 3d 3d 64 5c 75 |[b];void 0===d\u|
|000007b0| 30 30 32 36 5c 75 30 30 32 36 5c 22 66 75 6e 63 |0026\u0026\"func|
|000007c0| 74 69 6f 6e 5c 22 3d 3d 63 61 28 63 2e 67 65 74 |tion\"==ca(c.get|
|000007d0| 50 72 6f 70 65 72 74 79 56 61 6c 75 65 29 5c 75 |PropertyValue)\u|
|000007e0| 30 30 32 36 5c 75 30 30 32 36 28 64 3d 63 2e 67 |0026\u0026(d=c.g|
|000007f0| 65 74 50 72 6f 70 65 72 74 79 56 61 6c 75 65 28 |etPropertyValue(|
|00000800| 62 29 29 3b 72 65 74 75 72 6e 5c 22 69 6e 68 65 |b));return\"inhe|
|00000810| 72 69 74 5c 22 21 3d 64 3f 76 6f 69 64 20 30 21 |rit\"!=d?void 0!|
|00000820| 3d 3d 64 3f 64 3a 6e 75 6c 6c 3a 28 61 3d 47 63 |==d?d:null:(a=Gc|
|00000830| 28 61 29 29 3f 48 63 28 61 2c 62 29 3a 6e 75 6c |(a))?Hc(a,b):nul|
|00000840| 6c 7d 5c 6e 66 75 6e 63 74 69 6f 6e 20 49 63 28 |l}\nfunction Ic(|
|00000850| 61 2c 62 2c 63 29 7b 66 75 6e 63 74 69 6f 6e 20 |a,b,c){function |
|00000860| 64 28 67 29 7b 76 61 72 20 68 3d 4a 63 28 67 29 |d(g){var h=Jc(g)|
|00000870| 3b 72 65 74 75 72 6e 20 30 5c 75 30 30 33 63 68 |;return 0\u003ch|
|00000880| 2e 68 65 69 67 68 74 5c 75 30 30 32 36 5c 75 30 |.height\u0026\u0|
|00000890| 30 32 36 30 5c 75 30 30 33 63 68 2e 77 69 64 74 |0260\u003ch.widt|
|000008a0| 68 3f 21 30 3a 57 28 67 2c 5c 22 50 41 54 48 5c |h?!0:W(g,\"PATH\|
|000008b0| 22 29 5c 75 30 30 32 36 5c 75 30 30 32 36 28 30 |")\u0026\u0026(0|
|000008c0| 5c 75 30 30 33 63 68 2e 68 65 69 67 68 74 7c 7c |\u003ch.height|||
|000008d0| 30 5c 75 30 30 33 63 68 2e 77 69 64 74 68 29 3f |0\u003ch.width)?|
|000008e0| 28 67 3d 59 28 67 2c 5c 22 73 74 72 6f 6b 65 2d |(g=Y(g,\"stroke-|
|000008f0| 77 69 64 74 68 5c 22 29 2c 21 21 67 5c 75 30 30 |width\"),!!g\u00|
|00000900| 32 36 5c 75 30 30 32 36 30 5c 75 30 30 33 63 70 |26\u00260\u003cp|
|00000910| 61 72 73 65 49 6e 74 28 67 2c 31 30 29 29 3a 5c |arseInt(g,10)):\|
|00000920| 22 68 69 64 64 65 6e 5c 22 21 3d 59 28 67 2c 5c |"hidden\"!=Y(g,\|
|00000930| 22 6f 76 65 72 66 6c 6f 77 5c 22 29 5c 75 30 30 |"overflow\")\u00|
|00000940| 32 36 5c 75 30 30 32 36 6d 61 28 67 2e 63 68 69 |26\u0026ma(g.chi|
|00000950| 6c 64 4e 6f 64 65 73 2c 66 75 6e 63 74 69 6f 6e |ldNodes,function|
|00000960| 28 6d 29 7b 72 65 74 75 72 6e 20 33 3d 3d 6d 2e |(m){return 3==m.|
|00000970| 6e 6f 64 65 54 79 70 65 7c 7c 57 28 6d 29 5c 75 |nodeType||W(m)\u|
|00000980| 30 30 32 36 5c 75 30 30 32 36 64 28 6d 29 7d 29 |0026\u0026d(m)})|
|00000990| 7d 66 75 6e 63 74 69 6f 6e 20 65 28 67 29 7b 72 |}function e(g){r|
|000009a0| 65 74 75 72 6e 20 4b 63 28 67 29 3d 3d 5a 5c 75 |eturn Kc(g)==Z\u|
|000009b0| 30 30 32 36 5c 75 30 30 32 36 6e 61 28 67 2e 63 |0026\u0026na(g.c|
|000009c0| 68 69 6c 64 4e 6f 64 65 73 2c 66 75 6e 63 74 69 |hildNodes,functi|
|000009d0| 6f 6e 28 68 29 7b 72 65 74 75 72 6e 21 57 28 68 |on(h){return!W(h|
|000009e0| 29 7c 7c 65 28 68 29 7c 7c 21 64 28 68 29 7d 29 |)||e(h)||!d(h)})|
|000009f0| 7d 69 66 28 21 57 28 61 29 29 74 68 72 6f 77 20 |}if(!W(a))throw |
|00000a00| 45 72 72 6f 72 28 5c 22 41 72 67 75 6d 65 6e 74 |Error(\"Argument|
|00000a10| 20 74 6f 20 69 73 53 68 6f 77 6e 20 6d 75 73 74 | to isShown must|
|00000a20| 20 62 65 20 6f 66 20 74 79 70 65 20 45 6c 65 6d | be of type Elem|
|00000a30| 65 6e 74 5c 22 29 3b 69 66 28 57 28 61 2c 5c 22 |ent\");if(W(a,\"|
|00000a40| 42 4f 44 59 5c 22 29 29 72 65 74 75 72 6e 21 30 |BODY\"))return!0|
|00000a50| 3b 69 66 28 57 28 61 2c 5c 22 4f 50 54 49 4f 4e |;if(W(a,\"OPTION|
|00000a60| 5c 22 29 7c 7c 57 28 61 2c 5c 22 4f 50 54 47 52 |\")||W(a,\"OPTGR|
|00000a70| 4f 55 50 5c 22 29 29 72 65 74 75 72 6e 20 61 3d |OUP\"))return a=|
|00000a80| 24 61 28 61 2c 66 75 6e 63 74 69 6f 6e 28 67 29 |$a(a,function(g)|
|00000a90| 7b 72 65 74 75 72 6e 20 57 28 67 2c 5c 22 53 45 |{return W(g,\"SE|
|00000aa0| 4c 45 43 54 5c 22 29 7d 29 2c 5c 6e 21 21 61 5c |LECT\")}),\n!!a\|
|00000ab0| 75 30 30 32 36 5c 75 30 30 32 36 49 63 28 61 2c |u0026\u0026Ic(a,|
|00000ac0| 21 30 2c 63 29 3b 76 61 72 20 66 3d 4c 63 28 61 |!0,c);var f=Lc(a|
|00000ad0| 29 3b 69 66 28 66 29 72 65 74 75 72 6e 21 21 66 |);if(f)return!!f|
|00000ae0| 2e 69 6d 61 67 65 5c 75 30 30 32 36 5c 75 30 30 |.image\u0026\u00|
|00000af0| 32 36 30 5c 75 30 30 33 63 66 2e 72 65 63 74 2e |260\u003cf.rect.|
|00000b00| 77 69 64 74 68 5c 75 30 30 32 36 5c 75 30 30 32 |width\u0026\u002|
|00000b10| 36 30 5c 75 30 30 33 63 66 2e 72 65 63 74 2e 68 |60\u003cf.rect.h|
|00000b20| 65 69 67 68 74 5c 75 30 30 32 36 5c 75 30 30 32 |eight\u0026\u002|
|00000b30| 36 49 63 28 66 2e 69 6d 61 67 65 2c 62 2c 63 29 |6Ic(f.image,b,c)|
|00000b40| 3b 69 66 28 57 28 61 2c 5c 22 49 4e 50 55 54 5c |;if(W(a,\"INPUT\|
|00000b50| 22 29 5c 75 30 30 32 36 5c 75 30 30 32 36 5c 22 |")\u0026\u0026\"|
|00000b60| 68 69 64 64 65 6e 5c 22 3d 3d 61 2e 74 79 70 65 |hidden\"==a.type|
|00000b70| 2e 74 6f 4c 6f 77 65 72 43 61 73 65 28 29 7c 7c |.toLowerCase()|||
|00000b80| 57 28 61 2c 5c 22 4e 4f 53 43 52 49 50 54 5c 22 |W(a,\"NOSCRIPT\"|
|00000b90| 29 29 72 65 74 75 72 6e 21 31 3b 66 3d 59 28 61 |))return!1;f=Y(a|
|00000ba0| 2c 5c 22 76 69 73 69 62 69 6c 69 74 79 5c 22 29 |,\"visibility\")|
|00000bb0| 3b 72 65 74 75 72 6e 5c 22 63 6f 6c 6c 61 70 73 |;return\"collaps|
|00000bc0| 65 5c 22 21 3d 66 5c 75 30 30 32 36 5c 75 30 30 |e\"!=f\u0026\u00|
|00000bd0| 32 36 5c 22 68 69 64 64 65 6e 5c 22 21 3d 66 5c |26\"hidden\"!=f\|
|00000be0| 75 30 30 32 36 5c 75 30 30 32 36 63 28 61 29 5c |u0026\u0026c(a)\|
|00000bf0| 75 30 30 32 36 5c 75 30 30 32 36 28 62 7c 7c 30 |u0026\u0026(b||0|
|00000c00| 21 3d 4d 63 28 61 29 29 5c 75 30 30 32 36 5c 75 |!=Mc(a))\u0026\u|
|00000c10| 30 30 32 36 64 28 61 29 3f 21 65 28 61 29 3a 21 |0026d(a)?!e(a):!|
|00000c20| 31 7d 76 61 72 20 5a 3d 5c 22 68 69 64 64 65 6e |1}var Z=\"hidden|
|00000c30| 5c 22 3b 5c 6e 66 75 6e 63 74 69 6f 6e 20 4b 63 |\";\nfunction Kc|
|00000c40| 28 61 29 7b 66 75 6e 63 74 69 6f 6e 20 62 28 70 |(a){function b(p|
|00000c50| 29 7b 66 75 6e 63 74 69 6f 6e 20 71 28 66 62 29 |){function q(fb)|
|00000c60| 7b 69 66 28 66 62 3d 3d 67 29 72 65 74 75 72 6e |{if(fb==g)return|
|00000c70| 21 30 3b 76 61 72 20 57 62 3d 59 28 66 62 2c 5c |!0;var Wb=Y(fb,\|
|00000c80| 22 64 69 73 70 6c 61 79 5c 22 29 3b 72 65 74 75 |"display\");retu|
|00000c90| 72 6e 20 30 3d 3d 57 62 2e 6c 61 73 74 49 6e 64 |rn 0==Wb.lastInd|
|00000ca0| 65 78 4f 66 28 5c 22 69 6e 6c 69 6e 65 5c 22 2c |exOf(\"inline\",|
|00000cb0| 30 29 7c 7c 5c 22 63 6f 6e 74 65 6e 74 73 5c 22 |0)||\"contents\"|
|00000cc0| 3d 3d 57 62 7c 7c 5c 22 61 62 73 6f 6c 75 74 65 |==Wb||\"absolute|
|00000cd0| 5c 22 3d 3d 58 62 5c 75 30 30 32 36 5c 75 30 30 |\"==Xb\u0026\u00|
|00000ce0| 32 36 5c 22 73 74 61 74 69 63 5c 22 3d 3d 59 28 |26\"static\"==Y(|
|00000cf0| 66 62 2c 5c 22 70 6f 73 69 74 69 6f 6e 5c 22 29 |fb,\"position\")|
|00000d00| 3f 21 31 3a 21 30 7d 76 61 72 20 58 62 3d 59 28 |?!1:!0}var Xb=Y(|
|00000d10| 70 2c 5c 22 70 6f 73 69 74 69 6f 6e 5c 22 29 3b |p,\"position\");|
|00000d20| 69 66 28 5c 22 66 69 78 65 64 5c 22 3d 3d 58 62 |if(\"fixed\"==Xb|
|00000d30| 29 72 65 74 75 72 6e 20 77 3d 21 30 2c 70 3d 3d |)return w=!0,p==|
|00000d40| 67 3f 6e 75 6c 6c 3a 67 3b 66 6f 72 28 70 3d 47 |g?null:g;for(p=G|
|00000d50| 63 28 70 29 3b 70 5c 75 30 30 32 36 5c 75 30 30 |c(p);p\u0026\u00|
|00000d60| 32 36 21 71 28 70 29 3b 29 70 3d 47 63 28 70 29 |26!q(p);)p=Gc(p)|
|00000d70| 3b 72 65 74 75 72 6e 20 70 7d 66 75 6e 63 74 69 |;return p}functi|
|00000d80| 6f 6e 20 63 28 70 29 7b 76 61 72 20 71 3d 70 3b |on c(p){var q=p;|
|00000d90| 69 66 28 5c 22 76 69 73 69 62 6c 65 5c 22 3d 3d |if(\"visible\"==|
|00000da0| 6d 29 69 66 28 70 3d 3d 67 5c 75 30 30 32 36 5c |m)if(p==g\u0026\|
|00000db0| 75 30 30 32 36 68 29 71 3d 68 3b 65 6c 73 65 20 |u0026h)q=h;else |
|00000dc0| 69 66 28 70 3d 3d 68 29 72 65 74 75 72 6e 7b 78 |if(p==h)return{x|
|00000dd0| 3a 5c 22 76 69 73 69 62 6c 65 5c 22 2c 79 3a 5c |:\"visible\",y:\|
|00000de0| 22 76 69 73 69 62 6c 65 5c 22 7d 3b 71 3d 7b 78 |"visible\"};q={x|
|00000df0| 3a 59 28 71 2c 5c 22 6f 76 65 72 66 6c 6f 77 2d |:Y(q,\"overflow-|
|00000e00| 78 5c 22 29 2c 79 3a 59 28 71 2c 5c 22 6f 76 65 |x\"),y:Y(q,\"ove|
|00000e10| 72 66 6c 6f 77 2d 79 5c 22 29 7d 3b 70 3d 3d 67 |rflow-y\")};p==g|
|00000e20| 5c 75 30 30 32 36 5c 75 30 30 32 36 28 71 2e 78 |\u0026\u0026(q.x|
|00000e30| 3d 5c 22 76 69 73 69 62 6c 65 5c 22 3d 3d 71 2e |=\"visible\"==q.|
|00000e40| 78 3f 5c 22 61 75 74 6f 5c 22 3a 71 2e 78 2c 71 |x?\"auto\":q.x,q|
|00000e50| 2e 79 3d 5c 22 76 69 73 69 62 6c 65 5c 22 3d 3d |.y=\"visible\"==|
|00000e60| 71 2e 79 3f 5c 22 61 75 74 6f 5c 22 3a 71 2e 79 |q.y?\"auto\":q.y|
|00000e70| 29 3b 72 65 74 75 72 6e 20 71 7d 5c 6e 66 75 6e |);return q}\nfun|
|00000e80| 63 74 69 6f 6e 20 64 28 70 29 7b 69 66 28 70 3d |ction d(p){if(p=|
|00000e90| 3d 67 29 7b 76 61 72 20 71 3d 28 6e 65 77 20 61 |=g){var q=(new a|
|00000ea0| 62 28 66 29 29 2e 61 3b 70 3d 71 2e 73 63 72 6f |b(f)).a;p=q.scro|
|00000eb0| 6c 6c 69 6e 67 45 6c 65 6d 65 6e 74 3f 71 2e 73 |llingElement?q.s|
|00000ec0| 63 72 6f 6c 6c 69 6e 67 45 6c 65 6d 65 6e 74 3a |crollingElement:|
|00000ed0| 45 61 7c 7c 5c 22 43 53 53 31 43 6f 6d 70 61 74 |Ea||\"CSS1Compat|
|00000ee0| 5c 22 21 3d 71 2e 63 6f 6d 70 61 74 4d 6f 64 65 |\"!=q.compatMode|
|00000ef0| 3f 71 2e 62 6f 64 79 7c 7c 71 2e 64 6f 63 75 6d |?q.body||q.docum|
|00000f00| 65 6e 74 45 6c 65 6d 65 6e 74 3a 71 2e 64 6f 63 |entElement:q.doc|
|00000f10| 75 6d 65 6e 74 45 6c 65 6d 65 6e 74 3b 71 3d 71 |umentElement;q=q|
|00000f20| 2e 70 61 72 65 6e 74 57 69 6e 64 6f 77 7c 7c 71 |.parentWindow||q|
|00000f30| 2e 64 65 66 61 75 6c 74 56 69 65 77 3b 70 3d 76 |.defaultView;p=v|
|00000f40| 5c 75 30 30 32 36 5c 75 30 30 32 36 4b 61 28 5c |\u0026\u0026Ka(\|
|00000f50| 22 31 30 5c 22 29 5c 75 30 30 32 36 5c 75 30 30 |"10\")\u0026\u00|
|00000f60| 32 36 71 2e 70 61 67 65 59 4f 66 66 73 65 74 21 |26q.pageYOffset!|
|00000f70| 3d 70 2e 73 63 72 6f 6c 6c 54 6f 70 3f 6e 65 77 |=p.scrollTop?new|
|00000f80| 20 55 61 28 70 2e 73 63 72 6f 6c 6c 4c 65 66 74 | Ua(p.scrollLeft|
|00000f90| 2c 70 2e 73 63 72 6f 6c 6c 54 6f 70 29 3a 6e 65 |,p.scrollTop):ne|
|00000fa0| 77 20 55 61 28 71 2e 70 61 67 65 58 4f 66 66 73 |w Ua(q.pageXOffs|
|00000fb0| 65 74 7c 7c 70 2e 73 63 72 6f 6c 6c 4c 65 66 74 |et||p.scrollLeft|
|00000fc0| 2c 71 2e 70 61 67 65 59 4f 66 66 73 65 74 7c 7c |,q.pageYOffset|||
|00000fd0| 70 2e 73 63 72 6f 6c 6c 54 6f 70 29 7d 65 6c 73 |p.scrollTop)}els|
|00000fe0| 65 20 70 3d 6e 65 77 20 55 61 28 70 2e 73 63 72 |e p=new Ua(p.scr|
|00000ff0| 6f 6c 6c 4c 65 66 74 2c 70 2e 73 63 72 6f 6c 6c |ollLeft,p.scroll|
|00001000| 54 6f 70 29 3b 72 65 74 75 72 6e 20 70 7d 76 61 |Top);return p}va|
|00001010| 72 20 65 3d 4e 63 28 61 29 2c 66 3d 41 28 61 29 |r e=Nc(a),f=A(a)|
|00001020| 2c 67 3d 66 2e 64 6f 63 75 6d 65 6e 74 45 6c 65 |,g=f.documentEle|
|00001030| 6d 65 6e 74 2c 68 3d 66 2e 62 6f 64 79 2c 6d 3d |ment,h=f.body,m=|
|00001040| 59 28 67 2c 5c 22 6f 76 65 72 66 6c 6f 77 5c 22 |Y(g,\"overflow\"|
|00001050| 29 2c 77 3b 66 6f 72 28 61 3d 62 28 61 29 3b 61 |),w;for(a=b(a);a|
|00001060| 3b 61 3d 62 28 61 29 29 7b 76 61 72 20 72 3d 63 |;a=b(a)){var r=c|
|00001070| 28 61 29 3b 69 66 28 5c 22 76 69 73 69 62 6c 65 |(a);if(\"visible|
|00001080| 5c 22 21 3d 72 2e 78 7c 7c 5c 22 76 69 73 69 62 |\"!=r.x||\"visib|
|00001090| 6c 65 5c 22 21 3d 5c 6e 72 2e 79 29 7b 76 61 72 |le\"!=\nr.y){var|
|000010a0| 20 44 3d 4a 63 28 61 29 3b 69 66 28 30 3d 3d 44 | D=Jc(a);if(0==D|
|000010b0| 2e 77 69 64 74 68 7c 7c 30 3d 3d 44 2e 68 65 69 |.width||0==D.hei|
|000010c0| 67 68 74 29 72 65 74 75 72 6e 20 5a 3b 76 61 72 |ght)return Z;var|
|000010d0| 20 4c 3d 65 2e 61 5c 75 30 30 33 63 44 2e 61 2c | L=e.a\u003cD.a,|
|000010e0| 4d 3d 65 2e 62 5c 75 30 30 33 63 44 2e 62 3b 69 |M=e.b\u003cD.b;i|
|000010f0| 66 28 4c 5c 75 30 30 32 36 5c 75 30 30 32 36 5c |f(L\u0026\u0026\|
|00001100| 22 68 69 64 64 65 6e 5c 22 3d 3d 72 2e 78 7c 7c |"hidden\"==r.x|||
|00001110| 4d 5c 75 30 30 32 36 5c 75 30 30 32 36 5c 22 68 |M\u0026\u0026\"h|
|00001120| 69 64 64 65 6e 5c 22 3d 3d 72 2e 79 29 72 65 74 |idden\"==r.y)ret|
|00001130| 75 72 6e 20 5a 3b 69 66 28 4c 5c 75 30 30 32 36 |urn Z;if(L\u0026|
|00001140| 5c 75 30 30 32 36 5c 22 76 69 73 69 62 6c 65 5c |\u0026\"visible\|
|00001150| 22 21 3d 72 2e 78 7c 7c 4d 5c 75 30 30 32 36 5c |"!=r.x||M\u0026\|
|00001160| 75 30 30 32 36 5c 22 76 69 73 69 62 6c 65 5c 22 |u0026\"visible\"|
|00001170| 21 3d 72 2e 79 29 7b 4c 3d 64 28 61 29 3b 4d 3d |!=r.y){L=d(a);M=|
|00001180| 65 2e 62 5c 75 30 30 33 63 44 2e 62 2d 4c 2e 79 |e.b\u003cD.b-L.y|
|00001190| 3b 69 66 28 65 2e 61 5c 75 30 30 33 63 44 2e 61 |;if(e.a\u003cD.a|
|000011a0| 2d 4c 2e 78 5c 75 30 30 32 36 5c 75 30 30 32 36 |-L.x\u0026\u0026|
|000011b0| 5c 22 76 69 73 69 62 6c 65 5c 22 21 3d 72 2e 78 |\"visible\"!=r.x|
|000011c0| 7c 7c 4d 5c 75 30 30 32 36 5c 75 30 30 32 36 5c |||M\u0026\u0026\|
|000011d0| 22 76 69 73 69 62 6c 65 5c 22 21 3d 72 2e 78 29 |"visible\"!=r.x)|
|000011e0| 72 65 74 75 72 6e 20 5a 3b 65 3d 4b 63 28 61 29 |return Z;e=Kc(a)|
|000011f0| 3b 72 65 74 75 72 6e 20 65 3d 3d 5a 3f 5a 3a 5c |;return e==Z?Z:\|
|00001200| 22 73 63 72 6f 6c 6c 5c 22 7d 4c 3d 65 2e 66 3e |"scroll\"}L=e.f>|
|00001210| 3d 44 2e 61 2b 44 2e 77 69 64 74 68 3b 44 3d 65 |=D.a+D.width;D=e|
|00001220| 2e 63 3e 3d 44 2e 62 2b 44 2e 68 65 69 67 68 74 |.c>=D.b+D.height|
|00001230| 3b 69 66 28 4c 5c 75 30 30 32 36 5c 75 30 30 32 |;if(L\u0026\u002|
|00001240| 36 5c 22 68 69 64 64 65 6e 5c 22 3d 3d 72 2e 78 |6\"hidden\"==r.x|
|00001250| 7c 7c 44 5c 75 30 30 32 36 5c 75 30 30 32 36 5c |||D\u0026\u0026\|
|00001260| 22 68 69 64 64 65 6e 5c 22 3d 3d 72 2e 79 29 72 |"hidden\"==r.y)r|
|00001270| 65 74 75 72 6e 20 5a 3b 69 66 28 4c 5c 75 30 30 |eturn Z;if(L\u00|
|00001280| 32 36 5c 75 30 30 32 36 5c 22 76 69 73 69 62 6c |26\u0026\"visibl|
|00001290| 65 5c 22 21 3d 72 2e 78 7c 7c 44 5c 75 30 30 32 |e\"!=r.x||D\u002|
|000012a0| 36 5c 75 30 30 32 36 5c 22 76 69 73 69 62 6c 65 |6\u0026\"visible|
|000012b0| 5c 22 21 3d 72 2e 79 29 7b 69 66 28 77 5c 75 30 |\"!=r.y){if(w\u0|
|000012c0| 30 32 36 5c 75 30 30 32 36 28 72 3d 64 28 61 29 |026\u0026(r=d(a)|
|000012d0| 2c 65 2e 66 3e 3d 67 2e 73 63 72 6f 6c 6c 57 69 |,e.f>=g.scrollWi|
|000012e0| 64 74 68 2d 72 2e 78 7c 7c 65 2e 61 3e 3d 67 2e |dth-r.x||e.a>=g.|
|000012f0| 73 63 72 6f 6c 6c 48 65 69 67 68 74 2d 72 2e 79 |scrollHeight-r.y|
|00001300| 29 29 72 65 74 75 72 6e 20 5a 3b 65 3d 4b 63 28 |))return Z;e=Kc(|
|00001310| 61 29 3b 72 65 74 75 72 6e 20 65 3d 3d 5a 3f 5a |a);return e==Z?Z|
|00001320| 3a 5c 22 73 63 72 6f 6c 6c 5c 22 7d 7d 7d 72 65 |:\"scroll\"}}}re|
|00001330| 74 75 72 6e 5c 22 6e 6f 6e 65 5c 22 7d 5c 6e 66 |turn\"none\"}\nf|
|00001340| 75 6e 63 74 69 6f 6e 20 4a 63 28 61 29 7b 76 61 |unction Jc(a){va|
|00001350| 72 20 62 3d 4c 63 28 61 29 3b 69 66 28 62 29 72 |r b=Lc(a);if(b)r|
|00001360| 65 74 75 72 6e 20 62 2e 72 65 63 74 3b 69 66 28 |eturn b.rect;if(|
|00001370| 57 28 61 2c 5c 22 48 54 4d 4c 5c 22 29 29 72 65 |W(a,\"HTML\"))re|
|00001380| 74 75 72 6e 20 61 3d 41 28 61 29 2c 61 3d 28 28 |turn a=A(a),a=((|
|00001390| 61 3f 61 2e 70 61 72 65 6e 74 57 69 6e 64 6f 77 |a?a.parentWindow|
|000013a0| 7c 7c 61 2e 64 65 66 61 75 6c 74 56 69 65 77 3a |||a.defaultView:|
|000013b0| 77 69 6e 64 6f 77 29 7c 7c 77 69 6e 64 6f 77 29 |window)||window)|
|000013c0| 2e 64 6f 63 75 6d 65 6e 74 2c 61 3d 5c 22 43 53 |.document,a=\"CS|
|000013d0| 53 31 43 6f 6d 70 61 74 5c 22 3d 3d 61 2e 63 6f |S1Compat\"==a.co|
|000013e0| 6d 70 61 74 4d 6f 64 65 3f 61 2e 64 6f 63 75 6d |mpatMode?a.docum|
|000013f0| 65 6e 74 45 6c 65 6d 65 6e 74 3a 61 2e 62 6f 64 |entElement:a.bod|
|00001400| 79 2c 61 3d 6e 65 77 20 56 61 28 61 2e 63 6c 69 |y,a=new Va(a.cli|
|00001410| 65 6e 74 57 69 64 74 68 2c 61 2e 63 6c 69 65 6e |entWidth,a.clien|
|00001420| 74 48 65 69 67 68 74 29 2c 6e 65 77 20 58 28 30 |tHeight),new X(0|
|00001430| 2c 30 2c 61 2e 77 69 64 74 68 2c 61 2e 68 65 69 |,0,a.width,a.hei|
|00001440| 67 68 74 29 3b 74 72 79 7b 76 61 72 20 63 3d 61 |ght);try{var c=a|
|00001450| 2e 67 65 74 42 6f 75 6e 64 69 6e 67 43 6c 69 65 |.getBoundingClie|
|00001460| 6e 74 52 65 63 74 28 29 7d 63 61 74 63 68 28 64 |ntRect()}catch(d|
|00001470| 29 7b 72 65 74 75 72 6e 20 6e 65 77 20 58 28 30 |){return new X(0|
|00001480| 2c 30 2c 30 2c 30 29 7d 62 3d 6e 65 77 20 58 28 |,0,0,0)}b=new X(|
|00001490| 63 2e 6c 65 66 74 2c 63 2e 74 6f 70 2c 63 2e 72 |c.left,c.top,c.r|
|000014a0| 69 67 68 74 2d 63 2e 6c 65 66 74 2c 63 2e 62 6f |ight-c.left,c.bo|
|000014b0| 74 74 6f 6d 2d 63 2e 74 6f 70 29 3b 76 5c 75 30 |ttom-c.top);v\u0|
|000014c0| 30 32 36 5c 75 30 30 32 36 61 2e 6f 77 6e 65 72 |026\u0026a.owner|
|000014d0| 44 6f 63 75 6d 65 6e 74 2e 62 6f 64 79 5c 75 30 |Document.body\u0|
|000014e0| 30 32 36 5c 75 30 30 32 36 28 61 3d 41 28 61 29 |026\u0026(a=A(a)|
|000014f0| 2c 62 2e 61 2d 3d 61 2e 64 6f 63 75 6d 65 6e 74 |,b.a-=a.document|
|00001500| 45 6c 65 6d 65 6e 74 2e 63 6c 69 65 6e 74 4c 65 |Element.clientLe|
|00001510| 66 74 2b 61 2e 62 6f 64 79 2e 63 6c 69 65 6e 74 |ft+a.body.client|
|00001520| 4c 65 66 74 2c 62 2e 62 2d 3d 61 2e 64 6f 63 75 |Left,b.b-=a.docu|
|00001530| 6d 65 6e 74 45 6c 65 6d 65 6e 74 2e 63 6c 69 65 |mentElement.clie|
|00001540| 6e 74 54 6f 70 2b 61 2e 62 6f 64 79 2e 63 6c 69 |ntTop+a.body.cli|
|00001550| 65 6e 74 54 6f 70 29 3b 5c 6e 72 65 74 75 72 6e |entTop);\nreturn|
|00001560| 20 62 7d 66 75 6e 63 74 69 6f 6e 20 4c 63 28 61 | b}function Lc(a|
|00001570| 29 7b 76 61 72 20 62 3d 57 28 61 2c 5c 22 4d 41 |){var b=W(a,\"MA|
|00001580| 50 5c 22 29 3b 69 66 28 21 62 5c 75 30 30 32 36 |P\");if(!b\u0026|
|00001590| 5c 75 30 30 32 36 21 57 28 61 2c 5c 22 41 52 45 |\u0026!W(a,\"ARE|
|000015a0| 41 5c 22 29 29 72 65 74 75 72 6e 20 6e 75 6c 6c |A\"))return null|
|000015b0| 3b 76 61 72 20 63 3d 62 3f 61 3a 57 28 61 2e 70 |;var c=b?a:W(a.p|
|000015c0| 61 72 65 6e 74 4e 6f 64 65 2c 5c 22 4d 41 50 5c |arentNode,\"MAP\|
|000015d0| 22 29 3f 61 2e 70 61 72 65 6e 74 4e 6f 64 65 3a |")?a.parentNode:|
|000015e0| 6e 75 6c 6c 2c 64 3d 6e 75 6c 6c 2c 65 3d 6e 75 |null,d=null,e=nu|
|000015f0| 6c 6c 3b 63 5c 75 30 30 32 36 5c 75 30 30 32 36 |ll;c\u0026\u0026|
|00001600| 63 2e 6e 61 6d 65 5c 75 30 30 32 36 5c 75 30 30 |c.name\u0026\u00|
|00001610| 32 36 28 64 3d 44 63 28 27 5c 75 30 30 32 66 64 |26(d=Dc('\u002fd|
|00001620| 65 73 63 65 6e 64 61 6e 74 3a 3a 2a 5b 40 75 73 |escendant::*[@us|
|00001630| 65 6d 61 70 20 3d 20 5c 22 23 27 2b 63 2e 6e 61 |emap = \"#'+c.na|
|00001640| 6d 65 2b 27 5c 22 5d 27 2c 41 28 63 29 29 29 5c |me+'\"]',A(c)))\|
|00001650| 75 30 30 32 36 5c 75 30 30 32 36 28 65 3d 4a 63 |u0026\u0026(e=Jc|
|00001660| 28 64 29 2c 62 7c 7c 5c 22 64 65 66 61 75 6c 74 |(d),b||\"default|
|00001670| 5c 22 3d 3d 61 2e 73 68 61 70 65 2e 74 6f 4c 6f |\"==a.shape.toLo|
|00001680| 77 65 72 43 61 73 65 28 29 7c 7c 28 61 3d 4f 63 |werCase()||(a=Oc|
|00001690| 28 61 29 2c 62 3d 4d 61 74 68 2e 6d 69 6e 28 4d |(a),b=Math.min(M|
|000016a0| 61 74 68 2e 6d 61 78 28 61 2e 61 2c 30 29 2c 65 |ath.max(a.a,0),e|
|000016b0| 2e 77 69 64 74 68 29 2c 63 3d 4d 61 74 68 2e 6d |.width),c=Math.m|
|000016c0| 69 6e 28 4d 61 74 68 2e 6d 61 78 28 61 2e 62 2c |in(Math.max(a.b,|
|000016d0| 30 29 2c 65 2e 68 65 69 67 68 74 29 2c 65 3d 6e |0),e.height),e=n|
|000016e0| 65 77 20 58 28 62 2b 65 2e 61 2c 63 2b 65 2e 62 |ew X(b+e.a,c+e.b|
|000016f0| 2c 4d 61 74 68 2e 6d 69 6e 28 61 2e 77 69 64 74 |,Math.min(a.widt|
|00001700| 68 2c 65 2e 77 69 64 74 68 2d 62 29 2c 4d 61 74 |h,e.width-b),Mat|
|00001710| 68 2e 6d 69 6e 28 61 2e 68 65 69 67 68 74 2c 65 |h.min(a.height,e|
|00001720| 2e 68 65 69 67 68 74 2d 63 29 29 29 29 3b 72 65 |.height-c))));re|
|00001730| 74 75 72 6e 7b 69 6d 61 67 65 3a 64 2c 72 65 63 |turn{image:d,rec|
|00001740| 74 3a 65 7c 7c 6e 65 77 20 58 28 30 2c 30 2c 30 |t:e||new X(0,0,0|
|00001750| 2c 30 29 7d 7d 5c 6e 66 75 6e 63 74 69 6f 6e 20 |,0)}}\nfunction |
|00001760| 4f 63 28 61 29 7b 76 61 72 20 62 3d 61 2e 73 68 |Oc(a){var b=a.sh|
|00001770| 61 70 65 2e 74 6f 4c 6f 77 65 72 43 61 73 65 28 |ape.toLowerCase(|
|00001780| 29 3b 61 3d 61 2e 63 6f 6f 72 64 73 2e 73 70 6c |);a=a.coords.spl|
|00001790| 69 74 28 5c 22 2c 5c 22 29 3b 69 66 28 5c 22 72 |it(\",\");if(\"r|
|000017a0| 65 63 74 5c 22 3d 3d 62 5c 75 30 30 32 36 5c 75 |ect\"==b\u0026\u|
|000017b0| 30 30 32 36 34 3d 3d 61 2e 6c 65 6e 67 74 68 29 |00264==a.length)|
|000017c0| 7b 62 3d 61 5b 30 5d 3b 76 61 72 20 63 3d 61 5b |{b=a[0];var c=a[|
|000017d0| 31 5d 3b 72 65 74 75 72 6e 20 6e 65 77 20 58 28 |1];return new X(|
|000017e0| 62 2c 63 2c 61 5b 32 5d 2d 62 2c 61 5b 33 5d 2d |b,c,a[2]-b,a[3]-|
|000017f0| 63 29 7d 69 66 28 5c 22 63 69 72 63 6c 65 5c 22 |c)}if(\"circle\"|
|00001800| 3d 3d 62 5c 75 30 30 32 36 5c 75 30 30 32 36 33 |==b\u0026\u00263|
|00001810| 3d 3d 61 2e 6c 65 6e 67 74 68 29 72 65 74 75 72 |==a.length)retur|
|00001820| 6e 20 62 3d 61 5b 32 5d 2c 6e 65 77 20 58 28 61 |n b=a[2],new X(a|
|00001830| 5b 30 5d 2d 62 2c 61 5b 31 5d 2d 62 2c 32 2a 62 |[0]-b,a[1]-b,2*b|
|00001840| 2c 32 2a 62 29 3b 69 66 28 5c 22 70 6f 6c 79 5c |,2*b);if(\"poly\|
|00001850| 22 3d 3d 62 5c 75 30 30 32 36 5c 75 30 30 32 36 |"==b\u0026\u0026|
|00001860| 32 5c 75 30 30 33 63 61 2e 6c 65 6e 67 74 68 29 |2\u003ca.length)|
|00001870| 7b 62 3d 61 5b 30 5d 3b 63 3d 61 5b 31 5d 3b 66 |{b=a[0];c=a[1];f|
|00001880| 6f 72 28 76 61 72 20 64 3d 62 2c 65 3d 63 2c 66 |or(var d=b,e=c,f|
|00001890| 3d 32 3b 66 2b 31 5c 75 30 30 33 63 61 2e 6c 65 |=2;f+1\u003ca.le|
|000018a0| 6e 67 74 68 3b 66 2b 3d 32 29 62 3d 4d 61 74 68 |ngth;f+=2)b=Math|
|000018b0| 2e 6d 69 6e 28 62 2c 61 5b 66 5d 29 2c 64 3d 4d |.min(b,a[f]),d=M|
|000018c0| 61 74 68 2e 6d 61 78 28 64 2c 61 5b 66 5d 29 2c |ath.max(d,a[f]),|
|000018d0| 63 3d 4d 61 74 68 2e 6d 69 6e 28 63 2c 61 5b 66 |c=Math.min(c,a[f|
|000018e0| 2b 31 5d 29 2c 65 3d 4d 61 74 68 2e 6d 61 78 28 |+1]),e=Math.max(|
|000018f0| 65 2c 61 5b 66 2b 31 5d 29 3b 72 65 74 75 72 6e |e,a[f+1]);return|
|00001900| 20 6e 65 77 20 58 28 62 2c 63 2c 64 2d 62 2c 65 | new X(b,c,d-b,e|
|00001910| 2d 63 29 7d 72 65 74 75 72 6e 20 6e 65 77 20 58 |-c)}return new X|
|00001920| 28 30 2c 30 2c 30 2c 30 29 7d 66 75 6e 63 74 69 |(0,0,0,0)}functi|
|00001930| 6f 6e 20 4e 63 28 61 29 7b 61 3d 4a 63 28 61 29 |on Nc(a){a=Jc(a)|
|00001940| 3b 72 65 74 75 72 6e 20 6e 65 77 20 45 63 28 61 |;return new Ec(a|
|00001950| 2e 62 2c 61 2e 61 2b 61 2e 77 69 64 74 68 2c 61 |.b,a.a+a.width,a|
|00001960| 2e 62 2b 61 2e 68 65 69 67 68 74 2c 61 2e 61 29 |.b+a.height,a.a)|
|00001970| 7d 5c 6e 66 75 6e 63 74 69 6f 6e 20 4d 63 28 61 |}\nfunction Mc(a|
|00001980| 29 7b 69 66 28 41 63 29 7b 69 66 28 5c 22 72 65 |){if(Ac){if(\"re|
|00001990| 6c 61 74 69 76 65 5c 22 3d 3d 59 28 61 2c 5c 22 |lative\"==Y(a,\"|
|000019a0| 70 6f 73 69 74 69 6f 6e 5c 22 29 29 72 65 74 75 |position\"))retu|
|000019b0| 72 6e 20 31 3b 61 3d 59 28 61 2c 5c 22 66 69 6c |rn 1;a=Y(a,\"fil|
|000019c0| 74 65 72 5c 22 29 3b 72 65 74 75 72 6e 28 61 3d |ter\");return(a=|
|000019d0| 61 2e 6d 61 74 63 68 28 5c 75 30 30 32 66 5e 61 |a.match(\u002f^a|
|000019e0| 6c 70 68 61 5c 5c 28 6f 70 61 63 69 74 79 3d 28 |lpha\\(opacity=(|
|000019f0| 5c 5c 64 2a 29 5c 5c 29 5c 75 30 30 32 66 29 7c |\\d*)\\)\u002f)||
|00001a00| 7c 61 2e 6d 61 74 63 68 28 5c 75 30 30 32 66 5e ||a.match(\u002f^|
|00001a10| 70 72 6f 67 69 64 3a 44 58 49 6d 61 67 65 54 72 |progid:DXImageTr|
|00001a20| 61 6e 73 66 6f 72 6d 2e 4d 69 63 72 6f 73 6f 66 |ansform.Microsof|
|00001a30| 74 2e 41 6c 70 68 61 5c 5c 28 4f 70 61 63 69 74 |t.Alpha\\(Opacit|
|00001a40| 79 3d 28 5c 5c 64 2a 29 5c 5c 29 5c 75 30 30 32 |y=(\\d*)\\)\u002|
|00001a50| 66 29 29 3f 4e 75 6d 62 65 72 28 61 5b 31 5d 29 |f))?Number(a[1])|
|00001a60| 5c 75 30 30 32 66 31 30 30 3a 31 7d 72 65 74 75 |\u002f100:1}retu|
|00001a70| 72 6e 20 50 63 28 61 29 7d 66 75 6e 63 74 69 6f |rn Pc(a)}functio|
|00001a80| 6e 20 50 63 28 61 29 7b 76 61 72 20 62 3d 31 2c |n Pc(a){var b=1,|
|00001a90| 63 3d 59 28 61 2c 5c 22 6f 70 61 63 69 74 79 5c |c=Y(a,\"opacity\|
|00001aa0| 22 29 3b 63 5c 75 30 30 32 36 5c 75 30 30 32 36 |");c\u0026\u0026|
|00001ab0| 28 62 3d 4e 75 6d 62 65 72 28 63 29 29 3b 28 61 |(b=Number(c));(a|
|00001ac0| 3d 47 63 28 61 29 29 5c 75 30 30 32 36 5c 75 30 |=Gc(a))\u0026\u0|
|00001ad0| 30 32 36 28 62 2a 3d 50 63 28 61 29 29 3b 72 65 |026(b*=Pc(a));re|
|00001ae0| 74 75 72 6e 20 62 7d 3b 62 61 28 5c 22 5f 5c 22 |turn b};ba(\"_\"|
|00001af0| 2c 66 75 6e 63 74 69 6f 6e 28 61 2c 62 29 7b 66 |,function(a,b){f|
|00001b00| 75 6e 63 74 69 6f 6e 20 63 28 64 29 7b 69 66 28 |unction c(d){if(|
|00001b10| 57 28 64 29 5c 75 30 30 32 36 5c 75 30 30 32 36 |W(d)\u0026\u0026|
|00001b20| 5c 22 6e 6f 6e 65 5c 22 3d 3d 59 28 64 2c 5c 22 |\"none\"==Y(d,\"|
|00001b30| 64 69 73 70 6c 61 79 5c 22 29 29 72 65 74 75 72 |display\"))retur|
|00001b40| 6e 21 31 3b 76 61 72 20 65 3b 69 66 28 28 65 3d |n!1;var e;if((e=|
|00001b50| 64 2e 70 61 72 65 6e 74 4e 6f 64 65 29 5c 75 30 |d.parentNode)\u0|
|00001b60| 30 32 36 5c 75 30 30 32 36 65 2e 73 68 61 64 6f |026\u0026e.shado|
|00001b70| 77 52 6f 6f 74 5c 75 30 30 32 36 5c 75 30 30 32 |wRoot\u0026\u002|
|00001b80| 36 76 6f 69 64 20 30 21 3d 3d 64 2e 61 73 73 69 |6void 0!==d.assi|
|00001b90| 67 6e 65 64 53 6c 6f 74 29 65 3d 64 2e 61 73 73 |gnedSlot)e=d.ass|
|00001ba0| 69 67 6e 65 64 53 6c 6f 74 3f 64 2e 61 73 73 69 |ignedSlot?d.assi|
|00001bb0| 67 6e 65 64 53 6c 6f 74 2e 70 61 72 65 6e 74 4e |gnedSlot.parentN|
|00001bc0| 6f 64 65 3a 6e 75 6c 6c 3b 65 6c 73 65 20 69 66 |ode:null;else if|
|00001bd0| 28 64 2e 67 65 74 44 65 73 74 69 6e 61 74 69 6f |(d.getDestinatio|
|00001be0| 6e 49 6e 73 65 72 74 69 6f 6e 50 6f 69 6e 74 73 |nInsertionPoints|
|00001bf0| 29 7b 76 61 72 20 66 3d 64 2e 67 65 74 44 65 73 |){var f=d.getDes|
|00001c00| 74 69 6e 61 74 69 6f 6e 49 6e 73 65 72 74 69 6f |tinationInsertio|
|00001c10| 6e 50 6f 69 6e 74 73 28 29 3b 30 5c 75 30 30 33 |nPoints();0\u003|
|00001c20| 63 66 2e 6c 65 6e 67 74 68 5c 75 30 30 32 36 5c |cf.length\u0026\|
|00001c30| 75 30 30 32 36 28 65 3d 66 5b 66 2e 6c 65 6e 67 |u0026(e=f[f.leng|
|00001c40| 74 68 2d 31 5d 29 7d 69 66 28 46 63 5c 75 30 30 |th-1])}if(Fc\u00|
|00001c50| 32 36 5c 75 30 30 32 36 65 20 69 6e 73 74 61 6e |26\u0026e instan|
|00001c60| 63 65 6f 66 20 53 68 61 64 6f 77 52 6f 6f 74 29 |ceof ShadowRoot)|
|00001c70| 7b 69 66 28 65 2e 68 6f 73 74 2e 73 68 61 64 6f |{if(e.host.shado|
|00001c80| 77 52 6f 6f 74 21 3d 3d 65 29 72 65 74 75 72 6e |wRoot!==e)return|
|00001c90| 21 31 3b 65 3d 65 2e 68 6f 73 74 7d 72 65 74 75 |!1;e=e.host}retu|
|00001ca0| 72 6e 21 65 7c 7c 39 21 3d 65 2e 6e 6f 64 65 54 |rn!e||9!=e.nodeT|
|00001cb0| 79 70 65 5c 75 30 30 32 36 5c 75 30 30 32 36 31 |ype\u0026\u00261|
|00001cc0| 31 21 3d 65 2e 6e 6f 64 65 54 79 70 65 3f 65 5c |1!=e.nodeType?e\|
|00001cd0| 75 30 30 32 36 5c 75 30 30 32 36 57 28 65 2c 5c |u0026\u0026W(e,\|
|00001ce0| 22 44 45 54 41 49 4c 53 5c 22 29 5c 75 30 30 32 |"DETAILS\")\u002|
|00001cf0| 36 5c 75 30 30 32 36 21 65 2e 6f 70 65 6e 5c 75 |6\u0026!e.open\u|
|00001d00| 30 30 32 36 5c 75 30 30 32 36 21 57 28 64 2c 5c |0026\u0026!W(d,\|
|00001d10| 22 53 55 4d 4d 41 52 59 5c 22 29 3f 21 31 3a 21 |"SUMMARY\")?!1:!|
|00001d20| 21 65 5c 75 30 30 32 36 5c 75 30 30 32 36 63 28 |!e\u0026\u0026c(|
|00001d30| 65 29 3a 21 30 7d 72 65 74 75 72 6e 20 49 63 28 |e):!0}return Ic(|
|00001d40| 61 2c 21 21 62 2c 63 29 7d 29 3b 3b 20 72 65 74 |a,!!b,c)});; ret|
|00001d50| 75 72 6e 20 74 68 69 73 2e 5f 2e 61 70 70 6c 79 |urn this._.apply|
|00001d60| 28 6e 75 6c 6c 2c 61 72 67 75 6d 65 6e 74 73 29 |(null,arguments)|
|00001d70| 3b 7d 29 2e 61 70 70 6c 79 28 7b 6e 61 76 69 67 |;}).apply({navig|
|00001d80| 61 74 6f 72 3a 74 79 70 65 6f 66 20 77 69 6e 64 |ator:typeof wind|
|00001d90| 6f 77 21 3d 27 75 6e 64 65 66 69 6e 65 64 27 3f |ow!='undefined'?|
|00001da0| 77 69 6e 64 6f 77 2e 6e 61 76 69 67 61 74 6f 72 |window.navigator|
|00001db0| 3a 6e 75 6c 6c 2c 64 6f 63 75 6d 65 6e 74 3a 74 |:null,document:t|
|00001dc0| 79 70 65 6f 66 20 77 69 6e 64 6f 77 21 3d 27 75 |ypeof window!='u|
|00001dd0| 6e 64 65 66 69 6e 65 64 27 3f 77 69 6e 64 6f 77 |ndefined'?window|
|00001de0| 2e 64 6f 63 75 6d 65 6e 74 3a 6e 75 6c 6c 7d 2c |.document:null},|
|00001df0| 20 61 72 67 75 6d 65 6e 74 73 29 3b 7d 5c 6e 29 | arguments);}\n)|
|00001e00| 2e 61 70 70 6c 79 28 6e 75 6c 6c 2c 20 61 72 67 |.apply(null, arg|
|00001e10| 75 6d 65 6e 74 73 29 3b 22 2c 0a 20 20 22 61 72 |uments);",.  "ar|
|00001e20| 67 73 22 3a 20 5b 0a 20 20 20 20 7b 0a 20 20 20 |gs": [.    {.   |
|00001e30| 20 20 20 22 65 6c 65 6d 65 6e 74 2d 36 30 36 36 |   "element-6066|
|00001e40| 2d 31 31 65 34 2d 61 35 32 65 2d 34 66 37 33 35 |-11e4-a52e-4f735|
|00001e50| 34 36 36 63 65 63 66 22 3a 20 22 39 35 65 35 36 |466cecf": "95e56|
|00001e60| 39 37 32 2d 37 63 37 63 2d 34 37 35 37 2d 38 30 |972-7c7c-4757-80|
|00001e70| 32 39 2d 34 35 32 63 36 65 31 35 62 34 65 37 22 |29-452c6e15b4e7"|
|00001e80| 0a 20 20 20 20 7d 0a 20 20 5d 0a 7d             |.    }.  ].}    |
+--------+-------------------------------------------------+----------------+
14:13:02.824 [AsyncHttpClient-1-8] TRACE i.n.handler.logging.LoggingHandler - [id: 0xa6657862, L:/127.0.0.1:64395 - R:localhost/127.0.0.1:53550] FLUSH
14:13:02.824 [AsyncHttpClient-1-8] TRACE i.n.handler.logging.LoggingHandler - [id: 0xa6657862, L:/127.0.0.1:64395 - R:localhost/127.0.0.1:53550] WRITE: 0B
14:13:02.824 [AsyncHttpClient-1-8] TRACE i.n.handler.logging.LoggingHandler - [id: 0xa6657862, L:/127.0.0.1:64395 - R:localhost/127.0.0.1:53550] FLUSH
14:13:02.983 [AsyncHttpClient-1-1] DEBUG o.a.netty.channel.DefaultChannelPool - Entry count for : http://localhost:64396 : 1
14:13:03.058 [AsyncHttpClient-1-8] TRACE i.n.handler.logging.LoggingHandler - [id: 0xa6657862, L:/127.0.0.1:64395 - R:localhost/127.0.0.1:53550] READ: 123B
         +-------------------------------------------------+
         |  0  1  2  3  4  5  6  7  8  9  a  b  c  d  e  f |
+--------+-------------------------------------------------+----------------+
|00000000| 48 54 54 50 2f 31 2e 31 20 32 30 30 20 4f 4b 0d |HTTP/1.1 200 OK.|
|00000010| 0a 43 6f 6e 74 65 6e 74 2d 4c 65 6e 67 74 68 3a |.Content-Length:|
|00000020| 31 35 0d 0a 43 6f 6e 74 65 6e 74 2d 54 79 70 65 |15..Content-Type|
|00000030| 3a 61 70 70 6c 69 63 61 74 69 6f 6e 2f 6a 73 6f |:application/jso|
|00000040| 6e 3b 20 63 68 61 72 73 65 74 3d 75 74 66 2d 38 |n; charset=utf-8|
|00000050| 0d 0a 63 61 63 68 65 2d 63 6f 6e 74 72 6f 6c 3a |..cache-control:|
|00000060| 6e 6f 2d 63 61 63 68 65 0d 0a 0d 0a 7b 22 76 61 |no-cache....{"va|
|00000070| 6c 75 65 22 3a 66 61 6c 73 65 7d                |lue":false}     |
+--------+-------------------------------------------------+----------------+
14:13:03.059 [AsyncHttpClient-1-8] DEBUG o.a.netty.handler.HttpHandler - 

Request DefaultHttpRequest(decodeResult: success, version: HTTP/1.1)
POST /session/7f7237f6b7b416b55350c5691275deb2/execute/sync HTTP/1.1
User-Agent: selenium/4.4.0 (java windows)
Content-Length: 48780
Content-Type: application/json; charset=utf-8
host: localhost:53550
accept: */*

Response DefaultHttpResponse(decodeResult: success, version: HTTP/1.1)
HTTP/1.1 200 OK
Content-Type: application/json; charset=utf-8
cache-control: no-cache
content-length: 15

14:13:03.059 [AsyncHttpClient-1-8] DEBUG o.a.netty.channel.ChannelManager - Adding key: http://localhost:53550 for channel [id: 0xa6657862, L:/127.0.0.1:64395 - R:localhost/127.0.0.1:53550]
14:13:03.059 [AsyncHttpClient-1-8] TRACE i.n.handler.logging.LoggingHandler - [id: 0xa6657862, L:/127.0.0.1:64395 - R:localhost/127.0.0.1:53550] READ COMPLETE
14:13:03.572 [Forwarding findElement on session 7f7237f6b7b416b55350c5691275deb2 to remote] DEBUG o.a.netty.request.NettyRequestSender - Using pooled Channel '[id: 0xa6657862, L:/127.0.0.1:64395 - R:localhost/127.0.0.1:53550]' for 'POST' to 'http://localhost:53550/session/7f7237f6b7b416b55350c5691275deb2/element'
14:13:03.572 [Forwarding findElement on session 7f7237f6b7b416b55350c5691275deb2 to remote] DEBUG o.a.netty.request.NettyRequestSender - Using open Channel [id: 0xa6657862, L:/127.0.0.1:64395 - R:localhost/127.0.0.1:53550] for POST '/session/7f7237f6b7b416b55350c5691275deb2/element'
14:13:03.573 [AsyncHttpClient-1-8] TRACE i.n.handler.logging.LoggingHandler - [id: 0xa6657862, L:/127.0.0.1:64395 - R:localhost/127.0.0.1:53550] WRITE: 213B
         +-------------------------------------------------+
         |  0  1  2  3  4  5  6  7  8  9  a  b  c  d  e  f |
+--------+-------------------------------------------------+----------------+
|00000000| 50 4f 53 54 20 2f 73 65 73 73 69 6f 6e 2f 37 66 |POST /session/7f|
|00000010| 37 32 33 37 66 36 62 37 62 34 31 36 62 35 35 33 |7237f6b7b416b553|
|00000020| 35 30 63 35 36 39 31 32 37 35 64 65 62 32 2f 65 |50c5691275deb2/e|
|00000030| 6c 65 6d 65 6e 74 20 48 54 54 50 2f 31 2e 31 0d |lement HTTP/1.1.|
|00000040| 0a 55 73 65 72 2d 41 67 65 6e 74 3a 20 73 65 6c |.User-Agent: sel|
|00000050| 65 6e 69 75 6d 2f 34 2e 34 2e 30 20 28 6a 61 76 |enium/4.4.0 (jav|
|00000060| 61 20 77 69 6e 64 6f 77 73 29 0d 0a 43 6f 6e 74 |a windows)..Cont|
|00000070| 65 6e 74 2d 4c 65 6e 67 74 68 3a 20 37 32 0d 0a |ent-Length: 72..|
|00000080| 43 6f 6e 74 65 6e 74 2d 54 79 70 65 3a 20 61 70 |Content-Type: ap|
|00000090| 70 6c 69 63 61 74 69 6f 6e 2f 6a 73 6f 6e 3b 20 |plication/json; |
|000000a0| 63 68 61 72 73 65 74 3d 75 74 66 2d 38 0d 0a 68 |charset=utf-8..h|
|000000b0| 6f 73 74 3a 20 6c 6f 63 61 6c 68 6f 73 74 3a 35 |ost: localhost:5|
|000000c0| 33 35 35 30 0d 0a 61 63 63 65 70 74 3a 20 2a 2f |3550..accept: */|
|000000d0| 2a 0d 0a 0d 0a                                  |*....           |
+--------+-------------------------------------------------+----------------+
14:13:03.576 [AsyncHttpClient-1-8] TRACE i.n.handler.logging.LoggingHandler - [id: 0xa6657862, L:/127.0.0.1:64395 - R:localhost/127.0.0.1:53550] WRITE: 72B
         +-------------------------------------------------+
         |  0  1  2  3  4  5  6  7  8  9  a  b  c  d  e  f |
+--------+-------------------------------------------------+----------------+
|00000000| 7b 0a 20 20 22 75 73 69 6e 67 22 3a 20 22 78 70 |{.  "using": "xp|
|00000010| 61 74 68 22 2c 0a 20 20 22 76 61 6c 75 65 22 3a |ath",.  "value":|
|00000020| 20 22 5c 75 30 30 32 66 5c 75 30 30 32 66 61 5b | "\u002f\u002fa[|
|00000030| 2e 3d 27 d0 96 d0 b5 d0 bd d1 89 d0 b8 d0 bd d0 |.='.............|
|00000040| b0 d0 bc 27 5d 22 0a 7d                         |...']".}        |
+--------+-------------------------------------------------+----------------+
14:13:03.576 [AsyncHttpClient-1-8] TRACE i.n.handler.logging.LoggingHandler - [id: 0xa6657862, L:/127.0.0.1:64395 - R:localhost/127.0.0.1:53550] FLUSH
14:13:03.576 [AsyncHttpClient-1-8] TRACE i.n.handler.logging.LoggingHandler - [id: 0xa6657862, L:/127.0.0.1:64395 - R:localhost/127.0.0.1:53550] WRITE: 0B
14:13:03.576 [AsyncHttpClient-1-8] TRACE i.n.handler.logging.LoggingHandler - [id: 0xa6657862, L:/127.0.0.1:64395 - R:localhost/127.0.0.1:53550] FLUSH
14:13:03.594 [AsyncHttpClient-1-8] TRACE i.n.handler.logging.LoggingHandler - [id: 0xa6657862, L:/127.0.0.1:64395 - R:localhost/127.0.0.1:53550] READ: 196B
         +-------------------------------------------------+
         |  0  1  2  3  4  5  6  7  8  9  a  b  c  d  e  f |
+--------+-------------------------------------------------+----------------+
|00000000| 48 54 54 50 2f 31 2e 31 20 32 30 30 20 4f 4b 0d |HTTP/1.1 200 OK.|
|00000010| 0a 43 6f 6e 74 65 6e 74 2d 4c 65 6e 67 74 68 3a |.Content-Length:|
|00000020| 38 38 0d 0a 43 6f 6e 74 65 6e 74 2d 54 79 70 65 |88..Content-Type|
|00000030| 3a 61 70 70 6c 69 63 61 74 69 6f 6e 2f 6a 73 6f |:application/jso|
|00000040| 6e 3b 20 63 68 61 72 73 65 74 3d 75 74 66 2d 38 |n; charset=utf-8|
|00000050| 0d 0a 63 61 63 68 65 2d 63 6f 6e 74 72 6f 6c 3a |..cache-control:|
|00000060| 6e 6f 2d 63 61 63 68 65 0d 0a 0d 0a 7b 22 76 61 |no-cache....{"va|
|00000070| 6c 75 65 22 3a 7b 22 65 6c 65 6d 65 6e 74 2d 36 |lue":{"element-6|
|00000080| 30 36 36 2d 31 31 65 34 2d 61 35 32 65 2d 34 66 |066-11e4-a52e-4f|
|00000090| 37 33 35 34 36 36 63 65 63 66 22 3a 22 39 35 65 |735466cecf":"95e|
|000000a0| 35 36 39 37 32 2d 37 63 37 63 2d 34 37 35 37 2d |56972-7c7c-4757-|
|000000b0| 38 30 32 39 2d 34 35 32 63 36 65 31 35 62 34 65 |8029-452c6e15b4e|
|000000c0| 37 22 7d 7d                                     |7"}}            |
+--------+-------------------------------------------------+----------------+
14:13:03.595 [AsyncHttpClient-1-8] DEBUG o.a.netty.handler.HttpHandler - 

Request DefaultHttpRequest(decodeResult: success, version: HTTP/1.1)
POST /session/7f7237f6b7b416b55350c5691275deb2/element HTTP/1.1
User-Agent: selenium/4.4.0 (java windows)
Content-Length: 72
Content-Type: application/json; charset=utf-8
host: localhost:53550
accept: */*

Response DefaultHttpResponse(decodeResult: success, version: HTTP/1.1)
HTTP/1.1 200 OK
Content-Type: application/json; charset=utf-8
cache-control: no-cache
content-length: 88

14:13:03.595 [AsyncHttpClient-1-8] DEBUG o.a.netty.channel.ChannelManager - Adding key: http://localhost:53550 for channel [id: 0xa6657862, L:/127.0.0.1:64395 - R:localhost/127.0.0.1:53550]
14:13:03.595 [AsyncHttpClient-1-8] TRACE i.n.handler.logging.LoggingHandler - [id: 0xa6657862, L:/127.0.0.1:64395 - R:localhost/127.0.0.1:53550] READ COMPLETE
14:13:03.605 [Forwarding isElementDisplayed on session 7f7237f6b7b416b55350c5691275deb2 to remote] DEBUG o.a.netty.request.NettyRequestSender - Using pooled Channel '[id: 0xa6657862, L:/127.0.0.1:64395 - R:localhost/127.0.0.1:53550]' for 'POST' to 'http://localhost:53550/session/7f7237f6b7b416b55350c5691275deb2/execute/sync'
14:13:03.605 [Forwarding isElementDisplayed on session 7f7237f6b7b416b55350c5691275deb2 to remote] DEBUG o.a.netty.request.NettyRequestSender - Using open Channel [id: 0xa6657862, L:/127.0.0.1:64395 - R:localhost/127.0.0.1:53550] for POST '/session/7f7237f6b7b416b55350c5691275deb2/execute/sync'
14:13:03.606 [AsyncHttpClient-1-8] TRACE i.n.handler.logging.LoggingHandler - [id: 0xa6657862, L:/127.0.0.1:64395 - R:localhost/127.0.0.1:53550] WRITE: 221B
         +-------------------------------------------------+
         |  0  1  2  3  4  5  6  7  8  9  a  b  c  d  e  f |
+--------+-------------------------------------------------+----------------+
|00000000| 50 4f 53 54 20 2f 73 65 73 73 69 6f 6e 2f 37 66 |POST /session/7f|
|00000010| 37 32 33 37 66 36 62 37 62 34 31 36 62 35 35 33 |7237f6b7b416b553|
|00000020| 35 30 63 35 36 39 31 32 37 35 64 65 62 32 2f 65 |50c5691275deb2/e|
|00000030| 78 65 63 75 74 65 2f 73 79 6e 63 20 48 54 54 50 |xecute/sync HTTP|
|00000040| 2f 31 2e 31 0d 0a 55 73 65 72 2d 41 67 65 6e 74 |/1.1..User-Agent|
|00000050| 3a 20 73 65 6c 65 6e 69 75 6d 2f 34 2e 34 2e 30 |: selenium/4.4.0|
|00000060| 20 28 6a 61 76 61 20 77 69 6e 64 6f 77 73 29 0d | (java windows).|
|00000070| 0a 43 6f 6e 74 65 6e 74 2d 4c 65 6e 67 74 68 3a |.Content-Length:|
|00000080| 20 34 38 37 38 30 0d 0a 43 6f 6e 74 65 6e 74 2d | 48780..Content-|
|00000090| 54 79 70 65 3a 20 61 70 70 6c 69 63 61 74 69 6f |Type: applicatio|
|000000a0| 6e 2f 6a 73 6f 6e 3b 20 63 68 61 72 73 65 74 3d |n/json; charset=|
|000000b0| 75 74 66 2d 38 0d 0a 68 6f 73 74 3a 20 6c 6f 63 |utf-8..host: loc|
|000000c0| 61 6c 68 6f 73 74 3a 35 33 35 35 30 0d 0a 61 63 |alhost:53550..ac|
|000000d0| 63 65 70 74 3a 20 2a 2f 2a 0d 0a 0d 0a          |cept: */*....   |
+--------+-------------------------------------------------+----------------+
14:13:03.607 [AsyncHttpClient-1-8] TRACE i.n.handler.logging.LoggingHandler - [id: 0xa6657862, L:/127.0.0.1:64395 - R:localhost/127.0.0.1:53550] WRITE: 8192B
         +-------------------------------------------------+
         |  0  1  2  3  4  5  6  7  8  9  a  b  c  d  e  f |
+--------+-------------------------------------------------+----------------+
|00000000| 7b 0a 20 20 22 73 63 72 69 70 74 22 3a 20 22 72 |{.  "script": "r|
|00000010| 65 74 75 72 6e 20 28 66 75 6e 63 74 69 6f 6e 28 |eturn (function(|
|00000020| 29 7b 72 65 74 75 72 6e 20 28 66 75 6e 63 74 69 |){return (functi|
|00000030| 6f 6e 28 29 7b 76 61 72 20 6b 3d 74 68 69 73 7c |on(){var k=this||
|00000040| 7c 73 65 6c 66 3b 66 75 6e 63 74 69 6f 6e 20 61 ||self;function a|
|00000050| 61 28 61 29 7b 72 65 74 75 72 6e 5c 22 73 74 72 |a(a){return\"str|
|00000060| 69 6e 67 5c 22 3d 3d 74 79 70 65 6f 66 20 61 7d |ing\"==typeof a}|
|00000070| 66 75 6e 63 74 69 6f 6e 20 62 61 28 61 2c 62 29 |function ba(a,b)|
|00000080| 7b 61 3d 61 2e 73 70 6c 69 74 28 5c 22 2e 5c 22 |{a=a.split(\".\"|
|00000090| 29 3b 76 61 72 20 63 3d 6b 3b 61 5b 30 5d 69 6e |);var c=k;a[0]in|
|000000a0| 20 63 7c 7c 5c 22 75 6e 64 65 66 69 6e 65 64 5c | c||\"undefined\|
|000000b0| 22 3d 3d 74 79 70 65 6f 66 20 63 2e 65 78 65 63 |"==typeof c.exec|
|000000c0| 53 63 72 69 70 74 7c 7c 63 2e 65 78 65 63 53 63 |Script||c.execSc|
|000000d0| 72 69 70 74 28 5c 22 76 61 72 20 5c 22 2b 61 5b |ript(\"var \"+a[|
|000000e0| 30 5d 29 3b 66 6f 72 28 76 61 72 20 64 3b 61 2e |0]);for(var d;a.|
|000000f0| 6c 65 6e 67 74 68 5c 75 30 30 32 36 5c 75 30 30 |length\u0026\u00|
|00000100| 32 36 28 64 3d 61 2e 73 68 69 66 74 28 29 29 3b |26(d=a.shift());|
|00000110| 29 61 2e 6c 65 6e 67 74 68 7c 7c 76 6f 69 64 20 |)a.length||void |
|00000120| 30 3d 3d 3d 62 3f 63 5b 64 5d 5c 75 30 30 32 36 |0===b?c[d]\u0026|
|00000130| 5c 75 30 30 32 36 63 5b 64 5d 21 3d 3d 4f 62 6a |\u0026c[d]!==Obj|
|00000140| 65 63 74 2e 70 72 6f 74 6f 74 79 70 65 5b 64 5d |ect.prototype[d]|
|00000150| 3f 63 3d 63 5b 64 5d 3a 63 3d 63 5b 64 5d 3d 7b |?c=c[d]:c=c[d]={|
|00000160| 7d 3a 63 5b 64 5d 3d 62 7d 5c 6e 66 75 6e 63 74 |}:c[d]=b}\nfunct|
|00000170| 69 6f 6e 20 63 61 28 61 29 7b 76 61 72 20 62 3d |ion ca(a){var b=|
|00000180| 74 79 70 65 6f 66 20 61 3b 69 66 28 5c 22 6f 62 |typeof a;if(\"ob|
|00000190| 6a 65 63 74 5c 22 3d 3d 62 29 69 66 28 61 29 7b |ject\"==b)if(a){|
|000001a0| 69 66 28 61 20 69 6e 73 74 61 6e 63 65 6f 66 20 |if(a instanceof |
|000001b0| 41 72 72 61 79 29 72 65 74 75 72 6e 5c 22 61 72 |Array)return\"ar|
|000001c0| 72 61 79 5c 22 3b 69 66 28 61 20 69 6e 73 74 61 |ray\";if(a insta|
|000001d0| 6e 63 65 6f 66 20 4f 62 6a 65 63 74 29 72 65 74 |nceof Object)ret|
|000001e0| 75 72 6e 20 62 3b 76 61 72 20 63 3d 4f 62 6a 65 |urn b;var c=Obje|
|000001f0| 63 74 2e 70 72 6f 74 6f 74 79 70 65 2e 74 6f 53 |ct.prototype.toS|
|00000200| 74 72 69 6e 67 2e 63 61 6c 6c 28 61 29 3b 69 66 |tring.call(a);if|
|00000210| 28 5c 22 5b 6f 62 6a 65 63 74 20 57 69 6e 64 6f |(\"[object Windo|
|00000220| 77 5d 5c 22 3d 3d 63 29 72 65 74 75 72 6e 5c 22 |w]\"==c)return\"|
|00000230| 6f 62 6a 65 63 74 5c 22 3b 69 66 28 5c 22 5b 6f |object\";if(\"[o|
|00000240| 62 6a 65 63 74 20 41 72 72 61 79 5d 5c 22 3d 3d |bject Array]\"==|
|00000250| 63 7c 7c 5c 22 6e 75 6d 62 65 72 5c 22 3d 3d 74 |c||\"number\"==t|
|00000260| 79 70 65 6f 66 20 61 2e 6c 65 6e 67 74 68 5c 75 |ypeof a.length\u|
|00000270| 30 30 32 36 5c 75 30 30 32 36 5c 22 75 6e 64 65 |0026\u0026\"unde|
|00000280| 66 69 6e 65 64 5c 22 21 3d 74 79 70 65 6f 66 20 |fined\"!=typeof |
|00000290| 61 2e 73 70 6c 69 63 65 5c 75 30 30 32 36 5c 75 |a.splice\u0026\u|
|000002a0| 30 30 32 36 5c 22 75 6e 64 65 66 69 6e 65 64 5c |0026\"undefined\|
|000002b0| 22 21 3d 74 79 70 65 6f 66 20 61 2e 70 72 6f 70 |"!=typeof a.prop|
|000002c0| 65 72 74 79 49 73 45 6e 75 6d 65 72 61 62 6c 65 |ertyIsEnumerable|
|000002d0| 5c 75 30 30 32 36 5c 75 30 30 32 36 21 61 2e 70 |\u0026\u0026!a.p|
|000002e0| 72 6f 70 65 72 74 79 49 73 45 6e 75 6d 65 72 61 |ropertyIsEnumera|
|000002f0| 62 6c 65 28 5c 22 73 70 6c 69 63 65 5c 22 29 29 |ble(\"splice\"))|
|00000300| 72 65 74 75 72 6e 5c 22 61 72 72 61 79 5c 22 3b |return\"array\";|
|00000310| 69 66 28 5c 22 5b 6f 62 6a 65 63 74 20 46 75 6e |if(\"[object Fun|
|00000320| 63 74 69 6f 6e 5d 5c 22 3d 3d 63 7c 7c 5c 22 75 |ction]\"==c||\"u|
|00000330| 6e 64 65 66 69 6e 65 64 5c 22 21 3d 74 79 70 65 |ndefined\"!=type|
|00000340| 6f 66 20 61 2e 63 61 6c 6c 5c 75 30 30 32 36 5c |of a.call\u0026\|
|00000350| 75 30 30 32 36 5c 22 75 6e 64 65 66 69 6e 65 64 |u0026\"undefined|
|00000360| 5c 22 21 3d 74 79 70 65 6f 66 20 61 2e 70 72 6f |\"!=typeof a.pro|
|00000370| 70 65 72 74 79 49 73 45 6e 75 6d 65 72 61 62 6c |pertyIsEnumerabl|
|00000380| 65 5c 75 30 30 32 36 5c 75 30 30 32 36 21 61 2e |e\u0026\u0026!a.|
|00000390| 70 72 6f 70 65 72 74 79 49 73 45 6e 75 6d 65 72 |propertyIsEnumer|
|000003a0| 61 62 6c 65 28 5c 22 63 61 6c 6c 5c 22 29 29 72 |able(\"call\"))r|
|000003b0| 65 74 75 72 6e 5c 22 66 75 6e 63 74 69 6f 6e 5c |eturn\"function\|
|000003c0| 22 7d 65 6c 73 65 20 72 65 74 75 72 6e 5c 22 6e |"}else return\"n|
|000003d0| 75 6c 6c 5c 22 3b 5c 6e 65 6c 73 65 20 69 66 28 |ull\";\nelse if(|
|000003e0| 5c 22 66 75 6e 63 74 69 6f 6e 5c 22 3d 3d 62 5c |\"function\"==b\|
|000003f0| 75 30 30 32 36 5c 75 30 30 32 36 5c 22 75 6e 64 |u0026\u0026\"und|
|00000400| 65 66 69 6e 65 64 5c 22 3d 3d 74 79 70 65 6f 66 |efined\"==typeof|
|00000410| 20 61 2e 63 61 6c 6c 29 72 65 74 75 72 6e 5c 22 | a.call)return\"|
|00000420| 6f 62 6a 65 63 74 5c 22 3b 72 65 74 75 72 6e 20 |object\";return |
|00000430| 62 7d 66 75 6e 63 74 69 6f 6e 20 64 61 28 61 2c |b}function da(a,|
|00000440| 62 2c 63 29 7b 72 65 74 75 72 6e 20 61 2e 63 61 |b,c){return a.ca|
|00000450| 6c 6c 2e 61 70 70 6c 79 28 61 2e 62 69 6e 64 2c |ll.apply(a.bind,|
|00000460| 61 72 67 75 6d 65 6e 74 73 29 7d 66 75 6e 63 74 |arguments)}funct|
|00000470| 69 6f 6e 20 65 61 28 61 2c 62 2c 63 29 7b 69 66 |ion ea(a,b,c){if|
|00000480| 28 21 61 29 74 68 72 6f 77 20 45 72 72 6f 72 28 |(!a)throw Error(|
|00000490| 29 3b 69 66 28 32 5c 75 30 30 33 63 61 72 67 75 |);if(2\u003cargu|
|000004a0| 6d 65 6e 74 73 2e 6c 65 6e 67 74 68 29 7b 76 61 |ments.length){va|
|000004b0| 72 20 64 3d 41 72 72 61 79 2e 70 72 6f 74 6f 74 |r d=Array.protot|
|000004c0| 79 70 65 2e 73 6c 69 63 65 2e 63 61 6c 6c 28 61 |ype.slice.call(a|
|000004d0| 72 67 75 6d 65 6e 74 73 2c 32 29 3b 72 65 74 75 |rguments,2);retu|
|000004e0| 72 6e 20 66 75 6e 63 74 69 6f 6e 28 29 7b 76 61 |rn function(){va|
|000004f0| 72 20 65 3d 41 72 72 61 79 2e 70 72 6f 74 6f 74 |r e=Array.protot|
|00000500| 79 70 65 2e 73 6c 69 63 65 2e 63 61 6c 6c 28 61 |ype.slice.call(a|
|00000510| 72 67 75 6d 65 6e 74 73 29 3b 41 72 72 61 79 2e |rguments);Array.|
|00000520| 70 72 6f 74 6f 74 79 70 65 2e 75 6e 73 68 69 66 |prototype.unshif|
|00000530| 74 2e 61 70 70 6c 79 28 65 2c 64 29 3b 72 65 74 |t.apply(e,d);ret|
|00000540| 75 72 6e 20 61 2e 61 70 70 6c 79 28 62 2c 65 29 |urn a.apply(b,e)|
|00000550| 7d 7d 72 65 74 75 72 6e 20 66 75 6e 63 74 69 6f |}}return functio|
|00000560| 6e 28 29 7b 72 65 74 75 72 6e 20 61 2e 61 70 70 |n(){return a.app|
|00000570| 6c 79 28 62 2c 61 72 67 75 6d 65 6e 74 73 29 7d |ly(b,arguments)}|
|00000580| 7d 5c 6e 66 75 6e 63 74 69 6f 6e 20 66 61 28 61 |}\nfunction fa(a|
|00000590| 2c 62 2c 63 29 7b 46 75 6e 63 74 69 6f 6e 2e 70 |,b,c){Function.p|
|000005a0| 72 6f 74 6f 74 79 70 65 2e 62 69 6e 64 5c 75 30 |rototype.bind\u0|
|000005b0| 30 32 36 5c 75 30 30 32 36 2d 31 21 3d 46 75 6e |026\u0026-1!=Fun|
|000005c0| 63 74 69 6f 6e 2e 70 72 6f 74 6f 74 79 70 65 2e |ction.prototype.|
|000005d0| 62 69 6e 64 2e 74 6f 53 74 72 69 6e 67 28 29 2e |bind.toString().|
|000005e0| 69 6e 64 65 78 4f 66 28 5c 22 6e 61 74 69 76 65 |indexOf(\"native|
|000005f0| 20 63 6f 64 65 5c 22 29 3f 66 61 3d 64 61 3a 66 | code\")?fa=da:f|
|00000600| 61 3d 65 61 3b 72 65 74 75 72 6e 20 66 61 2e 61 |a=ea;return fa.a|
|00000610| 70 70 6c 79 28 6e 75 6c 6c 2c 61 72 67 75 6d 65 |pply(null,argume|
|00000620| 6e 74 73 29 7d 66 75 6e 63 74 69 6f 6e 20 68 61 |nts)}function ha|
|00000630| 28 61 2c 62 29 7b 76 61 72 20 63 3d 41 72 72 61 |(a,b){var c=Arra|
|00000640| 79 2e 70 72 6f 74 6f 74 79 70 65 2e 73 6c 69 63 |y.prototype.slic|
|00000650| 65 2e 63 61 6c 6c 28 61 72 67 75 6d 65 6e 74 73 |e.call(arguments|
|00000660| 2c 31 29 3b 72 65 74 75 72 6e 20 66 75 6e 63 74 |,1);return funct|
|00000670| 69 6f 6e 28 29 7b 76 61 72 20 64 3d 63 2e 73 6c |ion(){var d=c.sl|
|00000680| 69 63 65 28 29 3b 64 2e 70 75 73 68 2e 61 70 70 |ice();d.push.app|
|00000690| 6c 79 28 64 2c 61 72 67 75 6d 65 6e 74 73 29 3b |ly(d,arguments);|
|000006a0| 72 65 74 75 72 6e 20 61 2e 61 70 70 6c 79 28 74 |return a.apply(t|
|000006b0| 68 69 73 2c 64 29 7d 7d 66 75 6e 63 74 69 6f 6e |his,d)}}function|
|000006c0| 20 6c 28 61 2c 62 29 7b 66 75 6e 63 74 69 6f 6e | l(a,b){function|
|000006d0| 20 63 28 29 7b 7d 63 2e 70 72 6f 74 6f 74 79 70 | c(){}c.prototyp|
|000006e0| 65 3d 62 2e 70 72 6f 74 6f 74 79 70 65 3b 61 2e |e=b.prototype;a.|
|000006f0| 70 72 6f 74 6f 74 79 70 65 3d 6e 65 77 20 63 3b |prototype=new c;|
|00000700| 61 2e 70 72 6f 74 6f 74 79 70 65 2e 63 6f 6e 73 |a.prototype.cons|
|00000710| 74 72 75 63 74 6f 72 3d 61 7d 3b 5c 75 30 30 32 |tructor=a};\u002|
|00000720| 66 2a 5c 6e 5c 6e 20 54 68 65 20 4d 49 54 20 4c |f*\n\n The MIT L|
|00000730| 69 63 65 6e 73 65 5c 6e 5c 6e 20 43 6f 70 79 72 |icense\n\n Copyr|
|00000740| 69 67 68 74 20 28 63 29 20 32 30 30 37 20 43 79 |ight (c) 2007 Cy|
|00000750| 62 6f 7a 75 20 4c 61 62 73 2c 20 49 6e 63 2e 5c |bozu Labs, Inc.\|
|00000760| 6e 20 43 6f 70 79 72 69 67 68 74 20 28 63 29 20 |n Copyright (c) |
|00000770| 32 30 31 32 20 47 6f 6f 67 6c 65 20 49 6e 63 2e |2012 Google Inc.|
|00000780| 5c 6e 5c 6e 20 50 65 72 6d 69 73 73 69 6f 6e 20 |\n\n Permission |
|00000790| 69 73 20 68 65 72 65 62 79 20 67 72 61 6e 74 65 |is hereby grante|
|000007a0| 64 2c 20 66 72 65 65 20 6f 66 20 63 68 61 72 67 |d, free of charg|
|000007b0| 65 2c 20 74 6f 20 61 6e 79 20 70 65 72 73 6f 6e |e, to any person|
|000007c0| 20 6f 62 74 61 69 6e 69 6e 67 20 61 20 63 6f 70 | obtaining a cop|
|000007d0| 79 5c 6e 20 6f 66 20 74 68 69 73 20 73 6f 66 74 |y\n of this soft|
|000007e0| 77 61 72 65 20 61 6e 64 20 61 73 73 6f 63 69 61 |ware and associa|
|000007f0| 74 65 64 20 64 6f 63 75 6d 65 6e 74 61 74 69 6f |ted documentatio|
|00000800| 6e 20 66 69 6c 65 73 20 28 74 68 65 20 5c 22 53 |n files (the \"S|
|00000810| 6f 66 74 77 61 72 65 5c 22 29 2c 20 74 6f 5c 6e |oftware\"), to\n|
|00000820| 20 64 65 61 6c 20 69 6e 20 74 68 65 20 53 6f 66 | deal in the Sof|
|00000830| 74 77 61 72 65 20 77 69 74 68 6f 75 74 20 72 65 |tware without re|
|00000840| 73 74 72 69 63 74 69 6f 6e 2c 20 69 6e 63 6c 75 |striction, inclu|
|00000850| 64 69 6e 67 20 77 69 74 68 6f 75 74 20 6c 69 6d |ding without lim|
|00000860| 69 74 61 74 69 6f 6e 20 74 68 65 5c 6e 20 72 69 |itation the\n ri|
|00000870| 67 68 74 73 20 74 6f 20 75 73 65 2c 20 63 6f 70 |ghts to use, cop|
|00000880| 79 2c 20 6d 6f 64 69 66 79 2c 20 6d 65 72 67 65 |y, modify, merge|
|00000890| 2c 20 70 75 62 6c 69 73 68 2c 20 64 69 73 74 72 |, publish, distr|
|000008a0| 69 62 75 74 65 2c 20 73 75 62 6c 69 63 65 6e 73 |ibute, sublicens|
|000008b0| 65 2c 20 61 6e 64 5c 75 30 30 32 66 6f 72 5c 6e |e, and\u002for\n|
|000008c0| 20 73 65 6c 6c 20 63 6f 70 69 65 73 20 6f 66 20 | sell copies of |
|000008d0| 74 68 65 20 53 6f 66 74 77 61 72 65 2c 20 61 6e |the Software, an|
|000008e0| 64 20 74 6f 20 70 65 72 6d 69 74 20 70 65 72 73 |d to permit pers|
|000008f0| 6f 6e 73 20 74 6f 20 77 68 6f 6d 20 74 68 65 20 |ons to whom the |
|00000900| 53 6f 66 74 77 61 72 65 20 69 73 5c 6e 20 66 75 |Software is\n fu|
|00000910| 72 6e 69 73 68 65 64 20 74 6f 20 64 6f 20 73 6f |rnished to do so|
|00000920| 2c 20 73 75 62 6a 65 63 74 20 74 6f 20 74 68 65 |, subject to the|
|00000930| 20 66 6f 6c 6c 6f 77 69 6e 67 20 63 6f 6e 64 69 | following condi|
|00000940| 74 69 6f 6e 73 3a 5c 6e 5c 6e 20 54 68 65 20 61 |tions:\n\n The a|
|00000950| 62 6f 76 65 20 63 6f 70 79 72 69 67 68 74 20 6e |bove copyright n|
|00000960| 6f 74 69 63 65 20 61 6e 64 20 74 68 69 73 20 70 |otice and this p|
|00000970| 65 72 6d 69 73 73 69 6f 6e 20 6e 6f 74 69 63 65 |ermission notice|
|00000980| 20 73 68 61 6c 6c 20 62 65 20 69 6e 63 6c 75 64 | shall be includ|
|00000990| 65 64 20 69 6e 5c 6e 20 61 6c 6c 20 63 6f 70 69 |ed in\n all copi|
|000009a0| 65 73 20 6f 72 20 73 75 62 73 74 61 6e 74 69 61 |es or substantia|
|000009b0| 6c 20 70 6f 72 74 69 6f 6e 73 20 6f 66 20 74 68 |l portions of th|
|000009c0| 65 20 53 6f 66 74 77 61 72 65 2e 5c 6e 5c 6e 20 |e Software.\n\n |
|000009d0| 54 48 45 20 53 4f 46 54 57 41 52 45 20 49 53 20 |THE SOFTWARE IS |
|000009e0| 50 52 4f 56 49 44 45 44 20 5c 22 41 53 20 49 53 |PROVIDED \"AS IS|
|000009f0| 5c 22 2c 20 57 49 54 48 4f 55 54 20 57 41 52 52 |\", WITHOUT WARR|
|00000a00| 41 4e 54 59 20 4f 46 20 41 4e 59 20 4b 49 4e 44 |ANTY OF ANY KIND|
|00000a10| 2c 20 45 58 50 52 45 53 53 20 4f 52 5c 6e 20 49 |, EXPRESS OR\n I|
|00000a20| 4d 50 4c 49 45 44 2c 20 49 4e 43 4c 55 44 49 4e |MPLIED, INCLUDIN|
|00000a30| 47 20 42 55 54 20 4e 4f 54 20 4c 49 4d 49 54 45 |G BUT NOT LIMITE|
|00000a40| 44 20 54 4f 20 54 48 45 20 57 41 52 52 41 4e 54 |D TO THE WARRANT|
|00000a50| 49 45 53 20 4f 46 20 4d 45 52 43 48 41 4e 54 41 |IES OF MERCHANTA|
|00000a60| 42 49 4c 49 54 59 2c 5c 6e 20 46 49 54 4e 45 53 |BILITY,\n FITNES|
|00000a70| 53 20 46 4f 52 20 41 20 50 41 52 54 49 43 55 4c |S FOR A PARTICUL|
|00000a80| 41 52 20 50 55 52 50 4f 53 45 20 41 4e 44 20 4e |AR PURPOSE AND N|
|00000a90| 4f 4e 49 4e 46 52 49 4e 47 45 4d 45 4e 54 2e 20 |ONINFRINGEMENT. |
|00000aa0| 49 4e 20 4e 4f 20 45 56 45 4e 54 20 53 48 41 4c |IN NO EVENT SHAL|
|00000ab0| 4c 20 54 48 45 5c 6e 20 41 55 54 48 4f 52 53 20 |L THE\n AUTHORS |
|00000ac0| 4f 52 20 43 4f 50 59 52 49 47 48 54 20 48 4f 4c |OR COPYRIGHT HOL|
|00000ad0| 44 45 52 53 20 42 45 20 4c 49 41 42 4c 45 20 46 |DERS BE LIABLE F|
|00000ae0| 4f 52 20 41 4e 59 20 43 4c 41 49 4d 2c 20 44 41 |OR ANY CLAIM, DA|
|00000af0| 4d 41 47 45 53 20 4f 52 20 4f 54 48 45 52 5c 6e |MAGES OR OTHER\n|
|00000b00| 20 4c 49 41 42 49 4c 49 54 59 2c 20 57 48 45 54 | LIABILITY, WHET|
|00000b10| 48 45 52 20 49 4e 20 41 4e 20 41 43 54 49 4f 4e |HER IN AN ACTION|
|00000b20| 20 4f 46 20 43 4f 4e 54 52 41 43 54 2c 20 54 4f | OF CONTRACT, TO|
|00000b30| 52 54 20 4f 52 20 4f 54 48 45 52 57 49 53 45 2c |RT OR OTHERWISE,|
|00000b40| 20 41 52 49 53 49 4e 47 5c 6e 20 46 52 4f 4d 2c | ARISING\n FROM,|
|00000b50| 20 4f 55 54 20 4f 46 20 4f 52 20 49 4e 20 43 4f | OUT OF OR IN CO|
|00000b60| 4e 4e 45 43 54 49 4f 4e 20 57 49 54 48 20 54 48 |NNECTION WITH TH|
|00000b70| 45 20 53 4f 46 54 57 41 52 45 20 4f 52 20 54 48 |E SOFTWARE OR TH|
|00000b80| 45 20 55 53 45 20 4f 52 20 4f 54 48 45 52 20 44 |E USE OR OTHER D|
|00000b90| 45 41 4c 49 4e 47 53 5c 6e 20 49 4e 20 54 48 45 |EALINGS\n IN THE|
|00000ba0| 20 53 4f 46 54 57 41 52 45 2e 5c 6e 2a 5c 75 30 | SOFTWARE.\n*\u0|
|00000bb0| 30 32 66 5c 6e 66 75 6e 63 74 69 6f 6e 20 69 61 |02f\nfunction ia|
|00000bc0| 28 61 2c 62 2c 63 29 7b 74 68 69 73 2e 61 3d 61 |(a,b,c){this.a=a|
|00000bd0| 3b 74 68 69 73 2e 62 3d 62 7c 7c 31 3b 74 68 69 |;this.b=b||1;thi|
|00000be0| 73 2e 66 3d 63 7c 7c 31 7d 3b 76 61 72 20 6a 61 |s.f=c||1};var ja|
|00000bf0| 3d 41 72 72 61 79 2e 70 72 6f 74 6f 74 79 70 65 |=Array.prototype|
|00000c00| 2e 69 6e 64 65 78 4f 66 3f 66 75 6e 63 74 69 6f |.indexOf?functio|
|00000c10| 6e 28 61 2c 62 29 7b 72 65 74 75 72 6e 20 41 72 |n(a,b){return Ar|
|00000c20| 72 61 79 2e 70 72 6f 74 6f 74 79 70 65 2e 69 6e |ray.prototype.in|
|00000c30| 64 65 78 4f 66 2e 63 61 6c 6c 28 61 2c 62 2c 76 |dexOf.call(a,b,v|
|00000c40| 6f 69 64 20 30 29 7d 3a 66 75 6e 63 74 69 6f 6e |oid 0)}:function|
|00000c50| 28 61 2c 62 29 7b 69 66 28 5c 22 73 74 72 69 6e |(a,b){if(\"strin|
|00000c60| 67 5c 22 3d 3d 3d 74 79 70 65 6f 66 20 61 29 72 |g\"===typeof a)r|
|00000c70| 65 74 75 72 6e 5c 22 73 74 72 69 6e 67 5c 22 21 |eturn\"string\"!|
|00000c80| 3d 3d 74 79 70 65 6f 66 20 62 7c 7c 31 21 3d 62 |==typeof b||1!=b|
|00000c90| 2e 6c 65 6e 67 74 68 3f 2d 31 3a 61 2e 69 6e 64 |.length?-1:a.ind|
|00000ca0| 65 78 4f 66 28 62 2c 30 29 3b 66 6f 72 28 76 61 |exOf(b,0);for(va|
|00000cb0| 72 20 63 3d 30 3b 63 5c 75 30 30 33 63 61 2e 6c |r c=0;c\u003ca.l|
|00000cc0| 65 6e 67 74 68 3b 63 2b 2b 29 69 66 28 63 20 69 |ength;c++)if(c i|
|00000cd0| 6e 20 61 5c 75 30 30 32 36 5c 75 30 30 32 36 61 |n a\u0026\u0026a|
|00000ce0| 5b 63 5d 3d 3d 3d 62 29 72 65 74 75 72 6e 20 63 |[c]===b)return c|
|00000cf0| 3b 72 65 74 75 72 6e 2d 31 7d 2c 6e 3d 41 72 72 |;return-1},n=Arr|
|00000d00| 61 79 2e 70 72 6f 74 6f 74 79 70 65 2e 66 6f 72 |ay.prototype.for|
|00000d10| 45 61 63 68 3f 66 75 6e 63 74 69 6f 6e 28 61 2c |Each?function(a,|
|00000d20| 62 29 7b 41 72 72 61 79 2e 70 72 6f 74 6f 74 79 |b){Array.prototy|
|00000d30| 70 65 2e 66 6f 72 45 61 63 68 2e 63 61 6c 6c 28 |pe.forEach.call(|
|00000d40| 61 2c 62 2c 76 6f 69 64 20 30 29 7d 3a 66 75 6e |a,b,void 0)}:fun|
|00000d50| 63 74 69 6f 6e 28 61 2c 62 29 7b 66 6f 72 28 76 |ction(a,b){for(v|
|00000d60| 61 72 20 63 3d 61 2e 6c 65 6e 67 74 68 2c 64 3d |ar c=a.length,d=|
|00000d70| 5c 22 73 74 72 69 6e 67 5c 22 3d 3d 3d 74 79 70 |\"string\"===typ|
|00000d80| 65 6f 66 20 61 3f 61 2e 73 70 6c 69 74 28 5c 22 |eof a?a.split(\"|
|00000d90| 5c 22 29 3a 61 2c 65 3d 30 3b 65 5c 75 30 30 33 |\"):a,e=0;e\u003|
|00000da0| 63 63 3b 65 2b 2b 29 65 20 69 6e 20 64 5c 75 30 |cc;e++)e in d\u0|
|00000db0| 30 32 36 5c 75 30 30 32 36 62 2e 63 61 6c 6c 28 |026\u0026b.call(|
|00000dc0| 76 6f 69 64 20 30 2c 64 5b 65 5d 2c 65 2c 61 29 |void 0,d[e],e,a)|
|00000dd0| 7d 2c 6b 61 3d 41 72 72 61 79 2e 70 72 6f 74 6f |},ka=Array.proto|
|00000de0| 74 79 70 65 2e 66 69 6c 74 65 72 3f 66 75 6e 63 |type.filter?func|
|00000df0| 74 69 6f 6e 28 61 2c 62 29 7b 72 65 74 75 72 6e |tion(a,b){return|
|00000e00| 20 41 72 72 61 79 2e 70 72 6f 74 6f 74 79 70 65 | Array.prototype|
|00000e10| 2e 66 69 6c 74 65 72 2e 63 61 6c 6c 28 61 2c 5c |.filter.call(a,\|
|00000e20| 6e 62 2c 76 6f 69 64 20 30 29 7d 3a 66 75 6e 63 |nb,void 0)}:func|
|00000e30| 74 69 6f 6e 28 61 2c 62 29 7b 66 6f 72 28 76 61 |tion(a,b){for(va|
|00000e40| 72 20 63 3d 61 2e 6c 65 6e 67 74 68 2c 64 3d 5b |r c=a.length,d=[|
|00000e50| 5d 2c 65 3d 30 2c 66 3d 5c 22 73 74 72 69 6e 67 |],e=0,f=\"string|
|00000e60| 5c 22 3d 3d 3d 74 79 70 65 6f 66 20 61 3f 61 2e |\"===typeof a?a.|
|00000e70| 73 70 6c 69 74 28 5c 22 5c 22 29 3a 61 2c 67 3d |split(\"\"):a,g=|
|00000e80| 30 3b 67 5c 75 30 30 33 63 63 3b 67 2b 2b 29 69 |0;g\u003cc;g++)i|
|00000e90| 66 28 67 20 69 6e 20 66 29 7b 76 61 72 20 68 3d |f(g in f){var h=|
|00000ea0| 66 5b 67 5d 3b 62 2e 63 61 6c 6c 28 76 6f 69 64 |f[g];b.call(void|
|00000eb0| 20 30 2c 68 2c 67 2c 61 29 5c 75 30 30 32 36 5c | 0,h,g,a)\u0026\|
|00000ec0| 75 30 30 32 36 28 64 5b 65 2b 2b 5d 3d 68 29 7d |u0026(d[e++]=h)}|
|00000ed0| 72 65 74 75 72 6e 20 64 7d 2c 6c 61 3d 41 72 72 |return d},la=Arr|
|00000ee0| 61 79 2e 70 72 6f 74 6f 74 79 70 65 2e 72 65 64 |ay.prototype.red|
|00000ef0| 75 63 65 3f 66 75 6e 63 74 69 6f 6e 28 61 2c 62 |uce?function(a,b|
|00000f00| 2c 63 29 7b 72 65 74 75 72 6e 20 41 72 72 61 79 |,c){return Array|
|00000f10| 2e 70 72 6f 74 6f 74 79 70 65 2e 72 65 64 75 63 |.prototype.reduc|
|00000f20| 65 2e 63 61 6c 6c 28 61 2c 62 2c 63 29 7d 3a 66 |e.call(a,b,c)}:f|
|00000f30| 75 6e 63 74 69 6f 6e 28 61 2c 62 2c 63 29 7b 76 |unction(a,b,c){v|
|00000f40| 61 72 20 64 3d 63 3b 6e 28 61 2c 66 75 6e 63 74 |ar d=c;n(a,funct|
|00000f50| 69 6f 6e 28 65 2c 66 29 7b 64 3d 62 2e 63 61 6c |ion(e,f){d=b.cal|
|00000f60| 6c 28 76 6f 69 64 20 30 2c 64 2c 65 2c 66 2c 61 |l(void 0,d,e,f,a|
|00000f70| 29 7d 29 3b 72 65 74 75 72 6e 20 64 7d 2c 6d 61 |)});return d},ma|
|00000f80| 3d 41 72 72 61 79 2e 70 72 6f 74 6f 74 79 70 65 |=Array.prototype|
|00000f90| 2e 73 6f 6d 65 3f 66 75 6e 63 74 69 6f 6e 28 61 |.some?function(a|
|00000fa0| 2c 62 29 7b 72 65 74 75 72 6e 20 41 72 72 61 79 |,b){return Array|
|00000fb0| 2e 70 72 6f 74 6f 74 79 70 65 2e 73 6f 6d 65 2e |.prototype.some.|
|00000fc0| 63 61 6c 6c 28 61 2c 62 2c 76 6f 69 64 20 30 29 |call(a,b,void 0)|
|00000fd0| 7d 3a 66 75 6e 63 74 69 6f 6e 28 61 2c 62 29 7b |}:function(a,b){|
|00000fe0| 66 6f 72 28 76 61 72 20 63 3d 61 2e 6c 65 6e 67 |for(var c=a.leng|
|00000ff0| 74 68 2c 64 3d 5c 22 73 74 72 69 6e 67 5c 22 3d |th,d=\"string\"=|
|00001000| 3d 3d 74 79 70 65 6f 66 20 61 3f 61 2e 73 70 6c |==typeof a?a.spl|
|00001010| 69 74 28 5c 22 5c 22 29 3a 61 2c 65 3d 30 3b 65 |it(\"\"):a,e=0;e|
|00001020| 5c 75 30 30 33 63 63 3b 65 2b 2b 29 69 66 28 65 |\u003cc;e++)if(e|
|00001030| 20 69 6e 5c 6e 64 5c 75 30 30 32 36 5c 75 30 30 | in\nd\u0026\u00|
|00001040| 32 36 62 2e 63 61 6c 6c 28 76 6f 69 64 20 30 2c |26b.call(void 0,|
|00001050| 64 5b 65 5d 2c 65 2c 61 29 29 72 65 74 75 72 6e |d[e],e,a))return|
|00001060| 21 30 3b 72 65 74 75 72 6e 21 31 7d 2c 6e 61 3d |!0;return!1},na=|
|00001070| 41 72 72 61 79 2e 70 72 6f 74 6f 74 79 70 65 2e |Array.prototype.|
|00001080| 65 76 65 72 79 3f 66 75 6e 63 74 69 6f 6e 28 61 |every?function(a|
|00001090| 2c 62 29 7b 72 65 74 75 72 6e 20 41 72 72 61 79 |,b){return Array|
|000010a0| 2e 70 72 6f 74 6f 74 79 70 65 2e 65 76 65 72 79 |.prototype.every|
|000010b0| 2e 63 61 6c 6c 28 61 2c 62 2c 76 6f 69 64 20 30 |.call(a,b,void 0|
|000010c0| 29 7d 3a 66 75 6e 63 74 69 6f 6e 28 61 2c 62 29 |)}:function(a,b)|
|000010d0| 7b 66 6f 72 28 76 61 72 20 63 3d 61 2e 6c 65 6e |{for(var c=a.len|
|000010e0| 67 74 68 2c 64 3d 5c 22 73 74 72 69 6e 67 5c 22 |gth,d=\"string\"|
|000010f0| 3d 3d 3d 74 79 70 65 6f 66 20 61 3f 61 2e 73 70 |===typeof a?a.sp|
|00001100| 6c 69 74 28 5c 22 5c 22 29 3a 61 2c 65 3d 30 3b |lit(\"\"):a,e=0;|
|00001110| 65 5c 75 30 30 33 63 63 3b 65 2b 2b 29 69 66 28 |e\u003cc;e++)if(|
|00001120| 65 20 69 6e 20 64 5c 75 30 30 32 36 5c 75 30 30 |e in d\u0026\u00|
|00001130| 32 36 21 62 2e 63 61 6c 6c 28 76 6f 69 64 20 30 |26!b.call(void 0|
|00001140| 2c 64 5b 65 5d 2c 65 2c 61 29 29 72 65 74 75 72 |,d[e],e,a))retur|
|00001150| 6e 21 31 3b 72 65 74 75 72 6e 21 30 7d 3b 66 75 |n!1;return!0};fu|
|00001160| 6e 63 74 69 6f 6e 20 6f 61 28 61 2c 62 29 7b 61 |nction oa(a,b){a|
|00001170| 3a 7b 66 6f 72 28 76 61 72 20 63 3d 61 2e 6c 65 |:{for(var c=a.le|
|00001180| 6e 67 74 68 2c 64 3d 5c 22 73 74 72 69 6e 67 5c |ngth,d=\"string\|
|00001190| 22 3d 3d 3d 74 79 70 65 6f 66 20 61 3f 61 2e 73 |"===typeof a?a.s|
|000011a0| 70 6c 69 74 28 5c 22 5c 22 29 3a 61 2c 65 3d 30 |plit(\"\"):a,e=0|
|000011b0| 3b 65 5c 75 30 30 33 63 63 3b 65 2b 2b 29 69 66 |;e\u003cc;e++)if|
|000011c0| 28 65 20 69 6e 20 64 5c 75 30 30 32 36 5c 75 30 |(e in d\u0026\u0|
|000011d0| 30 32 36 62 2e 63 61 6c 6c 28 76 6f 69 64 20 30 |026b.call(void 0|
|000011e0| 2c 64 5b 65 5d 2c 65 2c 61 29 29 7b 62 3d 65 3b |,d[e],e,a)){b=e;|
|000011f0| 62 72 65 61 6b 20 61 7d 62 3d 2d 31 7d 72 65 74 |break a}b=-1}ret|
|00001200| 75 72 6e 20 30 3e 62 3f 6e 75 6c 6c 3a 5c 22 73 |urn 0>b?null:\"s|
|00001210| 74 72 69 6e 67 5c 22 3d 3d 3d 74 79 70 65 6f 66 |tring\"===typeof|
|00001220| 20 61 3f 61 2e 63 68 61 72 41 74 28 62 29 3a 61 | a?a.charAt(b):a|
|00001230| 5b 62 5d 7d 5c 6e 66 75 6e 63 74 69 6f 6e 20 70 |[b]}\nfunction p|
|00001240| 61 28 61 29 7b 72 65 74 75 72 6e 20 41 72 72 61 |a(a){return Arra|
|00001250| 79 2e 70 72 6f 74 6f 74 79 70 65 2e 63 6f 6e 63 |y.prototype.conc|
|00001260| 61 74 2e 61 70 70 6c 79 28 5b 5d 2c 61 72 67 75 |at.apply([],argu|
|00001270| 6d 65 6e 74 73 29 7d 66 75 6e 63 74 69 6f 6e 20 |ments)}function |
|00001280| 71 61 28 61 2c 62 2c 63 29 7b 72 65 74 75 72 6e |qa(a,b,c){return|
|00001290| 20 32 3e 3d 61 72 67 75 6d 65 6e 74 73 2e 6c 65 | 2>=arguments.le|
|000012a0| 6e 67 74 68 3f 41 72 72 61 79 2e 70 72 6f 74 6f |ngth?Array.proto|
|000012b0| 74 79 70 65 2e 73 6c 69 63 65 2e 63 61 6c 6c 28 |type.slice.call(|
|000012c0| 61 2c 62 29 3a 41 72 72 61 79 2e 70 72 6f 74 6f |a,b):Array.proto|
|000012d0| 74 79 70 65 2e 73 6c 69 63 65 2e 63 61 6c 6c 28 |type.slice.call(|
|000012e0| 61 2c 62 2c 63 29 7d 3b 76 61 72 20 72 61 3d 53 |a,b,c)};var ra=S|
|000012f0| 74 72 69 6e 67 2e 70 72 6f 74 6f 74 79 70 65 2e |tring.prototype.|
|00001300| 74 72 69 6d 3f 66 75 6e 63 74 69 6f 6e 28 61 29 |trim?function(a)|
|00001310| 7b 72 65 74 75 72 6e 20 61 2e 74 72 69 6d 28 29 |{return a.trim()|
|00001320| 7d 3a 66 75 6e 63 74 69 6f 6e 28 61 29 7b 72 65 |}:function(a){re|
|00001330| 74 75 72 6e 5c 75 30 30 32 66 5e 5b 5c 5c 73 5c |turn\u002f^[\\s\|
|00001340| 5c 78 61 30 5d 2a 28 5b 5c 5c 73 5c 5c 53 5d 2a |\xa0]*([\\s\\S]*|
|00001350| 3f 29 5b 5c 5c 73 5c 5c 78 61 30 5d 2a 24 5c 75 |?)[\\s\\xa0]*$\u|
|00001360| 30 30 32 66 2e 65 78 65 63 28 61 29 5b 31 5d 7d |002f.exec(a)[1]}|
|00001370| 3b 66 75 6e 63 74 69 6f 6e 20 73 61 28 61 2c 62 |;function sa(a,b|
|00001380| 29 7b 72 65 74 75 72 6e 20 61 5c 75 30 30 33 63 |){return a\u003c|
|00001390| 62 3f 2d 31 3a 61 3e 62 3f 31 3a 30 7d 3b 76 61 |b?-1:a>b?1:0};va|
|000013a0| 72 20 74 3b 61 3a 7b 76 61 72 20 74 61 3d 6b 2e |r t;a:{var ta=k.|
|000013b0| 6e 61 76 69 67 61 74 6f 72 3b 69 66 28 74 61 29 |navigator;if(ta)|
|000013c0| 7b 76 61 72 20 75 61 3d 74 61 2e 75 73 65 72 41 |{var ua=ta.userA|
|000013d0| 67 65 6e 74 3b 69 66 28 75 61 29 7b 74 3d 75 61 |gent;if(ua){t=ua|
|000013e0| 3b 62 72 65 61 6b 20 61 7d 7d 74 3d 5c 22 5c 22 |;break a}}t=\"\"|
|000013f0| 7d 66 75 6e 63 74 69 6f 6e 20 75 28 61 29 7b 72 |}function u(a){r|
|00001400| 65 74 75 72 6e 2d 31 21 3d 74 2e 69 6e 64 65 78 |eturn-1!=t.index|
|00001410| 4f 66 28 61 29 7d 3b 66 75 6e 63 74 69 6f 6e 20 |Of(a)};function |
|00001420| 76 61 28 29 7b 72 65 74 75 72 6e 20 75 28 5c 22 |va(){return u(\"|
|00001430| 46 69 72 65 66 6f 78 5c 22 29 7c 7c 75 28 5c 22 |Firefox\")||u(\"|
|00001440| 46 78 69 4f 53 5c 22 29 7d 66 75 6e 63 74 69 6f |FxiOS\")}functio|
|00001450| 6e 20 77 61 28 29 7b 72 65 74 75 72 6e 28 75 28 |n wa(){return(u(|
|00001460| 5c 22 43 68 72 6f 6d 65 5c 22 29 7c 7c 75 28 5c |\"Chrome\")||u(\|
|00001470| 22 43 72 69 4f 53 5c 22 29 29 5c 75 30 30 32 36 |"CriOS\"))\u0026|
|00001480| 5c 75 30 30 32 36 21 75 28 5c 22 45 64 67 65 5c |\u0026!u(\"Edge\|
|00001490| 22 29 7d 3b 66 75 6e 63 74 69 6f 6e 20 78 61 28 |")};function xa(|
|000014a0| 61 29 7b 72 65 74 75 72 6e 20 53 74 72 69 6e 67 |a){return String|
|000014b0| 28 61 29 2e 72 65 70 6c 61 63 65 28 5c 75 30 30 |(a).replace(\u00|
|000014c0| 32 66 5c 5c 2d 28 5b 61 2d 7a 5d 29 5c 75 30 30 |2f\\-([a-z])\u00|
|000014d0| 32 66 67 2c 66 75 6e 63 74 69 6f 6e 28 62 2c 63 |2fg,function(b,c|
|000014e0| 29 7b 72 65 74 75 72 6e 20 63 2e 74 6f 55 70 70 |){return c.toUpp|
|000014f0| 65 72 43 61 73 65 28 29 7d 29 7d 3b 66 75 6e 63 |erCase()})};func|
|00001500| 74 69 6f 6e 20 79 61 28 29 7b 72 65 74 75 72 6e |tion ya(){return|
|00001510| 20 75 28 5c 22 69 50 68 6f 6e 65 5c 22 29 5c 75 | u(\"iPhone\")\u|
|00001520| 30 30 32 36 5c 75 30 30 32 36 21 75 28 5c 22 69 |0026\u0026!u(\"i|
|00001530| 50 6f 64 5c 22 29 5c 75 30 30 32 36 5c 75 30 30 |Pod\")\u0026\u00|
|00001540| 32 36 21 75 28 5c 22 69 50 61 64 5c 22 29 7d 3b |26!u(\"iPad\")};|
|00001550| 66 75 6e 63 74 69 6f 6e 20 7a 61 28 61 2c 62 29 |function za(a,b)|
|00001560| 7b 76 61 72 20 63 3d 41 61 3b 72 65 74 75 72 6e |{var c=Aa;return|
|00001570| 20 4f 62 6a 65 63 74 2e 70 72 6f 74 6f 74 79 70 | Object.prototyp|
|00001580| 65 2e 68 61 73 4f 77 6e 50 72 6f 70 65 72 74 79 |e.hasOwnProperty|
|00001590| 2e 63 61 6c 6c 28 63 2c 61 29 3f 63 5b 61 5d 3a |.call(c,a)?c[a]:|
|000015a0| 63 5b 61 5d 3d 62 28 61 29 7d 3b 76 61 72 20 42 |c[a]=b(a)};var B|
|000015b0| 61 3d 75 28 5c 22 4f 70 65 72 61 5c 22 29 2c 76 |a=u(\"Opera\"),v|
|000015c0| 3d 75 28 5c 22 54 72 69 64 65 6e 74 5c 22 29 7c |=u(\"Trident\")||
|000015d0| 7c 75 28 5c 22 4d 53 49 45 5c 22 29 2c 43 61 3d ||u(\"MSIE\"),Ca=|
|000015e0| 75 28 5c 22 45 64 67 65 5c 22 29 2c 44 61 3d 75 |u(\"Edge\"),Da=u|
|000015f0| 28 5c 22 47 65 63 6b 6f 5c 22 29 5c 75 30 30 32 |(\"Gecko\")\u002|
|00001600| 36 5c 75 30 30 32 36 21 28 2d 31 21 3d 74 2e 74 |6\u0026!(-1!=t.t|
|00001610| 6f 4c 6f 77 65 72 43 61 73 65 28 29 2e 69 6e 64 |oLowerCase().ind|
|00001620| 65 78 4f 66 28 5c 22 77 65 62 6b 69 74 5c 22 29 |exOf(\"webkit\")|
|00001630| 5c 75 30 30 32 36 5c 75 30 30 32 36 21 75 28 5c |\u0026\u0026!u(\|
|00001640| 22 45 64 67 65 5c 22 29 29 5c 75 30 30 32 36 5c |"Edge\"))\u0026\|
|00001650| 75 30 30 32 36 21 28 75 28 5c 22 54 72 69 64 65 |u0026!(u(\"Tride|
|00001660| 6e 74 5c 22 29 7c 7c 75 28 5c 22 4d 53 49 45 5c |nt\")||u(\"MSIE\|
|00001670| 22 29 29 5c 75 30 30 32 36 5c 75 30 30 32 36 21 |"))\u0026\u0026!|
|00001680| 75 28 5c 22 45 64 67 65 5c 22 29 2c 45 61 3d 2d |u(\"Edge\"),Ea=-|
|00001690| 31 21 3d 74 2e 74 6f 4c 6f 77 65 72 43 61 73 65 |1!=t.toLowerCase|
|000016a0| 28 29 2e 69 6e 64 65 78 4f 66 28 5c 22 77 65 62 |().indexOf(\"web|
|000016b0| 6b 69 74 5c 22 29 5c 75 30 30 32 36 5c 75 30 30 |kit\")\u0026\u00|
|000016c0| 32 36 21 75 28 5c 22 45 64 67 65 5c 22 29 3b 66 |26!u(\"Edge\");f|
|000016d0| 75 6e 63 74 69 6f 6e 20 46 61 28 29 7b 76 61 72 |unction Fa(){var|
|000016e0| 20 61 3d 6b 2e 64 6f 63 75 6d 65 6e 74 3b 72 65 | a=k.document;re|
|000016f0| 74 75 72 6e 20 61 3f 61 2e 64 6f 63 75 6d 65 6e |turn a?a.documen|
|00001700| 74 4d 6f 64 65 3a 76 6f 69 64 20 30 7d 76 61 72 |tMode:void 0}var|
|00001710| 20 47 61 3b 5c 6e 61 3a 7b 76 61 72 20 48 61 3d | Ga;\na:{var Ha=|
|00001720| 5c 22 5c 22 2c 49 61 3d 66 75 6e 63 74 69 6f 6e |\"\",Ia=function|
|00001730| 28 29 7b 76 61 72 20 61 3d 74 3b 69 66 28 44 61 |(){var a=t;if(Da|
|00001740| 29 72 65 74 75 72 6e 5c 75 30 30 32 66 72 76 3a |)return\u002frv:|
|00001750| 28 5b 5e 5c 5c 29 3b 5d 2b 29 28 5c 5c 29 7c 3b |([^\\);]+)(\\)|;|
|00001760| 29 5c 75 30 30 32 66 2e 65 78 65 63 28 61 29 3b |)\u002f.exec(a);|
|00001770| 69 66 28 43 61 29 72 65 74 75 72 6e 5c 75 30 30 |if(Ca)return\u00|
|00001780| 32 66 45 64 67 65 5c 5c 5c 75 30 30 32 66 28 5b |2fEdge\\\u002f([|
|00001790| 5c 5c 64 5c 5c 2e 5d 2b 29 5c 75 30 30 32 66 2e |\\d\\.]+)\u002f.|
|000017a0| 65 78 65 63 28 61 29 3b 69 66 28 76 29 72 65 74 |exec(a);if(v)ret|
|000017b0| 75 72 6e 5c 75 30 30 32 66 5c 5c 62 28 3f 3a 4d |urn\u002f\\b(?:M|
|000017c0| 53 49 45 7c 72 76 29 5b 3a 20 5d 28 5b 5e 5c 5c |SIE|rv)[: ]([^\\|
|000017d0| 29 3b 5d 2b 29 28 5c 5c 29 7c 3b 29 5c 75 30 30 |);]+)(\\)|;)\u00|
|000017e0| 32 66 2e 65 78 65 63 28 61 29 3b 69 66 28 45 61 |2f.exec(a);if(Ea|
|000017f0| 29 72 65 74 75 72 6e 5c 75 30 30 32 66 57 65 62 |)return\u002fWeb|
|00001800| 4b 69 74 5c 5c 5c 75 30 30 32 66 28 5c 5c 53 2b |Kit\\\u002f(\\S+|
|00001810| 29 5c 75 30 30 32 66 2e 65 78 65 63 28 61 29 3b |)\u002f.exec(a);|
|00001820| 69 66 28 42 61 29 72 65 74 75 72 6e 5c 75 30 30 |if(Ba)return\u00|
|00001830| 32 66 28 3f 3a 56 65 72 73 69 6f 6e 29 5b 20 5c |2f(?:Version)[ \|
|00001840| 5c 5c 75 30 30 32 66 5d 3f 28 5c 5c 53 2b 29 5c |\\u002f]?(\\S+)\|
|00001850| 75 30 30 32 66 2e 65 78 65 63 28 61 29 7d 28 29 |u002f.exec(a)}()|
|00001860| 3b 49 61 5c 75 30 30 32 36 5c 75 30 30 32 36 28 |;Ia\u0026\u0026(|
|00001870| 48 61 3d 49 61 3f 49 61 5b 31 5d 3a 5c 22 5c 22 |Ha=Ia?Ia[1]:\"\"|
|00001880| 29 3b 69 66 28 76 29 7b 76 61 72 20 4a 61 3d 46 |);if(v){var Ja=F|
|00001890| 61 28 29 3b 69 66 28 6e 75 6c 6c 21 3d 4a 61 5c |a();if(null!=Ja\|
|000018a0| 75 30 30 32 36 5c 75 30 30 32 36 4a 61 3e 70 61 |u0026\u0026Ja>pa|
|000018b0| 72 73 65 46 6c 6f 61 74 28 48 61 29 29 7b 47 61 |rseFloat(Ha)){Ga|
|000018c0| 3d 53 74 72 69 6e 67 28 4a 61 29 3b 62 72 65 61 |=String(Ja);brea|
|000018d0| 6b 20 61 7d 7d 47 61 3d 48 61 7d 76 61 72 20 41 |k a}}Ga=Ha}var A|
|000018e0| 61 3d 7b 7d 3b 5c 6e 66 75 6e 63 74 69 6f 6e 20 |a={};\nfunction |
|000018f0| 4b 61 28 61 29 7b 72 65 74 75 72 6e 20 7a 61 28 |Ka(a){return za(|
|00001900| 61 2c 66 75 6e 63 74 69 6f 6e 28 29 7b 66 6f 72 |a,function(){for|
|00001910| 28 76 61 72 20 62 3d 30 2c 63 3d 72 61 28 53 74 |(var b=0,c=ra(St|
|00001920| 72 69 6e 67 28 47 61 29 29 2e 73 70 6c 69 74 28 |ring(Ga)).split(|
|00001930| 5c 22 2e 5c 22 29 2c 64 3d 72 61 28 53 74 72 69 |\".\"),d=ra(Stri|
|00001940| 6e 67 28 61 29 29 2e 73 70 6c 69 74 28 5c 22 2e |ng(a)).split(\".|
|00001950| 5c 22 29 2c 65 3d 4d 61 74 68 2e 6d 61 78 28 63 |\"),e=Math.max(c|
|00001960| 2e 6c 65 6e 67 74 68 2c 64 2e 6c 65 6e 67 74 68 |.length,d.length|
|00001970| 29 2c 66 3d 30 3b 30 3d 3d 62 5c 75 30 30 32 36 |),f=0;0==b\u0026|
|00001980| 5c 75 30 30 32 36 66 5c 75 30 30 33 63 65 3b 66 |\u0026f\u003ce;f|
|00001990| 2b 2b 29 7b 76 61 72 20 67 3d 63 5b 66 5d 7c 7c |++){var g=c[f]|||
|000019a0| 5c 22 5c 22 2c 68 3d 64 5b 66 5d 7c 7c 5c 22 5c |\"\",h=d[f]||\"\|
|000019b0| 22 3b 64 6f 7b 67 3d 5c 75 30 30 32 66 28 5c 5c |";do{g=\u002f(\\|
|000019c0| 64 2a 29 28 5c 5c 44 2a 29 28 2e 2a 29 5c 75 30 |d*)(\\D*)(.*)\u0|
|000019d0| 30 32 66 2e 65 78 65 63 28 67 29 7c 7c 5b 5c 22 |02f.exec(g)||[\"|
|000019e0| 5c 22 2c 5c 22 5c 22 2c 5c 22 5c 22 2c 5c 22 5c |\",\"\",\"\",\"\|
|000019f0| 22 5d 3b 68 3d 5c 75 30 30 32 66 28 5c 5c 64 2a |"];h=\u002f(\\d*|
|00001a00| 29 28 5c 5c 44 2a 29 28 2e 2a 29 5c 75 30 30 32 |)(\\D*)(.*)\u002|
|00001a10| 66 2e 65 78 65 63 28 68 29 7c 7c 5b 5c 22 5c 22 |f.exec(h)||[\"\"|
|00001a20| 2c 5c 22 5c 22 2c 5c 22 5c 22 2c 5c 22 5c 22 5d |,\"\",\"\",\"\"]|
|00001a30| 3b 69 66 28 30 3d 3d 67 5b 30 5d 2e 6c 65 6e 67 |;if(0==g[0].leng|
|00001a40| 74 68 5c 75 30 30 32 36 5c 75 30 30 32 36 30 3d |th\u0026\u00260=|
|00001a50| 3d 68 5b 30 5d 2e 6c 65 6e 67 74 68 29 62 72 65 |=h[0].length)bre|
|00001a60| 61 6b 3b 62 3d 73 61 28 30 3d 3d 67 5b 31 5d 2e |ak;b=sa(0==g[1].|
|00001a70| 6c 65 6e 67 74 68 3f 30 3a 70 61 72 73 65 49 6e |length?0:parseIn|
|00001a80| 74 28 67 5b 31 5d 2c 31 30 29 2c 30 3d 3d 68 5b |t(g[1],10),0==h[|
|00001a90| 31 5d 2e 6c 65 6e 67 74 68 3f 30 3a 70 61 72 73 |1].length?0:pars|
|00001aa0| 65 49 6e 74 28 68 5b 31 5d 2c 31 30 29 29 7c 7c |eInt(h[1],10))|||
|00001ab0| 73 61 28 30 3d 3d 67 5b 32 5d 2e 6c 65 6e 67 74 |sa(0==g[2].lengt|
|00001ac0| 68 2c 30 3d 3d 68 5b 32 5d 2e 6c 65 6e 67 74 68 |h,0==h[2].length|
|00001ad0| 29 7c 7c 73 61 28 67 5b 32 5d 2c 68 5b 32 5d 29 |)||sa(g[2],h[2])|
|00001ae0| 3b 67 3d 67 5b 33 5d 3b 68 3d 68 5b 33 5d 7d 77 |;g=g[3];h=h[3]}w|
|00001af0| 68 69 6c 65 28 30 3d 3d 62 29 7d 72 65 74 75 72 |hile(0==b)}retur|
|00001b00| 6e 20 30 5c 75 30 30 33 63 3d 62 7d 29 7d 76 61 |n 0\u003c=b})}va|
|00001b10| 72 20 4c 61 3b 5c 6e 4c 61 3d 6b 2e 64 6f 63 75 |r La;\nLa=k.docu|
|00001b20| 6d 65 6e 74 5c 75 30 30 32 36 5c 75 30 30 32 36 |ment\u0026\u0026|
|00001b30| 76 3f 46 61 28 29 3a 76 6f 69 64 20 30 3b 76 61 |v?Fa():void 0;va|
|00001b40| 72 20 78 3d 76 5c 75 30 30 32 36 5c 75 30 30 32 |r x=v\u0026\u002|
|00001b50| 36 21 28 39 5c 75 30 30 33 63 3d 4e 75 6d 62 65 |6!(9\u003c=Numbe|
|00001b60| 72 28 4c 61 29 29 2c 4d 61 3d 76 5c 75 30 30 32 |r(La)),Ma=v\u002|
|00001b70| 36 5c 75 30 30 32 36 21 28 38 5c 75 30 30 33 63 |6\u0026!(8\u003c|
|00001b80| 3d 4e 75 6d 62 65 72 28 4c 61 29 29 3b 66 75 6e |=Number(La));fun|
|00001b90| 63 74 69 6f 6e 20 4e 61 28 61 2c 62 2c 63 2c 64 |ction Na(a,b,c,d|
|00001ba0| 29 7b 74 68 69 73 2e 61 3d 61 3b 74 68 69 73 2e |){this.a=a;this.|
|00001bb0| 6e 6f 64 65 4e 61 6d 65 3d 63 3b 74 68 69 73 2e |nodeName=c;this.|
|00001bc0| 6e 6f 64 65 56 61 6c 75 65 3d 64 3b 74 68 69 73 |nodeValue=d;this|
|00001bd0| 2e 6e 6f 64 65 54 79 70 65 3d 32 3b 74 68 69 73 |.nodeType=2;this|
|00001be0| 2e 70 61 72 65 6e 74 4e 6f 64 65 3d 74 68 69 73 |.parentNode=this|
|00001bf0| 2e 6f 77 6e 65 72 45 6c 65 6d 65 6e 74 3d 62 7d |.ownerElement=b}|
|00001c00| 66 75 6e 63 74 69 6f 6e 20 4f 61 28 61 2c 62 29 |function Oa(a,b)|
|00001c10| 7b 76 61 72 20 63 3d 4d 61 5c 75 30 30 32 36 5c |{var c=Ma\u0026\|
|00001c20| 75 30 30 32 36 5c 22 68 72 65 66 5c 22 3d 3d 62 |u0026\"href\"==b|
|00001c30| 2e 6e 6f 64 65 4e 61 6d 65 3f 61 2e 67 65 74 41 |.nodeName?a.getA|
|00001c40| 74 74 72 69 62 75 74 65 28 62 2e 6e 6f 64 65 4e |ttribute(b.nodeN|
|00001c50| 61 6d 65 2c 32 29 3a 62 2e 6e 6f 64 65 56 61 6c |ame,2):b.nodeVal|
|00001c60| 75 65 3b 72 65 74 75 72 6e 20 6e 65 77 20 4e 61 |ue;return new Na|
|00001c70| 28 62 2c 61 2c 62 2e 6e 6f 64 65 4e 61 6d 65 2c |(b,a,b.nodeName,|
|00001c80| 63 29 7d 3b 66 75 6e 63 74 69 6f 6e 20 50 61 28 |c)};function Pa(|
|00001c90| 61 29 7b 74 68 69 73 2e 62 3d 61 3b 74 68 69 73 |a){this.b=a;this|
|00001ca0| 2e 61 3d 30 7d 66 75 6e 63 74 69 6f 6e 20 51 61 |.a=0}function Qa|
|00001cb0| 28 61 29 7b 61 3d 61 2e 6d 61 74 63 68 28 52 61 |(a){a=a.match(Ra|
|00001cc0| 29 3b 66 6f 72 28 76 61 72 20 62 3d 30 3b 62 5c |);for(var b=0;b\|
|00001cd0| 75 30 30 33 63 61 2e 6c 65 6e 67 74 68 3b 62 2b |u003ca.length;b+|
|00001ce0| 2b 29 53 61 2e 74 65 73 74 28 61 5b 62 5d 29 5c |+)Sa.test(a[b])\|
|00001cf0| 75 30 30 32 36 5c 75 30 30 32 36 61 2e 73 70 6c |u0026\u0026a.spl|
|00001d00| 69 63 65 28 62 2c 31 29 3b 72 65 74 75 72 6e 20 |ice(b,1);return |
|00001d10| 6e 65 77 20 50 61 28 61 29 7d 76 61 72 20 52 61 |new Pa(a)}var Ra|
|00001d20| 3d 5c 75 30 30 32 66 5c 5c 24 3f 28 3f 3a 28 3f |=\u002f\\$?(?:(?|
|00001d30| 21 5b 30 2d 39 2d 5c 5c 2e 5d 29 28 3f 3a 5c 5c |![0-9-\\.])(?:\\|
|00001d40| 2a 7c 5b 5c 5c 77 2d 5c 5c 2e 5d 2b 29 3a 29 3f |*|[\\w-\\.]+):)?|
|00001d50| 28 3f 21 5b 30 2d 39 2d 5c 5c 2e 5d 29 28 3f 3a |(?![0-9-\\.])(?:|
|00001d60| 5c 5c 2a 7c 5b 5c 5c 77 2d 5c 5c 2e 5d 2b 29 7c |\\*|[\\w-\\.]+)||
|00001d70| 5c 5c 5c 75 30 30 32 66 5c 5c 5c 75 30 30 32 66 |\\\u002f\\\u002f|
|00001d80| 7c 5c 5c 2e 5c 5c 2e 7c 3a 3a 7c 5c 5c 64 2b 28 ||\\.\\.|::|\\d+(|
|00001d90| 3f 3a 5c 5c 2e 5c 5c 64 2a 29 3f 7c 5c 5c 2e 5c |?:\\.\\d*)?|\\.\|
|00001da0| 5c 64 2b 7c 5c 22 5b 5e 5c 22 5d 2a 5c 22 7c 27 |\d+|\"[^\"]*\"|'|
|00001db0| 5b 5e 27 5d 2a 27 7c 5b 21 5c 75 30 30 33 63 3e |[^']*'|[!\u003c>|
|00001dc0| 5d 3d 7c 5c 5c 73 2b 7c 2e 5c 75 30 30 32 66 67 |]=|\\s+|.\u002fg|
|00001dd0| 2c 53 61 3d 5c 75 30 30 32 66 5e 5c 5c 73 5c 75 |,Sa=\u002f^\\s\u|
|00001de0| 30 30 32 66 3b 66 75 6e 63 74 69 6f 6e 20 79 28 |002f;function y(|
|00001df0| 61 2c 62 29 7b 72 65 74 75 72 6e 20 61 2e 62 5b |a,b){return a.b[|
|00001e00| 61 2e 61 2b 28 62 7c 7c 30 29 5d 7d 66 75 6e 63 |a.a+(b||0)]}func|
|00001e10| 74 69 6f 6e 20 7a 28 61 29 7b 72 65 74 75 72 6e |tion z(a){return|
|00001e20| 20 61 2e 62 5b 61 2e 61 2b 2b 5d 7d 66 75 6e 63 | a.b[a.a++]}func|
|00001e30| 74 69 6f 6e 20 54 61 28 61 29 7b 72 65 74 75 72 |tion Ta(a){retur|
|00001e40| 6e 20 61 2e 62 2e 6c 65 6e 67 74 68 5c 75 30 30 |n a.b.length\u00|
|00001e50| 33 63 3d 61 2e 61 7d 3b 66 75 6e 63 74 69 6f 6e |3c=a.a};function|
|00001e60| 20 55 61 28 61 2c 62 29 7b 74 68 69 73 2e 78 3d | Ua(a,b){this.x=|
|00001e70| 76 6f 69 64 20 30 21 3d 3d 61 3f 61 3a 30 3b 74 |void 0!==a?a:0;t|
|00001e80| 68 69 73 2e 79 3d 76 6f 69 64 20 30 21 3d 3d 62 |his.y=void 0!==b|
|00001e90| 3f 62 3a 30 7d 55 61 2e 70 72 6f 74 6f 74 79 70 |?b:0}Ua.prototyp|
|00001ea0| 65 2e 63 65 69 6c 3d 66 75 6e 63 74 69 6f 6e 28 |e.ceil=function(|
|00001eb0| 29 7b 74 68 69 73 2e 78 3d 4d 61 74 68 2e 63 65 |){this.x=Math.ce|
|00001ec0| 69 6c 28 74 68 69 73 2e 78 29 3b 74 68 69 73 2e |il(this.x);this.|
|00001ed0| 79 3d 4d 61 74 68 2e 63 65 69 6c 28 74 68 69 73 |y=Math.ceil(this|
|00001ee0| 2e 79 29 3b 72 65 74 75 72 6e 20 74 68 69 73 7d |.y);return this}|
|00001ef0| 3b 55 61 2e 70 72 6f 74 6f 74 79 70 65 2e 66 6c |;Ua.prototype.fl|
|00001f00| 6f 6f 72 3d 66 75 6e 63 74 69 6f 6e 28 29 7b 74 |oor=function(){t|
|00001f10| 68 69 73 2e 78 3d 4d 61 74 68 2e 66 6c 6f 6f 72 |his.x=Math.floor|
|00001f20| 28 74 68 69 73 2e 78 29 3b 74 68 69 73 2e 79 3d |(this.x);this.y=|
|00001f30| 4d 61 74 68 2e 66 6c 6f 6f 72 28 74 68 69 73 2e |Math.floor(this.|
|00001f40| 79 29 3b 72 65 74 75 72 6e 20 74 68 69 73 7d 3b |y);return this};|
|00001f50| 55 61 2e 70 72 6f 74 6f 74 79 70 65 2e 72 6f 75 |Ua.prototype.rou|
|00001f60| 6e 64 3d 66 75 6e 63 74 69 6f 6e 28 29 7b 74 68 |nd=function(){th|
|00001f70| 69 73 2e 78 3d 4d 61 74 68 2e 72 6f 75 6e 64 28 |is.x=Math.round(|
|00001f80| 74 68 69 73 2e 78 29 3b 74 68 69 73 2e 79 3d 4d |this.x);this.y=M|
|00001f90| 61 74 68 2e 72 6f 75 6e 64 28 74 68 69 73 2e 79 |ath.round(this.y|
|00001fa0| 29 3b 72 65 74 75 72 6e 20 74 68 69 73 7d 3b 66 |);return this};f|
|00001fb0| 75 6e 63 74 69 6f 6e 20 56 61 28 61 2c 62 29 7b |unction Va(a,b){|
|00001fc0| 74 68 69 73 2e 77 69 64 74 68 3d 61 3b 74 68 69 |this.width=a;thi|
|00001fd0| 73 2e 68 65 69 67 68 74 3d 62 7d 56 61 2e 70 72 |s.height=b}Va.pr|
|00001fe0| 6f 74 6f 74 79 70 65 2e 61 73 70 65 63 74 52 61 |ototype.aspectRa|
|00001ff0| 74 69 6f 3d 66 75 6e 63 74 69 6f 6e 28 29 7b 72 |tio=function(){r|
+--------+-------------------------------------------------+----------------+
14:13:03.608 [AsyncHttpClient-1-8] TRACE i.n.handler.logging.LoggingHandler - [id: 0xa6657862, L:/127.0.0.1:64395 - R:localhost/127.0.0.1:53550] FLUSH
14:13:03.609 [AsyncHttpClient-1-8] TRACE i.n.handler.logging.LoggingHandler - [id: 0xa6657862, L:/127.0.0.1:64395 - R:localhost/127.0.0.1:53550] WRITE: 8192B
         +-------------------------------------------------+
         |  0  1  2  3  4  5  6  7  8  9  a  b  c  d  e  f |
+--------+-------------------------------------------------+----------------+
|00000000| 65 74 75 72 6e 20 74 68 69 73 2e 77 69 64 74 68 |eturn this.width|
|00000010| 5c 75 30 30 32 66 74 68 69 73 2e 68 65 69 67 68 |\u002fthis.heigh|
|00000020| 74 7d 3b 56 61 2e 70 72 6f 74 6f 74 79 70 65 2e |t};Va.prototype.|
|00000030| 63 65 69 6c 3d 66 75 6e 63 74 69 6f 6e 28 29 7b |ceil=function(){|
|00000040| 74 68 69 73 2e 77 69 64 74 68 3d 4d 61 74 68 2e |this.width=Math.|
|00000050| 63 65 69 6c 28 74 68 69 73 2e 77 69 64 74 68 29 |ceil(this.width)|
|00000060| 3b 74 68 69 73 2e 68 65 69 67 68 74 3d 4d 61 74 |;this.height=Mat|
|00000070| 68 2e 63 65 69 6c 28 74 68 69 73 2e 68 65 69 67 |h.ceil(this.heig|
|00000080| 68 74 29 3b 72 65 74 75 72 6e 20 74 68 69 73 7d |ht);return this}|
|00000090| 3b 56 61 2e 70 72 6f 74 6f 74 79 70 65 2e 66 6c |;Va.prototype.fl|
|000000a0| 6f 6f 72 3d 66 75 6e 63 74 69 6f 6e 28 29 7b 74 |oor=function(){t|
|000000b0| 68 69 73 2e 77 69 64 74 68 3d 4d 61 74 68 2e 66 |his.width=Math.f|
|000000c0| 6c 6f 6f 72 28 74 68 69 73 2e 77 69 64 74 68 29 |loor(this.width)|
|000000d0| 3b 74 68 69 73 2e 68 65 69 67 68 74 3d 4d 61 74 |;this.height=Mat|
|000000e0| 68 2e 66 6c 6f 6f 72 28 74 68 69 73 2e 68 65 69 |h.floor(this.hei|
|000000f0| 67 68 74 29 3b 72 65 74 75 72 6e 20 74 68 69 73 |ght);return this|
|00000100| 7d 3b 56 61 2e 70 72 6f 74 6f 74 79 70 65 2e 72 |};Va.prototype.r|
|00000110| 6f 75 6e 64 3d 66 75 6e 63 74 69 6f 6e 28 29 7b |ound=function(){|
|00000120| 74 68 69 73 2e 77 69 64 74 68 3d 4d 61 74 68 2e |this.width=Math.|
|00000130| 72 6f 75 6e 64 28 74 68 69 73 2e 77 69 64 74 68 |round(this.width|
|00000140| 29 3b 74 68 69 73 2e 68 65 69 67 68 74 3d 4d 61 |);this.height=Ma|
|00000150| 74 68 2e 72 6f 75 6e 64 28 74 68 69 73 2e 68 65 |th.round(this.he|
|00000160| 69 67 68 74 29 3b 72 65 74 75 72 6e 20 74 68 69 |ight);return thi|
|00000170| 73 7d 3b 66 75 6e 63 74 69 6f 6e 20 57 61 28 61 |s};function Wa(a|
|00000180| 2c 62 29 7b 69 66 28 21 61 7c 7c 21 62 29 72 65 |,b){if(!a||!b)re|
|00000190| 74 75 72 6e 21 31 3b 69 66 28 61 2e 63 6f 6e 74 |turn!1;if(a.cont|
|000001a0| 61 69 6e 73 5c 75 30 30 32 36 5c 75 30 30 32 36 |ains\u0026\u0026|
|000001b0| 31 3d 3d 62 2e 6e 6f 64 65 54 79 70 65 29 72 65 |1==b.nodeType)re|
|000001c0| 74 75 72 6e 20 61 3d 3d 62 7c 7c 61 2e 63 6f 6e |turn a==b||a.con|
|000001d0| 74 61 69 6e 73 28 62 29 3b 69 66 28 5c 22 75 6e |tains(b);if(\"un|
|000001e0| 64 65 66 69 6e 65 64 5c 22 21 3d 74 79 70 65 6f |defined\"!=typeo|
|000001f0| 66 20 61 2e 63 6f 6d 70 61 72 65 44 6f 63 75 6d |f a.compareDocum|
|00000200| 65 6e 74 50 6f 73 69 74 69 6f 6e 29 72 65 74 75 |entPosition)retu|
|00000210| 72 6e 20 61 3d 3d 62 7c 7c 21 21 28 61 2e 63 6f |rn a==b||!!(a.co|
|00000220| 6d 70 61 72 65 44 6f 63 75 6d 65 6e 74 50 6f 73 |mpareDocumentPos|
|00000230| 69 74 69 6f 6e 28 62 29 5c 75 30 30 32 36 31 36 |ition(b)\u002616|
|00000240| 29 3b 66 6f 72 28 3b 62 5c 75 30 30 32 36 5c 75 |);for(;b\u0026\u|
|00000250| 30 30 32 36 61 21 3d 62 3b 29 62 3d 62 2e 70 61 |0026a!=b;)b=b.pa|
|00000260| 72 65 6e 74 4e 6f 64 65 3b 72 65 74 75 72 6e 20 |rentNode;return |
|00000270| 62 3d 3d 61 7d 5c 6e 66 75 6e 63 74 69 6f 6e 20 |b==a}\nfunction |
|00000280| 58 61 28 61 2c 62 29 7b 69 66 28 61 3d 3d 62 29 |Xa(a,b){if(a==b)|
|00000290| 72 65 74 75 72 6e 20 30 3b 69 66 28 61 2e 63 6f |return 0;if(a.co|
|000002a0| 6d 70 61 72 65 44 6f 63 75 6d 65 6e 74 50 6f 73 |mpareDocumentPos|
|000002b0| 69 74 69 6f 6e 29 72 65 74 75 72 6e 20 61 2e 63 |ition)return a.c|
|000002c0| 6f 6d 70 61 72 65 44 6f 63 75 6d 65 6e 74 50 6f |ompareDocumentPo|
|000002d0| 73 69 74 69 6f 6e 28 62 29 5c 75 30 30 32 36 32 |sition(b)\u00262|
|000002e0| 3f 31 3a 2d 31 3b 69 66 28 76 5c 75 30 30 32 36 |?1:-1;if(v\u0026|
|000002f0| 5c 75 30 30 32 36 21 28 39 5c 75 30 30 33 63 3d |\u0026!(9\u003c=|
|00000300| 4e 75 6d 62 65 72 28 4c 61 29 29 29 7b 69 66 28 |Number(La))){if(|
|00000310| 39 3d 3d 61 2e 6e 6f 64 65 54 79 70 65 29 72 65 |9==a.nodeType)re|
|00000320| 74 75 72 6e 2d 31 3b 69 66 28 39 3d 3d 62 2e 6e |turn-1;if(9==b.n|
|00000330| 6f 64 65 54 79 70 65 29 72 65 74 75 72 6e 20 31 |odeType)return 1|
|00000340| 7d 69 66 28 5c 22 73 6f 75 72 63 65 49 6e 64 65 |}if(\"sourceInde|
|00000350| 78 5c 22 69 6e 20 61 7c 7c 61 2e 70 61 72 65 6e |x\"in a||a.paren|
|00000360| 74 4e 6f 64 65 5c 75 30 30 32 36 5c 75 30 30 32 |tNode\u0026\u002|
|00000370| 36 5c 22 73 6f 75 72 63 65 49 6e 64 65 78 5c 22 |6\"sourceIndex\"|
|00000380| 69 6e 20 61 2e 70 61 72 65 6e 74 4e 6f 64 65 29 |in a.parentNode)|
|00000390| 7b 76 61 72 20 63 3d 31 3d 3d 61 2e 6e 6f 64 65 |{var c=1==a.node|
|000003a0| 54 79 70 65 2c 64 3d 31 3d 3d 62 2e 6e 6f 64 65 |Type,d=1==b.node|
|000003b0| 54 79 70 65 3b 69 66 28 63 5c 75 30 30 32 36 5c |Type;if(c\u0026\|
|000003c0| 75 30 30 32 36 64 29 72 65 74 75 72 6e 20 61 2e |u0026d)return a.|
|000003d0| 73 6f 75 72 63 65 49 6e 64 65 78 2d 62 2e 73 6f |sourceIndex-b.so|
|000003e0| 75 72 63 65 49 6e 64 65 78 3b 76 61 72 20 65 3d |urceIndex;var e=|
|000003f0| 61 2e 70 61 72 65 6e 74 4e 6f 64 65 2c 66 3d 62 |a.parentNode,f=b|
|00000400| 2e 70 61 72 65 6e 74 4e 6f 64 65 3b 72 65 74 75 |.parentNode;retu|
|00000410| 72 6e 20 65 3d 3d 66 3f 59 61 28 61 2c 62 29 3a |rn e==f?Ya(a,b):|
|00000420| 21 63 5c 75 30 30 32 36 5c 75 30 30 32 36 57 61 |!c\u0026\u0026Wa|
|00000430| 28 65 2c 62 29 3f 2d 31 2a 5a 61 28 61 2c 62 29 |(e,b)?-1*Za(a,b)|
|00000440| 3a 21 64 5c 75 30 30 32 36 5c 75 30 30 32 36 57 |:!d\u0026\u0026W|
|00000450| 61 28 66 2c 61 29 3f 5a 61 28 62 2c 61 29 3a 28 |a(f,a)?Za(b,a):(|
|00000460| 63 3f 61 2e 73 6f 75 72 63 65 49 6e 64 65 78 3a |c?a.sourceIndex:|
|00000470| 65 2e 73 6f 75 72 63 65 49 6e 64 65 78 29 2d 28 |e.sourceIndex)-(|
|00000480| 64 3f 62 2e 73 6f 75 72 63 65 49 6e 64 65 78 3a |d?b.sourceIndex:|
|00000490| 66 2e 73 6f 75 72 63 65 49 6e 64 65 78 29 7d 64 |f.sourceIndex)}d|
|000004a0| 3d 41 28 61 29 3b 63 3d 64 2e 63 72 65 61 74 65 |=A(a);c=d.create|
|000004b0| 52 61 6e 67 65 28 29 3b 5c 6e 63 2e 73 65 6c 65 |Range();\nc.sele|
|000004c0| 63 74 4e 6f 64 65 28 61 29 3b 63 2e 63 6f 6c 6c |ctNode(a);c.coll|
|000004d0| 61 70 73 65 28 21 30 29 3b 61 3d 64 2e 63 72 65 |apse(!0);a=d.cre|
|000004e0| 61 74 65 52 61 6e 67 65 28 29 3b 61 2e 73 65 6c |ateRange();a.sel|
|000004f0| 65 63 74 4e 6f 64 65 28 62 29 3b 61 2e 63 6f 6c |ectNode(b);a.col|
|00000500| 6c 61 70 73 65 28 21 30 29 3b 72 65 74 75 72 6e |lapse(!0);return|
|00000510| 20 63 2e 63 6f 6d 70 61 72 65 42 6f 75 6e 64 61 | c.compareBounda|
|00000520| 72 79 50 6f 69 6e 74 73 28 6b 2e 52 61 6e 67 65 |ryPoints(k.Range|
|00000530| 2e 53 54 41 52 54 5f 54 4f 5f 45 4e 44 2c 61 29 |.START_TO_END,a)|
|00000540| 7d 66 75 6e 63 74 69 6f 6e 20 5a 61 28 61 2c 62 |}function Za(a,b|
|00000550| 29 7b 76 61 72 20 63 3d 61 2e 70 61 72 65 6e 74 |){var c=a.parent|
|00000560| 4e 6f 64 65 3b 69 66 28 63 3d 3d 62 29 72 65 74 |Node;if(c==b)ret|
|00000570| 75 72 6e 2d 31 3b 66 6f 72 28 3b 62 2e 70 61 72 |urn-1;for(;b.par|
|00000580| 65 6e 74 4e 6f 64 65 21 3d 63 3b 29 62 3d 62 2e |entNode!=c;)b=b.|
|00000590| 70 61 72 65 6e 74 4e 6f 64 65 3b 72 65 74 75 72 |parentNode;retur|
|000005a0| 6e 20 59 61 28 62 2c 61 29 7d 66 75 6e 63 74 69 |n Ya(b,a)}functi|
|000005b0| 6f 6e 20 59 61 28 61 2c 62 29 7b 66 6f 72 28 3b |on Ya(a,b){for(;|
|000005c0| 62 3d 62 2e 70 72 65 76 69 6f 75 73 53 69 62 6c |b=b.previousSibl|
|000005d0| 69 6e 67 3b 29 69 66 28 62 3d 3d 61 29 72 65 74 |ing;)if(b==a)ret|
|000005e0| 75 72 6e 2d 31 3b 72 65 74 75 72 6e 20 31 7d 66 |urn-1;return 1}f|
|000005f0| 75 6e 63 74 69 6f 6e 20 41 28 61 29 7b 72 65 74 |unction A(a){ret|
|00000600| 75 72 6e 20 39 3d 3d 61 2e 6e 6f 64 65 54 79 70 |urn 9==a.nodeTyp|
|00000610| 65 3f 61 3a 61 2e 6f 77 6e 65 72 44 6f 63 75 6d |e?a:a.ownerDocum|
|00000620| 65 6e 74 7c 7c 61 2e 64 6f 63 75 6d 65 6e 74 7d |ent||a.document}|
|00000630| 66 75 6e 63 74 69 6f 6e 20 24 61 28 61 2c 62 29 |function $a(a,b)|
|00000640| 7b 61 5c 75 30 30 32 36 5c 75 30 30 32 36 28 61 |{a\u0026\u0026(a|
|00000650| 3d 61 2e 70 61 72 65 6e 74 4e 6f 64 65 29 3b 66 |=a.parentNode);f|
|00000660| 6f 72 28 76 61 72 20 63 3d 30 3b 61 3b 29 7b 69 |or(var c=0;a;){i|
|00000670| 66 28 62 28 61 29 29 72 65 74 75 72 6e 20 61 3b |f(b(a))return a;|
|00000680| 61 3d 61 2e 70 61 72 65 6e 74 4e 6f 64 65 3b 63 |a=a.parentNode;c|
|00000690| 2b 2b 7d 72 65 74 75 72 6e 20 6e 75 6c 6c 7d 5c |++}return null}\|
|000006a0| 6e 66 75 6e 63 74 69 6f 6e 20 61 62 28 61 29 7b |nfunction ab(a){|
|000006b0| 74 68 69 73 2e 61 3d 61 7c 7c 6b 2e 64 6f 63 75 |this.a=a||k.docu|
|000006c0| 6d 65 6e 74 7c 7c 64 6f 63 75 6d 65 6e 74 7d 61 |ment||document}a|
|000006d0| 62 2e 70 72 6f 74 6f 74 79 70 65 2e 67 65 74 45 |b.prototype.getE|
|000006e0| 6c 65 6d 65 6e 74 73 42 79 54 61 67 4e 61 6d 65 |lementsByTagName|
|000006f0| 3d 66 75 6e 63 74 69 6f 6e 28 61 2c 62 29 7b 72 |=function(a,b){r|
|00000700| 65 74 75 72 6e 28 62 7c 7c 74 68 69 73 2e 61 29 |eturn(b||this.a)|
|00000710| 2e 67 65 74 45 6c 65 6d 65 6e 74 73 42 79 54 61 |.getElementsByTa|
|00000720| 67 4e 61 6d 65 28 53 74 72 69 6e 67 28 61 29 29 |gName(String(a))|
|00000730| 7d 3b 66 75 6e 63 74 69 6f 6e 20 42 28 61 29 7b |};function B(a){|
|00000740| 76 61 72 20 62 3d 6e 75 6c 6c 2c 63 3d 61 2e 6e |var b=null,c=a.n|
|00000750| 6f 64 65 54 79 70 65 3b 31 3d 3d 63 5c 75 30 30 |odeType;1==c\u00|
|00000760| 32 36 5c 75 30 30 32 36 28 62 3d 61 2e 74 65 78 |26\u0026(b=a.tex|
|00000770| 74 43 6f 6e 74 65 6e 74 2c 62 3d 76 6f 69 64 20 |tContent,b=void |
|00000780| 30 3d 3d 62 7c 7c 6e 75 6c 6c 3d 3d 62 3f 61 2e |0==b||null==b?a.|
|00000790| 69 6e 6e 65 72 54 65 78 74 3a 62 2c 62 3d 76 6f |innerText:b,b=vo|
|000007a0| 69 64 20 30 3d 3d 62 7c 7c 6e 75 6c 6c 3d 3d 62 |id 0==b||null==b|
|000007b0| 3f 5c 22 5c 22 3a 62 29 3b 69 66 28 5c 22 73 74 |?\"\":b);if(\"st|
|000007c0| 72 69 6e 67 5c 22 21 3d 74 79 70 65 6f 66 20 62 |ring\"!=typeof b|
|000007d0| 29 69 66 28 78 5c 75 30 30 32 36 5c 75 30 30 32 |)if(x\u0026\u002|
|000007e0| 36 5c 22 74 69 74 6c 65 5c 22 3d 3d 61 2e 6e 6f |6\"title\"==a.no|
|000007f0| 64 65 4e 61 6d 65 2e 74 6f 4c 6f 77 65 72 43 61 |deName.toLowerCa|
|00000800| 73 65 28 29 5c 75 30 30 32 36 5c 75 30 30 32 36 |se()\u0026\u0026|
|00000810| 31 3d 3d 63 29 62 3d 61 2e 74 65 78 74 3b 65 6c |1==c)b=a.text;el|
|00000820| 73 65 20 69 66 28 39 3d 3d 63 7c 7c 31 3d 3d 63 |se if(9==c||1==c|
|00000830| 29 7b 61 3d 39 3d 3d 63 3f 61 2e 64 6f 63 75 6d |){a=9==c?a.docum|
|00000840| 65 6e 74 45 6c 65 6d 65 6e 74 3a 61 2e 66 69 72 |entElement:a.fir|
|00000850| 73 74 43 68 69 6c 64 3b 63 3d 30 3b 76 61 72 20 |stChild;c=0;var |
|00000860| 64 3d 5b 5d 3b 66 6f 72 28 62 3d 5c 22 5c 22 3b |d=[];for(b=\"\";|
|00000870| 61 3b 29 7b 64 6f 20 31 21 3d 61 2e 6e 6f 64 65 |a;){do 1!=a.node|
|00000880| 54 79 70 65 5c 75 30 30 32 36 5c 75 30 30 32 36 |Type\u0026\u0026|
|00000890| 28 62 2b 3d 61 2e 6e 6f 64 65 56 61 6c 75 65 29 |(b+=a.nodeValue)|
|000008a0| 2c 78 5c 75 30 30 32 36 5c 75 30 30 32 36 5c 22 |,x\u0026\u0026\"|
|000008b0| 74 69 74 6c 65 5c 22 3d 3d 61 2e 6e 6f 64 65 4e |title\"==a.nodeN|
|000008c0| 61 6d 65 2e 74 6f 4c 6f 77 65 72 43 61 73 65 28 |ame.toLowerCase(|
|000008d0| 29 5c 75 30 30 32 36 5c 75 30 30 32 36 28 62 2b |)\u0026\u0026(b+|
|000008e0| 3d 61 2e 74 65 78 74 29 2c 64 5b 63 2b 2b 5d 3d |=a.text),d[c++]=|
|000008f0| 61 3b 77 68 69 6c 65 28 61 3d 61 2e 66 69 72 73 |a;while(a=a.firs|
|00000900| 74 43 68 69 6c 64 29 3b 66 6f 72 28 3b 63 5c 75 |tChild);for(;c\u|
|00000910| 30 30 32 36 5c 75 30 30 32 36 21 28 61 3d 64 5b |0026\u0026!(a=d[|
|00000920| 2d 2d 63 5d 2e 6e 65 78 74 53 69 62 6c 69 6e 67 |--c].nextSibling|
|00000930| 29 3b 29 3b 7d 7d 65 6c 73 65 20 62 3d 61 2e 6e |););}}else b=a.n|
|00000940| 6f 64 65 56 61 6c 75 65 3b 72 65 74 75 72 6e 20 |odeValue;return |
|00000950| 62 7d 5c 6e 66 75 6e 63 74 69 6f 6e 20 43 28 61 |b}\nfunction C(a|
|00000960| 2c 62 2c 63 29 7b 69 66 28 6e 75 6c 6c 3d 3d 3d |,b,c){if(null===|
|00000970| 62 29 72 65 74 75 72 6e 21 30 3b 74 72 79 7b 69 |b)return!0;try{i|
|00000980| 66 28 21 61 2e 67 65 74 41 74 74 72 69 62 75 74 |f(!a.getAttribut|
|00000990| 65 29 72 65 74 75 72 6e 21 31 7d 63 61 74 63 68 |e)return!1}catch|
|000009a0| 28 64 29 7b 72 65 74 75 72 6e 21 31 7d 4d 61 5c |(d){return!1}Ma\|
|000009b0| 75 30 30 32 36 5c 75 30 30 32 36 5c 22 63 6c 61 |u0026\u0026\"cla|
|000009c0| 73 73 5c 22 3d 3d 62 5c 75 30 30 32 36 5c 75 30 |ss\"==b\u0026\u0|
|000009d0| 30 32 36 28 62 3d 5c 22 63 6c 61 73 73 4e 61 6d |026(b=\"classNam|
|000009e0| 65 5c 22 29 3b 72 65 74 75 72 6e 20 6e 75 6c 6c |e\");return null|
|000009f0| 3d 3d 63 3f 21 21 61 2e 67 65 74 41 74 74 72 69 |==c?!!a.getAttri|
|00000a00| 62 75 74 65 28 62 29 3a 61 2e 67 65 74 41 74 74 |bute(b):a.getAtt|
|00000a10| 72 69 62 75 74 65 28 62 2c 32 29 3d 3d 63 7d 66 |ribute(b,2)==c}f|
|00000a20| 75 6e 63 74 69 6f 6e 20 62 62 28 61 2c 62 2c 63 |unction bb(a,b,c|
|00000a30| 2c 64 2c 65 29 7b 72 65 74 75 72 6e 28 78 3f 63 |,d,e){return(x?c|
|00000a40| 62 3a 64 62 29 2e 63 61 6c 6c 28 6e 75 6c 6c 2c |b:db).call(null,|
|00000a50| 61 2c 62 2c 61 61 28 63 29 3f 63 3a 6e 75 6c 6c |a,b,aa(c)?c:null|
|00000a60| 2c 61 61 28 64 29 3f 64 3a 6e 75 6c 6c 2c 65 7c |,aa(d)?d:null,e||
|00000a70| 7c 6e 65 77 20 45 29 7d 5c 6e 66 75 6e 63 74 69 ||new E)}\nfuncti|
|00000a80| 6f 6e 20 63 62 28 61 2c 62 2c 63 2c 64 2c 65 29 |on cb(a,b,c,d,e)|
|00000a90| 7b 69 66 28 61 20 69 6e 73 74 61 6e 63 65 6f 66 |{if(a instanceof|
|00000aa0| 20 46 7c 7c 38 3d 3d 61 2e 62 7c 7c 63 5c 75 30 | F||8==a.b||c\u0|
|00000ab0| 30 32 36 5c 75 30 30 32 36 6e 75 6c 6c 3d 3d 3d |026\u0026null===|
|00000ac0| 61 2e 62 29 7b 76 61 72 20 66 3d 62 2e 61 6c 6c |a.b){var f=b.all|
|00000ad0| 3b 69 66 28 21 66 29 72 65 74 75 72 6e 20 65 3b |;if(!f)return e;|
|00000ae0| 61 3d 65 62 28 61 29 3b 69 66 28 5c 22 2a 5c 22 |a=eb(a);if(\"*\"|
|00000af0| 21 3d 61 5c 75 30 30 32 36 5c 75 30 30 32 36 28 |!=a\u0026\u0026(|
|00000b00| 66 3d 62 2e 67 65 74 45 6c 65 6d 65 6e 74 73 42 |f=b.getElementsB|
|00000b10| 79 54 61 67 4e 61 6d 65 28 61 29 2c 21 66 29 29 |yTagName(a),!f))|
|00000b20| 72 65 74 75 72 6e 20 65 3b 69 66 28 63 29 7b 66 |return e;if(c){f|
|00000b30| 6f 72 28 76 61 72 20 67 3d 5b 5d 2c 68 3d 30 3b |or(var g=[],h=0;|
|00000b40| 62 3d 66 5b 68 2b 2b 5d 3b 29 43 28 62 2c 63 2c |b=f[h++];)C(b,c,|
|00000b50| 64 29 5c 75 30 30 32 36 5c 75 30 30 32 36 67 2e |d)\u0026\u0026g.|
|00000b60| 70 75 73 68 28 62 29 3b 66 3d 67 7d 66 6f 72 28 |push(b);f=g}for(|
|00000b70| 68 3d 30 3b 62 3d 66 5b 68 2b 2b 5d 3b 29 5c 22 |h=0;b=f[h++];)\"|
|00000b80| 2a 5c 22 3d 3d 61 5c 75 30 30 32 36 5c 75 30 30 |*\"==a\u0026\u00|
|00000b90| 32 36 5c 22 21 5c 22 3d 3d 62 2e 74 61 67 4e 61 |26\"!\"==b.tagNa|
|00000ba0| 6d 65 7c 7c 65 2e 61 64 64 28 62 29 3b 72 65 74 |me||e.add(b);ret|
|00000bb0| 75 72 6e 20 65 7d 67 62 28 61 2c 62 2c 63 2c 64 |urn e}gb(a,b,c,d|
|00000bc0| 2c 65 29 3b 72 65 74 75 72 6e 20 65 7d 5c 6e 66 |,e);return e}\nf|
|00000bd0| 75 6e 63 74 69 6f 6e 20 64 62 28 61 2c 62 2c 63 |unction db(a,b,c|
|00000be0| 2c 64 2c 65 29 7b 62 2e 67 65 74 45 6c 65 6d 65 |,d,e){b.getEleme|
|00000bf0| 6e 74 73 42 79 4e 61 6d 65 5c 75 30 30 32 36 5c |ntsByName\u0026\|
|00000c00| 75 30 30 32 36 64 5c 75 30 30 32 36 5c 75 30 30 |u0026d\u0026\u00|
|00000c10| 32 36 5c 22 6e 61 6d 65 5c 22 3d 3d 63 5c 75 30 |26\"name\"==c\u0|
|00000c20| 30 32 36 5c 75 30 30 32 36 21 76 3f 28 62 3d 62 |026\u0026!v?(b=b|
|00000c30| 2e 67 65 74 45 6c 65 6d 65 6e 74 73 42 79 4e 61 |.getElementsByNa|
|00000c40| 6d 65 28 64 29 2c 6e 28 62 2c 66 75 6e 63 74 69 |me(d),n(b,functi|
|00000c50| 6f 6e 28 66 29 7b 61 2e 61 28 66 29 5c 75 30 30 |on(f){a.a(f)\u00|
|00000c60| 32 36 5c 75 30 30 32 36 65 2e 61 64 64 28 66 29 |26\u0026e.add(f)|
|00000c70| 7d 29 29 3a 62 2e 67 65 74 45 6c 65 6d 65 6e 74 |})):b.getElement|
|00000c80| 73 42 79 43 6c 61 73 73 4e 61 6d 65 5c 75 30 30 |sByClassName\u00|
|00000c90| 32 36 5c 75 30 30 32 36 64 5c 75 30 30 32 36 5c |26\u0026d\u0026\|
|00000ca0| 75 30 30 32 36 5c 22 63 6c 61 73 73 5c 22 3d 3d |u0026\"class\"==|
|00000cb0| 63 3f 28 62 3d 62 2e 67 65 74 45 6c 65 6d 65 6e |c?(b=b.getElemen|
|00000cc0| 74 73 42 79 43 6c 61 73 73 4e 61 6d 65 28 64 29 |tsByClassName(d)|
|00000cd0| 2c 6e 28 62 2c 66 75 6e 63 74 69 6f 6e 28 66 29 |,n(b,function(f)|
|00000ce0| 7b 66 2e 63 6c 61 73 73 4e 61 6d 65 3d 3d 64 5c |{f.className==d\|
|00000cf0| 75 30 30 32 36 5c 75 30 30 32 36 61 2e 61 28 66 |u0026\u0026a.a(f|
|00000d00| 29 5c 75 30 30 32 36 5c 75 30 30 32 36 65 2e 61 |)\u0026\u0026e.a|
|00000d10| 64 64 28 66 29 7d 29 29 3a 61 20 69 6e 73 74 61 |dd(f)})):a insta|
|00000d20| 6e 63 65 6f 66 20 47 3f 67 62 28 61 2c 62 2c 63 |nceof G?gb(a,b,c|
|00000d30| 2c 64 2c 65 29 3a 62 2e 67 65 74 45 6c 65 6d 65 |,d,e):b.getEleme|
|00000d40| 6e 74 73 42 79 54 61 67 4e 61 6d 65 5c 75 30 30 |ntsByTagName\u00|
|00000d50| 32 36 5c 75 30 30 32 36 28 62 3d 62 2e 67 65 74 |26\u0026(b=b.get|
|00000d60| 45 6c 65 6d 65 6e 74 73 42 79 54 61 67 4e 61 6d |ElementsByTagNam|
|00000d70| 65 28 61 2e 66 28 29 29 2c 6e 28 62 2c 66 75 6e |e(a.f()),n(b,fun|
|00000d80| 63 74 69 6f 6e 28 66 29 7b 43 28 66 2c 63 2c 64 |ction(f){C(f,c,d|
|00000d90| 29 5c 75 30 30 32 36 5c 75 30 30 32 36 65 2e 61 |)\u0026\u0026e.a|
|00000da0| 64 64 28 66 29 7d 29 29 3b 72 65 74 75 72 6e 20 |dd(f)}));return |
|00000db0| 65 7d 5c 6e 66 75 6e 63 74 69 6f 6e 20 68 62 28 |e}\nfunction hb(|
|00000dc0| 61 2c 62 2c 63 2c 64 2c 65 29 7b 76 61 72 20 66 |a,b,c,d,e){var f|
|00000dd0| 3b 69 66 28 28 61 20 69 6e 73 74 61 6e 63 65 6f |;if((a instanceo|
|00000de0| 66 20 46 7c 7c 38 3d 3d 61 2e 62 7c 7c 63 5c 75 |f F||8==a.b||c\u|
|00000df0| 30 30 32 36 5c 75 30 30 32 36 6e 75 6c 6c 3d 3d |0026\u0026null==|
|00000e00| 3d 61 2e 62 29 5c 75 30 30 32 36 5c 75 30 30 32 |=a.b)\u0026\u002|
|00000e10| 36 28 66 3d 62 2e 63 68 69 6c 64 4e 6f 64 65 73 |6(f=b.childNodes|
|00000e20| 29 29 7b 76 61 72 20 67 3d 65 62 28 61 29 3b 69 |)){var g=eb(a);i|
|00000e30| 66 28 5c 22 2a 5c 22 21 3d 67 5c 75 30 30 32 36 |f(\"*\"!=g\u0026|
|00000e40| 5c 75 30 30 32 36 28 66 3d 6b 61 28 66 2c 66 75 |\u0026(f=ka(f,fu|
|00000e50| 6e 63 74 69 6f 6e 28 68 29 7b 72 65 74 75 72 6e |nction(h){return|
|00000e60| 20 68 2e 74 61 67 4e 61 6d 65 5c 75 30 30 32 36 | h.tagName\u0026|
|00000e70| 5c 75 30 30 32 36 68 2e 74 61 67 4e 61 6d 65 2e |\u0026h.tagName.|
|00000e80| 74 6f 4c 6f 77 65 72 43 61 73 65 28 29 3d 3d 67 |toLowerCase()==g|
|00000e90| 7d 29 2c 21 66 29 29 72 65 74 75 72 6e 20 65 3b |}),!f))return e;|
|00000ea0| 63 5c 75 30 30 32 36 5c 75 30 30 32 36 28 66 3d |c\u0026\u0026(f=|
|00000eb0| 6b 61 28 66 2c 66 75 6e 63 74 69 6f 6e 28 68 29 |ka(f,function(h)|
|00000ec0| 7b 72 65 74 75 72 6e 20 43 28 68 2c 63 2c 64 29 |{return C(h,c,d)|
|00000ed0| 7d 29 29 3b 6e 28 66 2c 66 75 6e 63 74 69 6f 6e |}));n(f,function|
|00000ee0| 28 68 29 7b 5c 22 2a 5c 22 3d 3d 67 5c 75 30 30 |(h){\"*\"==g\u00|
|00000ef0| 32 36 5c 75 30 30 32 36 28 5c 22 21 5c 22 3d 3d |26\u0026(\"!\"==|
|00000f00| 68 2e 74 61 67 4e 61 6d 65 7c 7c 5c 22 2a 5c 22 |h.tagName||\"*\"|
|00000f10| 3d 3d 67 5c 75 30 30 32 36 5c 75 30 30 32 36 31 |==g\u0026\u00261|
|00000f20| 21 3d 68 2e 6e 6f 64 65 54 79 70 65 29 7c 7c 65 |!=h.nodeType)||e|
|00000f30| 2e 61 64 64 28 68 29 7d 29 3b 72 65 74 75 72 6e |.add(h)});return|
|00000f40| 20 65 7d 72 65 74 75 72 6e 20 69 62 28 61 2c 62 | e}return ib(a,b|
|00000f50| 2c 63 2c 64 2c 65 29 7d 66 75 6e 63 74 69 6f 6e |,c,d,e)}function|
|00000f60| 20 69 62 28 61 2c 62 2c 63 2c 64 2c 65 29 7b 66 | ib(a,b,c,d,e){f|
|00000f70| 6f 72 28 62 3d 62 2e 66 69 72 73 74 43 68 69 6c |or(b=b.firstChil|
|00000f80| 64 3b 62 3b 62 3d 62 2e 6e 65 78 74 53 69 62 6c |d;b;b=b.nextSibl|
|00000f90| 69 6e 67 29 43 28 62 2c 63 2c 64 29 5c 75 30 30 |ing)C(b,c,d)\u00|
|00000fa0| 32 36 5c 75 30 30 32 36 61 2e 61 28 62 29 5c 75 |26\u0026a.a(b)\u|
|00000fb0| 30 30 32 36 5c 75 30 30 32 36 65 2e 61 64 64 28 |0026\u0026e.add(|
|00000fc0| 62 29 3b 72 65 74 75 72 6e 20 65 7d 5c 6e 66 75 |b);return e}\nfu|
|00000fd0| 6e 63 74 69 6f 6e 20 67 62 28 61 2c 62 2c 63 2c |nction gb(a,b,c,|
|00000fe0| 64 2c 65 29 7b 66 6f 72 28 62 3d 62 2e 66 69 72 |d,e){for(b=b.fir|
|00000ff0| 73 74 43 68 69 6c 64 3b 62 3b 62 3d 62 2e 6e 65 |stChild;b;b=b.ne|
|00001000| 78 74 53 69 62 6c 69 6e 67 29 43 28 62 2c 63 2c |xtSibling)C(b,c,|
|00001010| 64 29 5c 75 30 30 32 36 5c 75 30 30 32 36 61 2e |d)\u0026\u0026a.|
|00001020| 61 28 62 29 5c 75 30 30 32 36 5c 75 30 30 32 36 |a(b)\u0026\u0026|
|00001030| 65 2e 61 64 64 28 62 29 2c 67 62 28 61 2c 62 2c |e.add(b),gb(a,b,|
|00001040| 63 2c 64 2c 65 29 7d 66 75 6e 63 74 69 6f 6e 20 |c,d,e)}function |
|00001050| 65 62 28 61 29 7b 69 66 28 61 20 69 6e 73 74 61 |eb(a){if(a insta|
|00001060| 6e 63 65 6f 66 20 47 29 7b 69 66 28 38 3d 3d 61 |nceof G){if(8==a|
|00001070| 2e 62 29 72 65 74 75 72 6e 5c 22 21 5c 22 3b 69 |.b)return\"!\";i|
|00001080| 66 28 6e 75 6c 6c 3d 3d 3d 61 2e 62 29 72 65 74 |f(null===a.b)ret|
|00001090| 75 72 6e 5c 22 2a 5c 22 7d 72 65 74 75 72 6e 20 |urn\"*\"}return |
|000010a0| 61 2e 66 28 29 7d 3b 66 75 6e 63 74 69 6f 6e 20 |a.f()};function |
|000010b0| 45 28 29 7b 74 68 69 73 2e 62 3d 74 68 69 73 2e |E(){this.b=this.|
|000010c0| 61 3d 6e 75 6c 6c 3b 74 68 69 73 2e 6c 3d 30 7d |a=null;this.l=0}|
|000010d0| 66 75 6e 63 74 69 6f 6e 20 6a 62 28 61 29 7b 74 |function jb(a){t|
|000010e0| 68 69 73 2e 66 3d 61 3b 74 68 69 73 2e 61 3d 74 |his.f=a;this.a=t|
|000010f0| 68 69 73 2e 62 3d 6e 75 6c 6c 7d 66 75 6e 63 74 |his.b=null}funct|
|00001100| 69 6f 6e 20 6b 62 28 61 2c 62 29 7b 69 66 28 21 |ion kb(a,b){if(!|
|00001110| 61 2e 61 29 72 65 74 75 72 6e 20 62 3b 69 66 28 |a.a)return b;if(|
|00001120| 21 62 2e 61 29 72 65 74 75 72 6e 20 61 3b 76 61 |!b.a)return a;va|
|00001130| 72 20 63 3d 61 2e 61 3b 62 3d 62 2e 61 3b 66 6f |r c=a.a;b=b.a;fo|
|00001140| 72 28 76 61 72 20 64 3d 6e 75 6c 6c 2c 65 2c 66 |r(var d=null,e,f|
|00001150| 3d 30 3b 63 5c 75 30 30 32 36 5c 75 30 30 32 36 |=0;c\u0026\u0026|
|00001160| 62 3b 29 7b 65 3d 63 2e 66 3b 76 61 72 20 67 3d |b;){e=c.f;var g=|
|00001170| 62 2e 66 3b 65 3d 3d 67 7c 7c 65 20 69 6e 73 74 |b.f;e==g||e inst|
|00001180| 61 6e 63 65 6f 66 20 4e 61 5c 75 30 30 32 36 5c |anceof Na\u0026\|
|00001190| 75 30 30 32 36 67 20 69 6e 73 74 61 6e 63 65 6f |u0026g instanceo|
|000011a0| 66 20 4e 61 5c 75 30 30 32 36 5c 75 30 30 32 36 |f Na\u0026\u0026|
|000011b0| 65 2e 61 3d 3d 67 2e 61 3f 28 65 3d 63 2c 63 3d |e.a==g.a?(e=c,c=|
|000011c0| 63 2e 61 2c 62 3d 62 2e 61 29 3a 30 5c 75 30 30 |c.a,b=b.a):0\u00|
|000011d0| 33 63 58 61 28 63 2e 66 2c 62 2e 66 29 3f 28 65 |3cXa(c.f,b.f)?(e|
|000011e0| 3d 62 2c 62 3d 62 2e 61 29 3a 28 65 3d 63 2c 63 |=b,b=b.a):(e=c,c|
|000011f0| 3d 63 2e 61 29 3b 28 65 2e 62 3d 64 29 3f 64 2e |=c.a);(e.b=d)?d.|
|00001200| 61 3d 65 3a 61 2e 61 3d 65 3b 64 3d 65 3b 66 2b |a=e:a.a=e;d=e;f+|
|00001210| 2b 7d 66 6f 72 28 65 3d 63 7c 7c 62 3b 65 3b 29 |+}for(e=c||b;e;)|
|00001220| 65 2e 62 3d 64 2c 64 3d 64 2e 61 3d 65 2c 66 2b |e.b=d,d=d.a=e,f+|
|00001230| 2b 2c 65 3d 65 2e 61 3b 61 2e 62 3d 64 3b 61 2e |+,e=e.a;a.b=d;a.|
|00001240| 6c 3d 66 3b 72 65 74 75 72 6e 20 61 7d 66 75 6e |l=f;return a}fun|
|00001250| 63 74 69 6f 6e 20 6c 62 28 61 2c 62 29 7b 62 3d |ction lb(a,b){b=|
|00001260| 6e 65 77 20 6a 62 28 62 29 3b 62 2e 61 3d 61 2e |new jb(b);b.a=a.|
|00001270| 61 3b 61 2e 62 3f 61 2e 61 2e 62 3d 62 3a 61 2e |a;a.b?a.a.b=b:a.|
|00001280| 61 3d 61 2e 62 3d 62 3b 61 2e 61 3d 62 3b 61 2e |a=a.b=b;a.a=b;a.|
|00001290| 6c 2b 2b 7d 5c 6e 45 2e 70 72 6f 74 6f 74 79 70 |l++}\nE.prototyp|
|000012a0| 65 2e 61 64 64 3d 66 75 6e 63 74 69 6f 6e 28 61 |e.add=function(a|
|000012b0| 29 7b 61 3d 6e 65 77 20 6a 62 28 61 29 3b 61 2e |){a=new jb(a);a.|
|000012c0| 62 3d 74 68 69 73 2e 62 3b 74 68 69 73 2e 61 3f |b=this.b;this.a?|
|000012d0| 74 68 69 73 2e 62 2e 61 3d 61 3a 74 68 69 73 2e |this.b.a=a:this.|
|000012e0| 61 3d 74 68 69 73 2e 62 3d 61 3b 74 68 69 73 2e |a=this.b=a;this.|
|000012f0| 62 3d 61 3b 74 68 69 73 2e 6c 2b 2b 7d 3b 66 75 |b=a;this.l++};fu|
|00001300| 6e 63 74 69 6f 6e 20 6d 62 28 61 29 7b 72 65 74 |nction mb(a){ret|
|00001310| 75 72 6e 28 61 3d 61 2e 61 29 3f 61 2e 66 3a 6e |urn(a=a.a)?a.f:n|
|00001320| 75 6c 6c 7d 66 75 6e 63 74 69 6f 6e 20 6e 62 28 |ull}function nb(|
|00001330| 61 29 7b 72 65 74 75 72 6e 28 61 3d 6d 62 28 61 |a){return(a=mb(a|
|00001340| 29 29 3f 42 28 61 29 3a 5c 22 5c 22 7d 66 75 6e |))?B(a):\"\"}fun|
|00001350| 63 74 69 6f 6e 20 48 28 61 2c 62 29 7b 72 65 74 |ction H(a,b){ret|
|00001360| 75 72 6e 20 6e 65 77 20 6f 62 28 61 2c 21 21 62 |urn new ob(a,!!b|
|00001370| 29 7d 66 75 6e 63 74 69 6f 6e 20 6f 62 28 61 2c |)}function ob(a,|
|00001380| 62 29 7b 74 68 69 73 2e 66 3d 61 3b 74 68 69 73 |b){this.f=a;this|
|00001390| 2e 62 3d 28 74 68 69 73 2e 73 3d 62 29 3f 61 2e |.b=(this.s=b)?a.|
|000013a0| 62 3a 61 2e 61 3b 74 68 69 73 2e 61 3d 6e 75 6c |b:a.a;this.a=nul|
|000013b0| 6c 7d 66 75 6e 63 74 69 6f 6e 20 49 28 61 29 7b |l}function I(a){|
|000013c0| 76 61 72 20 62 3d 61 2e 62 3b 69 66 28 6e 75 6c |var b=a.b;if(nul|
|000013d0| 6c 3d 3d 62 29 72 65 74 75 72 6e 20 6e 75 6c 6c |l==b)return null|
|000013e0| 3b 76 61 72 20 63 3d 61 2e 61 3d 62 3b 61 2e 62 |;var c=a.a=b;a.b|
|000013f0| 3d 61 2e 73 3f 62 2e 62 3a 62 2e 61 3b 72 65 74 |=a.s?b.b:b.a;ret|
|00001400| 75 72 6e 20 63 2e 66 7d 3b 66 75 6e 63 74 69 6f |urn c.f};functio|
|00001410| 6e 20 4a 28 61 29 7b 74 68 69 73 2e 69 3d 61 3b |n J(a){this.i=a;|
|00001420| 74 68 69 73 2e 62 3d 74 68 69 73 2e 67 3d 21 31 |this.b=this.g=!1|
|00001430| 3b 74 68 69 73 2e 66 3d 6e 75 6c 6c 7d 66 75 6e |;this.f=null}fun|
|00001440| 63 74 69 6f 6e 20 4b 28 61 29 7b 72 65 74 75 72 |ction K(a){retur|
|00001450| 6e 5c 22 5c 5c 6e 20 20 5c 22 2b 61 2e 74 6f 53 |n\"\\n  \"+a.toS|
|00001460| 74 72 69 6e 67 28 29 2e 73 70 6c 69 74 28 5c 22 |tring().split(\"|
|00001470| 5c 5c 6e 5c 22 29 2e 6a 6f 69 6e 28 5c 22 5c 5c |\\n\").join(\"\\|
|00001480| 6e 20 20 5c 22 29 7d 66 75 6e 63 74 69 6f 6e 20 |n  \")}function |
|00001490| 70 62 28 61 2c 62 29 7b 61 2e 67 3d 62 7d 66 75 |pb(a,b){a.g=b}fu|
|000014a0| 6e 63 74 69 6f 6e 20 71 62 28 61 2c 62 29 7b 61 |nction qb(a,b){a|
|000014b0| 2e 62 3d 62 7d 66 75 6e 63 74 69 6f 6e 20 4e 28 |.b=b}function N(|
|000014c0| 61 2c 62 29 7b 61 3d 61 2e 61 28 62 29 3b 72 65 |a,b){a=a.a(b);re|
|000014d0| 74 75 72 6e 20 61 20 69 6e 73 74 61 6e 63 65 6f |turn a instanceo|
|000014e0| 66 20 45 3f 2b 6e 62 28 61 29 3a 2b 61 7d 66 75 |f E?+nb(a):+a}fu|
|000014f0| 6e 63 74 69 6f 6e 20 4f 28 61 2c 62 29 7b 61 3d |nction O(a,b){a=|
|00001500| 61 2e 61 28 62 29 3b 72 65 74 75 72 6e 20 61 20 |a.a(b);return a |
|00001510| 69 6e 73 74 61 6e 63 65 6f 66 20 45 3f 6e 62 28 |instanceof E?nb(|
|00001520| 61 29 3a 5c 22 5c 22 2b 61 7d 66 75 6e 63 74 69 |a):\"\"+a}functi|
|00001530| 6f 6e 20 72 62 28 61 2c 62 29 7b 61 3d 61 2e 61 |on rb(a,b){a=a.a|
|00001540| 28 62 29 3b 72 65 74 75 72 6e 20 61 20 69 6e 73 |(b);return a ins|
|00001550| 74 61 6e 63 65 6f 66 20 45 3f 21 21 61 2e 6c 3a |tanceof E?!!a.l:|
|00001560| 21 21 61 7d 3b 66 75 6e 63 74 69 6f 6e 20 73 62 |!!a};function sb|
|00001570| 28 61 2c 62 2c 63 29 7b 4a 2e 63 61 6c 6c 28 74 |(a,b,c){J.call(t|
|00001580| 68 69 73 2c 61 2e 69 29 3b 74 68 69 73 2e 63 3d |his,a.i);this.c=|
|00001590| 61 3b 74 68 69 73 2e 68 3d 62 3b 74 68 69 73 2e |a;this.h=b;this.|
|000015a0| 6f 3d 63 3b 74 68 69 73 2e 67 3d 62 2e 67 7c 7c |o=c;this.g=b.g|||
|000015b0| 63 2e 67 3b 74 68 69 73 2e 62 3d 62 2e 62 7c 7c |c.g;this.b=b.b|||
|000015c0| 63 2e 62 3b 74 68 69 73 2e 63 3d 3d 74 62 5c 75 |c.b;this.c==tb\u|
|000015d0| 30 30 32 36 5c 75 30 30 32 36 28 63 2e 62 7c 7c |0026\u0026(c.b|||
|000015e0| 63 2e 67 7c 7c 34 3d 3d 63 2e 69 7c 7c 30 3d 3d |c.g||4==c.i||0==|
|000015f0| 63 2e 69 7c 7c 21 62 2e 66 3f 62 2e 62 7c 7c 62 |c.i||!b.f?b.b||b|
|00001600| 2e 67 7c 7c 34 3d 3d 62 2e 69 7c 7c 30 3d 3d 62 |.g||4==b.i||0==b|
|00001610| 2e 69 7c 7c 21 63 2e 66 7c 7c 28 74 68 69 73 2e |.i||!c.f||(this.|
|00001620| 66 3d 7b 6e 61 6d 65 3a 63 2e 66 2e 6e 61 6d 65 |f={name:c.f.name|
|00001630| 2c 75 3a 62 7d 29 3a 74 68 69 73 2e 66 3d 7b 6e |,u:b}):this.f={n|
|00001640| 61 6d 65 3a 62 2e 66 2e 6e 61 6d 65 2c 75 3a 63 |ame:b.f.name,u:c|
|00001650| 7d 29 7d 6c 28 73 62 2c 4a 29 3b 5c 6e 66 75 6e |})}l(sb,J);\nfun|
|00001660| 63 74 69 6f 6e 20 75 62 28 61 2c 62 2c 63 2c 64 |ction ub(a,b,c,d|
|00001670| 2c 65 29 7b 62 3d 62 2e 61 28 64 29 3b 63 3d 63 |,e){b=b.a(d);c=c|
|00001680| 2e 61 28 64 29 3b 76 61 72 20 66 3b 69 66 28 62 |.a(d);var f;if(b|
|00001690| 20 69 6e 73 74 61 6e 63 65 6f 66 20 45 5c 75 30 | instanceof E\u0|
|000016a0| 30 32 36 5c 75 30 30 32 36 63 20 69 6e 73 74 61 |026\u0026c insta|
|000016b0| 6e 63 65 6f 66 20 45 29 7b 62 3d 48 28 62 29 3b |nceof E){b=H(b);|
|000016c0| 66 6f 72 28 64 3d 49 28 62 29 3b 64 3b 64 3d 49 |for(d=I(b);d;d=I|
|000016d0| 28 62 29 29 66 6f 72 28 65 3d 48 28 63 29 2c 66 |(b))for(e=H(c),f|
|000016e0| 3d 49 28 65 29 3b 66 3b 66 3d 49 28 65 29 29 69 |=I(e);f;f=I(e))i|
|000016f0| 66 28 61 28 42 28 64 29 2c 42 28 66 29 29 29 72 |f(a(B(d),B(f)))r|
|00001700| 65 74 75 72 6e 21 30 3b 72 65 74 75 72 6e 21 31 |eturn!0;return!1|
|00001710| 7d 69 66 28 62 20 69 6e 73 74 61 6e 63 65 6f 66 |}if(b instanceof|
|00001720| 20 45 7c 7c 63 20 69 6e 73 74 61 6e 63 65 6f 66 | E||c instanceof|
|00001730| 20 45 29 7b 62 20 69 6e 73 74 61 6e 63 65 6f 66 | E){b instanceof|
|00001740| 20 45 3f 28 65 3d 62 2c 64 3d 63 29 3a 28 65 3d | E?(e=b,d=c):(e=|
|00001750| 63 2c 64 3d 62 29 3b 66 3d 48 28 65 29 3b 66 6f |c,d=b);f=H(e);fo|
|00001760| 72 28 76 61 72 20 67 3d 74 79 70 65 6f 66 20 64 |r(var g=typeof d|
|00001770| 2c 68 3d 49 28 66 29 3b 68 3b 68 3d 49 28 66 29 |,h=I(f);h;h=I(f)|
|00001780| 29 7b 73 77 69 74 63 68 28 67 29 7b 63 61 73 65 |){switch(g){case|
|00001790| 20 5c 22 6e 75 6d 62 65 72 5c 22 3a 68 3d 2b 42 | \"number\":h=+B|
|000017a0| 28 68 29 3b 62 72 65 61 6b 3b 63 61 73 65 20 5c |(h);break;case \|
|000017b0| 22 62 6f 6f 6c 65 61 6e 5c 22 3a 68 3d 21 21 42 |"boolean\":h=!!B|
|000017c0| 28 68 29 3b 62 72 65 61 6b 3b 63 61 73 65 20 5c |(h);break;case \|
|000017d0| 22 73 74 72 69 6e 67 5c 22 3a 68 3d 42 28 68 29 |"string\":h=B(h)|
|000017e0| 3b 62 72 65 61 6b 3b 64 65 66 61 75 6c 74 3a 74 |;break;default:t|
|000017f0| 68 72 6f 77 20 45 72 72 6f 72 28 5c 22 49 6c 6c |hrow Error(\"Ill|
|00001800| 65 67 61 6c 20 70 72 69 6d 69 74 69 76 65 20 74 |egal primitive t|
|00001810| 79 70 65 20 66 6f 72 20 63 6f 6d 70 61 72 69 73 |ype for comparis|
|00001820| 6f 6e 2e 5c 22 29 3b 7d 69 66 28 65 3d 3d 62 5c |on.\");}if(e==b\|
|00001830| 75 30 30 32 36 5c 75 30 30 32 36 61 28 68 2c 64 |u0026\u0026a(h,d|
|00001840| 29 7c 7c 65 3d 3d 63 5c 75 30 30 32 36 5c 75 30 |)||e==c\u0026\u0|
|00001850| 30 32 36 61 28 64 2c 68 29 29 72 65 74 75 72 6e |026a(d,h))return|
|00001860| 21 30 7d 72 65 74 75 72 6e 21 31 7d 72 65 74 75 |!0}return!1}retu|
|00001870| 72 6e 20 65 3f 5c 22 62 6f 6f 6c 65 61 6e 5c 22 |rn e?\"boolean\"|
|00001880| 3d 3d 5c 6e 74 79 70 65 6f 66 20 62 7c 7c 5c 22 |==\ntypeof b||\"|
|00001890| 62 6f 6f 6c 65 61 6e 5c 22 3d 3d 74 79 70 65 6f |boolean\"==typeo|
|000018a0| 66 20 63 3f 61 28 21 21 62 2c 21 21 63 29 3a 5c |f c?a(!!b,!!c):\|
|000018b0| 22 6e 75 6d 62 65 72 5c 22 3d 3d 74 79 70 65 6f |"number\"==typeo|
|000018c0| 66 20 62 7c 7c 5c 22 6e 75 6d 62 65 72 5c 22 3d |f b||\"number\"=|
|000018d0| 3d 74 79 70 65 6f 66 20 63 3f 61 28 2b 62 2c 2b |=typeof c?a(+b,+|
|000018e0| 63 29 3a 61 28 62 2c 63 29 3a 61 28 2b 62 2c 2b |c):a(b,c):a(+b,+|
|000018f0| 63 29 7d 73 62 2e 70 72 6f 74 6f 74 79 70 65 2e |c)}sb.prototype.|
|00001900| 61 3d 66 75 6e 63 74 69 6f 6e 28 61 29 7b 72 65 |a=function(a){re|
|00001910| 74 75 72 6e 20 74 68 69 73 2e 63 2e 6d 28 74 68 |turn this.c.m(th|
|00001920| 69 73 2e 68 2c 74 68 69 73 2e 6f 2c 61 29 7d 3b |is.h,this.o,a)};|
|00001930| 73 62 2e 70 72 6f 74 6f 74 79 70 65 2e 74 6f 53 |sb.prototype.toS|
|00001940| 74 72 69 6e 67 3d 66 75 6e 63 74 69 6f 6e 28 29 |tring=function()|
|00001950| 7b 76 61 72 20 61 3d 5c 22 42 69 6e 61 72 79 20 |{var a=\"Binary |
|00001960| 45 78 70 72 65 73 73 69 6f 6e 3a 20 5c 22 2b 74 |Expression: \"+t|
|00001970| 68 69 73 2e 63 3b 61 2b 3d 4b 28 74 68 69 73 2e |his.c;a+=K(this.|
|00001980| 68 29 3b 72 65 74 75 72 6e 20 61 2b 3d 4b 28 74 |h);return a+=K(t|
|00001990| 68 69 73 2e 6f 29 7d 3b 66 75 6e 63 74 69 6f 6e |his.o)};function|
|000019a0| 20 76 62 28 61 2c 62 2c 63 2c 64 29 7b 74 68 69 | vb(a,b,c,d){thi|
|000019b0| 73 2e 49 3d 61 3b 74 68 69 73 2e 44 3d 62 3b 74 |s.I=a;this.D=b;t|
|000019c0| 68 69 73 2e 69 3d 63 3b 74 68 69 73 2e 6d 3d 64 |his.i=c;this.m=d|
|000019d0| 7d 76 62 2e 70 72 6f 74 6f 74 79 70 65 2e 74 6f |}vb.prototype.to|
|000019e0| 53 74 72 69 6e 67 3d 66 75 6e 63 74 69 6f 6e 28 |String=function(|
|000019f0| 29 7b 72 65 74 75 72 6e 20 74 68 69 73 2e 49 7d |){return this.I}|
|00001a00| 3b 76 61 72 20 77 62 3d 7b 7d 3b 5c 6e 66 75 6e |;var wb={};\nfun|
|00001a10| 63 74 69 6f 6e 20 50 28 61 2c 62 2c 63 2c 64 29 |ction P(a,b,c,d)|
|00001a20| 7b 69 66 28 77 62 2e 68 61 73 4f 77 6e 50 72 6f |{if(wb.hasOwnPro|
|00001a30| 70 65 72 74 79 28 61 29 29 74 68 72 6f 77 20 45 |perty(a))throw E|
|00001a40| 72 72 6f 72 28 5c 22 42 69 6e 61 72 79 20 6f 70 |rror(\"Binary op|
|00001a50| 65 72 61 74 6f 72 20 61 6c 72 65 61 64 79 20 63 |erator already c|
|00001a60| 72 65 61 74 65 64 3a 20 5c 22 2b 61 29 3b 61 3d |reated: \"+a);a=|
|00001a70| 6e 65 77 20 76 62 28 61 2c 62 2c 63 2c 64 29 3b |new vb(a,b,c,d);|
|00001a80| 72 65 74 75 72 6e 20 77 62 5b 61 2e 74 6f 53 74 |return wb[a.toSt|
|00001a90| 72 69 6e 67 28 29 5d 3d 61 7d 50 28 5c 22 64 69 |ring()]=a}P(\"di|
|00001aa0| 76 5c 22 2c 36 2c 31 2c 66 75 6e 63 74 69 6f 6e |v\",6,1,function|
|00001ab0| 28 61 2c 62 2c 63 29 7b 72 65 74 75 72 6e 20 4e |(a,b,c){return N|
|00001ac0| 28 61 2c 63 29 5c 75 30 30 32 66 4e 28 62 2c 63 |(a,c)\u002fN(b,c|
|00001ad0| 29 7d 29 3b 50 28 5c 22 6d 6f 64 5c 22 2c 36 2c |)});P(\"mod\",6,|
|00001ae0| 31 2c 66 75 6e 63 74 69 6f 6e 28 61 2c 62 2c 63 |1,function(a,b,c|
|00001af0| 29 7b 72 65 74 75 72 6e 20 4e 28 61 2c 63 29 25 |){return N(a,c)%|
|00001b00| 4e 28 62 2c 63 29 7d 29 3b 50 28 5c 22 2a 5c 22 |N(b,c)});P(\"*\"|
|00001b10| 2c 36 2c 31 2c 66 75 6e 63 74 69 6f 6e 28 61 2c |,6,1,function(a,|
|00001b20| 62 2c 63 29 7b 72 65 74 75 72 6e 20 4e 28 61 2c |b,c){return N(a,|
|00001b30| 63 29 2a 4e 28 62 2c 63 29 7d 29 3b 50 28 5c 22 |c)*N(b,c)});P(\"|
|00001b40| 2b 5c 22 2c 35 2c 31 2c 66 75 6e 63 74 69 6f 6e |+\",5,1,function|
|00001b50| 28 61 2c 62 2c 63 29 7b 72 65 74 75 72 6e 20 4e |(a,b,c){return N|
|00001b60| 28 61 2c 63 29 2b 4e 28 62 2c 63 29 7d 29 3b 50 |(a,c)+N(b,c)});P|
|00001b70| 28 5c 22 2d 5c 22 2c 35 2c 31 2c 66 75 6e 63 74 |(\"-\",5,1,funct|
|00001b80| 69 6f 6e 28 61 2c 62 2c 63 29 7b 72 65 74 75 72 |ion(a,b,c){retur|
|00001b90| 6e 20 4e 28 61 2c 63 29 2d 4e 28 62 2c 63 29 7d |n N(a,c)-N(b,c)}|
|00001ba0| 29 3b 50 28 5c 22 5c 75 30 30 33 63 5c 22 2c 34 |);P(\"\u003c\",4|
|00001bb0| 2c 32 2c 66 75 6e 63 74 69 6f 6e 28 61 2c 62 2c |,2,function(a,b,|
|00001bc0| 63 29 7b 72 65 74 75 72 6e 20 75 62 28 66 75 6e |c){return ub(fun|
|00001bd0| 63 74 69 6f 6e 28 64 2c 65 29 7b 72 65 74 75 72 |ction(d,e){retur|
|00001be0| 6e 20 64 5c 75 30 30 33 63 65 7d 2c 61 2c 62 2c |n d\u003ce},a,b,|
|00001bf0| 63 29 7d 29 3b 5c 6e 50 28 5c 22 3e 5c 22 2c 34 |c)});\nP(\">\",4|
|00001c00| 2c 32 2c 66 75 6e 63 74 69 6f 6e 28 61 2c 62 2c |,2,function(a,b,|
|00001c10| 63 29 7b 72 65 74 75 72 6e 20 75 62 28 66 75 6e |c){return ub(fun|
|00001c20| 63 74 69 6f 6e 28 64 2c 65 29 7b 72 65 74 75 72 |ction(d,e){retur|
|00001c30| 6e 20 64 3e 65 7d 2c 61 2c 62 2c 63 29 7d 29 3b |n d>e},a,b,c)});|
|00001c40| 50 28 5c 22 5c 75 30 30 33 63 3d 5c 22 2c 34 2c |P(\"\u003c=\",4,|
|00001c50| 32 2c 66 75 6e 63 74 69 6f 6e 28 61 2c 62 2c 63 |2,function(a,b,c|
|00001c60| 29 7b 72 65 74 75 72 6e 20 75 62 28 66 75 6e 63 |){return ub(func|
|00001c70| 74 69 6f 6e 28 64 2c 65 29 7b 72 65 74 75 72 6e |tion(d,e){return|
|00001c80| 20 64 5c 75 30 30 33 63 3d 65 7d 2c 61 2c 62 2c | d\u003c=e},a,b,|
|00001c90| 63 29 7d 29 3b 50 28 5c 22 3e 3d 5c 22 2c 34 2c |c)});P(\">=\",4,|
|00001ca0| 32 2c 66 75 6e 63 74 69 6f 6e 28 61 2c 62 2c 63 |2,function(a,b,c|
|00001cb0| 29 7b 72 65 74 75 72 6e 20 75 62 28 66 75 6e 63 |){return ub(func|
|00001cc0| 74 69 6f 6e 28 64 2c 65 29 7b 72 65 74 75 72 6e |tion(d,e){return|
|00001cd0| 20 64 3e 3d 65 7d 2c 61 2c 62 2c 63 29 7d 29 3b | d>=e},a,b,c)});|
|00001ce0| 76 61 72 20 74 62 3d 50 28 5c 22 3d 5c 22 2c 33 |var tb=P(\"=\",3|
|00001cf0| 2c 32 2c 66 75 6e 63 74 69 6f 6e 28 61 2c 62 2c |,2,function(a,b,|
|00001d00| 63 29 7b 72 65 74 75 72 6e 20 75 62 28 66 75 6e |c){return ub(fun|
|00001d10| 63 74 69 6f 6e 28 64 2c 65 29 7b 72 65 74 75 72 |ction(d,e){retur|
|00001d20| 6e 20 64 3d 3d 65 7d 2c 61 2c 62 2c 63 2c 21 30 |n d==e},a,b,c,!0|
|00001d30| 29 7d 29 3b 50 28 5c 22 21 3d 5c 22 2c 33 2c 32 |)});P(\"!=\",3,2|
|00001d40| 2c 66 75 6e 63 74 69 6f 6e 28 61 2c 62 2c 63 29 |,function(a,b,c)|
|00001d50| 7b 72 65 74 75 72 6e 20 75 62 28 66 75 6e 63 74 |{return ub(funct|
|00001d60| 69 6f 6e 28 64 2c 65 29 7b 72 65 74 75 72 6e 20 |ion(d,e){return |
|00001d70| 64 21 3d 65 7d 2c 61 2c 62 2c 63 2c 21 30 29 7d |d!=e},a,b,c,!0)}|
|00001d80| 29 3b 50 28 5c 22 61 6e 64 5c 22 2c 32 2c 32 2c |);P(\"and\",2,2,|
|00001d90| 66 75 6e 63 74 69 6f 6e 28 61 2c 62 2c 63 29 7b |function(a,b,c){|
|00001da0| 72 65 74 75 72 6e 20 72 62 28 61 2c 63 29 5c 75 |return rb(a,c)\u|
|00001db0| 30 30 32 36 5c 75 30 30 32 36 72 62 28 62 2c 63 |0026\u0026rb(b,c|
|00001dc0| 29 7d 29 3b 50 28 5c 22 6f 72 5c 22 2c 31 2c 32 |)});P(\"or\",1,2|
|00001dd0| 2c 66 75 6e 63 74 69 6f 6e 28 61 2c 62 2c 63 29 |,function(a,b,c)|
|00001de0| 7b 72 65 74 75 72 6e 20 72 62 28 61 2c 63 29 7c |{return rb(a,c)||
|00001df0| 7c 72 62 28 62 2c 63 29 7d 29 3b 66 75 6e 63 74 ||rb(b,c)});funct|
|00001e00| 69 6f 6e 20 78 62 28 61 2c 62 29 7b 69 66 28 62 |ion xb(a,b){if(b|
|00001e10| 2e 61 2e 6c 65 6e 67 74 68 5c 75 30 30 32 36 5c |.a.length\u0026\|
|00001e20| 75 30 30 32 36 34 21 3d 61 2e 69 29 74 68 72 6f |u00264!=a.i)thro|
|00001e30| 77 20 45 72 72 6f 72 28 5c 22 50 72 69 6d 61 72 |w Error(\"Primar|
|00001e40| 79 20 65 78 70 72 65 73 73 69 6f 6e 20 6d 75 73 |y expression mus|
|00001e50| 74 20 65 76 61 6c 75 61 74 65 20 74 6f 20 6e 6f |t evaluate to no|
|00001e60| 64 65 73 65 74 20 69 66 20 66 69 6c 74 65 72 20 |deset if filter |
|00001e70| 68 61 73 20 70 72 65 64 69 63 61 74 65 28 73 29 |has predicate(s)|
|00001e80| 2e 5c 22 29 3b 4a 2e 63 61 6c 6c 28 74 68 69 73 |.\");J.call(this|
|00001e90| 2c 61 2e 69 29 3b 74 68 69 73 2e 63 3d 61 3b 74 |,a.i);this.c=a;t|
|00001ea0| 68 69 73 2e 68 3d 62 3b 74 68 69 73 2e 67 3d 61 |his.h=b;this.g=a|
|00001eb0| 2e 67 3b 74 68 69 73 2e 62 3d 61 2e 62 7d 6c 28 |.g;this.b=a.b}l(|
|00001ec0| 78 62 2c 4a 29 3b 78 62 2e 70 72 6f 74 6f 74 79 |xb,J);xb.prototy|
|00001ed0| 70 65 2e 61 3d 66 75 6e 63 74 69 6f 6e 28 61 29 |pe.a=function(a)|
|00001ee0| 7b 61 3d 74 68 69 73 2e 63 2e 61 28 61 29 3b 72 |{a=this.c.a(a);r|
|00001ef0| 65 74 75 72 6e 20 79 62 28 74 68 69 73 2e 68 2c |eturn yb(this.h,|
|00001f00| 61 29 7d 3b 78 62 2e 70 72 6f 74 6f 74 79 70 65 |a)};xb.prototype|
|00001f10| 2e 74 6f 53 74 72 69 6e 67 3d 66 75 6e 63 74 69 |.toString=functi|
|00001f20| 6f 6e 28 29 7b 76 61 72 20 61 3d 5c 22 46 69 6c |on(){var a=\"Fil|
|00001f30| 74 65 72 3a 5c 22 2b 4b 28 74 68 69 73 2e 63 29 |ter:\"+K(this.c)|
|00001f40| 3b 72 65 74 75 72 6e 20 61 2b 3d 4b 28 74 68 69 |;return a+=K(thi|
|00001f50| 73 2e 68 29 7d 3b 66 75 6e 63 74 69 6f 6e 20 7a |s.h)};function z|
|00001f60| 62 28 61 2c 62 29 7b 69 66 28 62 2e 6c 65 6e 67 |b(a,b){if(b.leng|
|00001f70| 74 68 5c 75 30 30 33 63 61 2e 43 29 74 68 72 6f |th\u003ca.C)thro|
|00001f80| 77 20 45 72 72 6f 72 28 5c 22 46 75 6e 63 74 69 |w Error(\"Functi|
|00001f90| 6f 6e 20 5c 22 2b 61 2e 6a 2b 5c 22 20 65 78 70 |on \"+a.j+\" exp|
|00001fa0| 65 63 74 73 20 61 74 20 6c 65 61 73 74 5c 22 2b |ects at least\"+|
|00001fb0| 61 2e 43 2b 5c 22 20 61 72 67 75 6d 65 6e 74 73 |a.C+\" arguments|
|00001fc0| 2c 20 5c 22 2b 62 2e 6c 65 6e 67 74 68 2b 5c 22 |, \"+b.length+\"|
|00001fd0| 20 67 69 76 65 6e 5c 22 29 3b 69 66 28 6e 75 6c | given\");if(nul|
|00001fe0| 6c 21 3d 3d 61 2e 42 5c 75 30 30 32 36 5c 75 30 |l!==a.B\u0026\u0|
|00001ff0| 30 32 36 62 2e 6c 65 6e 67 74 68 3e 61 2e 42 29 |026b.length>a.B)|
+--------+-------------------------------------------------+----------------+
14:13:03.610 [AsyncHttpClient-1-8] TRACE i.n.handler.logging.LoggingHandler - [id: 0xa6657862, L:/127.0.0.1:64395 - R:localhost/127.0.0.1:53550] FLUSH
14:13:03.611 [AsyncHttpClient-1-8] TRACE i.n.handler.logging.LoggingHandler - [id: 0xa6657862, L:/127.0.0.1:64395 - R:localhost/127.0.0.1:53550] WRITE: 8192B
         +-------------------------------------------------+
         |  0  1  2  3  4  5  6  7  8  9  a  b  c  d  e  f |
+--------+-------------------------------------------------+----------------+
|00000000| 74 68 72 6f 77 20 45 72 72 6f 72 28 5c 22 46 75 |throw Error(\"Fu|
|00000010| 6e 63 74 69 6f 6e 20 5c 22 2b 61 2e 6a 2b 5c 22 |nction \"+a.j+\"|
|00000020| 20 65 78 70 65 63 74 73 20 61 74 20 6d 6f 73 74 | expects at most|
|00000030| 20 5c 22 2b 61 2e 42 2b 5c 22 20 61 72 67 75 6d | \"+a.B+\" argum|
|00000040| 65 6e 74 73 2c 20 5c 22 2b 62 2e 6c 65 6e 67 74 |ents, \"+b.lengt|
|00000050| 68 2b 5c 22 20 67 69 76 65 6e 5c 22 29 3b 61 2e |h+\" given\");a.|
|00000060| 48 5c 75 30 30 32 36 5c 75 30 30 32 36 6e 28 62 |H\u0026\u0026n(b|
|00000070| 2c 66 75 6e 63 74 69 6f 6e 28 63 2c 64 29 7b 69 |,function(c,d){i|
|00000080| 66 28 34 21 3d 63 2e 69 29 74 68 72 6f 77 20 45 |f(4!=c.i)throw E|
|00000090| 72 72 6f 72 28 5c 22 41 72 67 75 6d 65 6e 74 20 |rror(\"Argument |
|000000a0| 5c 22 2b 64 2b 5c 22 20 74 6f 20 66 75 6e 63 74 |\"+d+\" to funct|
|000000b0| 69 6f 6e 20 5c 22 2b 61 2e 6a 2b 5c 22 20 69 73 |ion \"+a.j+\" is|
|000000c0| 20 6e 6f 74 20 6f 66 20 74 79 70 65 20 4e 6f 64 | not of type Nod|
|000000d0| 65 73 65 74 3a 20 5c 22 2b 63 29 3b 7d 29 3b 4a |eset: \"+c);});J|
|000000e0| 2e 63 61 6c 6c 28 74 68 69 73 2c 61 2e 69 29 3b |.call(this,a.i);|
|000000f0| 74 68 69 73 2e 76 3d 61 3b 74 68 69 73 2e 63 3d |this.v=a;this.c=|
|00000100| 62 3b 70 62 28 74 68 69 73 2c 61 2e 67 7c 7c 6d |b;pb(this,a.g||m|
|00000110| 61 28 62 2c 66 75 6e 63 74 69 6f 6e 28 63 29 7b |a(b,function(c){|
|00000120| 72 65 74 75 72 6e 20 63 2e 67 7d 29 29 3b 71 62 |return c.g}));qb|
|00000130| 28 74 68 69 73 2c 61 2e 47 5c 75 30 30 32 36 5c |(this,a.G\u0026\|
|00000140| 75 30 30 32 36 21 62 2e 6c 65 6e 67 74 68 7c 7c |u0026!b.length|||
|00000150| 61 2e 46 5c 75 30 30 32 36 5c 75 30 30 32 36 21 |a.F\u0026\u0026!|
|00000160| 21 62 2e 6c 65 6e 67 74 68 7c 7c 6d 61 28 62 2c |!b.length||ma(b,|
|00000170| 66 75 6e 63 74 69 6f 6e 28 63 29 7b 72 65 74 75 |function(c){retu|
|00000180| 72 6e 20 63 2e 62 7d 29 29 7d 5c 6e 6c 28 7a 62 |rn c.b}))}\nl(zb|
|00000190| 2c 4a 29 3b 7a 62 2e 70 72 6f 74 6f 74 79 70 65 |,J);zb.prototype|
|000001a0| 2e 61 3d 66 75 6e 63 74 69 6f 6e 28 61 29 7b 72 |.a=function(a){r|
|000001b0| 65 74 75 72 6e 20 74 68 69 73 2e 76 2e 6d 2e 61 |eturn this.v.m.a|
|000001c0| 70 70 6c 79 28 6e 75 6c 6c 2c 70 61 28 61 2c 74 |pply(null,pa(a,t|
|000001d0| 68 69 73 2e 63 29 29 7d 3b 7a 62 2e 70 72 6f 74 |his.c))};zb.prot|
|000001e0| 6f 74 79 70 65 2e 74 6f 53 74 72 69 6e 67 3d 66 |otype.toString=f|
|000001f0| 75 6e 63 74 69 6f 6e 28 29 7b 76 61 72 20 61 3d |unction(){var a=|
|00000200| 5c 22 46 75 6e 63 74 69 6f 6e 3a 20 5c 22 2b 74 |\"Function: \"+t|
|00000210| 68 69 73 2e 76 3b 69 66 28 74 68 69 73 2e 63 2e |his.v;if(this.c.|
|00000220| 6c 65 6e 67 74 68 29 7b 76 61 72 20 62 3d 6c 61 |length){var b=la|
|00000230| 28 74 68 69 73 2e 63 2c 66 75 6e 63 74 69 6f 6e |(this.c,function|
|00000240| 28 63 2c 64 29 7b 72 65 74 75 72 6e 20 63 2b 4b |(c,d){return c+K|
|00000250| 28 64 29 7d 2c 5c 22 41 72 67 75 6d 65 6e 74 73 |(d)},\"Arguments|
|00000260| 3a 5c 22 29 3b 61 2b 3d 4b 28 62 29 7d 72 65 74 |:\");a+=K(b)}ret|
|00000270| 75 72 6e 20 61 7d 3b 66 75 6e 63 74 69 6f 6e 20 |urn a};function |
|00000280| 41 62 28 61 2c 62 2c 63 2c 64 2c 65 2c 66 2c 67 |Ab(a,b,c,d,e,f,g|
|00000290| 2c 68 29 7b 74 68 69 73 2e 6a 3d 61 3b 74 68 69 |,h){this.j=a;thi|
|000002a0| 73 2e 69 3d 62 3b 74 68 69 73 2e 67 3d 63 3b 74 |s.i=b;this.g=c;t|
|000002b0| 68 69 73 2e 47 3d 64 3b 74 68 69 73 2e 46 3d 21 |his.G=d;this.F=!|
|000002c0| 31 3b 74 68 69 73 2e 6d 3d 65 3b 74 68 69 73 2e |1;this.m=e;this.|
|000002d0| 43 3d 66 3b 74 68 69 73 2e 42 3d 76 6f 69 64 20 |C=f;this.B=void |
|000002e0| 30 21 3d 3d 67 3f 67 3a 66 3b 74 68 69 73 2e 48 |0!==g?g:f;this.H|
|000002f0| 3d 21 21 68 7d 41 62 2e 70 72 6f 74 6f 74 79 70 |=!!h}Ab.prototyp|
|00000300| 65 2e 74 6f 53 74 72 69 6e 67 3d 66 75 6e 63 74 |e.toString=funct|
|00000310| 69 6f 6e 28 29 7b 72 65 74 75 72 6e 20 74 68 69 |ion(){return thi|
|00000320| 73 2e 6a 7d 3b 76 61 72 20 42 62 3d 7b 7d 3b 5c |s.j};var Bb={};\|
|00000330| 6e 66 75 6e 63 74 69 6f 6e 20 51 28 61 2c 62 2c |nfunction Q(a,b,|
|00000340| 63 2c 64 2c 65 2c 66 2c 67 2c 68 29 7b 69 66 28 |c,d,e,f,g,h){if(|
|00000350| 42 62 2e 68 61 73 4f 77 6e 50 72 6f 70 65 72 74 |Bb.hasOwnPropert|
|00000360| 79 28 61 29 29 74 68 72 6f 77 20 45 72 72 6f 72 |y(a))throw Error|
|00000370| 28 5c 22 46 75 6e 63 74 69 6f 6e 20 61 6c 72 65 |(\"Function alre|
|00000380| 61 64 79 20 63 72 65 61 74 65 64 3a 20 5c 22 2b |ady created: \"+|
|00000390| 61 2b 5c 22 2e 5c 22 29 3b 42 62 5b 61 5d 3d 6e |a+\".\");Bb[a]=n|
|000003a0| 65 77 20 41 62 28 61 2c 62 2c 63 2c 64 2c 65 2c |ew Ab(a,b,c,d,e,|
|000003b0| 66 2c 67 2c 68 29 7d 51 28 5c 22 62 6f 6f 6c 65 |f,g,h)}Q(\"boole|
|000003c0| 61 6e 5c 22 2c 32 2c 21 31 2c 21 31 2c 66 75 6e |an\",2,!1,!1,fun|
|000003d0| 63 74 69 6f 6e 28 61 2c 62 29 7b 72 65 74 75 72 |ction(a,b){retur|
|000003e0| 6e 20 72 62 28 62 2c 61 29 7d 2c 31 29 3b 51 28 |n rb(b,a)},1);Q(|
|000003f0| 5c 22 63 65 69 6c 69 6e 67 5c 22 2c 31 2c 21 31 |\"ceiling\",1,!1|
|00000400| 2c 21 31 2c 66 75 6e 63 74 69 6f 6e 28 61 2c 62 |,!1,function(a,b|
|00000410| 29 7b 72 65 74 75 72 6e 20 4d 61 74 68 2e 63 65 |){return Math.ce|
|00000420| 69 6c 28 4e 28 62 2c 61 29 29 7d 2c 31 29 3b 51 |il(N(b,a))},1);Q|
|00000430| 28 5c 22 63 6f 6e 63 61 74 5c 22 2c 33 2c 21 31 |(\"concat\",3,!1|
|00000440| 2c 21 31 2c 66 75 6e 63 74 69 6f 6e 28 61 2c 62 |,!1,function(a,b|
|00000450| 29 7b 72 65 74 75 72 6e 20 6c 61 28 71 61 28 61 |){return la(qa(a|
|00000460| 72 67 75 6d 65 6e 74 73 2c 31 29 2c 66 75 6e 63 |rguments,1),func|
|00000470| 74 69 6f 6e 28 63 2c 64 29 7b 72 65 74 75 72 6e |tion(c,d){return|
|00000480| 20 63 2b 4f 28 64 2c 61 29 7d 2c 5c 22 5c 22 29 | c+O(d,a)},\"\")|
|00000490| 7d 2c 32 2c 6e 75 6c 6c 29 3b 51 28 5c 22 63 6f |},2,null);Q(\"co|
|000004a0| 6e 74 61 69 6e 73 5c 22 2c 32 2c 21 31 2c 21 31 |ntains\",2,!1,!1|
|000004b0| 2c 66 75 6e 63 74 69 6f 6e 28 61 2c 62 2c 63 29 |,function(a,b,c)|
|000004c0| 7b 62 3d 4f 28 62 2c 61 29 3b 61 3d 4f 28 63 2c |{b=O(b,a);a=O(c,|
|000004d0| 61 29 3b 72 65 74 75 72 6e 2d 31 21 3d 62 2e 69 |a);return-1!=b.i|
|000004e0| 6e 64 65 78 4f 66 28 61 29 7d 2c 32 29 3b 51 28 |ndexOf(a)},2);Q(|
|000004f0| 5c 22 63 6f 75 6e 74 5c 22 2c 31 2c 21 31 2c 21 |\"count\",1,!1,!|
|00000500| 31 2c 66 75 6e 63 74 69 6f 6e 28 61 2c 62 29 7b |1,function(a,b){|
|00000510| 72 65 74 75 72 6e 20 62 2e 61 28 61 29 2e 6c 7d |return b.a(a).l}|
|00000520| 2c 31 2c 31 2c 21 30 29 3b 5c 6e 51 28 5c 22 66 |,1,1,!0);\nQ(\"f|
|00000530| 61 6c 73 65 5c 22 2c 32 2c 21 31 2c 21 31 2c 66 |alse\",2,!1,!1,f|
|00000540| 75 6e 63 74 69 6f 6e 28 29 7b 72 65 74 75 72 6e |unction(){return|
|00000550| 21 31 7d 2c 30 29 3b 51 28 5c 22 66 6c 6f 6f 72 |!1},0);Q(\"floor|
|00000560| 5c 22 2c 31 2c 21 31 2c 21 31 2c 66 75 6e 63 74 |\",1,!1,!1,funct|
|00000570| 69 6f 6e 28 61 2c 62 29 7b 72 65 74 75 72 6e 20 |ion(a,b){return |
|00000580| 4d 61 74 68 2e 66 6c 6f 6f 72 28 4e 28 62 2c 61 |Math.floor(N(b,a|
|00000590| 29 29 7d 2c 31 29 3b 51 28 5c 22 69 64 5c 22 2c |))},1);Q(\"id\",|
|000005a0| 34 2c 21 31 2c 21 31 2c 66 75 6e 63 74 69 6f 6e |4,!1,!1,function|
|000005b0| 28 61 2c 62 29 7b 66 75 6e 63 74 69 6f 6e 20 63 |(a,b){function c|
|000005c0| 28 68 29 7b 69 66 28 78 29 7b 76 61 72 20 6d 3d |(h){if(x){var m=|
|000005d0| 65 2e 61 6c 6c 5b 68 5d 3b 69 66 28 6d 29 7b 69 |e.all[h];if(m){i|
|000005e0| 66 28 6d 2e 6e 6f 64 65 54 79 70 65 5c 75 30 30 |f(m.nodeType\u00|
|000005f0| 32 36 5c 75 30 30 32 36 68 3d 3d 6d 2e 69 64 29 |26\u0026h==m.id)|
|00000600| 72 65 74 75 72 6e 20 6d 3b 69 66 28 6d 2e 6c 65 |return m;if(m.le|
|00000610| 6e 67 74 68 29 72 65 74 75 72 6e 20 6f 61 28 6d |ngth)return oa(m|
|00000620| 2c 66 75 6e 63 74 69 6f 6e 28 77 29 7b 72 65 74 |,function(w){ret|
|00000630| 75 72 6e 20 68 3d 3d 77 2e 69 64 7d 29 7d 72 65 |urn h==w.id})}re|
|00000640| 74 75 72 6e 20 6e 75 6c 6c 7d 72 65 74 75 72 6e |turn null}return|
|00000650| 20 65 2e 67 65 74 45 6c 65 6d 65 6e 74 42 79 49 | e.getElementByI|
|00000660| 64 28 68 29 7d 76 61 72 20 64 3d 61 2e 61 2c 65 |d(h)}var d=a.a,e|
|00000670| 3d 39 3d 3d 64 2e 6e 6f 64 65 54 79 70 65 3f 64 |=9==d.nodeType?d|
|00000680| 3a 64 2e 6f 77 6e 65 72 44 6f 63 75 6d 65 6e 74 |:d.ownerDocument|
|00000690| 3b 61 3d 4f 28 62 2c 61 29 2e 73 70 6c 69 74 28 |;a=O(b,a).split(|
|000006a0| 5c 75 30 30 32 66 5c 5c 73 2b 5c 75 30 30 32 66 |\u002f\\s+\u002f|
|000006b0| 29 3b 76 61 72 20 66 3d 5b 5d 3b 6e 28 61 2c 66 |);var f=[];n(a,f|
|000006c0| 75 6e 63 74 69 6f 6e 28 68 29 7b 68 3d 63 28 68 |unction(h){h=c(h|
|000006d0| 29 3b 21 68 7c 7c 30 5c 75 30 30 33 63 3d 6a 61 |);!h||0\u003c=ja|
|000006e0| 28 66 2c 68 29 7c 7c 66 2e 70 75 73 68 28 68 29 |(f,h)||f.push(h)|
|000006f0| 7d 29 3b 66 2e 73 6f 72 74 28 58 61 29 3b 76 61 |});f.sort(Xa);va|
|00000700| 72 20 67 3d 6e 65 77 20 45 3b 6e 28 66 2c 66 75 |r g=new E;n(f,fu|
|00000710| 6e 63 74 69 6f 6e 28 68 29 7b 67 2e 61 64 64 28 |nction(h){g.add(|
|00000720| 68 29 7d 29 3b 72 65 74 75 72 6e 20 67 7d 2c 31 |h)});return g},1|
|00000730| 29 3b 5c 6e 51 28 5c 22 6c 61 6e 67 5c 22 2c 32 |);\nQ(\"lang\",2|
|00000740| 2c 21 31 2c 21 31 2c 66 75 6e 63 74 69 6f 6e 28 |,!1,!1,function(|
|00000750| 29 7b 72 65 74 75 72 6e 21 31 7d 2c 31 29 3b 51 |){return!1},1);Q|
|00000760| 28 5c 22 6c 61 73 74 5c 22 2c 31 2c 21 30 2c 21 |(\"last\",1,!0,!|
|00000770| 31 2c 66 75 6e 63 74 69 6f 6e 28 61 29 7b 69 66 |1,function(a){if|
|00000780| 28 31 21 3d 61 72 67 75 6d 65 6e 74 73 2e 6c 65 |(1!=arguments.le|
|00000790| 6e 67 74 68 29 74 68 72 6f 77 20 45 72 72 6f 72 |ngth)throw Error|
|000007a0| 28 5c 22 46 75 6e 63 74 69 6f 6e 20 6c 61 73 74 |(\"Function last|
|000007b0| 20 65 78 70 65 63 74 73 20 28 29 5c 22 29 3b 72 | expects ()\");r|
|000007c0| 65 74 75 72 6e 20 61 2e 66 7d 2c 30 29 3b 51 28 |eturn a.f},0);Q(|
|000007d0| 5c 22 6c 6f 63 61 6c 2d 6e 61 6d 65 5c 22 2c 33 |\"local-name\",3|
|000007e0| 2c 21 31 2c 21 30 2c 66 75 6e 63 74 69 6f 6e 28 |,!1,!0,function(|
|000007f0| 61 2c 62 29 7b 72 65 74 75 72 6e 28 61 3d 62 3f |a,b){return(a=b?|
|00000800| 6d 62 28 62 2e 61 28 61 29 29 3a 61 2e 61 29 3f |mb(b.a(a)):a.a)?|
|00000810| 61 2e 6c 6f 63 61 6c 4e 61 6d 65 7c 7c 61 2e 6e |a.localName||a.n|
|00000820| 6f 64 65 4e 61 6d 65 2e 74 6f 4c 6f 77 65 72 43 |odeName.toLowerC|
|00000830| 61 73 65 28 29 3a 5c 22 5c 22 7d 2c 30 2c 31 2c |ase():\"\"},0,1,|
|00000840| 21 30 29 3b 51 28 5c 22 6e 61 6d 65 5c 22 2c 33 |!0);Q(\"name\",3|
|00000850| 2c 21 31 2c 21 30 2c 66 75 6e 63 74 69 6f 6e 28 |,!1,!0,function(|
|00000860| 61 2c 62 29 7b 72 65 74 75 72 6e 28 61 3d 62 3f |a,b){return(a=b?|
|00000870| 6d 62 28 62 2e 61 28 61 29 29 3a 61 2e 61 29 3f |mb(b.a(a)):a.a)?|
|00000880| 61 2e 6e 6f 64 65 4e 61 6d 65 2e 74 6f 4c 6f 77 |a.nodeName.toLow|
|00000890| 65 72 43 61 73 65 28 29 3a 5c 22 5c 22 7d 2c 30 |erCase():\"\"},0|
|000008a0| 2c 31 2c 21 30 29 3b 51 28 5c 22 6e 61 6d 65 73 |,1,!0);Q(\"names|
|000008b0| 70 61 63 65 2d 75 72 69 5c 22 2c 33 2c 21 30 2c |pace-uri\",3,!0,|
|000008c0| 21 31 2c 66 75 6e 63 74 69 6f 6e 28 29 7b 72 65 |!1,function(){re|
|000008d0| 74 75 72 6e 5c 22 5c 22 7d 2c 30 2c 31 2c 21 30 |turn\"\"},0,1,!0|
|000008e0| 29 3b 5c 6e 51 28 5c 22 6e 6f 72 6d 61 6c 69 7a |);\nQ(\"normaliz|
|000008f0| 65 2d 73 70 61 63 65 5c 22 2c 33 2c 21 31 2c 21 |e-space\",3,!1,!|
|00000900| 30 2c 66 75 6e 63 74 69 6f 6e 28 61 2c 62 29 7b |0,function(a,b){|
|00000910| 72 65 74 75 72 6e 28 62 3f 4f 28 62 2c 61 29 3a |return(b?O(b,a):|
|00000920| 42 28 61 2e 61 29 29 2e 72 65 70 6c 61 63 65 28 |B(a.a)).replace(|
|00000930| 5c 75 30 30 32 66 5b 5c 5c 73 5c 5c 78 61 30 5d |\u002f[\\s\\xa0]|
|00000940| 2b 5c 75 30 30 32 66 67 2c 5c 22 20 5c 22 29 2e |+\u002fg,\" \").|
|00000950| 72 65 70 6c 61 63 65 28 5c 75 30 30 32 66 5e 5c |replace(\u002f^\|
|00000960| 5c 73 2b 7c 5c 5c 73 2b 24 5c 75 30 30 32 66 67 |\s+|\\s+$\u002fg|
|00000970| 2c 5c 22 5c 22 29 7d 2c 30 2c 31 29 3b 51 28 5c |,\"\")},0,1);Q(\|
|00000980| 22 6e 6f 74 5c 22 2c 32 2c 21 31 2c 21 31 2c 66 |"not\",2,!1,!1,f|
|00000990| 75 6e 63 74 69 6f 6e 28 61 2c 62 29 7b 72 65 74 |unction(a,b){ret|
|000009a0| 75 72 6e 21 72 62 28 62 2c 61 29 7d 2c 31 29 3b |urn!rb(b,a)},1);|
|000009b0| 51 28 5c 22 6e 75 6d 62 65 72 5c 22 2c 31 2c 21 |Q(\"number\",1,!|
|000009c0| 31 2c 21 30 2c 66 75 6e 63 74 69 6f 6e 28 61 2c |1,!0,function(a,|
|000009d0| 62 29 7b 72 65 74 75 72 6e 20 62 3f 4e 28 62 2c |b){return b?N(b,|
|000009e0| 61 29 3a 2b 42 28 61 2e 61 29 7d 2c 30 2c 31 29 |a):+B(a.a)},0,1)|
|000009f0| 3b 51 28 5c 22 70 6f 73 69 74 69 6f 6e 5c 22 2c |;Q(\"position\",|
|00000a00| 31 2c 21 30 2c 21 31 2c 66 75 6e 63 74 69 6f 6e |1,!0,!1,function|
|00000a10| 28 61 29 7b 72 65 74 75 72 6e 20 61 2e 62 7d 2c |(a){return a.b},|
|00000a20| 30 29 3b 51 28 5c 22 72 6f 75 6e 64 5c 22 2c 31 |0);Q(\"round\",1|
|00000a30| 2c 21 31 2c 21 31 2c 66 75 6e 63 74 69 6f 6e 28 |,!1,!1,function(|
|00000a40| 61 2c 62 29 7b 72 65 74 75 72 6e 20 4d 61 74 68 |a,b){return Math|
|00000a50| 2e 72 6f 75 6e 64 28 4e 28 62 2c 61 29 29 7d 2c |.round(N(b,a))},|
|00000a60| 31 29 3b 51 28 5c 22 73 74 61 72 74 73 2d 77 69 |1);Q(\"starts-wi|
|00000a70| 74 68 5c 22 2c 32 2c 21 31 2c 21 31 2c 66 75 6e |th\",2,!1,!1,fun|
|00000a80| 63 74 69 6f 6e 28 61 2c 62 2c 63 29 7b 62 3d 4f |ction(a,b,c){b=O|
|00000a90| 28 62 2c 61 29 3b 61 3d 4f 28 63 2c 61 29 3b 72 |(b,a);a=O(c,a);r|
|00000aa0| 65 74 75 72 6e 20 30 3d 3d 62 2e 6c 61 73 74 49 |eturn 0==b.lastI|
|00000ab0| 6e 64 65 78 4f 66 28 61 2c 30 29 7d 2c 32 29 3b |ndexOf(a,0)},2);|
|00000ac0| 51 28 5c 22 73 74 72 69 6e 67 5c 22 2c 33 2c 21 |Q(\"string\",3,!|
|00000ad0| 31 2c 21 30 2c 66 75 6e 63 74 69 6f 6e 28 61 2c |1,!0,function(a,|
|00000ae0| 62 29 7b 72 65 74 75 72 6e 20 62 3f 4f 28 62 2c |b){return b?O(b,|
|00000af0| 61 29 3a 42 28 61 2e 61 29 7d 2c 30 2c 31 29 3b |a):B(a.a)},0,1);|
|00000b00| 5c 6e 51 28 5c 22 73 74 72 69 6e 67 2d 6c 65 6e |\nQ(\"string-len|
|00000b10| 67 74 68 5c 22 2c 31 2c 21 31 2c 21 30 2c 66 75 |gth\",1,!1,!0,fu|
|00000b20| 6e 63 74 69 6f 6e 28 61 2c 62 29 7b 72 65 74 75 |nction(a,b){retu|
|00000b30| 72 6e 28 62 3f 4f 28 62 2c 61 29 3a 42 28 61 2e |rn(b?O(b,a):B(a.|
|00000b40| 61 29 29 2e 6c 65 6e 67 74 68 7d 2c 30 2c 31 29 |a)).length},0,1)|
|00000b50| 3b 51 28 5c 22 73 75 62 73 74 72 69 6e 67 5c 22 |;Q(\"substring\"|
|00000b60| 2c 33 2c 21 31 2c 21 31 2c 66 75 6e 63 74 69 6f |,3,!1,!1,functio|
|00000b70| 6e 28 61 2c 62 2c 63 2c 64 29 7b 63 3d 4e 28 63 |n(a,b,c,d){c=N(c|
|00000b80| 2c 61 29 3b 69 66 28 69 73 4e 61 4e 28 63 29 7c |,a);if(isNaN(c)||
|00000b90| 7c 49 6e 66 69 6e 69 74 79 3d 3d 63 7c 7c 2d 49 ||Infinity==c||-I|
|00000ba0| 6e 66 69 6e 69 74 79 3d 3d 63 29 72 65 74 75 72 |nfinity==c)retur|
|00000bb0| 6e 5c 22 5c 22 3b 64 3d 64 3f 4e 28 64 2c 61 29 |n\"\";d=d?N(d,a)|
|00000bc0| 3a 49 6e 66 69 6e 69 74 79 3b 69 66 28 69 73 4e |:Infinity;if(isN|
|00000bd0| 61 4e 28 64 29 7c 7c 2d 49 6e 66 69 6e 69 74 79 |aN(d)||-Infinity|
|00000be0| 3d 3d 3d 64 29 72 65 74 75 72 6e 5c 22 5c 22 3b |===d)return\"\";|
|00000bf0| 63 3d 4d 61 74 68 2e 72 6f 75 6e 64 28 63 29 2d |c=Math.round(c)-|
|00000c00| 31 3b 76 61 72 20 65 3d 4d 61 74 68 2e 6d 61 78 |1;var e=Math.max|
|00000c10| 28 63 2c 30 29 3b 61 3d 4f 28 62 2c 61 29 3b 72 |(c,0);a=O(b,a);r|
|00000c20| 65 74 75 72 6e 20 49 6e 66 69 6e 69 74 79 3d 3d |eturn Infinity==|
|00000c30| 64 3f 61 2e 73 75 62 73 74 72 69 6e 67 28 65 29 |d?a.substring(e)|
|00000c40| 3a 61 2e 73 75 62 73 74 72 69 6e 67 28 65 2c 63 |:a.substring(e,c|
|00000c50| 2b 4d 61 74 68 2e 72 6f 75 6e 64 28 64 29 29 7d |+Math.round(d))}|
|00000c60| 2c 32 2c 33 29 3b 51 28 5c 22 73 75 62 73 74 72 |,2,3);Q(\"substr|
|00000c70| 69 6e 67 2d 61 66 74 65 72 5c 22 2c 33 2c 21 31 |ing-after\",3,!1|
|00000c80| 2c 21 31 2c 66 75 6e 63 74 69 6f 6e 28 61 2c 62 |,!1,function(a,b|
|00000c90| 2c 63 29 7b 62 3d 4f 28 62 2c 61 29 3b 61 3d 4f |,c){b=O(b,a);a=O|
|00000ca0| 28 63 2c 61 29 3b 63 3d 62 2e 69 6e 64 65 78 4f |(c,a);c=b.indexO|
|00000cb0| 66 28 61 29 3b 72 65 74 75 72 6e 2d 31 3d 3d 63 |f(a);return-1==c|
|00000cc0| 3f 5c 22 5c 22 3a 62 2e 73 75 62 73 74 72 69 6e |?\"\":b.substrin|
|00000cd0| 67 28 63 2b 61 2e 6c 65 6e 67 74 68 29 7d 2c 32 |g(c+a.length)},2|
|00000ce0| 29 3b 5c 6e 51 28 5c 22 73 75 62 73 74 72 69 6e |);\nQ(\"substrin|
|00000cf0| 67 2d 62 65 66 6f 72 65 5c 22 2c 33 2c 21 31 2c |g-before\",3,!1,|
|00000d00| 21 31 2c 66 75 6e 63 74 69 6f 6e 28 61 2c 62 2c |!1,function(a,b,|
|00000d10| 63 29 7b 62 3d 4f 28 62 2c 61 29 3b 61 3d 4f 28 |c){b=O(b,a);a=O(|
|00000d20| 63 2c 61 29 3b 61 3d 62 2e 69 6e 64 65 78 4f 66 |c,a);a=b.indexOf|
|00000d30| 28 61 29 3b 72 65 74 75 72 6e 2d 31 3d 3d 61 3f |(a);return-1==a?|
|00000d40| 5c 22 5c 22 3a 62 2e 73 75 62 73 74 72 69 6e 67 |\"\":b.substring|
|00000d50| 28 30 2c 61 29 7d 2c 32 29 3b 51 28 5c 22 73 75 |(0,a)},2);Q(\"su|
|00000d60| 6d 5c 22 2c 31 2c 21 31 2c 21 31 2c 66 75 6e 63 |m\",1,!1,!1,func|
|00000d70| 74 69 6f 6e 28 61 2c 62 29 7b 61 3d 48 28 62 2e |tion(a,b){a=H(b.|
|00000d80| 61 28 61 29 29 3b 62 3d 30 3b 66 6f 72 28 76 61 |a(a));b=0;for(va|
|00000d90| 72 20 63 3d 49 28 61 29 3b 63 3b 63 3d 49 28 61 |r c=I(a);c;c=I(a|
|00000da0| 29 29 62 2b 3d 2b 42 28 63 29 3b 72 65 74 75 72 |))b+=+B(c);retur|
|00000db0| 6e 20 62 7d 2c 31 2c 31 2c 21 30 29 3b 51 28 5c |n b},1,1,!0);Q(\|
|00000dc0| 22 74 72 61 6e 73 6c 61 74 65 5c 22 2c 33 2c 21 |"translate\",3,!|
|00000dd0| 31 2c 21 31 2c 66 75 6e 63 74 69 6f 6e 28 61 2c |1,!1,function(a,|
|00000de0| 62 2c 63 2c 64 29 7b 62 3d 4f 28 62 2c 61 29 3b |b,c,d){b=O(b,a);|
|00000df0| 63 3d 4f 28 63 2c 61 29 3b 76 61 72 20 65 3d 4f |c=O(c,a);var e=O|
|00000e00| 28 64 2c 61 29 3b 61 3d 7b 7d 3b 66 6f 72 28 64 |(d,a);a={};for(d|
|00000e10| 3d 30 3b 64 5c 75 30 30 33 63 63 2e 6c 65 6e 67 |=0;d\u003cc.leng|
|00000e20| 74 68 3b 64 2b 2b 29 7b 76 61 72 20 66 3d 63 2e |th;d++){var f=c.|
|00000e30| 63 68 61 72 41 74 28 64 29 3b 66 20 69 6e 20 61 |charAt(d);f in a|
|00000e40| 7c 7c 28 61 5b 66 5d 3d 65 2e 63 68 61 72 41 74 |||(a[f]=e.charAt|
|00000e50| 28 64 29 29 7d 63 3d 5c 22 5c 22 3b 66 6f 72 28 |(d))}c=\"\";for(|
|00000e60| 64 3d 30 3b 64 5c 75 30 30 33 63 62 2e 6c 65 6e |d=0;d\u003cb.len|
|00000e70| 67 74 68 3b 64 2b 2b 29 66 3d 62 2e 63 68 61 72 |gth;d++)f=b.char|
|00000e80| 41 74 28 64 29 2c 63 2b 3d 66 20 69 6e 20 61 3f |At(d),c+=f in a?|
|00000e90| 61 5b 66 5d 3a 66 3b 72 65 74 75 72 6e 20 63 7d |a[f]:f;return c}|
|00000ea0| 2c 33 29 3b 51 28 5c 22 74 72 75 65 5c 22 2c 32 |,3);Q(\"true\",2|
|00000eb0| 2c 21 31 2c 21 31 2c 66 75 6e 63 74 69 6f 6e 28 |,!1,!1,function(|
|00000ec0| 29 7b 72 65 74 75 72 6e 21 30 7d 2c 30 29 3b 66 |){return!0},0);f|
|00000ed0| 75 6e 63 74 69 6f 6e 20 47 28 61 2c 62 29 7b 74 |unction G(a,b){t|
|00000ee0| 68 69 73 2e 68 3d 61 3b 74 68 69 73 2e 63 3d 76 |his.h=a;this.c=v|
|00000ef0| 6f 69 64 20 30 21 3d 3d 62 3f 62 3a 6e 75 6c 6c |oid 0!==b?b:null|
|00000f00| 3b 74 68 69 73 2e 62 3d 6e 75 6c 6c 3b 73 77 69 |;this.b=null;swi|
|00000f10| 74 63 68 28 61 29 7b 63 61 73 65 20 5c 22 63 6f |tch(a){case \"co|
|00000f20| 6d 6d 65 6e 74 5c 22 3a 74 68 69 73 2e 62 3d 38 |mment\":this.b=8|
|00000f30| 3b 62 72 65 61 6b 3b 63 61 73 65 20 5c 22 74 65 |;break;case \"te|
|00000f40| 78 74 5c 22 3a 74 68 69 73 2e 62 3d 33 3b 62 72 |xt\":this.b=3;br|
|00000f50| 65 61 6b 3b 63 61 73 65 20 5c 22 70 72 6f 63 65 |eak;case \"proce|
|00000f60| 73 73 69 6e 67 2d 69 6e 73 74 72 75 63 74 69 6f |ssing-instructio|
|00000f70| 6e 5c 22 3a 74 68 69 73 2e 62 3d 37 3b 62 72 65 |n\":this.b=7;bre|
|00000f80| 61 6b 3b 63 61 73 65 20 5c 22 6e 6f 64 65 5c 22 |ak;case \"node\"|
|00000f90| 3a 62 72 65 61 6b 3b 64 65 66 61 75 6c 74 3a 74 |:break;default:t|
|00000fa0| 68 72 6f 77 20 45 72 72 6f 72 28 5c 22 55 6e 65 |hrow Error(\"Une|
|00000fb0| 78 70 65 63 74 65 64 20 61 72 67 75 6d 65 6e 74 |xpected argument|
|00000fc0| 5c 22 29 3b 7d 7d 66 75 6e 63 74 69 6f 6e 20 43 |\");}}function C|
|00000fd0| 62 28 61 29 7b 72 65 74 75 72 6e 5c 22 63 6f 6d |b(a){return\"com|
|00000fe0| 6d 65 6e 74 5c 22 3d 3d 61 7c 7c 5c 22 74 65 78 |ment\"==a||\"tex|
|00000ff0| 74 5c 22 3d 3d 61 7c 7c 5c 22 70 72 6f 63 65 73 |t\"==a||\"proces|
|00001000| 73 69 6e 67 2d 69 6e 73 74 72 75 63 74 69 6f 6e |sing-instruction|
|00001010| 5c 22 3d 3d 61 7c 7c 5c 22 6e 6f 64 65 5c 22 3d |\"==a||\"node\"=|
|00001020| 3d 61 7d 47 2e 70 72 6f 74 6f 74 79 70 65 2e 61 |=a}G.prototype.a|
|00001030| 3d 66 75 6e 63 74 69 6f 6e 28 61 29 7b 72 65 74 |=function(a){ret|
|00001040| 75 72 6e 20 6e 75 6c 6c 3d 3d 3d 74 68 69 73 2e |urn null===this.|
|00001050| 62 7c 7c 74 68 69 73 2e 62 3d 3d 61 2e 6e 6f 64 |b||this.b==a.nod|
|00001060| 65 54 79 70 65 7d 3b 47 2e 70 72 6f 74 6f 74 79 |eType};G.prototy|
|00001070| 70 65 2e 66 3d 66 75 6e 63 74 69 6f 6e 28 29 7b |pe.f=function(){|
|00001080| 72 65 74 75 72 6e 20 74 68 69 73 2e 68 7d 3b 5c |return this.h};\|
|00001090| 6e 47 2e 70 72 6f 74 6f 74 79 70 65 2e 74 6f 53 |nG.prototype.toS|
|000010a0| 74 72 69 6e 67 3d 66 75 6e 63 74 69 6f 6e 28 29 |tring=function()|
|000010b0| 7b 76 61 72 20 61 3d 5c 22 4b 69 6e 64 20 54 65 |{var a=\"Kind Te|
|000010c0| 73 74 3a 20 5c 22 2b 74 68 69 73 2e 68 3b 6e 75 |st: \"+this.h;nu|
|000010d0| 6c 6c 3d 3d 3d 74 68 69 73 2e 63 7c 7c 28 61 2b |ll===this.c||(a+|
|000010e0| 3d 4b 28 74 68 69 73 2e 63 29 29 3b 72 65 74 75 |=K(this.c));retu|
|000010f0| 72 6e 20 61 7d 3b 66 75 6e 63 74 69 6f 6e 20 44 |rn a};function D|
|00001100| 62 28 61 29 7b 4a 2e 63 61 6c 6c 28 74 68 69 73 |b(a){J.call(this|
|00001110| 2c 33 29 3b 74 68 69 73 2e 63 3d 61 2e 73 75 62 |,3);this.c=a.sub|
|00001120| 73 74 72 69 6e 67 28 31 2c 61 2e 6c 65 6e 67 74 |string(1,a.lengt|
|00001130| 68 2d 31 29 7d 6c 28 44 62 2c 4a 29 3b 44 62 2e |h-1)}l(Db,J);Db.|
|00001140| 70 72 6f 74 6f 74 79 70 65 2e 61 3d 66 75 6e 63 |prototype.a=func|
|00001150| 74 69 6f 6e 28 29 7b 72 65 74 75 72 6e 20 74 68 |tion(){return th|
|00001160| 69 73 2e 63 7d 3b 44 62 2e 70 72 6f 74 6f 74 79 |is.c};Db.prototy|
|00001170| 70 65 2e 74 6f 53 74 72 69 6e 67 3d 66 75 6e 63 |pe.toString=func|
|00001180| 74 69 6f 6e 28 29 7b 72 65 74 75 72 6e 5c 22 4c |tion(){return\"L|
|00001190| 69 74 65 72 61 6c 3a 20 5c 22 2b 74 68 69 73 2e |iteral: \"+this.|
|000011a0| 63 7d 3b 66 75 6e 63 74 69 6f 6e 20 46 28 61 2c |c};function F(a,|
|000011b0| 62 29 7b 74 68 69 73 2e 6a 3d 61 2e 74 6f 4c 6f |b){this.j=a.toLo|
|000011c0| 77 65 72 43 61 73 65 28 29 3b 61 3d 5c 22 2a 5c |werCase();a=\"*\|
|000011d0| 22 3d 3d 74 68 69 73 2e 6a 3f 5c 22 2a 5c 22 3a |"==this.j?\"*\":|
|000011e0| 5c 22 68 74 74 70 3a 5c 75 30 30 32 66 5c 75 30 |\"http:\u002f\u0|
|000011f0| 30 32 66 77 77 77 2e 77 33 2e 6f 72 67 5c 75 30 |02fwww.w3.org\u0|
|00001200| 30 32 66 31 39 39 39 5c 75 30 30 32 66 78 68 74 |02f1999\u002fxht|
|00001210| 6d 6c 5c 22 3b 74 68 69 73 2e 63 3d 62 3f 62 2e |ml\";this.c=b?b.|
|00001220| 74 6f 4c 6f 77 65 72 43 61 73 65 28 29 3a 61 7d |toLowerCase():a}|
|00001230| 46 2e 70 72 6f 74 6f 74 79 70 65 2e 61 3d 66 75 |F.prototype.a=fu|
|00001240| 6e 63 74 69 6f 6e 28 61 29 7b 76 61 72 20 62 3d |nction(a){var b=|
|00001250| 61 2e 6e 6f 64 65 54 79 70 65 3b 69 66 28 31 21 |a.nodeType;if(1!|
|00001260| 3d 62 5c 75 30 30 32 36 5c 75 30 30 32 36 32 21 |=b\u0026\u00262!|
|00001270| 3d 62 29 72 65 74 75 72 6e 21 31 3b 62 3d 76 6f |=b)return!1;b=vo|
|00001280| 69 64 20 30 21 3d 3d 61 2e 6c 6f 63 61 6c 4e 61 |id 0!==a.localNa|
|00001290| 6d 65 3f 61 2e 6c 6f 63 61 6c 4e 61 6d 65 3a 61 |me?a.localName:a|
|000012a0| 2e 6e 6f 64 65 4e 61 6d 65 3b 72 65 74 75 72 6e |.nodeName;return|
|000012b0| 5c 22 2a 5c 22 21 3d 74 68 69 73 2e 6a 5c 75 30 |\"*\"!=this.j\u0|
|000012c0| 30 32 36 5c 75 30 30 32 36 74 68 69 73 2e 6a 21 |026\u0026this.j!|
|000012d0| 3d 62 2e 74 6f 4c 6f 77 65 72 43 61 73 65 28 29 |=b.toLowerCase()|
|000012e0| 3f 21 31 3a 5c 22 2a 5c 22 3d 3d 74 68 69 73 2e |?!1:\"*\"==this.|
|000012f0| 63 3f 21 30 3a 74 68 69 73 2e 63 3d 3d 28 61 2e |c?!0:this.c==(a.|
|00001300| 6e 61 6d 65 73 70 61 63 65 55 52 49 3f 61 2e 6e |namespaceURI?a.n|
|00001310| 61 6d 65 73 70 61 63 65 55 52 49 2e 74 6f 4c 6f |amespaceURI.toLo|
|00001320| 77 65 72 43 61 73 65 28 29 3a 5c 22 68 74 74 70 |werCase():\"http|
|00001330| 3a 5c 75 30 30 32 66 5c 75 30 30 32 66 77 77 77 |:\u002f\u002fwww|
|00001340| 2e 77 33 2e 6f 72 67 5c 75 30 30 32 66 31 39 39 |.w3.org\u002f199|
|00001350| 39 5c 75 30 30 32 66 78 68 74 6d 6c 5c 22 29 7d |9\u002fxhtml\")}|
|00001360| 3b 46 2e 70 72 6f 74 6f 74 79 70 65 2e 66 3d 66 |;F.prototype.f=f|
|00001370| 75 6e 63 74 69 6f 6e 28 29 7b 72 65 74 75 72 6e |unction(){return|
|00001380| 20 74 68 69 73 2e 6a 7d 3b 5c 6e 46 2e 70 72 6f | this.j};\nF.pro|
|00001390| 74 6f 74 79 70 65 2e 74 6f 53 74 72 69 6e 67 3d |totype.toString=|
|000013a0| 66 75 6e 63 74 69 6f 6e 28 29 7b 72 65 74 75 72 |function(){retur|
|000013b0| 6e 5c 22 4e 61 6d 65 20 54 65 73 74 3a 20 5c 22 |n\"Name Test: \"|
|000013c0| 2b 28 5c 22 68 74 74 70 3a 5c 75 30 30 32 66 5c |+(\"http:\u002f\|
|000013d0| 75 30 30 32 66 77 77 77 2e 77 33 2e 6f 72 67 5c |u002fwww.w3.org\|
|000013e0| 75 30 30 32 66 31 39 39 39 5c 75 30 30 32 66 78 |u002f1999\u002fx|
|000013f0| 68 74 6d 6c 5c 22 3d 3d 74 68 69 73 2e 63 3f 5c |html\"==this.c?\|
|00001400| 22 5c 22 3a 74 68 69 73 2e 63 2b 5c 22 3a 5c 22 |"\":this.c+\":\"|
|00001410| 29 2b 74 68 69 73 2e 6a 7d 3b 66 75 6e 63 74 69 |)+this.j};functi|
|00001420| 6f 6e 20 45 62 28 61 29 7b 4a 2e 63 61 6c 6c 28 |on Eb(a){J.call(|
|00001430| 74 68 69 73 2c 31 29 3b 74 68 69 73 2e 63 3d 61 |this,1);this.c=a|
|00001440| 7d 6c 28 45 62 2c 4a 29 3b 45 62 2e 70 72 6f 74 |}l(Eb,J);Eb.prot|
|00001450| 6f 74 79 70 65 2e 61 3d 66 75 6e 63 74 69 6f 6e |otype.a=function|
|00001460| 28 29 7b 72 65 74 75 72 6e 20 74 68 69 73 2e 63 |(){return this.c|
|00001470| 7d 3b 45 62 2e 70 72 6f 74 6f 74 79 70 65 2e 74 |};Eb.prototype.t|
|00001480| 6f 53 74 72 69 6e 67 3d 66 75 6e 63 74 69 6f 6e |oString=function|
|00001490| 28 29 7b 72 65 74 75 72 6e 5c 22 4e 75 6d 62 65 |(){return\"Numbe|
|000014a0| 72 3a 20 5c 22 2b 74 68 69 73 2e 63 7d 3b 66 75 |r: \"+this.c};fu|
|000014b0| 6e 63 74 69 6f 6e 20 46 62 28 61 2c 62 29 7b 4a |nction Fb(a,b){J|
|000014c0| 2e 63 61 6c 6c 28 74 68 69 73 2c 61 2e 69 29 3b |.call(this,a.i);|
|000014d0| 74 68 69 73 2e 68 3d 61 3b 74 68 69 73 2e 63 3d |this.h=a;this.c=|
|000014e0| 62 3b 74 68 69 73 2e 67 3d 61 2e 67 3b 74 68 69 |b;this.g=a.g;thi|
|000014f0| 73 2e 62 3d 61 2e 62 3b 31 3d 3d 74 68 69 73 2e |s.b=a.b;1==this.|
|00001500| 63 2e 6c 65 6e 67 74 68 5c 75 30 30 32 36 5c 75 |c.length\u0026\u|
|00001510| 30 30 32 36 28 61 3d 74 68 69 73 2e 63 5b 30 5d |0026(a=this.c[0]|
|00001520| 2c 61 2e 41 7c 7c 61 2e 63 21 3d 47 62 7c 7c 28 |,a.A||a.c!=Gb||(|
|00001530| 61 3d 61 2e 6f 2c 5c 22 2a 5c 22 21 3d 61 2e 66 |a=a.o,\"*\"!=a.f|
|00001540| 28 29 5c 75 30 30 32 36 5c 75 30 30 32 36 28 74 |()\u0026\u0026(t|
|00001550| 68 69 73 2e 66 3d 7b 6e 61 6d 65 3a 61 2e 66 28 |his.f={name:a.f(|
|00001560| 29 2c 75 3a 6e 75 6c 6c 7d 29 29 29 7d 6c 28 46 |),u:null})))}l(F|
|00001570| 62 2c 4a 29 3b 66 75 6e 63 74 69 6f 6e 20 48 62 |b,J);function Hb|
|00001580| 28 29 7b 4a 2e 63 61 6c 6c 28 74 68 69 73 2c 34 |(){J.call(this,4|
|00001590| 29 7d 6c 28 48 62 2c 4a 29 3b 48 62 2e 70 72 6f |)}l(Hb,J);Hb.pro|
|000015a0| 74 6f 74 79 70 65 2e 61 3d 66 75 6e 63 74 69 6f |totype.a=functio|
|000015b0| 6e 28 61 29 7b 76 61 72 20 62 3d 6e 65 77 20 45 |n(a){var b=new E|
|000015c0| 3b 61 3d 61 2e 61 3b 39 3d 3d 61 2e 6e 6f 64 65 |;a=a.a;9==a.node|
|000015d0| 54 79 70 65 3f 62 2e 61 64 64 28 61 29 3a 62 2e |Type?b.add(a):b.|
|000015e0| 61 64 64 28 61 2e 6f 77 6e 65 72 44 6f 63 75 6d |add(a.ownerDocum|
|000015f0| 65 6e 74 29 3b 72 65 74 75 72 6e 20 62 7d 3b 48 |ent);return b};H|
|00001600| 62 2e 70 72 6f 74 6f 74 79 70 65 2e 74 6f 53 74 |b.prototype.toSt|
|00001610| 72 69 6e 67 3d 66 75 6e 63 74 69 6f 6e 28 29 7b |ring=function(){|
|00001620| 72 65 74 75 72 6e 5c 22 52 6f 6f 74 20 48 65 6c |return\"Root Hel|
|00001630| 70 65 72 20 45 78 70 72 65 73 73 69 6f 6e 5c 22 |per Expression\"|
|00001640| 7d 3b 66 75 6e 63 74 69 6f 6e 20 49 62 28 29 7b |};function Ib(){|
|00001650| 4a 2e 63 61 6c 6c 28 74 68 69 73 2c 34 29 7d 6c |J.call(this,4)}l|
|00001660| 28 49 62 2c 4a 29 3b 49 62 2e 70 72 6f 74 6f 74 |(Ib,J);Ib.protot|
|00001670| 79 70 65 2e 61 3d 66 75 6e 63 74 69 6f 6e 28 61 |ype.a=function(a|
|00001680| 29 7b 76 61 72 20 62 3d 6e 65 77 20 45 3b 62 2e |){var b=new E;b.|
|00001690| 61 64 64 28 61 2e 61 29 3b 72 65 74 75 72 6e 20 |add(a.a);return |
|000016a0| 62 7d 3b 49 62 2e 70 72 6f 74 6f 74 79 70 65 2e |b};Ib.prototype.|
|000016b0| 74 6f 53 74 72 69 6e 67 3d 66 75 6e 63 74 69 6f |toString=functio|
|000016c0| 6e 28 29 7b 72 65 74 75 72 6e 5c 22 43 6f 6e 74 |n(){return\"Cont|
|000016d0| 65 78 74 20 48 65 6c 70 65 72 20 45 78 70 72 65 |ext Helper Expre|
|000016e0| 73 73 69 6f 6e 5c 22 7d 3b 5c 6e 66 75 6e 63 74 |ssion\"};\nfunct|
|000016f0| 69 6f 6e 20 4a 62 28 61 29 7b 72 65 74 75 72 6e |ion Jb(a){return|
|00001700| 5c 22 5c 75 30 30 32 66 5c 22 3d 3d 61 7c 7c 5c |\"\u002f\"==a||\|
|00001710| 22 5c 75 30 30 32 66 5c 75 30 30 32 66 5c 22 3d |"\u002f\u002f\"=|
|00001720| 3d 61 7d 46 62 2e 70 72 6f 74 6f 74 79 70 65 2e |=a}Fb.prototype.|
|00001730| 61 3d 66 75 6e 63 74 69 6f 6e 28 61 29 7b 76 61 |a=function(a){va|
|00001740| 72 20 62 3d 74 68 69 73 2e 68 2e 61 28 61 29 3b |r b=this.h.a(a);|
|00001750| 69 66 28 21 28 62 20 69 6e 73 74 61 6e 63 65 6f |if(!(b instanceo|
|00001760| 66 20 45 29 29 74 68 72 6f 77 20 45 72 72 6f 72 |f E))throw Error|
|00001770| 28 5c 22 46 69 6c 74 65 72 20 65 78 70 72 65 73 |(\"Filter expres|
|00001780| 73 69 6f 6e 20 6d 75 73 74 20 65 76 61 6c 75 61 |sion must evalua|
|00001790| 74 65 20 74 6f 20 6e 6f 64 65 73 65 74 2e 5c 22 |te to nodeset.\"|
|000017a0| 29 3b 61 3d 74 68 69 73 2e 63 3b 66 6f 72 28 76 |);a=this.c;for(v|
|000017b0| 61 72 20 63 3d 30 2c 64 3d 61 2e 6c 65 6e 67 74 |ar c=0,d=a.lengt|
|000017c0| 68 3b 63 5c 75 30 30 33 63 64 5c 75 30 30 32 36 |h;c\u003cd\u0026|
|000017d0| 5c 75 30 30 32 36 62 2e 6c 3b 63 2b 2b 29 7b 76 |\u0026b.l;c++){v|
|000017e0| 61 72 20 65 3d 61 5b 63 5d 2c 66 3d 48 28 62 2c |ar e=a[c],f=H(b,|
|000017f0| 65 2e 63 2e 73 29 3b 69 66 28 65 2e 67 7c 7c 65 |e.c.s);if(e.g||e|
|00001800| 2e 63 21 3d 4b 62 29 69 66 28 65 2e 67 7c 7c 65 |.c!=Kb)if(e.g||e|
|00001810| 2e 63 21 3d 4c 62 29 7b 76 61 72 20 67 3d 49 28 |.c!=Lb){var g=I(|
|00001820| 66 29 3b 66 6f 72 28 62 3d 65 2e 61 28 6e 65 77 |f);for(b=e.a(new|
|00001830| 20 69 61 28 67 29 29 3b 6e 75 6c 6c 21 3d 28 67 | ia(g));null!=(g|
|00001840| 3d 49 28 66 29 29 3b 29 67 3d 65 2e 61 28 6e 65 |=I(f));)g=e.a(ne|
|00001850| 77 20 69 61 28 67 29 29 2c 62 3d 6b 62 28 62 2c |w ia(g)),b=kb(b,|
|00001860| 67 29 7d 65 6c 73 65 20 67 3d 49 28 66 29 2c 62 |g)}else g=I(f),b|
|00001870| 3d 65 2e 61 28 6e 65 77 20 69 61 28 67 29 29 3b |=e.a(new ia(g));|
|00001880| 65 6c 73 65 7b 66 6f 72 28 67 3d 49 28 66 29 3b |else{for(g=I(f);|
|00001890| 28 62 3d 49 28 66 29 29 5c 75 30 30 32 36 5c 75 |(b=I(f))\u0026\u|
|000018a0| 30 30 32 36 28 21 67 2e 63 6f 6e 74 61 69 6e 73 |0026(!g.contains|
|000018b0| 7c 7c 67 2e 63 6f 6e 74 61 69 6e 73 28 62 29 29 |||g.contains(b))|
|000018c0| 5c 75 30 30 32 36 5c 75 30 30 32 36 62 2e 63 6f |\u0026\u0026b.co|
|000018d0| 6d 70 61 72 65 44 6f 63 75 6d 65 6e 74 50 6f 73 |mpareDocumentPos|
|000018e0| 69 74 69 6f 6e 28 67 29 5c 75 30 30 32 36 38 3b |ition(g)\u00268;|
|000018f0| 67 3d 62 29 3b 62 3d 65 2e 61 28 6e 65 77 20 69 |g=b);b=e.a(new i|
|00001900| 61 28 67 29 29 7d 7d 72 65 74 75 72 6e 20 62 7d |a(g))}}return b}|
|00001910| 3b 5c 6e 46 62 2e 70 72 6f 74 6f 74 79 70 65 2e |;\nFb.prototype.|
|00001920| 74 6f 53 74 72 69 6e 67 3d 66 75 6e 63 74 69 6f |toString=functio|
|00001930| 6e 28 29 7b 76 61 72 20 61 3d 5c 22 50 61 74 68 |n(){var a=\"Path|
|00001940| 20 45 78 70 72 65 73 73 69 6f 6e 3a 5c 22 2b 4b | Expression:\"+K|
|00001950| 28 74 68 69 73 2e 68 29 3b 69 66 28 74 68 69 73 |(this.h);if(this|
|00001960| 2e 63 2e 6c 65 6e 67 74 68 29 7b 76 61 72 20 62 |.c.length){var b|
|00001970| 3d 6c 61 28 74 68 69 73 2e 63 2c 66 75 6e 63 74 |=la(this.c,funct|
|00001980| 69 6f 6e 28 63 2c 64 29 7b 72 65 74 75 72 6e 20 |ion(c,d){return |
|00001990| 63 2b 4b 28 64 29 7d 2c 5c 22 53 74 65 70 73 3a |c+K(d)},\"Steps:|
|000019a0| 5c 22 29 3b 61 2b 3d 4b 28 62 29 7d 72 65 74 75 |\");a+=K(b)}retu|
|000019b0| 72 6e 20 61 7d 3b 66 75 6e 63 74 69 6f 6e 20 4d |rn a};function M|
|000019c0| 62 28 61 2c 62 29 7b 74 68 69 73 2e 61 3d 61 3b |b(a,b){this.a=a;|
|000019d0| 74 68 69 73 2e 73 3d 21 21 62 7d 5c 6e 66 75 6e |this.s=!!b}\nfun|
|000019e0| 63 74 69 6f 6e 20 79 62 28 61 2c 62 2c 63 29 7b |ction yb(a,b,c){|
|000019f0| 66 6f 72 28 63 3d 63 7c 7c 30 3b 63 5c 75 30 30 |for(c=c||0;c\u00|
|00001a00| 33 63 61 2e 61 2e 6c 65 6e 67 74 68 3b 63 2b 2b |3ca.a.length;c++|
|00001a10| 29 66 6f 72 28 76 61 72 20 64 3d 61 2e 61 5b 63 |)for(var d=a.a[c|
|00001a20| 5d 2c 65 3d 48 28 62 29 2c 66 3d 62 2e 6c 2c 67 |],e=H(b),f=b.l,g|
|00001a30| 2c 68 3d 30 3b 67 3d 49 28 65 29 3b 68 2b 2b 29 |,h=0;g=I(e);h++)|
|00001a40| 7b 76 61 72 20 6d 3d 61 2e 73 3f 66 2d 68 3a 68 |{var m=a.s?f-h:h|
|00001a50| 2b 31 3b 67 3d 64 2e 61 28 6e 65 77 20 69 61 28 |+1;g=d.a(new ia(|
|00001a60| 67 2c 6d 2c 66 29 29 3b 69 66 28 5c 22 6e 75 6d |g,m,f));if(\"num|
|00001a70| 62 65 72 5c 22 3d 3d 74 79 70 65 6f 66 20 67 29 |ber\"==typeof g)|
|00001a80| 6d 3d 6d 3d 3d 67 3b 65 6c 73 65 20 69 66 28 5c |m=m==g;else if(\|
|00001a90| 22 73 74 72 69 6e 67 5c 22 3d 3d 74 79 70 65 6f |"string\"==typeo|
|00001aa0| 66 20 67 7c 7c 5c 22 62 6f 6f 6c 65 61 6e 5c 22 |f g||\"boolean\"|
|00001ab0| 3d 3d 74 79 70 65 6f 66 20 67 29 6d 3d 21 21 67 |==typeof g)m=!!g|
|00001ac0| 3b 65 6c 73 65 20 69 66 28 67 20 69 6e 73 74 61 |;else if(g insta|
|00001ad0| 6e 63 65 6f 66 20 45 29 6d 3d 30 5c 75 30 30 33 |nceof E)m=0\u003|
|00001ae0| 63 67 2e 6c 3b 65 6c 73 65 20 74 68 72 6f 77 20 |cg.l;else throw |
|00001af0| 45 72 72 6f 72 28 5c 22 50 72 65 64 69 63 61 74 |Error(\"Predicat|
|00001b00| 65 2e 65 76 61 6c 75 61 74 65 20 72 65 74 75 72 |e.evaluate retur|
|00001b10| 6e 65 64 20 61 6e 20 75 6e 65 78 70 65 63 74 65 |ned an unexpecte|
|00001b20| 64 20 74 79 70 65 2e 5c 22 29 3b 69 66 28 21 6d |d type.\");if(!m|
|00001b30| 29 7b 6d 3d 65 3b 67 3d 6d 2e 66 3b 76 61 72 20 |){m=e;g=m.f;var |
|00001b40| 77 3d 6d 2e 61 3b 69 66 28 21 77 29 74 68 72 6f |w=m.a;if(!w)thro|
|00001b50| 77 20 45 72 72 6f 72 28 5c 22 4e 65 78 74 20 6d |w Error(\"Next m|
|00001b60| 75 73 74 20 62 65 20 63 61 6c 6c 65 64 20 61 74 |ust be called at|
|00001b70| 20 6c 65 61 73 74 20 6f 6e 63 65 20 62 65 66 6f | least once befo|
|00001b80| 72 65 20 72 65 6d 6f 76 65 2e 5c 22 29 3b 76 61 |re remove.\");va|
|00001b90| 72 20 72 3d 77 2e 62 3b 77 3d 77 2e 61 3b 72 3f |r r=w.b;w=w.a;r?|
|00001ba0| 72 2e 61 3d 77 3a 67 2e 61 3d 77 3b 77 3f 77 2e |r.a=w:g.a=w;w?w.|
|00001bb0| 62 3d 72 3a 67 2e 62 3d 72 3b 67 2e 6c 2d 2d 3b |b=r:g.b=r;g.l--;|
|00001bc0| 6d 2e 61 3d 6e 75 6c 6c 7d 7d 72 65 74 75 72 6e |m.a=null}}return|
|00001bd0| 20 62 7d 5c 6e 4d 62 2e 70 72 6f 74 6f 74 79 70 | b}\nMb.prototyp|
|00001be0| 65 2e 74 6f 53 74 72 69 6e 67 3d 66 75 6e 63 74 |e.toString=funct|
|00001bf0| 69 6f 6e 28 29 7b 72 65 74 75 72 6e 20 6c 61 28 |ion(){return la(|
|00001c00| 74 68 69 73 2e 61 2c 66 75 6e 63 74 69 6f 6e 28 |this.a,function(|
|00001c10| 61 2c 62 29 7b 72 65 74 75 72 6e 20 61 2b 4b 28 |a,b){return a+K(|
|00001c20| 62 29 7d 2c 5c 22 50 72 65 64 69 63 61 74 65 73 |b)},\"Predicates|
|00001c30| 3a 5c 22 29 7d 3b 66 75 6e 63 74 69 6f 6e 20 52 |:\")};function R|
|00001c40| 28 61 2c 62 2c 63 2c 64 29 7b 4a 2e 63 61 6c 6c |(a,b,c,d){J.call|
|00001c50| 28 74 68 69 73 2c 34 29 3b 74 68 69 73 2e 63 3d |(this,4);this.c=|
|00001c60| 61 3b 74 68 69 73 2e 6f 3d 62 3b 74 68 69 73 2e |a;this.o=b;this.|
|00001c70| 68 3d 63 7c 7c 6e 65 77 20 4d 62 28 5b 5d 29 3b |h=c||new Mb([]);|
|00001c80| 74 68 69 73 2e 41 3d 21 21 64 3b 62 3d 74 68 69 |this.A=!!d;b=thi|
|00001c90| 73 2e 68 3b 62 3d 30 5c 75 30 30 33 63 62 2e 61 |s.h;b=0\u003cb.a|
|00001ca0| 2e 6c 65 6e 67 74 68 3f 62 2e 61 5b 30 5d 2e 66 |.length?b.a[0].f|
|00001cb0| 3a 6e 75 6c 6c 3b 61 2e 4a 5c 75 30 30 32 36 5c |:null;a.J\u0026\|
|00001cc0| 75 30 30 32 36 62 5c 75 30 30 32 36 5c 75 30 30 |u0026b\u0026\u00|
|00001cd0| 32 36 28 61 3d 62 2e 6e 61 6d 65 2c 61 3d 78 3f |26(a=b.name,a=x?|
|00001ce0| 61 2e 74 6f 4c 6f 77 65 72 43 61 73 65 28 29 3a |a.toLowerCase():|
|00001cf0| 61 2c 74 68 69 73 2e 66 3d 7b 6e 61 6d 65 3a 61 |a,this.f={name:a|
|00001d00| 2c 75 3a 62 2e 75 7d 29 3b 61 3a 7b 61 3d 74 68 |,u:b.u});a:{a=th|
|00001d10| 69 73 2e 68 3b 66 6f 72 28 62 3d 30 3b 62 5c 75 |is.h;for(b=0;b\u|
|00001d20| 30 30 33 63 61 2e 61 2e 6c 65 6e 67 74 68 3b 62 |003ca.a.length;b|
|00001d30| 2b 2b 29 69 66 28 63 3d 61 2e 61 5b 62 5d 2c 63 |++)if(c=a.a[b],c|
|00001d40| 2e 67 7c 7c 31 3d 3d 63 2e 69 7c 7c 30 3d 3d 63 |.g||1==c.i||0==c|
|00001d50| 2e 69 29 7b 61 3d 21 30 3b 62 72 65 61 6b 20 61 |.i){a=!0;break a|
|00001d60| 7d 61 3d 21 31 7d 74 68 69 73 2e 67 3d 61 7d 6c |}a=!1}this.g=a}l|
|00001d70| 28 52 2c 4a 29 3b 5c 6e 52 2e 70 72 6f 74 6f 74 |(R,J);\nR.protot|
|00001d80| 79 70 65 2e 61 3d 66 75 6e 63 74 69 6f 6e 28 61 |ype.a=function(a|
|00001d90| 29 7b 76 61 72 20 62 3d 61 2e 61 2c 63 3d 74 68 |){var b=a.a,c=th|
|00001da0| 69 73 2e 66 2c 64 3d 6e 75 6c 6c 2c 65 3d 6e 75 |is.f,d=null,e=nu|
|00001db0| 6c 6c 2c 66 3d 30 3b 63 5c 75 30 30 32 36 5c 75 |ll,f=0;c\u0026\u|
|00001dc0| 30 30 32 36 28 64 3d 63 2e 6e 61 6d 65 2c 65 3d |0026(d=c.name,e=|
|00001dd0| 63 2e 75 3f 4f 28 63 2e 75 2c 61 29 3a 6e 75 6c |c.u?O(c.u,a):nul|
|00001de0| 6c 2c 66 3d 31 29 3b 69 66 28 74 68 69 73 2e 41 |l,f=1);if(this.A|
|00001df0| 29 69 66 28 74 68 69 73 2e 67 7c 7c 74 68 69 73 |)if(this.g||this|
|00001e00| 2e 63 21 3d 4e 62 29 69 66 28 62 3d 48 28 28 6e |.c!=Nb)if(b=H((n|
|00001e10| 65 77 20 52 28 4f 62 2c 6e 65 77 20 47 28 5c 22 |ew R(Ob,new G(\"|
|00001e20| 6e 6f 64 65 5c 22 29 29 29 2e 61 28 61 29 29 2c |node\"))).a(a)),|
|00001e30| 63 3d 49 28 62 29 29 66 6f 72 28 61 3d 74 68 69 |c=I(b))for(a=thi|
|00001e40| 73 2e 6d 28 63 2c 64 2c 65 2c 66 29 3b 6e 75 6c |s.m(c,d,e,f);nul|
|00001e50| 6c 21 3d 28 63 3d 49 28 62 29 29 3b 29 61 3d 6b |l!=(c=I(b));)a=k|
|00001e60| 62 28 61 2c 74 68 69 73 2e 6d 28 63 2c 64 2c 65 |b(a,this.m(c,d,e|
|00001e70| 2c 66 29 29 3b 65 6c 73 65 20 61 3d 6e 65 77 20 |,f));else a=new |
|00001e80| 45 3b 65 6c 73 65 20 61 3d 62 62 28 74 68 69 73 |E;else a=bb(this|
|00001e90| 2e 6f 2c 62 2c 64 2c 65 29 2c 61 3d 79 62 28 74 |.o,b,d,e),a=yb(t|
|00001ea0| 68 69 73 2e 68 2c 61 2c 66 29 3b 65 6c 73 65 20 |his.h,a,f);else |
|00001eb0| 61 3d 74 68 69 73 2e 6d 28 61 2e 61 2c 64 2c 65 |a=this.m(a.a,d,e|
|00001ec0| 2c 66 29 3b 72 65 74 75 72 6e 20 61 7d 3b 52 2e |,f);return a};R.|
|00001ed0| 70 72 6f 74 6f 74 79 70 65 2e 6d 3d 66 75 6e 63 |prototype.m=func|
|00001ee0| 74 69 6f 6e 28 61 2c 62 2c 63 2c 64 29 7b 61 3d |tion(a,b,c,d){a=|
|00001ef0| 74 68 69 73 2e 63 2e 76 28 74 68 69 73 2e 6f 2c |this.c.v(this.o,|
|00001f00| 61 2c 62 2c 63 29 3b 72 65 74 75 72 6e 20 61 3d |a,b,c);return a=|
|00001f10| 79 62 28 74 68 69 73 2e 68 2c 61 2c 64 29 7d 3b |yb(this.h,a,d)};|
|00001f20| 5c 6e 52 2e 70 72 6f 74 6f 74 79 70 65 2e 74 6f |\nR.prototype.to|
|00001f30| 53 74 72 69 6e 67 3d 66 75 6e 63 74 69 6f 6e 28 |String=function(|
|00001f40| 29 7b 76 61 72 20 61 3d 5c 22 53 74 65 70 3a 5c |){var a=\"Step:\|
|00001f50| 22 2b 4b 28 5c 22 4f 70 65 72 61 74 6f 72 3a 20 |"+K(\"Operator: |
|00001f60| 5c 22 2b 28 74 68 69 73 2e 41 3f 5c 22 5c 75 30 |\"+(this.A?\"\u0|
|00001f70| 30 32 66 5c 75 30 30 32 66 5c 22 3a 5c 22 5c 75 |02f\u002f\":\"\u|
|00001f80| 30 30 32 66 5c 22 29 29 3b 74 68 69 73 2e 63 2e |002f\"));this.c.|
|00001f90| 6a 5c 75 30 30 32 36 5c 75 30 30 32 36 28 61 2b |j\u0026\u0026(a+|
|00001fa0| 3d 4b 28 5c 22 41 78 69 73 3a 20 5c 22 2b 74 68 |=K(\"Axis: \"+th|
|00001fb0| 69 73 2e 63 29 29 3b 61 2b 3d 4b 28 74 68 69 73 |is.c));a+=K(this|
|00001fc0| 2e 6f 29 3b 69 66 28 74 68 69 73 2e 68 2e 61 2e |.o);if(this.h.a.|
|00001fd0| 6c 65 6e 67 74 68 29 7b 76 61 72 20 62 3d 6c 61 |length){var b=la|
|00001fe0| 28 74 68 69 73 2e 68 2e 61 2c 66 75 6e 63 74 69 |(this.h.a,functi|
|00001ff0| 6f 6e 28 63 2c 64 29 7b 72 65 74 75 72 6e 20 63 |on(c,d){return c|
+--------+-------------------------------------------------+----------------+
14:13:03.612 [AsyncHttpClient-1-8] TRACE i.n.handler.logging.LoggingHandler - [id: 0xa6657862, L:/127.0.0.1:64395 - R:localhost/127.0.0.1:53550] FLUSH
14:13:03.614 [AsyncHttpClient-1-8] TRACE i.n.handler.logging.LoggingHandler - [id: 0xa6657862, L:/127.0.0.1:64395 - R:localhost/127.0.0.1:53550] WRITE: 8192B
         +-------------------------------------------------+
         |  0  1  2  3  4  5  6  7  8  9  a  b  c  d  e  f |
+--------+-------------------------------------------------+----------------+
|00000000| 2b 4b 28 64 29 7d 2c 5c 22 50 72 65 64 69 63 61 |+K(d)},\"Predica|
|00000010| 74 65 73 3a 5c 22 29 3b 61 2b 3d 4b 28 62 29 7d |tes:\");a+=K(b)}|
|00000020| 72 65 74 75 72 6e 20 61 7d 3b 66 75 6e 63 74 69 |return a};functi|
|00000030| 6f 6e 20 50 62 28 61 2c 62 2c 63 2c 64 29 7b 74 |on Pb(a,b,c,d){t|
|00000040| 68 69 73 2e 6a 3d 61 3b 74 68 69 73 2e 76 3d 62 |his.j=a;this.v=b|
|00000050| 3b 74 68 69 73 2e 73 3d 63 3b 74 68 69 73 2e 4a |;this.s=c;this.J|
|00000060| 3d 64 7d 50 62 2e 70 72 6f 74 6f 74 79 70 65 2e |=d}Pb.prototype.|
|00000070| 74 6f 53 74 72 69 6e 67 3d 66 75 6e 63 74 69 6f |toString=functio|
|00000080| 6e 28 29 7b 72 65 74 75 72 6e 20 74 68 69 73 2e |n(){return this.|
|00000090| 6a 7d 3b 76 61 72 20 51 62 3d 7b 7d 3b 66 75 6e |j};var Qb={};fun|
|000000a0| 63 74 69 6f 6e 20 53 28 61 2c 62 2c 63 2c 64 29 |ction S(a,b,c,d)|
|000000b0| 7b 69 66 28 51 62 2e 68 61 73 4f 77 6e 50 72 6f |{if(Qb.hasOwnPro|
|000000c0| 70 65 72 74 79 28 61 29 29 74 68 72 6f 77 20 45 |perty(a))throw E|
|000000d0| 72 72 6f 72 28 5c 22 41 78 69 73 20 61 6c 72 65 |rror(\"Axis alre|
|000000e0| 61 64 79 20 63 72 65 61 74 65 64 3a 20 5c 22 2b |ady created: \"+|
|000000f0| 61 29 3b 62 3d 6e 65 77 20 50 62 28 61 2c 62 2c |a);b=new Pb(a,b,|
|00000100| 63 2c 21 21 64 29 3b 72 65 74 75 72 6e 20 51 62 |c,!!d);return Qb|
|00000110| 5b 61 5d 3d 62 7d 5c 6e 53 28 5c 22 61 6e 63 65 |[a]=b}\nS(\"ance|
|00000120| 73 74 6f 72 5c 22 2c 66 75 6e 63 74 69 6f 6e 28 |stor\",function(|
|00000130| 61 2c 62 29 7b 66 6f 72 28 76 61 72 20 63 3d 6e |a,b){for(var c=n|
|00000140| 65 77 20 45 3b 62 3d 62 2e 70 61 72 65 6e 74 4e |ew E;b=b.parentN|
|00000150| 6f 64 65 3b 29 61 2e 61 28 62 29 5c 75 30 30 32 |ode;)a.a(b)\u002|
|00000160| 36 5c 75 30 30 32 36 6c 62 28 63 2c 62 29 3b 72 |6\u0026lb(c,b);r|
|00000170| 65 74 75 72 6e 20 63 7d 2c 21 30 29 3b 53 28 5c |eturn c},!0);S(\|
|00000180| 22 61 6e 63 65 73 74 6f 72 2d 6f 72 2d 73 65 6c |"ancestor-or-sel|
|00000190| 66 5c 22 2c 66 75 6e 63 74 69 6f 6e 28 61 2c 62 |f\",function(a,b|
|000001a0| 29 7b 76 61 72 20 63 3d 6e 65 77 20 45 3b 64 6f |){var c=new E;do|
|000001b0| 20 61 2e 61 28 62 29 5c 75 30 30 32 36 5c 75 30 | a.a(b)\u0026\u0|
|000001c0| 30 32 36 6c 62 28 63 2c 62 29 3b 77 68 69 6c 65 |026lb(c,b);while|
|000001d0| 28 62 3d 62 2e 70 61 72 65 6e 74 4e 6f 64 65 29 |(b=b.parentNode)|
|000001e0| 3b 72 65 74 75 72 6e 20 63 7d 2c 21 30 29 3b 5c |;return c},!0);\|
|000001f0| 6e 76 61 72 20 47 62 3d 53 28 5c 22 61 74 74 72 |nvar Gb=S(\"attr|
|00000200| 69 62 75 74 65 5c 22 2c 66 75 6e 63 74 69 6f 6e |ibute\",function|
|00000210| 28 61 2c 62 29 7b 76 61 72 20 63 3d 6e 65 77 20 |(a,b){var c=new |
|00000220| 45 2c 64 3d 61 2e 66 28 29 3b 69 66 28 5c 22 73 |E,d=a.f();if(\"s|
|00000230| 74 79 6c 65 5c 22 3d 3d 64 5c 75 30 30 32 36 5c |tyle\"==d\u0026\|
|00000240| 75 30 30 32 36 78 5c 75 30 30 32 36 5c 75 30 30 |u0026x\u0026\u00|
|00000250| 32 36 62 2e 73 74 79 6c 65 29 72 65 74 75 72 6e |26b.style)return|
|00000260| 20 63 2e 61 64 64 28 6e 65 77 20 4e 61 28 62 2e | c.add(new Na(b.|
|00000270| 73 74 79 6c 65 2c 62 2c 5c 22 73 74 79 6c 65 5c |style,b,\"style\|
|00000280| 22 2c 62 2e 73 74 79 6c 65 2e 63 73 73 54 65 78 |",b.style.cssTex|
|00000290| 74 29 29 2c 63 3b 76 61 72 20 65 3d 62 2e 61 74 |t)),c;var e=b.at|
|000002a0| 74 72 69 62 75 74 65 73 3b 69 66 28 65 29 69 66 |tributes;if(e)if|
|000002b0| 28 61 20 69 6e 73 74 61 6e 63 65 6f 66 20 47 5c |(a instanceof G\|
|000002c0| 75 30 30 32 36 5c 75 30 30 32 36 6e 75 6c 6c 3d |u0026\u0026null=|
|000002d0| 3d 3d 61 2e 62 7c 7c 5c 22 2a 5c 22 3d 3d 64 29 |==a.b||\"*\"==d)|
|000002e0| 66 6f 72 28 61 3d 30 3b 64 3d 65 5b 61 5d 3b 61 |for(a=0;d=e[a];a|
|000002f0| 2b 2b 29 78 3f 64 2e 6e 6f 64 65 56 61 6c 75 65 |++)x?d.nodeValue|
|00000300| 5c 75 30 30 32 36 5c 75 30 30 32 36 63 2e 61 64 |\u0026\u0026c.ad|
|00000310| 64 28 4f 61 28 62 2c 64 29 29 3a 63 2e 61 64 64 |d(Oa(b,d)):c.add|
|00000320| 28 64 29 3b 65 6c 73 65 28 64 3d 65 2e 67 65 74 |(d);else(d=e.get|
|00000330| 4e 61 6d 65 64 49 74 65 6d 28 64 29 29 5c 75 30 |NamedItem(d))\u0|
|00000340| 30 32 36 5c 75 30 30 32 36 28 78 3f 64 2e 6e 6f |026\u0026(x?d.no|
|00000350| 64 65 56 61 6c 75 65 5c 75 30 30 32 36 5c 75 30 |deValue\u0026\u0|
|00000360| 30 32 36 63 2e 61 64 64 28 4f 61 28 62 2c 64 29 |026c.add(Oa(b,d)|
|00000370| 29 3a 63 2e 61 64 64 28 64 29 29 3b 72 65 74 75 |):c.add(d));retu|
|00000380| 72 6e 20 63 7d 2c 21 31 29 2c 4e 62 3d 53 28 5c |rn c},!1),Nb=S(\|
|00000390| 22 63 68 69 6c 64 5c 22 2c 66 75 6e 63 74 69 6f |"child\",functio|
|000003a0| 6e 28 61 2c 62 2c 63 2c 64 2c 65 29 7b 72 65 74 |n(a,b,c,d,e){ret|
|000003b0| 75 72 6e 28 78 3f 68 62 3a 69 62 29 2e 63 61 6c |urn(x?hb:ib).cal|
|000003c0| 6c 28 6e 75 6c 6c 2c 61 2c 62 2c 61 61 28 63 29 |l(null,a,b,aa(c)|
|000003d0| 3f 63 3a 6e 75 6c 6c 2c 61 61 28 64 29 3f 64 3a |?c:null,aa(d)?d:|
|000003e0| 6e 75 6c 6c 2c 65 7c 7c 6e 65 77 20 45 29 7d 2c |null,e||new E)},|
|000003f0| 21 31 2c 21 30 29 3b 53 28 5c 22 64 65 73 63 65 |!1,!0);S(\"desce|
|00000400| 6e 64 61 6e 74 5c 22 2c 62 62 2c 21 31 2c 21 30 |ndant\",bb,!1,!0|
|00000410| 29 3b 5c 6e 76 61 72 20 4f 62 3d 53 28 5c 22 64 |);\nvar Ob=S(\"d|
|00000420| 65 73 63 65 6e 64 61 6e 74 2d 6f 72 2d 73 65 6c |escendant-or-sel|
|00000430| 66 5c 22 2c 66 75 6e 63 74 69 6f 6e 28 61 2c 62 |f\",function(a,b|
|00000440| 2c 63 2c 64 29 7b 76 61 72 20 65 3d 6e 65 77 20 |,c,d){var e=new |
|00000450| 45 3b 43 28 62 2c 63 2c 64 29 5c 75 30 30 32 36 |E;C(b,c,d)\u0026|
|00000460| 5c 75 30 30 32 36 61 2e 61 28 62 29 5c 75 30 30 |\u0026a.a(b)\u00|
|00000470| 32 36 5c 75 30 30 32 36 65 2e 61 64 64 28 62 29 |26\u0026e.add(b)|
|00000480| 3b 72 65 74 75 72 6e 20 62 62 28 61 2c 62 2c 63 |;return bb(a,b,c|
|00000490| 2c 64 2c 65 29 7d 2c 21 31 2c 21 30 29 2c 4b 62 |,d,e)},!1,!0),Kb|
|000004a0| 3d 53 28 5c 22 66 6f 6c 6c 6f 77 69 6e 67 5c 22 |=S(\"following\"|
|000004b0| 2c 66 75 6e 63 74 69 6f 6e 28 61 2c 62 2c 63 2c |,function(a,b,c,|
|000004c0| 64 29 7b 76 61 72 20 65 3d 6e 65 77 20 45 3b 64 |d){var e=new E;d|
|000004d0| 6f 20 66 6f 72 28 76 61 72 20 66 3d 62 3b 66 3d |o for(var f=b;f=|
|000004e0| 66 2e 6e 65 78 74 53 69 62 6c 69 6e 67 3b 29 43 |f.nextSibling;)C|
|000004f0| 28 66 2c 63 2c 64 29 5c 75 30 30 32 36 5c 75 30 |(f,c,d)\u0026\u0|
|00000500| 30 32 36 61 2e 61 28 66 29 5c 75 30 30 32 36 5c |026a.a(f)\u0026\|
|00000510| 75 30 30 32 36 65 2e 61 64 64 28 66 29 2c 65 3d |u0026e.add(f),e=|
|00000520| 62 62 28 61 2c 66 2c 63 2c 64 2c 65 29 3b 77 68 |bb(a,f,c,d,e);wh|
|00000530| 69 6c 65 28 62 3d 62 2e 70 61 72 65 6e 74 4e 6f |ile(b=b.parentNo|
|00000540| 64 65 29 3b 72 65 74 75 72 6e 20 65 7d 2c 21 31 |de);return e},!1|
|00000550| 2c 21 30 29 3b 53 28 5c 22 66 6f 6c 6c 6f 77 69 |,!0);S(\"followi|
|00000560| 6e 67 2d 73 69 62 6c 69 6e 67 5c 22 2c 66 75 6e |ng-sibling\",fun|
|00000570| 63 74 69 6f 6e 28 61 2c 62 29 7b 66 6f 72 28 76 |ction(a,b){for(v|
|00000580| 61 72 20 63 3d 6e 65 77 20 45 3b 62 3d 62 2e 6e |ar c=new E;b=b.n|
|00000590| 65 78 74 53 69 62 6c 69 6e 67 3b 29 61 2e 61 28 |extSibling;)a.a(|
|000005a0| 62 29 5c 75 30 30 32 36 5c 75 30 30 32 36 63 2e |b)\u0026\u0026c.|
|000005b0| 61 64 64 28 62 29 3b 72 65 74 75 72 6e 20 63 7d |add(b);return c}|
|000005c0| 2c 21 31 29 3b 53 28 5c 22 6e 61 6d 65 73 70 61 |,!1);S(\"namespa|
|000005d0| 63 65 5c 22 2c 66 75 6e 63 74 69 6f 6e 28 29 7b |ce\",function(){|
|000005e0| 72 65 74 75 72 6e 20 6e 65 77 20 45 7d 2c 21 31 |return new E},!1|
|000005f0| 29 3b 5c 6e 76 61 72 20 52 62 3d 53 28 5c 22 70 |);\nvar Rb=S(\"p|
|00000600| 61 72 65 6e 74 5c 22 2c 66 75 6e 63 74 69 6f 6e |arent\",function|
|00000610| 28 61 2c 62 29 7b 76 61 72 20 63 3d 6e 65 77 20 |(a,b){var c=new |
|00000620| 45 3b 69 66 28 39 3d 3d 62 2e 6e 6f 64 65 54 79 |E;if(9==b.nodeTy|
|00000630| 70 65 29 72 65 74 75 72 6e 20 63 3b 69 66 28 32 |pe)return c;if(2|
|00000640| 3d 3d 62 2e 6e 6f 64 65 54 79 70 65 29 72 65 74 |==b.nodeType)ret|
|00000650| 75 72 6e 20 63 2e 61 64 64 28 62 2e 6f 77 6e 65 |urn c.add(b.owne|
|00000660| 72 45 6c 65 6d 65 6e 74 29 2c 63 3b 62 3d 62 2e |rElement),c;b=b.|
|00000670| 70 61 72 65 6e 74 4e 6f 64 65 3b 61 2e 61 28 62 |parentNode;a.a(b|
|00000680| 29 5c 75 30 30 32 36 5c 75 30 30 32 36 63 2e 61 |)\u0026\u0026c.a|
|00000690| 64 64 28 62 29 3b 72 65 74 75 72 6e 20 63 7d 2c |dd(b);return c},|
|000006a0| 21 31 29 2c 4c 62 3d 53 28 5c 22 70 72 65 63 65 |!1),Lb=S(\"prece|
|000006b0| 64 69 6e 67 5c 22 2c 66 75 6e 63 74 69 6f 6e 28 |ding\",function(|
|000006c0| 61 2c 62 2c 63 2c 64 29 7b 76 61 72 20 65 3d 6e |a,b,c,d){var e=n|
|000006d0| 65 77 20 45 2c 66 3d 5b 5d 3b 64 6f 20 66 2e 75 |ew E,f=[];do f.u|
|000006e0| 6e 73 68 69 66 74 28 62 29 3b 77 68 69 6c 65 28 |nshift(b);while(|
|000006f0| 62 3d 62 2e 70 61 72 65 6e 74 4e 6f 64 65 29 3b |b=b.parentNode);|
|00000700| 66 6f 72 28 76 61 72 20 67 3d 31 2c 68 3d 66 2e |for(var g=1,h=f.|
|00000710| 6c 65 6e 67 74 68 3b 67 5c 75 30 30 33 63 68 3b |length;g\u003ch;|
|00000720| 67 2b 2b 29 7b 76 61 72 20 6d 3d 5b 5d 3b 66 6f |g++){var m=[];fo|
|00000730| 72 28 62 3d 66 5b 67 5d 3b 62 3d 62 2e 70 72 65 |r(b=f[g];b=b.pre|
|00000740| 76 69 6f 75 73 53 69 62 6c 69 6e 67 3b 29 6d 2e |viousSibling;)m.|
|00000750| 75 6e 73 68 69 66 74 28 62 29 3b 66 6f 72 28 76 |unshift(b);for(v|
|00000760| 61 72 20 77 3d 30 2c 72 3d 6d 2e 6c 65 6e 67 74 |ar w=0,r=m.lengt|
|00000770| 68 3b 77 5c 75 30 30 33 63 72 3b 77 2b 2b 29 62 |h;w\u003cr;w++)b|
|00000780| 3d 6d 5b 77 5d 2c 43 28 62 2c 63 2c 64 29 5c 75 |=m[w],C(b,c,d)\u|
|00000790| 30 30 32 36 5c 75 30 30 32 36 61 2e 61 28 62 29 |0026\u0026a.a(b)|
|000007a0| 5c 75 30 30 32 36 5c 75 30 30 32 36 65 2e 61 64 |\u0026\u0026e.ad|
|000007b0| 64 28 62 29 2c 65 3d 62 62 28 61 2c 62 2c 63 2c |d(b),e=bb(a,b,c,|
|000007c0| 64 2c 65 29 7d 72 65 74 75 72 6e 20 65 7d 2c 21 |d,e)}return e},!|
|000007d0| 30 2c 21 30 29 3b 5c 6e 53 28 5c 22 70 72 65 63 |0,!0);\nS(\"prec|
|000007e0| 65 64 69 6e 67 2d 73 69 62 6c 69 6e 67 5c 22 2c |eding-sibling\",|
|000007f0| 66 75 6e 63 74 69 6f 6e 28 61 2c 62 29 7b 66 6f |function(a,b){fo|
|00000800| 72 28 76 61 72 20 63 3d 6e 65 77 20 45 3b 62 3d |r(var c=new E;b=|
|00000810| 62 2e 70 72 65 76 69 6f 75 73 53 69 62 6c 69 6e |b.previousSiblin|
|00000820| 67 3b 29 61 2e 61 28 62 29 5c 75 30 30 32 36 5c |g;)a.a(b)\u0026\|
|00000830| 75 30 30 32 36 6c 62 28 63 2c 62 29 3b 72 65 74 |u0026lb(c,b);ret|
|00000840| 75 72 6e 20 63 7d 2c 21 30 29 3b 76 61 72 20 53 |urn c},!0);var S|
|00000850| 62 3d 53 28 5c 22 73 65 6c 66 5c 22 2c 66 75 6e |b=S(\"self\",fun|
|00000860| 63 74 69 6f 6e 28 61 2c 62 29 7b 76 61 72 20 63 |ction(a,b){var c|
|00000870| 3d 6e 65 77 20 45 3b 61 2e 61 28 62 29 5c 75 30 |=new E;a.a(b)\u0|
|00000880| 30 32 36 5c 75 30 30 32 36 63 2e 61 64 64 28 62 |026\u0026c.add(b|
|00000890| 29 3b 72 65 74 75 72 6e 20 63 7d 2c 21 31 29 3b |);return c},!1);|
|000008a0| 66 75 6e 63 74 69 6f 6e 20 54 62 28 61 29 7b 4a |function Tb(a){J|
|000008b0| 2e 63 61 6c 6c 28 74 68 69 73 2c 31 29 3b 74 68 |.call(this,1);th|
|000008c0| 69 73 2e 63 3d 61 3b 74 68 69 73 2e 67 3d 61 2e |is.c=a;this.g=a.|
|000008d0| 67 3b 74 68 69 73 2e 62 3d 61 2e 62 7d 6c 28 54 |g;this.b=a.b}l(T|
|000008e0| 62 2c 4a 29 3b 54 62 2e 70 72 6f 74 6f 74 79 70 |b,J);Tb.prototyp|
|000008f0| 65 2e 61 3d 66 75 6e 63 74 69 6f 6e 28 61 29 7b |e.a=function(a){|
|00000900| 72 65 74 75 72 6e 2d 4e 28 74 68 69 73 2e 63 2c |return-N(this.c,|
|00000910| 61 29 7d 3b 54 62 2e 70 72 6f 74 6f 74 79 70 65 |a)};Tb.prototype|
|00000920| 2e 74 6f 53 74 72 69 6e 67 3d 66 75 6e 63 74 69 |.toString=functi|
|00000930| 6f 6e 28 29 7b 72 65 74 75 72 6e 5c 22 55 6e 61 |on(){return\"Una|
|00000940| 72 79 20 45 78 70 72 65 73 73 69 6f 6e 3a 20 2d |ry Expression: -|
|00000950| 5c 22 2b 4b 28 74 68 69 73 2e 63 29 7d 3b 66 75 |\"+K(this.c)};fu|
|00000960| 6e 63 74 69 6f 6e 20 55 62 28 61 29 7b 4a 2e 63 |nction Ub(a){J.c|
|00000970| 61 6c 6c 28 74 68 69 73 2c 34 29 3b 74 68 69 73 |all(this,4);this|
|00000980| 2e 63 3d 61 3b 70 62 28 74 68 69 73 2c 6d 61 28 |.c=a;pb(this,ma(|
|00000990| 74 68 69 73 2e 63 2c 66 75 6e 63 74 69 6f 6e 28 |this.c,function(|
|000009a0| 62 29 7b 72 65 74 75 72 6e 20 62 2e 67 7d 29 29 |b){return b.g}))|
|000009b0| 3b 71 62 28 74 68 69 73 2c 6d 61 28 74 68 69 73 |;qb(this,ma(this|
|000009c0| 2e 63 2c 66 75 6e 63 74 69 6f 6e 28 62 29 7b 72 |.c,function(b){r|
|000009d0| 65 74 75 72 6e 20 62 2e 62 7d 29 29 7d 6c 28 55 |eturn b.b}))}l(U|
|000009e0| 62 2c 4a 29 3b 55 62 2e 70 72 6f 74 6f 74 79 70 |b,J);Ub.prototyp|
|000009f0| 65 2e 61 3d 66 75 6e 63 74 69 6f 6e 28 61 29 7b |e.a=function(a){|
|00000a00| 76 61 72 20 62 3d 6e 65 77 20 45 3b 6e 28 74 68 |var b=new E;n(th|
|00000a10| 69 73 2e 63 2c 66 75 6e 63 74 69 6f 6e 28 63 29 |is.c,function(c)|
|00000a20| 7b 63 3d 63 2e 61 28 61 29 3b 69 66 28 21 28 63 |{c=c.a(a);if(!(c|
|00000a30| 20 69 6e 73 74 61 6e 63 65 6f 66 20 45 29 29 74 | instanceof E))t|
|00000a40| 68 72 6f 77 20 45 72 72 6f 72 28 5c 22 50 61 74 |hrow Error(\"Pat|
|00000a50| 68 20 65 78 70 72 65 73 73 69 6f 6e 20 6d 75 73 |h expression mus|
|00000a60| 74 20 65 76 61 6c 75 61 74 65 20 74 6f 20 4e 6f |t evaluate to No|
|00000a70| 64 65 53 65 74 2e 5c 22 29 3b 62 3d 6b 62 28 62 |deSet.\");b=kb(b|
|00000a80| 2c 63 29 7d 29 3b 72 65 74 75 72 6e 20 62 7d 3b |,c)});return b};|
|00000a90| 55 62 2e 70 72 6f 74 6f 74 79 70 65 2e 74 6f 53 |Ub.prototype.toS|
|00000aa0| 74 72 69 6e 67 3d 66 75 6e 63 74 69 6f 6e 28 29 |tring=function()|
|00000ab0| 7b 72 65 74 75 72 6e 20 6c 61 28 74 68 69 73 2e |{return la(this.|
|00000ac0| 63 2c 66 75 6e 63 74 69 6f 6e 28 61 2c 62 29 7b |c,function(a,b){|
|00000ad0| 72 65 74 75 72 6e 20 61 2b 4b 28 62 29 7d 2c 5c |return a+K(b)},\|
|00000ae0| 22 55 6e 69 6f 6e 20 45 78 70 72 65 73 73 69 6f |"Union Expressio|
|00000af0| 6e 3a 5c 22 29 7d 3b 66 75 6e 63 74 69 6f 6e 20 |n:\")};function |
|00000b00| 56 62 28 61 2c 62 29 7b 74 68 69 73 2e 61 3d 61 |Vb(a,b){this.a=a|
|00000b10| 3b 74 68 69 73 2e 62 3d 62 7d 66 75 6e 63 74 69 |;this.b=b}functi|
|00000b20| 6f 6e 20 59 62 28 61 29 7b 66 6f 72 28 76 61 72 |on Yb(a){for(var|
|00000b30| 20 62 2c 63 3d 5b 5d 3b 3b 29 7b 54 28 61 2c 5c | b,c=[];;){T(a,\|
|00000b40| 22 4d 69 73 73 69 6e 67 20 72 69 67 68 74 20 68 |"Missing right h|
|00000b50| 61 6e 64 20 73 69 64 65 20 6f 66 20 62 69 6e 61 |and side of bina|
|00000b60| 72 79 20 65 78 70 72 65 73 73 69 6f 6e 2e 5c 22 |ry expression.\"|
|00000b70| 29 3b 62 3d 5a 62 28 61 29 3b 76 61 72 20 64 3d |);b=Zb(a);var d=|
|00000b80| 7a 28 61 2e 61 29 3b 69 66 28 21 64 29 62 72 65 |z(a.a);if(!d)bre|
|00000b90| 61 6b 3b 76 61 72 20 65 3d 28 64 3d 77 62 5b 64 |ak;var e=(d=wb[d|
|00000ba0| 5d 7c 7c 6e 75 6c 6c 29 5c 75 30 30 32 36 5c 75 |]||null)\u0026\u|
|00000bb0| 30 30 32 36 64 2e 44 3b 69 66 28 21 65 29 7b 61 |0026d.D;if(!e){a|
|00000bc0| 2e 61 2e 61 2d 2d 3b 62 72 65 61 6b 7d 66 6f 72 |.a.a--;break}for|
|00000bd0| 28 3b 63 2e 6c 65 6e 67 74 68 5c 75 30 30 32 36 |(;c.length\u0026|
|00000be0| 5c 75 30 30 32 36 65 5c 75 30 30 33 63 3d 63 5b |\u0026e\u003c=c[|
|00000bf0| 63 2e 6c 65 6e 67 74 68 2d 31 5d 2e 44 3b 29 62 |c.length-1].D;)b|
|00000c00| 3d 6e 65 77 20 73 62 28 63 2e 70 6f 70 28 29 2c |=new sb(c.pop(),|
|00000c10| 63 2e 70 6f 70 28 29 2c 62 29 3b 63 2e 70 75 73 |c.pop(),b);c.pus|
|00000c20| 68 28 62 2c 64 29 7d 66 6f 72 28 3b 63 2e 6c 65 |h(b,d)}for(;c.le|
|00000c30| 6e 67 74 68 3b 29 62 3d 6e 65 77 20 73 62 28 63 |ngth;)b=new sb(c|
|00000c40| 2e 70 6f 70 28 29 2c 63 2e 70 6f 70 28 29 2c 62 |.pop(),c.pop(),b|
|00000c50| 29 3b 72 65 74 75 72 6e 20 62 7d 66 75 6e 63 74 |);return b}funct|
|00000c60| 69 6f 6e 20 54 28 61 2c 62 29 7b 69 66 28 54 61 |ion T(a,b){if(Ta|
|00000c70| 28 61 2e 61 29 29 74 68 72 6f 77 20 45 72 72 6f |(a.a))throw Erro|
|00000c80| 72 28 62 29 3b 7d 66 75 6e 63 74 69 6f 6e 20 24 |r(b);}function $|
|00000c90| 62 28 61 2c 62 29 7b 61 3d 7a 28 61 2e 61 29 3b |b(a,b){a=z(a.a);|
|00000ca0| 69 66 28 61 21 3d 62 29 74 68 72 6f 77 20 45 72 |if(a!=b)throw Er|
|00000cb0| 72 6f 72 28 5c 22 42 61 64 20 74 6f 6b 65 6e 2c |ror(\"Bad token,|
|00000cc0| 20 65 78 70 65 63 74 65 64 3a 20 5c 22 2b 62 2b | expected: \"+b+|
|00000cd0| 5c 22 20 67 6f 74 3a 20 5c 22 2b 61 29 3b 7d 5c |\" got: \"+a);}\|
|00000ce0| 6e 66 75 6e 63 74 69 6f 6e 20 61 63 28 61 29 7b |nfunction ac(a){|
|00000cf0| 61 3d 7a 28 61 2e 61 29 3b 69 66 28 5c 22 29 5c |a=z(a.a);if(\")\|
|00000d00| 22 21 3d 61 29 74 68 72 6f 77 20 45 72 72 6f 72 |"!=a)throw Error|
|00000d10| 28 5c 22 42 61 64 20 74 6f 6b 65 6e 3a 20 5c 22 |(\"Bad token: \"|
|00000d20| 2b 61 29 3b 7d 66 75 6e 63 74 69 6f 6e 20 62 63 |+a);}function bc|
|00000d30| 28 61 29 7b 61 3d 7a 28 61 2e 61 29 3b 69 66 28 |(a){a=z(a.a);if(|
|00000d40| 32 3e 61 2e 6c 65 6e 67 74 68 29 74 68 72 6f 77 |2>a.length)throw|
|00000d50| 20 45 72 72 6f 72 28 5c 22 55 6e 63 6c 6f 73 65 | Error(\"Unclose|
|00000d60| 64 20 6c 69 74 65 72 61 6c 20 73 74 72 69 6e 67 |d literal string|
|00000d70| 5c 22 29 3b 72 65 74 75 72 6e 20 6e 65 77 20 44 |\");return new D|
|00000d80| 62 28 61 29 7d 5c 6e 66 75 6e 63 74 69 6f 6e 20 |b(a)}\nfunction |
|00000d90| 63 63 28 61 29 7b 76 61 72 20 62 3d 5b 5d 3b 69 |cc(a){var b=[];i|
|00000da0| 66 28 4a 62 28 79 28 61 2e 61 29 29 29 7b 76 61 |f(Jb(y(a.a))){va|
|00000db0| 72 20 63 3d 7a 28 61 2e 61 29 3b 76 61 72 20 64 |r c=z(a.a);var d|
|00000dc0| 3d 79 28 61 2e 61 29 3b 69 66 28 5c 22 5c 75 30 |=y(a.a);if(\"\u0|
|00000dd0| 30 32 66 5c 22 3d 3d 63 5c 75 30 30 32 36 5c 75 |02f\"==c\u0026\u|
|00000de0| 30 30 32 36 28 54 61 28 61 2e 61 29 7c 7c 5c 22 |0026(Ta(a.a)||\"|
|00000df0| 2e 5c 22 21 3d 64 5c 75 30 30 32 36 5c 75 30 30 |.\"!=d\u0026\u00|
|00000e00| 32 36 5c 22 2e 2e 5c 22 21 3d 64 5c 75 30 30 32 |26\"..\"!=d\u002|
|00000e10| 36 5c 75 30 30 32 36 5c 22 40 5c 22 21 3d 64 5c |6\u0026\"@\"!=d\|
|00000e20| 75 30 30 32 36 5c 75 30 30 32 36 5c 22 2a 5c 22 |u0026\u0026\"*\"|
|00000e30| 21 3d 64 5c 75 30 30 32 36 5c 75 30 30 32 36 21 |!=d\u0026\u0026!|
|00000e40| 5c 75 30 30 32 66 28 3f 21 5b 30 2d 39 5d 29 5b |\u002f(?![0-9])[|
|00000e50| 5c 5c 77 5d 5c 75 30 30 32 66 2e 74 65 73 74 28 |\\w]\u002f.test(|
|00000e60| 64 29 29 29 72 65 74 75 72 6e 20 6e 65 77 20 48 |d)))return new H|
|00000e70| 62 3b 64 3d 6e 65 77 20 48 62 3b 54 28 61 2c 5c |b;d=new Hb;T(a,\|
|00000e80| 22 4d 69 73 73 69 6e 67 20 6e 65 78 74 20 6c 6f |"Missing next lo|
|00000e90| 63 61 74 69 6f 6e 20 73 74 65 70 2e 5c 22 29 3b |cation step.\");|
|00000ea0| 63 3d 64 63 28 61 2c 63 29 3b 62 2e 70 75 73 68 |c=dc(a,c);b.push|
|00000eb0| 28 63 29 7d 65 6c 73 65 7b 61 3a 7b 63 3d 79 28 |(c)}else{a:{c=y(|
|00000ec0| 61 2e 61 29 3b 64 3d 63 2e 63 68 61 72 41 74 28 |a.a);d=c.charAt(|
|00000ed0| 30 29 3b 73 77 69 74 63 68 28 64 29 7b 63 61 73 |0);switch(d){cas|
|00000ee0| 65 20 5c 22 24 5c 22 3a 74 68 72 6f 77 20 45 72 |e \"$\":throw Er|
|00000ef0| 72 6f 72 28 5c 22 56 61 72 69 61 62 6c 65 20 72 |ror(\"Variable r|
|00000f00| 65 66 65 72 65 6e 63 65 20 6e 6f 74 20 61 6c 6c |eference not all|
|00000f10| 6f 77 65 64 20 69 6e 20 48 54 4d 4c 20 58 50 61 |owed in HTML XPa|
|00000f20| 74 68 5c 22 29 3b 63 61 73 65 20 5c 22 28 5c 22 |th\");case \"(\"|
|00000f30| 3a 7a 28 61 2e 61 29 3b 63 3d 59 62 28 61 29 3b |:z(a.a);c=Yb(a);|
|00000f40| 54 28 61 2c 27 75 6e 63 6c 6f 73 65 64 20 5c 22 |T(a,'unclosed \"|
|00000f50| 28 5c 22 27 29 3b 24 62 28 61 2c 5c 22 29 5c 22 |(\"');$b(a,\")\"|
|00000f60| 29 3b 62 72 65 61 6b 3b 63 61 73 65 20 27 5c 22 |);break;case '\"|
|00000f70| 27 3a 63 61 73 65 20 5c 22 27 5c 22 3a 63 3d 62 |':case \"'\":c=b|
|00000f80| 63 28 61 29 3b 62 72 65 61 6b 3b 64 65 66 61 75 |c(a);break;defau|
|00000f90| 6c 74 3a 69 66 28 69 73 4e 61 4e 28 2b 63 29 29 |lt:if(isNaN(+c))|
|00000fa0| 69 66 28 21 43 62 28 63 29 5c 75 30 30 32 36 5c |if(!Cb(c)\u0026\|
|00000fb0| 75 30 30 32 36 5c 75 30 30 32 66 28 3f 21 5b 30 |u0026\u002f(?![0|
|00000fc0| 2d 39 5d 29 5b 5c 5c 77 5d 5c 75 30 30 32 66 2e |-9])[\\w]\u002f.|
|00000fd0| 74 65 73 74 28 64 29 5c 75 30 30 32 36 5c 75 30 |test(d)\u0026\u0|
|00000fe0| 30 32 36 5c 22 28 5c 22 3d 3d 79 28 61 2e 61 2c |026\"(\"==y(a.a,|
|00000ff0| 31 29 29 7b 63 3d 7a 28 61 2e 61 29 3b 5c 6e 63 |1)){c=z(a.a);\nc|
|00001000| 3d 42 62 5b 63 5d 7c 7c 6e 75 6c 6c 3b 7a 28 61 |=Bb[c]||null;z(a|
|00001010| 2e 61 29 3b 66 6f 72 28 64 3d 5b 5d 3b 5c 22 29 |.a);for(d=[];\")|
|00001020| 5c 22 21 3d 79 28 61 2e 61 29 3b 29 7b 54 28 61 |\"!=y(a.a);){T(a|
|00001030| 2c 5c 22 4d 69 73 73 69 6e 67 20 66 75 6e 63 74 |,\"Missing funct|
|00001040| 69 6f 6e 20 61 72 67 75 6d 65 6e 74 20 6c 69 73 |ion argument lis|
|00001050| 74 2e 5c 22 29 3b 64 2e 70 75 73 68 28 59 62 28 |t.\");d.push(Yb(|
|00001060| 61 29 29 3b 69 66 28 5c 22 2c 5c 22 21 3d 79 28 |a));if(\",\"!=y(|
|00001070| 61 2e 61 29 29 62 72 65 61 6b 3b 7a 28 61 2e 61 |a.a))break;z(a.a|
|00001080| 29 7d 54 28 61 2c 5c 22 55 6e 63 6c 6f 73 65 64 |)}T(a,\"Unclosed|
|00001090| 20 66 75 6e 63 74 69 6f 6e 20 61 72 67 75 6d 65 | function argume|
|000010a0| 6e 74 20 6c 69 73 74 2e 5c 22 29 3b 61 63 28 61 |nt list.\");ac(a|
|000010b0| 29 3b 63 3d 6e 65 77 20 7a 62 28 63 2c 64 29 7d |);c=new zb(c,d)}|
|000010c0| 65 6c 73 65 7b 63 3d 6e 75 6c 6c 3b 62 72 65 61 |else{c=null;brea|
|000010d0| 6b 20 61 7d 65 6c 73 65 20 63 3d 6e 65 77 20 45 |k a}else c=new E|
|000010e0| 62 28 2b 7a 28 61 2e 61 29 29 7d 5c 22 5b 5c 22 |b(+z(a.a))}\"[\"|
|000010f0| 3d 3d 79 28 61 2e 61 29 5c 75 30 30 32 36 5c 75 |==y(a.a)\u0026\u|
|00001100| 30 30 32 36 28 64 3d 6e 65 77 20 4d 62 28 65 63 |0026(d=new Mb(ec|
|00001110| 28 61 29 29 2c 63 3d 6e 65 77 20 78 62 28 63 2c |(a)),c=new xb(c,|
|00001120| 64 29 29 7d 69 66 28 63 29 69 66 28 4a 62 28 79 |d))}if(c)if(Jb(y|
|00001130| 28 61 2e 61 29 29 29 64 3d 63 3b 65 6c 73 65 20 |(a.a)))d=c;else |
|00001140| 72 65 74 75 72 6e 20 63 3b 65 6c 73 65 20 63 3d |return c;else c=|
|00001150| 64 63 28 61 2c 5c 22 5c 75 30 30 32 66 5c 22 29 |dc(a,\"\u002f\")|
|00001160| 2c 64 3d 6e 65 77 20 49 62 2c 62 2e 70 75 73 68 |,d=new Ib,b.push|
|00001170| 28 63 29 7d 66 6f 72 28 3b 4a 62 28 79 28 61 2e |(c)}for(;Jb(y(a.|
|00001180| 61 29 29 3b 29 63 3d 7a 28 61 2e 61 29 2c 54 28 |a));)c=z(a.a),T(|
|00001190| 61 2c 5c 22 4d 69 73 73 69 6e 67 20 6e 65 78 74 |a,\"Missing next|
|000011a0| 20 6c 6f 63 61 74 69 6f 6e 20 73 74 65 70 2e 5c | location step.\|
|000011b0| 22 29 2c 63 3d 64 63 28 61 2c 63 29 2c 62 2e 70 |"),c=dc(a,c),b.p|
|000011c0| 75 73 68 28 63 29 3b 72 65 74 75 72 6e 20 6e 65 |ush(c);return ne|
|000011d0| 77 20 46 62 28 64 2c 62 29 7d 5c 6e 66 75 6e 63 |w Fb(d,b)}\nfunc|
|000011e0| 74 69 6f 6e 20 64 63 28 61 2c 62 29 7b 69 66 28 |tion dc(a,b){if(|
|000011f0| 5c 22 5c 75 30 30 32 66 5c 22 21 3d 62 5c 75 30 |\"\u002f\"!=b\u0|
|00001200| 30 32 36 5c 75 30 30 32 36 5c 22 5c 75 30 30 32 |026\u0026\"\u002|
|00001210| 66 5c 75 30 30 32 66 5c 22 21 3d 62 29 74 68 72 |f\u002f\"!=b)thr|
|00001220| 6f 77 20 45 72 72 6f 72 28 27 53 74 65 70 20 6f |ow Error('Step o|
|00001230| 70 20 73 68 6f 75 6c 64 20 62 65 20 5c 22 5c 75 |p should be \"\u|
|00001240| 30 30 32 66 5c 22 20 6f 72 20 5c 22 5c 75 30 30 |002f\" or \"\u00|
|00001250| 32 66 5c 75 30 30 32 66 5c 22 27 29 3b 69 66 28 |2f\u002f\"');if(|
|00001260| 5c 22 2e 5c 22 3d 3d 79 28 61 2e 61 29 29 7b 76 |\".\"==y(a.a)){v|
|00001270| 61 72 20 63 3d 6e 65 77 20 52 28 53 62 2c 6e 65 |ar c=new R(Sb,ne|
|00001280| 77 20 47 28 5c 22 6e 6f 64 65 5c 22 29 29 3b 7a |w G(\"node\"));z|
|00001290| 28 61 2e 61 29 3b 72 65 74 75 72 6e 20 63 7d 69 |(a.a);return c}i|
|000012a0| 66 28 5c 22 2e 2e 5c 22 3d 3d 79 28 61 2e 61 29 |f(\"..\"==y(a.a)|
|000012b0| 29 72 65 74 75 72 6e 20 63 3d 6e 65 77 20 52 28 |)return c=new R(|
|000012c0| 52 62 2c 6e 65 77 20 47 28 5c 22 6e 6f 64 65 5c |Rb,new G(\"node\|
|000012d0| 22 29 29 2c 7a 28 61 2e 61 29 2c 63 3b 69 66 28 |")),z(a.a),c;if(|
|000012e0| 5c 22 40 5c 22 3d 3d 79 28 61 2e 61 29 29 7b 76 |\"@\"==y(a.a)){v|
|000012f0| 61 72 20 64 3d 47 62 3b 7a 28 61 2e 61 29 3b 54 |ar d=Gb;z(a.a);T|
|00001300| 28 61 2c 5c 22 4d 69 73 73 69 6e 67 20 61 74 74 |(a,\"Missing att|
|00001310| 72 69 62 75 74 65 20 6e 61 6d 65 5c 22 29 7d 65 |ribute name\")}e|
|00001320| 6c 73 65 20 69 66 28 5c 22 3a 3a 5c 22 3d 3d 79 |lse if(\"::\"==y|
|00001330| 28 61 2e 61 2c 31 29 29 7b 69 66 28 21 5c 75 30 |(a.a,1)){if(!\u0|
|00001340| 30 32 66 28 3f 21 5b 30 2d 39 5d 29 5b 5c 5c 77 |02f(?![0-9])[\\w|
|00001350| 5d 5c 75 30 30 32 66 2e 74 65 73 74 28 79 28 61 |]\u002f.test(y(a|
|00001360| 2e 61 29 2e 63 68 61 72 41 74 28 30 29 29 29 74 |.a).charAt(0)))t|
|00001370| 68 72 6f 77 20 45 72 72 6f 72 28 5c 22 42 61 64 |hrow Error(\"Bad|
|00001380| 20 74 6f 6b 65 6e 3a 20 5c 22 2b 7a 28 61 2e 61 | token: \"+z(a.a|
|00001390| 29 29 3b 76 61 72 20 65 3d 7a 28 61 2e 61 29 3b |));var e=z(a.a);|
|000013a0| 64 3d 51 62 5b 65 5d 7c 7c 6e 75 6c 6c 3b 69 66 |d=Qb[e]||null;if|
|000013b0| 28 21 64 29 74 68 72 6f 77 20 45 72 72 6f 72 28 |(!d)throw Error(|
|000013c0| 5c 22 4e 6f 20 61 78 69 73 20 77 69 74 68 20 6e |\"No axis with n|
|000013d0| 61 6d 65 3a 20 5c 22 2b 65 29 3b 7a 28 61 2e 61 |ame: \"+e);z(a.a|
|000013e0| 29 3b 54 28 61 2c 5c 22 4d 69 73 73 69 6e 67 20 |);T(a,\"Missing |
|000013f0| 6e 6f 64 65 20 6e 61 6d 65 5c 22 29 7d 65 6c 73 |node name\")}els|
|00001400| 65 20 64 3d 4e 62 3b 65 3d 79 28 61 2e 61 29 3b |e d=Nb;e=y(a.a);|
|00001410| 69 66 28 5c 75 30 30 32 66 28 3f 21 5b 30 2d 39 |if(\u002f(?![0-9|
|00001420| 5d 29 5b 5c 5c 77 5c 5c 2a 5d 5c 75 30 30 32 66 |])[\\w\\*]\u002f|
|00001430| 2e 74 65 73 74 28 65 2e 63 68 61 72 41 74 28 30 |.test(e.charAt(0|
|00001440| 29 29 29 69 66 28 5c 22 28 5c 22 3d 3d 5c 6e 79 |)))if(\"(\"==\ny|
|00001450| 28 61 2e 61 2c 31 29 29 7b 69 66 28 21 43 62 28 |(a.a,1)){if(!Cb(|
|00001460| 65 29 29 74 68 72 6f 77 20 45 72 72 6f 72 28 5c |e))throw Error(\|
|00001470| 22 49 6e 76 61 6c 69 64 20 6e 6f 64 65 20 74 79 |"Invalid node ty|
|00001480| 70 65 3a 20 5c 22 2b 65 29 3b 65 3d 7a 28 61 2e |pe: \"+e);e=z(a.|
|00001490| 61 29 3b 69 66 28 21 43 62 28 65 29 29 74 68 72 |a);if(!Cb(e))thr|
|000014a0| 6f 77 20 45 72 72 6f 72 28 5c 22 49 6e 76 61 6c |ow Error(\"Inval|
|000014b0| 69 64 20 74 79 70 65 20 6e 61 6d 65 3a 20 5c 22 |id type name: \"|
|000014c0| 2b 65 29 3b 24 62 28 61 2c 5c 22 28 5c 22 29 3b |+e);$b(a,\"(\");|
|000014d0| 54 28 61 2c 5c 22 42 61 64 20 6e 6f 64 65 74 79 |T(a,\"Bad nodety|
|000014e0| 70 65 5c 22 29 3b 76 61 72 20 66 3d 79 28 61 2e |pe\");var f=y(a.|
|000014f0| 61 29 2e 63 68 61 72 41 74 28 30 29 2c 67 3d 6e |a).charAt(0),g=n|
|00001500| 75 6c 6c 3b 69 66 28 27 5c 22 27 3d 3d 66 7c 7c |ull;if('\"'==f|||
|00001510| 5c 22 27 5c 22 3d 3d 66 29 67 3d 62 63 28 61 29 |\"'\"==f)g=bc(a)|
|00001520| 3b 54 28 61 2c 5c 22 42 61 64 20 6e 6f 64 65 74 |;T(a,\"Bad nodet|
|00001530| 79 70 65 5c 22 29 3b 61 63 28 61 29 3b 65 3d 6e |ype\");ac(a);e=n|
|00001540| 65 77 20 47 28 65 2c 67 29 7d 65 6c 73 65 20 69 |ew G(e,g)}else i|
|00001550| 66 28 65 3d 7a 28 61 2e 61 29 2c 66 3d 65 2e 69 |f(e=z(a.a),f=e.i|
|00001560| 6e 64 65 78 4f 66 28 5c 22 3a 5c 22 29 2c 2d 31 |ndexOf(\":\"),-1|
|00001570| 3d 3d 66 29 65 3d 6e 65 77 20 46 28 65 29 3b 65 |==f)e=new F(e);e|
|00001580| 6c 73 65 7b 67 3d 65 2e 73 75 62 73 74 72 69 6e |lse{g=e.substrin|
|00001590| 67 28 30 2c 66 29 3b 69 66 28 5c 22 2a 5c 22 3d |g(0,f);if(\"*\"=|
|000015a0| 3d 67 29 76 61 72 20 68 3d 5c 22 2a 5c 22 3b 65 |=g)var h=\"*\";e|
|000015b0| 6c 73 65 20 69 66 28 68 3d 61 2e 62 28 67 29 2c |lse if(h=a.b(g),|
|000015c0| 21 68 29 74 68 72 6f 77 20 45 72 72 6f 72 28 5c |!h)throw Error(\|
|000015d0| 22 4e 61 6d 65 73 70 61 63 65 20 70 72 65 66 69 |"Namespace prefi|
|000015e0| 78 20 6e 6f 74 20 64 65 63 6c 61 72 65 64 3a 20 |x not declared: |
|000015f0| 5c 22 2b 67 29 3b 65 3d 65 2e 73 75 62 73 74 72 |\"+g);e=e.substr|
|00001600| 28 66 2b 31 29 3b 65 3d 6e 65 77 20 46 28 65 2c |(f+1);e=new F(e,|
|00001610| 68 29 7d 65 6c 73 65 20 74 68 72 6f 77 20 45 72 |h)}else throw Er|
|00001620| 72 6f 72 28 5c 22 42 61 64 20 74 6f 6b 65 6e 3a |ror(\"Bad token:|
|00001630| 20 5c 22 2b 7a 28 61 2e 61 29 29 3b 61 3d 6e 65 | \"+z(a.a));a=ne|
|00001640| 77 20 4d 62 28 65 63 28 61 29 2c 64 2e 73 29 3b |w Mb(ec(a),d.s);|
|00001650| 72 65 74 75 72 6e 20 63 7c 7c 6e 65 77 20 52 28 |return c||new R(|
|00001660| 64 2c 5c 6e 65 2c 61 2c 5c 22 5c 75 30 30 32 66 |d,\ne,a,\"\u002f|
|00001670| 5c 75 30 30 32 66 5c 22 3d 3d 62 29 7d 66 75 6e |\u002f\"==b)}fun|
|00001680| 63 74 69 6f 6e 20 65 63 28 61 29 7b 66 6f 72 28 |ction ec(a){for(|
|00001690| 76 61 72 20 62 3d 5b 5d 3b 5c 22 5b 5c 22 3d 3d |var b=[];\"[\"==|
|000016a0| 79 28 61 2e 61 29 3b 29 7b 7a 28 61 2e 61 29 3b |y(a.a);){z(a.a);|
|000016b0| 54 28 61 2c 5c 22 4d 69 73 73 69 6e 67 20 70 72 |T(a,\"Missing pr|
|000016c0| 65 64 69 63 61 74 65 20 65 78 70 72 65 73 73 69 |edicate expressi|
|000016d0| 6f 6e 2e 5c 22 29 3b 76 61 72 20 63 3d 59 62 28 |on.\");var c=Yb(|
|000016e0| 61 29 3b 62 2e 70 75 73 68 28 63 29 3b 54 28 61 |a);b.push(c);T(a|
|000016f0| 2c 5c 22 55 6e 63 6c 6f 73 65 64 20 70 72 65 64 |,\"Unclosed pred|
|00001700| 69 63 61 74 65 20 65 78 70 72 65 73 73 69 6f 6e |icate expression|
|00001710| 2e 5c 22 29 3b 24 62 28 61 2c 5c 22 5d 5c 22 29 |.\");$b(a,\"]\")|
|00001720| 7d 72 65 74 75 72 6e 20 62 7d 66 75 6e 63 74 69 |}return b}functi|
|00001730| 6f 6e 20 5a 62 28 61 29 7b 69 66 28 5c 22 2d 5c |on Zb(a){if(\"-\|
|00001740| 22 3d 3d 79 28 61 2e 61 29 29 72 65 74 75 72 6e |"==y(a.a))return|
|00001750| 20 7a 28 61 2e 61 29 2c 6e 65 77 20 54 62 28 5a | z(a.a),new Tb(Z|
|00001760| 62 28 61 29 29 3b 76 61 72 20 62 3d 63 63 28 61 |b(a));var b=cc(a|
|00001770| 29 3b 69 66 28 5c 22 7c 5c 22 21 3d 79 28 61 2e |);if(\"|\"!=y(a.|
|00001780| 61 29 29 61 3d 62 3b 65 6c 73 65 7b 66 6f 72 28 |a))a=b;else{for(|
|00001790| 62 3d 5b 62 5d 3b 5c 22 7c 5c 22 3d 3d 7a 28 61 |b=[b];\"|\"==z(a|
|000017a0| 2e 61 29 3b 29 54 28 61 2c 5c 22 4d 69 73 73 69 |.a);)T(a,\"Missi|
|000017b0| 6e 67 20 6e 65 78 74 20 75 6e 69 6f 6e 20 6c 6f |ng next union lo|
|000017c0| 63 61 74 69 6f 6e 20 70 61 74 68 2e 5c 22 29 2c |cation path.\"),|
|000017d0| 62 2e 70 75 73 68 28 63 63 28 61 29 29 3b 61 2e |b.push(cc(a));a.|
|000017e0| 61 2e 61 2d 2d 3b 61 3d 6e 65 77 20 55 62 28 62 |a.a--;a=new Ub(b|
|000017f0| 29 7d 72 65 74 75 72 6e 20 61 7d 3b 66 75 6e 63 |)}return a};func|
|00001800| 74 69 6f 6e 20 66 63 28 61 29 7b 73 77 69 74 63 |tion fc(a){switc|
|00001810| 68 28 61 2e 6e 6f 64 65 54 79 70 65 29 7b 63 61 |h(a.nodeType){ca|
|00001820| 73 65 20 31 3a 72 65 74 75 72 6e 20 68 61 28 67 |se 1:return ha(g|
|00001830| 63 2c 61 29 3b 63 61 73 65 20 39 3a 72 65 74 75 |c,a);case 9:retu|
|00001840| 72 6e 20 66 63 28 61 2e 64 6f 63 75 6d 65 6e 74 |rn fc(a.document|
|00001850| 45 6c 65 6d 65 6e 74 29 3b 63 61 73 65 20 31 31 |Element);case 11|
|00001860| 3a 63 61 73 65 20 31 30 3a 63 61 73 65 20 36 3a |:case 10:case 6:|
|00001870| 63 61 73 65 20 31 32 3a 72 65 74 75 72 6e 20 68 |case 12:return h|
|00001880| 63 3b 64 65 66 61 75 6c 74 3a 72 65 74 75 72 6e |c;default:return|
|00001890| 20 61 2e 70 61 72 65 6e 74 4e 6f 64 65 3f 66 63 | a.parentNode?fc|
|000018a0| 28 61 2e 70 61 72 65 6e 74 4e 6f 64 65 29 3a 68 |(a.parentNode):h|
|000018b0| 63 7d 7d 66 75 6e 63 74 69 6f 6e 20 68 63 28 29 |c}}function hc()|
|000018c0| 7b 72 65 74 75 72 6e 20 6e 75 6c 6c 7d 66 75 6e |{return null}fun|
|000018d0| 63 74 69 6f 6e 20 67 63 28 61 2c 62 29 7b 69 66 |ction gc(a,b){if|
|000018e0| 28 61 2e 70 72 65 66 69 78 3d 3d 62 29 72 65 74 |(a.prefix==b)ret|
|000018f0| 75 72 6e 20 61 2e 6e 61 6d 65 73 70 61 63 65 55 |urn a.namespaceU|
|00001900| 52 49 7c 7c 5c 22 68 74 74 70 3a 5c 75 30 30 32 |RI||\"http:\u002|
|00001910| 66 5c 75 30 30 32 66 77 77 77 2e 77 33 2e 6f 72 |f\u002fwww.w3.or|
|00001920| 67 5c 75 30 30 32 66 31 39 39 39 5c 75 30 30 32 |g\u002f1999\u002|
|00001930| 66 78 68 74 6d 6c 5c 22 3b 76 61 72 20 63 3d 61 |fxhtml\";var c=a|
|00001940| 2e 67 65 74 41 74 74 72 69 62 75 74 65 4e 6f 64 |.getAttributeNod|
|00001950| 65 28 5c 22 78 6d 6c 6e 73 3a 5c 22 2b 62 29 3b |e(\"xmlns:\"+b);|
|00001960| 72 65 74 75 72 6e 20 63 5c 75 30 30 32 36 5c 75 |return c\u0026\u|
|00001970| 30 30 32 36 63 2e 73 70 65 63 69 66 69 65 64 3f |0026c.specified?|
|00001980| 63 2e 76 61 6c 75 65 7c 7c 6e 75 6c 6c 3a 61 2e |c.value||null:a.|
|00001990| 70 61 72 65 6e 74 4e 6f 64 65 5c 75 30 30 32 36 |parentNode\u0026|
|000019a0| 5c 75 30 30 32 36 39 21 3d 61 2e 70 61 72 65 6e |\u00269!=a.paren|
|000019b0| 74 4e 6f 64 65 2e 6e 6f 64 65 54 79 70 65 3f 67 |tNode.nodeType?g|
|000019c0| 63 28 61 2e 70 61 72 65 6e 74 4e 6f 64 65 2c 62 |c(a.parentNode,b|
|000019d0| 29 3a 6e 75 6c 6c 7d 3b 66 75 6e 63 74 69 6f 6e |):null};function|
|000019e0| 20 69 63 28 61 2c 62 29 7b 69 66 28 21 61 2e 6c | ic(a,b){if(!a.l|
|000019f0| 65 6e 67 74 68 29 74 68 72 6f 77 20 45 72 72 6f |ength)throw Erro|
|00001a00| 72 28 5c 22 45 6d 70 74 79 20 58 50 61 74 68 20 |r(\"Empty XPath |
|00001a10| 65 78 70 72 65 73 73 69 6f 6e 2e 5c 22 29 3b 61 |expression.\");a|
|00001a20| 3d 51 61 28 61 29 3b 69 66 28 54 61 28 61 29 29 |=Qa(a);if(Ta(a))|
|00001a30| 74 68 72 6f 77 20 45 72 72 6f 72 28 5c 22 49 6e |throw Error(\"In|
|00001a40| 76 61 6c 69 64 20 58 50 61 74 68 20 65 78 70 72 |valid XPath expr|
|00001a50| 65 73 73 69 6f 6e 2e 5c 22 29 3b 62 3f 5c 22 66 |ession.\");b?\"f|
|00001a60| 75 6e 63 74 69 6f 6e 5c 22 3d 3d 63 61 28 62 29 |unction\"==ca(b)|
|00001a70| 7c 7c 28 62 3d 66 61 28 62 2e 6c 6f 6f 6b 75 70 |||(b=fa(b.lookup|
|00001a80| 4e 61 6d 65 73 70 61 63 65 55 52 49 2c 62 29 29 |NamespaceURI,b))|
|00001a90| 3a 62 3d 66 75 6e 63 74 69 6f 6e 28 29 7b 72 65 |:b=function(){re|
|00001aa0| 74 75 72 6e 20 6e 75 6c 6c 7d 3b 76 61 72 20 63 |turn null};var c|
|00001ab0| 3d 59 62 28 6e 65 77 20 56 62 28 61 2c 62 29 29 |=Yb(new Vb(a,b))|
|00001ac0| 3b 69 66 28 21 54 61 28 61 29 29 74 68 72 6f 77 |;if(!Ta(a))throw|
|00001ad0| 20 45 72 72 6f 72 28 5c 22 42 61 64 20 74 6f 6b | Error(\"Bad tok|
|00001ae0| 65 6e 3a 20 5c 22 2b 7a 28 61 29 29 3b 74 68 69 |en: \"+z(a));thi|
|00001af0| 73 2e 65 76 61 6c 75 61 74 65 3d 66 75 6e 63 74 |s.evaluate=funct|
|00001b00| 69 6f 6e 28 64 2c 65 29 7b 64 3d 63 2e 61 28 6e |ion(d,e){d=c.a(n|
|00001b10| 65 77 20 69 61 28 64 29 29 3b 72 65 74 75 72 6e |ew ia(d));return|
|00001b20| 20 6e 65 77 20 55 28 64 2c 65 29 7d 7d 5c 6e 66 | new U(d,e)}}\nf|
|00001b30| 75 6e 63 74 69 6f 6e 20 55 28 61 2c 62 29 7b 69 |unction U(a,b){i|
|00001b40| 66 28 30 3d 3d 62 29 69 66 28 61 20 69 6e 73 74 |f(0==b)if(a inst|
|00001b50| 61 6e 63 65 6f 66 20 45 29 62 3d 34 3b 65 6c 73 |anceof E)b=4;els|
|00001b60| 65 20 69 66 28 5c 22 73 74 72 69 6e 67 5c 22 3d |e if(\"string\"=|
|00001b70| 3d 74 79 70 65 6f 66 20 61 29 62 3d 32 3b 65 6c |=typeof a)b=2;el|
|00001b80| 73 65 20 69 66 28 5c 22 6e 75 6d 62 65 72 5c 22 |se if(\"number\"|
|00001b90| 3d 3d 74 79 70 65 6f 66 20 61 29 62 3d 31 3b 65 |==typeof a)b=1;e|
|00001ba0| 6c 73 65 20 69 66 28 5c 22 62 6f 6f 6c 65 61 6e |lse if(\"boolean|
|00001bb0| 5c 22 3d 3d 74 79 70 65 6f 66 20 61 29 62 3d 33 |\"==typeof a)b=3|
|00001bc0| 3b 65 6c 73 65 20 74 68 72 6f 77 20 45 72 72 6f |;else throw Erro|
|00001bd0| 72 28 5c 22 55 6e 65 78 70 65 63 74 65 64 20 65 |r(\"Unexpected e|
|00001be0| 76 61 6c 75 61 74 69 6f 6e 20 72 65 73 75 6c 74 |valuation result|
|00001bf0| 2e 5c 22 29 3b 69 66 28 32 21 3d 62 5c 75 30 30 |.\");if(2!=b\u00|
|00001c00| 32 36 5c 75 30 30 32 36 31 21 3d 62 5c 75 30 30 |26\u00261!=b\u00|
|00001c10| 32 36 5c 75 30 30 32 36 33 21 3d 62 5c 75 30 30 |26\u00263!=b\u00|
|00001c20| 32 36 5c 75 30 30 32 36 21 28 61 20 69 6e 73 74 |26\u0026!(a inst|
|00001c30| 61 6e 63 65 6f 66 20 45 29 29 74 68 72 6f 77 20 |anceof E))throw |
|00001c40| 45 72 72 6f 72 28 5c 22 76 61 6c 75 65 20 63 6f |Error(\"value co|
|00001c50| 75 6c 64 20 6e 6f 74 20 62 65 20 63 6f 6e 76 65 |uld not be conve|
|00001c60| 72 74 65 64 20 74 6f 20 74 68 65 20 73 70 65 63 |rted to the spec|
|00001c70| 69 66 69 65 64 20 74 79 70 65 5c 22 29 3b 74 68 |ified type\");th|
|00001c80| 69 73 2e 72 65 73 75 6c 74 54 79 70 65 3d 62 3b |is.resultType=b;|
|00001c90| 73 77 69 74 63 68 28 62 29 7b 63 61 73 65 20 32 |switch(b){case 2|
|00001ca0| 3a 74 68 69 73 2e 73 74 72 69 6e 67 56 61 6c 75 |:this.stringValu|
|00001cb0| 65 3d 61 20 69 6e 73 74 61 6e 63 65 6f 66 20 45 |e=a instanceof E|
|00001cc0| 3f 6e 62 28 61 29 3a 5c 22 5c 22 2b 61 3b 62 72 |?nb(a):\"\"+a;br|
|00001cd0| 65 61 6b 3b 63 61 73 65 20 31 3a 74 68 69 73 2e |eak;case 1:this.|
|00001ce0| 6e 75 6d 62 65 72 56 61 6c 75 65 3d 61 20 69 6e |numberValue=a in|
|00001cf0| 73 74 61 6e 63 65 6f 66 20 45 3f 2b 6e 62 28 61 |stanceof E?+nb(a|
|00001d00| 29 3a 2b 61 3b 62 72 65 61 6b 3b 63 61 73 65 20 |):+a;break;case |
|00001d10| 33 3a 74 68 69 73 2e 62 6f 6f 6c 65 61 6e 56 61 |3:this.booleanVa|
|00001d20| 6c 75 65 3d 61 20 69 6e 73 74 61 6e 63 65 6f 66 |lue=a instanceof|
|00001d30| 20 45 3f 30 5c 75 30 30 33 63 61 2e 6c 3a 21 21 | E?0\u003ca.l:!!|
|00001d40| 61 3b 62 72 65 61 6b 3b 63 61 73 65 20 34 3a 63 |a;break;case 4:c|
|00001d50| 61 73 65 20 35 3a 63 61 73 65 20 36 3a 63 61 73 |ase 5:case 6:cas|
|00001d60| 65 20 37 3a 76 61 72 20 63 3d 5c 6e 48 28 61 29 |e 7:var c=\nH(a)|
|00001d70| 3b 76 61 72 20 64 3d 5b 5d 3b 66 6f 72 28 76 61 |;var d=[];for(va|
|00001d80| 72 20 65 3d 49 28 63 29 3b 65 3b 65 3d 49 28 63 |r e=I(c);e;e=I(c|
|00001d90| 29 29 64 2e 70 75 73 68 28 65 20 69 6e 73 74 61 |))d.push(e insta|
|00001da0| 6e 63 65 6f 66 20 4e 61 3f 65 2e 61 3a 65 29 3b |nceof Na?e.a:e);|
|00001db0| 74 68 69 73 2e 73 6e 61 70 73 68 6f 74 4c 65 6e |this.snapshotLen|
|00001dc0| 67 74 68 3d 61 2e 6c 3b 74 68 69 73 2e 69 6e 76 |gth=a.l;this.inv|
|00001dd0| 61 6c 69 64 49 74 65 72 61 74 6f 72 53 74 61 74 |alidIteratorStat|
|00001de0| 65 3d 21 31 3b 62 72 65 61 6b 3b 63 61 73 65 20 |e=!1;break;case |
|00001df0| 38 3a 63 61 73 65 20 39 3a 61 3d 6d 62 28 61 29 |8:case 9:a=mb(a)|
|00001e00| 3b 74 68 69 73 2e 73 69 6e 67 6c 65 4e 6f 64 65 |;this.singleNode|
|00001e10| 56 61 6c 75 65 3d 61 20 69 6e 73 74 61 6e 63 65 |Value=a instance|
|00001e20| 6f 66 20 4e 61 3f 61 2e 61 3a 61 3b 62 72 65 61 |of Na?a.a:a;brea|
|00001e30| 6b 3b 64 65 66 61 75 6c 74 3a 74 68 72 6f 77 20 |k;default:throw |
|00001e40| 45 72 72 6f 72 28 5c 22 55 6e 6b 6e 6f 77 6e 20 |Error(\"Unknown |
|00001e50| 58 50 61 74 68 52 65 73 75 6c 74 20 74 79 70 65 |XPathResult type|
|00001e60| 2e 5c 22 29 3b 7d 76 61 72 20 66 3d 30 3b 74 68 |.\");}var f=0;th|
|00001e70| 69 73 2e 69 74 65 72 61 74 65 4e 65 78 74 3d 66 |is.iterateNext=f|
|00001e80| 75 6e 63 74 69 6f 6e 28 29 7b 69 66 28 34 21 3d |unction(){if(4!=|
|00001e90| 62 5c 75 30 30 32 36 5c 75 30 30 32 36 35 21 3d |b\u0026\u00265!=|
|00001ea0| 62 29 74 68 72 6f 77 20 45 72 72 6f 72 28 5c 22 |b)throw Error(\"|
|00001eb0| 69 74 65 72 61 74 65 4e 65 78 74 20 63 61 6c 6c |iterateNext call|
|00001ec0| 65 64 20 77 69 74 68 20 77 72 6f 6e 67 20 72 65 |ed with wrong re|
|00001ed0| 73 75 6c 74 20 74 79 70 65 5c 22 29 3b 72 65 74 |sult type\");ret|
|00001ee0| 75 72 6e 20 66 3e 3d 64 2e 6c 65 6e 67 74 68 3f |urn f>=d.length?|
|00001ef0| 6e 75 6c 6c 3a 64 5b 66 2b 2b 5d 7d 3b 74 68 69 |null:d[f++]};thi|
|00001f00| 73 2e 73 6e 61 70 73 68 6f 74 49 74 65 6d 3d 66 |s.snapshotItem=f|
|00001f10| 75 6e 63 74 69 6f 6e 28 67 29 7b 69 66 28 36 21 |unction(g){if(6!|
|00001f20| 3d 62 5c 75 30 30 32 36 5c 75 30 30 32 36 37 21 |=b\u0026\u00267!|
|00001f30| 3d 62 29 74 68 72 6f 77 20 45 72 72 6f 72 28 5c |=b)throw Error(\|
|00001f40| 22 73 6e 61 70 73 68 6f 74 49 74 65 6d 20 63 61 |"snapshotItem ca|
|00001f50| 6c 6c 65 64 20 77 69 74 68 20 77 72 6f 6e 67 20 |lled with wrong |
|00001f60| 72 65 73 75 6c 74 20 74 79 70 65 5c 22 29 3b 72 |result type\");r|
|00001f70| 65 74 75 72 6e 20 67 3e 3d 64 2e 6c 65 6e 67 74 |eturn g>=d.lengt|
|00001f80| 68 7c 7c 5c 6e 30 3e 67 3f 6e 75 6c 6c 3a 64 5b |h||\n0>g?null:d[|
|00001f90| 67 5d 7d 7d 55 2e 41 4e 59 5f 54 59 50 45 3d 30 |g]}}U.ANY_TYPE=0|
|00001fa0| 3b 55 2e 4e 55 4d 42 45 52 5f 54 59 50 45 3d 31 |;U.NUMBER_TYPE=1|
|00001fb0| 3b 55 2e 53 54 52 49 4e 47 5f 54 59 50 45 3d 32 |;U.STRING_TYPE=2|
|00001fc0| 3b 55 2e 42 4f 4f 4c 45 41 4e 5f 54 59 50 45 3d |;U.BOOLEAN_TYPE=|
|00001fd0| 33 3b 55 2e 55 4e 4f 52 44 45 52 45 44 5f 4e 4f |3;U.UNORDERED_NO|
|00001fe0| 44 45 5f 49 54 45 52 41 54 4f 52 5f 54 59 50 45 |DE_ITERATOR_TYPE|
|00001ff0| 3d 34 3b 55 2e 4f 52 44 45 52 45 44 5f 4e 4f 44 |=4;U.ORDERED_NOD|
+--------+-------------------------------------------------+----------------+
14:13:03.615 [AsyncHttpClient-1-8] TRACE i.n.handler.logging.LoggingHandler - [id: 0xa6657862, L:/127.0.0.1:64395 - R:localhost/127.0.0.1:53550] FLUSH
14:13:03.616 [AsyncHttpClient-1-8] TRACE i.n.handler.logging.LoggingHandler - [id: 0xa6657862, L:/127.0.0.1:64395 - R:localhost/127.0.0.1:53550] WRITE: 8192B
         +-------------------------------------------------+
         |  0  1  2  3  4  5  6  7  8  9  a  b  c  d  e  f |
+--------+-------------------------------------------------+----------------+
|00000000| 45 5f 49 54 45 52 41 54 4f 52 5f 54 59 50 45 3d |E_ITERATOR_TYPE=|
|00000010| 35 3b 55 2e 55 4e 4f 52 44 45 52 45 44 5f 4e 4f |5;U.UNORDERED_NO|
|00000020| 44 45 5f 53 4e 41 50 53 48 4f 54 5f 54 59 50 45 |DE_SNAPSHOT_TYPE|
|00000030| 3d 36 3b 55 2e 4f 52 44 45 52 45 44 5f 4e 4f 44 |=6;U.ORDERED_NOD|
|00000040| 45 5f 53 4e 41 50 53 48 4f 54 5f 54 59 50 45 3d |E_SNAPSHOT_TYPE=|
|00000050| 37 3b 55 2e 41 4e 59 5f 55 4e 4f 52 44 45 52 45 |7;U.ANY_UNORDERE|
|00000060| 44 5f 4e 4f 44 45 5f 54 59 50 45 3d 38 3b 55 2e |D_NODE_TYPE=8;U.|
|00000070| 46 49 52 53 54 5f 4f 52 44 45 52 45 44 5f 4e 4f |FIRST_ORDERED_NO|
|00000080| 44 45 5f 54 59 50 45 3d 39 3b 66 75 6e 63 74 69 |DE_TYPE=9;functi|
|00000090| 6f 6e 20 6a 63 28 61 29 7b 74 68 69 73 2e 6c 6f |on jc(a){this.lo|
|000000a0| 6f 6b 75 70 4e 61 6d 65 73 70 61 63 65 55 52 49 |okupNamespaceURI|
|000000b0| 3d 66 63 28 61 29 7d 5c 6e 66 75 6e 63 74 69 6f |=fc(a)}\nfunctio|
|000000c0| 6e 20 6b 63 28 61 2c 62 29 7b 61 3d 61 7c 7c 6b |n kc(a,b){a=a||k|
|000000d0| 3b 76 61 72 20 63 3d 61 2e 44 6f 63 75 6d 65 6e |;var c=a.Documen|
|000000e0| 74 5c 75 30 30 32 36 5c 75 30 30 32 36 61 2e 44 |t\u0026\u0026a.D|
|000000f0| 6f 63 75 6d 65 6e 74 2e 70 72 6f 74 6f 74 79 70 |ocument.prototyp|
|00000100| 65 7c 7c 61 2e 64 6f 63 75 6d 65 6e 74 3b 69 66 |e||a.document;if|
|00000110| 28 21 63 2e 65 76 61 6c 75 61 74 65 7c 7c 62 29 |(!c.evaluate||b)|
|00000120| 61 2e 58 50 61 74 68 52 65 73 75 6c 74 3d 55 2c |a.XPathResult=U,|
|00000130| 63 2e 65 76 61 6c 75 61 74 65 3d 66 75 6e 63 74 |c.evaluate=funct|
|00000140| 69 6f 6e 28 64 2c 65 2c 66 2c 67 29 7b 72 65 74 |ion(d,e,f,g){ret|
|00000150| 75 72 6e 28 6e 65 77 20 69 63 28 64 2c 66 29 29 |urn(new ic(d,f))|
|00000160| 2e 65 76 61 6c 75 61 74 65 28 65 2c 67 29 7d 2c |.evaluate(e,g)},|
|00000170| 63 2e 63 72 65 61 74 65 45 78 70 72 65 73 73 69 |c.createExpressi|
|00000180| 6f 6e 3d 66 75 6e 63 74 69 6f 6e 28 64 2c 65 29 |on=function(d,e)|
|00000190| 7b 72 65 74 75 72 6e 20 6e 65 77 20 69 63 28 64 |{return new ic(d|
|000001a0| 2c 65 29 7d 2c 63 2e 63 72 65 61 74 65 4e 53 52 |,e)},c.createNSR|
|000001b0| 65 73 6f 6c 76 65 72 3d 66 75 6e 63 74 69 6f 6e |esolver=function|
|000001c0| 28 64 29 7b 72 65 74 75 72 6e 20 6e 65 77 20 6a |(d){return new j|
|000001d0| 63 28 64 29 7d 7d 62 61 28 5c 22 77 67 78 70 61 |c(d)}}ba(\"wgxpa|
|000001e0| 74 68 2e 69 6e 73 74 61 6c 6c 5c 22 2c 6b 63 29 |th.install\",kc)|
|000001f0| 3b 62 61 28 5c 22 77 67 78 70 61 74 68 2e 69 6e |;ba(\"wgxpath.in|
|00000200| 73 74 61 6c 6c 5c 22 2c 6b 63 29 3b 76 61 72 20 |stall\",kc);var |
|00000210| 6c 63 3d 7b 61 6c 69 63 65 62 6c 75 65 3a 5c 22 |lc={aliceblue:\"|
|00000220| 23 66 30 66 38 66 66 5c 22 2c 61 6e 74 69 71 75 |#f0f8ff\",antiqu|
|00000230| 65 77 68 69 74 65 3a 5c 22 23 66 61 65 62 64 37 |ewhite:\"#faebd7|
|00000240| 5c 22 2c 61 71 75 61 3a 5c 22 23 30 30 66 66 66 |\",aqua:\"#00fff|
|00000250| 66 5c 22 2c 61 71 75 61 6d 61 72 69 6e 65 3a 5c |f\",aquamarine:\|
|00000260| 22 23 37 66 66 66 64 34 5c 22 2c 61 7a 75 72 65 |"#7fffd4\",azure|
|00000270| 3a 5c 22 23 66 30 66 66 66 66 5c 22 2c 62 65 69 |:\"#f0ffff\",bei|
|00000280| 67 65 3a 5c 22 23 66 35 66 35 64 63 5c 22 2c 62 |ge:\"#f5f5dc\",b|
|00000290| 69 73 71 75 65 3a 5c 22 23 66 66 65 34 63 34 5c |isque:\"#ffe4c4\|
|000002a0| 22 2c 62 6c 61 63 6b 3a 5c 22 23 30 30 30 30 30 |",black:\"#00000|
|000002b0| 30 5c 22 2c 62 6c 61 6e 63 68 65 64 61 6c 6d 6f |0\",blanchedalmo|
|000002c0| 6e 64 3a 5c 22 23 66 66 65 62 63 64 5c 22 2c 62 |nd:\"#ffebcd\",b|
|000002d0| 6c 75 65 3a 5c 22 23 30 30 30 30 66 66 5c 22 2c |lue:\"#0000ff\",|
|000002e0| 62 6c 75 65 76 69 6f 6c 65 74 3a 5c 22 23 38 61 |blueviolet:\"#8a|
|000002f0| 32 62 65 32 5c 22 2c 62 72 6f 77 6e 3a 5c 22 23 |2be2\",brown:\"#|
|00000300| 61 35 32 61 32 61 5c 22 2c 62 75 72 6c 79 77 6f |a52a2a\",burlywo|
|00000310| 6f 64 3a 5c 22 23 64 65 62 38 38 37 5c 22 2c 63 |od:\"#deb887\",c|
|00000320| 61 64 65 74 62 6c 75 65 3a 5c 22 23 35 66 39 65 |adetblue:\"#5f9e|
|00000330| 61 30 5c 22 2c 63 68 61 72 74 72 65 75 73 65 3a |a0\",chartreuse:|
|00000340| 5c 22 23 37 66 66 66 30 30 5c 22 2c 63 68 6f 63 |\"#7fff00\",choc|
|00000350| 6f 6c 61 74 65 3a 5c 22 23 64 32 36 39 31 65 5c |olate:\"#d2691e\|
|00000360| 22 2c 63 6f 72 61 6c 3a 5c 22 23 66 66 37 66 35 |",coral:\"#ff7f5|
|00000370| 30 5c 22 2c 63 6f 72 6e 66 6c 6f 77 65 72 62 6c |0\",cornflowerbl|
|00000380| 75 65 3a 5c 22 23 36 34 39 35 65 64 5c 22 2c 63 |ue:\"#6495ed\",c|
|00000390| 6f 72 6e 73 69 6c 6b 3a 5c 22 23 66 66 66 38 64 |ornsilk:\"#fff8d|
|000003a0| 63 5c 22 2c 63 72 69 6d 73 6f 6e 3a 5c 22 23 64 |c\",crimson:\"#d|
|000003b0| 63 31 34 33 63 5c 22 2c 63 79 61 6e 3a 5c 22 23 |c143c\",cyan:\"#|
|000003c0| 30 30 66 66 66 66 5c 22 2c 64 61 72 6b 62 6c 75 |00ffff\",darkblu|
|000003d0| 65 3a 5c 22 23 30 30 30 30 38 62 5c 22 2c 64 61 |e:\"#00008b\",da|
|000003e0| 72 6b 63 79 61 6e 3a 5c 22 23 30 30 38 62 38 62 |rkcyan:\"#008b8b|
|000003f0| 5c 22 2c 64 61 72 6b 67 6f 6c 64 65 6e 72 6f 64 |\",darkgoldenrod|
|00000400| 3a 5c 22 23 62 38 38 36 30 62 5c 22 2c 64 61 72 |:\"#b8860b\",dar|
|00000410| 6b 67 72 61 79 3a 5c 22 23 61 39 61 39 61 39 5c |kgray:\"#a9a9a9\|
|00000420| 22 2c 64 61 72 6b 67 72 65 65 6e 3a 5c 22 23 30 |",darkgreen:\"#0|
|00000430| 30 36 34 30 30 5c 22 2c 5c 6e 64 61 72 6b 67 72 |06400\",\ndarkgr|
|00000440| 65 79 3a 5c 22 23 61 39 61 39 61 39 5c 22 2c 64 |ey:\"#a9a9a9\",d|
|00000450| 61 72 6b 6b 68 61 6b 69 3a 5c 22 23 62 64 62 37 |arkkhaki:\"#bdb7|
|00000460| 36 62 5c 22 2c 64 61 72 6b 6d 61 67 65 6e 74 61 |6b\",darkmagenta|
|00000470| 3a 5c 22 23 38 62 30 30 38 62 5c 22 2c 64 61 72 |:\"#8b008b\",dar|
|00000480| 6b 6f 6c 69 76 65 67 72 65 65 6e 3a 5c 22 23 35 |kolivegreen:\"#5|
|00000490| 35 36 62 32 66 5c 22 2c 64 61 72 6b 6f 72 61 6e |56b2f\",darkoran|
|000004a0| 67 65 3a 5c 22 23 66 66 38 63 30 30 5c 22 2c 64 |ge:\"#ff8c00\",d|
|000004b0| 61 72 6b 6f 72 63 68 69 64 3a 5c 22 23 39 39 33 |arkorchid:\"#993|
|000004c0| 32 63 63 5c 22 2c 64 61 72 6b 72 65 64 3a 5c 22 |2cc\",darkred:\"|
|000004d0| 23 38 62 30 30 30 30 5c 22 2c 64 61 72 6b 73 61 |#8b0000\",darksa|
|000004e0| 6c 6d 6f 6e 3a 5c 22 23 65 39 39 36 37 61 5c 22 |lmon:\"#e9967a\"|
|000004f0| 2c 64 61 72 6b 73 65 61 67 72 65 65 6e 3a 5c 22 |,darkseagreen:\"|
|00000500| 23 38 66 62 63 38 66 5c 22 2c 64 61 72 6b 73 6c |#8fbc8f\",darksl|
|00000510| 61 74 65 62 6c 75 65 3a 5c 22 23 34 38 33 64 38 |ateblue:\"#483d8|
|00000520| 62 5c 22 2c 64 61 72 6b 73 6c 61 74 65 67 72 61 |b\",darkslategra|
|00000530| 79 3a 5c 22 23 32 66 34 66 34 66 5c 22 2c 64 61 |y:\"#2f4f4f\",da|
|00000540| 72 6b 73 6c 61 74 65 67 72 65 79 3a 5c 22 23 32 |rkslategrey:\"#2|
|00000550| 66 34 66 34 66 5c 22 2c 64 61 72 6b 74 75 72 71 |f4f4f\",darkturq|
|00000560| 75 6f 69 73 65 3a 5c 22 23 30 30 63 65 64 31 5c |uoise:\"#00ced1\|
|00000570| 22 2c 64 61 72 6b 76 69 6f 6c 65 74 3a 5c 22 23 |",darkviolet:\"#|
|00000580| 39 34 30 30 64 33 5c 22 2c 64 65 65 70 70 69 6e |9400d3\",deeppin|
|00000590| 6b 3a 5c 22 23 66 66 31 34 39 33 5c 22 2c 64 65 |k:\"#ff1493\",de|
|000005a0| 65 70 73 6b 79 62 6c 75 65 3a 5c 22 23 30 30 62 |epskyblue:\"#00b|
|000005b0| 66 66 66 5c 22 2c 64 69 6d 67 72 61 79 3a 5c 22 |fff\",dimgray:\"|
|000005c0| 23 36 39 36 39 36 39 5c 22 2c 64 69 6d 67 72 65 |#696969\",dimgre|
|000005d0| 79 3a 5c 22 23 36 39 36 39 36 39 5c 22 2c 64 6f |y:\"#696969\",do|
|000005e0| 64 67 65 72 62 6c 75 65 3a 5c 22 23 31 65 39 30 |dgerblue:\"#1e90|
|000005f0| 66 66 5c 22 2c 66 69 72 65 62 72 69 63 6b 3a 5c |ff\",firebrick:\|
|00000600| 22 23 62 32 32 32 32 32 5c 22 2c 66 6c 6f 72 61 |"#b22222\",flora|
|00000610| 6c 77 68 69 74 65 3a 5c 22 23 66 66 66 61 66 30 |lwhite:\"#fffaf0|
|00000620| 5c 22 2c 66 6f 72 65 73 74 67 72 65 65 6e 3a 5c |\",forestgreen:\|
|00000630| 22 23 32 32 38 62 32 32 5c 22 2c 66 75 63 68 73 |"#228b22\",fuchs|
|00000640| 69 61 3a 5c 22 23 66 66 30 30 66 66 5c 22 2c 67 |ia:\"#ff00ff\",g|
|00000650| 61 69 6e 73 62 6f 72 6f 3a 5c 22 23 64 63 64 63 |ainsboro:\"#dcdc|
|00000660| 64 63 5c 22 2c 5c 6e 67 68 6f 73 74 77 68 69 74 |dc\",\nghostwhit|
|00000670| 65 3a 5c 22 23 66 38 66 38 66 66 5c 22 2c 67 6f |e:\"#f8f8ff\",go|
|00000680| 6c 64 3a 5c 22 23 66 66 64 37 30 30 5c 22 2c 67 |ld:\"#ffd700\",g|
|00000690| 6f 6c 64 65 6e 72 6f 64 3a 5c 22 23 64 61 61 35 |oldenrod:\"#daa5|
|000006a0| 32 30 5c 22 2c 67 72 61 79 3a 5c 22 23 38 30 38 |20\",gray:\"#808|
|000006b0| 30 38 30 5c 22 2c 67 72 65 65 6e 3a 5c 22 23 30 |080\",green:\"#0|
|000006c0| 30 38 30 30 30 5c 22 2c 67 72 65 65 6e 79 65 6c |08000\",greenyel|
|000006d0| 6c 6f 77 3a 5c 22 23 61 64 66 66 32 66 5c 22 2c |low:\"#adff2f\",|
|000006e0| 67 72 65 79 3a 5c 22 23 38 30 38 30 38 30 5c 22 |grey:\"#808080\"|
|000006f0| 2c 68 6f 6e 65 79 64 65 77 3a 5c 22 23 66 30 66 |,honeydew:\"#f0f|
|00000700| 66 66 30 5c 22 2c 68 6f 74 70 69 6e 6b 3a 5c 22 |ff0\",hotpink:\"|
|00000710| 23 66 66 36 39 62 34 5c 22 2c 69 6e 64 69 61 6e |#ff69b4\",indian|
|00000720| 72 65 64 3a 5c 22 23 63 64 35 63 35 63 5c 22 2c |red:\"#cd5c5c\",|
|00000730| 69 6e 64 69 67 6f 3a 5c 22 23 34 62 30 30 38 32 |indigo:\"#4b0082|
|00000740| 5c 22 2c 69 76 6f 72 79 3a 5c 22 23 66 66 66 66 |\",ivory:\"#ffff|
|00000750| 66 30 5c 22 2c 6b 68 61 6b 69 3a 5c 22 23 66 30 |f0\",khaki:\"#f0|
|00000760| 65 36 38 63 5c 22 2c 6c 61 76 65 6e 64 65 72 3a |e68c\",lavender:|
|00000770| 5c 22 23 65 36 65 36 66 61 5c 22 2c 6c 61 76 65 |\"#e6e6fa\",lave|
|00000780| 6e 64 65 72 62 6c 75 73 68 3a 5c 22 23 66 66 66 |nderblush:\"#fff|
|00000790| 30 66 35 5c 22 2c 6c 61 77 6e 67 72 65 65 6e 3a |0f5\",lawngreen:|
|000007a0| 5c 22 23 37 63 66 63 30 30 5c 22 2c 6c 65 6d 6f |\"#7cfc00\",lemo|
|000007b0| 6e 63 68 69 66 66 6f 6e 3a 5c 22 23 66 66 66 61 |nchiffon:\"#fffa|
|000007c0| 63 64 5c 22 2c 6c 69 67 68 74 62 6c 75 65 3a 5c |cd\",lightblue:\|
|000007d0| 22 23 61 64 64 38 65 36 5c 22 2c 6c 69 67 68 74 |"#add8e6\",light|
|000007e0| 63 6f 72 61 6c 3a 5c 22 23 66 30 38 30 38 30 5c |coral:\"#f08080\|
|000007f0| 22 2c 6c 69 67 68 74 63 79 61 6e 3a 5c 22 23 65 |",lightcyan:\"#e|
|00000800| 30 66 66 66 66 5c 22 2c 6c 69 67 68 74 67 6f 6c |0ffff\",lightgol|
|00000810| 64 65 6e 72 6f 64 79 65 6c 6c 6f 77 3a 5c 22 23 |denrodyellow:\"#|
|00000820| 66 61 66 61 64 32 5c 22 2c 6c 69 67 68 74 67 72 |fafad2\",lightgr|
|00000830| 61 79 3a 5c 22 23 64 33 64 33 64 33 5c 22 2c 6c |ay:\"#d3d3d3\",l|
|00000840| 69 67 68 74 67 72 65 65 6e 3a 5c 22 23 39 30 65 |ightgreen:\"#90e|
|00000850| 65 39 30 5c 22 2c 6c 69 67 68 74 67 72 65 79 3a |e90\",lightgrey:|
|00000860| 5c 22 23 64 33 64 33 64 33 5c 22 2c 6c 69 67 68 |\"#d3d3d3\",ligh|
|00000870| 74 70 69 6e 6b 3a 5c 22 23 66 66 62 36 63 31 5c |tpink:\"#ffb6c1\|
|00000880| 22 2c 6c 69 67 68 74 73 61 6c 6d 6f 6e 3a 5c 22 |",lightsalmon:\"|
|00000890| 23 66 66 61 30 37 61 5c 22 2c 5c 6e 6c 69 67 68 |#ffa07a\",\nligh|
|000008a0| 74 73 65 61 67 72 65 65 6e 3a 5c 22 23 32 30 62 |tseagreen:\"#20b|
|000008b0| 32 61 61 5c 22 2c 6c 69 67 68 74 73 6b 79 62 6c |2aa\",lightskybl|
|000008c0| 75 65 3a 5c 22 23 38 37 63 65 66 61 5c 22 2c 6c |ue:\"#87cefa\",l|
|000008d0| 69 67 68 74 73 6c 61 74 65 67 72 61 79 3a 5c 22 |ightslategray:\"|
|000008e0| 23 37 37 38 38 39 39 5c 22 2c 6c 69 67 68 74 73 |#778899\",lights|
|000008f0| 6c 61 74 65 67 72 65 79 3a 5c 22 23 37 37 38 38 |lategrey:\"#7788|
|00000900| 39 39 5c 22 2c 6c 69 67 68 74 73 74 65 65 6c 62 |99\",lightsteelb|
|00000910| 6c 75 65 3a 5c 22 23 62 30 63 34 64 65 5c 22 2c |lue:\"#b0c4de\",|
|00000920| 6c 69 67 68 74 79 65 6c 6c 6f 77 3a 5c 22 23 66 |lightyellow:\"#f|
|00000930| 66 66 66 65 30 5c 22 2c 6c 69 6d 65 3a 5c 22 23 |fffe0\",lime:\"#|
|00000940| 30 30 66 66 30 30 5c 22 2c 6c 69 6d 65 67 72 65 |00ff00\",limegre|
|00000950| 65 6e 3a 5c 22 23 33 32 63 64 33 32 5c 22 2c 6c |en:\"#32cd32\",l|
|00000960| 69 6e 65 6e 3a 5c 22 23 66 61 66 30 65 36 5c 22 |inen:\"#faf0e6\"|
|00000970| 2c 6d 61 67 65 6e 74 61 3a 5c 22 23 66 66 30 30 |,magenta:\"#ff00|
|00000980| 66 66 5c 22 2c 6d 61 72 6f 6f 6e 3a 5c 22 23 38 |ff\",maroon:\"#8|
|00000990| 30 30 30 30 30 5c 22 2c 6d 65 64 69 75 6d 61 71 |00000\",mediumaq|
|000009a0| 75 61 6d 61 72 69 6e 65 3a 5c 22 23 36 36 63 64 |uamarine:\"#66cd|
|000009b0| 61 61 5c 22 2c 6d 65 64 69 75 6d 62 6c 75 65 3a |aa\",mediumblue:|
|000009c0| 5c 22 23 30 30 30 30 63 64 5c 22 2c 6d 65 64 69 |\"#0000cd\",medi|
|000009d0| 75 6d 6f 72 63 68 69 64 3a 5c 22 23 62 61 35 35 |umorchid:\"#ba55|
|000009e0| 64 33 5c 22 2c 6d 65 64 69 75 6d 70 75 72 70 6c |d3\",mediumpurpl|
|000009f0| 65 3a 5c 22 23 39 33 37 30 64 62 5c 22 2c 6d 65 |e:\"#9370db\",me|
|00000a00| 64 69 75 6d 73 65 61 67 72 65 65 6e 3a 5c 22 23 |diumseagreen:\"#|
|00000a10| 33 63 62 33 37 31 5c 22 2c 6d 65 64 69 75 6d 73 |3cb371\",mediums|
|00000a20| 6c 61 74 65 62 6c 75 65 3a 5c 22 23 37 62 36 38 |lateblue:\"#7b68|
|00000a30| 65 65 5c 22 2c 6d 65 64 69 75 6d 73 70 72 69 6e |ee\",mediumsprin|
|00000a40| 67 67 72 65 65 6e 3a 5c 22 23 30 30 66 61 39 61 |ggreen:\"#00fa9a|
|00000a50| 5c 22 2c 6d 65 64 69 75 6d 74 75 72 71 75 6f 69 |\",mediumturquoi|
|00000a60| 73 65 3a 5c 22 23 34 38 64 31 63 63 5c 22 2c 6d |se:\"#48d1cc\",m|
|00000a70| 65 64 69 75 6d 76 69 6f 6c 65 74 72 65 64 3a 5c |ediumvioletred:\|
|00000a80| 22 23 63 37 31 35 38 35 5c 22 2c 6d 69 64 6e 69 |"#c71585\",midni|
|00000a90| 67 68 74 62 6c 75 65 3a 5c 22 23 31 39 31 39 37 |ghtblue:\"#19197|
|00000aa0| 30 5c 22 2c 6d 69 6e 74 63 72 65 61 6d 3a 5c 22 |0\",mintcream:\"|
|00000ab0| 23 66 35 66 66 66 61 5c 22 2c 6d 69 73 74 79 72 |#f5fffa\",mistyr|
|00000ac0| 6f 73 65 3a 5c 22 23 66 66 65 34 65 31 5c 22 2c |ose:\"#ffe4e1\",|
|00000ad0| 5c 6e 6d 6f 63 63 61 73 69 6e 3a 5c 22 23 66 66 |\nmoccasin:\"#ff|
|00000ae0| 65 34 62 35 5c 22 2c 6e 61 76 61 6a 6f 77 68 69 |e4b5\",navajowhi|
|00000af0| 74 65 3a 5c 22 23 66 66 64 65 61 64 5c 22 2c 6e |te:\"#ffdead\",n|
|00000b00| 61 76 79 3a 5c 22 23 30 30 30 30 38 30 5c 22 2c |avy:\"#000080\",|
|00000b10| 6f 6c 64 6c 61 63 65 3a 5c 22 23 66 64 66 35 65 |oldlace:\"#fdf5e|
|00000b20| 36 5c 22 2c 6f 6c 69 76 65 3a 5c 22 23 38 30 38 |6\",olive:\"#808|
|00000b30| 30 30 30 5c 22 2c 6f 6c 69 76 65 64 72 61 62 3a |000\",olivedrab:|
|00000b40| 5c 22 23 36 62 38 65 32 33 5c 22 2c 6f 72 61 6e |\"#6b8e23\",oran|
|00000b50| 67 65 3a 5c 22 23 66 66 61 35 30 30 5c 22 2c 6f |ge:\"#ffa500\",o|
|00000b60| 72 61 6e 67 65 72 65 64 3a 5c 22 23 66 66 34 35 |rangered:\"#ff45|
|00000b70| 30 30 5c 22 2c 6f 72 63 68 69 64 3a 5c 22 23 64 |00\",orchid:\"#d|
|00000b80| 61 37 30 64 36 5c 22 2c 70 61 6c 65 67 6f 6c 64 |a70d6\",palegold|
|00000b90| 65 6e 72 6f 64 3a 5c 22 23 65 65 65 38 61 61 5c |enrod:\"#eee8aa\|
|00000ba0| 22 2c 70 61 6c 65 67 72 65 65 6e 3a 5c 22 23 39 |",palegreen:\"#9|
|00000bb0| 38 66 62 39 38 5c 22 2c 70 61 6c 65 74 75 72 71 |8fb98\",paleturq|
|00000bc0| 75 6f 69 73 65 3a 5c 22 23 61 66 65 65 65 65 5c |uoise:\"#afeeee\|
|00000bd0| 22 2c 70 61 6c 65 76 69 6f 6c 65 74 72 65 64 3a |",palevioletred:|
|00000be0| 5c 22 23 64 62 37 30 39 33 5c 22 2c 70 61 70 61 |\"#db7093\",papa|
|00000bf0| 79 61 77 68 69 70 3a 5c 22 23 66 66 65 66 64 35 |yawhip:\"#ffefd5|
|00000c00| 5c 22 2c 70 65 61 63 68 70 75 66 66 3a 5c 22 23 |\",peachpuff:\"#|
|00000c10| 66 66 64 61 62 39 5c 22 2c 70 65 72 75 3a 5c 22 |ffdab9\",peru:\"|
|00000c20| 23 63 64 38 35 33 66 5c 22 2c 70 69 6e 6b 3a 5c |#cd853f\",pink:\|
|00000c30| 22 23 66 66 63 30 63 62 5c 22 2c 70 6c 75 6d 3a |"#ffc0cb\",plum:|
|00000c40| 5c 22 23 64 64 61 30 64 64 5c 22 2c 70 6f 77 64 |\"#dda0dd\",powd|
|00000c50| 65 72 62 6c 75 65 3a 5c 22 23 62 30 65 30 65 36 |erblue:\"#b0e0e6|
|00000c60| 5c 22 2c 70 75 72 70 6c 65 3a 5c 22 23 38 30 30 |\",purple:\"#800|
|00000c70| 30 38 30 5c 22 2c 72 65 64 3a 5c 22 23 66 66 30 |080\",red:\"#ff0|
|00000c80| 30 30 30 5c 22 2c 72 6f 73 79 62 72 6f 77 6e 3a |000\",rosybrown:|
|00000c90| 5c 22 23 62 63 38 66 38 66 5c 22 2c 72 6f 79 61 |\"#bc8f8f\",roya|
|00000ca0| 6c 62 6c 75 65 3a 5c 22 23 34 31 36 39 65 31 5c |lblue:\"#4169e1\|
|00000cb0| 22 2c 73 61 64 64 6c 65 62 72 6f 77 6e 3a 5c 22 |",saddlebrown:\"|
|00000cc0| 23 38 62 34 35 31 33 5c 22 2c 73 61 6c 6d 6f 6e |#8b4513\",salmon|
|00000cd0| 3a 5c 22 23 66 61 38 30 37 32 5c 22 2c 73 61 6e |:\"#fa8072\",san|
|00000ce0| 64 79 62 72 6f 77 6e 3a 5c 22 23 66 34 61 34 36 |dybrown:\"#f4a46|
|00000cf0| 30 5c 22 2c 73 65 61 67 72 65 65 6e 3a 5c 22 23 |0\",seagreen:\"#|
|00000d00| 32 65 38 62 35 37 5c 22 2c 5c 6e 73 65 61 73 68 |2e8b57\",\nseash|
|00000d10| 65 6c 6c 3a 5c 22 23 66 66 66 35 65 65 5c 22 2c |ell:\"#fff5ee\",|
|00000d20| 73 69 65 6e 6e 61 3a 5c 22 23 61 30 35 32 32 64 |sienna:\"#a0522d|
|00000d30| 5c 22 2c 73 69 6c 76 65 72 3a 5c 22 23 63 30 63 |\",silver:\"#c0c|
|00000d40| 30 63 30 5c 22 2c 73 6b 79 62 6c 75 65 3a 5c 22 |0c0\",skyblue:\"|
|00000d50| 23 38 37 63 65 65 62 5c 22 2c 73 6c 61 74 65 62 |#87ceeb\",slateb|
|00000d60| 6c 75 65 3a 5c 22 23 36 61 35 61 63 64 5c 22 2c |lue:\"#6a5acd\",|
|00000d70| 73 6c 61 74 65 67 72 61 79 3a 5c 22 23 37 30 38 |slategray:\"#708|
|00000d80| 30 39 30 5c 22 2c 73 6c 61 74 65 67 72 65 79 3a |090\",slategrey:|
|00000d90| 5c 22 23 37 30 38 30 39 30 5c 22 2c 73 6e 6f 77 |\"#708090\",snow|
|00000da0| 3a 5c 22 23 66 66 66 61 66 61 5c 22 2c 73 70 72 |:\"#fffafa\",spr|
|00000db0| 69 6e 67 67 72 65 65 6e 3a 5c 22 23 30 30 66 66 |inggreen:\"#00ff|
|00000dc0| 37 66 5c 22 2c 73 74 65 65 6c 62 6c 75 65 3a 5c |7f\",steelblue:\|
|00000dd0| 22 23 34 36 38 32 62 34 5c 22 2c 74 61 6e 3a 5c |"#4682b4\",tan:\|
|00000de0| 22 23 64 32 62 34 38 63 5c 22 2c 74 65 61 6c 3a |"#d2b48c\",teal:|
|00000df0| 5c 22 23 30 30 38 30 38 30 5c 22 2c 74 68 69 73 |\"#008080\",this|
|00000e00| 74 6c 65 3a 5c 22 23 64 38 62 66 64 38 5c 22 2c |tle:\"#d8bfd8\",|
|00000e10| 74 6f 6d 61 74 6f 3a 5c 22 23 66 66 36 33 34 37 |tomato:\"#ff6347|
|00000e20| 5c 22 2c 74 75 72 71 75 6f 69 73 65 3a 5c 22 23 |\",turquoise:\"#|
|00000e30| 34 30 65 30 64 30 5c 22 2c 76 69 6f 6c 65 74 3a |40e0d0\",violet:|
|00000e40| 5c 22 23 65 65 38 32 65 65 5c 22 2c 77 68 65 61 |\"#ee82ee\",whea|
|00000e50| 74 3a 5c 22 23 66 35 64 65 62 33 5c 22 2c 77 68 |t:\"#f5deb3\",wh|
|00000e60| 69 74 65 3a 5c 22 23 66 66 66 66 66 66 5c 22 2c |ite:\"#ffffff\",|
|00000e70| 77 68 69 74 65 73 6d 6f 6b 65 3a 5c 22 23 66 35 |whitesmoke:\"#f5|
|00000e80| 66 35 66 35 5c 22 2c 79 65 6c 6c 6f 77 3a 5c 22 |f5f5\",yellow:\"|
|00000e90| 23 66 66 66 66 30 30 5c 22 2c 79 65 6c 6c 6f 77 |#ffff00\",yellow|
|00000ea0| 67 72 65 65 6e 3a 5c 22 23 39 61 63 64 33 32 5c |green:\"#9acd32\|
|00000eb0| 22 7d 3b 76 61 72 20 6d 63 3d 5c 22 62 61 63 6b |"};var mc=\"back|
|00000ec0| 67 72 6f 75 6e 64 43 6f 6c 6f 72 20 62 6f 72 64 |groundColor bord|
|00000ed0| 65 72 54 6f 70 43 6f 6c 6f 72 20 62 6f 72 64 65 |erTopColor borde|
|00000ee0| 72 52 69 67 68 74 43 6f 6c 6f 72 20 62 6f 72 64 |rRightColor bord|
|00000ef0| 65 72 42 6f 74 74 6f 6d 43 6f 6c 6f 72 20 62 6f |erBottomColor bo|
|00000f00| 72 64 65 72 4c 65 66 74 43 6f 6c 6f 72 20 63 6f |rderLeftColor co|
|00000f10| 6c 6f 72 20 6f 75 74 6c 69 6e 65 43 6f 6c 6f 72 |lor outlineColor|
|00000f20| 5c 22 2e 73 70 6c 69 74 28 5c 22 20 5c 22 29 2c |\".split(\" \"),|
|00000f30| 6e 63 3d 5c 75 30 30 32 66 23 28 5b 30 2d 39 61 |nc=\u002f#([0-9a|
|00000f40| 2d 66 41 2d 46 5d 29 28 5b 30 2d 39 61 2d 66 41 |-fA-F])([0-9a-fA|
|00000f50| 2d 46 5d 29 28 5b 30 2d 39 61 2d 66 41 2d 46 5d |-F])([0-9a-fA-F]|
|00000f60| 29 5c 75 30 30 32 66 2c 6f 63 3d 5c 75 30 30 32 |)\u002f,oc=\u002|
|00000f70| 66 5e 23 28 3f 3a 5b 30 2d 39 61 2d 66 5d 7b 33 |f^#(?:[0-9a-f]{3|
|00000f80| 7d 29 7b 31 2c 32 7d 24 5c 75 30 30 32 66 69 2c |}){1,2}$\u002fi,|
|00000f90| 70 63 3d 5c 75 30 30 32 66 5e 28 3f 3a 72 67 62 |pc=\u002f^(?:rgb|
|00000fa0| 61 29 3f 5c 5c 28 28 5c 5c 64 7b 31 2c 33 7d 29 |a)?\\((\\d{1,3})|
|00000fb0| 2c 5c 5c 73 3f 28 5c 5c 64 7b 31 2c 33 7d 29 2c |,\\s?(\\d{1,3}),|
|00000fc0| 5c 5c 73 3f 28 5c 5c 64 7b 31 2c 33 7d 29 2c 5c |\\s?(\\d{1,3}),\|
|00000fd0| 5c 73 3f 28 30 7c 31 7c 30 5c 5c 2e 5c 5c 64 2a |\s?(0|1|0\\.\\d*|
|00000fe0| 29 5c 5c 29 24 5c 75 30 30 32 66 69 2c 71 63 3d |)\\)$\u002fi,qc=|
|00000ff0| 5c 75 30 30 32 66 5e 28 3f 3a 72 67 62 29 3f 5c |\u002f^(?:rgb)?\|
|00001000| 5c 28 28 30 7c 5b 31 2d 39 5d 5c 5c 64 7b 30 2c |\((0|[1-9]\\d{0,|
|00001010| 32 7d 29 2c 5c 5c 73 3f 28 30 7c 5b 31 2d 39 5d |2}),\\s?(0|[1-9]|
|00001020| 5c 5c 64 7b 30 2c 32 7d 29 2c 5c 5c 73 3f 28 30 |\\d{0,2}),\\s?(0|
|00001030| 7c 5b 31 2d 39 5d 5c 5c 64 7b 30 2c 32 7d 29 5c ||[1-9]\\d{0,2})\|
|00001040| 5c 29 24 5c 75 30 30 32 66 69 3b 66 75 6e 63 74 |\)$\u002fi;funct|
|00001050| 69 6f 6e 20 72 63 28 61 2c 62 29 7b 74 68 69 73 |ion rc(a,b){this|
|00001060| 2e 63 6f 64 65 3d 61 3b 74 68 69 73 2e 61 3d 56 |.code=a;this.a=V|
|00001070| 5b 61 5d 7c 7c 73 63 3b 74 68 69 73 2e 6d 65 73 |[a]||sc;this.mes|
|00001080| 73 61 67 65 3d 62 7c 7c 5c 22 5c 22 3b 61 3d 74 |sage=b||\"\";a=t|
|00001090| 68 69 73 2e 61 2e 72 65 70 6c 61 63 65 28 5c 75 |his.a.replace(\u|
|000010a0| 30 30 32 66 28 28 3f 3a 5e 7c 5c 5c 73 2b 29 5b |002f((?:^|\\s+)[|
|000010b0| 61 2d 7a 5d 29 5c 75 30 30 32 66 67 2c 66 75 6e |a-z])\u002fg,fun|
|000010c0| 63 74 69 6f 6e 28 63 29 7b 72 65 74 75 72 6e 20 |ction(c){return |
|000010d0| 63 2e 74 6f 55 70 70 65 72 43 61 73 65 28 29 2e |c.toUpperCase().|
|000010e0| 72 65 70 6c 61 63 65 28 5c 75 30 30 32 66 5e 5b |replace(\u002f^[|
|000010f0| 5c 5c 73 5c 5c 78 61 30 5d 2b 5c 75 30 30 32 66 |\\s\\xa0]+\u002f|
|00001100| 67 2c 5c 22 5c 22 29 7d 29 3b 62 3d 61 2e 6c 65 |g,\"\")});b=a.le|
|00001110| 6e 67 74 68 2d 35 3b 69 66 28 30 3e 62 7c 7c 61 |ngth-5;if(0>b||a|
|00001120| 2e 69 6e 64 65 78 4f 66 28 5c 22 45 72 72 6f 72 |.indexOf(\"Error|
|00001130| 5c 22 2c 62 29 21 3d 62 29 61 2b 3d 5c 22 45 72 |\",b)!=b)a+=\"Er|
|00001140| 72 6f 72 5c 22 3b 74 68 69 73 2e 6e 61 6d 65 3d |ror\";this.name=|
|00001150| 61 3b 61 3d 45 72 72 6f 72 28 74 68 69 73 2e 6d |a;a=Error(this.m|
|00001160| 65 73 73 61 67 65 29 3b 61 2e 6e 61 6d 65 3d 74 |essage);a.name=t|
|00001170| 68 69 73 2e 6e 61 6d 65 3b 74 68 69 73 2e 73 74 |his.name;this.st|
|00001180| 61 63 6b 3d 61 2e 73 74 61 63 6b 7c 7c 5c 22 5c |ack=a.stack||\"\|
|00001190| 22 7d 6c 28 72 63 2c 45 72 72 6f 72 29 3b 76 61 |"}l(rc,Error);va|
|000011a0| 72 20 73 63 3d 5c 22 75 6e 6b 6e 6f 77 6e 20 65 |r sc=\"unknown e|
|000011b0| 72 72 6f 72 5c 22 2c 56 3d 7b 31 35 3a 5c 22 65 |rror\",V={15:\"e|
|000011c0| 6c 65 6d 65 6e 74 20 6e 6f 74 20 73 65 6c 65 63 |lement not selec|
|000011d0| 74 61 62 6c 65 5c 22 2c 31 31 3a 5c 22 65 6c 65 |table\",11:\"ele|
|000011e0| 6d 65 6e 74 20 6e 6f 74 20 76 69 73 69 62 6c 65 |ment not visible|
|000011f0| 5c 22 7d 3b 56 5b 33 31 5d 3d 73 63 3b 56 5b 33 |\"};V[31]=sc;V[3|
|00001200| 30 5d 3d 73 63 3b 56 5b 32 34 5d 3d 5c 22 69 6e |0]=sc;V[24]=\"in|
|00001210| 76 61 6c 69 64 20 63 6f 6f 6b 69 65 20 64 6f 6d |valid cookie dom|
|00001220| 61 69 6e 5c 22 3b 56 5b 32 39 5d 3d 5c 22 69 6e |ain\";V[29]=\"in|
|00001230| 76 61 6c 69 64 20 65 6c 65 6d 65 6e 74 20 63 6f |valid element co|
|00001240| 6f 72 64 69 6e 61 74 65 73 5c 22 3b 56 5b 31 32 |ordinates\";V[12|
|00001250| 5d 3d 5c 22 69 6e 76 61 6c 69 64 20 65 6c 65 6d |]=\"invalid elem|
|00001260| 65 6e 74 20 73 74 61 74 65 5c 22 3b 5c 6e 56 5b |ent state\";\nV[|
|00001270| 33 32 5d 3d 5c 22 69 6e 76 61 6c 69 64 20 73 65 |32]=\"invalid se|
|00001280| 6c 65 63 74 6f 72 5c 22 3b 56 5b 35 31 5d 3d 5c |lector\";V[51]=\|
|00001290| 22 69 6e 76 61 6c 69 64 20 73 65 6c 65 63 74 6f |"invalid selecto|
|000012a0| 72 5c 22 3b 56 5b 35 32 5d 3d 5c 22 69 6e 76 61 |r\";V[52]=\"inva|
|000012b0| 6c 69 64 20 73 65 6c 65 63 74 6f 72 5c 22 3b 56 |lid selector\";V|
|000012c0| 5b 31 37 5d 3d 5c 22 6a 61 76 61 73 63 72 69 70 |[17]=\"javascrip|
|000012d0| 74 20 65 72 72 6f 72 5c 22 3b 56 5b 34 30 35 5d |t error\";V[405]|
|000012e0| 3d 5c 22 75 6e 73 75 70 70 6f 72 74 65 64 20 6f |=\"unsupported o|
|000012f0| 70 65 72 61 74 69 6f 6e 5c 22 3b 56 5b 33 34 5d |peration\";V[34]|
|00001300| 3d 5c 22 6d 6f 76 65 20 74 61 72 67 65 74 20 6f |=\"move target o|
|00001310| 75 74 20 6f 66 20 62 6f 75 6e 64 73 5c 22 3b 56 |ut of bounds\";V|
|00001320| 5b 32 37 5d 3d 5c 22 6e 6f 20 73 75 63 68 20 61 |[27]=\"no such a|
|00001330| 6c 65 72 74 5c 22 3b 56 5b 37 5d 3d 5c 22 6e 6f |lert\";V[7]=\"no|
|00001340| 20 73 75 63 68 20 65 6c 65 6d 65 6e 74 5c 22 3b | such element\";|
|00001350| 56 5b 38 5d 3d 5c 22 6e 6f 20 73 75 63 68 20 66 |V[8]=\"no such f|
|00001360| 72 61 6d 65 5c 22 3b 56 5b 32 33 5d 3d 5c 22 6e |rame\";V[23]=\"n|
|00001370| 6f 20 73 75 63 68 20 77 69 6e 64 6f 77 5c 22 3b |o such window\";|
|00001380| 56 5b 32 38 5d 3d 5c 22 73 63 72 69 70 74 20 74 |V[28]=\"script t|
|00001390| 69 6d 65 6f 75 74 5c 22 3b 56 5b 33 33 5d 3d 5c |imeout\";V[33]=\|
|000013a0| 22 73 65 73 73 69 6f 6e 20 6e 6f 74 20 63 72 65 |"session not cre|
|000013b0| 61 74 65 64 5c 22 3b 56 5b 31 30 5d 3d 5c 22 73 |ated\";V[10]=\"s|
|000013c0| 74 61 6c 65 20 65 6c 65 6d 65 6e 74 20 72 65 66 |tale element ref|
|000013d0| 65 72 65 6e 63 65 5c 22 3b 56 5b 32 31 5d 3d 5c |erence\";V[21]=\|
|000013e0| 22 74 69 6d 65 6f 75 74 5c 22 3b 56 5b 32 35 5d |"timeout\";V[25]|
|000013f0| 3d 5c 22 75 6e 61 62 6c 65 20 74 6f 20 73 65 74 |=\"unable to set|
|00001400| 20 63 6f 6f 6b 69 65 5c 22 3b 56 5b 32 36 5d 3d | cookie\";V[26]=|
|00001410| 5c 22 75 6e 65 78 70 65 63 74 65 64 20 61 6c 65 |\"unexpected ale|
|00001420| 72 74 20 6f 70 65 6e 5c 22 3b 56 5b 31 33 5d 3d |rt open\";V[13]=|
|00001430| 73 63 3b 56 5b 39 5d 3d 5c 22 75 6e 6b 6e 6f 77 |sc;V[9]=\"unknow|
|00001440| 6e 20 63 6f 6d 6d 61 6e 64 5c 22 3b 76 61 72 20 |n command\";var |
|00001450| 74 63 3d 76 61 28 29 2c 75 63 3d 79 61 28 29 7c |tc=va(),uc=ya()||
|00001460| 7c 75 28 5c 22 69 50 6f 64 5c 22 29 2c 76 63 3d ||u(\"iPod\"),vc=|
|00001470| 75 28 5c 22 69 50 61 64 5c 22 29 2c 77 63 3d 75 |u(\"iPad\"),wc=u|
|00001480| 28 5c 22 41 6e 64 72 6f 69 64 5c 22 29 5c 75 30 |(\"Android\")\u0|
|00001490| 30 32 36 5c 75 30 30 32 36 21 28 77 61 28 29 7c |026\u0026!(wa()||
|000014a0| 7c 76 61 28 29 7c 7c 75 28 5c 22 4f 70 65 72 61 ||va()||u(\"Opera|
|000014b0| 5c 22 29 7c 7c 75 28 5c 22 53 69 6c 6b 5c 22 29 |\")||u(\"Silk\")|
|000014c0| 29 2c 78 63 3d 77 61 28 29 2c 79 63 3d 75 28 5c |),xc=wa(),yc=u(\|
|000014d0| 22 53 61 66 61 72 69 5c 22 29 5c 75 30 30 32 36 |"Safari\")\u0026|
|000014e0| 5c 75 30 30 32 36 21 28 77 61 28 29 7c 7c 75 28 |\u0026!(wa()||u(|
|000014f0| 5c 22 43 6f 61 73 74 5c 22 29 7c 7c 75 28 5c 22 |\"Coast\")||u(\"|
|00001500| 4f 70 65 72 61 5c 22 29 7c 7c 75 28 5c 22 45 64 |Opera\")||u(\"Ed|
|00001510| 67 65 5c 22 29 7c 7c 75 28 5c 22 45 64 67 5c 75 |ge\")||u(\"Edg\u|
|00001520| 30 30 32 66 5c 22 29 7c 7c 75 28 5c 22 4f 50 52 |002f\")||u(\"OPR|
|00001530| 5c 22 29 7c 7c 76 61 28 29 7c 7c 75 28 5c 22 53 |\")||va()||u(\"S|
|00001540| 69 6c 6b 5c 22 29 7c 7c 75 28 5c 22 41 6e 64 72 |ilk\")||u(\"Andr|
|00001550| 6f 69 64 5c 22 29 29 5c 75 30 30 32 36 5c 75 30 |oid\"))\u0026\u0|
|00001560| 30 32 36 21 28 79 61 28 29 7c 7c 75 28 5c 22 69 |026!(ya()||u(\"i|
|00001570| 50 61 64 5c 22 29 7c 7c 75 28 5c 22 69 50 6f 64 |Pad\")||u(\"iPod|
|00001580| 5c 22 29 29 3b 66 75 6e 63 74 69 6f 6e 20 7a 63 |\"));function zc|
|00001590| 28 61 29 7b 72 65 74 75 72 6e 28 61 3d 61 2e 65 |(a){return(a=a.e|
|000015a0| 78 65 63 28 74 29 29 3f 61 5b 31 5d 3a 5c 22 5c |xec(t))?a[1]:\"\|
|000015b0| 22 7d 28 66 75 6e 63 74 69 6f 6e 28 29 7b 69 66 |"}(function(){if|
|000015c0| 28 74 63 29 72 65 74 75 72 6e 20 7a 63 28 5c 75 |(tc)return zc(\u|
|000015d0| 30 30 32 66 46 69 72 65 66 6f 78 5c 5c 5c 75 30 |002fFirefox\\\u0|
|000015e0| 30 32 66 28 5b 30 2d 39 2e 5d 2b 29 5c 75 30 30 |02f([0-9.]+)\u00|
|000015f0| 32 66 29 3b 69 66 28 76 7c 7c 43 61 7c 7c 42 61 |2f);if(v||Ca||Ba|
|00001600| 29 72 65 74 75 72 6e 20 47 61 3b 69 66 28 78 63 |)return Ga;if(xc|
|00001610| 29 72 65 74 75 72 6e 20 79 61 28 29 7c 7c 75 28 |)return ya()||u(|
|00001620| 5c 22 69 50 61 64 5c 22 29 7c 7c 75 28 5c 22 69 |\"iPad\")||u(\"i|
|00001630| 50 6f 64 5c 22 29 3f 7a 63 28 5c 75 30 30 32 66 |Pod\")?zc(\u002f|
|00001640| 43 72 69 4f 53 5c 5c 5c 75 30 30 32 66 28 5b 30 |CriOS\\\u002f([0|
|00001650| 2d 39 2e 5d 2b 29 5c 75 30 30 32 66 29 3a 7a 63 |-9.]+)\u002f):zc|
|00001660| 28 5c 75 30 30 32 66 43 68 72 6f 6d 65 5c 5c 5c |(\u002fChrome\\\|
|00001670| 75 30 30 32 66 28 5b 30 2d 39 2e 5d 2b 29 5c 75 |u002f([0-9.]+)\u|
|00001680| 30 30 32 66 29 3b 69 66 28 79 63 5c 75 30 30 32 |002f);if(yc\u002|
|00001690| 36 5c 75 30 30 32 36 21 28 79 61 28 29 7c 7c 75 |6\u0026!(ya()||u|
|000016a0| 28 5c 22 69 50 61 64 5c 22 29 7c 7c 75 28 5c 22 |(\"iPad\")||u(\"|
|000016b0| 69 50 6f 64 5c 22 29 29 29 72 65 74 75 72 6e 20 |iPod\")))return |
|000016c0| 7a 63 28 5c 75 30 30 32 66 56 65 72 73 69 6f 6e |zc(\u002fVersion|
|000016d0| 5c 5c 5c 75 30 30 32 66 28 5b 30 2d 39 2e 5d 2b |\\\u002f([0-9.]+|
|000016e0| 29 5c 75 30 30 32 66 29 3b 69 66 28 75 63 7c 7c |)\u002f);if(uc|||
|000016f0| 76 63 29 7b 76 61 72 20 61 3d 5c 75 30 30 32 66 |vc){var a=\u002f|
|00001700| 56 65 72 73 69 6f 6e 5c 5c 5c 75 30 30 32 66 28 |Version\\\u002f(|
|00001710| 5c 5c 53 2b 29 2e 2a 4d 6f 62 69 6c 65 5c 5c 5c |\\S+).*Mobile\\\|
|00001720| 75 30 30 32 66 28 5c 5c 53 2b 29 5c 75 30 30 32 |u002f(\\S+)\u002|
|00001730| 66 2e 65 78 65 63 28 74 29 3b 69 66 28 61 29 72 |f.exec(t);if(a)r|
|00001740| 65 74 75 72 6e 20 61 5b 31 5d 2b 5c 22 2e 5c 22 |eturn a[1]+\".\"|
|00001750| 2b 61 5b 32 5d 7d 65 6c 73 65 20 69 66 28 77 63 |+a[2]}else if(wc|
|00001760| 29 72 65 74 75 72 6e 28 61 3d 7a 63 28 5c 75 30 |)return(a=zc(\u0|
|00001770| 30 32 66 41 6e 64 72 6f 69 64 5c 5c 73 2b 28 5b |02fAndroid\\s+([|
|00001780| 30 2d 39 2e 5d 2b 29 5c 75 30 30 32 66 29 29 3f |0-9.]+)\u002f))?|
|00001790| 61 3a 7a 63 28 5c 75 30 30 32 66 56 65 72 73 69 |a:zc(\u002fVersi|
|000017a0| 6f 6e 5c 5c 5c 75 30 30 32 66 28 5b 30 2d 39 2e |on\\\u002f([0-9.|
|000017b0| 5d 2b 29 5c 75 30 30 32 66 29 3b 72 65 74 75 72 |]+)\u002f);retur|
|000017c0| 6e 5c 22 5c 22 7d 29 28 29 3b 76 61 72 20 41 63 |n\"\"})();var Ac|
|000017d0| 3d 76 5c 75 30 30 32 36 5c 75 30 30 32 36 21 28 |=v\u0026\u0026!(|
|000017e0| 39 5c 75 30 30 33 63 3d 4e 75 6d 62 65 72 28 4c |9\u003c=Number(L|
|000017f0| 61 29 29 3b 66 75 6e 63 74 69 6f 6e 20 57 28 61 |a));function W(a|
|00001800| 2c 62 29 7b 62 5c 75 30 30 32 36 5c 75 30 30 32 |,b){b\u0026\u002|
|00001810| 36 5c 22 73 74 72 69 6e 67 5c 22 21 3d 3d 74 79 |6\"string\"!==ty|
|00001820| 70 65 6f 66 20 62 5c 75 30 30 32 36 5c 75 30 30 |peof b\u0026\u00|
|00001830| 32 36 28 62 3d 62 2e 74 6f 53 74 72 69 6e 67 28 |26(b=b.toString(|
|00001840| 29 29 3b 72 65 74 75 72 6e 21 21 61 5c 75 30 30 |));return!!a\u00|
|00001850| 32 36 5c 75 30 30 32 36 31 3d 3d 61 2e 6e 6f 64 |26\u00261==a.nod|
|00001860| 65 54 79 70 65 5c 75 30 30 32 36 5c 75 30 30 32 |eType\u0026\u002|
|00001870| 36 28 21 62 7c 7c 61 2e 74 61 67 4e 61 6d 65 2e |6(!b||a.tagName.|
|00001880| 74 6f 55 70 70 65 72 43 61 73 65 28 29 3d 3d 62 |toUpperCase()==b|
|00001890| 29 7d 3b 76 61 72 20 42 63 3d 66 75 6e 63 74 69 |)};var Bc=functi|
|000018a0| 6f 6e 28 29 7b 76 61 72 20 61 3d 7b 4b 3a 5c 22 |on(){var a={K:\"|
|000018b0| 68 74 74 70 3a 5c 75 30 30 32 66 5c 75 30 30 32 |http:\u002f\u002|
|000018c0| 66 77 77 77 2e 77 33 2e 6f 72 67 5c 75 30 30 32 |fwww.w3.org\u002|
|000018d0| 66 32 30 30 30 5c 75 30 30 32 66 73 76 67 5c 22 |f2000\u002fsvg\"|
|000018e0| 7d 3b 72 65 74 75 72 6e 20 66 75 6e 63 74 69 6f |};return functio|
|000018f0| 6e 28 62 29 7b 72 65 74 75 72 6e 20 61 5b 62 5d |n(b){return a[b]|
|00001900| 7c 7c 6e 75 6c 6c 7d 7d 28 29 3b 5c 6e 66 75 6e |||null}}();\nfun|
|00001910| 63 74 69 6f 6e 20 43 63 28 61 2c 62 29 7b 76 61 |ction Cc(a,b){va|
|00001920| 72 20 63 3d 41 28 61 29 3b 69 66 28 21 63 2e 64 |r c=A(a);if(!c.d|
|00001930| 6f 63 75 6d 65 6e 74 45 6c 65 6d 65 6e 74 29 72 |ocumentElement)r|
|00001940| 65 74 75 72 6e 20 6e 75 6c 6c 3b 28 76 7c 7c 77 |eturn null;(v||w|
|00001950| 63 29 5c 75 30 30 32 36 5c 75 30 30 32 36 6b 63 |c)\u0026\u0026kc|
|00001960| 28 63 3f 63 2e 70 61 72 65 6e 74 57 69 6e 64 6f |(c?c.parentWindo|
|00001970| 77 7c 7c 63 2e 64 65 66 61 75 6c 74 56 69 65 77 |w||c.defaultView|
|00001980| 3a 77 69 6e 64 6f 77 29 3b 74 72 79 7b 76 61 72 |:window);try{var|
|00001990| 20 64 3d 63 2e 63 72 65 61 74 65 4e 53 52 65 73 | d=c.createNSRes|
|000019a0| 6f 6c 76 65 72 3f 63 2e 63 72 65 61 74 65 4e 53 |olver?c.createNS|
|000019b0| 52 65 73 6f 6c 76 65 72 28 63 2e 64 6f 63 75 6d |Resolver(c.docum|
|000019c0| 65 6e 74 45 6c 65 6d 65 6e 74 29 3a 42 63 3b 69 |entElement):Bc;i|
|000019d0| 66 28 76 5c 75 30 30 32 36 5c 75 30 30 32 36 21 |f(v\u0026\u0026!|
|000019e0| 4b 61 28 37 29 29 72 65 74 75 72 6e 20 63 2e 65 |Ka(7))return c.e|
|000019f0| 76 61 6c 75 61 74 65 2e 63 61 6c 6c 28 63 2c 62 |valuate.call(c,b|
|00001a00| 2c 61 2c 64 2c 39 2c 6e 75 6c 6c 29 3b 69 66 28 |,a,d,9,null);if(|
|00001a10| 21 76 7c 7c 39 5c 75 30 30 33 63 3d 4e 75 6d 62 |!v||9\u003c=Numb|
|00001a20| 65 72 28 4c 61 29 29 7b 66 6f 72 28 76 61 72 20 |er(La)){for(var |
|00001a30| 65 3d 7b 7d 2c 66 3d 63 2e 67 65 74 45 6c 65 6d |e={},f=c.getElem|
|00001a40| 65 6e 74 73 42 79 54 61 67 4e 61 6d 65 28 5c 22 |entsByTagName(\"|
|00001a50| 2a 5c 22 29 2c 67 3d 30 3b 67 5c 75 30 30 33 63 |*\"),g=0;g\u003c|
|00001a60| 66 2e 6c 65 6e 67 74 68 3b 2b 2b 67 29 7b 76 61 |f.length;++g){va|
|00001a70| 72 20 68 3d 66 5b 67 5d 2c 6d 3d 68 2e 6e 61 6d |r h=f[g],m=h.nam|
|00001a80| 65 73 70 61 63 65 55 52 49 3b 69 66 28 6d 5c 75 |espaceURI;if(m\u|
|00001a90| 30 30 32 36 5c 75 30 30 32 36 21 65 5b 6d 5d 29 |0026\u0026!e[m])|
|00001aa0| 7b 76 61 72 20 77 3d 68 2e 6c 6f 6f 6b 75 70 50 |{var w=h.lookupP|
|00001ab0| 72 65 66 69 78 28 6d 29 3b 69 66 28 21 77 29 7b |refix(m);if(!w){|
|00001ac0| 76 61 72 20 72 3d 6d 2e 6d 61 74 63 68 28 5c 22 |var r=m.match(\"|
|00001ad0| 2e 2a 5c 75 30 30 32 66 28 5c 5c 5c 5c 77 2b 29 |.*\u002f(\\\\w+)|
|00001ae0| 5c 75 30 30 32 66 3f 24 5c 22 29 3b 77 3d 72 3f |\u002f?$\");w=r?|
|00001af0| 72 5b 31 5d 3a 5c 22 78 68 74 6d 6c 5c 22 7d 65 |r[1]:\"xhtml\"}e|
|00001b00| 5b 6d 5d 3d 77 7d 7d 76 61 72 20 44 3d 7b 7d 2c |[m]=w}}var D={},|
|00001b10| 4c 3b 66 6f 72 28 4c 20 69 6e 20 65 29 44 5b 65 |L;for(L in e)D[e|
|00001b20| 5b 4c 5d 5d 3d 4c 3b 64 3d 66 75 6e 63 74 69 6f |[L]]=L;d=functio|
|00001b30| 6e 28 4d 29 7b 72 65 74 75 72 6e 20 44 5b 4d 5d |n(M){return D[M]|
|00001b40| 7c 7c 5c 6e 6e 75 6c 6c 7d 7d 74 72 79 7b 72 65 |||\nnull}}try{re|
|00001b50| 74 75 72 6e 20 63 2e 65 76 61 6c 75 61 74 65 28 |turn c.evaluate(|
|00001b60| 62 2c 61 2c 64 2c 39 2c 6e 75 6c 6c 29 7d 63 61 |b,a,d,9,null)}ca|
|00001b70| 74 63 68 28 4d 29 7b 69 66 28 5c 22 54 79 70 65 |tch(M){if(\"Type|
|00001b80| 45 72 72 6f 72 5c 22 3d 3d 3d 4d 2e 6e 61 6d 65 |Error\"===M.name|
|00001b90| 29 72 65 74 75 72 6e 20 64 3d 63 2e 63 72 65 61 |)return d=c.crea|
|00001ba0| 74 65 4e 53 52 65 73 6f 6c 76 65 72 3f 63 2e 63 |teNSResolver?c.c|
|00001bb0| 72 65 61 74 65 4e 53 52 65 73 6f 6c 76 65 72 28 |reateNSResolver(|
|00001bc0| 63 2e 64 6f 63 75 6d 65 6e 74 45 6c 65 6d 65 6e |c.documentElemen|
|00001bd0| 74 29 3a 42 63 2c 63 2e 65 76 61 6c 75 61 74 65 |t):Bc,c.evaluate|
|00001be0| 28 62 2c 61 2c 64 2c 39 2c 6e 75 6c 6c 29 3b 74 |(b,a,d,9,null);t|
|00001bf0| 68 72 6f 77 20 4d 3b 7d 7d 63 61 74 63 68 28 4d |hrow M;}}catch(M|
|00001c00| 29 7b 69 66 28 21 44 61 7c 7c 5c 22 4e 53 5f 45 |){if(!Da||\"NS_E|
|00001c10| 52 52 4f 52 5f 49 4c 4c 45 47 41 4c 5f 56 41 4c |RROR_ILLEGAL_VAL|
|00001c20| 55 45 5c 22 21 3d 4d 2e 6e 61 6d 65 29 74 68 72 |UE\"!=M.name)thr|
|00001c30| 6f 77 20 6e 65 77 20 72 63 28 33 32 2c 5c 22 55 |ow new rc(32,\"U|
|00001c40| 6e 61 62 6c 65 20 74 6f 20 6c 6f 63 61 74 65 20 |nable to locate |
|00001c50| 61 6e 20 65 6c 65 6d 65 6e 74 20 77 69 74 68 20 |an element with |
|00001c60| 74 68 65 20 78 70 61 74 68 20 65 78 70 72 65 73 |the xpath expres|
|00001c70| 73 69 6f 6e 20 5c 22 2b 62 2b 5c 22 20 62 65 63 |sion \"+b+\" bec|
|00001c80| 61 75 73 65 20 6f 66 20 74 68 65 20 66 6f 6c 6c |ause of the foll|
|00001c90| 6f 77 69 6e 67 20 65 72 72 6f 72 3a 5c 5c 6e 5c |owing error:\\n\|
|00001ca0| 22 2b 4d 29 3b 7d 7d 5c 6e 66 75 6e 63 74 69 6f |"+M);}}\nfunctio|
|00001cb0| 6e 20 44 63 28 61 2c 62 29 7b 76 61 72 20 63 3d |n Dc(a,b){var c=|
|00001cc0| 66 75 6e 63 74 69 6f 6e 28 29 7b 76 61 72 20 64 |function(){var d|
|00001cd0| 3d 43 63 28 62 2c 61 29 3b 72 65 74 75 72 6e 20 |=Cc(b,a);return |
|00001ce0| 64 3f 64 2e 73 69 6e 67 6c 65 4e 6f 64 65 56 61 |d?d.singleNodeVa|
|00001cf0| 6c 75 65 7c 7c 6e 75 6c 6c 3a 62 2e 73 65 6c 65 |lue||null:b.sele|
|00001d00| 63 74 53 69 6e 67 6c 65 4e 6f 64 65 3f 28 64 3d |ctSingleNode?(d=|
|00001d10| 41 28 62 29 2c 64 2e 73 65 74 50 72 6f 70 65 72 |A(b),d.setProper|
|00001d20| 74 79 5c 75 30 30 32 36 5c 75 30 30 32 36 64 2e |ty\u0026\u0026d.|
|00001d30| 73 65 74 50 72 6f 70 65 72 74 79 28 5c 22 53 65 |setProperty(\"Se|
|00001d40| 6c 65 63 74 69 6f 6e 4c 61 6e 67 75 61 67 65 5c |lectionLanguage\|
|00001d50| 22 2c 5c 22 58 50 61 74 68 5c 22 29 2c 62 2e 73 |",\"XPath\"),b.s|
|00001d60| 65 6c 65 63 74 53 69 6e 67 6c 65 4e 6f 64 65 28 |electSingleNode(|
|00001d70| 61 29 29 3a 6e 75 6c 6c 7d 28 29 3b 69 66 28 6e |a)):null}();if(n|
|00001d80| 75 6c 6c 21 3d 3d 63 5c 75 30 30 32 36 5c 75 30 |ull!==c\u0026\u0|
|00001d90| 30 32 36 28 21 63 7c 7c 31 21 3d 63 2e 6e 6f 64 |026(!c||1!=c.nod|
|00001da0| 65 54 79 70 65 29 29 74 68 72 6f 77 20 6e 65 77 |eType))throw new|
|00001db0| 20 72 63 28 33 32 2c 27 54 68 65 20 72 65 73 75 | rc(32,'The resu|
|00001dc0| 6c 74 20 6f 66 20 74 68 65 20 78 70 61 74 68 20 |lt of the xpath |
|00001dd0| 65 78 70 72 65 73 73 69 6f 6e 20 5c 22 27 2b 61 |expression \"'+a|
|00001de0| 2b 27 5c 22 20 69 73 3a 20 27 2b 63 2b 5c 22 2e |+'\" is: '+c+\".|
|00001df0| 20 49 74 20 73 68 6f 75 6c 64 20 62 65 20 61 6e | It should be an|
|00001e00| 20 65 6c 65 6d 65 6e 74 2e 5c 22 29 3b 72 65 74 | element.\");ret|
|00001e10| 75 72 6e 20 63 7d 3b 66 75 6e 63 74 69 6f 6e 20 |urn c};function |
|00001e20| 45 63 28 61 2c 62 2c 63 2c 64 29 7b 74 68 69 73 |Ec(a,b,c,d){this|
|00001e30| 2e 63 3d 61 3b 74 68 69 73 2e 61 3d 62 3b 74 68 |.c=a;this.a=b;th|
|00001e40| 69 73 2e 62 3d 63 3b 74 68 69 73 2e 66 3d 64 7d |is.b=c;this.f=d}|
|00001e50| 45 63 2e 70 72 6f 74 6f 74 79 70 65 2e 63 65 69 |Ec.prototype.cei|
|00001e60| 6c 3d 66 75 6e 63 74 69 6f 6e 28 29 7b 74 68 69 |l=function(){thi|
|00001e70| 73 2e 63 3d 4d 61 74 68 2e 63 65 69 6c 28 74 68 |s.c=Math.ceil(th|
|00001e80| 69 73 2e 63 29 3b 74 68 69 73 2e 61 3d 4d 61 74 |is.c);this.a=Mat|
|00001e90| 68 2e 63 65 69 6c 28 74 68 69 73 2e 61 29 3b 74 |h.ceil(this.a);t|
|00001ea0| 68 69 73 2e 62 3d 4d 61 74 68 2e 63 65 69 6c 28 |his.b=Math.ceil(|
|00001eb0| 74 68 69 73 2e 62 29 3b 74 68 69 73 2e 66 3d 4d |this.b);this.f=M|
|00001ec0| 61 74 68 2e 63 65 69 6c 28 74 68 69 73 2e 66 29 |ath.ceil(this.f)|
|00001ed0| 3b 72 65 74 75 72 6e 20 74 68 69 73 7d 3b 45 63 |;return this};Ec|
|00001ee0| 2e 70 72 6f 74 6f 74 79 70 65 2e 66 6c 6f 6f 72 |.prototype.floor|
|00001ef0| 3d 66 75 6e 63 74 69 6f 6e 28 29 7b 74 68 69 73 |=function(){this|
|00001f00| 2e 63 3d 4d 61 74 68 2e 66 6c 6f 6f 72 28 74 68 |.c=Math.floor(th|
|00001f10| 69 73 2e 63 29 3b 74 68 69 73 2e 61 3d 4d 61 74 |is.c);this.a=Mat|
|00001f20| 68 2e 66 6c 6f 6f 72 28 74 68 69 73 2e 61 29 3b |h.floor(this.a);|
|00001f30| 74 68 69 73 2e 62 3d 4d 61 74 68 2e 66 6c 6f 6f |this.b=Math.floo|
|00001f40| 72 28 74 68 69 73 2e 62 29 3b 74 68 69 73 2e 66 |r(this.b);this.f|
|00001f50| 3d 4d 61 74 68 2e 66 6c 6f 6f 72 28 74 68 69 73 |=Math.floor(this|
|00001f60| 2e 66 29 3b 72 65 74 75 72 6e 20 74 68 69 73 7d |.f);return this}|
|00001f70| 3b 45 63 2e 70 72 6f 74 6f 74 79 70 65 2e 72 6f |;Ec.prototype.ro|
|00001f80| 75 6e 64 3d 66 75 6e 63 74 69 6f 6e 28 29 7b 74 |und=function(){t|
|00001f90| 68 69 73 2e 63 3d 4d 61 74 68 2e 72 6f 75 6e 64 |his.c=Math.round|
|00001fa0| 28 74 68 69 73 2e 63 29 3b 74 68 69 73 2e 61 3d |(this.c);this.a=|
|00001fb0| 4d 61 74 68 2e 72 6f 75 6e 64 28 74 68 69 73 2e |Math.round(this.|
|00001fc0| 61 29 3b 74 68 69 73 2e 62 3d 4d 61 74 68 2e 72 |a);this.b=Math.r|
|00001fd0| 6f 75 6e 64 28 74 68 69 73 2e 62 29 3b 74 68 69 |ound(this.b);thi|
|00001fe0| 73 2e 66 3d 4d 61 74 68 2e 72 6f 75 6e 64 28 74 |s.f=Math.round(t|
|00001ff0| 68 69 73 2e 66 29 3b 72 65 74 75 72 6e 20 74 68 |his.f);return th|
+--------+-------------------------------------------------+----------------+
14:13:03.617 [AsyncHttpClient-1-8] TRACE i.n.handler.logging.LoggingHandler - [id: 0xa6657862, L:/127.0.0.1:64395 - R:localhost/127.0.0.1:53550] FLUSH
14:13:03.618 [AsyncHttpClient-1-8] TRACE i.n.handler.logging.LoggingHandler - [id: 0xa6657862, L:/127.0.0.1:64395 - R:localhost/127.0.0.1:53550] WRITE: 7820B
         +-------------------------------------------------+
         |  0  1  2  3  4  5  6  7  8  9  a  b  c  d  e  f |
+--------+-------------------------------------------------+----------------+
|00000000| 69 73 7d 3b 66 75 6e 63 74 69 6f 6e 20 58 28 61 |is};function X(a|
|00000010| 2c 62 2c 63 2c 64 29 7b 74 68 69 73 2e 61 3d 61 |,b,c,d){this.a=a|
|00000020| 3b 74 68 69 73 2e 62 3d 62 3b 74 68 69 73 2e 77 |;this.b=b;this.w|
|00000030| 69 64 74 68 3d 63 3b 74 68 69 73 2e 68 65 69 67 |idth=c;this.heig|
|00000040| 68 74 3d 64 7d 58 2e 70 72 6f 74 6f 74 79 70 65 |ht=d}X.prototype|
|00000050| 2e 63 65 69 6c 3d 66 75 6e 63 74 69 6f 6e 28 29 |.ceil=function()|
|00000060| 7b 74 68 69 73 2e 61 3d 4d 61 74 68 2e 63 65 69 |{this.a=Math.cei|
|00000070| 6c 28 74 68 69 73 2e 61 29 3b 74 68 69 73 2e 62 |l(this.a);this.b|
|00000080| 3d 4d 61 74 68 2e 63 65 69 6c 28 74 68 69 73 2e |=Math.ceil(this.|
|00000090| 62 29 3b 74 68 69 73 2e 77 69 64 74 68 3d 4d 61 |b);this.width=Ma|
|000000a0| 74 68 2e 63 65 69 6c 28 74 68 69 73 2e 77 69 64 |th.ceil(this.wid|
|000000b0| 74 68 29 3b 74 68 69 73 2e 68 65 69 67 68 74 3d |th);this.height=|
|000000c0| 4d 61 74 68 2e 63 65 69 6c 28 74 68 69 73 2e 68 |Math.ceil(this.h|
|000000d0| 65 69 67 68 74 29 3b 72 65 74 75 72 6e 20 74 68 |eight);return th|
|000000e0| 69 73 7d 3b 58 2e 70 72 6f 74 6f 74 79 70 65 2e |is};X.prototype.|
|000000f0| 66 6c 6f 6f 72 3d 66 75 6e 63 74 69 6f 6e 28 29 |floor=function()|
|00000100| 7b 74 68 69 73 2e 61 3d 4d 61 74 68 2e 66 6c 6f |{this.a=Math.flo|
|00000110| 6f 72 28 74 68 69 73 2e 61 29 3b 74 68 69 73 2e |or(this.a);this.|
|00000120| 62 3d 4d 61 74 68 2e 66 6c 6f 6f 72 28 74 68 69 |b=Math.floor(thi|
|00000130| 73 2e 62 29 3b 74 68 69 73 2e 77 69 64 74 68 3d |s.b);this.width=|
|00000140| 4d 61 74 68 2e 66 6c 6f 6f 72 28 74 68 69 73 2e |Math.floor(this.|
|00000150| 77 69 64 74 68 29 3b 74 68 69 73 2e 68 65 69 67 |width);this.heig|
|00000160| 68 74 3d 4d 61 74 68 2e 66 6c 6f 6f 72 28 74 68 |ht=Math.floor(th|
|00000170| 69 73 2e 68 65 69 67 68 74 29 3b 72 65 74 75 72 |is.height);retur|
|00000180| 6e 20 74 68 69 73 7d 3b 5c 6e 58 2e 70 72 6f 74 |n this};\nX.prot|
|00000190| 6f 74 79 70 65 2e 72 6f 75 6e 64 3d 66 75 6e 63 |otype.round=func|
|000001a0| 74 69 6f 6e 28 29 7b 74 68 69 73 2e 61 3d 4d 61 |tion(){this.a=Ma|
|000001b0| 74 68 2e 72 6f 75 6e 64 28 74 68 69 73 2e 61 29 |th.round(this.a)|
|000001c0| 3b 74 68 69 73 2e 62 3d 4d 61 74 68 2e 72 6f 75 |;this.b=Math.rou|
|000001d0| 6e 64 28 74 68 69 73 2e 62 29 3b 74 68 69 73 2e |nd(this.b);this.|
|000001e0| 77 69 64 74 68 3d 4d 61 74 68 2e 72 6f 75 6e 64 |width=Math.round|
|000001f0| 28 74 68 69 73 2e 77 69 64 74 68 29 3b 74 68 69 |(this.width);thi|
|00000200| 73 2e 68 65 69 67 68 74 3d 4d 61 74 68 2e 72 6f |s.height=Math.ro|
|00000210| 75 6e 64 28 74 68 69 73 2e 68 65 69 67 68 74 29 |und(this.height)|
|00000220| 3b 72 65 74 75 72 6e 20 74 68 69 73 7d 3b 76 61 |;return this};va|
|00000230| 72 20 46 63 3d 5c 22 66 75 6e 63 74 69 6f 6e 5c |r Fc=\"function\|
|00000240| 22 3d 3d 3d 74 79 70 65 6f 66 20 53 68 61 64 6f |"===typeof Shado|
|00000250| 77 52 6f 6f 74 3b 66 75 6e 63 74 69 6f 6e 20 47 |wRoot;function G|
|00000260| 63 28 61 29 7b 66 6f 72 28 61 3d 61 2e 70 61 72 |c(a){for(a=a.par|
|00000270| 65 6e 74 4e 6f 64 65 3b 61 5c 75 30 30 32 36 5c |entNode;a\u0026\|
|00000280| 75 30 30 32 36 31 21 3d 61 2e 6e 6f 64 65 54 79 |u00261!=a.nodeTy|
|00000290| 70 65 5c 75 30 30 32 36 5c 75 30 30 32 36 39 21 |pe\u0026\u00269!|
|000002a0| 3d 61 2e 6e 6f 64 65 54 79 70 65 5c 75 30 30 32 |=a.nodeType\u002|
|000002b0| 36 5c 75 30 30 32 36 31 31 21 3d 61 2e 6e 6f 64 |6\u002611!=a.nod|
|000002c0| 65 54 79 70 65 3b 29 61 3d 61 2e 70 61 72 65 6e |eType;)a=a.paren|
|000002d0| 74 4e 6f 64 65 3b 72 65 74 75 72 6e 20 57 28 61 |tNode;return W(a|
|000002e0| 29 3f 61 3a 6e 75 6c 6c 7d 5c 6e 66 75 6e 63 74 |)?a:null}\nfunct|
|000002f0| 69 6f 6e 20 59 28 61 2c 62 29 7b 62 3d 78 61 28 |ion Y(a,b){b=xa(|
|00000300| 62 29 3b 69 66 28 5c 22 66 6c 6f 61 74 5c 22 3d |b);if(\"float\"=|
|00000310| 3d 62 7c 7c 5c 22 63 73 73 46 6c 6f 61 74 5c 22 |=b||\"cssFloat\"|
|00000320| 3d 3d 62 7c 7c 5c 22 73 74 79 6c 65 46 6c 6f 61 |==b||\"styleFloa|
|00000330| 74 5c 22 3d 3d 62 29 62 3d 41 63 3f 5c 22 73 74 |t\"==b)b=Ac?\"st|
|00000340| 79 6c 65 46 6c 6f 61 74 5c 22 3a 5c 22 63 73 73 |yleFloat\":\"css|
|00000350| 46 6c 6f 61 74 5c 22 3b 61 3a 7b 76 61 72 20 63 |Float\";a:{var c|
|00000360| 3d 62 3b 76 61 72 20 64 3d 41 28 61 29 3b 69 66 |=b;var d=A(a);if|
|00000370| 28 64 2e 64 65 66 61 75 6c 74 56 69 65 77 5c 75 |(d.defaultView\u|
|00000380| 30 30 32 36 5c 75 30 30 32 36 64 2e 64 65 66 61 |0026\u0026d.defa|
|00000390| 75 6c 74 56 69 65 77 2e 67 65 74 43 6f 6d 70 75 |ultView.getCompu|
|000003a0| 74 65 64 53 74 79 6c 65 5c 75 30 30 32 36 5c 75 |tedStyle\u0026\u|
|000003b0| 30 30 32 36 28 64 3d 64 2e 64 65 66 61 75 6c 74 |0026(d=d.default|
|000003c0| 56 69 65 77 2e 67 65 74 43 6f 6d 70 75 74 65 64 |View.getComputed|
|000003d0| 53 74 79 6c 65 28 61 2c 6e 75 6c 6c 29 29 29 7b |Style(a,null))){|
|000003e0| 63 3d 64 5b 63 5d 7c 7c 64 2e 67 65 74 50 72 6f |c=d[c]||d.getPro|
|000003f0| 70 65 72 74 79 56 61 6c 75 65 28 63 29 7c 7c 5c |pertyValue(c)||\|
|00000400| 22 5c 22 3b 62 72 65 61 6b 20 61 7d 63 3d 5c 22 |"\";break a}c=\"|
|00000410| 5c 22 7d 61 3d 63 7c 7c 48 63 28 61 2c 62 29 3b |\"}a=c||Hc(a,b);|
|00000420| 69 66 28 6e 75 6c 6c 3d 3d 3d 61 29 61 3d 6e 75 |if(null===a)a=nu|
|00000430| 6c 6c 3b 65 6c 73 65 20 69 66 28 30 5c 75 30 30 |ll;else if(0\u00|
|00000440| 33 63 3d 6a 61 28 6d 63 2c 62 29 29 7b 62 3a 7b |3c=ja(mc,b)){b:{|
|00000450| 76 61 72 20 65 3d 61 2e 6d 61 74 63 68 28 70 63 |var e=a.match(pc|
|00000460| 29 3b 69 66 28 65 5c 75 30 30 32 36 5c 75 30 30 |);if(e\u0026\u00|
|00000470| 32 36 28 62 3d 4e 75 6d 62 65 72 28 65 5b 31 5d |26(b=Number(e[1]|
|00000480| 29 2c 63 3d 4e 75 6d 62 65 72 28 65 5b 32 5d 29 |),c=Number(e[2])|
|00000490| 2c 64 3d 4e 75 6d 62 65 72 28 65 5b 33 5d 29 2c |,d=Number(e[3]),|
|000004a0| 65 3d 4e 75 6d 62 65 72 28 65 5b 34 5d 29 2c 30 |e=Number(e[4]),0|
|000004b0| 5c 75 30 30 33 63 3d 62 5c 75 30 30 32 36 5c 75 |\u003c=b\u0026\u|
|000004c0| 30 30 32 36 32 35 35 3e 3d 62 5c 75 30 30 32 36 |0026255>=b\u0026|
|000004d0| 5c 75 30 30 32 36 30 5c 75 30 30 33 63 3d 63 5c |\u00260\u003c=c\|
|000004e0| 75 30 30 32 36 5c 75 30 30 32 36 32 35 35 3e 3d |u0026\u0026255>=|
|000004f0| 63 5c 75 30 30 32 36 5c 75 30 30 32 36 30 5c 75 |c\u0026\u00260\u|
|00000500| 30 30 33 63 3d 64 5c 75 30 30 32 36 5c 75 30 30 |003c=d\u0026\u00|
|00000510| 32 36 32 35 35 3e 3d 64 5c 75 30 30 32 36 5c 75 |26255>=d\u0026\u|
|00000520| 30 30 32 36 30 5c 75 30 30 33 63 3d 65 5c 75 30 |00260\u003c=e\u0|
|00000530| 30 32 36 5c 75 30 30 32 36 31 3e 3d 65 29 29 7b |026\u00261>=e)){|
|00000540| 62 3d 5b 62 2c 63 2c 64 2c 65 5d 3b 62 72 65 61 |b=[b,c,d,e];brea|
|00000550| 6b 20 62 7d 62 3d 6e 75 6c 6c 7d 69 66 28 21 62 |k b}b=null}if(!b|
|00000560| 29 62 3a 7b 69 66 28 64 3d 61 2e 6d 61 74 63 68 |)b:{if(d=a.match|
|00000570| 28 71 63 29 29 69 66 28 62 3d 5c 6e 4e 75 6d 62 |(qc))if(b=\nNumb|
|00000580| 65 72 28 64 5b 31 5d 29 2c 63 3d 4e 75 6d 62 65 |er(d[1]),c=Numbe|
|00000590| 72 28 64 5b 32 5d 29 2c 64 3d 4e 75 6d 62 65 72 |r(d[2]),d=Number|
|000005a0| 28 64 5b 33 5d 29 2c 30 5c 75 30 30 33 63 3d 62 |(d[3]),0\u003c=b|
|000005b0| 5c 75 30 30 32 36 5c 75 30 30 32 36 32 35 35 3e |\u0026\u0026255>|
|000005c0| 3d 62 5c 75 30 30 32 36 5c 75 30 30 32 36 30 5c |=b\u0026\u00260\|
|000005d0| 75 30 30 33 63 3d 63 5c 75 30 30 32 36 5c 75 30 |u003c=c\u0026\u0|
|000005e0| 30 32 36 32 35 35 3e 3d 63 5c 75 30 30 32 36 5c |026255>=c\u0026\|
|000005f0| 75 30 30 32 36 30 5c 75 30 30 33 63 3d 64 5c 75 |u00260\u003c=d\u|
|00000600| 30 30 32 36 5c 75 30 30 32 36 32 35 35 3e 3d 64 |0026\u0026255>=d|
|00000610| 29 7b 62 3d 5b 62 2c 63 2c 64 2c 31 5d 3b 62 72 |){b=[b,c,d,1];br|
|00000620| 65 61 6b 20 62 7d 62 3d 6e 75 6c 6c 7d 69 66 28 |eak b}b=null}if(|
|00000630| 21 62 29 62 3a 7b 62 3d 61 2e 74 6f 4c 6f 77 65 |!b)b:{b=a.toLowe|
|00000640| 72 43 61 73 65 28 29 3b 63 3d 6c 63 5b 62 2e 74 |rCase();c=lc[b.t|
|00000650| 6f 4c 6f 77 65 72 43 61 73 65 28 29 5d 3b 69 66 |oLowerCase()];if|
|00000660| 28 21 63 5c 75 30 30 32 36 5c 75 30 30 32 36 28 |(!c\u0026\u0026(|
|00000670| 63 3d 5c 22 23 5c 22 3d 3d 62 2e 63 68 61 72 41 |c=\"#\"==b.charA|
|00000680| 74 28 30 29 3f 62 3a 5c 22 23 5c 22 2b 62 2c 34 |t(0)?b:\"#\"+b,4|
|00000690| 3d 3d 63 2e 6c 65 6e 67 74 68 5c 75 30 30 32 36 |==c.length\u0026|
|000006a0| 5c 75 30 30 32 36 28 63 3d 63 2e 72 65 70 6c 61 |\u0026(c=c.repla|
|000006b0| 63 65 28 6e 63 2c 5c 22 23 24 31 24 31 24 32 24 |ce(nc,\"#$1$1$2$|
|000006c0| 32 24 33 24 33 5c 22 29 29 2c 21 6f 63 2e 74 65 |2$3$3\")),!oc.te|
|000006d0| 73 74 28 63 29 29 29 7b 62 3d 6e 75 6c 6c 3b 62 |st(c))){b=null;b|
|000006e0| 72 65 61 6b 20 62 7d 62 3d 5b 70 61 72 73 65 49 |reak b}b=[parseI|
|000006f0| 6e 74 28 63 2e 73 75 62 73 74 72 28 31 2c 32 29 |nt(c.substr(1,2)|
|00000700| 2c 31 36 29 2c 70 61 72 73 65 49 6e 74 28 63 2e |,16),parseInt(c.|
|00000710| 73 75 62 73 74 72 28 33 2c 32 29 2c 31 36 29 2c |substr(3,2),16),|
|00000720| 70 61 72 73 65 49 6e 74 28 63 2e 73 75 62 73 74 |parseInt(c.subst|
|00000730| 72 28 35 2c 32 29 2c 31 36 29 2c 31 5d 7d 61 3d |r(5,2),16),1]}a=|
|00000740| 62 3f 5c 22 72 67 62 61 28 5c 22 2b 62 2e 6a 6f |b?\"rgba(\"+b.jo|
|00000750| 69 6e 28 5c 22 2c 20 5c 22 29 2b 5c 22 29 5c 22 |in(\", \")+\")\"|
|00000760| 3a 61 7d 72 65 74 75 72 6e 20 61 7d 5c 6e 66 75 |:a}return a}\nfu|
|00000770| 6e 63 74 69 6f 6e 20 48 63 28 61 2c 62 29 7b 76 |nction Hc(a,b){v|
|00000780| 61 72 20 63 3d 61 2e 63 75 72 72 65 6e 74 53 74 |ar c=a.currentSt|
|00000790| 79 6c 65 7c 7c 61 2e 73 74 79 6c 65 2c 64 3d 63 |yle||a.style,d=c|
|000007a0| 5b 62 5d 3b 76 6f 69 64 20 30 3d 3d 3d 64 5c 75 |[b];void 0===d\u|
|000007b0| 30 30 32 36 5c 75 30 30 32 36 5c 22 66 75 6e 63 |0026\u0026\"func|
|000007c0| 74 69 6f 6e 5c 22 3d 3d 63 61 28 63 2e 67 65 74 |tion\"==ca(c.get|
|000007d0| 50 72 6f 70 65 72 74 79 56 61 6c 75 65 29 5c 75 |PropertyValue)\u|
|000007e0| 30 30 32 36 5c 75 30 30 32 36 28 64 3d 63 2e 67 |0026\u0026(d=c.g|
|000007f0| 65 74 50 72 6f 70 65 72 74 79 56 61 6c 75 65 28 |etPropertyValue(|
|00000800| 62 29 29 3b 72 65 74 75 72 6e 5c 22 69 6e 68 65 |b));return\"inhe|
|00000810| 72 69 74 5c 22 21 3d 64 3f 76 6f 69 64 20 30 21 |rit\"!=d?void 0!|
|00000820| 3d 3d 64 3f 64 3a 6e 75 6c 6c 3a 28 61 3d 47 63 |==d?d:null:(a=Gc|
|00000830| 28 61 29 29 3f 48 63 28 61 2c 62 29 3a 6e 75 6c |(a))?Hc(a,b):nul|
|00000840| 6c 7d 5c 6e 66 75 6e 63 74 69 6f 6e 20 49 63 28 |l}\nfunction Ic(|
|00000850| 61 2c 62 2c 63 29 7b 66 75 6e 63 74 69 6f 6e 20 |a,b,c){function |
|00000860| 64 28 67 29 7b 76 61 72 20 68 3d 4a 63 28 67 29 |d(g){var h=Jc(g)|
|00000870| 3b 72 65 74 75 72 6e 20 30 5c 75 30 30 33 63 68 |;return 0\u003ch|
|00000880| 2e 68 65 69 67 68 74 5c 75 30 30 32 36 5c 75 30 |.height\u0026\u0|
|00000890| 30 32 36 30 5c 75 30 30 33 63 68 2e 77 69 64 74 |0260\u003ch.widt|
|000008a0| 68 3f 21 30 3a 57 28 67 2c 5c 22 50 41 54 48 5c |h?!0:W(g,\"PATH\|
|000008b0| 22 29 5c 75 30 30 32 36 5c 75 30 30 32 36 28 30 |")\u0026\u0026(0|
|000008c0| 5c 75 30 30 33 63 68 2e 68 65 69 67 68 74 7c 7c |\u003ch.height|||
|000008d0| 30 5c 75 30 30 33 63 68 2e 77 69 64 74 68 29 3f |0\u003ch.width)?|
|000008e0| 28 67 3d 59 28 67 2c 5c 22 73 74 72 6f 6b 65 2d |(g=Y(g,\"stroke-|
|000008f0| 77 69 64 74 68 5c 22 29 2c 21 21 67 5c 75 30 30 |width\"),!!g\u00|
|00000900| 32 36 5c 75 30 30 32 36 30 5c 75 30 30 33 63 70 |26\u00260\u003cp|
|00000910| 61 72 73 65 49 6e 74 28 67 2c 31 30 29 29 3a 5c |arseInt(g,10)):\|
|00000920| 22 68 69 64 64 65 6e 5c 22 21 3d 59 28 67 2c 5c |"hidden\"!=Y(g,\|
|00000930| 22 6f 76 65 72 66 6c 6f 77 5c 22 29 5c 75 30 30 |"overflow\")\u00|
|00000940| 32 36 5c 75 30 30 32 36 6d 61 28 67 2e 63 68 69 |26\u0026ma(g.chi|
|00000950| 6c 64 4e 6f 64 65 73 2c 66 75 6e 63 74 69 6f 6e |ldNodes,function|
|00000960| 28 6d 29 7b 72 65 74 75 72 6e 20 33 3d 3d 6d 2e |(m){return 3==m.|
|00000970| 6e 6f 64 65 54 79 70 65 7c 7c 57 28 6d 29 5c 75 |nodeType||W(m)\u|
|00000980| 30 30 32 36 5c 75 30 30 32 36 64 28 6d 29 7d 29 |0026\u0026d(m)})|
|00000990| 7d 66 75 6e 63 74 69 6f 6e 20 65 28 67 29 7b 72 |}function e(g){r|
|000009a0| 65 74 75 72 6e 20 4b 63 28 67 29 3d 3d 5a 5c 75 |eturn Kc(g)==Z\u|
|000009b0| 30 30 32 36 5c 75 30 30 32 36 6e 61 28 67 2e 63 |0026\u0026na(g.c|
|000009c0| 68 69 6c 64 4e 6f 64 65 73 2c 66 75 6e 63 74 69 |hildNodes,functi|
|000009d0| 6f 6e 28 68 29 7b 72 65 74 75 72 6e 21 57 28 68 |on(h){return!W(h|
|000009e0| 29 7c 7c 65 28 68 29 7c 7c 21 64 28 68 29 7d 29 |)||e(h)||!d(h)})|
|000009f0| 7d 69 66 28 21 57 28 61 29 29 74 68 72 6f 77 20 |}if(!W(a))throw |
|00000a00| 45 72 72 6f 72 28 5c 22 41 72 67 75 6d 65 6e 74 |Error(\"Argument|
|00000a10| 20 74 6f 20 69 73 53 68 6f 77 6e 20 6d 75 73 74 | to isShown must|
|00000a20| 20 62 65 20 6f 66 20 74 79 70 65 20 45 6c 65 6d | be of type Elem|
|00000a30| 65 6e 74 5c 22 29 3b 69 66 28 57 28 61 2c 5c 22 |ent\");if(W(a,\"|
|00000a40| 42 4f 44 59 5c 22 29 29 72 65 74 75 72 6e 21 30 |BODY\"))return!0|
|00000a50| 3b 69 66 28 57 28 61 2c 5c 22 4f 50 54 49 4f 4e |;if(W(a,\"OPTION|
|00000a60| 5c 22 29 7c 7c 57 28 61 2c 5c 22 4f 50 54 47 52 |\")||W(a,\"OPTGR|
|00000a70| 4f 55 50 5c 22 29 29 72 65 74 75 72 6e 20 61 3d |OUP\"))return a=|
|00000a80| 24 61 28 61 2c 66 75 6e 63 74 69 6f 6e 28 67 29 |$a(a,function(g)|
|00000a90| 7b 72 65 74 75 72 6e 20 57 28 67 2c 5c 22 53 45 |{return W(g,\"SE|
|00000aa0| 4c 45 43 54 5c 22 29 7d 29 2c 5c 6e 21 21 61 5c |LECT\")}),\n!!a\|
|00000ab0| 75 30 30 32 36 5c 75 30 30 32 36 49 63 28 61 2c |u0026\u0026Ic(a,|
|00000ac0| 21 30 2c 63 29 3b 76 61 72 20 66 3d 4c 63 28 61 |!0,c);var f=Lc(a|
|00000ad0| 29 3b 69 66 28 66 29 72 65 74 75 72 6e 21 21 66 |);if(f)return!!f|
|00000ae0| 2e 69 6d 61 67 65 5c 75 30 30 32 36 5c 75 30 30 |.image\u0026\u00|
|00000af0| 32 36 30 5c 75 30 30 33 63 66 2e 72 65 63 74 2e |260\u003cf.rect.|
|00000b00| 77 69 64 74 68 5c 75 30 30 32 36 5c 75 30 30 32 |width\u0026\u002|
|00000b10| 36 30 5c 75 30 30 33 63 66 2e 72 65 63 74 2e 68 |60\u003cf.rect.h|
|00000b20| 65 69 67 68 74 5c 75 30 30 32 36 5c 75 30 30 32 |eight\u0026\u002|
|00000b30| 36 49 63 28 66 2e 69 6d 61 67 65 2c 62 2c 63 29 |6Ic(f.image,b,c)|
|00000b40| 3b 69 66 28 57 28 61 2c 5c 22 49 4e 50 55 54 5c |;if(W(a,\"INPUT\|
|00000b50| 22 29 5c 75 30 30 32 36 5c 75 30 30 32 36 5c 22 |")\u0026\u0026\"|
|00000b60| 68 69 64 64 65 6e 5c 22 3d 3d 61 2e 74 79 70 65 |hidden\"==a.type|
|00000b70| 2e 74 6f 4c 6f 77 65 72 43 61 73 65 28 29 7c 7c |.toLowerCase()|||
|00000b80| 57 28 61 2c 5c 22 4e 4f 53 43 52 49 50 54 5c 22 |W(a,\"NOSCRIPT\"|
|00000b90| 29 29 72 65 74 75 72 6e 21 31 3b 66 3d 59 28 61 |))return!1;f=Y(a|
|00000ba0| 2c 5c 22 76 69 73 69 62 69 6c 69 74 79 5c 22 29 |,\"visibility\")|
|00000bb0| 3b 72 65 74 75 72 6e 5c 22 63 6f 6c 6c 61 70 73 |;return\"collaps|
|00000bc0| 65 5c 22 21 3d 66 5c 75 30 30 32 36 5c 75 30 30 |e\"!=f\u0026\u00|
|00000bd0| 32 36 5c 22 68 69 64 64 65 6e 5c 22 21 3d 66 5c |26\"hidden\"!=f\|
|00000be0| 75 30 30 32 36 5c 75 30 30 32 36 63 28 61 29 5c |u0026\u0026c(a)\|
|00000bf0| 75 30 30 32 36 5c 75 30 30 32 36 28 62 7c 7c 30 |u0026\u0026(b||0|
|00000c00| 21 3d 4d 63 28 61 29 29 5c 75 30 30 32 36 5c 75 |!=Mc(a))\u0026\u|
|00000c10| 30 30 32 36 64 28 61 29 3f 21 65 28 61 29 3a 21 |0026d(a)?!e(a):!|
|00000c20| 31 7d 76 61 72 20 5a 3d 5c 22 68 69 64 64 65 6e |1}var Z=\"hidden|
|00000c30| 5c 22 3b 5c 6e 66 75 6e 63 74 69 6f 6e 20 4b 63 |\";\nfunction Kc|
|00000c40| 28 61 29 7b 66 75 6e 63 74 69 6f 6e 20 62 28 70 |(a){function b(p|
|00000c50| 29 7b 66 75 6e 63 74 69 6f 6e 20 71 28 66 62 29 |){function q(fb)|
|00000c60| 7b 69 66 28 66 62 3d 3d 67 29 72 65 74 75 72 6e |{if(fb==g)return|
|00000c70| 21 30 3b 76 61 72 20 57 62 3d 59 28 66 62 2c 5c |!0;var Wb=Y(fb,\|
|00000c80| 22 64 69 73 70 6c 61 79 5c 22 29 3b 72 65 74 75 |"display\");retu|
|00000c90| 72 6e 20 30 3d 3d 57 62 2e 6c 61 73 74 49 6e 64 |rn 0==Wb.lastInd|
|00000ca0| 65 78 4f 66 28 5c 22 69 6e 6c 69 6e 65 5c 22 2c |exOf(\"inline\",|
|00000cb0| 30 29 7c 7c 5c 22 63 6f 6e 74 65 6e 74 73 5c 22 |0)||\"contents\"|
|00000cc0| 3d 3d 57 62 7c 7c 5c 22 61 62 73 6f 6c 75 74 65 |==Wb||\"absolute|
|00000cd0| 5c 22 3d 3d 58 62 5c 75 30 30 32 36 5c 75 30 30 |\"==Xb\u0026\u00|
|00000ce0| 32 36 5c 22 73 74 61 74 69 63 5c 22 3d 3d 59 28 |26\"static\"==Y(|
|00000cf0| 66 62 2c 5c 22 70 6f 73 69 74 69 6f 6e 5c 22 29 |fb,\"position\")|
|00000d00| 3f 21 31 3a 21 30 7d 76 61 72 20 58 62 3d 59 28 |?!1:!0}var Xb=Y(|
|00000d10| 70 2c 5c 22 70 6f 73 69 74 69 6f 6e 5c 22 29 3b |p,\"position\");|
|00000d20| 69 66 28 5c 22 66 69 78 65 64 5c 22 3d 3d 58 62 |if(\"fixed\"==Xb|
|00000d30| 29 72 65 74 75 72 6e 20 77 3d 21 30 2c 70 3d 3d |)return w=!0,p==|
|00000d40| 67 3f 6e 75 6c 6c 3a 67 3b 66 6f 72 28 70 3d 47 |g?null:g;for(p=G|
|00000d50| 63 28 70 29 3b 70 5c 75 30 30 32 36 5c 75 30 30 |c(p);p\u0026\u00|
|00000d60| 32 36 21 71 28 70 29 3b 29 70 3d 47 63 28 70 29 |26!q(p);)p=Gc(p)|
|00000d70| 3b 72 65 74 75 72 6e 20 70 7d 66 75 6e 63 74 69 |;return p}functi|
|00000d80| 6f 6e 20 63 28 70 29 7b 76 61 72 20 71 3d 70 3b |on c(p){var q=p;|
|00000d90| 69 66 28 5c 22 76 69 73 69 62 6c 65 5c 22 3d 3d |if(\"visible\"==|
|00000da0| 6d 29 69 66 28 70 3d 3d 67 5c 75 30 30 32 36 5c |m)if(p==g\u0026\|
|00000db0| 75 30 30 32 36 68 29 71 3d 68 3b 65 6c 73 65 20 |u0026h)q=h;else |
|00000dc0| 69 66 28 70 3d 3d 68 29 72 65 74 75 72 6e 7b 78 |if(p==h)return{x|
|00000dd0| 3a 5c 22 76 69 73 69 62 6c 65 5c 22 2c 79 3a 5c |:\"visible\",y:\|
|00000de0| 22 76 69 73 69 62 6c 65 5c 22 7d 3b 71 3d 7b 78 |"visible\"};q={x|
|00000df0| 3a 59 28 71 2c 5c 22 6f 76 65 72 66 6c 6f 77 2d |:Y(q,\"overflow-|
|00000e00| 78 5c 22 29 2c 79 3a 59 28 71 2c 5c 22 6f 76 65 |x\"),y:Y(q,\"ove|
|00000e10| 72 66 6c 6f 77 2d 79 5c 22 29 7d 3b 70 3d 3d 67 |rflow-y\")};p==g|
|00000e20| 5c 75 30 30 32 36 5c 75 30 30 32 36 28 71 2e 78 |\u0026\u0026(q.x|
|00000e30| 3d 5c 22 76 69 73 69 62 6c 65 5c 22 3d 3d 71 2e |=\"visible\"==q.|
|00000e40| 78 3f 5c 22 61 75 74 6f 5c 22 3a 71 2e 78 2c 71 |x?\"auto\":q.x,q|
|00000e50| 2e 79 3d 5c 22 76 69 73 69 62 6c 65 5c 22 3d 3d |.y=\"visible\"==|
|00000e60| 71 2e 79 3f 5c 22 61 75 74 6f 5c 22 3a 71 2e 79 |q.y?\"auto\":q.y|
|00000e70| 29 3b 72 65 74 75 72 6e 20 71 7d 5c 6e 66 75 6e |);return q}\nfun|
|00000e80| 63 74 69 6f 6e 20 64 28 70 29 7b 69 66 28 70 3d |ction d(p){if(p=|
|00000e90| 3d 67 29 7b 76 61 72 20 71 3d 28 6e 65 77 20 61 |=g){var q=(new a|
|00000ea0| 62 28 66 29 29 2e 61 3b 70 3d 71 2e 73 63 72 6f |b(f)).a;p=q.scro|
|00000eb0| 6c 6c 69 6e 67 45 6c 65 6d 65 6e 74 3f 71 2e 73 |llingElement?q.s|
|00000ec0| 63 72 6f 6c 6c 69 6e 67 45 6c 65 6d 65 6e 74 3a |crollingElement:|
|00000ed0| 45 61 7c 7c 5c 22 43 53 53 31 43 6f 6d 70 61 74 |Ea||\"CSS1Compat|
|00000ee0| 5c 22 21 3d 71 2e 63 6f 6d 70 61 74 4d 6f 64 65 |\"!=q.compatMode|
|00000ef0| 3f 71 2e 62 6f 64 79 7c 7c 71 2e 64 6f 63 75 6d |?q.body||q.docum|
|00000f00| 65 6e 74 45 6c 65 6d 65 6e 74 3a 71 2e 64 6f 63 |entElement:q.doc|
|00000f10| 75 6d 65 6e 74 45 6c 65 6d 65 6e 74 3b 71 3d 71 |umentElement;q=q|
|00000f20| 2e 70 61 72 65 6e 74 57 69 6e 64 6f 77 7c 7c 71 |.parentWindow||q|
|00000f30| 2e 64 65 66 61 75 6c 74 56 69 65 77 3b 70 3d 76 |.defaultView;p=v|
|00000f40| 5c 75 30 30 32 36 5c 75 30 30 32 36 4b 61 28 5c |\u0026\u0026Ka(\|
|00000f50| 22 31 30 5c 22 29 5c 75 30 30 32 36 5c 75 30 30 |"10\")\u0026\u00|
|00000f60| 32 36 71 2e 70 61 67 65 59 4f 66 66 73 65 74 21 |26q.pageYOffset!|
|00000f70| 3d 70 2e 73 63 72 6f 6c 6c 54 6f 70 3f 6e 65 77 |=p.scrollTop?new|
|00000f80| 20 55 61 28 70 2e 73 63 72 6f 6c 6c 4c 65 66 74 | Ua(p.scrollLeft|
|00000f90| 2c 70 2e 73 63 72 6f 6c 6c 54 6f 70 29 3a 6e 65 |,p.scrollTop):ne|
|00000fa0| 77 20 55 61 28 71 2e 70 61 67 65 58 4f 66 66 73 |w Ua(q.pageXOffs|
|00000fb0| 65 74 7c 7c 70 2e 73 63 72 6f 6c 6c 4c 65 66 74 |et||p.scrollLeft|
|00000fc0| 2c 71 2e 70 61 67 65 59 4f 66 66 73 65 74 7c 7c |,q.pageYOffset|||
|00000fd0| 70 2e 73 63 72 6f 6c 6c 54 6f 70 29 7d 65 6c 73 |p.scrollTop)}els|
|00000fe0| 65 20 70 3d 6e 65 77 20 55 61 28 70 2e 73 63 72 |e p=new Ua(p.scr|
|00000ff0| 6f 6c 6c 4c 65 66 74 2c 70 2e 73 63 72 6f 6c 6c |ollLeft,p.scroll|
|00001000| 54 6f 70 29 3b 72 65 74 75 72 6e 20 70 7d 76 61 |Top);return p}va|
|00001010| 72 20 65 3d 4e 63 28 61 29 2c 66 3d 41 28 61 29 |r e=Nc(a),f=A(a)|
|00001020| 2c 67 3d 66 2e 64 6f 63 75 6d 65 6e 74 45 6c 65 |,g=f.documentEle|
|00001030| 6d 65 6e 74 2c 68 3d 66 2e 62 6f 64 79 2c 6d 3d |ment,h=f.body,m=|
|00001040| 59 28 67 2c 5c 22 6f 76 65 72 66 6c 6f 77 5c 22 |Y(g,\"overflow\"|
|00001050| 29 2c 77 3b 66 6f 72 28 61 3d 62 28 61 29 3b 61 |),w;for(a=b(a);a|
|00001060| 3b 61 3d 62 28 61 29 29 7b 76 61 72 20 72 3d 63 |;a=b(a)){var r=c|
|00001070| 28 61 29 3b 69 66 28 5c 22 76 69 73 69 62 6c 65 |(a);if(\"visible|
|00001080| 5c 22 21 3d 72 2e 78 7c 7c 5c 22 76 69 73 69 62 |\"!=r.x||\"visib|
|00001090| 6c 65 5c 22 21 3d 5c 6e 72 2e 79 29 7b 76 61 72 |le\"!=\nr.y){var|
|000010a0| 20 44 3d 4a 63 28 61 29 3b 69 66 28 30 3d 3d 44 | D=Jc(a);if(0==D|
|000010b0| 2e 77 69 64 74 68 7c 7c 30 3d 3d 44 2e 68 65 69 |.width||0==D.hei|
|000010c0| 67 68 74 29 72 65 74 75 72 6e 20 5a 3b 76 61 72 |ght)return Z;var|
|000010d0| 20 4c 3d 65 2e 61 5c 75 30 30 33 63 44 2e 61 2c | L=e.a\u003cD.a,|
|000010e0| 4d 3d 65 2e 62 5c 75 30 30 33 63 44 2e 62 3b 69 |M=e.b\u003cD.b;i|
|000010f0| 66 28 4c 5c 75 30 30 32 36 5c 75 30 30 32 36 5c |f(L\u0026\u0026\|
|00001100| 22 68 69 64 64 65 6e 5c 22 3d 3d 72 2e 78 7c 7c |"hidden\"==r.x|||
|00001110| 4d 5c 75 30 30 32 36 5c 75 30 30 32 36 5c 22 68 |M\u0026\u0026\"h|
|00001120| 69 64 64 65 6e 5c 22 3d 3d 72 2e 79 29 72 65 74 |idden\"==r.y)ret|
|00001130| 75 72 6e 20 5a 3b 69 66 28 4c 5c 75 30 30 32 36 |urn Z;if(L\u0026|
|00001140| 5c 75 30 30 32 36 5c 22 76 69 73 69 62 6c 65 5c |\u0026\"visible\|
|00001150| 22 21 3d 72 2e 78 7c 7c 4d 5c 75 30 30 32 36 5c |"!=r.x||M\u0026\|
|00001160| 75 30 30 32 36 5c 22 76 69 73 69 62 6c 65 5c 22 |u0026\"visible\"|
|00001170| 21 3d 72 2e 79 29 7b 4c 3d 64 28 61 29 3b 4d 3d |!=r.y){L=d(a);M=|
|00001180| 65 2e 62 5c 75 30 30 33 63 44 2e 62 2d 4c 2e 79 |e.b\u003cD.b-L.y|
|00001190| 3b 69 66 28 65 2e 61 5c 75 30 30 33 63 44 2e 61 |;if(e.a\u003cD.a|
|000011a0| 2d 4c 2e 78 5c 75 30 30 32 36 5c 75 30 30 32 36 |-L.x\u0026\u0026|
|000011b0| 5c 22 76 69 73 69 62 6c 65 5c 22 21 3d 72 2e 78 |\"visible\"!=r.x|
|000011c0| 7c 7c 4d 5c 75 30 30 32 36 5c 75 30 30 32 36 5c |||M\u0026\u0026\|
|000011d0| 22 76 69 73 69 62 6c 65 5c 22 21 3d 72 2e 78 29 |"visible\"!=r.x)|
|000011e0| 72 65 74 75 72 6e 20 5a 3b 65 3d 4b 63 28 61 29 |return Z;e=Kc(a)|
|000011f0| 3b 72 65 74 75 72 6e 20 65 3d 3d 5a 3f 5a 3a 5c |;return e==Z?Z:\|
|00001200| 22 73 63 72 6f 6c 6c 5c 22 7d 4c 3d 65 2e 66 3e |"scroll\"}L=e.f>|
|00001210| 3d 44 2e 61 2b 44 2e 77 69 64 74 68 3b 44 3d 65 |=D.a+D.width;D=e|
|00001220| 2e 63 3e 3d 44 2e 62 2b 44 2e 68 65 69 67 68 74 |.c>=D.b+D.height|
|00001230| 3b 69 66 28 4c 5c 75 30 30 32 36 5c 75 30 30 32 |;if(L\u0026\u002|
|00001240| 36 5c 22 68 69 64 64 65 6e 5c 22 3d 3d 72 2e 78 |6\"hidden\"==r.x|
|00001250| 7c 7c 44 5c 75 30 30 32 36 5c 75 30 30 32 36 5c |||D\u0026\u0026\|
|00001260| 22 68 69 64 64 65 6e 5c 22 3d 3d 72 2e 79 29 72 |"hidden\"==r.y)r|
|00001270| 65 74 75 72 6e 20 5a 3b 69 66 28 4c 5c 75 30 30 |eturn Z;if(L\u00|
|00001280| 32 36 5c 75 30 30 32 36 5c 22 76 69 73 69 62 6c |26\u0026\"visibl|
|00001290| 65 5c 22 21 3d 72 2e 78 7c 7c 44 5c 75 30 30 32 |e\"!=r.x||D\u002|
|000012a0| 36 5c 75 30 30 32 36 5c 22 76 69 73 69 62 6c 65 |6\u0026\"visible|
|000012b0| 5c 22 21 3d 72 2e 79 29 7b 69 66 28 77 5c 75 30 |\"!=r.y){if(w\u0|
|000012c0| 30 32 36 5c 75 30 30 32 36 28 72 3d 64 28 61 29 |026\u0026(r=d(a)|
|000012d0| 2c 65 2e 66 3e 3d 67 2e 73 63 72 6f 6c 6c 57 69 |,e.f>=g.scrollWi|
|000012e0| 64 74 68 2d 72 2e 78 7c 7c 65 2e 61 3e 3d 67 2e |dth-r.x||e.a>=g.|
|000012f0| 73 63 72 6f 6c 6c 48 65 69 67 68 74 2d 72 2e 79 |scrollHeight-r.y|
|00001300| 29 29 72 65 74 75 72 6e 20 5a 3b 65 3d 4b 63 28 |))return Z;e=Kc(|
|00001310| 61 29 3b 72 65 74 75 72 6e 20 65 3d 3d 5a 3f 5a |a);return e==Z?Z|
|00001320| 3a 5c 22 73 63 72 6f 6c 6c 5c 22 7d 7d 7d 72 65 |:\"scroll\"}}}re|
|00001330| 74 75 72 6e 5c 22 6e 6f 6e 65 5c 22 7d 5c 6e 66 |turn\"none\"}\nf|
|00001340| 75 6e 63 74 69 6f 6e 20 4a 63 28 61 29 7b 76 61 |unction Jc(a){va|
|00001350| 72 20 62 3d 4c 63 28 61 29 3b 69 66 28 62 29 72 |r b=Lc(a);if(b)r|
|00001360| 65 74 75 72 6e 20 62 2e 72 65 63 74 3b 69 66 28 |eturn b.rect;if(|
|00001370| 57 28 61 2c 5c 22 48 54 4d 4c 5c 22 29 29 72 65 |W(a,\"HTML\"))re|
|00001380| 74 75 72 6e 20 61 3d 41 28 61 29 2c 61 3d 28 28 |turn a=A(a),a=((|
|00001390| 61 3f 61 2e 70 61 72 65 6e 74 57 69 6e 64 6f 77 |a?a.parentWindow|
|000013a0| 7c 7c 61 2e 64 65 66 61 75 6c 74 56 69 65 77 3a |||a.defaultView:|
|000013b0| 77 69 6e 64 6f 77 29 7c 7c 77 69 6e 64 6f 77 29 |window)||window)|
|000013c0| 2e 64 6f 63 75 6d 65 6e 74 2c 61 3d 5c 22 43 53 |.document,a=\"CS|
|000013d0| 53 31 43 6f 6d 70 61 74 5c 22 3d 3d 61 2e 63 6f |S1Compat\"==a.co|
|000013e0| 6d 70 61 74 4d 6f 64 65 3f 61 2e 64 6f 63 75 6d |mpatMode?a.docum|
|000013f0| 65 6e 74 45 6c 65 6d 65 6e 74 3a 61 2e 62 6f 64 |entElement:a.bod|
|00001400| 79 2c 61 3d 6e 65 77 20 56 61 28 61 2e 63 6c 69 |y,a=new Va(a.cli|
|00001410| 65 6e 74 57 69 64 74 68 2c 61 2e 63 6c 69 65 6e |entWidth,a.clien|
|00001420| 74 48 65 69 67 68 74 29 2c 6e 65 77 20 58 28 30 |tHeight),new X(0|
|00001430| 2c 30 2c 61 2e 77 69 64 74 68 2c 61 2e 68 65 69 |,0,a.width,a.hei|
|00001440| 67 68 74 29 3b 74 72 79 7b 76 61 72 20 63 3d 61 |ght);try{var c=a|
|00001450| 2e 67 65 74 42 6f 75 6e 64 69 6e 67 43 6c 69 65 |.getBoundingClie|
|00001460| 6e 74 52 65 63 74 28 29 7d 63 61 74 63 68 28 64 |ntRect()}catch(d|
|00001470| 29 7b 72 65 74 75 72 6e 20 6e 65 77 20 58 28 30 |){return new X(0|
|00001480| 2c 30 2c 30 2c 30 29 7d 62 3d 6e 65 77 20 58 28 |,0,0,0)}b=new X(|
|00001490| 63 2e 6c 65 66 74 2c 63 2e 74 6f 70 2c 63 2e 72 |c.left,c.top,c.r|
|000014a0| 69 67 68 74 2d 63 2e 6c 65 66 74 2c 63 2e 62 6f |ight-c.left,c.bo|
|000014b0| 74 74 6f 6d 2d 63 2e 74 6f 70 29 3b 76 5c 75 30 |ttom-c.top);v\u0|
|000014c0| 30 32 36 5c 75 30 30 32 36 61 2e 6f 77 6e 65 72 |026\u0026a.owner|
|000014d0| 44 6f 63 75 6d 65 6e 74 2e 62 6f 64 79 5c 75 30 |Document.body\u0|
|000014e0| 30 32 36 5c 75 30 30 32 36 28 61 3d 41 28 61 29 |026\u0026(a=A(a)|
|000014f0| 2c 62 2e 61 2d 3d 61 2e 64 6f 63 75 6d 65 6e 74 |,b.a-=a.document|
|00001500| 45 6c 65 6d 65 6e 74 2e 63 6c 69 65 6e 74 4c 65 |Element.clientLe|
|00001510| 66 74 2b 61 2e 62 6f 64 79 2e 63 6c 69 65 6e 74 |ft+a.body.client|
|00001520| 4c 65 66 74 2c 62 2e 62 2d 3d 61 2e 64 6f 63 75 |Left,b.b-=a.docu|
|00001530| 6d 65 6e 74 45 6c 65 6d 65 6e 74 2e 63 6c 69 65 |mentElement.clie|
|00001540| 6e 74 54 6f 70 2b 61 2e 62 6f 64 79 2e 63 6c 69 |ntTop+a.body.cli|
|00001550| 65 6e 74 54 6f 70 29 3b 5c 6e 72 65 74 75 72 6e |entTop);\nreturn|
|00001560| 20 62 7d 66 75 6e 63 74 69 6f 6e 20 4c 63 28 61 | b}function Lc(a|
|00001570| 29 7b 76 61 72 20 62 3d 57 28 61 2c 5c 22 4d 41 |){var b=W(a,\"MA|
|00001580| 50 5c 22 29 3b 69 66 28 21 62 5c 75 30 30 32 36 |P\");if(!b\u0026|
|00001590| 5c 75 30 30 32 36 21 57 28 61 2c 5c 22 41 52 45 |\u0026!W(a,\"ARE|
|000015a0| 41 5c 22 29 29 72 65 74 75 72 6e 20 6e 75 6c 6c |A\"))return null|
|000015b0| 3b 76 61 72 20 63 3d 62 3f 61 3a 57 28 61 2e 70 |;var c=b?a:W(a.p|
|000015c0| 61 72 65 6e 74 4e 6f 64 65 2c 5c 22 4d 41 50 5c |arentNode,\"MAP\|
|000015d0| 22 29 3f 61 2e 70 61 72 65 6e 74 4e 6f 64 65 3a |")?a.parentNode:|
|000015e0| 6e 75 6c 6c 2c 64 3d 6e 75 6c 6c 2c 65 3d 6e 75 |null,d=null,e=nu|
|000015f0| 6c 6c 3b 63 5c 75 30 30 32 36 5c 75 30 30 32 36 |ll;c\u0026\u0026|
|00001600| 63 2e 6e 61 6d 65 5c 75 30 30 32 36 5c 75 30 30 |c.name\u0026\u00|
|00001610| 32 36 28 64 3d 44 63 28 27 5c 75 30 30 32 66 64 |26(d=Dc('\u002fd|
|00001620| 65 73 63 65 6e 64 61 6e 74 3a 3a 2a 5b 40 75 73 |escendant::*[@us|
|00001630| 65 6d 61 70 20 3d 20 5c 22 23 27 2b 63 2e 6e 61 |emap = \"#'+c.na|
|00001640| 6d 65 2b 27 5c 22 5d 27 2c 41 28 63 29 29 29 5c |me+'\"]',A(c)))\|
|00001650| 75 30 30 32 36 5c 75 30 30 32 36 28 65 3d 4a 63 |u0026\u0026(e=Jc|
|00001660| 28 64 29 2c 62 7c 7c 5c 22 64 65 66 61 75 6c 74 |(d),b||\"default|
|00001670| 5c 22 3d 3d 61 2e 73 68 61 70 65 2e 74 6f 4c 6f |\"==a.shape.toLo|
|00001680| 77 65 72 43 61 73 65 28 29 7c 7c 28 61 3d 4f 63 |werCase()||(a=Oc|
|00001690| 28 61 29 2c 62 3d 4d 61 74 68 2e 6d 69 6e 28 4d |(a),b=Math.min(M|
|000016a0| 61 74 68 2e 6d 61 78 28 61 2e 61 2c 30 29 2c 65 |ath.max(a.a,0),e|
|000016b0| 2e 77 69 64 74 68 29 2c 63 3d 4d 61 74 68 2e 6d |.width),c=Math.m|
|000016c0| 69 6e 28 4d 61 74 68 2e 6d 61 78 28 61 2e 62 2c |in(Math.max(a.b,|
|000016d0| 30 29 2c 65 2e 68 65 69 67 68 74 29 2c 65 3d 6e |0),e.height),e=n|
|000016e0| 65 77 20 58 28 62 2b 65 2e 61 2c 63 2b 65 2e 62 |ew X(b+e.a,c+e.b|
|000016f0| 2c 4d 61 74 68 2e 6d 69 6e 28 61 2e 77 69 64 74 |,Math.min(a.widt|
|00001700| 68 2c 65 2e 77 69 64 74 68 2d 62 29 2c 4d 61 74 |h,e.width-b),Mat|
|00001710| 68 2e 6d 69 6e 28 61 2e 68 65 69 67 68 74 2c 65 |h.min(a.height,e|
|00001720| 2e 68 65 69 67 68 74 2d 63 29 29 29 29 3b 72 65 |.height-c))));re|
|00001730| 74 75 72 6e 7b 69 6d 61 67 65 3a 64 2c 72 65 63 |turn{image:d,rec|
|00001740| 74 3a 65 7c 7c 6e 65 77 20 58 28 30 2c 30 2c 30 |t:e||new X(0,0,0|
|00001750| 2c 30 29 7d 7d 5c 6e 66 75 6e 63 74 69 6f 6e 20 |,0)}}\nfunction |
|00001760| 4f 63 28 61 29 7b 76 61 72 20 62 3d 61 2e 73 68 |Oc(a){var b=a.sh|
|00001770| 61 70 65 2e 74 6f 4c 6f 77 65 72 43 61 73 65 28 |ape.toLowerCase(|
|00001780| 29 3b 61 3d 61 2e 63 6f 6f 72 64 73 2e 73 70 6c |);a=a.coords.spl|
|00001790| 69 74 28 5c 22 2c 5c 22 29 3b 69 66 28 5c 22 72 |it(\",\");if(\"r|
|000017a0| 65 63 74 5c 22 3d 3d 62 5c 75 30 30 32 36 5c 75 |ect\"==b\u0026\u|
|000017b0| 30 30 32 36 34 3d 3d 61 2e 6c 65 6e 67 74 68 29 |00264==a.length)|
|000017c0| 7b 62 3d 61 5b 30 5d 3b 76 61 72 20 63 3d 61 5b |{b=a[0];var c=a[|
|000017d0| 31 5d 3b 72 65 74 75 72 6e 20 6e 65 77 20 58 28 |1];return new X(|
|000017e0| 62 2c 63 2c 61 5b 32 5d 2d 62 2c 61 5b 33 5d 2d |b,c,a[2]-b,a[3]-|
|000017f0| 63 29 7d 69 66 28 5c 22 63 69 72 63 6c 65 5c 22 |c)}if(\"circle\"|
|00001800| 3d 3d 62 5c 75 30 30 32 36 5c 75 30 30 32 36 33 |==b\u0026\u00263|
|00001810| 3d 3d 61 2e 6c 65 6e 67 74 68 29 72 65 74 75 72 |==a.length)retur|
|00001820| 6e 20 62 3d 61 5b 32 5d 2c 6e 65 77 20 58 28 61 |n b=a[2],new X(a|
|00001830| 5b 30 5d 2d 62 2c 61 5b 31 5d 2d 62 2c 32 2a 62 |[0]-b,a[1]-b,2*b|
|00001840| 2c 32 2a 62 29 3b 69 66 28 5c 22 70 6f 6c 79 5c |,2*b);if(\"poly\|
|00001850| 22 3d 3d 62 5c 75 30 30 32 36 5c 75 30 30 32 36 |"==b\u0026\u0026|
|00001860| 32 5c 75 30 30 33 63 61 2e 6c 65 6e 67 74 68 29 |2\u003ca.length)|
|00001870| 7b 62 3d 61 5b 30 5d 3b 63 3d 61 5b 31 5d 3b 66 |{b=a[0];c=a[1];f|
|00001880| 6f 72 28 76 61 72 20 64 3d 62 2c 65 3d 63 2c 66 |or(var d=b,e=c,f|
|00001890| 3d 32 3b 66 2b 31 5c 75 30 30 33 63 61 2e 6c 65 |=2;f+1\u003ca.le|
|000018a0| 6e 67 74 68 3b 66 2b 3d 32 29 62 3d 4d 61 74 68 |ngth;f+=2)b=Math|
|000018b0| 2e 6d 69 6e 28 62 2c 61 5b 66 5d 29 2c 64 3d 4d |.min(b,a[f]),d=M|
|000018c0| 61 74 68 2e 6d 61 78 28 64 2c 61 5b 66 5d 29 2c |ath.max(d,a[f]),|
|000018d0| 63 3d 4d 61 74 68 2e 6d 69 6e 28 63 2c 61 5b 66 |c=Math.min(c,a[f|
|000018e0| 2b 31 5d 29 2c 65 3d 4d 61 74 68 2e 6d 61 78 28 |+1]),e=Math.max(|
|000018f0| 65 2c 61 5b 66 2b 31 5d 29 3b 72 65 74 75 72 6e |e,a[f+1]);return|
|00001900| 20 6e 65 77 20 58 28 62 2c 63 2c 64 2d 62 2c 65 | new X(b,c,d-b,e|
|00001910| 2d 63 29 7d 72 65 74 75 72 6e 20 6e 65 77 20 58 |-c)}return new X|
|00001920| 28 30 2c 30 2c 30 2c 30 29 7d 66 75 6e 63 74 69 |(0,0,0,0)}functi|
|00001930| 6f 6e 20 4e 63 28 61 29 7b 61 3d 4a 63 28 61 29 |on Nc(a){a=Jc(a)|
|00001940| 3b 72 65 74 75 72 6e 20 6e 65 77 20 45 63 28 61 |;return new Ec(a|
|00001950| 2e 62 2c 61 2e 61 2b 61 2e 77 69 64 74 68 2c 61 |.b,a.a+a.width,a|
|00001960| 2e 62 2b 61 2e 68 65 69 67 68 74 2c 61 2e 61 29 |.b+a.height,a.a)|
|00001970| 7d 5c 6e 66 75 6e 63 74 69 6f 6e 20 4d 63 28 61 |}\nfunction Mc(a|
|00001980| 29 7b 69 66 28 41 63 29 7b 69 66 28 5c 22 72 65 |){if(Ac){if(\"re|
|00001990| 6c 61 74 69 76 65 5c 22 3d 3d 59 28 61 2c 5c 22 |lative\"==Y(a,\"|
|000019a0| 70 6f 73 69 74 69 6f 6e 5c 22 29 29 72 65 74 75 |position\"))retu|
|000019b0| 72 6e 20 31 3b 61 3d 59 28 61 2c 5c 22 66 69 6c |rn 1;a=Y(a,\"fil|
|000019c0| 74 65 72 5c 22 29 3b 72 65 74 75 72 6e 28 61 3d |ter\");return(a=|
|000019d0| 61 2e 6d 61 74 63 68 28 5c 75 30 30 32 66 5e 61 |a.match(\u002f^a|
|000019e0| 6c 70 68 61 5c 5c 28 6f 70 61 63 69 74 79 3d 28 |lpha\\(opacity=(|
|000019f0| 5c 5c 64 2a 29 5c 5c 29 5c 75 30 30 32 66 29 7c |\\d*)\\)\u002f)||
|00001a00| 7c 61 2e 6d 61 74 63 68 28 5c 75 30 30 32 66 5e ||a.match(\u002f^|
|00001a10| 70 72 6f 67 69 64 3a 44 58 49 6d 61 67 65 54 72 |progid:DXImageTr|
|00001a20| 61 6e 73 66 6f 72 6d 2e 4d 69 63 72 6f 73 6f 66 |ansform.Microsof|
|00001a30| 74 2e 41 6c 70 68 61 5c 5c 28 4f 70 61 63 69 74 |t.Alpha\\(Opacit|
|00001a40| 79 3d 28 5c 5c 64 2a 29 5c 5c 29 5c 75 30 30 32 |y=(\\d*)\\)\u002|
|00001a50| 66 29 29 3f 4e 75 6d 62 65 72 28 61 5b 31 5d 29 |f))?Number(a[1])|
|00001a60| 5c 75 30 30 32 66 31 30 30 3a 31 7d 72 65 74 75 |\u002f100:1}retu|
|00001a70| 72 6e 20 50 63 28 61 29 7d 66 75 6e 63 74 69 6f |rn Pc(a)}functio|
|00001a80| 6e 20 50 63 28 61 29 7b 76 61 72 20 62 3d 31 2c |n Pc(a){var b=1,|
|00001a90| 63 3d 59 28 61 2c 5c 22 6f 70 61 63 69 74 79 5c |c=Y(a,\"opacity\|
|00001aa0| 22 29 3b 63 5c 75 30 30 32 36 5c 75 30 30 32 36 |");c\u0026\u0026|
|00001ab0| 28 62 3d 4e 75 6d 62 65 72 28 63 29 29 3b 28 61 |(b=Number(c));(a|
|00001ac0| 3d 47 63 28 61 29 29 5c 75 30 30 32 36 5c 75 30 |=Gc(a))\u0026\u0|
|00001ad0| 30 32 36 28 62 2a 3d 50 63 28 61 29 29 3b 72 65 |026(b*=Pc(a));re|
|00001ae0| 74 75 72 6e 20 62 7d 3b 62 61 28 5c 22 5f 5c 22 |turn b};ba(\"_\"|
|00001af0| 2c 66 75 6e 63 74 69 6f 6e 28 61 2c 62 29 7b 66 |,function(a,b){f|
|00001b00| 75 6e 63 74 69 6f 6e 20 63 28 64 29 7b 69 66 28 |unction c(d){if(|
|00001b10| 57 28 64 29 5c 75 30 30 32 36 5c 75 30 30 32 36 |W(d)\u0026\u0026|
|00001b20| 5c 22 6e 6f 6e 65 5c 22 3d 3d 59 28 64 2c 5c 22 |\"none\"==Y(d,\"|
|00001b30| 64 69 73 70 6c 61 79 5c 22 29 29 72 65 74 75 72 |display\"))retur|
|00001b40| 6e 21 31 3b 76 61 72 20 65 3b 69 66 28 28 65 3d |n!1;var e;if((e=|
|00001b50| 64 2e 70 61 72 65 6e 74 4e 6f 64 65 29 5c 75 30 |d.parentNode)\u0|
|00001b60| 30 32 36 5c 75 30 30 32 36 65 2e 73 68 61 64 6f |026\u0026e.shado|
|00001b70| 77 52 6f 6f 74 5c 75 30 30 32 36 5c 75 30 30 32 |wRoot\u0026\u002|
|00001b80| 36 76 6f 69 64 20 30 21 3d 3d 64 2e 61 73 73 69 |6void 0!==d.assi|
|00001b90| 67 6e 65 64 53 6c 6f 74 29 65 3d 64 2e 61 73 73 |gnedSlot)e=d.ass|
|00001ba0| 69 67 6e 65 64 53 6c 6f 74 3f 64 2e 61 73 73 69 |ignedSlot?d.assi|
|00001bb0| 67 6e 65 64 53 6c 6f 74 2e 70 61 72 65 6e 74 4e |gnedSlot.parentN|
|00001bc0| 6f 64 65 3a 6e 75 6c 6c 3b 65 6c 73 65 20 69 66 |ode:null;else if|
|00001bd0| 28 64 2e 67 65 74 44 65 73 74 69 6e 61 74 69 6f |(d.getDestinatio|
|00001be0| 6e 49 6e 73 65 72 74 69 6f 6e 50 6f 69 6e 74 73 |nInsertionPoints|
|00001bf0| 29 7b 76 61 72 20 66 3d 64 2e 67 65 74 44 65 73 |){var f=d.getDes|
|00001c00| 74 69 6e 61 74 69 6f 6e 49 6e 73 65 72 74 69 6f |tinationInsertio|
|00001c10| 6e 50 6f 69 6e 74 73 28 29 3b 30 5c 75 30 30 33 |nPoints();0\u003|
|00001c20| 63 66 2e 6c 65 6e 67 74 68 5c 75 30 30 32 36 5c |cf.length\u0026\|
|00001c30| 75 30 30 32 36 28 65 3d 66 5b 66 2e 6c 65 6e 67 |u0026(e=f[f.leng|
|00001c40| 74 68 2d 31 5d 29 7d 69 66 28 46 63 5c 75 30 30 |th-1])}if(Fc\u00|
|00001c50| 32 36 5c 75 30 30 32 36 65 20 69 6e 73 74 61 6e |26\u0026e instan|
|00001c60| 63 65 6f 66 20 53 68 61 64 6f 77 52 6f 6f 74 29 |ceof ShadowRoot)|
|00001c70| 7b 69 66 28 65 2e 68 6f 73 74 2e 73 68 61 64 6f |{if(e.host.shado|
|00001c80| 77 52 6f 6f 74 21 3d 3d 65 29 72 65 74 75 72 6e |wRoot!==e)return|
|00001c90| 21 31 3b 65 3d 65 2e 68 6f 73 74 7d 72 65 74 75 |!1;e=e.host}retu|
|00001ca0| 72 6e 21 65 7c 7c 39 21 3d 65 2e 6e 6f 64 65 54 |rn!e||9!=e.nodeT|
|00001cb0| 79 70 65 5c 75 30 30 32 36 5c 75 30 30 32 36 31 |ype\u0026\u00261|
|00001cc0| 31 21 3d 65 2e 6e 6f 64 65 54 79 70 65 3f 65 5c |1!=e.nodeType?e\|
|00001cd0| 75 30 30 32 36 5c 75 30 30 32 36 57 28 65 2c 5c |u0026\u0026W(e,\|
|00001ce0| 22 44 45 54 41 49 4c 53 5c 22 29 5c 75 30 30 32 |"DETAILS\")\u002|
|00001cf0| 36 5c 75 30 30 32 36 21 65 2e 6f 70 65 6e 5c 75 |6\u0026!e.open\u|
|00001d00| 30 30 32 36 5c 75 30 30 32 36 21 57 28 64 2c 5c |0026\u0026!W(d,\|
|00001d10| 22 53 55 4d 4d 41 52 59 5c 22 29 3f 21 31 3a 21 |"SUMMARY\")?!1:!|
|00001d20| 21 65 5c 75 30 30 32 36 5c 75 30 30 32 36 63 28 |!e\u0026\u0026c(|
|00001d30| 65 29 3a 21 30 7d 72 65 74 75 72 6e 20 49 63 28 |e):!0}return Ic(|
|00001d40| 61 2c 21 21 62 2c 63 29 7d 29 3b 3b 20 72 65 74 |a,!!b,c)});; ret|
|00001d50| 75 72 6e 20 74 68 69 73 2e 5f 2e 61 70 70 6c 79 |urn this._.apply|
|00001d60| 28 6e 75 6c 6c 2c 61 72 67 75 6d 65 6e 74 73 29 |(null,arguments)|
|00001d70| 3b 7d 29 2e 61 70 70 6c 79 28 7b 6e 61 76 69 67 |;}).apply({navig|
|00001d80| 61 74 6f 72 3a 74 79 70 65 6f 66 20 77 69 6e 64 |ator:typeof wind|
|00001d90| 6f 77 21 3d 27 75 6e 64 65 66 69 6e 65 64 27 3f |ow!='undefined'?|
|00001da0| 77 69 6e 64 6f 77 2e 6e 61 76 69 67 61 74 6f 72 |window.navigator|
|00001db0| 3a 6e 75 6c 6c 2c 64 6f 63 75 6d 65 6e 74 3a 74 |:null,document:t|
|00001dc0| 79 70 65 6f 66 20 77 69 6e 64 6f 77 21 3d 27 75 |ypeof window!='u|
|00001dd0| 6e 64 65 66 69 6e 65 64 27 3f 77 69 6e 64 6f 77 |ndefined'?window|
|00001de0| 2e 64 6f 63 75 6d 65 6e 74 3a 6e 75 6c 6c 7d 2c |.document:null},|
|00001df0| 20 61 72 67 75 6d 65 6e 74 73 29 3b 7d 5c 6e 29 | arguments);}\n)|
|00001e00| 2e 61 70 70 6c 79 28 6e 75 6c 6c 2c 20 61 72 67 |.apply(null, arg|
|00001e10| 75 6d 65 6e 74 73 29 3b 22 2c 0a 20 20 22 61 72 |uments);",.  "ar|
|00001e20| 67 73 22 3a 20 5b 0a 20 20 20 20 7b 0a 20 20 20 |gs": [.    {.   |
|00001e30| 20 20 20 22 65 6c 65 6d 65 6e 74 2d 36 30 36 36 |   "element-6066|
|00001e40| 2d 31 31 65 34 2d 61 35 32 65 2d 34 66 37 33 35 |-11e4-a52e-4f735|
|00001e50| 34 36 36 63 65 63 66 22 3a 20 22 39 35 65 35 36 |466cecf": "95e56|
|00001e60| 39 37 32 2d 37 63 37 63 2d 34 37 35 37 2d 38 30 |972-7c7c-4757-80|
|00001e70| 32 39 2d 34 35 32 63 36 65 31 35 62 34 65 37 22 |29-452c6e15b4e7"|
|00001e80| 0a 20 20 20 20 7d 0a 20 20 5d 0a 7d             |.    }.  ].}    |
+--------+-------------------------------------------------+----------------+
14:13:03.622 [AsyncHttpClient-1-8] TRACE i.n.handler.logging.LoggingHandler - [id: 0xa6657862, L:/127.0.0.1:64395 - R:localhost/127.0.0.1:53550] FLUSH
14:13:03.622 [AsyncHttpClient-1-8] TRACE i.n.handler.logging.LoggingHandler - [id: 0xa6657862, L:/127.0.0.1:64395 - R:localhost/127.0.0.1:53550] WRITE: 0B
14:13:03.622 [AsyncHttpClient-1-8] TRACE i.n.handler.logging.LoggingHandler - [id: 0xa6657862, L:/127.0.0.1:64395 - R:localhost/127.0.0.1:53550] FLUSH
14:13:03.676 [AsyncHttpClient-1-8] TRACE i.n.handler.logging.LoggingHandler - [id: 0xa6657862, L:/127.0.0.1:64395 - R:localhost/127.0.0.1:53550] READ: 122B
         +-------------------------------------------------+
         |  0  1  2  3  4  5  6  7  8  9  a  b  c  d  e  f |
+--------+-------------------------------------------------+----------------+
|00000000| 48 54 54 50 2f 31 2e 31 20 32 30 30 20 4f 4b 0d |HTTP/1.1 200 OK.|
|00000010| 0a 43 6f 6e 74 65 6e 74 2d 4c 65 6e 67 74 68 3a |.Content-Length:|
|00000020| 31 34 0d 0a 43 6f 6e 74 65 6e 74 2d 54 79 70 65 |14..Content-Type|
|00000030| 3a 61 70 70 6c 69 63 61 74 69 6f 6e 2f 6a 73 6f |:application/jso|
|00000040| 6e 3b 20 63 68 61 72 73 65 74 3d 75 74 66 2d 38 |n; charset=utf-8|
|00000050| 0d 0a 63 61 63 68 65 2d 63 6f 6e 74 72 6f 6c 3a |..cache-control:|
|00000060| 6e 6f 2d 63 61 63 68 65 0d 0a 0d 0a 7b 22 76 61 |no-cache....{"va|
|00000070| 6c 75 65 22 3a 74 72 75 65 7d                   |lue":true}      |
+--------+-------------------------------------------------+----------------+
14:13:03.677 [AsyncHttpClient-1-8] DEBUG o.a.netty.handler.HttpHandler - 

Request DefaultHttpRequest(decodeResult: success, version: HTTP/1.1)
POST /session/7f7237f6b7b416b55350c5691275deb2/execute/sync HTTP/1.1
User-Agent: selenium/4.4.0 (java windows)
Content-Length: 48780
Content-Type: application/json; charset=utf-8
host: localhost:53550
accept: */*

Response DefaultHttpResponse(decodeResult: success, version: HTTP/1.1)
HTTP/1.1 200 OK
Content-Type: application/json; charset=utf-8
cache-control: no-cache
content-length: 14

14:13:03.677 [AsyncHttpClient-1-8] DEBUG o.a.netty.channel.ChannelManager - Adding key: http://localhost:53550 for channel [id: 0xa6657862, L:/127.0.0.1:64395 - R:localhost/127.0.0.1:53550]
14:13:03.677 [AsyncHttpClient-1-8] TRACE i.n.handler.logging.LoggingHandler - [id: 0xa6657862, L:/127.0.0.1:64395 - R:localhost/127.0.0.1:53550] READ COMPLETE
14:13:03.683 [Forwarding findElement on session 7f7237f6b7b416b55350c5691275deb2 to remote] DEBUG o.a.netty.request.NettyRequestSender - Using pooled Channel '[id: 0xa6657862, L:/127.0.0.1:64395 - R:localhost/127.0.0.1:53550]' for 'POST' to 'http://localhost:53550/session/7f7237f6b7b416b55350c5691275deb2/element'
14:13:03.684 [Forwarding findElement on session 7f7237f6b7b416b55350c5691275deb2 to remote] DEBUG o.a.netty.request.NettyRequestSender - Using open Channel [id: 0xa6657862, L:/127.0.0.1:64395 - R:localhost/127.0.0.1:53550] for POST '/session/7f7237f6b7b416b55350c5691275deb2/element'
14:13:03.684 [AsyncHttpClient-1-8] TRACE i.n.handler.logging.LoggingHandler - [id: 0xa6657862, L:/127.0.0.1:64395 - R:localhost/127.0.0.1:53550] WRITE: 213B
         +-------------------------------------------------+
         |  0  1  2  3  4  5  6  7  8  9  a  b  c  d  e  f |
+--------+-------------------------------------------------+----------------+
|00000000| 50 4f 53 54 20 2f 73 65 73 73 69 6f 6e 2f 37 66 |POST /session/7f|
|00000010| 37 32 33 37 66 36 62 37 62 34 31 36 62 35 35 33 |7237f6b7b416b553|
|00000020| 35 30 63 35 36 39 31 32 37 35 64 65 62 32 2f 65 |50c5691275deb2/e|
|00000030| 6c 65 6d 65 6e 74 20 48 54 54 50 2f 31 2e 31 0d |lement HTTP/1.1.|
|00000040| 0a 55 73 65 72 2d 41 67 65 6e 74 3a 20 73 65 6c |.User-Agent: sel|
|00000050| 65 6e 69 75 6d 2f 34 2e 34 2e 30 20 28 6a 61 76 |enium/4.4.0 (jav|
|00000060| 61 20 77 69 6e 64 6f 77 73 29 0d 0a 43 6f 6e 74 |a windows)..Cont|
|00000070| 65 6e 74 2d 4c 65 6e 67 74 68 3a 20 37 32 0d 0a |ent-Length: 72..|
|00000080| 43 6f 6e 74 65 6e 74 2d 54 79 70 65 3a 20 61 70 |Content-Type: ap|
|00000090| 70 6c 69 63 61 74 69 6f 6e 2f 6a 73 6f 6e 3b 20 |plication/json; |
|000000a0| 63 68 61 72 73 65 74 3d 75 74 66 2d 38 0d 0a 68 |charset=utf-8..h|
|000000b0| 6f 73 74 3a 20 6c 6f 63 61 6c 68 6f 73 74 3a 35 |ost: localhost:5|
|000000c0| 33 35 35 30 0d 0a 61 63 63 65 70 74 3a 20 2a 2f |3550..accept: */|
|000000d0| 2a 0d 0a 0d 0a                                  |*....           |
+--------+-------------------------------------------------+----------------+
14:13:03.685 [AsyncHttpClient-1-8] TRACE i.n.handler.logging.LoggingHandler - [id: 0xa6657862, L:/127.0.0.1:64395 - R:localhost/127.0.0.1:53550] WRITE: 72B
         +-------------------------------------------------+
         |  0  1  2  3  4  5  6  7  8  9  a  b  c  d  e  f |
+--------+-------------------------------------------------+----------------+
|00000000| 7b 0a 20 20 22 75 73 69 6e 67 22 3a 20 22 78 70 |{.  "using": "xp|
|00000010| 61 74 68 22 2c 0a 20 20 22 76 61 6c 75 65 22 3a |ath",.  "value":|
|00000020| 20 22 5c 75 30 30 32 66 5c 75 30 30 32 66 61 5b | "\u002f\u002fa[|
|00000030| 2e 3d 27 d0 96 d0 b5 d0 bd d1 89 d0 b8 d0 bd d0 |.='.............|
|00000040| b0 d0 bc 27 5d 22 0a 7d                         |...']".}        |
+--------+-------------------------------------------------+----------------+
14:13:03.685 [AsyncHttpClient-1-8] TRACE i.n.handler.logging.LoggingHandler - [id: 0xa6657862, L:/127.0.0.1:64395 - R:localhost/127.0.0.1:53550] FLUSH
14:13:03.685 [AsyncHttpClient-1-8] TRACE i.n.handler.logging.LoggingHandler - [id: 0xa6657862, L:/127.0.0.1:64395 - R:localhost/127.0.0.1:53550] WRITE: 0B
14:13:03.685 [AsyncHttpClient-1-8] TRACE i.n.handler.logging.LoggingHandler - [id: 0xa6657862, L:/127.0.0.1:64395 - R:localhost/127.0.0.1:53550] FLUSH
14:13:03.704 [AsyncHttpClient-1-8] TRACE i.n.handler.logging.LoggingHandler - [id: 0xa6657862, L:/127.0.0.1:64395 - R:localhost/127.0.0.1:53550] READ: 196B
         +-------------------------------------------------+
         |  0  1  2  3  4  5  6  7  8  9  a  b  c  d  e  f |
+--------+-------------------------------------------------+----------------+
|00000000| 48 54 54 50 2f 31 2e 31 20 32 30 30 20 4f 4b 0d |HTTP/1.1 200 OK.|
|00000010| 0a 43 6f 6e 74 65 6e 74 2d 4c 65 6e 67 74 68 3a |.Content-Length:|
|00000020| 38 38 0d 0a 43 6f 6e 74 65 6e 74 2d 54 79 70 65 |88..Content-Type|
|00000030| 3a 61 70 70 6c 69 63 61 74 69 6f 6e 2f 6a 73 6f |:application/jso|
|00000040| 6e 3b 20 63 68 61 72 73 65 74 3d 75 74 66 2d 38 |n; charset=utf-8|
|00000050| 0d 0a 63 61 63 68 65 2d 63 6f 6e 74 72 6f 6c 3a |..cache-control:|
|00000060| 6e 6f 2d 63 61 63 68 65 0d 0a 0d 0a 7b 22 76 61 |no-cache....{"va|
|00000070| 6c 75 65 22 3a 7b 22 65 6c 65 6d 65 6e 74 2d 36 |lue":{"element-6|
|00000080| 30 36 36 2d 31 31 65 34 2d 61 35 32 65 2d 34 66 |066-11e4-a52e-4f|
|00000090| 37 33 35 34 36 36 63 65 63 66 22 3a 22 39 35 65 |735466cecf":"95e|
|000000a0| 35 36 39 37 32 2d 37 63 37 63 2d 34 37 35 37 2d |56972-7c7c-4757-|
|000000b0| 38 30 32 39 2d 34 35 32 63 36 65 31 35 62 34 65 |8029-452c6e15b4e|
|000000c0| 37 22 7d 7d                                     |7"}}            |
+--------+-------------------------------------------------+----------------+
14:13:03.704 [AsyncHttpClient-1-8] DEBUG o.a.netty.handler.HttpHandler - 

Request DefaultHttpRequest(decodeResult: success, version: HTTP/1.1)
POST /session/7f7237f6b7b416b55350c5691275deb2/element HTTP/1.1
User-Agent: selenium/4.4.0 (java windows)
Content-Length: 72
Content-Type: application/json; charset=utf-8
host: localhost:53550
accept: */*

Response DefaultHttpResponse(decodeResult: success, version: HTTP/1.1)
HTTP/1.1 200 OK
Content-Type: application/json; charset=utf-8
cache-control: no-cache
content-length: 88

14:13:03.705 [AsyncHttpClient-1-8] DEBUG o.a.netty.channel.ChannelManager - Adding key: http://localhost:53550 for channel [id: 0xa6657862, L:/127.0.0.1:64395 - R:localhost/127.0.0.1:53550]
14:13:03.705 [AsyncHttpClient-1-8] TRACE i.n.handler.logging.LoggingHandler - [id: 0xa6657862, L:/127.0.0.1:64395 - R:localhost/127.0.0.1:53550] READ COMPLETE
14:13:03.710 [Forwarding actions on session 7f7237f6b7b416b55350c5691275deb2 to remote] DEBUG o.a.netty.request.NettyRequestSender - Using pooled Channel '[id: 0xa6657862, L:/127.0.0.1:64395 - R:localhost/127.0.0.1:53550]' for 'POST' to 'http://localhost:53550/session/7f7237f6b7b416b55350c5691275deb2/actions'
14:13:03.710 [Forwarding actions on session 7f7237f6b7b416b55350c5691275deb2 to remote] DEBUG o.a.netty.request.NettyRequestSender - Using open Channel [id: 0xa6657862, L:/127.0.0.1:64395 - R:localhost/127.0.0.1:53550] for POST '/session/7f7237f6b7b416b55350c5691275deb2/actions'
14:13:03.711 [AsyncHttpClient-1-8] TRACE i.n.handler.logging.LoggingHandler - [id: 0xa6657862, L:/127.0.0.1:64395 - R:localhost/127.0.0.1:53550] WRITE: 214B
         +-------------------------------------------------+
         |  0  1  2  3  4  5  6  7  8  9  a  b  c  d  e  f |
+--------+-------------------------------------------------+----------------+
|00000000| 50 4f 53 54 20 2f 73 65 73 73 69 6f 6e 2f 37 66 |POST /session/7f|
|00000010| 37 32 33 37 66 36 62 37 62 34 31 36 62 35 35 33 |7237f6b7b416b553|
|00000020| 35 30 63 35 36 39 31 32 37 35 64 65 62 32 2f 61 |50c5691275deb2/a|
|00000030| 63 74 69 6f 6e 73 20 48 54 54 50 2f 31 2e 31 0d |ctions HTTP/1.1.|
|00000040| 0a 55 73 65 72 2d 41 67 65 6e 74 3a 20 73 65 6c |.User-Agent: sel|
|00000050| 65 6e 69 75 6d 2f 34 2e 34 2e 30 20 28 6a 61 76 |enium/4.4.0 (jav|
|00000060| 61 20 77 69 6e 64 6f 77 73 29 0d 0a 43 6f 6e 74 |a windows)..Cont|
|00000070| 65 6e 74 2d 4c 65 6e 67 74 68 3a 20 34 38 30 0d |ent-Length: 480.|
|00000080| 0a 43 6f 6e 74 65 6e 74 2d 54 79 70 65 3a 20 61 |.Content-Type: a|
|00000090| 70 70 6c 69 63 61 74 69 6f 6e 2f 6a 73 6f 6e 3b |pplication/json;|
|000000a0| 20 63 68 61 72 73 65 74 3d 75 74 66 2d 38 0d 0a | charset=utf-8..|
|000000b0| 68 6f 73 74 3a 20 6c 6f 63 61 6c 68 6f 73 74 3a |host: localhost:|
|000000c0| 35 33 35 35 30 0d 0a 61 63 63 65 70 74 3a 20 2a |53550..accept: *|
|000000d0| 2f 2a 0d 0a 0d 0a                               |/*....          |
+--------+-------------------------------------------------+----------------+
14:13:03.712 [AsyncHttpClient-1-8] TRACE i.n.handler.logging.LoggingHandler - [id: 0xa6657862, L:/127.0.0.1:64395 - R:localhost/127.0.0.1:53550] WRITE: 480B
         +-------------------------------------------------+
         |  0  1  2  3  4  5  6  7  8  9  a  b  c  d  e  f |
+--------+-------------------------------------------------+----------------+
|00000000| 7b 0a 20 20 22 61 63 74 69 6f 6e 73 22 3a 20 5b |{.  "actions": [|
|00000010| 0a 20 20 20 20 7b 0a 20 20 20 20 20 20 22 69 64 |.    {.      "id|
|00000020| 22 3a 20 22 64 65 66 61 75 6c 74 20 6d 6f 75 73 |": "default mous|
|00000030| 65 22 2c 0a 20 20 20 20 20 20 22 74 79 70 65 22 |e",.      "type"|
|00000040| 3a 20 22 70 6f 69 6e 74 65 72 22 2c 0a 20 20 20 |: "pointer",.   |
|00000050| 20 20 20 22 70 61 72 61 6d 65 74 65 72 73 22 3a |   "parameters":|
|00000060| 20 7b 0a 20 20 20 20 20 20 20 20 22 70 6f 69 6e | {.        "poin|
|00000070| 74 65 72 54 79 70 65 22 3a 20 22 6d 6f 75 73 65 |terType": "mouse|
|00000080| 22 0a 20 20 20 20 20 20 7d 2c 0a 20 20 20 20 20 |".      },.     |
|00000090| 20 22 61 63 74 69 6f 6e 73 22 3a 20 5b 0a 20 20 | "actions": [.  |
|000000a0| 20 20 20 20 20 20 7b 0a 20 20 20 20 20 20 20 20 |      {.        |
|000000b0| 20 20 22 64 75 72 61 74 69 6f 6e 22 3a 20 31 30 |  "duration": 10|
|000000c0| 30 2c 0a 20 20 20 20 20 20 20 20 20 20 22 78 22 |0,.          "x"|
|000000d0| 3a 20 30 2c 0a 20 20 20 20 20 20 20 20 20 20 22 |: 0,.          "|
|000000e0| 79 22 3a 20 30 2c 0a 20 20 20 20 20 20 20 20 20 |y": 0,.         |
|000000f0| 20 22 74 79 70 65 22 3a 20 22 70 6f 69 6e 74 65 | "type": "pointe|
|00000100| 72 4d 6f 76 65 22 2c 0a 20 20 20 20 20 20 20 20 |rMove",.        |
|00000110| 20 20 22 6f 72 69 67 69 6e 22 3a 20 7b 0a 20 20 |  "origin": {.  |
|00000120| 20 20 20 20 20 20 20 20 20 20 22 45 4c 45 4d 45 |          "ELEME|
|00000130| 4e 54 22 3a 20 22 39 35 65 35 36 39 37 32 2d 37 |NT": "95e56972-7|
|00000140| 63 37 63 2d 34 37 35 37 2d 38 30 32 39 2d 34 35 |c7c-4757-8029-45|
|00000150| 32 63 36 65 31 35 62 34 65 37 22 2c 0a 20 20 20 |2c6e15b4e7",.   |
|00000160| 20 20 20 20 20 20 20 20 20 22 65 6c 65 6d 65 6e |         "elemen|
|00000170| 74 2d 36 30 36 36 2d 31 31 65 34 2d 61 35 32 65 |t-6066-11e4-a52e|
|00000180| 2d 34 66 37 33 35 34 36 36 63 65 63 66 22 3a 20 |-4f735466cecf": |
|00000190| 22 39 35 65 35 36 39 37 32 2d 37 63 37 63 2d 34 |"95e56972-7c7c-4|
|000001a0| 37 35 37 2d 38 30 32 39 2d 34 35 32 63 36 65 31 |757-8029-452c6e1|
|000001b0| 35 62 34 65 37 22 0a 20 20 20 20 20 20 20 20 20 |5b4e7".         |
|000001c0| 20 7d 0a 20 20 20 20 20 20 20 20 7d 0a 20 20 20 | }.        }.   |
|000001d0| 20 20 20 5d 0a 20 20 20 20 7d 0a 20 20 5d 0a 7d |   ].    }.  ].}|
+--------+-------------------------------------------------+----------------+
14:13:03.712 [AsyncHttpClient-1-8] TRACE i.n.handler.logging.LoggingHandler - [id: 0xa6657862, L:/127.0.0.1:64395 - R:localhost/127.0.0.1:53550] FLUSH
14:13:03.712 [AsyncHttpClient-1-8] TRACE i.n.handler.logging.LoggingHandler - [id: 0xa6657862, L:/127.0.0.1:64395 - R:localhost/127.0.0.1:53550] WRITE: 0B
14:13:03.713 [AsyncHttpClient-1-8] TRACE i.n.handler.logging.LoggingHandler - [id: 0xa6657862, L:/127.0.0.1:64395 - R:localhost/127.0.0.1:53550] FLUSH
14:13:03.853 [AsyncHttpClient-1-8] TRACE i.n.handler.logging.LoggingHandler - [id: 0xa6657862, L:/127.0.0.1:64395 - R:localhost/127.0.0.1:53550] READ: 122B
         +-------------------------------------------------+
         |  0  1  2  3  4  5  6  7  8  9  a  b  c  d  e  f |
+--------+-------------------------------------------------+----------------+
|00000000| 48 54 54 50 2f 31 2e 31 20 32 30 30 20 4f 4b 0d |HTTP/1.1 200 OK.|
|00000010| 0a 43 6f 6e 74 65 6e 74 2d 4c 65 6e 67 74 68 3a |.Content-Length:|
|00000020| 31 34 0d 0a 43 6f 6e 74 65 6e 74 2d 54 79 70 65 |14..Content-Type|
|00000030| 3a 61 70 70 6c 69 63 61 74 69 6f 6e 2f 6a 73 6f |:application/jso|
|00000040| 6e 3b 20 63 68 61 72 73 65 74 3d 75 74 66 2d 38 |n; charset=utf-8|
|00000050| 0d 0a 63 61 63 68 65 2d 63 6f 6e 74 72 6f 6c 3a |..cache-control:|
|00000060| 6e 6f 2d 63 61 63 68 65 0d 0a 0d 0a 7b 22 76 61 |no-cache....{"va|
|00000070| 6c 75 65 22 3a 6e 75 6c 6c 7d                   |lue":null}      |
+--------+-------------------------------------------------+----------------+
14:13:03.853 [AsyncHttpClient-1-8] DEBUG o.a.netty.handler.HttpHandler - 

Request DefaultHttpRequest(decodeResult: success, version: HTTP/1.1)
POST /session/7f7237f6b7b416b55350c5691275deb2/actions HTTP/1.1
User-Agent: selenium/4.4.0 (java windows)
Content-Length: 480
Content-Type: application/json; charset=utf-8
host: localhost:53550
accept: */*

Response DefaultHttpResponse(decodeResult: success, version: HTTP/1.1)
HTTP/1.1 200 OK
Content-Type: application/json; charset=utf-8
cache-control: no-cache
content-length: 14

14:13:03.854 [AsyncHttpClient-1-8] DEBUG o.a.netty.channel.ChannelManager - Adding key: http://localhost:53550 for channel [id: 0xa6657862, L:/127.0.0.1:64395 - R:localhost/127.0.0.1:53550]
14:13:03.854 [AsyncHttpClient-1-8] TRACE i.n.handler.logging.LoggingHandler - [id: 0xa6657862, L:/127.0.0.1:64395 - R:localhost/127.0.0.1:53550] READ COMPLETE
14:13:03.856 [Forwarding findElement on session 7f7237f6b7b416b55350c5691275deb2 to remote] DEBUG o.a.netty.request.NettyRequestSender - Using pooled Channel '[id: 0xa6657862, L:/127.0.0.1:64395 - R:localhost/127.0.0.1:53550]' for 'POST' to 'http://localhost:53550/session/7f7237f6b7b416b55350c5691275deb2/element'
14:13:03.857 [Forwarding findElement on session 7f7237f6b7b416b55350c5691275deb2 to remote] DEBUG o.a.netty.request.NettyRequestSender - Using open Channel [id: 0xa6657862, L:/127.0.0.1:64395 - R:localhost/127.0.0.1:53550] for POST '/session/7f7237f6b7b416b55350c5691275deb2/element'
14:13:03.857 [AsyncHttpClient-1-8] TRACE i.n.handler.logging.LoggingHandler - [id: 0xa6657862, L:/127.0.0.1:64395 - R:localhost/127.0.0.1:53550] WRITE: 214B
         +-------------------------------------------------+
         |  0  1  2  3  4  5  6  7  8  9  a  b  c  d  e  f |
+--------+-------------------------------------------------+----------------+
|00000000| 50 4f 53 54 20 2f 73 65 73 73 69 6f 6e 2f 37 66 |POST /session/7f|
|00000010| 37 32 33 37 66 36 62 37 62 34 31 36 62 35 35 33 |7237f6b7b416b553|
|00000020| 35 30 63 35 36 39 31 32 37 35 64 65 62 32 2f 65 |50c5691275deb2/e|
|00000030| 6c 65 6d 65 6e 74 20 48 54 54 50 2f 31 2e 31 0d |lement HTTP/1.1.|
|00000040| 0a 55 73 65 72 2d 41 67 65 6e 74 3a 20 73 65 6c |.User-Agent: sel|
|00000050| 65 6e 69 75 6d 2f 34 2e 34 2e 30 20 28 6a 61 76 |enium/4.4.0 (jav|
|00000060| 61 20 77 69 6e 64 6f 77 73 29 0d 0a 43 6f 6e 74 |a windows)..Cont|
|00000070| 65 6e 74 2d 4c 65 6e 67 74 68 3a 20 31 36 36 0d |ent-Length: 166.|
|00000080| 0a 43 6f 6e 74 65 6e 74 2d 54 79 70 65 3a 20 61 |.Content-Type: a|
|00000090| 70 70 6c 69 63 61 74 69 6f 6e 2f 6a 73 6f 6e 3b |pplication/json;|
|000000a0| 20 63 68 61 72 73 65 74 3d 75 74 66 2d 38 0d 0a | charset=utf-8..|
|000000b0| 68 6f 73 74 3a 20 6c 6f 63 61 6c 68 6f 73 74 3a |host: localhost:|
|000000c0| 35 33 35 35 30 0d 0a 61 63 63 65 70 74 3a 20 2a |53550..accept: *|
|000000d0| 2f 2a 0d 0a 0d 0a                               |/*....          |
+--------+-------------------------------------------------+----------------+
14:13:03.858 [AsyncHttpClient-1-8] TRACE i.n.handler.logging.LoggingHandler - [id: 0xa6657862, L:/127.0.0.1:64395 - R:localhost/127.0.0.1:53550] WRITE: 166B
         +-------------------------------------------------+
         |  0  1  2  3  4  5  6  7  8  9  a  b  c  d  e  f |
+--------+-------------------------------------------------+----------------+
|00000000| 7b 0a 20 20 22 75 73 69 6e 67 22 3a 20 22 78 70 |{.  "using": "xp|
|00000010| 61 74 68 22 2c 0a 20 20 22 76 61 6c 75 65 22 3a |ath",.  "value":|
|00000020| 20 22 5c 75 30 30 32 66 5c 75 30 30 32 66 64 69 | "\u002f\u002fdi|
|00000030| 76 5b 63 6f 6e 74 61 69 6e 73 28 40 63 6c 61 73 |v[contains(@clas|
|00000040| 73 2c 27 69 74 65 6d 2d 2d 61 63 74 69 76 65 27 |s,'item--active'|
|00000050| 29 5d 5c 75 30 30 32 66 5c 75 30 30 32 66 75 6c |)]\u002f\u002ful|
|00000060| 5b 63 6f 6e 74 61 69 6e 73 28 40 63 6c 61 73 73 |[contains(@class|
|00000070| 2c 20 27 6d 65 6e 75 2d 62 75 72 67 65 72 5f 5f |, 'menu-burger__|
|00000080| 73 65 74 27 29 5d 5c 75 30 30 32 66 5c 75 30 30 |set')]\u002f\u00|
|00000090| 32 66 61 5b 2e 3d 27 d0 91 d1 80 d1 8e d0 ba d0 |2fa[.='.........|
|000000a0| b8 27 5d 22 0a 7d                               |.']".}          |
+--------+-------------------------------------------------+----------------+
14:13:03.858 [AsyncHttpClient-1-8] TRACE i.n.handler.logging.LoggingHandler - [id: 0xa6657862, L:/127.0.0.1:64395 - R:localhost/127.0.0.1:53550] FLUSH
14:13:03.858 [AsyncHttpClient-1-8] TRACE i.n.handler.logging.LoggingHandler - [id: 0xa6657862, L:/127.0.0.1:64395 - R:localhost/127.0.0.1:53550] WRITE: 0B
14:13:03.858 [AsyncHttpClient-1-8] TRACE i.n.handler.logging.LoggingHandler - [id: 0xa6657862, L:/127.0.0.1:64395 - R:localhost/127.0.0.1:53550] FLUSH
14:13:03.989 [AsyncHttpClient-1-8] TRACE i.n.handler.logging.LoggingHandler - [id: 0xa6657862, L:/127.0.0.1:64395 - R:localhost/127.0.0.1:53550] READ: 464B
         +-------------------------------------------------+
         |  0  1  2  3  4  5  6  7  8  9  a  b  c  d  e  f |
+--------+-------------------------------------------------+----------------+
|00000000| 48 54 54 50 2f 31 2e 31 20 34 30 34 20 4e 6f 74 |HTTP/1.1 404 Not|
|00000010| 20 46 6f 75 6e 64 0d 0a 43 6f 6e 74 65 6e 74 2d | Found..Content-|
|00000020| 4c 65 6e 67 74 68 3a 31 31 30 34 0d 0a 43 6f 6e |Length:1104..Con|
|00000030| 74 65 6e 74 2d 54 79 70 65 3a 61 70 70 6c 69 63 |tent-Type:applic|
|00000040| 61 74 69 6f 6e 2f 6a 73 6f 6e 3b 20 63 68 61 72 |ation/json; char|
|00000050| 73 65 74 3d 75 74 66 2d 38 0d 0a 63 61 63 68 65 |set=utf-8..cache|
|00000060| 2d 63 6f 6e 74 72 6f 6c 3a 6e 6f 2d 63 61 63 68 |-control:no-cach|
|00000070| 65 0d 0a 0d 0a 7b 22 76 61 6c 75 65 22 3a 7b 22 |e....{"value":{"|
|00000080| 65 72 72 6f 72 22 3a 22 6e 6f 20 73 75 63 68 20 |error":"no such |
|00000090| 65 6c 65 6d 65 6e 74 22 2c 22 6d 65 73 73 61 67 |element","messag|
|000000a0| 65 22 3a 22 6e 6f 20 73 75 63 68 20 65 6c 65 6d |e":"no such elem|
|000000b0| 65 6e 74 3a 20 55 6e 61 62 6c 65 20 74 6f 20 6c |ent: Unable to l|
|000000c0| 6f 63 61 74 65 20 65 6c 65 6d 65 6e 74 3a 20 7b |ocate element: {|
|000000d0| 5c 22 6d 65 74 68 6f 64 5c 22 3a 5c 22 78 70 61 |\"method\":\"xpa|
|000000e0| 74 68 5c 22 2c 5c 22 73 65 6c 65 63 74 6f 72 5c |th\",\"selector\|
|000000f0| 22 3a 5c 22 2f 2f 64 69 76 5b 63 6f 6e 74 61 69 |":\"//div[contai|
|00000100| 6e 73 28 40 63 6c 61 73 73 2c 27 69 74 65 6d 2d |ns(@class,'item-|
|00000110| 2d 61 63 74 69 76 65 27 29 5d 2f 2f 75 6c 5b 63 |-active')]//ul[c|
|00000120| 6f 6e 74 61 69 6e 73 28 40 63 6c 61 73 73 2c 20 |ontains(@class, |
|00000130| 27 6d 65 6e 75 2d 62 75 72 67 65 72 5f 5f 73 65 |'menu-burger__se|
|00000140| 74 27 29 5d 2f 2f 61 5b 2e 3d 27 d0 91 d1 80 d1 |t')]//a[.='.....|
|00000150| 8e d0 ba d0 b8 27 5d 5c 22 7d 5c 6e 20 20 28 53 |.....']\"}\n  (S|
|00000160| 65 73 73 69 6f 6e 20 69 6e 66 6f 3a 20 63 68 72 |ession info: chr|
|00000170| 6f 6d 65 3d 31 30 35 2e 30 2e 35 31 39 35 2e 31 |ome=105.0.5195.1|
|00000180| 32 37 29 22 2c 22 73 74 61 63 6b 74 72 61 63 65 |27)","stacktrace|
|00000190| 22 3a 22 42 61 63 6b 74 72 61 63 65 3a 5c 6e 5c |":"Backtrace:\n\|
|000001a0| 74 4f 72 64 69 6e 61 6c 30 20 5b 30 78 30 30 39 |tOrdinal0 [0x009|
|000001b0| 33 44 46 31 33 2b 32 32 31 39 37 39 35 5d 5c 6e |3DF13+2219795]\n|
|000001c0| 5c 74 4f 72 64 69 6e 61 6c 30 20 5b 30 78 30 30 |\tOrdinal0 [0x00|
+--------+-------------------------------------------------+----------------+
14:13:03.989 [AsyncHttpClient-1-8] DEBUG o.a.netty.handler.HttpHandler - 

Request DefaultHttpRequest(decodeResult: success, version: HTTP/1.1)
POST /session/7f7237f6b7b416b55350c5691275deb2/element HTTP/1.1
User-Agent: selenium/4.4.0 (java windows)
Content-Length: 166
Content-Type: application/json; charset=utf-8
host: localhost:53550
accept: */*

Response DefaultHttpResponse(decodeResult: success, version: HTTP/1.1)
HTTP/1.1 404 Not Found
Content-Type: application/json; charset=utf-8
cache-control: no-cache
content-length: 1104

14:13:03.990 [AsyncHttpClient-1-8] TRACE i.n.handler.logging.LoggingHandler - [id: 0xa6657862, L:/127.0.0.1:64395 - R:localhost/127.0.0.1:53550] READ COMPLETE
14:13:03.990 [AsyncHttpClient-1-8] TRACE i.n.handler.logging.LoggingHandler - [id: 0xa6657862, L:/127.0.0.1:64395 - R:localhost/127.0.0.1:53550] READ: 757B
         +-------------------------------------------------+
         |  0  1  2  3  4  5  6  7  8  9  a  b  c  d  e  f |
+--------+-------------------------------------------------+----------------+
|00000000| 38 44 32 38 34 31 2b 31 37 37 39 37 37 37 5d 5c |8D2841+1779777]\|
|00000010| 6e 5c 74 4f 72 64 69 6e 61 6c 30 20 5b 30 78 30 |n\tOrdinal0 [0x0|
|00000020| 30 37 45 34 32 33 44 2b 38 30 33 33 38 39 5d 5c |07E423D+803389]\|
|00000030| 6e 5c 74 4f 72 64 69 6e 61 6c 30 20 5b 30 78 30 |n\tOrdinal0 [0x0|
|00000040| 30 38 31 33 30 32 35 2b 39 39 35 33 36 35 5d 5c |0813025+995365]\|
|00000050| 6e 5c 74 4f 72 64 69 6e 61 6c 30 20 5b 30 78 30 |n\tOrdinal0 [0x0|
|00000060| 30 38 31 33 31 45 42 2b 39 39 35 38 31 39 5d 5c |08131EB+995819]\|
|00000070| 6e 5c 74 4f 72 64 69 6e 61 6c 30 20 5b 30 78 30 |n\tOrdinal0 [0x0|
|00000080| 30 38 34 30 46 35 32 2b 31 31 38 33 35 37 30 5d |0840F52+1183570]|
|00000090| 5c 6e 5c 74 4f 72 64 69 6e 61 6c 30 20 5b 30 78 |\n\tOrdinal0 [0x|
|000000a0| 30 30 38 32 45 38 34 34 2b 31 31 30 38 30 33 36 |0082E844+1108036|
|000000b0| 5d 5c 6e 5c 74 4f 72 64 69 6e 61 6c 30 20 5b 30 |]\n\tOrdinal0 [0|
|000000c0| 78 30 30 38 33 46 31 39 32 2b 31 31 37 35 39 35 |x0083F192+117595|
|000000d0| 34 5d 5c 6e 5c 74 4f 72 64 69 6e 61 6c 30 20 5b |4]\n\tOrdinal0 [|
|000000e0| 30 78 30 30 38 32 45 36 31 36 2b 31 31 30 37 34 |0x0082E616+11074|
|000000f0| 37 38 5d 5c 6e 5c 74 4f 72 64 69 6e 61 6c 30 20 |78]\n\tOrdinal0 |
|00000100| 5b 30 78 30 30 38 30 37 46 38 39 2b 39 35 30 31 |[0x00807F89+9501|
|00000110| 35 33 5d 5c 6e 5c 74 4f 72 64 69 6e 61 6c 30 20 |53]\n\tOrdinal0 |
|00000120| 5b 30 78 30 30 38 30 38 46 35 36 2b 39 35 34 31 |[0x00808F56+9541|
|00000130| 39 38 5d 5c 6e 5c 74 47 65 74 48 61 6e 64 6c 65 |98]\n\tGetHandle|
|00000140| 56 65 72 69 66 69 65 72 20 5b 30 78 30 30 43 33 |Verifier [0x00C3|
|00000150| 32 43 42 32 2b 33 30 34 30 32 31 30 5d 5c 6e 5c |2CB2+3040210]\n\|
|00000160| 74 47 65 74 48 61 6e 64 6c 65 56 65 72 69 66 69 |tGetHandleVerifi|
|00000170| 65 72 20 5b 30 78 30 30 43 32 32 42 42 34 2b 32 |er [0x00C22BB4+2|
|00000180| 39 37 34 34 32 30 5d 5c 6e 5c 74 47 65 74 48 61 |974420]\n\tGetHa|
|00000190| 6e 64 6c 65 56 65 72 69 66 69 65 72 20 5b 30 78 |ndleVerifier [0x|
|000001a0| 30 30 39 44 36 41 30 41 2b 35 36 35 35 34 36 5d |009D6A0A+565546]|
|000001b0| 5c 6e 5c 74 47 65 74 48 61 6e 64 6c 65 56 65 72 |\n\tGetHandleVer|
|000001c0| 69 66 69 65 72 20 5b 30 78 30 30 39 44 35 36 38 |ifier [0x009D568|
|000001d0| 30 2b 35 36 30 35 34 34 5d 5c 6e 5c 74 4f 72 64 |0+560544]\n\tOrd|
|000001e0| 69 6e 61 6c 30 20 5b 30 78 30 30 38 44 39 41 35 |inal0 [0x008D9A5|
|000001f0| 43 2b 31 38 30 38 39 38 38 5d 5c 6e 5c 74 4f 72 |C+1808988]\n\tOr|
|00000200| 64 69 6e 61 6c 30 20 5b 30 78 30 30 38 44 45 33 |dinal0 [0x008DE3|
|00000210| 41 38 2b 31 38 32 37 37 35 32 5d 5c 6e 5c 74 4f |A8+1827752]\n\tO|
|00000220| 72 64 69 6e 61 6c 30 20 5b 30 78 30 30 38 44 45 |rdinal0 [0x008DE|
|00000230| 34 39 35 2b 31 38 32 37 39 38 39 5d 5c 6e 5c 74 |495+1827989]\n\t|
|00000240| 4f 72 64 69 6e 61 6c 30 20 5b 30 78 30 30 38 45 |Ordinal0 [0x008E|
|00000250| 38 30 41 34 2b 31 38 36 37 39 34 30 5d 5c 6e 5c |80A4+1867940]\n\|
|00000260| 74 42 61 73 65 54 68 72 65 61 64 49 6e 69 74 54 |tBaseThreadInitT|
|00000270| 68 75 6e 6b 20 5b 30 78 37 35 34 37 46 41 32 39 |hunk [0x7547FA29|
|00000280| 2b 32 35 5d 5c 6e 5c 74 52 74 6c 47 65 74 41 70 |+25]\n\tRtlGetAp|
|00000290| 70 43 6f 6e 74 61 69 6e 65 72 4e 61 6d 65 64 4f |pContainerNamedO|
|000002a0| 62 6a 65 63 74 50 61 74 68 20 5b 30 78 37 37 32 |bjectPath [0x772|
|000002b0| 38 37 42 35 45 2b 32 38 36 5d 5c 6e 5c 74 52 74 |87B5E+286]\n\tRt|
|000002c0| 6c 47 65 74 41 70 70 43 6f 6e 74 61 69 6e 65 72 |lGetAppContainer|
|000002d0| 4e 61 6d 65 64 4f 62 6a 65 63 74 50 61 74 68 20 |NamedObjectPath |
|000002e0| 5b 30 78 37 37 32 38 37 42 32 45 2b 32 33 38 5d |[0x77287B2E+238]|
|000002f0| 5c 6e 22 7d 7d                                  |\n"}}           |
+--------+-------------------------------------------------+----------------+
14:13:03.990 [AsyncHttpClient-1-8] DEBUG o.a.netty.channel.ChannelManager - Adding key: http://localhost:53550 for channel [id: 0xa6657862, L:/127.0.0.1:64395 - R:localhost/127.0.0.1:53550]
14:13:03.993 [AsyncHttpClient-1-8] TRACE i.n.handler.logging.LoggingHandler - [id: 0xa6657862, L:/127.0.0.1:64395 - R:localhost/127.0.0.1:53550] READ COMPLETE
14:13:04.090 [AsyncHttpClient-1-1] DEBUG o.a.netty.channel.DefaultChannelPool - Entry count for : http://localhost:53550 : 1
14:13:04.090 [AsyncHttpClient-1-1] DEBUG o.a.netty.channel.DefaultChannelPool - Entry count for : http://localhost:64396 : 1
14:13:04.512 [Forwarding findElement on session 7f7237f6b7b416b55350c5691275deb2 to remote] DEBUG o.a.netty.request.NettyRequestSender - Using pooled Channel '[id: 0xa6657862, L:/127.0.0.1:64395 - R:localhost/127.0.0.1:53550]' for 'POST' to 'http://localhost:53550/session/7f7237f6b7b416b55350c5691275deb2/element'
14:13:04.512 [Forwarding findElement on session 7f7237f6b7b416b55350c5691275deb2 to remote] DEBUG o.a.netty.request.NettyRequestSender - Using open Channel [id: 0xa6657862, L:/127.0.0.1:64395 - R:localhost/127.0.0.1:53550] for POST '/session/7f7237f6b7b416b55350c5691275deb2/element'
14:13:04.512 [AsyncHttpClient-1-8] TRACE i.n.handler.logging.LoggingHandler - [id: 0xa6657862, L:/127.0.0.1:64395 - R:localhost/127.0.0.1:53550] WRITE: 214B
         +-------------------------------------------------+
         |  0  1  2  3  4  5  6  7  8  9  a  b  c  d  e  f |
+--------+-------------------------------------------------+----------------+
|00000000| 50 4f 53 54 20 2f 73 65 73 73 69 6f 6e 2f 37 66 |POST /session/7f|
|00000010| 37 32 33 37 66 36 62 37 62 34 31 36 62 35 35 33 |7237f6b7b416b553|
|00000020| 35 30 63 35 36 39 31 32 37 35 64 65 62 32 2f 65 |50c5691275deb2/e|
|00000030| 6c 65 6d 65 6e 74 20 48 54 54 50 2f 31 2e 31 0d |lement HTTP/1.1.|
|00000040| 0a 55 73 65 72 2d 41 67 65 6e 74 3a 20 73 65 6c |.User-Agent: sel|
|00000050| 65 6e 69 75 6d 2f 34 2e 34 2e 30 20 28 6a 61 76 |enium/4.4.0 (jav|
|00000060| 61 20 77 69 6e 64 6f 77 73 29 0d 0a 43 6f 6e 74 |a windows)..Cont|
|00000070| 65 6e 74 2d 4c 65 6e 67 74 68 3a 20 31 36 36 0d |ent-Length: 166.|
|00000080| 0a 43 6f 6e 74 65 6e 74 2d 54 79 70 65 3a 20 61 |.Content-Type: a|
|00000090| 70 70 6c 69 63 61 74 69 6f 6e 2f 6a 73 6f 6e 3b |pplication/json;|
|000000a0| 20 63 68 61 72 73 65 74 3d 75 74 66 2d 38 0d 0a | charset=utf-8..|
|000000b0| 68 6f 73 74 3a 20 6c 6f 63 61 6c 68 6f 73 74 3a |host: localhost:|
|000000c0| 35 33 35 35 30 0d 0a 61 63 63 65 70 74 3a 20 2a |53550..accept: *|
|000000d0| 2f 2a 0d 0a 0d 0a                               |/*....          |
+--------+-------------------------------------------------+----------------+
14:13:04.513 [AsyncHttpClient-1-8] TRACE i.n.handler.logging.LoggingHandler - [id: 0xa6657862, L:/127.0.0.1:64395 - R:localhost/127.0.0.1:53550] WRITE: 166B
         +-------------------------------------------------+
         |  0  1  2  3  4  5  6  7  8  9  a  b  c  d  e  f |
+--------+-------------------------------------------------+----------------+
|00000000| 7b 0a 20 20 22 75 73 69 6e 67 22 3a 20 22 78 70 |{.  "using": "xp|
|00000010| 61 74 68 22 2c 0a 20 20 22 76 61 6c 75 65 22 3a |ath",.  "value":|
|00000020| 20 22 5c 75 30 30 32 66 5c 75 30 30 32 66 64 69 | "\u002f\u002fdi|
|00000030| 76 5b 63 6f 6e 74 61 69 6e 73 28 40 63 6c 61 73 |v[contains(@clas|
|00000040| 73 2c 27 69 74 65 6d 2d 2d 61 63 74 69 76 65 27 |s,'item--active'|
|00000050| 29 5d 5c 75 30 30 32 66 5c 75 30 30 32 66 75 6c |)]\u002f\u002ful|
|00000060| 5b 63 6f 6e 74 61 69 6e 73 28 40 63 6c 61 73 73 |[contains(@class|
|00000070| 2c 20 27 6d 65 6e 75 2d 62 75 72 67 65 72 5f 5f |, 'menu-burger__|
|00000080| 73 65 74 27 29 5d 5c 75 30 30 32 66 5c 75 30 30 |set')]\u002f\u00|
|00000090| 32 66 61 5b 2e 3d 27 d0 91 d1 80 d1 8e d0 ba d0 |2fa[.='.........|
|000000a0| b8 27 5d 22 0a 7d                               |.']".}          |
+--------+-------------------------------------------------+----------------+
14:13:04.513 [AsyncHttpClient-1-8] TRACE i.n.handler.logging.LoggingHandler - [id: 0xa6657862, L:/127.0.0.1:64395 - R:localhost/127.0.0.1:53550] FLUSH
14:13:04.513 [AsyncHttpClient-1-8] TRACE i.n.handler.logging.LoggingHandler - [id: 0xa6657862, L:/127.0.0.1:64395 - R:localhost/127.0.0.1:53550] WRITE: 0B
14:13:04.513 [AsyncHttpClient-1-8] TRACE i.n.handler.logging.LoggingHandler - [id: 0xa6657862, L:/127.0.0.1:64395 - R:localhost/127.0.0.1:53550] FLUSH
14:13:04.539 [AsyncHttpClient-1-8] TRACE i.n.handler.logging.LoggingHandler - [id: 0xa6657862, L:/127.0.0.1:64395 - R:localhost/127.0.0.1:53550] READ: 1024B
         +-------------------------------------------------+
         |  0  1  2  3  4  5  6  7  8  9  a  b  c  d  e  f |
+--------+-------------------------------------------------+----------------+
|00000000| 48 54 54 50 2f 31 2e 31 20 34 30 34 20 4e 6f 74 |HTTP/1.1 404 Not|
|00000010| 20 46 6f 75 6e 64 0d 0a 43 6f 6e 74 65 6e 74 2d | Found..Content-|
|00000020| 4c 65 6e 67 74 68 3a 31 31 30 34 0d 0a 43 6f 6e |Length:1104..Con|
|00000030| 74 65 6e 74 2d 54 79 70 65 3a 61 70 70 6c 69 63 |tent-Type:applic|
|00000040| 61 74 69 6f 6e 2f 6a 73 6f 6e 3b 20 63 68 61 72 |ation/json; char|
|00000050| 73 65 74 3d 75 74 66 2d 38 0d 0a 63 61 63 68 65 |set=utf-8..cache|
|00000060| 2d 63 6f 6e 74 72 6f 6c 3a 6e 6f 2d 63 61 63 68 |-control:no-cach|
|00000070| 65 0d 0a 0d 0a 7b 22 76 61 6c 75 65 22 3a 7b 22 |e....{"value":{"|
|00000080| 65 72 72 6f 72 22 3a 22 6e 6f 20 73 75 63 68 20 |error":"no such |
|00000090| 65 6c 65 6d 65 6e 74 22 2c 22 6d 65 73 73 61 67 |element","messag|
|000000a0| 65 22 3a 22 6e 6f 20 73 75 63 68 20 65 6c 65 6d |e":"no such elem|
|000000b0| 65 6e 74 3a 20 55 6e 61 62 6c 65 20 74 6f 20 6c |ent: Unable to l|
|000000c0| 6f 63 61 74 65 20 65 6c 65 6d 65 6e 74 3a 20 7b |ocate element: {|
|000000d0| 5c 22 6d 65 74 68 6f 64 5c 22 3a 5c 22 78 70 61 |\"method\":\"xpa|
|000000e0| 74 68 5c 22 2c 5c 22 73 65 6c 65 63 74 6f 72 5c |th\",\"selector\|
|000000f0| 22 3a 5c 22 2f 2f 64 69 76 5b 63 6f 6e 74 61 69 |":\"//div[contai|
|00000100| 6e 73 28 40 63 6c 61 73 73 2c 27 69 74 65 6d 2d |ns(@class,'item-|
|00000110| 2d 61 63 74 69 76 65 27 29 5d 2f 2f 75 6c 5b 63 |-active')]//ul[c|
|00000120| 6f 6e 74 61 69 6e 73 28 40 63 6c 61 73 73 2c 20 |ontains(@class, |
|00000130| 27 6d 65 6e 75 2d 62 75 72 67 65 72 5f 5f 73 65 |'menu-burger__se|
|00000140| 74 27 29 5d 2f 2f 61 5b 2e 3d 27 d0 91 d1 80 d1 |t')]//a[.='.....|
|00000150| 8e d0 ba d0 b8 27 5d 5c 22 7d 5c 6e 20 20 28 53 |.....']\"}\n  (S|
|00000160| 65 73 73 69 6f 6e 20 69 6e 66 6f 3a 20 63 68 72 |ession info: chr|
|00000170| 6f 6d 65 3d 31 30 35 2e 30 2e 35 31 39 35 2e 31 |ome=105.0.5195.1|
|00000180| 32 37 29 22 2c 22 73 74 61 63 6b 74 72 61 63 65 |27)","stacktrace|
|00000190| 22 3a 22 42 61 63 6b 74 72 61 63 65 3a 5c 6e 5c |":"Backtrace:\n\|
|000001a0| 74 4f 72 64 69 6e 61 6c 30 20 5b 30 78 30 30 39 |tOrdinal0 [0x009|
|000001b0| 33 44 46 31 33 2b 32 32 31 39 37 39 35 5d 5c 6e |3DF13+2219795]\n|
|000001c0| 5c 74 4f 72 64 69 6e 61 6c 30 20 5b 30 78 30 30 |\tOrdinal0 [0x00|
|000001d0| 38 44 32 38 34 31 2b 31 37 37 39 37 37 37 5d 5c |8D2841+1779777]\|
|000001e0| 6e 5c 74 4f 72 64 69 6e 61 6c 30 20 5b 30 78 30 |n\tOrdinal0 [0x0|
|000001f0| 30 37 45 34 32 33 44 2b 38 30 33 33 38 39 5d 5c |07E423D+803389]\|
|00000200| 6e 5c 74 4f 72 64 69 6e 61 6c 30 20 5b 30 78 30 |n\tOrdinal0 [0x0|
|00000210| 30 38 31 33 30 32 35 2b 39 39 35 33 36 35 5d 5c |0813025+995365]\|
|00000220| 6e 5c 74 4f 72 64 69 6e 61 6c 30 20 5b 30 78 30 |n\tOrdinal0 [0x0|
|00000230| 30 38 31 33 31 45 42 2b 39 39 35 38 31 39 5d 5c |08131EB+995819]\|
|00000240| 6e 5c 74 4f 72 64 69 6e 61 6c 30 20 5b 30 78 30 |n\tOrdinal0 [0x0|
|00000250| 30 38 34 30 46 35 32 2b 31 31 38 33 35 37 30 5d |0840F52+1183570]|
|00000260| 5c 6e 5c 74 4f 72 64 69 6e 61 6c 30 20 5b 30 78 |\n\tOrdinal0 [0x|
|00000270| 30 30 38 32 45 38 34 34 2b 31 31 30 38 30 33 36 |0082E844+1108036|
|00000280| 5d 5c 6e 5c 74 4f 72 64 69 6e 61 6c 30 20 5b 30 |]\n\tOrdinal0 [0|
|00000290| 78 30 30 38 33 46 31 39 32 2b 31 31 37 35 39 35 |x0083F192+117595|
|000002a0| 34 5d 5c 6e 5c 74 4f 72 64 69 6e 61 6c 30 20 5b |4]\n\tOrdinal0 [|
|000002b0| 30 78 30 30 38 32 45 36 31 36 2b 31 31 30 37 34 |0x0082E616+11074|
|000002c0| 37 38 5d 5c 6e 5c 74 4f 72 64 69 6e 61 6c 30 20 |78]\n\tOrdinal0 |
|000002d0| 5b 30 78 30 30 38 30 37 46 38 39 2b 39 35 30 31 |[0x00807F89+9501|
|000002e0| 35 33 5d 5c 6e 5c 74 4f 72 64 69 6e 61 6c 30 20 |53]\n\tOrdinal0 |
|000002f0| 5b 30 78 30 30 38 30 38 46 35 36 2b 39 35 34 31 |[0x00808F56+9541|
|00000300| 39 38 5d 5c 6e 5c 74 47 65 74 48 61 6e 64 6c 65 |98]\n\tGetHandle|
|00000310| 56 65 72 69 66 69 65 72 20 5b 30 78 30 30 43 33 |Verifier [0x00C3|
|00000320| 32 43 42 32 2b 33 30 34 30 32 31 30 5d 5c 6e 5c |2CB2+3040210]\n\|
|00000330| 74 47 65 74 48 61 6e 64 6c 65 56 65 72 69 66 69 |tGetHandleVerifi|
|00000340| 65 72 20 5b 30 78 30 30 43 32 32 42 42 34 2b 32 |er [0x00C22BB4+2|
|00000350| 39 37 34 34 32 30 5d 5c 6e 5c 74 47 65 74 48 61 |974420]\n\tGetHa|
|00000360| 6e 64 6c 65 56 65 72 69 66 69 65 72 20 5b 30 78 |ndleVerifier [0x|
|00000370| 30 30 39 44 36 41 30 41 2b 35 36 35 35 34 36 5d |009D6A0A+565546]|
|00000380| 5c 6e 5c 74 47 65 74 48 61 6e 64 6c 65 56 65 72 |\n\tGetHandleVer|
|00000390| 69 66 69 65 72 20 5b 30 78 30 30 39 44 35 36 38 |ifier [0x009D568|
|000003a0| 30 2b 35 36 30 35 34 34 5d 5c 6e 5c 74 4f 72 64 |0+560544]\n\tOrd|
|000003b0| 69 6e 61 6c 30 20 5b 30 78 30 30 38 44 39 41 35 |inal0 [0x008D9A5|
|000003c0| 43 2b 31 38 30 38 39 38 38 5d 5c 6e 5c 74 4f 72 |C+1808988]\n\tOr|
|000003d0| 64 69 6e 61 6c 30 20 5b 30 78 30 30 38 44 45 33 |dinal0 [0x008DE3|
|000003e0| 41 38 2b 31 38 32 37 37 35 32 5d 5c 6e 5c 74 4f |A8+1827752]\n\tO|
|000003f0| 72 64 69 6e 61 6c 30 20 5b 30 78 30 30 38 44 45 |rdinal0 [0x008DE|
+--------+-------------------------------------------------+----------------+
14:13:04.540 [AsyncHttpClient-1-8] DEBUG o.a.netty.handler.HttpHandler - 

Request DefaultHttpRequest(decodeResult: success, version: HTTP/1.1)
POST /session/7f7237f6b7b416b55350c5691275deb2/element HTTP/1.1
User-Agent: selenium/4.4.0 (java windows)
Content-Length: 166
Content-Type: application/json; charset=utf-8
host: localhost:53550
accept: */*

Response DefaultHttpResponse(decodeResult: success, version: HTTP/1.1)
HTTP/1.1 404 Not Found
Content-Type: application/json; charset=utf-8
cache-control: no-cache
content-length: 1104

14:13:04.541 [AsyncHttpClient-1-8] TRACE i.n.handler.logging.LoggingHandler - [id: 0xa6657862, L:/127.0.0.1:64395 - R:localhost/127.0.0.1:53550] READ COMPLETE
14:13:04.541 [AsyncHttpClient-1-8] TRACE i.n.handler.logging.LoggingHandler - [id: 0xa6657862, L:/127.0.0.1:64395 - R:localhost/127.0.0.1:53550] READ: 197B
         +-------------------------------------------------+
         |  0  1  2  3  4  5  6  7  8  9  a  b  c  d  e  f |
+--------+-------------------------------------------------+----------------+
|00000000| 34 39 35 2b 31 38 32 37 39 38 39 5d 5c 6e 5c 74 |495+1827989]\n\t|
|00000010| 4f 72 64 69 6e 61 6c 30 20 5b 30 78 30 30 38 45 |Ordinal0 [0x008E|
|00000020| 38 30 41 34 2b 31 38 36 37 39 34 30 5d 5c 6e 5c |80A4+1867940]\n\|
|00000030| 74 42 61 73 65 54 68 72 65 61 64 49 6e 69 74 54 |tBaseThreadInitT|
|00000040| 68 75 6e 6b 20 5b 30 78 37 35 34 37 46 41 32 39 |hunk [0x7547FA29|
|00000050| 2b 32 35 5d 5c 6e 5c 74 52 74 6c 47 65 74 41 70 |+25]\n\tRtlGetAp|
|00000060| 70 43 6f 6e 74 61 69 6e 65 72 4e 61 6d 65 64 4f |pContainerNamedO|
|00000070| 62 6a 65 63 74 50 61 74 68 20 5b 30 78 37 37 32 |bjectPath [0x772|
|00000080| 38 37 42 35 45 2b 32 38 36 5d 5c 6e 5c 74 52 74 |87B5E+286]\n\tRt|
|00000090| 6c 47 65 74 41 70 70 43 6f 6e 74 61 69 6e 65 72 |lGetAppContainer|
|000000a0| 4e 61 6d 65 64 4f 62 6a 65 63 74 50 61 74 68 20 |NamedObjectPath |
|000000b0| 5b 30 78 37 37 32 38 37 42 32 45 2b 32 33 38 5d |[0x77287B2E+238]|
|000000c0| 5c 6e 22 7d 7d                                  |\n"}}           |
+--------+-------------------------------------------------+----------------+
14:13:04.541 [AsyncHttpClient-1-8] DEBUG o.a.netty.channel.ChannelManager - Adding key: http://localhost:53550 for channel [id: 0xa6657862, L:/127.0.0.1:64395 - R:localhost/127.0.0.1:53550]
14:13:04.541 [AsyncHttpClient-1-8] TRACE i.n.handler.logging.LoggingHandler - [id: 0xa6657862, L:/127.0.0.1:64395 - R:localhost/127.0.0.1:53550] READ COMPLETE
14:13:05.050 [Forwarding findElement on session 7f7237f6b7b416b55350c5691275deb2 to remote] DEBUG o.a.netty.request.NettyRequestSender - Using pooled Channel '[id: 0xa6657862, L:/127.0.0.1:64395 - R:localhost/127.0.0.1:53550]' for 'POST' to 'http://localhost:53550/session/7f7237f6b7b416b55350c5691275deb2/element'
14:13:05.050 [Forwarding findElement on session 7f7237f6b7b416b55350c5691275deb2 to remote] DEBUG o.a.netty.request.NettyRequestSender - Using open Channel [id: 0xa6657862, L:/127.0.0.1:64395 - R:localhost/127.0.0.1:53550] for POST '/session/7f7237f6b7b416b55350c5691275deb2/element'
14:13:05.051 [AsyncHttpClient-1-8] TRACE i.n.handler.logging.LoggingHandler - [id: 0xa6657862, L:/127.0.0.1:64395 - R:localhost/127.0.0.1:53550] WRITE: 214B
         +-------------------------------------------------+
         |  0  1  2  3  4  5  6  7  8  9  a  b  c  d  e  f |
+--------+-------------------------------------------------+----------------+
|00000000| 50 4f 53 54 20 2f 73 65 73 73 69 6f 6e 2f 37 66 |POST /session/7f|
|00000010| 37 32 33 37 66 36 62 37 62 34 31 36 62 35 35 33 |7237f6b7b416b553|
|00000020| 35 30 63 35 36 39 31 32 37 35 64 65 62 32 2f 65 |50c5691275deb2/e|
|00000030| 6c 65 6d 65 6e 74 20 48 54 54 50 2f 31 2e 31 0d |lement HTTP/1.1.|
|00000040| 0a 55 73 65 72 2d 41 67 65 6e 74 3a 20 73 65 6c |.User-Agent: sel|
|00000050| 65 6e 69 75 6d 2f 34 2e 34 2e 30 20 28 6a 61 76 |enium/4.4.0 (jav|
|00000060| 61 20 77 69 6e 64 6f 77 73 29 0d 0a 43 6f 6e 74 |a windows)..Cont|
|00000070| 65 6e 74 2d 4c 65 6e 67 74 68 3a 20 31 36 36 0d |ent-Length: 166.|
|00000080| 0a 43 6f 6e 74 65 6e 74 2d 54 79 70 65 3a 20 61 |.Content-Type: a|
|00000090| 70 70 6c 69 63 61 74 69 6f 6e 2f 6a 73 6f 6e 3b |pplication/json;|
|000000a0| 20 63 68 61 72 73 65 74 3d 75 74 66 2d 38 0d 0a | charset=utf-8..|
|000000b0| 68 6f 73 74 3a 20 6c 6f 63 61 6c 68 6f 73 74 3a |host: localhost:|
|000000c0| 35 33 35 35 30 0d 0a 61 63 63 65 70 74 3a 20 2a |53550..accept: *|
|000000d0| 2f 2a 0d 0a 0d 0a                               |/*....          |
+--------+-------------------------------------------------+----------------+
14:13:05.051 [AsyncHttpClient-1-8] TRACE i.n.handler.logging.LoggingHandler - [id: 0xa6657862, L:/127.0.0.1:64395 - R:localhost/127.0.0.1:53550] WRITE: 166B
         +-------------------------------------------------+
         |  0  1  2  3  4  5  6  7  8  9  a  b  c  d  e  f |
+--------+-------------------------------------------------+----------------+
|00000000| 7b 0a 20 20 22 75 73 69 6e 67 22 3a 20 22 78 70 |{.  "using": "xp|
|00000010| 61 74 68 22 2c 0a 20 20 22 76 61 6c 75 65 22 3a |ath",.  "value":|
|00000020| 20 22 5c 75 30 30 32 66 5c 75 30 30 32 66 64 69 | "\u002f\u002fdi|
|00000030| 76 5b 63 6f 6e 74 61 69 6e 73 28 40 63 6c 61 73 |v[contains(@clas|
|00000040| 73 2c 27 69 74 65 6d 2d 2d 61 63 74 69 76 65 27 |s,'item--active'|
|00000050| 29 5d 5c 75 30 30 32 66 5c 75 30 30 32 66 75 6c |)]\u002f\u002ful|
|00000060| 5b 63 6f 6e 74 61 69 6e 73 28 40 63 6c 61 73 73 |[contains(@class|
|00000070| 2c 20 27 6d 65 6e 75 2d 62 75 72 67 65 72 5f 5f |, 'menu-burger__|
|00000080| 73 65 74 27 29 5d 5c 75 30 30 32 66 5c 75 30 30 |set')]\u002f\u00|
|00000090| 32 66 61 5b 2e 3d 27 d0 91 d1 80 d1 8e d0 ba d0 |2fa[.='.........|
|000000a0| b8 27 5d 22 0a 7d                               |.']".}          |
+--------+-------------------------------------------------+----------------+
14:13:05.051 [AsyncHttpClient-1-8] TRACE i.n.handler.logging.LoggingHandler - [id: 0xa6657862, L:/127.0.0.1:64395 - R:localhost/127.0.0.1:53550] FLUSH
14:13:05.052 [AsyncHttpClient-1-8] TRACE i.n.handler.logging.LoggingHandler - [id: 0xa6657862, L:/127.0.0.1:64395 - R:localhost/127.0.0.1:53550] WRITE: 0B
14:13:05.052 [AsyncHttpClient-1-8] TRACE i.n.handler.logging.LoggingHandler - [id: 0xa6657862, L:/127.0.0.1:64395 - R:localhost/127.0.0.1:53550] FLUSH
14:13:05.068 [AsyncHttpClient-1-8] TRACE i.n.handler.logging.LoggingHandler - [id: 0xa6657862, L:/127.0.0.1:64395 - R:localhost/127.0.0.1:53550] READ: 1221B
         +-------------------------------------------------+
         |  0  1  2  3  4  5  6  7  8  9  a  b  c  d  e  f |
+--------+-------------------------------------------------+----------------+
|00000000| 48 54 54 50 2f 31 2e 31 20 34 30 34 20 4e 6f 74 |HTTP/1.1 404 Not|
|00000010| 20 46 6f 75 6e 64 0d 0a 43 6f 6e 74 65 6e 74 2d | Found..Content-|
|00000020| 4c 65 6e 67 74 68 3a 31 31 30 34 0d 0a 43 6f 6e |Length:1104..Con|
|00000030| 74 65 6e 74 2d 54 79 70 65 3a 61 70 70 6c 69 63 |tent-Type:applic|
|00000040| 61 74 69 6f 6e 2f 6a 73 6f 6e 3b 20 63 68 61 72 |ation/json; char|
|00000050| 73 65 74 3d 75 74 66 2d 38 0d 0a 63 61 63 68 65 |set=utf-8..cache|
|00000060| 2d 63 6f 6e 74 72 6f 6c 3a 6e 6f 2d 63 61 63 68 |-control:no-cach|
|00000070| 65 0d 0a 0d 0a 7b 22 76 61 6c 75 65 22 3a 7b 22 |e....{"value":{"|
|00000080| 65 72 72 6f 72 22 3a 22 6e 6f 20 73 75 63 68 20 |error":"no such |
|00000090| 65 6c 65 6d 65 6e 74 22 2c 22 6d 65 73 73 61 67 |element","messag|
|000000a0| 65 22 3a 22 6e 6f 20 73 75 63 68 20 65 6c 65 6d |e":"no such elem|
|000000b0| 65 6e 74 3a 20 55 6e 61 62 6c 65 20 74 6f 20 6c |ent: Unable to l|
|000000c0| 6f 63 61 74 65 20 65 6c 65 6d 65 6e 74 3a 20 7b |ocate element: {|
|000000d0| 5c 22 6d 65 74 68 6f 64 5c 22 3a 5c 22 78 70 61 |\"method\":\"xpa|
|000000e0| 74 68 5c 22 2c 5c 22 73 65 6c 65 63 74 6f 72 5c |th\",\"selector\|
|000000f0| 22 3a 5c 22 2f 2f 64 69 76 5b 63 6f 6e 74 61 69 |":\"//div[contai|
|00000100| 6e 73 28 40 63 6c 61 73 73 2c 27 69 74 65 6d 2d |ns(@class,'item-|
|00000110| 2d 61 63 74 69 76 65 27 29 5d 2f 2f 75 6c 5b 63 |-active')]//ul[c|
|00000120| 6f 6e 74 61 69 6e 73 28 40 63 6c 61 73 73 2c 20 |ontains(@class, |
|00000130| 27 6d 65 6e 75 2d 62 75 72 67 65 72 5f 5f 73 65 |'menu-burger__se|
|00000140| 74 27 29 5d 2f 2f 61 5b 2e 3d 27 d0 91 d1 80 d1 |t')]//a[.='.....|
|00000150| 8e d0 ba d0 b8 27 5d 5c 22 7d 5c 6e 20 20 28 53 |.....']\"}\n  (S|
|00000160| 65 73 73 69 6f 6e 20 69 6e 66 6f 3a 20 63 68 72 |ession info: chr|
|00000170| 6f 6d 65 3d 31 30 35 2e 30 2e 35 31 39 35 2e 31 |ome=105.0.5195.1|
|00000180| 32 37 29 22 2c 22 73 74 61 63 6b 74 72 61 63 65 |27)","stacktrace|
|00000190| 22 3a 22 42 61 63 6b 74 72 61 63 65 3a 5c 6e 5c |":"Backtrace:\n\|
|000001a0| 74 4f 72 64 69 6e 61 6c 30 20 5b 30 78 30 30 39 |tOrdinal0 [0x009|
|000001b0| 33 44 46 31 33 2b 32 32 31 39 37 39 35 5d 5c 6e |3DF13+2219795]\n|
|000001c0| 5c 74 4f 72 64 69 6e 61 6c 30 20 5b 30 78 30 30 |\tOrdinal0 [0x00|
|000001d0| 38 44 32 38 34 31 2b 31 37 37 39 37 37 37 5d 5c |8D2841+1779777]\|
|000001e0| 6e 5c 74 4f 72 64 69 6e 61 6c 30 20 5b 30 78 30 |n\tOrdinal0 [0x0|
|000001f0| 30 37 45 34 32 33 44 2b 38 30 33 33 38 39 5d 5c |07E423D+803389]\|
|00000200| 6e 5c 74 4f 72 64 69 6e 61 6c 30 20 5b 30 78 30 |n\tOrdinal0 [0x0|
|00000210| 30 38 31 33 30 32 35 2b 39 39 35 33 36 35 5d 5c |0813025+995365]\|
|00000220| 6e 5c 74 4f 72 64 69 6e 61 6c 30 20 5b 30 78 30 |n\tOrdinal0 [0x0|
|00000230| 30 38 31 33 31 45 42 2b 39 39 35 38 31 39 5d 5c |08131EB+995819]\|
|00000240| 6e 5c 74 4f 72 64 69 6e 61 6c 30 20 5b 30 78 30 |n\tOrdinal0 [0x0|
|00000250| 30 38 34 30 46 35 32 2b 31 31 38 33 35 37 30 5d |0840F52+1183570]|
|00000260| 5c 6e 5c 74 4f 72 64 69 6e 61 6c 30 20 5b 30 78 |\n\tOrdinal0 [0x|
|00000270| 30 30 38 32 45 38 34 34 2b 31 31 30 38 30 33 36 |0082E844+1108036|
|00000280| 5d 5c 6e 5c 74 4f 72 64 69 6e 61 6c 30 20 5b 30 |]\n\tOrdinal0 [0|
|00000290| 78 30 30 38 33 46 31 39 32 2b 31 31 37 35 39 35 |x0083F192+117595|
|000002a0| 34 5d 5c 6e 5c 74 4f 72 64 69 6e 61 6c 30 20 5b |4]\n\tOrdinal0 [|
|000002b0| 30 78 30 30 38 32 45 36 31 36 2b 31 31 30 37 34 |0x0082E616+11074|
|000002c0| 37 38 5d 5c 6e 5c 74 4f 72 64 69 6e 61 6c 30 20 |78]\n\tOrdinal0 |
|000002d0| 5b 30 78 30 30 38 30 37 46 38 39 2b 39 35 30 31 |[0x00807F89+9501|
|000002e0| 35 33 5d 5c 6e 5c 74 4f 72 64 69 6e 61 6c 30 20 |53]\n\tOrdinal0 |
|000002f0| 5b 30 78 30 30 38 30 38 46 35 36 2b 39 35 34 31 |[0x00808F56+9541|
|00000300| 39 38 5d 5c 6e 5c 74 47 65 74 48 61 6e 64 6c 65 |98]\n\tGetHandle|
|00000310| 56 65 72 69 66 69 65 72 20 5b 30 78 30 30 43 33 |Verifier [0x00C3|
|00000320| 32 43 42 32 2b 33 30 34 30 32 31 30 5d 5c 6e 5c |2CB2+3040210]\n\|
|00000330| 74 47 65 74 48 61 6e 64 6c 65 56 65 72 69 66 69 |tGetHandleVerifi|
|00000340| 65 72 20 5b 30 78 30 30 43 32 32 42 42 34 2b 32 |er [0x00C22BB4+2|
|00000350| 39 37 34 34 32 30 5d 5c 6e 5c 74 47 65 74 48 61 |974420]\n\tGetHa|
|00000360| 6e 64 6c 65 56 65 72 69 66 69 65 72 20 5b 30 78 |ndleVerifier [0x|
|00000370| 30 30 39 44 36 41 30 41 2b 35 36 35 35 34 36 5d |009D6A0A+565546]|
|00000380| 5c 6e 5c 74 47 65 74 48 61 6e 64 6c 65 56 65 72 |\n\tGetHandleVer|
|00000390| 69 66 69 65 72 20 5b 30 78 30 30 39 44 35 36 38 |ifier [0x009D568|
|000003a0| 30 2b 35 36 30 35 34 34 5d 5c 6e 5c 74 4f 72 64 |0+560544]\n\tOrd|
|000003b0| 69 6e 61 6c 30 20 5b 30 78 30 30 38 44 39 41 35 |inal0 [0x008D9A5|
|000003c0| 43 2b 31 38 30 38 39 38 38 5d 5c 6e 5c 74 4f 72 |C+1808988]\n\tOr|
|000003d0| 64 69 6e 61 6c 30 20 5b 30 78 30 30 38 44 45 33 |dinal0 [0x008DE3|
|000003e0| 41 38 2b 31 38 32 37 37 35 32 5d 5c 6e 5c 74 4f |A8+1827752]\n\tO|
|000003f0| 72 64 69 6e 61 6c 30 20 5b 30 78 30 30 38 44 45 |rdinal0 [0x008DE|
|00000400| 34 39 35 2b 31 38 32 37 39 38 39 5d 5c 6e 5c 74 |495+1827989]\n\t|
|00000410| 4f 72 64 69 6e 61 6c 30 20 5b 30 78 30 30 38 45 |Ordinal0 [0x008E|
|00000420| 38 30 41 34 2b 31 38 36 37 39 34 30 5d 5c 6e 5c |80A4+1867940]\n\|
|00000430| 74 42 61 73 65 54 68 72 65 61 64 49 6e 69 74 54 |tBaseThreadInitT|
|00000440| 68 75 6e 6b 20 5b 30 78 37 35 34 37 46 41 32 39 |hunk [0x7547FA29|
|00000450| 2b 32 35 5d 5c 6e 5c 74 52 74 6c 47 65 74 41 70 |+25]\n\tRtlGetAp|
|00000460| 70 43 6f 6e 74 61 69 6e 65 72 4e 61 6d 65 64 4f |pContainerNamedO|
|00000470| 62 6a 65 63 74 50 61 74 68 20 5b 30 78 37 37 32 |bjectPath [0x772|
|00000480| 38 37 42 35 45 2b 32 38 36 5d 5c 6e 5c 74 52 74 |87B5E+286]\n\tRt|
|00000490| 6c 47 65 74 41 70 70 43 6f 6e 74 61 69 6e 65 72 |lGetAppContainer|
|000004a0| 4e 61 6d 65 64 4f 62 6a 65 63 74 50 61 74 68 20 |NamedObjectPath |
|000004b0| 5b 30 78 37 37 32 38 37 42 32 45 2b 32 33 38 5d |[0x77287B2E+238]|
|000004c0| 5c 6e 22 7d 7d                                  |\n"}}           |
+--------+-------------------------------------------------+----------------+
14:13:05.068 [AsyncHttpClient-1-8] DEBUG o.a.netty.handler.HttpHandler - 

Request DefaultHttpRequest(decodeResult: success, version: HTTP/1.1)
POST /session/7f7237f6b7b416b55350c5691275deb2/element HTTP/1.1
User-Agent: selenium/4.4.0 (java windows)
Content-Length: 166
Content-Type: application/json; charset=utf-8
host: localhost:53550
accept: */*

Response DefaultHttpResponse(decodeResult: success, version: HTTP/1.1)
HTTP/1.1 404 Not Found
Content-Type: application/json; charset=utf-8
cache-control: no-cache
content-length: 1104

14:13:05.069 [AsyncHttpClient-1-8] DEBUG o.a.netty.channel.ChannelManager - Adding key: http://localhost:53550 for channel [id: 0xa6657862, L:/127.0.0.1:64395 - R:localhost/127.0.0.1:53550]
14:13:05.069 [AsyncHttpClient-1-8] TRACE i.n.handler.logging.LoggingHandler - [id: 0xa6657862, L:/127.0.0.1:64395 - R:localhost/127.0.0.1:53550] READ COMPLETE
14:13:05.184 [AsyncHttpClient-1-1] DEBUG o.a.netty.channel.DefaultChannelPool - Entry count for : http://localhost:53550 : 1
14:13:05.184 [AsyncHttpClient-1-1] DEBUG o.a.netty.channel.DefaultChannelPool - Entry count for : http://localhost:64396 : 1
14:13:05.586 [Forwarding findElement on session 7f7237f6b7b416b55350c5691275deb2 to remote] DEBUG o.a.netty.request.NettyRequestSender - Using pooled Channel '[id: 0xa6657862, L:/127.0.0.1:64395 - R:localhost/127.0.0.1:53550]' for 'POST' to 'http://localhost:53550/session/7f7237f6b7b416b55350c5691275deb2/element'
14:13:05.586 [Forwarding findElement on session 7f7237f6b7b416b55350c5691275deb2 to remote] DEBUG o.a.netty.request.NettyRequestSender - Using open Channel [id: 0xa6657862, L:/127.0.0.1:64395 - R:localhost/127.0.0.1:53550] for POST '/session/7f7237f6b7b416b55350c5691275deb2/element'
14:13:05.587 [AsyncHttpClient-1-8] TRACE i.n.handler.logging.LoggingHandler - [id: 0xa6657862, L:/127.0.0.1:64395 - R:localhost/127.0.0.1:53550] WRITE: 214B
         +-------------------------------------------------+
         |  0  1  2  3  4  5  6  7  8  9  a  b  c  d  e  f |
+--------+-------------------------------------------------+----------------+
|00000000| 50 4f 53 54 20 2f 73 65 73 73 69 6f 6e 2f 37 66 |POST /session/7f|
|00000010| 37 32 33 37 66 36 62 37 62 34 31 36 62 35 35 33 |7237f6b7b416b553|
|00000020| 35 30 63 35 36 39 31 32 37 35 64 65 62 32 2f 65 |50c5691275deb2/e|
|00000030| 6c 65 6d 65 6e 74 20 48 54 54 50 2f 31 2e 31 0d |lement HTTP/1.1.|
|00000040| 0a 55 73 65 72 2d 41 67 65 6e 74 3a 20 73 65 6c |.User-Agent: sel|
|00000050| 65 6e 69 75 6d 2f 34 2e 34 2e 30 20 28 6a 61 76 |enium/4.4.0 (jav|
|00000060| 61 20 77 69 6e 64 6f 77 73 29 0d 0a 43 6f 6e 74 |a windows)..Cont|
|00000070| 65 6e 74 2d 4c 65 6e 67 74 68 3a 20 31 36 36 0d |ent-Length: 166.|
|00000080| 0a 43 6f 6e 74 65 6e 74 2d 54 79 70 65 3a 20 61 |.Content-Type: a|
|00000090| 70 70 6c 69 63 61 74 69 6f 6e 2f 6a 73 6f 6e 3b |pplication/json;|
|000000a0| 20 63 68 61 72 73 65 74 3d 75 74 66 2d 38 0d 0a | charset=utf-8..|
|000000b0| 68 6f 73 74 3a 20 6c 6f 63 61 6c 68 6f 73 74 3a |host: localhost:|
|000000c0| 35 33 35 35 30 0d 0a 61 63 63 65 70 74 3a 20 2a |53550..accept: *|
|000000d0| 2f 2a 0d 0a 0d 0a                               |/*....          |
+--------+-------------------------------------------------+----------------+
14:13:05.587 [AsyncHttpClient-1-8] TRACE i.n.handler.logging.LoggingHandler - [id: 0xa6657862, L:/127.0.0.1:64395 - R:localhost/127.0.0.1:53550] WRITE: 166B
         +-------------------------------------------------+
         |  0  1  2  3  4  5  6  7  8  9  a  b  c  d  e  f |
+--------+-------------------------------------------------+----------------+
|00000000| 7b 0a 20 20 22 75 73 69 6e 67 22 3a 20 22 78 70 |{.  "using": "xp|
|00000010| 61 74 68 22 2c 0a 20 20 22 76 61 6c 75 65 22 3a |ath",.  "value":|
|00000020| 20 22 5c 75 30 30 32 66 5c 75 30 30 32 66 64 69 | "\u002f\u002fdi|
|00000030| 76 5b 63 6f 6e 74 61 69 6e 73 28 40 63 6c 61 73 |v[contains(@clas|
|00000040| 73 2c 27 69 74 65 6d 2d 2d 61 63 74 69 76 65 27 |s,'item--active'|
|00000050| 29 5d 5c 75 30 30 32 66 5c 75 30 30 32 66 75 6c |)]\u002f\u002ful|
|00000060| 5b 63 6f 6e 74 61 69 6e 73 28 40 63 6c 61 73 73 |[contains(@class|
|00000070| 2c 20 27 6d 65 6e 75 2d 62 75 72 67 65 72 5f 5f |, 'menu-burger__|
|00000080| 73 65 74 27 29 5d 5c 75 30 30 32 66 5c 75 30 30 |set')]\u002f\u00|
|00000090| 32 66 61 5b 2e 3d 27 d0 91 d1 80 d1 8e d0 ba d0 |2fa[.='.........|
|000000a0| b8 27 5d 22 0a 7d                               |.']".}          |
+--------+-------------------------------------------------+----------------+
14:13:05.587 [AsyncHttpClient-1-8] TRACE i.n.handler.logging.LoggingHandler - [id: 0xa6657862, L:/127.0.0.1:64395 - R:localhost/127.0.0.1:53550] FLUSH
14:13:05.587 [AsyncHttpClient-1-8] TRACE i.n.handler.logging.LoggingHandler - [id: 0xa6657862, L:/127.0.0.1:64395 - R:localhost/127.0.0.1:53550] WRITE: 0B
14:13:05.587 [AsyncHttpClient-1-8] TRACE i.n.handler.logging.LoggingHandler - [id: 0xa6657862, L:/127.0.0.1:64395 - R:localhost/127.0.0.1:53550] FLUSH
14:13:05.608 [AsyncHttpClient-1-8] TRACE i.n.handler.logging.LoggingHandler - [id: 0xa6657862, L:/127.0.0.1:64395 - R:localhost/127.0.0.1:53550] READ: 1221B
         +-------------------------------------------------+
         |  0  1  2  3  4  5  6  7  8  9  a  b  c  d  e  f |
+--------+-------------------------------------------------+----------------+
|00000000| 48 54 54 50 2f 31 2e 31 20 34 30 34 20 4e 6f 74 |HTTP/1.1 404 Not|
|00000010| 20 46 6f 75 6e 64 0d 0a 43 6f 6e 74 65 6e 74 2d | Found..Content-|
|00000020| 4c 65 6e 67 74 68 3a 31 31 30 34 0d 0a 43 6f 6e |Length:1104..Con|
|00000030| 74 65 6e 74 2d 54 79 70 65 3a 61 70 70 6c 69 63 |tent-Type:applic|
|00000040| 61 74 69 6f 6e 2f 6a 73 6f 6e 3b 20 63 68 61 72 |ation/json; char|
|00000050| 73 65 74 3d 75 74 66 2d 38 0d 0a 63 61 63 68 65 |set=utf-8..cache|
|00000060| 2d 63 6f 6e 74 72 6f 6c 3a 6e 6f 2d 63 61 63 68 |-control:no-cach|
|00000070| 65 0d 0a 0d 0a 7b 22 76 61 6c 75 65 22 3a 7b 22 |e....{"value":{"|
|00000080| 65 72 72 6f 72 22 3a 22 6e 6f 20 73 75 63 68 20 |error":"no such |
|00000090| 65 6c 65 6d 65 6e 74 22 2c 22 6d 65 73 73 61 67 |element","messag|
|000000a0| 65 22 3a 22 6e 6f 20 73 75 63 68 20 65 6c 65 6d |e":"no such elem|
|000000b0| 65 6e 74 3a 20 55 6e 61 62 6c 65 20 74 6f 20 6c |ent: Unable to l|
|000000c0| 6f 63 61 74 65 20 65 6c 65 6d 65 6e 74 3a 20 7b |ocate element: {|
|000000d0| 5c 22 6d 65 74 68 6f 64 5c 22 3a 5c 22 78 70 61 |\"method\":\"xpa|
|000000e0| 74 68 5c 22 2c 5c 22 73 65 6c 65 63 74 6f 72 5c |th\",\"selector\|
|000000f0| 22 3a 5c 22 2f 2f 64 69 76 5b 63 6f 6e 74 61 69 |":\"//div[contai|
|00000100| 6e 73 28 40 63 6c 61 73 73 2c 27 69 74 65 6d 2d |ns(@class,'item-|
|00000110| 2d 61 63 74 69 76 65 27 29 5d 2f 2f 75 6c 5b 63 |-active')]//ul[c|
|00000120| 6f 6e 74 61 69 6e 73 28 40 63 6c 61 73 73 2c 20 |ontains(@class, |
|00000130| 27 6d 65 6e 75 2d 62 75 72 67 65 72 5f 5f 73 65 |'menu-burger__se|
|00000140| 74 27 29 5d 2f 2f 61 5b 2e 3d 27 d0 91 d1 80 d1 |t')]//a[.='.....|
|00000150| 8e d0 ba d0 b8 27 5d 5c 22 7d 5c 6e 20 20 28 53 |.....']\"}\n  (S|
|00000160| 65 73 73 69 6f 6e 20 69 6e 66 6f 3a 20 63 68 72 |ession info: chr|
|00000170| 6f 6d 65 3d 31 30 35 2e 30 2e 35 31 39 35 2e 31 |ome=105.0.5195.1|
|00000180| 32 37 29 22 2c 22 73 74 61 63 6b 74 72 61 63 65 |27)","stacktrace|
|00000190| 22 3a 22 42 61 63 6b 74 72 61 63 65 3a 5c 6e 5c |":"Backtrace:\n\|
|000001a0| 74 4f 72 64 69 6e 61 6c 30 20 5b 30 78 30 30 39 |tOrdinal0 [0x009|
|000001b0| 33 44 46 31 33 2b 32 32 31 39 37 39 35 5d 5c 6e |3DF13+2219795]\n|
|000001c0| 5c 74 4f 72 64 69 6e 61 6c 30 20 5b 30 78 30 30 |\tOrdinal0 [0x00|
|000001d0| 38 44 32 38 34 31 2b 31 37 37 39 37 37 37 5d 5c |8D2841+1779777]\|
|000001e0| 6e 5c 74 4f 72 64 69 6e 61 6c 30 20 5b 30 78 30 |n\tOrdinal0 [0x0|
|000001f0| 30 37 45 34 32 33 44 2b 38 30 33 33 38 39 5d 5c |07E423D+803389]\|
|00000200| 6e 5c 74 4f 72 64 69 6e 61 6c 30 20 5b 30 78 30 |n\tOrdinal0 [0x0|
|00000210| 30 38 31 33 30 32 35 2b 39 39 35 33 36 35 5d 5c |0813025+995365]\|
|00000220| 6e 5c 74 4f 72 64 69 6e 61 6c 30 20 5b 30 78 30 |n\tOrdinal0 [0x0|
|00000230| 30 38 31 33 31 45 42 2b 39 39 35 38 31 39 5d 5c |08131EB+995819]\|
|00000240| 6e 5c 74 4f 72 64 69 6e 61 6c 30 20 5b 30 78 30 |n\tOrdinal0 [0x0|
|00000250| 30 38 34 30 46 35 32 2b 31 31 38 33 35 37 30 5d |0840F52+1183570]|
|00000260| 5c 6e 5c 74 4f 72 64 69 6e 61 6c 30 20 5b 30 78 |\n\tOrdinal0 [0x|
|00000270| 30 30 38 32 45 38 34 34 2b 31 31 30 38 30 33 36 |0082E844+1108036|
|00000280| 5d 5c 6e 5c 74 4f 72 64 69 6e 61 6c 30 20 5b 30 |]\n\tOrdinal0 [0|
|00000290| 78 30 30 38 33 46 31 39 32 2b 31 31 37 35 39 35 |x0083F192+117595|
|000002a0| 34 5d 5c 6e 5c 74 4f 72 64 69 6e 61 6c 30 20 5b |4]\n\tOrdinal0 [|
|000002b0| 30 78 30 30 38 32 45 36 31 36 2b 31 31 30 37 34 |0x0082E616+11074|
|000002c0| 37 38 5d 5c 6e 5c 74 4f 72 64 69 6e 61 6c 30 20 |78]\n\tOrdinal0 |
|000002d0| 5b 30 78 30 30 38 30 37 46 38 39 2b 39 35 30 31 |[0x00807F89+9501|
|000002e0| 35 33 5d 5c 6e 5c 74 4f 72 64 69 6e 61 6c 30 20 |53]\n\tOrdinal0 |
|000002f0| 5b 30 78 30 30 38 30 38 46 35 36 2b 39 35 34 31 |[0x00808F56+9541|
|00000300| 39 38 5d 5c 6e 5c 74 47 65 74 48 61 6e 64 6c 65 |98]\n\tGetHandle|
|00000310| 56 65 72 69 66 69 65 72 20 5b 30 78 30 30 43 33 |Verifier [0x00C3|
|00000320| 32 43 42 32 2b 33 30 34 30 32 31 30 5d 5c 6e 5c |2CB2+3040210]\n\|
|00000330| 74 47 65 74 48 61 6e 64 6c 65 56 65 72 69 66 69 |tGetHandleVerifi|
|00000340| 65 72 20 5b 30 78 30 30 43 32 32 42 42 34 2b 32 |er [0x00C22BB4+2|
|00000350| 39 37 34 34 32 30 5d 5c 6e 5c 74 47 65 74 48 61 |974420]\n\tGetHa|
|00000360| 6e 64 6c 65 56 65 72 69 66 69 65 72 20 5b 30 78 |ndleVerifier [0x|
|00000370| 30 30 39 44 36 41 30 41 2b 35 36 35 35 34 36 5d |009D6A0A+565546]|
|00000380| 5c 6e 5c 74 47 65 74 48 61 6e 64 6c 65 56 65 72 |\n\tGetHandleVer|
|00000390| 69 66 69 65 72 20 5b 30 78 30 30 39 44 35 36 38 |ifier [0x009D568|
|000003a0| 30 2b 35 36 30 35 34 34 5d 5c 6e 5c 74 4f 72 64 |0+560544]\n\tOrd|
|000003b0| 69 6e 61 6c 30 20 5b 30 78 30 30 38 44 39 41 35 |inal0 [0x008D9A5|
|000003c0| 43 2b 31 38 30 38 39 38 38 5d 5c 6e 5c 74 4f 72 |C+1808988]\n\tOr|
|000003d0| 64 69 6e 61 6c 30 20 5b 30 78 30 30 38 44 45 33 |dinal0 [0x008DE3|
|000003e0| 41 38 2b 31 38 32 37 37 35 32 5d 5c 6e 5c 74 4f |A8+1827752]\n\tO|
|000003f0| 72 64 69 6e 61 6c 30 20 5b 30 78 30 30 38 44 45 |rdinal0 [0x008DE|
|00000400| 34 39 35 2b 31 38 32 37 39 38 39 5d 5c 6e 5c 74 |495+1827989]\n\t|
|00000410| 4f 72 64 69 6e 61 6c 30 20 5b 30 78 30 30 38 45 |Ordinal0 [0x008E|
|00000420| 38 30 41 34 2b 31 38 36 37 39 34 30 5d 5c 6e 5c |80A4+1867940]\n\|
|00000430| 74 42 61 73 65 54 68 72 65 61 64 49 6e 69 74 54 |tBaseThreadInitT|
|00000440| 68 75 6e 6b 20 5b 30 78 37 35 34 37 46 41 32 39 |hunk [0x7547FA29|
|00000450| 2b 32 35 5d 5c 6e 5c 74 52 74 6c 47 65 74 41 70 |+25]\n\tRtlGetAp|
|00000460| 70 43 6f 6e 74 61 69 6e 65 72 4e 61 6d 65 64 4f |pContainerNamedO|
|00000470| 62 6a 65 63 74 50 61 74 68 20 5b 30 78 37 37 32 |bjectPath [0x772|
|00000480| 38 37 42 35 45 2b 32 38 36 5d 5c 6e 5c 74 52 74 |87B5E+286]\n\tRt|
|00000490| 6c 47 65 74 41 70 70 43 6f 6e 74 61 69 6e 65 72 |lGetAppContainer|
|000004a0| 4e 61 6d 65 64 4f 62 6a 65 63 74 50 61 74 68 20 |NamedObjectPath |
|000004b0| 5b 30 78 37 37 32 38 37 42 32 45 2b 32 33 38 5d |[0x77287B2E+238]|
|000004c0| 5c 6e 22 7d 7d                                  |\n"}}           |
+--------+-------------------------------------------------+----------------+
14:13:05.608 [AsyncHttpClient-1-8] DEBUG o.a.netty.handler.HttpHandler - 

Request DefaultHttpRequest(decodeResult: success, version: HTTP/1.1)
POST /session/7f7237f6b7b416b55350c5691275deb2/element HTTP/1.1
User-Agent: selenium/4.4.0 (java windows)
Content-Length: 166
Content-Type: application/json; charset=utf-8
host: localhost:53550
accept: */*

Response DefaultHttpResponse(decodeResult: success, version: HTTP/1.1)
HTTP/1.1 404 Not Found
Content-Type: application/json; charset=utf-8
cache-control: no-cache
content-length: 1104

14:13:05.609 [AsyncHttpClient-1-8] DEBUG o.a.netty.channel.ChannelManager - Adding key: http://localhost:53550 for channel [id: 0xa6657862, L:/127.0.0.1:64395 - R:localhost/127.0.0.1:53550]
14:13:05.609 [AsyncHttpClient-1-8] TRACE i.n.handler.logging.LoggingHandler - [id: 0xa6657862, L:/127.0.0.1:64395 - R:localhost/127.0.0.1:53550] READ COMPLETE
14:13:06.123 [Forwarding findElement on session 7f7237f6b7b416b55350c5691275deb2 to remote] DEBUG o.a.netty.request.NettyRequestSender - Using pooled Channel '[id: 0xa6657862, L:/127.0.0.1:64395 - R:localhost/127.0.0.1:53550]' for 'POST' to 'http://localhost:53550/session/7f7237f6b7b416b55350c5691275deb2/element'
14:13:06.124 [Forwarding findElement on session 7f7237f6b7b416b55350c5691275deb2 to remote] DEBUG o.a.netty.request.NettyRequestSender - Using open Channel [id: 0xa6657862, L:/127.0.0.1:64395 - R:localhost/127.0.0.1:53550] for POST '/session/7f7237f6b7b416b55350c5691275deb2/element'
14:13:06.124 [AsyncHttpClient-1-8] TRACE i.n.handler.logging.LoggingHandler - [id: 0xa6657862, L:/127.0.0.1:64395 - R:localhost/127.0.0.1:53550] WRITE: 214B
         +-------------------------------------------------+
         |  0  1  2  3  4  5  6  7  8  9  a  b  c  d  e  f |
+--------+-------------------------------------------------+----------------+
|00000000| 50 4f 53 54 20 2f 73 65 73 73 69 6f 6e 2f 37 66 |POST /session/7f|
|00000010| 37 32 33 37 66 36 62 37 62 34 31 36 62 35 35 33 |7237f6b7b416b553|
|00000020| 35 30 63 35 36 39 31 32 37 35 64 65 62 32 2f 65 |50c5691275deb2/e|
|00000030| 6c 65 6d 65 6e 74 20 48 54 54 50 2f 31 2e 31 0d |lement HTTP/1.1.|
|00000040| 0a 55 73 65 72 2d 41 67 65 6e 74 3a 20 73 65 6c |.User-Agent: sel|
|00000050| 65 6e 69 75 6d 2f 34 2e 34 2e 30 20 28 6a 61 76 |enium/4.4.0 (jav|
|00000060| 61 20 77 69 6e 64 6f 77 73 29 0d 0a 43 6f 6e 74 |a windows)..Cont|
|00000070| 65 6e 74 2d 4c 65 6e 67 74 68 3a 20 31 36 36 0d |ent-Length: 166.|
|00000080| 0a 43 6f 6e 74 65 6e 74 2d 54 79 70 65 3a 20 61 |.Content-Type: a|
|00000090| 70 70 6c 69 63 61 74 69 6f 6e 2f 6a 73 6f 6e 3b |pplication/json;|
|000000a0| 20 63 68 61 72 73 65 74 3d 75 74 66 2d 38 0d 0a | charset=utf-8..|
|000000b0| 68 6f 73 74 3a 20 6c 6f 63 61 6c 68 6f 73 74 3a |host: localhost:|
|000000c0| 35 33 35 35 30 0d 0a 61 63 63 65 70 74 3a 20 2a |53550..accept: *|
|000000d0| 2f 2a 0d 0a 0d 0a                               |/*....          |
+--------+-------------------------------------------------+----------------+
14:13:06.125 [AsyncHttpClient-1-8] TRACE i.n.handler.logging.LoggingHandler - [id: 0xa6657862, L:/127.0.0.1:64395 - R:localhost/127.0.0.1:53550] WRITE: 166B
         +-------------------------------------------------+
         |  0  1  2  3  4  5  6  7  8  9  a  b  c  d  e  f |
+--------+-------------------------------------------------+----------------+
|00000000| 7b 0a 20 20 22 75 73 69 6e 67 22 3a 20 22 78 70 |{.  "using": "xp|
|00000010| 61 74 68 22 2c 0a 20 20 22 76 61 6c 75 65 22 3a |ath",.  "value":|
|00000020| 20 22 5c 75 30 30 32 66 5c 75 30 30 32 66 64 69 | "\u002f\u002fdi|
|00000030| 76 5b 63 6f 6e 74 61 69 6e 73 28 40 63 6c 61 73 |v[contains(@clas|
|00000040| 73 2c 27 69 74 65 6d 2d 2d 61 63 74 69 76 65 27 |s,'item--active'|
|00000050| 29 5d 5c 75 30 30 32 66 5c 75 30 30 32 66 75 6c |)]\u002f\u002ful|
|00000060| 5b 63 6f 6e 74 61 69 6e 73 28 40 63 6c 61 73 73 |[contains(@class|
|00000070| 2c 20 27 6d 65 6e 75 2d 62 75 72 67 65 72 5f 5f |, 'menu-burger__|
|00000080| 73 65 74 27 29 5d 5c 75 30 30 32 66 5c 75 30 30 |set')]\u002f\u00|
|00000090| 32 66 61 5b 2e 3d 27 d0 91 d1 80 d1 8e d0 ba d0 |2fa[.='.........|
|000000a0| b8 27 5d 22 0a 7d                               |.']".}          |
+--------+-------------------------------------------------+----------------+
14:13:06.125 [AsyncHttpClient-1-8] TRACE i.n.handler.logging.LoggingHandler - [id: 0xa6657862, L:/127.0.0.1:64395 - R:localhost/127.0.0.1:53550] FLUSH
14:13:06.125 [AsyncHttpClient-1-8] TRACE i.n.handler.logging.LoggingHandler - [id: 0xa6657862, L:/127.0.0.1:64395 - R:localhost/127.0.0.1:53550] WRITE: 0B
14:13:06.125 [AsyncHttpClient-1-8] TRACE i.n.handler.logging.LoggingHandler - [id: 0xa6657862, L:/127.0.0.1:64395 - R:localhost/127.0.0.1:53550] FLUSH
14:13:06.144 [AsyncHttpClient-1-8] TRACE i.n.handler.logging.LoggingHandler - [id: 0xa6657862, L:/127.0.0.1:64395 - R:localhost/127.0.0.1:53550] READ: 1221B
         +-------------------------------------------------+
         |  0  1  2  3  4  5  6  7  8  9  a  b  c  d  e  f |
+--------+-------------------------------------------------+----------------+
|00000000| 48 54 54 50 2f 31 2e 31 20 34 30 34 20 4e 6f 74 |HTTP/1.1 404 Not|
|00000010| 20 46 6f 75 6e 64 0d 0a 43 6f 6e 74 65 6e 74 2d | Found..Content-|
|00000020| 4c 65 6e 67 74 68 3a 31 31 30 34 0d 0a 43 6f 6e |Length:1104..Con|
|00000030| 74 65 6e 74 2d 54 79 70 65 3a 61 70 70 6c 69 63 |tent-Type:applic|
|00000040| 61 74 69 6f 6e 2f 6a 73 6f 6e 3b 20 63 68 61 72 |ation/json; char|
|00000050| 73 65 74 3d 75 74 66 2d 38 0d 0a 63 61 63 68 65 |set=utf-8..cache|
|00000060| 2d 63 6f 6e 74 72 6f 6c 3a 6e 6f 2d 63 61 63 68 |-control:no-cach|
|00000070| 65 0d 0a 0d 0a 7b 22 76 61 6c 75 65 22 3a 7b 22 |e....{"value":{"|
|00000080| 65 72 72 6f 72 22 3a 22 6e 6f 20 73 75 63 68 20 |error":"no such |
|00000090| 65 6c 65 6d 65 6e 74 22 2c 22 6d 65 73 73 61 67 |element","messag|
|000000a0| 65 22 3a 22 6e 6f 20 73 75 63 68 20 65 6c 65 6d |e":"no such elem|
|000000b0| 65 6e 74 3a 20 55 6e 61 62 6c 65 20 74 6f 20 6c |ent: Unable to l|
|000000c0| 6f 63 61 74 65 20 65 6c 65 6d 65 6e 74 3a 20 7b |ocate element: {|
|000000d0| 5c 22 6d 65 74 68 6f 64 5c 22 3a 5c 22 78 70 61 |\"method\":\"xpa|
|000000e0| 74 68 5c 22 2c 5c 22 73 65 6c 65 63 74 6f 72 5c |th\",\"selector\|
|000000f0| 22 3a 5c 22 2f 2f 64 69 76 5b 63 6f 6e 74 61 69 |":\"//div[contai|
|00000100| 6e 73 28 40 63 6c 61 73 73 2c 27 69 74 65 6d 2d |ns(@class,'item-|
|00000110| 2d 61 63 74 69 76 65 27 29 5d 2f 2f 75 6c 5b 63 |-active')]//ul[c|
|00000120| 6f 6e 74 61 69 6e 73 28 40 63 6c 61 73 73 2c 20 |ontains(@class, |
|00000130| 27 6d 65 6e 75 2d 62 75 72 67 65 72 5f 5f 73 65 |'menu-burger__se|
|00000140| 74 27 29 5d 2f 2f 61 5b 2e 3d 27 d0 91 d1 80 d1 |t')]//a[.='.....|
|00000150| 8e d0 ba d0 b8 27 5d 5c 22 7d 5c 6e 20 20 28 53 |.....']\"}\n  (S|
|00000160| 65 73 73 69 6f 6e 20 69 6e 66 6f 3a 20 63 68 72 |ession info: chr|
|00000170| 6f 6d 65 3d 31 30 35 2e 30 2e 35 31 39 35 2e 31 |ome=105.0.5195.1|
|00000180| 32 37 29 22 2c 22 73 74 61 63 6b 74 72 61 63 65 |27)","stacktrace|
|00000190| 22 3a 22 42 61 63 6b 74 72 61 63 65 3a 5c 6e 5c |":"Backtrace:\n\|
|000001a0| 74 4f 72 64 69 6e 61 6c 30 20 5b 30 78 30 30 39 |tOrdinal0 [0x009|
|000001b0| 33 44 46 31 33 2b 32 32 31 39 37 39 35 5d 5c 6e |3DF13+2219795]\n|
|000001c0| 5c 74 4f 72 64 69 6e 61 6c 30 20 5b 30 78 30 30 |\tOrdinal0 [0x00|
|000001d0| 38 44 32 38 34 31 2b 31 37 37 39 37 37 37 5d 5c |8D2841+1779777]\|
|000001e0| 6e 5c 74 4f 72 64 69 6e 61 6c 30 20 5b 30 78 30 |n\tOrdinal0 [0x0|
|000001f0| 30 37 45 34 32 33 44 2b 38 30 33 33 38 39 5d 5c |07E423D+803389]\|
|00000200| 6e 5c 74 4f 72 64 69 6e 61 6c 30 20 5b 30 78 30 |n\tOrdinal0 [0x0|
|00000210| 30 38 31 33 30 32 35 2b 39 39 35 33 36 35 5d 5c |0813025+995365]\|
|00000220| 6e 5c 74 4f 72 64 69 6e 61 6c 30 20 5b 30 78 30 |n\tOrdinal0 [0x0|
|00000230| 30 38 31 33 31 45 42 2b 39 39 35 38 31 39 5d 5c |08131EB+995819]\|
|00000240| 6e 5c 74 4f 72 64 69 6e 61 6c 30 20 5b 30 78 30 |n\tOrdinal0 [0x0|
|00000250| 30 38 34 30 46 35 32 2b 31 31 38 33 35 37 30 5d |0840F52+1183570]|
|00000260| 5c 6e 5c 74 4f 72 64 69 6e 61 6c 30 20 5b 30 78 |\n\tOrdinal0 [0x|
|00000270| 30 30 38 32 45 38 34 34 2b 31 31 30 38 30 33 36 |0082E844+1108036|
|00000280| 5d 5c 6e 5c 74 4f 72 64 69 6e 61 6c 30 20 5b 30 |]\n\tOrdinal0 [0|
|00000290| 78 30 30 38 33 46 31 39 32 2b 31 31 37 35 39 35 |x0083F192+117595|
|000002a0| 34 5d 5c 6e 5c 74 4f 72 64 69 6e 61 6c 30 20 5b |4]\n\tOrdinal0 [|
|000002b0| 30 78 30 30 38 32 45 36 31 36 2b 31 31 30 37 34 |0x0082E616+11074|
|000002c0| 37 38 5d 5c 6e 5c 74 4f 72 64 69 6e 61 6c 30 20 |78]\n\tOrdinal0 |
|000002d0| 5b 30 78 30 30 38 30 37 46 38 39 2b 39 35 30 31 |[0x00807F89+9501|
|000002e0| 35 33 5d 5c 6e 5c 74 4f 72 64 69 6e 61 6c 30 20 |53]\n\tOrdinal0 |
|000002f0| 5b 30 78 30 30 38 30 38 46 35 36 2b 39 35 34 31 |[0x00808F56+9541|
|00000300| 39 38 5d 5c 6e 5c 74 47 65 74 48 61 6e 64 6c 65 |98]\n\tGetHandle|
|00000310| 56 65 72 69 66 69 65 72 20 5b 30 78 30 30 43 33 |Verifier [0x00C3|
|00000320| 32 43 42 32 2b 33 30 34 30 32 31 30 5d 5c 6e 5c |2CB2+3040210]\n\|
|00000330| 74 47 65 74 48 61 6e 64 6c 65 56 65 72 69 66 69 |tGetHandleVerifi|
|00000340| 65 72 20 5b 30 78 30 30 43 32 32 42 42 34 2b 32 |er [0x00C22BB4+2|
|00000350| 39 37 34 34 32 30 5d 5c 6e 5c 74 47 65 74 48 61 |974420]\n\tGetHa|
|00000360| 6e 64 6c 65 56 65 72 69 66 69 65 72 20 5b 30 78 |ndleVerifier [0x|
|00000370| 30 30 39 44 36 41 30 41 2b 35 36 35 35 34 36 5d |009D6A0A+565546]|
|00000380| 5c 6e 5c 74 47 65 74 48 61 6e 64 6c 65 56 65 72 |\n\tGetHandleVer|
|00000390| 69 66 69 65 72 20 5b 30 78 30 30 39 44 35 36 38 |ifier [0x009D568|
|000003a0| 30 2b 35 36 30 35 34 34 5d 5c 6e 5c 74 4f 72 64 |0+560544]\n\tOrd|
|000003b0| 69 6e 61 6c 30 20 5b 30 78 30 30 38 44 39 41 35 |inal0 [0x008D9A5|
|000003c0| 43 2b 31 38 30 38 39 38 38 5d 5c 6e 5c 74 4f 72 |C+1808988]\n\tOr|
|000003d0| 64 69 6e 61 6c 30 20 5b 30 78 30 30 38 44 45 33 |dinal0 [0x008DE3|
|000003e0| 41 38 2b 31 38 32 37 37 35 32 5d 5c 6e 5c 74 4f |A8+1827752]\n\tO|
|000003f0| 72 64 69 6e 61 6c 30 20 5b 30 78 30 30 38 44 45 |rdinal0 [0x008DE|
|00000400| 34 39 35 2b 31 38 32 37 39 38 39 5d 5c 6e 5c 74 |495+1827989]\n\t|
|00000410| 4f 72 64 69 6e 61 6c 30 20 5b 30 78 30 30 38 45 |Ordinal0 [0x008E|
|00000420| 38 30 41 34 2b 31 38 36 37 39 34 30 5d 5c 6e 5c |80A4+1867940]\n\|
|00000430| 74 42 61 73 65 54 68 72 65 61 64 49 6e 69 74 54 |tBaseThreadInitT|
|00000440| 68 75 6e 6b 20 5b 30 78 37 35 34 37 46 41 32 39 |hunk [0x7547FA29|
|00000450| 2b 32 35 5d 5c 6e 5c 74 52 74 6c 47 65 74 41 70 |+25]\n\tRtlGetAp|
|00000460| 70 43 6f 6e 74 61 69 6e 65 72 4e 61 6d 65 64 4f |pContainerNamedO|
|00000470| 62 6a 65 63 74 50 61 74 68 20 5b 30 78 37 37 32 |bjectPath [0x772|
|00000480| 38 37 42 35 45 2b 32 38 36 5d 5c 6e 5c 74 52 74 |87B5E+286]\n\tRt|
|00000490| 6c 47 65 74 41 70 70 43 6f 6e 74 61 69 6e 65 72 |lGetAppContainer|
|000004a0| 4e 61 6d 65 64 4f 62 6a 65 63 74 50 61 74 68 20 |NamedObjectPath |
|000004b0| 5b 30 78 37 37 32 38 37 42 32 45 2b 32 33 38 5d |[0x77287B2E+238]|
|000004c0| 5c 6e 22 7d 7d                                  |\n"}}           |
+--------+-------------------------------------------------+----------------+
14:13:06.144 [AsyncHttpClient-1-8] DEBUG o.a.netty.handler.HttpHandler - 

Request DefaultHttpRequest(decodeResult: success, version: HTTP/1.1)
POST /session/7f7237f6b7b416b55350c5691275deb2/element HTTP/1.1
User-Agent: selenium/4.4.0 (java windows)
Content-Length: 166
Content-Type: application/json; charset=utf-8
host: localhost:53550
accept: */*

Response DefaultHttpResponse(decodeResult: success, version: HTTP/1.1)
HTTP/1.1 404 Not Found
Content-Type: application/json; charset=utf-8
cache-control: no-cache
content-length: 1104

14:13:06.144 [AsyncHttpClient-1-8] DEBUG o.a.netty.channel.ChannelManager - Adding key: http://localhost:53550 for channel [id: 0xa6657862, L:/127.0.0.1:64395 - R:localhost/127.0.0.1:53550]
14:13:06.145 [AsyncHttpClient-1-8] TRACE i.n.handler.logging.LoggingHandler - [id: 0xa6657862, L:/127.0.0.1:64395 - R:localhost/127.0.0.1:53550] READ COMPLETE
14:13:06.292 [AsyncHttpClient-1-1] DEBUG o.a.netty.channel.DefaultChannelPool - Entry count for : http://localhost:53550 : 1
14:13:06.292 [AsyncHttpClient-1-1] DEBUG o.a.netty.channel.DefaultChannelPool - Entry count for : http://localhost:64396 : 1
14:13:06.656 [Forwarding findElement on session 7f7237f6b7b416b55350c5691275deb2 to remote] DEBUG o.a.netty.request.NettyRequestSender - Using pooled Channel '[id: 0xa6657862, L:/127.0.0.1:64395 - R:localhost/127.0.0.1:53550]' for 'POST' to 'http://localhost:53550/session/7f7237f6b7b416b55350c5691275deb2/element'
14:13:06.656 [Forwarding findElement on session 7f7237f6b7b416b55350c5691275deb2 to remote] DEBUG o.a.netty.request.NettyRequestSender - Using open Channel [id: 0xa6657862, L:/127.0.0.1:64395 - R:localhost/127.0.0.1:53550] for POST '/session/7f7237f6b7b416b55350c5691275deb2/element'
14:13:06.657 [AsyncHttpClient-1-8] TRACE i.n.handler.logging.LoggingHandler - [id: 0xa6657862, L:/127.0.0.1:64395 - R:localhost/127.0.0.1:53550] WRITE: 214B
         +-------------------------------------------------+
         |  0  1  2  3  4  5  6  7  8  9  a  b  c  d  e  f |
+--------+-------------------------------------------------+----------------+
|00000000| 50 4f 53 54 20 2f 73 65 73 73 69 6f 6e 2f 37 66 |POST /session/7f|
|00000010| 37 32 33 37 66 36 62 37 62 34 31 36 62 35 35 33 |7237f6b7b416b553|
|00000020| 35 30 63 35 36 39 31 32 37 35 64 65 62 32 2f 65 |50c5691275deb2/e|
|00000030| 6c 65 6d 65 6e 74 20 48 54 54 50 2f 31 2e 31 0d |lement HTTP/1.1.|
|00000040| 0a 55 73 65 72 2d 41 67 65 6e 74 3a 20 73 65 6c |.User-Agent: sel|
|00000050| 65 6e 69 75 6d 2f 34 2e 34 2e 30 20 28 6a 61 76 |enium/4.4.0 (jav|
|00000060| 61 20 77 69 6e 64 6f 77 73 29 0d 0a 43 6f 6e 74 |a windows)..Cont|
|00000070| 65 6e 74 2d 4c 65 6e 67 74 68 3a 20 31 36 36 0d |ent-Length: 166.|
|00000080| 0a 43 6f 6e 74 65 6e 74 2d 54 79 70 65 3a 20 61 |.Content-Type: a|
|00000090| 70 70 6c 69 63 61 74 69 6f 6e 2f 6a 73 6f 6e 3b |pplication/json;|
|000000a0| 20 63 68 61 72 73 65 74 3d 75 74 66 2d 38 0d 0a | charset=utf-8..|
|000000b0| 68 6f 73 74 3a 20 6c 6f 63 61 6c 68 6f 73 74 3a |host: localhost:|
|000000c0| 35 33 35 35 30 0d 0a 61 63 63 65 70 74 3a 20 2a |53550..accept: *|
|000000d0| 2f 2a 0d 0a 0d 0a                               |/*....          |
+--------+-------------------------------------------------+----------------+
14:13:06.657 [AsyncHttpClient-1-8] TRACE i.n.handler.logging.LoggingHandler - [id: 0xa6657862, L:/127.0.0.1:64395 - R:localhost/127.0.0.1:53550] WRITE: 166B
         +-------------------------------------------------+
         |  0  1  2  3  4  5  6  7  8  9  a  b  c  d  e  f |
+--------+-------------------------------------------------+----------------+
|00000000| 7b 0a 20 20 22 75 73 69 6e 67 22 3a 20 22 78 70 |{.  "using": "xp|
|00000010| 61 74 68 22 2c 0a 20 20 22 76 61 6c 75 65 22 3a |ath",.  "value":|
|00000020| 20 22 5c 75 30 30 32 66 5c 75 30 30 32 66 64 69 | "\u002f\u002fdi|
|00000030| 76 5b 63 6f 6e 74 61 69 6e 73 28 40 63 6c 61 73 |v[contains(@clas|
|00000040| 73 2c 27 69 74 65 6d 2d 2d 61 63 74 69 76 65 27 |s,'item--active'|
|00000050| 29 5d 5c 75 30 30 32 66 5c 75 30 30 32 66 75 6c |)]\u002f\u002ful|
|00000060| 5b 63 6f 6e 74 61 69 6e 73 28 40 63 6c 61 73 73 |[contains(@class|
|00000070| 2c 20 27 6d 65 6e 75 2d 62 75 72 67 65 72 5f 5f |, 'menu-burger__|
|00000080| 73 65 74 27 29 5d 5c 75 30 30 32 66 5c 75 30 30 |set')]\u002f\u00|
|00000090| 32 66 61 5b 2e 3d 27 d0 91 d1 80 d1 8e d0 ba d0 |2fa[.='.........|
|000000a0| b8 27 5d 22 0a 7d                               |.']".}          |
+--------+-------------------------------------------------+----------------+
14:13:06.658 [AsyncHttpClient-1-8] TRACE i.n.handler.logging.LoggingHandler - [id: 0xa6657862, L:/127.0.0.1:64395 - R:localhost/127.0.0.1:53550] FLUSH
14:13:06.658 [AsyncHttpClient-1-8] TRACE i.n.handler.logging.LoggingHandler - [id: 0xa6657862, L:/127.0.0.1:64395 - R:localhost/127.0.0.1:53550] WRITE: 0B
14:13:06.658 [AsyncHttpClient-1-8] TRACE i.n.handler.logging.LoggingHandler - [id: 0xa6657862, L:/127.0.0.1:64395 - R:localhost/127.0.0.1:53550] FLUSH
14:13:06.675 [AsyncHttpClient-1-8] TRACE i.n.handler.logging.LoggingHandler - [id: 0xa6657862, L:/127.0.0.1:64395 - R:localhost/127.0.0.1:53550] READ: 1221B
         +-------------------------------------------------+
         |  0  1  2  3  4  5  6  7  8  9  a  b  c  d  e  f |
+--------+-------------------------------------------------+----------------+
|00000000| 48 54 54 50 2f 31 2e 31 20 34 30 34 20 4e 6f 74 |HTTP/1.1 404 Not|
|00000010| 20 46 6f 75 6e 64 0d 0a 43 6f 6e 74 65 6e 74 2d | Found..Content-|
|00000020| 4c 65 6e 67 74 68 3a 31 31 30 34 0d 0a 43 6f 6e |Length:1104..Con|
|00000030| 74 65 6e 74 2d 54 79 70 65 3a 61 70 70 6c 69 63 |tent-Type:applic|
|00000040| 61 74 69 6f 6e 2f 6a 73 6f 6e 3b 20 63 68 61 72 |ation/json; char|
|00000050| 73 65 74 3d 75 74 66 2d 38 0d 0a 63 61 63 68 65 |set=utf-8..cache|
|00000060| 2d 63 6f 6e 74 72 6f 6c 3a 6e 6f 2d 63 61 63 68 |-control:no-cach|
|00000070| 65 0d 0a 0d 0a 7b 22 76 61 6c 75 65 22 3a 7b 22 |e....{"value":{"|
|00000080| 65 72 72 6f 72 22 3a 22 6e 6f 20 73 75 63 68 20 |error":"no such |
|00000090| 65 6c 65 6d 65 6e 74 22 2c 22 6d 65 73 73 61 67 |element","messag|
|000000a0| 65 22 3a 22 6e 6f 20 73 75 63 68 20 65 6c 65 6d |e":"no such elem|
|000000b0| 65 6e 74 3a 20 55 6e 61 62 6c 65 20 74 6f 20 6c |ent: Unable to l|
|000000c0| 6f 63 61 74 65 20 65 6c 65 6d 65 6e 74 3a 20 7b |ocate element: {|
|000000d0| 5c 22 6d 65 74 68 6f 64 5c 22 3a 5c 22 78 70 61 |\"method\":\"xpa|
|000000e0| 74 68 5c 22 2c 5c 22 73 65 6c 65 63 74 6f 72 5c |th\",\"selector\|
|000000f0| 22 3a 5c 22 2f 2f 64 69 76 5b 63 6f 6e 74 61 69 |":\"//div[contai|
|00000100| 6e 73 28 40 63 6c 61 73 73 2c 27 69 74 65 6d 2d |ns(@class,'item-|
|00000110| 2d 61 63 74 69 76 65 27 29 5d 2f 2f 75 6c 5b 63 |-active')]//ul[c|
|00000120| 6f 6e 74 61 69 6e 73 28 40 63 6c 61 73 73 2c 20 |ontains(@class, |
|00000130| 27 6d 65 6e 75 2d 62 75 72 67 65 72 5f 5f 73 65 |'menu-burger__se|
|00000140| 74 27 29 5d 2f 2f 61 5b 2e 3d 27 d0 91 d1 80 d1 |t')]//a[.='.....|
|00000150| 8e d0 ba d0 b8 27 5d 5c 22 7d 5c 6e 20 20 28 53 |.....']\"}\n  (S|
|00000160| 65 73 73 69 6f 6e 20 69 6e 66 6f 3a 20 63 68 72 |ession info: chr|
|00000170| 6f 6d 65 3d 31 30 35 2e 30 2e 35 31 39 35 2e 31 |ome=105.0.5195.1|
|00000180| 32 37 29 22 2c 22 73 74 61 63 6b 74 72 61 63 65 |27)","stacktrace|
|00000190| 22 3a 22 42 61 63 6b 74 72 61 63 65 3a 5c 6e 5c |":"Backtrace:\n\|
|000001a0| 74 4f 72 64 69 6e 61 6c 30 20 5b 30 78 30 30 39 |tOrdinal0 [0x009|
|000001b0| 33 44 46 31 33 2b 32 32 31 39 37 39 35 5d 5c 6e |3DF13+2219795]\n|
|000001c0| 5c 74 4f 72 64 69 6e 61 6c 30 20 5b 30 78 30 30 |\tOrdinal0 [0x00|
|000001d0| 38 44 32 38 34 31 2b 31 37 37 39 37 37 37 5d 5c |8D2841+1779777]\|
|000001e0| 6e 5c 74 4f 72 64 69 6e 61 6c 30 20 5b 30 78 30 |n\tOrdinal0 [0x0|
|000001f0| 30 37 45 34 32 33 44 2b 38 30 33 33 38 39 5d 5c |07E423D+803389]\|
|00000200| 6e 5c 74 4f 72 64 69 6e 61 6c 30 20 5b 30 78 30 |n\tOrdinal0 [0x0|
|00000210| 30 38 31 33 30 32 35 2b 39 39 35 33 36 35 5d 5c |0813025+995365]\|
|00000220| 6e 5c 74 4f 72 64 69 6e 61 6c 30 20 5b 30 78 30 |n\tOrdinal0 [0x0|
|00000230| 30 38 31 33 31 45 42 2b 39 39 35 38 31 39 5d 5c |08131EB+995819]\|
|00000240| 6e 5c 74 4f 72 64 69 6e 61 6c 30 20 5b 30 78 30 |n\tOrdinal0 [0x0|
|00000250| 30 38 34 30 46 35 32 2b 31 31 38 33 35 37 30 5d |0840F52+1183570]|
|00000260| 5c 6e 5c 74 4f 72 64 69 6e 61 6c 30 20 5b 30 78 |\n\tOrdinal0 [0x|
|00000270| 30 30 38 32 45 38 34 34 2b 31 31 30 38 30 33 36 |0082E844+1108036|
|00000280| 5d 5c 6e 5c 74 4f 72 64 69 6e 61 6c 30 20 5b 30 |]\n\tOrdinal0 [0|
|00000290| 78 30 30 38 33 46 31 39 32 2b 31 31 37 35 39 35 |x0083F192+117595|
|000002a0| 34 5d 5c 6e 5c 74 4f 72 64 69 6e 61 6c 30 20 5b |4]\n\tOrdinal0 [|
|000002b0| 30 78 30 30 38 32 45 36 31 36 2b 31 31 30 37 34 |0x0082E616+11074|
|000002c0| 37 38 5d 5c 6e 5c 74 4f 72 64 69 6e 61 6c 30 20 |78]\n\tOrdinal0 |
|000002d0| 5b 30 78 30 30 38 30 37 46 38 39 2b 39 35 30 31 |[0x00807F89+9501|
|000002e0| 35 33 5d 5c 6e 5c 74 4f 72 64 69 6e 61 6c 30 20 |53]\n\tOrdinal0 |
|000002f0| 5b 30 78 30 30 38 30 38 46 35 36 2b 39 35 34 31 |[0x00808F56+9541|
|00000300| 39 38 5d 5c 6e 5c 74 47 65 74 48 61 6e 64 6c 65 |98]\n\tGetHandle|
|00000310| 56 65 72 69 66 69 65 72 20 5b 30 78 30 30 43 33 |Verifier [0x00C3|
|00000320| 32 43 42 32 2b 33 30 34 30 32 31 30 5d 5c 6e 5c |2CB2+3040210]\n\|
|00000330| 74 47 65 74 48 61 6e 64 6c 65 56 65 72 69 66 69 |tGetHandleVerifi|
|00000340| 65 72 20 5b 30 78 30 30 43 32 32 42 42 34 2b 32 |er [0x00C22BB4+2|
|00000350| 39 37 34 34 32 30 5d 5c 6e 5c 74 47 65 74 48 61 |974420]\n\tGetHa|
|00000360| 6e 64 6c 65 56 65 72 69 66 69 65 72 20 5b 30 78 |ndleVerifier [0x|
|00000370| 30 30 39 44 36 41 30 41 2b 35 36 35 35 34 36 5d |009D6A0A+565546]|
|00000380| 5c 6e 5c 74 47 65 74 48 61 6e 64 6c 65 56 65 72 |\n\tGetHandleVer|
|00000390| 69 66 69 65 72 20 5b 30 78 30 30 39 44 35 36 38 |ifier [0x009D568|
|000003a0| 30 2b 35 36 30 35 34 34 5d 5c 6e 5c 74 4f 72 64 |0+560544]\n\tOrd|
|000003b0| 69 6e 61 6c 30 20 5b 30 78 30 30 38 44 39 41 35 |inal0 [0x008D9A5|
|000003c0| 43 2b 31 38 30 38 39 38 38 5d 5c 6e 5c 74 4f 72 |C+1808988]\n\tOr|
|000003d0| 64 69 6e 61 6c 30 20 5b 30 78 30 30 38 44 45 33 |dinal0 [0x008DE3|
|000003e0| 41 38 2b 31 38 32 37 37 35 32 5d 5c 6e 5c 74 4f |A8+1827752]\n\tO|
|000003f0| 72 64 69 6e 61 6c 30 20 5b 30 78 30 30 38 44 45 |rdinal0 [0x008DE|
|00000400| 34 39 35 2b 31 38 32 37 39 38 39 5d 5c 6e 5c 74 |495+1827989]\n\t|
|00000410| 4f 72 64 69 6e 61 6c 30 20 5b 30 78 30 30 38 45 |Ordinal0 [0x008E|
|00000420| 38 30 41 34 2b 31 38 36 37 39 34 30 5d 5c 6e 5c |80A4+1867940]\n\|
|00000430| 74 42 61 73 65 54 68 72 65 61 64 49 6e 69 74 54 |tBaseThreadInitT|
|00000440| 68 75 6e 6b 20 5b 30 78 37 35 34 37 46 41 32 39 |hunk [0x7547FA29|
|00000450| 2b 32 35 5d 5c 6e 5c 74 52 74 6c 47 65 74 41 70 |+25]\n\tRtlGetAp|
|00000460| 70 43 6f 6e 74 61 69 6e 65 72 4e 61 6d 65 64 4f |pContainerNamedO|
|00000470| 62 6a 65 63 74 50 61 74 68 20 5b 30 78 37 37 32 |bjectPath [0x772|
|00000480| 38 37 42 35 45 2b 32 38 36 5d 5c 6e 5c 74 52 74 |87B5E+286]\n\tRt|
|00000490| 6c 47 65 74 41 70 70 43 6f 6e 74 61 69 6e 65 72 |lGetAppContainer|
|000004a0| 4e 61 6d 65 64 4f 62 6a 65 63 74 50 61 74 68 20 |NamedObjectPath |
|000004b0| 5b 30 78 37 37 32 38 37 42 32 45 2b 32 33 38 5d |[0x77287B2E+238]|
|000004c0| 5c 6e 22 7d 7d                                  |\n"}}           |
+--------+-------------------------------------------------+----------------+
14:13:06.675 [AsyncHttpClient-1-8] DEBUG o.a.netty.handler.HttpHandler - 

Request DefaultHttpRequest(decodeResult: success, version: HTTP/1.1)
POST /session/7f7237f6b7b416b55350c5691275deb2/element HTTP/1.1
User-Agent: selenium/4.4.0 (java windows)
Content-Length: 166
Content-Type: application/json; charset=utf-8
host: localhost:53550
accept: */*

Response DefaultHttpResponse(decodeResult: success, version: HTTP/1.1)
HTTP/1.1 404 Not Found
Content-Type: application/json; charset=utf-8
cache-control: no-cache
content-length: 1104

14:13:06.675 [AsyncHttpClient-1-8] DEBUG o.a.netty.channel.ChannelManager - Adding key: http://localhost:53550 for channel [id: 0xa6657862, L:/127.0.0.1:64395 - R:localhost/127.0.0.1:53550]
14:13:06.675 [AsyncHttpClient-1-8] TRACE i.n.handler.logging.LoggingHandler - [id: 0xa6657862, L:/127.0.0.1:64395 - R:localhost/127.0.0.1:53550] READ COMPLETE
14:13:07.183 [Forwarding findElement on session 7f7237f6b7b416b55350c5691275deb2 to remote] DEBUG o.a.netty.request.NettyRequestSender - Using pooled Channel '[id: 0xa6657862, L:/127.0.0.1:64395 - R:localhost/127.0.0.1:53550]' for 'POST' to 'http://localhost:53550/session/7f7237f6b7b416b55350c5691275deb2/element'
14:13:07.183 [Forwarding findElement on session 7f7237f6b7b416b55350c5691275deb2 to remote] DEBUG o.a.netty.request.NettyRequestSender - Using open Channel [id: 0xa6657862, L:/127.0.0.1:64395 - R:localhost/127.0.0.1:53550] for POST '/session/7f7237f6b7b416b55350c5691275deb2/element'
14:13:07.184 [AsyncHttpClient-1-8] TRACE i.n.handler.logging.LoggingHandler - [id: 0xa6657862, L:/127.0.0.1:64395 - R:localhost/127.0.0.1:53550] WRITE: 214B
         +-------------------------------------------------+
         |  0  1  2  3  4  5  6  7  8  9  a  b  c  d  e  f |
+--------+-------------------------------------------------+----------------+
|00000000| 50 4f 53 54 20 2f 73 65 73 73 69 6f 6e 2f 37 66 |POST /session/7f|
|00000010| 37 32 33 37 66 36 62 37 62 34 31 36 62 35 35 33 |7237f6b7b416b553|
|00000020| 35 30 63 35 36 39 31 32 37 35 64 65 62 32 2f 65 |50c5691275deb2/e|
|00000030| 6c 65 6d 65 6e 74 20 48 54 54 50 2f 31 2e 31 0d |lement HTTP/1.1.|
|00000040| 0a 55 73 65 72 2d 41 67 65 6e 74 3a 20 73 65 6c |.User-Agent: sel|
|00000050| 65 6e 69 75 6d 2f 34 2e 34 2e 30 20 28 6a 61 76 |enium/4.4.0 (jav|
|00000060| 61 20 77 69 6e 64 6f 77 73 29 0d 0a 43 6f 6e 74 |a windows)..Cont|
|00000070| 65 6e 74 2d 4c 65 6e 67 74 68 3a 20 31 36 36 0d |ent-Length: 166.|
|00000080| 0a 43 6f 6e 74 65 6e 74 2d 54 79 70 65 3a 20 61 |.Content-Type: a|
|00000090| 70 70 6c 69 63 61 74 69 6f 6e 2f 6a 73 6f 6e 3b |pplication/json;|
|000000a0| 20 63 68 61 72 73 65 74 3d 75 74 66 2d 38 0d 0a | charset=utf-8..|
|000000b0| 68 6f 73 74 3a 20 6c 6f 63 61 6c 68 6f 73 74 3a |host: localhost:|
|000000c0| 35 33 35 35 30 0d 0a 61 63 63 65 70 74 3a 20 2a |53550..accept: *|
|000000d0| 2f 2a 0d 0a 0d 0a                               |/*....          |
+--------+-------------------------------------------------+----------------+
14:13:07.184 [AsyncHttpClient-1-8] TRACE i.n.handler.logging.LoggingHandler - [id: 0xa6657862, L:/127.0.0.1:64395 - R:localhost/127.0.0.1:53550] WRITE: 166B
         +-------------------------------------------------+
         |  0  1  2  3  4  5  6  7  8  9  a  b  c  d  e  f |
+--------+-------------------------------------------------+----------------+
|00000000| 7b 0a 20 20 22 75 73 69 6e 67 22 3a 20 22 78 70 |{.  "using": "xp|
|00000010| 61 74 68 22 2c 0a 20 20 22 76 61 6c 75 65 22 3a |ath",.  "value":|
|00000020| 20 22 5c 75 30 30 32 66 5c 75 30 30 32 66 64 69 | "\u002f\u002fdi|
|00000030| 76 5b 63 6f 6e 74 61 69 6e 73 28 40 63 6c 61 73 |v[contains(@clas|
|00000040| 73 2c 27 69 74 65 6d 2d 2d 61 63 74 69 76 65 27 |s,'item--active'|
|00000050| 29 5d 5c 75 30 30 32 66 5c 75 30 30 32 66 75 6c |)]\u002f\u002ful|
|00000060| 5b 63 6f 6e 74 61 69 6e 73 28 40 63 6c 61 73 73 |[contains(@class|
|00000070| 2c 20 27 6d 65 6e 75 2d 62 75 72 67 65 72 5f 5f |, 'menu-burger__|
|00000080| 73 65 74 27 29 5d 5c 75 30 30 32 66 5c 75 30 30 |set')]\u002f\u00|
|00000090| 32 66 61 5b 2e 3d 27 d0 91 d1 80 d1 8e d0 ba d0 |2fa[.='.........|
|000000a0| b8 27 5d 22 0a 7d                               |.']".}          |
+--------+-------------------------------------------------+----------------+
14:13:07.184 [AsyncHttpClient-1-8] TRACE i.n.handler.logging.LoggingHandler - [id: 0xa6657862, L:/127.0.0.1:64395 - R:localhost/127.0.0.1:53550] FLUSH
14:13:07.185 [AsyncHttpClient-1-8] TRACE i.n.handler.logging.LoggingHandler - [id: 0xa6657862, L:/127.0.0.1:64395 - R:localhost/127.0.0.1:53550] WRITE: 0B
14:13:07.185 [AsyncHttpClient-1-8] TRACE i.n.handler.logging.LoggingHandler - [id: 0xa6657862, L:/127.0.0.1:64395 - R:localhost/127.0.0.1:53550] FLUSH
14:13:07.204 [AsyncHttpClient-1-8] TRACE i.n.handler.logging.LoggingHandler - [id: 0xa6657862, L:/127.0.0.1:64395 - R:localhost/127.0.0.1:53550] READ: 1221B
         +-------------------------------------------------+
         |  0  1  2  3  4  5  6  7  8  9  a  b  c  d  e  f |
+--------+-------------------------------------------------+----------------+
|00000000| 48 54 54 50 2f 31 2e 31 20 34 30 34 20 4e 6f 74 |HTTP/1.1 404 Not|
|00000010| 20 46 6f 75 6e 64 0d 0a 43 6f 6e 74 65 6e 74 2d | Found..Content-|
|00000020| 4c 65 6e 67 74 68 3a 31 31 30 34 0d 0a 43 6f 6e |Length:1104..Con|
|00000030| 74 65 6e 74 2d 54 79 70 65 3a 61 70 70 6c 69 63 |tent-Type:applic|
|00000040| 61 74 69 6f 6e 2f 6a 73 6f 6e 3b 20 63 68 61 72 |ation/json; char|
|00000050| 73 65 74 3d 75 74 66 2d 38 0d 0a 63 61 63 68 65 |set=utf-8..cache|
|00000060| 2d 63 6f 6e 74 72 6f 6c 3a 6e 6f 2d 63 61 63 68 |-control:no-cach|
|00000070| 65 0d 0a 0d 0a 7b 22 76 61 6c 75 65 22 3a 7b 22 |e....{"value":{"|
|00000080| 65 72 72 6f 72 22 3a 22 6e 6f 20 73 75 63 68 20 |error":"no such |
|00000090| 65 6c 65 6d 65 6e 74 22 2c 22 6d 65 73 73 61 67 |element","messag|
|000000a0| 65 22 3a 22 6e 6f 20 73 75 63 68 20 65 6c 65 6d |e":"no such elem|
|000000b0| 65 6e 74 3a 20 55 6e 61 62 6c 65 20 74 6f 20 6c |ent: Unable to l|
|000000c0| 6f 63 61 74 65 20 65 6c 65 6d 65 6e 74 3a 20 7b |ocate element: {|
|000000d0| 5c 22 6d 65 74 68 6f 64 5c 22 3a 5c 22 78 70 61 |\"method\":\"xpa|
|000000e0| 74 68 5c 22 2c 5c 22 73 65 6c 65 63 74 6f 72 5c |th\",\"selector\|
|000000f0| 22 3a 5c 22 2f 2f 64 69 76 5b 63 6f 6e 74 61 69 |":\"//div[contai|
|00000100| 6e 73 28 40 63 6c 61 73 73 2c 27 69 74 65 6d 2d |ns(@class,'item-|
|00000110| 2d 61 63 74 69 76 65 27 29 5d 2f 2f 75 6c 5b 63 |-active')]//ul[c|
|00000120| 6f 6e 74 61 69 6e 73 28 40 63 6c 61 73 73 2c 20 |ontains(@class, |
|00000130| 27 6d 65 6e 75 2d 62 75 72 67 65 72 5f 5f 73 65 |'menu-burger__se|
|00000140| 74 27 29 5d 2f 2f 61 5b 2e 3d 27 d0 91 d1 80 d1 |t')]//a[.='.....|
|00000150| 8e d0 ba d0 b8 27 5d 5c 22 7d 5c 6e 20 20 28 53 |.....']\"}\n  (S|
|00000160| 65 73 73 69 6f 6e 20 69 6e 66 6f 3a 20 63 68 72 |ession info: chr|
|00000170| 6f 6d 65 3d 31 30 35 2e 30 2e 35 31 39 35 2e 31 |ome=105.0.5195.1|
|00000180| 32 37 29 22 2c 22 73 74 61 63 6b 74 72 61 63 65 |27)","stacktrace|
|00000190| 22 3a 22 42 61 63 6b 74 72 61 63 65 3a 5c 6e 5c |":"Backtrace:\n\|
|000001a0| 74 4f 72 64 69 6e 61 6c 30 20 5b 30 78 30 30 39 |tOrdinal0 [0x009|
|000001b0| 33 44 46 31 33 2b 32 32 31 39 37 39 35 5d 5c 6e |3DF13+2219795]\n|
|000001c0| 5c 74 4f 72 64 69 6e 61 6c 30 20 5b 30 78 30 30 |\tOrdinal0 [0x00|
|000001d0| 38 44 32 38 34 31 2b 31 37 37 39 37 37 37 5d 5c |8D2841+1779777]\|
|000001e0| 6e 5c 74 4f 72 64 69 6e 61 6c 30 20 5b 30 78 30 |n\tOrdinal0 [0x0|
|000001f0| 30 37 45 34 32 33 44 2b 38 30 33 33 38 39 5d 5c |07E423D+803389]\|
|00000200| 6e 5c 74 4f 72 64 69 6e 61 6c 30 20 5b 30 78 30 |n\tOrdinal0 [0x0|
|00000210| 30 38 31 33 30 32 35 2b 39 39 35 33 36 35 5d 5c |0813025+995365]\|
|00000220| 6e 5c 74 4f 72 64 69 6e 61 6c 30 20 5b 30 78 30 |n\tOrdinal0 [0x0|
|00000230| 30 38 31 33 31 45 42 2b 39 39 35 38 31 39 5d 5c |08131EB+995819]\|
|00000240| 6e 5c 74 4f 72 64 69 6e 61 6c 30 20 5b 30 78 30 |n\tOrdinal0 [0x0|
|00000250| 30 38 34 30 46 35 32 2b 31 31 38 33 35 37 30 5d |0840F52+1183570]|
|00000260| 5c 6e 5c 74 4f 72 64 69 6e 61 6c 30 20 5b 30 78 |\n\tOrdinal0 [0x|
|00000270| 30 30 38 32 45 38 34 34 2b 31 31 30 38 30 33 36 |0082E844+1108036|
|00000280| 5d 5c 6e 5c 74 4f 72 64 69 6e 61 6c 30 20 5b 30 |]\n\tOrdinal0 [0|
|00000290| 78 30 30 38 33 46 31 39 32 2b 31 31 37 35 39 35 |x0083F192+117595|
|000002a0| 34 5d 5c 6e 5c 74 4f 72 64 69 6e 61 6c 30 20 5b |4]\n\tOrdinal0 [|
|000002b0| 30 78 30 30 38 32 45 36 31 36 2b 31 31 30 37 34 |0x0082E616+11074|
|000002c0| 37 38 5d 5c 6e 5c 74 4f 72 64 69 6e 61 6c 30 20 |78]\n\tOrdinal0 |
|000002d0| 5b 30 78 30 30 38 30 37 46 38 39 2b 39 35 30 31 |[0x00807F89+9501|
|000002e0| 35 33 5d 5c 6e 5c 74 4f 72 64 69 6e 61 6c 30 20 |53]\n\tOrdinal0 |
|000002f0| 5b 30 78 30 30 38 30 38 46 35 36 2b 39 35 34 31 |[0x00808F56+9541|
|00000300| 39 38 5d 5c 6e 5c 74 47 65 74 48 61 6e 64 6c 65 |98]\n\tGetHandle|
|00000310| 56 65 72 69 66 69 65 72 20 5b 30 78 30 30 43 33 |Verifier [0x00C3|
|00000320| 32 43 42 32 2b 33 30 34 30 32 31 30 5d 5c 6e 5c |2CB2+3040210]\n\|
|00000330| 74 47 65 74 48 61 6e 64 6c 65 56 65 72 69 66 69 |tGetHandleVerifi|
|00000340| 65 72 20 5b 30 78 30 30 43 32 32 42 42 34 2b 32 |er [0x00C22BB4+2|
|00000350| 39 37 34 34 32 30 5d 5c 6e 5c 74 47 65 74 48 61 |974420]\n\tGetHa|
|00000360| 6e 64 6c 65 56 65 72 69 66 69 65 72 20 5b 30 78 |ndleVerifier [0x|
|00000370| 30 30 39 44 36 41 30 41 2b 35 36 35 35 34 36 5d |009D6A0A+565546]|
|00000380| 5c 6e 5c 74 47 65 74 48 61 6e 64 6c 65 56 65 72 |\n\tGetHandleVer|
|00000390| 69 66 69 65 72 20 5b 30 78 30 30 39 44 35 36 38 |ifier [0x009D568|
|000003a0| 30 2b 35 36 30 35 34 34 5d 5c 6e 5c 74 4f 72 64 |0+560544]\n\tOrd|
|000003b0| 69 6e 61 6c 30 20 5b 30 78 30 30 38 44 39 41 35 |inal0 [0x008D9A5|
|000003c0| 43 2b 31 38 30 38 39 38 38 5d 5c 6e 5c 74 4f 72 |C+1808988]\n\tOr|
|000003d0| 64 69 6e 61 6c 30 20 5b 30 78 30 30 38 44 45 33 |dinal0 [0x008DE3|
|000003e0| 41 38 2b 31 38 32 37 37 35 32 5d 5c 6e 5c 74 4f |A8+1827752]\n\tO|
|000003f0| 72 64 69 6e 61 6c 30 20 5b 30 78 30 30 38 44 45 |rdinal0 [0x008DE|
|00000400| 34 39 35 2b 31 38 32 37 39 38 39 5d 5c 6e 5c 74 |495+1827989]\n\t|
|00000410| 4f 72 64 69 6e 61 6c 30 20 5b 30 78 30 30 38 45 |Ordinal0 [0x008E|
|00000420| 38 30 41 34 2b 31 38 36 37 39 34 30 5d 5c 6e 5c |80A4+1867940]\n\|
|00000430| 74 42 61 73 65 54 68 72 65 61 64 49 6e 69 74 54 |tBaseThreadInitT|
|00000440| 68 75 6e 6b 20 5b 30 78 37 35 34 37 46 41 32 39 |hunk [0x7547FA29|
|00000450| 2b 32 35 5d 5c 6e 5c 74 52 74 6c 47 65 74 41 70 |+25]\n\tRtlGetAp|
|00000460| 70 43 6f 6e 74 61 69 6e 65 72 4e 61 6d 65 64 4f |pContainerNamedO|
|00000470| 62 6a 65 63 74 50 61 74 68 20 5b 30 78 37 37 32 |bjectPath [0x772|
|00000480| 38 37 42 35 45 2b 32 38 36 5d 5c 6e 5c 74 52 74 |87B5E+286]\n\tRt|
|00000490| 6c 47 65 74 41 70 70 43 6f 6e 74 61 69 6e 65 72 |lGetAppContainer|
|000004a0| 4e 61 6d 65 64 4f 62 6a 65 63 74 50 61 74 68 20 |NamedObjectPath |
|000004b0| 5b 30 78 37 37 32 38 37 42 32 45 2b 32 33 38 5d |[0x77287B2E+238]|
|000004c0| 5c 6e 22 7d 7d                                  |\n"}}           |
+--------+-------------------------------------------------+----------------+
14:13:07.204 [AsyncHttpClient-1-8] DEBUG o.a.netty.handler.HttpHandler - 

Request DefaultHttpRequest(decodeResult: success, version: HTTP/1.1)
POST /session/7f7237f6b7b416b55350c5691275deb2/element HTTP/1.1
User-Agent: selenium/4.4.0 (java windows)
Content-Length: 166
Content-Type: application/json; charset=utf-8
host: localhost:53550
accept: */*

Response DefaultHttpResponse(decodeResult: success, version: HTTP/1.1)
HTTP/1.1 404 Not Found
Content-Type: application/json; charset=utf-8
cache-control: no-cache
content-length: 1104

14:13:07.205 [AsyncHttpClient-1-8] DEBUG o.a.netty.channel.ChannelManager - Adding key: http://localhost:53550 for channel [id: 0xa6657862, L:/127.0.0.1:64395 - R:localhost/127.0.0.1:53550]
14:13:07.205 [AsyncHttpClient-1-8] TRACE i.n.handler.logging.LoggingHandler - [id: 0xa6657862, L:/127.0.0.1:64395 - R:localhost/127.0.0.1:53550] READ COMPLETE
14:13:07.384 [AsyncHttpClient-1-1] DEBUG o.a.netty.channel.DefaultChannelPool - Entry count for : http://localhost:53550 : 1
14:13:07.384 [AsyncHttpClient-1-1] DEBUG o.a.netty.channel.DefaultChannelPool - Entry count for : http://localhost:64396 : 1
14:13:07.716 [Forwarding findElement on session 7f7237f6b7b416b55350c5691275deb2 to remote] DEBUG o.a.netty.request.NettyRequestSender - Using pooled Channel '[id: 0xa6657862, L:/127.0.0.1:64395 - R:localhost/127.0.0.1:53550]' for 'POST' to 'http://localhost:53550/session/7f7237f6b7b416b55350c5691275deb2/element'
14:13:07.717 [Forwarding findElement on session 7f7237f6b7b416b55350c5691275deb2 to remote] DEBUG o.a.netty.request.NettyRequestSender - Using open Channel [id: 0xa6657862, L:/127.0.0.1:64395 - R:localhost/127.0.0.1:53550] for POST '/session/7f7237f6b7b416b55350c5691275deb2/element'
14:13:07.718 [AsyncHttpClient-1-8] TRACE i.n.handler.logging.LoggingHandler - [id: 0xa6657862, L:/127.0.0.1:64395 - R:localhost/127.0.0.1:53550] WRITE: 214B
         +-------------------------------------------------+
         |  0  1  2  3  4  5  6  7  8  9  a  b  c  d  e  f |
+--------+-------------------------------------------------+----------------+
|00000000| 50 4f 53 54 20 2f 73 65 73 73 69 6f 6e 2f 37 66 |POST /session/7f|
|00000010| 37 32 33 37 66 36 62 37 62 34 31 36 62 35 35 33 |7237f6b7b416b553|
|00000020| 35 30 63 35 36 39 31 32 37 35 64 65 62 32 2f 65 |50c5691275deb2/e|
|00000030| 6c 65 6d 65 6e 74 20 48 54 54 50 2f 31 2e 31 0d |lement HTTP/1.1.|
|00000040| 0a 55 73 65 72 2d 41 67 65 6e 74 3a 20 73 65 6c |.User-Agent: sel|
|00000050| 65 6e 69 75 6d 2f 34 2e 34 2e 30 20 28 6a 61 76 |enium/4.4.0 (jav|
|00000060| 61 20 77 69 6e 64 6f 77 73 29 0d 0a 43 6f 6e 74 |a windows)..Cont|
|00000070| 65 6e 74 2d 4c 65 6e 67 74 68 3a 20 31 36 36 0d |ent-Length: 166.|
|00000080| 0a 43 6f 6e 74 65 6e 74 2d 54 79 70 65 3a 20 61 |.Content-Type: a|
|00000090| 70 70 6c 69 63 61 74 69 6f 6e 2f 6a 73 6f 6e 3b |pplication/json;|
|000000a0| 20 63 68 61 72 73 65 74 3d 75 74 66 2d 38 0d 0a | charset=utf-8..|
|000000b0| 68 6f 73 74 3a 20 6c 6f 63 61 6c 68 6f 73 74 3a |host: localhost:|
|000000c0| 35 33 35 35 30 0d 0a 61 63 63 65 70 74 3a 20 2a |53550..accept: *|
|000000d0| 2f 2a 0d 0a 0d 0a                               |/*....          |
+--------+-------------------------------------------------+----------------+
14:13:07.724 [AsyncHttpClient-1-8] TRACE i.n.handler.logging.LoggingHandler - [id: 0xa6657862, L:/127.0.0.1:64395 - R:localhost/127.0.0.1:53550] WRITE: 166B
         +-------------------------------------------------+
         |  0  1  2  3  4  5  6  7  8  9  a  b  c  d  e  f |
+--------+-------------------------------------------------+----------------+
|00000000| 7b 0a 20 20 22 75 73 69 6e 67 22 3a 20 22 78 70 |{.  "using": "xp|
|00000010| 61 74 68 22 2c 0a 20 20 22 76 61 6c 75 65 22 3a |ath",.  "value":|
|00000020| 20 22 5c 75 30 30 32 66 5c 75 30 30 32 66 64 69 | "\u002f\u002fdi|
|00000030| 76 5b 63 6f 6e 74 61 69 6e 73 28 40 63 6c 61 73 |v[contains(@clas|
|00000040| 73 2c 27 69 74 65 6d 2d 2d 61 63 74 69 76 65 27 |s,'item--active'|
|00000050| 29 5d 5c 75 30 30 32 66 5c 75 30 30 32 66 75 6c |)]\u002f\u002ful|
|00000060| 5b 63 6f 6e 74 61 69 6e 73 28 40 63 6c 61 73 73 |[contains(@class|
|00000070| 2c 20 27 6d 65 6e 75 2d 62 75 72 67 65 72 5f 5f |, 'menu-burger__|
|00000080| 73 65 74 27 29 5d 5c 75 30 30 32 66 5c 75 30 30 |set')]\u002f\u00|
|00000090| 32 66 61 5b 2e 3d 27 d0 91 d1 80 d1 8e d0 ba d0 |2fa[.='.........|
|000000a0| b8 27 5d 22 0a 7d                               |.']".}          |
+--------+-------------------------------------------------+----------------+
14:13:07.724 [AsyncHttpClient-1-8] TRACE i.n.handler.logging.LoggingHandler - [id: 0xa6657862, L:/127.0.0.1:64395 - R:localhost/127.0.0.1:53550] FLUSH
14:13:07.724 [AsyncHttpClient-1-8] TRACE i.n.handler.logging.LoggingHandler - [id: 0xa6657862, L:/127.0.0.1:64395 - R:localhost/127.0.0.1:53550] WRITE: 0B
14:13:07.724 [AsyncHttpClient-1-8] TRACE i.n.handler.logging.LoggingHandler - [id: 0xa6657862, L:/127.0.0.1:64395 - R:localhost/127.0.0.1:53550] FLUSH
14:13:07.744 [AsyncHttpClient-1-8] TRACE i.n.handler.logging.LoggingHandler - [id: 0xa6657862, L:/127.0.0.1:64395 - R:localhost/127.0.0.1:53550] READ: 1221B
         +-------------------------------------------------+
         |  0  1  2  3  4  5  6  7  8  9  a  b  c  d  e  f |
+--------+-------------------------------------------------+----------------+
|00000000| 48 54 54 50 2f 31 2e 31 20 34 30 34 20 4e 6f 74 |HTTP/1.1 404 Not|
|00000010| 20 46 6f 75 6e 64 0d 0a 43 6f 6e 74 65 6e 74 2d | Found..Content-|
|00000020| 4c 65 6e 67 74 68 3a 31 31 30 34 0d 0a 43 6f 6e |Length:1104..Con|
|00000030| 74 65 6e 74 2d 54 79 70 65 3a 61 70 70 6c 69 63 |tent-Type:applic|
|00000040| 61 74 69 6f 6e 2f 6a 73 6f 6e 3b 20 63 68 61 72 |ation/json; char|
|00000050| 73 65 74 3d 75 74 66 2d 38 0d 0a 63 61 63 68 65 |set=utf-8..cache|
|00000060| 2d 63 6f 6e 74 72 6f 6c 3a 6e 6f 2d 63 61 63 68 |-control:no-cach|
|00000070| 65 0d 0a 0d 0a 7b 22 76 61 6c 75 65 22 3a 7b 22 |e....{"value":{"|
|00000080| 65 72 72 6f 72 22 3a 22 6e 6f 20 73 75 63 68 20 |error":"no such |
|00000090| 65 6c 65 6d 65 6e 74 22 2c 22 6d 65 73 73 61 67 |element","messag|
|000000a0| 65 22 3a 22 6e 6f 20 73 75 63 68 20 65 6c 65 6d |e":"no such elem|
|000000b0| 65 6e 74 3a 20 55 6e 61 62 6c 65 20 74 6f 20 6c |ent: Unable to l|
|000000c0| 6f 63 61 74 65 20 65 6c 65 6d 65 6e 74 3a 20 7b |ocate element: {|
|000000d0| 5c 22 6d 65 74 68 6f 64 5c 22 3a 5c 22 78 70 61 |\"method\":\"xpa|
|000000e0| 74 68 5c 22 2c 5c 22 73 65 6c 65 63 74 6f 72 5c |th\",\"selector\|
|000000f0| 22 3a 5c 22 2f 2f 64 69 76 5b 63 6f 6e 74 61 69 |":\"//div[contai|
|00000100| 6e 73 28 40 63 6c 61 73 73 2c 27 69 74 65 6d 2d |ns(@class,'item-|
|00000110| 2d 61 63 74 69 76 65 27 29 5d 2f 2f 75 6c 5b 63 |-active')]//ul[c|
|00000120| 6f 6e 74 61 69 6e 73 28 40 63 6c 61 73 73 2c 20 |ontains(@class, |
|00000130| 27 6d 65 6e 75 2d 62 75 72 67 65 72 5f 5f 73 65 |'menu-burger__se|
|00000140| 74 27 29 5d 2f 2f 61 5b 2e 3d 27 d0 91 d1 80 d1 |t')]//a[.='.....|
|00000150| 8e d0 ba d0 b8 27 5d 5c 22 7d 5c 6e 20 20 28 53 |.....']\"}\n  (S|
|00000160| 65 73 73 69 6f 6e 20 69 6e 66 6f 3a 20 63 68 72 |ession info: chr|
|00000170| 6f 6d 65 3d 31 30 35 2e 30 2e 35 31 39 35 2e 31 |ome=105.0.5195.1|
|00000180| 32 37 29 22 2c 22 73 74 61 63 6b 74 72 61 63 65 |27)","stacktrace|
|00000190| 22 3a 22 42 61 63 6b 74 72 61 63 65 3a 5c 6e 5c |":"Backtrace:\n\|
|000001a0| 74 4f 72 64 69 6e 61 6c 30 20 5b 30 78 30 30 39 |tOrdinal0 [0x009|
|000001b0| 33 44 46 31 33 2b 32 32 31 39 37 39 35 5d 5c 6e |3DF13+2219795]\n|
|000001c0| 5c 74 4f 72 64 69 6e 61 6c 30 20 5b 30 78 30 30 |\tOrdinal0 [0x00|
|000001d0| 38 44 32 38 34 31 2b 31 37 37 39 37 37 37 5d 5c |8D2841+1779777]\|
|000001e0| 6e 5c 74 4f 72 64 69 6e 61 6c 30 20 5b 30 78 30 |n\tOrdinal0 [0x0|
|000001f0| 30 37 45 34 32 33 44 2b 38 30 33 33 38 39 5d 5c |07E423D+803389]\|
|00000200| 6e 5c 74 4f 72 64 69 6e 61 6c 30 20 5b 30 78 30 |n\tOrdinal0 [0x0|
|00000210| 30 38 31 33 30 32 35 2b 39 39 35 33 36 35 5d 5c |0813025+995365]\|
|00000220| 6e 5c 74 4f 72 64 69 6e 61 6c 30 20 5b 30 78 30 |n\tOrdinal0 [0x0|
|00000230| 30 38 31 33 31 45 42 2b 39 39 35 38 31 39 5d 5c |08131EB+995819]\|
|00000240| 6e 5c 74 4f 72 64 69 6e 61 6c 30 20 5b 30 78 30 |n\tOrdinal0 [0x0|
|00000250| 30 38 34 30 46 35 32 2b 31 31 38 33 35 37 30 5d |0840F52+1183570]|
|00000260| 5c 6e 5c 74 4f 72 64 69 6e 61 6c 30 20 5b 30 78 |\n\tOrdinal0 [0x|
|00000270| 30 30 38 32 45 38 34 34 2b 31 31 30 38 30 33 36 |0082E844+1108036|
|00000280| 5d 5c 6e 5c 74 4f 72 64 69 6e 61 6c 30 20 5b 30 |]\n\tOrdinal0 [0|
|00000290| 78 30 30 38 33 46 31 39 32 2b 31 31 37 35 39 35 |x0083F192+117595|
|000002a0| 34 5d 5c 6e 5c 74 4f 72 64 69 6e 61 6c 30 20 5b |4]\n\tOrdinal0 [|
|000002b0| 30 78 30 30 38 32 45 36 31 36 2b 31 31 30 37 34 |0x0082E616+11074|
|000002c0| 37 38 5d 5c 6e 5c 74 4f 72 64 69 6e 61 6c 30 20 |78]\n\tOrdinal0 |
|000002d0| 5b 30 78 30 30 38 30 37 46 38 39 2b 39 35 30 31 |[0x00807F89+9501|
|000002e0| 35 33 5d 5c 6e 5c 74 4f 72 64 69 6e 61 6c 30 20 |53]\n\tOrdinal0 |
|000002f0| 5b 30 78 30 30 38 30 38 46 35 36 2b 39 35 34 31 |[0x00808F56+9541|
|00000300| 39 38 5d 5c 6e 5c 74 47 65 74 48 61 6e 64 6c 65 |98]\n\tGetHandle|
|00000310| 56 65 72 69 66 69 65 72 20 5b 30 78 30 30 43 33 |Verifier [0x00C3|
|00000320| 32 43 42 32 2b 33 30 34 30 32 31 30 5d 5c 6e 5c |2CB2+3040210]\n\|
|00000330| 74 47 65 74 48 61 6e 64 6c 65 56 65 72 69 66 69 |tGetHandleVerifi|
|00000340| 65 72 20 5b 30 78 30 30 43 32 32 42 42 34 2b 32 |er [0x00C22BB4+2|
|00000350| 39 37 34 34 32 30 5d 5c 6e 5c 74 47 65 74 48 61 |974420]\n\tGetHa|
|00000360| 6e 64 6c 65 56 65 72 69 66 69 65 72 20 5b 30 78 |ndleVerifier [0x|
|00000370| 30 30 39 44 36 41 30 41 2b 35 36 35 35 34 36 5d |009D6A0A+565546]|
|00000380| 5c 6e 5c 74 47 65 74 48 61 6e 64 6c 65 56 65 72 |\n\tGetHandleVer|
|00000390| 69 66 69 65 72 20 5b 30 78 30 30 39 44 35 36 38 |ifier [0x009D568|
|000003a0| 30 2b 35 36 30 35 34 34 5d 5c 6e 5c 74 4f 72 64 |0+560544]\n\tOrd|
|000003b0| 69 6e 61 6c 30 20 5b 30 78 30 30 38 44 39 41 35 |inal0 [0x008D9A5|
|000003c0| 43 2b 31 38 30 38 39 38 38 5d 5c 6e 5c 74 4f 72 |C+1808988]\n\tOr|
|000003d0| 64 69 6e 61 6c 30 20 5b 30 78 30 30 38 44 45 33 |dinal0 [0x008DE3|
|000003e0| 41 38 2b 31 38 32 37 37 35 32 5d 5c 6e 5c 74 4f |A8+1827752]\n\tO|
|000003f0| 72 64 69 6e 61 6c 30 20 5b 30 78 30 30 38 44 45 |rdinal0 [0x008DE|
|00000400| 34 39 35 2b 31 38 32 37 39 38 39 5d 5c 6e 5c 74 |495+1827989]\n\t|
|00000410| 4f 72 64 69 6e 61 6c 30 20 5b 30 78 30 30 38 45 |Ordinal0 [0x008E|
|00000420| 38 30 41 34 2b 31 38 36 37 39 34 30 5d 5c 6e 5c |80A4+1867940]\n\|
|00000430| 74 42 61 73 65 54 68 72 65 61 64 49 6e 69 74 54 |tBaseThreadInitT|
|00000440| 68 75 6e 6b 20 5b 30 78 37 35 34 37 46 41 32 39 |hunk [0x7547FA29|
|00000450| 2b 32 35 5d 5c 6e 5c 74 52 74 6c 47 65 74 41 70 |+25]\n\tRtlGetAp|
|00000460| 70 43 6f 6e 74 61 69 6e 65 72 4e 61 6d 65 64 4f |pContainerNamedO|
|00000470| 62 6a 65 63 74 50 61 74 68 20 5b 30 78 37 37 32 |bjectPath [0x772|
|00000480| 38 37 42 35 45 2b 32 38 36 5d 5c 6e 5c 74 52 74 |87B5E+286]\n\tRt|
|00000490| 6c 47 65 74 41 70 70 43 6f 6e 74 61 69 6e 65 72 |lGetAppContainer|
|000004a0| 4e 61 6d 65 64 4f 62 6a 65 63 74 50 61 74 68 20 |NamedObjectPath |
|000004b0| 5b 30 78 37 37 32 38 37 42 32 45 2b 32 33 38 5d |[0x77287B2E+238]|
|000004c0| 5c 6e 22 7d 7d                                  |\n"}}           |
+--------+-------------------------------------------------+----------------+
14:13:07.744 [AsyncHttpClient-1-8] DEBUG o.a.netty.handler.HttpHandler - 

Request DefaultHttpRequest(decodeResult: success, version: HTTP/1.1)
POST /session/7f7237f6b7b416b55350c5691275deb2/element HTTP/1.1
User-Agent: selenium/4.4.0 (java windows)
Content-Length: 166
Content-Type: application/json; charset=utf-8
host: localhost:53550
accept: */*

Response DefaultHttpResponse(decodeResult: success, version: HTTP/1.1)
HTTP/1.1 404 Not Found
Content-Type: application/json; charset=utf-8
cache-control: no-cache
content-length: 1104

14:13:07.745 [AsyncHttpClient-1-8] DEBUG o.a.netty.channel.ChannelManager - Adding key: http://localhost:53550 for channel [id: 0xa6657862, L:/127.0.0.1:64395 - R:localhost/127.0.0.1:53550]
14:13:07.745 [AsyncHttpClient-1-8] TRACE i.n.handler.logging.LoggingHandler - [id: 0xa6657862, L:/127.0.0.1:64395 - R:localhost/127.0.0.1:53550] READ COMPLETE
14:13:08.255 [Forwarding findElement on session 7f7237f6b7b416b55350c5691275deb2 to remote] DEBUG o.a.netty.request.NettyRequestSender - Using pooled Channel '[id: 0xa6657862, L:/127.0.0.1:64395 - R:localhost/127.0.0.1:53550]' for 'POST' to 'http://localhost:53550/session/7f7237f6b7b416b55350c5691275deb2/element'
14:13:08.255 [Forwarding findElement on session 7f7237f6b7b416b55350c5691275deb2 to remote] DEBUG o.a.netty.request.NettyRequestSender - Using open Channel [id: 0xa6657862, L:/127.0.0.1:64395 - R:localhost/127.0.0.1:53550] for POST '/session/7f7237f6b7b416b55350c5691275deb2/element'
14:13:08.257 [AsyncHttpClient-1-8] TRACE i.n.handler.logging.LoggingHandler - [id: 0xa6657862, L:/127.0.0.1:64395 - R:localhost/127.0.0.1:53550] WRITE: 214B
         +-------------------------------------------------+
         |  0  1  2  3  4  5  6  7  8  9  a  b  c  d  e  f |
+--------+-------------------------------------------------+----------------+
|00000000| 50 4f 53 54 20 2f 73 65 73 73 69 6f 6e 2f 37 66 |POST /session/7f|
|00000010| 37 32 33 37 66 36 62 37 62 34 31 36 62 35 35 33 |7237f6b7b416b553|
|00000020| 35 30 63 35 36 39 31 32 37 35 64 65 62 32 2f 65 |50c5691275deb2/e|
|00000030| 6c 65 6d 65 6e 74 20 48 54 54 50 2f 31 2e 31 0d |lement HTTP/1.1.|
|00000040| 0a 55 73 65 72 2d 41 67 65 6e 74 3a 20 73 65 6c |.User-Agent: sel|
|00000050| 65 6e 69 75 6d 2f 34 2e 34 2e 30 20 28 6a 61 76 |enium/4.4.0 (jav|
|00000060| 61 20 77 69 6e 64 6f 77 73 29 0d 0a 43 6f 6e 74 |a windows)..Cont|
|00000070| 65 6e 74 2d 4c 65 6e 67 74 68 3a 20 31 36 36 0d |ent-Length: 166.|
|00000080| 0a 43 6f 6e 74 65 6e 74 2d 54 79 70 65 3a 20 61 |.Content-Type: a|
|00000090| 70 70 6c 69 63 61 74 69 6f 6e 2f 6a 73 6f 6e 3b |pplication/json;|
|000000a0| 20 63 68 61 72 73 65 74 3d 75 74 66 2d 38 0d 0a | charset=utf-8..|
|000000b0| 68 6f 73 74 3a 20 6c 6f 63 61 6c 68 6f 73 74 3a |host: localhost:|
|000000c0| 35 33 35 35 30 0d 0a 61 63 63 65 70 74 3a 20 2a |53550..accept: *|
|000000d0| 2f 2a 0d 0a 0d 0a                               |/*....          |
+--------+-------------------------------------------------+----------------+
14:13:08.257 [AsyncHttpClient-1-8] TRACE i.n.handler.logging.LoggingHandler - [id: 0xa6657862, L:/127.0.0.1:64395 - R:localhost/127.0.0.1:53550] WRITE: 166B
         +-------------------------------------------------+
         |  0  1  2  3  4  5  6  7  8  9  a  b  c  d  e  f |
+--------+-------------------------------------------------+----------------+
|00000000| 7b 0a 20 20 22 75 73 69 6e 67 22 3a 20 22 78 70 |{.  "using": "xp|
|00000010| 61 74 68 22 2c 0a 20 20 22 76 61 6c 75 65 22 3a |ath",.  "value":|
|00000020| 20 22 5c 75 30 30 32 66 5c 75 30 30 32 66 64 69 | "\u002f\u002fdi|
|00000030| 76 5b 63 6f 6e 74 61 69 6e 73 28 40 63 6c 61 73 |v[contains(@clas|
|00000040| 73 2c 27 69 74 65 6d 2d 2d 61 63 74 69 76 65 27 |s,'item--active'|
|00000050| 29 5d 5c 75 30 30 32 66 5c 75 30 30 32 66 75 6c |)]\u002f\u002ful|
|00000060| 5b 63 6f 6e 74 61 69 6e 73 28 40 63 6c 61 73 73 |[contains(@class|
|00000070| 2c 20 27 6d 65 6e 75 2d 62 75 72 67 65 72 5f 5f |, 'menu-burger__|
|00000080| 73 65 74 27 29 5d 5c 75 30 30 32 66 5c 75 30 30 |set')]\u002f\u00|
|00000090| 32 66 61 5b 2e 3d 27 d0 91 d1 80 d1 8e d0 ba d0 |2fa[.='.........|
|000000a0| b8 27 5d 22 0a 7d                               |.']".}          |
+--------+-------------------------------------------------+----------------+
14:13:08.257 [AsyncHttpClient-1-8] TRACE i.n.handler.logging.LoggingHandler - [id: 0xa6657862, L:/127.0.0.1:64395 - R:localhost/127.0.0.1:53550] FLUSH
14:13:08.257 [AsyncHttpClient-1-8] TRACE i.n.handler.logging.LoggingHandler - [id: 0xa6657862, L:/127.0.0.1:64395 - R:localhost/127.0.0.1:53550] WRITE: 0B
14:13:08.257 [AsyncHttpClient-1-8] TRACE i.n.handler.logging.LoggingHandler - [id: 0xa6657862, L:/127.0.0.1:64395 - R:localhost/127.0.0.1:53550] FLUSH
14:13:08.274 [AsyncHttpClient-1-8] TRACE i.n.handler.logging.LoggingHandler - [id: 0xa6657862, L:/127.0.0.1:64395 - R:localhost/127.0.0.1:53550] READ: 1221B
         +-------------------------------------------------+
         |  0  1  2  3  4  5  6  7  8  9  a  b  c  d  e  f |
+--------+-------------------------------------------------+----------------+
|00000000| 48 54 54 50 2f 31 2e 31 20 34 30 34 20 4e 6f 74 |HTTP/1.1 404 Not|
|00000010| 20 46 6f 75 6e 64 0d 0a 43 6f 6e 74 65 6e 74 2d | Found..Content-|
|00000020| 4c 65 6e 67 74 68 3a 31 31 30 34 0d 0a 43 6f 6e |Length:1104..Con|
|00000030| 74 65 6e 74 2d 54 79 70 65 3a 61 70 70 6c 69 63 |tent-Type:applic|
|00000040| 61 74 69 6f 6e 2f 6a 73 6f 6e 3b 20 63 68 61 72 |ation/json; char|
|00000050| 73 65 74 3d 75 74 66 2d 38 0d 0a 63 61 63 68 65 |set=utf-8..cache|
|00000060| 2d 63 6f 6e 74 72 6f 6c 3a 6e 6f 2d 63 61 63 68 |-control:no-cach|
|00000070| 65 0d 0a 0d 0a 7b 22 76 61 6c 75 65 22 3a 7b 22 |e....{"value":{"|
|00000080| 65 72 72 6f 72 22 3a 22 6e 6f 20 73 75 63 68 20 |error":"no such |
|00000090| 65 6c 65 6d 65 6e 74 22 2c 22 6d 65 73 73 61 67 |element","messag|
|000000a0| 65 22 3a 22 6e 6f 20 73 75 63 68 20 65 6c 65 6d |e":"no such elem|
|000000b0| 65 6e 74 3a 20 55 6e 61 62 6c 65 20 74 6f 20 6c |ent: Unable to l|
|000000c0| 6f 63 61 74 65 20 65 6c 65 6d 65 6e 74 3a 20 7b |ocate element: {|
|000000d0| 5c 22 6d 65 74 68 6f 64 5c 22 3a 5c 22 78 70 61 |\"method\":\"xpa|
|000000e0| 74 68 5c 22 2c 5c 22 73 65 6c 65 63 74 6f 72 5c |th\",\"selector\|
|000000f0| 22 3a 5c 22 2f 2f 64 69 76 5b 63 6f 6e 74 61 69 |":\"//div[contai|
|00000100| 6e 73 28 40 63 6c 61 73 73 2c 27 69 74 65 6d 2d |ns(@class,'item-|
|00000110| 2d 61 63 74 69 76 65 27 29 5d 2f 2f 75 6c 5b 63 |-active')]//ul[c|
|00000120| 6f 6e 74 61 69 6e 73 28 40 63 6c 61 73 73 2c 20 |ontains(@class, |
|00000130| 27 6d 65 6e 75 2d 62 75 72 67 65 72 5f 5f 73 65 |'menu-burger__se|
|00000140| 74 27 29 5d 2f 2f 61 5b 2e 3d 27 d0 91 d1 80 d1 |t')]//a[.='.....|
|00000150| 8e d0 ba d0 b8 27 5d 5c 22 7d 5c 6e 20 20 28 53 |.....']\"}\n  (S|
|00000160| 65 73 73 69 6f 6e 20 69 6e 66 6f 3a 20 63 68 72 |ession info: chr|
|00000170| 6f 6d 65 3d 31 30 35 2e 30 2e 35 31 39 35 2e 31 |ome=105.0.5195.1|
|00000180| 32 37 29 22 2c 22 73 74 61 63 6b 74 72 61 63 65 |27)","stacktrace|
|00000190| 22 3a 22 42 61 63 6b 74 72 61 63 65 3a 5c 6e 5c |":"Backtrace:\n\|
|000001a0| 74 4f 72 64 69 6e 61 6c 30 20 5b 30 78 30 30 39 |tOrdinal0 [0x009|
|000001b0| 33 44 46 31 33 2b 32 32 31 39 37 39 35 5d 5c 6e |3DF13+2219795]\n|
|000001c0| 5c 74 4f 72 64 69 6e 61 6c 30 20 5b 30 78 30 30 |\tOrdinal0 [0x00|
|000001d0| 38 44 32 38 34 31 2b 31 37 37 39 37 37 37 5d 5c |8D2841+1779777]\|
|000001e0| 6e 5c 74 4f 72 64 69 6e 61 6c 30 20 5b 30 78 30 |n\tOrdinal0 [0x0|
|000001f0| 30 37 45 34 32 33 44 2b 38 30 33 33 38 39 5d 5c |07E423D+803389]\|
|00000200| 6e 5c 74 4f 72 64 69 6e 61 6c 30 20 5b 30 78 30 |n\tOrdinal0 [0x0|
|00000210| 30 38 31 33 30 32 35 2b 39 39 35 33 36 35 5d 5c |0813025+995365]\|
|00000220| 6e 5c 74 4f 72 64 69 6e 61 6c 30 20 5b 30 78 30 |n\tOrdinal0 [0x0|
|00000230| 30 38 31 33 31 45 42 2b 39 39 35 38 31 39 5d 5c |08131EB+995819]\|
|00000240| 6e 5c 74 4f 72 64 69 6e 61 6c 30 20 5b 30 78 30 |n\tOrdinal0 [0x0|
|00000250| 30 38 34 30 46 35 32 2b 31 31 38 33 35 37 30 5d |0840F52+1183570]|
|00000260| 5c 6e 5c 74 4f 72 64 69 6e 61 6c 30 20 5b 30 78 |\n\tOrdinal0 [0x|
|00000270| 30 30 38 32 45 38 34 34 2b 31 31 30 38 30 33 36 |0082E844+1108036|
|00000280| 5d 5c 6e 5c 74 4f 72 64 69 6e 61 6c 30 20 5b 30 |]\n\tOrdinal0 [0|
|00000290| 78 30 30 38 33 46 31 39 32 2b 31 31 37 35 39 35 |x0083F192+117595|
|000002a0| 34 5d 5c 6e 5c 74 4f 72 64 69 6e 61 6c 30 20 5b |4]\n\tOrdinal0 [|
|000002b0| 30 78 30 30 38 32 45 36 31 36 2b 31 31 30 37 34 |0x0082E616+11074|
|000002c0| 37 38 5d 5c 6e 5c 74 4f 72 64 69 6e 61 6c 30 20 |78]\n\tOrdinal0 |
|000002d0| 5b 30 78 30 30 38 30 37 46 38 39 2b 39 35 30 31 |[0x00807F89+9501|
|000002e0| 35 33 5d 5c 6e 5c 74 4f 72 64 69 6e 61 6c 30 20 |53]\n\tOrdinal0 |
|000002f0| 5b 30 78 30 30 38 30 38 46 35 36 2b 39 35 34 31 |[0x00808F56+9541|
|00000300| 39 38 5d 5c 6e 5c 74 47 65 74 48 61 6e 64 6c 65 |98]\n\tGetHandle|
|00000310| 56 65 72 69 66 69 65 72 20 5b 30 78 30 30 43 33 |Verifier [0x00C3|
|00000320| 32 43 42 32 2b 33 30 34 30 32 31 30 5d 5c 6e 5c |2CB2+3040210]\n\|
|00000330| 74 47 65 74 48 61 6e 64 6c 65 56 65 72 69 66 69 |tGetHandleVerifi|
|00000340| 65 72 20 5b 30 78 30 30 43 32 32 42 42 34 2b 32 |er [0x00C22BB4+2|
|00000350| 39 37 34 34 32 30 5d 5c 6e 5c 74 47 65 74 48 61 |974420]\n\tGetHa|
|00000360| 6e 64 6c 65 56 65 72 69 66 69 65 72 20 5b 30 78 |ndleVerifier [0x|
|00000370| 30 30 39 44 36 41 30 41 2b 35 36 35 35 34 36 5d |009D6A0A+565546]|
|00000380| 5c 6e 5c 74 47 65 74 48 61 6e 64 6c 65 56 65 72 |\n\tGetHandleVer|
|00000390| 69 66 69 65 72 20 5b 30 78 30 30 39 44 35 36 38 |ifier [0x009D568|
|000003a0| 30 2b 35 36 30 35 34 34 5d 5c 6e 5c 74 4f 72 64 |0+560544]\n\tOrd|
|000003b0| 69 6e 61 6c 30 20 5b 30 78 30 30 38 44 39 41 35 |inal0 [0x008D9A5|
|000003c0| 43 2b 31 38 30 38 39 38 38 5d 5c 6e 5c 74 4f 72 |C+1808988]\n\tOr|
|000003d0| 64 69 6e 61 6c 30 20 5b 30 78 30 30 38 44 45 33 |dinal0 [0x008DE3|
|000003e0| 41 38 2b 31 38 32 37 37 35 32 5d 5c 6e 5c 74 4f |A8+1827752]\n\tO|
|000003f0| 72 64 69 6e 61 6c 30 20 5b 30 78 30 30 38 44 45 |rdinal0 [0x008DE|
|00000400| 34 39 35 2b 31 38 32 37 39 38 39 5d 5c 6e 5c 74 |495+1827989]\n\t|
|00000410| 4f 72 64 69 6e 61 6c 30 20 5b 30 78 30 30 38 45 |Ordinal0 [0x008E|
|00000420| 38 30 41 34 2b 31 38 36 37 39 34 30 5d 5c 6e 5c |80A4+1867940]\n\|
|00000430| 74 42 61 73 65 54 68 72 65 61 64 49 6e 69 74 54 |tBaseThreadInitT|
|00000440| 68 75 6e 6b 20 5b 30 78 37 35 34 37 46 41 32 39 |hunk [0x7547FA29|
|00000450| 2b 32 35 5d 5c 6e 5c 74 52 74 6c 47 65 74 41 70 |+25]\n\tRtlGetAp|
|00000460| 70 43 6f 6e 74 61 69 6e 65 72 4e 61 6d 65 64 4f |pContainerNamedO|
|00000470| 62 6a 65 63 74 50 61 74 68 20 5b 30 78 37 37 32 |bjectPath [0x772|
|00000480| 38 37 42 35 45 2b 32 38 36 5d 5c 6e 5c 74 52 74 |87B5E+286]\n\tRt|
|00000490| 6c 47 65 74 41 70 70 43 6f 6e 74 61 69 6e 65 72 |lGetAppContainer|
|000004a0| 4e 61 6d 65 64 4f 62 6a 65 63 74 50 61 74 68 20 |NamedObjectPath |
|000004b0| 5b 30 78 37 37 32 38 37 42 32 45 2b 32 33 38 5d |[0x77287B2E+238]|
|000004c0| 5c 6e 22 7d 7d                                  |\n"}}           |
+--------+-------------------------------------------------+----------------+
14:13:08.275 [AsyncHttpClient-1-8] DEBUG o.a.netty.handler.HttpHandler - 

Request DefaultHttpRequest(decodeResult: success, version: HTTP/1.1)
POST /session/7f7237f6b7b416b55350c5691275deb2/element HTTP/1.1
User-Agent: selenium/4.4.0 (java windows)
Content-Length: 166
Content-Type: application/json; charset=utf-8
host: localhost:53550
accept: */*

Response DefaultHttpResponse(decodeResult: success, version: HTTP/1.1)
HTTP/1.1 404 Not Found
Content-Type: application/json; charset=utf-8
cache-control: no-cache
content-length: 1104

14:13:08.275 [AsyncHttpClient-1-8] DEBUG o.a.netty.channel.ChannelManager - Adding key: http://localhost:53550 for channel [id: 0xa6657862, L:/127.0.0.1:64395 - R:localhost/127.0.0.1:53550]
14:13:08.275 [AsyncHttpClient-1-8] TRACE i.n.handler.logging.LoggingHandler - [id: 0xa6657862, L:/127.0.0.1:64395 - R:localhost/127.0.0.1:53550] READ COMPLETE
14:13:08.491 [AsyncHttpClient-1-1] DEBUG o.a.netty.channel.DefaultChannelPool - Entry count for : http://localhost:53550 : 1
14:13:08.491 [AsyncHttpClient-1-1] DEBUG o.a.netty.channel.DefaultChannelPool - Entry count for : http://localhost:64396 : 1
14:13:08.789 [Forwarding findElement on session 7f7237f6b7b416b55350c5691275deb2 to remote] DEBUG o.a.netty.request.NettyRequestSender - Using pooled Channel '[id: 0xa6657862, L:/127.0.0.1:64395 - R:localhost/127.0.0.1:53550]' for 'POST' to 'http://localhost:53550/session/7f7237f6b7b416b55350c5691275deb2/element'
14:13:08.789 [Forwarding findElement on session 7f7237f6b7b416b55350c5691275deb2 to remote] DEBUG o.a.netty.request.NettyRequestSender - Using open Channel [id: 0xa6657862, L:/127.0.0.1:64395 - R:localhost/127.0.0.1:53550] for POST '/session/7f7237f6b7b416b55350c5691275deb2/element'
14:13:08.790 [AsyncHttpClient-1-8] TRACE i.n.handler.logging.LoggingHandler - [id: 0xa6657862, L:/127.0.0.1:64395 - R:localhost/127.0.0.1:53550] WRITE: 214B
         +-------------------------------------------------+
         |  0  1  2  3  4  5  6  7  8  9  a  b  c  d  e  f |
+--------+-------------------------------------------------+----------------+
|00000000| 50 4f 53 54 20 2f 73 65 73 73 69 6f 6e 2f 37 66 |POST /session/7f|
|00000010| 37 32 33 37 66 36 62 37 62 34 31 36 62 35 35 33 |7237f6b7b416b553|
|00000020| 35 30 63 35 36 39 31 32 37 35 64 65 62 32 2f 65 |50c5691275deb2/e|
|00000030| 6c 65 6d 65 6e 74 20 48 54 54 50 2f 31 2e 31 0d |lement HTTP/1.1.|
|00000040| 0a 55 73 65 72 2d 41 67 65 6e 74 3a 20 73 65 6c |.User-Agent: sel|
|00000050| 65 6e 69 75 6d 2f 34 2e 34 2e 30 20 28 6a 61 76 |enium/4.4.0 (jav|
|00000060| 61 20 77 69 6e 64 6f 77 73 29 0d 0a 43 6f 6e 74 |a windows)..Cont|
|00000070| 65 6e 74 2d 4c 65 6e 67 74 68 3a 20 31 36 36 0d |ent-Length: 166.|
|00000080| 0a 43 6f 6e 74 65 6e 74 2d 54 79 70 65 3a 20 61 |.Content-Type: a|
|00000090| 70 70 6c 69 63 61 74 69 6f 6e 2f 6a 73 6f 6e 3b |pplication/json;|
|000000a0| 20 63 68 61 72 73 65 74 3d 75 74 66 2d 38 0d 0a | charset=utf-8..|
|000000b0| 68 6f 73 74 3a 20 6c 6f 63 61 6c 68 6f 73 74 3a |host: localhost:|
|000000c0| 35 33 35 35 30 0d 0a 61 63 63 65 70 74 3a 20 2a |53550..accept: *|
|000000d0| 2f 2a 0d 0a 0d 0a                               |/*....          |
+--------+-------------------------------------------------+----------------+
14:13:08.790 [AsyncHttpClient-1-8] TRACE i.n.handler.logging.LoggingHandler - [id: 0xa6657862, L:/127.0.0.1:64395 - R:localhost/127.0.0.1:53550] WRITE: 166B
         +-------------------------------------------------+
         |  0  1  2  3  4  5  6  7  8  9  a  b  c  d  e  f |
+--------+-------------------------------------------------+----------------+
|00000000| 7b 0a 20 20 22 75 73 69 6e 67 22 3a 20 22 78 70 |{.  "using": "xp|
|00000010| 61 74 68 22 2c 0a 20 20 22 76 61 6c 75 65 22 3a |ath",.  "value":|
|00000020| 20 22 5c 75 30 30 32 66 5c 75 30 30 32 66 64 69 | "\u002f\u002fdi|
|00000030| 76 5b 63 6f 6e 74 61 69 6e 73 28 40 63 6c 61 73 |v[contains(@clas|
|00000040| 73 2c 27 69 74 65 6d 2d 2d 61 63 74 69 76 65 27 |s,'item--active'|
|00000050| 29 5d 5c 75 30 30 32 66 5c 75 30 30 32 66 75 6c |)]\u002f\u002ful|
|00000060| 5b 63 6f 6e 74 61 69 6e 73 28 40 63 6c 61 73 73 |[contains(@class|
|00000070| 2c 20 27 6d 65 6e 75 2d 62 75 72 67 65 72 5f 5f |, 'menu-burger__|
|00000080| 73 65 74 27 29 5d 5c 75 30 30 32 66 5c 75 30 30 |set')]\u002f\u00|
|00000090| 32 66 61 5b 2e 3d 27 d0 91 d1 80 d1 8e d0 ba d0 |2fa[.='.........|
|000000a0| b8 27 5d 22 0a 7d                               |.']".}          |
+--------+-------------------------------------------------+----------------+
14:13:08.790 [AsyncHttpClient-1-8] TRACE i.n.handler.logging.LoggingHandler - [id: 0xa6657862, L:/127.0.0.1:64395 - R:localhost/127.0.0.1:53550] FLUSH
14:13:08.791 [AsyncHttpClient-1-8] TRACE i.n.handler.logging.LoggingHandler - [id: 0xa6657862, L:/127.0.0.1:64395 - R:localhost/127.0.0.1:53550] WRITE: 0B
14:13:08.791 [AsyncHttpClient-1-8] TRACE i.n.handler.logging.LoggingHandler - [id: 0xa6657862, L:/127.0.0.1:64395 - R:localhost/127.0.0.1:53550] FLUSH
14:13:08.808 [AsyncHttpClient-1-8] TRACE i.n.handler.logging.LoggingHandler - [id: 0xa6657862, L:/127.0.0.1:64395 - R:localhost/127.0.0.1:53550] READ: 1221B
         +-------------------------------------------------+
         |  0  1  2  3  4  5  6  7  8  9  a  b  c  d  e  f |
+--------+-------------------------------------------------+----------------+
|00000000| 48 54 54 50 2f 31 2e 31 20 34 30 34 20 4e 6f 74 |HTTP/1.1 404 Not|
|00000010| 20 46 6f 75 6e 64 0d 0a 43 6f 6e 74 65 6e 74 2d | Found..Content-|
|00000020| 4c 65 6e 67 74 68 3a 31 31 30 34 0d 0a 43 6f 6e |Length:1104..Con|
|00000030| 74 65 6e 74 2d 54 79 70 65 3a 61 70 70 6c 69 63 |tent-Type:applic|
|00000040| 61 74 69 6f 6e 2f 6a 73 6f 6e 3b 20 63 68 61 72 |ation/json; char|
|00000050| 73 65 74 3d 75 74 66 2d 38 0d 0a 63 61 63 68 65 |set=utf-8..cache|
|00000060| 2d 63 6f 6e 74 72 6f 6c 3a 6e 6f 2d 63 61 63 68 |-control:no-cach|
|00000070| 65 0d 0a 0d 0a 7b 22 76 61 6c 75 65 22 3a 7b 22 |e....{"value":{"|
|00000080| 65 72 72 6f 72 22 3a 22 6e 6f 20 73 75 63 68 20 |error":"no such |
|00000090| 65 6c 65 6d 65 6e 74 22 2c 22 6d 65 73 73 61 67 |element","messag|
|000000a0| 65 22 3a 22 6e 6f 20 73 75 63 68 20 65 6c 65 6d |e":"no such elem|
|000000b0| 65 6e 74 3a 20 55 6e 61 62 6c 65 20 74 6f 20 6c |ent: Unable to l|
|000000c0| 6f 63 61 74 65 20 65 6c 65 6d 65 6e 74 3a 20 7b |ocate element: {|
|000000d0| 5c 22 6d 65 74 68 6f 64 5c 22 3a 5c 22 78 70 61 |\"method\":\"xpa|
|000000e0| 74 68 5c 22 2c 5c 22 73 65 6c 65 63 74 6f 72 5c |th\",\"selector\|
|000000f0| 22 3a 5c 22 2f 2f 64 69 76 5b 63 6f 6e 74 61 69 |":\"//div[contai|
|00000100| 6e 73 28 40 63 6c 61 73 73 2c 27 69 74 65 6d 2d |ns(@class,'item-|
|00000110| 2d 61 63 74 69 76 65 27 29 5d 2f 2f 75 6c 5b 63 |-active')]//ul[c|
|00000120| 6f 6e 74 61 69 6e 73 28 40 63 6c 61 73 73 2c 20 |ontains(@class, |
|00000130| 27 6d 65 6e 75 2d 62 75 72 67 65 72 5f 5f 73 65 |'menu-burger__se|
|00000140| 74 27 29 5d 2f 2f 61 5b 2e 3d 27 d0 91 d1 80 d1 |t')]//a[.='.....|
|00000150| 8e d0 ba d0 b8 27 5d 5c 22 7d 5c 6e 20 20 28 53 |.....']\"}\n  (S|
|00000160| 65 73 73 69 6f 6e 20 69 6e 66 6f 3a 20 63 68 72 |ession info: chr|
|00000170| 6f 6d 65 3d 31 30 35 2e 30 2e 35 31 39 35 2e 31 |ome=105.0.5195.1|
|00000180| 32 37 29 22 2c 22 73 74 61 63 6b 74 72 61 63 65 |27)","stacktrace|
|00000190| 22 3a 22 42 61 63 6b 74 72 61 63 65 3a 5c 6e 5c |":"Backtrace:\n\|
|000001a0| 74 4f 72 64 69 6e 61 6c 30 20 5b 30 78 30 30 39 |tOrdinal0 [0x009|
|000001b0| 33 44 46 31 33 2b 32 32 31 39 37 39 35 5d 5c 6e |3DF13+2219795]\n|
|000001c0| 5c 74 4f 72 64 69 6e 61 6c 30 20 5b 30 78 30 30 |\tOrdinal0 [0x00|
|000001d0| 38 44 32 38 34 31 2b 31 37 37 39 37 37 37 5d 5c |8D2841+1779777]\|
|000001e0| 6e 5c 74 4f 72 64 69 6e 61 6c 30 20 5b 30 78 30 |n\tOrdinal0 [0x0|
|000001f0| 30 37 45 34 32 33 44 2b 38 30 33 33 38 39 5d 5c |07E423D+803389]\|
|00000200| 6e 5c 74 4f 72 64 69 6e 61 6c 30 20 5b 30 78 30 |n\tOrdinal0 [0x0|
|00000210| 30 38 31 33 30 32 35 2b 39 39 35 33 36 35 5d 5c |0813025+995365]\|
|00000220| 6e 5c 74 4f 72 64 69 6e 61 6c 30 20 5b 30 78 30 |n\tOrdinal0 [0x0|
|00000230| 30 38 31 33 31 45 42 2b 39 39 35 38 31 39 5d 5c |08131EB+995819]\|
|00000240| 6e 5c 74 4f 72 64 69 6e 61 6c 30 20 5b 30 78 30 |n\tOrdinal0 [0x0|
|00000250| 30 38 34 30 46 35 32 2b 31 31 38 33 35 37 30 5d |0840F52+1183570]|
|00000260| 5c 6e 5c 74 4f 72 64 69 6e 61 6c 30 20 5b 30 78 |\n\tOrdinal0 [0x|
|00000270| 30 30 38 32 45 38 34 34 2b 31 31 30 38 30 33 36 |0082E844+1108036|
|00000280| 5d 5c 6e 5c 74 4f 72 64 69 6e 61 6c 30 20 5b 30 |]\n\tOrdinal0 [0|
|00000290| 78 30 30 38 33 46 31 39 32 2b 31 31 37 35 39 35 |x0083F192+117595|
|000002a0| 34 5d 5c 6e 5c 74 4f 72 64 69 6e 61 6c 30 20 5b |4]\n\tOrdinal0 [|
|000002b0| 30 78 30 30 38 32 45 36 31 36 2b 31 31 30 37 34 |0x0082E616+11074|
|000002c0| 37 38 5d 5c 6e 5c 74 4f 72 64 69 6e 61 6c 30 20 |78]\n\tOrdinal0 |
|000002d0| 5b 30 78 30 30 38 30 37 46 38 39 2b 39 35 30 31 |[0x00807F89+9501|
|000002e0| 35 33 5d 5c 6e 5c 74 4f 72 64 69 6e 61 6c 30 20 |53]\n\tOrdinal0 |
|000002f0| 5b 30 78 30 30 38 30 38 46 35 36 2b 39 35 34 31 |[0x00808F56+9541|
|00000300| 39 38 5d 5c 6e 5c 74 47 65 74 48 61 6e 64 6c 65 |98]\n\tGetHandle|
|00000310| 56 65 72 69 66 69 65 72 20 5b 30 78 30 30 43 33 |Verifier [0x00C3|
|00000320| 32 43 42 32 2b 33 30 34 30 32 31 30 5d 5c 6e 5c |2CB2+3040210]\n\|
|00000330| 74 47 65 74 48 61 6e 64 6c 65 56 65 72 69 66 69 |tGetHandleVerifi|
|00000340| 65 72 20 5b 30 78 30 30 43 32 32 42 42 34 2b 32 |er [0x00C22BB4+2|
|00000350| 39 37 34 34 32 30 5d 5c 6e 5c 74 47 65 74 48 61 |974420]\n\tGetHa|
|00000360| 6e 64 6c 65 56 65 72 69 66 69 65 72 20 5b 30 78 |ndleVerifier [0x|
|00000370| 30 30 39 44 36 41 30 41 2b 35 36 35 35 34 36 5d |009D6A0A+565546]|
|00000380| 5c 6e 5c 74 47 65 74 48 61 6e 64 6c 65 56 65 72 |\n\tGetHandleVer|
|00000390| 69 66 69 65 72 20 5b 30 78 30 30 39 44 35 36 38 |ifier [0x009D568|
|000003a0| 30 2b 35 36 30 35 34 34 5d 5c 6e 5c 74 4f 72 64 |0+560544]\n\tOrd|
|000003b0| 69 6e 61 6c 30 20 5b 30 78 30 30 38 44 39 41 35 |inal0 [0x008D9A5|
|000003c0| 43 2b 31 38 30 38 39 38 38 5d 5c 6e 5c 74 4f 72 |C+1808988]\n\tOr|
|000003d0| 64 69 6e 61 6c 30 20 5b 30 78 30 30 38 44 45 33 |dinal0 [0x008DE3|
|000003e0| 41 38 2b 31 38 32 37 37 35 32 5d 5c 6e 5c 74 4f |A8+1827752]\n\tO|
|000003f0| 72 64 69 6e 61 6c 30 20 5b 30 78 30 30 38 44 45 |rdinal0 [0x008DE|
|00000400| 34 39 35 2b 31 38 32 37 39 38 39 5d 5c 6e 5c 74 |495+1827989]\n\t|
|00000410| 4f 72 64 69 6e 61 6c 30 20 5b 30 78 30 30 38 45 |Ordinal0 [0x008E|
|00000420| 38 30 41 34 2b 31 38 36 37 39 34 30 5d 5c 6e 5c |80A4+1867940]\n\|
|00000430| 74 42 61 73 65 54 68 72 65 61 64 49 6e 69 74 54 |tBaseThreadInitT|
|00000440| 68 75 6e 6b 20 5b 30 78 37 35 34 37 46 41 32 39 |hunk [0x7547FA29|
|00000450| 2b 32 35 5d 5c 6e 5c 74 52 74 6c 47 65 74 41 70 |+25]\n\tRtlGetAp|
|00000460| 70 43 6f 6e 74 61 69 6e 65 72 4e 61 6d 65 64 4f |pContainerNamedO|
|00000470| 62 6a 65 63 74 50 61 74 68 20 5b 30 78 37 37 32 |bjectPath [0x772|
|00000480| 38 37 42 35 45 2b 32 38 36 5d 5c 6e 5c 74 52 74 |87B5E+286]\n\tRt|
|00000490| 6c 47 65 74 41 70 70 43 6f 6e 74 61 69 6e 65 72 |lGetAppContainer|
|000004a0| 4e 61 6d 65 64 4f 62 6a 65 63 74 50 61 74 68 20 |NamedObjectPath |
|000004b0| 5b 30 78 37 37 32 38 37 42 32 45 2b 32 33 38 5d |[0x77287B2E+238]|
|000004c0| 5c 6e 22 7d 7d                                  |\n"}}           |
+--------+-------------------------------------------------+----------------+
14:13:08.809 [AsyncHttpClient-1-8] DEBUG o.a.netty.handler.HttpHandler - 

Request DefaultHttpRequest(decodeResult: success, version: HTTP/1.1)
POST /session/7f7237f6b7b416b55350c5691275deb2/element HTTP/1.1
User-Agent: selenium/4.4.0 (java windows)
Content-Length: 166
Content-Type: application/json; charset=utf-8
host: localhost:53550
accept: */*

Response DefaultHttpResponse(decodeResult: success, version: HTTP/1.1)
HTTP/1.1 404 Not Found
Content-Type: application/json; charset=utf-8
cache-control: no-cache
content-length: 1104

14:13:08.809 [AsyncHttpClient-1-8] DEBUG o.a.netty.channel.ChannelManager - Adding key: http://localhost:53550 for channel [id: 0xa6657862, L:/127.0.0.1:64395 - R:localhost/127.0.0.1:53550]
14:13:08.809 [AsyncHttpClient-1-8] TRACE i.n.handler.logging.LoggingHandler - [id: 0xa6657862, L:/127.0.0.1:64395 - R:localhost/127.0.0.1:53550] READ COMPLETE
14:13:09.327 [Forwarding findElement on session 7f7237f6b7b416b55350c5691275deb2 to remote] DEBUG o.a.netty.request.NettyRequestSender - Using pooled Channel '[id: 0xa6657862, L:/127.0.0.1:64395 - R:localhost/127.0.0.1:53550]' for 'POST' to 'http://localhost:53550/session/7f7237f6b7b416b55350c5691275deb2/element'
14:13:09.328 [Forwarding findElement on session 7f7237f6b7b416b55350c5691275deb2 to remote] DEBUG o.a.netty.request.NettyRequestSender - Using open Channel [id: 0xa6657862, L:/127.0.0.1:64395 - R:localhost/127.0.0.1:53550] for POST '/session/7f7237f6b7b416b55350c5691275deb2/element'
14:13:09.328 [AsyncHttpClient-1-8] TRACE i.n.handler.logging.LoggingHandler - [id: 0xa6657862, L:/127.0.0.1:64395 - R:localhost/127.0.0.1:53550] WRITE: 214B
         +-------------------------------------------------+
         |  0  1  2  3  4  5  6  7  8  9  a  b  c  d  e  f |
+--------+-------------------------------------------------+----------------+
|00000000| 50 4f 53 54 20 2f 73 65 73 73 69 6f 6e 2f 37 66 |POST /session/7f|
|00000010| 37 32 33 37 66 36 62 37 62 34 31 36 62 35 35 33 |7237f6b7b416b553|
|00000020| 35 30 63 35 36 39 31 32 37 35 64 65 62 32 2f 65 |50c5691275deb2/e|
|00000030| 6c 65 6d 65 6e 74 20 48 54 54 50 2f 31 2e 31 0d |lement HTTP/1.1.|
|00000040| 0a 55 73 65 72 2d 41 67 65 6e 74 3a 20 73 65 6c |.User-Agent: sel|
|00000050| 65 6e 69 75 6d 2f 34 2e 34 2e 30 20 28 6a 61 76 |enium/4.4.0 (jav|
|00000060| 61 20 77 69 6e 64 6f 77 73 29 0d 0a 43 6f 6e 74 |a windows)..Cont|
|00000070| 65 6e 74 2d 4c 65 6e 67 74 68 3a 20 31 36 36 0d |ent-Length: 166.|
|00000080| 0a 43 6f 6e 74 65 6e 74 2d 54 79 70 65 3a 20 61 |.Content-Type: a|
|00000090| 70 70 6c 69 63 61 74 69 6f 6e 2f 6a 73 6f 6e 3b |pplication/json;|
|000000a0| 20 63 68 61 72 73 65 74 3d 75 74 66 2d 38 0d 0a | charset=utf-8..|
|000000b0| 68 6f 73 74 3a 20 6c 6f 63 61 6c 68 6f 73 74 3a |host: localhost:|
|000000c0| 35 33 35 35 30 0d 0a 61 63 63 65 70 74 3a 20 2a |53550..accept: *|
|000000d0| 2f 2a 0d 0a 0d 0a                               |/*....          |
+--------+-------------------------------------------------+----------------+
14:13:09.329 [AsyncHttpClient-1-8] TRACE i.n.handler.logging.LoggingHandler - [id: 0xa6657862, L:/127.0.0.1:64395 - R:localhost/127.0.0.1:53550] WRITE: 166B
         +-------------------------------------------------+
         |  0  1  2  3  4  5  6  7  8  9  a  b  c  d  e  f |
+--------+-------------------------------------------------+----------------+
|00000000| 7b 0a 20 20 22 75 73 69 6e 67 22 3a 20 22 78 70 |{.  "using": "xp|
|00000010| 61 74 68 22 2c 0a 20 20 22 76 61 6c 75 65 22 3a |ath",.  "value":|
|00000020| 20 22 5c 75 30 30 32 66 5c 75 30 30 32 66 64 69 | "\u002f\u002fdi|
|00000030| 76 5b 63 6f 6e 74 61 69 6e 73 28 40 63 6c 61 73 |v[contains(@clas|
|00000040| 73 2c 27 69 74 65 6d 2d 2d 61 63 74 69 76 65 27 |s,'item--active'|
|00000050| 29 5d 5c 75 30 30 32 66 5c 75 30 30 32 66 75 6c |)]\u002f\u002ful|
|00000060| 5b 63 6f 6e 74 61 69 6e 73 28 40 63 6c 61 73 73 |[contains(@class|
|00000070| 2c 20 27 6d 65 6e 75 2d 62 75 72 67 65 72 5f 5f |, 'menu-burger__|
|00000080| 73 65 74 27 29 5d 5c 75 30 30 32 66 5c 75 30 30 |set')]\u002f\u00|
|00000090| 32 66 61 5b 2e 3d 27 d0 91 d1 80 d1 8e d0 ba d0 |2fa[.='.........|
|000000a0| b8 27 5d 22 0a 7d                               |.']".}          |
+--------+-------------------------------------------------+----------------+
14:13:09.329 [AsyncHttpClient-1-8] TRACE i.n.handler.logging.LoggingHandler - [id: 0xa6657862, L:/127.0.0.1:64395 - R:localhost/127.0.0.1:53550] FLUSH
14:13:09.329 [AsyncHttpClient-1-8] TRACE i.n.handler.logging.LoggingHandler - [id: 0xa6657862, L:/127.0.0.1:64395 - R:localhost/127.0.0.1:53550] WRITE: 0B
14:13:09.329 [AsyncHttpClient-1-8] TRACE i.n.handler.logging.LoggingHandler - [id: 0xa6657862, L:/127.0.0.1:64395 - R:localhost/127.0.0.1:53550] FLUSH
14:13:09.346 [AsyncHttpClient-1-8] TRACE i.n.handler.logging.LoggingHandler - [id: 0xa6657862, L:/127.0.0.1:64395 - R:localhost/127.0.0.1:53550] READ: 1221B
         +-------------------------------------------------+
         |  0  1  2  3  4  5  6  7  8  9  a  b  c  d  e  f |
+--------+-------------------------------------------------+----------------+
|00000000| 48 54 54 50 2f 31 2e 31 20 34 30 34 20 4e 6f 74 |HTTP/1.1 404 Not|
|00000010| 20 46 6f 75 6e 64 0d 0a 43 6f 6e 74 65 6e 74 2d | Found..Content-|
|00000020| 4c 65 6e 67 74 68 3a 31 31 30 34 0d 0a 43 6f 6e |Length:1104..Con|
|00000030| 74 65 6e 74 2d 54 79 70 65 3a 61 70 70 6c 69 63 |tent-Type:applic|
|00000040| 61 74 69 6f 6e 2f 6a 73 6f 6e 3b 20 63 68 61 72 |ation/json; char|
|00000050| 73 65 74 3d 75 74 66 2d 38 0d 0a 63 61 63 68 65 |set=utf-8..cache|
|00000060| 2d 63 6f 6e 74 72 6f 6c 3a 6e 6f 2d 63 61 63 68 |-control:no-cach|
|00000070| 65 0d 0a 0d 0a 7b 22 76 61 6c 75 65 22 3a 7b 22 |e....{"value":{"|
|00000080| 65 72 72 6f 72 22 3a 22 6e 6f 20 73 75 63 68 20 |error":"no such |
|00000090| 65 6c 65 6d 65 6e 74 22 2c 22 6d 65 73 73 61 67 |element","messag|
|000000a0| 65 22 3a 22 6e 6f 20 73 75 63 68 20 65 6c 65 6d |e":"no such elem|
|000000b0| 65 6e 74 3a 20 55 6e 61 62 6c 65 20 74 6f 20 6c |ent: Unable to l|
|000000c0| 6f 63 61 74 65 20 65 6c 65 6d 65 6e 74 3a 20 7b |ocate element: {|
|000000d0| 5c 22 6d 65 74 68 6f 64 5c 22 3a 5c 22 78 70 61 |\"method\":\"xpa|
|000000e0| 74 68 5c 22 2c 5c 22 73 65 6c 65 63 74 6f 72 5c |th\",\"selector\|
|000000f0| 22 3a 5c 22 2f 2f 64 69 76 5b 63 6f 6e 74 61 69 |":\"//div[contai|
|00000100| 6e 73 28 40 63 6c 61 73 73 2c 27 69 74 65 6d 2d |ns(@class,'item-|
|00000110| 2d 61 63 74 69 76 65 27 29 5d 2f 2f 75 6c 5b 63 |-active')]//ul[c|
|00000120| 6f 6e 74 61 69 6e 73 28 40 63 6c 61 73 73 2c 20 |ontains(@class, |
|00000130| 27 6d 65 6e 75 2d 62 75 72 67 65 72 5f 5f 73 65 |'menu-burger__se|
|00000140| 74 27 29 5d 2f 2f 61 5b 2e 3d 27 d0 91 d1 80 d1 |t')]//a[.='.....|
|00000150| 8e d0 ba d0 b8 27 5d 5c 22 7d 5c 6e 20 20 28 53 |.....']\"}\n  (S|
|00000160| 65 73 73 69 6f 6e 20 69 6e 66 6f 3a 20 63 68 72 |ession info: chr|
|00000170| 6f 6d 65 3d 31 30 35 2e 30 2e 35 31 39 35 2e 31 |ome=105.0.5195.1|
|00000180| 32 37 29 22 2c 22 73 74 61 63 6b 74 72 61 63 65 |27)","stacktrace|
|00000190| 22 3a 22 42 61 63 6b 74 72 61 63 65 3a 5c 6e 5c |":"Backtrace:\n\|
|000001a0| 74 4f 72 64 69 6e 61 6c 30 20 5b 30 78 30 30 39 |tOrdinal0 [0x009|
|000001b0| 33 44 46 31 33 2b 32 32 31 39 37 39 35 5d 5c 6e |3DF13+2219795]\n|
|000001c0| 5c 74 4f 72 64 69 6e 61 6c 30 20 5b 30 78 30 30 |\tOrdinal0 [0x00|
|000001d0| 38 44 32 38 34 31 2b 31 37 37 39 37 37 37 5d 5c |8D2841+1779777]\|
|000001e0| 6e 5c 74 4f 72 64 69 6e 61 6c 30 20 5b 30 78 30 |n\tOrdinal0 [0x0|
|000001f0| 30 37 45 34 32 33 44 2b 38 30 33 33 38 39 5d 5c |07E423D+803389]\|
|00000200| 6e 5c 74 4f 72 64 69 6e 61 6c 30 20 5b 30 78 30 |n\tOrdinal0 [0x0|
|00000210| 30 38 31 33 30 32 35 2b 39 39 35 33 36 35 5d 5c |0813025+995365]\|
|00000220| 6e 5c 74 4f 72 64 69 6e 61 6c 30 20 5b 30 78 30 |n\tOrdinal0 [0x0|
|00000230| 30 38 31 33 31 45 42 2b 39 39 35 38 31 39 5d 5c |08131EB+995819]\|
|00000240| 6e 5c 74 4f 72 64 69 6e 61 6c 30 20 5b 30 78 30 |n\tOrdinal0 [0x0|
|00000250| 30 38 34 30 46 35 32 2b 31 31 38 33 35 37 30 5d |0840F52+1183570]|
|00000260| 5c 6e 5c 74 4f 72 64 69 6e 61 6c 30 20 5b 30 78 |\n\tOrdinal0 [0x|
|00000270| 30 30 38 32 45 38 34 34 2b 31 31 30 38 30 33 36 |0082E844+1108036|
|00000280| 5d 5c 6e 5c 74 4f 72 64 69 6e 61 6c 30 20 5b 30 |]\n\tOrdinal0 [0|
|00000290| 78 30 30 38 33 46 31 39 32 2b 31 31 37 35 39 35 |x0083F192+117595|
|000002a0| 34 5d 5c 6e 5c 74 4f 72 64 69 6e 61 6c 30 20 5b |4]\n\tOrdinal0 [|
|000002b0| 30 78 30 30 38 32 45 36 31 36 2b 31 31 30 37 34 |0x0082E616+11074|
|000002c0| 37 38 5d 5c 6e 5c 74 4f 72 64 69 6e 61 6c 30 20 |78]\n\tOrdinal0 |
|000002d0| 5b 30 78 30 30 38 30 37 46 38 39 2b 39 35 30 31 |[0x00807F89+9501|
|000002e0| 35 33 5d 5c 6e 5c 74 4f 72 64 69 6e 61 6c 30 20 |53]\n\tOrdinal0 |
|000002f0| 5b 30 78 30 30 38 30 38 46 35 36 2b 39 35 34 31 |[0x00808F56+9541|
|00000300| 39 38 5d 5c 6e 5c 74 47 65 74 48 61 6e 64 6c 65 |98]\n\tGetHandle|
|00000310| 56 65 72 69 66 69 65 72 20 5b 30 78 30 30 43 33 |Verifier [0x00C3|
|00000320| 32 43 42 32 2b 33 30 34 30 32 31 30 5d 5c 6e 5c |2CB2+3040210]\n\|
|00000330| 74 47 65 74 48 61 6e 64 6c 65 56 65 72 69 66 69 |tGetHandleVerifi|
|00000340| 65 72 20 5b 30 78 30 30 43 32 32 42 42 34 2b 32 |er [0x00C22BB4+2|
|00000350| 39 37 34 34 32 30 5d 5c 6e 5c 74 47 65 74 48 61 |974420]\n\tGetHa|
|00000360| 6e 64 6c 65 56 65 72 69 66 69 65 72 20 5b 30 78 |ndleVerifier [0x|
|00000370| 30 30 39 44 36 41 30 41 2b 35 36 35 35 34 36 5d |009D6A0A+565546]|
|00000380| 5c 6e 5c 74 47 65 74 48 61 6e 64 6c 65 56 65 72 |\n\tGetHandleVer|
|00000390| 69 66 69 65 72 20 5b 30 78 30 30 39 44 35 36 38 |ifier [0x009D568|
|000003a0| 30 2b 35 36 30 35 34 34 5d 5c 6e 5c 74 4f 72 64 |0+560544]\n\tOrd|
|000003b0| 69 6e 61 6c 30 20 5b 30 78 30 30 38 44 39 41 35 |inal0 [0x008D9A5|
|000003c0| 43 2b 31 38 30 38 39 38 38 5d 5c 6e 5c 74 4f 72 |C+1808988]\n\tOr|
|000003d0| 64 69 6e 61 6c 30 20 5b 30 78 30 30 38 44 45 33 |dinal0 [0x008DE3|
|000003e0| 41 38 2b 31 38 32 37 37 35 32 5d 5c 6e 5c 74 4f |A8+1827752]\n\tO|
|000003f0| 72 64 69 6e 61 6c 30 20 5b 30 78 30 30 38 44 45 |rdinal0 [0x008DE|
|00000400| 34 39 35 2b 31 38 32 37 39 38 39 5d 5c 6e 5c 74 |495+1827989]\n\t|
|00000410| 4f 72 64 69 6e 61 6c 30 20 5b 30 78 30 30 38 45 |Ordinal0 [0x008E|
|00000420| 38 30 41 34 2b 31 38 36 37 39 34 30 5d 5c 6e 5c |80A4+1867940]\n\|
|00000430| 74 42 61 73 65 54 68 72 65 61 64 49 6e 69 74 54 |tBaseThreadInitT|
|00000440| 68 75 6e 6b 20 5b 30 78 37 35 34 37 46 41 32 39 |hunk [0x7547FA29|
|00000450| 2b 32 35 5d 5c 6e 5c 74 52 74 6c 47 65 74 41 70 |+25]\n\tRtlGetAp|
|00000460| 70 43 6f 6e 74 61 69 6e 65 72 4e 61 6d 65 64 4f |pContainerNamedO|
|00000470| 62 6a 65 63 74 50 61 74 68 20 5b 30 78 37 37 32 |bjectPath [0x772|
|00000480| 38 37 42 35 45 2b 32 38 36 5d 5c 6e 5c 74 52 74 |87B5E+286]\n\tRt|
|00000490| 6c 47 65 74 41 70 70 43 6f 6e 74 61 69 6e 65 72 |lGetAppContainer|
|000004a0| 4e 61 6d 65 64 4f 62 6a 65 63 74 50 61 74 68 20 |NamedObjectPath |
|000004b0| 5b 30 78 37 37 32 38 37 42 32 45 2b 32 33 38 5d |[0x77287B2E+238]|
|000004c0| 5c 6e 22 7d 7d                                  |\n"}}           |
+--------+-------------------------------------------------+----------------+
14:13:09.347 [AsyncHttpClient-1-8] DEBUG o.a.netty.handler.HttpHandler - 

Request DefaultHttpRequest(decodeResult: success, version: HTTP/1.1)
POST /session/7f7237f6b7b416b55350c5691275deb2/element HTTP/1.1
User-Agent: selenium/4.4.0 (java windows)
Content-Length: 166
Content-Type: application/json; charset=utf-8
host: localhost:53550
accept: */*

Response DefaultHttpResponse(decodeResult: success, version: HTTP/1.1)
HTTP/1.1 404 Not Found
Content-Type: application/json; charset=utf-8
cache-control: no-cache
content-length: 1104

14:13:09.347 [AsyncHttpClient-1-8] DEBUG o.a.netty.channel.ChannelManager - Adding key: http://localhost:53550 for channel [id: 0xa6657862, L:/127.0.0.1:64395 - R:localhost/127.0.0.1:53550]
14:13:09.347 [AsyncHttpClient-1-8] TRACE i.n.handler.logging.LoggingHandler - [id: 0xa6657862, L:/127.0.0.1:64395 - R:localhost/127.0.0.1:53550] READ COMPLETE
14:13:09.584 [AsyncHttpClient-1-1] DEBUG o.a.netty.channel.DefaultChannelPool - Entry count for : http://localhost:53550 : 1
14:13:09.584 [AsyncHttpClient-1-1] DEBUG o.a.netty.channel.DefaultChannelPool - Entry count for : http://localhost:64396 : 1
14:13:09.866 [Forwarding findElement on session 7f7237f6b7b416b55350c5691275deb2 to remote] DEBUG o.a.netty.request.NettyRequestSender - Using pooled Channel '[id: 0xa6657862, L:/127.0.0.1:64395 - R:localhost/127.0.0.1:53550]' for 'POST' to 'http://localhost:53550/session/7f7237f6b7b416b55350c5691275deb2/element'
14:13:09.866 [Forwarding findElement on session 7f7237f6b7b416b55350c5691275deb2 to remote] DEBUG o.a.netty.request.NettyRequestSender - Using open Channel [id: 0xa6657862, L:/127.0.0.1:64395 - R:localhost/127.0.0.1:53550] for POST '/session/7f7237f6b7b416b55350c5691275deb2/element'
14:13:09.866 [AsyncHttpClient-1-8] TRACE i.n.handler.logging.LoggingHandler - [id: 0xa6657862, L:/127.0.0.1:64395 - R:localhost/127.0.0.1:53550] WRITE: 214B
         +-------------------------------------------------+
         |  0  1  2  3  4  5  6  7  8  9  a  b  c  d  e  f |
+--------+-------------------------------------------------+----------------+
|00000000| 50 4f 53 54 20 2f 73 65 73 73 69 6f 6e 2f 37 66 |POST /session/7f|
|00000010| 37 32 33 37 66 36 62 37 62 34 31 36 62 35 35 33 |7237f6b7b416b553|
|00000020| 35 30 63 35 36 39 31 32 37 35 64 65 62 32 2f 65 |50c5691275deb2/e|
|00000030| 6c 65 6d 65 6e 74 20 48 54 54 50 2f 31 2e 31 0d |lement HTTP/1.1.|
|00000040| 0a 55 73 65 72 2d 41 67 65 6e 74 3a 20 73 65 6c |.User-Agent: sel|
|00000050| 65 6e 69 75 6d 2f 34 2e 34 2e 30 20 28 6a 61 76 |enium/4.4.0 (jav|
|00000060| 61 20 77 69 6e 64 6f 77 73 29 0d 0a 43 6f 6e 74 |a windows)..Cont|
|00000070| 65 6e 74 2d 4c 65 6e 67 74 68 3a 20 31 36 36 0d |ent-Length: 166.|
|00000080| 0a 43 6f 6e 74 65 6e 74 2d 54 79 70 65 3a 20 61 |.Content-Type: a|
|00000090| 70 70 6c 69 63 61 74 69 6f 6e 2f 6a 73 6f 6e 3b |pplication/json;|
|000000a0| 20 63 68 61 72 73 65 74 3d 75 74 66 2d 38 0d 0a | charset=utf-8..|
|000000b0| 68 6f 73 74 3a 20 6c 6f 63 61 6c 68 6f 73 74 3a |host: localhost:|
|000000c0| 35 33 35 35 30 0d 0a 61 63 63 65 70 74 3a 20 2a |53550..accept: *|
|000000d0| 2f 2a 0d 0a 0d 0a                               |/*....          |
+--------+-------------------------------------------------+----------------+
14:13:09.867 [AsyncHttpClient-1-8] TRACE i.n.handler.logging.LoggingHandler - [id: 0xa6657862, L:/127.0.0.1:64395 - R:localhost/127.0.0.1:53550] WRITE: 166B
         +-------------------------------------------------+
         |  0  1  2  3  4  5  6  7  8  9  a  b  c  d  e  f |
+--------+-------------------------------------------------+----------------+
|00000000| 7b 0a 20 20 22 75 73 69 6e 67 22 3a 20 22 78 70 |{.  "using": "xp|
|00000010| 61 74 68 22 2c 0a 20 20 22 76 61 6c 75 65 22 3a |ath",.  "value":|
|00000020| 20 22 5c 75 30 30 32 66 5c 75 30 30 32 66 64 69 | "\u002f\u002fdi|
|00000030| 76 5b 63 6f 6e 74 61 69 6e 73 28 40 63 6c 61 73 |v[contains(@clas|
|00000040| 73 2c 27 69 74 65 6d 2d 2d 61 63 74 69 76 65 27 |s,'item--active'|
|00000050| 29 5d 5c 75 30 30 32 66 5c 75 30 30 32 66 75 6c |)]\u002f\u002ful|
|00000060| 5b 63 6f 6e 74 61 69 6e 73 28 40 63 6c 61 73 73 |[contains(@class|
|00000070| 2c 20 27 6d 65 6e 75 2d 62 75 72 67 65 72 5f 5f |, 'menu-burger__|
|00000080| 73 65 74 27 29 5d 5c 75 30 30 32 66 5c 75 30 30 |set')]\u002f\u00|
|00000090| 32 66 61 5b 2e 3d 27 d0 91 d1 80 d1 8e d0 ba d0 |2fa[.='.........|
|000000a0| b8 27 5d 22 0a 7d                               |.']".}          |
+--------+-------------------------------------------------+----------------+
14:13:09.867 [AsyncHttpClient-1-8] TRACE i.n.handler.logging.LoggingHandler - [id: 0xa6657862, L:/127.0.0.1:64395 - R:localhost/127.0.0.1:53550] FLUSH
14:13:09.867 [AsyncHttpClient-1-8] TRACE i.n.handler.logging.LoggingHandler - [id: 0xa6657862, L:/127.0.0.1:64395 - R:localhost/127.0.0.1:53550] WRITE: 0B
14:13:09.867 [AsyncHttpClient-1-8] TRACE i.n.handler.logging.LoggingHandler - [id: 0xa6657862, L:/127.0.0.1:64395 - R:localhost/127.0.0.1:53550] FLUSH
14:13:09.884 [AsyncHttpClient-1-8] TRACE i.n.handler.logging.LoggingHandler - [id: 0xa6657862, L:/127.0.0.1:64395 - R:localhost/127.0.0.1:53550] READ: 1221B
         +-------------------------------------------------+
         |  0  1  2  3  4  5  6  7  8  9  a  b  c  d  e  f |
+--------+-------------------------------------------------+----------------+
|00000000| 48 54 54 50 2f 31 2e 31 20 34 30 34 20 4e 6f 74 |HTTP/1.1 404 Not|
|00000010| 20 46 6f 75 6e 64 0d 0a 43 6f 6e 74 65 6e 74 2d | Found..Content-|
|00000020| 4c 65 6e 67 74 68 3a 31 31 30 34 0d 0a 43 6f 6e |Length:1104..Con|
|00000030| 74 65 6e 74 2d 54 79 70 65 3a 61 70 70 6c 69 63 |tent-Type:applic|
|00000040| 61 74 69 6f 6e 2f 6a 73 6f 6e 3b 20 63 68 61 72 |ation/json; char|
|00000050| 73 65 74 3d 75 74 66 2d 38 0d 0a 63 61 63 68 65 |set=utf-8..cache|
|00000060| 2d 63 6f 6e 74 72 6f 6c 3a 6e 6f 2d 63 61 63 68 |-control:no-cach|
|00000070| 65 0d 0a 0d 0a 7b 22 76 61 6c 75 65 22 3a 7b 22 |e....{"value":{"|
|00000080| 65 72 72 6f 72 22 3a 22 6e 6f 20 73 75 63 68 20 |error":"no such |
|00000090| 65 6c 65 6d 65 6e 74 22 2c 22 6d 65 73 73 61 67 |element","messag|
|000000a0| 65 22 3a 22 6e 6f 20 73 75 63 68 20 65 6c 65 6d |e":"no such elem|
|000000b0| 65 6e 74 3a 20 55 6e 61 62 6c 65 20 74 6f 20 6c |ent: Unable to l|
|000000c0| 6f 63 61 74 65 20 65 6c 65 6d 65 6e 74 3a 20 7b |ocate element: {|
|000000d0| 5c 22 6d 65 74 68 6f 64 5c 22 3a 5c 22 78 70 61 |\"method\":\"xpa|
|000000e0| 74 68 5c 22 2c 5c 22 73 65 6c 65 63 74 6f 72 5c |th\",\"selector\|
|000000f0| 22 3a 5c 22 2f 2f 64 69 76 5b 63 6f 6e 74 61 69 |":\"//div[contai|
|00000100| 6e 73 28 40 63 6c 61 73 73 2c 27 69 74 65 6d 2d |ns(@class,'item-|
|00000110| 2d 61 63 74 69 76 65 27 29 5d 2f 2f 75 6c 5b 63 |-active')]//ul[c|
|00000120| 6f 6e 74 61 69 6e 73 28 40 63 6c 61 73 73 2c 20 |ontains(@class, |
|00000130| 27 6d 65 6e 75 2d 62 75 72 67 65 72 5f 5f 73 65 |'menu-burger__se|
|00000140| 74 27 29 5d 2f 2f 61 5b 2e 3d 27 d0 91 d1 80 d1 |t')]//a[.='.....|
|00000150| 8e d0 ba d0 b8 27 5d 5c 22 7d 5c 6e 20 20 28 53 |.....']\"}\n  (S|
|00000160| 65 73 73 69 6f 6e 20 69 6e 66 6f 3a 20 63 68 72 |ession info: chr|
|00000170| 6f 6d 65 3d 31 30 35 2e 30 2e 35 31 39 35 2e 31 |ome=105.0.5195.1|
|00000180| 32 37 29 22 2c 22 73 74 61 63 6b 74 72 61 63 65 |27)","stacktrace|
|00000190| 22 3a 22 42 61 63 6b 74 72 61 63 65 3a 5c 6e 5c |":"Backtrace:\n\|
|000001a0| 74 4f 72 64 69 6e 61 6c 30 20 5b 30 78 30 30 39 |tOrdinal0 [0x009|
|000001b0| 33 44 46 31 33 2b 32 32 31 39 37 39 35 5d 5c 6e |3DF13+2219795]\n|
|000001c0| 5c 74 4f 72 64 69 6e 61 6c 30 20 5b 30 78 30 30 |\tOrdinal0 [0x00|
|000001d0| 38 44 32 38 34 31 2b 31 37 37 39 37 37 37 5d 5c |8D2841+1779777]\|
|000001e0| 6e 5c 74 4f 72 64 69 6e 61 6c 30 20 5b 30 78 30 |n\tOrdinal0 [0x0|
|000001f0| 30 37 45 34 32 33 44 2b 38 30 33 33 38 39 5d 5c |07E423D+803389]\|
|00000200| 6e 5c 74 4f 72 64 69 6e 61 6c 30 20 5b 30 78 30 |n\tOrdinal0 [0x0|
|00000210| 30 38 31 33 30 32 35 2b 39 39 35 33 36 35 5d 5c |0813025+995365]\|
|00000220| 6e 5c 74 4f 72 64 69 6e 61 6c 30 20 5b 30 78 30 |n\tOrdinal0 [0x0|
|00000230| 30 38 31 33 31 45 42 2b 39 39 35 38 31 39 5d 5c |08131EB+995819]\|
|00000240| 6e 5c 74 4f 72 64 69 6e 61 6c 30 20 5b 30 78 30 |n\tOrdinal0 [0x0|
|00000250| 30 38 34 30 46 35 32 2b 31 31 38 33 35 37 30 5d |0840F52+1183570]|
|00000260| 5c 6e 5c 74 4f 72 64 69 6e 61 6c 30 20 5b 30 78 |\n\tOrdinal0 [0x|
|00000270| 30 30 38 32 45 38 34 34 2b 31 31 30 38 30 33 36 |0082E844+1108036|
|00000280| 5d 5c 6e 5c 74 4f 72 64 69 6e 61 6c 30 20 5b 30 |]\n\tOrdinal0 [0|
|00000290| 78 30 30 38 33 46 31 39 32 2b 31 31 37 35 39 35 |x0083F192+117595|
|000002a0| 34 5d 5c 6e 5c 74 4f 72 64 69 6e 61 6c 30 20 5b |4]\n\tOrdinal0 [|
|000002b0| 30 78 30 30 38 32 45 36 31 36 2b 31 31 30 37 34 |0x0082E616+11074|
|000002c0| 37 38 5d 5c 6e 5c 74 4f 72 64 69 6e 61 6c 30 20 |78]\n\tOrdinal0 |
|000002d0| 5b 30 78 30 30 38 30 37 46 38 39 2b 39 35 30 31 |[0x00807F89+9501|
|000002e0| 35 33 5d 5c 6e 5c 74 4f 72 64 69 6e 61 6c 30 20 |53]\n\tOrdinal0 |
|000002f0| 5b 30 78 30 30 38 30 38 46 35 36 2b 39 35 34 31 |[0x00808F56+9541|
|00000300| 39 38 5d 5c 6e 5c 74 47 65 74 48 61 6e 64 6c 65 |98]\n\tGetHandle|
|00000310| 56 65 72 69 66 69 65 72 20 5b 30 78 30 30 43 33 |Verifier [0x00C3|
|00000320| 32 43 42 32 2b 33 30 34 30 32 31 30 5d 5c 6e 5c |2CB2+3040210]\n\|
|00000330| 74 47 65 74 48 61 6e 64 6c 65 56 65 72 69 66 69 |tGetHandleVerifi|
|00000340| 65 72 20 5b 30 78 30 30 43 32 32 42 42 34 2b 32 |er [0x00C22BB4+2|
|00000350| 39 37 34 34 32 30 5d 5c 6e 5c 74 47 65 74 48 61 |974420]\n\tGetHa|
|00000360| 6e 64 6c 65 56 65 72 69 66 69 65 72 20 5b 30 78 |ndleVerifier [0x|
|00000370| 30 30 39 44 36 41 30 41 2b 35 36 35 35 34 36 5d |009D6A0A+565546]|
|00000380| 5c 6e 5c 74 47 65 74 48 61 6e 64 6c 65 56 65 72 |\n\tGetHandleVer|
|00000390| 69 66 69 65 72 20 5b 30 78 30 30 39 44 35 36 38 |ifier [0x009D568|
|000003a0| 30 2b 35 36 30 35 34 34 5d 5c 6e 5c 74 4f 72 64 |0+560544]\n\tOrd|
|000003b0| 69 6e 61 6c 30 20 5b 30 78 30 30 38 44 39 41 35 |inal0 [0x008D9A5|
|000003c0| 43 2b 31 38 30 38 39 38 38 5d 5c 6e 5c 74 4f 72 |C+1808988]\n\tOr|
|000003d0| 64 69 6e 61 6c 30 20 5b 30 78 30 30 38 44 45 33 |dinal0 [0x008DE3|
|000003e0| 41 38 2b 31 38 32 37 37 35 32 5d 5c 6e 5c 74 4f |A8+1827752]\n\tO|
|000003f0| 72 64 69 6e 61 6c 30 20 5b 30 78 30 30 38 44 45 |rdinal0 [0x008DE|
|00000400| 34 39 35 2b 31 38 32 37 39 38 39 5d 5c 6e 5c 74 |495+1827989]\n\t|
|00000410| 4f 72 64 69 6e 61 6c 30 20 5b 30 78 30 30 38 45 |Ordinal0 [0x008E|
|00000420| 38 30 41 34 2b 31 38 36 37 39 34 30 5d 5c 6e 5c |80A4+1867940]\n\|
|00000430| 74 42 61 73 65 54 68 72 65 61 64 49 6e 69 74 54 |tBaseThreadInitT|
|00000440| 68 75 6e 6b 20 5b 30 78 37 35 34 37 46 41 32 39 |hunk [0x7547FA29|
|00000450| 2b 32 35 5d 5c 6e 5c 74 52 74 6c 47 65 74 41 70 |+25]\n\tRtlGetAp|
|00000460| 70 43 6f 6e 74 61 69 6e 65 72 4e 61 6d 65 64 4f |pContainerNamedO|
|00000470| 62 6a 65 63 74 50 61 74 68 20 5b 30 78 37 37 32 |bjectPath [0x772|
|00000480| 38 37 42 35 45 2b 32 38 36 5d 5c 6e 5c 74 52 74 |87B5E+286]\n\tRt|
|00000490| 6c 47 65 74 41 70 70 43 6f 6e 74 61 69 6e 65 72 |lGetAppContainer|
|000004a0| 4e 61 6d 65 64 4f 62 6a 65 63 74 50 61 74 68 20 |NamedObjectPath |
|000004b0| 5b 30 78 37 37 32 38 37 42 32 45 2b 32 33 38 5d |[0x77287B2E+238]|
|000004c0| 5c 6e 22 7d 7d                                  |\n"}}           |
+--------+-------------------------------------------------+----------------+
14:13:09.885 [AsyncHttpClient-1-8] DEBUG o.a.netty.handler.HttpHandler - 

Request DefaultHttpRequest(decodeResult: success, version: HTTP/1.1)
POST /session/7f7237f6b7b416b55350c5691275deb2/element HTTP/1.1
User-Agent: selenium/4.4.0 (java windows)
Content-Length: 166
Content-Type: application/json; charset=utf-8
host: localhost:53550
accept: */*

Response DefaultHttpResponse(decodeResult: success, version: HTTP/1.1)
HTTP/1.1 404 Not Found
Content-Type: application/json; charset=utf-8
cache-control: no-cache
content-length: 1104

14:13:09.885 [AsyncHttpClient-1-8] DEBUG o.a.netty.channel.ChannelManager - Adding key: http://localhost:53550 for channel [id: 0xa6657862, L:/127.0.0.1:64395 - R:localhost/127.0.0.1:53550]
14:13:09.885 [AsyncHttpClient-1-8] TRACE i.n.handler.logging.LoggingHandler - [id: 0xa6657862, L:/127.0.0.1:64395 - R:localhost/127.0.0.1:53550] READ COMPLETE
14:13:10.389 [Forwarding findElement on session 7f7237f6b7b416b55350c5691275deb2 to remote] DEBUG o.a.netty.request.NettyRequestSender - Using pooled Channel '[id: 0xa6657862, L:/127.0.0.1:64395 - R:localhost/127.0.0.1:53550]' for 'POST' to 'http://localhost:53550/session/7f7237f6b7b416b55350c5691275deb2/element'
14:13:10.389 [Forwarding findElement on session 7f7237f6b7b416b55350c5691275deb2 to remote] DEBUG o.a.netty.request.NettyRequestSender - Using open Channel [id: 0xa6657862, L:/127.0.0.1:64395 - R:localhost/127.0.0.1:53550] for POST '/session/7f7237f6b7b416b55350c5691275deb2/element'
14:13:10.390 [AsyncHttpClient-1-8] TRACE i.n.handler.logging.LoggingHandler - [id: 0xa6657862, L:/127.0.0.1:64395 - R:localhost/127.0.0.1:53550] WRITE: 214B
         +-------------------------------------------------+
         |  0  1  2  3  4  5  6  7  8  9  a  b  c  d  e  f |
+--------+-------------------------------------------------+----------------+
|00000000| 50 4f 53 54 20 2f 73 65 73 73 69 6f 6e 2f 37 66 |POST /session/7f|
|00000010| 37 32 33 37 66 36 62 37 62 34 31 36 62 35 35 33 |7237f6b7b416b553|
|00000020| 35 30 63 35 36 39 31 32 37 35 64 65 62 32 2f 65 |50c5691275deb2/e|
|00000030| 6c 65 6d 65 6e 74 20 48 54 54 50 2f 31 2e 31 0d |lement HTTP/1.1.|
|00000040| 0a 55 73 65 72 2d 41 67 65 6e 74 3a 20 73 65 6c |.User-Agent: sel|
|00000050| 65 6e 69 75 6d 2f 34 2e 34 2e 30 20 28 6a 61 76 |enium/4.4.0 (jav|
|00000060| 61 20 77 69 6e 64 6f 77 73 29 0d 0a 43 6f 6e 74 |a windows)..Cont|
|00000070| 65 6e 74 2d 4c 65 6e 67 74 68 3a 20 31 36 36 0d |ent-Length: 166.|
|00000080| 0a 43 6f 6e 74 65 6e 74 2d 54 79 70 65 3a 20 61 |.Content-Type: a|
|00000090| 70 70 6c 69 63 61 74 69 6f 6e 2f 6a 73 6f 6e 3b |pplication/json;|
|000000a0| 20 63 68 61 72 73 65 74 3d 75 74 66 2d 38 0d 0a | charset=utf-8..|
|000000b0| 68 6f 73 74 3a 20 6c 6f 63 61 6c 68 6f 73 74 3a |host: localhost:|
|000000c0| 35 33 35 35 30 0d 0a 61 63 63 65 70 74 3a 20 2a |53550..accept: *|
|000000d0| 2f 2a 0d 0a 0d 0a                               |/*....          |
+--------+-------------------------------------------------+----------------+
14:13:10.390 [AsyncHttpClient-1-8] TRACE i.n.handler.logging.LoggingHandler - [id: 0xa6657862, L:/127.0.0.1:64395 - R:localhost/127.0.0.1:53550] WRITE: 166B
         +-------------------------------------------------+
         |  0  1  2  3  4  5  6  7  8  9  a  b  c  d  e  f |
+--------+-------------------------------------------------+----------------+
|00000000| 7b 0a 20 20 22 75 73 69 6e 67 22 3a 20 22 78 70 |{.  "using": "xp|
|00000010| 61 74 68 22 2c 0a 20 20 22 76 61 6c 75 65 22 3a |ath",.  "value":|
|00000020| 20 22 5c 75 30 30 32 66 5c 75 30 30 32 66 64 69 | "\u002f\u002fdi|
|00000030| 76 5b 63 6f 6e 74 61 69 6e 73 28 40 63 6c 61 73 |v[contains(@clas|
|00000040| 73 2c 27 69 74 65 6d 2d 2d 61 63 74 69 76 65 27 |s,'item--active'|
|00000050| 29 5d 5c 75 30 30 32 66 5c 75 30 30 32 66 75 6c |)]\u002f\u002ful|
|00000060| 5b 63 6f 6e 74 61 69 6e 73 28 40 63 6c 61 73 73 |[contains(@class|
|00000070| 2c 20 27 6d 65 6e 75 2d 62 75 72 67 65 72 5f 5f |, 'menu-burger__|
|00000080| 73 65 74 27 29 5d 5c 75 30 30 32 66 5c 75 30 30 |set')]\u002f\u00|
|00000090| 32 66 61 5b 2e 3d 27 d0 91 d1 80 d1 8e d0 ba d0 |2fa[.='.........|
|000000a0| b8 27 5d 22 0a 7d                               |.']".}          |
+--------+-------------------------------------------------+----------------+
14:13:10.390 [AsyncHttpClient-1-8] TRACE i.n.handler.logging.LoggingHandler - [id: 0xa6657862, L:/127.0.0.1:64395 - R:localhost/127.0.0.1:53550] FLUSH
14:13:10.391 [AsyncHttpClient-1-8] TRACE i.n.handler.logging.LoggingHandler - [id: 0xa6657862, L:/127.0.0.1:64395 - R:localhost/127.0.0.1:53550] WRITE: 0B
14:13:10.391 [AsyncHttpClient-1-8] TRACE i.n.handler.logging.LoggingHandler - [id: 0xa6657862, L:/127.0.0.1:64395 - R:localhost/127.0.0.1:53550] FLUSH
14:13:10.406 [AsyncHttpClient-1-8] TRACE i.n.handler.logging.LoggingHandler - [id: 0xa6657862, L:/127.0.0.1:64395 - R:localhost/127.0.0.1:53550] READ: 1221B
         +-------------------------------------------------+
         |  0  1  2  3  4  5  6  7  8  9  a  b  c  d  e  f |
+--------+-------------------------------------------------+----------------+
|00000000| 48 54 54 50 2f 31 2e 31 20 34 30 34 20 4e 6f 74 |HTTP/1.1 404 Not|
|00000010| 20 46 6f 75 6e 64 0d 0a 43 6f 6e 74 65 6e 74 2d | Found..Content-|
|00000020| 4c 65 6e 67 74 68 3a 31 31 30 34 0d 0a 43 6f 6e |Length:1104..Con|
|00000030| 74 65 6e 74 2d 54 79 70 65 3a 61 70 70 6c 69 63 |tent-Type:applic|
|00000040| 61 74 69 6f 6e 2f 6a 73 6f 6e 3b 20 63 68 61 72 |ation/json; char|
|00000050| 73 65 74 3d 75 74 66 2d 38 0d 0a 63 61 63 68 65 |set=utf-8..cache|
|00000060| 2d 63 6f 6e 74 72 6f 6c 3a 6e 6f 2d 63 61 63 68 |-control:no-cach|
|00000070| 65 0d 0a 0d 0a 7b 22 76 61 6c 75 65 22 3a 7b 22 |e....{"value":{"|
|00000080| 65 72 72 6f 72 22 3a 22 6e 6f 20 73 75 63 68 20 |error":"no such |
|00000090| 65 6c 65 6d 65 6e 74 22 2c 22 6d 65 73 73 61 67 |element","messag|
|000000a0| 65 22 3a 22 6e 6f 20 73 75 63 68 20 65 6c 65 6d |e":"no such elem|
|000000b0| 65 6e 74 3a 20 55 6e 61 62 6c 65 20 74 6f 20 6c |ent: Unable to l|
|000000c0| 6f 63 61 74 65 20 65 6c 65 6d 65 6e 74 3a 20 7b |ocate element: {|
|000000d0| 5c 22 6d 65 74 68 6f 64 5c 22 3a 5c 22 78 70 61 |\"method\":\"xpa|
|000000e0| 74 68 5c 22 2c 5c 22 73 65 6c 65 63 74 6f 72 5c |th\",\"selector\|
|000000f0| 22 3a 5c 22 2f 2f 64 69 76 5b 63 6f 6e 74 61 69 |":\"//div[contai|
|00000100| 6e 73 28 40 63 6c 61 73 73 2c 27 69 74 65 6d 2d |ns(@class,'item-|
|00000110| 2d 61 63 74 69 76 65 27 29 5d 2f 2f 75 6c 5b 63 |-active')]//ul[c|
|00000120| 6f 6e 74 61 69 6e 73 28 40 63 6c 61 73 73 2c 20 |ontains(@class, |
|00000130| 27 6d 65 6e 75 2d 62 75 72 67 65 72 5f 5f 73 65 |'menu-burger__se|
|00000140| 74 27 29 5d 2f 2f 61 5b 2e 3d 27 d0 91 d1 80 d1 |t')]//a[.='.....|
|00000150| 8e d0 ba d0 b8 27 5d 5c 22 7d 5c 6e 20 20 28 53 |.....']\"}\n  (S|
|00000160| 65 73 73 69 6f 6e 20 69 6e 66 6f 3a 20 63 68 72 |ession info: chr|
|00000170| 6f 6d 65 3d 31 30 35 2e 30 2e 35 31 39 35 2e 31 |ome=105.0.5195.1|
|00000180| 32 37 29 22 2c 22 73 74 61 63 6b 74 72 61 63 65 |27)","stacktrace|
|00000190| 22 3a 22 42 61 63 6b 74 72 61 63 65 3a 5c 6e 5c |":"Backtrace:\n\|
|000001a0| 74 4f 72 64 69 6e 61 6c 30 20 5b 30 78 30 30 39 |tOrdinal0 [0x009|
|000001b0| 33 44 46 31 33 2b 32 32 31 39 37 39 35 5d 5c 6e |3DF13+2219795]\n|
|000001c0| 5c 74 4f 72 64 69 6e 61 6c 30 20 5b 30 78 30 30 |\tOrdinal0 [0x00|
|000001d0| 38 44 32 38 34 31 2b 31 37 37 39 37 37 37 5d 5c |8D2841+1779777]\|
|000001e0| 6e 5c 74 4f 72 64 69 6e 61 6c 30 20 5b 30 78 30 |n\tOrdinal0 [0x0|
|000001f0| 30 37 45 34 32 33 44 2b 38 30 33 33 38 39 5d 5c |07E423D+803389]\|
|00000200| 6e 5c 74 4f 72 64 69 6e 61 6c 30 20 5b 30 78 30 |n\tOrdinal0 [0x0|
|00000210| 30 38 31 33 30 32 35 2b 39 39 35 33 36 35 5d 5c |0813025+995365]\|
|00000220| 6e 5c 74 4f 72 64 69 6e 61 6c 30 20 5b 30 78 30 |n\tOrdinal0 [0x0|
|00000230| 30 38 31 33 31 45 42 2b 39 39 35 38 31 39 5d 5c |08131EB+995819]\|
|00000240| 6e 5c 74 4f 72 64 69 6e 61 6c 30 20 5b 30 78 30 |n\tOrdinal0 [0x0|
|00000250| 30 38 34 30 46 35 32 2b 31 31 38 33 35 37 30 5d |0840F52+1183570]|
|00000260| 5c 6e 5c 74 4f 72 64 69 6e 61 6c 30 20 5b 30 78 |\n\tOrdinal0 [0x|
|00000270| 30 30 38 32 45 38 34 34 2b 31 31 30 38 30 33 36 |0082E844+1108036|
|00000280| 5d 5c 6e 5c 74 4f 72 64 69 6e 61 6c 30 20 5b 30 |]\n\tOrdinal0 [0|
|00000290| 78 30 30 38 33 46 31 39 32 2b 31 31 37 35 39 35 |x0083F192+117595|
|000002a0| 34 5d 5c 6e 5c 74 4f 72 64 69 6e 61 6c 30 20 5b |4]\n\tOrdinal0 [|
|000002b0| 30 78 30 30 38 32 45 36 31 36 2b 31 31 30 37 34 |0x0082E616+11074|
|000002c0| 37 38 5d 5c 6e 5c 74 4f 72 64 69 6e 61 6c 30 20 |78]\n\tOrdinal0 |
|000002d0| 5b 30 78 30 30 38 30 37 46 38 39 2b 39 35 30 31 |[0x00807F89+9501|
|000002e0| 35 33 5d 5c 6e 5c 74 4f 72 64 69 6e 61 6c 30 20 |53]\n\tOrdinal0 |
|000002f0| 5b 30 78 30 30 38 30 38 46 35 36 2b 39 35 34 31 |[0x00808F56+9541|
|00000300| 39 38 5d 5c 6e 5c 74 47 65 74 48 61 6e 64 6c 65 |98]\n\tGetHandle|
|00000310| 56 65 72 69 66 69 65 72 20 5b 30 78 30 30 43 33 |Verifier [0x00C3|
|00000320| 32 43 42 32 2b 33 30 34 30 32 31 30 5d 5c 6e 5c |2CB2+3040210]\n\|
|00000330| 74 47 65 74 48 61 6e 64 6c 65 56 65 72 69 66 69 |tGetHandleVerifi|
|00000340| 65 72 20 5b 30 78 30 30 43 32 32 42 42 34 2b 32 |er [0x00C22BB4+2|
|00000350| 39 37 34 34 32 30 5d 5c 6e 5c 74 47 65 74 48 61 |974420]\n\tGetHa|
|00000360| 6e 64 6c 65 56 65 72 69 66 69 65 72 20 5b 30 78 |ndleVerifier [0x|
|00000370| 30 30 39 44 36 41 30 41 2b 35 36 35 35 34 36 5d |009D6A0A+565546]|
|00000380| 5c 6e 5c 74 47 65 74 48 61 6e 64 6c 65 56 65 72 |\n\tGetHandleVer|
|00000390| 69 66 69 65 72 20 5b 30 78 30 30 39 44 35 36 38 |ifier [0x009D568|
|000003a0| 30 2b 35 36 30 35 34 34 5d 5c 6e 5c 74 4f 72 64 |0+560544]\n\tOrd|
|000003b0| 69 6e 61 6c 30 20 5b 30 78 30 30 38 44 39 41 35 |inal0 [0x008D9A5|
|000003c0| 43 2b 31 38 30 38 39 38 38 5d 5c 6e 5c 74 4f 72 |C+1808988]\n\tOr|
|000003d0| 64 69 6e 61 6c 30 20 5b 30 78 30 30 38 44 45 33 |dinal0 [0x008DE3|
|000003e0| 41 38 2b 31 38 32 37 37 35 32 5d 5c 6e 5c 74 4f |A8+1827752]\n\tO|
|000003f0| 72 64 69 6e 61 6c 30 20 5b 30 78 30 30 38 44 45 |rdinal0 [0x008DE|
|00000400| 34 39 35 2b 31 38 32 37 39 38 39 5d 5c 6e 5c 74 |495+1827989]\n\t|
|00000410| 4f 72 64 69 6e 61 6c 30 20 5b 30 78 30 30 38 45 |Ordinal0 [0x008E|
|00000420| 38 30 41 34 2b 31 38 36 37 39 34 30 5d 5c 6e 5c |80A4+1867940]\n\|
|00000430| 74 42 61 73 65 54 68 72 65 61 64 49 6e 69 74 54 |tBaseThreadInitT|
|00000440| 68 75 6e 6b 20 5b 30 78 37 35 34 37 46 41 32 39 |hunk [0x7547FA29|
|00000450| 2b 32 35 5d 5c 6e 5c 74 52 74 6c 47 65 74 41 70 |+25]\n\tRtlGetAp|
|00000460| 70 43 6f 6e 74 61 69 6e 65 72 4e 61 6d 65 64 4f |pContainerNamedO|
|00000470| 62 6a 65 63 74 50 61 74 68 20 5b 30 78 37 37 32 |bjectPath [0x772|
|00000480| 38 37 42 35 45 2b 32 38 36 5d 5c 6e 5c 74 52 74 |87B5E+286]\n\tRt|
|00000490| 6c 47 65 74 41 70 70 43 6f 6e 74 61 69 6e 65 72 |lGetAppContainer|
|000004a0| 4e 61 6d 65 64 4f 62 6a 65 63 74 50 61 74 68 20 |NamedObjectPath |
|000004b0| 5b 30 78 37 37 32 38 37 42 32 45 2b 32 33 38 5d |[0x77287B2E+238]|
|000004c0| 5c 6e 22 7d 7d                                  |\n"}}           |
+--------+-------------------------------------------------+----------------+
14:13:10.407 [AsyncHttpClient-1-8] DEBUG o.a.netty.handler.HttpHandler - 

Request DefaultHttpRequest(decodeResult: success, version: HTTP/1.1)
POST /session/7f7237f6b7b416b55350c5691275deb2/element HTTP/1.1
User-Agent: selenium/4.4.0 (java windows)
Content-Length: 166
Content-Type: application/json; charset=utf-8
host: localhost:53550
accept: */*

Response DefaultHttpResponse(decodeResult: success, version: HTTP/1.1)
HTTP/1.1 404 Not Found
Content-Type: application/json; charset=utf-8
cache-control: no-cache
content-length: 1104

14:13:10.407 [AsyncHttpClient-1-8] DEBUG o.a.netty.channel.ChannelManager - Adding key: http://localhost:53550 for channel [id: 0xa6657862, L:/127.0.0.1:64395 - R:localhost/127.0.0.1:53550]
14:13:10.407 [AsyncHttpClient-1-8] TRACE i.n.handler.logging.LoggingHandler - [id: 0xa6657862, L:/127.0.0.1:64395 - R:localhost/127.0.0.1:53550] READ COMPLETE
14:13:10.682 [AsyncHttpClient-1-1] DEBUG o.a.netty.channel.DefaultChannelPool - Entry count for : http://localhost:53550 : 1
14:13:10.682 [AsyncHttpClient-1-1] DEBUG o.a.netty.channel.DefaultChannelPool - Entry count for : http://localhost:64396 : 1
14:13:10.913 [Forwarding findElement on session 7f7237f6b7b416b55350c5691275deb2 to remote] DEBUG o.a.netty.request.NettyRequestSender - Using pooled Channel '[id: 0xa6657862, L:/127.0.0.1:64395 - R:localhost/127.0.0.1:53550]' for 'POST' to 'http://localhost:53550/session/7f7237f6b7b416b55350c5691275deb2/element'
14:13:10.913 [Forwarding findElement on session 7f7237f6b7b416b55350c5691275deb2 to remote] DEBUG o.a.netty.request.NettyRequestSender - Using open Channel [id: 0xa6657862, L:/127.0.0.1:64395 - R:localhost/127.0.0.1:53550] for POST '/session/7f7237f6b7b416b55350c5691275deb2/element'
14:13:10.913 [AsyncHttpClient-1-8] TRACE i.n.handler.logging.LoggingHandler - [id: 0xa6657862, L:/127.0.0.1:64395 - R:localhost/127.0.0.1:53550] WRITE: 214B
         +-------------------------------------------------+
         |  0  1  2  3  4  5  6  7  8  9  a  b  c  d  e  f |
+--------+-------------------------------------------------+----------------+
|00000000| 50 4f 53 54 20 2f 73 65 73 73 69 6f 6e 2f 37 66 |POST /session/7f|
|00000010| 37 32 33 37 66 36 62 37 62 34 31 36 62 35 35 33 |7237f6b7b416b553|
|00000020| 35 30 63 35 36 39 31 32 37 35 64 65 62 32 2f 65 |50c5691275deb2/e|
|00000030| 6c 65 6d 65 6e 74 20 48 54 54 50 2f 31 2e 31 0d |lement HTTP/1.1.|
|00000040| 0a 55 73 65 72 2d 41 67 65 6e 74 3a 20 73 65 6c |.User-Agent: sel|
|00000050| 65 6e 69 75 6d 2f 34 2e 34 2e 30 20 28 6a 61 76 |enium/4.4.0 (jav|
|00000060| 61 20 77 69 6e 64 6f 77 73 29 0d 0a 43 6f 6e 74 |a windows)..Cont|
|00000070| 65 6e 74 2d 4c 65 6e 67 74 68 3a 20 31 36 36 0d |ent-Length: 166.|
|00000080| 0a 43 6f 6e 74 65 6e 74 2d 54 79 70 65 3a 20 61 |.Content-Type: a|
|00000090| 70 70 6c 69 63 61 74 69 6f 6e 2f 6a 73 6f 6e 3b |pplication/json;|
|000000a0| 20 63 68 61 72 73 65 74 3d 75 74 66 2d 38 0d 0a | charset=utf-8..|
|000000b0| 68 6f 73 74 3a 20 6c 6f 63 61 6c 68 6f 73 74 3a |host: localhost:|
|000000c0| 35 33 35 35 30 0d 0a 61 63 63 65 70 74 3a 20 2a |53550..accept: *|
|000000d0| 2f 2a 0d 0a 0d 0a                               |/*....          |
+--------+-------------------------------------------------+----------------+
14:13:10.914 [AsyncHttpClient-1-8] TRACE i.n.handler.logging.LoggingHandler - [id: 0xa6657862, L:/127.0.0.1:64395 - R:localhost/127.0.0.1:53550] WRITE: 166B
         +-------------------------------------------------+
         |  0  1  2  3  4  5  6  7  8  9  a  b  c  d  e  f |
+--------+-------------------------------------------------+----------------+
|00000000| 7b 0a 20 20 22 75 73 69 6e 67 22 3a 20 22 78 70 |{.  "using": "xp|
|00000010| 61 74 68 22 2c 0a 20 20 22 76 61 6c 75 65 22 3a |ath",.  "value":|
|00000020| 20 22 5c 75 30 30 32 66 5c 75 30 30 32 66 64 69 | "\u002f\u002fdi|
|00000030| 76 5b 63 6f 6e 74 61 69 6e 73 28 40 63 6c 61 73 |v[contains(@clas|
|00000040| 73 2c 27 69 74 65 6d 2d 2d 61 63 74 69 76 65 27 |s,'item--active'|
|00000050| 29 5d 5c 75 30 30 32 66 5c 75 30 30 32 66 75 6c |)]\u002f\u002ful|
|00000060| 5b 63 6f 6e 74 61 69 6e 73 28 40 63 6c 61 73 73 |[contains(@class|
|00000070| 2c 20 27 6d 65 6e 75 2d 62 75 72 67 65 72 5f 5f |, 'menu-burger__|
|00000080| 73 65 74 27 29 5d 5c 75 30 30 32 66 5c 75 30 30 |set')]\u002f\u00|
|00000090| 32 66 61 5b 2e 3d 27 d0 91 d1 80 d1 8e d0 ba d0 |2fa[.='.........|
|000000a0| b8 27 5d 22 0a 7d                               |.']".}          |
+--------+-------------------------------------------------+----------------+
14:13:10.914 [AsyncHttpClient-1-8] TRACE i.n.handler.logging.LoggingHandler - [id: 0xa6657862, L:/127.0.0.1:64395 - R:localhost/127.0.0.1:53550] FLUSH
14:13:10.914 [AsyncHttpClient-1-8] TRACE i.n.handler.logging.LoggingHandler - [id: 0xa6657862, L:/127.0.0.1:64395 - R:localhost/127.0.0.1:53550] WRITE: 0B
14:13:10.914 [AsyncHttpClient-1-8] TRACE i.n.handler.logging.LoggingHandler - [id: 0xa6657862, L:/127.0.0.1:64395 - R:localhost/127.0.0.1:53550] FLUSH
14:13:10.938 [AsyncHttpClient-1-8] TRACE i.n.handler.logging.LoggingHandler - [id: 0xa6657862, L:/127.0.0.1:64395 - R:localhost/127.0.0.1:53550] READ: 1221B
         +-------------------------------------------------+
         |  0  1  2  3  4  5  6  7  8  9  a  b  c  d  e  f |
+--------+-------------------------------------------------+----------------+
|00000000| 48 54 54 50 2f 31 2e 31 20 34 30 34 20 4e 6f 74 |HTTP/1.1 404 Not|
|00000010| 20 46 6f 75 6e 64 0d 0a 43 6f 6e 74 65 6e 74 2d | Found..Content-|
|00000020| 4c 65 6e 67 74 68 3a 31 31 30 34 0d 0a 43 6f 6e |Length:1104..Con|
|00000030| 74 65 6e 74 2d 54 79 70 65 3a 61 70 70 6c 69 63 |tent-Type:applic|
|00000040| 61 74 69 6f 6e 2f 6a 73 6f 6e 3b 20 63 68 61 72 |ation/json; char|
|00000050| 73 65 74 3d 75 74 66 2d 38 0d 0a 63 61 63 68 65 |set=utf-8..cache|
|00000060| 2d 63 6f 6e 74 72 6f 6c 3a 6e 6f 2d 63 61 63 68 |-control:no-cach|
|00000070| 65 0d 0a 0d 0a 7b 22 76 61 6c 75 65 22 3a 7b 22 |e....{"value":{"|
|00000080| 65 72 72 6f 72 22 3a 22 6e 6f 20 73 75 63 68 20 |error":"no such |
|00000090| 65 6c 65 6d 65 6e 74 22 2c 22 6d 65 73 73 61 67 |element","messag|
|000000a0| 65 22 3a 22 6e 6f 20 73 75 63 68 20 65 6c 65 6d |e":"no such elem|
|000000b0| 65 6e 74 3a 20 55 6e 61 62 6c 65 20 74 6f 20 6c |ent: Unable to l|
|000000c0| 6f 63 61 74 65 20 65 6c 65 6d 65 6e 74 3a 20 7b |ocate element: {|
|000000d0| 5c 22 6d 65 74 68 6f 64 5c 22 3a 5c 22 78 70 61 |\"method\":\"xpa|
|000000e0| 74 68 5c 22 2c 5c 22 73 65 6c 65 63 74 6f 72 5c |th\",\"selector\|
|000000f0| 22 3a 5c 22 2f 2f 64 69 76 5b 63 6f 6e 74 61 69 |":\"//div[contai|
|00000100| 6e 73 28 40 63 6c 61 73 73 2c 27 69 74 65 6d 2d |ns(@class,'item-|
|00000110| 2d 61 63 74 69 76 65 27 29 5d 2f 2f 75 6c 5b 63 |-active')]//ul[c|
|00000120| 6f 6e 74 61 69 6e 73 28 40 63 6c 61 73 73 2c 20 |ontains(@class, |
|00000130| 27 6d 65 6e 75 2d 62 75 72 67 65 72 5f 5f 73 65 |'menu-burger__se|
|00000140| 74 27 29 5d 2f 2f 61 5b 2e 3d 27 d0 91 d1 80 d1 |t')]//a[.='.....|
|00000150| 8e d0 ba d0 b8 27 5d 5c 22 7d 5c 6e 20 20 28 53 |.....']\"}\n  (S|
|00000160| 65 73 73 69 6f 6e 20 69 6e 66 6f 3a 20 63 68 72 |ession info: chr|
|00000170| 6f 6d 65 3d 31 30 35 2e 30 2e 35 31 39 35 2e 31 |ome=105.0.5195.1|
|00000180| 32 37 29 22 2c 22 73 74 61 63 6b 74 72 61 63 65 |27)","stacktrace|
|00000190| 22 3a 22 42 61 63 6b 74 72 61 63 65 3a 5c 6e 5c |":"Backtrace:\n\|
|000001a0| 74 4f 72 64 69 6e 61 6c 30 20 5b 30 78 30 30 39 |tOrdinal0 [0x009|
|000001b0| 33 44 46 31 33 2b 32 32 31 39 37 39 35 5d 5c 6e |3DF13+2219795]\n|
|000001c0| 5c 74 4f 72 64 69 6e 61 6c 30 20 5b 30 78 30 30 |\tOrdinal0 [0x00|
|000001d0| 38 44 32 38 34 31 2b 31 37 37 39 37 37 37 5d 5c |8D2841+1779777]\|
|000001e0| 6e 5c 74 4f 72 64 69 6e 61 6c 30 20 5b 30 78 30 |n\tOrdinal0 [0x0|
|000001f0| 30 37 45 34 32 33 44 2b 38 30 33 33 38 39 5d 5c |07E423D+803389]\|
|00000200| 6e 5c 74 4f 72 64 69 6e 61 6c 30 20 5b 30 78 30 |n\tOrdinal0 [0x0|
|00000210| 30 38 31 33 30 32 35 2b 39 39 35 33 36 35 5d 5c |0813025+995365]\|
|00000220| 6e 5c 74 4f 72 64 69 6e 61 6c 30 20 5b 30 78 30 |n\tOrdinal0 [0x0|
|00000230| 30 38 31 33 31 45 42 2b 39 39 35 38 31 39 5d 5c |08131EB+995819]\|
|00000240| 6e 5c 74 4f 72 64 69 6e 61 6c 30 20 5b 30 78 30 |n\tOrdinal0 [0x0|
|00000250| 30 38 34 30 46 35 32 2b 31 31 38 33 35 37 30 5d |0840F52+1183570]|
|00000260| 5c 6e 5c 74 4f 72 64 69 6e 61 6c 30 20 5b 30 78 |\n\tOrdinal0 [0x|
|00000270| 30 30 38 32 45 38 34 34 2b 31 31 30 38 30 33 36 |0082E844+1108036|
|00000280| 5d 5c 6e 5c 74 4f 72 64 69 6e 61 6c 30 20 5b 30 |]\n\tOrdinal0 [0|
|00000290| 78 30 30 38 33 46 31 39 32 2b 31 31 37 35 39 35 |x0083F192+117595|
|000002a0| 34 5d 5c 6e 5c 74 4f 72 64 69 6e 61 6c 30 20 5b |4]\n\tOrdinal0 [|
|000002b0| 30 78 30 30 38 32 45 36 31 36 2b 31 31 30 37 34 |0x0082E616+11074|
|000002c0| 37 38 5d 5c 6e 5c 74 4f 72 64 69 6e 61 6c 30 20 |78]\n\tOrdinal0 |
|000002d0| 5b 30 78 30 30 38 30 37 46 38 39 2b 39 35 30 31 |[0x00807F89+9501|
|000002e0| 35 33 5d 5c 6e 5c 74 4f 72 64 69 6e 61 6c 30 20 |53]\n\tOrdinal0 |
|000002f0| 5b 30 78 30 30 38 30 38 46 35 36 2b 39 35 34 31 |[0x00808F56+9541|
|00000300| 39 38 5d 5c 6e 5c 74 47 65 74 48 61 6e 64 6c 65 |98]\n\tGetHandle|
|00000310| 56 65 72 69 66 69 65 72 20 5b 30 78 30 30 43 33 |Verifier [0x00C3|
|00000320| 32 43 42 32 2b 33 30 34 30 32 31 30 5d 5c 6e 5c |2CB2+3040210]\n\|
|00000330| 74 47 65 74 48 61 6e 64 6c 65 56 65 72 69 66 69 |tGetHandleVerifi|
|00000340| 65 72 20 5b 30 78 30 30 43 32 32 42 42 34 2b 32 |er [0x00C22BB4+2|
|00000350| 39 37 34 34 32 30 5d 5c 6e 5c 74 47 65 74 48 61 |974420]\n\tGetHa|
|00000360| 6e 64 6c 65 56 65 72 69 66 69 65 72 20 5b 30 78 |ndleVerifier [0x|
|00000370| 30 30 39 44 36 41 30 41 2b 35 36 35 35 34 36 5d |009D6A0A+565546]|
|00000380| 5c 6e 5c 74 47 65 74 48 61 6e 64 6c 65 56 65 72 |\n\tGetHandleVer|
|00000390| 69 66 69 65 72 20 5b 30 78 30 30 39 44 35 36 38 |ifier [0x009D568|
|000003a0| 30 2b 35 36 30 35 34 34 5d 5c 6e 5c 74 4f 72 64 |0+560544]\n\tOrd|
|000003b0| 69 6e 61 6c 30 20 5b 30 78 30 30 38 44 39 41 35 |inal0 [0x008D9A5|
|000003c0| 43 2b 31 38 30 38 39 38 38 5d 5c 6e 5c 74 4f 72 |C+1808988]\n\tOr|
|000003d0| 64 69 6e 61 6c 30 20 5b 30 78 30 30 38 44 45 33 |dinal0 [0x008DE3|
|000003e0| 41 38 2b 31 38 32 37 37 35 32 5d 5c 6e 5c 74 4f |A8+1827752]\n\tO|
|000003f0| 72 64 69 6e 61 6c 30 20 5b 30 78 30 30 38 44 45 |rdinal0 [0x008DE|
|00000400| 34 39 35 2b 31 38 32 37 39 38 39 5d 5c 6e 5c 74 |495+1827989]\n\t|
|00000410| 4f 72 64 69 6e 61 6c 30 20 5b 30 78 30 30 38 45 |Ordinal0 [0x008E|
|00000420| 38 30 41 34 2b 31 38 36 37 39 34 30 5d 5c 6e 5c |80A4+1867940]\n\|
|00000430| 74 42 61 73 65 54 68 72 65 61 64 49 6e 69 74 54 |tBaseThreadInitT|
|00000440| 68 75 6e 6b 20 5b 30 78 37 35 34 37 46 41 32 39 |hunk [0x7547FA29|
|00000450| 2b 32 35 5d 5c 6e 5c 74 52 74 6c 47 65 74 41 70 |+25]\n\tRtlGetAp|
|00000460| 70 43 6f 6e 74 61 69 6e 65 72 4e 61 6d 65 64 4f |pContainerNamedO|
|00000470| 62 6a 65 63 74 50 61 74 68 20 5b 30 78 37 37 32 |bjectPath [0x772|
|00000480| 38 37 42 35 45 2b 32 38 36 5d 5c 6e 5c 74 52 74 |87B5E+286]\n\tRt|
|00000490| 6c 47 65 74 41 70 70 43 6f 6e 74 61 69 6e 65 72 |lGetAppContainer|
|000004a0| 4e 61 6d 65 64 4f 62 6a 65 63 74 50 61 74 68 20 |NamedObjectPath |
|000004b0| 5b 30 78 37 37 32 38 37 42 32 45 2b 32 33 38 5d |[0x77287B2E+238]|
|000004c0| 5c 6e 22 7d 7d                                  |\n"}}           |
+--------+-------------------------------------------------+----------------+
14:13:10.938 [AsyncHttpClient-1-8] DEBUG o.a.netty.handler.HttpHandler - 

Request DefaultHttpRequest(decodeResult: success, version: HTTP/1.1)
POST /session/7f7237f6b7b416b55350c5691275deb2/element HTTP/1.1
User-Agent: selenium/4.4.0 (java windows)
Content-Length: 166
Content-Type: application/json; charset=utf-8
host: localhost:53550
accept: */*

Response DefaultHttpResponse(decodeResult: success, version: HTTP/1.1)
HTTP/1.1 404 Not Found
Content-Type: application/json; charset=utf-8
cache-control: no-cache
content-length: 1104

14:13:10.939 [AsyncHttpClient-1-8] DEBUG o.a.netty.channel.ChannelManager - Adding key: http://localhost:53550 for channel [id: 0xa6657862, L:/127.0.0.1:64395 - R:localhost/127.0.0.1:53550]
14:13:10.939 [AsyncHttpClient-1-8] TRACE i.n.handler.logging.LoggingHandler - [id: 0xa6657862, L:/127.0.0.1:64395 - R:localhost/127.0.0.1:53550] READ COMPLETE
14:13:11.464 [Forwarding findElement on session 7f7237f6b7b416b55350c5691275deb2 to remote] DEBUG o.a.netty.request.NettyRequestSender - Using pooled Channel '[id: 0xa6657862, L:/127.0.0.1:64395 - R:localhost/127.0.0.1:53550]' for 'POST' to 'http://localhost:53550/session/7f7237f6b7b416b55350c5691275deb2/element'
14:13:11.464 [Forwarding findElement on session 7f7237f6b7b416b55350c5691275deb2 to remote] DEBUG o.a.netty.request.NettyRequestSender - Using open Channel [id: 0xa6657862, L:/127.0.0.1:64395 - R:localhost/127.0.0.1:53550] for POST '/session/7f7237f6b7b416b55350c5691275deb2/element'
14:13:11.464 [AsyncHttpClient-1-8] TRACE i.n.handler.logging.LoggingHandler - [id: 0xa6657862, L:/127.0.0.1:64395 - R:localhost/127.0.0.1:53550] WRITE: 214B
         +-------------------------------------------------+
         |  0  1  2  3  4  5  6  7  8  9  a  b  c  d  e  f |
+--------+-------------------------------------------------+----------------+
|00000000| 50 4f 53 54 20 2f 73 65 73 73 69 6f 6e 2f 37 66 |POST /session/7f|
|00000010| 37 32 33 37 66 36 62 37 62 34 31 36 62 35 35 33 |7237f6b7b416b553|
|00000020| 35 30 63 35 36 39 31 32 37 35 64 65 62 32 2f 65 |50c5691275deb2/e|
|00000030| 6c 65 6d 65 6e 74 20 48 54 54 50 2f 31 2e 31 0d |lement HTTP/1.1.|
|00000040| 0a 55 73 65 72 2d 41 67 65 6e 74 3a 20 73 65 6c |.User-Agent: sel|
|00000050| 65 6e 69 75 6d 2f 34 2e 34 2e 30 20 28 6a 61 76 |enium/4.4.0 (jav|
|00000060| 61 20 77 69 6e 64 6f 77 73 29 0d 0a 43 6f 6e 74 |a windows)..Cont|
|00000070| 65 6e 74 2d 4c 65 6e 67 74 68 3a 20 31 36 36 0d |ent-Length: 166.|
|00000080| 0a 43 6f 6e 74 65 6e 74 2d 54 79 70 65 3a 20 61 |.Content-Type: a|
|00000090| 70 70 6c 69 63 61 74 69 6f 6e 2f 6a 73 6f 6e 3b |pplication/json;|
|000000a0| 20 63 68 61 72 73 65 74 3d 75 74 66 2d 38 0d 0a | charset=utf-8..|
|000000b0| 68 6f 73 74 3a 20 6c 6f 63 61 6c 68 6f 73 74 3a |host: localhost:|
|000000c0| 35 33 35 35 30 0d 0a 61 63 63 65 70 74 3a 20 2a |53550..accept: *|
|000000d0| 2f 2a 0d 0a 0d 0a                               |/*....          |
+--------+-------------------------------------------------+----------------+
14:13:11.465 [AsyncHttpClient-1-8] TRACE i.n.handler.logging.LoggingHandler - [id: 0xa6657862, L:/127.0.0.1:64395 - R:localhost/127.0.0.1:53550] WRITE: 166B
         +-------------------------------------------------+
         |  0  1  2  3  4  5  6  7  8  9  a  b  c  d  e  f |
+--------+-------------------------------------------------+----------------+
|00000000| 7b 0a 20 20 22 75 73 69 6e 67 22 3a 20 22 78 70 |{.  "using": "xp|
|00000010| 61 74 68 22 2c 0a 20 20 22 76 61 6c 75 65 22 3a |ath",.  "value":|
|00000020| 20 22 5c 75 30 30 32 66 5c 75 30 30 32 66 64 69 | "\u002f\u002fdi|
|00000030| 76 5b 63 6f 6e 74 61 69 6e 73 28 40 63 6c 61 73 |v[contains(@clas|
|00000040| 73 2c 27 69 74 65 6d 2d 2d 61 63 74 69 76 65 27 |s,'item--active'|
|00000050| 29 5d 5c 75 30 30 32 66 5c 75 30 30 32 66 75 6c |)]\u002f\u002ful|
|00000060| 5b 63 6f 6e 74 61 69 6e 73 28 40 63 6c 61 73 73 |[contains(@class|
|00000070| 2c 20 27 6d 65 6e 75 2d 62 75 72 67 65 72 5f 5f |, 'menu-burger__|
|00000080| 73 65 74 27 29 5d 5c 75 30 30 32 66 5c 75 30 30 |set')]\u002f\u00|
|00000090| 32 66 61 5b 2e 3d 27 d0 91 d1 80 d1 8e d0 ba d0 |2fa[.='.........|
|000000a0| b8 27 5d 22 0a 7d                               |.']".}          |
+--------+-------------------------------------------------+----------------+
14:13:11.465 [AsyncHttpClient-1-8] TRACE i.n.handler.logging.LoggingHandler - [id: 0xa6657862, L:/127.0.0.1:64395 - R:localhost/127.0.0.1:53550] FLUSH
14:13:11.465 [AsyncHttpClient-1-8] TRACE i.n.handler.logging.LoggingHandler - [id: 0xa6657862, L:/127.0.0.1:64395 - R:localhost/127.0.0.1:53550] WRITE: 0B
14:13:11.465 [AsyncHttpClient-1-8] TRACE i.n.handler.logging.LoggingHandler - [id: 0xa6657862, L:/127.0.0.1:64395 - R:localhost/127.0.0.1:53550] FLUSH
14:13:11.481 [AsyncHttpClient-1-8] TRACE i.n.handler.logging.LoggingHandler - [id: 0xa6657862, L:/127.0.0.1:64395 - R:localhost/127.0.0.1:53550] READ: 1221B
         +-------------------------------------------------+
         |  0  1  2  3  4  5  6  7  8  9  a  b  c  d  e  f |
+--------+-------------------------------------------------+----------------+
|00000000| 48 54 54 50 2f 31 2e 31 20 34 30 34 20 4e 6f 74 |HTTP/1.1 404 Not|
|00000010| 20 46 6f 75 6e 64 0d 0a 43 6f 6e 74 65 6e 74 2d | Found..Content-|
|00000020| 4c 65 6e 67 74 68 3a 31 31 30 34 0d 0a 43 6f 6e |Length:1104..Con|
|00000030| 74 65 6e 74 2d 54 79 70 65 3a 61 70 70 6c 69 63 |tent-Type:applic|
|00000040| 61 74 69 6f 6e 2f 6a 73 6f 6e 3b 20 63 68 61 72 |ation/json; char|
|00000050| 73 65 74 3d 75 74 66 2d 38 0d 0a 63 61 63 68 65 |set=utf-8..cache|
|00000060| 2d 63 6f 6e 74 72 6f 6c 3a 6e 6f 2d 63 61 63 68 |-control:no-cach|
|00000070| 65 0d 0a 0d 0a 7b 22 76 61 6c 75 65 22 3a 7b 22 |e....{"value":{"|
|00000080| 65 72 72 6f 72 22 3a 22 6e 6f 20 73 75 63 68 20 |error":"no such |
|00000090| 65 6c 65 6d 65 6e 74 22 2c 22 6d 65 73 73 61 67 |element","messag|
|000000a0| 65 22 3a 22 6e 6f 20 73 75 63 68 20 65 6c 65 6d |e":"no such elem|
|000000b0| 65 6e 74 3a 20 55 6e 61 62 6c 65 20 74 6f 20 6c |ent: Unable to l|
|000000c0| 6f 63 61 74 65 20 65 6c 65 6d 65 6e 74 3a 20 7b |ocate element: {|
|000000d0| 5c 22 6d 65 74 68 6f 64 5c 22 3a 5c 22 78 70 61 |\"method\":\"xpa|
|000000e0| 74 68 5c 22 2c 5c 22 73 65 6c 65 63 74 6f 72 5c |th\",\"selector\|
|000000f0| 22 3a 5c 22 2f 2f 64 69 76 5b 63 6f 6e 74 61 69 |":\"//div[contai|
|00000100| 6e 73 28 40 63 6c 61 73 73 2c 27 69 74 65 6d 2d |ns(@class,'item-|
|00000110| 2d 61 63 74 69 76 65 27 29 5d 2f 2f 75 6c 5b 63 |-active')]//ul[c|
|00000120| 6f 6e 74 61 69 6e 73 28 40 63 6c 61 73 73 2c 20 |ontains(@class, |
|00000130| 27 6d 65 6e 75 2d 62 75 72 67 65 72 5f 5f 73 65 |'menu-burger__se|
|00000140| 74 27 29 5d 2f 2f 61 5b 2e 3d 27 d0 91 d1 80 d1 |t')]//a[.='.....|
|00000150| 8e d0 ba d0 b8 27 5d 5c 22 7d 5c 6e 20 20 28 53 |.....']\"}\n  (S|
|00000160| 65 73 73 69 6f 6e 20 69 6e 66 6f 3a 20 63 68 72 |ession info: chr|
|00000170| 6f 6d 65 3d 31 30 35 2e 30 2e 35 31 39 35 2e 31 |ome=105.0.5195.1|
|00000180| 32 37 29 22 2c 22 73 74 61 63 6b 74 72 61 63 65 |27)","stacktrace|
|00000190| 22 3a 22 42 61 63 6b 74 72 61 63 65 3a 5c 6e 5c |":"Backtrace:\n\|
|000001a0| 74 4f 72 64 69 6e 61 6c 30 20 5b 30 78 30 30 39 |tOrdinal0 [0x009|
|000001b0| 33 44 46 31 33 2b 32 32 31 39 37 39 35 5d 5c 6e |3DF13+2219795]\n|
|000001c0| 5c 74 4f 72 64 69 6e 61 6c 30 20 5b 30 78 30 30 |\tOrdinal0 [0x00|
|000001d0| 38 44 32 38 34 31 2b 31 37 37 39 37 37 37 5d 5c |8D2841+1779777]\|
|000001e0| 6e 5c 74 4f 72 64 69 6e 61 6c 30 20 5b 30 78 30 |n\tOrdinal0 [0x0|
|000001f0| 30 37 45 34 32 33 44 2b 38 30 33 33 38 39 5d 5c |07E423D+803389]\|
|00000200| 6e 5c 74 4f 72 64 69 6e 61 6c 30 20 5b 30 78 30 |n\tOrdinal0 [0x0|
|00000210| 30 38 31 33 30 32 35 2b 39 39 35 33 36 35 5d 5c |0813025+995365]\|
|00000220| 6e 5c 74 4f 72 64 69 6e 61 6c 30 20 5b 30 78 30 |n\tOrdinal0 [0x0|
|00000230| 30 38 31 33 31 45 42 2b 39 39 35 38 31 39 5d 5c |08131EB+995819]\|
|00000240| 6e 5c 74 4f 72 64 69 6e 61 6c 30 20 5b 30 78 30 |n\tOrdinal0 [0x0|
|00000250| 30 38 34 30 46 35 32 2b 31 31 38 33 35 37 30 5d |0840F52+1183570]|
|00000260| 5c 6e 5c 74 4f 72 64 69 6e 61 6c 30 20 5b 30 78 |\n\tOrdinal0 [0x|
|00000270| 30 30 38 32 45 38 34 34 2b 31 31 30 38 30 33 36 |0082E844+1108036|
|00000280| 5d 5c 6e 5c 74 4f 72 64 69 6e 61 6c 30 20 5b 30 |]\n\tOrdinal0 [0|
|00000290| 78 30 30 38 33 46 31 39 32 2b 31 31 37 35 39 35 |x0083F192+117595|
|000002a0| 34 5d 5c 6e 5c 74 4f 72 64 69 6e 61 6c 30 20 5b |4]\n\tOrdinal0 [|
|000002b0| 30 78 30 30 38 32 45 36 31 36 2b 31 31 30 37 34 |0x0082E616+11074|
|000002c0| 37 38 5d 5c 6e 5c 74 4f 72 64 69 6e 61 6c 30 20 |78]\n\tOrdinal0 |
|000002d0| 5b 30 78 30 30 38 30 37 46 38 39 2b 39 35 30 31 |[0x00807F89+9501|
|000002e0| 35 33 5d 5c 6e 5c 74 4f 72 64 69 6e 61 6c 30 20 |53]\n\tOrdinal0 |
|000002f0| 5b 30 78 30 30 38 30 38 46 35 36 2b 39 35 34 31 |[0x00808F56+9541|
|00000300| 39 38 5d 5c 6e 5c 74 47 65 74 48 61 6e 64 6c 65 |98]\n\tGetHandle|
|00000310| 56 65 72 69 66 69 65 72 20 5b 30 78 30 30 43 33 |Verifier [0x00C3|
|00000320| 32 43 42 32 2b 33 30 34 30 32 31 30 5d 5c 6e 5c |2CB2+3040210]\n\|
|00000330| 74 47 65 74 48 61 6e 64 6c 65 56 65 72 69 66 69 |tGetHandleVerifi|
|00000340| 65 72 20 5b 30 78 30 30 43 32 32 42 42 34 2b 32 |er [0x00C22BB4+2|
|00000350| 39 37 34 34 32 30 5d 5c 6e 5c 74 47 65 74 48 61 |974420]\n\tGetHa|
|00000360| 6e 64 6c 65 56 65 72 69 66 69 65 72 20 5b 30 78 |ndleVerifier [0x|
|00000370| 30 30 39 44 36 41 30 41 2b 35 36 35 35 34 36 5d |009D6A0A+565546]|
|00000380| 5c 6e 5c 74 47 65 74 48 61 6e 64 6c 65 56 65 72 |\n\tGetHandleVer|
|00000390| 69 66 69 65 72 20 5b 30 78 30 30 39 44 35 36 38 |ifier [0x009D568|
|000003a0| 30 2b 35 36 30 35 34 34 5d 5c 6e 5c 74 4f 72 64 |0+560544]\n\tOrd|
|000003b0| 69 6e 61 6c 30 20 5b 30 78 30 30 38 44 39 41 35 |inal0 [0x008D9A5|
|000003c0| 43 2b 31 38 30 38 39 38 38 5d 5c 6e 5c 74 4f 72 |C+1808988]\n\tOr|
|000003d0| 64 69 6e 61 6c 30 20 5b 30 78 30 30 38 44 45 33 |dinal0 [0x008DE3|
|000003e0| 41 38 2b 31 38 32 37 37 35 32 5d 5c 6e 5c 74 4f |A8+1827752]\n\tO|
|000003f0| 72 64 69 6e 61 6c 30 20 5b 30 78 30 30 38 44 45 |rdinal0 [0x008DE|
|00000400| 34 39 35 2b 31 38 32 37 39 38 39 5d 5c 6e 5c 74 |495+1827989]\n\t|
|00000410| 4f 72 64 69 6e 61 6c 30 20 5b 30 78 30 30 38 45 |Ordinal0 [0x008E|
|00000420| 38 30 41 34 2b 31 38 36 37 39 34 30 5d 5c 6e 5c |80A4+1867940]\n\|
|00000430| 74 42 61 73 65 54 68 72 65 61 64 49 6e 69 74 54 |tBaseThreadInitT|
|00000440| 68 75 6e 6b 20 5b 30 78 37 35 34 37 46 41 32 39 |hunk [0x7547FA29|
|00000450| 2b 32 35 5d 5c 6e 5c 74 52 74 6c 47 65 74 41 70 |+25]\n\tRtlGetAp|
|00000460| 70 43 6f 6e 74 61 69 6e 65 72 4e 61 6d 65 64 4f |pContainerNamedO|
|00000470| 62 6a 65 63 74 50 61 74 68 20 5b 30 78 37 37 32 |bjectPath [0x772|
|00000480| 38 37 42 35 45 2b 32 38 36 5d 5c 6e 5c 74 52 74 |87B5E+286]\n\tRt|
|00000490| 6c 47 65 74 41 70 70 43 6f 6e 74 61 69 6e 65 72 |lGetAppContainer|
|000004a0| 4e 61 6d 65 64 4f 62 6a 65 63 74 50 61 74 68 20 |NamedObjectPath |
|000004b0| 5b 30 78 37 37 32 38 37 42 32 45 2b 32 33 38 5d |[0x77287B2E+238]|
|000004c0| 5c 6e 22 7d 7d                                  |\n"}}           |
+--------+-------------------------------------------------+----------------+
14:13:11.481 [AsyncHttpClient-1-8] DEBUG o.a.netty.handler.HttpHandler - 

Request DefaultHttpRequest(decodeResult: success, version: HTTP/1.1)
POST /session/7f7237f6b7b416b55350c5691275deb2/element HTTP/1.1
User-Agent: selenium/4.4.0 (java windows)
Content-Length: 166
Content-Type: application/json; charset=utf-8
host: localhost:53550
accept: */*

Response DefaultHttpResponse(decodeResult: success, version: HTTP/1.1)
HTTP/1.1 404 Not Found
Content-Type: application/json; charset=utf-8
cache-control: no-cache
content-length: 1104

14:13:11.482 [AsyncHttpClient-1-8] DEBUG o.a.netty.channel.ChannelManager - Adding key: http://localhost:53550 for channel [id: 0xa6657862, L:/127.0.0.1:64395 - R:localhost/127.0.0.1:53550]
14:13:11.482 [AsyncHttpClient-1-8] TRACE i.n.handler.logging.LoggingHandler - [id: 0xa6657862, L:/127.0.0.1:64395 - R:localhost/127.0.0.1:53550] READ COMPLETE
14:13:11.783 [AsyncHttpClient-1-1] DEBUG o.a.netty.channel.DefaultChannelPool - Entry count for : http://localhost:53550 : 1
14:13:11.783 [AsyncHttpClient-1-1] DEBUG o.a.netty.channel.DefaultChannelPool - Entry count for : http://localhost:64396 : 1
14:13:11.987 [Forwarding findElement on session 7f7237f6b7b416b55350c5691275deb2 to remote] DEBUG o.a.netty.request.NettyRequestSender - Using pooled Channel '[id: 0xa6657862, L:/127.0.0.1:64395 - R:localhost/127.0.0.1:53550]' for 'POST' to 'http://localhost:53550/session/7f7237f6b7b416b55350c5691275deb2/element'
14:13:11.987 [Forwarding findElement on session 7f7237f6b7b416b55350c5691275deb2 to remote] DEBUG o.a.netty.request.NettyRequestSender - Using open Channel [id: 0xa6657862, L:/127.0.0.1:64395 - R:localhost/127.0.0.1:53550] for POST '/session/7f7237f6b7b416b55350c5691275deb2/element'
14:13:11.988 [AsyncHttpClient-1-8] TRACE i.n.handler.logging.LoggingHandler - [id: 0xa6657862, L:/127.0.0.1:64395 - R:localhost/127.0.0.1:53550] WRITE: 214B
         +-------------------------------------------------+
         |  0  1  2  3  4  5  6  7  8  9  a  b  c  d  e  f |
+--------+-------------------------------------------------+----------------+
|00000000| 50 4f 53 54 20 2f 73 65 73 73 69 6f 6e 2f 37 66 |POST /session/7f|
|00000010| 37 32 33 37 66 36 62 37 62 34 31 36 62 35 35 33 |7237f6b7b416b553|
|00000020| 35 30 63 35 36 39 31 32 37 35 64 65 62 32 2f 65 |50c5691275deb2/e|
|00000030| 6c 65 6d 65 6e 74 20 48 54 54 50 2f 31 2e 31 0d |lement HTTP/1.1.|
|00000040| 0a 55 73 65 72 2d 41 67 65 6e 74 3a 20 73 65 6c |.User-Agent: sel|
|00000050| 65 6e 69 75 6d 2f 34 2e 34 2e 30 20 28 6a 61 76 |enium/4.4.0 (jav|
|00000060| 61 20 77 69 6e 64 6f 77 73 29 0d 0a 43 6f 6e 74 |a windows)..Cont|
|00000070| 65 6e 74 2d 4c 65 6e 67 74 68 3a 20 31 36 36 0d |ent-Length: 166.|
|00000080| 0a 43 6f 6e 74 65 6e 74 2d 54 79 70 65 3a 20 61 |.Content-Type: a|
|00000090| 70 70 6c 69 63 61 74 69 6f 6e 2f 6a 73 6f 6e 3b |pplication/json;|
|000000a0| 20 63 68 61 72 73 65 74 3d 75 74 66 2d 38 0d 0a | charset=utf-8..|
|000000b0| 68 6f 73 74 3a 20 6c 6f 63 61 6c 68 6f 73 74 3a |host: localhost:|
|000000c0| 35 33 35 35 30 0d 0a 61 63 63 65 70 74 3a 20 2a |53550..accept: *|
|000000d0| 2f 2a 0d 0a 0d 0a                               |/*....          |
+--------+-------------------------------------------------+----------------+
14:13:11.988 [AsyncHttpClient-1-8] TRACE i.n.handler.logging.LoggingHandler - [id: 0xa6657862, L:/127.0.0.1:64395 - R:localhost/127.0.0.1:53550] WRITE: 166B
         +-------------------------------------------------+
         |  0  1  2  3  4  5  6  7  8  9  a  b  c  d  e  f |
+--------+-------------------------------------------------+----------------+
|00000000| 7b 0a 20 20 22 75 73 69 6e 67 22 3a 20 22 78 70 |{.  "using": "xp|
|00000010| 61 74 68 22 2c 0a 20 20 22 76 61 6c 75 65 22 3a |ath",.  "value":|
|00000020| 20 22 5c 75 30 30 32 66 5c 75 30 30 32 66 64 69 | "\u002f\u002fdi|
|00000030| 76 5b 63 6f 6e 74 61 69 6e 73 28 40 63 6c 61 73 |v[contains(@clas|
|00000040| 73 2c 27 69 74 65 6d 2d 2d 61 63 74 69 76 65 27 |s,'item--active'|
|00000050| 29 5d 5c 75 30 30 32 66 5c 75 30 30 32 66 75 6c |)]\u002f\u002ful|
|00000060| 5b 63 6f 6e 74 61 69 6e 73 28 40 63 6c 61 73 73 |[contains(@class|
|00000070| 2c 20 27 6d 65 6e 75 2d 62 75 72 67 65 72 5f 5f |, 'menu-burger__|
|00000080| 73 65 74 27 29 5d 5c 75 30 30 32 66 5c 75 30 30 |set')]\u002f\u00|
|00000090| 32 66 61 5b 2e 3d 27 d0 91 d1 80 d1 8e d0 ba d0 |2fa[.='.........|
|000000a0| b8 27 5d 22 0a 7d                               |.']".}          |
+--------+-------------------------------------------------+----------------+
14:13:11.988 [AsyncHttpClient-1-8] TRACE i.n.handler.logging.LoggingHandler - [id: 0xa6657862, L:/127.0.0.1:64395 - R:localhost/127.0.0.1:53550] FLUSH
14:13:11.989 [AsyncHttpClient-1-8] TRACE i.n.handler.logging.LoggingHandler - [id: 0xa6657862, L:/127.0.0.1:64395 - R:localhost/127.0.0.1:53550] WRITE: 0B
14:13:11.989 [AsyncHttpClient-1-8] TRACE i.n.handler.logging.LoggingHandler - [id: 0xa6657862, L:/127.0.0.1:64395 - R:localhost/127.0.0.1:53550] FLUSH
14:13:12.006 [AsyncHttpClient-1-8] TRACE i.n.handler.logging.LoggingHandler - [id: 0xa6657862, L:/127.0.0.1:64395 - R:localhost/127.0.0.1:53550] READ: 1221B
         +-------------------------------------------------+
         |  0  1  2  3  4  5  6  7  8  9  a  b  c  d  e  f |
+--------+-------------------------------------------------+----------------+
|00000000| 48 54 54 50 2f 31 2e 31 20 34 30 34 20 4e 6f 74 |HTTP/1.1 404 Not|
|00000010| 20 46 6f 75 6e 64 0d 0a 43 6f 6e 74 65 6e 74 2d | Found..Content-|
|00000020| 4c 65 6e 67 74 68 3a 31 31 30 34 0d 0a 43 6f 6e |Length:1104..Con|
|00000030| 74 65 6e 74 2d 54 79 70 65 3a 61 70 70 6c 69 63 |tent-Type:applic|
|00000040| 61 74 69 6f 6e 2f 6a 73 6f 6e 3b 20 63 68 61 72 |ation/json; char|
|00000050| 73 65 74 3d 75 74 66 2d 38 0d 0a 63 61 63 68 65 |set=utf-8..cache|
|00000060| 2d 63 6f 6e 74 72 6f 6c 3a 6e 6f 2d 63 61 63 68 |-control:no-cach|
|00000070| 65 0d 0a 0d 0a 7b 22 76 61 6c 75 65 22 3a 7b 22 |e....{"value":{"|
|00000080| 65 72 72 6f 72 22 3a 22 6e 6f 20 73 75 63 68 20 |error":"no such |
|00000090| 65 6c 65 6d 65 6e 74 22 2c 22 6d 65 73 73 61 67 |element","messag|
|000000a0| 65 22 3a 22 6e 6f 20 73 75 63 68 20 65 6c 65 6d |e":"no such elem|
|000000b0| 65 6e 74 3a 20 55 6e 61 62 6c 65 20 74 6f 20 6c |ent: Unable to l|
|000000c0| 6f 63 61 74 65 20 65 6c 65 6d 65 6e 74 3a 20 7b |ocate element: {|
|000000d0| 5c 22 6d 65 74 68 6f 64 5c 22 3a 5c 22 78 70 61 |\"method\":\"xpa|
|000000e0| 74 68 5c 22 2c 5c 22 73 65 6c 65 63 74 6f 72 5c |th\",\"selector\|
|000000f0| 22 3a 5c 22 2f 2f 64 69 76 5b 63 6f 6e 74 61 69 |":\"//div[contai|
|00000100| 6e 73 28 40 63 6c 61 73 73 2c 27 69 74 65 6d 2d |ns(@class,'item-|
|00000110| 2d 61 63 74 69 76 65 27 29 5d 2f 2f 75 6c 5b 63 |-active')]//ul[c|
|00000120| 6f 6e 74 61 69 6e 73 28 40 63 6c 61 73 73 2c 20 |ontains(@class, |
|00000130| 27 6d 65 6e 75 2d 62 75 72 67 65 72 5f 5f 73 65 |'menu-burger__se|
|00000140| 74 27 29 5d 2f 2f 61 5b 2e 3d 27 d0 91 d1 80 d1 |t')]//a[.='.....|
|00000150| 8e d0 ba d0 b8 27 5d 5c 22 7d 5c 6e 20 20 28 53 |.....']\"}\n  (S|
|00000160| 65 73 73 69 6f 6e 20 69 6e 66 6f 3a 20 63 68 72 |ession info: chr|
|00000170| 6f 6d 65 3d 31 30 35 2e 30 2e 35 31 39 35 2e 31 |ome=105.0.5195.1|
|00000180| 32 37 29 22 2c 22 73 74 61 63 6b 74 72 61 63 65 |27)","stacktrace|
|00000190| 22 3a 22 42 61 63 6b 74 72 61 63 65 3a 5c 6e 5c |":"Backtrace:\n\|
|000001a0| 74 4f 72 64 69 6e 61 6c 30 20 5b 30 78 30 30 39 |tOrdinal0 [0x009|
|000001b0| 33 44 46 31 33 2b 32 32 31 39 37 39 35 5d 5c 6e |3DF13+2219795]\n|
|000001c0| 5c 74 4f 72 64 69 6e 61 6c 30 20 5b 30 78 30 30 |\tOrdinal0 [0x00|
|000001d0| 38 44 32 38 34 31 2b 31 37 37 39 37 37 37 5d 5c |8D2841+1779777]\|
|000001e0| 6e 5c 74 4f 72 64 69 6e 61 6c 30 20 5b 30 78 30 |n\tOrdinal0 [0x0|
|000001f0| 30 37 45 34 32 33 44 2b 38 30 33 33 38 39 5d 5c |07E423D+803389]\|
|00000200| 6e 5c 74 4f 72 64 69 6e 61 6c 30 20 5b 30 78 30 |n\tOrdinal0 [0x0|
|00000210| 30 38 31 33 30 32 35 2b 39 39 35 33 36 35 5d 5c |0813025+995365]\|
|00000220| 6e 5c 74 4f 72 64 69 6e 61 6c 30 20 5b 30 78 30 |n\tOrdinal0 [0x0|
|00000230| 30 38 31 33 31 45 42 2b 39 39 35 38 31 39 5d 5c |08131EB+995819]\|
|00000240| 6e 5c 74 4f 72 64 69 6e 61 6c 30 20 5b 30 78 30 |n\tOrdinal0 [0x0|
|00000250| 30 38 34 30 46 35 32 2b 31 31 38 33 35 37 30 5d |0840F52+1183570]|
|00000260| 5c 6e 5c 74 4f 72 64 69 6e 61 6c 30 20 5b 30 78 |\n\tOrdinal0 [0x|
|00000270| 30 30 38 32 45 38 34 34 2b 31 31 30 38 30 33 36 |0082E844+1108036|
|00000280| 5d 5c 6e 5c 74 4f 72 64 69 6e 61 6c 30 20 5b 30 |]\n\tOrdinal0 [0|
|00000290| 78 30 30 38 33 46 31 39 32 2b 31 31 37 35 39 35 |x0083F192+117595|
|000002a0| 34 5d 5c 6e 5c 74 4f 72 64 69 6e 61 6c 30 20 5b |4]\n\tOrdinal0 [|
|000002b0| 30 78 30 30 38 32 45 36 31 36 2b 31 31 30 37 34 |0x0082E616+11074|
|000002c0| 37 38 5d 5c 6e 5c 74 4f 72 64 69 6e 61 6c 30 20 |78]\n\tOrdinal0 |
|000002d0| 5b 30 78 30 30 38 30 37 46 38 39 2b 39 35 30 31 |[0x00807F89+9501|
|000002e0| 35 33 5d 5c 6e 5c 74 4f 72 64 69 6e 61 6c 30 20 |53]\n\tOrdinal0 |
|000002f0| 5b 30 78 30 30 38 30 38 46 35 36 2b 39 35 34 31 |[0x00808F56+9541|
|00000300| 39 38 5d 5c 6e 5c 74 47 65 74 48 61 6e 64 6c 65 |98]\n\tGetHandle|
|00000310| 56 65 72 69 66 69 65 72 20 5b 30 78 30 30 43 33 |Verifier [0x00C3|
|00000320| 32 43 42 32 2b 33 30 34 30 32 31 30 5d 5c 6e 5c |2CB2+3040210]\n\|
|00000330| 74 47 65 74 48 61 6e 64 6c 65 56 65 72 69 66 69 |tGetHandleVerifi|
|00000340| 65 72 20 5b 30 78 30 30 43 32 32 42 42 34 2b 32 |er [0x00C22BB4+2|
|00000350| 39 37 34 34 32 30 5d 5c 6e 5c 74 47 65 74 48 61 |974420]\n\tGetHa|
|00000360| 6e 64 6c 65 56 65 72 69 66 69 65 72 20 5b 30 78 |ndleVerifier [0x|
|00000370| 30 30 39 44 36 41 30 41 2b 35 36 35 35 34 36 5d |009D6A0A+565546]|
|00000380| 5c 6e 5c 74 47 65 74 48 61 6e 64 6c 65 56 65 72 |\n\tGetHandleVer|
|00000390| 69 66 69 65 72 20 5b 30 78 30 30 39 44 35 36 38 |ifier [0x009D568|
|000003a0| 30 2b 35 36 30 35 34 34 5d 5c 6e 5c 74 4f 72 64 |0+560544]\n\tOrd|
|000003b0| 69 6e 61 6c 30 20 5b 30 78 30 30 38 44 39 41 35 |inal0 [0x008D9A5|
|000003c0| 43 2b 31 38 30 38 39 38 38 5d 5c 6e 5c 74 4f 72 |C+1808988]\n\tOr|
|000003d0| 64 69 6e 61 6c 30 20 5b 30 78 30 30 38 44 45 33 |dinal0 [0x008DE3|
|000003e0| 41 38 2b 31 38 32 37 37 35 32 5d 5c 6e 5c 74 4f |A8+1827752]\n\tO|
|000003f0| 72 64 69 6e 61 6c 30 20 5b 30 78 30 30 38 44 45 |rdinal0 [0x008DE|
|00000400| 34 39 35 2b 31 38 32 37 39 38 39 5d 5c 6e 5c 74 |495+1827989]\n\t|
|00000410| 4f 72 64 69 6e 61 6c 30 20 5b 30 78 30 30 38 45 |Ordinal0 [0x008E|
|00000420| 38 30 41 34 2b 31 38 36 37 39 34 30 5d 5c 6e 5c |80A4+1867940]\n\|
|00000430| 74 42 61 73 65 54 68 72 65 61 64 49 6e 69 74 54 |tBaseThreadInitT|
|00000440| 68 75 6e 6b 20 5b 30 78 37 35 34 37 46 41 32 39 |hunk [0x7547FA29|
|00000450| 2b 32 35 5d 5c 6e 5c 74 52 74 6c 47 65 74 41 70 |+25]\n\tRtlGetAp|
|00000460| 70 43 6f 6e 74 61 69 6e 65 72 4e 61 6d 65 64 4f |pContainerNamedO|
|00000470| 62 6a 65 63 74 50 61 74 68 20 5b 30 78 37 37 32 |bjectPath [0x772|
|00000480| 38 37 42 35 45 2b 32 38 36 5d 5c 6e 5c 74 52 74 |87B5E+286]\n\tRt|
|00000490| 6c 47 65 74 41 70 70 43 6f 6e 74 61 69 6e 65 72 |lGetAppContainer|
|000004a0| 4e 61 6d 65 64 4f 62 6a 65 63 74 50 61 74 68 20 |NamedObjectPath |
|000004b0| 5b 30 78 37 37 32 38 37 42 32 45 2b 32 33 38 5d |[0x77287B2E+238]|
|000004c0| 5c 6e 22 7d 7d                                  |\n"}}           |
+--------+-------------------------------------------------+----------------+
14:13:12.006 [AsyncHttpClient-1-8] DEBUG o.a.netty.handler.HttpHandler - 

Request DefaultHttpRequest(decodeResult: success, version: HTTP/1.1)
POST /session/7f7237f6b7b416b55350c5691275deb2/element HTTP/1.1
User-Agent: selenium/4.4.0 (java windows)
Content-Length: 166
Content-Type: application/json; charset=utf-8
host: localhost:53550
accept: */*

Response DefaultHttpResponse(decodeResult: success, version: HTTP/1.1)
HTTP/1.1 404 Not Found
Content-Type: application/json; charset=utf-8
cache-control: no-cache
content-length: 1104

14:13:12.007 [AsyncHttpClient-1-8] DEBUG o.a.netty.channel.ChannelManager - Adding key: http://localhost:53550 for channel [id: 0xa6657862, L:/127.0.0.1:64395 - R:localhost/127.0.0.1:53550]
14:13:12.007 [AsyncHttpClient-1-8] TRACE i.n.handler.logging.LoggingHandler - [id: 0xa6657862, L:/127.0.0.1:64395 - R:localhost/127.0.0.1:53550] READ COMPLETE
14:13:12.525 [Forwarding findElement on session 7f7237f6b7b416b55350c5691275deb2 to remote] DEBUG o.a.netty.request.NettyRequestSender - Using pooled Channel '[id: 0xa6657862, L:/127.0.0.1:64395 - R:localhost/127.0.0.1:53550]' for 'POST' to 'http://localhost:53550/session/7f7237f6b7b416b55350c5691275deb2/element'
14:13:12.525 [Forwarding findElement on session 7f7237f6b7b416b55350c5691275deb2 to remote] DEBUG o.a.netty.request.NettyRequestSender - Using open Channel [id: 0xa6657862, L:/127.0.0.1:64395 - R:localhost/127.0.0.1:53550] for POST '/session/7f7237f6b7b416b55350c5691275deb2/element'
14:13:12.525 [AsyncHttpClient-1-8] TRACE i.n.handler.logging.LoggingHandler - [id: 0xa6657862, L:/127.0.0.1:64395 - R:localhost/127.0.0.1:53550] WRITE: 214B
         +-------------------------------------------------+
         |  0  1  2  3  4  5  6  7  8  9  a  b  c  d  e  f |
+--------+-------------------------------------------------+----------------+
|00000000| 50 4f 53 54 20 2f 73 65 73 73 69 6f 6e 2f 37 66 |POST /session/7f|
|00000010| 37 32 33 37 66 36 62 37 62 34 31 36 62 35 35 33 |7237f6b7b416b553|
|00000020| 35 30 63 35 36 39 31 32 37 35 64 65 62 32 2f 65 |50c5691275deb2/e|
|00000030| 6c 65 6d 65 6e 74 20 48 54 54 50 2f 31 2e 31 0d |lement HTTP/1.1.|
|00000040| 0a 55 73 65 72 2d 41 67 65 6e 74 3a 20 73 65 6c |.User-Agent: sel|
|00000050| 65 6e 69 75 6d 2f 34 2e 34 2e 30 20 28 6a 61 76 |enium/4.4.0 (jav|
|00000060| 61 20 77 69 6e 64 6f 77 73 29 0d 0a 43 6f 6e 74 |a windows)..Cont|
|00000070| 65 6e 74 2d 4c 65 6e 67 74 68 3a 20 31 36 36 0d |ent-Length: 166.|
|00000080| 0a 43 6f 6e 74 65 6e 74 2d 54 79 70 65 3a 20 61 |.Content-Type: a|
|00000090| 70 70 6c 69 63 61 74 69 6f 6e 2f 6a 73 6f 6e 3b |pplication/json;|
|000000a0| 20 63 68 61 72 73 65 74 3d 75 74 66 2d 38 0d 0a | charset=utf-8..|
|000000b0| 68 6f 73 74 3a 20 6c 6f 63 61 6c 68 6f 73 74 3a |host: localhost:|
|000000c0| 35 33 35 35 30 0d 0a 61 63 63 65 70 74 3a 20 2a |53550..accept: *|
|000000d0| 2f 2a 0d 0a 0d 0a                               |/*....          |
+--------+-------------------------------------------------+----------------+
14:13:12.526 [AsyncHttpClient-1-8] TRACE i.n.handler.logging.LoggingHandler - [id: 0xa6657862, L:/127.0.0.1:64395 - R:localhost/127.0.0.1:53550] WRITE: 166B
         +-------------------------------------------------+
         |  0  1  2  3  4  5  6  7  8  9  a  b  c  d  e  f |
+--------+-------------------------------------------------+----------------+
|00000000| 7b 0a 20 20 22 75 73 69 6e 67 22 3a 20 22 78 70 |{.  "using": "xp|
|00000010| 61 74 68 22 2c 0a 20 20 22 76 61 6c 75 65 22 3a |ath",.  "value":|
|00000020| 20 22 5c 75 30 30 32 66 5c 75 30 30 32 66 64 69 | "\u002f\u002fdi|
|00000030| 76 5b 63 6f 6e 74 61 69 6e 73 28 40 63 6c 61 73 |v[contains(@clas|
|00000040| 73 2c 27 69 74 65 6d 2d 2d 61 63 74 69 76 65 27 |s,'item--active'|
|00000050| 29 5d 5c 75 30 30 32 66 5c 75 30 30 32 66 75 6c |)]\u002f\u002ful|
|00000060| 5b 63 6f 6e 74 61 69 6e 73 28 40 63 6c 61 73 73 |[contains(@class|
|00000070| 2c 20 27 6d 65 6e 75 2d 62 75 72 67 65 72 5f 5f |, 'menu-burger__|
|00000080| 73 65 74 27 29 5d 5c 75 30 30 32 66 5c 75 30 30 |set')]\u002f\u00|
|00000090| 32 66 61 5b 2e 3d 27 d0 91 d1 80 d1 8e d0 ba d0 |2fa[.='.........|
|000000a0| b8 27 5d 22 0a 7d                               |.']".}          |
+--------+-------------------------------------------------+----------------+
14:13:12.526 [AsyncHttpClient-1-8] TRACE i.n.handler.logging.LoggingHandler - [id: 0xa6657862, L:/127.0.0.1:64395 - R:localhost/127.0.0.1:53550] FLUSH
14:13:12.526 [AsyncHttpClient-1-8] TRACE i.n.handler.logging.LoggingHandler - [id: 0xa6657862, L:/127.0.0.1:64395 - R:localhost/127.0.0.1:53550] WRITE: 0B
14:13:12.526 [AsyncHttpClient-1-8] TRACE i.n.handler.logging.LoggingHandler - [id: 0xa6657862, L:/127.0.0.1:64395 - R:localhost/127.0.0.1:53550] FLUSH
14:13:12.542 [AsyncHttpClient-1-8] TRACE i.n.handler.logging.LoggingHandler - [id: 0xa6657862, L:/127.0.0.1:64395 - R:localhost/127.0.0.1:53550] READ: 1221B
         +-------------------------------------------------+
         |  0  1  2  3  4  5  6  7  8  9  a  b  c  d  e  f |
+--------+-------------------------------------------------+----------------+
|00000000| 48 54 54 50 2f 31 2e 31 20 34 30 34 20 4e 6f 74 |HTTP/1.1 404 Not|
|00000010| 20 46 6f 75 6e 64 0d 0a 43 6f 6e 74 65 6e 74 2d | Found..Content-|
|00000020| 4c 65 6e 67 74 68 3a 31 31 30 34 0d 0a 43 6f 6e |Length:1104..Con|
|00000030| 74 65 6e 74 2d 54 79 70 65 3a 61 70 70 6c 69 63 |tent-Type:applic|
|00000040| 61 74 69 6f 6e 2f 6a 73 6f 6e 3b 20 63 68 61 72 |ation/json; char|
|00000050| 73 65 74 3d 75 74 66 2d 38 0d 0a 63 61 63 68 65 |set=utf-8..cache|
|00000060| 2d 63 6f 6e 74 72 6f 6c 3a 6e 6f 2d 63 61 63 68 |-control:no-cach|
|00000070| 65 0d 0a 0d 0a 7b 22 76 61 6c 75 65 22 3a 7b 22 |e....{"value":{"|
|00000080| 65 72 72 6f 72 22 3a 22 6e 6f 20 73 75 63 68 20 |error":"no such |
|00000090| 65 6c 65 6d 65 6e 74 22 2c 22 6d 65 73 73 61 67 |element","messag|
|000000a0| 65 22 3a 22 6e 6f 20 73 75 63 68 20 65 6c 65 6d |e":"no such elem|
|000000b0| 65 6e 74 3a 20 55 6e 61 62 6c 65 20 74 6f 20 6c |ent: Unable to l|
|000000c0| 6f 63 61 74 65 20 65 6c 65 6d 65 6e 74 3a 20 7b |ocate element: {|
|000000d0| 5c 22 6d 65 74 68 6f 64 5c 22 3a 5c 22 78 70 61 |\"method\":\"xpa|
|000000e0| 74 68 5c 22 2c 5c 22 73 65 6c 65 63 74 6f 72 5c |th\",\"selector\|
|000000f0| 22 3a 5c 22 2f 2f 64 69 76 5b 63 6f 6e 74 61 69 |":\"//div[contai|
|00000100| 6e 73 28 40 63 6c 61 73 73 2c 27 69 74 65 6d 2d |ns(@class,'item-|
|00000110| 2d 61 63 74 69 76 65 27 29 5d 2f 2f 75 6c 5b 63 |-active')]//ul[c|
|00000120| 6f 6e 74 61 69 6e 73 28 40 63 6c 61 73 73 2c 20 |ontains(@class, |
|00000130| 27 6d 65 6e 75 2d 62 75 72 67 65 72 5f 5f 73 65 |'menu-burger__se|
|00000140| 74 27 29 5d 2f 2f 61 5b 2e 3d 27 d0 91 d1 80 d1 |t')]//a[.='.....|
|00000150| 8e d0 ba d0 b8 27 5d 5c 22 7d 5c 6e 20 20 28 53 |.....']\"}\n  (S|
|00000160| 65 73 73 69 6f 6e 20 69 6e 66 6f 3a 20 63 68 72 |ession info: chr|
|00000170| 6f 6d 65 3d 31 30 35 2e 30 2e 35 31 39 35 2e 31 |ome=105.0.5195.1|
|00000180| 32 37 29 22 2c 22 73 74 61 63 6b 74 72 61 63 65 |27)","stacktrace|
|00000190| 22 3a 22 42 61 63 6b 74 72 61 63 65 3a 5c 6e 5c |":"Backtrace:\n\|
|000001a0| 74 4f 72 64 69 6e 61 6c 30 20 5b 30 78 30 30 39 |tOrdinal0 [0x009|
|000001b0| 33 44 46 31 33 2b 32 32 31 39 37 39 35 5d 5c 6e |3DF13+2219795]\n|
|000001c0| 5c 74 4f 72 64 69 6e 61 6c 30 20 5b 30 78 30 30 |\tOrdinal0 [0x00|
|000001d0| 38 44 32 38 34 31 2b 31 37 37 39 37 37 37 5d 5c |8D2841+1779777]\|
|000001e0| 6e 5c 74 4f 72 64 69 6e 61 6c 30 20 5b 30 78 30 |n\tOrdinal0 [0x0|
|000001f0| 30 37 45 34 32 33 44 2b 38 30 33 33 38 39 5d 5c |07E423D+803389]\|
|00000200| 6e 5c 74 4f 72 64 69 6e 61 6c 30 20 5b 30 78 30 |n\tOrdinal0 [0x0|
|00000210| 30 38 31 33 30 32 35 2b 39 39 35 33 36 35 5d 5c |0813025+995365]\|
|00000220| 6e 5c 74 4f 72 64 69 6e 61 6c 30 20 5b 30 78 30 |n\tOrdinal0 [0x0|
|00000230| 30 38 31 33 31 45 42 2b 39 39 35 38 31 39 5d 5c |08131EB+995819]\|
|00000240| 6e 5c 74 4f 72 64 69 6e 61 6c 30 20 5b 30 78 30 |n\tOrdinal0 [0x0|
|00000250| 30 38 34 30 46 35 32 2b 31 31 38 33 35 37 30 5d |0840F52+1183570]|
|00000260| 5c 6e 5c 74 4f 72 64 69 6e 61 6c 30 20 5b 30 78 |\n\tOrdinal0 [0x|
|00000270| 30 30 38 32 45 38 34 34 2b 31 31 30 38 30 33 36 |0082E844+1108036|
|00000280| 5d 5c 6e 5c 74 4f 72 64 69 6e 61 6c 30 20 5b 30 |]\n\tOrdinal0 [0|
|00000290| 78 30 30 38 33 46 31 39 32 2b 31 31 37 35 39 35 |x0083F192+117595|
|000002a0| 34 5d 5c 6e 5c 74 4f 72 64 69 6e 61 6c 30 20 5b |4]\n\tOrdinal0 [|
|000002b0| 30 78 30 30 38 32 45 36 31 36 2b 31 31 30 37 34 |0x0082E616+11074|
|000002c0| 37 38 5d 5c 6e 5c 74 4f 72 64 69 6e 61 6c 30 20 |78]\n\tOrdinal0 |
|000002d0| 5b 30 78 30 30 38 30 37 46 38 39 2b 39 35 30 31 |[0x00807F89+9501|
|000002e0| 35 33 5d 5c 6e 5c 74 4f 72 64 69 6e 61 6c 30 20 |53]\n\tOrdinal0 |
|000002f0| 5b 30 78 30 30 38 30 38 46 35 36 2b 39 35 34 31 |[0x00808F56+9541|
|00000300| 39 38 5d 5c 6e 5c 74 47 65 74 48 61 6e 64 6c 65 |98]\n\tGetHandle|
|00000310| 56 65 72 69 66 69 65 72 20 5b 30 78 30 30 43 33 |Verifier [0x00C3|
|00000320| 32 43 42 32 2b 33 30 34 30 32 31 30 5d 5c 6e 5c |2CB2+3040210]\n\|
|00000330| 74 47 65 74 48 61 6e 64 6c 65 56 65 72 69 66 69 |tGetHandleVerifi|
|00000340| 65 72 20 5b 30 78 30 30 43 32 32 42 42 34 2b 32 |er [0x00C22BB4+2|
|00000350| 39 37 34 34 32 30 5d 5c 6e 5c 74 47 65 74 48 61 |974420]\n\tGetHa|
|00000360| 6e 64 6c 65 56 65 72 69 66 69 65 72 20 5b 30 78 |ndleVerifier [0x|
|00000370| 30 30 39 44 36 41 30 41 2b 35 36 35 35 34 36 5d |009D6A0A+565546]|
|00000380| 5c 6e 5c 74 47 65 74 48 61 6e 64 6c 65 56 65 72 |\n\tGetHandleVer|
|00000390| 69 66 69 65 72 20 5b 30 78 30 30 39 44 35 36 38 |ifier [0x009D568|
|000003a0| 30 2b 35 36 30 35 34 34 5d 5c 6e 5c 74 4f 72 64 |0+560544]\n\tOrd|
|000003b0| 69 6e 61 6c 30 20 5b 30 78 30 30 38 44 39 41 35 |inal0 [0x008D9A5|
|000003c0| 43 2b 31 38 30 38 39 38 38 5d 5c 6e 5c 74 4f 72 |C+1808988]\n\tOr|
|000003d0| 64 69 6e 61 6c 30 20 5b 30 78 30 30 38 44 45 33 |dinal0 [0x008DE3|
|000003e0| 41 38 2b 31 38 32 37 37 35 32 5d 5c 6e 5c 74 4f |A8+1827752]\n\tO|
|000003f0| 72 64 69 6e 61 6c 30 20 5b 30 78 30 30 38 44 45 |rdinal0 [0x008DE|
|00000400| 34 39 35 2b 31 38 32 37 39 38 39 5d 5c 6e 5c 74 |495+1827989]\n\t|
|00000410| 4f 72 64 69 6e 61 6c 30 20 5b 30 78 30 30 38 45 |Ordinal0 [0x008E|
|00000420| 38 30 41 34 2b 31 38 36 37 39 34 30 5d 5c 6e 5c |80A4+1867940]\n\|
|00000430| 74 42 61 73 65 54 68 72 65 61 64 49 6e 69 74 54 |tBaseThreadInitT|
|00000440| 68 75 6e 6b 20 5b 30 78 37 35 34 37 46 41 32 39 |hunk [0x7547FA29|
|00000450| 2b 32 35 5d 5c 6e 5c 74 52 74 6c 47 65 74 41 70 |+25]\n\tRtlGetAp|
|00000460| 70 43 6f 6e 74 61 69 6e 65 72 4e 61 6d 65 64 4f |pContainerNamedO|
|00000470| 62 6a 65 63 74 50 61 74 68 20 5b 30 78 37 37 32 |bjectPath [0x772|
|00000480| 38 37 42 35 45 2b 32 38 36 5d 5c 6e 5c 74 52 74 |87B5E+286]\n\tRt|
|00000490| 6c 47 65 74 41 70 70 43 6f 6e 74 61 69 6e 65 72 |lGetAppContainer|
|000004a0| 4e 61 6d 65 64 4f 62 6a 65 63 74 50 61 74 68 20 |NamedObjectPath |
|000004b0| 5b 30 78 37 37 32 38 37 42 32 45 2b 32 33 38 5d |[0x77287B2E+238]|
|000004c0| 5c 6e 22 7d 7d                                  |\n"}}           |
+--------+-------------------------------------------------+----------------+
14:13:12.543 [AsyncHttpClient-1-8] DEBUG o.a.netty.handler.HttpHandler - 

Request DefaultHttpRequest(decodeResult: success, version: HTTP/1.1)
POST /session/7f7237f6b7b416b55350c5691275deb2/element HTTP/1.1
User-Agent: selenium/4.4.0 (java windows)
Content-Length: 166
Content-Type: application/json; charset=utf-8
host: localhost:53550
accept: */*

Response DefaultHttpResponse(decodeResult: success, version: HTTP/1.1)
HTTP/1.1 404 Not Found
Content-Type: application/json; charset=utf-8
cache-control: no-cache
content-length: 1104

14:13:12.543 [AsyncHttpClient-1-8] DEBUG o.a.netty.channel.ChannelManager - Adding key: http://localhost:53550 for channel [id: 0xa6657862, L:/127.0.0.1:64395 - R:localhost/127.0.0.1:53550]
14:13:12.543 [AsyncHttpClient-1-8] TRACE i.n.handler.logging.LoggingHandler - [id: 0xa6657862, L:/127.0.0.1:64395 - R:localhost/127.0.0.1:53550] READ COMPLETE
14:13:12.882 [AsyncHttpClient-1-1] DEBUG o.a.netty.channel.DefaultChannelPool - Entry count for : http://localhost:53550 : 1
14:13:12.882 [AsyncHttpClient-1-1] DEBUG o.a.netty.channel.DefaultChannelPool - Entry count for : http://localhost:64396 : 1
14:13:13.056 [Forwarding findElement on session 7f7237f6b7b416b55350c5691275deb2 to remote] DEBUG o.a.netty.request.NettyRequestSender - Using pooled Channel '[id: 0xa6657862, L:/127.0.0.1:64395 - R:localhost/127.0.0.1:53550]' for 'POST' to 'http://localhost:53550/session/7f7237f6b7b416b55350c5691275deb2/element'
14:13:13.056 [Forwarding findElement on session 7f7237f6b7b416b55350c5691275deb2 to remote] DEBUG o.a.netty.request.NettyRequestSender - Using open Channel [id: 0xa6657862, L:/127.0.0.1:64395 - R:localhost/127.0.0.1:53550] for POST '/session/7f7237f6b7b416b55350c5691275deb2/element'
14:13:13.057 [AsyncHttpClient-1-8] TRACE i.n.handler.logging.LoggingHandler - [id: 0xa6657862, L:/127.0.0.1:64395 - R:localhost/127.0.0.1:53550] WRITE: 214B
         +-------------------------------------------------+
         |  0  1  2  3  4  5  6  7  8  9  a  b  c  d  e  f |
+--------+-------------------------------------------------+----------------+
|00000000| 50 4f 53 54 20 2f 73 65 73 73 69 6f 6e 2f 37 66 |POST /session/7f|
|00000010| 37 32 33 37 66 36 62 37 62 34 31 36 62 35 35 33 |7237f6b7b416b553|
|00000020| 35 30 63 35 36 39 31 32 37 35 64 65 62 32 2f 65 |50c5691275deb2/e|
|00000030| 6c 65 6d 65 6e 74 20 48 54 54 50 2f 31 2e 31 0d |lement HTTP/1.1.|
|00000040| 0a 55 73 65 72 2d 41 67 65 6e 74 3a 20 73 65 6c |.User-Agent: sel|
|00000050| 65 6e 69 75 6d 2f 34 2e 34 2e 30 20 28 6a 61 76 |enium/4.4.0 (jav|
|00000060| 61 20 77 69 6e 64 6f 77 73 29 0d 0a 43 6f 6e 74 |a windows)..Cont|
|00000070| 65 6e 74 2d 4c 65 6e 67 74 68 3a 20 31 36 36 0d |ent-Length: 166.|
|00000080| 0a 43 6f 6e 74 65 6e 74 2d 54 79 70 65 3a 20 61 |.Content-Type: a|
|00000090| 70 70 6c 69 63 61 74 69 6f 6e 2f 6a 73 6f 6e 3b |pplication/json;|
|000000a0| 20 63 68 61 72 73 65 74 3d 75 74 66 2d 38 0d 0a | charset=utf-8..|
|000000b0| 68 6f 73 74 3a 20 6c 6f 63 61 6c 68 6f 73 74 3a |host: localhost:|
|000000c0| 35 33 35 35 30 0d 0a 61 63 63 65 70 74 3a 20 2a |53550..accept: *|
|000000d0| 2f 2a 0d 0a 0d 0a                               |/*....          |
+--------+-------------------------------------------------+----------------+
14:13:13.057 [AsyncHttpClient-1-8] TRACE i.n.handler.logging.LoggingHandler - [id: 0xa6657862, L:/127.0.0.1:64395 - R:localhost/127.0.0.1:53550] WRITE: 166B
         +-------------------------------------------------+
         |  0  1  2  3  4  5  6  7  8  9  a  b  c  d  e  f |
+--------+-------------------------------------------------+----------------+
|00000000| 7b 0a 20 20 22 75 73 69 6e 67 22 3a 20 22 78 70 |{.  "using": "xp|
|00000010| 61 74 68 22 2c 0a 20 20 22 76 61 6c 75 65 22 3a |ath",.  "value":|
|00000020| 20 22 5c 75 30 30 32 66 5c 75 30 30 32 66 64 69 | "\u002f\u002fdi|
|00000030| 76 5b 63 6f 6e 74 61 69 6e 73 28 40 63 6c 61 73 |v[contains(@clas|
|00000040| 73 2c 27 69 74 65 6d 2d 2d 61 63 74 69 76 65 27 |s,'item--active'|
|00000050| 29 5d 5c 75 30 30 32 66 5c 75 30 30 32 66 75 6c |)]\u002f\u002ful|
|00000060| 5b 63 6f 6e 74 61 69 6e 73 28 40 63 6c 61 73 73 |[contains(@class|
|00000070| 2c 20 27 6d 65 6e 75 2d 62 75 72 67 65 72 5f 5f |, 'menu-burger__|
|00000080| 73 65 74 27 29 5d 5c 75 30 30 32 66 5c 75 30 30 |set')]\u002f\u00|
|00000090| 32 66 61 5b 2e 3d 27 d0 91 d1 80 d1 8e d0 ba d0 |2fa[.='.........|
|000000a0| b8 27 5d 22 0a 7d                               |.']".}          |
+--------+-------------------------------------------------+----------------+
14:13:13.057 [AsyncHttpClient-1-8] TRACE i.n.handler.logging.LoggingHandler - [id: 0xa6657862, L:/127.0.0.1:64395 - R:localhost/127.0.0.1:53550] FLUSH
14:13:13.058 [AsyncHttpClient-1-8] TRACE i.n.handler.logging.LoggingHandler - [id: 0xa6657862, L:/127.0.0.1:64395 - R:localhost/127.0.0.1:53550] WRITE: 0B
14:13:13.058 [AsyncHttpClient-1-8] TRACE i.n.handler.logging.LoggingHandler - [id: 0xa6657862, L:/127.0.0.1:64395 - R:localhost/127.0.0.1:53550] FLUSH
14:13:13.074 [AsyncHttpClient-1-8] TRACE i.n.handler.logging.LoggingHandler - [id: 0xa6657862, L:/127.0.0.1:64395 - R:localhost/127.0.0.1:53550] READ: 1221B
         +-------------------------------------------------+
         |  0  1  2  3  4  5  6  7  8  9  a  b  c  d  e  f |
+--------+-------------------------------------------------+----------------+
|00000000| 48 54 54 50 2f 31 2e 31 20 34 30 34 20 4e 6f 74 |HTTP/1.1 404 Not|
|00000010| 20 46 6f 75 6e 64 0d 0a 43 6f 6e 74 65 6e 74 2d | Found..Content-|
|00000020| 4c 65 6e 67 74 68 3a 31 31 30 34 0d 0a 43 6f 6e |Length:1104..Con|
|00000030| 74 65 6e 74 2d 54 79 70 65 3a 61 70 70 6c 69 63 |tent-Type:applic|
|00000040| 61 74 69 6f 6e 2f 6a 73 6f 6e 3b 20 63 68 61 72 |ation/json; char|
|00000050| 73 65 74 3d 75 74 66 2d 38 0d 0a 63 61 63 68 65 |set=utf-8..cache|
|00000060| 2d 63 6f 6e 74 72 6f 6c 3a 6e 6f 2d 63 61 63 68 |-control:no-cach|
|00000070| 65 0d 0a 0d 0a 7b 22 76 61 6c 75 65 22 3a 7b 22 |e....{"value":{"|
|00000080| 65 72 72 6f 72 22 3a 22 6e 6f 20 73 75 63 68 20 |error":"no such |
|00000090| 65 6c 65 6d 65 6e 74 22 2c 22 6d 65 73 73 61 67 |element","messag|
|000000a0| 65 22 3a 22 6e 6f 20 73 75 63 68 20 65 6c 65 6d |e":"no such elem|
|000000b0| 65 6e 74 3a 20 55 6e 61 62 6c 65 20 74 6f 20 6c |ent: Unable to l|
|000000c0| 6f 63 61 74 65 20 65 6c 65 6d 65 6e 74 3a 20 7b |ocate element: {|
|000000d0| 5c 22 6d 65 74 68 6f 64 5c 22 3a 5c 22 78 70 61 |\"method\":\"xpa|
|000000e0| 74 68 5c 22 2c 5c 22 73 65 6c 65 63 74 6f 72 5c |th\",\"selector\|
|000000f0| 22 3a 5c 22 2f 2f 64 69 76 5b 63 6f 6e 74 61 69 |":\"//div[contai|
|00000100| 6e 73 28 40 63 6c 61 73 73 2c 27 69 74 65 6d 2d |ns(@class,'item-|
|00000110| 2d 61 63 74 69 76 65 27 29 5d 2f 2f 75 6c 5b 63 |-active')]//ul[c|
|00000120| 6f 6e 74 61 69 6e 73 28 40 63 6c 61 73 73 2c 20 |ontains(@class, |
|00000130| 27 6d 65 6e 75 2d 62 75 72 67 65 72 5f 5f 73 65 |'menu-burger__se|
|00000140| 74 27 29 5d 2f 2f 61 5b 2e 3d 27 d0 91 d1 80 d1 |t')]//a[.='.....|
|00000150| 8e d0 ba d0 b8 27 5d 5c 22 7d 5c 6e 20 20 28 53 |.....']\"}\n  (S|
|00000160| 65 73 73 69 6f 6e 20 69 6e 66 6f 3a 20 63 68 72 |ession info: chr|
|00000170| 6f 6d 65 3d 31 30 35 2e 30 2e 35 31 39 35 2e 31 |ome=105.0.5195.1|
|00000180| 32 37 29 22 2c 22 73 74 61 63 6b 74 72 61 63 65 |27)","stacktrace|
|00000190| 22 3a 22 42 61 63 6b 74 72 61 63 65 3a 5c 6e 5c |":"Backtrace:\n\|
|000001a0| 74 4f 72 64 69 6e 61 6c 30 20 5b 30 78 30 30 39 |tOrdinal0 [0x009|
|000001b0| 33 44 46 31 33 2b 32 32 31 39 37 39 35 5d 5c 6e |3DF13+2219795]\n|
|000001c0| 5c 74 4f 72 64 69 6e 61 6c 30 20 5b 30 78 30 30 |\tOrdinal0 [0x00|
|000001d0| 38 44 32 38 34 31 2b 31 37 37 39 37 37 37 5d 5c |8D2841+1779777]\|
|000001e0| 6e 5c 74 4f 72 64 69 6e 61 6c 30 20 5b 30 78 30 |n\tOrdinal0 [0x0|
|000001f0| 30 37 45 34 32 33 44 2b 38 30 33 33 38 39 5d 5c |07E423D+803389]\|
|00000200| 6e 5c 74 4f 72 64 69 6e 61 6c 30 20 5b 30 78 30 |n\tOrdinal0 [0x0|
|00000210| 30 38 31 33 30 32 35 2b 39 39 35 33 36 35 5d 5c |0813025+995365]\|
|00000220| 6e 5c 74 4f 72 64 69 6e 61 6c 30 20 5b 30 78 30 |n\tOrdinal0 [0x0|
|00000230| 30 38 31 33 31 45 42 2b 39 39 35 38 31 39 5d 5c |08131EB+995819]\|
|00000240| 6e 5c 74 4f 72 64 69 6e 61 6c 30 20 5b 30 78 30 |n\tOrdinal0 [0x0|
|00000250| 30 38 34 30 46 35 32 2b 31 31 38 33 35 37 30 5d |0840F52+1183570]|
|00000260| 5c 6e 5c 74 4f 72 64 69 6e 61 6c 30 20 5b 30 78 |\n\tOrdinal0 [0x|
|00000270| 30 30 38 32 45 38 34 34 2b 31 31 30 38 30 33 36 |0082E844+1108036|
|00000280| 5d 5c 6e 5c 74 4f 72 64 69 6e 61 6c 30 20 5b 30 |]\n\tOrdinal0 [0|
|00000290| 78 30 30 38 33 46 31 39 32 2b 31 31 37 35 39 35 |x0083F192+117595|
|000002a0| 34 5d 5c 6e 5c 74 4f 72 64 69 6e 61 6c 30 20 5b |4]\n\tOrdinal0 [|
|000002b0| 30 78 30 30 38 32 45 36 31 36 2b 31 31 30 37 34 |0x0082E616+11074|
|000002c0| 37 38 5d 5c 6e 5c 74 4f 72 64 69 6e 61 6c 30 20 |78]\n\tOrdinal0 |
|000002d0| 5b 30 78 30 30 38 30 37 46 38 39 2b 39 35 30 31 |[0x00807F89+9501|
|000002e0| 35 33 5d 5c 6e 5c 74 4f 72 64 69 6e 61 6c 30 20 |53]\n\tOrdinal0 |
|000002f0| 5b 30 78 30 30 38 30 38 46 35 36 2b 39 35 34 31 |[0x00808F56+9541|
|00000300| 39 38 5d 5c 6e 5c 74 47 65 74 48 61 6e 64 6c 65 |98]\n\tGetHandle|
|00000310| 56 65 72 69 66 69 65 72 20 5b 30 78 30 30 43 33 |Verifier [0x00C3|
|00000320| 32 43 42 32 2b 33 30 34 30 32 31 30 5d 5c 6e 5c |2CB2+3040210]\n\|
|00000330| 74 47 65 74 48 61 6e 64 6c 65 56 65 72 69 66 69 |tGetHandleVerifi|
|00000340| 65 72 20 5b 30 78 30 30 43 32 32 42 42 34 2b 32 |er [0x00C22BB4+2|
|00000350| 39 37 34 34 32 30 5d 5c 6e 5c 74 47 65 74 48 61 |974420]\n\tGetHa|
|00000360| 6e 64 6c 65 56 65 72 69 66 69 65 72 20 5b 30 78 |ndleVerifier [0x|
|00000370| 30 30 39 44 36 41 30 41 2b 35 36 35 35 34 36 5d |009D6A0A+565546]|
|00000380| 5c 6e 5c 74 47 65 74 48 61 6e 64 6c 65 56 65 72 |\n\tGetHandleVer|
|00000390| 69 66 69 65 72 20 5b 30 78 30 30 39 44 35 36 38 |ifier [0x009D568|
|000003a0| 30 2b 35 36 30 35 34 34 5d 5c 6e 5c 74 4f 72 64 |0+560544]\n\tOrd|
|000003b0| 69 6e 61 6c 30 20 5b 30 78 30 30 38 44 39 41 35 |inal0 [0x008D9A5|
|000003c0| 43 2b 31 38 30 38 39 38 38 5d 5c 6e 5c 74 4f 72 |C+1808988]\n\tOr|
|000003d0| 64 69 6e 61 6c 30 20 5b 30 78 30 30 38 44 45 33 |dinal0 [0x008DE3|
|000003e0| 41 38 2b 31 38 32 37 37 35 32 5d 5c 6e 5c 74 4f |A8+1827752]\n\tO|
|000003f0| 72 64 69 6e 61 6c 30 20 5b 30 78 30 30 38 44 45 |rdinal0 [0x008DE|
|00000400| 34 39 35 2b 31 38 32 37 39 38 39 5d 5c 6e 5c 74 |495+1827989]\n\t|
|00000410| 4f 72 64 69 6e 61 6c 30 20 5b 30 78 30 30 38 45 |Ordinal0 [0x008E|
|00000420| 38 30 41 34 2b 31 38 36 37 39 34 30 5d 5c 6e 5c |80A4+1867940]\n\|
|00000430| 74 42 61 73 65 54 68 72 65 61 64 49 6e 69 74 54 |tBaseThreadInitT|
|00000440| 68 75 6e 6b 20 5b 30 78 37 35 34 37 46 41 32 39 |hunk [0x7547FA29|
|00000450| 2b 32 35 5d 5c 6e 5c 74 52 74 6c 47 65 74 41 70 |+25]\n\tRtlGetAp|
|00000460| 70 43 6f 6e 74 61 69 6e 65 72 4e 61 6d 65 64 4f |pContainerNamedO|
|00000470| 62 6a 65 63 74 50 61 74 68 20 5b 30 78 37 37 32 |bjectPath [0x772|
|00000480| 38 37 42 35 45 2b 32 38 36 5d 5c 6e 5c 74 52 74 |87B5E+286]\n\tRt|
|00000490| 6c 47 65 74 41 70 70 43 6f 6e 74 61 69 6e 65 72 |lGetAppContainer|
|000004a0| 4e 61 6d 65 64 4f 62 6a 65 63 74 50 61 74 68 20 |NamedObjectPath |
|000004b0| 5b 30 78 37 37 32 38 37 42 32 45 2b 32 33 38 5d |[0x77287B2E+238]|
|000004c0| 5c 6e 22 7d 7d                                  |\n"}}           |
+--------+-------------------------------------------------+----------------+
14:13:13.075 [AsyncHttpClient-1-8] DEBUG o.a.netty.handler.HttpHandler - 

Request DefaultHttpRequest(decodeResult: success, version: HTTP/1.1)
POST /session/7f7237f6b7b416b55350c5691275deb2/element HTTP/1.1
User-Agent: selenium/4.4.0 (java windows)
Content-Length: 166
Content-Type: application/json; charset=utf-8
host: localhost:53550
accept: */*

Response DefaultHttpResponse(decodeResult: success, version: HTTP/1.1)
HTTP/1.1 404 Not Found
Content-Type: application/json; charset=utf-8
cache-control: no-cache
content-length: 1104

14:13:13.075 [AsyncHttpClient-1-8] DEBUG o.a.netty.channel.ChannelManager - Adding key: http://localhost:53550 for channel [id: 0xa6657862, L:/127.0.0.1:64395 - R:localhost/127.0.0.1:53550]
14:13:13.075 [AsyncHttpClient-1-8] TRACE i.n.handler.logging.LoggingHandler - [id: 0xa6657862, L:/127.0.0.1:64395 - R:localhost/127.0.0.1:53550] READ COMPLETE
14:13:13.591 [Forwarding findElement on session 7f7237f6b7b416b55350c5691275deb2 to remote] DEBUG o.a.netty.request.NettyRequestSender - Using pooled Channel '[id: 0xa6657862, L:/127.0.0.1:64395 - R:localhost/127.0.0.1:53550]' for 'POST' to 'http://localhost:53550/session/7f7237f6b7b416b55350c5691275deb2/element'
14:13:13.592 [Forwarding findElement on session 7f7237f6b7b416b55350c5691275deb2 to remote] DEBUG o.a.netty.request.NettyRequestSender - Using open Channel [id: 0xa6657862, L:/127.0.0.1:64395 - R:localhost/127.0.0.1:53550] for POST '/session/7f7237f6b7b416b55350c5691275deb2/element'
14:13:13.592 [AsyncHttpClient-1-8] TRACE i.n.handler.logging.LoggingHandler - [id: 0xa6657862, L:/127.0.0.1:64395 - R:localhost/127.0.0.1:53550] WRITE: 214B
         +-------------------------------------------------+
         |  0  1  2  3  4  5  6  7  8  9  a  b  c  d  e  f |
+--------+-------------------------------------------------+----------------+
|00000000| 50 4f 53 54 20 2f 73 65 73 73 69 6f 6e 2f 37 66 |POST /session/7f|
|00000010| 37 32 33 37 66 36 62 37 62 34 31 36 62 35 35 33 |7237f6b7b416b553|
|00000020| 35 30 63 35 36 39 31 32 37 35 64 65 62 32 2f 65 |50c5691275deb2/e|
|00000030| 6c 65 6d 65 6e 74 20 48 54 54 50 2f 31 2e 31 0d |lement HTTP/1.1.|
|00000040| 0a 55 73 65 72 2d 41 67 65 6e 74 3a 20 73 65 6c |.User-Agent: sel|
|00000050| 65 6e 69 75 6d 2f 34 2e 34 2e 30 20 28 6a 61 76 |enium/4.4.0 (jav|
|00000060| 61 20 77 69 6e 64 6f 77 73 29 0d 0a 43 6f 6e 74 |a windows)..Cont|
|00000070| 65 6e 74 2d 4c 65 6e 67 74 68 3a 20 31 36 36 0d |ent-Length: 166.|
|00000080| 0a 43 6f 6e 74 65 6e 74 2d 54 79 70 65 3a 20 61 |.Content-Type: a|
|00000090| 70 70 6c 69 63 61 74 69 6f 6e 2f 6a 73 6f 6e 3b |pplication/json;|
|000000a0| 20 63 68 61 72 73 65 74 3d 75 74 66 2d 38 0d 0a | charset=utf-8..|
|000000b0| 68 6f 73 74 3a 20 6c 6f 63 61 6c 68 6f 73 74 3a |host: localhost:|
|000000c0| 35 33 35 35 30 0d 0a 61 63 63 65 70 74 3a 20 2a |53550..accept: *|
|000000d0| 2f 2a 0d 0a 0d 0a                               |/*....          |
+--------+-------------------------------------------------+----------------+
14:13:13.592 [AsyncHttpClient-1-8] TRACE i.n.handler.logging.LoggingHandler - [id: 0xa6657862, L:/127.0.0.1:64395 - R:localhost/127.0.0.1:53550] WRITE: 166B
         +-------------------------------------------------+
         |  0  1  2  3  4  5  6  7  8  9  a  b  c  d  e  f |
+--------+-------------------------------------------------+----------------+
|00000000| 7b 0a 20 20 22 75 73 69 6e 67 22 3a 20 22 78 70 |{.  "using": "xp|
|00000010| 61 74 68 22 2c 0a 20 20 22 76 61 6c 75 65 22 3a |ath",.  "value":|
|00000020| 20 22 5c 75 30 30 32 66 5c 75 30 30 32 66 64 69 | "\u002f\u002fdi|
|00000030| 76 5b 63 6f 6e 74 61 69 6e 73 28 40 63 6c 61 73 |v[contains(@clas|
|00000040| 73 2c 27 69 74 65 6d 2d 2d 61 63 74 69 76 65 27 |s,'item--active'|
|00000050| 29 5d 5c 75 30 30 32 66 5c 75 30 30 32 66 75 6c |)]\u002f\u002ful|
|00000060| 5b 63 6f 6e 74 61 69 6e 73 28 40 63 6c 61 73 73 |[contains(@class|
|00000070| 2c 20 27 6d 65 6e 75 2d 62 75 72 67 65 72 5f 5f |, 'menu-burger__|
|00000080| 73 65 74 27 29 5d 5c 75 30 30 32 66 5c 75 30 30 |set')]\u002f\u00|
|00000090| 32 66 61 5b 2e 3d 27 d0 91 d1 80 d1 8e d0 ba d0 |2fa[.='.........|
|000000a0| b8 27 5d 22 0a 7d                               |.']".}          |
+--------+-------------------------------------------------+----------------+
14:13:13.593 [AsyncHttpClient-1-8] TRACE i.n.handler.logging.LoggingHandler - [id: 0xa6657862, L:/127.0.0.1:64395 - R:localhost/127.0.0.1:53550] FLUSH
14:13:13.593 [AsyncHttpClient-1-8] TRACE i.n.handler.logging.LoggingHandler - [id: 0xa6657862, L:/127.0.0.1:64395 - R:localhost/127.0.0.1:53550] WRITE: 0B
14:13:13.593 [AsyncHttpClient-1-8] TRACE i.n.handler.logging.LoggingHandler - [id: 0xa6657862, L:/127.0.0.1:64395 - R:localhost/127.0.0.1:53550] FLUSH
14:13:13.610 [AsyncHttpClient-1-8] TRACE i.n.handler.logging.LoggingHandler - [id: 0xa6657862, L:/127.0.0.1:64395 - R:localhost/127.0.0.1:53550] READ: 1221B
         +-------------------------------------------------+
         |  0  1  2  3  4  5  6  7  8  9  a  b  c  d  e  f |
+--------+-------------------------------------------------+----------------+
|00000000| 48 54 54 50 2f 31 2e 31 20 34 30 34 20 4e 6f 74 |HTTP/1.1 404 Not|
|00000010| 20 46 6f 75 6e 64 0d 0a 43 6f 6e 74 65 6e 74 2d | Found..Content-|
|00000020| 4c 65 6e 67 74 68 3a 31 31 30 34 0d 0a 43 6f 6e |Length:1104..Con|
|00000030| 74 65 6e 74 2d 54 79 70 65 3a 61 70 70 6c 69 63 |tent-Type:applic|
|00000040| 61 74 69 6f 6e 2f 6a 73 6f 6e 3b 20 63 68 61 72 |ation/json; char|
|00000050| 73 65 74 3d 75 74 66 2d 38 0d 0a 63 61 63 68 65 |set=utf-8..cache|
|00000060| 2d 63 6f 6e 74 72 6f 6c 3a 6e 6f 2d 63 61 63 68 |-control:no-cach|
|00000070| 65 0d 0a 0d 0a 7b 22 76 61 6c 75 65 22 3a 7b 22 |e....{"value":{"|
|00000080| 65 72 72 6f 72 22 3a 22 6e 6f 20 73 75 63 68 20 |error":"no such |
|00000090| 65 6c 65 6d 65 6e 74 22 2c 22 6d 65 73 73 61 67 |element","messag|
|000000a0| 65 22 3a 22 6e 6f 20 73 75 63 68 20 65 6c 65 6d |e":"no such elem|
|000000b0| 65 6e 74 3a 20 55 6e 61 62 6c 65 20 74 6f 20 6c |ent: Unable to l|
|000000c0| 6f 63 61 74 65 20 65 6c 65 6d 65 6e 74 3a 20 7b |ocate element: {|
|000000d0| 5c 22 6d 65 74 68 6f 64 5c 22 3a 5c 22 78 70 61 |\"method\":\"xpa|
|000000e0| 74 68 5c 22 2c 5c 22 73 65 6c 65 63 74 6f 72 5c |th\",\"selector\|
|000000f0| 22 3a 5c 22 2f 2f 64 69 76 5b 63 6f 6e 74 61 69 |":\"//div[contai|
|00000100| 6e 73 28 40 63 6c 61 73 73 2c 27 69 74 65 6d 2d |ns(@class,'item-|
|00000110| 2d 61 63 74 69 76 65 27 29 5d 2f 2f 75 6c 5b 63 |-active')]//ul[c|
|00000120| 6f 6e 74 61 69 6e 73 28 40 63 6c 61 73 73 2c 20 |ontains(@class, |
|00000130| 27 6d 65 6e 75 2d 62 75 72 67 65 72 5f 5f 73 65 |'menu-burger__se|
|00000140| 74 27 29 5d 2f 2f 61 5b 2e 3d 27 d0 91 d1 80 d1 |t')]//a[.='.....|
|00000150| 8e d0 ba d0 b8 27 5d 5c 22 7d 5c 6e 20 20 28 53 |.....']\"}\n  (S|
|00000160| 65 73 73 69 6f 6e 20 69 6e 66 6f 3a 20 63 68 72 |ession info: chr|
|00000170| 6f 6d 65 3d 31 30 35 2e 30 2e 35 31 39 35 2e 31 |ome=105.0.5195.1|
|00000180| 32 37 29 22 2c 22 73 74 61 63 6b 74 72 61 63 65 |27)","stacktrace|
|00000190| 22 3a 22 42 61 63 6b 74 72 61 63 65 3a 5c 6e 5c |":"Backtrace:\n\|
|000001a0| 74 4f 72 64 69 6e 61 6c 30 20 5b 30 78 30 30 39 |tOrdinal0 [0x009|
|000001b0| 33 44 46 31 33 2b 32 32 31 39 37 39 35 5d 5c 6e |3DF13+2219795]\n|
|000001c0| 5c 74 4f 72 64 69 6e 61 6c 30 20 5b 30 78 30 30 |\tOrdinal0 [0x00|
|000001d0| 38 44 32 38 34 31 2b 31 37 37 39 37 37 37 5d 5c |8D2841+1779777]\|
|000001e0| 6e 5c 74 4f 72 64 69 6e 61 6c 30 20 5b 30 78 30 |n\tOrdinal0 [0x0|
|000001f0| 30 37 45 34 32 33 44 2b 38 30 33 33 38 39 5d 5c |07E423D+803389]\|
|00000200| 6e 5c 74 4f 72 64 69 6e 61 6c 30 20 5b 30 78 30 |n\tOrdinal0 [0x0|
|00000210| 30 38 31 33 30 32 35 2b 39 39 35 33 36 35 5d 5c |0813025+995365]\|
|00000220| 6e 5c 74 4f 72 64 69 6e 61 6c 30 20 5b 30 78 30 |n\tOrdinal0 [0x0|
|00000230| 30 38 31 33 31 45 42 2b 39 39 35 38 31 39 5d 5c |08131EB+995819]\|
|00000240| 6e 5c 74 4f 72 64 69 6e 61 6c 30 20 5b 30 78 30 |n\tOrdinal0 [0x0|
|00000250| 30 38 34 30 46 35 32 2b 31 31 38 33 35 37 30 5d |0840F52+1183570]|
|00000260| 5c 6e 5c 74 4f 72 64 69 6e 61 6c 30 20 5b 30 78 |\n\tOrdinal0 [0x|
|00000270| 30 30 38 32 45 38 34 34 2b 31 31 30 38 30 33 36 |0082E844+1108036|
|00000280| 5d 5c 6e 5c 74 4f 72 64 69 6e 61 6c 30 20 5b 30 |]\n\tOrdinal0 [0|
|00000290| 78 30 30 38 33 46 31 39 32 2b 31 31 37 35 39 35 |x0083F192+117595|
|000002a0| 34 5d 5c 6e 5c 74 4f 72 64 69 6e 61 6c 30 20 5b |4]\n\tOrdinal0 [|
|000002b0| 30 78 30 30 38 32 45 36 31 36 2b 31 31 30 37 34 |0x0082E616+11074|
|000002c0| 37 38 5d 5c 6e 5c 74 4f 72 64 69 6e 61 6c 30 20 |78]\n\tOrdinal0 |
|000002d0| 5b 30 78 30 30 38 30 37 46 38 39 2b 39 35 30 31 |[0x00807F89+9501|
|000002e0| 35 33 5d 5c 6e 5c 74 4f 72 64 69 6e 61 6c 30 20 |53]\n\tOrdinal0 |
|000002f0| 5b 30 78 30 30 38 30 38 46 35 36 2b 39 35 34 31 |[0x00808F56+9541|
|00000300| 39 38 5d 5c 6e 5c 74 47 65 74 48 61 6e 64 6c 65 |98]\n\tGetHandle|
|00000310| 56 65 72 69 66 69 65 72 20 5b 30 78 30 30 43 33 |Verifier [0x00C3|
|00000320| 32 43 42 32 2b 33 30 34 30 32 31 30 5d 5c 6e 5c |2CB2+3040210]\n\|
|00000330| 74 47 65 74 48 61 6e 64 6c 65 56 65 72 69 66 69 |tGetHandleVerifi|
|00000340| 65 72 20 5b 30 78 30 30 43 32 32 42 42 34 2b 32 |er [0x00C22BB4+2|
|00000350| 39 37 34 34 32 30 5d 5c 6e 5c 74 47 65 74 48 61 |974420]\n\tGetHa|
|00000360| 6e 64 6c 65 56 65 72 69 66 69 65 72 20 5b 30 78 |ndleVerifier [0x|
|00000370| 30 30 39 44 36 41 30 41 2b 35 36 35 35 34 36 5d |009D6A0A+565546]|
|00000380| 5c 6e 5c 74 47 65 74 48 61 6e 64 6c 65 56 65 72 |\n\tGetHandleVer|
|00000390| 69 66 69 65 72 20 5b 30 78 30 30 39 44 35 36 38 |ifier [0x009D568|
|000003a0| 30 2b 35 36 30 35 34 34 5d 5c 6e 5c 74 4f 72 64 |0+560544]\n\tOrd|
|000003b0| 69 6e 61 6c 30 20 5b 30 78 30 30 38 44 39 41 35 |inal0 [0x008D9A5|
|000003c0| 43 2b 31 38 30 38 39 38 38 5d 5c 6e 5c 74 4f 72 |C+1808988]\n\tOr|
|000003d0| 64 69 6e 61 6c 30 20 5b 30 78 30 30 38 44 45 33 |dinal0 [0x008DE3|
|000003e0| 41 38 2b 31 38 32 37 37 35 32 5d 5c 6e 5c 74 4f |A8+1827752]\n\tO|
|000003f0| 72 64 69 6e 61 6c 30 20 5b 30 78 30 30 38 44 45 |rdinal0 [0x008DE|
|00000400| 34 39 35 2b 31 38 32 37 39 38 39 5d 5c 6e 5c 74 |495+1827989]\n\t|
|00000410| 4f 72 64 69 6e 61 6c 30 20 5b 30 78 30 30 38 45 |Ordinal0 [0x008E|
|00000420| 38 30 41 34 2b 31 38 36 37 39 34 30 5d 5c 6e 5c |80A4+1867940]\n\|
|00000430| 74 42 61 73 65 54 68 72 65 61 64 49 6e 69 74 54 |tBaseThreadInitT|
|00000440| 68 75 6e 6b 20 5b 30 78 37 35 34 37 46 41 32 39 |hunk [0x7547FA29|
|00000450| 2b 32 35 5d 5c 6e 5c 74 52 74 6c 47 65 74 41 70 |+25]\n\tRtlGetAp|
|00000460| 70 43 6f 6e 74 61 69 6e 65 72 4e 61 6d 65 64 4f |pContainerNamedO|
|00000470| 62 6a 65 63 74 50 61 74 68 20 5b 30 78 37 37 32 |bjectPath [0x772|
|00000480| 38 37 42 35 45 2b 32 38 36 5d 5c 6e 5c 74 52 74 |87B5E+286]\n\tRt|
|00000490| 6c 47 65 74 41 70 70 43 6f 6e 74 61 69 6e 65 72 |lGetAppContainer|
|000004a0| 4e 61 6d 65 64 4f 62 6a 65 63 74 50 61 74 68 20 |NamedObjectPath |
|000004b0| 5b 30 78 37 37 32 38 37 42 32 45 2b 32 33 38 5d |[0x77287B2E+238]|
|000004c0| 5c 6e 22 7d 7d                                  |\n"}}           |
+--------+-------------------------------------------------+----------------+
14:13:13.611 [AsyncHttpClient-1-8] DEBUG o.a.netty.handler.HttpHandler - 

Request DefaultHttpRequest(decodeResult: success, version: HTTP/1.1)
POST /session/7f7237f6b7b416b55350c5691275deb2/element HTTP/1.1
User-Agent: selenium/4.4.0 (java windows)
Content-Length: 166
Content-Type: application/json; charset=utf-8
host: localhost:53550
accept: */*

Response DefaultHttpResponse(decodeResult: success, version: HTTP/1.1)
HTTP/1.1 404 Not Found
Content-Type: application/json; charset=utf-8
cache-control: no-cache
content-length: 1104

14:13:13.611 [AsyncHttpClient-1-8] DEBUG o.a.netty.channel.ChannelManager - Adding key: http://localhost:53550 for channel [id: 0xa6657862, L:/127.0.0.1:64395 - R:localhost/127.0.0.1:53550]
14:13:13.611 [AsyncHttpClient-1-8] TRACE i.n.handler.logging.LoggingHandler - [id: 0xa6657862, L:/127.0.0.1:64395 - R:localhost/127.0.0.1:53550] READ COMPLETE
14:13:13.986 [AsyncHttpClient-1-1] DEBUG o.a.netty.channel.DefaultChannelPool - Entry count for : http://localhost:53550 : 1
14:13:13.986 [AsyncHttpClient-1-1] DEBUG o.a.netty.channel.DefaultChannelPool - Entry count for : http://localhost:64396 : 1
14:13:14.131 [Forwarding findElement on session 7f7237f6b7b416b55350c5691275deb2 to remote] DEBUG o.a.netty.request.NettyRequestSender - Using pooled Channel '[id: 0xa6657862, L:/127.0.0.1:64395 - R:localhost/127.0.0.1:53550]' for 'POST' to 'http://localhost:53550/session/7f7237f6b7b416b55350c5691275deb2/element'
14:13:14.131 [Forwarding findElement on session 7f7237f6b7b416b55350c5691275deb2 to remote] DEBUG o.a.netty.request.NettyRequestSender - Using open Channel [id: 0xa6657862, L:/127.0.0.1:64395 - R:localhost/127.0.0.1:53550] for POST '/session/7f7237f6b7b416b55350c5691275deb2/element'
14:13:14.132 [AsyncHttpClient-1-8] TRACE i.n.handler.logging.LoggingHandler - [id: 0xa6657862, L:/127.0.0.1:64395 - R:localhost/127.0.0.1:53550] WRITE: 214B
         +-------------------------------------------------+
         |  0  1  2  3  4  5  6  7  8  9  a  b  c  d  e  f |
+--------+-------------------------------------------------+----------------+
|00000000| 50 4f 53 54 20 2f 73 65 73 73 69 6f 6e 2f 37 66 |POST /session/7f|
|00000010| 37 32 33 37 66 36 62 37 62 34 31 36 62 35 35 33 |7237f6b7b416b553|
|00000020| 35 30 63 35 36 39 31 32 37 35 64 65 62 32 2f 65 |50c5691275deb2/e|
|00000030| 6c 65 6d 65 6e 74 20 48 54 54 50 2f 31 2e 31 0d |lement HTTP/1.1.|
|00000040| 0a 55 73 65 72 2d 41 67 65 6e 74 3a 20 73 65 6c |.User-Agent: sel|
|00000050| 65 6e 69 75 6d 2f 34 2e 34 2e 30 20 28 6a 61 76 |enium/4.4.0 (jav|
|00000060| 61 20 77 69 6e 64 6f 77 73 29 0d 0a 43 6f 6e 74 |a windows)..Cont|
|00000070| 65 6e 74 2d 4c 65 6e 67 74 68 3a 20 31 36 36 0d |ent-Length: 166.|
|00000080| 0a 43 6f 6e 74 65 6e 74 2d 54 79 70 65 3a 20 61 |.Content-Type: a|
|00000090| 70 70 6c 69 63 61 74 69 6f 6e 2f 6a 73 6f 6e 3b |pplication/json;|
|000000a0| 20 63 68 61 72 73 65 74 3d 75 74 66 2d 38 0d 0a | charset=utf-8..|
|000000b0| 68 6f 73 74 3a 20 6c 6f 63 61 6c 68 6f 73 74 3a |host: localhost:|
|000000c0| 35 33 35 35 30 0d 0a 61 63 63 65 70 74 3a 20 2a |53550..accept: *|
|000000d0| 2f 2a 0d 0a 0d 0a                               |/*....          |
+--------+-------------------------------------------------+----------------+
14:13:14.132 [AsyncHttpClient-1-8] TRACE i.n.handler.logging.LoggingHandler - [id: 0xa6657862, L:/127.0.0.1:64395 - R:localhost/127.0.0.1:53550] WRITE: 166B
         +-------------------------------------------------+
         |  0  1  2  3  4  5  6  7  8  9  a  b  c  d  e  f |
+--------+-------------------------------------------------+----------------+
|00000000| 7b 0a 20 20 22 75 73 69 6e 67 22 3a 20 22 78 70 |{.  "using": "xp|
|00000010| 61 74 68 22 2c 0a 20 20 22 76 61 6c 75 65 22 3a |ath",.  "value":|
|00000020| 20 22 5c 75 30 30 32 66 5c 75 30 30 32 66 64 69 | "\u002f\u002fdi|
|00000030| 76 5b 63 6f 6e 74 61 69 6e 73 28 40 63 6c 61 73 |v[contains(@clas|
|00000040| 73 2c 27 69 74 65 6d 2d 2d 61 63 74 69 76 65 27 |s,'item--active'|
|00000050| 29 5d 5c 75 30 30 32 66 5c 75 30 30 32 66 75 6c |)]\u002f\u002ful|
|00000060| 5b 63 6f 6e 74 61 69 6e 73 28 40 63 6c 61 73 73 |[contains(@class|
|00000070| 2c 20 27 6d 65 6e 75 2d 62 75 72 67 65 72 5f 5f |, 'menu-burger__|
|00000080| 73 65 74 27 29 5d 5c 75 30 30 32 66 5c 75 30 30 |set')]\u002f\u00|
|00000090| 32 66 61 5b 2e 3d 27 d0 91 d1 80 d1 8e d0 ba d0 |2fa[.='.........|
|000000a0| b8 27 5d 22 0a 7d                               |.']".}          |
+--------+-------------------------------------------------+----------------+
14:13:14.133 [AsyncHttpClient-1-8] TRACE i.n.handler.logging.LoggingHandler - [id: 0xa6657862, L:/127.0.0.1:64395 - R:localhost/127.0.0.1:53550] FLUSH
14:13:14.133 [AsyncHttpClient-1-8] TRACE i.n.handler.logging.LoggingHandler - [id: 0xa6657862, L:/127.0.0.1:64395 - R:localhost/127.0.0.1:53550] WRITE: 0B
14:13:14.133 [AsyncHttpClient-1-8] TRACE i.n.handler.logging.LoggingHandler - [id: 0xa6657862, L:/127.0.0.1:64395 - R:localhost/127.0.0.1:53550] FLUSH
14:13:14.149 [AsyncHttpClient-1-8] TRACE i.n.handler.logging.LoggingHandler - [id: 0xa6657862, L:/127.0.0.1:64395 - R:localhost/127.0.0.1:53550] READ: 1221B
         +-------------------------------------------------+
         |  0  1  2  3  4  5  6  7  8  9  a  b  c  d  e  f |
+--------+-------------------------------------------------+----------------+
|00000000| 48 54 54 50 2f 31 2e 31 20 34 30 34 20 4e 6f 74 |HTTP/1.1 404 Not|
|00000010| 20 46 6f 75 6e 64 0d 0a 43 6f 6e 74 65 6e 74 2d | Found..Content-|
|00000020| 4c 65 6e 67 74 68 3a 31 31 30 34 0d 0a 43 6f 6e |Length:1104..Con|
|00000030| 74 65 6e 74 2d 54 79 70 65 3a 61 70 70 6c 69 63 |tent-Type:applic|
|00000040| 61 74 69 6f 6e 2f 6a 73 6f 6e 3b 20 63 68 61 72 |ation/json; char|
|00000050| 73 65 74 3d 75 74 66 2d 38 0d 0a 63 61 63 68 65 |set=utf-8..cache|
|00000060| 2d 63 6f 6e 74 72 6f 6c 3a 6e 6f 2d 63 61 63 68 |-control:no-cach|
|00000070| 65 0d 0a 0d 0a 7b 22 76 61 6c 75 65 22 3a 7b 22 |e....{"value":{"|
|00000080| 65 72 72 6f 72 22 3a 22 6e 6f 20 73 75 63 68 20 |error":"no such |
|00000090| 65 6c 65 6d 65 6e 74 22 2c 22 6d 65 73 73 61 67 |element","messag|
|000000a0| 65 22 3a 22 6e 6f 20 73 75 63 68 20 65 6c 65 6d |e":"no such elem|
|000000b0| 65 6e 74 3a 20 55 6e 61 62 6c 65 20 74 6f 20 6c |ent: Unable to l|
|000000c0| 6f 63 61 74 65 20 65 6c 65 6d 65 6e 74 3a 20 7b |ocate element: {|
|000000d0| 5c 22 6d 65 74 68 6f 64 5c 22 3a 5c 22 78 70 61 |\"method\":\"xpa|
|000000e0| 74 68 5c 22 2c 5c 22 73 65 6c 65 63 74 6f 72 5c |th\",\"selector\|
|000000f0| 22 3a 5c 22 2f 2f 64 69 76 5b 63 6f 6e 74 61 69 |":\"//div[contai|
|00000100| 6e 73 28 40 63 6c 61 73 73 2c 27 69 74 65 6d 2d |ns(@class,'item-|
|00000110| 2d 61 63 74 69 76 65 27 29 5d 2f 2f 75 6c 5b 63 |-active')]//ul[c|
|00000120| 6f 6e 74 61 69 6e 73 28 40 63 6c 61 73 73 2c 20 |ontains(@class, |
|00000130| 27 6d 65 6e 75 2d 62 75 72 67 65 72 5f 5f 73 65 |'menu-burger__se|
|00000140| 74 27 29 5d 2f 2f 61 5b 2e 3d 27 d0 91 d1 80 d1 |t')]//a[.='.....|
|00000150| 8e d0 ba d0 b8 27 5d 5c 22 7d 5c 6e 20 20 28 53 |.....']\"}\n  (S|
|00000160| 65 73 73 69 6f 6e 20 69 6e 66 6f 3a 20 63 68 72 |ession info: chr|
|00000170| 6f 6d 65 3d 31 30 35 2e 30 2e 35 31 39 35 2e 31 |ome=105.0.5195.1|
|00000180| 32 37 29 22 2c 22 73 74 61 63 6b 74 72 61 63 65 |27)","stacktrace|
|00000190| 22 3a 22 42 61 63 6b 74 72 61 63 65 3a 5c 6e 5c |":"Backtrace:\n\|
|000001a0| 74 4f 72 64 69 6e 61 6c 30 20 5b 30 78 30 30 39 |tOrdinal0 [0x009|
|000001b0| 33 44 46 31 33 2b 32 32 31 39 37 39 35 5d 5c 6e |3DF13+2219795]\n|
|000001c0| 5c 74 4f 72 64 69 6e 61 6c 30 20 5b 30 78 30 30 |\tOrdinal0 [0x00|
|000001d0| 38 44 32 38 34 31 2b 31 37 37 39 37 37 37 5d 5c |8D2841+1779777]\|
|000001e0| 6e 5c 74 4f 72 64 69 6e 61 6c 30 20 5b 30 78 30 |n\tOrdinal0 [0x0|
|000001f0| 30 37 45 34 32 33 44 2b 38 30 33 33 38 39 5d 5c |07E423D+803389]\|
|00000200| 6e 5c 74 4f 72 64 69 6e 61 6c 30 20 5b 30 78 30 |n\tOrdinal0 [0x0|
|00000210| 30 38 31 33 30 32 35 2b 39 39 35 33 36 35 5d 5c |0813025+995365]\|
|00000220| 6e 5c 74 4f 72 64 69 6e 61 6c 30 20 5b 30 78 30 |n\tOrdinal0 [0x0|
|00000230| 30 38 31 33 31 45 42 2b 39 39 35 38 31 39 5d 5c |08131EB+995819]\|
|00000240| 6e 5c 74 4f 72 64 69 6e 61 6c 30 20 5b 30 78 30 |n\tOrdinal0 [0x0|
|00000250| 30 38 34 30 46 35 32 2b 31 31 38 33 35 37 30 5d |0840F52+1183570]|
|00000260| 5c 6e 5c 74 4f 72 64 69 6e 61 6c 30 20 5b 30 78 |\n\tOrdinal0 [0x|
|00000270| 30 30 38 32 45 38 34 34 2b 31 31 30 38 30 33 36 |0082E844+1108036|
|00000280| 5d 5c 6e 5c 74 4f 72 64 69 6e 61 6c 30 20 5b 30 |]\n\tOrdinal0 [0|
|00000290| 78 30 30 38 33 46 31 39 32 2b 31 31 37 35 39 35 |x0083F192+117595|
|000002a0| 34 5d 5c 6e 5c 74 4f 72 64 69 6e 61 6c 30 20 5b |4]\n\tOrdinal0 [|
|000002b0| 30 78 30 30 38 32 45 36 31 36 2b 31 31 30 37 34 |0x0082E616+11074|
|000002c0| 37 38 5d 5c 6e 5c 74 4f 72 64 69 6e 61 6c 30 20 |78]\n\tOrdinal0 |
|000002d0| 5b 30 78 30 30 38 30 37 46 38 39 2b 39 35 30 31 |[0x00807F89+9501|
|000002e0| 35 33 5d 5c 6e 5c 74 4f 72 64 69 6e 61 6c 30 20 |53]\n\tOrdinal0 |
|000002f0| 5b 30 78 30 30 38 30 38 46 35 36 2b 39 35 34 31 |[0x00808F56+9541|
|00000300| 39 38 5d 5c 6e 5c 74 47 65 74 48 61 6e 64 6c 65 |98]\n\tGetHandle|
|00000310| 56 65 72 69 66 69 65 72 20 5b 30 78 30 30 43 33 |Verifier [0x00C3|
|00000320| 32 43 42 32 2b 33 30 34 30 32 31 30 5d 5c 6e 5c |2CB2+3040210]\n\|
|00000330| 74 47 65 74 48 61 6e 64 6c 65 56 65 72 69 66 69 |tGetHandleVerifi|
|00000340| 65 72 20 5b 30 78 30 30 43 32 32 42 42 34 2b 32 |er [0x00C22BB4+2|
|00000350| 39 37 34 34 32 30 5d 5c 6e 5c 74 47 65 74 48 61 |974420]\n\tGetHa|
|00000360| 6e 64 6c 65 56 65 72 69 66 69 65 72 20 5b 30 78 |ndleVerifier [0x|
|00000370| 30 30 39 44 36 41 30 41 2b 35 36 35 35 34 36 5d |009D6A0A+565546]|
|00000380| 5c 6e 5c 74 47 65 74 48 61 6e 64 6c 65 56 65 72 |\n\tGetHandleVer|
|00000390| 69 66 69 65 72 20 5b 30 78 30 30 39 44 35 36 38 |ifier [0x009D568|
|000003a0| 30 2b 35 36 30 35 34 34 5d 5c 6e 5c 74 4f 72 64 |0+560544]\n\tOrd|
|000003b0| 69 6e 61 6c 30 20 5b 30 78 30 30 38 44 39 41 35 |inal0 [0x008D9A5|
|000003c0| 43 2b 31 38 30 38 39 38 38 5d 5c 6e 5c 74 4f 72 |C+1808988]\n\tOr|
|000003d0| 64 69 6e 61 6c 30 20 5b 30 78 30 30 38 44 45 33 |dinal0 [0x008DE3|
|000003e0| 41 38 2b 31 38 32 37 37 35 32 5d 5c 6e 5c 74 4f |A8+1827752]\n\tO|
|000003f0| 72 64 69 6e 61 6c 30 20 5b 30 78 30 30 38 44 45 |rdinal0 [0x008DE|
|00000400| 34 39 35 2b 31 38 32 37 39 38 39 5d 5c 6e 5c 74 |495+1827989]\n\t|
|00000410| 4f 72 64 69 6e 61 6c 30 20 5b 30 78 30 30 38 45 |Ordinal0 [0x008E|
|00000420| 38 30 41 34 2b 31 38 36 37 39 34 30 5d 5c 6e 5c |80A4+1867940]\n\|
|00000430| 74 42 61 73 65 54 68 72 65 61 64 49 6e 69 74 54 |tBaseThreadInitT|
|00000440| 68 75 6e 6b 20 5b 30 78 37 35 34 37 46 41 32 39 |hunk [0x7547FA29|
|00000450| 2b 32 35 5d 5c 6e 5c 74 52 74 6c 47 65 74 41 70 |+25]\n\tRtlGetAp|
|00000460| 70 43 6f 6e 74 61 69 6e 65 72 4e 61 6d 65 64 4f |pContainerNamedO|
|00000470| 62 6a 65 63 74 50 61 74 68 20 5b 30 78 37 37 32 |bjectPath [0x772|
|00000480| 38 37 42 35 45 2b 32 38 36 5d 5c 6e 5c 74 52 74 |87B5E+286]\n\tRt|
|00000490| 6c 47 65 74 41 70 70 43 6f 6e 74 61 69 6e 65 72 |lGetAppContainer|
|000004a0| 4e 61 6d 65 64 4f 62 6a 65 63 74 50 61 74 68 20 |NamedObjectPath |
|000004b0| 5b 30 78 37 37 32 38 37 42 32 45 2b 32 33 38 5d |[0x77287B2E+238]|
|000004c0| 5c 6e 22 7d 7d                                  |\n"}}           |
+--------+-------------------------------------------------+----------------+
14:13:14.150 [AsyncHttpClient-1-8] DEBUG o.a.netty.handler.HttpHandler - 

Request DefaultHttpRequest(decodeResult: success, version: HTTP/1.1)
POST /session/7f7237f6b7b416b55350c5691275deb2/element HTTP/1.1
User-Agent: selenium/4.4.0 (java windows)
Content-Length: 166
Content-Type: application/json; charset=utf-8
host: localhost:53550
accept: */*

Response DefaultHttpResponse(decodeResult: success, version: HTTP/1.1)
HTTP/1.1 404 Not Found
Content-Type: application/json; charset=utf-8
cache-control: no-cache
content-length: 1104

14:13:14.150 [AsyncHttpClient-1-8] DEBUG o.a.netty.channel.ChannelManager - Adding key: http://localhost:53550 for channel [id: 0xa6657862, L:/127.0.0.1:64395 - R:localhost/127.0.0.1:53550]
14:13:14.150 [AsyncHttpClient-1-8] TRACE i.n.handler.logging.LoggingHandler - [id: 0xa6657862, L:/127.0.0.1:64395 - R:localhost/127.0.0.1:53550] READ COMPLETE
14:13:14.657 [Forwarding findElement on session 7f7237f6b7b416b55350c5691275deb2 to remote] DEBUG o.a.netty.request.NettyRequestSender - Using pooled Channel '[id: 0xa6657862, L:/127.0.0.1:64395 - R:localhost/127.0.0.1:53550]' for 'POST' to 'http://localhost:53550/session/7f7237f6b7b416b55350c5691275deb2/element'
14:13:14.657 [Forwarding findElement on session 7f7237f6b7b416b55350c5691275deb2 to remote] DEBUG o.a.netty.request.NettyRequestSender - Using open Channel [id: 0xa6657862, L:/127.0.0.1:64395 - R:localhost/127.0.0.1:53550] for POST '/session/7f7237f6b7b416b55350c5691275deb2/element'
14:13:14.658 [AsyncHttpClient-1-8] TRACE i.n.handler.logging.LoggingHandler - [id: 0xa6657862, L:/127.0.0.1:64395 - R:localhost/127.0.0.1:53550] WRITE: 214B
         +-------------------------------------------------+
         |  0  1  2  3  4  5  6  7  8  9  a  b  c  d  e  f |
+--------+-------------------------------------------------+----------------+
|00000000| 50 4f 53 54 20 2f 73 65 73 73 69 6f 6e 2f 37 66 |POST /session/7f|
|00000010| 37 32 33 37 66 36 62 37 62 34 31 36 62 35 35 33 |7237f6b7b416b553|
|00000020| 35 30 63 35 36 39 31 32 37 35 64 65 62 32 2f 65 |50c5691275deb2/e|
|00000030| 6c 65 6d 65 6e 74 20 48 54 54 50 2f 31 2e 31 0d |lement HTTP/1.1.|
|00000040| 0a 55 73 65 72 2d 41 67 65 6e 74 3a 20 73 65 6c |.User-Agent: sel|
|00000050| 65 6e 69 75 6d 2f 34 2e 34 2e 30 20 28 6a 61 76 |enium/4.4.0 (jav|
|00000060| 61 20 77 69 6e 64 6f 77 73 29 0d 0a 43 6f 6e 74 |a windows)..Cont|
|00000070| 65 6e 74 2d 4c 65 6e 67 74 68 3a 20 31 36 36 0d |ent-Length: 166.|
|00000080| 0a 43 6f 6e 74 65 6e 74 2d 54 79 70 65 3a 20 61 |.Content-Type: a|
|00000090| 70 70 6c 69 63 61 74 69 6f 6e 2f 6a 73 6f 6e 3b |pplication/json;|
|000000a0| 20 63 68 61 72 73 65 74 3d 75 74 66 2d 38 0d 0a | charset=utf-8..|
|000000b0| 68 6f 73 74 3a 20 6c 6f 63 61 6c 68 6f 73 74 3a |host: localhost:|
|000000c0| 35 33 35 35 30 0d 0a 61 63 63 65 70 74 3a 20 2a |53550..accept: *|
|000000d0| 2f 2a 0d 0a 0d 0a                               |/*....          |
+--------+-------------------------------------------------+----------------+
14:13:14.658 [AsyncHttpClient-1-8] TRACE i.n.handler.logging.LoggingHandler - [id: 0xa6657862, L:/127.0.0.1:64395 - R:localhost/127.0.0.1:53550] WRITE: 166B
         +-------------------------------------------------+
         |  0  1  2  3  4  5  6  7  8  9  a  b  c  d  e  f |
+--------+-------------------------------------------------+----------------+
|00000000| 7b 0a 20 20 22 75 73 69 6e 67 22 3a 20 22 78 70 |{.  "using": "xp|
|00000010| 61 74 68 22 2c 0a 20 20 22 76 61 6c 75 65 22 3a |ath",.  "value":|
|00000020| 20 22 5c 75 30 30 32 66 5c 75 30 30 32 66 64 69 | "\u002f\u002fdi|
|00000030| 76 5b 63 6f 6e 74 61 69 6e 73 28 40 63 6c 61 73 |v[contains(@clas|
|00000040| 73 2c 27 69 74 65 6d 2d 2d 61 63 74 69 76 65 27 |s,'item--active'|
|00000050| 29 5d 5c 75 30 30 32 66 5c 75 30 30 32 66 75 6c |)]\u002f\u002ful|
|00000060| 5b 63 6f 6e 74 61 69 6e 73 28 40 63 6c 61 73 73 |[contains(@class|
|00000070| 2c 20 27 6d 65 6e 75 2d 62 75 72 67 65 72 5f 5f |, 'menu-burger__|
|00000080| 73 65 74 27 29 5d 5c 75 30 30 32 66 5c 75 30 30 |set')]\u002f\u00|
|00000090| 32 66 61 5b 2e 3d 27 d0 91 d1 80 d1 8e d0 ba d0 |2fa[.='.........|
|000000a0| b8 27 5d 22 0a 7d                               |.']".}          |
+--------+-------------------------------------------------+----------------+
14:13:14.658 [AsyncHttpClient-1-8] TRACE i.n.handler.logging.LoggingHandler - [id: 0xa6657862, L:/127.0.0.1:64395 - R:localhost/127.0.0.1:53550] FLUSH
14:13:14.659 [AsyncHttpClient-1-8] TRACE i.n.handler.logging.LoggingHandler - [id: 0xa6657862, L:/127.0.0.1:64395 - R:localhost/127.0.0.1:53550] WRITE: 0B
14:13:14.659 [AsyncHttpClient-1-8] TRACE i.n.handler.logging.LoggingHandler - [id: 0xa6657862, L:/127.0.0.1:64395 - R:localhost/127.0.0.1:53550] FLUSH
14:13:14.675 [AsyncHttpClient-1-8] TRACE i.n.handler.logging.LoggingHandler - [id: 0xa6657862, L:/127.0.0.1:64395 - R:localhost/127.0.0.1:53550] READ: 1221B
         +-------------------------------------------------+
         |  0  1  2  3  4  5  6  7  8  9  a  b  c  d  e  f |
+--------+-------------------------------------------------+----------------+
|00000000| 48 54 54 50 2f 31 2e 31 20 34 30 34 20 4e 6f 74 |HTTP/1.1 404 Not|
|00000010| 20 46 6f 75 6e 64 0d 0a 43 6f 6e 74 65 6e 74 2d | Found..Content-|
|00000020| 4c 65 6e 67 74 68 3a 31 31 30 34 0d 0a 43 6f 6e |Length:1104..Con|
|00000030| 74 65 6e 74 2d 54 79 70 65 3a 61 70 70 6c 69 63 |tent-Type:applic|
|00000040| 61 74 69 6f 6e 2f 6a 73 6f 6e 3b 20 63 68 61 72 |ation/json; char|
|00000050| 73 65 74 3d 75 74 66 2d 38 0d 0a 63 61 63 68 65 |set=utf-8..cache|
|00000060| 2d 63 6f 6e 74 72 6f 6c 3a 6e 6f 2d 63 61 63 68 |-control:no-cach|
|00000070| 65 0d 0a 0d 0a 7b 22 76 61 6c 75 65 22 3a 7b 22 |e....{"value":{"|
|00000080| 65 72 72 6f 72 22 3a 22 6e 6f 20 73 75 63 68 20 |error":"no such |
|00000090| 65 6c 65 6d 65 6e 74 22 2c 22 6d 65 73 73 61 67 |element","messag|
|000000a0| 65 22 3a 22 6e 6f 20 73 75 63 68 20 65 6c 65 6d |e":"no such elem|
|000000b0| 65 6e 74 3a 20 55 6e 61 62 6c 65 20 74 6f 20 6c |ent: Unable to l|
|000000c0| 6f 63 61 74 65 20 65 6c 65 6d 65 6e 74 3a 20 7b |ocate element: {|
|000000d0| 5c 22 6d 65 74 68 6f 64 5c 22 3a 5c 22 78 70 61 |\"method\":\"xpa|
|000000e0| 74 68 5c 22 2c 5c 22 73 65 6c 65 63 74 6f 72 5c |th\",\"selector\|
|000000f0| 22 3a 5c 22 2f 2f 64 69 76 5b 63 6f 6e 74 61 69 |":\"//div[contai|
|00000100| 6e 73 28 40 63 6c 61 73 73 2c 27 69 74 65 6d 2d |ns(@class,'item-|
|00000110| 2d 61 63 74 69 76 65 27 29 5d 2f 2f 75 6c 5b 63 |-active')]//ul[c|
|00000120| 6f 6e 74 61 69 6e 73 28 40 63 6c 61 73 73 2c 20 |ontains(@class, |
|00000130| 27 6d 65 6e 75 2d 62 75 72 67 65 72 5f 5f 73 65 |'menu-burger__se|
|00000140| 74 27 29 5d 2f 2f 61 5b 2e 3d 27 d0 91 d1 80 d1 |t')]//a[.='.....|
|00000150| 8e d0 ba d0 b8 27 5d 5c 22 7d 5c 6e 20 20 28 53 |.....']\"}\n  (S|
|00000160| 65 73 73 69 6f 6e 20 69 6e 66 6f 3a 20 63 68 72 |ession info: chr|
|00000170| 6f 6d 65 3d 31 30 35 2e 30 2e 35 31 39 35 2e 31 |ome=105.0.5195.1|
|00000180| 32 37 29 22 2c 22 73 74 61 63 6b 74 72 61 63 65 |27)","stacktrace|
|00000190| 22 3a 22 42 61 63 6b 74 72 61 63 65 3a 5c 6e 5c |":"Backtrace:\n\|
|000001a0| 74 4f 72 64 69 6e 61 6c 30 20 5b 30 78 30 30 39 |tOrdinal0 [0x009|
|000001b0| 33 44 46 31 33 2b 32 32 31 39 37 39 35 5d 5c 6e |3DF13+2219795]\n|
|000001c0| 5c 74 4f 72 64 69 6e 61 6c 30 20 5b 30 78 30 30 |\tOrdinal0 [0x00|
|000001d0| 38 44 32 38 34 31 2b 31 37 37 39 37 37 37 5d 5c |8D2841+1779777]\|
|000001e0| 6e 5c 74 4f 72 64 69 6e 61 6c 30 20 5b 30 78 30 |n\tOrdinal0 [0x0|
|000001f0| 30 37 45 34 32 33 44 2b 38 30 33 33 38 39 5d 5c |07E423D+803389]\|
|00000200| 6e 5c 74 4f 72 64 69 6e 61 6c 30 20 5b 30 78 30 |n\tOrdinal0 [0x0|
|00000210| 30 38 31 33 30 32 35 2b 39 39 35 33 36 35 5d 5c |0813025+995365]\|
|00000220| 6e 5c 74 4f 72 64 69 6e 61 6c 30 20 5b 30 78 30 |n\tOrdinal0 [0x0|
|00000230| 30 38 31 33 31 45 42 2b 39 39 35 38 31 39 5d 5c |08131EB+995819]\|
|00000240| 6e 5c 74 4f 72 64 69 6e 61 6c 30 20 5b 30 78 30 |n\tOrdinal0 [0x0|
|00000250| 30 38 34 30 46 35 32 2b 31 31 38 33 35 37 30 5d |0840F52+1183570]|
|00000260| 5c 6e 5c 74 4f 72 64 69 6e 61 6c 30 20 5b 30 78 |\n\tOrdinal0 [0x|
|00000270| 30 30 38 32 45 38 34 34 2b 31 31 30 38 30 33 36 |0082E844+1108036|
|00000280| 5d 5c 6e 5c 74 4f 72 64 69 6e 61 6c 30 20 5b 30 |]\n\tOrdinal0 [0|
|00000290| 78 30 30 38 33 46 31 39 32 2b 31 31 37 35 39 35 |x0083F192+117595|
|000002a0| 34 5d 5c 6e 5c 74 4f 72 64 69 6e 61 6c 30 20 5b |4]\n\tOrdinal0 [|
|000002b0| 30 78 30 30 38 32 45 36 31 36 2b 31 31 30 37 34 |0x0082E616+11074|
|000002c0| 37 38 5d 5c 6e 5c 74 4f 72 64 69 6e 61 6c 30 20 |78]\n\tOrdinal0 |
|000002d0| 5b 30 78 30 30 38 30 37 46 38 39 2b 39 35 30 31 |[0x00807F89+9501|
|000002e0| 35 33 5d 5c 6e 5c 74 4f 72 64 69 6e 61 6c 30 20 |53]\n\tOrdinal0 |
|000002f0| 5b 30 78 30 30 38 30 38 46 35 36 2b 39 35 34 31 |[0x00808F56+9541|
|00000300| 39 38 5d 5c 6e 5c 74 47 65 74 48 61 6e 64 6c 65 |98]\n\tGetHandle|
|00000310| 56 65 72 69 66 69 65 72 20 5b 30 78 30 30 43 33 |Verifier [0x00C3|
|00000320| 32 43 42 32 2b 33 30 34 30 32 31 30 5d 5c 6e 5c |2CB2+3040210]\n\|
|00000330| 74 47 65 74 48 61 6e 64 6c 65 56 65 72 69 66 69 |tGetHandleVerifi|
|00000340| 65 72 20 5b 30 78 30 30 43 32 32 42 42 34 2b 32 |er [0x00C22BB4+2|
|00000350| 39 37 34 34 32 30 5d 5c 6e 5c 74 47 65 74 48 61 |974420]\n\tGetHa|
|00000360| 6e 64 6c 65 56 65 72 69 66 69 65 72 20 5b 30 78 |ndleVerifier [0x|
|00000370| 30 30 39 44 36 41 30 41 2b 35 36 35 35 34 36 5d |009D6A0A+565546]|
|00000380| 5c 6e 5c 74 47 65 74 48 61 6e 64 6c 65 56 65 72 |\n\tGetHandleVer|
|00000390| 69 66 69 65 72 20 5b 30 78 30 30 39 44 35 36 38 |ifier [0x009D568|
|000003a0| 30 2b 35 36 30 35 34 34 5d 5c 6e 5c 74 4f 72 64 |0+560544]\n\tOrd|
|000003b0| 69 6e 61 6c 30 20 5b 30 78 30 30 38 44 39 41 35 |inal0 [0x008D9A5|
|000003c0| 43 2b 31 38 30 38 39 38 38 5d 5c 6e 5c 74 4f 72 |C+1808988]\n\tOr|
|000003d0| 64 69 6e 61 6c 30 20 5b 30 78 30 30 38 44 45 33 |dinal0 [0x008DE3|
|000003e0| 41 38 2b 31 38 32 37 37 35 32 5d 5c 6e 5c 74 4f |A8+1827752]\n\tO|
|000003f0| 72 64 69 6e 61 6c 30 20 5b 30 78 30 30 38 44 45 |rdinal0 [0x008DE|
|00000400| 34 39 35 2b 31 38 32 37 39 38 39 5d 5c 6e 5c 74 |495+1827989]\n\t|
|00000410| 4f 72 64 69 6e 61 6c 30 20 5b 30 78 30 30 38 45 |Ordinal0 [0x008E|
|00000420| 38 30 41 34 2b 31 38 36 37 39 34 30 5d 5c 6e 5c |80A4+1867940]\n\|
|00000430| 74 42 61 73 65 54 68 72 65 61 64 49 6e 69 74 54 |tBaseThreadInitT|
|00000440| 68 75 6e 6b 20 5b 30 78 37 35 34 37 46 41 32 39 |hunk [0x7547FA29|
|00000450| 2b 32 35 5d 5c 6e 5c 74 52 74 6c 47 65 74 41 70 |+25]\n\tRtlGetAp|
|00000460| 70 43 6f 6e 74 61 69 6e 65 72 4e 61 6d 65 64 4f |pContainerNamedO|
|00000470| 62 6a 65 63 74 50 61 74 68 20 5b 30 78 37 37 32 |bjectPath [0x772|
|00000480| 38 37 42 35 45 2b 32 38 36 5d 5c 6e 5c 74 52 74 |87B5E+286]\n\tRt|
|00000490| 6c 47 65 74 41 70 70 43 6f 6e 74 61 69 6e 65 72 |lGetAppContainer|
|000004a0| 4e 61 6d 65 64 4f 62 6a 65 63 74 50 61 74 68 20 |NamedObjectPath |
|000004b0| 5b 30 78 37 37 32 38 37 42 32 45 2b 32 33 38 5d |[0x77287B2E+238]|
|000004c0| 5c 6e 22 7d 7d                                  |\n"}}           |
+--------+-------------------------------------------------+----------------+
14:13:14.675 [AsyncHttpClient-1-8] DEBUG o.a.netty.handler.HttpHandler - 

Request DefaultHttpRequest(decodeResult: success, version: HTTP/1.1)
POST /session/7f7237f6b7b416b55350c5691275deb2/element HTTP/1.1
User-Agent: selenium/4.4.0 (java windows)
Content-Length: 166
Content-Type: application/json; charset=utf-8
host: localhost:53550
accept: */*

Response DefaultHttpResponse(decodeResult: success, version: HTTP/1.1)
HTTP/1.1 404 Not Found
Content-Type: application/json; charset=utf-8
cache-control: no-cache
content-length: 1104

14:13:14.676 [AsyncHttpClient-1-8] DEBUG o.a.netty.channel.ChannelManager - Adding key: http://localhost:53550 for channel [id: 0xa6657862, L:/127.0.0.1:64395 - R:localhost/127.0.0.1:53550]
14:13:14.676 [AsyncHttpClient-1-8] TRACE i.n.handler.logging.LoggingHandler - [id: 0xa6657862, L:/127.0.0.1:64395 - R:localhost/127.0.0.1:53550] READ COMPLETE
14:13:15.082 [AsyncHttpClient-1-1] DEBUG o.a.netty.channel.DefaultChannelPool - Entry count for : http://localhost:53550 : 1
14:13:15.082 [AsyncHttpClient-1-1] DEBUG o.a.netty.channel.DefaultChannelPool - Entry count for : http://localhost:64396 : 1
14:13:15.182 [Forwarding findElement on session 7f7237f6b7b416b55350c5691275deb2 to remote] DEBUG o.a.netty.request.NettyRequestSender - Using pooled Channel '[id: 0xa6657862, L:/127.0.0.1:64395 - R:localhost/127.0.0.1:53550]' for 'POST' to 'http://localhost:53550/session/7f7237f6b7b416b55350c5691275deb2/element'
14:13:15.184 [Forwarding findElement on session 7f7237f6b7b416b55350c5691275deb2 to remote] DEBUG o.a.netty.request.NettyRequestSender - Using open Channel [id: 0xa6657862, L:/127.0.0.1:64395 - R:localhost/127.0.0.1:53550] for POST '/session/7f7237f6b7b416b55350c5691275deb2/element'
14:13:15.186 [AsyncHttpClient-1-8] TRACE i.n.handler.logging.LoggingHandler - [id: 0xa6657862, L:/127.0.0.1:64395 - R:localhost/127.0.0.1:53550] WRITE: 214B
         +-------------------------------------------------+
         |  0  1  2  3  4  5  6  7  8  9  a  b  c  d  e  f |
+--------+-------------------------------------------------+----------------+
|00000000| 50 4f 53 54 20 2f 73 65 73 73 69 6f 6e 2f 37 66 |POST /session/7f|
|00000010| 37 32 33 37 66 36 62 37 62 34 31 36 62 35 35 33 |7237f6b7b416b553|
|00000020| 35 30 63 35 36 39 31 32 37 35 64 65 62 32 2f 65 |50c5691275deb2/e|
|00000030| 6c 65 6d 65 6e 74 20 48 54 54 50 2f 31 2e 31 0d |lement HTTP/1.1.|
|00000040| 0a 55 73 65 72 2d 41 67 65 6e 74 3a 20 73 65 6c |.User-Agent: sel|
|00000050| 65 6e 69 75 6d 2f 34 2e 34 2e 30 20 28 6a 61 76 |enium/4.4.0 (jav|
|00000060| 61 20 77 69 6e 64 6f 77 73 29 0d 0a 43 6f 6e 74 |a windows)..Cont|
|00000070| 65 6e 74 2d 4c 65 6e 67 74 68 3a 20 31 36 36 0d |ent-Length: 166.|
|00000080| 0a 43 6f 6e 74 65 6e 74 2d 54 79 70 65 3a 20 61 |.Content-Type: a|
|00000090| 70 70 6c 69 63 61 74 69 6f 6e 2f 6a 73 6f 6e 3b |pplication/json;|
|000000a0| 20 63 68 61 72 73 65 74 3d 75 74 66 2d 38 0d 0a | charset=utf-8..|
|000000b0| 68 6f 73 74 3a 20 6c 6f 63 61 6c 68 6f 73 74 3a |host: localhost:|
|000000c0| 35 33 35 35 30 0d 0a 61 63 63 65 70 74 3a 20 2a |53550..accept: *|
|000000d0| 2f 2a 0d 0a 0d 0a                               |/*....          |
+--------+-------------------------------------------------+----------------+
14:13:15.186 [AsyncHttpClient-1-8] TRACE i.n.handler.logging.LoggingHandler - [id: 0xa6657862, L:/127.0.0.1:64395 - R:localhost/127.0.0.1:53550] WRITE: 166B
         +-------------------------------------------------+
         |  0  1  2  3  4  5  6  7  8  9  a  b  c  d  e  f |
+--------+-------------------------------------------------+----------------+
|00000000| 7b 0a 20 20 22 75 73 69 6e 67 22 3a 20 22 78 70 |{.  "using": "xp|
|00000010| 61 74 68 22 2c 0a 20 20 22 76 61 6c 75 65 22 3a |ath",.  "value":|
|00000020| 20 22 5c 75 30 30 32 66 5c 75 30 30 32 66 64 69 | "\u002f\u002fdi|
|00000030| 76 5b 63 6f 6e 74 61 69 6e 73 28 40 63 6c 61 73 |v[contains(@clas|
|00000040| 73 2c 27 69 74 65 6d 2d 2d 61 63 74 69 76 65 27 |s,'item--active'|
|00000050| 29 5d 5c 75 30 30 32 66 5c 75 30 30 32 66 75 6c |)]\u002f\u002ful|
|00000060| 5b 63 6f 6e 74 61 69 6e 73 28 40 63 6c 61 73 73 |[contains(@class|
|00000070| 2c 20 27 6d 65 6e 75 2d 62 75 72 67 65 72 5f 5f |, 'menu-burger__|
|00000080| 73 65 74 27 29 5d 5c 75 30 30 32 66 5c 75 30 30 |set')]\u002f\u00|
|00000090| 32 66 61 5b 2e 3d 27 d0 91 d1 80 d1 8e d0 ba d0 |2fa[.='.........|
|000000a0| b8 27 5d 22 0a 7d                               |.']".}          |
+--------+-------------------------------------------------+----------------+
14:13:15.187 [AsyncHttpClient-1-8] TRACE i.n.handler.logging.LoggingHandler - [id: 0xa6657862, L:/127.0.0.1:64395 - R:localhost/127.0.0.1:53550] FLUSH
14:13:15.187 [AsyncHttpClient-1-8] TRACE i.n.handler.logging.LoggingHandler - [id: 0xa6657862, L:/127.0.0.1:64395 - R:localhost/127.0.0.1:53550] WRITE: 0B
14:13:15.187 [AsyncHttpClient-1-8] TRACE i.n.handler.logging.LoggingHandler - [id: 0xa6657862, L:/127.0.0.1:64395 - R:localhost/127.0.0.1:53550] FLUSH
14:13:15.212 [AsyncHttpClient-1-8] TRACE i.n.handler.logging.LoggingHandler - [id: 0xa6657862, L:/127.0.0.1:64395 - R:localhost/127.0.0.1:53550] READ: 1221B
         +-------------------------------------------------+
         |  0  1  2  3  4  5  6  7  8  9  a  b  c  d  e  f |
+--------+-------------------------------------------------+----------------+
|00000000| 48 54 54 50 2f 31 2e 31 20 34 30 34 20 4e 6f 74 |HTTP/1.1 404 Not|
|00000010| 20 46 6f 75 6e 64 0d 0a 43 6f 6e 74 65 6e 74 2d | Found..Content-|
|00000020| 4c 65 6e 67 74 68 3a 31 31 30 34 0d 0a 43 6f 6e |Length:1104..Con|
|00000030| 74 65 6e 74 2d 54 79 70 65 3a 61 70 70 6c 69 63 |tent-Type:applic|
|00000040| 61 74 69 6f 6e 2f 6a 73 6f 6e 3b 20 63 68 61 72 |ation/json; char|
|00000050| 73 65 74 3d 75 74 66 2d 38 0d 0a 63 61 63 68 65 |set=utf-8..cache|
|00000060| 2d 63 6f 6e 74 72 6f 6c 3a 6e 6f 2d 63 61 63 68 |-control:no-cach|
|00000070| 65 0d 0a 0d 0a 7b 22 76 61 6c 75 65 22 3a 7b 22 |e....{"value":{"|
|00000080| 65 72 72 6f 72 22 3a 22 6e 6f 20 73 75 63 68 20 |error":"no such |
|00000090| 65 6c 65 6d 65 6e 74 22 2c 22 6d 65 73 73 61 67 |element","messag|
|000000a0| 65 22 3a 22 6e 6f 20 73 75 63 68 20 65 6c 65 6d |e":"no such elem|
|000000b0| 65 6e 74 3a 20 55 6e 61 62 6c 65 20 74 6f 20 6c |ent: Unable to l|
|000000c0| 6f 63 61 74 65 20 65 6c 65 6d 65 6e 74 3a 20 7b |ocate element: {|
|000000d0| 5c 22 6d 65 74 68 6f 64 5c 22 3a 5c 22 78 70 61 |\"method\":\"xpa|
|000000e0| 74 68 5c 22 2c 5c 22 73 65 6c 65 63 74 6f 72 5c |th\",\"selector\|
|000000f0| 22 3a 5c 22 2f 2f 64 69 76 5b 63 6f 6e 74 61 69 |":\"//div[contai|
|00000100| 6e 73 28 40 63 6c 61 73 73 2c 27 69 74 65 6d 2d |ns(@class,'item-|
|00000110| 2d 61 63 74 69 76 65 27 29 5d 2f 2f 75 6c 5b 63 |-active')]//ul[c|
|00000120| 6f 6e 74 61 69 6e 73 28 40 63 6c 61 73 73 2c 20 |ontains(@class, |
|00000130| 27 6d 65 6e 75 2d 62 75 72 67 65 72 5f 5f 73 65 |'menu-burger__se|
|00000140| 74 27 29 5d 2f 2f 61 5b 2e 3d 27 d0 91 d1 80 d1 |t')]//a[.='.....|
|00000150| 8e d0 ba d0 b8 27 5d 5c 22 7d 5c 6e 20 20 28 53 |.....']\"}\n  (S|
|00000160| 65 73 73 69 6f 6e 20 69 6e 66 6f 3a 20 63 68 72 |ession info: chr|
|00000170| 6f 6d 65 3d 31 30 35 2e 30 2e 35 31 39 35 2e 31 |ome=105.0.5195.1|
|00000180| 32 37 29 22 2c 22 73 74 61 63 6b 74 72 61 63 65 |27)","stacktrace|
|00000190| 22 3a 22 42 61 63 6b 74 72 61 63 65 3a 5c 6e 5c |":"Backtrace:\n\|
|000001a0| 74 4f 72 64 69 6e 61 6c 30 20 5b 30 78 30 30 39 |tOrdinal0 [0x009|
|000001b0| 33 44 46 31 33 2b 32 32 31 39 37 39 35 5d 5c 6e |3DF13+2219795]\n|
|000001c0| 5c 74 4f 72 64 69 6e 61 6c 30 20 5b 30 78 30 30 |\tOrdinal0 [0x00|
|000001d0| 38 44 32 38 34 31 2b 31 37 37 39 37 37 37 5d 5c |8D2841+1779777]\|
|000001e0| 6e 5c 74 4f 72 64 69 6e 61 6c 30 20 5b 30 78 30 |n\tOrdinal0 [0x0|
|000001f0| 30 37 45 34 32 33 44 2b 38 30 33 33 38 39 5d 5c |07E423D+803389]\|
|00000200| 6e 5c 74 4f 72 64 69 6e 61 6c 30 20 5b 30 78 30 |n\tOrdinal0 [0x0|
|00000210| 30 38 31 33 30 32 35 2b 39 39 35 33 36 35 5d 5c |0813025+995365]\|
|00000220| 6e 5c 74 4f 72 64 69 6e 61 6c 30 20 5b 30 78 30 |n\tOrdinal0 [0x0|
|00000230| 30 38 31 33 31 45 42 2b 39 39 35 38 31 39 5d 5c |08131EB+995819]\|
|00000240| 6e 5c 74 4f 72 64 69 6e 61 6c 30 20 5b 30 78 30 |n\tOrdinal0 [0x0|
|00000250| 30 38 34 30 46 35 32 2b 31 31 38 33 35 37 30 5d |0840F52+1183570]|
|00000260| 5c 6e 5c 74 4f 72 64 69 6e 61 6c 30 20 5b 30 78 |\n\tOrdinal0 [0x|
|00000270| 30 30 38 32 45 38 34 34 2b 31 31 30 38 30 33 36 |0082E844+1108036|
|00000280| 5d 5c 6e 5c 74 4f 72 64 69 6e 61 6c 30 20 5b 30 |]\n\tOrdinal0 [0|
|00000290| 78 30 30 38 33 46 31 39 32 2b 31 31 37 35 39 35 |x0083F192+117595|
|000002a0| 34 5d 5c 6e 5c 74 4f 72 64 69 6e 61 6c 30 20 5b |4]\n\tOrdinal0 [|
|000002b0| 30 78 30 30 38 32 45 36 31 36 2b 31 31 30 37 34 |0x0082E616+11074|
|000002c0| 37 38 5d 5c 6e 5c 74 4f 72 64 69 6e 61 6c 30 20 |78]\n\tOrdinal0 |
|000002d0| 5b 30 78 30 30 38 30 37 46 38 39 2b 39 35 30 31 |[0x00807F89+9501|
|000002e0| 35 33 5d 5c 6e 5c 74 4f 72 64 69 6e 61 6c 30 20 |53]\n\tOrdinal0 |
|000002f0| 5b 30 78 30 30 38 30 38 46 35 36 2b 39 35 34 31 |[0x00808F56+9541|
|00000300| 39 38 5d 5c 6e 5c 74 47 65 74 48 61 6e 64 6c 65 |98]\n\tGetHandle|
|00000310| 56 65 72 69 66 69 65 72 20 5b 30 78 30 30 43 33 |Verifier [0x00C3|
|00000320| 32 43 42 32 2b 33 30 34 30 32 31 30 5d 5c 6e 5c |2CB2+3040210]\n\|
|00000330| 74 47 65 74 48 61 6e 64 6c 65 56 65 72 69 66 69 |tGetHandleVerifi|
|00000340| 65 72 20 5b 30 78 30 30 43 32 32 42 42 34 2b 32 |er [0x00C22BB4+2|
|00000350| 39 37 34 34 32 30 5d 5c 6e 5c 74 47 65 74 48 61 |974420]\n\tGetHa|
|00000360| 6e 64 6c 65 56 65 72 69 66 69 65 72 20 5b 30 78 |ndleVerifier [0x|
|00000370| 30 30 39 44 36 41 30 41 2b 35 36 35 35 34 36 5d |009D6A0A+565546]|
|00000380| 5c 6e 5c 74 47 65 74 48 61 6e 64 6c 65 56 65 72 |\n\tGetHandleVer|
|00000390| 69 66 69 65 72 20 5b 30 78 30 30 39 44 35 36 38 |ifier [0x009D568|
|000003a0| 30 2b 35 36 30 35 34 34 5d 5c 6e 5c 74 4f 72 64 |0+560544]\n\tOrd|
|000003b0| 69 6e 61 6c 30 20 5b 30 78 30 30 38 44 39 41 35 |inal0 [0x008D9A5|
|000003c0| 43 2b 31 38 30 38 39 38 38 5d 5c 6e 5c 74 4f 72 |C+1808988]\n\tOr|
|000003d0| 64 69 6e 61 6c 30 20 5b 30 78 30 30 38 44 45 33 |dinal0 [0x008DE3|
|000003e0| 41 38 2b 31 38 32 37 37 35 32 5d 5c 6e 5c 74 4f |A8+1827752]\n\tO|
|000003f0| 72 64 69 6e 61 6c 30 20 5b 30 78 30 30 38 44 45 |rdinal0 [0x008DE|
|00000400| 34 39 35 2b 31 38 32 37 39 38 39 5d 5c 6e 5c 74 |495+1827989]\n\t|
|00000410| 4f 72 64 69 6e 61 6c 30 20 5b 30 78 30 30 38 45 |Ordinal0 [0x008E|
|00000420| 38 30 41 34 2b 31 38 36 37 39 34 30 5d 5c 6e 5c |80A4+1867940]\n\|
|00000430| 74 42 61 73 65 54 68 72 65 61 64 49 6e 69 74 54 |tBaseThreadInitT|
|00000440| 68 75 6e 6b 20 5b 30 78 37 35 34 37 46 41 32 39 |hunk [0x7547FA29|
|00000450| 2b 32 35 5d 5c 6e 5c 74 52 74 6c 47 65 74 41 70 |+25]\n\tRtlGetAp|
|00000460| 70 43 6f 6e 74 61 69 6e 65 72 4e 61 6d 65 64 4f |pContainerNamedO|
|00000470| 62 6a 65 63 74 50 61 74 68 20 5b 30 78 37 37 32 |bjectPath [0x772|
|00000480| 38 37 42 35 45 2b 32 38 36 5d 5c 6e 5c 74 52 74 |87B5E+286]\n\tRt|
|00000490| 6c 47 65 74 41 70 70 43 6f 6e 74 61 69 6e 65 72 |lGetAppContainer|
|000004a0| 4e 61 6d 65 64 4f 62 6a 65 63 74 50 61 74 68 20 |NamedObjectPath |
|000004b0| 5b 30 78 37 37 32 38 37 42 32 45 2b 32 33 38 5d |[0x77287B2E+238]|
|000004c0| 5c 6e 22 7d 7d                                  |\n"}}           |
+--------+-------------------------------------------------+----------------+
14:13:15.212 [AsyncHttpClient-1-8] DEBUG o.a.netty.handler.HttpHandler - 

Request DefaultHttpRequest(decodeResult: success, version: HTTP/1.1)
POST /session/7f7237f6b7b416b55350c5691275deb2/element HTTP/1.1
User-Agent: selenium/4.4.0 (java windows)
Content-Length: 166
Content-Type: application/json; charset=utf-8
host: localhost:53550
accept: */*

Response DefaultHttpResponse(decodeResult: success, version: HTTP/1.1)
HTTP/1.1 404 Not Found
Content-Type: application/json; charset=utf-8
cache-control: no-cache
content-length: 1104

14:13:15.212 [AsyncHttpClient-1-8] DEBUG o.a.netty.channel.ChannelManager - Adding key: http://localhost:53550 for channel [id: 0xa6657862, L:/127.0.0.1:64395 - R:localhost/127.0.0.1:53550]
14:13:15.212 [AsyncHttpClient-1-8] TRACE i.n.handler.logging.LoggingHandler - [id: 0xa6657862, L:/127.0.0.1:64395 - R:localhost/127.0.0.1:53550] READ COMPLETE
14:13:15.719 [Forwarding findElement on session 7f7237f6b7b416b55350c5691275deb2 to remote] DEBUG o.a.netty.request.NettyRequestSender - Using pooled Channel '[id: 0xa6657862, L:/127.0.0.1:64395 - R:localhost/127.0.0.1:53550]' for 'POST' to 'http://localhost:53550/session/7f7237f6b7b416b55350c5691275deb2/element'
14:13:15.719 [Forwarding findElement on session 7f7237f6b7b416b55350c5691275deb2 to remote] DEBUG o.a.netty.request.NettyRequestSender - Using open Channel [id: 0xa6657862, L:/127.0.0.1:64395 - R:localhost/127.0.0.1:53550] for POST '/session/7f7237f6b7b416b55350c5691275deb2/element'
14:13:15.721 [AsyncHttpClient-1-8] TRACE i.n.handler.logging.LoggingHandler - [id: 0xa6657862, L:/127.0.0.1:64395 - R:localhost/127.0.0.1:53550] WRITE: 214B
         +-------------------------------------------------+
         |  0  1  2  3  4  5  6  7  8  9  a  b  c  d  e  f |
+--------+-------------------------------------------------+----------------+
|00000000| 50 4f 53 54 20 2f 73 65 73 73 69 6f 6e 2f 37 66 |POST /session/7f|
|00000010| 37 32 33 37 66 36 62 37 62 34 31 36 62 35 35 33 |7237f6b7b416b553|
|00000020| 35 30 63 35 36 39 31 32 37 35 64 65 62 32 2f 65 |50c5691275deb2/e|
|00000030| 6c 65 6d 65 6e 74 20 48 54 54 50 2f 31 2e 31 0d |lement HTTP/1.1.|
|00000040| 0a 55 73 65 72 2d 41 67 65 6e 74 3a 20 73 65 6c |.User-Agent: sel|
|00000050| 65 6e 69 75 6d 2f 34 2e 34 2e 30 20 28 6a 61 76 |enium/4.4.0 (jav|
|00000060| 61 20 77 69 6e 64 6f 77 73 29 0d 0a 43 6f 6e 74 |a windows)..Cont|
|00000070| 65 6e 74 2d 4c 65 6e 67 74 68 3a 20 31 36 36 0d |ent-Length: 166.|
|00000080| 0a 43 6f 6e 74 65 6e 74 2d 54 79 70 65 3a 20 61 |.Content-Type: a|
|00000090| 70 70 6c 69 63 61 74 69 6f 6e 2f 6a 73 6f 6e 3b |pplication/json;|
|000000a0| 20 63 68 61 72 73 65 74 3d 75 74 66 2d 38 0d 0a | charset=utf-8..|
|000000b0| 68 6f 73 74 3a 20 6c 6f 63 61 6c 68 6f 73 74 3a |host: localhost:|
|000000c0| 35 33 35 35 30 0d 0a 61 63 63 65 70 74 3a 20 2a |53550..accept: *|
|000000d0| 2f 2a 0d 0a 0d 0a                               |/*....          |
+--------+-------------------------------------------------+----------------+
14:13:15.721 [AsyncHttpClient-1-8] TRACE i.n.handler.logging.LoggingHandler - [id: 0xa6657862, L:/127.0.0.1:64395 - R:localhost/127.0.0.1:53550] WRITE: 166B
         +-------------------------------------------------+
         |  0  1  2  3  4  5  6  7  8  9  a  b  c  d  e  f |
+--------+-------------------------------------------------+----------------+
|00000000| 7b 0a 20 20 22 75 73 69 6e 67 22 3a 20 22 78 70 |{.  "using": "xp|
|00000010| 61 74 68 22 2c 0a 20 20 22 76 61 6c 75 65 22 3a |ath",.  "value":|
|00000020| 20 22 5c 75 30 30 32 66 5c 75 30 30 32 66 64 69 | "\u002f\u002fdi|
|00000030| 76 5b 63 6f 6e 74 61 69 6e 73 28 40 63 6c 61 73 |v[contains(@clas|
|00000040| 73 2c 27 69 74 65 6d 2d 2d 61 63 74 69 76 65 27 |s,'item--active'|
|00000050| 29 5d 5c 75 30 30 32 66 5c 75 30 30 32 66 75 6c |)]\u002f\u002ful|
|00000060| 5b 63 6f 6e 74 61 69 6e 73 28 40 63 6c 61 73 73 |[contains(@class|
|00000070| 2c 20 27 6d 65 6e 75 2d 62 75 72 67 65 72 5f 5f |, 'menu-burger__|
|00000080| 73 65 74 27 29 5d 5c 75 30 30 32 66 5c 75 30 30 |set')]\u002f\u00|
|00000090| 32 66 61 5b 2e 3d 27 d0 91 d1 80 d1 8e d0 ba d0 |2fa[.='.........|
|000000a0| b8 27 5d 22 0a 7d                               |.']".}          |
+--------+-------------------------------------------------+----------------+
14:13:15.721 [AsyncHttpClient-1-8] TRACE i.n.handler.logging.LoggingHandler - [id: 0xa6657862, L:/127.0.0.1:64395 - R:localhost/127.0.0.1:53550] FLUSH
14:13:15.721 [AsyncHttpClient-1-8] TRACE i.n.handler.logging.LoggingHandler - [id: 0xa6657862, L:/127.0.0.1:64395 - R:localhost/127.0.0.1:53550] WRITE: 0B
14:13:15.721 [AsyncHttpClient-1-8] TRACE i.n.handler.logging.LoggingHandler - [id: 0xa6657862, L:/127.0.0.1:64395 - R:localhost/127.0.0.1:53550] FLUSH
14:13:15.739 [AsyncHttpClient-1-8] TRACE i.n.handler.logging.LoggingHandler - [id: 0xa6657862, L:/127.0.0.1:64395 - R:localhost/127.0.0.1:53550] READ: 1221B
         +-------------------------------------------------+
         |  0  1  2  3  4  5  6  7  8  9  a  b  c  d  e  f |
+--------+-------------------------------------------------+----------------+
|00000000| 48 54 54 50 2f 31 2e 31 20 34 30 34 20 4e 6f 74 |HTTP/1.1 404 Not|
|00000010| 20 46 6f 75 6e 64 0d 0a 43 6f 6e 74 65 6e 74 2d | Found..Content-|
|00000020| 4c 65 6e 67 74 68 3a 31 31 30 34 0d 0a 43 6f 6e |Length:1104..Con|
|00000030| 74 65 6e 74 2d 54 79 70 65 3a 61 70 70 6c 69 63 |tent-Type:applic|
|00000040| 61 74 69 6f 6e 2f 6a 73 6f 6e 3b 20 63 68 61 72 |ation/json; char|
|00000050| 73 65 74 3d 75 74 66 2d 38 0d 0a 63 61 63 68 65 |set=utf-8..cache|
|00000060| 2d 63 6f 6e 74 72 6f 6c 3a 6e 6f 2d 63 61 63 68 |-control:no-cach|
|00000070| 65 0d 0a 0d 0a 7b 22 76 61 6c 75 65 22 3a 7b 22 |e....{"value":{"|
|00000080| 65 72 72 6f 72 22 3a 22 6e 6f 20 73 75 63 68 20 |error":"no such |
|00000090| 65 6c 65 6d 65 6e 74 22 2c 22 6d 65 73 73 61 67 |element","messag|
|000000a0| 65 22 3a 22 6e 6f 20 73 75 63 68 20 65 6c 65 6d |e":"no such elem|
|000000b0| 65 6e 74 3a 20 55 6e 61 62 6c 65 20 74 6f 20 6c |ent: Unable to l|
|000000c0| 6f 63 61 74 65 20 65 6c 65 6d 65 6e 74 3a 20 7b |ocate element: {|
|000000d0| 5c 22 6d 65 74 68 6f 64 5c 22 3a 5c 22 78 70 61 |\"method\":\"xpa|
|000000e0| 74 68 5c 22 2c 5c 22 73 65 6c 65 63 74 6f 72 5c |th\",\"selector\|
|000000f0| 22 3a 5c 22 2f 2f 64 69 76 5b 63 6f 6e 74 61 69 |":\"//div[contai|
|00000100| 6e 73 28 40 63 6c 61 73 73 2c 27 69 74 65 6d 2d |ns(@class,'item-|
|00000110| 2d 61 63 74 69 76 65 27 29 5d 2f 2f 75 6c 5b 63 |-active')]//ul[c|
|00000120| 6f 6e 74 61 69 6e 73 28 40 63 6c 61 73 73 2c 20 |ontains(@class, |
|00000130| 27 6d 65 6e 75 2d 62 75 72 67 65 72 5f 5f 73 65 |'menu-burger__se|
|00000140| 74 27 29 5d 2f 2f 61 5b 2e 3d 27 d0 91 d1 80 d1 |t')]//a[.='.....|
|00000150| 8e d0 ba d0 b8 27 5d 5c 22 7d 5c 6e 20 20 28 53 |.....']\"}\n  (S|
|00000160| 65 73 73 69 6f 6e 20 69 6e 66 6f 3a 20 63 68 72 |ession info: chr|
|00000170| 6f 6d 65 3d 31 30 35 2e 30 2e 35 31 39 35 2e 31 |ome=105.0.5195.1|
|00000180| 32 37 29 22 2c 22 73 74 61 63 6b 74 72 61 63 65 |27)","stacktrace|
|00000190| 22 3a 22 42 61 63 6b 74 72 61 63 65 3a 5c 6e 5c |":"Backtrace:\n\|
|000001a0| 74 4f 72 64 69 6e 61 6c 30 20 5b 30 78 30 30 39 |tOrdinal0 [0x009|
|000001b0| 33 44 46 31 33 2b 32 32 31 39 37 39 35 5d 5c 6e |3DF13+2219795]\n|
|000001c0| 5c 74 4f 72 64 69 6e 61 6c 30 20 5b 30 78 30 30 |\tOrdinal0 [0x00|
|000001d0| 38 44 32 38 34 31 2b 31 37 37 39 37 37 37 5d 5c |8D2841+1779777]\|
|000001e0| 6e 5c 74 4f 72 64 69 6e 61 6c 30 20 5b 30 78 30 |n\tOrdinal0 [0x0|
|000001f0| 30 37 45 34 32 33 44 2b 38 30 33 33 38 39 5d 5c |07E423D+803389]\|
|00000200| 6e 5c 74 4f 72 64 69 6e 61 6c 30 20 5b 30 78 30 |n\tOrdinal0 [0x0|
|00000210| 30 38 31 33 30 32 35 2b 39 39 35 33 36 35 5d 5c |0813025+995365]\|
|00000220| 6e 5c 74 4f 72 64 69 6e 61 6c 30 20 5b 30 78 30 |n\tOrdinal0 [0x0|
|00000230| 30 38 31 33 31 45 42 2b 39 39 35 38 31 39 5d 5c |08131EB+995819]\|
|00000240| 6e 5c 74 4f 72 64 69 6e 61 6c 30 20 5b 30 78 30 |n\tOrdinal0 [0x0|
|00000250| 30 38 34 30 46 35 32 2b 31 31 38 33 35 37 30 5d |0840F52+1183570]|
|00000260| 5c 6e 5c 74 4f 72 64 69 6e 61 6c 30 20 5b 30 78 |\n\tOrdinal0 [0x|
|00000270| 30 30 38 32 45 38 34 34 2b 31 31 30 38 30 33 36 |0082E844+1108036|
|00000280| 5d 5c 6e 5c 74 4f 72 64 69 6e 61 6c 30 20 5b 30 |]\n\tOrdinal0 [0|
|00000290| 78 30 30 38 33 46 31 39 32 2b 31 31 37 35 39 35 |x0083F192+117595|
|000002a0| 34 5d 5c 6e 5c 74 4f 72 64 69 6e 61 6c 30 20 5b |4]\n\tOrdinal0 [|
|000002b0| 30 78 30 30 38 32 45 36 31 36 2b 31 31 30 37 34 |0x0082E616+11074|
|000002c0| 37 38 5d 5c 6e 5c 74 4f 72 64 69 6e 61 6c 30 20 |78]\n\tOrdinal0 |
|000002d0| 5b 30 78 30 30 38 30 37 46 38 39 2b 39 35 30 31 |[0x00807F89+9501|
|000002e0| 35 33 5d 5c 6e 5c 74 4f 72 64 69 6e 61 6c 30 20 |53]\n\tOrdinal0 |
|000002f0| 5b 30 78 30 30 38 30 38 46 35 36 2b 39 35 34 31 |[0x00808F56+9541|
|00000300| 39 38 5d 5c 6e 5c 74 47 65 74 48 61 6e 64 6c 65 |98]\n\tGetHandle|
|00000310| 56 65 72 69 66 69 65 72 20 5b 30 78 30 30 43 33 |Verifier [0x00C3|
|00000320| 32 43 42 32 2b 33 30 34 30 32 31 30 5d 5c 6e 5c |2CB2+3040210]\n\|
|00000330| 74 47 65 74 48 61 6e 64 6c 65 56 65 72 69 66 69 |tGetHandleVerifi|
|00000340| 65 72 20 5b 30 78 30 30 43 32 32 42 42 34 2b 32 |er [0x00C22BB4+2|
|00000350| 39 37 34 34 32 30 5d 5c 6e 5c 74 47 65 74 48 61 |974420]\n\tGetHa|
|00000360| 6e 64 6c 65 56 65 72 69 66 69 65 72 20 5b 30 78 |ndleVerifier [0x|
|00000370| 30 30 39 44 36 41 30 41 2b 35 36 35 35 34 36 5d |009D6A0A+565546]|
|00000380| 5c 6e 5c 74 47 65 74 48 61 6e 64 6c 65 56 65 72 |\n\tGetHandleVer|
|00000390| 69 66 69 65 72 20 5b 30 78 30 30 39 44 35 36 38 |ifier [0x009D568|
|000003a0| 30 2b 35 36 30 35 34 34 5d 5c 6e 5c 74 4f 72 64 |0+560544]\n\tOrd|
|000003b0| 69 6e 61 6c 30 20 5b 30 78 30 30 38 44 39 41 35 |inal0 [0x008D9A5|
|000003c0| 43 2b 31 38 30 38 39 38 38 5d 5c 6e 5c 74 4f 72 |C+1808988]\n\tOr|
|000003d0| 64 69 6e 61 6c 30 20 5b 30 78 30 30 38 44 45 33 |dinal0 [0x008DE3|
|000003e0| 41 38 2b 31 38 32 37 37 35 32 5d 5c 6e 5c 74 4f |A8+1827752]\n\tO|
|000003f0| 72 64 69 6e 61 6c 30 20 5b 30 78 30 30 38 44 45 |rdinal0 [0x008DE|
|00000400| 34 39 35 2b 31 38 32 37 39 38 39 5d 5c 6e 5c 74 |495+1827989]\n\t|
|00000410| 4f 72 64 69 6e 61 6c 30 20 5b 30 78 30 30 38 45 |Ordinal0 [0x008E|
|00000420| 38 30 41 34 2b 31 38 36 37 39 34 30 5d 5c 6e 5c |80A4+1867940]\n\|
|00000430| 74 42 61 73 65 54 68 72 65 61 64 49 6e 69 74 54 |tBaseThreadInitT|
|00000440| 68 75 6e 6b 20 5b 30 78 37 35 34 37 46 41 32 39 |hunk [0x7547FA29|
|00000450| 2b 32 35 5d 5c 6e 5c 74 52 74 6c 47 65 74 41 70 |+25]\n\tRtlGetAp|
|00000460| 70 43 6f 6e 74 61 69 6e 65 72 4e 61 6d 65 64 4f |pContainerNamedO|
|00000470| 62 6a 65 63 74 50 61 74 68 20 5b 30 78 37 37 32 |bjectPath [0x772|
|00000480| 38 37 42 35 45 2b 32 38 36 5d 5c 6e 5c 74 52 74 |87B5E+286]\n\tRt|
|00000490| 6c 47 65 74 41 70 70 43 6f 6e 74 61 69 6e 65 72 |lGetAppContainer|
|000004a0| 4e 61 6d 65 64 4f 62 6a 65 63 74 50 61 74 68 20 |NamedObjectPath |
|000004b0| 5b 30 78 37 37 32 38 37 42 32 45 2b 32 33 38 5d |[0x77287B2E+238]|
|000004c0| 5c 6e 22 7d 7d                                  |\n"}}           |
+--------+-------------------------------------------------+----------------+
14:13:15.739 [AsyncHttpClient-1-8] DEBUG o.a.netty.handler.HttpHandler - 

Request DefaultHttpRequest(decodeResult: success, version: HTTP/1.1)
POST /session/7f7237f6b7b416b55350c5691275deb2/element HTTP/1.1
User-Agent: selenium/4.4.0 (java windows)
Content-Length: 166
Content-Type: application/json; charset=utf-8
host: localhost:53550
accept: */*

Response DefaultHttpResponse(decodeResult: success, version: HTTP/1.1)
HTTP/1.1 404 Not Found
Content-Type: application/json; charset=utf-8
cache-control: no-cache
content-length: 1104

14:13:15.739 [AsyncHttpClient-1-8] DEBUG o.a.netty.channel.ChannelManager - Adding key: http://localhost:53550 for channel [id: 0xa6657862, L:/127.0.0.1:64395 - R:localhost/127.0.0.1:53550]
14:13:15.740 [AsyncHttpClient-1-8] TRACE i.n.handler.logging.LoggingHandler - [id: 0xa6657862, L:/127.0.0.1:64395 - R:localhost/127.0.0.1:53550] READ COMPLETE
14:13:16.191 [AsyncHttpClient-1-1] DEBUG o.a.netty.channel.DefaultChannelPool - Entry count for : http://localhost:53550 : 1
14:13:16.191 [AsyncHttpClient-1-1] DEBUG o.a.netty.channel.DefaultChannelPool - Entry count for : http://localhost:64396 : 1
14:13:16.254 [Forwarding findElement on session 7f7237f6b7b416b55350c5691275deb2 to remote] DEBUG o.a.netty.request.NettyRequestSender - Using pooled Channel '[id: 0xa6657862, L:/127.0.0.1:64395 - R:localhost/127.0.0.1:53550]' for 'POST' to 'http://localhost:53550/session/7f7237f6b7b416b55350c5691275deb2/element'
14:13:16.254 [Forwarding findElement on session 7f7237f6b7b416b55350c5691275deb2 to remote] DEBUG o.a.netty.request.NettyRequestSender - Using open Channel [id: 0xa6657862, L:/127.0.0.1:64395 - R:localhost/127.0.0.1:53550] for POST '/session/7f7237f6b7b416b55350c5691275deb2/element'
14:13:16.255 [AsyncHttpClient-1-8] TRACE i.n.handler.logging.LoggingHandler - [id: 0xa6657862, L:/127.0.0.1:64395 - R:localhost/127.0.0.1:53550] WRITE: 214B
         +-------------------------------------------------+
         |  0  1  2  3  4  5  6  7  8  9  a  b  c  d  e  f |
+--------+-------------------------------------------------+----------------+
|00000000| 50 4f 53 54 20 2f 73 65 73 73 69 6f 6e 2f 37 66 |POST /session/7f|
|00000010| 37 32 33 37 66 36 62 37 62 34 31 36 62 35 35 33 |7237f6b7b416b553|
|00000020| 35 30 63 35 36 39 31 32 37 35 64 65 62 32 2f 65 |50c5691275deb2/e|
|00000030| 6c 65 6d 65 6e 74 20 48 54 54 50 2f 31 2e 31 0d |lement HTTP/1.1.|
|00000040| 0a 55 73 65 72 2d 41 67 65 6e 74 3a 20 73 65 6c |.User-Agent: sel|
|00000050| 65 6e 69 75 6d 2f 34 2e 34 2e 30 20 28 6a 61 76 |enium/4.4.0 (jav|
|00000060| 61 20 77 69 6e 64 6f 77 73 29 0d 0a 43 6f 6e 74 |a windows)..Cont|
|00000070| 65 6e 74 2d 4c 65 6e 67 74 68 3a 20 31 36 36 0d |ent-Length: 166.|
|00000080| 0a 43 6f 6e 74 65 6e 74 2d 54 79 70 65 3a 20 61 |.Content-Type: a|
|00000090| 70 70 6c 69 63 61 74 69 6f 6e 2f 6a 73 6f 6e 3b |pplication/json;|
|000000a0| 20 63 68 61 72 73 65 74 3d 75 74 66 2d 38 0d 0a | charset=utf-8..|
|000000b0| 68 6f 73 74 3a 20 6c 6f 63 61 6c 68 6f 73 74 3a |host: localhost:|
|000000c0| 35 33 35 35 30 0d 0a 61 63 63 65 70 74 3a 20 2a |53550..accept: *|
|000000d0| 2f 2a 0d 0a 0d 0a                               |/*....          |
+--------+-------------------------------------------------+----------------+
14:13:16.255 [AsyncHttpClient-1-8] TRACE i.n.handler.logging.LoggingHandler - [id: 0xa6657862, L:/127.0.0.1:64395 - R:localhost/127.0.0.1:53550] WRITE: 166B
         +-------------------------------------------------+
         |  0  1  2  3  4  5  6  7  8  9  a  b  c  d  e  f |
+--------+-------------------------------------------------+----------------+
|00000000| 7b 0a 20 20 22 75 73 69 6e 67 22 3a 20 22 78 70 |{.  "using": "xp|
|00000010| 61 74 68 22 2c 0a 20 20 22 76 61 6c 75 65 22 3a |ath",.  "value":|
|00000020| 20 22 5c 75 30 30 32 66 5c 75 30 30 32 66 64 69 | "\u002f\u002fdi|
|00000030| 76 5b 63 6f 6e 74 61 69 6e 73 28 40 63 6c 61 73 |v[contains(@clas|
|00000040| 73 2c 27 69 74 65 6d 2d 2d 61 63 74 69 76 65 27 |s,'item--active'|
|00000050| 29 5d 5c 75 30 30 32 66 5c 75 30 30 32 66 75 6c |)]\u002f\u002ful|
|00000060| 5b 63 6f 6e 74 61 69 6e 73 28 40 63 6c 61 73 73 |[contains(@class|
|00000070| 2c 20 27 6d 65 6e 75 2d 62 75 72 67 65 72 5f 5f |, 'menu-burger__|
|00000080| 73 65 74 27 29 5d 5c 75 30 30 32 66 5c 75 30 30 |set')]\u002f\u00|
|00000090| 32 66 61 5b 2e 3d 27 d0 91 d1 80 d1 8e d0 ba d0 |2fa[.='.........|
|000000a0| b8 27 5d 22 0a 7d                               |.']".}          |
+--------+-------------------------------------------------+----------------+
14:13:16.255 [AsyncHttpClient-1-8] TRACE i.n.handler.logging.LoggingHandler - [id: 0xa6657862, L:/127.0.0.1:64395 - R:localhost/127.0.0.1:53550] FLUSH
14:13:16.256 [AsyncHttpClient-1-8] TRACE i.n.handler.logging.LoggingHandler - [id: 0xa6657862, L:/127.0.0.1:64395 - R:localhost/127.0.0.1:53550] WRITE: 0B
14:13:16.256 [AsyncHttpClient-1-8] TRACE i.n.handler.logging.LoggingHandler - [id: 0xa6657862, L:/127.0.0.1:64395 - R:localhost/127.0.0.1:53550] FLUSH
14:13:16.275 [AsyncHttpClient-1-8] TRACE i.n.handler.logging.LoggingHandler - [id: 0xa6657862, L:/127.0.0.1:64395 - R:localhost/127.0.0.1:53550] READ: 1221B
         +-------------------------------------------------+
         |  0  1  2  3  4  5  6  7  8  9  a  b  c  d  e  f |
+--------+-------------------------------------------------+----------------+
|00000000| 48 54 54 50 2f 31 2e 31 20 34 30 34 20 4e 6f 74 |HTTP/1.1 404 Not|
|00000010| 20 46 6f 75 6e 64 0d 0a 43 6f 6e 74 65 6e 74 2d | Found..Content-|
|00000020| 4c 65 6e 67 74 68 3a 31 31 30 34 0d 0a 43 6f 6e |Length:1104..Con|
|00000030| 74 65 6e 74 2d 54 79 70 65 3a 61 70 70 6c 69 63 |tent-Type:applic|
|00000040| 61 74 69 6f 6e 2f 6a 73 6f 6e 3b 20 63 68 61 72 |ation/json; char|
|00000050| 73 65 74 3d 75 74 66 2d 38 0d 0a 63 61 63 68 65 |set=utf-8..cache|
|00000060| 2d 63 6f 6e 74 72 6f 6c 3a 6e 6f 2d 63 61 63 68 |-control:no-cach|
|00000070| 65 0d 0a 0d 0a 7b 22 76 61 6c 75 65 22 3a 7b 22 |e....{"value":{"|
|00000080| 65 72 72 6f 72 22 3a 22 6e 6f 20 73 75 63 68 20 |error":"no such |
|00000090| 65 6c 65 6d 65 6e 74 22 2c 22 6d 65 73 73 61 67 |element","messag|
|000000a0| 65 22 3a 22 6e 6f 20 73 75 63 68 20 65 6c 65 6d |e":"no such elem|
|000000b0| 65 6e 74 3a 20 55 6e 61 62 6c 65 20 74 6f 20 6c |ent: Unable to l|
|000000c0| 6f 63 61 74 65 20 65 6c 65 6d 65 6e 74 3a 20 7b |ocate element: {|
|000000d0| 5c 22 6d 65 74 68 6f 64 5c 22 3a 5c 22 78 70 61 |\"method\":\"xpa|
|000000e0| 74 68 5c 22 2c 5c 22 73 65 6c 65 63 74 6f 72 5c |th\",\"selector\|
|000000f0| 22 3a 5c 22 2f 2f 64 69 76 5b 63 6f 6e 74 61 69 |":\"//div[contai|
|00000100| 6e 73 28 40 63 6c 61 73 73 2c 27 69 74 65 6d 2d |ns(@class,'item-|
|00000110| 2d 61 63 74 69 76 65 27 29 5d 2f 2f 75 6c 5b 63 |-active')]//ul[c|
|00000120| 6f 6e 74 61 69 6e 73 28 40 63 6c 61 73 73 2c 20 |ontains(@class, |
|00000130| 27 6d 65 6e 75 2d 62 75 72 67 65 72 5f 5f 73 65 |'menu-burger__se|
|00000140| 74 27 29 5d 2f 2f 61 5b 2e 3d 27 d0 91 d1 80 d1 |t')]//a[.='.....|
|00000150| 8e d0 ba d0 b8 27 5d 5c 22 7d 5c 6e 20 20 28 53 |.....']\"}\n  (S|
|00000160| 65 73 73 69 6f 6e 20 69 6e 66 6f 3a 20 63 68 72 |ession info: chr|
|00000170| 6f 6d 65 3d 31 30 35 2e 30 2e 35 31 39 35 2e 31 |ome=105.0.5195.1|
|00000180| 32 37 29 22 2c 22 73 74 61 63 6b 74 72 61 63 65 |27)","stacktrace|
|00000190| 22 3a 22 42 61 63 6b 74 72 61 63 65 3a 5c 6e 5c |":"Backtrace:\n\|
|000001a0| 74 4f 72 64 69 6e 61 6c 30 20 5b 30 78 30 30 39 |tOrdinal0 [0x009|
|000001b0| 33 44 46 31 33 2b 32 32 31 39 37 39 35 5d 5c 6e |3DF13+2219795]\n|
|000001c0| 5c 74 4f 72 64 69 6e 61 6c 30 20 5b 30 78 30 30 |\tOrdinal0 [0x00|
|000001d0| 38 44 32 38 34 31 2b 31 37 37 39 37 37 37 5d 5c |8D2841+1779777]\|
|000001e0| 6e 5c 74 4f 72 64 69 6e 61 6c 30 20 5b 30 78 30 |n\tOrdinal0 [0x0|
|000001f0| 30 37 45 34 32 33 44 2b 38 30 33 33 38 39 5d 5c |07E423D+803389]\|
|00000200| 6e 5c 74 4f 72 64 69 6e 61 6c 30 20 5b 30 78 30 |n\tOrdinal0 [0x0|
|00000210| 30 38 31 33 30 32 35 2b 39 39 35 33 36 35 5d 5c |0813025+995365]\|
|00000220| 6e 5c 74 4f 72 64 69 6e 61 6c 30 20 5b 30 78 30 |n\tOrdinal0 [0x0|
|00000230| 30 38 31 33 31 45 42 2b 39 39 35 38 31 39 5d 5c |08131EB+995819]\|
|00000240| 6e 5c 74 4f 72 64 69 6e 61 6c 30 20 5b 30 78 30 |n\tOrdinal0 [0x0|
|00000250| 30 38 34 30 46 35 32 2b 31 31 38 33 35 37 30 5d |0840F52+1183570]|
|00000260| 5c 6e 5c 74 4f 72 64 69 6e 61 6c 30 20 5b 30 78 |\n\tOrdinal0 [0x|
|00000270| 30 30 38 32 45 38 34 34 2b 31 31 30 38 30 33 36 |0082E844+1108036|
|00000280| 5d 5c 6e 5c 74 4f 72 64 69 6e 61 6c 30 20 5b 30 |]\n\tOrdinal0 [0|
|00000290| 78 30 30 38 33 46 31 39 32 2b 31 31 37 35 39 35 |x0083F192+117595|
|000002a0| 34 5d 5c 6e 5c 74 4f 72 64 69 6e 61 6c 30 20 5b |4]\n\tOrdinal0 [|
|000002b0| 30 78 30 30 38 32 45 36 31 36 2b 31 31 30 37 34 |0x0082E616+11074|
|000002c0| 37 38 5d 5c 6e 5c 74 4f 72 64 69 6e 61 6c 30 20 |78]\n\tOrdinal0 |
|000002d0| 5b 30 78 30 30 38 30 37 46 38 39 2b 39 35 30 31 |[0x00807F89+9501|
|000002e0| 35 33 5d 5c 6e 5c 74 4f 72 64 69 6e 61 6c 30 20 |53]\n\tOrdinal0 |
|000002f0| 5b 30 78 30 30 38 30 38 46 35 36 2b 39 35 34 31 |[0x00808F56+9541|
|00000300| 39 38 5d 5c 6e 5c 74 47 65 74 48 61 6e 64 6c 65 |98]\n\tGetHandle|
|00000310| 56 65 72 69 66 69 65 72 20 5b 30 78 30 30 43 33 |Verifier [0x00C3|
|00000320| 32 43 42 32 2b 33 30 34 30 32 31 30 5d 5c 6e 5c |2CB2+3040210]\n\|
|00000330| 74 47 65 74 48 61 6e 64 6c 65 56 65 72 69 66 69 |tGetHandleVerifi|
|00000340| 65 72 20 5b 30 78 30 30 43 32 32 42 42 34 2b 32 |er [0x00C22BB4+2|
|00000350| 39 37 34 34 32 30 5d 5c 6e 5c 74 47 65 74 48 61 |974420]\n\tGetHa|
|00000360| 6e 64 6c 65 56 65 72 69 66 69 65 72 20 5b 30 78 |ndleVerifier [0x|
|00000370| 30 30 39 44 36 41 30 41 2b 35 36 35 35 34 36 5d |009D6A0A+565546]|
|00000380| 5c 6e 5c 74 47 65 74 48 61 6e 64 6c 65 56 65 72 |\n\tGetHandleVer|
|00000390| 69 66 69 65 72 20 5b 30 78 30 30 39 44 35 36 38 |ifier [0x009D568|
|000003a0| 30 2b 35 36 30 35 34 34 5d 5c 6e 5c 74 4f 72 64 |0+560544]\n\tOrd|
|000003b0| 69 6e 61 6c 30 20 5b 30 78 30 30 38 44 39 41 35 |inal0 [0x008D9A5|
|000003c0| 43 2b 31 38 30 38 39 38 38 5d 5c 6e 5c 74 4f 72 |C+1808988]\n\tOr|
|000003d0| 64 69 6e 61 6c 30 20 5b 30 78 30 30 38 44 45 33 |dinal0 [0x008DE3|
|000003e0| 41 38 2b 31 38 32 37 37 35 32 5d 5c 6e 5c 74 4f |A8+1827752]\n\tO|
|000003f0| 72 64 69 6e 61 6c 30 20 5b 30 78 30 30 38 44 45 |rdinal0 [0x008DE|
|00000400| 34 39 35 2b 31 38 32 37 39 38 39 5d 5c 6e 5c 74 |495+1827989]\n\t|
|00000410| 4f 72 64 69 6e 61 6c 30 20 5b 30 78 30 30 38 45 |Ordinal0 [0x008E|
|00000420| 38 30 41 34 2b 31 38 36 37 39 34 30 5d 5c 6e 5c |80A4+1867940]\n\|
|00000430| 74 42 61 73 65 54 68 72 65 61 64 49 6e 69 74 54 |tBaseThreadInitT|
|00000440| 68 75 6e 6b 20 5b 30 78 37 35 34 37 46 41 32 39 |hunk [0x7547FA29|
|00000450| 2b 32 35 5d 5c 6e 5c 74 52 74 6c 47 65 74 41 70 |+25]\n\tRtlGetAp|
|00000460| 70 43 6f 6e 74 61 69 6e 65 72 4e 61 6d 65 64 4f |pContainerNamedO|
|00000470| 62 6a 65 63 74 50 61 74 68 20 5b 30 78 37 37 32 |bjectPath [0x772|
|00000480| 38 37 42 35 45 2b 32 38 36 5d 5c 6e 5c 74 52 74 |87B5E+286]\n\tRt|
|00000490| 6c 47 65 74 41 70 70 43 6f 6e 74 61 69 6e 65 72 |lGetAppContainer|
|000004a0| 4e 61 6d 65 64 4f 62 6a 65 63 74 50 61 74 68 20 |NamedObjectPath |
|000004b0| 5b 30 78 37 37 32 38 37 42 32 45 2b 32 33 38 5d |[0x77287B2E+238]|
|000004c0| 5c 6e 22 7d 7d                                  |\n"}}           |
+--------+-------------------------------------------------+----------------+
14:13:16.275 [AsyncHttpClient-1-8] DEBUG o.a.netty.handler.HttpHandler - 

Request DefaultHttpRequest(decodeResult: success, version: HTTP/1.1)
POST /session/7f7237f6b7b416b55350c5691275deb2/element HTTP/1.1
User-Agent: selenium/4.4.0 (java windows)
Content-Length: 166
Content-Type: application/json; charset=utf-8
host: localhost:53550
accept: */*

Response DefaultHttpResponse(decodeResult: success, version: HTTP/1.1)
HTTP/1.1 404 Not Found
Content-Type: application/json; charset=utf-8
cache-control: no-cache
content-length: 1104

14:13:16.276 [AsyncHttpClient-1-8] DEBUG o.a.netty.channel.ChannelManager - Adding key: http://localhost:53550 for channel [id: 0xa6657862, L:/127.0.0.1:64395 - R:localhost/127.0.0.1:53550]
14:13:16.276 [AsyncHttpClient-1-8] TRACE i.n.handler.logging.LoggingHandler - [id: 0xa6657862, L:/127.0.0.1:64395 - R:localhost/127.0.0.1:53550] READ COMPLETE
14:13:16.794 [Forwarding findElement on session 7f7237f6b7b416b55350c5691275deb2 to remote] DEBUG o.a.netty.request.NettyRequestSender - Using pooled Channel '[id: 0xa6657862, L:/127.0.0.1:64395 - R:localhost/127.0.0.1:53550]' for 'POST' to 'http://localhost:53550/session/7f7237f6b7b416b55350c5691275deb2/element'
14:13:16.794 [Forwarding findElement on session 7f7237f6b7b416b55350c5691275deb2 to remote] DEBUG o.a.netty.request.NettyRequestSender - Using open Channel [id: 0xa6657862, L:/127.0.0.1:64395 - R:localhost/127.0.0.1:53550] for POST '/session/7f7237f6b7b416b55350c5691275deb2/element'
14:13:16.795 [AsyncHttpClient-1-8] TRACE i.n.handler.logging.LoggingHandler - [id: 0xa6657862, L:/127.0.0.1:64395 - R:localhost/127.0.0.1:53550] WRITE: 214B
         +-------------------------------------------------+
         |  0  1  2  3  4  5  6  7  8  9  a  b  c  d  e  f |
+--------+-------------------------------------------------+----------------+
|00000000| 50 4f 53 54 20 2f 73 65 73 73 69 6f 6e 2f 37 66 |POST /session/7f|
|00000010| 37 32 33 37 66 36 62 37 62 34 31 36 62 35 35 33 |7237f6b7b416b553|
|00000020| 35 30 63 35 36 39 31 32 37 35 64 65 62 32 2f 65 |50c5691275deb2/e|
|00000030| 6c 65 6d 65 6e 74 20 48 54 54 50 2f 31 2e 31 0d |lement HTTP/1.1.|
|00000040| 0a 55 73 65 72 2d 41 67 65 6e 74 3a 20 73 65 6c |.User-Agent: sel|
|00000050| 65 6e 69 75 6d 2f 34 2e 34 2e 30 20 28 6a 61 76 |enium/4.4.0 (jav|
|00000060| 61 20 77 69 6e 64 6f 77 73 29 0d 0a 43 6f 6e 74 |a windows)..Cont|
|00000070| 65 6e 74 2d 4c 65 6e 67 74 68 3a 20 31 36 36 0d |ent-Length: 166.|
|00000080| 0a 43 6f 6e 74 65 6e 74 2d 54 79 70 65 3a 20 61 |.Content-Type: a|
|00000090| 70 70 6c 69 63 61 74 69 6f 6e 2f 6a 73 6f 6e 3b |pplication/json;|
|000000a0| 20 63 68 61 72 73 65 74 3d 75 74 66 2d 38 0d 0a | charset=utf-8..|
|000000b0| 68 6f 73 74 3a 20 6c 6f 63 61 6c 68 6f 73 74 3a |host: localhost:|
|000000c0| 35 33 35 35 30 0d 0a 61 63 63 65 70 74 3a 20 2a |53550..accept: *|
|000000d0| 2f 2a 0d 0a 0d 0a                               |/*....          |
+--------+-------------------------------------------------+----------------+
14:13:16.796 [AsyncHttpClient-1-8] TRACE i.n.handler.logging.LoggingHandler - [id: 0xa6657862, L:/127.0.0.1:64395 - R:localhost/127.0.0.1:53550] WRITE: 166B
         +-------------------------------------------------+
         |  0  1  2  3  4  5  6  7  8  9  a  b  c  d  e  f |
+--------+-------------------------------------------------+----------------+
|00000000| 7b 0a 20 20 22 75 73 69 6e 67 22 3a 20 22 78 70 |{.  "using": "xp|
|00000010| 61 74 68 22 2c 0a 20 20 22 76 61 6c 75 65 22 3a |ath",.  "value":|
|00000020| 20 22 5c 75 30 30 32 66 5c 75 30 30 32 66 64 69 | "\u002f\u002fdi|
|00000030| 76 5b 63 6f 6e 74 61 69 6e 73 28 40 63 6c 61 73 |v[contains(@clas|
|00000040| 73 2c 27 69 74 65 6d 2d 2d 61 63 74 69 76 65 27 |s,'item--active'|
|00000050| 29 5d 5c 75 30 30 32 66 5c 75 30 30 32 66 75 6c |)]\u002f\u002ful|
|00000060| 5b 63 6f 6e 74 61 69 6e 73 28 40 63 6c 61 73 73 |[contains(@class|
|00000070| 2c 20 27 6d 65 6e 75 2d 62 75 72 67 65 72 5f 5f |, 'menu-burger__|
|00000080| 73 65 74 27 29 5d 5c 75 30 30 32 66 5c 75 30 30 |set')]\u002f\u00|
|00000090| 32 66 61 5b 2e 3d 27 d0 91 d1 80 d1 8e d0 ba d0 |2fa[.='.........|
|000000a0| b8 27 5d 22 0a 7d                               |.']".}          |
+--------+-------------------------------------------------+----------------+
14:13:16.796 [AsyncHttpClient-1-8] TRACE i.n.handler.logging.LoggingHandler - [id: 0xa6657862, L:/127.0.0.1:64395 - R:localhost/127.0.0.1:53550] FLUSH
14:13:16.796 [AsyncHttpClient-1-8] TRACE i.n.handler.logging.LoggingHandler - [id: 0xa6657862, L:/127.0.0.1:64395 - R:localhost/127.0.0.1:53550] WRITE: 0B
14:13:16.796 [AsyncHttpClient-1-8] TRACE i.n.handler.logging.LoggingHandler - [id: 0xa6657862, L:/127.0.0.1:64395 - R:localhost/127.0.0.1:53550] FLUSH
14:13:16.813 [AsyncHttpClient-1-8] TRACE i.n.handler.logging.LoggingHandler - [id: 0xa6657862, L:/127.0.0.1:64395 - R:localhost/127.0.0.1:53550] READ: 1221B
         +-------------------------------------------------+
         |  0  1  2  3  4  5  6  7  8  9  a  b  c  d  e  f |
+--------+-------------------------------------------------+----------------+
|00000000| 48 54 54 50 2f 31 2e 31 20 34 30 34 20 4e 6f 74 |HTTP/1.1 404 Not|
|00000010| 20 46 6f 75 6e 64 0d 0a 43 6f 6e 74 65 6e 74 2d | Found..Content-|
|00000020| 4c 65 6e 67 74 68 3a 31 31 30 34 0d 0a 43 6f 6e |Length:1104..Con|
|00000030| 74 65 6e 74 2d 54 79 70 65 3a 61 70 70 6c 69 63 |tent-Type:applic|
|00000040| 61 74 69 6f 6e 2f 6a 73 6f 6e 3b 20 63 68 61 72 |ation/json; char|
|00000050| 73 65 74 3d 75 74 66 2d 38 0d 0a 63 61 63 68 65 |set=utf-8..cache|
|00000060| 2d 63 6f 6e 74 72 6f 6c 3a 6e 6f 2d 63 61 63 68 |-control:no-cach|
|00000070| 65 0d 0a 0d 0a 7b 22 76 61 6c 75 65 22 3a 7b 22 |e....{"value":{"|
|00000080| 65 72 72 6f 72 22 3a 22 6e 6f 20 73 75 63 68 20 |error":"no such |
|00000090| 65 6c 65 6d 65 6e 74 22 2c 22 6d 65 73 73 61 67 |element","messag|
|000000a0| 65 22 3a 22 6e 6f 20 73 75 63 68 20 65 6c 65 6d |e":"no such elem|
|000000b0| 65 6e 74 3a 20 55 6e 61 62 6c 65 20 74 6f 20 6c |ent: Unable to l|
|000000c0| 6f 63 61 74 65 20 65 6c 65 6d 65 6e 74 3a 20 7b |ocate element: {|
|000000d0| 5c 22 6d 65 74 68 6f 64 5c 22 3a 5c 22 78 70 61 |\"method\":\"xpa|
|000000e0| 74 68 5c 22 2c 5c 22 73 65 6c 65 63 74 6f 72 5c |th\",\"selector\|
|000000f0| 22 3a 5c 22 2f 2f 64 69 76 5b 63 6f 6e 74 61 69 |":\"//div[contai|
|00000100| 6e 73 28 40 63 6c 61 73 73 2c 27 69 74 65 6d 2d |ns(@class,'item-|
|00000110| 2d 61 63 74 69 76 65 27 29 5d 2f 2f 75 6c 5b 63 |-active')]//ul[c|
|00000120| 6f 6e 74 61 69 6e 73 28 40 63 6c 61 73 73 2c 20 |ontains(@class, |
|00000130| 27 6d 65 6e 75 2d 62 75 72 67 65 72 5f 5f 73 65 |'menu-burger__se|
|00000140| 74 27 29 5d 2f 2f 61 5b 2e 3d 27 d0 91 d1 80 d1 |t')]//a[.='.....|
|00000150| 8e d0 ba d0 b8 27 5d 5c 22 7d 5c 6e 20 20 28 53 |.....']\"}\n  (S|
|00000160| 65 73 73 69 6f 6e 20 69 6e 66 6f 3a 20 63 68 72 |ession info: chr|
|00000170| 6f 6d 65 3d 31 30 35 2e 30 2e 35 31 39 35 2e 31 |ome=105.0.5195.1|
|00000180| 32 37 29 22 2c 22 73 74 61 63 6b 74 72 61 63 65 |27)","stacktrace|
|00000190| 22 3a 22 42 61 63 6b 74 72 61 63 65 3a 5c 6e 5c |":"Backtrace:\n\|
|000001a0| 74 4f 72 64 69 6e 61 6c 30 20 5b 30 78 30 30 39 |tOrdinal0 [0x009|
|000001b0| 33 44 46 31 33 2b 32 32 31 39 37 39 35 5d 5c 6e |3DF13+2219795]\n|
|000001c0| 5c 74 4f 72 64 69 6e 61 6c 30 20 5b 30 78 30 30 |\tOrdinal0 [0x00|
|000001d0| 38 44 32 38 34 31 2b 31 37 37 39 37 37 37 5d 5c |8D2841+1779777]\|
|000001e0| 6e 5c 74 4f 72 64 69 6e 61 6c 30 20 5b 30 78 30 |n\tOrdinal0 [0x0|
|000001f0| 30 37 45 34 32 33 44 2b 38 30 33 33 38 39 5d 5c |07E423D+803389]\|
|00000200| 6e 5c 74 4f 72 64 69 6e 61 6c 30 20 5b 30 78 30 |n\tOrdinal0 [0x0|
|00000210| 30 38 31 33 30 32 35 2b 39 39 35 33 36 35 5d 5c |0813025+995365]\|
|00000220| 6e 5c 74 4f 72 64 69 6e 61 6c 30 20 5b 30 78 30 |n\tOrdinal0 [0x0|
|00000230| 30 38 31 33 31 45 42 2b 39 39 35 38 31 39 5d 5c |08131EB+995819]\|
|00000240| 6e 5c 74 4f 72 64 69 6e 61 6c 30 20 5b 30 78 30 |n\tOrdinal0 [0x0|
|00000250| 30 38 34 30 46 35 32 2b 31 31 38 33 35 37 30 5d |0840F52+1183570]|
|00000260| 5c 6e 5c 74 4f 72 64 69 6e 61 6c 30 20 5b 30 78 |\n\tOrdinal0 [0x|
|00000270| 30 30 38 32 45 38 34 34 2b 31 31 30 38 30 33 36 |0082E844+1108036|
|00000280| 5d 5c 6e 5c 74 4f 72 64 69 6e 61 6c 30 20 5b 30 |]\n\tOrdinal0 [0|
|00000290| 78 30 30 38 33 46 31 39 32 2b 31 31 37 35 39 35 |x0083F192+117595|
|000002a0| 34 5d 5c 6e 5c 74 4f 72 64 69 6e 61 6c 30 20 5b |4]\n\tOrdinal0 [|
|000002b0| 30 78 30 30 38 32 45 36 31 36 2b 31 31 30 37 34 |0x0082E616+11074|
|000002c0| 37 38 5d 5c 6e 5c 74 4f 72 64 69 6e 61 6c 30 20 |78]\n\tOrdinal0 |
|000002d0| 5b 30 78 30 30 38 30 37 46 38 39 2b 39 35 30 31 |[0x00807F89+9501|
|000002e0| 35 33 5d 5c 6e 5c 74 4f 72 64 69 6e 61 6c 30 20 |53]\n\tOrdinal0 |
|000002f0| 5b 30 78 30 30 38 30 38 46 35 36 2b 39 35 34 31 |[0x00808F56+9541|
|00000300| 39 38 5d 5c 6e 5c 74 47 65 74 48 61 6e 64 6c 65 |98]\n\tGetHandle|
|00000310| 56 65 72 69 66 69 65 72 20 5b 30 78 30 30 43 33 |Verifier [0x00C3|
|00000320| 32 43 42 32 2b 33 30 34 30 32 31 30 5d 5c 6e 5c |2CB2+3040210]\n\|
|00000330| 74 47 65 74 48 61 6e 64 6c 65 56 65 72 69 66 69 |tGetHandleVerifi|
|00000340| 65 72 20 5b 30 78 30 30 43 32 32 42 42 34 2b 32 |er [0x00C22BB4+2|
|00000350| 39 37 34 34 32 30 5d 5c 6e 5c 74 47 65 74 48 61 |974420]\n\tGetHa|
|00000360| 6e 64 6c 65 56 65 72 69 66 69 65 72 20 5b 30 78 |ndleVerifier [0x|
|00000370| 30 30 39 44 36 41 30 41 2b 35 36 35 35 34 36 5d |009D6A0A+565546]|
|00000380| 5c 6e 5c 74 47 65 74 48 61 6e 64 6c 65 56 65 72 |\n\tGetHandleVer|
|00000390| 69 66 69 65 72 20 5b 30 78 30 30 39 44 35 36 38 |ifier [0x009D568|
|000003a0| 30 2b 35 36 30 35 34 34 5d 5c 6e 5c 74 4f 72 64 |0+560544]\n\tOrd|
|000003b0| 69 6e 61 6c 30 20 5b 30 78 30 30 38 44 39 41 35 |inal0 [0x008D9A5|
|000003c0| 43 2b 31 38 30 38 39 38 38 5d 5c 6e 5c 74 4f 72 |C+1808988]\n\tOr|
|000003d0| 64 69 6e 61 6c 30 20 5b 30 78 30 30 38 44 45 33 |dinal0 [0x008DE3|
|000003e0| 41 38 2b 31 38 32 37 37 35 32 5d 5c 6e 5c 74 4f |A8+1827752]\n\tO|
|000003f0| 72 64 69 6e 61 6c 30 20 5b 30 78 30 30 38 44 45 |rdinal0 [0x008DE|
|00000400| 34 39 35 2b 31 38 32 37 39 38 39 5d 5c 6e 5c 74 |495+1827989]\n\t|
|00000410| 4f 72 64 69 6e 61 6c 30 20 5b 30 78 30 30 38 45 |Ordinal0 [0x008E|
|00000420| 38 30 41 34 2b 31 38 36 37 39 34 30 5d 5c 6e 5c |80A4+1867940]\n\|
|00000430| 74 42 61 73 65 54 68 72 65 61 64 49 6e 69 74 54 |tBaseThreadInitT|
|00000440| 68 75 6e 6b 20 5b 30 78 37 35 34 37 46 41 32 39 |hunk [0x7547FA29|
|00000450| 2b 32 35 5d 5c 6e 5c 74 52 74 6c 47 65 74 41 70 |+25]\n\tRtlGetAp|
|00000460| 70 43 6f 6e 74 61 69 6e 65 72 4e 61 6d 65 64 4f |pContainerNamedO|
|00000470| 62 6a 65 63 74 50 61 74 68 20 5b 30 78 37 37 32 |bjectPath [0x772|
|00000480| 38 37 42 35 45 2b 32 38 36 5d 5c 6e 5c 74 52 74 |87B5E+286]\n\tRt|
|00000490| 6c 47 65 74 41 70 70 43 6f 6e 74 61 69 6e 65 72 |lGetAppContainer|
|000004a0| 4e 61 6d 65 64 4f 62 6a 65 63 74 50 61 74 68 20 |NamedObjectPath |
|000004b0| 5b 30 78 37 37 32 38 37 42 32 45 2b 32 33 38 5d |[0x77287B2E+238]|
|000004c0| 5c 6e 22 7d 7d                                  |\n"}}           |
+--------+-------------------------------------------------+----------------+
14:13:16.814 [AsyncHttpClient-1-8] DEBUG o.a.netty.handler.HttpHandler - 

Request DefaultHttpRequest(decodeResult: success, version: HTTP/1.1)
POST /session/7f7237f6b7b416b55350c5691275deb2/element HTTP/1.1
User-Agent: selenium/4.4.0 (java windows)
Content-Length: 166
Content-Type: application/json; charset=utf-8
host: localhost:53550
accept: */*

Response DefaultHttpResponse(decodeResult: success, version: HTTP/1.1)
HTTP/1.1 404 Not Found
Content-Type: application/json; charset=utf-8
cache-control: no-cache
content-length: 1104

14:13:16.814 [AsyncHttpClient-1-8] DEBUG o.a.netty.channel.ChannelManager - Adding key: http://localhost:53550 for channel [id: 0xa6657862, L:/127.0.0.1:64395 - R:localhost/127.0.0.1:53550]
14:13:16.814 [AsyncHttpClient-1-8] TRACE i.n.handler.logging.LoggingHandler - [id: 0xa6657862, L:/127.0.0.1:64395 - R:localhost/127.0.0.1:53550] READ COMPLETE
14:13:17.282 [AsyncHttpClient-1-1] DEBUG o.a.netty.channel.DefaultChannelPool - Entry count for : http://localhost:53550 : 1
14:13:17.282 [AsyncHttpClient-1-1] DEBUG o.a.netty.channel.DefaultChannelPool - Entry count for : http://localhost:64396 : 1
14:13:17.326 [Forwarding findElement on session 7f7237f6b7b416b55350c5691275deb2 to remote] DEBUG o.a.netty.request.NettyRequestSender - Using pooled Channel '[id: 0xa6657862, L:/127.0.0.1:64395 - R:localhost/127.0.0.1:53550]' for 'POST' to 'http://localhost:53550/session/7f7237f6b7b416b55350c5691275deb2/element'
14:13:17.326 [Forwarding findElement on session 7f7237f6b7b416b55350c5691275deb2 to remote] DEBUG o.a.netty.request.NettyRequestSender - Using open Channel [id: 0xa6657862, L:/127.0.0.1:64395 - R:localhost/127.0.0.1:53550] for POST '/session/7f7237f6b7b416b55350c5691275deb2/element'
14:13:17.327 [AsyncHttpClient-1-8] TRACE i.n.handler.logging.LoggingHandler - [id: 0xa6657862, L:/127.0.0.1:64395 - R:localhost/127.0.0.1:53550] WRITE: 214B
         +-------------------------------------------------+
         |  0  1  2  3  4  5  6  7  8  9  a  b  c  d  e  f |
+--------+-------------------------------------------------+----------------+
|00000000| 50 4f 53 54 20 2f 73 65 73 73 69 6f 6e 2f 37 66 |POST /session/7f|
|00000010| 37 32 33 37 66 36 62 37 62 34 31 36 62 35 35 33 |7237f6b7b416b553|
|00000020| 35 30 63 35 36 39 31 32 37 35 64 65 62 32 2f 65 |50c5691275deb2/e|
|00000030| 6c 65 6d 65 6e 74 20 48 54 54 50 2f 31 2e 31 0d |lement HTTP/1.1.|
|00000040| 0a 55 73 65 72 2d 41 67 65 6e 74 3a 20 73 65 6c |.User-Agent: sel|
|00000050| 65 6e 69 75 6d 2f 34 2e 34 2e 30 20 28 6a 61 76 |enium/4.4.0 (jav|
|00000060| 61 20 77 69 6e 64 6f 77 73 29 0d 0a 43 6f 6e 74 |a windows)..Cont|
|00000070| 65 6e 74 2d 4c 65 6e 67 74 68 3a 20 31 36 36 0d |ent-Length: 166.|
|00000080| 0a 43 6f 6e 74 65 6e 74 2d 54 79 70 65 3a 20 61 |.Content-Type: a|
|00000090| 70 70 6c 69 63 61 74 69 6f 6e 2f 6a 73 6f 6e 3b |pplication/json;|
|000000a0| 20 63 68 61 72 73 65 74 3d 75 74 66 2d 38 0d 0a | charset=utf-8..|
|000000b0| 68 6f 73 74 3a 20 6c 6f 63 61 6c 68 6f 73 74 3a |host: localhost:|
|000000c0| 35 33 35 35 30 0d 0a 61 63 63 65 70 74 3a 20 2a |53550..accept: *|
|000000d0| 2f 2a 0d 0a 0d 0a                               |/*....          |
+--------+-------------------------------------------------+----------------+
14:13:17.327 [AsyncHttpClient-1-8] TRACE i.n.handler.logging.LoggingHandler - [id: 0xa6657862, L:/127.0.0.1:64395 - R:localhost/127.0.0.1:53550] WRITE: 166B
         +-------------------------------------------------+
         |  0  1  2  3  4  5  6  7  8  9  a  b  c  d  e  f |
+--------+-------------------------------------------------+----------------+
|00000000| 7b 0a 20 20 22 75 73 69 6e 67 22 3a 20 22 78 70 |{.  "using": "xp|
|00000010| 61 74 68 22 2c 0a 20 20 22 76 61 6c 75 65 22 3a |ath",.  "value":|
|00000020| 20 22 5c 75 30 30 32 66 5c 75 30 30 32 66 64 69 | "\u002f\u002fdi|
|00000030| 76 5b 63 6f 6e 74 61 69 6e 73 28 40 63 6c 61 73 |v[contains(@clas|
|00000040| 73 2c 27 69 74 65 6d 2d 2d 61 63 74 69 76 65 27 |s,'item--active'|
|00000050| 29 5d 5c 75 30 30 32 66 5c 75 30 30 32 66 75 6c |)]\u002f\u002ful|
|00000060| 5b 63 6f 6e 74 61 69 6e 73 28 40 63 6c 61 73 73 |[contains(@class|
|00000070| 2c 20 27 6d 65 6e 75 2d 62 75 72 67 65 72 5f 5f |, 'menu-burger__|
|00000080| 73 65 74 27 29 5d 5c 75 30 30 32 66 5c 75 30 30 |set')]\u002f\u00|
|00000090| 32 66 61 5b 2e 3d 27 d0 91 d1 80 d1 8e d0 ba d0 |2fa[.='.........|
|000000a0| b8 27 5d 22 0a 7d                               |.']".}          |
+--------+-------------------------------------------------+----------------+
14:13:17.327 [AsyncHttpClient-1-8] TRACE i.n.handler.logging.LoggingHandler - [id: 0xa6657862, L:/127.0.0.1:64395 - R:localhost/127.0.0.1:53550] FLUSH
14:13:17.328 [AsyncHttpClient-1-8] TRACE i.n.handler.logging.LoggingHandler - [id: 0xa6657862, L:/127.0.0.1:64395 - R:localhost/127.0.0.1:53550] WRITE: 0B
14:13:17.328 [AsyncHttpClient-1-8] TRACE i.n.handler.logging.LoggingHandler - [id: 0xa6657862, L:/127.0.0.1:64395 - R:localhost/127.0.0.1:53550] FLUSH
14:13:17.346 [AsyncHttpClient-1-8] TRACE i.n.handler.logging.LoggingHandler - [id: 0xa6657862, L:/127.0.0.1:64395 - R:localhost/127.0.0.1:53550] READ: 1221B
         +-------------------------------------------------+
         |  0  1  2  3  4  5  6  7  8  9  a  b  c  d  e  f |
+--------+-------------------------------------------------+----------------+
|00000000| 48 54 54 50 2f 31 2e 31 20 34 30 34 20 4e 6f 74 |HTTP/1.1 404 Not|
|00000010| 20 46 6f 75 6e 64 0d 0a 43 6f 6e 74 65 6e 74 2d | Found..Content-|
|00000020| 4c 65 6e 67 74 68 3a 31 31 30 34 0d 0a 43 6f 6e |Length:1104..Con|
|00000030| 74 65 6e 74 2d 54 79 70 65 3a 61 70 70 6c 69 63 |tent-Type:applic|
|00000040| 61 74 69 6f 6e 2f 6a 73 6f 6e 3b 20 63 68 61 72 |ation/json; char|
|00000050| 73 65 74 3d 75 74 66 2d 38 0d 0a 63 61 63 68 65 |set=utf-8..cache|
|00000060| 2d 63 6f 6e 74 72 6f 6c 3a 6e 6f 2d 63 61 63 68 |-control:no-cach|
|00000070| 65 0d 0a 0d 0a 7b 22 76 61 6c 75 65 22 3a 7b 22 |e....{"value":{"|
|00000080| 65 72 72 6f 72 22 3a 22 6e 6f 20 73 75 63 68 20 |error":"no such |
|00000090| 65 6c 65 6d 65 6e 74 22 2c 22 6d 65 73 73 61 67 |element","messag|
|000000a0| 65 22 3a 22 6e 6f 20 73 75 63 68 20 65 6c 65 6d |e":"no such elem|
|000000b0| 65 6e 74 3a 20 55 6e 61 62 6c 65 20 74 6f 20 6c |ent: Unable to l|
|000000c0| 6f 63 61 74 65 20 65 6c 65 6d 65 6e 74 3a 20 7b |ocate element: {|
|000000d0| 5c 22 6d 65 74 68 6f 64 5c 22 3a 5c 22 78 70 61 |\"method\":\"xpa|
|000000e0| 74 68 5c 22 2c 5c 22 73 65 6c 65 63 74 6f 72 5c |th\",\"selector\|
|000000f0| 22 3a 5c 22 2f 2f 64 69 76 5b 63 6f 6e 74 61 69 |":\"//div[contai|
|00000100| 6e 73 28 40 63 6c 61 73 73 2c 27 69 74 65 6d 2d |ns(@class,'item-|
|00000110| 2d 61 63 74 69 76 65 27 29 5d 2f 2f 75 6c 5b 63 |-active')]//ul[c|
|00000120| 6f 6e 74 61 69 6e 73 28 40 63 6c 61 73 73 2c 20 |ontains(@class, |
|00000130| 27 6d 65 6e 75 2d 62 75 72 67 65 72 5f 5f 73 65 |'menu-burger__se|
|00000140| 74 27 29 5d 2f 2f 61 5b 2e 3d 27 d0 91 d1 80 d1 |t')]//a[.='.....|
|00000150| 8e d0 ba d0 b8 27 5d 5c 22 7d 5c 6e 20 20 28 53 |.....']\"}\n  (S|
|00000160| 65 73 73 69 6f 6e 20 69 6e 66 6f 3a 20 63 68 72 |ession info: chr|
|00000170| 6f 6d 65 3d 31 30 35 2e 30 2e 35 31 39 35 2e 31 |ome=105.0.5195.1|
|00000180| 32 37 29 22 2c 22 73 74 61 63 6b 74 72 61 63 65 |27)","stacktrace|
|00000190| 22 3a 22 42 61 63 6b 74 72 61 63 65 3a 5c 6e 5c |":"Backtrace:\n\|
|000001a0| 74 4f 72 64 69 6e 61 6c 30 20 5b 30 78 30 30 39 |tOrdinal0 [0x009|
|000001b0| 33 44 46 31 33 2b 32 32 31 39 37 39 35 5d 5c 6e |3DF13+2219795]\n|
|000001c0| 5c 74 4f 72 64 69 6e 61 6c 30 20 5b 30 78 30 30 |\tOrdinal0 [0x00|
|000001d0| 38 44 32 38 34 31 2b 31 37 37 39 37 37 37 5d 5c |8D2841+1779777]\|
|000001e0| 6e 5c 74 4f 72 64 69 6e 61 6c 30 20 5b 30 78 30 |n\tOrdinal0 [0x0|
|000001f0| 30 37 45 34 32 33 44 2b 38 30 33 33 38 39 5d 5c |07E423D+803389]\|
|00000200| 6e 5c 74 4f 72 64 69 6e 61 6c 30 20 5b 30 78 30 |n\tOrdinal0 [0x0|
|00000210| 30 38 31 33 30 32 35 2b 39 39 35 33 36 35 5d 5c |0813025+995365]\|
|00000220| 6e 5c 74 4f 72 64 69 6e 61 6c 30 20 5b 30 78 30 |n\tOrdinal0 [0x0|
|00000230| 30 38 31 33 31 45 42 2b 39 39 35 38 31 39 5d 5c |08131EB+995819]\|
|00000240| 6e 5c 74 4f 72 64 69 6e 61 6c 30 20 5b 30 78 30 |n\tOrdinal0 [0x0|
|00000250| 30 38 34 30 46 35 32 2b 31 31 38 33 35 37 30 5d |0840F52+1183570]|
|00000260| 5c 6e 5c 74 4f 72 64 69 6e 61 6c 30 20 5b 30 78 |\n\tOrdinal0 [0x|
|00000270| 30 30 38 32 45 38 34 34 2b 31 31 30 38 30 33 36 |0082E844+1108036|
|00000280| 5d 5c 6e 5c 74 4f 72 64 69 6e 61 6c 30 20 5b 30 |]\n\tOrdinal0 [0|
|00000290| 78 30 30 38 33 46 31 39 32 2b 31 31 37 35 39 35 |x0083F192+117595|
|000002a0| 34 5d 5c 6e 5c 74 4f 72 64 69 6e 61 6c 30 20 5b |4]\n\tOrdinal0 [|
|000002b0| 30 78 30 30 38 32 45 36 31 36 2b 31 31 30 37 34 |0x0082E616+11074|
|000002c0| 37 38 5d 5c 6e 5c 74 4f 72 64 69 6e 61 6c 30 20 |78]\n\tOrdinal0 |
|000002d0| 5b 30 78 30 30 38 30 37 46 38 39 2b 39 35 30 31 |[0x00807F89+9501|
|000002e0| 35 33 5d 5c 6e 5c 74 4f 72 64 69 6e 61 6c 30 20 |53]\n\tOrdinal0 |
|000002f0| 5b 30 78 30 30 38 30 38 46 35 36 2b 39 35 34 31 |[0x00808F56+9541|
|00000300| 39 38 5d 5c 6e 5c 74 47 65 74 48 61 6e 64 6c 65 |98]\n\tGetHandle|
|00000310| 56 65 72 69 66 69 65 72 20 5b 30 78 30 30 43 33 |Verifier [0x00C3|
|00000320| 32 43 42 32 2b 33 30 34 30 32 31 30 5d 5c 6e 5c |2CB2+3040210]\n\|
|00000330| 74 47 65 74 48 61 6e 64 6c 65 56 65 72 69 66 69 |tGetHandleVerifi|
|00000340| 65 72 20 5b 30 78 30 30 43 32 32 42 42 34 2b 32 |er [0x00C22BB4+2|
|00000350| 39 37 34 34 32 30 5d 5c 6e 5c 74 47 65 74 48 61 |974420]\n\tGetHa|
|00000360| 6e 64 6c 65 56 65 72 69 66 69 65 72 20 5b 30 78 |ndleVerifier [0x|
|00000370| 30 30 39 44 36 41 30 41 2b 35 36 35 35 34 36 5d |009D6A0A+565546]|
|00000380| 5c 6e 5c 74 47 65 74 48 61 6e 64 6c 65 56 65 72 |\n\tGetHandleVer|
|00000390| 69 66 69 65 72 20 5b 30 78 30 30 39 44 35 36 38 |ifier [0x009D568|
|000003a0| 30 2b 35 36 30 35 34 34 5d 5c 6e 5c 74 4f 72 64 |0+560544]\n\tOrd|
|000003b0| 69 6e 61 6c 30 20 5b 30 78 30 30 38 44 39 41 35 |inal0 [0x008D9A5|
|000003c0| 43 2b 31 38 30 38 39 38 38 5d 5c 6e 5c 74 4f 72 |C+1808988]\n\tOr|
|000003d0| 64 69 6e 61 6c 30 20 5b 30 78 30 30 38 44 45 33 |dinal0 [0x008DE3|
|000003e0| 41 38 2b 31 38 32 37 37 35 32 5d 5c 6e 5c 74 4f |A8+1827752]\n\tO|
|000003f0| 72 64 69 6e 61 6c 30 20 5b 30 78 30 30 38 44 45 |rdinal0 [0x008DE|
|00000400| 34 39 35 2b 31 38 32 37 39 38 39 5d 5c 6e 5c 74 |495+1827989]\n\t|
|00000410| 4f 72 64 69 6e 61 6c 30 20 5b 30 78 30 30 38 45 |Ordinal0 [0x008E|
|00000420| 38 30 41 34 2b 31 38 36 37 39 34 30 5d 5c 6e 5c |80A4+1867940]\n\|
|00000430| 74 42 61 73 65 54 68 72 65 61 64 49 6e 69 74 54 |tBaseThreadInitT|
|00000440| 68 75 6e 6b 20 5b 30 78 37 35 34 37 46 41 32 39 |hunk [0x7547FA29|
|00000450| 2b 32 35 5d 5c 6e 5c 74 52 74 6c 47 65 74 41 70 |+25]\n\tRtlGetAp|
|00000460| 70 43 6f 6e 74 61 69 6e 65 72 4e 61 6d 65 64 4f |pContainerNamedO|
|00000470| 62 6a 65 63 74 50 61 74 68 20 5b 30 78 37 37 32 |bjectPath [0x772|
|00000480| 38 37 42 35 45 2b 32 38 36 5d 5c 6e 5c 74 52 74 |87B5E+286]\n\tRt|
|00000490| 6c 47 65 74 41 70 70 43 6f 6e 74 61 69 6e 65 72 |lGetAppContainer|
|000004a0| 4e 61 6d 65 64 4f 62 6a 65 63 74 50 61 74 68 20 |NamedObjectPath |
|000004b0| 5b 30 78 37 37 32 38 37 42 32 45 2b 32 33 38 5d |[0x77287B2E+238]|
|000004c0| 5c 6e 22 7d 7d                                  |\n"}}           |
+--------+-------------------------------------------------+----------------+
14:13:17.347 [AsyncHttpClient-1-8] DEBUG o.a.netty.handler.HttpHandler - 

Request DefaultHttpRequest(decodeResult: success, version: HTTP/1.1)
POST /session/7f7237f6b7b416b55350c5691275deb2/element HTTP/1.1
User-Agent: selenium/4.4.0 (java windows)
Content-Length: 166
Content-Type: application/json; charset=utf-8
host: localhost:53550
accept: */*

Response DefaultHttpResponse(decodeResult: success, version: HTTP/1.1)
HTTP/1.1 404 Not Found
Content-Type: application/json; charset=utf-8
cache-control: no-cache
content-length: 1104

14:13:17.347 [AsyncHttpClient-1-8] DEBUG o.a.netty.channel.ChannelManager - Adding key: http://localhost:53550 for channel [id: 0xa6657862, L:/127.0.0.1:64395 - R:localhost/127.0.0.1:53550]
14:13:17.347 [AsyncHttpClient-1-8] TRACE i.n.handler.logging.LoggingHandler - [id: 0xa6657862, L:/127.0.0.1:64395 - R:localhost/127.0.0.1:53550] READ COMPLETE
14:13:17.861 [Forwarding findElement on session 7f7237f6b7b416b55350c5691275deb2 to remote] DEBUG o.a.netty.request.NettyRequestSender - Using pooled Channel '[id: 0xa6657862, L:/127.0.0.1:64395 - R:localhost/127.0.0.1:53550]' for 'POST' to 'http://localhost:53550/session/7f7237f6b7b416b55350c5691275deb2/element'
14:13:17.862 [Forwarding findElement on session 7f7237f6b7b416b55350c5691275deb2 to remote] DEBUG o.a.netty.request.NettyRequestSender - Using open Channel [id: 0xa6657862, L:/127.0.0.1:64395 - R:localhost/127.0.0.1:53550] for POST '/session/7f7237f6b7b416b55350c5691275deb2/element'
14:13:17.863 [AsyncHttpClient-1-8] TRACE i.n.handler.logging.LoggingHandler - [id: 0xa6657862, L:/127.0.0.1:64395 - R:localhost/127.0.0.1:53550] WRITE: 214B
         +-------------------------------------------------+
         |  0  1  2  3  4  5  6  7  8  9  a  b  c  d  e  f |
+--------+-------------------------------------------------+----------------+
|00000000| 50 4f 53 54 20 2f 73 65 73 73 69 6f 6e 2f 37 66 |POST /session/7f|
|00000010| 37 32 33 37 66 36 62 37 62 34 31 36 62 35 35 33 |7237f6b7b416b553|
|00000020| 35 30 63 35 36 39 31 32 37 35 64 65 62 32 2f 65 |50c5691275deb2/e|
|00000030| 6c 65 6d 65 6e 74 20 48 54 54 50 2f 31 2e 31 0d |lement HTTP/1.1.|
|00000040| 0a 55 73 65 72 2d 41 67 65 6e 74 3a 20 73 65 6c |.User-Agent: sel|
|00000050| 65 6e 69 75 6d 2f 34 2e 34 2e 30 20 28 6a 61 76 |enium/4.4.0 (jav|
|00000060| 61 20 77 69 6e 64 6f 77 73 29 0d 0a 43 6f 6e 74 |a windows)..Cont|
|00000070| 65 6e 74 2d 4c 65 6e 67 74 68 3a 20 31 36 36 0d |ent-Length: 166.|
|00000080| 0a 43 6f 6e 74 65 6e 74 2d 54 79 70 65 3a 20 61 |.Content-Type: a|
|00000090| 70 70 6c 69 63 61 74 69 6f 6e 2f 6a 73 6f 6e 3b |pplication/json;|
|000000a0| 20 63 68 61 72 73 65 74 3d 75 74 66 2d 38 0d 0a | charset=utf-8..|
|000000b0| 68 6f 73 74 3a 20 6c 6f 63 61 6c 68 6f 73 74 3a |host: localhost:|
|000000c0| 35 33 35 35 30 0d 0a 61 63 63 65 70 74 3a 20 2a |53550..accept: *|
|000000d0| 2f 2a 0d 0a 0d 0a                               |/*....          |
+--------+-------------------------------------------------+----------------+
14:13:17.864 [AsyncHttpClient-1-8] TRACE i.n.handler.logging.LoggingHandler - [id: 0xa6657862, L:/127.0.0.1:64395 - R:localhost/127.0.0.1:53550] WRITE: 166B
         +-------------------------------------------------+
         |  0  1  2  3  4  5  6  7  8  9  a  b  c  d  e  f |
+--------+-------------------------------------------------+----------------+
|00000000| 7b 0a 20 20 22 75 73 69 6e 67 22 3a 20 22 78 70 |{.  "using": "xp|
|00000010| 61 74 68 22 2c 0a 20 20 22 76 61 6c 75 65 22 3a |ath",.  "value":|
|00000020| 20 22 5c 75 30 30 32 66 5c 75 30 30 32 66 64 69 | "\u002f\u002fdi|
|00000030| 76 5b 63 6f 6e 74 61 69 6e 73 28 40 63 6c 61 73 |v[contains(@clas|
|00000040| 73 2c 27 69 74 65 6d 2d 2d 61 63 74 69 76 65 27 |s,'item--active'|
|00000050| 29 5d 5c 75 30 30 32 66 5c 75 30 30 32 66 75 6c |)]\u002f\u002ful|
|00000060| 5b 63 6f 6e 74 61 69 6e 73 28 40 63 6c 61 73 73 |[contains(@class|
|00000070| 2c 20 27 6d 65 6e 75 2d 62 75 72 67 65 72 5f 5f |, 'menu-burger__|
|00000080| 73 65 74 27 29 5d 5c 75 30 30 32 66 5c 75 30 30 |set')]\u002f\u00|
|00000090| 32 66 61 5b 2e 3d 27 d0 91 d1 80 d1 8e d0 ba d0 |2fa[.='.........|
|000000a0| b8 27 5d 22 0a 7d                               |.']".}          |
+--------+-------------------------------------------------+----------------+
14:13:17.865 [AsyncHttpClient-1-8] TRACE i.n.handler.logging.LoggingHandler - [id: 0xa6657862, L:/127.0.0.1:64395 - R:localhost/127.0.0.1:53550] FLUSH
14:13:17.865 [AsyncHttpClient-1-8] TRACE i.n.handler.logging.LoggingHandler - [id: 0xa6657862, L:/127.0.0.1:64395 - R:localhost/127.0.0.1:53550] WRITE: 0B
14:13:17.865 [AsyncHttpClient-1-8] TRACE i.n.handler.logging.LoggingHandler - [id: 0xa6657862, L:/127.0.0.1:64395 - R:localhost/127.0.0.1:53550] FLUSH
14:13:17.891 [AsyncHttpClient-1-8] TRACE i.n.handler.logging.LoggingHandler - [id: 0xa6657862, L:/127.0.0.1:64395 - R:localhost/127.0.0.1:53550] READ: 1221B
         +-------------------------------------------------+
         |  0  1  2  3  4  5  6  7  8  9  a  b  c  d  e  f |
+--------+-------------------------------------------------+----------------+
|00000000| 48 54 54 50 2f 31 2e 31 20 34 30 34 20 4e 6f 74 |HTTP/1.1 404 Not|
|00000010| 20 46 6f 75 6e 64 0d 0a 43 6f 6e 74 65 6e 74 2d | Found..Content-|
|00000020| 4c 65 6e 67 74 68 3a 31 31 30 34 0d 0a 43 6f 6e |Length:1104..Con|
|00000030| 74 65 6e 74 2d 54 79 70 65 3a 61 70 70 6c 69 63 |tent-Type:applic|
|00000040| 61 74 69 6f 6e 2f 6a 73 6f 6e 3b 20 63 68 61 72 |ation/json; char|
|00000050| 73 65 74 3d 75 74 66 2d 38 0d 0a 63 61 63 68 65 |set=utf-8..cache|
|00000060| 2d 63 6f 6e 74 72 6f 6c 3a 6e 6f 2d 63 61 63 68 |-control:no-cach|
|00000070| 65 0d 0a 0d 0a 7b 22 76 61 6c 75 65 22 3a 7b 22 |e....{"value":{"|
|00000080| 65 72 72 6f 72 22 3a 22 6e 6f 20 73 75 63 68 20 |error":"no such |
|00000090| 65 6c 65 6d 65 6e 74 22 2c 22 6d 65 73 73 61 67 |element","messag|
|000000a0| 65 22 3a 22 6e 6f 20 73 75 63 68 20 65 6c 65 6d |e":"no such elem|
|000000b0| 65 6e 74 3a 20 55 6e 61 62 6c 65 20 74 6f 20 6c |ent: Unable to l|
|000000c0| 6f 63 61 74 65 20 65 6c 65 6d 65 6e 74 3a 20 7b |ocate element: {|
|000000d0| 5c 22 6d 65 74 68 6f 64 5c 22 3a 5c 22 78 70 61 |\"method\":\"xpa|
|000000e0| 74 68 5c 22 2c 5c 22 73 65 6c 65 63 74 6f 72 5c |th\",\"selector\|
|000000f0| 22 3a 5c 22 2f 2f 64 69 76 5b 63 6f 6e 74 61 69 |":\"//div[contai|
|00000100| 6e 73 28 40 63 6c 61 73 73 2c 27 69 74 65 6d 2d |ns(@class,'item-|
|00000110| 2d 61 63 74 69 76 65 27 29 5d 2f 2f 75 6c 5b 63 |-active')]//ul[c|
|00000120| 6f 6e 74 61 69 6e 73 28 40 63 6c 61 73 73 2c 20 |ontains(@class, |
|00000130| 27 6d 65 6e 75 2d 62 75 72 67 65 72 5f 5f 73 65 |'menu-burger__se|
|00000140| 74 27 29 5d 2f 2f 61 5b 2e 3d 27 d0 91 d1 80 d1 |t')]//a[.='.....|
|00000150| 8e d0 ba d0 b8 27 5d 5c 22 7d 5c 6e 20 20 28 53 |.....']\"}\n  (S|
|00000160| 65 73 73 69 6f 6e 20 69 6e 66 6f 3a 20 63 68 72 |ession info: chr|
|00000170| 6f 6d 65 3d 31 30 35 2e 30 2e 35 31 39 35 2e 31 |ome=105.0.5195.1|
|00000180| 32 37 29 22 2c 22 73 74 61 63 6b 74 72 61 63 65 |27)","stacktrace|
|00000190| 22 3a 22 42 61 63 6b 74 72 61 63 65 3a 5c 6e 5c |":"Backtrace:\n\|
|000001a0| 74 4f 72 64 69 6e 61 6c 30 20 5b 30 78 30 30 39 |tOrdinal0 [0x009|
|000001b0| 33 44 46 31 33 2b 32 32 31 39 37 39 35 5d 5c 6e |3DF13+2219795]\n|
|000001c0| 5c 74 4f 72 64 69 6e 61 6c 30 20 5b 30 78 30 30 |\tOrdinal0 [0x00|
|000001d0| 38 44 32 38 34 31 2b 31 37 37 39 37 37 37 5d 5c |8D2841+1779777]\|
|000001e0| 6e 5c 74 4f 72 64 69 6e 61 6c 30 20 5b 30 78 30 |n\tOrdinal0 [0x0|
|000001f0| 30 37 45 34 32 33 44 2b 38 30 33 33 38 39 5d 5c |07E423D+803389]\|
|00000200| 6e 5c 74 4f 72 64 69 6e 61 6c 30 20 5b 30 78 30 |n\tOrdinal0 [0x0|
|00000210| 30 38 31 33 30 32 35 2b 39 39 35 33 36 35 5d 5c |0813025+995365]\|
|00000220| 6e 5c 74 4f 72 64 69 6e 61 6c 30 20 5b 30 78 30 |n\tOrdinal0 [0x0|
|00000230| 30 38 31 33 31 45 42 2b 39 39 35 38 31 39 5d 5c |08131EB+995819]\|
|00000240| 6e 5c 74 4f 72 64 69 6e 61 6c 30 20 5b 30 78 30 |n\tOrdinal0 [0x0|
|00000250| 30 38 34 30 46 35 32 2b 31 31 38 33 35 37 30 5d |0840F52+1183570]|
|00000260| 5c 6e 5c 74 4f 72 64 69 6e 61 6c 30 20 5b 30 78 |\n\tOrdinal0 [0x|
|00000270| 30 30 38 32 45 38 34 34 2b 31 31 30 38 30 33 36 |0082E844+1108036|
|00000280| 5d 5c 6e 5c 74 4f 72 64 69 6e 61 6c 30 20 5b 30 |]\n\tOrdinal0 [0|
|00000290| 78 30 30 38 33 46 31 39 32 2b 31 31 37 35 39 35 |x0083F192+117595|
|000002a0| 34 5d 5c 6e 5c 74 4f 72 64 69 6e 61 6c 30 20 5b |4]\n\tOrdinal0 [|
|000002b0| 30 78 30 30 38 32 45 36 31 36 2b 31 31 30 37 34 |0x0082E616+11074|
|000002c0| 37 38 5d 5c 6e 5c 74 4f 72 64 69 6e 61 6c 30 20 |78]\n\tOrdinal0 |
|000002d0| 5b 30 78 30 30 38 30 37 46 38 39 2b 39 35 30 31 |[0x00807F89+9501|
|000002e0| 35 33 5d 5c 6e 5c 74 4f 72 64 69 6e 61 6c 30 20 |53]\n\tOrdinal0 |
|000002f0| 5b 30 78 30 30 38 30 38 46 35 36 2b 39 35 34 31 |[0x00808F56+9541|
|00000300| 39 38 5d 5c 6e 5c 74 47 65 74 48 61 6e 64 6c 65 |98]\n\tGetHandle|
|00000310| 56 65 72 69 66 69 65 72 20 5b 30 78 30 30 43 33 |Verifier [0x00C3|
|00000320| 32 43 42 32 2b 33 30 34 30 32 31 30 5d 5c 6e 5c |2CB2+3040210]\n\|
|00000330| 74 47 65 74 48 61 6e 64 6c 65 56 65 72 69 66 69 |tGetHandleVerifi|
|00000340| 65 72 20 5b 30 78 30 30 43 32 32 42 42 34 2b 32 |er [0x00C22BB4+2|
|00000350| 39 37 34 34 32 30 5d 5c 6e 5c 74 47 65 74 48 61 |974420]\n\tGetHa|
|00000360| 6e 64 6c 65 56 65 72 69 66 69 65 72 20 5b 30 78 |ndleVerifier [0x|
|00000370| 30 30 39 44 36 41 30 41 2b 35 36 35 35 34 36 5d |009D6A0A+565546]|
|00000380| 5c 6e 5c 74 47 65 74 48 61 6e 64 6c 65 56 65 72 |\n\tGetHandleVer|
|00000390| 69 66 69 65 72 20 5b 30 78 30 30 39 44 35 36 38 |ifier [0x009D568|
|000003a0| 30 2b 35 36 30 35 34 34 5d 5c 6e 5c 74 4f 72 64 |0+560544]\n\tOrd|
|000003b0| 69 6e 61 6c 30 20 5b 30 78 30 30 38 44 39 41 35 |inal0 [0x008D9A5|
|000003c0| 43 2b 31 38 30 38 39 38 38 5d 5c 6e 5c 74 4f 72 |C+1808988]\n\tOr|
|000003d0| 64 69 6e 61 6c 30 20 5b 30 78 30 30 38 44 45 33 |dinal0 [0x008DE3|
|000003e0| 41 38 2b 31 38 32 37 37 35 32 5d 5c 6e 5c 74 4f |A8+1827752]\n\tO|
|000003f0| 72 64 69 6e 61 6c 30 20 5b 30 78 30 30 38 44 45 |rdinal0 [0x008DE|
|00000400| 34 39 35 2b 31 38 32 37 39 38 39 5d 5c 6e 5c 74 |495+1827989]\n\t|
|00000410| 4f 72 64 69 6e 61 6c 30 20 5b 30 78 30 30 38 45 |Ordinal0 [0x008E|
|00000420| 38 30 41 34 2b 31 38 36 37 39 34 30 5d 5c 6e 5c |80A4+1867940]\n\|
|00000430| 74 42 61 73 65 54 68 72 65 61 64 49 6e 69 74 54 |tBaseThreadInitT|
|00000440| 68 75 6e 6b 20 5b 30 78 37 35 34 37 46 41 32 39 |hunk [0x7547FA29|
|00000450| 2b 32 35 5d 5c 6e 5c 74 52 74 6c 47 65 74 41 70 |+25]\n\tRtlGetAp|
|00000460| 70 43 6f 6e 74 61 69 6e 65 72 4e 61 6d 65 64 4f |pContainerNamedO|
|00000470| 62 6a 65 63 74 50 61 74 68 20 5b 30 78 37 37 32 |bjectPath [0x772|
|00000480| 38 37 42 35 45 2b 32 38 36 5d 5c 6e 5c 74 52 74 |87B5E+286]\n\tRt|
|00000490| 6c 47 65 74 41 70 70 43 6f 6e 74 61 69 6e 65 72 |lGetAppContainer|
|000004a0| 4e 61 6d 65 64 4f 62 6a 65 63 74 50 61 74 68 20 |NamedObjectPath |
|000004b0| 5b 30 78 37 37 32 38 37 42 32 45 2b 32 33 38 5d |[0x77287B2E+238]|
|000004c0| 5c 6e 22 7d 7d                                  |\n"}}           |
+--------+-------------------------------------------------+----------------+
14:13:17.892 [AsyncHttpClient-1-8] DEBUG o.a.netty.handler.HttpHandler - 

Request DefaultHttpRequest(decodeResult: success, version: HTTP/1.1)
POST /session/7f7237f6b7b416b55350c5691275deb2/element HTTP/1.1
User-Agent: selenium/4.4.0 (java windows)
Content-Length: 166
Content-Type: application/json; charset=utf-8
host: localhost:53550
accept: */*

Response DefaultHttpResponse(decodeResult: success, version: HTTP/1.1)
HTTP/1.1 404 Not Found
Content-Type: application/json; charset=utf-8
cache-control: no-cache
content-length: 1104

14:13:17.892 [AsyncHttpClient-1-8] DEBUG o.a.netty.channel.ChannelManager - Adding key: http://localhost:53550 for channel [id: 0xa6657862, L:/127.0.0.1:64395 - R:localhost/127.0.0.1:53550]
14:13:17.892 [AsyncHttpClient-1-8] TRACE i.n.handler.logging.LoggingHandler - [id: 0xa6657862, L:/127.0.0.1:64395 - R:localhost/127.0.0.1:53550] READ COMPLETE
14:13:18.383 [AsyncHttpClient-1-1] DEBUG o.a.netty.channel.DefaultChannelPool - Entry count for : http://localhost:53550 : 1
14:13:18.383 [AsyncHttpClient-1-1] DEBUG o.a.netty.channel.DefaultChannelPool - Entry count for : http://localhost:64396 : 1
14:13:18.398 [Forwarding findElement on session 7f7237f6b7b416b55350c5691275deb2 to remote] DEBUG o.a.netty.request.NettyRequestSender - Using pooled Channel '[id: 0xa6657862, L:/127.0.0.1:64395 - R:localhost/127.0.0.1:53550]' for 'POST' to 'http://localhost:53550/session/7f7237f6b7b416b55350c5691275deb2/element'
14:13:18.398 [Forwarding findElement on session 7f7237f6b7b416b55350c5691275deb2 to remote] DEBUG o.a.netty.request.NettyRequestSender - Using open Channel [id: 0xa6657862, L:/127.0.0.1:64395 - R:localhost/127.0.0.1:53550] for POST '/session/7f7237f6b7b416b55350c5691275deb2/element'
14:13:18.399 [AsyncHttpClient-1-8] TRACE i.n.handler.logging.LoggingHandler - [id: 0xa6657862, L:/127.0.0.1:64395 - R:localhost/127.0.0.1:53550] WRITE: 214B
         +-------------------------------------------------+
         |  0  1  2  3  4  5  6  7  8  9  a  b  c  d  e  f |
+--------+-------------------------------------------------+----------------+
|00000000| 50 4f 53 54 20 2f 73 65 73 73 69 6f 6e 2f 37 66 |POST /session/7f|
|00000010| 37 32 33 37 66 36 62 37 62 34 31 36 62 35 35 33 |7237f6b7b416b553|
|00000020| 35 30 63 35 36 39 31 32 37 35 64 65 62 32 2f 65 |50c5691275deb2/e|
|00000030| 6c 65 6d 65 6e 74 20 48 54 54 50 2f 31 2e 31 0d |lement HTTP/1.1.|
|00000040| 0a 55 73 65 72 2d 41 67 65 6e 74 3a 20 73 65 6c |.User-Agent: sel|
|00000050| 65 6e 69 75 6d 2f 34 2e 34 2e 30 20 28 6a 61 76 |enium/4.4.0 (jav|
|00000060| 61 20 77 69 6e 64 6f 77 73 29 0d 0a 43 6f 6e 74 |a windows)..Cont|
|00000070| 65 6e 74 2d 4c 65 6e 67 74 68 3a 20 31 36 36 0d |ent-Length: 166.|
|00000080| 0a 43 6f 6e 74 65 6e 74 2d 54 79 70 65 3a 20 61 |.Content-Type: a|
|00000090| 70 70 6c 69 63 61 74 69 6f 6e 2f 6a 73 6f 6e 3b |pplication/json;|
|000000a0| 20 63 68 61 72 73 65 74 3d 75 74 66 2d 38 0d 0a | charset=utf-8..|
|000000b0| 68 6f 73 74 3a 20 6c 6f 63 61 6c 68 6f 73 74 3a |host: localhost:|
|000000c0| 35 33 35 35 30 0d 0a 61 63 63 65 70 74 3a 20 2a |53550..accept: *|
|000000d0| 2f 2a 0d 0a 0d 0a                               |/*....          |
+--------+-------------------------------------------------+----------------+
14:13:18.399 [AsyncHttpClient-1-8] TRACE i.n.handler.logging.LoggingHandler - [id: 0xa6657862, L:/127.0.0.1:64395 - R:localhost/127.0.0.1:53550] WRITE: 166B
         +-------------------------------------------------+
         |  0  1  2  3  4  5  6  7  8  9  a  b  c  d  e  f |
+--------+-------------------------------------------------+----------------+
|00000000| 7b 0a 20 20 22 75 73 69 6e 67 22 3a 20 22 78 70 |{.  "using": "xp|
|00000010| 61 74 68 22 2c 0a 20 20 22 76 61 6c 75 65 22 3a |ath",.  "value":|
|00000020| 20 22 5c 75 30 30 32 66 5c 75 30 30 32 66 64 69 | "\u002f\u002fdi|
|00000030| 76 5b 63 6f 6e 74 61 69 6e 73 28 40 63 6c 61 73 |v[contains(@clas|
|00000040| 73 2c 27 69 74 65 6d 2d 2d 61 63 74 69 76 65 27 |s,'item--active'|
|00000050| 29 5d 5c 75 30 30 32 66 5c 75 30 30 32 66 75 6c |)]\u002f\u002ful|
|00000060| 5b 63 6f 6e 74 61 69 6e 73 28 40 63 6c 61 73 73 |[contains(@class|
|00000070| 2c 20 27 6d 65 6e 75 2d 62 75 72 67 65 72 5f 5f |, 'menu-burger__|
|00000080| 73 65 74 27 29 5d 5c 75 30 30 32 66 5c 75 30 30 |set')]\u002f\u00|
|00000090| 32 66 61 5b 2e 3d 27 d0 91 d1 80 d1 8e d0 ba d0 |2fa[.='.........|
|000000a0| b8 27 5d 22 0a 7d                               |.']".}          |
+--------+-------------------------------------------------+----------------+
14:13:18.399 [AsyncHttpClient-1-8] TRACE i.n.handler.logging.LoggingHandler - [id: 0xa6657862, L:/127.0.0.1:64395 - R:localhost/127.0.0.1:53550] FLUSH
14:13:18.400 [AsyncHttpClient-1-8] TRACE i.n.handler.logging.LoggingHandler - [id: 0xa6657862, L:/127.0.0.1:64395 - R:localhost/127.0.0.1:53550] WRITE: 0B
14:13:18.400 [AsyncHttpClient-1-8] TRACE i.n.handler.logging.LoggingHandler - [id: 0xa6657862, L:/127.0.0.1:64395 - R:localhost/127.0.0.1:53550] FLUSH
14:13:18.416 [AsyncHttpClient-1-8] TRACE i.n.handler.logging.LoggingHandler - [id: 0xa6657862, L:/127.0.0.1:64395 - R:localhost/127.0.0.1:53550] READ: 1221B
         +-------------------------------------------------+
         |  0  1  2  3  4  5  6  7  8  9  a  b  c  d  e  f |
+--------+-------------------------------------------------+----------------+
|00000000| 48 54 54 50 2f 31 2e 31 20 34 30 34 20 4e 6f 74 |HTTP/1.1 404 Not|
|00000010| 20 46 6f 75 6e 64 0d 0a 43 6f 6e 74 65 6e 74 2d | Found..Content-|
|00000020| 4c 65 6e 67 74 68 3a 31 31 30 34 0d 0a 43 6f 6e |Length:1104..Con|
|00000030| 74 65 6e 74 2d 54 79 70 65 3a 61 70 70 6c 69 63 |tent-Type:applic|
|00000040| 61 74 69 6f 6e 2f 6a 73 6f 6e 3b 20 63 68 61 72 |ation/json; char|
|00000050| 73 65 74 3d 75 74 66 2d 38 0d 0a 63 61 63 68 65 |set=utf-8..cache|
|00000060| 2d 63 6f 6e 74 72 6f 6c 3a 6e 6f 2d 63 61 63 68 |-control:no-cach|
|00000070| 65 0d 0a 0d 0a 7b 22 76 61 6c 75 65 22 3a 7b 22 |e....{"value":{"|
|00000080| 65 72 72 6f 72 22 3a 22 6e 6f 20 73 75 63 68 20 |error":"no such |
|00000090| 65 6c 65 6d 65 6e 74 22 2c 22 6d 65 73 73 61 67 |element","messag|
|000000a0| 65 22 3a 22 6e 6f 20 73 75 63 68 20 65 6c 65 6d |e":"no such elem|
|000000b0| 65 6e 74 3a 20 55 6e 61 62 6c 65 20 74 6f 20 6c |ent: Unable to l|
|000000c0| 6f 63 61 74 65 20 65 6c 65 6d 65 6e 74 3a 20 7b |ocate element: {|
|000000d0| 5c 22 6d 65 74 68 6f 64 5c 22 3a 5c 22 78 70 61 |\"method\":\"xpa|
|000000e0| 74 68 5c 22 2c 5c 22 73 65 6c 65 63 74 6f 72 5c |th\",\"selector\|
|000000f0| 22 3a 5c 22 2f 2f 64 69 76 5b 63 6f 6e 74 61 69 |":\"//div[contai|
|00000100| 6e 73 28 40 63 6c 61 73 73 2c 27 69 74 65 6d 2d |ns(@class,'item-|
|00000110| 2d 61 63 74 69 76 65 27 29 5d 2f 2f 75 6c 5b 63 |-active')]//ul[c|
|00000120| 6f 6e 74 61 69 6e 73 28 40 63 6c 61 73 73 2c 20 |ontains(@class, |
|00000130| 27 6d 65 6e 75 2d 62 75 72 67 65 72 5f 5f 73 65 |'menu-burger__se|
|00000140| 74 27 29 5d 2f 2f 61 5b 2e 3d 27 d0 91 d1 80 d1 |t')]//a[.='.....|
|00000150| 8e d0 ba d0 b8 27 5d 5c 22 7d 5c 6e 20 20 28 53 |.....']\"}\n  (S|
|00000160| 65 73 73 69 6f 6e 20 69 6e 66 6f 3a 20 63 68 72 |ession info: chr|
|00000170| 6f 6d 65 3d 31 30 35 2e 30 2e 35 31 39 35 2e 31 |ome=105.0.5195.1|
|00000180| 32 37 29 22 2c 22 73 74 61 63 6b 74 72 61 63 65 |27)","stacktrace|
|00000190| 22 3a 22 42 61 63 6b 74 72 61 63 65 3a 5c 6e 5c |":"Backtrace:\n\|
|000001a0| 74 4f 72 64 69 6e 61 6c 30 20 5b 30 78 30 30 39 |tOrdinal0 [0x009|
|000001b0| 33 44 46 31 33 2b 32 32 31 39 37 39 35 5d 5c 6e |3DF13+2219795]\n|
|000001c0| 5c 74 4f 72 64 69 6e 61 6c 30 20 5b 30 78 30 30 |\tOrdinal0 [0x00|
|000001d0| 38 44 32 38 34 31 2b 31 37 37 39 37 37 37 5d 5c |8D2841+1779777]\|
|000001e0| 6e 5c 74 4f 72 64 69 6e 61 6c 30 20 5b 30 78 30 |n\tOrdinal0 [0x0|
|000001f0| 30 37 45 34 32 33 44 2b 38 30 33 33 38 39 5d 5c |07E423D+803389]\|
|00000200| 6e 5c 74 4f 72 64 69 6e 61 6c 30 20 5b 30 78 30 |n\tOrdinal0 [0x0|
|00000210| 30 38 31 33 30 32 35 2b 39 39 35 33 36 35 5d 5c |0813025+995365]\|
|00000220| 6e 5c 74 4f 72 64 69 6e 61 6c 30 20 5b 30 78 30 |n\tOrdinal0 [0x0|
|00000230| 30 38 31 33 31 45 42 2b 39 39 35 38 31 39 5d 5c |08131EB+995819]\|
|00000240| 6e 5c 74 4f 72 64 69 6e 61 6c 30 20 5b 30 78 30 |n\tOrdinal0 [0x0|
|00000250| 30 38 34 30 46 35 32 2b 31 31 38 33 35 37 30 5d |0840F52+1183570]|
|00000260| 5c 6e 5c 74 4f 72 64 69 6e 61 6c 30 20 5b 30 78 |\n\tOrdinal0 [0x|
|00000270| 30 30 38 32 45 38 34 34 2b 31 31 30 38 30 33 36 |0082E844+1108036|
|00000280| 5d 5c 6e 5c 74 4f 72 64 69 6e 61 6c 30 20 5b 30 |]\n\tOrdinal0 [0|
|00000290| 78 30 30 38 33 46 31 39 32 2b 31 31 37 35 39 35 |x0083F192+117595|
|000002a0| 34 5d 5c 6e 5c 74 4f 72 64 69 6e 61 6c 30 20 5b |4]\n\tOrdinal0 [|
|000002b0| 30 78 30 30 38 32 45 36 31 36 2b 31 31 30 37 34 |0x0082E616+11074|
|000002c0| 37 38 5d 5c 6e 5c 74 4f 72 64 69 6e 61 6c 30 20 |78]\n\tOrdinal0 |
|000002d0| 5b 30 78 30 30 38 30 37 46 38 39 2b 39 35 30 31 |[0x00807F89+9501|
|000002e0| 35 33 5d 5c 6e 5c 74 4f 72 64 69 6e 61 6c 30 20 |53]\n\tOrdinal0 |
|000002f0| 5b 30 78 30 30 38 30 38 46 35 36 2b 39 35 34 31 |[0x00808F56+9541|
|00000300| 39 38 5d 5c 6e 5c 74 47 65 74 48 61 6e 64 6c 65 |98]\n\tGetHandle|
|00000310| 56 65 72 69 66 69 65 72 20 5b 30 78 30 30 43 33 |Verifier [0x00C3|
|00000320| 32 43 42 32 2b 33 30 34 30 32 31 30 5d 5c 6e 5c |2CB2+3040210]\n\|
|00000330| 74 47 65 74 48 61 6e 64 6c 65 56 65 72 69 66 69 |tGetHandleVerifi|
|00000340| 65 72 20 5b 30 78 30 30 43 32 32 42 42 34 2b 32 |er [0x00C22BB4+2|
|00000350| 39 37 34 34 32 30 5d 5c 6e 5c 74 47 65 74 48 61 |974420]\n\tGetHa|
|00000360| 6e 64 6c 65 56 65 72 69 66 69 65 72 20 5b 30 78 |ndleVerifier [0x|
|00000370| 30 30 39 44 36 41 30 41 2b 35 36 35 35 34 36 5d |009D6A0A+565546]|
|00000380| 5c 6e 5c 74 47 65 74 48 61 6e 64 6c 65 56 65 72 |\n\tGetHandleVer|
|00000390| 69 66 69 65 72 20 5b 30 78 30 30 39 44 35 36 38 |ifier [0x009D568|
|000003a0| 30 2b 35 36 30 35 34 34 5d 5c 6e 5c 74 4f 72 64 |0+560544]\n\tOrd|
|000003b0| 69 6e 61 6c 30 20 5b 30 78 30 30 38 44 39 41 35 |inal0 [0x008D9A5|
|000003c0| 43 2b 31 38 30 38 39 38 38 5d 5c 6e 5c 74 4f 72 |C+1808988]\n\tOr|
|000003d0| 64 69 6e 61 6c 30 20 5b 30 78 30 30 38 44 45 33 |dinal0 [0x008DE3|
|000003e0| 41 38 2b 31 38 32 37 37 35 32 5d 5c 6e 5c 74 4f |A8+1827752]\n\tO|
|000003f0| 72 64 69 6e 61 6c 30 20 5b 30 78 30 30 38 44 45 |rdinal0 [0x008DE|
|00000400| 34 39 35 2b 31 38 32 37 39 38 39 5d 5c 6e 5c 74 |495+1827989]\n\t|
|00000410| 4f 72 64 69 6e 61 6c 30 20 5b 30 78 30 30 38 45 |Ordinal0 [0x008E|
|00000420| 38 30 41 34 2b 31 38 36 37 39 34 30 5d 5c 6e 5c |80A4+1867940]\n\|
|00000430| 74 42 61 73 65 54 68 72 65 61 64 49 6e 69 74 54 |tBaseThreadInitT|
|00000440| 68 75 6e 6b 20 5b 30 78 37 35 34 37 46 41 32 39 |hunk [0x7547FA29|
|00000450| 2b 32 35 5d 5c 6e 5c 74 52 74 6c 47 65 74 41 70 |+25]\n\tRtlGetAp|
|00000460| 70 43 6f 6e 74 61 69 6e 65 72 4e 61 6d 65 64 4f |pContainerNamedO|
|00000470| 62 6a 65 63 74 50 61 74 68 20 5b 30 78 37 37 32 |bjectPath [0x772|
|00000480| 38 37 42 35 45 2b 32 38 36 5d 5c 6e 5c 74 52 74 |87B5E+286]\n\tRt|
|00000490| 6c 47 65 74 41 70 70 43 6f 6e 74 61 69 6e 65 72 |lGetAppContainer|
|000004a0| 4e 61 6d 65 64 4f 62 6a 65 63 74 50 61 74 68 20 |NamedObjectPath |
|000004b0| 5b 30 78 37 37 32 38 37 42 32 45 2b 32 33 38 5d |[0x77287B2E+238]|
|000004c0| 5c 6e 22 7d 7d                                  |\n"}}           |
+--------+-------------------------------------------------+----------------+
14:13:18.417 [AsyncHttpClient-1-8] DEBUG o.a.netty.handler.HttpHandler - 

Request DefaultHttpRequest(decodeResult: success, version: HTTP/1.1)
POST /session/7f7237f6b7b416b55350c5691275deb2/element HTTP/1.1
User-Agent: selenium/4.4.0 (java windows)
Content-Length: 166
Content-Type: application/json; charset=utf-8
host: localhost:53550
accept: */*

Response DefaultHttpResponse(decodeResult: success, version: HTTP/1.1)
HTTP/1.1 404 Not Found
Content-Type: application/json; charset=utf-8
cache-control: no-cache
content-length: 1104

14:13:18.417 [AsyncHttpClient-1-8] DEBUG o.a.netty.channel.ChannelManager - Adding key: http://localhost:53550 for channel [id: 0xa6657862, L:/127.0.0.1:64395 - R:localhost/127.0.0.1:53550]
14:13:18.417 [AsyncHttpClient-1-8] TRACE i.n.handler.logging.LoggingHandler - [id: 0xa6657862, L:/127.0.0.1:64395 - R:localhost/127.0.0.1:53550] READ COMPLETE
14:13:18.932 [Forwarding findElement on session 7f7237f6b7b416b55350c5691275deb2 to remote] DEBUG o.a.netty.request.NettyRequestSender - Using pooled Channel '[id: 0xa6657862, L:/127.0.0.1:64395 - R:localhost/127.0.0.1:53550]' for 'POST' to 'http://localhost:53550/session/7f7237f6b7b416b55350c5691275deb2/element'
14:13:18.933 [Forwarding findElement on session 7f7237f6b7b416b55350c5691275deb2 to remote] DEBUG o.a.netty.request.NettyRequestSender - Using open Channel [id: 0xa6657862, L:/127.0.0.1:64395 - R:localhost/127.0.0.1:53550] for POST '/session/7f7237f6b7b416b55350c5691275deb2/element'
14:13:18.933 [AsyncHttpClient-1-8] TRACE i.n.handler.logging.LoggingHandler - [id: 0xa6657862, L:/127.0.0.1:64395 - R:localhost/127.0.0.1:53550] WRITE: 214B
         +-------------------------------------------------+
         |  0  1  2  3  4  5  6  7  8  9  a  b  c  d  e  f |
+--------+-------------------------------------------------+----------------+
|00000000| 50 4f 53 54 20 2f 73 65 73 73 69 6f 6e 2f 37 66 |POST /session/7f|
|00000010| 37 32 33 37 66 36 62 37 62 34 31 36 62 35 35 33 |7237f6b7b416b553|
|00000020| 35 30 63 35 36 39 31 32 37 35 64 65 62 32 2f 65 |50c5691275deb2/e|
|00000030| 6c 65 6d 65 6e 74 20 48 54 54 50 2f 31 2e 31 0d |lement HTTP/1.1.|
|00000040| 0a 55 73 65 72 2d 41 67 65 6e 74 3a 20 73 65 6c |.User-Agent: sel|
|00000050| 65 6e 69 75 6d 2f 34 2e 34 2e 30 20 28 6a 61 76 |enium/4.4.0 (jav|
|00000060| 61 20 77 69 6e 64 6f 77 73 29 0d 0a 43 6f 6e 74 |a windows)..Cont|
|00000070| 65 6e 74 2d 4c 65 6e 67 74 68 3a 20 31 36 36 0d |ent-Length: 166.|
|00000080| 0a 43 6f 6e 74 65 6e 74 2d 54 79 70 65 3a 20 61 |.Content-Type: a|
|00000090| 70 70 6c 69 63 61 74 69 6f 6e 2f 6a 73 6f 6e 3b |pplication/json;|
|000000a0| 20 63 68 61 72 73 65 74 3d 75 74 66 2d 38 0d 0a | charset=utf-8..|
|000000b0| 68 6f 73 74 3a 20 6c 6f 63 61 6c 68 6f 73 74 3a |host: localhost:|
|000000c0| 35 33 35 35 30 0d 0a 61 63 63 65 70 74 3a 20 2a |53550..accept: *|
|000000d0| 2f 2a 0d 0a 0d 0a                               |/*....          |
+--------+-------------------------------------------------+----------------+
14:13:18.934 [AsyncHttpClient-1-8] TRACE i.n.handler.logging.LoggingHandler - [id: 0xa6657862, L:/127.0.0.1:64395 - R:localhost/127.0.0.1:53550] WRITE: 166B
         +-------------------------------------------------+
         |  0  1  2  3  4  5  6  7  8  9  a  b  c  d  e  f |
+--------+-------------------------------------------------+----------------+
|00000000| 7b 0a 20 20 22 75 73 69 6e 67 22 3a 20 22 78 70 |{.  "using": "xp|
|00000010| 61 74 68 22 2c 0a 20 20 22 76 61 6c 75 65 22 3a |ath",.  "value":|
|00000020| 20 22 5c 75 30 30 32 66 5c 75 30 30 32 66 64 69 | "\u002f\u002fdi|
|00000030| 76 5b 63 6f 6e 74 61 69 6e 73 28 40 63 6c 61 73 |v[contains(@clas|
|00000040| 73 2c 27 69 74 65 6d 2d 2d 61 63 74 69 76 65 27 |s,'item--active'|
|00000050| 29 5d 5c 75 30 30 32 66 5c 75 30 30 32 66 75 6c |)]\u002f\u002ful|
|00000060| 5b 63 6f 6e 74 61 69 6e 73 28 40 63 6c 61 73 73 |[contains(@class|
|00000070| 2c 20 27 6d 65 6e 75 2d 62 75 72 67 65 72 5f 5f |, 'menu-burger__|
|00000080| 73 65 74 27 29 5d 5c 75 30 30 32 66 5c 75 30 30 |set')]\u002f\u00|
|00000090| 32 66 61 5b 2e 3d 27 d0 91 d1 80 d1 8e d0 ba d0 |2fa[.='.........|
|000000a0| b8 27 5d 22 0a 7d                               |.']".}          |
+--------+-------------------------------------------------+----------------+
14:13:18.934 [AsyncHttpClient-1-8] TRACE i.n.handler.logging.LoggingHandler - [id: 0xa6657862, L:/127.0.0.1:64395 - R:localhost/127.0.0.1:53550] FLUSH
14:13:18.934 [AsyncHttpClient-1-8] TRACE i.n.handler.logging.LoggingHandler - [id: 0xa6657862, L:/127.0.0.1:64395 - R:localhost/127.0.0.1:53550] WRITE: 0B
14:13:18.934 [AsyncHttpClient-1-8] TRACE i.n.handler.logging.LoggingHandler - [id: 0xa6657862, L:/127.0.0.1:64395 - R:localhost/127.0.0.1:53550] FLUSH
14:13:18.958 [AsyncHttpClient-1-8] TRACE i.n.handler.logging.LoggingHandler - [id: 0xa6657862, L:/127.0.0.1:64395 - R:localhost/127.0.0.1:53550] READ: 1221B
         +-------------------------------------------------+
         |  0  1  2  3  4  5  6  7  8  9  a  b  c  d  e  f |
+--------+-------------------------------------------------+----------------+
|00000000| 48 54 54 50 2f 31 2e 31 20 34 30 34 20 4e 6f 74 |HTTP/1.1 404 Not|
|00000010| 20 46 6f 75 6e 64 0d 0a 43 6f 6e 74 65 6e 74 2d | Found..Content-|
|00000020| 4c 65 6e 67 74 68 3a 31 31 30 34 0d 0a 43 6f 6e |Length:1104..Con|
|00000030| 74 65 6e 74 2d 54 79 70 65 3a 61 70 70 6c 69 63 |tent-Type:applic|
|00000040| 61 74 69 6f 6e 2f 6a 73 6f 6e 3b 20 63 68 61 72 |ation/json; char|
|00000050| 73 65 74 3d 75 74 66 2d 38 0d 0a 63 61 63 68 65 |set=utf-8..cache|
|00000060| 2d 63 6f 6e 74 72 6f 6c 3a 6e 6f 2d 63 61 63 68 |-control:no-cach|
|00000070| 65 0d 0a 0d 0a 7b 22 76 61 6c 75 65 22 3a 7b 22 |e....{"value":{"|
|00000080| 65 72 72 6f 72 22 3a 22 6e 6f 20 73 75 63 68 20 |error":"no such |
|00000090| 65 6c 65 6d 65 6e 74 22 2c 22 6d 65 73 73 61 67 |element","messag|
|000000a0| 65 22 3a 22 6e 6f 20 73 75 63 68 20 65 6c 65 6d |e":"no such elem|
|000000b0| 65 6e 74 3a 20 55 6e 61 62 6c 65 20 74 6f 20 6c |ent: Unable to l|
|000000c0| 6f 63 61 74 65 20 65 6c 65 6d 65 6e 74 3a 20 7b |ocate element: {|
|000000d0| 5c 22 6d 65 74 68 6f 64 5c 22 3a 5c 22 78 70 61 |\"method\":\"xpa|
|000000e0| 74 68 5c 22 2c 5c 22 73 65 6c 65 63 74 6f 72 5c |th\",\"selector\|
|000000f0| 22 3a 5c 22 2f 2f 64 69 76 5b 63 6f 6e 74 61 69 |":\"//div[contai|
|00000100| 6e 73 28 40 63 6c 61 73 73 2c 27 69 74 65 6d 2d |ns(@class,'item-|
|00000110| 2d 61 63 74 69 76 65 27 29 5d 2f 2f 75 6c 5b 63 |-active')]//ul[c|
|00000120| 6f 6e 74 61 69 6e 73 28 40 63 6c 61 73 73 2c 20 |ontains(@class, |
|00000130| 27 6d 65 6e 75 2d 62 75 72 67 65 72 5f 5f 73 65 |'menu-burger__se|
|00000140| 74 27 29 5d 2f 2f 61 5b 2e 3d 27 d0 91 d1 80 d1 |t')]//a[.='.....|
|00000150| 8e d0 ba d0 b8 27 5d 5c 22 7d 5c 6e 20 20 28 53 |.....']\"}\n  (S|
|00000160| 65 73 73 69 6f 6e 20 69 6e 66 6f 3a 20 63 68 72 |ession info: chr|
|00000170| 6f 6d 65 3d 31 30 35 2e 30 2e 35 31 39 35 2e 31 |ome=105.0.5195.1|
|00000180| 32 37 29 22 2c 22 73 74 61 63 6b 74 72 61 63 65 |27)","stacktrace|
|00000190| 22 3a 22 42 61 63 6b 74 72 61 63 65 3a 5c 6e 5c |":"Backtrace:\n\|
|000001a0| 74 4f 72 64 69 6e 61 6c 30 20 5b 30 78 30 30 39 |tOrdinal0 [0x009|
|000001b0| 33 44 46 31 33 2b 32 32 31 39 37 39 35 5d 5c 6e |3DF13+2219795]\n|
|000001c0| 5c 74 4f 72 64 69 6e 61 6c 30 20 5b 30 78 30 30 |\tOrdinal0 [0x00|
|000001d0| 38 44 32 38 34 31 2b 31 37 37 39 37 37 37 5d 5c |8D2841+1779777]\|
|000001e0| 6e 5c 74 4f 72 64 69 6e 61 6c 30 20 5b 30 78 30 |n\tOrdinal0 [0x0|
|000001f0| 30 37 45 34 32 33 44 2b 38 30 33 33 38 39 5d 5c |07E423D+803389]\|
|00000200| 6e 5c 74 4f 72 64 69 6e 61 6c 30 20 5b 30 78 30 |n\tOrdinal0 [0x0|
|00000210| 30 38 31 33 30 32 35 2b 39 39 35 33 36 35 5d 5c |0813025+995365]\|
|00000220| 6e 5c 74 4f 72 64 69 6e 61 6c 30 20 5b 30 78 30 |n\tOrdinal0 [0x0|
|00000230| 30 38 31 33 31 45 42 2b 39 39 35 38 31 39 5d 5c |08131EB+995819]\|
|00000240| 6e 5c 74 4f 72 64 69 6e 61 6c 30 20 5b 30 78 30 |n\tOrdinal0 [0x0|
|00000250| 30 38 34 30 46 35 32 2b 31 31 38 33 35 37 30 5d |0840F52+1183570]|
|00000260| 5c 6e 5c 74 4f 72 64 69 6e 61 6c 30 20 5b 30 78 |\n\tOrdinal0 [0x|
|00000270| 30 30 38 32 45 38 34 34 2b 31 31 30 38 30 33 36 |0082E844+1108036|
|00000280| 5d 5c 6e 5c 74 4f 72 64 69 6e 61 6c 30 20 5b 30 |]\n\tOrdinal0 [0|
|00000290| 78 30 30 38 33 46 31 39 32 2b 31 31 37 35 39 35 |x0083F192+117595|
|000002a0| 34 5d 5c 6e 5c 74 4f 72 64 69 6e 61 6c 30 20 5b |4]\n\tOrdinal0 [|
|000002b0| 30 78 30 30 38 32 45 36 31 36 2b 31 31 30 37 34 |0x0082E616+11074|
|000002c0| 37 38 5d 5c 6e 5c 74 4f 72 64 69 6e 61 6c 30 20 |78]\n\tOrdinal0 |
|000002d0| 5b 30 78 30 30 38 30 37 46 38 39 2b 39 35 30 31 |[0x00807F89+9501|
|000002e0| 35 33 5d 5c 6e 5c 74 4f 72 64 69 6e 61 6c 30 20 |53]\n\tOrdinal0 |
|000002f0| 5b 30 78 30 30 38 30 38 46 35 36 2b 39 35 34 31 |[0x00808F56+9541|
|00000300| 39 38 5d 5c 6e 5c 74 47 65 74 48 61 6e 64 6c 65 |98]\n\tGetHandle|
|00000310| 56 65 72 69 66 69 65 72 20 5b 30 78 30 30 43 33 |Verifier [0x00C3|
|00000320| 32 43 42 32 2b 33 30 34 30 32 31 30 5d 5c 6e 5c |2CB2+3040210]\n\|
|00000330| 74 47 65 74 48 61 6e 64 6c 65 56 65 72 69 66 69 |tGetHandleVerifi|
|00000340| 65 72 20 5b 30 78 30 30 43 32 32 42 42 34 2b 32 |er [0x00C22BB4+2|
|00000350| 39 37 34 34 32 30 5d 5c 6e 5c 74 47 65 74 48 61 |974420]\n\tGetHa|
|00000360| 6e 64 6c 65 56 65 72 69 66 69 65 72 20 5b 30 78 |ndleVerifier [0x|
|00000370| 30 30 39 44 36 41 30 41 2b 35 36 35 35 34 36 5d |009D6A0A+565546]|
|00000380| 5c 6e 5c 74 47 65 74 48 61 6e 64 6c 65 56 65 72 |\n\tGetHandleVer|
|00000390| 69 66 69 65 72 20 5b 30 78 30 30 39 44 35 36 38 |ifier [0x009D568|
|000003a0| 30 2b 35 36 30 35 34 34 5d 5c 6e 5c 74 4f 72 64 |0+560544]\n\tOrd|
|000003b0| 69 6e 61 6c 30 20 5b 30 78 30 30 38 44 39 41 35 |inal0 [0x008D9A5|
|000003c0| 43 2b 31 38 30 38 39 38 38 5d 5c 6e 5c 74 4f 72 |C+1808988]\n\tOr|
|000003d0| 64 69 6e 61 6c 30 20 5b 30 78 30 30 38 44 45 33 |dinal0 [0x008DE3|
|000003e0| 41 38 2b 31 38 32 37 37 35 32 5d 5c 6e 5c 74 4f |A8+1827752]\n\tO|
|000003f0| 72 64 69 6e 61 6c 30 20 5b 30 78 30 30 38 44 45 |rdinal0 [0x008DE|
|00000400| 34 39 35 2b 31 38 32 37 39 38 39 5d 5c 6e 5c 74 |495+1827989]\n\t|
|00000410| 4f 72 64 69 6e 61 6c 30 20 5b 30 78 30 30 38 45 |Ordinal0 [0x008E|
|00000420| 38 30 41 34 2b 31 38 36 37 39 34 30 5d 5c 6e 5c |80A4+1867940]\n\|
|00000430| 74 42 61 73 65 54 68 72 65 61 64 49 6e 69 74 54 |tBaseThreadInitT|
|00000440| 68 75 6e 6b 20 5b 30 78 37 35 34 37 46 41 32 39 |hunk [0x7547FA29|
|00000450| 2b 32 35 5d 5c 6e 5c 74 52 74 6c 47 65 74 41 70 |+25]\n\tRtlGetAp|
|00000460| 70 43 6f 6e 74 61 69 6e 65 72 4e 61 6d 65 64 4f |pContainerNamedO|
|00000470| 62 6a 65 63 74 50 61 74 68 20 5b 30 78 37 37 32 |bjectPath [0x772|
|00000480| 38 37 42 35 45 2b 32 38 36 5d 5c 6e 5c 74 52 74 |87B5E+286]\n\tRt|
|00000490| 6c 47 65 74 41 70 70 43 6f 6e 74 61 69 6e 65 72 |lGetAppContainer|
|000004a0| 4e 61 6d 65 64 4f 62 6a 65 63 74 50 61 74 68 20 |NamedObjectPath |
|000004b0| 5b 30 78 37 37 32 38 37 42 32 45 2b 32 33 38 5d |[0x77287B2E+238]|
|000004c0| 5c 6e 22 7d 7d                                  |\n"}}           |
+--------+-------------------------------------------------+----------------+
14:13:18.959 [AsyncHttpClient-1-8] DEBUG o.a.netty.handler.HttpHandler - 

Request DefaultHttpRequest(decodeResult: success, version: HTTP/1.1)
POST /session/7f7237f6b7b416b55350c5691275deb2/element HTTP/1.1
User-Agent: selenium/4.4.0 (java windows)
Content-Length: 166
Content-Type: application/json; charset=utf-8
host: localhost:53550
accept: */*

Response DefaultHttpResponse(decodeResult: success, version: HTTP/1.1)
HTTP/1.1 404 Not Found
Content-Type: application/json; charset=utf-8
cache-control: no-cache
content-length: 1104

14:13:18.959 [AsyncHttpClient-1-8] DEBUG o.a.netty.channel.ChannelManager - Adding key: http://localhost:53550 for channel [id: 0xa6657862, L:/127.0.0.1:64395 - R:localhost/127.0.0.1:53550]
14:13:18.959 [AsyncHttpClient-1-8] TRACE i.n.handler.logging.LoggingHandler - [id: 0xa6657862, L:/127.0.0.1:64395 - R:localhost/127.0.0.1:53550] READ COMPLETE
14:13:19.142 [main] DEBUG org.aspectj.weaver.loadtime.Aj - 14:13:19.142 main > o.a.w.l.Aj.preProcess o.a.w.l.Aj@b9afc07 org/junit/jupiter/api/extension/TestExecutionExceptionHandler, byte[674], j.i.l.ClassLoaders$AppClassLoader@3cd1a2f1
14:13:19.142 [main] DEBUG org.aspectj.weaver.loadtime.Aj - 14:13:19.142 main - o.a.w.l.Aj.preProcess o.a.w.l.Aj@b9afc07 j.i.l.ClassLoaders$PlatformClassLoader@1ad282e0, j.i.l.ClassLoaders$AppClassLoader@3cd1a2f1
14:13:19.142 [main] DEBUG o.a.weaver.tools.WeavingAdaptor - 14:13:19.142 main > o.a.w.t.WeavingAdaptor.weaveClass o.a.w.l.ClassLoaderWeavingAdaptor@140e5a13 org/junit/jupiter/api/extension/TestExecutionExceptionHandler, byte[674]
14:13:19.142 [main] DEBUG org.aspectj.weaver.bcel.BcelWeaver - 14:13:19.142 main > o.a.w.b.BcelWeaver.weave o.a.w.b.BcelWeaver@48524010 o.a.w.t.WeavingAdaptor$WeavingClassFileProvider@57b4fc1e
14:13:19.143 [main] DEBUG org.aspectj.weaver.bcel.BcelWorld - 14:13:19.143 main - o.a.w.b.BcelWorld.lookupJavaClass o.a.w.l.LTWWorld@2b4a2ec7 org.junit.jupiter.api.extension.Extension, o.a.a.b.c.JavaClass@7e0bc8a3
14:13:19.143 [main] DEBUG org.aspectj.weaver.bcel.BcelWeaver - 14:13:19.143 main > o.a.w.b.BcelWeaver.weaveAndNotify o.a.w.b.BcelWeaver@48524010 o.a.w.b.UnwovenClassFile@6354a50a, o.a.w.b.BcelObjectType@15c48119, o.a.w.t.WeavingAdaptor$WeavingClassFileProvider$1@2cb09f00
14:13:19.143 [main] DEBUG org.aspectj.weaver.bcel.BcelWeaver - 14:13:19.143 main < o.a.w.b.BcelWeaver.weaveAndNotify
14:13:19.143 [main] DEBUG org.aspectj.weaver.bcel.BcelWeaver - 14:13:19.143 main < o.a.w.b.BcelWeaver.weave java.util.ArrayList(1)
14:13:19.143 [main] DEBUG o.a.weaver.tools.WeavingAdaptor - 14:13:19.143 main < o.a.w.t.WeavingAdaptor.weaveClass byte[674]
14:13:19.143 [main] DEBUG org.aspectj.weaver.Dump - 14:13:19.143 main > o.a.w.Dump.dumpOnExit o.a.w.t.WeavingAdaptor$WeavingAdaptorMessageHolder@6a6afff2
14:13:19.143 [main] DEBUG org.aspectj.weaver.Dump - 14:13:19.143 main > o.a.w.Dump.shouldDumpOnExit o.a.w.t.WeavingAdaptor$WeavingAdaptorMessageHolder@6a6afff2
14:13:19.143 [main] DEBUG org.aspectj.weaver.Dump - 14:13:19.143 main - o.a.w.Dump.shouldDumpOnExit abort
14:13:19.143 [main] DEBUG org.aspectj.weaver.Dump - 14:13:19.143 main < o.a.w.Dump.shouldDumpOnExit false
14:13:19.143 [main] DEBUG org.aspectj.weaver.Dump - 14:13:19.143 main < o.a.w.Dump.dumpOnExit Excluded
14:13:19.143 [main] DEBUG org.aspectj.weaver.loadtime.Aj - 14:13:19.143 main < o.a.w.l.Aj.preProcess byte[674]
14:13:19.234 [main] DEBUG org.aspectj.weaver.loadtime.Aj - 14:13:19.234 main > o.a.w.l.Aj.preProcess o.a.w.l.Aj@b9afc07 org/junit/jupiter/engine/descriptor/JupiterTestDescriptor$ExceptionHandlerInvoker, byte[639], j.i.l.ClassLoaders$AppClassLoader@3cd1a2f1
14:13:19.234 [main] DEBUG org.aspectj.weaver.loadtime.Aj - 14:13:19.234 main - o.a.w.l.Aj.preProcess o.a.w.l.Aj@b9afc07 j.i.l.ClassLoaders$PlatformClassLoader@1ad282e0, j.i.l.ClassLoaders$AppClassLoader@3cd1a2f1
14:13:19.234 [main] DEBUG o.a.weaver.tools.WeavingAdaptor - 14:13:19.234 main > o.a.w.t.WeavingAdaptor.weaveClass o.a.w.l.ClassLoaderWeavingAdaptor@140e5a13 org/junit/jupiter/engine/descriptor/JupiterTestDescriptor$ExceptionHandlerInvoker, byte[639]
14:13:19.234 [main] DEBUG org.aspectj.weaver.bcel.BcelWeaver - 14:13:19.234 main > o.a.w.b.BcelWeaver.weave o.a.w.b.BcelWeaver@48524010 o.a.w.t.WeavingAdaptor$WeavingClassFileProvider@3b30409
14:13:19.234 [main] DEBUG org.aspectj.weaver.bcel.BcelWeaver - 14:13:19.234 main > o.a.w.b.BcelWeaver.weaveAndNotify o.a.w.b.BcelWeaver@48524010 o.a.w.b.UnwovenClassFile@79c9f619, o.a.w.b.BcelObjectType@11885841, o.a.w.t.WeavingAdaptor$WeavingClassFileProvider$1@24d998ba
14:13:19.235 [main] DEBUG org.aspectj.weaver.bcel.BcelWeaver - 14:13:19.235 main < o.a.w.b.BcelWeaver.weaveAndNotify
14:13:19.235 [main] DEBUG org.aspectj.weaver.bcel.BcelWeaver - 14:13:19.235 main < o.a.w.b.BcelWeaver.weave java.util.ArrayList(1)
14:13:19.235 [main] DEBUG o.a.weaver.tools.WeavingAdaptor - 14:13:19.235 main < o.a.w.t.WeavingAdaptor.weaveClass byte[639]
14:13:19.235 [main] DEBUG org.aspectj.weaver.Dump - 14:13:19.235 main > o.a.w.Dump.dumpOnExit o.a.w.t.WeavingAdaptor$WeavingAdaptorMessageHolder@6a6afff2
14:13:19.235 [main] DEBUG org.aspectj.weaver.Dump - 14:13:19.235 main > o.a.w.Dump.shouldDumpOnExit o.a.w.t.WeavingAdaptor$WeavingAdaptorMessageHolder@6a6afff2
14:13:19.235 [main] DEBUG org.aspectj.weaver.Dump - 14:13:19.235 main - o.a.w.Dump.shouldDumpOnExit abort
14:13:19.235 [main] DEBUG org.aspectj.weaver.Dump - 14:13:19.235 main < o.a.w.Dump.shouldDumpOnExit false
14:13:19.235 [main] DEBUG org.aspectj.weaver.Dump - 14:13:19.235 main < o.a.w.Dump.dumpOnExit Excluded
14:13:19.235 [main] DEBUG org.aspectj.weaver.loadtime.Aj - 14:13:19.235 main < o.a.w.l.Aj.preProcess byte[639]
14:13:19.242 [AsyncHttpClient-1-2] TRACE i.n.h.c.h.w.WebSocket08FrameEncoder - Encoding WebSocket Frame opCode=8 length=26
14:13:19.243 [AsyncHttpClient-1-2] TRACE i.n.handler.logging.LoggingHandler - [id: 0x2e4ed919, L:/127.0.0.1:64403 - R:localhost/127.0.0.1:64396] WRITE: 32B
         +-------------------------------------------------+
         |  0  1  2  3  4  5  6  7  8  9  a  b  c  d  e  f |
+--------+-------------------------------------------------+----------------+
|00000000| 88 9a 59 e4 40 92 5a 0c 17 f7 3b a0 32 fb 2f 81 |..Y.@.Z...;.2./.|
|00000010| 32 b2 3a 88 2f e1 30 8a 27 b2 2a 8b 23 f9 3c 90 |2.:./.0.'.*.#.<.|
+--------+-------------------------------------------------+----------------+
14:13:19.243 [AsyncHttpClient-1-2] TRACE i.n.handler.logging.LoggingHandler - [id: 0x2e4ed919, L:/127.0.0.1:64403 - R:localhost/127.0.0.1:64396] FLUSH
14:13:19.243 [AsyncHttpClient-1-2] TRACE i.n.handler.logging.LoggingHandler - [id: 0x2e4ed919, L:/127.0.0.1:64403 - R:localhost/127.0.0.1:64396] READ COMPLETE
14:13:19.245 [AsyncHttpClient-1-2] TRACE i.n.handler.logging.LoggingHandler - [id: 0x2e4ed919, L:/127.0.0.1:64403 ! R:localhost/127.0.0.1:64396] INACTIVE
14:13:19.245 [AsyncHttpClient-1-2] DEBUG o.a.netty.handler.WebSocketHandler - Channel Closed: [id: 0x2e4ed919, L:/127.0.0.1:64403 ! R:localhost/127.0.0.1:64396] with attribute NettyResponseFuture{currentRetry=0,
	isDone=1,
	isCancelled=0,
	asyncHandler=org.asynchttpclient.ws.WebSocketUpgradeHandler@3cea7b8,
	nettyRequest=org.asynchttpclient.netty.request.NettyRequest@5cbe6e30,
	future=java.util.concurrent.CompletableFuture@782de66e[Completed normally],
	uri=ws://localhost:64396/devtools/browser/f336cca7-532c-436f-8013-6b64c195c5c0,
	keepAlive=true,
	redirectCount=0,
	timeoutsHolder=null,
	inAuth=0,
	touch=1664017978418}
14:13:19.245 [AsyncHttpClient-1-2] TRACE o.a.netty.handler.WebSocketHandler - Connection was closed abnormally (that is, with no close frame being received).
14:13:19.245 [AsyncHttpClient-1-2] DEBUG o.a.netty.channel.ChannelManager - Closing Channel [id: 0x2e4ed919, L:/127.0.0.1:64403 ! R:localhost/127.0.0.1:64396] 
14:13:19.245 [AsyncHttpClient-1-2] TRACE i.n.handler.logging.LoggingHandler - [id: 0x2e4ed919, L:/127.0.0.1:64403 ! R:localhost/127.0.0.1:64396] UNREGISTERED
14:13:19.251 [Driver Command Executor] DEBUG o.a.netty.request.NettyRequestSender - Using pooled Channel '[id: 0xa6657862, L:/127.0.0.1:64395 - R:localhost/127.0.0.1:53550]' for 'DELETE' to 'http://localhost:53550/session/7f7237f6b7b416b55350c5691275deb2'
14:13:19.251 [Driver Command Executor] DEBUG o.a.netty.request.NettyRequestSender - Using open Channel [id: 0xa6657862, L:/127.0.0.1:64395 - R:localhost/127.0.0.1:53550] for DELETE '/session/7f7237f6b7b416b55350c5691275deb2'
14:13:19.252 [AsyncHttpClient-1-8] TRACE i.n.handler.logging.LoggingHandler - [id: 0xa6657862, L:/127.0.0.1:64395 - R:localhost/127.0.0.1:53550] WRITE: 187B
         +-------------------------------------------------+
         |  0  1  2  3  4  5  6  7  8  9  a  b  c  d  e  f |
+--------+-------------------------------------------------+----------------+
|00000000| 44 45 4c 45 54 45 20 2f 73 65 73 73 69 6f 6e 2f |DELETE /session/|
|00000010| 37 66 37 32 33 37 66 36 62 37 62 34 31 36 62 35 |7f7237f6b7b416b5|
|00000020| 35 33 35 30 63 35 36 39 31 32 37 35 64 65 62 32 |5350c5691275deb2|
|00000030| 20 48 54 54 50 2f 31 2e 31 0d 0a 55 73 65 72 2d | HTTP/1.1..User-|
|00000040| 41 67 65 6e 74 3a 20 73 65 6c 65 6e 69 75 6d 2f |Agent: selenium/|
|00000050| 34 2e 34 2e 30 20 28 6a 61 76 61 20 77 69 6e 64 |4.4.0 (java wind|
|00000060| 6f 77 73 29 0d 0a 43 6f 6e 74 65 6e 74 2d 54 79 |ows)..Content-Ty|
|00000070| 70 65 3a 20 61 70 70 6c 69 63 61 74 69 6f 6e 2f |pe: application/|
|00000080| 6a 73 6f 6e 3b 20 63 68 61 72 73 65 74 3d 75 74 |json; charset=ut|
|00000090| 66 2d 38 0d 0a 68 6f 73 74 3a 20 6c 6f 63 61 6c |f-8..host: local|
|000000a0| 68 6f 73 74 3a 35 33 35 35 30 0d 0a 61 63 63 65 |host:53550..acce|
|000000b0| 70 74 3a 20 2a 2f 2a 0d 0a 0d 0a                |pt: */*....     |
+--------+-------------------------------------------------+----------------+
14:13:19.252 [AsyncHttpClient-1-8] TRACE i.n.handler.logging.LoggingHandler - [id: 0xa6657862, L:/127.0.0.1:64395 - R:localhost/127.0.0.1:53550] FLUSH
14:13:19.523 [AsyncHttpClient-1-1] DEBUG o.a.netty.channel.DefaultChannelPool - Entry count for : http://localhost:64396 : 1
14:13:20.625 [AsyncHttpClient-1-1] DEBUG o.a.netty.channel.DefaultChannelPool - Entry count for : http://localhost:64396 : 1
14:13:21.735 [AsyncHttpClient-1-1] DEBUG o.a.netty.channel.DefaultChannelPool - Entry count for : http://localhost:64396 : 1
14:13:22.009 [AsyncHttpClient-1-9] TRACE i.n.handler.logging.LoggingHandler - [id: 0xc9c3afbf, L:/127.0.0.1:64402 - R:localhost/127.0.0.1:64396] READ COMPLETE
14:13:22.010 [AsyncHttpClient-1-9] TRACE i.n.handler.logging.LoggingHandler - [id: 0xc9c3afbf, L:/127.0.0.1:64402 - R:localhost/127.0.0.1:64396] EXCEPTION: java.net.SocketException: Connection reset
java.net.SocketException: Connection reset
	at java.base/sun.nio.ch.SocketChannelImpl.throwConnectionReset(SocketChannelImpl.java:394)
	at java.base/sun.nio.ch.SocketChannelImpl.read(SocketChannelImpl.java:426)
	at io.netty.buffer.PooledByteBuf.setBytes(PooledByteBuf.java:258)
	at io.netty.buffer.AbstractByteBuf.writeBytes(AbstractByteBuf.java:1132)
	at io.netty.channel.socket.nio.NioSocketChannel.doReadBytes(NioSocketChannel.java:357)
	at io.netty.channel.nio.AbstractNioByteChannel$NioByteUnsafe.read(AbstractNioByteChannel.java:151)
	at io.netty.channel.nio.NioEventLoop.processSelectedKey(NioEventLoop.java:722)
	at io.netty.channel.nio.NioEventLoop.processSelectedKeysOptimized(NioEventLoop.java:658)
	at io.netty.channel.nio.NioEventLoop.processSelectedKeys(NioEventLoop.java:584)
	at io.netty.channel.nio.NioEventLoop.run(NioEventLoop.java:496)
	at io.netty.util.concurrent.SingleThreadEventExecutor$4.run(SingleThreadEventExecutor.java:997)
	at io.netty.util.internal.ThreadExecutorMap$2.run(ThreadExecutorMap.java:74)
	at io.netty.util.concurrent.FastThreadLocalRunnable.run(FastThreadLocalRunnable.java:30)
	at java.base/java.lang.Thread.run(Thread.java:833)
14:13:22.010 [AsyncHttpClient-1-9] DEBUG o.a.netty.handler.HttpHandler - Unexpected I/O exception on channel [id: 0xc9c3afbf, L:/127.0.0.1:64402 - R:localhost/127.0.0.1:64396]
java.net.SocketException: Connection reset
	at java.base/sun.nio.ch.SocketChannelImpl.throwConnectionReset(SocketChannelImpl.java:394)
	at java.base/sun.nio.ch.SocketChannelImpl.read(SocketChannelImpl.java:426)
	at io.netty.buffer.PooledByteBuf.setBytes(PooledByteBuf.java:258)
	at io.netty.buffer.AbstractByteBuf.writeBytes(AbstractByteBuf.java:1132)
	at io.netty.channel.socket.nio.NioSocketChannel.doReadBytes(NioSocketChannel.java:357)
	at io.netty.channel.nio.AbstractNioByteChannel$NioByteUnsafe.read(AbstractNioByteChannel.java:151)
	at io.netty.channel.nio.NioEventLoop.processSelectedKey(NioEventLoop.java:722)
	at io.netty.channel.nio.NioEventLoop.processSelectedKeysOptimized(NioEventLoop.java:658)
	at io.netty.channel.nio.NioEventLoop.processSelectedKeys(NioEventLoop.java:584)
	at io.netty.channel.nio.NioEventLoop.run(NioEventLoop.java:496)
	at io.netty.util.concurrent.SingleThreadEventExecutor$4.run(SingleThreadEventExecutor.java:997)
	at io.netty.util.internal.ThreadExecutorMap$2.run(ThreadExecutorMap.java:74)
	at io.netty.util.concurrent.FastThreadLocalRunnable.run(FastThreadLocalRunnable.java:30)
	at java.base/java.lang.Thread.run(Thread.java:833)
14:13:22.010 [AsyncHttpClient-1-9] DEBUG o.a.netty.channel.ChannelManager - Closing Channel [id: 0xc9c3afbf, L:/127.0.0.1:64402 - R:localhost/127.0.0.1:64396] 
14:13:22.010 [AsyncHttpClient-1-9] TRACE i.n.handler.logging.LoggingHandler - [id: 0xc9c3afbf, L:/127.0.0.1:64402 - R:localhost/127.0.0.1:64396] CLOSE
14:13:22.010 [AsyncHttpClient-1-9] TRACE i.n.handler.logging.LoggingHandler - [id: 0xc9c3afbf, L:/127.0.0.1:64402 ! R:localhost/127.0.0.1:64396] USER_EVENT: io.netty.channel.socket.ChannelInputShutdownReadComplete@69cab475
14:13:22.010 [AsyncHttpClient-1-9] TRACE i.n.handler.logging.LoggingHandler - [id: 0xc9c3afbf, L:/127.0.0.1:64402 ! R:localhost/127.0.0.1:64396] INACTIVE
14:13:22.010 [AsyncHttpClient-1-9] DEBUG o.a.netty.handler.HttpHandler - Channel Closed: [id: 0xc9c3afbf, L:/127.0.0.1:64402 ! R:localhost/127.0.0.1:64396] with attribute DISCARD
14:13:22.010 [AsyncHttpClient-1-9] TRACE i.n.handler.logging.LoggingHandler - [id: 0xc9c3afbf, L:/127.0.0.1:64402 ! R:localhost/127.0.0.1:64396] UNREGISTERED
14:13:22.107 [AsyncHttpClient-1-8] TRACE i.n.handler.logging.LoggingHandler - [id: 0xa6657862, L:/127.0.0.1:64395 - R:localhost/127.0.0.1:53550] READ: 122B
         +-------------------------------------------------+
         |  0  1  2  3  4  5  6  7  8  9  a  b  c  d  e  f |
+--------+-------------------------------------------------+----------------+
|00000000| 48 54 54 50 2f 31 2e 31 20 32 30 30 20 4f 4b 0d |HTTP/1.1 200 OK.|
|00000010| 0a 43 6f 6e 74 65 6e 74 2d 4c 65 6e 67 74 68 3a |.Content-Length:|
|00000020| 31 34 0d 0a 43 6f 6e 74 65 6e 74 2d 54 79 70 65 |14..Content-Type|
|00000030| 3a 61 70 70 6c 69 63 61 74 69 6f 6e 2f 6a 73 6f |:application/jso|
|00000040| 6e 3b 20 63 68 61 72 73 65 74 3d 75 74 66 2d 38 |n; charset=utf-8|
|00000050| 0d 0a 63 61 63 68 65 2d 63 6f 6e 74 72 6f 6c 3a |..cache-control:|
|00000060| 6e 6f 2d 63 61 63 68 65 0d 0a 0d 0a 7b 22 76 61 |no-cache....{"va|
|00000070| 6c 75 65 22 3a 6e 75 6c 6c 7d                   |lue":null}      |
+--------+-------------------------------------------------+----------------+
14:13:22.107 [AsyncHttpClient-1-8] DEBUG o.a.netty.handler.HttpHandler - 

Request DefaultFullHttpRequest(decodeResult: success, version: HTTP/1.1, content: EmptyByteBufBE)
DELETE /session/7f7237f6b7b416b55350c5691275deb2 HTTP/1.1
User-Agent: selenium/4.4.0 (java windows)
Content-Type: application/json; charset=utf-8
host: localhost:53550
accept: */*

Response DefaultHttpResponse(decodeResult: success, version: HTTP/1.1)
HTTP/1.1 200 OK
Content-Type: application/json; charset=utf-8
cache-control: no-cache
content-length: 14

14:13:22.108 [AsyncHttpClient-1-8] DEBUG o.a.netty.channel.ChannelManager - Adding key: http://localhost:53550 for channel [id: 0xa6657862, L:/127.0.0.1:64395 - R:localhost/127.0.0.1:53550]
14:13:22.108 [AsyncHttpClient-1-8] TRACE i.n.handler.logging.LoggingHandler - [id: 0xa6657862, L:/127.0.0.1:64395 - R:localhost/127.0.0.1:53550] READ COMPLETE
14:13:22.477 [AsyncHttpClient-1-8] TRACE i.n.handler.logging.LoggingHandler - [id: 0xa6657862, L:/127.0.0.1:64395 - R:localhost/127.0.0.1:53550] READ COMPLETE
14:13:22.477 [AsyncHttpClient-1-8] TRACE i.n.handler.logging.LoggingHandler - [id: 0xa6657862, L:/127.0.0.1:64395 ! R:localhost/127.0.0.1:53550] INACTIVE
14:13:22.477 [AsyncHttpClient-1-8] DEBUG o.a.netty.handler.HttpHandler - Channel Closed: [id: 0xa6657862, L:/127.0.0.1:64395 ! R:localhost/127.0.0.1:53550] with attribute DISCARD
14:13:22.477 [AsyncHttpClient-1-8] TRACE i.n.handler.logging.LoggingHandler - [id: 0xa6657862, L:/127.0.0.1:64395 ! R:localhost/127.0.0.1:53550] UNREGISTERED
14:13:22.569 [main] DEBUG org.aspectj.weaver.loadtime.Aj - 14:13:22.568 main > o.a.w.l.Aj.preProcess o.a.w.l.Aj@b9afc07 org/openqa/selenium/net/HostIdentifier, byte[4142], j.i.l.ClassLoaders$AppClassLoader@3cd1a2f1
14:13:22.569 [main] DEBUG org.aspectj.weaver.loadtime.Aj - 14:13:22.569 main - o.a.w.l.Aj.preProcess o.a.w.l.Aj@b9afc07 j.i.l.ClassLoaders$PlatformClassLoader@1ad282e0, j.i.l.ClassLoaders$AppClassLoader@3cd1a2f1
14:13:22.569 [main] DEBUG o.a.weaver.tools.WeavingAdaptor - 14:13:22.569 main > o.a.w.t.WeavingAdaptor.weaveClass o.a.w.l.ClassLoaderWeavingAdaptor@140e5a13 org/openqa/selenium/net/HostIdentifier, byte[4142]
14:13:22.569 [main] DEBUG org.aspectj.weaver.bcel.BcelWeaver - 14:13:22.569 main > o.a.w.b.BcelWeaver.weave o.a.w.b.BcelWeaver@48524010 o.a.w.t.WeavingAdaptor$WeavingClassFileProvider@41843b88
14:13:22.569 [main] DEBUG org.aspectj.weaver.bcel.BcelWeaver - 14:13:22.569 main > o.a.w.b.BcelWeaver.weaveAndNotify o.a.w.b.BcelWeaver@48524010 o.a.w.b.UnwovenClassFile@3cc7cf58, o.a.w.b.BcelObjectType@7fd8f21, o.a.w.t.WeavingAdaptor$WeavingClassFileProvider$1@5a564a61
14:13:22.569 [main] DEBUG org.aspectj.weaver.bcel.BcelWeaver - 14:13:22.569 main < o.a.w.b.BcelWeaver.weaveAndNotify
14:13:22.569 [main] DEBUG org.aspectj.weaver.bcel.BcelWeaver - 14:13:22.569 main < o.a.w.b.BcelWeaver.weave java.util.ArrayList(1)
14:13:22.569 [main] DEBUG o.a.weaver.tools.WeavingAdaptor - 14:13:22.569 main < o.a.w.t.WeavingAdaptor.weaveClass byte[4142]
14:13:22.569 [main] DEBUG org.aspectj.weaver.Dump - 14:13:22.569 main > o.a.w.Dump.dumpOnExit o.a.w.t.WeavingAdaptor$WeavingAdaptorMessageHolder@6a6afff2
14:13:22.569 [main] DEBUG org.aspectj.weaver.Dump - 14:13:22.569 main > o.a.w.Dump.shouldDumpOnExit o.a.w.t.WeavingAdaptor$WeavingAdaptorMessageHolder@6a6afff2
14:13:22.570 [main] DEBUG org.aspectj.weaver.Dump - 14:13:22.569 main - o.a.w.Dump.shouldDumpOnExit abort
14:13:22.570 [main] DEBUG org.aspectj.weaver.Dump - 14:13:22.570 main < o.a.w.Dump.shouldDumpOnExit false
14:13:22.570 [main] DEBUG org.aspectj.weaver.Dump - 14:13:22.570 main < o.a.w.Dump.dumpOnExit Excluded
14:13:22.570 [main] DEBUG org.aspectj.weaver.loadtime.Aj - 14:13:22.570 main < o.a.w.l.Aj.preProcess byte[4142]
14:13:22.611 [main] DEBUG org.aspectj.weaver.loadtime.Aj - 14:13:22.611 main > o.a.w.l.Aj.preProcess o.a.w.l.Aj@b9afc07 org/apache/maven/surefire/api/report/SafeThrowable, byte[1035], j.i.l.ClassLoaders$AppClassLoader@3cd1a2f1
14:13:22.611 [main] DEBUG org.aspectj.weaver.loadtime.Aj - 14:13:22.611 main - o.a.w.l.Aj.preProcess o.a.w.l.Aj@b9afc07 j.i.l.ClassLoaders$PlatformClassLoader@1ad282e0, j.i.l.ClassLoaders$AppClassLoader@3cd1a2f1
14:13:22.611 [main] DEBUG o.a.weaver.tools.WeavingAdaptor - 14:13:22.611 main > o.a.w.t.WeavingAdaptor.weaveClass o.a.w.l.ClassLoaderWeavingAdaptor@140e5a13 org/apache/maven/surefire/api/report/SafeThrowable, byte[1035]
14:13:22.612 [main] DEBUG org.aspectj.weaver.bcel.BcelWeaver - 14:13:22.611 main > o.a.w.b.BcelWeaver.weave o.a.w.b.BcelWeaver@48524010 o.a.w.t.WeavingAdaptor$WeavingClassFileProvider@3d2a164e
14:13:22.612 [main] DEBUG org.aspectj.weaver.bcel.BcelWeaver - 14:13:22.612 main > o.a.w.b.BcelWeaver.weaveAndNotify o.a.w.b.BcelWeaver@48524010 o.a.w.b.UnwovenClassFile@3725471, o.a.w.b.BcelObjectType@35216a2e, o.a.w.t.WeavingAdaptor$WeavingClassFileProvider$1@3c51dec5
14:13:22.612 [main] DEBUG org.aspectj.weaver.bcel.BcelWeaver - 14:13:22.612 main < o.a.w.b.BcelWeaver.weaveAndNotify
14:13:22.612 [main] DEBUG org.aspectj.weaver.bcel.BcelWeaver - 14:13:22.612 main < o.a.w.b.BcelWeaver.weave java.util.ArrayList(1)
14:13:22.612 [main] DEBUG o.a.weaver.tools.WeavingAdaptor - 14:13:22.612 main < o.a.w.t.WeavingAdaptor.weaveClass byte[1035]
14:13:22.612 [main] DEBUG org.aspectj.weaver.Dump - 14:13:22.612 main > o.a.w.Dump.dumpOnExit o.a.w.t.WeavingAdaptor$WeavingAdaptorMessageHolder@6a6afff2
14:13:22.612 [main] DEBUG org.aspectj.weaver.Dump - 14:13:22.612 main > o.a.w.Dump.shouldDumpOnExit o.a.w.t.WeavingAdaptor$WeavingAdaptorMessageHolder@6a6afff2
14:13:22.612 [main] DEBUG org.aspectj.weaver.Dump - 14:13:22.612 main - o.a.w.Dump.shouldDumpOnExit abort
14:13:22.612 [main] DEBUG org.aspectj.weaver.Dump - 14:13:22.612 main < o.a.w.Dump.shouldDumpOnExit false
14:13:22.612 [main] DEBUG org.aspectj.weaver.Dump - 14:13:22.612 main < o.a.w.Dump.dumpOnExit Excluded
14:13:22.612 [main] DEBUG org.aspectj.weaver.loadtime.Aj - 14:13:22.612 main < o.a.w.l.Aj.preProcess byte[1035]
14:13:22.615 [main] DEBUG org.aspectj.weaver.loadtime.Aj - 14:13:22.615 main > o.a.w.l.Aj.preProcess o.a.w.l.Aj@b9afc07 org/apache/maven/surefire/report/PojoStackTraceWriter, byte[3654], j.i.l.ClassLoaders$AppClassLoader@3cd1a2f1
14:13:22.615 [main] DEBUG org.aspectj.weaver.loadtime.Aj - 14:13:22.615 main - o.a.w.l.Aj.preProcess o.a.w.l.Aj@b9afc07 j.i.l.ClassLoaders$PlatformClassLoader@1ad282e0, j.i.l.ClassLoaders$AppClassLoader@3cd1a2f1
14:13:22.615 [main] DEBUG o.a.weaver.tools.WeavingAdaptor - 14:13:22.615 main > o.a.w.t.WeavingAdaptor.weaveClass o.a.w.l.ClassLoaderWeavingAdaptor@140e5a13 org/apache/maven/surefire/report/PojoStackTraceWriter, byte[3654]
14:13:22.615 [main] DEBUG org.aspectj.weaver.bcel.BcelWeaver - 14:13:22.615 main > o.a.w.b.BcelWeaver.weave o.a.w.b.BcelWeaver@48524010 o.a.w.t.WeavingAdaptor$WeavingClassFileProvider@71c264e5
14:13:22.616 [main] DEBUG org.aspectj.weaver.bcel.BcelWorld - 14:13:22.616 main - o.a.w.b.BcelWorld.lookupJavaClass o.a.w.l.LTWWorld@2b4a2ec7 org.apache.maven.surefire.api.report.StackTraceWriter, o.a.a.b.c.JavaClass@5c86a017
14:13:22.616 [main] DEBUG org.aspectj.weaver.bcel.BcelWeaver - 14:13:22.616 main > o.a.w.b.BcelWeaver.weaveAndNotify o.a.w.b.BcelWeaver@48524010 o.a.w.b.UnwovenClassFile@4528a871, o.a.w.b.BcelObjectType@7d6e2366, o.a.w.t.WeavingAdaptor$WeavingClassFileProvider$1@357f0cc9
14:13:22.617 [main] DEBUG org.aspectj.weaver.bcel.BcelWeaver - 14:13:22.617 main < o.a.w.b.BcelWeaver.weaveAndNotify
14:13:22.617 [main] DEBUG org.aspectj.weaver.bcel.BcelWeaver - 14:13:22.617 main < o.a.w.b.BcelWeaver.weave java.util.ArrayList(1)
14:13:22.617 [main] DEBUG o.a.weaver.tools.WeavingAdaptor - 14:13:22.617 main < o.a.w.t.WeavingAdaptor.weaveClass byte[3654]
14:13:22.617 [main] DEBUG org.aspectj.weaver.Dump - 14:13:22.617 main > o.a.w.Dump.dumpOnExit o.a.w.t.WeavingAdaptor$WeavingAdaptorMessageHolder@6a6afff2
14:13:22.617 [main] DEBUG org.aspectj.weaver.Dump - 14:13:22.617 main > o.a.w.Dump.shouldDumpOnExit o.a.w.t.WeavingAdaptor$WeavingAdaptorMessageHolder@6a6afff2
14:13:22.617 [main] DEBUG org.aspectj.weaver.Dump - 14:13:22.617 main - o.a.w.Dump.shouldDumpOnExit abort
14:13:22.617 [main] DEBUG org.aspectj.weaver.Dump - 14:13:22.617 main < o.a.w.Dump.shouldDumpOnExit false
14:13:22.617 [main] DEBUG org.aspectj.weaver.Dump - 14:13:22.617 main < o.a.w.Dump.dumpOnExit Excluded
14:13:22.617 [main] DEBUG org.aspectj.weaver.loadtime.Aj - 14:13:22.617 main < o.a.w.l.Aj.preProcess byte[3654]
14:13:22.620 [main] DEBUG org.aspectj.weaver.loadtime.Aj - 14:13:22.619 main > o.a.w.l.Aj.preProcess o.a.w.l.Aj@b9afc07 org/apache/maven/surefire/report/SmartStackTraceParser, byte[8950], j.i.l.ClassLoaders$AppClassLoader@3cd1a2f1
14:13:22.620 [main] DEBUG org.aspectj.weaver.loadtime.Aj - 14:13:22.620 main - o.a.w.l.Aj.preProcess o.a.w.l.Aj@b9afc07 j.i.l.ClassLoaders$PlatformClassLoader@1ad282e0, j.i.l.ClassLoaders$AppClassLoader@3cd1a2f1
14:13:22.620 [main] DEBUG o.a.weaver.tools.WeavingAdaptor - 14:13:22.620 main > o.a.w.t.WeavingAdaptor.weaveClass o.a.w.l.ClassLoaderWeavingAdaptor@140e5a13 org/apache/maven/surefire/report/SmartStackTraceParser, byte[8950]
14:13:22.620 [main] DEBUG org.aspectj.weaver.bcel.BcelWeaver - 14:13:22.620 main > o.a.w.b.BcelWeaver.weave o.a.w.b.BcelWeaver@48524010 o.a.w.t.WeavingAdaptor$WeavingClassFileProvider@4390b78f
14:13:22.620 [main] DEBUG org.aspectj.weaver.bcel.BcelWeaver - 14:13:22.620 main > o.a.w.b.BcelWeaver.weaveAndNotify o.a.w.b.BcelWeaver@48524010 o.a.w.b.UnwovenClassFile@230ea983, o.a.w.b.BcelObjectType@70290678, o.a.w.t.WeavingAdaptor$WeavingClassFileProvider$1@2c99419f
14:13:22.623 [main] DEBUG org.aspectj.weaver.bcel.BcelWorld - 14:13:22.623 main - o.a.w.b.BcelWorld.lookupJavaClass o.a.w.l.LTWWorld@2b4a2ec7 java.lang.StackTraceElement, o.a.a.b.c.JavaClass@1169fdfd
14:13:22.628 [main] DEBUG org.aspectj.weaver.bcel.BcelWorld - 14:13:22.628 main - o.a.w.b.BcelWorld.lookupJavaClass o.a.w.l.LTWWorld@2b4a2ec7 org.apache.maven.surefire.report.StackTraceFilter, o.a.a.b.c.JavaClass@6236beac
14:13:22.628 [main] DEBUG org.aspectj.weaver.bcel.BcelWeaver - 14:13:22.628 main < o.a.w.b.BcelWeaver.weaveAndNotify
14:13:22.628 [main] DEBUG org.aspectj.weaver.bcel.BcelWeaver - 14:13:22.628 main < o.a.w.b.BcelWeaver.weave java.util.ArrayList(1)
14:13:22.628 [main] DEBUG o.a.weaver.tools.WeavingAdaptor - 14:13:22.628 main < o.a.w.t.WeavingAdaptor.weaveClass byte[8950]
14:13:22.628 [main] DEBUG org.aspectj.weaver.Dump - 14:13:22.628 main > o.a.w.Dump.dumpOnExit o.a.w.t.WeavingAdaptor$WeavingAdaptorMessageHolder@6a6afff2
14:13:22.628 [main] DEBUG org.aspectj.weaver.Dump - 14:13:22.628 main > o.a.w.Dump.shouldDumpOnExit o.a.w.t.WeavingAdaptor$WeavingAdaptorMessageHolder@6a6afff2
14:13:22.628 [main] DEBUG org.aspectj.weaver.Dump - 14:13:22.628 main - o.a.w.Dump.shouldDumpOnExit abort
14:13:22.628 [main] DEBUG org.aspectj.weaver.Dump - 14:13:22.628 main < o.a.w.Dump.shouldDumpOnExit false
14:13:22.628 [main] DEBUG org.aspectj.weaver.Dump - 14:13:22.628 main < o.a.w.Dump.dumpOnExit Excluded
14:13:22.628 [main] DEBUG org.aspectj.weaver.loadtime.Aj - 14:13:22.628 main < o.a.w.l.Aj.preProcess byte[8950]
14:13:22.632 [main] DEBUG org.aspectj.weaver.loadtime.Aj - 14:13:22.632 main > o.a.w.l.Aj.preProcess o.a.w.l.Aj@b9afc07 org/apache/maven/surefire/report/StackTraceFilter, byte[199], j.i.l.ClassLoaders$AppClassLoader@3cd1a2f1
14:13:22.632 [main] DEBUG org.aspectj.weaver.loadtime.Aj - 14:13:22.632 main - o.a.w.l.Aj.preProcess o.a.w.l.Aj@b9afc07 j.i.l.ClassLoaders$PlatformClassLoader@1ad282e0, j.i.l.ClassLoaders$AppClassLoader@3cd1a2f1
14:13:22.632 [main] DEBUG o.a.weaver.tools.WeavingAdaptor - 14:13:22.632 main > o.a.w.t.WeavingAdaptor.weaveClass o.a.w.l.ClassLoaderWeavingAdaptor@140e5a13 org/apache/maven/surefire/report/StackTraceFilter, byte[199]
14:13:22.632 [main] DEBUG org.aspectj.weaver.bcel.BcelWeaver - 14:13:22.632 main > o.a.w.b.BcelWeaver.weave o.a.w.b.BcelWeaver@48524010 o.a.w.t.WeavingAdaptor$WeavingClassFileProvider@3c72c488
14:13:22.632 [main] DEBUG org.aspectj.weaver.bcel.BcelWeaver - 14:13:22.632 main > o.a.w.b.BcelWeaver.weaveAndNotify o.a.w.b.BcelWeaver@48524010 o.a.w.b.UnwovenClassFile@290ebbbe, o.a.w.b.BcelObjectType@7ae2f5b6, o.a.w.t.WeavingAdaptor$WeavingClassFileProvider$1@5ebd3708
14:13:22.632 [main] DEBUG org.aspectj.weaver.bcel.BcelWeaver - 14:13:22.632 main < o.a.w.b.BcelWeaver.weaveAndNotify
14:13:22.632 [main] DEBUG org.aspectj.weaver.bcel.BcelWeaver - 14:13:22.632 main < o.a.w.b.BcelWeaver.weave java.util.ArrayList(1)
14:13:22.632 [main] DEBUG o.a.weaver.tools.WeavingAdaptor - 14:13:22.632 main < o.a.w.t.WeavingAdaptor.weaveClass byte[199]
14:13:22.633 [main] DEBUG org.aspectj.weaver.Dump - 14:13:22.632 main > o.a.w.Dump.dumpOnExit o.a.w.t.WeavingAdaptor$WeavingAdaptorMessageHolder@6a6afff2
14:13:22.633 [main] DEBUG org.aspectj.weaver.Dump - 14:13:22.633 main > o.a.w.Dump.shouldDumpOnExit o.a.w.t.WeavingAdaptor$WeavingAdaptorMessageHolder@6a6afff2
14:13:22.633 [main] DEBUG org.aspectj.weaver.Dump - 14:13:22.633 main - o.a.w.Dump.shouldDumpOnExit abort
14:13:22.633 [main] DEBUG org.aspectj.weaver.Dump - 14:13:22.633 main < o.a.w.Dump.shouldDumpOnExit false
14:13:22.633 [main] DEBUG org.aspectj.weaver.Dump - 14:13:22.633 main < o.a.w.Dump.dumpOnExit Excluded
14:13:22.633 [main] DEBUG org.aspectj.weaver.loadtime.Aj - 14:13:22.633 main < o.a.w.l.Aj.preProcess byte[199]
]]></system-out>
    <system-err><![CDATA[Starting ChromeDriver 105.0.5195.52 (412c95e518836d8a7d97250d62b29c2ae6a26a85-refs/branch-heads/5195@{#853}) on port 53550
Only local connections are allowed.
Please see https://chromedriver.chromium.org/security-considerations for suggestions on keeping ChromeDriver safe.
ChromeDriver was started successfully.
сент. 24, 2022 2:12:58 PM org.openqa.selenium.remote.ProtocolHandshake createSession
INFO: Detected upstream dialect: W3C
сент. 24, 2022 2:12:58 PM org.openqa.selenium.devtools.CdpVersionFinder findNearestMatch
WARNING: Unable to find an exact match for CDP version 105, so returning the closest version found: 104
сент. 24, 2022 2:12:58 PM org.openqa.selenium.devtools.CdpVersionFinder findNearestMatch
INFO: Found CDP implementation for version 105 of 104
]]></system-err>
  </testcase>
</testsuite>